    _           _         _
   \ |         \ |       | |                       
   | |     __  | |      _| |______                
   | |     \/  | |     /_   ______\                
   | |      _  | |   __  | |  ___   ___   ___       
   | |___  | | | |  / .\ | | / , | |   \ / ·_\    
   \_____\ |_| |__\ \__/ |_| \___) |_|_| \___\  
[39mL i l o t a n e  version rls-glucose4
by Dominik Schreiber <dominik.schreiber@kit.edu> 2020-2021
using SAT solver glucose4

0.014 Parser finished.
0.014 Structures extracted.
0.015 28 operators and 21 methods created.
0.032 Mined 76 new reduction preconditions (+262.1%).
0.032 Iteration 0.
0.032 Creating initial layer of size 2
0.066 Attempting to solve formula with 5 clauses (6 literals) and 1 assumptions
0.066 Unsolvable at layer 0 -- expanding.
0.066 Iteration 1.
0.066 New layer size: 2
0.066 Instantiating ...
0.096 Collected 1 relevant facts at this layer
0.096 Encoding ...
0.099 Attempting to solve formula with 10 clauses (15 literals) and 1 assumptions
0.100 Unsolvable at layer 1 -- expanding.
0.100 Iteration 2.
0.100 New layer size: 3
0.100 Instantiating ...
0.157 Collected 1 relevant facts at this layer
0.157 Encoding ...
0.162 Attempting to solve formula with 1315 clauses (3771 literals) and 2 assumptions
0.162 Unsolvable at layer 2 -- expanding.
0.162 Iteration 3.
0.163 New layer size: 4
0.163 Instantiating ...
0.207 Retroactively prune action (__SURROGATE*c2*connect_2* Q_2,0_Port:0_a6f56e0f048fb38b Q_2,0_Port:1_a6f56e0f048fb38b Q_3,0_PlugType:0_16e2b0a574dd964f female in male out) due to impossible effect (isOccupied Q_2,0_Port:0_a6f56e0f048fb38b)
0.245 Retroactively prune action (__SURROGATE*c6*connect_6* Q_2,0_Port:0_a6f56e0f048fb38b Q_2,0_Port:1_a6f56e0f048fb38b Q_3,0_PlugType:0_16e2b0a574dd964f female in male out) due to impossible effect (isOccupied Q_2,0_Port:1_a6f56e0f048fb38b)
0.255 Retroactively prune action (__SURROGATE*c1*connect_1* Q_2,0_Port:0_a6f56e0f048fb38b Q_2,0_Port:1_a6f56e0f048fb38b Q_3,0_PlugType:0_16e2b0a574dd964f female in male out) due to impossible effect (isOccupied Q_2,0_Port:0_a6f56e0f048fb38b)
0.265 Retroactively prune action (__SURROGATE*c5*connect_5* Q_2,0_Port:0_a6f56e0f048fb38b Q_2,0_Port:1_a6f56e0f048fb38b Q_3,0_PlugType:0_16e2b0a574dd964f female in male out) due to impossible effect (isOccupied Q_2,0_Port:1_a6f56e0f048fb38b)
0.367 Collected 6482 relevant facts at this layer
0.367 Encoding ...
0.542 Attempting to solve formula with 107441 clauses (400707 literals) and 2 assumptions
0.545 Unsolvable at layer 3 -- expanding.
0.545 Iteration 4.
0.545 New layer size: 5
0.545 Instantiating ...
0.642 Retroactively prune action (__SURROGATE*c5*connect_5* Q_3,1_Port:0_a6f56e0f048fb38b Q_3,1_Port:1_a6f56e0f048fb38b Q_4,1_PlugType:0_16e2b0a574dd964f female in male out) due to impossible effect (isOccupied Q_3,1_Port:1_a6f56e0f048fb38b)
0.662 Retroactively prune action (__SURROGATE*c1*connect_1* Q_3,1_Port:0_a6f56e0f048fb38b Q_3,1_Port:1_a6f56e0f048fb38b Q_4,1_PlugType:0_16e2b0a574dd964f female in male out) due to impossible effect (isOccupied Q_3,1_Port:0_a6f56e0f048fb38b)
0.670 Retroactively prune action (__SURROGATE*c2*connect_2* Q_3,1_Port:0_a6f56e0f048fb38b Q_3,1_Port:1_a6f56e0f048fb38b Q_4,1_PlugType:0_16e2b0a574dd964f female in male out) due to impossible effect (isOccupied Q_3,1_Port:0_a6f56e0f048fb38b)
0.671 Retroactively prune action (__SURROGATE*c6*connect_6* Q_3,1_Port:0_a6f56e0f048fb38b Q_3,1_Port:1_a6f56e0f048fb38b Q_4,1_PlugType:0_16e2b0a574dd964f female in male out) due to impossible effect (isOccupied Q_3,1_Port:1_a6f56e0f048fb38b)
0.828 Collected 6482 relevant facts at this layer
0.828 Encoding ...
1.058 Attempting to solve formula with 258095 clauses (993165 literals) and 2 assumptions
1.074 Unsolvable at layer 4 -- expanding.
1.074 Iteration 5.
1.074 New layer size: 6
1.074 Instantiating ...
1.251 Retroactively prune action (__SURROGATE*c1*connect_1* Q_4,2_Port:0_a6f56e0f048fb38b Q_4,2_Port:1_a6f56e0f048fb38b Q_5,2_PlugType:0_16e2b0a574dd964f female in male out) due to impossible effect (isOccupied Q_4,2_Port:0_a6f56e0f048fb38b)
1.260 Retroactively prune action (__SURROGATE*c2*connect_2* Q_4,2_Port:0_a6f56e0f048fb38b Q_4,2_Port:1_a6f56e0f048fb38b Q_5,2_PlugType:0_16e2b0a574dd964f female in male out) due to impossible effect (isOccupied Q_4,2_Port:0_a6f56e0f048fb38b)
1.270 Retroactively prune action (__SURROGATE*c5*connect_5* Q_4,2_Port:0_a6f56e0f048fb38b Q_4,2_Port:1_a6f56e0f048fb38b Q_5,2_PlugType:0_16e2b0a574dd964f female in male out) due to impossible effect (isOccupied Q_4,2_Port:1_a6f56e0f048fb38b)
1.331 Retroactively prune action (__SURROGATE*c6*connect_6* Q_4,2_Port:0_a6f56e0f048fb38b Q_4,2_Port:1_a6f56e0f048fb38b Q_5,2_PlugType:0_16e2b0a574dd964f female in male out) due to impossible effect (isOccupied Q_4,2_Port:1_a6f56e0f048fb38b)
1.507 Collected 6482 relevant facts at this layer
1.507 Encoding ...
1.813 Attempting to solve formula with 424264 clauses (1657903 literals) and 3 assumptions
1.824 Unsolvable at layer 5 -- expanding.
1.824 Iteration 6.
1.824 New layer size: 7
1.824 Instantiating ...
2.182 Retroactively prune action (__SURROGATE*c1*connect_1* Q_5,3_Port:0_a6f56e0f048fb38b Q_5,3_Port:1_a6f56e0f048fb38b Q_6,3_PlugType:0_16e2b0a574dd964f female in male out) due to impossible effect (isOccupied Q_5,3_Port:0_a6f56e0f048fb38b)
2.215 Retroactively prune action (__SURROGATE*c2*connect_2* Q_5,3_Port:0_a6f56e0f048fb38b Q_5,3_Port:1_a6f56e0f048fb38b Q_6,3_PlugType:0_16e2b0a574dd964f female in male out) due to impossible effect (isOccupied Q_5,3_Port:0_a6f56e0f048fb38b)
2.263 Retroactively prune action (__SURROGATE*c5*connect_5* Q_5,3_Port:0_a6f56e0f048fb38b Q_5,3_Port:1_a6f56e0f048fb38b Q_6,3_PlugType:0_16e2b0a574dd964f female in male out) due to impossible effect (isOccupied Q_5,3_Port:1_a6f56e0f048fb38b)
2.274 Retroactively prune action (__SURROGATE*c6*connect_6* Q_5,3_Port:0_a6f56e0f048fb38b Q_5,3_Port:1_a6f56e0f048fb38b Q_6,3_PlugType:0_16e2b0a574dd964f female in male out) due to impossible effect (isOccupied Q_5,3_Port:1_a6f56e0f048fb38b)
2.445 Collected 6482 relevant facts at this layer
2.445 Encoding ...
2.897 Attempting to solve formula with 672769 clauses (2687714 literals) and 4 assumptions
3.003 Unsolvable at layer 6 -- expanding.
3.003 Iteration 7.
3.003 New layer size: 8
3.003 Instantiating ...
3.504 Retroactively prune action (__SURROGATE*c1*connect_1* Q_6,4_Port:0_a6f56e0f048fb38b Q_6,4_Port:1_a6f56e0f048fb38b Q_7,4_PlugType:0_16e2b0a574dd964f female in male out) due to impossible effect (isOccupied Q_6,4_Port:0_a6f56e0f048fb38b)
3.521 Retroactively prune action (__SURROGATE*c5*connect_5* Q_6,4_Port:0_a6f56e0f048fb38b Q_6,4_Port:1_a6f56e0f048fb38b Q_7,4_PlugType:0_16e2b0a574dd964f female in male out) due to impossible effect (isOccupied Q_6,4_Port:1_a6f56e0f048fb38b)
3.542 Retroactively prune action (__SURROGATE*c6*connect_6* Q_6,4_Port:0_a6f56e0f048fb38b Q_6,4_Port:1_a6f56e0f048fb38b Q_7,4_PlugType:0_16e2b0a574dd964f female in male out) due to impossible effect (isOccupied Q_6,4_Port:1_a6f56e0f048fb38b)
3.553 Retroactively prune action (__SURROGATE*c2*connect_2* Q_6,4_Port:0_a6f56e0f048fb38b Q_6,4_Port:1_a6f56e0f048fb38b Q_7,4_PlugType:0_16e2b0a574dd964f female in male out) due to impossible effect (isOccupied Q_6,4_Port:0_a6f56e0f048fb38b)
3.739 Collected 6482 relevant facts at this layer
3.739 Encoding ...
4.324 Attempting to solve formula with 1004492 clauses (4094847 literals) and 5 assumptions
5.022 Unsolvable at layer 7 -- expanding.
5.022 Iteration 8.
5.022 New layer size: 9
5.022 Instantiating ...
5.574 Retroactively prune action (__SURROGATE*c2*connect_2* Q_7,5_Port:0_a6f56e0f048fb38b Q_7,5_Port:1_a6f56e0f048fb38b Q_8,5_PlugType:0_16e2b0a574dd964f female in male out) due to impossible effect (isOccupied Q_7,5_Port:0_a6f56e0f048fb38b)
5.611 Retroactively prune action (__SURROGATE*c1*connect_1* Q_7,5_Port:0_a6f56e0f048fb38b Q_7,5_Port:1_a6f56e0f048fb38b Q_8,5_PlugType:0_16e2b0a574dd964f female in male out) due to impossible effect (isOccupied Q_7,5_Port:0_a6f56e0f048fb38b)
5.634 Retroactively prune action (__SURROGATE*c6*connect_6* Q_7,5_Port:0_a6f56e0f048fb38b Q_7,5_Port:1_a6f56e0f048fb38b Q_8,5_PlugType:0_16e2b0a574dd964f female in male out) due to impossible effect (isOccupied Q_7,5_Port:1_a6f56e0f048fb38b)
5.673 Retroactively prune action (__SURROGATE*c5*connect_5* Q_7,5_Port:0_a6f56e0f048fb38b Q_7,5_Port:1_a6f56e0f048fb38b Q_8,5_PlugType:0_16e2b0a574dd964f female in male out) due to impossible effect (isOccupied Q_7,5_Port:1_a6f56e0f048fb38b)
5.843 Collected 6482 relevant facts at this layer
5.843 Encoding ...
6.638 Attempting to solve formula with 1391684 clauses (5741269 literals) and 6 assumptions
10.186 Unsolvable at layer 8 -- expanding.
10.186 Iteration 9.
10.186 New layer size: 10
10.186 Instantiating ...
10.998 Retroactively prune action (__SURROGATE*c5*connect_5* Q_8,6_Port:0_a6f56e0f048fb38b Q_8,6_Port:1_a6f56e0f048fb38b Q_9,6_PlugType:0_16e2b0a574dd964f female in male out) due to impossible effect (isOccupied Q_8,6_Port:1_a6f56e0f048fb38b)
11.009 Retroactively prune action (__SURROGATE*c1*connect_1* Q_8,6_Port:0_a6f56e0f048fb38b Q_8,6_Port:1_a6f56e0f048fb38b Q_9,6_PlugType:0_16e2b0a574dd964f female in male out) due to impossible effect (isOccupied Q_8,6_Port:0_a6f56e0f048fb38b)
11.040 Retroactively prune action (__SURROGATE*c2*connect_2* Q_8,6_Port:0_a6f56e0f048fb38b Q_8,6_Port:1_a6f56e0f048fb38b Q_9,6_PlugType:0_16e2b0a574dd964f female in male out) due to impossible effect (isOccupied Q_8,6_Port:0_a6f56e0f048fb38b)
11.106 Retroactively prune action (__SURROGATE*c6*connect_6* Q_8,6_Port:0_a6f56e0f048fb38b Q_8,6_Port:1_a6f56e0f048fb38b Q_9,6_PlugType:0_16e2b0a574dd964f female in male out) due to impossible effect (isOccupied Q_8,6_Port:1_a6f56e0f048fb38b)
11.274 Collected 6482 relevant facts at this layer
11.274 Encoding ...
12.102 Attempting to solve formula with 1861125 clauses (7760154 literals) and 7 assumptions
19.288 Unsolvable at layer 9 -- expanding.
19.288 Iteration 10.
19.288 New layer size: 11
19.288 Instantiating ...
20.269 Retroactively prune action (__SURROGATE*c2*connect_2* Q_9,7_Port:0_a6f56e0f048fb38b Q_9,7_Port:1_a6f56e0f048fb38b Q_10,7_PlugType:0_16e2b0a574dd964f female in male out) due to impossible effect (isOccupied Q_9,7_Port:0_a6f56e0f048fb38b)
20.311 Retroactively prune action (__SURROGATE*c5*connect_5* Q_9,7_Port:0_a6f56e0f048fb38b Q_9,7_Port:1_a6f56e0f048fb38b Q_10,7_PlugType:0_16e2b0a574dd964f female in male out) due to impossible effect (isOccupied Q_9,7_Port:1_a6f56e0f048fb38b)
20.337 Retroactively prune action (__SURROGATE*c1*connect_1* Q_9,7_Port:0_a6f56e0f048fb38b Q_9,7_Port:1_a6f56e0f048fb38b Q_10,7_PlugType:0_16e2b0a574dd964f female in male out) due to impossible effect (isOccupied Q_9,7_Port:0_a6f56e0f048fb38b)
20.337 Retroactively prune action (__SURROGATE*c6*connect_6* Q_9,7_Port:0_a6f56e0f048fb38b Q_9,7_Port:1_a6f56e0f048fb38b Q_10,7_PlugType:0_16e2b0a574dd964f female in male out) due to impossible effect (isOccupied Q_9,7_Port:1_a6f56e0f048fb38b)
20.511 Collected 6482 relevant facts at this layer
20.511 Encoding ...
21.462 Attempting to solve formula with 2442352 clauses (10293843 literals) and 8 assumptions
40.606 Unsolvable at layer 10 -- expanding.
40.606 Iteration 11.
40.606 New layer size: 12
40.606 Instantiating ...
41.755 Retroactively prune action (__SURROGATE*c5*connect_5* Q_10,8_Port:0_a6f56e0f048fb38b Q_10,8_Port:1_a6f56e0f048fb38b Q_11,8_PlugType:0_16e2b0a574dd964f female in male out) due to impossible effect (isOccupied Q_10,8_Port:1_a6f56e0f048fb38b)
41.764 Retroactively prune action (__SURROGATE*c2*connect_2* Q_10,8_Port:0_a6f56e0f048fb38b Q_10,8_Port:1_a6f56e0f048fb38b Q_11,8_PlugType:0_16e2b0a574dd964f female in male out) due to impossible effect (isOccupied Q_10,8_Port:0_a6f56e0f048fb38b)
41.839 Retroactively prune action (__SURROGATE*c1*connect_1* Q_10,8_Port:0_a6f56e0f048fb38b Q_10,8_Port:1_a6f56e0f048fb38b Q_11,8_PlugType:0_16e2b0a574dd964f female in male out) due to impossible effect (isOccupied Q_10,8_Port:0_a6f56e0f048fb38b)
41.859 Retroactively prune action (__SURROGATE*c6*connect_6* Q_10,8_Port:0_a6f56e0f048fb38b Q_10,8_Port:1_a6f56e0f048fb38b Q_11,8_PlugType:0_16e2b0a574dd964f female in male out) due to impossible effect (isOccupied Q_10,8_Port:1_a6f56e0f048fb38b)
42.027 Collected 6482 relevant facts at this layer
42.027 Encoding ...
43.018 Attempting to solve formula with 3046285 clauses (12898761 literals) and 9 assumptions
104.598 Unsolvable at layer 11 -- expanding.
104.598 Iteration 12.
104.598 New layer size: 13
104.598 Instantiating ...
105.952 Retroactively prune action (__SURROGATE*c2*connect_2* Q_11,9_Port:0_a6f56e0f048fb38b Q_11,9_Port:1_a6f56e0f048fb38b Q_12,9_PlugType:0_16e2b0a574dd964f female in male out) due to impossible effect (isOccupied Q_11,9_Port:0_a6f56e0f048fb38b)
105.952 Retroactively prune action (__SURROGATE*c1*connect_1* Q_11,9_Port:0_a6f56e0f048fb38b Q_11,9_Port:1_a6f56e0f048fb38b Q_12,9_PlugType:0_16e2b0a574dd964f female in male out) due to impossible effect (isOccupied Q_11,9_Port:0_a6f56e0f048fb38b)
105.961 Retroactively prune action (__SURROGATE*c6*connect_6* Q_11,9_Port:0_a6f56e0f048fb38b Q_11,9_Port:1_a6f56e0f048fb38b Q_12,9_PlugType:0_16e2b0a574dd964f female in male out) due to impossible effect (isOccupied Q_11,9_Port:1_a6f56e0f048fb38b)
105.961 Retroactively prune action (__SURROGATE*c5*connect_5* Q_11,9_Port:0_a6f56e0f048fb38b Q_11,9_Port:1_a6f56e0f048fb38b Q_12,9_PlugType:0_16e2b0a574dd964f female in male out) due to impossible effect (isOccupied Q_11,9_Port:1_a6f56e0f048fb38b)
106.131 Collected 6482 relevant facts at this layer
106.131 Encoding ...
107.279 Attempting to solve formula with 3750266 clauses (15965655 literals) and 10 assumptions
234.819 Unsolvable at layer 12 -- expanding.
234.819 Iteration 13.
234.819 New layer size: 14
234.819 Instantiating ...
236.281 Retroactively prune action (__SURROGATE*c2*connect_2* Q_12,10_Port:0_a6f56e0f048fb38b Q_12,10_Port:1_a6f56e0f048fb38b Q_13,10_PlugType:0_16e2b0a574dd964f female in male out) due to impossible effect (isOccupied Q_12,10_Port:0_a6f56e0f048fb38b)
236.281 Retroactively prune action (__SURROGATE*c6*connect_6* Q_12,10_Port:0_a6f56e0f048fb38b Q_12,10_Port:1_a6f56e0f048fb38b Q_13,10_PlugType:0_16e2b0a574dd964f female in male out) due to impossible effect (isOccupied Q_12,10_Port:1_a6f56e0f048fb38b)
236.281 Retroactively prune action (__SURROGATE*c5*connect_5* Q_12,10_Port:0_a6f56e0f048fb38b Q_12,10_Port:1_a6f56e0f048fb38b Q_13,10_PlugType:0_16e2b0a574dd964f female in male out) due to impossible effect (isOccupied Q_12,10_Port:1_a6f56e0f048fb38b)
236.290 Retroactively prune action (__SURROGATE*c1*connect_1* Q_12,10_Port:0_a6f56e0f048fb38b Q_12,10_Port:1_a6f56e0f048fb38b Q_13,10_PlugType:0_16e2b0a574dd964f female in male out) due to impossible effect (isOccupied Q_12,10_Port:0_a6f56e0f048fb38b)
236.519 Collected 6482 relevant facts at this layer
236.519 Encoding ...
237.750 Attempting to solve formula with 4507176 clauses (19255447 literals) and 11 assumptions
303.509 Unsolvable at layer 13 -- expanding.
303.509 Iteration 14.
303.509 New layer size: 15
303.509 Instantiating ...
305.221 Retroactively prune action (__SURROGATE*c6*connect_6* Q_13,11_Port:0_a6f56e0f048fb38b Q_13,11_Port:1_a6f56e0f048fb38b Q_14,11_PlugType:0_16e2b0a574dd964f female in male out) due to impossible effect (isOccupied Q_13,11_Port:1_a6f56e0f048fb38b)
305.239 Retroactively prune action (__SURROGATE*c1*connect_1* Q_13,11_Port:0_a6f56e0f048fb38b Q_13,11_Port:1_a6f56e0f048fb38b Q_14,11_PlugType:0_16e2b0a574dd964f female in male out) due to impossible effect (isOccupied Q_13,11_Port:0_a6f56e0f048fb38b)
305.268 Retroactively prune action (__SURROGATE*c2*connect_2* Q_13,11_Port:0_a6f56e0f048fb38b Q_13,11_Port:1_a6f56e0f048fb38b Q_14,11_PlugType:0_16e2b0a574dd964f female in male out) due to impossible effect (isOccupied Q_13,11_Port:0_a6f56e0f048fb38b)
305.286 Retroactively prune action (__SURROGATE*c5*connect_5* Q_13,11_Port:0_a6f56e0f048fb38b Q_13,11_Port:1_a6f56e0f048fb38b Q_14,11_PlugType:0_16e2b0a574dd964f female in male out) due to impossible effect (isOccupied Q_13,11_Port:1_a6f56e0f048fb38b)
305.485 Collected 6482 relevant facts at this layer
305.485 Encoding ...
306.841 Attempting to solve formula with 5342348 clauses (22894736 literals) and 12 assumptions
366.962 Unsolvable at layer 14 -- expanding.
366.963 Iteration 15.
366.963 New layer size: 16
366.963 Instantiating ...
368.748 Retroactively prune action (__SURROGATE*c6*connect_6* Q_14,12_Port:0_a6f56e0f048fb38b Q_14,12_Port:1_a6f56e0f048fb38b Q_15,12_PlugType:0_16e2b0a574dd964f female in male out) due to impossible effect (isOccupied Q_14,12_Port:1_a6f56e0f048fb38b)
368.777 Retroactively prune action (__SURROGATE*c1*connect_1* Q_14,12_Port:0_a6f56e0f048fb38b Q_14,12_Port:1_a6f56e0f048fb38b Q_15,12_Pl
RUNWATCH_RESULT TIMEOUT RETVAL 9 TIME_SECS 1805.1 MEMPEAK_KBS 1547368
