    _           _         _
   \ |         \ |       | |                       
   | |     __  | |      _| |______                
   | |     \/  | |     /_   ______\                
   | |      _  | |   __  | |  ___   ___   ___       
   | |___  | | | |  / .\ | | / , | |   \ / ·_\    
   \_____\ |_| |__\ \__/ |_| \___) |_|_| \___\  
[39mL i l o t a n e  version rls-glucose4
by Dominik Schreiber <dominik.schreiber@kit.edu> 2020-2021
using SAT solver glucose4

0.004 Parser finished.
0.004 Structures extracted.
0.004 20 operators and 16 methods created.
0.054 Mined 11 new reduction preconditions (+27.5%).
0.054 Iteration 0.
0.054 Creating initial layer of size 2
0.062 Attempting to solve formula with 27 clauses (39 literals) and 1 assumptions
0.062 Unsolvable at layer 0 -- expanding.
0.062 Iteration 1.
0.062 New layer size: 2
0.062 Instantiating ...
0.097 Collected 12 relevant facts at this layer
0.097 Encoding ...
0.097 Attempting to solve formula with 103 clauses (219 literals) and 1 assumptions
0.097 Unsolvable at layer 1 -- expanding.
0.097 Iteration 2.
0.097 New layer size: 3
0.097 Instantiating ...
0.287 Collected 37 relevant facts at this layer
0.287 Encoding ...
0.287 Attempting to solve formula with 840 clauses (2040 literals) and 1 assumptions
0.287 Unsolvable at layer 2 -- expanding.
0.287 Iteration 3.
0.287 New layer size: 6
0.287 Instantiating ...
0.566 Collected 151 relevant facts at this layer
0.566 Encoding ...
0.569 Attempting to solve formula with 3860 clauses (10590 literals) and 2 assumptions
0.569 Unsolvable at layer 3 -- expanding.
0.569 Iteration 4.
0.569 New layer size: 10
0.569 Instantiating ...
1.026 Collected 151 relevant facts at this layer
1.026 Encoding ...
1.030 Attempting to solve formula with 9005 clauses (25785 literals) and 3 assumptions
1.031 Unsolvable at layer 4 -- expanding.
1.031 Iteration 5.
1.031 New layer size: 17
1.031 Instantiating ...
1.767 Collected 151 relevant facts at this layer
1.767 Encoding ...
1.775 Attempting to solve formula with 18025 clauses (52765 literals) and 5 assumptions
1.776 Unsolvable at layer 5 -- expanding.
1.776 Iteration 6.
1.776 New layer size: 28
1.776 Instantiating ...
2.983 Collected 151 relevant facts at this layer
2.983 Encoding ...
2.999 Attempting to solve formula with 32959 clauses (97635 literals) and 8 assumptions
2.999 Unsolvable at layer 6 -- expanding.
2.999 Iteration 7.
2.999 New layer size: 46
2.999 Instantiating ...
4.929 Collected 151 relevant facts at this layer
4.929 Encoding ...
4.955 Attempting to solve formula with 57646 clauses (172074 literals) and 13 assumptions
4.957 Unsolvable at layer 7 -- expanding.
4.957 Iteration 8.
4.957 New layer size: 75
4.957 Instantiating ...
8.112 Collected 151 relevant facts at this layer
8.112 Encoding ...
8.167 Attempting to solve formula with 97999 clauses (293969 literals) and 21 assumptions
8.171 Unsolvable at layer 8 -- expanding.
8.171 Iteration 9.
8.171 New layer size: 122
8.171 Instantiating ...
13.259 Collected 151 relevant facts at this layer
13.259 Encoding ...
13.350 Attempting to solve formula with 163771 clauses (492889 literals) and 34 assumptions
13.362 Unsolvable at layer 9 -- expanding.
13.362 Iteration 10.
13.362 New layer size: 198
13.362 Instantiating ...
21.576 Collected 151 relevant facts at this layer
21.576 Encoding ...
21.744 Attempting to solve formula with 270628 clauses (816290 literals) and 55 assumptions
21.762 Unsolvable at layer 10 -- expanding.
21.762 Iteration 11.
21.762 New layer size: 321
21.762 Instantiating ...
35.071 Collected 151 relevant facts at this layer
35.071 Encoding ...
35.303 Attempting to solve formula with 443989 clauses (1341197 literals) and 89 assumptions
35.343 Unsolvable at layer 11 -- expanding.
35.343 Iteration 12.
35.343 New layer size: 520
35.343 Instantiating ...
56.943 Collected 151 relevant facts at this layer
56.943 Encoding ...
57.336 Attempting to solve formula with 724939 clauses (2192091 literals) and 144 assumptions
57.463 Unsolvable at layer 12 -- expanding.
57.463 Iteration 13.
57.463 New layer size: 842
57.463 Instantiating ...
92.380 Collected 151 relevant facts at this layer
92.380 Encoding ...
92.992 Attempting to solve formula with 1179982 clauses (3570478 literals) and 233 assumptions
93.178 Unsolvable at layer 13 -- expanding.
93.178 Iteration 14.
93.178 New layer size: 1363
93.178 Instantiating ...
149.550 Collected 151 relevant facts at this layer
149.550 Encoding ...
150.494 Attempting to solve formula with 1916707 clauses (5802345 literals) and 377 assumptions
151.139 Unsolvable at layer 14 -- expanding.
151.139 Iteration 15.
151.139 New layer size: 2206
151.139 Instantiating ...
242.946 Collected 151 relevant facts at this layer
242.946 Encoding ...
244.421 Attempting to solve formula with 3109207 clauses (9415185 literals) and 610 assumptions
246.613 Unsolvable at layer 15 -- expanding.
246.613 Iteration 16.
246.616 New layer size: 3570
246.616 Instantiating ...
395.012 Collected 151 relevant facts at this layer
395.012 Encoding ...
397.730 Attempting to solve formula with 5039164 clauses (15262478 literals) and 987 assumptions
401.485 Unsolvable at layer 16 -- expanding.
401.485 Iteration 17.
401.490 New layer size: 5777
401.490 Instantiating ...
642.171 Collected 151 relevant facts at this layer
642.171 Encoding ...
646.772 Attempting to solve formula with 8162353 clauses (24725197 literals) and 1597 assumptions
655.408 Unsolvable at layer 17 -- expanding.
655.408 Iteration 18.
655.417 New layer size: 9348
655.417 Instantiating ...
1047.787 Collected 151 relevant facts at this layer
1047.787 Encoding ...
1055.711 Attempting to solve formula with 13216231 clauses (40037795 literals) and 2584 assumptions
1085.243 Unsolvable at layer 18 -- expanding.
1085.243 Iteration 19.
1085.258 New layer size: 15126
1085.258 Instantiating ...
1720.488 Collected 151 relevant facts at this layer
1720.488 Encoding ...
1733.449 Attempting to solve formula with 21394030 clauses (64815698 literals) and 4181 assumptions
1787.642 Unsolvable at layer 19 -- expanding.
1787.642 Iteration 20.
1787.666 New layer size: 24475
1787.666 Instantiating ...
1800.049 Termination signal caught.
1800.049 Total amount of clauses encoded: 21394030
1800.049 - directframeaxioms : 6387534 cls
1800.049 - reductionconstraints : 5148593 cls
1800.049 - qfactsemantics : 4286600 cls
1800.049 - indirectframeaxioms : 3177646 cls
1800.049 - atmostoneelement : 736218 cls
1800.049 - actionconstraints : 393982 cls
1800.049 - qconstequality : 328590 cls
1800.049 - expansions : 284372 cls
1800.049 - substitutionconstraints : 275827 cls
1800.049 - predecessors : 239992 cls
1800.049 - actioneffects : 134523 cls
1800.049 - truefacts : 151 cls
1800.049 - axiomaticops : 2 cls
1800.049 # instantiated positions: 39852
1800.049 # instantiated actions: 166154
1800.049 # instantiated reductions: 75509
1800.049 # introduced pseudo-constants: 28887
1800.049 # retroactive prunings: 0
1800.049 # retroactively pruned operations: 0
1800.049 # dominated operations: 16
1800.049 # total invalid rigid preconditions found in getPFC: 0
1800.049 # invalid rigid preconditions found in getPFC: 0
1800.049 # invalid rigid preconditions found in getPFC in varrestrictions: 0
1800.049 # total invalid fluent preconditions found in getPFC: 20
1800.049 # invalid fluent preconditions found in getPFC: 20
1800.049 # invalid fluent preconditions found in getPFC in varrestrictions: 0
1800.049 # invalid fluent preconditions found in getPFC via postconditions: 0
1800.049 # invalid subtasks found in getPFC: 0
1800.049 # number effects in operation fact_frames: 224
1800.049 Exiting happily.

RUNWATCH_RESULT TIMEOUT RETVAL 0 TIME_SECS 1800.49 MEMPEAK_KBS 6104924
