    _           _         _
   \ |         \ |       | |                       
   | |     __  | |      _| |______                
   | |     \/  | |     /_   ______\                
   | |      _  | |   __  | |  ___   ___   ___       
   | |___  | | | |  / .\ | | / , | |   \ / ·_\    
   \_____\ |_| |__\ \__/ |_| \___) |_|_| \___\  
[39mL i l o t a n e  version rls-glucose4
by Dominik Schreiber <dominik.schreiber@kit.edu> 2020-2021
using SAT solver glucose4

0.019 Parser finished.
0.020 Structures extracted.
0.021 72 operators and 56 methods created.
0.042 Mined 27 new reduction preconditions (+39.7%).
0.042 Iteration 0.
0.042 Creating initial layer of size 2
0.061 Attempting to solve formula with 3 clauses (3 literals) and 1 assumptions
0.061 Unsolvable at layer 0 -- expanding.
0.061 Iteration 1.
0.061 New layer size: 33
0.061 Instantiating ...
0.383 Collected 93 relevant facts at this layer
0.384 Encoding ...
0.425 Attempting to solve formula with 6394 clauses (18581 literals) and 32 assumptions
0.425 Unsolvable at layer 1 -- expanding.
0.425 Iteration 2.
0.425 New layer size: 65
0.425 Instantiating ...
1.158 Collected 745 relevant facts at this layer
1.158 Encoding ...
1.245 Attempting to solve formula with 75351 clauses (204204 literals) and 32 assumptions
1.245 Unsolvable at layer 2 -- expanding.
1.245 Iteration 3.
1.245 New layer size: 97
1.245 Instantiating ...
2.562 Collected 1194 relevant facts at this layer
2.562 Encoding ...
2.703 Attempting to solve formula with 146913 clauses (398906 literals) and 64 assumptions
2.703 Unsolvable at layer 3 -- expanding.
2.703 Iteration 4.
2.703 New layer size: 129
2.703 Instantiating ...
2.707 Retroactively prune reduction (_splitting_method_DO-AT-LOAD-AIRPLANE0_splitted_2 OBJ13 Q_3,0_AIRPLANE:0_5f437ea4239b5eb4 POS1)@(3,0): no children at offset 0
2.713 Retroactively prune reduction (M15-ACHIEVE-AT0 Q_3,1_AIRPLANE:0_5f437ea4239b5eb4 OBJ13 APT9)@(3,1): no children at offset 0
4.217 Collected 1215 relevant facts at this layer
4.217 Encoding ...
4.385 Attempting to solve formula with 239404 clauses (643193 literals) and 96 assumptions
4.385 Unsolvable at layer 4 -- expanding.
4.385 Iteration 5.
4.385 New layer size: 225
4.385 Instantiating ...
6.288 Collected 2790 relevant facts at this layer
6.288 Encoding ...
7.247 Attempting to solve formula with 811754 clauses (2503350 literals) and 128 assumptions
7.247 Unsolvable at layer 5 -- expanding.
7.247 Iteration 6.
7.247 New layer size: 353
7.247 Instantiating ...
9.896 Collected 2790 relevant facts at this layer
9.896 Encoding ...
11.582 Attempting to solve formula with 1820655 clauses (5882619 literals) and 160 assumptions
11.583 Unsolvable at layer 6 -- expanding.
11.583 Iteration 7.
11.583 New layer size: 513
11.583 Instantiating ...
14.930 Collected 2790 relevant facts at this layer
14.930 Encoding ...
17.562 Attempting to solve formula with 3188520 clauses (10534331 literals) and 192 assumptions
18.052 Unsolvable at layer 7 -- expanding.
18.052 Iteration 8.
18.052 New layer size: 705
18.052 Instantiating ...
22.175 Collected 2790 relevant facts at this layer
22.175 Encoding ...
25.526 Attempting to solve formula with 4899365 clauses (16441247 literals) and 224 assumptions
25.615 Unsolvable at layer 8 -- expanding.
25.615 Iteration 9.
25.615 New layer size: 929
25.615 Instantiating ...
30.646 Collected 2790 relevant facts at this layer
30.646 Encoding ...
35.086 Attempting to solve formula with 6918225 clauses (23428568 literals) and 256 assumptions
35.245 Unsolvable at layer 9 -- expanding.
35.245 Iteration 10.
35.246 New layer size: 1185
35.246 Instantiating ...
41.351 Collected 2790 relevant facts at this layer
41.351 Encoding ...
47.008 Attempting to solve formula with 9244142 clauses (31490898 literals) and 288 assumptions
172.400 Unsolvable at layer 10 -- expanding.
172.400 Iteration 11.
172.401 New layer size: 1473
172.401 Instantiating ...
180.098 Collected 2790 relevant facts at this layer
180.098 Encoding ...
186.956 Attempting to solve formula with 11877319 clauses (40627610 literals) and 320 assumptions
c
c Try to adapt solver strategies
c 
c Nothing extreme in this problem, continue with glucose default strategies.
c
1800.935 Termination signal caught.
1800.935 Total amount of clauses encoded: 11877319
1800.935 - directframeaxioms : 5004618 cls
1800.935 - qfactsemantics : 2752529 cls
1800.935 - indirectframeaxioms : 2750636 cls
1800.935 - reductionconstraints : 982185 cls
1800.935 - atmostoneelement : 139937 cls
1800.935 - actionconstraints : 61355 cls
1800.935 - qconstequality : 47223 cls
1800.935 - substitutionconstraints : 46897 cls
1800.935 - expansions : 38686 cls
1800.935 - predecessors : 37572 cls
1800.935 - actioneffects : 8911 cls
1800.935 - qtypeconstraints : 3975 cls
1800.935 - truefacts : 2790 cls
1800.935 - forbiddenoperations : 3 cls
1800.935 - axiomaticops : 2 cls
1800.935 # instantiated positions: 5708
1800.935 # instantiated actions: 28585
1800.935 # instantiated reductions: 8988
1800.935 # introduced pseudo-constants: 4871
1800.935 # retroactive prunings: 4
1800.935 # retroactively pruned operations: 5
1800.935 # dominated operations: 0
1800.935 # total invalid rigid preconditions found in getPFC: 0
1800.935 # invalid rigid preconditions found in getPFC: 0
1800.935 # invalid rigid preconditions found in getPFC in varrestrictions: 0
1800.935 # total invalid fluent preconditions found in getPFC: 83
1800.935 # invalid fluent preconditions found in getPFC: 19
1800.935 # invalid fluent preconditions found in getPFC in varrestrictions: 64
1800.935 # invalid fluent preconditions found in getPFC via postconditions: 0
1800.935 # invalid subtasks found in getPFC: 0
1800.935 # number effects in operation fact_frames: 670
1800.935 Exiting happily.

RUNWATCH_RESULT TIMEOUT RETVAL 0 TIME_SECS 1801.39 MEMPEAK_KBS 6817884
