    _           _         _
   \ |         \ |       | |                       
   | |     __  | |      _| |______                
   | |     \/  | |     /_   ______\                
   | |      _  | |   __  | |  ___   ___   ___       
   | |___  | | | |  / .\ | | / , | |   \ / ·_\    
   \_____\ |_| |__\ \__/ |_| \___) |_|_| \___\  
[39mL i l o t a n e  version rls-glucose4
by Dominik Schreiber <dominik.schreiber@kit.edu> 2020-2021
using SAT solver glucose4

0.022 Parser finished.
0.023 Structures extracted.
0.024 72 operators and 56 methods created.
0.045 Mined 27 new reduction preconditions (+39.7%).
0.045 Iteration 0.
0.045 Creating initial layer of size 2
0.069 Attempting to solve formula with 3 clauses (3 literals) and 1 assumptions
0.069 Unsolvable at layer 0 -- expanding.
0.069 Iteration 1.
0.069 New layer size: 38
0.069 Instantiating ...
0.618 Collected 108 relevant facts at this layer
0.618 Encoding ...
0.684 Attempting to solve formula with 8504 clauses (24816 literals) and 37 assumptions
0.684 Unsolvable at layer 1 -- expanding.
0.684 Iteration 2.
0.684 New layer size: 75
0.684 Instantiating ...
1.947 Collected 1009 relevant facts at this layer
1.947 Encoding ...
2.131 Attempting to solve formula with 115725 clauses (313958 literals) and 37 assumptions
2.131 Unsolvable at layer 2 -- expanding.
2.131 Iteration 3.
2.131 New layer size: 112
2.131 Instantiating ...
4.472 Collected 1639 relevant facts at this layer
4.472 Encoding ...
4.671 Attempting to solve formula with 227588 clauses (617707 literals) and 74 assumptions
4.671 Unsolvable at layer 3 -- expanding.
4.671 Iteration 4.
4.671 New layer size: 149
4.671 Instantiating ...
4.677 Retroactively prune reduction (_splitting_method_DO-AT-LOAD-AIRPLANE0_splitted_2 OBJ23 Q_3,0_AIRPLANE:0_5f5a031a9dde2c1c POS2)@(3,0): no children at offset 0
4.687 Retroactively prune reduction (M15-ACHIEVE-AT0 Q_3,1_AIRPLANE:0_5f5a031a9dde2c1c OBJ23 POS4)@(3,1): no children at offset 0
7.263 Collected 1664 relevant facts at this layer
7.263 Encoding ...
7.571 Attempting to solve formula with 371646 clauses (996370 literals) and 111 assumptions
7.571 Unsolvable at layer 4 -- expanding.
7.571 Iteration 5.
7.572 New layer size: 260
7.572 Instantiating ...
10.910 Collected 3890 relevant facts at this layer
10.910 Encoding ...
12.495 Attempting to solve formula with 1304320 clauses (4034542 literals) and 148 assumptions
12.496 Unsolvable at layer 5 -- expanding.
12.496 Iteration 6.
12.496 New layer size: 408
12.496 Instantiating ...
16.850 Collected 3890 relevant facts at this layer
16.850 Encoding ...
19.342 Attempting to solve formula with 2953345 clauses (9568155 literals) and 185 assumptions
19.344 Unsolvable at layer 6 -- expanding.
19.344 Iteration 7.
19.344 New layer size: 593
19.344 Instantiating ...
24.929 Collected 3890 relevant facts at this layer
24.929 Encoding ...
28.828 Attempting to solve formula with 5184011 clauses (17169088 literals) and 222 assumptions
38.540 Unsolvable at layer 7 -- expanding.
38.540 Iteration 8.
38.541 New layer size: 815
38.541 Instantiating ...
45.608 Collected 3890 relevant facts at this layer
45.608 Encoding ...
50.775 Attempting to solve formula with 7969949 clauses (26808988 literals) and 259 assumptions
51.085 Unsolvable at layer 8 -- expanding.
51.085 Iteration 9.
51.085 New layer size: 1074
51.085 Instantiating ...
59.442 Collected 3890 relevant facts at this layer
59.442 Encoding ...
66.265 Attempting to solve formula with 11253298 clauses (38199706 literals) and 296 assumptions
66.692 Unsolvable at layer 9 -- expanding.
66.692 Iteration 10.
66.692 New layer size: 1370
66.692 Instantiating ...
76.666 Collected 3890 relevant facts at this layer
76.666 Encoding ...
85.217 Attempting to solve formula with 15032746 clauses (51333916 literals) and 333 assumptions
85.702 Unsolvable at layer 10 -- expanding.
85.702 Iteration 11.
85.703 New layer size: 1703
85.703 Instantiating ...
97.571 Collected 3890 relevant facts at this layer
97.571 Encoding ...
108.253 Attempting to solve formula with 19308265 clauses (66209925 literals) and 370 assumptions
109.166 Unsolvable at layer 11 -- expanding.
109.166 Iteration 12.
109.167 New layer size: 2073
109.167 Instantiating ...
123.085 Collected 3890 relevant facts at this layer
123.085 Encoding ...
136.023 Attempting to solve formula with 24080633 clauses (82829277 literals) and 407 assumptions
c
c Try to adapt solver strategies
c 
c Nothing extreme in this problem, continue with glucose default strategies.
c
1801.584 Termination signal caught.
1801.584 Total amount of clauses encoded: 24080633
1801.584 - directframeaxioms : 9843256 cls
1801.584 - qfactsemantics : 5847124 cls
1801.584 - indirectframeaxioms : 5690589 cls
1801.584 - reductionconstraints : 2038071 cls
1801.584 - atmostoneelement : 214288 cls
1801.584 - actionconstraints : 128610 cls
1801.584 - qconstequality : 90480 cls
1801.584 - substitutionconstraints : 88196 cls
1801.584 - expansions : 59701 cls
1801.584 - predecessors : 57598 cls
1801.584 - actioneffects : 12970 cls
1801.584 - qtypeconstraints : 5855 cls
1801.584 - truefacts : 3890 cls
1801.584 - forbiddenoperations : 3 cls
1801.584 - axiomaticops : 2 cls
1801.584 # instantiated positions: 8671
1801.584 # instantiated actions: 44653
1801.584 # instantiated reductions: 12946
1801.584 # introduced pseudo-constants: 7112
1801.584 # retroactive prunings: 4
1801.584 # retroactively pruned operations: 5
1801.584 # dominated operations: 0
1801.584 # total invalid rigid preconditions found in getPFC: 0
1801.584 # invalid rigid preconditions found in getPFC: 0
1801.584 # invalid rigid preconditions found in getPFC in varrestrictions: 0
1801.584 # total invalid fluent preconditions found in getPFC: 93
1801.584 # invalid fluent preconditions found in getPFC: 19
1801.584 # invalid fluent preconditions found in getPFC in varrestrictions: 74
1801.584 # invalid fluent preconditions found in getPFC via postconditions: 0
1801.584 # invalid subtasks found in getPFC: 0
1801.584 # number effects in operation fact_frames: 700
1801.584 Exiting happily.

RUNWATCH_RESULT TIMEOUT RETVAL 0 TIME_SECS 1802.23 MEMPEAK_KBS 11258660
