    _           _         _
   \ |         \ |       | |                       
   | |     __  | |      _| |______                
   | |     \/  | |     /_   ______\                
   | |      _  | |   __  | |  ___   ___   ___       
   | |___  | | | |  / .\ | | / , | |   \ / ·_\    
   \_____\ |_| |__\ \__/ |_| \___) |_|_| \___\  
[39mL i l o t a n e  version rls-glucose4
by Dominik Schreiber <dominik.schreiber@kit.edu> 2020-2021
using SAT solver glucose4

0.023 Parser finished.
0.023 Structures extracted.
0.025 72 operators and 56 methods created.
0.047 Mined 27 new reduction preconditions (+39.7%).
0.047 Iteration 0.
0.047 Creating initial layer of size 2
0.072 Attempting to solve formula with 3 clauses (3 literals) and 1 assumptions
0.072 Unsolvable at layer 0 -- expanding.
0.072 Iteration 1.
0.072 New layer size: 39
0.072 Instantiating ...
0.643 Collected 109 relevant facts at this layer
0.643 Encoding ...
0.710 Attempting to solve formula with 8583 clauses (25046 literals) and 37 assumptions
0.711 Unsolvable at layer 1 -- expanding.
0.711 Iteration 2.
0.711 New layer size: 76
0.711 Instantiating ...
2.084 Collected 1010 relevant facts at this layer
2.084 Encoding ...
2.265 Attempting to solve formula with 115952 clauses (314556 literals) and 37 assumptions
2.265 Unsolvable at layer 2 -- expanding.
2.265 Iteration 3.
2.265 New layer size: 113
2.265 Instantiating ...
4.781 Collected 1640 relevant facts at this layer
4.781 Encoding ...
4.984 Attempting to solve formula with 227889 clauses (618525 literals) and 74 assumptions
4.984 Unsolvable at layer 3 -- expanding.
4.984 Iteration 4.
4.984 New layer size: 150
4.984 Instantiating ...
4.991 Retroactively prune reduction (_splitting_method_DO-AT-LOAD-AIRPLANE0_splitted_2 OBJ121 Q_3,1_AIRPLANE:0_bd5921c24238659b POS12)@(3,1): no children at offset 0
5.001 Retroactively prune reduction (M15-ACHIEVE-AT0 Q_3,2_AIRPLANE:0_bd5921c24238659b OBJ121 POS3)@(3,2): no children at offset 0
7.902 Collected 1665 relevant facts at this layer
7.902 Encoding ...
8.225 Attempting to solve formula with 372023 clauses (997414 literals) and 111 assumptions
8.225 Unsolvable at layer 4 -- expanding.
8.225 Iteration 5.
8.225 New layer size: 261
8.225 Instantiating ...
11.850 Collected 3891 relevant facts at this layer
11.850 Encoding ...
13.271 Attempting to solve formula with 1304773 clauses (4035820 literals) and 148 assumptions
13.271 Unsolvable at layer 5 -- expanding.
13.271 Iteration 6.
13.271 New layer size: 409
13.271 Instantiating ...
17.962 Collected 3891 relevant facts at this layer
17.962 Encoding ...
20.786 Attempting to solve formula with 2953874 clauses (9569687 literals) and 185 assumptions
20.788 Unsolvable at layer 6 -- expanding.
20.788 Iteration 7.
20.788 New layer size: 594
20.788 Instantiating ...
26.811 Collected 3891 relevant facts at this layer
26.811 Encoding ...
30.688 Attempting to solve formula with 5184577 clauses (17170682 literals) and 222 assumptions
55.244 Unsolvable at layer 7 -- expanding.
55.244 Iteration 8.
55.245 New layer size: 816
55.245 Instantiating ...
62.852 Collected 3891 relevant facts at this layer
62.852 Encoding ...
68.148 Attempting to solve formula with 7970629 clauses (26810890 literals) and 259 assumptions
68.678 Unsolvable at layer 8 -- expanding.
68.678 Iteration 9.
68.678 New layer size: 1075
68.678 Instantiating ...
77.463 Collected 3891 relevant facts at this layer
77.463 Encoding ...
84.496 Attempting to solve formula with 11254016 clauses (38201782 literals) and 296 assumptions
84.875 Unsolvable at layer 9 -- expanding.
84.875 Iteration 10.
84.875 New layer size: 1371
84.875 Instantiating ...
95.328 Collected 3891 relevant facts at this layer
95.328 Encoding ...
104.152 Attempting to solve formula with 15033540 clauses (51336230 literals) and 333 assumptions
104.536 Unsolvable at layer 10 -- expanding.
104.536 Iteration 11.
104.537 New layer size: 1704
104.537 Instantiating ...
117.003 Collected 3891 relevant facts at this layer
117.003 Encoding ...
127.840 Attempting to solve formula with 19309173 clauses (66212541 literals) and 370 assumptions
129.065 Unsolvable at layer 11 -- expanding.
129.065 Iteration 12.
129.067 New layer size: 2074
129.067 Instantiating ...
143.585 Collected 3891 relevant facts at this layer
143.585 Encoding ...
156.762 Attempting to solve formula with 24081579 clauses (82832067 literals) and 407 assumptions
c
c Try to adapt solver strategies
c 
c Nothing extreme in this problem, continue with glucose default strategies.
c
1801.107 Termination signal caught.
1801.107 Total amount of clauses encoded: 24081579
1801.107 - directframeaxioms : 9844214 cls
1801.107 - qfactsemantics : 5847111 cls
1801.107 - indirectframeaxioms : 5690563 cls
1801.107 - reductionconstraints : 2038071 cls
1801.107 - atmostoneelement : 214288 cls
1801.107 - actionconstraints : 128611 cls
1801.107 - qconstequality : 90480 cls
1801.107 - substitutionconstraints : 88196 cls
1801.107 - expansions : 59713 cls
1801.107 - predecessors : 57610 cls
1801.107 - actioneffects : 12971 cls
1801.107 - qtypeconstraints : 5855 cls
1801.107 - truefacts : 3891 cls
1801.107 - forbiddenoperations : 3 cls
1801.107 - axiomaticops : 2 cls
1801.107 # instantiated positions: 8683
1801.107 # instantiated actions: 44665
1801.107 # instantiated reductions: 12946
1801.107 # introduced pseudo-constants: 7112
1801.107 # retroactive prunings: 4
1801.107 # retroactively pruned operations: 5
1801.107 # dominated operations: 0
1801.107 # total invalid rigid preconditions found in getPFC: 0
1801.107 # invalid rigid preconditions found in getPFC: 0
1801.107 # invalid rigid preconditions found in getPFC in varrestrictions: 0
1801.107 # total invalid fluent preconditions found in getPFC: 93
1801.107 # invalid fluent preconditions found in getPFC: 19
1801.107 # invalid fluent preconditions found in getPFC in varrestrictions: 74
1801.107 # invalid fluent preconditions found in getPFC via postconditions: 0
1801.107 # invalid subtasks found in getPFC: 0
1801.107 # number effects in operation fact_frames: 706
1801.107 Exiting happily.

RUNWATCH_RESULT TIMEOUT RETVAL 0 TIME_SECS 1801.87 MEMPEAK_KBS 11283788
