    _           _         _
   \ |         \ |       | |                       
   | |     __  | |      _| |______                
   | |     \/  | |     /_   ______\                
   | |      _  | |   __  | |  ___   ___   ___       
   | |___  | | | |  / .\ | | / , | |   \ / ·_\    
   \_____\ |_| |__\ \__/ |_| \___) |_|_| \___\  
[39mL i l o t a n e  version rls-glucose4
by Dominik Schreiber <dominik.schreiber@kit.edu> 2020-2021
using SAT solver glucose4

1.860 Parser finished.
1.860 Structures extracted.
1.861 25 operators and 25 methods created.
2.064 Mined 5 new reduction preconditions (+10.2%).
2.064 Iteration 0.
2.064 Creating initial layer of size 2
2.193 Attempting to solve formula with 3 clauses (3 literals) and 1 assumptions
2.193 Unsolvable at layer 0 -- expanding.
2.193 Iteration 1.
2.193 New layer size: 2
2.193 Instantiating ...
2.351 Collected 0 relevant facts at this layer
2.352 Encoding ...
2.352 Attempting to solve formula with 8 clauses (12 literals) and 1 assumptions
2.352 Unsolvable at layer 1 -- expanding.
2.352 Iteration 2.
2.352 New layer size: 7
2.352 Instantiating ...
2.689 Collected 0 relevant facts at this layer
2.689 Encoding ...
2.691 Attempting to solve formula with 28 clauses (46 literals) and 6 assumptions
2.691 Unsolvable at layer 2 -- expanding.
2.691 Iteration 3.
2.691 New layer size: 13
2.691 Instantiating ...
3.325 Collected 396 relevant facts at this layer
3.325 Encoding ...
3.336 Attempting to solve formula with 18966 clauses (54479 literals) and 12 assumptions
3.337 Unsolvable at layer 3 -- expanding.
3.337 Iteration 4.
3.337 New layer size: 25
3.337 Instantiating ...
4.589 Collected 406 relevant facts at this layer
4.589 Encoding ...
4.647 Attempting to solve formula with 146329 clauses (423164 literals) and 22 assumptions
4.647 Unsolvable at layer 4 -- expanding.
4.647 Iteration 5.
4.647 New layer size: 45
4.647 Instantiating ...
8.212 Collected 752 relevant facts at this layer
8.212 Encoding ...
8.447 Attempting to solve formula with 703246 clauses (2056686 literals) and 42 assumptions
8.447 Unsolvable at layer 5 -- expanding.
8.447 Iteration 6.
8.447 New layer size: 87
8.447 Instantiating ...
19.390 Collected 766 relevant facts at this layer
19.390 Encoding ...
20.216 Attempting to solve formula with 2432057 clauses (7188413 literals) and 84 assumptions
20.218 Unsolvable at layer 6 -- expanding.
20.218 Iteration 7.
20.218 New layer size: 170
20.218 Instantiating ...
27.013 Retroactively prune action (removeblock l-1-1-4 stone)@(6,16): no children at offset 0
27.185 Retroactively prune reduction (place-block-abstract-3 l-1-2-4 stone stone Q_6,16_location:0_8dc2d42e5c798d50)@(6,16): no children at offset 0
32.204 Retroactively prune reduction (place-block-abstract-3 l-2-1-4 stone stone Q_6,24_location:0_8dc2d42e5c798d50)@(6,24): no children at offset 0
34.128 Retroactively prune action (removeblock l-1-4-3 stone)@(6,32): no children at offset 0
34.300 Retroactively prune reduction (place-block-abstract-3 l-1-4-2 stone stone Q_6,32_location:0_8dc2d42e5c798d50)@(6,32): no children at offset 0
39.056 Retroactively prune reduction (place-block-abstract-3 l-2-4-3 stone stone Q_6,40_location:0_8dc2d42e5c798d50)@(6,40): no children at offset 0
40.826 Retroactively prune action (removeblock l-1-3-0 stone)@(6,48): no children at offset 0
41.001 Retroactively prune reduction (place-block-abstract-3 l-1-2-0 stone stone Q_6,48_location:0_8dc2d42e5c798d50)@(6,48): no children at offset 0
45.688 Retroactively prune reduction (place-block-abstract-3 l-2-3-0 stone stone Q_6,56_location:0_8dc2d42e5c798d50)@(6,56): no children at offset 0
49.601 Retroactively prune action (removeblock l-7-0-1 stone)@(6,70): no children at offset 0
49.601 Retroactively prune action (__REPEATED_removeblock l-7-0-0 stone)@(6,70): no children at offset 0
49.773 Retroactively prune reduction (place-block-abstract-3 l-7-0-2 stone stone Q_6,70_location:0_8dc2d42e5c798d50)@(6,70): no children at offset 0
54.352 Retroactively prune action (removeblock l-7-1-0 stone)@(6,78): no children at offset 0
54.442 Retroactively prune reduction (place-block-abstract-3 l-7-1-1 stone stone Q_6,78_location:0_8dc2d42e5c798d50)@(6,78): no children at offset 0
55.676 Retroactively prune reduction (place-block-abstract-3 l-7-2-0 stone stone Q_6,82_location:0_8dc2d42e5c798d50)@(6,82): no children at offset 0
56.181 Collected 785 relevant facts at this layer
56.181 Encoding ...
58.594 Attempting to solve formula with 7258380 clauses (21775549 literals) and 167 assumptions
58.596 Unsolvable at layer 7 -- expanding.
58.596 Iteration 8.
58.596 New layer size: 333
58.596 Instantiating ...
154.302 Collected 806 relevant facts at this layer
154.302 Encoding ...
160.350 Attempting to solve formula with 19126206 clauses (58403913 literals) and 330 assumptions
160.356 Unsolvable at layer 8 -- expanding.
160.356 Iteration 9.
160.356 New layer size: 663
160.356 Instantiating ...
405.122 Collected 826 relevant facts at this layer
405.122 Encoding ...
419.478 Attempting to solve formula with 45606488 clauses (142124599 literals) and 660 assumptions
419.490 Unsolvable at layer 9 -- expanding.
419.490 Iteration 10.
419.490 New layer size: 1273
419.490 Instantiating ...
1010.357 Collected 841 relevant facts at this layer
1010.357 Encoding ...
1046.487 Attempting to solve formula with 103501809 clauses (328741083 literals) and 1270 assumptions
1046.513 Unsolvable at layer 10 -- expanding.
1046.513 Iteration 11.
1046.514 New layer size: 2413
1046.514 Instantiating ...
1800.878 Termination signal caught.
1800.878 Total amount of clauses encoded: 103501809
1800.878 - reductionconstraints : 56048034 cls
1800.878 - actionconstraints : 22115763 cls
1800.878 - substitutionconstraints : 14078139 cls
1800.878 - indirectframeaxioms : 3276006 cls
1800.878 - qfactsemantics : 2826964 cls
1800.878 - qconstequality : 2710550 cls
1800.878 - directframeaxioms : 2034302 cls
1800.878 - atmostoneelement : 319005 cls
1800.878 - predecessors : 37169 cls
1800.878 - expansions : 36177 cls
1800.878 - actioneffects : 18828 cls
1800.878 - truefacts : 841 cls
1800.878 - forbiddenoperations : 29 cls
1800.878 - axiomaticops : 2 cls
1800.878 # instantiated positions: 3871
1800.878 # instantiated actions: 31957
1800.878 # instantiated reductions: 23822
1800.878 # introduced pseudo-constants: 8693
1800.878 # retroactive prunings: 15
1800.878 # retroactively pruned operations: 29
1800.878 # dominated operations: 6
1800.878 # total invalid rigid preconditions found in getPFC: 6536
1800.878 # invalid rigid preconditions found in getPFC: 4680
1800.878 # invalid rigid preconditions found in getPFC in varrestrictions: 1856
1800.878 # total invalid fluent preconditions found in getPFC: 10296
1800.878 # invalid fluent preconditions found in getPFC: 5148
1800.878 # invalid fluent preconditions found in getPFC in varrestrictions: 5148
1800.878 # invalid fluent preconditions found in getPFC via postconditions: 0
1800.878 # invalid subtasks found in getPFC: 0
1800.878 # number effects in operation fact_frames: 175
1800.878 Exiting happily.

RUNWATCH_RESULT TIMEOUT RETVAL 0 TIME_SECS 1801.89 MEMPEAK_KBS 13284424
