    _           _         _
   \ |         \ |       | |                       
   | |     __  | |      _| |______                
   | |     \/  | |     /_   ______\                
   | |      _  | |   __  | |  ___   ___   ___       
   | |___  | | | |  / .\ | | / , | |   \ / ·_\    
   \_____\ |_| |__\ \__/ |_| \___) |_|_| \___\  
[39mL i l o t a n e  version rls-glucose4
by Dominik Schreiber <dominik.schreiber@kit.edu> 2020-2021
using SAT solver glucose4

0.015 Parser finished.
0.016 Structures extracted.
0.016 28 operators and 21 methods created.
0.070 Mined 76 new reduction preconditions (+262.1%).
0.070 Iteration 0.
0.070 Creating initial layer of size 2
0.141 Attempting to solve formula with 5 clauses (6 literals) and 1 assumptions
0.141 Unsolvable at layer 0 -- expanding.
0.141 Iteration 1.
0.141 New layer size: 2
0.141 Instantiating ...
0.303 Collected 1 relevant facts at this layer
0.303 Encoding ...
0.310 Attempting to solve formula with 10 clauses (15 literals) and 1 assumptions
0.310 Unsolvable at layer 1 -- expanding.
0.310 Iteration 2.
0.311 New layer size: 3
0.311 Instantiating ...
0.676 Collected 1 relevant facts at this layer
0.676 Encoding ...
0.685 Attempting to solve formula with 1825 clauses (5239 literals) and 2 assumptions
0.686 Unsolvable at layer 2 -- expanding.
0.686 Iteration 3.
0.687 New layer size: 4
0.687 Instantiating ...
0.745 Retroactively prune action (__SURROGATE*c1*connect_1* Q_2,0_Port:0_a1c75040e315af3a Q_2,0_Port:1_a1c75040e315af3a Q_3,0_PlugType:0_83f49f2b7486d360 female in male out) due to impossible effect (isOccupied Q_2,0_Port:0_a1c75040e315af3a)
0.834 Retroactively prune action (__SURROGATE*c5*connect_5* Q_2,0_Port:0_a1c75040e315af3a Q_2,0_Port:1_a1c75040e315af3a Q_3,0_PlugType:0_83f49f2b7486d360 female in male out) due to impossible effect (isOccupied Q_2,0_Port:1_a1c75040e315af3a)
0.869 Retroactively prune action (__SURROGATE*c2*connect_2* Q_2,0_Port:0_a1c75040e315af3a Q_2,0_Port:1_a1c75040e315af3a Q_3,0_PlugType:0_83f49f2b7486d360 female in male out) due to impossible effect (isOccupied Q_2,0_Port:0_a1c75040e315af3a)
0.904 Retroactively prune action (__SURROGATE*c6*connect_6* Q_2,0_Port:0_a1c75040e315af3a Q_2,0_Port:1_a1c75040e315af3a Q_3,0_PlugType:0_83f49f2b7486d360 female in male out) due to impossible effect (isOccupied Q_2,0_Port:1_a1c75040e315af3a)
1.298 Collected 12658 relevant facts at this layer
1.298 Encoding ...
1.631 Attempting to solve formula with 201838 clauses (765332 literals) and 2 assumptions
1.638 Unsolvable at layer 3 -- expanding.
1.638 Iteration 4.
1.638 New layer size: 5
1.638 Instantiating ...
1.780 Retroactively prune action (__SURROGATE*c2*connect_2* Q_3,1_Port:0_a1c75040e315af3a Q_3,1_Port:1_a1c75040e315af3a Q_4,1_PlugType:0_83f49f2b7486d360 female in male out) due to impossible effect (isOccupied Q_3,1_Port:0_a1c75040e315af3a)
1.780 Retroactively prune action (__SURROGATE*c6*connect_6* Q_3,1_Port:0_a1c75040e315af3a Q_3,1_Port:1_a1c75040e315af3a Q_4,1_PlugType:0_83f49f2b7486d360 female in male out) due to impossible effect (isOccupied Q_3,1_Port:1_a1c75040e315af3a)
1.835 Retroactively prune action (__SURROGATE*c5*connect_5* Q_3,1_Port:0_a1c75040e315af3a Q_3,1_Port:1_a1c75040e315af3a Q_4,1_PlugType:0_83f49f2b7486d360 female in male out) due to impossible effect (isOccupied Q_3,1_Port:1_a1c75040e315af3a)
1.895 Retroactively prune action (__SURROGATE*c1*connect_1* Q_3,1_Port:0_a1c75040e315af3a Q_3,1_Port:1_a1c75040e315af3a Q_4,1_PlugType:0_83f49f2b7486d360 female in male out) due to impossible effect (isOccupied Q_3,1_Port:0_a1c75040e315af3a)
2.414 Collected 12658 relevant facts at this layer
2.414 Encoding ...
2.892 Attempting to solve formula with 500888 clauses (1969310 literals) and 2 assumptions
2.922 Unsolvable at layer 4 -- expanding.
2.922 Iteration 5.
2.922 New layer size: 6
2.922 Instantiating ...
3.306 Retroactively prune action (__SURROGATE*c6*connect_6* Q_4,2_Port:0_a1c75040e315af3a Q_4,2_Port:1_a1c75040e315af3a Q_5,2_PlugType:0_83f49f2b7486d360 female in male out) due to impossible effect (isOccupied Q_4,2_Port:1_a1c75040e315af3a)
3.362 Retroactively prune action (__SURROGATE*c5*connect_5* Q_4,2_Port:0_a1c75040e315af3a Q_4,2_Port:1_a1c75040e315af3a Q_5,2_PlugType:0_83f49f2b7486d360 female in male out) due to impossible effect (isOccupied Q_4,2_Port:1_a1c75040e315af3a)
3.380 Retroactively prune action (__SURROGATE*c2*connect_2* Q_4,2_Port:0_a1c75040e315af3a Q_4,2_Port:1_a1c75040e315af3a Q_5,2_PlugType:0_83f49f2b7486d360 female in male out) due to impossible effect (isOccupied Q_4,2_Port:0_a1c75040e315af3a)
3.453 Retroactively prune action (__SURROGATE*c1*connect_1* Q_4,2_Port:0_a1c75040e315af3a Q_4,2_Port:1_a1c75040e315af3a Q_5,2_PlugType:0_83f49f2b7486d360 female in male out) due to impossible effect (isOccupied Q_4,2_Port:0_a1c75040e315af3a)
3.963 Collected 12658 relevant facts at this layer
3.963 Encoding ...
4.545 Attempting to solve formula with 816240 clauses (3247619 literals) and 3 assumptions
4.560 Unsolvable at layer 5 -- expanding.
4.561 Iteration 6.
4.561 New layer size: 7
4.561 Instantiating ...
5.187 Retroactively prune action (__SURROGATE*c1*connect_1* Q_5,3_Port:0_a1c75040e315af3a Q_5,3_Port:1_a1c75040e315af3a Q_6,3_PlugType:0_83f49f2b7486d360 female in male out) due to impossible effect (isOccupied Q_5,3_Port:0_a1c75040e315af3a)
5.187 Retroactively prune action (__SURROGATE*c5*connect_5* Q_5,3_Port:0_a1c75040e315af3a Q_5,3_Port:1_a1c75040e315af3a Q_6,3_PlugType:0_83f49f2b7486d360 female in male out) due to impossible effect (isOccupied Q_5,3_Port:1_a1c75040e315af3a)
5.235 Retroactively prune action (__SURROGATE*c6*connect_6* Q_5,3_Port:0_a1c75040e315af3a Q_5,3_Port:1_a1c75040e315af3a Q_6,3_PlugType:0_83f49f2b7486d360 female in male out) due to impossible effect (isOccupied Q_5,3_Port:1_a1c75040e315af3a)
5.252 Retroactively prune action (__SURROGATE*c2*connect_2* Q_5,3_Port:0_a1c75040e315af3a Q_5,3_Port:1_a1c75040e315af3a Q_6,3_PlugType:0_83f49f2b7486d360 female in male out) due to impossible effect (isOccupied Q_5,3_Port:0_a1c75040e315af3a)
5.807 Collected 12658 relevant facts at this layer
5.807 Encoding ...
6.721 Attempting to solve formula with 1275496 clauses (5163970 literals) and 4 assumptions
6.937 Unsolvable at layer 6 -- expanding.
6.937 Iteration 7.
6.937 New layer size: 8
6.937 Instantiating ...
7.768 Retroactively prune action (__SURROGATE*c1*connect_1* Q_6,4_Port:0_a1c75040e315af3a Q_6,4_Port:1_a1c75040e315af3a Q_7,4_PlugType:0_83f49f2b7486d360 female in male out) due to impossible effect (isOccupied Q_6,4_Port:0_a1c75040e315af3a)
7.847 Retroactively prune action (__SURROGATE*c2*connect_2* Q_6,4_Port:0_a1c75040e315af3a Q_6,4_Port:1_a1c75040e315af3a Q_7,4_PlugType:0_83f49f2b7486d360 female in male out) due to impossible effect (isOccupied Q_6,4_Port:0_a1c75040e315af3a)
7.918 Retroactively prune action (__SURROGATE*c5*connect_5* Q_6,4_Port:0_a1c75040e315af3a Q_6,4_Port:1_a1c75040e315af3a Q_7,4_PlugType:0_83f49f2b7486d360 female in male out) due to impossible effect (isOccupied Q_6,4_Port:1_a1c75040e315af3a)
7.941 Retroactively prune action (__SURROGATE*c6*connect_6* Q_6,4_Port:0_a1c75040e315af3a Q_6,4_Port:1_a1c75040e315af3a Q_7,4_PlugType:0_83f49f2b7486d360 female in male out) due to impossible effect (isOccupied Q_6,4_Port:1_a1c75040e315af3a)
8.466 Collected 12658 relevant facts at this layer
8.466 Encoding ...
9.554 Attempting to solve formula with 1843364 clauses (7550212 literals) and 5 assumptions
12.623 Unsolvable at layer 7 -- expanding.
12.623 Iteration 8.
12.624 New layer size: 9
12.624 Instantiating ...
13.823 Retroactively prune action (__SURROGATE*c6*connect_6* Q_7,5_Port:0_a1c75040e315af3a Q_7,5_Port:1_a1c75040e315af3a Q_8,5_PlugType:0_83f49f2b7486d360 female in male out) due to impossible effect (isOccupied Q_7,5_Port:1_a1c75040e315af3a)
13.866 Retroactively prune action (__SURROGATE*c2*connect_2* Q_7,5_Port:0_a1c75040e315af3a Q_7,5_Port:1_a1c75040e315af3a Q_8,5_PlugType:0_83f49f2b7486d360 female in male out) due to impossible effect (isOccupied Q_7,5_Port:0_a1c75040e315af3a)
13.883 Retroactively prune action (__SURROGATE*c5*connect_5* Q_7,5_Port:0_a1c75040e315af3a Q_7,5_Port:1_a1c75040e315af3a Q_8,5_PlugType:0_83f49f2b7486d360 female in male out) due to impossible effect (isOccupied Q_7,5_Port:1_a1c75040e315af3a)
13.937 Retroactively prune action (__SURROGATE*c1*connect_1* Q_7,5_Port:0_a1c75040e315af3a Q_7,5_Port:1_a1c75040e315af3a Q_8,5_PlugType:0_83f49f2b7486d360 female in male out) due to impossible effect (isOccupied Q_7,5_Port:0_a1c75040e315af3a)
14.525 Collected 12658 relevant facts at this layer
14.525 Encoding ...
15.714 Attempting to solve formula with 2563616 clauses (10618881 literals) and 6 assumptions
22.346 Unsolvable at layer 8 -- expanding.
22.346 Iteration 9.
22.346 New layer size: 10
22.346 Instantiating ...
24.041 Retroactively prune action (__SURROGATE*c6*connect_6* Q_8,6_Port:0_a1c75040e315af3a Q_8,6_Port:1_a1c75040e315af3a Q_9,6_PlugType:0_83f49f2b7486d360 female in male out) due to impossible effect (isOccupied Q_8,6_Port:1_a1c75040e315af3a)
24.060 Retroactively prune action (__SURROGATE*c1*connect_1* Q_8,6_Port:0_a1c75040e315af3a Q_8,6_Port:1_a1c75040e315af3a Q_9,6_PlugType:0_83f49f2b7486d360 female in male out) due to impossible effect (isOccupied Q_8,6_Port:0_a1c75040e315af3a)
24.060 Retroactively prune action (__SURROGATE*c5*connect_5* Q_8,6_Port:0_a1c75040e315af3a Q_8,6_Port:1_a1c75040e315af3a Q_9,6_PlugType:0_83f49f2b7486d360 female in male out) due to impossible effect (isOccupied Q_8,6_Port:1_a1c75040e315af3a)
24.103 Retroactively prune action (__SURROGATE*c2*connect_2* Q_8,6_Port:0_a1c75040e315af3a Q_8,6_Port:1_a1c75040e315af3a Q_9,6_PlugType:0_83f49f2b7486d360 female in male out) due to impossible effect (isOccupied Q_8,6_Port:0_a1c75040e315af3a)
24.694 Collected 12658 relevant facts at this layer
24.694 Encoding ...
26.201 Attempting to solve formula with 3472830 clauses (14553350 literals) and 7 assumptions
54.466 Unsolvable at layer 9 -- expanding.
54.466 Iteration 10.
54.466 New layer size: 11
54.466 Instantiating ...
56.402 Retroactively prune action (__SURROGATE*c1*connect_1* Q_9,7_Port:0_a1c75040e315af3a Q_9,7_Port:1_a1c75040e315af3a Q_10,7_PlugType:0_83f49f2b7486d360 female in male out) due to impossible effect (isOccupied Q_9,7_Port:0_a1c75040e315af3a)
56.486 Retroactively prune action (__SURROGATE*c5*connect_5* Q_9,7_Port:0_a1c75040e315af3a Q_9,7_Port:1_a1c75040e315af3a Q_10,7_PlugType:0_83f49f2b7486d360 female in male out) due to impossible effect (isOccupied Q_9,7_Port:1_a1c75040e315af3a)
56.528 Retroactively prune action (__SURROGATE*c6*connect_6* Q_9,7_Port:0_a1c75040e315af3a Q_9,7_Port:1_a1c75040e315af3a Q_10,7_PlugType:0_83f49f2b7486d360 female in male out) due to impossible effect (isOccupied Q_9,7_Port:1_a1c75040e315af3a)
56.565 Retroactively prune action (__SURROGATE*c2*connect_2* Q_9,7_Port:0_a1c75040e315af3a Q_9,7_Port:1_a1c75040e315af3a Q_10,7_PlugType:0_83f49f2b7486d360 female in male out) due to impossible effect (isOccupied Q_9,7_Port:0_a1c75040e315af3a)
57.120 Collected 12658 relevant facts at this layer
57.120 Encoding ...
58.812 Attempting to solve formula with 4448886 clauses (18738987 literals) and 8 assumptions
104.420 Unsolvable at layer 10 -- expanding.
104.420 Iteration 11.
104.420 New layer size: 12
104.420 Instantiating ...
106.871 Retroactively prune action (__SURROGATE*c2*connect_2* Q_10,8_Port:0_a1c75040e315af3a Q_10,8_Port:1_a1c75040e315af3a Q_11,8_PlugType:0_83f49f2b7486d360 female in male out) due to impossible effect (isOccupied Q_10,8_Port:0_a1c75040e315af3a)
106.930 Retroactively prune action (__SURROGATE*c1*connect_1* Q_10,8_Port:0_a1c75040e315af3a Q_10,8_Port:1_a1c75040e315af3a Q_11,8_PlugType:0_83f49f2b7486d360 female in male out) due to impossible effect (isOccupied Q_10,8_Port:0_a1c75040e315af3a)
106.953 Retroactively prune action (__SURROGATE*c6*connect_6* Q_10,8_Port:0_a1c75040e315af3a Q_10,8_Port:1_a1c75040e315af3a Q_11,8_PlugType:0_83f49f2b7486d360 female in male out) due to impossible effect (isOccupied Q_10,8_Port:1_a1c75040e315af3a)
106.971 Retroactively prune action (__SURROGATE*c5*connect_5* Q_10,8_Port:0_a1c75040e315af3a Q_10,8_Port:1_a1c75040e315af3a Q_11,8_PlugType:0_83f49f2b7486d360 female in male out) due to impossible effect (isOccupied Q_10,8_Port:1_a1c75040e315af3a)
107.553 Collected 12658 relevant facts at this layer
107.553 Encoding ...
109.601 Attempting to solve formula with 5682052 clauses (24124295 literals) and 9 assumptions
235.165 Unsolvable at layer 11 -- expanding.
235.165 Iteration 12.
235.165 New layer size: 13
235.165 Instantiating ...
238.127 Retroactively prune action (__SURROGATE*c6*connect_6* Q_11,9_Port:0_a1c75040e315af3a Q_11,9_Port:1_a1c75040e315af3a Q_12,9_PlugType:0_83f49f2b7486d360 female in male out) due to impossible effect (isOccupied Q_11,9_Port:1_a1c75040e315af3a)
238.127 Retroactively prune action (__SURROGATE*c2*connect_2* Q_11,9_Port:0_a1c75040e315af3a Q_11,9_Port:1_a1c75040e315af3a Q_12,9_PlugType:0_83f49f2b7486d360 female in male out) due to impossible effect (isOccupied Q_11,9_Port:0_a1c75040e315af3a)
238.127 Retroactively prune action (__SURROGATE*c1*connect_1* Q_11,9_Port:0_a1c75040e315af3a Q_11,9_Port:1_a1c75040e315af3a Q_12,9_PlugType:0_83f49f2b7486d360 female in male out) due to impossible effect (isOccupied Q_11,9_Port:0_a1c75040e315af3a)
238.236 Retroactively prune action (__SURROGATE*c5*connect_5* Q_11,9_Port:0_a1c75040e315af3a Q_11,9_Port:1_a1c75040e315af3a Q_12,9_PlugType:0_83f49f2b7486d360 female in male out) due to impossible effect (isOccupied Q_11,9_Port:1_a1c75040e315af3a)
238.875 Collected 12658 relevant facts at this layer
238.875 Encoding ...
241.101 Attempting to solve formula with 7037821 clauses (30049033 literals) and 10 assumptions
561.818 Unsolvable at layer 12 -- expanding.
561.819 Iteration 13.
561.819 New layer size: 14
561.819 Instantiating ...
565.289 Retroactively prune action (__SURROGATE*c2*connect_2* Q_12,10_Port:0_a1c75040e315af3a Q_12,10_Port:1_a1c75040e315af3a Q_13,10_PlugType:0_83f49f2b7486d360 female in male out) due to impossible effect (isOccupied Q_12,10_Port:0_a1c75040e315af3a)
565.290 Retroactively prune action (__SURROGATE*c5*connect_5* Q_12,10_Port:0_a1c75040e315af3a Q_12,10_Port:1_a1c75040e315af3a Q_13,10_PlugType:0_83f49f2b7486d360 female in male out) due to impossible effect (isOccupied Q_12,10_Port:1_a1c75040e315af3a)
565.309 Retroactively prune action (__SURROGATE*c1*connect_1* Q_12,10_Port:0_a1c75040e315af3a Q_12,10_Port:1_a1c75040e315af3a Q_13,10_PlugType:0_83f49f2b7486d360 female in male out) due to impossible effect (isOccupied Q_12,10_Port:0_a1c75040e315af3a)
565.409 Retroactively prune action (__SURROGATE*c6*connect_6* Q_12,10_Port:0_a1c75040e315af3a Q_12,10_Port:1_a1c75040e315af3a Q_13,10_PlugType:0_83f49f2b7486d360 female in male out) due to impossible effect (isOccupied Q_12,10_Port:1_a1c75040e315af3a)
565.997 Collected 12658 relevant facts at this layer
565.997 Encoding ...
568.487 Attempting to solve formula with 8513977 clauses (36490133 literals) and 11 assumptions
c
c Try to adapt solver strategies
c 
c Nothing extreme in this problem, continue with glucose default strategies.
c
723.542 Unsolvable at layer 13 -- expanding.
723.542 Iteration 14.
723.542 New layer size: 15
723.542 Instantiating ...
727.511 Retroactively prune action (__SURROGATE*c1*connect_1* Q_13,11_Port:0_a1c75040e315af3a Q_13,11_Port:1_a1c75040e315af3a Q_14,11_PlugType:0_83f49f2b7486d360 female in male out) due to impossible effect (isOccupied Q_13,11_Port:0_a1c75040e315af3a)
727.594 Retroactively prune action (__SURROGATE*c5*connect_5* Q_13,11_Port:0_a1c75040e315af3a Q_13,11_Port:1_a1c75040e315af3a Q_14,11_PlugType:0_83f49f2b7486d360 female in male out) due to impossible effect (isOccupied Q_13,11_Port:1_a1c75040e315af3a)
727.614 Retroactively prune action (__SURROGATE*c6*connect_6* Q_13,11_Port:0_a1c75040e315af3a Q_13,11_Port:1_a1c75040e315af3a Q_14,11_PlugType:0_83f49f2b7486d360 female in male out) due to impossible effect (isOccupied Q_13,11_Port:1_a1c75040e315af3a)
727.653 Retroactively prune action (__SURROGATE*c2*connect_2* Q_13,11_Port:0_a1c75040e315af3a Q_13,11_Port:1_a1c75040e315af3a Q_14,11_PlugType:0_83f49f2b7486d360 female in male out) due to impossible effect (isOccupied Q_13,11_Port:0_a1c75040e315af3a)
728.261 Collected 12658 relevant facts at this layer
728.261 Encoding ...
731.053 Attempting to solve formula with 10104442 clauses (43423280 literals) and 12 assumptions
856.365 Unsolvable at layer 14 -- expanding.
856.365 Iteration 15.
856.365 New layer size: 16
856.365 Instantiating ...
860.820 Retroactively prune action (__SURROGATE*c1*connect_1* Q_14,12_Port:0_a1c75040e315af3a Q_14,12_Port:1_a1c75040e315af3a Q_15,12_PlugType:0_83f49f2b7486d360 female in male out) due to impossible effect (isOccupied Q_14,12_Port:0_a1c75040e315af3a)
860.884 Retroactively prune action (__SURROGATE*c5*connect_5* Q_14,12_Port:0_a1c75040e315af3a Q_14,12_Port:1_a1c75040e315af3a Q_15,12_PlugType:0_83f49f2b7486d360 female in male out) due to impossible effect (isOccupied Q_14,12_Port:1_a1c75040e315af3a)
860.984 Retroactively prune action (__SURROGATE*c2*connect_2* Q_14,12_Port:0_a1c75040e315af3a Q_14,12_Port:1_a1c75040e315af3a Q_15,12_PlugType:0_83f49f2b7486d360 female in male out) due to impossible effect (isOccupied Q_14,12_Port:0_a1c75040e315af3a)
861.028 Retroactively prune action (__SURROGATE*c6*connect_6* Q_14,12_Port:0_a1c75040e315af3a Q_14,12_Port:1_a1c75040e315af3a Q_15,12_PlugType:0_83f49f2b7486d360 female in male out) due to impossible effect (isOccupied Q_14,12_Port:1_a1c75040e315af3a)
861.613 Collected 12658 relevant facts at this layer
861.613 Encoding ...
864.649 Attempting to solve formula with 11894791 clauses (51279922 literals) and 13 assumptions
1027.372 Unsolvable at layer 15 -- expanding.
1027.372 Iteration 16.
1027.372 New layer size: 17
1027.372 Instantiating ...
1032.303 Retroactively prune action (__SURROGATE*c5*connect_5* Q_15,13_Port:0_a1c75040e315af3a Q_15,13_Port:1_a1c75040e315af3a Q_16,13_PlugType:0_83f49f2b7486d360 female in male out) due to impossible effect (isOccupied Q_15,13_Port:1_a1c75040e315af3a)
1032.303 Retroactively prune action (__SURROGATE*c2*connect_2* Q_15,13_Port:0_a1c75040e315af3a Q_15,13_Port:1_a1c75040e315af3a Q_16,13_PlugType:0_83f49f2b7486d360 female in male out) due to impossible effect (isOccupied Q_15,13_Port:0_a1c75040e315af3a)
1032.341 Retroactively prune action (__SURROGATE*c6*connect_6* Q_15,13_Port:0_a1c75040e315af3a Q_15,13_Port:1_a1c75040e315af3a Q_16,13_PlugType:0_83f49f2b7486d360 female in male out) due to impossible effect (isOccupied Q_15,13_Port:1_a1c75040e315af3a)
1032.379 Retroactively prune action (__SURROGATE*c1*connect_1* Q_15,13_Port:0_a1c75040e315af3a Q_15,13_Port:1_a1c75040e315af3a Q_16,13_PlugType:0_83f49f2b7486d360 female in male out) due to impossible effect (isOccupied Q_15,13_Port:0_a1c75040e315af3a)
1033.011 Collected 12658 relevant facts at this layer
1033.011 Encoding ...
1036.371 Attempting to solve formula with 13845517 clauses (59864545 literals) and 14 assumptions
1379.177 Unsolvable at layer 16 -- expanding.
1379.177 Iteration 17.
1379.177 New layer size: 18
1379.177 Instantiating ...
1384.574 Retroactively prune action (__SURROGATE*c2*connect_2* Q_16,14_Port:0_a1c75040e315af3a Q_16,14_Port:1_a1c75040e315af3a Q_17,14_PlugType:0_83f49f2b7486d360 female in male out) due to impossible effect (isOccupied Q_16,14_Port:0_a1c75040e315af3a)
1384.594 Retroactively prune action (__SURROGATE*c1*connect_1* Q_16,14_Port:0_a1c75040e315af3a Q_16,14_Port:1_a1c75040e315af3a Q_17,14_PlugType:0_83f49f2b7486d360 female in male out) due to impossible effect (isOccupied Q_16,14_Port:0_a1c75040e315af3a)
1384.618 Retroactively prune action (__SURROGATE*c5*connect_5* Q_16,14_Port:0_a1c75040e315af3a Q_16,14_Port:1_a1c75040e315af3a Q_17,14_PlugType:0_83f49f2b7486d360 female in male out) due to impossible effect (isOccupied Q_16,14_Port:1_a1c75040e315af3a)
1384.660 Retroactively prune action (__SURROGATE*c6*connect_6* Q_16,14_Port:0_a1c75040e315af3a Q_16,14_Port:1_a1c75040e315af3a Q_17,14_PlugType:0_83f49f2b7486d360 female in male out) due to impossible effect (isOccupied Q_16,14_Port:1_a1c75040e315af3a)
1385.263 Collected 12658 relevant facts at this layer
1385.263 Encoding ...
1388.645 Attempting to solve formula with 15860884 clauses (68692646 literals) and 15 assumptions
1800.099 Termination signal caught.
1800.099 Total amount of clauses encoded: 15860884
1800.099 - indirectframeaxioms : 8878876 cls
1800.099 - qfactsemantics : 3483112 cls
1800.099 - directframeaxioms : 3088544 cls
1800.099 - reductionconstraints : 303891 cls
1800.099 - actionconstraints : 51466 cls
1800.099 - substitutionconstraints : 22654 cls
1800.099 - truefacts : 12658 cls
1800.099 - atmostoneelement : 9816 cls
1800.099 - qconstequality : 6188 cls
1800.099 - predecessors : 1666 cls
1800.099 - expansions : 1659 cls
1800.099 - actioneffects : 352 cls
1800.099 - axiomaticops : 2 cls
1800.099 # instantiated positions: 171
1800.099 # instantiated actions: 1490
1800.099 # instantiated reductions: 237
1800.099 # introduced pseudo-constants: 303
1800.099 # retroactive prunings: 62
1800.099 # retroactively pruned operations: 62
1800.099 # dominated operations: 84
1800.099 # total invalid rigid preconditions found in getPFC: 0
1800.099 # invalid rigid preconditions found in getPFC: 0
1800.099 # invalid rigid preconditions found in getPFC in varrestrictions: 0
1800.099 # total invalid fluent preconditions found in getPFC: 18
1800.099 # invalid fluent preconditions found in getPFC: 18
1800.099 # invalid fluent preconditions found in getPFC in varrestrictions: 0
1800.099 # invalid fluent preconditions found in getPFC via postconditions: 0
1800.099 # invalid subtasks found in getPFC: 2
1800.099 # number effects in operation fact_frames: 170
1800.099 Exiting happily.

RUNWATCH_RESULT TIMEOUT RETVAL 0 TIME_SECS 1800.23 MEMPEAK_KBS 2506324
