    _           _         _
   \ |         \ |       | |                       
   | |     __  | |      _| |______                
   | |     \/  | |     /_   ______\                
   | |      _  | |   __  | |  ___   ___   ___       
   | |___  | | | |  / .\ | | / , | |   \ / ·_\    
   \_____\ |_| |__\ \__/ |_| \___) |_|_| \___\  
[39mL i l o t a n e  version rls-glucose4
by Dominik Schreiber <dominik.schreiber@kit.edu> 2020-2021
using SAT solver glucose4

0.013 Parser finished.
0.014 Structures extracted.
0.014 28 operators and 21 methods created.
0.019 Mined 76 new reduction preconditions (+262.1%).
0.019 Iteration 0.
0.019 Creating initial layer of size 2
0.045 Attempting to solve formula with 5 clauses (6 literals) and 1 assumptions
0.045 Unsolvable at layer 0 -- expanding.
0.045 Iteration 1.
0.045 New layer size: 2
0.045 Instantiating ...
0.087 Collected 1 relevant facts at this layer
0.087 Encoding ...
0.090 Attempting to solve formula with 15 clauses (27 literals) and 1 assumptions
0.090 Unsolvable at layer 1 -- expanding.
0.090 Iteration 2.
0.090 New layer size: 3
0.090 Instantiating ...
0.097 Retroactively prune reduction (m2 pc printer data)@(1,0): no children at offset 0
0.139 Collected 2 relevant facts at this layer
0.139 Encoding ...
0.145 Attempting to solve formula with 6537 clauses (16413 literals) and 2 assumptions
0.145 Unsolvable at layer 2 -- expanding.
0.145 Iteration 3.
0.145 New layer size: 4
0.145 Instantiating ...
0.168 Retroactively prune action (__SURROGATE*c6*connect_6* Q_2,0_Port:0_aaad8a8ed28e0bad Q_2,0_Port:1_aaad8a8ed28e0bad Q_3,0_PlugType:0_36a7a8a9cde5e797 female in male out) due to impossible effect (isOccupied Q_2,0_Port:1_aaad8a8ed28e0bad)
0.186 Retroactively prune action (__SURROGATE*c5*connect_5* Q_2,0_Port:0_aaad8a8ed28e0bad Q_2,0_Port:1_aaad8a8ed28e0bad Q_3,0_PlugType:0_36a7a8a9cde5e797 female in male out) due to impossible effect (isOccupied Q_2,0_Port:1_aaad8a8ed28e0bad)
0.221 Retroactively prune action (__SURROGATE*c1*connect_1* Q_2,0_Port:0_aaad8a8ed28e0bad Q_2,0_Port:1_aaad8a8ed28e0bad Q_3,0_PlugType:0_36a7a8a9cde5e797 female in male out) due to impossible effect (isOccupied Q_2,0_Port:0_aaad8a8ed28e0bad)
0.231 Retroactively prune action (__SURROGATE*c2*connect_2* Q_2,0_Port:0_aaad8a8ed28e0bad Q_2,0_Port:1_aaad8a8ed28e0bad Q_3,0_PlugType:0_36a7a8a9cde5e797 female in male out) due to impossible effect (isOccupied Q_2,0_Port:0_aaad8a8ed28e0bad)
0.366 Collected 5854 relevant facts at this layer
0.366 Encoding ...
0.557 Attempting to solve formula with 144285 clauses (533720 literals) and 2 assumptions
0.566 Unsolvable at layer 3 -- expanding.
0.566 Iteration 4.
0.566 New layer size: 5
0.566 Instantiating ...
0.690 Retroactively prune action (__SURROGATE*c1*connect_1* Q_3,1_Port:0_aaad8a8ed28e0bad Q_3,1_Port:1_aaad8a8ed28e0bad Q_4,1_PlugType:0_36a7a8a9cde5e797 female in male out) due to impossible effect (isOccupied Q_3,1_Port:0_aaad8a8ed28e0bad)
0.690 Retroactively prune action (__SURROGATE*c2*connect_2* Q_3,1_Port:0_aaad8a8ed28e0bad Q_3,1_Port:1_aaad8a8ed28e0bad Q_4,1_PlugType:0_36a7a8a9cde5e797 female in male out) due to impossible effect (isOccupied Q_3,1_Port:0_aaad8a8ed28e0bad)
0.690 Retroactively prune action (__SURROGATE*c5*connect_5* Q_3,1_Port:0_aaad8a8ed28e0bad Q_3,1_Port:1_aaad8a8ed28e0bad Q_4,1_PlugType:0_36a7a8a9cde5e797 female in male out) due to impossible effect (isOccupied Q_3,1_Port:1_aaad8a8ed28e0bad)
0.690 Retroactively prune action (__SURROGATE*c6*connect_6* Q_3,1_Port:0_aaad8a8ed28e0bad Q_3,1_Port:1_aaad8a8ed28e0bad Q_4,1_PlugType:0_36a7a8a9cde5e797 female in male out) due to impossible effect (isOccupied Q_3,1_Port:1_aaad8a8ed28e0bad)
0.852 Collected 5854 relevant facts at this layer
0.852 Encoding ...
1.080 Attempting to solve formula with 302945 clauses (1173397 literals) and 3 assumptions
1.097 Unsolvable at layer 4 -- expanding.
1.097 Iteration 5.
1.097 New layer size: 6
1.097 Instantiating ...
1.307 Retroactively prune action (__SURROGATE*c1*connect_1* Q_4,2_Port:0_aaad8a8ed28e0bad Q_4,2_Port:1_aaad8a8ed28e0bad Q_5,2_PlugType:0_36a7a8a9cde5e797 female in male out) due to impossible effect (isOccupied Q_4,2_Port:0_aaad8a8ed28e0bad)
1.320 Retroactively prune action (__SURROGATE*c2*connect_2* Q_4,2_Port:0_aaad8a8ed28e0bad Q_4,2_Port:1_aaad8a8ed28e0bad Q_5,2_PlugType:0_36a7a8a9cde5e797 female in male out) due to impossible effect (isOccupied Q_4,2_Port:0_aaad8a8ed28e0bad)
1.327 Retroactively prune action (__SURROGATE*c5*connect_5* Q_4,2_Port:0_aaad8a8ed28e0bad Q_4,2_Port:1_aaad8a8ed28e0bad Q_5,2_PlugType:0_36a7a8a9cde5e797 female in male out) due to impossible effect (isOccupied Q_4,2_Port:1_aaad8a8ed28e0bad)
1.335 Retroactively prune action (__SURROGATE*c6*connect_6* Q_4,2_Port:0_aaad8a8ed28e0bad Q_4,2_Port:1_aaad8a8ed28e0bad Q_5,2_PlugType:0_36a7a8a9cde5e797 female in male out) due to impossible effect (isOccupied Q_4,2_Port:1_aaad8a8ed28e0bad)
1.521 Collected 5854 relevant facts at this layer
1.521 Encoding ...
1.869 Attempting to solve formula with 525949 clauses (2097784 literals) and 4 assumptions
1.883 Unsolvable at layer 5 -- expanding.
1.883 Iteration 6.
1.883 New layer size: 7
1.883 Instantiating ...
2.253 Retroactively prune action (__SURROGATE*c6*connect_6* Q_5,3_Port:0_aaad8a8ed28e0bad Q_5,3_Port:1_aaad8a8ed28e0bad Q_6,3_PlugType:0_36a7a8a9cde5e797 female in male out) due to impossible effect (isOccupied Q_5,3_Port:1_aaad8a8ed28e0bad)
2.288 Retroactively prune action (__SURROGATE*c1*connect_1* Q_5,3_Port:0_aaad8a8ed28e0bad Q_5,3_Port:1_aaad8a8ed28e0bad Q_6,3_PlugType:0_36a7a8a9cde5e797 female in male out) due to impossible effect (isOccupied Q_5,3_Port:0_aaad8a8ed28e0bad)
2.314 Retroactively prune action (__SURROGATE*c2*connect_2* Q_5,3_Port:0_aaad8a8ed28e0bad Q_5,3_Port:1_aaad8a8ed28e0bad Q_6,3_PlugType:0_36a7a8a9cde5e797 female in male out) due to impossible effect (isOccupied Q_5,3_Port:0_aaad8a8ed28e0bad)
2.314 Retroactively prune action (__SURROGATE*c5*connect_5* Q_5,3_Port:0_aaad8a8ed28e0bad Q_5,3_Port:1_aaad8a8ed28e0bad Q_6,3_PlugType:0_36a7a8a9cde5e797 female in male out) due to impossible effect (isOccupied Q_5,3_Port:1_aaad8a8ed28e0bad)
2.449 Collected 5854 relevant facts at this layer
2.449 Encoding ...
2.907 Attempting to solve formula with 813993 clauses (3309988 literals) and 5 assumptions
3.217 Unsolvable at layer 6 -- expanding.
3.217 Iteration 7.
3.217 New layer size: 8
3.217 Instantiating ...
3.650 Retroactively prune action (__SURROGATE*c2*connect_2* Q_6,4_Port:0_aaad8a8ed28e0bad Q_6,4_Port:1_aaad8a8ed28e0bad Q_7,4_PlugType:0_36a7a8a9cde5e797 female in male out) due to impossible effect (isOccupied Q_6,4_Port:0_aaad8a8ed28e0bad)
3.691 Retroactively prune action (__SURROGATE*c1*connect_1* Q_6,4_Port:0_aaad8a8ed28e0bad Q_6,4_Port:1_aaad8a8ed28e0bad Q_7,4_PlugType:0_36a7a8a9cde5e797 female in male out) due to impossible effect (isOccupied Q_6,4_Port:0_aaad8a8ed28e0bad)
3.708 Retroactively prune action (__SURROGATE*c6*connect_6* Q_6,4_Port:0_aaad8a8ed28e0bad Q_6,4_Port:1_aaad8a8ed28e0bad Q_7,4_PlugType:0_36a7a8a9cde5e797 female in male out) due to impossible effect (isOccupied Q_6,4_Port:1_aaad8a8ed28e0bad)
3.708 Retroactively prune action (__SURROGATE*c5*connect_5* Q_6,4_Port:0_aaad8a8ed28e0bad Q_6,4_Port:1_aaad8a8ed28e0bad Q_7,4_PlugType:0_36a7a8a9cde5e797 female in male out) due to impossible effect (isOccupied Q_6,4_Port:1_aaad8a8ed28e0bad)
3.836 Collected 5854 relevant facts at this layer
3.836 Encoding ...
4.486 Attempting to solve formula with 1181306 clauses (4883074 literals) and 6 assumptions
5.214 Unsolvable at layer 7 -- expanding.
5.214 Iteration 8.
5.214 New layer size: 9
5.214 Instantiating ...
5.774 Retroactively prune action (__SURROGATE*c6*connect_6* Q_7,5_Port:0_aaad8a8ed28e0bad Q_7,5_Port:1_aaad8a8ed28e0bad Q_8,5_PlugType:0_36a7a8a9cde5e797 female in male out) due to impossible effect (isOccupied Q_7,5_Port:1_aaad8a8ed28e0bad)
5.798 Retroactively prune action (__SURROGATE*c5*connect_5* Q_7,5_Port:0_aaad8a8ed28e0bad Q_7,5_Port:1_aaad8a8ed28e0bad Q_8,5_PlugType:0_36a7a8a9cde5e797 female in male out) due to impossible effect (isOccupied Q_7,5_Port:1_aaad8a8ed28e0bad)
5.798 Retroactively prune action (__SURROGATE*c1*connect_1* Q_7,5_Port:0_aaad8a8ed28e0bad Q_7,5_Port:1_aaad8a8ed28e0bad Q_8,5_PlugType:0_36a7a8a9cde5e797 female in male out) due to impossible effect (isOccupied Q_7,5_Port:0_aaad8a8ed28e0bad)
5.833 Retroactively prune action (__SURROGATE*c2*connect_2* Q_7,5_Port:0_aaad8a8ed28e0bad Q_7,5_Port:1_aaad8a8ed28e0bad Q_8,5_PlugType:0_36a7a8a9cde5e797 female in male out) due to impossible effect (isOccupied Q_7,5_Port:0_aaad8a8ed28e0bad)
5.964 Collected 5854 relevant facts at this layer
5.964 Encoding ...
6.671 Attempting to solve formula with 1593187 clauses (6639427 literals) and 7 assumptions
10.521 Unsolvable at layer 8 -- expanding.
10.521 Iteration 9.
10.521 New layer size: 10
10.521 Instantiating ...
11.326 Retroactively prune action (__SURROGATE*c1*connect_1* Q_8,6_Port:0_aaad8a8ed28e0bad Q_8,6_Port:1_aaad8a8ed28e0bad Q_9,6_PlugType:0_36a7a8a9cde5e797 female in male out) due to impossible effect (isOccupied Q_8,6_Port:0_aaad8a8ed28e0bad)
11.357 Retroactively prune action (__SURROGATE*c2*connect_2* Q_8,6_Port:0_aaad8a8ed28e0bad Q_8,6_Port:1_aaad8a8ed28e0bad Q_9,6_PlugType:0_36a7a8a9cde5e797 female in male out) due to impossible effect (isOccupied Q_8,6_Port:0_aaad8a8ed28e0bad)
11.376 Retroactively prune action (__SURROGATE*c6*connect_6* Q_8,6_Port:0_aaad8a8ed28e0bad Q_8,6_Port:1_aaad8a8ed28e0bad Q_9,6_PlugType:0_36a7a8a9cde5e797 female in male out) due to impossible effect (isOccupied Q_8,6_Port:1_aaad8a8ed28e0bad)
11.402 Retroactively prune action (__SURROGATE*c5*connect_5* Q_8,6_Port:0_aaad8a8ed28e0bad Q_8,6_Port:1_aaad8a8ed28e0bad Q_9,6_PlugType:0_36a7a8a9cde5e797 female in male out) due to impossible effect (isOccupied Q_8,6_Port:1_aaad8a8ed28e0bad)
11.534 Collected 5854 relevant facts at this layer
11.534 Encoding ...
12.324 Attempting to solve formula with 2086686 clauses (8766003 literals) and 8 assumptions
21.349 Unsolvable at layer 9 -- expanding.
21.349 Iteration 10.
21.349 New layer size: 11
21.349 Instantiating ...
22.331 Retroactively prune action (__SURROGATE*c5*connect_5* Q_9,7_Port:0_aaad8a8ed28e0bad Q_9,7_Port:1_aaad8a8ed28e0bad Q_10,7_PlugType:0_36a7a8a9cde5e797 female in male out) due to impossible effect (isOccupied Q_9,7_Port:1_aaad8a8ed28e0bad)
22.392 Retroactively prune action (__SURROGATE*c2*connect_2* Q_9,7_Port:0_aaad8a8ed28e0bad Q_9,7_Port:1_aaad8a8ed28e0bad Q_10,7_PlugType:0_36a7a8a9cde5e797 female in male out) due to impossible effect (isOccupied Q_9,7_Port:0_aaad8a8ed28e0bad)
22.403 Retroactively prune action (__SURROGATE*c1*connect_1* Q_9,7_Port:0_aaad8a8ed28e0bad Q_9,7_Port:1_aaad8a8ed28e0bad Q_10,7_PlugType:0_36a7a8a9cde5e797 female in male out) due to impossible effect (isOccupied Q_9,7_Port:0_aaad8a8ed28e0bad)
22.412 Retroactively prune action (__SURROGATE*c6*connect_6* Q_9,7_Port:0_aaad8a8ed28e0bad Q_9,7_Port:1_aaad8a8ed28e0bad Q_10,7_PlugType:0_36a7a8a9cde5e797 female in male out) due to impossible effect (isOccupied Q_9,7_Port:1_aaad8a8ed28e0bad)
22.544 Collected 5854 relevant facts at this layer
22.544 Encoding ...
23.436 Attempting to solve formula with 2638567 clauses (11149495 literals) and 9 assumptions
44.033 Unsolvable at layer 10 -- expanding.
44.033 Iteration 11.
44.033 New layer size: 12
44.033 Instantiating ...
45.155 Retroactively prune action (__SURROGATE*c5*connect_5* Q_10,8_Port:0_aaad8a8ed28e0bad Q_10,8_Port:1_aaad8a8ed28e0bad Q_11,8_PlugType:0_36a7a8a9cde5e797 female in male out) due to impossible effect (isOccupied Q_10,8_Port:1_aaad8a8ed28e0bad)
45.164 Retroactively prune action (__SURROGATE*c6*connect_6* Q_10,8_Port:0_aaad8a8ed28e0bad Q_10,8_Port:1_aaad8a8ed28e0bad Q_11,8_PlugType:0_36a7a8a9cde5e797 female in male out) due to impossible effect (isOccupied Q_10,8_Port:1_aaad8a8ed28e0bad)
45.164 Retroactively prune action (__SURROGATE*c1*connect_1* Q_10,8_Port:0_aaad8a8ed28e0bad Q_10,8_Port:1_aaad8a8ed28e0bad Q_11,8_PlugType:0_36a7a8a9cde5e797 female in male out) due to impossible effect (isOccupied Q_10,8_Port:0_aaad8a8ed28e0bad)
45.203 Retroactively prune action (__SURROGATE*c2*connect_2* Q_10,8_Port:0_aaad8a8ed28e0bad Q_10,8_Port:1_aaad8a8ed28e0bad Q_11,8_PlugType:0_36a7a8a9cde5e797 female in male out) due to impossible effect (isOccupied Q_10,8_Port:0_aaad8a8ed28e0bad)
45.338 Collected 5854 relevant facts at this layer
45.338 Encoding ...
46.301 Attempting to solve formula with 3242075 clauses (13753194 literals) and 10 assumptions
103.091 Unsolvable at layer 11 -- expanding.
103.091 Iteration 12.
103.091 New layer size: 13
103.091 Instantiating ...
104.368 Retroactively prune action (__SURROGATE*c6*connect_6* Q_11,9_Port:0_aaad8a8ed28e0bad Q_11,9_Port:1_aaad8a8ed28e0bad Q_12,9_PlugType:0_36a7a8a9cde5e797 female in male out) due to impossible effect (isOccupied Q_11,9_Port:1_aaad8a8ed28e0bad)
104.369 Retroactively prune action (__SURROGATE*c1*connect_1* Q_11,9_Port:0_aaad8a8ed28e0bad Q_11,9_Port:1_aaad8a8ed28e0bad Q_12,9_PlugType:0_36a7a8a9cde5e797 female in male out) due to impossible effect (isOccupied Q_11,9_Port:0_aaad8a8ed28e0bad)
104.369 Retroactively prune action (__SURROGATE*c5*connect_5* Q_11,9_Port:0_aaad8a8ed28e0bad Q_11,9_Port:1_aaad8a8ed28e0bad Q_12,9_PlugType:0_36a7a8a9cde5e797 female in male out) due to impossible effect (isOccupied Q_11,9_Port:1_aaad8a8ed28e0bad)
104.386 Retroactively prune action (__SURROGATE*c2*connect_2* Q_11,9_Port:0_aaad8a8ed28e0bad Q_11,9_Port:1_aaad8a8ed28e0bad Q_12,9_PlugType:0_36a7a8a9cde5e797 female in male out) due to impossible effect (isOccupied Q_11,9_Port:0_aaad8a8ed28e0bad)
104.522 Collected 5854 relevant facts at this layer
104.522 Encoding ...
105.588 Attempting to solve formula with 3918250 clauses (16680083 literals) and 11 assumptions
237.645 Unsolvable at layer 12 -- expanding.
237.645 Iteration 13.
237.645 New layer size: 14
237.645 Instantiating ...
239.098 Retroactively prune action (__SURROGATE*c2*connect_2* Q_12,10_Port:0_aaad8a8ed28e0bad Q_12,10_Port:1_aaad8a8ed28e0bad Q_13,10_PlugType:0_36a7a8a9cde5e797 female in male out) due to impossible effect (isOccupied Q_12,10_Port:0_aaad8a8ed28e0bad)
239.167 Retroactively prune action (__SURROGATE*c1*connect_1* Q_12,10_Port:0_aaad8a8ed28e0bad Q_12,10_Port:1_aaad8a8ed28e0bad Q_13,10_PlugType:0_36a7a8a9cde5e797 female in male out) due to impossible effect (isOccupied Q_12,10_Port:0_aaad8a8ed28e0bad)
239.188 Retroactively prune action (__SURROGATE*c5*connect_5* Q_12,10_Port:0_aaad8a8ed28e0bad Q_12,10_Port:1_aaad8a8ed28e0bad Q_13,10_PlugType:0_36a7a8a9cde5e797 female in male out) due to impossible effect (isOccupied Q_12,10_Port:1_aaad8a8ed28e0bad)
239.224 Retroactively prune action (__SURROGATE*c6*connect_6* Q_12,10_Port:0_aaad8a8ed28e0bad Q_12,10_Port:1_aaad8a8ed28e0bad Q_13,10_PlugType:0_36a7a8a9cde5e797 female in male out) due to impossible effect (isOccupied Q_12,10_Port:1_aaad8a8ed28e0bad)
239.361 Collected 5854 relevant facts at this layer
239.361 Encoding ...
240.631 Attempting to solve formula with 4687754 clauses (20036336 literals) and 12 assumptions
315.342 Unsolvable at layer 13 -- expanding.
315.342 Iteration 14.
315.342 New layer size: 15
315.342 Instantiating ...
317.019 Retroactively prune action (__SURROGATE*c6*connect_6* Q_13,11_Port:0_aaad8a8ed28e0bad Q_13,11_Port:1_aaad8a8ed28e0bad Q_14,11_PlugType:0_36a7a8a9cde5e797 female in male out) due to impossible effect (isOccupied Q_13,11_Port:1_aaad8a8ed28e0bad)
317.028 Retroactively prune action (__SURROGATE*c2*connect_2* Q_13,11_Port:0_aaad8a8ed28e0bad Q_13,11_Port:1_aaad8a8ed28e0bad Q_14,11_PlugType:0_36a7a8a9cde5e797 female in male out) due to impossible effect (isOccupied Q_13,11_Port:0_aaad8a8ed28e0bad)
317.080 Retroactively prune action (__SURROGATE*c5*connect_5* Q_13,11_Port:0_aaad8a8ed28e0bad Q_13,11_Port:1_aaad8a8ed28e0bad Q_14,11_PlugType:0_36a7a8a9cde5e797 female in male out) due to impossible effect (isOccupied Q_13,11_Port:1_aaad8a8ed28e0bad)
317.092 Retroactively prune action (__SURROGATE*c1*connect_1* Q_13,11_Port:0_aaad8a8ed28e0bad Q_13,11_Port:1_aaad8a8ed28e0bad Q_14,11_PlugType:0_36a7a8a9cde5e797 female in male out) due to impossible effect (isOccupied Q_13,11_Port:0_aaad8a8ed28e0bad)
317.241 Collected 5854 relevant facts at this layer
317.241 Encoding ...
318.592 Attempting to solve formula with 5539255 clauses (23764522 literals) and 13 assumptions
398.248 Unsolvable at layer 14 -- expanding.
398.248 Iteration 15.
398.248 New layer size: 16
398.248 Instantiating ...
400.063 Retroactively prune action (__SURROGATE*c1*connect_1* Q_14,12_Port:0_aaad8a8ed28e0bad Q_14,12_Port:1_aaad8a8ed28e0bad Q_15,12_PlugType:0_36a7a8a9cde5e797 female in male out) due to impossible effect (isOccupied Q_14,12_Port:0_aaad8a8ed28e0bad)
400.093 Retroactively prune action (__SURROGA
RUNWATCH_RESULT TIMEOUT RETVAL 9 TIME_SECS 1805.1 MEMPEAK_KBS 1552464
