    _           _         _
   \ |         \ |       | |                       
   | |     __  | |      _| |______                
   | |     \/  | |     /_   ______\                
   | |      _  | |   __  | |  ___   ___   ___       
   | |___  | | | |  / .\ | | / , | |   \ / ·_\    
   \_____\ |_| |__\ \__/ |_| \___) |_|_| \___\  
[39mL i l o t a n e  version rls-cadical
by Dominik Schreiber <dominik.schreiber@kit.edu> 2020-2021
using SAT solver cadical

0.014 Parser finished.
0.014 Structures extracted.
0.016 72 operators and 56 methods created.
0.048 Mined 44 new reduction preconditions (+64.7%).
0.048 Iteration 0.
0.048 Creating initial layer of size 2
0.061 Attempting to solve formula with 3 clauses (3 literals) and 1 assumptions
0.061 Unsolvable at layer 0 -- expanding.
0.061 Iteration 1.
0.061 New layer size: 25
0.061 Instantiating ...
0.172 Collected 69 relevant facts at this layer
0.172 Encoding ...
0.190 Attempting to solve formula with 3642 clauses (10477 literals) and 24 assumptions
0.190 Unsolvable at layer 1 -- expanding.
0.190 Iteration 2.
0.190 New layer size: 49
0.190 Instantiating ...
0.397 Collected 760 relevant facts at this layer
0.397 Encoding ...
0.451 Attempting to solve formula with 50014 clauses (139085 literals) and 24 assumptions
0.451 Unsolvable at layer 2 -- expanding.
0.451 Iteration 3.
0.451 New layer size: 73
0.451 Instantiating ...
0.748 Collected 1001 relevant facts at this layer
0.748 Encoding ...
0.819 Attempting to solve formula with 97084 clauses (271574 literals) and 48 assumptions
0.819 Unsolvable at layer 3 -- expanding.
0.819 Iteration 4.
0.819 New layer size: 97
0.819 Instantiating ...
1.159 Collected 1016 relevant facts at this layer
1.159 Encoding ...
1.258 Attempting to solve formula with 154188 clauses (429129 literals) and 72 assumptions
1.258 Unsolvable at layer 4 -- expanding.
1.258 Iteration 5.
1.258 New layer size: 169
1.258 Instantiating ...
1.712 Collected 1496 relevant facts at this layer
1.712 Encoding ...
2.025 Attempting to solve formula with 384963 clauses (1175873 literals) and 96 assumptions
2.025 Unsolvable at layer 5 -- expanding.
2.025 Iteration 6.
2.025 New layer size: 265
2.025 Instantiating ...
2.676 Collected 1496 relevant facts at this layer
2.676 Encoding ...
3.263 Attempting to solve formula with 794361 clauses (2543086 literals) and 120 assumptions
3.285 Unsolvable at layer 6 -- expanding.
3.285 Iteration 7.
3.285 New layer size: 385
3.285 Instantiating ...
4.176 Collected 1496 relevant facts at this layer
4.176 Encoding ...
5.000 Attempting to solve formula with 1347637 clauses (4414638 literals) and 144 assumptions
6.662 Unsolvable at layer 7 -- expanding.
6.663 Iteration 8.
6.663 New layer size: 529
6.663 Instantiating ...
7.904 Collected 1496 relevant facts at this layer
7.904 Encoding ...
9.230 Attempting to solve formula with 2040664 clauses (6793124 literals) and 168 assumptions
25.069 Unsolvable at layer 8 -- expanding.
25.069 Iteration 9.
25.070 New layer size: 697
25.070 Instantiating ...
26.705 Collected 1496 relevant facts at this layer
26.705 Encoding ...
28.519 Attempting to solve formula with 2858579 clauses (9604603 literals) and 192 assumptions
29.927 Unsolvable at layer 9 -- expanding.
29.928 Iteration 10.
29.928 New layer size: 889
29.928 Instantiating ...
31.815 Collected 1496 relevant facts at this layer
31.815 Encoding ...
33.909 Attempting to solve formula with 3801847 clauses (12850005 literals) and 216 assumptions
39.225 Unsolvable at layer 10 -- expanding.
39.225 Iteration 11.
39.225 New layer size: 1105
39.225 Instantiating ...
41.722 Collected 1496 relevant facts at this layer
41.722 Encoding ...
44.589 Attempting to solve formula with 4870947 clauses (16530287 literals) and 240 assumptions
55.025 Unsolvable at layer 11 -- expanding.
55.025 Iteration 12.
55.025 New layer size: 1345
55.025 Instantiating ...
57.971 Collected 1496 relevant facts at this layer
57.971 Encoding ...
61.676 Attempting to solve formula with 6066359 clauses (20646409 literals) and 264 assumptions
921.848 Found a solution at layer 12.
==>
495231 i-LOCK-AT TRU6 POS6
495477 i-UNLOCK-AT TRU6 POS6
495480 LOAD-TRUCK OBJ63 TRU6 POS6
495485 DRIVE-TRUCK TRU6 POS6 POS6 CIT6
495497 DRIVE-TRUCK TRU6 POS6 POS6 CIT6
495505 DRIVE-TRUCK TRU6 POS6 POS6 CIT6
495513 DRIVE-TRUCK TRU6 POS6 POS6 CIT6
495515 DRIVE-TRUCK TRU6 POS6 APT6 CIT6
495754 i-LOCK-AT TRU6 APT6
495761 i-UNLOCK-AT TRU6 APT6
495770 UNLOAD-TRUCK OBJ63 TRU6 APT6
495782 FLY-AIRPLANE APN1 APT7 APT7
495788 FLY-AIRPLANE APN1 APT7 APT5
495797 FLY-AIRPLANE APN1 APT5 APT6
496042 i-LOCK-AT APN1 APT6
496053 i-UNLOCK-AT APN1 APT6
496056 LOAD-AIRPLANE OBJ63 APN1 APT6
496071 FLY-AIRPLANE APN1 APT6 APT1
496324 i-LOCK-AT APN1 APT1
496331 i-UNLOCK-AT APN1 APT1
496336 UNLOAD-AIRPLANE OBJ63 APN1 APT1
496351 DRIVE-TRUCK TRU1 POS1 POS1 CIT1
496356 DRIVE-TRUCK TRU1 POS1 APT1 CIT1
496596 i-LOCK-AT TRU1 APT1
496604 i-UNLOCK-AT TRU1 APT1
496611 LOAD-TRUCK OBJ63 TRU1 APT1
496620 DRIVE-TRUCK TRU1 APT1 POS1 CIT1
497156 i-LOCK-AT TRU1 POS1
497161 i-UNLOCK-AT TRU1 POS1
497172 UNLOAD-TRUCK OBJ63 TRU1 POS1
499118 i-LOCK-AT OBJ63 POS1
499123 i-LOCK-AT TRU2 POS2
499377 i-UNLOCK-AT TRU2 POS2
499379 LOAD-TRUCK OBJ21 TRU2 POS2
499391 DRIVE-TRUCK TRU2 POS2 POS2 CIT2
499401 DRIVE-TRUCK TRU2 POS2 POS2 CIT2
499406 DRIVE-TRUCK TRU2 POS2 POS2 CIT2
499413 DRIVE-TRUCK TRU2 POS2 APT2 CIT2
499658 i-LOCK-AT TRU2 APT2
499663 i-UNLOCK-AT TRU2 APT2
499673 UNLOAD-TRUCK OBJ21 TRU2 APT2
499682 FLY-AIRPLANE APN1 APT1 APT3
499693 FLY-AIRPLANE APN1 APT3 APT8
499700 FLY-AIRPLANE APN1 APT8 APT7
499702 FLY-AIRPLANE APN1 APT7 APT2
499942 i-LOCK-AT APN1 APT2
499952 i-UNLOCK-AT APN1 APT2
499957 LOAD-AIRPLANE OBJ21 APN1 APT2
499975 FLY-AIRPLANE APN1 APT2 APT6
500225 i-LOCK-AT APN1 APT6
500235 i-UNLOCK-AT APN1 APT6
500239 UNLOAD-AIRPLANE OBJ21 APN1 APT6
503038 i-LOCK-AT OBJ21 APT6
503045 DRIVE-TRUCK TRU6 APT6 APT6 CIT6
503053 DRIVE-TRUCK TRU6 APT6 APT6 CIT6
503057 DRIVE-TRUCK TRU6 APT6 APT6 CIT6
503061 DRIVE-TRUCK TRU6 APT6 APT6 CIT6
503064 DRIVE-TRUCK TRU6 APT6 POS6 CIT6
503292 i-LOCK-AT TRU6 POS6
503298 i-UNLOCK-AT TRU6 POS6
503302 LOAD-TRUCK OBJ62 TRU6 POS6
503306 DRIVE-TRUCK TRU6 POS6 POS6 CIT6
503321 DRIVE-TRUCK TRU6 POS6 POS6 CIT6
503324 DRIVE-TRUCK TRU6 POS6 APT6 CIT6
503578 i-LOCK-AT TRU6 APT6
503588 i-UNLOCK-AT TRU6 APT6
503594 UNLOAD-TRUCK OBJ62 TRU6 APT6
503605 i-LOCK-AT APN1 APT6
503872 i-UNLOCK-AT APN1 APT6
503880 LOAD-AIRPLANE OBJ62 APN1 APT6
503890 FLY-AIRPLANE APN1 APT6 APT2
503902 FLY-AIRPLANE APN1 APT2 APT2
503904 FLY-AIRPLANE APN1 APT2 APT3
504144 i-LOCK-AT APN1 APT3
504149 i-UNLOCK-AT APN1 APT3
504160 UNLOAD-AIRPLANE OBJ62 APN1 APT3
506960 i-LOCK-AT OBJ62 APT3
506969 i-LOCK-AT TRU4 POS4
507216 i-UNLOCK-AT TRU4 POS4
507223 LOAD-TRUCK OBJ43 TRU4 POS4
507230 DRIVE-TRUCK TRU4 POS4 POS4 CIT4
507242 DRIVE-TRUCK TRU4 POS4 POS4 CIT4
507249 DRIVE-TRUCK TRU4 POS4 POS4 CIT4
507255 DRIVE-TRUCK TRU4 POS4 POS4 CIT4
507259 DRIVE-TRUCK TRU4 POS4 APT4 CIT4
507499 i-LOCK-AT TRU4 APT4
507510 i-UNLOCK-AT TRU4 APT4
507516 UNLOAD-TRUCK OBJ43 TRU4 APT4
507527 FLY-AIRPLANE APN1 APT3 APT2
507533 FLY-AIRPLANE APN1 APT2 APT2
507539 FLY-AIRPLANE APN1 APT2 APT2
507548 FLY-AIRPLANE APN1 APT2 APT4
507787 i-LOCK-AT APN1 APT4
507789 i-UNLOCK-AT APN1 APT4
507803 LOAD-AIRPLANE OBJ43 APN1 APT4
507815 FLY-AIRPLANE APN1 APT4 APT1
508067 i-LOCK-AT APN1 APT1
508076 i-UNLOCK-AT APN1 APT1
508084 UNLOAD-AIRPLANE OBJ43 APN1 APT1
508088 FLY-AIRPLANE APN2 APT5 APT1
508342 i-LOCK-AT APN2 APT1
508352 i-UNLOCK-AT APN2 APT1
508355 LOAD-AIRPLANE OBJ43 APN2 APT1
508367 FLY-AIRPLANE APN2 APT1 APT6
508898 i-LOCK-AT APN2 APT6
508908 i-UNLOCK-AT APN2 APT6
508914 UNLOAD-AIRPLANE OBJ43 APN2 APT6
510881 i-LOCK-AT OBJ43 APT6
510888 i-LOCK-AT TRU7 POS7
511139 i-UNLOCK-AT TRU7 POS7
511142 LOAD-TRUCK OBJ73 TRU7 POS7
511150 DRIVE-TRUCK TRU7 POS7 APT7 CIT7
511419 i-LOCK-AT TRU7 APT7
511426 i-UNLOCK-AT TRU7 APT7
511433 UNLOAD-TRUCK OBJ73 TRU7 APT7
511449 FLY-AIRPLANE APN2 APT6 APT6
511456 FLY-AIRPLANE APN2 APT6 APT7
511707 i-LOCK-AT APN2 APT7
511717 i-UNLOCK-AT APN2 APT7
511723 LOAD-AIRPLANE OBJ73 APN2 APT7
511732 FLY-AIRPLANE APN2 APT7 APT2
511988 i-LOCK-AT APN2 APT2
511992 i-UNLOCK-AT APN2 APT2
512005 UNLOAD-AIRPLANE OBJ73 APN2 APT2
512016 FLY-AIRPLANE APN1 APT1 APT3
512021 FLY-AIRPLANE APN1 APT3 APT2
512260 i-LOCK-AT APN1 APT2
512270 i-UNLOCK-AT APN1 APT2
512279 LOAD-AIRPLANE OBJ73 APN1 APT2
512293 FLY-AIRPLANE APN1 APT2 APT4
512820 i-LOCK-AT APN1 APT4
512829 i-UNLOCK-AT APN1 APT4
512837 UNLOAD-AIRPLANE OBJ73 APN1 APT4
514801 i-LOCK-AT OBJ73 APT4
514806 i-LOCK-AT TRU5 POS5
515058 i-UNLOCK-AT TRU5 POS5
515064 LOAD-TRUCK OBJ52 TRU5 POS5
515077 DRIVE-TRUCK TRU5 POS5 POS5 CIT5
515085 DRIVE-TRUCK TRU5 POS5 POS5 CIT5
515090 DRIVE-TRUCK TRU5 POS5 POS5 CIT5
515095 DRIVE-TRUCK TRU5 POS5 POS5 CIT5
515103 DRIVE-TRUCK TRU5 POS5 APT5 CIT5
515342 i-LOCK-AT TRU5 APT5
515345 i-UNLOCK-AT TRU5 APT5
515356 UNLOAD-TRUCK OBJ52 TRU5 APT5
515365 FLY-AIRPLANE APN1 APT4 APT5
515625 i-LOCK-AT APN1 APT5
515636 i-UNLOCK-AT APN1 APT5
515644 LOAD-AIRPLANE OBJ52 APN1 APT5
515659 FLY-AIRPLANE APN1 APT5 APT6
515909 i-LOCK-AT APN1 APT6
515920 i-UNLOCK-AT APN1 APT6
515922 UNLOAD-AIRPLANE OBJ52 APN1 APT6
515932 i-LOCK-AT TRU6 APT6
516191 i-UNLOCK-AT TRU6 APT6
516197 LOAD-TRUCK OBJ52 TRU6 APT6
516212 DRIVE-TRUCK TRU6 APT6 POS6 CIT6
516739 i-LOCK-AT TRU6 POS6
516752 i-UNLOCK-AT TRU6 POS6
516756 UNLOAD-TRUCK OBJ52 TRU6 POS6
518723 i-LOCK-AT OBJ52 POS6
518732 DRIVE-TRUCK TRU5 APT5 APT5 CIT5
518735 DRIVE-TRUCK TRU5 APT5 APT5 CIT5
518740 DRIVE-TRUCK TRU5 APT5 POS5 CIT5
518976 i-LOCK-AT TRU5 POS5
518981 i-UNLOCK-AT TRU5 POS5
518985 LOAD-TRUCK OBJ51 TRU5 POS5
518998 DRIVE-TRUCK TRU5 POS5 POS5 CIT5
519002 DRIVE-TRUCK TRU5 POS5 POS5 CIT5
519010 DRIVE-TRUCK TRU5 POS5 APT5 CIT5
519263 i-LOCK-AT TRU5 APT5
519271 i-UNLOCK-AT TRU5 APT5
519275 UNLOAD-TRUCK OBJ51 TRU5 APT5
519287 FLY-AIRPLANE APN1 APT6 APT6
519295 FLY-AIRPLANE APN1 APT6 APT6
519301 FLY-AIRPLANE APN1 APT6 APT6
519311 FLY-AIRPLANE APN1 APT6 APT5
519549 i-LOCK-AT APN1 APT5
519553 i-UNLOCK-AT APN1 APT5
519566 LOAD-AIRPLANE OBJ51 APN1 APT5
519579 FLY-AIRPLANE APN1 APT5 APT3
519828 i-LOCK-AT APN1 APT3
519837 i-UNLOCK-AT APN1 APT3
519843 UNLOAD-AIRPLANE OBJ51 APN1 APT3
519852 FLY-AIRPLANE APN2 APT2 APT3
520105 i-LOCK-AT APN2 APT3
520113 i-UNLOCK-AT APN2 APT3
520118 LOAD-AIRPLANE OBJ51 APN2 APT3
520127 FLY-AIRPLANE APN2 APT3 APT8
520661 i-LOCK-AT APN2 APT8
520665 i-UNLOCK-AT APN2 APT8
520679 UNLOAD-AIRPLANE OBJ51 APN2 APT8
522643 i-LOCK-AT OBJ51 APT8
522649 i-LOCK-AT TRU6 POS6
522901 i-UNLOCK-AT TRU6 POS6
522905 LOAD-TRUCK OBJ61 TRU6 POS6
522910 DRIVE-TRUCK TRU6 POS6 POS6 CIT6
522926 DRIVE-TRUCK TRU6 POS6 POS6 CIT6
522931 DRIVE-TRUCK TRU6 POS6 POS6 CIT6
522937 DRIVE-TRUCK TRU6 POS6 POS6 CIT6
522941 DRIVE-TRUCK TRU6 POS6 APT6 CIT6
523183 i-LOCK-AT TRU6 APT6
523189 i-UNLOCK-AT TRU6 APT6
523198 UNLOAD-TRUCK OBJ61 TRU6 APT6
523206 FLY-AIRPLANE APN1 APT3 APT7
523219 FLY-AIRPLANE APN1 APT7 APT1
523223 FLY-AIRPLANE APN1 APT1 APT1
523229 FLY-AIRPLANE APN1 APT1 APT6
523471 i-LOCK-AT APN1 APT6
523473 i-UNLOCK-AT APN1 APT6
523484 LOAD-AIRPLANE OBJ61 APN1 APT6
523490 FLY-AIRPLANE APN1 APT6 APT1
523507 FLY-AIRPLANE APN1 APT1 APT1
523513 FLY-AIRPLANE APN1 APT1 APT4
523752 i-LOCK-AT APN1 APT4
523761 i-UNLOCK-AT APN1 APT4
523767 UNLOAD-AIRPLANE OBJ61 APN1 APT4
523774 i-LOCK-AT TRU4 APT4
524037 i-UNLOCK-AT TRU4 APT4
524041 LOAD-TRUCK OBJ61 TRU4 APT4
524056 DRIVE-TRUCK TRU4 APT4 POS4 CIT4
524582 i-LOCK-AT TRU4 POS4
524588 i-UNLOCK-AT TRU4 POS4
524597 UNLOAD-TRUCK OBJ61 TRU4 POS4
526565 i-LOCK-AT OBJ61 POS4
526574 i-LOCK-AT TRU3 POS3
526820 i-UNLOCK-AT TRU3 POS3
526828 LOAD-TRUCK OBJ31 TRU3 POS3
526842 DRIVE-TRUCK TRU3 POS3 APT3 CIT3
527102 i-LOCK-AT TRU3 APT3
527115 i-UNLOCK-AT TRU3 APT3
527119 UNLOAD-TRUCK OBJ31 TRU3 APT3
527127 FLY-AIRPLANE APN1 APT4 APT5
527137 FLY-AIRPLANE APN1 APT5 APT3
527390 i-LOCK-AT APN1 APT3
527398 i-UNLOCK-AT APN1 APT3
527407 LOAD-AIRPLANE OBJ31 APN1 APT3
527412 FLY-AIRPLANE APN1 APT3 APT5
527669 i-LOCK-AT APN1 APT5
527677 i-UNLOCK-AT APN1 APT5
527689 UNLOAD-AIRPLANE OBJ31 APN1 APT5
527694 FLY-AIRPLANE APN2 APT8 APT5
527947 i-LOCK-AT APN2 APT5
527954 i-UNLOCK-AT APN2 APT5
527964 LOAD-AIRPLANE OBJ31 APN2 APT5
527978 FLY-AIRPLANE APN2 APT5 APT7
528503 i-LOCK-AT APN2 APT7
528514 i-UNLOCK-AT APN2 APT7
528520 UNLOAD-AIRPLANE OBJ31 APN2 APT7
530486 i-LOCK-AT OBJ31 APT7
530494 i-LOCK-AT TRU8 POS8
530745 i-UNLOCK-AT TRU8 POS8
530748 LOAD-TRUCK OBJ82 TRU8 POS8
530754 DRIVE-TRUCK TRU8 POS8 POS8 CIT8
530769 DRIVE-TRUCK TRU8 POS8 POS8 CIT8
530773 DRIVE-TRUCK TRU8 POS8 APT8 CIT8
531026 i-LOCK-AT TRU8 APT8
531033 i-UNLOCK-AT TRU8 APT8
531039 UNLOAD-TRUCK OBJ82 TRU8 APT8
531044 FLY-AIRPLANE APN1 APT5 APT7
531062 FLY-AIRPLANE APN1 APT7 APT5
531064 FLY-AIRPLANE APN1 APT5 APT6
531074 FLY-AIRPLANE APN1 APT6 APT8
531313 i-LOCK-AT APN1 APT8
531319 i-UNLOCK-AT APN1 APT8
531329 LOAD-AIRPLANE OBJ82 APN1 APT8
531339 FLY-AIRPLANE APN1 APT8 APT2
531349 FLY-AIRPLANE APN1 APT2 APT8
531354 FLY-AIRPLANE APN1 APT8 APT7
531591 i-LOCK-AT APN1 APT7
531602 i-UNLOCK-AT APN1 APT7
531608 UNLOAD-AIRPLANE OBJ82 APN1 APT7
531623 i-LOCK-AT APN2 APT7
531871 i-UNLOCK-AT APN2 APT7
531884 LOAD-AIRPLANE OBJ82 APN2 APT7
531891 FLY-AIRPLANE APN2 APT7 APT3
532426 i-LOCK-AT APN2 APT3
532429 i-UNLOCK-AT APN2 APT3
532440 UNLOAD-AIRPLANE OBJ82 APN2 APT3
534406 i-LOCK-AT OBJ82 APT3
534411 DRIVE-TRUCK TRU5 APT5 APT5 CIT5
534419 DRIVE-TRUCK TRU5 APT5 APT5 CIT5
534425 DRIVE-TRUCK TRU5 APT5 APT5 CIT5
534429 DRIVE-TRUCK TRU5 APT5 APT5 CIT5
534432 DRIVE-TRUCK TRU5 APT5 POS5 CIT5
534658 i-LOCK-AT TRU5 POS5
534666 i-UNLOCK-AT TRU5 POS5
534670 LOAD-TRUCK OBJ53 TRU5 POS5
534684 DRIVE-TRUCK TRU5 POS5 POS5 CIT5
534686 DRIVE-TRUCK TRU5 POS5 POS5 CIT5
534694 DRIVE-TRUCK TRU5 POS5 APT5 CIT5
534944 i-LOCK-AT TRU5 APT5
534954 i-UNLOCK-AT TRU5 APT5
534962 UNLOAD-TRUCK OBJ53 TRU5 APT5
534970 FLY-AIRPLANE APN2 APT3 APT5
535231 i-LOCK-AT APN2 APT5
535242 i-UNLOCK-AT APN2 APT5
535250 LOAD-AIRPLANE OBJ53 APN2 APT5
535262 FLY-AIRPLANE APN2 APT5 APT8
535270 FLY-AIRPLANE APN2 APT8 APT3
535273 FLY-AIRPLANE APN2 APT3 APT1
535513 i-LOCK-AT APN2 APT1
535518 i-UNLOCK-AT APN2 APT1
535529 UNLOAD-AIRPLANE OBJ53 APN2 APT1
535534 i-LOCK-AT APN2 APT1
535799 i-UNLOCK-AT APN2 APT1
535805 LOAD-AIRPLANE OBJ53 APN2 APT1
535820 FLY-AIRPLANE APN2 APT1 APT3
536346 i-LOCK-AT APN2 APT3
536352 i-UNLOCK-AT APN2 APT3
536363 UNLOAD-AIRPLANE OBJ53 APN2 APT3
538328 i-LOCK-AT OBJ53 APT3
538337 DRIVE-TRUCK TRU7 APT7 APT7 CIT7
538341 DRIVE-TRUCK TRU7 APT7 APT7 CIT7
538346 DRIVE-TRUCK TRU7 APT7 POS7 CIT7
538579 i-LOCK-AT TRU7 POS7
538587 i-UNLOCK-AT TRU7 POS7
538589 LOAD-TRUCK OBJ71 TRU7 POS7
538593 DRIVE-TRUCK TRU7 POS7 POS7 CIT7
538611 DRIVE-TRUCK TRU7 POS7 APT7 CIT7
538868 i-LOCK-AT TRU7 APT7
538870 i-UNLOCK-AT TRU7 APT7
538884 UNLOAD-TRUCK OBJ71 TRU7 APT7
538896 FLY-AIRPLANE APN2 APT3 APT4
538901 FLY-AIRPLANE APN2 APT4 APT6
538906 FLY-AIRPLANE APN2 APT6 APT3
538914 FLY-AIRPLANE APN2 APT3 APT7
539155 i-LOCK-AT APN2 APT7
539163 i-UNLOCK-AT APN2 APT7
539171 LOAD-AIRPLANE OBJ71 APN2 APT7
539184 FLY-AIRPLANE APN2 APT7 APT3
539434 i-LOCK-AT APN2 APT3
539446 i-UNLOCK-AT APN2 APT3
539452 UNLOAD-AIRPLANE OBJ71 APN2 APT3
539464 i-LOCK-AT APN2 APT3
539718 i-UNLOCK-AT APN2 APT3
539726 LOAD-AIRPLANE OBJ71 APN2 APT3
539741 FLY-AIRPLANE APN2 APT3 APT6
540264 i-LOCK-AT APN2 APT6
540277 i-UNLOCK-AT APN2 APT6
540282 UNLOAD-AIRPLANE OBJ71 APN2 APT6
542249 i-LOCK-AT OBJ71 APT6
542256 DRIVE-TRUCK TRU2 APT2 APT2 CIT2
542262 DRIVE-TRUCK TRU2 APT2 POS2 CIT2
542502 i-LOCK-AT TRU2 POS2
542505 i-UNLOCK-AT TRU2 POS2
542511 LOAD-TRUCK OBJ22 TRU2 POS2
542518 DRIVE-TRUCK TRU2 POS2 POS2 CIT2
542529 DRIVE-TRUCK TRU2 POS2 POS2 CIT2
542536 DRIVE-TRUCK TRU2 POS2 APT2 CIT2
542785 i-LOCK-AT TRU2 APT2
542799 i-UNLOCK-AT TRU2 APT2
542803 UNLOAD-TRUCK OBJ22 TRU2 APT2
542815 i-LOCK-AT TRU2 APT2
543079 i-UNLOCK-AT TRU2 APT2
543089 LOAD-TRUCK OBJ22 TRU2 APT2
543094 i-LOCK-AT TRU2 APT2
543367 i-UNLOCK-AT TRU2 APT2
543369 UNLOAD-TRUCK OBJ22 TRU2 APT2
543378 FLY-AIRPLANE APN2 APT6 APT8
543393 FLY-AIRPLANE APN2 APT8 APT2
543632 i-LOCK-AT APN2 APT2
543640 i-UNLOCK-AT APN2 APT2
543646 LOAD-AIRPLANE OBJ22 APN2 APT2
543657 FLY-AIRPLANE APN2 APT2 APT5
544185 i-LOCK-AT APN2 APT5
544199 i-UNLOCK-AT APN2 APT5
544201 UNLOAD-AIRPLANE OBJ22 APN2 APT5
546170 i-LOCK-AT OBJ22 APT5
546178 i-LOCK-AT TRU4 POS4
546427 i-UNLOCK-AT TRU4 POS4
546433 LOAD-TRUCK OBJ42 TRU4 POS4
546445 DRIVE-TRUCK TRU4 POS4 POS4 CIT4
546449 DRIVE-TRUCK TRU4 POS4 POS4 CIT4
546458 DRIVE-TRUCK TRU4 POS4 APT4 CIT4
546709 i-LOCK-AT TRU4 APT4
546714 i-UNLOCK-AT TRU4 APT4
546725 UNLOAD-TRUCK OBJ42 TRU4 APT4
546735 i-LOCK-AT TRU4 APT4
546999 i-UNLOCK-AT TRU4 APT4
547013 LOAD-TRUCK OBJ42 TRU4 APT4
547020 i-LOCK-AT TRU4 APT4
547284 i-UNLOCK-AT TRU4 APT4
547294 UNLOAD-TRUCK OBJ42 TRU4 APT4
547302 FLY-AIRPLANE APN2 APT5 APT4
547550 i-LOCK-AT APN2 APT4
547557 i-UNLOCK-AT APN2 APT4
547569 LOAD-AIRPLANE OBJ42 APN2 APT4
547573 FLY-AIRPLANE APN2 APT4 APT2
548109 i-LOCK-AT APN2 APT2
548118 i-UNLOCK-AT APN2 APT2
548122 UNLOAD-AIRPLANE OBJ42 APN2 APT2
550091 i-LOCK-AT OBJ42 APT2
550101 DRIVE-TRUCK TRU3 APT3 APT3 CIT3
550103 DRIVE-TRUCK TRU3 APT3 APT3 CIT3
550107 DRIVE-TRUCK TRU3 APT3 POS3 CIT3
550343 i-LOCK-AT TRU3 POS3
550346 i-UNLOCK-AT TRU3 POS3
550354 LOAD-TRUCK OBJ32 TRU3 POS3
550356 DRIVE-TRUCK TRU3 POS3 POS3 CIT3
550372 DRIVE-TRUCK TRU3 POS3 POS3 CIT3
550378 DRIVE-TRUCK TRU3 POS3 APT3 CIT3
550627 i-LOCK-AT TRU3 APT3
550637 i-UNLOCK-AT TRU3 APT3
550643 UNLOAD-TRUCK OBJ32 TRU3 APT3
550660 FLY-AIRPLANE APN2 APT2 APT4
550667 FLY-AIRPLANE APN2 APT4 APT4
550672 FLY-AIRPLANE APN2 APT4 APT2
550676 FLY-AIRPLANE APN2 APT2 APT3
550917 i-LOCK-AT APN2 APT3
550923 i-UNLOCK-AT APN2 APT3
550930 LOAD-AIRPLANE OBJ32 APN2 APT3
550948 FLY-AIRPLANE APN2 APT3 APT1
550952 FLY-AIRPLANE APN2 APT1 APT7
551195 i-LOCK-AT APN2 APT7
551201 i-UNLOCK-AT APN2 APT7
551215 UNLOAD-AIRPLANE OBJ32 APN2 APT7
551229 i-LOCK-AT TRU7 APT7
551480 i-UNLOCK-AT TRU7 APT7
551490 LOAD-TRUCK OBJ32 TRU7 APT7
551502 DRIVE-TRUCK TRU7 APT7 POS7 CIT7
552029 i-LOCK-AT TRU7 POS7
552035 i-UNLOCK-AT TRU7 POS7
552046 UNLOAD-TRUCK OBJ32 TRU7 POS7
554012 i-LOCK-AT OBJ32 POS7
554021 DRIVE-TRUCK TRU8 APT8 APT8 CIT8
554024 DRIVE-TRUCK TRU8 APT8 APT8 CIT8
554028 DRIVE-TRUCK TRU8 APT8 APT8 CIT8
554034 DRIVE-TRUCK TRU8 APT8 APT8 CIT8
554036 DRIVE-TRUCK TRU8 APT8 POS8 CIT8
554265 i-LOCK-AT TRU8 POS8
554271 i-UNLOCK-AT TRU8 POS8
554274 LOAD-TRUCK OBJ83 TRU8 POS8
554279 DRIVE-TRUCK TRU8 POS8 POS8 CIT8
554295 DRIVE-TRUCK TRU8 POS8 POS8 CIT8
554299 DRIVE-TRUCK TRU8 POS8 POS8 CIT8
554306 DRIVE-TRUCK TRU8 POS8 APT8 CIT8
554548 i-LOCK-AT TRU8 APT8
554554 i-UNLOCK-AT TRU8 APT8
554568 UNLOAD-TRUCK OBJ83 TRU8 APT8
554582 FLY-AIRPLANE APN2 APT7 APT2
554587 FLY-AIRPLANE APN2 APT2 APT7
554591 FLY-AIRPLANE APN2 APT7 APT8
554838 i-LOCK-AT APN2 APT8
554849 i-UNLOCK-AT APN2 APT8
554854 LOAD-AIRPLANE OBJ83 APN2 APT8
554866 FLY-AIRPLANE APN2 APT8 APT3
555119 i-LOCK-AT APN2 APT3
555129 i-UNLOCK-AT APN2 APT3
555132 UNLOAD-AIRPLANE OBJ83 APN2 APT3
555138 i-LOCK-AT TRU3 APT3
555401 i-UNLOCK-AT TRU3 APT3
555411 LOAD-TRUCK OBJ83 TRU3 APT3
555413 DRIVE-TRUCK TRU3 APT3 POS3 CIT3
555951 i-LOCK-AT TRU3 POS3
555958 i-UNLOCK-AT TRU3 POS3
555968 UNLOAD-TRUCK OBJ83 TRU3 POS3
557933 i-LOCK-AT OBJ83 POS3
557938 i-LOCK-AT TRU1 POS1
558191 i-UNLOCK-AT TRU1 POS1
558194 LOAD-TRUCK OBJ12 TRU1 POS1
558209 DRIVE-TRUCK TRU1 POS1 POS1 CIT1
558214 DRIVE-TRUCK TRU1 POS1 POS1 CIT1
558218 DRIVE-TRUCK TRU1 POS1 APT1 CIT1
558472 i-LOCK-AT TRU1 APT1
558477 i-UNLOCK-AT TRU1 APT1
558488 UNLOAD-TRUCK OBJ12 TRU1 APT1
558501 FLY-AIRPLANE APN1 APT7 APT8
558507 FLY-AIRPLANE APN1 APT8 APT8
558513 FLY-AIRPLANE APN1 APT8 APT7
558521 FLY-AIRPLANE APN1 APT7 APT1
558760 i-LOCK-AT APN1 APT1
558765 i-UNLOCK-AT APN1 APT1
558772 LOAD-AIRPLANE OBJ12 APN1 APT1
558780 FLY-AIRPLANE APN1 APT1 APT7
558793 FLY-AIRPLANE APN1 APT7 APT3
559041 i-LOCK-AT APN1 APT3
559051 i-UNLOCK-AT APN1 APT3
559056 UNLOAD-AIRPLANE OBJ12 APN1 APT3
559060 DRIVE-TRUCK TRU3 POS3 APT3 CIT3
559315 i-LOCK-AT TRU3 APT3
559318 i-UNLOCK-AT TRU3 APT3
559332 LOAD-TRUCK OBJ12 TRU3 APT3
559341 DRIVE-TRUCK TRU3 APT3 POS3 CIT3
559872 i-LOCK-AT TRU3 POS3
559876 i-UNLOCK-AT TRU3 POS3
559887 UNLOAD-TRUCK OBJ12 TRU3 POS3
561854 i-LOCK-AT OBJ12 POS3
561856 DRIVE-TRUCK TRU1 APT1 POS1 CIT1
562106 i-LOCK-AT TRU1 POS1
562113 i-UNLOCK-AT TRU1 POS1
562117 LOAD-TRUCK OBJ13 TRU1 POS1
562131 DRIVE-TRUCK TRU1 POS1 POS1 CIT1
562135 DRIVE-TRUCK TRU1 POS1 POS1 CIT1
562141 DRIVE-TRUCK TRU1 POS1 POS1 CIT1
562146 DRIVE-TRUCK TRU1 POS1 APT1 CIT1
562391 i-LOCK-AT TRU1 APT1
562404 i-UNLOCK-AT TRU1 APT1
562408 UNLOAD-TRUCK OBJ13 TRU1 APT1
562414 FLY-AIRPLANE APN2 APT3 APT1
562679 i-LOCK-AT APN2 APT1
562689 i-UNLOCK-AT APN2 APT1
562693 LOAD-AIRPLANE OBJ13 APN2 APT1
562704 FLY-AIRPLANE APN2 APT1 APT4
562958 i-LOCK-AT APN2 APT4
562970 i-UNLOCK-AT APN2 APT4
562978 UNLOAD-AIRPLANE OBJ13 APN2 APT4
562991 i-LOCK-AT TRU4 APT4
563247 i-UNLOCK-AT TRU4 APT4
563250 LOAD-TRUCK OBJ13 TRU4 APT4
563266 DRIVE-TRUCK TRU4 APT4 POS4 CIT4
563794 i-LOCK-AT TRU4 POS4
563800 i-UNLOCK-AT TRU4 POS4
563809 UNLOAD-TRUCK OBJ13 TRU4 POS4
565775 i-LOCK-AT OBJ13 POS4
565784 DRIVE-TRUCK TRU2 APT2 POS2 CIT2
566028 i-LOCK-AT TRU2 POS2
566032 i-UNLOCK-AT TRU2 POS2
566038 LOAD-TRUCK OBJ23 TRU2 POS2
566052 DRIVE-TRUCK TRU2 POS2 APT2 CIT2
566314 i-LOCK-AT TRU2 APT2
566318 i-UNLOCK-AT TRU2 APT2
566329 UNLOAD-TRUCK OBJ23 TRU2 APT2
566334 FLY-AIRPLANE APN1 APT3 APT1
566350 FLY-AIRPLANE APN1 APT1 APT3
566353 FLY-AIRPLANE APN1 APT3 APT6
566361 FLY-AIRPLANE APN1 APT6 APT2
566599 i-LOCK-AT APN1 APT2
566610 i-UNLOCK-AT APN1 APT2
566615 LOAD-AIRPLANE OBJ23 APN1 APT2
566631 FLY-AIRPLANE APN1 APT2 APT1
566638 FLY-AIRPLANE APN1 APT1 APT8
566879 i-LOCK-AT APN1 APT8
566887 i-UNLOCK-AT APN1 APT8
566896 UNLOAD-AIRPLANE OBJ23 APN1 APT8
569695 i-LOCK-AT OBJ23 APT8
569702 DRIVE-TRUCK TRU8 APT8 POS8 CIT8
569948 i-LOCK-AT TRU8 POS8
569952 i-UNLOCK-AT TRU8 POS8
569959 LOAD-TRUCK OBJ81 TRU8 POS8
569961 DRIVE-TRUCK TRU8 POS8 POS8 CIT8
569979 DRIVE-TRUCK TRU8 POS8 POS8 CIT8
569981 DRIVE-TRUCK TRU8 POS8 POS8 CIT8
569990 DRIVE-TRUCK TRU8 POS8 POS8 CIT8
569995 DRIVE-TRUCK TRU8 POS8 APT8 CIT8
570235 i-LOCK-AT TRU8 APT8
570240 i-UNLOCK-AT TRU8 APT8
570248 UNLOAD-TRUCK OBJ81 TRU8 APT8
570264 i-LOCK-AT APN1 APT8
570530 i-UNLOCK-AT APN1 APT8
570539 LOAD-AIRPLANE OBJ81 APN1 APT8
570553 FLY-AIRPLANE APN1 APT8 APT8
570558 FLY-AIRPLANE APN1 APT8 APT8
570565 FLY-AIRPLANE APN1 APT8 APT5
570800 i-LOCK-AT APN1 APT5
570807 i-UNLOCK-AT APN1 APT5
570817 UNLOAD-AIRPLANE OBJ81 APN1 APT5
570832 i-LOCK-AT TRU5 APT5
571089 i-UNLOCK-AT TRU5 APT5
571094 LOAD-TRUCK OBJ81 TRU5 APT5
571102 DRIVE-TRUCK TRU5 APT5 POS5 CIT5
571634 i-LOCK-AT TRU5 POS5
571645 i-UNLOCK-AT TRU5 POS5
571652 UNLOAD-TRUCK OBJ81 TRU5 POS5
573617 i-LOCK-AT OBJ81 POS5
573620 i-LOCK-AT TRU4 POS4
573873 i-UNLOCK-AT TRU4 POS4
573879 LOAD-TRUCK OBJ41 TRU4 POS4
573891 DRIVE-TRUCK TRU4 POS4 POS4 CIT4
573896 DRIVE-TRUCK TRU4 POS4 POS4 CIT4
573903 DRIVE-TRUCK TRU4 POS4 POS4 CIT4
573908 DRIVE-TRUCK TRU4 POS4 POS4 CIT4
573914 DRIVE-TRUCK TRU4 POS4 APT4 CIT4
574156 i-LOCK-AT TRU4 APT4
574161 i-UNLOCK-AT TRU4 APT4
574170 UNLOAD-TRUCK OBJ41 TRU4 APT4
574182 i-LOCK-AT APN2 APT4
574454 i-UNLOCK-AT APN2 APT4
574458 LOAD-AIRPLANE OBJ41 APN2 APT4
574468 FLY-AIRPLANE APN2 APT4 APT8
574723 i-LOCK-AT APN2 APT8
574732 i-UNLOCK-AT APN2 APT8
574738 UNLOAD-AIRPLANE OBJ41 APN2 APT8
574753 i-LOCK-AT TRU8 APT8
575005 i-UNLOCK-AT TRU8 APT8
575013 LOAD-TRUCK OBJ41 TRU8 APT8
575029 DRIVE-TRUCK TRU8 APT8 POS8 CIT8
575556 i-LOCK-AT TRU8 POS8
575567 i-UNLOCK-AT TRU8 POS8
575572 UNLOAD-TRUCK OBJ41 TRU8 POS8
577538 i-LOCK-AT OBJ41 POS8
577546 i-LOCK-AT TRU7 POS7
577793 i-UNLOCK-AT TRU7 POS7
577801 LOAD-TRUCK OBJ72 TRU7 POS7
577814 DRIVE-TRUCK TRU7 POS7 POS7 CIT7
577818 DRIVE-TRUCK TRU7 POS7 POS7 CIT7
577827 DRIVE-TRUCK TRU7 POS7 POS7 CIT7
577833 DRIVE-TRUCK TRU7 POS7 APT7 CIT7
578074 i-LOCK-AT TRU7 APT7
578080 i-UNLOCK-AT TRU7 APT7
578091 UNLOAD-TRUCK OBJ72 TRU7 APT7
578097 FLY-AIRPLANE APN2 APT8 APT7
578362 i-LOCK-AT APN2 APT7
578367 i-UNLOCK-AT APN2 APT7
578378 LOAD-AIRPLANE OBJ72 APN2 APT7
578386 FLY-AIRPLANE APN2 APT7 APT4
578646 i-LOCK-AT APN2 APT4
578649 i-UNLOCK-AT APN2 APT4
578662 UNLOAD-AIRPLANE OBJ72 APN2 APT4
581459 i-LOCK-AT OBJ72 APT4
581462 i-LOCK-AT TRU3 POS3
581715 i-UNLOCK-AT TRU3 POS3
581720 LOAD-TRUCK OBJ33 TRU3 POS3
581736 i-LOCK-AT TRU3 POS3
582005 i-UNLOCK-AT TRU3 POS3
582015 UNLOAD-TRUCK OBJ33 TRU3 POS3
582023 i-LOCK-AT TRU3 POS3
582294 i-UNLOCK-AT TRU3 POS3
582298 LOAD-TRUCK OBJ33 TRU3 POS3
582311 DRIVE-TRUCK TRU3 POS3 APT3 CIT3
582564 i-LOCK-AT TRU3 APT3
582575 i-UNLOCK-AT TRU3 APT3
582579 UNLOAD-TRUCK OBJ33 TRU3 APT3
582592 FLY-AIRPLANE APN2 APT4 APT2
582604 FLY-AIRPLANE APN2 APT2 APT3
582841 i-LOCK-AT APN2 APT3
582850 i-UNLOCK-AT APN2 APT3
582858 LOAD-AIRPLANE OBJ33 APN2 APT3
582865 FLY-AIRPLANE APN2 APT3 APT5
583399 i-LOCK-AT APN2 APT5
583407 i-UNLOCK-AT APN2 APT5
583414 UNLOAD-AIRPLANE OBJ33 APN2 APT5
585379 i-LOCK-AT OBJ33 APT5
585384 DRIVE-TRUCK TRU1 APT1 POS1 CIT1
585633 i-LOCK-AT TRU1 POS1
585637 i-UNLOCK-AT TRU1 POS1
585642 LOAD-TRUCK OBJ11 TRU1 POS1
585655 DRIVE-TRUCK TRU1 POS1 POS1 CIT1
585661 DRIVE-TRUCK TRU1 POS1 APT1 CIT1
585920 i-LOCK-AT TRU1 APT1
585930 i-UNLOCK-AT TRU1 APT1
585932 UNLOAD-TRUCK OBJ11 TRU1 APT1
585946 FLY-AIRPLANE APN2 APT5 APT1
586203 i-LOCK-AT APN2 APT1
586216 i-UNLOCK-AT APN2 APT1
586223 LOAD-AIRPLANE OBJ11 APN2 APT1
586233 FLY-AIRPLANE APN2 APT1 APT3
586487 i-LOCK-AT APN2 APT3
586495 i-UNLOCK-AT APN2 APT3
586500 UNLOAD-AIRPLANE OBJ11 APN2 APT3
589301 i-LOCK-AT OBJ11 APT3
root 5 78 151 224 297 370 443 516 589 662 735 808 881 954 1027 1100 1173 1246 1319 1392 1465 1538 1611 1684
5 ACHIEVE-AT OBJ63 POS1 -> M10-ACHIEVE-AT 1827 499118
78 ACHIEVE-AT OBJ21 APT6 -> M10-ACHIEVE-AT 3300 503038
151 ACHIEVE-AT OBJ62 APT3 -> M10-ACHIEVE-AT 4090 506960
224 ACHIEVE-AT OBJ43 APT6 -> M10-ACHIEVE-AT 4875 510881
297 ACHIEVE-AT OBJ73 APT4 -> M10-ACHIEVE-AT 5664 514801
370 ACHIEVE-AT OBJ52 POS6 -> M10-ACHIEVE-AT 6450 518723
443 ACHIEVE-AT OBJ51 APT8 -> M10-ACHIEVE-AT 7238 522643
516 ACHIEVE-AT OBJ61 POS4 -> M10-ACHIEVE-AT 8024 526565
589 ACHIEVE-AT OBJ31 APT7 -> M10-ACHIEVE-AT 8811 530486
662 ACHIEVE-AT OBJ82 APT3 -> M10-ACHIEVE-AT 9599 534406
735 ACHIEVE-AT OBJ53 APT3 -> M10-ACHIEVE-AT 10385 538328
808 ACHIEVE-AT OBJ71 APT6 -> M10-ACHIEVE-AT 11171 542249
881 ACHIEVE-AT OBJ22 APT5 -> M10-ACHIEVE-AT 11960 546170
954 ACHIEVE-AT OBJ42 APT2 -> M10-ACHIEVE-AT 12746 550091
1027 ACHIEVE-AT OBJ32 POS7 -> M10-ACHIEVE-AT 13534 554012
1100 ACHIEVE-AT OBJ83 POS3 -> M10-ACHIEVE-AT 14319 557933
1173 ACHIEVE-AT OBJ12 POS3 -> M10-ACHIEVE-AT 15107 561854
1246 ACHIEVE-AT OBJ13 POS4 -> M10-ACHIEVE-AT 15895 565775
1319 ACHIEVE-AT OBJ23 APT8 -> M10-ACHIEVE-AT 16682 569695
1392 ACHIEVE-AT OBJ81 POS5 -> M10-ACHIEVE-AT 17469 573617
1465 ACHIEVE-AT OBJ41 POS8 -> M10-ACHIEVE-AT 18254 577538
1538 ACHIEVE-AT OBJ72 APT4 -> M10-ACHIEVE-AT 19042 581459
1611 ACHIEVE-AT OBJ33 APT5 -> M10-ACHIEVE-AT 19830 585379
1684 ACHIEVE-AT OBJ11 APT3 -> M10-ACHIEVE-AT 20616 589301
1827 ACHIEVE-AT0 OBJ63 POS1 -> M12-ACHIEVE-AT0 23902 21658
3300 ACHIEVE-AT0 OBJ21 APT6 -> M12-ACHIEVE-AT0 24032 21734
4090 ACHIEVE-AT0 OBJ62 APT3 -> M12-ACHIEVE-AT0 24151 21827
4875 ACHIEVE-AT0 OBJ43 APT6 -> M12-ACHIEVE-AT0 24271 21922
5664 ACHIEVE-AT0 OBJ73 APT4 -> M12-ACHIEVE-AT0 24391 22016
6450 ACHIEVE-AT0 OBJ52 POS6 -> M12-ACHIEVE-AT0 24511 22114
7238 ACHIEVE-AT0 OBJ51 APT8 -> M12-ACHIEVE-AT0 24632 22210
8024 ACHIEVE-AT0 OBJ61 POS4 -> M12-ACHIEVE-AT0 24751 22302
8811 ACHIEVE-AT0 OBJ31 APT7 -> M12-ACHIEVE-AT0 24872 22400
9599 ACHIEVE-AT0 OBJ82 APT3 -> M12-ACHIEVE-AT0 24991 22494
10385 ACHIEVE-AT0 OBJ53 APT3 -> M12-ACHIEVE-AT0 25112 22586
11171 ACHIEVE-AT0 OBJ71 APT6 -> M12-ACHIEVE-AT0 25231 22685
11960 ACHIEVE-AT0 OBJ22 APT5 -> M12-ACHIEVE-AT0 25352 22780
12746 ACHIEVE-AT0 OBJ42 APT2 -> M12-ACHIEVE-AT0 25472 22871
13534 ACHIEVE-AT0 OBJ32 POS7 -> M12-ACHIEVE-AT0 25592 22969
14319 ACHIEVE-AT0 OBJ83 POS3 -> M12-ACHIEVE-AT0 25711 23062
15107 ACHIEVE-AT0 OBJ12 POS3 -> M12-ACHIEVE-AT0 25832 23157
15895 ACHIEVE-AT0 OBJ13 POS4 -> M12-ACHIEVE-AT0 25952 23255
16682 ACHIEVE-AT0 OBJ23 APT8 -> M12-ACHIEVE-AT0 26071 23346
17469 ACHIEVE-AT0 OBJ81 POS5 -> M12-ACHIEVE-AT0 26192 23441
18254 ACHIEVE-AT0 OBJ41 POS8 -> M12-ACHIEVE-AT0 26312 23539
19042 ACHIEVE-AT0 OBJ72 APT4 -> M12-ACHIEVE-AT0 26431 23633
19830 ACHIEVE-AT0 OBJ33 APT5 -> M12-ACHIEVE-AT0 26552 23730
20616 ACHIEVE-AT0 OBJ11 APT3 -> M12-ACHIEVE-AT0 26672 23822
21658 ACHIEVE-AT0 OBJ63 POS1 -> M14-ACHIEVE-AT0 27736 23954
21734 ACHIEVE-AT0 OBJ21 APT6 -> M14-ACHIEVE-AT0 30057 24072
21827 ACHIEVE-AT0 OBJ62 APT3 -> M14-ACHIEVE-AT0 32378 24191
21922 ACHIEVE-AT0 OBJ43 APT6 -> M14-ACHIEVE-AT0 34700 24311
22016 ACHIEVE-AT0 OBJ73 APT4 -> M14-ACHIEVE-AT0 37020 24428
22114 ACHIEVE-AT0 OBJ52 POS6 -> M14-ACHIEVE-AT0 39344 24551
22210 ACHIEVE-AT0 OBJ51 APT8 -> M14-ACHIEVE-AT0 41667 24672
22302 ACHIEVE-AT0 OBJ61 POS4 -> M14-ACHIEVE-AT0 43988 24789
22400 ACHIEVE-AT0 OBJ31 APT7 -> M14-ACHIEVE-AT0 46310 24910
22494 ACHIEVE-AT0 OBJ82 APT3 -> M14-ACHIEVE-AT0 48633 25029
22586 ACHIEVE-AT0 OBJ53 APT3 -> M14-ACHIEVE-AT0 50955 25151
22685 ACHIEVE-AT0 OBJ71 APT6 -> M14-ACHIEVE-AT0 53277 25270
22780 ACHIEVE-AT0 OBJ22 APT5 -> M14-ACHIEVE-AT0 55599 25391
22871 ACHIEVE-AT0 OBJ42 APT2 -> M14-ACHIEVE-AT0 57921 25511
22969 ACHIEVE-AT0 OBJ32 POS7 -> M14-ACHIEVE-AT0 60243 25631
23062 ACHIEVE-AT0 OBJ83 POS3 -> M14-ACHIEVE-AT0 62563 25751
23157 ACHIEVE-AT0 OBJ12 POS3 -> M14-ACHIEVE-AT0 64886 25870
23255 ACHIEVE-AT0 OBJ13 POS4 -> M14-ACHIEVE-AT0 67208 25990
23346 ACHIEVE-AT0 OBJ23 APT8 -> M14-ACHIEVE-AT0 69531 26112
23441 ACHIEVE-AT0 OBJ81 POS5 -> M14-ACHIEVE-AT0 71851 26230
23539 ACHIEVE-AT0 OBJ41 POS8 -> M14-ACHIEVE-AT0 74174 26348
23633 ACHIEVE-AT0 OBJ72 APT4 -> M14-ACHIEVE-AT0 76497 26469
23730 ACHIEVE-AT0 OBJ33 APT5 -> M14-ACHIEVE-AT0 78818 26592
23822 ACHIEVE-AT0 OBJ11 APT3 -> M14-ACHIEVE-AT0 81141 26708
23902 DO-AT-LOAD-TRUCK0 OBJ63 TRU6 POS6 -> M4-DO-AT-LOAD-TRUCK0 495230 495476 495480
23954 ACHIEVE-AT0 OBJ63 POS1 -> M13-ACHIEVE-AT0 83702 28228
24032 DO-AT-LOAD-TRUCK0 OBJ21 TRU2 POS2 -> M4-DO-AT-LOAD-TRUCK0 499122 499376 499379
24072 ACHIEVE-AT0 OBJ21 APT6 -> M13-ACHIEVE-AT0 85650 30545
24151 DO-AT-LOAD-TRUCK0 OBJ62 TRU6 POS6 -> M4-DO-AT-LOAD-TRUCK0 31576 503297 503302
24191 ACHIEVE-AT0 OBJ62 APT3 -> M13-ACHIEVE-AT0 87599 32869
24271 DO-AT-LOAD-TRUCK0 OBJ43 TRU4 POS4 -> M4-DO-AT-LOAD-TRUCK0 506968 507215 507223
24311 ACHIEVE-AT0 OBJ43 APT6 -> M13-ACHIEVE-AT0 89549 35190
24391 DO-AT-LOAD-TRUCK0 OBJ73 TRU7 POS7 -> M4-DO-AT-LOAD-TRUCK0 510887 511138 511142
24428 ACHIEVE-AT0 OBJ73 APT4 -> M13-ACHIEVE-AT0 91497 37513
24511 DO-AT-LOAD-TRUCK0 OBJ52 TRU5 POS5 -> M4-DO-AT-LOAD-TRUCK0 514805 515057 515064
24551 ACHIEVE-AT0 OBJ52 POS6 -> M13-ACHIEVE-AT0 93447 39834
24632 DO-AT-LOAD-TRUCK0 OBJ51 TRU5 POS5 -> M4-DO-AT-LOAD-TRUCK0 40864 518980 518985
24672 ACHIEVE-AT0 OBJ51 APT8 -> M13-ACHIEVE-AT0 95396 42155
24751 DO-AT-LOAD-TRUCK0 OBJ61 TRU6 POS6 -> M4-DO-AT-LOAD-TRUCK0 522648 522900 522905
24789 ACHIEVE-AT0 OBJ61 POS4 -> M13-ACHIEVE-AT0 97345 44478
24872 DO-AT-LOAD-TRUCK0 OBJ31 TRU3 POS3 -> M4-DO-AT-LOAD-TRUCK0 526573 526819 526828
24910 ACHIEVE-AT0 OBJ31 APT7 -> M13-ACHIEVE-AT0 99292 46799
24991 DO-AT-LOAD-TRUCK0 OBJ82 TRU8 POS8 -> M4-DO-AT-LOAD-TRUCK0 530493 530744 530748
25029 ACHIEVE-AT0 OBJ82 APT3 -> M13-ACHIEVE-AT0 101240 49124
25112 DO-AT-LOAD-TRUCK0 OBJ53 TRU5 POS5 -> M4-DO-AT-LOAD-TRUCK0 50153 534665 534670
25151 ACHIEVE-AT0 OBJ53 APT3 -> M13-ACHIEVE-AT0 103190 51444
25231 DO-AT-LOAD-TRUCK0 OBJ71 TRU7 POS7 -> M4-DO-AT-LOAD-TRUCK0 52474 538586 538589
25270 ACHIEVE-AT0 OBJ71 APT6 -> M13-ACHIEVE-AT0 105139 53764
25352 DO-AT-LOAD-TRUCK0 OBJ22 TRU2 POS2 -> M4-DO-AT-LOAD-TRUCK0 54797 542504 542511
25391 ACHIEVE-AT0 OBJ22 APT5 -> M12-ACHIEVE-AT0 107089 56090
25472 DO-AT-LOAD-TRUCK0 OBJ42 TRU4 POS4 -> M4-DO-AT-LOAD-TRUCK0 546177 546426 546433
25511 ACHIEVE-AT0 OBJ42 APT2 -> M12-ACHIEVE-AT0 109036 58409
25592 DO-AT-LOAD-TRUCK0 OBJ32 TRU3 POS3 -> M4-DO-AT-LOAD-TRUCK0 59440 550345 550354
25631 ACHIEVE-AT0 OBJ32 POS7 -> M13-ACHIEVE-AT0 110988 60732
25711 DO-AT-LOAD-TRUCK0 OBJ83 TRU8 POS8 -> M4-DO-AT-LOAD-TRUCK0 61762 554270 554274
25751 ACHIEVE-AT0 OBJ83 POS3 -> M13-ACHIEVE-AT0 112937 63056
25832 DO-AT-LOAD-TRUCK0 OBJ12 TRU1 POS1 -> M4-DO-AT-LOAD-TRUCK0 557937 558190 558194
25870 ACHIEVE-AT0 OBJ12 POS3 -> M13-ACHIEVE-AT0 114883 65376
25952 DO-AT-LOAD-TRUCK0 OBJ13 TRU1 POS1 -> M4-DO-AT-LOAD-TRUCK0 66407 562112 562117
25990 ACHIEVE-AT0 OBJ13 POS4 -> M13-ACHIEVE-AT0 116832 67697
26071 DO-AT-LOAD-TRUCK0 OBJ23 TRU2 POS2 -> M4-DO-AT-LOAD-TRUCK0 68729 566031 566038
26112 ACHIEVE-AT0 OBJ23 APT8 -> M13-ACHIEVE-AT0 118784 70022
26192 DO-AT-LOAD-TRUCK0 OBJ81 TRU8 POS8 -> M4-DO-AT-LOAD-TRUCK0 71050 569951 569959
26230 ACHIEVE-AT0 OBJ81 POS5 -> M13-ACHIEVE-AT0 120732 72340
26312 DO-AT-LOAD-TRUCK0 OBJ41 TRU4 POS4 -> M4-DO-AT-LOAD-TRUCK0 573619 573872 573879
26348 ACHIEVE-AT0 OBJ41 POS8 -> M13-ACHIEVE-AT0 122681 74665
26431 DO-AT-LOAD-TRUCK0 OBJ72 TRU7 POS7 -> M4-DO-AT-LOAD-TRUCK0 577545 577792 577801
26469 ACHIEVE-AT0 OBJ72 APT4 -> M13-ACHIEVE-AT0 124631 76985
26552 DO-AT-LOAD-TRUCK0 OBJ33 TRU3 POS3 -> M4-DO-AT-LOAD-TRUCK0 581461 581714 581720
26592 ACHIEVE-AT0 OBJ33 APT5 -> M12-ACHIEVE-AT0 126579 79309
26672 DO-AT-LOAD-TRUCK0 OBJ11 TRU1 POS1 -> M4-DO-AT-LOAD-TRUCK0 80339 585636 585642
26708 ACHIEVE-AT0 OBJ11 APT3 -> M13-ACHIEVE-AT0 128528 81631
27736 DO-IN-UNLOAD-TRUCK0 OBJ63 TRU6 APT6 -> M6-DO-IN-UNLOAD-TRUCK0 82901 495760 495770
28228 ACHIEVE-AT0 OBJ63 POS1 -> M15-ACHIEVE-AT0 130719 83750
30057 DO-IN-UNLOAD-TRUCK0 OBJ21 TRU2 APT2 -> M6-DO-IN-UNLOAD-TRUCK0 84827 499662 499673
30545 ACHIEVE-AT0 OBJ21 APT6 -> M15-ACHIEVE-AT0 133215 85694
31576 ACHIEVE-AT-TRK TRU6 POS6 -> M34-ACHIEVE-AT 86246 503292
32378 DO-IN-UNLOAD-TRUCK0 OBJ62 TRU6 APT6 -> M6-DO-IN-UNLOAD-TRUCK0 86777 503587 503594
32869 ACHIEVE-AT0 OBJ62 APT3 -> M15-ACHIEVE-AT0 135711 87642
34700 DO-IN-UNLOAD-TRUCK0 OBJ43 TRU4 APT4 -> M6-DO-IN-UNLOAD-TRUCK0 88727 507509 507516
35190 ACHIEVE-AT0 OBJ43 APT6 -> M15-ACHIEVE-AT0 138210 89594
37020 DO-IN-UNLOAD-TRUCK0 OBJ73 TRU7 APT7 -> M6-DO-IN-UNLOAD-TRUCK0 90673 511425 511433
37513 ACHIEVE-AT0 OBJ73 APT4 -> M15-ACHIEVE-AT0 140708 91540
39344 DO-IN-UNLOAD-TRUCK0 OBJ52 TRU5 APT5 -> M6-DO-IN-UNLOAD-TRUCK0 92625 515344 515356
39834 ACHIEVE-AT0 OBJ52 POS6 -> M15-ACHIEVE-AT0 143205 93493
40864 ACHIEVE-AT-TRK TRU5 POS5 -> M34-ACHIEVE-AT 94044 518976
41667 DO-IN-UNLOAD-TRUCK0 OBJ51 TRU5 APT5 -> M6-DO-IN-UNLOAD-TRUCK0 94572 519270 519275
42155 ACHIEVE-AT0 OBJ51 APT8 -> M15-ACHIEVE-AT0 145706 95442
43988 DO-IN-UNLOAD-TRUCK0 OBJ61 TRU6 APT6 -> M6-DO-IN-UNLOAD-TRUCK0 96520 523188 523198
44478 ACHIEVE-AT0 OBJ61 POS4 -> M15-ACHIEVE-AT0 148202 97391
46310 DO-IN-UNLOAD-TRUCK0 OBJ31 TRU3 APT3 -> M6-DO-IN-UNLOAD-TRUCK0 98470 527114 527119
46799 ACHIEVE-AT0 OBJ31 APT7 -> M15-ACHIEVE-AT0 150699 99336
48633 DO-IN-UNLOAD-TRUCK0 OBJ82 TRU8 APT8 -> M6-DO-IN-UNLOAD-TRUCK0 100421 531032 531039
49124 ACHIEVE-AT0 OBJ82 APT3 -> M15-ACHIEVE-AT0 153197 101285
50153 ACHIEVE-AT-TRK TRU5 POS5 -> M34-ACHIEVE-AT 101837 534658
50955 DO-IN-UNLOAD-TRUCK0 OBJ53 TRU5 APT5 -> M6-DO-IN-UNLOAD-TRUCK0 102369 534953 534962
51444 ACHIEVE-AT0 OBJ53 APT3 -> M15-ACHIEVE-AT0 155695 103234
52474 ACHIEVE-AT-TRK TRU7 POS7 -> M34-ACHIEVE-AT 103788 538579
53277 DO-IN-UNLOAD-TRUCK0 OBJ71 TRU7 APT7 -> M6-DO-IN-UNLOAD-TRUCK0 104317 538869 538884
53764 ACHIEVE-AT0 OBJ71 APT6 -> M15-ACHIEVE-AT0 158195 105183
54797 ACHIEVE-AT-TRK TRU2 POS2 -> M34-ACHIEVE-AT 105737 542502
55599 DO-IN-UNLOAD-TRUCK0 OBJ22 TRU2 APT2 -> M6-DO-IN-UNLOAD-TRUCK0 106267 542798 542803
56090 ACHIEVE-AT0 OBJ22 APT5 -> M14-ACHIEVE-AT0 160691 107134
57921 DO-IN-UNLOAD-TRUCK0 OBJ42 TRU4 APT4 -> M6-DO-IN-UNLOAD-TRUCK0 108214 546713 546725
58409 ACHIEVE-AT0 OBJ42 APT2 -> M14-ACHIEVE-AT0 163191 109085
59440 ACHIEVE-AT-TRK TRU3 POS3 -> M34-ACHIEVE-AT 109634 550343
60243 DO-IN-UNLOAD-TRUCK0 OBJ32 TRU3 APT3 -> M6-DO-IN-UNLOAD-TRUCK0 110163 550636 550643
60732 ACHIEVE-AT0 OBJ32 POS7 -> M15-ACHIEVE-AT0 165690 111030
61762 ACHIEVE-AT-TRK TRU8 POS8 -> M34-ACHIEVE-AT 111584 554265
62563 DO-IN-UNLOAD-TRUCK0 OBJ83 TRU8 APT8 -> M6-DO-IN-UNLOAD-TRUCK0 112114 554553 554568
63056 ACHIEVE-AT0 OBJ83 POS3 -> M15-ACHIEVE-AT0 168186 112979
64886 DO-IN-UNLOAD-TRUCK0 OBJ12 TRU1 APT1 -> M6-DO-IN-UNLOAD-TRUCK0 114061 558476 558488
65376 ACHIEVE-AT0 OBJ12 POS3 -> M15-ACHIEVE-AT0 170683 114931
66407 ACHIEVE-AT-TRK TRU1 POS1 -> M34-ACHIEVE-AT 115483 562106
67208 DO-IN-UNLOAD-TRUCK0 OBJ13 TRU1 APT1 -> M6-DO-IN-UNLOAD-TRUCK0 116011 562403 562408
67697 ACHIEVE-AT0 OBJ13 POS4 -> M15-ACHIEVE-AT0 173183 116878
68729 ACHIEVE-AT-TRK TRU2 POS2 -> M34-ACHIEVE-AT 117431 566028
69531 DO-IN-UNLOAD-TRUCK0 OBJ23 TRU2 APT2 -> M6-DO-IN-UNLOAD-TRUCK0 117959 566317 566329
70022 ACHIEVE-AT0 OBJ23 APT8 -> M15-ACHIEVE-AT0 175680 118827
71050 ACHIEVE-AT-TRK TRU8 POS8 -> M34-ACHIEVE-AT 119379 569948
71851 DO-IN-UNLOAD-TRUCK0 OBJ81 TRU8 APT8 -> M6-DO-IN-UNLOAD-TRUCK0 119911 570239 570248
72340 ACHIEVE-AT0 OBJ81 POS5 -> M15-ACHIEVE-AT0 178179 120776
74174 DO-IN-UNLOAD-TRUCK0 OBJ41 TRU4 APT4 -> M6-DO-IN-UNLOAD-TRUCK0 121860 574160 574170
74665 ACHIEVE-AT0 OBJ41 POS8 -> M15-ACHIEVE-AT0 180676 122726
76497 DO-IN-UNLOAD-TRUCK0 OBJ72 TRU7 APT7 -> M6-DO-IN-UNLOAD-TRUCK0 123808 578079 578091
76985 ACHIEVE-AT0 OBJ72 APT4 -> M15-ACHIEVE-AT0 183173 124676
78818 DO-IN-UNLOAD-TRUCK0 OBJ33 TRU3 POS3 -> M6-DO-IN-UNLOAD-TRUCK0 581735 582004 582015
79309 ACHIEVE-AT0 OBJ33 APT5 -> M14-ACHIEVE-AT0 185672 126626
80339 ACHIEVE-AT-TRK TRU1 POS1 -> M34-ACHIEVE-AT 127175 585633
81141 DO-IN-UNLOAD-TRUCK0 OBJ11 TRU1 APT1 -> M6-DO-IN-UNLOAD-TRUCK0 127707 585929 585932
81631 ACHIEVE-AT0 OBJ11 APT3 -> M15-ACHIEVE-AT0 188169 128574
82901 ACHIEVE-AT-TRK TRU6 APT6 -> M34-ACHIEVE-AT 129376 495754
83702 DO-AT-LOAD-AIRPLANE0 OBJ63 APN1 APT6 -> M5-DO-AT-LOAD-AIRPLANE0 129913 496052 496056
83750 ACHIEVE-AT0 OBJ63 POS1 -> M12-ACHIEVE-AT0 190913 130762
84827 ACHIEVE-AT-TRK TRU2 APT2 -> M34-ACHIEVE-AT 131847 499658
85650 DO-AT-LOAD-AIRPLANE0 OBJ21 APN1 APT2 -> M5-DO-AT-LOAD-AIRPLANE0 132394 499951 499957
85694 ACHIEVE-AT0 OBJ21 APT6 -> M11-ACHIEVE-AT0
86246 ACHIEVE-AT1 TRU6 POS6 -> M36-ACHIEVE-AT1 503045 133824
86777 ACHIEVE-AT-TRK TRU6 APT6 -> M34-ACHIEVE-AT 134351 503578
87599 DO-AT-LOAD-AIRPLANE0 OBJ62 APN1 APT6 -> M5-DO-AT-LOAD-AIRPLANE0 503604 503871 503880
87642 ACHIEVE-AT0 OBJ62 APT3 -> M11-ACHIEVE-AT0
88727 ACHIEVE-AT-TRK TRU4 APT4 -> M34-ACHIEVE-AT 136850 507499
89549 DO-AT-LOAD-AIRPLANE0 OBJ43 APN1 APT4 -> M5-DO-AT-LOAD-AIRPLANE0 137387 507788 507803
89594 ACHIEVE-AT0 OBJ43 APT6 -> M13-ACHIEVE-AT0 199219 138255
90673 ACHIEVE-AT-TRK TRU7 APT7 -> M34-ACHIEVE-AT 139348 511419
91497 DO-AT-LOAD-AIRPLANE0 OBJ73 APN2 APT7 -> M5-DO-AT-LOAD-AIRPLANE0 139888 511716 511723
91540 ACHIEVE-AT0 OBJ73 APT4 -> M13-ACHIEVE-AT0 201989 140756
92625 ACHIEVE-AT-TRK TRU5 APT5 -> M34-ACHIEVE-AT 141844 515342
93447 DO-AT-LOAD-AIRPLANE0 OBJ52 APN1 APT5 -> M5-DO-AT-LOAD-AIRPLANE0 142385 515635 515644
93493 ACHIEVE-AT0 OBJ52 POS6 -> M12-ACHIEVE-AT0 204757 143253
94044 ACHIEVE-AT1 TRU5 POS5 -> M36-ACHIEVE-AT1 518732 143818
94572 ACHIEVE-AT-TRK TRU5 APT5 -> M34-ACHIEVE-AT 144340 519263
95396 DO-AT-LOAD-AIRPLANE0 OBJ51 APN1 APT5 -> M5-DO-AT-LOAD-AIRPLANE0 144881 519552 519566
95442 ACHIEVE-AT0 OBJ51 APT8 -> M13-ACHIEVE-AT0 207525 145752
96520 ACHIEVE-AT-TRK TRU6 APT6 -> M34-ACHIEVE-AT 146842 523183
97345 DO-AT-LOAD-AIRPLANE0 OBJ61 APN1 APT6 -> M5-DO-AT-LOAD-AIRPLANE0 147382 523472 523484
97391 ACHIEVE-AT0 OBJ61 POS4 -> M12-ACHIEVE-AT0 210295 148250
98470 ACHIEVE-AT-TRK TRU3 APT3 -> M34-ACHIEVE-AT 149340 527102
99292 DO-AT-LOAD-AIRPLANE0 OBJ31 APN1 APT3 -> M5-DO-AT-LOAD-AIRPLANE0 149880 527397 527407
99336 ACHIEVE-AT0 OBJ31 APT7 -> M13-ACHIEVE-AT0 213063 150744
100421 ACHIEVE-AT-TRK TRU8 APT8 -> M34-ACHIEVE-AT 151834 531026
101240 DO-AT-LOAD-AIRPLANE0 OBJ82 APN1 APT8 -> M5-DO-AT-LOAD-AIRPLANE0 152375 531318 531329
101285 ACHIEVE-AT0 OBJ82 APT3 -> M13-ACHIEVE-AT0 215832 153245
101837 ACHIEVE-AT1 TRU5 POS5 -> M36-ACHIEVE-AT1 534411 153809
102369 ACHIEVE-AT-TRK TRU5 APT5 -> M34-ACHIEVE-AT 154333 534944
103190 DO-AT-LOAD-AIRPLANE0 OBJ53 APN2 APT5 -> M5-DO-AT-LOAD-AIRPLANE0 154874 535241 535250
103234 ACHIEVE-AT0 OBJ53 APT3 -> M13-ACHIEVE-AT0 218603 155742
103788 ACHIEVE-AT1 TRU7 POS7 -> M36-ACHIEVE-AT1 538337 156306
104317 ACHIEVE-AT-TRK TRU7 APT7 -> M34-ACHIEVE-AT 156828 538868
105139 DO-AT-LOAD-AIRPLANE0 OBJ71 APN2 APT7 -> M5-DO-AT-LOAD-AIRPLANE0 157373 539162 539171
105183 ACHIEVE-AT0 OBJ71 APT6 -> M13-ACHIEVE-AT0 221372 158242
105737 ACHIEVE-AT1 TRU2 POS2 -> M36-ACHIEVE-AT1 542256 158804
106267 ACHIEVE-AT-TRK TRU2 APT2 -> M34-ACHIEVE-AT 159325 542785
107089 DO-AT-LOAD-TRUCK0 OBJ22 TRU2 APT2 -> M4-DO-AT-LOAD-TRUCK0 542814 543078 543089
107134 ACHIEVE-AT0 OBJ22 APT5 -> M13-ACHIEVE-AT0 224138 160740
108214 ACHIEVE-AT-TRK TRU4 APT4 -> M34-ACHIEVE-AT 161828 546709
109036 DO-AT-LOAD-TRUCK0 OBJ42 TRU4 APT4 -> M4-DO-AT-LOAD-TRUCK0 546734 546998 547013
109085 ACHIEVE-AT0 OBJ42 APT2 -> M13-ACHIEVE-AT0 226910 163234
109634 ACHIEVE-AT1 TRU3 POS3 -> M36-ACHIEVE-AT1 550101 163799
110163 ACHIEVE-AT-TRK TRU3 APT3 -> M34-ACHIEVE-AT 164326 550627
110988 DO-AT-LOAD-AIRPLANE0 OBJ32 APN2 APT3 -> M5-DO-AT-LOAD-AIRPLANE0 164868 550922 550930
111030 ACHIEVE-AT0 OBJ32 POS7 -> M12-ACHIEVE-AT0 229677 165736
111584 ACHIEVE-AT1 TRU8 POS8 -> M36-ACHIEVE-AT1 554021 166299
112114 ACHIEVE-AT-TRK TRU8 APT8 -> M34-ACHIEVE-AT 166819 554548
112937 DO-AT-LOAD-AIRPLANE0 OBJ83 APN2 APT8 -> M5-DO-AT-LOAD-AIRPLANE0 167364 554848 554854
112979 ACHIEVE-AT0 OBJ83 POS3 -> M12-ACHIEVE-AT0 232445 168234
114061 ACHIEVE-AT-TRK TRU1 APT1 -> M34-ACHIEVE-AT 169322 558472
114883 DO-AT-LOAD-AIRPLANE0 OBJ12 APN1 APT1 -> M5-DO-AT-LOAD-AIRPLANE0 169864 558764 558772
114931 ACHIEVE-AT0 OBJ12 POS3 -> M12-ACHIEVE-AT0 235215 170730
115483 ACHIEVE-AT1 TRU1 POS1 -> M36-ACHIEVE-AT1 561856 171295
116011 ACHIEVE-AT-TRK TRU1 APT1 -> M34-ACHIEVE-AT 171820 562391
116832 DO-AT-LOAD-AIRPLANE0 OBJ13 APN2 APT1 -> M5-DO-AT-LOAD-AIRPLANE0 172360 562688 562693
116878 ACHIEVE-AT0 OBJ13 POS4 -> M12-ACHIEVE-AT0 237986 173228
117431 ACHIEVE-AT1 TRU2 POS2 -> M36-ACHIEVE-AT1 565784 173793
117959 ACHIEVE-AT-TRK TRU2 APT2 -> M34-ACHIEVE-AT 174313 566314
118784 DO-AT-LOAD-AIRPLANE0 OBJ23 APN1 APT2 -> M5-DO-AT-LOAD-AIRPLANE0 174860 566609 566615
118827 ACHIEVE-AT0 OBJ23 APT8 -> M11-ACHIEVE-AT0
119379 ACHIEVE-AT1 TRU8 POS8 -> M36-ACHIEVE-AT1 569702 176290
119911 ACHIEVE-AT-TRK TRU8 APT8 -> M34-ACHIEVE-AT 176813 570235
120732 DO-AT-LOAD-AIRPLANE0 OBJ81 APN1 APT8 -> M5-DO-AT-LOAD-AIRPLANE0 570263 570529 570539
120776 ACHIEVE-AT0 OBJ81 POS5 -> M12-ACHIEVE-AT0 243522 178226
121860 ACHIEVE-AT-TRK TRU4 APT4 -> M34-ACHIEVE-AT 179316 574156
122681 DO-AT-LOAD-AIRPLANE0 OBJ41 APN2 APT4 -> M5-DO-AT-LOAD-AIRPLANE0 574181 574453 574458
122726 ACHIEVE-AT0 OBJ41 POS8 -> M12-ACHIEVE-AT0 246293 180723
123808 ACHIEVE-AT-TRK TRU7 APT7 -> M34-ACHIEVE-AT 181813 578074
124631 DO-AT-LOAD-AIRPLANE0 OBJ72 APN2 APT7 -> M5-DO-AT-LOAD-AIRPLANE0 182352 578366 578378
124676 ACHIEVE-AT0 OBJ72 APT4 -> M11-ACHIEVE-AT0
126579 DO-AT-LOAD-TRUCK0 OBJ33 TRU3 POS3 -> M4-DO-AT-LOAD-TRUCK0 582022 582293 582298
126626 ACHIEVE-AT0 OBJ33 APT5 -> M13-ACHIEVE-AT0 251830 185720
127175 ACHIEVE-AT1 TRU1 POS1 -> M36-ACHIEVE-AT1 585384 186281
127707 ACHIEVE-AT-TRK TRU1 APT1 -> M34-ACHIEVE-AT 186804 585920
128528 DO-AT-LOAD-AIRPLANE0 OBJ11 APN2 APT1 -> M5-DO-AT-LOAD-AIRPLANE0 187349 586215 586223
128574 ACHIEVE-AT0 OBJ11 APT3 -> M11-ACHIEVE-AT0
129376 ACHIEVE-AT1 TRU6 APT6 -> M36-ACHIEVE-AT1 495485 189030
129913 ACHIEVE-AT-AIR APN1 APT6 -> M39-ACHIEVE-AT 189566 496042
130719 DO-IN-UNLOAD-AIRPLANE0 OBJ63 APN1 APT1 -> M7-DO-IN-UNLOAD-AIRPLANE0 190108 496330 496336
130762 ACHIEVE-AT0 OBJ63 POS1 -> M14-ACHIEVE-AT0 257622 190960
131847 ACHIEVE-AT1 TRU2 APT2 -> M36-ACHIEVE-AT1 499391 191778
132394 ACHIEVE-AT-AIR APN1 APT2 -> M39-ACHIEVE-AT 192315 499942
133215 DO-IN-UNLOAD-AIRPLANE0 OBJ21 APN1 APT6 -> M7-DO-IN-UNLOAD-AIRPLANE0 192858 500234 500239
133824 ACHIEVE-AT1 TRU6 POS6 -> M36-ACHIEVE-AT1 503053 194294
134351 ACHIEVE-AT1 TRU6 APT6 -> M36-ACHIEVE-AT1 503306 194543
135711 DO-IN-UNLOAD-AIRPLANE0 OBJ62 APN1 APT3 -> M7-DO-IN-UNLOAD-AIRPLANE0 195626 504148 504160
136850 ACHIEVE-AT1 TRU4 APT4 -> M36-ACHIEVE-AT1 507230 197312
137387 ACHIEVE-AT-AIR APN1 APT4 -> M39-ACHIEVE-AT 197856 507787
138210 DO-IN-UNLOAD-AIRPLANE0 OBJ43 APN1 APT1 -> M7-DO-IN-UNLOAD-AIRPLANE0 198395 508075 508084
138255 ACHIEVE-AT0 OBJ43 APT6 -> M15-ACHIEVE-AT0 266762 199264
139348 ACHIEVE-AT1 TRU7 APT7 -> M36-ACHIEVE-AT1 511150 200081
139888 ACHIEVE-AT-AIR APN2 APT7 -> M39-ACHIEVE-AT 200625 511707
140708 DO-IN-UNLOAD-AIRPLANE0 OBJ73 APN2 APT2 -> M7-DO-IN-UNLOAD-AIRPLANE0 201165 511991 512005
140756 ACHIEVE-AT0 OBJ73 APT4 -> M15-ACHIEVE-AT0 269810 202033
141844 ACHIEVE-AT1 TRU5 APT5 -> M36-ACHIEVE-AT1 515077 202850
142385 ACHIEVE-AT-AIR APN1 APT5 -> M39-ACHIEVE-AT 203390 515625
143205 DO-IN-UNLOAD-AIRPLANE0 OBJ52 APN1 APT6 -> M7-DO-IN-UNLOAD-AIRPLANE0 203933 515919 515922
143253 ACHIEVE-AT0 OBJ52 POS6 -> M14-ACHIEVE-AT0 272861 204801
143818 ACHIEVE-AT1 TRU5 POS5 -> M36-ACHIEVE-AT1 518735 205369
144340 ACHIEVE-AT1 TRU5 APT5 -> M36-ACHIEVE-AT1 518998 205618
144881 ACHIEVE-AT-AIR APN1 APT5 -> M39-ACHIEVE-AT 206159 519549
145706 DO-IN-UNLOAD-AIRPLANE0 OBJ51 APN1 APT3 -> M7-DO-IN-UNLOAD-AIRPLANE0 206704 519836 519843
145752 ACHIEVE-AT0 OBJ51 APT8 -> M15-ACHIEVE-AT0 275909 207569
146842 ACHIEVE-AT1 TRU6 APT6 -> M36-ACHIEVE-AT1 522910 208386
147382 ACHIEVE-AT-AIR APN1 APT6 -> M39-ACHIEVE-AT 208929 523471
148202 DO-IN-UNLOAD-AIRPLANE0 OBJ61 APN1 APT4 -> M7-DO-IN-UNLOAD-AIRPLANE0 209473 523760 523767
148250 ACHIEVE-AT0 OBJ61 POS4 -> M14-ACHIEVE-AT0 278955 210338
149340 ACHIEVE-AT1 TRU3 APT3 -> M36-ACHIEVE-AT1 526842 211154
149880 ACHIEVE-AT-AIR APN1 APT3 -> M39-ACHIEVE-AT 211696 527390
150699 DO-IN-UNLOAD-AIRPLANE0 OBJ31 APN1 APT5 -> M7-DO-IN-UNLOAD-AIRPLANE0 212243 527676 527689
150744 ACHIEVE-AT0 OBJ31 APT7 -> M15-ACHIEVE-AT0 282004 213109
151834 ACHIEVE-AT1 TRU8 APT8 -> M36-ACHIEVE-AT1 530754 213929
152375 ACHIEVE-AT-AIR APN1 APT8 -> M39-ACHIEVE-AT 214470 531313
153197 DO-IN-UNLOAD-AIRPLANE0 OBJ82 APN1 APT7 -> M7-DO-IN-UNLOAD-AIRPLANE0 215009 531601 531608
153245 ACHIEVE-AT0 OBJ82 APT3 -> M15-ACHIEVE-AT0 285052 215876
153809 ACHIEVE-AT1 TRU5 POS5 -> M36-ACHIEVE-AT1 534419 216445
154333 ACHIEVE-AT1 TRU5 APT5 -> M36-ACHIEVE-AT1 534684 216697
154874 ACHIEVE-AT-AIR APN2 APT5 -> M39-ACHIEVE-AT 217236 535231
155695 DO-IN-UNLOAD-AIRPLANE0 OBJ53 APN2 APT1 -> M7-DO-IN-UNLOAD-AIRPLANE0 217781 535517 535529
155742 ACHIEVE-AT0 OBJ53 APT3 -> M15-ACHIEVE-AT0 288101 218646
156306 ACHIEVE-AT1 TRU7 POS7 -> M36-ACHIEVE-AT1 538341 219216
156828 ACHIEVE-AT1 TRU7 APT7 -> M36-ACHIEVE-AT1 538593 219462
157373 ACHIEVE-AT-AIR APN2 APT7 -> M39-ACHIEVE-AT 220008 539155
158195 DO-IN-UNLOAD-AIRPLANE0 OBJ71 APN2 APT3 -> M7-DO-IN-UNLOAD-AIRPLANE0 220549 539445 539452
158242 ACHIEVE-AT0 OBJ71 APT6 -> M15-ACHIEVE-AT0 291147 221417
158804 ACHIEVE-AT1 TRU2 POS2 -> M36-ACHIEVE-AT1 542262 221986
159325 ACHIEVE-AT1 TRU2 APT2 -> M36-ACHIEVE-AT1 542518 222233
160691 DO-IN-UNLOAD-TRUCK0 OBJ22 TRU2 APT2 -> M6-DO-IN-UNLOAD-TRUCK0 543093 543366 543369
160740 ACHIEVE-AT0 OBJ22 APT5 -> M15-ACHIEVE-AT0 294196 224183
161828 ACHIEVE-AT1 TRU4 APT4 -> M36-ACHIEVE-AT1 546445 224999
163191 DO-IN-UNLOAD-TRUCK0 OBJ42 TRU4 APT4 -> M6-DO-IN-UNLOAD-TRUCK0 547019 547283 547294
163234 ACHIEVE-AT0 OBJ42 APT2 -> M15-ACHIEVE-AT0 297245 226956
163799 ACHIEVE-AT1 TRU3 POS3 -> M36-ACHIEVE-AT1 550103 227523
164326 ACHIEVE-AT1 TRU3 APT3 -> M36-ACHIEVE-AT1 550356 227768
164868 ACHIEVE-AT-AIR APN2 APT3 -> M39-ACHIEVE-AT 228310 550917
165690 DO-IN-UNLOAD-AIRPLANE0 OBJ32 APN2 APT7 -> M7-DO-IN-UNLOAD-AIRPLANE0 228855 551200 551215
165736 ACHIEVE-AT0 OBJ32 POS7 -> M14-ACHIEVE-AT0 300292 229722
166299 ACHIEVE-AT1 TRU8 POS8 -> M36-ACHIEVE-AT1 554024 230290
166819 ACHIEVE-AT1 TRU8 APT8 -> M36-ACHIEVE-AT1 554279 230540
167364 ACHIEVE-AT-AIR APN2 APT8 -> M39-ACHIEVE-AT 231082 554838
168186 DO-IN-UNLOAD-AIRPLANE0 OBJ83 APN2 APT3 -> M7-DO-IN-UNLOAD-AIRPLANE0 231625 555128 555132
168234 ACHIEVE-AT0 OBJ83 POS3 -> M14-ACHIEVE-AT0 303338 232491
169322 ACHIEVE-AT1 TRU1 APT1 -> M36-ACHIEVE-AT1 558209 233312
169864 ACHIEVE-AT-AIR APN1 APT1 -> M39-ACHIEVE-AT 233848 558760
170683 DO-IN-UNLOAD-AIRPLANE0 OBJ12 APN1 APT3 -> M7-DO-IN-UNLOAD-AIRPLANE0 234393 559050 559056
170730 ACHIEVE-AT0 OBJ12 POS3 -> M14-ACHIEVE-AT0 306388 235259
171295 ACHIEVE-AT1 TRU1 POS1 -> M35-ACHIEVE-AT1
171820 ACHIEVE-AT1 TRU1 APT1 -> M36-ACHIEVE-AT1 562131 236077
172360 ACHIEVE-AT-AIR APN2 APT1 -> M39-ACHIEVE-AT 236621 562679
173183 DO-IN-UNLOAD-AIRPLANE0 OBJ13 APN2 APT4 -> M7-DO-IN-UNLOAD-AIRPLANE0 237162 562969 562978
173228 ACHIEVE-AT0 OBJ13 POS4 -> M14-ACHIEVE-AT0 309437 238028
173793 ACHIEVE-AT1 TRU2 POS2 -> M35-ACHIEVE-AT1
174313 ACHIEVE-AT1 TRU2 APT2 -> M36-ACHIEVE-AT1 566052 238846
174860 ACHIEVE-AT-AIR APN1 APT2 -> M39-ACHIEVE-AT 239388 566599
175680 DO-IN-UNLOAD-AIRPLANE0 OBJ23 APN1 APT8 -> M7-DO-IN-UNLOAD-AIRPLANE0 239933 566886 566896
176290 ACHIEVE-AT1 TRU8 POS8 -> M35-ACHIEVE-AT1
176813 ACHIEVE-AT1 TRU8 APT8 -> M36-ACHIEVE-AT1 569961 241614
178179 DO-IN-UNLOAD-AIRPLANE0 OBJ81 APN1 APT5 -> M7-DO-IN-UNLOAD-AIRPLANE0 242701 570806 570817
178226 ACHIEVE-AT0 OBJ81 POS5 -> M14-ACHIEVE-AT0 315532 243567
179316 ACHIEVE-AT1 TRU4 APT4 -> M36-ACHIEVE-AT1 573891 244387
180676 DO-IN-UNLOAD-AIRPLANE0 OBJ41 APN2 APT8 -> M7-DO-IN-UNLOAD-AIRPLANE0 245468 574731 574738
180723 ACHIEVE-AT0 OBJ41 POS8 -> M14-ACHIEVE-AT0 318578 246339
181813 ACHIEVE-AT1 TRU7 APT7 -> M36-ACHIEVE-AT1 577814 247154
182352 ACHIEVE-AT-AIR APN2 APT7 -> M39-ACHIEVE-AT 247693 578362
183173 DO-IN-UNLOAD-AIRPLANE0 OBJ72 APN2 APT4 -> M7-DO-IN-UNLOAD-AIRPLANE0 248240 578648 578662
185672 DO-IN-UNLOAD-TRUCK0 OBJ33 TRU3 APT3 -> M6-DO-IN-UNLOAD-TRUCK0 251008 582574 582579
185720 ACHIEVE-AT0 OBJ33 APT5 -> M15-ACHIEVE-AT0 324676 251873
186281 ACHIEVE-AT1 TRU1 POS1 -> M35-ACHIEVE-AT1
186804 ACHIEVE-AT1 TRU1 APT1 -> M36-ACHIEVE-AT1 585655 252695
187349 ACHIEVE-AT-AIR APN2 APT1 -> M39-ACHIEVE-AT 253237 586203
188169 DO-IN-UNLOAD-AIRPLANE0 OBJ11 APN2 APT3 -> M7-DO-IN-UNLOAD-AIRPLANE0 253778 586494 586500
189030 ACHIEVE-AT1 TRU6 APT6 -> M36-ACHIEVE-AT1 495497 255469
189566 ACHIEVE-AT2 APN1 APT6 -> M41-ACHIEVE-AT2 495782 255736
190108 ACHIEVE-AT-AIR APN1 APT1 -> M39-ACHIEVE-AT 256271 496324
190913 DO-AT-LOAD-TRUCK0 OBJ63 TRU1 APT1 -> M4-DO-AT-LOAD-TRUCK0 256817 496603 496611
190960 ACHIEVE-AT0 OBJ63 POS1 -> M11-ACHIEVE-AT0
191778 ACHIEVE-AT1 TRU2 APT2 -> M36-ACHIEVE-AT1 499401 258489
192315 ACHIEVE-AT2 APN1 APT2 -> M41-ACHIEVE-AT2 499682 258762
192858 ACHIEVE-AT-AIR APN1 APT6 -> M39-ACHIEVE-AT 259303 500225
194294 ACHIEVE-AT1 TRU6 POS6 -> M36-ACHIEVE-AT1 503057 261285
194543 ACHIEVE-AT1 TRU6 APT6 -> M36-ACHIEVE-AT1 503321 261539
195626 ACHIEVE-AT-AIR APN1 APT3 -> M39-ACHIEVE-AT 262351 504144
197312 ACHIEVE-AT1 TRU4 APT4 -> M36-ACHIEVE-AT1 507242 264590
197856 ACHIEVE-AT2 APN1 APT4 -> M41-ACHIEVE-AT2 507527 264859
198395 ACHIEVE-AT-AIR APN1 APT1 -> M39-ACHIEVE-AT 265398 508067
199219 DO-AT-LOAD-AIRPLANE0 OBJ43 APN2 APT1 -> M5-DO-AT-LOAD-AIRPLANE0 265943 508351 508355
199264 ACHIEVE-AT0 OBJ43 APT6 -> M11-ACHIEVE-AT0
200081 ACHIEVE-AT1 TRU7 APT7 -> M35-ACHIEVE-AT1
200625 ACHIEVE-AT2 APN2 APT7 -> M41-ACHIEVE-AT2 511449 267902
201165 ACHIEVE-AT-AIR APN2 APT2 -> M39-ACHIEVE-AT 268445 511988
201989 DO-AT-LOAD-AIRPLANE0 OBJ73 APN1 APT2 -> M5-DO-AT-LOAD-AIRPLANE0 268988 512269 512279
202033 ACHIEVE-AT0 OBJ73 APT4 -> M11-ACHIEVE-AT0
202850 ACHIEVE-AT1 TRU5 APT5 -> M36-ACHIEVE-AT1 515085 270683
203390 ACHIEVE-AT2 APN1 APT5 -> M41-ACHIEVE-AT2 515365 270953
203933 ACHIEVE-AT-AIR APN1 APT6 -> M39-ACHIEVE-AT 271499 515909
204757 DO-AT-LOAD-TRUCK0 OBJ52 TRU6 APT6 -> M4-DO-AT-LOAD-TRUCK0 515931 516190 516197
204801 ACHIEVE-AT0 OBJ52 POS6 -> M11-ACHIEVE-AT0
205369 ACHIEVE-AT1 TRU5 POS5 -> M36-ACHIEVE-AT1 518740 273479
205618 ACHIEVE-AT1 TRU5 APT5 -> M36-ACHIEVE-AT1 519002 273731
206159 ACHIEVE-AT2 APN1 APT5 -> M41-ACHIEVE-AT2 519287 274000
206704 ACHIEVE-AT-AIR APN1 APT3 -> M39-ACHIEVE-AT 274541 519828
207525 DO-AT-LOAD-AIRPLANE0 OBJ51 APN2 APT3 -> M5-DO-AT-LOAD-AIRPLANE0 275087 520112 520118
207569 ACHIEVE-AT0 OBJ51 APT8 -> M11-ACHIEVE-AT0
208386 ACHIEVE-AT1 TRU6 APT6 -> M36-ACHIEVE-AT1 522926 276782
208929 ACHIEVE-AT2 APN1 APT6 -> M41-ACHIEVE-AT2 523206 277051
209473 ACHIEVE-AT-AIR APN1 APT4 -> M39-ACHIEVE-AT 277593 523752
210295 DO-AT-LOAD-TRUCK0 OBJ61 TRU4 APT4 -> M4-DO-AT-LOAD-TRUCK0 523773 524036 524041
210338 ACHIEVE-AT0 OBJ61 POS4 -> M11-ACHIEVE-AT0
211154 ACHIEVE-AT1 TRU3 APT3 -> M35-ACHIEVE-AT1
211696 ACHIEVE-AT2 APN1 APT3 -> M41-ACHIEVE-AT2 527127 280101
212243 ACHIEVE-AT-AIR APN1 APT5 -> M39-ACHIEVE-AT 280639 527669
213063 DO-AT-LOAD-AIRPLANE0 OBJ31 APN2 APT5 -> M5-DO-AT-LOAD-AIRPLANE0 281182 527953 527964
213109 ACHIEVE-AT0 OBJ31 APT7 -> M11-ACHIEVE-AT0
213929 ACHIEVE-AT1 TRU8 APT8 -> M36-ACHIEVE-AT1 530769 282874
214470 ACHIEVE-AT2 APN1 APT8 -> M41-ACHIEVE-AT2 531044 283146
215009 ACHIEVE-AT-AIR APN1 APT7 -> M39-ACHIEVE-AT 283687 531591
215832 DO-AT-LOAD-AIRPLANE0 OBJ82 APN2 APT7 -> M5-DO-AT-LOAD-AIRPLANE0 531622 531870 531884
215876 ACHIEVE-AT0 OBJ82 APT3 -> M11-ACHIEVE-AT0
216445 ACHIEVE-AT1 TRU5 POS5 -> M36-ACHIEVE-AT1 534425 285669
216697 ACHIEVE-AT1 TRU5 APT5 -> M36-ACHIEVE-AT1 534686 285927
217236 ACHIEVE-AT2 APN2 APT5 -> M41-ACHIEVE-AT2 534970 286193
217781 ACHIEVE-AT-AIR APN2 APT1 -> M39-ACHIEVE-AT 286736 535513
218603 DO-AT-LOAD-AIRPLANE0 OBJ53 APN2 APT1 -> M5-DO-AT-LOAD-AIRPLANE0 535533 535798 535805
218646 ACHIEVE-AT0 OBJ53 APT3 -> M11-ACHIEVE-AT0
219216 ACHIEVE-AT1 TRU7 POS7 -> M36-ACHIEVE-AT1 538346 288717
219462 ACHIEVE-AT1 TRU7 APT7 -> M36-ACHIEVE-AT1 538611 288976
220008 ACHIEVE-AT2 APN2 APT7 -> M41-ACHIEVE-AT2 538896 289238
220549 ACHIEVE-AT-AIR APN2 APT3 -> M39-ACHIEVE-AT 289780 539434
221372 DO-AT-LOAD-AIRPLANE0 OBJ71 APN2 APT3 -> M5-DO-AT-LOAD-AIRPLANE0 539463 539717 539726
221417 ACHIEVE-AT0 OBJ71 APT6 -> M11-ACHIEVE-AT0
221986 ACHIEVE-AT1 TRU2 POS2 -> M35-ACHIEVE-AT1
222233 ACHIEVE-AT1 TRU2 APT2 -> M36-ACHIEVE-AT1 542529 292020
224138 DO-AT-LOAD-AIRPLANE0 OBJ22 APN2 APT2 -> M5-DO-AT-LOAD-AIRPLANE0 293373 543639 543646
224183 ACHIEVE-AT0 OBJ22 APT5 -> M11-ACHIEVE-AT0
224999 ACHIEVE-AT1 TRU4 APT4 -> M36-ACHIEVE-AT1 546449 295071
226910 DO-AT-LOAD-AIRPLANE0 OBJ42 APN2 APT4 -> M5-DO-AT-LOAD-AIRPLANE0 296422 547556 547569
226956 ACHIEVE-AT0 OBJ42 APT2 -> M11-ACHIEVE-AT0
227523 ACHIEVE-AT1 TRU3 POS3 -> M36-ACHIEVE-AT1 550107 297863
227768 ACHIEVE-AT1 TRU3 APT3 -> M36-ACHIEVE-AT1 550372 298120
228310 ACHIEVE-AT2 APN2 APT3 -> M41-ACHIEVE-AT2 550660 298384
228855 ACHIEVE-AT-AIR APN2 APT7 -> M39-ACHIEVE-AT 298929 551195
229677 DO-AT-LOAD-TRUCK0 OBJ32 TRU7 APT7 -> M4-DO-AT-LOAD-TRUCK0 551228 551479 551490
229722 ACHIEVE-AT0 OBJ32 POS7 -> M11-ACHIEVE-AT0
230290 ACHIEVE-AT1 TRU8 POS8 -> M36-ACHIEVE-AT1 554028 300908
230540 ACHIEVE-AT1 TRU8 APT8 -> M36-ACHIEVE-AT1 554295 301161
231082 ACHIEVE-AT2 APN2 APT8 -> M41-ACHIEVE-AT2 554582 301436
231625 ACHIEVE-AT-AIR APN2 APT3 -> M39-ACHIEVE-AT 301975 555119
232445 DO-AT-LOAD-TRUCK0 OBJ83 TRU3 APT3 -> M4-DO-AT-LOAD-TRUCK0 555137 555400 555411
232491 ACHIEVE-AT0 OBJ83 POS3 -> M11-ACHIEVE-AT0
233312 ACHIEVE-AT1 TRU1 APT1 -> M36-ACHIEVE-AT1 558214 304212
233848 ACHIEVE-AT2 APN1 APT1 -> M41-ACHIEVE-AT2 558501 304479
234393 ACHIEVE-AT-AIR APN1 APT3 -> M39-ACHIEVE-AT 305026 559041
235215 DO-AT-LOAD-TRUCK0 OBJ12 TRU3 APT3 -> M4-DO-AT-LOAD-TRUCK0 305567 559317 559332
235259 ACHIEVE-AT0 OBJ12 POS3 -> M11-ACHIEVE-AT0
236077 ACHIEVE-AT1 TRU1 APT1 -> M36-ACHIEVE-AT1 562135 307260
236621 ACHIEVE-AT2 APN2 APT1 -> M41-ACHIEVE-AT2 562414 307526
237162 ACHIEVE-AT-AIR APN2 APT4 -> M39-ACHIEVE-AT 308074 562958
237986 DO-AT-LOAD-TRUCK0 OBJ13 TRU4 APT4 -> M4-DO-AT-LOAD-TRUCK0 562990 563246 563250
238028 ACHIEVE-AT0 OBJ13 POS4 -> M11-ACHIEVE-AT0
238846 ACHIEVE-AT1 TRU2 APT2 -> M35-ACHIEVE-AT1
239388 ACHIEVE-AT2 APN1 APT2 -> M41-ACHIEVE-AT2 566334 310579
239933 ACHIEVE-AT-AIR APN1 APT8 -> M39-ACHIEVE-AT 311122 566879
241614 ACHIEVE-AT1 TRU8 APT8 -> M36-ACHIEVE-AT1 569979 313357
242701 ACHIEVE-AT-AIR APN1 APT5 -> M39-ACHIEVE-AT 314168 570800
243522 DO-AT-LOAD-TRUCK0 OBJ81 TRU5 APT5 -> M4-DO-AT-LOAD-TRUCK0 570831 571088 571094
243567 ACHIEVE-AT0 OBJ81 POS5 -> M11-ACHIEVE-AT0
244387 ACHIEVE-AT1 TRU4 APT4 -> M36-ACHIEVE-AT1 573896 316406
245468 ACHIEVE-AT-AIR APN2 APT8 -> M39-ACHIEVE-AT 317218 574723
246293 DO-AT-LOAD-TRUCK0 OBJ41 TRU8 APT8 -> M4-DO-AT-LOAD-TRUCK0 574752 575004 575013
246339 ACHIEVE-AT0 OBJ41 POS8 -> M11-ACHIEVE-AT0
247154 ACHIEVE-AT1 TRU7 APT7 -> M36-ACHIEVE-AT1 577818 319451
247693 ACHIEVE-AT2 APN2 APT7 -> M41-ACHIEVE-AT2 578097 319724
248240 ACHIEVE-AT-AIR APN2 APT4 -> M39-ACHIEVE-AT 320265 578646
251008 ACHIEVE-AT-TRK TRU3 APT3 -> M34-ACHIEVE-AT 323310 582564
251830 DO-AT-LOAD-AIRPLANE0 OBJ33 APN2 APT3 -> M5-DO-AT-LOAD-AIRPLANE0 323852 582849 582858
251873 ACHIEVE-AT0 OBJ33 APT5 -> M11-ACHIEVE-AT0
252695 ACHIEVE-AT1 TRU1 APT1 -> M36-ACHIEVE-AT1 585661 325545
253237 ACHIEVE-AT2 APN2 APT1 -> M41-ACHIEVE-AT2 585946 325817
253778 ACHIEVE-AT-AIR APN2 APT3 -> M39-ACHIEVE-AT 326357 586487
255469 ACHIEVE-AT1 TRU6 APT6 -> M36-ACHIEVE-AT1 495505 328602
255736 ACHIEVE-AT2 APN1 APT6 -> M41-ACHIEVE-AT2 495788 328871
256271 ACHIEVE-AT2 APN1 APT1 -> M41-ACHIEVE-AT2 496071 329141
256817 ACHIEVE-AT-TRK TRU1 APT1 -> M34-ACHIEVE-AT 329688 496596
257622 DO-IN-UNLOAD-TRUCK0 OBJ63 TRU1 POS1 -> M6-DO-IN-UNLOAD-TRUCK0 330228 497160 497172
258489 ACHIEVE-AT1 TRU2 APT2 -> M36-ACHIEVE-AT1 499406 331910
258762 ACHIEVE-AT2 APN1 APT2 -> M41-ACHIEVE-AT2 499693 332189
259303 ACHIEVE-AT2 APN1 APT6 -> M41-ACHIEVE-AT2 499975 332460
261285 ACHIEVE-AT1 TRU6 POS6 -> M36-ACHIEVE-AT1 503061 334985
261539 ACHIEVE-AT1 TRU6 APT6 -> M36-ACHIEVE-AT1 503324 335249
262351 ACHIEVE-AT2 APN1 APT3 -> M41-ACHIEVE-AT2 503890 335792
264590 ACHIEVE-AT1 TRU4 APT4 -> M36-ACHIEVE-AT1 507249 338580
264859 ACHIEVE-AT2 APN1 APT4 -> M41-ACHIEVE-AT2 507533 338853
265398 ACHIEVE-AT2 APN1 APT1 -> M41-ACHIEVE-AT2 507815 339123
265943 ACHIEVE-AT-AIR APN2 APT1 -> M39-ACHIEVE-AT 339662 508342
266762 DO-IN-UNLOAD-AIRPLANE0 OBJ43 APN2 APT6 -> M7-DO-IN-UNLOAD-AIRPLANE0 340208 508907 508914
267902 ACHIEVE-AT2 APN2 APT7 -> M41-ACHIEVE-AT2 511456 342183
268445 ACHIEVE-AT2 APN2 APT2 -> M41-ACHIEVE-AT2 511732 342456
268988 ACHIEVE-AT-AIR APN1 APT2 -> M39-ACHIEVE-AT 342998 512260
269810 DO-IN-UNLOAD-AIRPLANE0 OBJ73 APN1 APT4 -> M7-DO-IN-UNLOAD-AIRPLANE0 343539 512828 512837
270683 ACHIEVE-AT1 TRU5 APT5 -> M36-ACHIEVE-AT1 515090 345243
270953 ACHIEVE-AT2 APN1 APT5 -> M40-ACHIEVE-AT2
271499 ACHIEVE-AT2 APN1 APT6 -> M41-ACHIEVE-AT2 515659 345792
272861 DO-IN-UNLOAD-TRUCK0 OBJ52 TRU6 POS6 -> M6-DO-IN-UNLOAD-TRUCK0 346872 516751 516756
273479 ACHIEVE-AT1 TRU5 POS5 -> M35-ACHIEVE-AT1
273731 ACHIEVE-AT1 TRU5 APT5 -> M36-ACHIEVE-AT1 519010 348577
274000 ACHIEVE-AT2 APN1 APT5 -> M41-ACHIEVE-AT2 519295 348849
274541 ACHIEVE-AT2 APN1 APT3 -> M41-ACHIEVE-AT2 519579 349120
275087 ACHIEVE-AT-AIR APN2 APT3 -> M39-ACHIEVE-AT 349665 520105
275909 DO-IN-UNLOAD-AIRPLANE0 OBJ51 APN2 APT8 -> M7-DO-IN-UNLOAD-AIRPLANE0 350205 520664 520679
276782 ACHIEVE-AT1 TRU6 APT6 -> M36-ACHIEVE-AT1 522931 351910
277051 ACHIEVE-AT2 APN1 APT6 -> M41-ACHIEVE-AT2 523219 352189
277593 ACHIEVE-AT2 APN1 APT4 -> M41-ACHIEVE-AT2 523490 352455
278955 DO-IN-UNLOAD-TRUCK0 OBJ61 TRU4 POS4 -> M6-DO-IN-UNLOAD-TRUCK0 353539 524587 524597
280101 ACHIEVE-AT2 APN1 APT3 -> M41-ACHIEVE-AT2 527137 355520
280639 ACHIEVE-AT2 APN1 APT5 -> M41-ACHIEVE-AT2 527412 355784
281182 ACHIEVE-AT-AIR APN2 APT5 -> M39-ACHIEVE-AT 356333 527947
282004 DO-IN-UNLOAD-AIRPLANE0 OBJ31 APN2 APT7 -> M7-DO-IN-UNLOAD-AIRPLANE0 356871 528513 528520
282874 ACHIEVE-AT1 TRU8 APT8 -> M36-ACHIEVE-AT1 530773 358577
283146 ACHIEVE-AT2 APN1 APT8 -> M41-ACHIEVE-AT2 531062 358852
283687 ACHIEVE-AT2 APN1 APT7 -> M41-ACHIEVE-AT2 531339 359123
285052 DO-IN-UNLOAD-AIRPLANE0 OBJ82 APN2 APT3 -> M7-DO-IN-UNLOAD-AIRPLANE0 360203 532428 532440
285669 ACHIEVE-AT1 TRU5 POS5 -> M36-ACHIEVE-AT1 534429 361650
285927 ACHIEVE-AT1 TRU5 APT5 -> M36-ACHIEVE-AT1 534694 361907
286193 ACHIEVE-AT2 APN2 APT5 -> M40-ACHIEVE-AT2
286736 ACHIEVE-AT2 APN2 APT1 -> M41-ACHIEVE-AT2 535262 362455
288101 DO-IN-UNLOAD-AIRPLANE0 OBJ53 APN2 APT3 -> M7-DO-IN-UNLOAD-AIRPLANE0 363537 536351 536363
288717 ACHIEVE-AT1 TRU7 POS7 -> M35-ACHIEVE-AT1
288976 ACHIEVE-AT1 TRU7 APT7 -> M35-ACHIEVE-AT1
289238 ACHIEVE-AT2 APN2 APT7 -> M41-ACHIEVE-AT2 538901 365518
289780 ACHIEVE-AT2 APN2 APT3 -> M41-ACHIEVE-AT2 539184 365790
291147 DO-IN-UNLOAD-AIRPLANE0 OBJ71 APN2 APT6 -> M7-DO-IN-UNLOAD-AIRPLANE0 366869 540276 540282
292020 ACHIEVE-AT1 TRU2 APT2 -> M36-ACHIEVE-AT1 542536 368578
293373 ACHIEVE-AT-AIR APN2 APT2 -> M39-ACHIEVE-AT 369659 543632
294196 DO-IN-UNLOAD-AIRPLANE0 OBJ22 APN2 APT5 -> M7-DO-IN-UNLOAD-AIRPLANE0 370204 544198 544201
295071 ACHIEVE-AT1 TRU4 APT4 -> M36-ACHIEVE-AT1 546458 371907
296422 ACHIEVE-AT-AIR APN2 APT4 -> M39-ACHIEVE-AT 372997 547550
297245 DO-IN-UNLOAD-AIRPLANE0 OBJ42 APN2 APT2 -> M7-DO-IN-UNLOAD-AIRPLANE0 373537 548117 548122
297863 ACHIEVE-AT1 TRU3 POS3 -> M35-ACHIEVE-AT1
298120 ACHIEVE-AT1 TRU3 APT3 -> M36-ACHIEVE-AT1 550378 375238
298384 ACHIEVE-AT2 APN2 APT3 -> M41-ACHIEVE-AT2 550667 375513
298929 ACHIEVE-AT2 APN2 APT7 -> M41-ACHIEVE-AT2 550948 375789
300292 DO-IN-UNLOAD-TRUCK0 OBJ32 TRU7 POS7 -> M6-DO-IN-UNLOAD-TRUCK0 376870 552034 552046
300908 ACHIEVE-AT1 TRU8 POS8 -> M36-ACHIEVE-AT1 554034 378313
301161 ACHIEVE-AT1 TRU8 APT8 -> M36-ACHIEVE-AT1 554299 378574
301436 ACHIEVE-AT2 APN2 APT8 -> M41-ACHIEVE-AT2 554587 378851
301975 ACHIEVE-AT2 APN2 APT3 -> M41-ACHIEVE-AT2 554866 379116
303338 DO-IN-UNLOAD-TRUCK0 OBJ83 TRU3 POS3 -> M6-DO-IN-UNLOAD-TRUCK0 380202 555957 555968
304212 ACHIEVE-AT1 TRU1 APT1 -> M36-ACHIEVE-AT1 558218 381909
304479 ACHIEVE-AT2 APN1 APT1 -> M41-ACHIEVE-AT2 558507 382184
305026 ACHIEVE-AT2 APN1 APT3 -> M41-ACHIEVE-AT2 558780 382454
305567 ACHIEVE-AT-TRK TRU3 APT3 -> M34-ACHIEVE-AT 382992 559315
306388 DO-IN-UNLOAD-TRUCK0 OBJ12 TRU3 POS3 -> M6-DO-IN-UNLOAD-TRUCK0 383535 559875 559887
307260 ACHIEVE-AT1 TRU1 APT1 -> M36-ACHIEVE-AT1 562141 385241
307526 ACHIEVE-AT2 APN2 APT1 -> M40-ACHIEVE-AT2
308074 ACHIEVE-AT2 APN2 APT4 -> M41-ACHIEVE-AT2 562704 385785
309437 DO-IN-UNLOAD-TRUCK0 OBJ13 TRU4 POS4 -> M6-DO-IN-UNLOAD-TRUCK0 386868 563799 563809
310579 ACHIEVE-AT2 APN1 APT2 -> M41-ACHIEVE-AT2 566350 388848
311122 ACHIEVE-AT2 APN1 APT8 -> M41-ACHIEVE-AT2 566631 389121
313357 ACHIEVE-AT1 TRU8 APT8 -> M36-ACHIEVE-AT1 569981 391908
314168 ACHIEVE-AT2 APN1 APT5 -> M41-ACHIEVE-AT2 570553 392451
315532 DO-IN-UNLOAD-TRUCK0 OBJ81 TRU5 POS5 -> M6-DO-IN-UNLOAD-TRUCK0 393533 571644 571652
316406 ACHIEVE-AT1 TRU4 APT4 -> M36-ACHIEVE-AT1 573903 395236
317218 ACHIEVE-AT2 APN2 APT8 -> M41-ACHIEVE-AT2 574468 395784
318578 DO-IN-UNLOAD-TRUCK0 OBJ41 TRU8 POS8 -> M6-DO-IN-UNLOAD-TRUCK0 396866 575566 575572
319451 ACHIEVE-AT1 TRU7 APT7 -> M36-ACHIEVE-AT1 577827 398574
319724 ACHIEVE-AT2 APN2 APT7 -> M40-ACHIEVE-AT2
320265 ACHIEVE-AT2 APN2 APT4 -> M41-ACHIEVE-AT2 578386 399114
323310 ACHIEVE-AT1 TRU3 APT3 -> M36-ACHIEVE-AT1 582311 402452
323852 ACHIEVE-AT-AIR APN2 APT3 -> M39-ACHIEVE-AT 402993 582841
324676 DO-IN-UNLOAD-AIRPLANE0 OBJ33 APN2 APT5 -> M7-DO-IN-UNLOAD-AIRPLANE0 403534 583406 583414
325545 ACHIEVE-AT1 TRU1 APT1 -> M35-ACHIEVE-AT1
325817 ACHIEVE-AT2 APN2 APT1 -> M40-ACHIEVE-AT2
326357 ACHIEVE-AT2 APN2 APT3 -> M41-ACHIEVE-AT2 586233 405782
328602 ACHIEVE-AT1 TRU6 APT6 -> M36-ACHIEVE-AT1 495513 408575
328871 ACHIEVE-AT2 APN1 APT6 -> M41-ACHIEVE-AT2 495797 408851
329141 ACHIEVE-AT2 APN1 APT1 -> M40-ACHIEVE-AT2
329688 ACHIEVE-AT1 TRU1 APT1 -> M36-ACHIEVE-AT1 496351 409398
330228 ACHIEVE-AT-TRK TRU1 POS1 -> M34-ACHIEVE-AT 409941 497156
331910 ACHIEVE-AT1 TRU2 APT2 -> M36-ACHIEVE-AT1 499413 412180
332189 ACHIEVE-AT2 APN1 APT2 -> M41-ACHIEVE-AT2 499700 412457
332460 ACHIEVE-AT2 APN1 APT6 -> M40-ACHIEVE-AT2
334985 ACHIEVE-AT1 TRU6 POS6 -> M36-ACHIEVE-AT1 503064 415537
335249 ACHIEVE-AT1 TRU6 APT6 -> M35-ACHIEVE-AT1
335792 ACHIEVE-AT2 APN1 APT3 -> M41-ACHIEVE-AT2 503902 416360
338580 ACHIEVE-AT1 TRU4 APT4 -> M36-ACHIEVE-AT1 507255 419428
338853 ACHIEVE-AT2 APN1 APT4 -> M41-ACHIEVE-AT2 507539 419709
339123 ACHIEVE-AT2 APN1 APT1 -> M40-ACHIEVE-AT2
339662 ACHIEVE-AT2 APN2 APT1 -> M41-ACHIEVE-AT2 508088 420255
340208 ACHIEVE-AT-AIR APN2 APT6 -> M39-ACHIEVE-AT 420796 508898
342183 ACHIEVE-AT2 APN2 APT7 -> M40-ACHIEVE-AT2
342456 ACHIEVE-AT2 APN2 APT2 -> M40-ACHIEVE-AT2
342998 ACHIEVE-AT2 APN1 APT2 -> M41-ACHIEVE-AT2 512016 423876
343539 ACHIEVE-AT-AIR APN1 APT4 -> M39-ACHIEVE-AT 424414 512820
345243 ACHIEVE-AT1 TRU5 APT5 -> M36-ACHIEVE-AT1 515095 426676
345792 ACHIEVE-AT2 APN1 APT6 -> M40-ACHIEVE-AT2
346872 ACHIEVE-AT-TRK TRU6 POS6 -> M34-ACHIEVE-AT 428044 516739
348577 ACHIEVE-AT1 TRU5 APT5 -> M35-ACHIEVE-AT1
348849 ACHIEVE-AT2 APN1 APT5 -> M41-ACHIEVE-AT2 519301 430576
349120 ACHIEVE-AT2 APN1 APT3 -> M40-ACHIEVE-AT2
349665 ACHIEVE-AT2 APN2 APT3 -> M41-ACHIEVE-AT2 519852 431121
350205 ACHIEVE-AT-AIR APN2 APT8 -> M39-ACHIEVE-AT 431669 520661
351910 ACHIEVE-AT1 TRU6 APT6 -> M36-ACHIEVE-AT1 522937 433923
352189 ACHIEVE-AT2 APN1 APT6 -> M41-ACHIEVE-AT2 523223 434206
352455 ACHIEVE-AT2 APN1 APT4 -> M41-ACHIEVE-AT2 523507 434481
353539 ACHIEVE-AT-TRK TRU4 POS4 -> M34-ACHIEVE-AT 435290 524582
355520 ACHIEVE-AT2 APN1 APT3 -> M40-ACHIEVE-AT2
355784 ACHIEVE-AT2 APN1 APT5 -> M40-ACHIEVE-AT2
356333 ACHIEVE-AT2 APN2 APT5 -> M41-ACHIEVE-AT2 527694 438374
356871 ACHIEVE-AT-AIR APN2 APT7 -> M39-ACHIEVE-AT 438914 528503
358577 ACHIEVE-AT1 TRU8 APT8 -> M35-ACHIEVE-AT1
358852 ACHIEVE-AT2 APN1 APT8 -> M41-ACHIEVE-AT2 531064 441451
359123 ACHIEVE-AT2 APN1 APT7 -> M41-ACHIEVE-AT2 531349 441727
360203 ACHIEVE-AT-AIR APN2 APT3 -> M39-ACHIEVE-AT 442535 532426
361650 ACHIEVE-AT1 TRU5 POS5 -> M36-ACHIEVE-AT1 534432 444527
361907 ACHIEVE-AT1 TRU5 APT5 -> M35-ACHIEVE-AT1
362455 ACHIEVE-AT2 APN2 APT1 -> M41-ACHIEVE-AT2 535270 445348
363537 ACHIEVE-AT-AIR APN2 APT3 -> M39-ACHIEVE-AT 446161 536346
365518 ACHIEVE-AT2 APN2 APT7 -> M41-ACHIEVE-AT2 538906 448702
365790 ACHIEVE-AT2 APN2 APT3 -> M40-ACHIEVE-AT2
366869 ACHIEVE-AT-AIR APN2 APT6 -> M39-ACHIEVE-AT 449788 540264
368578 ACHIEVE-AT1 TRU2 APT2 -> M35-ACHIEVE-AT1
369659 ACHIEVE-AT2 APN2 APT2 -> M41-ACHIEVE-AT2 543378 452867
370204 ACHIEVE-AT-AIR APN2 APT5 -> M39-ACHIEVE-AT 453412 544185
371907 ACHIEVE-AT1 TRU4 APT4 -> M35-ACHIEVE-AT1
372997 ACHIEVE-AT2 APN2 APT4 -> M41-ACHIEVE-AT2 547302 456492
373537 ACHIEVE-AT-AIR APN2 APT2 -> M39-ACHIEVE-AT 457030 548109
375238 ACHIEVE-AT1 TRU3 APT3 -> M35-ACHIEVE-AT1
375513 ACHIEVE-AT2 APN2 APT3 -> M41-ACHIEVE-AT2 550672 459569
375789 ACHIEVE-AT2 APN2 APT7 -> M41-ACHIEVE-AT2 550952 459845
376870 ACHIEVE-AT-TRK TRU7 POS7 -> M34-ACHIEVE-AT 460661 552029
378313 ACHIEVE-AT1 TRU8 POS8 -> M36-ACHIEVE-AT1 554036 462649
378574 ACHIEVE-AT1 TRU8 APT8 -> M36-ACHIEVE-AT1 554306 462918
378851 ACHIEVE-AT2 APN2 APT8 -> M41-ACHIEVE-AT2 554591 463195
379116 ACHIEVE-AT2 APN2 APT3 -> M40-ACHIEVE-AT2
380202 ACHIEVE-AT-TRK TRU3 POS3 -> M34-ACHIEVE-AT 464283 555951
381909 ACHIEVE-AT1 TRU1 APT1 -> M35-ACHIEVE-AT1
382184 ACHIEVE-AT2 APN1 APT1 -> M41-ACHIEVE-AT2 558513 466817
382454 ACHIEVE-AT2 APN1 APT3 -> M41-ACHIEVE-AT2 558793 467096
382992 ACHIEVE-AT1 TRU3 APT3 -> M36-ACHIEVE-AT1 559060 467362
383535 ACHIEVE-AT-TRK TRU3 POS3 -> M34-ACHIEVE-AT 467906 559872
385241 ACHIEVE-AT1 TRU1 APT1 -> M36-ACHIEVE-AT1 562146 470166
385785 ACHIEVE-AT2 APN2 APT4 -> M40-ACHIEVE-AT2
386868 ACHIEVE-AT-TRK TRU4 POS4 -> M34-ACHIEVE-AT 471532 563794
388848 ACHIEVE-AT2 APN1 APT2 -> M41-ACHIEVE-AT2 566353 474067
389121 ACHIEVE-AT2 APN1 APT8 -> M41-ACHIEVE-AT2 566638 474339
391908 ACHIEVE-AT1 TRU8 APT8 -> M36-ACHIEVE-AT1 569990 477409
392451 ACHIEVE-AT2 APN1 APT5 -> M41-ACHIEVE-AT2 570558 477969
393533 ACHIEVE-AT-TRK TRU5 POS5 -> M34-ACHIEVE-AT 478775 571634
395236 ACHIEVE-AT1 TRU4 APT4 -> M36-ACHIEVE-AT1 573908 481038
395784 ACHIEVE-AT2 APN2 APT8 -> M40-ACHIEVE-AT2
396866 ACHIEVE-AT-TRK TRU8 POS8 -> M34-ACHIEVE-AT 482405 575556
398574 ACHIEVE-AT1 TRU7 APT7 -> M36-ACHIEVE-AT1 577833 484662
399114 ACHIEVE-AT2 APN2 APT4 -> M40-ACHIEVE-AT2
402452 ACHIEVE-AT1 TRU3 APT3 -> M35-ACHIEVE-AT1
402993 ACHIEVE-AT2 APN2 APT3 -> M41-ACHIEVE-AT2 582592 489106
403534 ACHIEVE-AT-AIR APN2 APT5 -> M39-ACHIEVE-AT 489651 583399
405782 ACHIEVE-AT2 APN2 APT3 -> M40-ACHIEVE-AT2
408575 ACHIEVE-AT1 TRU6 APT6 -> M36-ACHIEVE-AT1 495515 495533
408851 ACHIEVE-AT2 APN1 APT6 -> M40-ACHIEVE-AT2
409398 ACHIEVE-AT1 TRU1 APT1 -> M36-ACHIEVE-AT1 496356 496373
409941 ACHIEVE-AT1 TRU1 POS1 -> M36-ACHIEVE-AT1 496620 496643
412180 ACHIEVE-AT1 TRU2 APT2 -> M35-ACHIEVE-AT1
412457 ACHIEVE-AT2 APN1 APT2 -> M41-ACHIEVE-AT2 499702 499721
415537 ACHIEVE-AT1 TRU6 POS6 -> M35-ACHIEVE-AT1
416360 ACHIEVE-AT2 APN1 APT3 -> M41-ACHIEVE-AT2 503904 503925
419428 ACHIEVE-AT1 TRU4 APT4 -> M36-ACHIEVE-AT1 507259 507273
419709 ACHIEVE-AT2 APN1 APT4 -> M41-ACHIEVE-AT2 507548 507560
420255 ACHIEVE-AT2 APN2 APT1 -> M40-ACHIEVE-AT2
420796 ACHIEVE-AT2 APN2 APT6 -> M41-ACHIEVE-AT2 508367 508388
423876 ACHIEVE-AT2 APN1 APT2 -> M41-ACHIEVE-AT2 512021 512042
424414 ACHIEVE-AT2 APN1 APT4 -> M41-ACHIEVE-AT2 512293 512312
426676 ACHIEVE-AT1 TRU5 APT5 -> M36-ACHIEVE-AT1 515103 515122
428044 ACHIEVE-AT1 TRU6 POS6 -> M36-ACHIEVE-AT1 516212 516232
430576 ACHIEVE-AT2 APN1 APT5 -> M41-ACHIEVE-AT2 519311 519326
431121 ACHIEVE-AT2 APN2 APT3 -> M40-ACHIEVE-AT2
431669 ACHIEVE-AT2 APN2 APT8 -> M41-ACHIEVE-AT2 520127 520152
433923 ACHIEVE-AT1 TRU6 APT6 -> M36-ACHIEVE-AT1 522941 522962
434206 ACHIEVE-AT2 APN1 APT6 -> M41-ACHIEVE-AT2 523229 523244
434481 ACHIEVE-AT2 APN1 APT4 -> M41-ACHIEVE-AT2 523513 523530
435290 ACHIEVE-AT1 TRU4 POS4 -> M36-ACHIEVE-AT1 524056 524073
438374 ACHIEVE-AT2 APN2 APT5 -> M40-ACHIEVE-AT2
438914 ACHIEVE-AT2 APN2 APT7 -> M41-ACHIEVE-AT2 527978 527991
441451 ACHIEVE-AT2 APN1 APT8 -> M41-ACHIEVE-AT2 531074 531089
441727 ACHIEVE-AT2 APN1 APT7 -> M41-ACHIEVE-AT2 531354 531368
442535 ACHIEVE-AT2 APN2 APT3 -> M41-ACHIEVE-AT2 531891 531913
444527 ACHIEVE-AT1 TRU5 POS5 -> M35-ACHIEVE-AT1
445348 ACHIEVE-AT2 APN2 APT1 -> M41-ACHIEVE-AT2 535273 535293
446161 ACHIEVE-AT2 APN2 APT3 -> M41-ACHIEVE-AT2 535820 535835
448702 ACHIEVE-AT2 APN2 APT7 -> M41-ACHIEVE-AT2 538914 538933
449788 ACHIEVE-AT2 APN2 APT6 -> M41-ACHIEVE-AT2 539741 539753
452867 ACHIEVE-AT2 APN2 APT2 -> M41-ACHIEVE-AT2 543393 543412
453412 ACHIEVE-AT2 APN2 APT5 -> M41-ACHIEVE-AT2 543657 543676
456492 ACHIEVE-AT2 APN2 APT4 -> M40-ACHIEVE-AT2
457030 ACHIEVE-AT2 APN2 APT2 -> M41-ACHIEVE-AT2 547573 547596
459569 ACHIEVE-AT2 APN2 APT3 -> M41-ACHIEVE-AT2 550676 550691
459845 ACHIEVE-AT2 APN2 APT7 -> M40-ACHIEVE-AT2
460661 ACHIEVE-AT1 TRU7 POS7 -> M36-ACHIEVE-AT1 551502 551518
462649 ACHIEVE-AT1 TRU8 POS8 -> M35-ACHIEVE-AT1
462918 ACHIEVE-AT1 TRU8 APT8 -> M35-ACHIEVE-AT1
463195 ACHIEVE-AT2 APN2 APT8 -> M40-ACHIEVE-AT2
464283 ACHIEVE-AT1 TRU3 POS3 -> M36-ACHIEVE-AT1 555413 555439
466817 ACHIEVE-AT2 APN1 APT1 -> M41-ACHIEVE-AT2 558521 558535
467096 ACHIEVE-AT2 APN1 APT3 -> M40-ACHIEVE-AT2
467362 ACHIEVE-AT1 TRU3 APT3 -> M35-ACHIEVE-AT1
467906 ACHIEVE-AT1 TRU3 POS3 -> M36-ACHIEVE-AT1 559341 559360
470166 ACHIEVE-AT1 TRU1 APT1 -> M35-ACHIEVE-AT1
471532 ACHIEVE-AT1 TRU4 POS4 -> M36-ACHIEVE-AT1 563266 563282
474067 ACHIEVE-AT2 APN1 APT2 -> M41-ACHIEVE-AT2 566361 566378
474339 ACHIEVE-AT2 APN1 APT8 -> M40-ACHIEVE-AT2
477409 ACHIEVE-AT1 TRU8 APT8 -> M36-ACHIEVE-AT1 569995 570013
477969 ACHIEVE-AT2 APN1 APT5 -> M41-ACHIEVE-AT2 570565 570584
478775 ACHIEVE-AT1 TRU5 POS5 -> M36-ACHIEVE-AT1 571102 571128
481038 ACHIEVE-AT1 TRU4 APT4 -> M36-ACHIEVE-AT1 573914 573934
482405 ACHIEVE-AT1 TRU8 POS8 -> M36-ACHIEVE-AT1 575029 575047
484662 ACHIEVE-AT1 TRU7 APT7 -> M35-ACHIEVE-AT1
489106 ACHIEVE-AT2 APN2 APT3 -> M41-ACHIEVE-AT2 582604 582617
489651 ACHIEVE-AT2 APN2 APT5 -> M41-ACHIEVE-AT2 582865 582891
495230 ACHIEVE-AT-TRK TRU6 POS6 -> M33-ACHIEVE-AT 495231
495476 IFUNLOCK-AT TRU6 POS6 -> IFUNLOCK1-AT 495477
495533 ACHIEVE-AT1 TRU6 APT6 -> M35-ACHIEVE-AT1
495760 IFUNLOCK-AT TRU6 APT6 -> IFUNLOCK1-AT 495761
496052 IFUNLOCK-AT APN1 APT6 -> IFUNLOCK1-AT 496053
496330 IFUNLOCK-AT APN1 APT1 -> IFUNLOCK1-AT 496331
496373 ACHIEVE-AT1 TRU1 APT1 -> M35-ACHIEVE-AT1
496603 IFUNLOCK-AT TRU1 APT1 -> IFUNLOCK1-AT 496604
496643 ACHIEVE-AT1 TRU1 POS1 -> M35-ACHIEVE-AT1
497160 IFUNLOCK-AT TRU1 POS1 -> IFUNLOCK1-AT 497161
499122 ACHIEVE-AT-TRK TRU2 POS2 -> M33-ACHIEVE-AT 499123
499376 IFUNLOCK-AT TRU2 POS2 -> IFUNLOCK1-AT 499377
499662 IFUNLOCK-AT TRU2 APT2 -> IFUNLOCK1-AT 499663
499721 ACHIEVE-AT2 APN1 APT2 -> M40-ACHIEVE-AT2
499951 IFUNLOCK-AT APN1 APT2 -> IFUNLOCK1-AT 499952
500234 IFUNLOCK-AT APN1 APT6 -> IFUNLOCK1-AT 500235
503297 IFUNLOCK-AT TRU6 POS6 -> IFUNLOCK1-AT 503298
503587 IFUNLOCK-AT TRU6 APT6 -> IFUNLOCK1-AT 503588
503604 ACHIEVE-AT-AIR APN1 APT6 -> M38-ACHIEVE-AT 503605
503871 IFUNLOCK-AT APN1 APT6 -> IFUNLOCK1-AT 503872
503925 ACHIEVE-AT2 APN1 APT3 -> M40-ACHIEVE-AT2
504148 IFUNLOCK-AT APN1 APT3 -> IFUNLOCK1-AT 504149
506968 ACHIEVE-AT-TRK TRU4 POS4 -> M33-ACHIEVE-AT 506969
507215 IFUNLOCK-AT TRU4 POS4 -> IFUNLOCK1-AT 507216
507273 ACHIEVE-AT1 TRU4 APT4 -> M35-ACHIEVE-AT1
507509 IFUNLOCK-AT TRU4 APT4 -> IFUNLOCK1-AT 507510
507560 ACHIEVE-AT2 APN1 APT4 -> M40-ACHIEVE-AT2
507788 IFUNLOCK-AT APN1 APT4 -> IFUNLOCK1-AT 507789
508075 IFUNLOCK-AT APN1 APT1 -> IFUNLOCK1-AT 508076
508351 IFUNLOCK-AT APN2 APT1 -> IFUNLOCK1-AT 508352
508388 ACHIEVE-AT2 APN2 APT6 -> M40-ACHIEVE-AT2
508907 IFUNLOCK-AT APN2 APT6 -> IFUNLOCK1-AT 508908
510887 ACHIEVE-AT-TRK TRU7 POS7 -> M33-ACHIEVE-AT 510888
511138 IFUNLOCK-AT TRU7 POS7 -> IFUNLOCK1-AT 511139
511425 IFUNLOCK-AT TRU7 APT7 -> IFUNLOCK1-AT 511426
511716 IFUNLOCK-AT APN2 APT7 -> IFUNLOCK1-AT 511717
511991 IFUNLOCK-AT APN2 APT2 -> IFUNLOCK1-AT 511992
512042 ACHIEVE-AT2 APN1 APT2 -> M40-ACHIEVE-AT2
512269 IFUNLOCK-AT APN1 APT2 -> IFUNLOCK1-AT 512270
512312 ACHIEVE-AT2 APN1 APT4 -> M40-ACHIEVE-AT2
512828 IFUNLOCK-AT APN1 APT4 -> IFUNLOCK1-AT 512829
514805 ACHIEVE-AT-TRK TRU5 POS5 -> M33-ACHIEVE-AT 514806
515057 IFUNLOCK-AT TRU5 POS5 -> IFUNLOCK1-AT 515058
515122 ACHIEVE-AT1 TRU5 APT5 -> M35-ACHIEVE-AT1
515344 IFUNLOCK-AT TRU5 APT5 -> IFUNLOCK1-AT 515345
515635 IFUNLOCK-AT APN1 APT5 -> IFUNLOCK1-AT 515636
515919 IFUNLOCK-AT APN1 APT6 -> IFUNLOCK1-AT 515920
515931 ACHIEVE-AT-TRK TRU6 APT6 -> M33-ACHIEVE-AT 515932
516190 IFUNLOCK-AT TRU6 APT6 -> IFUNLOCK1-AT 516191
516232 ACHIEVE-AT1 TRU6 POS6 -> M35-ACHIEVE-AT1
516751 IFUNLOCK-AT TRU6 POS6 -> IFUNLOCK1-AT 516752
518980 IFUNLOCK-AT TRU5 POS5 -> IFUNLOCK1-AT 518981
519270 IFUNLOCK-AT TRU5 APT5 -> IFUNLOCK1-AT 519271
519326 ACHIEVE-AT2 APN1 APT5 -> M40-ACHIEVE-AT2
519552 IFUNLOCK-AT APN1 APT5 -> IFUNLOCK1-AT 519553
519836 IFUNLOCK-AT APN1 APT3 -> IFUNLOCK1-AT 519837
520112 IFUNLOCK-AT APN2 APT3 -> IFUNLOCK1-AT 520113
520152 ACHIEVE-AT2 APN2 APT8 -> M40-ACHIEVE-AT2
520664 IFUNLOCK-AT APN2 APT8 -> IFUNLOCK1-AT 520665
522648 ACHIEVE-AT-TRK TRU6 POS6 -> M33-ACHIEVE-AT 522649
522900 IFUNLOCK-AT TRU6 POS6 -> IFUNLOCK1-AT 522901
522962 ACHIEVE-AT1 TRU6 APT6 -> M35-ACHIEVE-AT1
523188 IFUNLOCK-AT TRU6 APT6 -> IFUNLOCK1-AT 523189
523244 ACHIEVE-AT2 APN1 APT6 -> M40-ACHIEVE-AT2
523472 IFUNLOCK-AT APN1 APT6 -> IFUNLOCK1-AT 523473
523530 ACHIEVE-AT2 APN1 APT4 -> M40-ACHIEVE-AT2
523760 IFUNLOCK-AT APN1 APT4 -> IFUNLOCK1-AT 523761
523773 ACHIEVE-AT-TRK TRU4 APT4 -> M33-ACHIEVE-AT 523774
524036 IFUNLOCK-AT TRU4 APT4 -> IFUNLOCK1-AT 524037
524073 ACHIEVE-AT1 TRU4 POS4 -> M35-ACHIEVE-AT1
524587 IFUNLOCK-AT TRU4 POS4 -> IFUNLOCK1-AT 524588
526573 ACHIEVE-AT-TRK TRU3 POS3 -> M33-ACHIEVE-AT 526574
526819 IFUNLOCK-AT TRU3 POS3 -> IFUNLOCK1-AT 526820
527114 IFUNLOCK-AT TRU3 APT3 -> IFUNLOCK1-AT 527115
527397 IFUNLOCK-AT APN1 APT3 -> IFUNLOCK1-AT 527398
527676 IFUNLOCK-AT APN1 APT5 -> IFUNLOCK1-AT 527677
527953 IFUNLOCK-AT APN2 APT5 -> IFUNLOCK1-AT 527954
527991 ACHIEVE-AT2 APN2 APT7 -> M40-ACHIEVE-AT2
528513 IFUNLOCK-AT APN2 APT7 -> IFUNLOCK1-AT 528514
530493 ACHIEVE-AT-TRK TRU8 POS8 -> M33-ACHIEVE-AT 530494
530744 IFUNLOCK-AT TRU8 POS8 -> IFUNLOCK1-AT 530745
531032 IFUNLOCK-AT TRU8 APT8 -> IFUNLOCK1-AT 531033
531089 ACHIEVE-AT2 APN1 APT8 -> M40-ACHIEVE-AT2
531318 IFUNLOCK-AT APN1 APT8 -> IFUNLOCK1-AT 531319
531368 ACHIEVE-AT2 APN1 APT7 -> M40-ACHIEVE-AT2
531601 IFUNLOCK-AT APN1 APT7 -> IFUNLOCK1-AT 531602
531622 ACHIEVE-AT-AIR APN2 APT7 -> M38-ACHIEVE-AT 531623
531870 IFUNLOCK-AT APN2 APT7 -> IFUNLOCK1-AT 531871
531913 ACHIEVE-AT2 APN2 APT3 -> M40-ACHIEVE-AT2
532428 IFUNLOCK-AT APN2 APT3 -> IFUNLOCK1-AT 532429
534665 IFUNLOCK-AT TRU5 POS5 -> IFUNLOCK1-AT 534666
534953 IFUNLOCK-AT TRU5 APT5 -> IFUNLOCK1-AT 534954
535241 IFUNLOCK-AT APN2 APT5 -> IFUNLOCK1-AT 535242
535293 ACHIEVE-AT2 APN2 APT1 -> M40-ACHIEVE-AT2
535517 IFUNLOCK-AT APN2 APT1 -> IFUNLOCK1-AT 535518
535533 ACHIEVE-AT-AIR APN2 APT1 -> M38-ACHIEVE-AT 535534
535798 IFUNLOCK-AT APN2 APT1 -> IFUNLOCK1-AT 535799
535835 ACHIEVE-AT2 APN2 APT3 -> M40-ACHIEVE-AT2
536351 IFUNLOCK-AT APN2 APT3 -> IFUNLOCK1-AT 536352
538586 IFUNLOCK-AT TRU7 POS7 -> IFUNLOCK1-AT 538587
538869 IFUNLOCK-AT TRU7 APT7 -> IFUNLOCK1-AT 538870
538933 ACHIEVE-AT2 APN2 APT7 -> M40-ACHIEVE-AT2
539162 IFUNLOCK-AT APN2 APT7 -> IFUNLOCK1-AT 539163
539445 IFUNLOCK-AT APN2 APT3 -> IFUNLOCK1-AT 539446
539463 ACHIEVE-AT-AIR APN2 APT3 -> M38-ACHIEVE-AT 539464
539717 IFUNLOCK-AT APN2 APT3 -> IFUNLOCK1-AT 539718
539753 ACHIEVE-AT2 APN2 APT6 -> M40-ACHIEVE-AT2
540276 IFUNLOCK-AT APN2 APT6 -> IFUNLOCK1-AT 540277
542504 IFUNLOCK-AT TRU2 POS2 -> IFUNLOCK1-AT 542505
542798 IFUNLOCK-AT TRU2 APT2 -> IFUNLOCK1-AT 542799
542814 ACHIEVE-AT-TRK TRU2 APT2 -> M33-ACHIEVE-AT 542815
543078 IFUNLOCK-AT TRU2 APT2 -> IFUNLOCK1-AT 543079
543093 ACHIEVE-AT-TRK TRU2 APT2 -> M33-ACHIEVE-AT 543094
543366 IFUNLOCK-AT TRU2 APT2 -> IFUNLOCK1-AT 543367
543412 ACHIEVE-AT2 APN2 APT2 -> M40-ACHIEVE-AT2
543639 IFUNLOCK-AT APN2 APT2 -> IFUNLOCK1-AT 543640
543676 ACHIEVE-AT2 APN2 APT5 -> M40-ACHIEVE-AT2
544198 IFUNLOCK-AT APN2 APT5 -> IFUNLOCK1-AT 544199
546177 ACHIEVE-AT-TRK TRU4 POS4 -> M33-ACHIEVE-AT 546178
546426 IFUNLOCK-AT TRU4 POS4 -> IFUNLOCK1-AT 546427
546713 IFUNLOCK-AT TRU4 APT4 -> IFUNLOCK1-AT 546714
546734 ACHIEVE-AT-TRK TRU4 APT4 -> M33-ACHIEVE-AT 546735
546998 IFUNLOCK-AT TRU4 APT4 -> IFUNLOCK1-AT 546999
547019 ACHIEVE-AT-TRK TRU4 APT4 -> M33-ACHIEVE-AT 547020
547283 IFUNLOCK-AT TRU4 APT4 -> IFUNLOCK1-AT 547284
547556 IFUNLOCK-AT APN2 APT4 -> IFUNLOCK1-AT 547557
547596 ACHIEVE-AT2 APN2 APT2 -> M40-ACHIEVE-AT2
548117 IFUNLOCK-AT APN2 APT2 -> IFUNLOCK1-AT 548118
550345 IFUNLOCK-AT TRU3 POS3 -> IFUNLOCK1-AT 550346
550636 IFUNLOCK-AT TRU3 APT3 -> IFUNLOCK1-AT 550637
550691 ACHIEVE-AT2 APN2 APT3 -> M40-ACHIEVE-AT2
550922 IFUNLOCK-AT APN2 APT3 -> IFUNLOCK1-AT 550923
551200 IFUNLOCK-AT APN2 APT7 -> IFUNLOCK1-AT 551201
551228 ACHIEVE-AT-TRK TRU7 APT7 -> M33-ACHIEVE-AT 551229
551479 IFUNLOCK-AT TRU7 APT7 -> IFUNLOCK1-AT 551480
551518 ACHIEVE-AT1 TRU7 POS7 -> M35-ACHIEVE-AT1
552034 IFUNLOCK-AT TRU7 POS7 -> IFUNLOCK1-AT 552035
554270 IFUNLOCK-AT TRU8 POS8 -> IFUNLOCK1-AT 554271
554553 IFUNLOCK-AT TRU8 APT8 -> IFUNLOCK1-AT 554554
554848 IFUNLOCK-AT APN2 APT8 -> IFUNLOCK1-AT 554849
555128 IFUNLOCK-AT APN2 APT3 -> IFUNLOCK1-AT 555129
555137 ACHIEVE-AT-TRK TRU3 APT3 -> M33-ACHIEVE-AT 555138
555400 IFUNLOCK-AT TRU3 APT3 -> IFUNLOCK1-AT 555401
555439 ACHIEVE-AT1 TRU3 POS3 -> M35-ACHIEVE-AT1
555957 IFUNLOCK-AT TRU3 POS3 -> IFUNLOCK1-AT 555958
557937 ACHIEVE-AT-TRK TRU1 POS1 -> M33-ACHIEVE-AT 557938
558190 IFUNLOCK-AT TRU1 POS1 -> IFUNLOCK1-AT 558191
558476 IFUNLOCK-AT TRU1 APT1 -> IFUNLOCK1-AT 558477
558535 ACHIEVE-AT2 APN1 APT1 -> M40-ACHIEVE-AT2
558764 IFUNLOCK-AT APN1 APT1 -> IFUNLOCK1-AT 558765
559050 IFUNLOCK-AT APN1 APT3 -> IFUNLOCK1-AT 559051
559317 IFUNLOCK-AT TRU3 APT3 -> IFUNLOCK1-AT 559318
559360 ACHIEVE-AT1 TRU3 POS3 -> M35-ACHIEVE-AT1
559875 IFUNLOCK-AT TRU3 POS3 -> IFUNLOCK1-AT 559876
562112 IFUNLOCK-AT TRU1 POS1 -> IFUNLOCK1-AT 562113
562403 IFUNLOCK-AT TRU1 APT1 -> IFUNLOCK1-AT 562404
562688 IFUNLOCK-AT APN2 APT1 -> IFUNLOCK1-AT 562689
562969 IFUNLOCK-AT APN2 APT4 -> IFUNLOCK1-AT 562970
562990 ACHIEVE-AT-TRK TRU4 APT4 -> M33-ACHIEVE-AT 562991
563246 IFUNLOCK-AT TRU4 APT4 -> IFUNLOCK1-AT 563247
563282 ACHIEVE-AT1 TRU4 POS4 -> M35-ACHIEVE-AT1
563799 IFUNLOCK-AT TRU4 POS4 -> IFUNLOCK1-AT 563800
566031 IFUNLOCK-AT TRU2 POS2 -> IFUNLOCK1-AT 566032
566317 IFUNLOCK-AT TRU2 APT2 -> IFUNLOCK1-AT 566318
566378 ACHIEVE-AT2 APN1 APT2 -> M40-ACHIEVE-AT2
566609 IFUNLOCK-AT APN1 APT2 -> IFUNLOCK1-AT 566610
566886 IFUNLOCK-AT APN1 APT8 -> IFUNLOCK1-AT 566887
569951 IFUNLOCK-AT TRU8 POS8 -> IFUNLOCK1-AT 569952
570013 ACHIEVE-AT1 TRU8 APT8 -> M35-ACHIEVE-AT1
570239 IFUNLOCK-AT TRU8 APT8 -> IFUNLOCK1-AT 570240
570263 ACHIEVE-AT-AIR APN1 APT8 -> M38-ACHIEVE-AT 570264
570529 IFUNLOCK-AT APN1 APT8 -> IFUNLOCK1-AT 570530
570584 ACHIEVE-AT2 APN1 APT5 -> M40-ACHIEVE-AT2
570806 IFUNLOCK-AT APN1 APT5 -> IFUNLOCK1-AT 570807
570831 ACHIEVE-AT-TRK TRU5 APT5 -> M33-ACHIEVE-AT 570832
571088 IFUNLOCK-AT TRU5 APT5 -> IFUNLOCK1-AT 571089
571128 ACHIEVE-AT1 TRU5 POS5 -> M35-ACHIEVE-AT1
571644 IFUNLOCK-AT TRU5 POS5 -> IFUNLOCK1-AT 571645
573619 ACHIEVE-AT-TRK TRU4 POS4 -> M33-ACHIEVE-AT 573620
573872 IFUNLOCK-AT TRU4 POS4 -> IFUNLOCK1-AT 573873
573934 ACHIEVE-AT1 TRU4 APT4 -> M35-ACHIEVE-AT1
574160 IFUNLOCK-AT TRU4 APT4 -> IFUNLOCK1-AT 574161
574181 ACHIEVE-AT-AIR APN2 APT4 -> M38-ACHIEVE-AT 574182
574453 IFUNLOCK-AT APN2 APT4 -> IFUNLOCK1-AT 574454
574731 IFUNLOCK-AT APN2 APT8 -> IFUNLOCK1-AT 574732
574752 ACHIEVE-AT-TRK TRU8 APT8 -> M33-ACHIEVE-AT 574753
575004 IFUNLOCK-AT TRU8 APT8 -> IFUNLOCK1-AT 575005
575047 ACHIEVE-AT1 TRU8 POS8 -> M35-ACHIEVE-AT1
575566 IFUNLOCK-AT TRU8 POS8 -> IFUNLOCK1-AT 575567
577545 ACHIEVE-AT-TRK TRU7 POS7 -> M33-ACHIEVE-AT 577546
577792 IFUNLOCK-AT TRU7 POS7 -> IFUNLOCK1-AT 577793
578079 IFUNLOCK-AT TRU7 APT7 -> IFUNLOCK1-AT 578080
578366 IFUNLOCK-AT APN2 APT7 -> IFUNLOCK1-AT 578367
578648 IFUNLOCK-AT APN2 APT4 -> IFUNLOCK1-AT 578649
581461 ACHIEVE-AT-TRK TRU3 POS3 -> M33-ACHIEVE-AT 581462
581714 IFUNLOCK-AT TRU3 POS3 -> IFUNLOCK1-AT 581715
581735 ACHIEVE-AT-TRK TRU3 POS3 -> M33-ACHIEVE-AT 581736
582004 IFUNLOCK-AT TRU3 POS3 -> IFUNLOCK1-AT 582005
582022 ACHIEVE-AT-TRK TRU3 POS3 -> M33-ACHIEVE-AT 582023
582293 IFUNLOCK-AT TRU3 POS3 -> IFUNLOCK1-AT 582294
582574 IFUNLOCK-AT TRU3 APT3 -> IFUNLOCK1-AT 582575
582617 ACHIEVE-AT2 APN2 APT3 -> M40-ACHIEVE-AT2
582849 IFUNLOCK-AT APN2 APT3 -> IFUNLOCK1-AT 582850
582891 ACHIEVE-AT2 APN2 APT5 -> M40-ACHIEVE-AT2
583406 IFUNLOCK-AT APN2 APT5 -> IFUNLOCK1-AT 583407
585636 IFUNLOCK-AT TRU1 POS1 -> IFUNLOCK1-AT 585637
585929 IFUNLOCK-AT TRU1 APT1 -> IFUNLOCK1-AT 585930
586215 IFUNLOCK-AT APN2 APT1 -> IFUNLOCK1-AT 586216
586494 IFUNLOCK-AT APN2 APT3 -> IFUNLOCK1-AT 586495
<==
922.867 End of solution plan. (counted length of 651)
922.867 Total amount of clauses encoded: 6066359
922.867 - directframeaxioms : 2432944 cls
922.867 - qfactsemantics : 1413208 cls
922.867 - indirectframeaxioms : 1369376 cls
922.867 - reductionconstraints : 505917 cls
922.867 - atmostoneelement : 139999 cls
922.867 - actionconstraints : 41311 cls
922.867 - expansions : 38930 cls
922.867 - predecessors : 37555 cls
922.867 - substitutionconstraints : 37028 cls
922.867 - qconstequality : 36288 cls
922.867 - actioneffects : 8466 cls
922.867 - qtypeconstraints : 3839 cls
922.867 - truefacts : 1496 cls
922.867 - axiomaticops : 2 cls
922.867 # instantiated positions: 5629
922.867 # instantiated actions: 29109
922.867 # instantiated reductions: 8447
922.867 # introduced pseudo-constants: 4632
922.867 # retroactive prunings: 0
922.867 # retroactively pruned operations: 0
922.867 # dominated operations: 0
922.867 Exiting happily (no cleaning up).

RUNWATCH_RESULT EXIT RETVAL 0 TIME_SECS 923.02 MEMPEAK_KBS 2298620
