    _           _         _
   \ |         \ |       | |                       
   | |     __  | |      _| |______                
   | |     \/  | |     /_   ______\                
   | |      _  | |   __  | |  ___   ___   ___       
   | |___  | | | |  / .\ | | / , | |   \ / ·_\    
   \_____\ |_| |__\ \__/ |_| \___) |_|_| \___\  
[39mL i l o t a n e  version rls-glucose4
by Dominik Schreiber <dominik.schreiber@kit.edu> 2020-2021
using SAT solver glucose4

0.005 Parser finished.
0.005 Structures extracted.
0.005 8 operators and 6 methods created.
0.029 Mined 7 new reduction preconditions (+19.4%).
0.029 Iteration 0.
0.029 Creating initial layer of size 2
2.129 Attempting to solve formula with 3 clauses (3 literals) and 1 assumptions
2.129 Unsolvable at layer 0 -- expanding.
2.129 Iteration 1.
2.129 New layer size: 2
2.129 Instantiating ...
6.509 Collected 0 relevant facts at this layer
6.509 Encoding ...
6.509 Attempting to solve formula with 662 clauses (1498 literals) and 1 assumptions
6.509 Unsolvable at layer 1 -- expanding.
6.509 Iteration 2.
6.509 New layer size: 4
6.509 Instantiating ...
9.188 Collected 107 relevant facts at this layer
9.188 Encoding ...
9.191 Attempting to solve formula with 3831 clauses (9460 literals) and 2 assumptions
9.191 Unsolvable at layer 2 -- expanding.
9.191 Iteration 3.
9.191 New layer size: 7
9.191 Instantiating ...
14.496 Collected 702 relevant facts at this layer
14.496 Encoding ...
14.504 Attempting to solve formula with 14250 clauses (37930 literals) and 3 assumptions
14.505 Unsolvable at layer 3 -- expanding.
14.505 Iteration 4.
14.505 New layer size: 11
14.505 Instantiating ...
19.742 Collected 702 relevant facts at this layer
19.742 Encoding ...
19.758 Attempting to solve formula with 30419 clauses (86504 literals) and 4 assumptions
19.760 Unsolvable at layer 4 -- expanding.
19.760 Iteration 5.
19.760 New layer size: 16
19.760 Instantiating ...
25.430 Collected 702 relevant facts at this layer
25.430 Encoding ...
25.455 Attempting to solve formula with 52400 clauses (154029 literals) and 5 assumptions
25.457 Unsolvable at layer 5 -- expanding.
25.457 Iteration 6.
25.457 New layer size: 22
25.457 Instantiating ...
31.557 Collected 702 relevant facts at this layer
31.557 Encoding ...
31.592 Attempting to solve formula with 79853 clauses (239052 literals) and 6 assumptions
31.598 Unsolvable at layer 6 -- expanding.
31.598 Iteration 7.
31.598 New layer size: 29
31.598 Instantiating ...
38.126 Collected 702 relevant facts at this layer
38.126 Encoding ...
38.175 Attempting to solve formula with 112740 clauses (341462 literals) and 7 assumptions
38.183 Unsolvable at layer 7 -- expanding.
38.183 Iteration 8.
38.183 New layer size: 37
38.183 Instantiating ...
45.079 Collected 702 relevant facts at this layer
45.079 Encoding ...
45.134 Attempting to solve formula with 151127 clauses (461531 literals) and 8 assumptions
c last restart ## conflicts  :  4 1923 
45.139 Found a solution at layer 8.
==>
11184 move-long viper px1y3 px2y3 px0y0 px1y0
11186 move-long viper px1y2 px1y3 px0y1 px0y0
11192 move-long viper px1y1 px1y2 px0y2 px0y1
11196 move-long viper px1y0 px1y1 px0y3 px0y2
11461 strike viper px1y0 px2y0
11464 move-long viper px2y1 px2y0 px0y4 px0y3
11468 move-long viper px2y2 px2y1 px1y4 px0y4
11471 move-long viper px3y2 px2y2 px2y4 px1y4
11476 move-long viper px4y2 px3y2 px2y3 px2y4
11479 move-long viper px4y3 px4y2 px1y3 px2y3
11739 strike viper px4y3 px4y4
root 5
5 hunt -> hunt_all 60 11461 353
60 move viper px2y3 px1y0 -> move-long-snake 11184 1253
353 hunt -> hunt_all 1969 11739 2758
1253 move viper px1y3 px1y0 -> move-long-snake 11186 3556
1969 move viper px2y0 px4y3 -> move-long-snake 11464 3793
2758 hunt -> hunt_done
3556 move viper px1y2 px1y0 -> move-long-snake 11192 5046
3793 move viper px2y1 px4y3 -> move-long-snake 11468 5299
5046 move viper px1y1 px1y0 -> move-long-snake 11196 6819
5299 move viper px2y2 px4y3 -> move-long-snake 11471 7081
6819 move viper px1y0 px1y0 -> move-base
7081 move viper px3y2 px4y3 -> move-long-snake 11476 9146
9146 move viper px4y2 px4y3 -> move-long-snake 11479 11486
11486 move viper px4y3 px4y3 -> move-base
<==
45.141 End of solution plan. (counted length of 11)
45.141 Total amount of clauses encoded: 151127
45.141 - directframeaxioms : 54310 cls
45.141 - reductionconstraints : 40616 cls
45.141 - qfactsemantics : 23464 cls
45.141 - indirectframeaxioms : 13118 cls
45.141 - substitutionconstraints : 8902 cls
45.141 - qconstequality : 8250 cls
45.141 - truefacts : 702 cls
45.141 - atmostoneelement : 439 cls
45.141 - expansions : 385 cls
45.141 - predecessors : 375 cls
45.141 - actioneffects : 337 cls
45.141 - actionconstraints : 227 cls
45.141 - axiomaticops : 2 cls
45.141 # instantiated positions: 129
45.141 # instantiated actions: 277
45.141 # instantiated reductions: 99
45.141 # introduced pseudo-constants: 107
45.141 # retroactive prunings: 0
45.141 # retroactively pruned operations: 0
45.141 # dominated operations: 0
45.141 # total invalid rigid preconditions found in getPFC: 0
45.141 # invalid rigid preconditions found in getPFC: 0
45.141 # invalid rigid preconditions found in getPFC in varrestrictions: 0
45.141 # total invalid fluent preconditions found in getPFC: 2
45.141 # invalid fluent preconditions found in getPFC: 2
45.141 # invalid fluent preconditions found in getPFC in varrestrictions: 0
45.141 # invalid fluent preconditions found in getPFC via postconditions: 0
45.141 # invalid subtasks found in getPFC: 0
45.141 # number effects in operation fact_frames: 106
45.141 Exiting happily.

RUNWATCH_RESULT EXIT RETVAL 0 TIME_SECS 45.1523 MEMPEAK_KBS 49856
