    _           _         _
   \ |         \ |       | |                       
   | |     __  | |      _| |______                
   | |     \/  | |     /_   ______\                
   | |      _  | |   __  | |  ___   ___   ___       
   | |___  | | | |  / .\ | | / , | |   \ / ·_\    
   \_____\ |_| |__\ \__/ |_| \___) |_|_| \___\  
[39mL i l o t a n e  version rls-cadical
by Dominik Schreiber <dominik.schreiber@kit.edu> 2020-2021
using SAT solver cadical

0.314 Parser finished.
0.314 Structures extracted.
0.315 25 operators and 25 methods created.
0.333 Mined 5 new reduction preconditions (+10.2%).
0.333 Iteration 0.
0.333 Creating initial layer of size 2
0.336 Attempting to solve formula with 3 clauses (3 literals) and 1 assumptions
0.336 Unsolvable at layer 0 -- expanding.
0.336 Iteration 1.
0.336 New layer size: 2
0.336 Instantiating ...
0.341 Collected 0 relevant facts at this layer
0.341 Encoding ...
0.342 Attempting to solve formula with 8 clauses (12 literals) and 1 assumptions
0.342 Unsolvable at layer 1 -- expanding.
0.342 Iteration 2.
0.342 New layer size: 7
0.342 Instantiating ...
0.348 Collected 0 relevant facts at this layer
0.348 Encoding ...
0.349 Attempting to solve formula with 28 clauses (46 literals) and 6 assumptions
0.349 Unsolvable at layer 2 -- expanding.
0.349 Iteration 3.
0.349 New layer size: 13
0.349 Instantiating ...
0.364 Collected 154 relevant facts at this layer
0.364 Encoding ...
0.369 Attempting to solve formula with 6628 clauses (18869 literals) and 12 assumptions
0.369 Unsolvable at layer 3 -- expanding.
0.369 Iteration 4.
0.369 New layer size: 25
0.369 Instantiating ...
0.405 Collected 164 relevant facts at this layer
0.405 Encoding ...
0.429 Attempting to solve formula with 48807 clauses (139785 literals) and 22 assumptions
0.430 Unsolvable at layer 4 -- expanding.
0.430 Iteration 5.
0.430 New layer size: 44
0.430 Instantiating ...
0.574 Collected 316 relevant facts at this layer
0.574 Encoding ...
0.671 Attempting to solve formula with 234747 clauses (683754 literals) and 41 assumptions
0.671 Unsolvable at layer 5 -- expanding.
0.671 Iteration 6.
0.671 New layer size: 81
0.671 Instantiating ...
0.729 Retroactively prune reduction (place-block-abstract-3 l-2-0-0 stone stone Q_5,4_location:0_6c1f29b5d29ad628)@(5,4): no children at offset 0
1.158 Collected 328 relevant facts at this layer
1.158 Encoding ...
1.408 Attempting to solve formula with 742884 clauses (2184734 literals) and 78 assumptions
1.409 Unsolvable at layer 6 -- expanding.
1.409 Iteration 7.
1.409 New layer size: 159
1.409 Instantiating ...
1.777 Retroactively prune reduction (place-block-abstract-3 l-3-0-0 stone stone Q_6,12_location:0_6c1f29b5d29ad628)@(6,12): no children at offset 0
3.292 Collected 341 relevant facts at this layer
3.292 Encoding ...
3.903 Attempting to solve formula with 1931743 clauses (5794036 literals) and 146 assumptions
3.904 Unsolvable at layer 7 -- expanding.
3.904 Iteration 8.
3.904 New layer size: 297
3.904 Instantiating ...
5.283 Retroactively prune reduction (place-block-abstract-3 l-4-0-0 stone stone Q_7,28_location:0_6c1f29b5d29ad628)@(7,28): no children at offset 0
9.830 Collected 349 relevant facts at this layer
9.830 Encoding ...
11.267 Attempting to solve formula with 4500767 clauses (13860083 literals) and 274 assumptions
11.268 Unsolvable at layer 8 -- expanding.
11.268 Iteration 9.
11.268 New layer size: 533
11.268 Instantiating ...
15.252 Retroactively prune action (__REPEATED_removeblock l-1-1-3 stone)@(8,60): no children at offset 0
15.252 Retroactively prune action (__REPEATED_removeblock l-1-2-3 stone)@(8,60): no children at offset 0
16.958 Retroactively prune action (__REPEATED_removeblock l-2-1-3 stone)@(8,86): no children at offset 0
16.958 Retroactively prune action (removeblock l-2-2-3 stone)@(8,86): no children at offset 0
17.746 Retroactively prune action (removeblock l-3-1-3 stone)@(8,102): no children at offset 0
17.769 Retroactively prune reduction (place-block-abstract-3 l-3-2-3 stone stone Q_8,102_location:0_6c1f29b5d29ad628)@(8,102): no children at offset 0
18.058 Retroactively prune reduction (place-block-abstract-3 l-4-1-3 stone stone Q_8,110_location:0_6c1f29b5d29ad628)@(8,110): no children at offset 0
18.116 Retroactively prune action (removeblock l-1-2-0 stone)@(8,114): no children at offset 0
18.116 Retroactively prune action (__REPEATED_removeblock l-1-2-2 stone)@(8,114): no children at offset 0
18.116 Retroactively prune action (__REPEATED_removeblock l-1-2-1 stone)@(8,114): no children at offset 0
18.368 Retroactively prune action (__REPEATED_removeblock l-2-2-2 stone)@(8,138): no children at offset 0
18.368 Retroactively prune action (removeblock l-2-2-1 stone)@(8,138): no children at offset 0
18.368 Retroactively prune reduction (place-block-abstract-3 l-2-2-0 stone stone Q_8,138_location:0_6c1f29b5d29ad628)@(8,138): no children at offset 0
18.383 Retroactively prune action (removeblock l-3-2-2 stone)@(8,154): no children at offset 0
18.383 Retroactively prune reduction (place-block-abstract-3 l-3-2-1 stone stone Q_8,154_location:0_6c1f29b5d29ad628)@(8,154): no children at offset 0
18.394 Retroactively prune reduction (place-block-abstract-3 l-4-2-2 stone stone Q_8,162_location:0_6c1f29b5d29ad628)@(8,162): no children at offset 0
18.402 Retroactively prune action (__REPEATED_removeblock l-1-1-0 stone)@(8,166): no children at offset 0
20.479 Retroactively prune action (__REPEATED_removeblock l-2-1-0 stone)@(8,194): no children at offset 0
21.386 Retroactively prune action (removeblock l-3-1-0 stone)@(8,210): no children at offset 0
21.707 Retroactively prune reduction (place-block-abstract-3 l-4-1-0 stone stone Q_8,218_location:0_6c1f29b5d29ad628)@(8,218): no children at offset 0
22.723 Retroactively prune action (__REPEATED_removeblock l-5-0-2 stone)@(8,240): no children at offset 0
22.723 Retroactively prune action (__REPEATED_removeblock l-5-0-1 stone)@(8,240): no children at offset 0
22.723 Retroactively prune action (__REPEATED_removeblock l-5-0-0 stone)@(8,240): no children at offset 0
22.723 Retroactively prune action (removeblock l-5-0-3 stone)@(8,240): no children at offset 0
25.309 Retroactively prune action (removeblock l-5-1-2 stone)@(8,272): no children at offset 0
25.309 Retroactively prune action (__REPEATED_removeblock l-5-1-0 stone)@(8,272): no children at offset 0
25.309 Retroactively prune action (__REPEATED_removeblock l-5-1-1 stone)@(8,272): no children at offset 0
25.343 Retroactively prune reduction (place-block-abstract-3 l-5-1-3 stone stone Q_8,272_location:0_6c1f29b5d29ad628)@(8,272): no children at offset 0
26.315 Retroactively prune action (removeblock l-5-2-1 stone)@(8,288): no children at offset 0
26.315 Retroactively prune action (__REPEATED_removeblock l-5-2-0 stone)@(8,288): no children at offset 0
26.338 Retroactively prune reduction (place-block-abstract-3 l-5-2-2 stone stone Q_8,288_location:0_6c1f29b5d29ad628)@(8,288): no children at offset 0
26.623 Collected 352 relevant facts at this layer
26.623 Encoding ...
29.875 Attempting to solve formula with 10017863 clauses (31603705 literals) and 500 assumptions
29.876 Unsolvable at layer 9 -- expanding.
29.876 Iteration 10.
29.877 New layer size: 956
29.877 Instantiating ...
65.113 Collected 352 relevant facts at this layer
65.113 Encoding ...
72.475 Attempting to solve formula with 21705763 clauses (69843663 literals) and 914 assumptions
317.787 Found a solution at layer 10.
==>
359809 placeblock l-1-0-2 stone
367703 placeblock l-1-0-3 stone
372048 placeblock l-1-0-1 stone
382220 placeblock l-1-0-0 stone
404260 placeblock l-2-0-1 stone
410127 placeblock l-2-0-2 stone
412818 placeblock l-2-0-3 stone
415048 placeblock l-2-0-0 stone
425853 placeblock l-3-0-1 stone
428853 placeblock l-3-0-2 stone
430208 placeblock l-3-0-3 stone
431383 placeblock l-3-0-0 stone
436929 placeblock l-4-0-1 stone
438433 placeblock l-4-0-2 stone
439194 placeblock l-4-0-3 stone
439780 placeblock l-4-0-0 stone
442670 placeblock l-1-1-3 stone
453008 placeblock l-1-2-3 stone
460278 removeblock l-1-0-3 stone
470618 placeblock l-1-0-3 stone
477877 removeblock l-2-0-3 stone
482977 placeblock l-2-0-3 stone
486531 placeblock l-2-1-3 stone
491639 placeblock l-2-2-3 stone
495194 removeblock l-3-0-3 stone
497673 placeblock l-3-0-3 stone
499387 placeblock l-3-1-3 stone
501869 placeblock l-3-2-3 stone
503568 placeblock l-4-1-3 stone
504810 placeblock l-4-2-3 stone
505741 removeblock l-4-0-3 stone
506990 placeblock l-4-0-3 stone
507918 placeblock l-1-2-0 stone
509475 placeblock l-1-2-1 stone
511030 placeblock l-1-2-2 stone
514158 removeblock l-1-2-3 stone
517282 placeblock l-1-2-3 stone
520399 placeblock l-2-2-0 stone
521097 placeblock l-2-2-1 stone
521795 placeblock l-2-2-2 stone
523200 removeblock l-2-2-3 stone
524608 placeblock l-2-2-3 stone
526012 placeblock l-3-2-0 stone
526363 placeblock l-3-2-1 stone
526713 placeblock l-3-2-2 stone
527425 removeblock l-3-2-3 stone
528137 placeblock l-3-2-3 stone
528850 placeblock l-4-2-0 stone
529026 placeblock l-4-2-1 stone
529368 placeblock l-4-2-2 stone
530064 removeblock l-4-2-3 stone
530750 placeblock l-4-2-3 stone
531461 removeblock l-1-2-0 stone
542108 placeblock l-1-2-0 stone
551055 removeblock l-1-0-0 stone
554887 placeblock l-1-0-0 stone
561710 placeblock l-1-1-0 stone
575902 placeblock l-2-1-0 stone
580229 removeblock l-2-2-0 stone
585479 placeblock l-2-2-0 stone
592354 placeblock l-3-1-0 stone
594452 removeblock l-3-2-0 stone
597000 placeblock l-3-2-0 stone
599079 removeblock l-4-2-0 stone
600354 placeblock l-4-2-0 stone
602737 placeblock l-4-1-0 stone
603848 removeblock l-1-1-0 stone
617460 removeblock l-2-1-0 stone
631070 placeblock l-5-0-0 stone
653127 placeblock l-5-0-1 stone
665001 placeblock l-5-0-2 stone
670548 placeblock l-5-0-3 stone
675158 placeblock l-5-1-3 stone
678940 placeblock l-5-1-2 stone
681020 placeblock l-5-1-1 stone
685974 placeblock l-5-1-0 stone
696767 placeblock l-5-2-0 stone
702289 placeblock l-5-2-1 stone
705294 placeblock l-5-2-3 stone
706656 placeblock l-5-2-2 stone
root 5
5 buildhouse l-1-0-0 l-1-0-3 l-1-2-3 l-1-2-0 l-1-1-0 l-5-0-0 n4 n3 n4 stone -> build-house-1 9 11 13 15 17 19
9 buildwall l-1-0-0 n4 n4 e stone -> build-wall-2 23 180
11 buildwall l-1-0-3 n3 n4 n stone -> build-wall-2 337 493
13 buildwall l-1-2-3 n4 n4 w stone -> build-wall-2 650 806
15 buildwall l-1-2-0 n3 n4 s stone -> build-wall-2 963 1119
17 builddoor l-1-1-0 -> build-door-1 603847 617459
19 buildroof l-5-0-0 n4 n3 e n stone -> build-roof-2 1923 2078
23 buildrow l-1-0-0 n4 e stone -> build-row-3 2393 382219
180 buildwall l-2-0-0 n4 n3 e stone -> build-wall-2 2909 2922
337 buildrow l-1-0-3 n3 n stone -> build-row-3 3089 3284
493 buildwall l-2-0-3 n3 n3 n stone -> build-wall-2 3627 3639
650 buildrow l-1-2-3 n4 w stone -> build-row-3 3808 3991
806 buildwall l-2-2-3 n4 n3 w stone -> build-wall-2 4326 4338
963 buildrow l-1-2-0 n3 s stone -> build-row-2 4505 4699
1119 buildwall l-2-2-0 n3 n3 s stone -> build-wall-2 5043 5055
1923 buildrow l-5-0-0 n4 e stone -> build-row-2 631069 5744
2078 buildroof l-5-1-0 n4 n2 e n stone -> build-roof-2 6086 6098
2393 buildrow l-1-0-1 n3 e stone -> build-row-3 6278 372047
2909 buildrow l-2-0-0 n4 e stone -> build-row-3 7998 415047
2922 buildwall l-3-0-0 n4 n2 e stone -> build-wall-2 8828 8982
3089 buildrow l-1-1-3 n2 n stone -> build-row-2 442669 9651
3284 placeblockabstract l-1-0-3 stone -> place-block-abstract-3 460278 470618
3627 buildrow l-2-0-3 n3 n stone -> build-row-2 10569 10751
3639 buildwall l-3-0-3 n3 n2 n stone -> build-wall-2 11249 11403
3808 buildrow l-1-2-2 n3 w stone -> build-row-3 11728 511029
3991 placeblockabstract l-1-2-3 stone -> place-block-abstract-3 514158 517282
4326 buildrow l-2-2-3 n4 w stone -> build-row-3 13360 13685
4338 buildwall l-3-2-3 n4 n2 w stone -> build-wall-2 14174 14328
4505 placeblockabstract l-1-2-0 stone -> place-block-abstract-3 531461 542108
4699 buildrow l-1-1-0 n2 s stone -> build-row-3 15362 561709
5043 buildrow l-2-2-0 n3 s stone -> build-row-3 15915 16094
5055 buildwall l-3-2-0 n3 n2 s stone -> build-wall-2 16591 16745
5744 buildrow l-5-0-1 n3 e stone -> build-row-2 653126 18987
6086 buildrow l-5-1-0 n4 e stone -> build-row-3 19511 685973
6098 buildroof l-5-2-0 n4 n1 e n stone -> build-roof-1 20339
6278 buildrow l-1-0-2 n2 e stone -> build-row-2 359808 21142
7998 buildrow l-2-0-1 n3 e stone -> build-row-2 404259 23623
8828 buildrow l-3-0-0 n4 e stone -> build-row-3 24904 431382
8982 buildwall l-4-0-0 n4 n1 e stone -> build-wall-1 25606
9651 buildrow l-1-2-3 n1 n stone -> build-row-1 453007
10569 placeblockabstract l-2-0-3 stone -> place-block-abstract-3 477877 482977
10751 buildrow l-2-1-3 n2 n stone -> build-row-2 486530 28909
11249 buildrow l-3-0-3 n3 n stone -> build-row-2 29273 29456
11403 buildwall l-4-0-3 n3 n1 n stone -> build-wall-1 29963
11728 buildrow l-1-2-1 n2 w stone -> build-row-3 29984 509474
13360 buildrow l-2-2-2 n3 w stone -> build-row-3 32037 521794
13685 placeblockabstract l-2-2-3 stone -> place-block-abstract-3 523200 524608
14174 buildrow l-3-2-3 n4 w stone -> build-row-3 33405 33590
14328 buildwall l-4-2-3 n4 n1 w stone -> build-wall-1 34088
15362 buildrow l-1-0-0 n1 s stone -> build-row-1 35405
15915 buildrow l-2-1-0 n2 s stone -> build-row-3 36682 575901
16094 placeblockabstract l-2-2-0 stone -> place-block-abstract-3 580229 585479
16591 buildrow l-3-2-0 n3 s stone -> build-row-3 37788 37971
16745 buildwall l-4-2-0 n3 n1 s stone -> build-wall-1 38479
18987 buildrow l-5-0-2 n2 e stone -> build-row-2 665000 42520
19511 buildrow l-5-1-1 n3 e stone -> build-row-3 42910 681019
20339 buildrow l-5-2-0 n4 e stone -> build-row-2 696766 44573
21142 buildrow l-1-0-3 n1 e stone -> build-row-1 367702
23623 buildrow l-2-0-2 n2 e stone -> build-row-2 410126 52007
24904 buildrow l-3-0-1 n3 e stone -> build-row-2 425852 53928
25606 buildrow l-4-0-0 n4 e stone -> build-row-3 55228 439779
28909 buildrow l-2-2-3 n1 n stone -> build-row-1 491638
29273 placeblockabstract l-3-0-3 stone -> place-block-abstract-3 495194 497673
29456 buildrow l-3-1-3 n2 n stone -> build-row-2 499386 63589
29963 buildrow l-4-0-3 n3 n stone -> build-row-3 63948 64134
29984 buildrow l-1-2-0 n1 w stone -> build-row-1 507917
32037 buildrow l-2-2-1 n2 w stone -> build-row-3 67444 521096
33405 buildrow l-3-2-2 n3 w stone -> build-row-3 69482 526712
33590 placeblockabstract l-3-2-3 stone -> place-block-abstract-3 527425 528137
34088 buildrow l-4-2-3 n4 w stone -> build-row-3 70878 71064
35405 placeblockabstract l-1-0-0 stone -> place-block-abstract-3 551055 554887
36682 buildrow l-2-0-0 n1 s stone -> build-row-1 76367
37788 buildrow l-3-1-0 n2 s stone -> build-row-3 78923 592353
37971 placeblockabstract l-3-2-0 stone -> place-block-abstract-3 594452 597000
38479 buildrow l-4-2-0 n3 s stone -> build-row-2 80034 80218
42520 buildrow l-5-0-3 n1 e stone -> build-row-1 670547
42910 buildrow l-5-1-2 n2 e stone -> build-row-3 89921 678939
44573 buildrow l-5-2-1 n3 e stone -> build-row-2 702288 93553
52007 buildrow l-2-0-3 n1 e stone -> build-row-1 412817
53928 buildrow l-3-0-2 n2 e stone -> build-row-2 428852 112062
55228 buildrow l-4-0-1 n3 e stone -> build-row-2 436928 113988
63589 buildrow l-3-2-3 n1 n stone -> build-row-1 501868
63948 buildrow l-4-1-3 n2 n stone -> build-row-2 503567 130756
64134 placeblockabstract l-4-0-3 stone -> place-block-abstract-3 505741 506990
67444 buildrow l-2-2-0 n1 w stone -> build-row-1 520398
69482 buildrow l-3-2-1 n2 w stone -> build-row-3 137304 526362
70878 buildrow l-4-2-2 n3 w stone -> build-row-3 139345 529367
71064 placeblockabstract l-4-2-3 stone -> place-block-abstract-3 530064 530750
76367 placeblockabstract l-2-0-0 stone -> place-block-abstract-2
78923 buildrow l-3-0-0 n1 s stone -> build-row-1 154813
80034 placeblockabstract l-4-2-0 stone -> place-block-abstract-3 599079 600354
80218 buildrow l-4-1-0 n2 s stone -> build-row-3 157925 602736
89921 buildrow l-5-1-3 n1 e stone -> build-row-1 675157
93553 buildrow l-5-2-2 n2 e stone -> build-row-3 184219 706655
112062 buildrow l-3-0-3 n1 e stone -> build-row-1 430207
113988 buildrow l-4-0-2 n2 e stone -> build-row-2 438432 224490
130756 buildrow l-4-2-3 n1 n stone -> build-row-1 504809
137304 buildrow l-3-2-0 n1 w stone -> build-row-1 526011
139345 buildrow l-4-2-1 n2 w stone -> build-row-3 269994 529025
154813 placeblockabstract l-3-0-0 stone -> place-block-abstract-2
157925 buildrow l-4-0-0 n1 s stone -> build-row-1 306515
184219 buildrow l-5-2-3 n1 e stone -> build-row-1 705293
224490 buildrow l-4-0-3 n1 e stone -> build-row-1 439193
269994 buildrow l-4-2-0 n1 w stone -> build-row-1 528849
306515 placeblockabstract l-4-0-0 stone -> place-block-abstract-2
359808 placeblockabstract l-1-0-2 stone -> place-block-abstract-1 359809
367702 placeblockabstract l-1-0-3 stone -> place-block-abstract-1 367703
372047 placeblockabstract l-1-0-1 stone -> place-block-abstract-1 372048
382219 placeblockabstract l-1-0-0 stone -> place-block-abstract-1 382220
404259 placeblockabstract l-2-0-1 stone -> place-block-abstract-1 404260
410126 placeblockabstract l-2-0-2 stone -> place-block-abstract-1 410127
412817 placeblockabstract l-2-0-3 stone -> place-block-abstract-1 412818
415047 placeblockabstract l-2-0-0 stone -> place-block-abstract-1 415048
425852 placeblockabstract l-3-0-1 stone -> place-block-abstract-1 425853
428852 placeblockabstract l-3-0-2 stone -> place-block-abstract-1 428853
430207 placeblockabstract l-3-0-3 stone -> place-block-abstract-1 430208
431382 placeblockabstract l-3-0-0 stone -> place-block-abstract-1 431383
436928 placeblockabstract l-4-0-1 stone -> place-block-abstract-1 436929
438432 placeblockabstract l-4-0-2 stone -> place-block-abstract-1 438433
439193 placeblockabstract l-4-0-3 stone -> place-block-abstract-1 439194
439779 placeblockabstract l-4-0-0 stone -> place-block-abstract-1 439780
442669 placeblockabstract l-1-1-3 stone -> place-block-abstract-1 442670
453007 placeblockabstract l-1-2-3 stone -> place-block-abstract-1 453008
486530 placeblockabstract l-2-1-3 stone -> place-block-abstract-1 486531
491638 placeblockabstract l-2-2-3 stone -> place-block-abstract-1 491639
499386 placeblockabstract l-3-1-3 stone -> place-block-abstract-1 499387
501868 placeblockabstract l-3-2-3 stone -> place-block-abstract-1 501869
503567 placeblockabstract l-4-1-3 stone -> place-block-abstract-1 503568
504809 placeblockabstract l-4-2-3 stone -> place-block-abstract-1 504810
507917 placeblockabstract l-1-2-0 stone -> place-block-abstract-1 507918
509474 placeblockabstract l-1-2-1 stone -> place-block-abstract-1 509475
511029 placeblockabstract l-1-2-2 stone -> place-block-abstract-1 511030
520398 placeblockabstract l-2-2-0 stone -> place-block-abstract-1 520399
521096 placeblockabstract l-2-2-1 stone -> place-block-abstract-1 521097
521794 placeblockabstract l-2-2-2 stone -> place-block-abstract-1 521795
526011 placeblockabstract l-3-2-0 stone -> place-block-abstract-1 526012
526362 placeblockabstract l-3-2-1 stone -> place-block-abstract-1 526363
526712 placeblockabstract l-3-2-2 stone -> place-block-abstract-1 526713
528849 placeblockabstract l-4-2-0 stone -> place-block-abstract-1 528850
529025 placeblockabstract l-4-2-1 stone -> place-block-abstract-1 529026
529367 placeblockabstract l-4-2-2 stone -> place-block-abstract-1 529368
561709 placeblockabstract l-1-1-0 stone -> place-block-abstract-1 561710
575901 placeblockabstract l-2-1-0 stone -> place-block-abstract-1 575902
592353 placeblockabstract l-3-1-0 stone -> place-block-abstract-1 592354
602736 placeblockabstract l-4-1-0 stone -> place-block-abstract-1 602737
603847 removeblockabstract l-1-1-0 -> remove-block-abstract-2 603848
617459 removeblockabstract l-2-1-0 -> remove-block-abstract-2 617460
631069 placeblockabstract l-5-0-0 stone -> place-block-abstract-1 631070
653126 placeblockabstract l-5-0-1 stone -> place-block-abstract-1 653127
665000 placeblockabstract l-5-0-2 stone -> place-block-abstract-1 665001
670547 placeblockabstract l-5-0-3 stone -> place-block-abstract-1 670548
675157 placeblockabstract l-5-1-3 stone -> place-block-abstract-1 675158
678939 placeblockabstract l-5-1-2 stone -> place-block-abstract-1 678940
681019 placeblockabstract l-5-1-1 stone -> place-block-abstract-1 681020
685973 placeblockabstract l-5-1-0 stone -> place-block-abstract-1 685974
696766 placeblockabstract l-5-2-0 stone -> place-block-abstract-1 696767
702288 placeblockabstract l-5-2-1 stone -> place-block-abstract-1 702289
705293 placeblockabstract l-5-2-3 stone -> place-block-abstract-1 705294
706655 placeblockabstract l-5-2-2 stone -> place-block-abstract-1 706656
<==
317.863 End of solution plan. (counted length of 80)
317.863 Total amount of clauses encoded: 21705763
317.863 - reductionconstraints : 10807882 cls
317.863 - actionconstraints : 4099623 cls
317.863 - substitutionconstraints : 3174018 cls
317.863 - indirectframeaxioms : 1026435 cls
317.863 - qfactsemantics : 930924 cls
317.863 - qconstequality : 782052 cls
317.863 - directframeaxioms : 707464 cls
317.863 - atmostoneelement : 125398 cls
317.863 - expansions : 20836 cls
317.863 - predecessors : 20620 cls
317.863 - actioneffects : 10035 cls
317.863 - truefacts : 352 cls
317.863 - forbiddenoperations : 122 cls
317.863 - axiomaticops : 2 cls
317.863 # instantiated positions: 2118
317.863 # instantiated actions: 12634
317.863 # instantiated reductions: 7988
317.863 # introduced pseudo-constants: 4273
317.863 # retroactive prunings: 34
317.863 # retroactively pruned operations: 122
317.863 # dominated operations: 1
317.863 Exiting happily (no cleaning up).

RUNWATCH_RESULT EXIT RETVAL 0 TIME_SECS 318.101 MEMPEAK_KBS 4335452
