    _           _         _
   \ |         \ |       | |                       
   | |     __  | |      _| |______                
   | |     \/  | |     /_   ______\                
   | |      _  | |   __  | |  ___   ___   ___       
   | |___  | | | |  / .\ | | / , | |   \ / ·_\    
   \_____\ |_| |__\ \__/ |_| \___) |_|_| \___\  
[39mL i l o t a n e  version rls-glucose4
by Dominik Schreiber <dominik.schreiber@kit.edu> 2020-2021
using SAT solver glucose4

0.020 Parser finished.
0.020 Structures extracted.
0.022 72 operators and 56 methods created.
0.038 Mined 27 new reduction preconditions (+39.7%).
0.038 Iteration 0.
0.038 Creating initial layer of size 2
0.059 Attempting to solve formula with 3 clauses (3 literals) and 1 assumptions
0.059 Unsolvable at layer 0 -- expanding.
0.059 Iteration 1.
0.059 New layer size: 34
0.059 Instantiating ...
0.403 Collected 96 relevant facts at this layer
0.403 Encoding ...
0.447 Attempting to solve formula with 6792 clauses (19756 literals) and 33 assumptions
0.447 Unsolvable at layer 1 -- expanding.
0.447 Iteration 2.
0.447 New layer size: 67
0.447 Instantiating ...
1.199 Collected 769 relevant facts at this layer
1.199 Encoding ...
1.290 Attempting to solve formula with 79701 clauses (216358 literals) and 33 assumptions
1.290 Unsolvable at layer 2 -- expanding.
1.290 Iteration 3.
1.290 New layer size: 100
1.290 Instantiating ...
2.623 Collected 1232 relevant facts at this layer
2.623 Encoding ...
2.770 Attempting to solve formula with 155102 clauses (421937 literals) and 66 assumptions
2.770 Unsolvable at layer 3 -- expanding.
2.770 Iteration 4.
2.770 New layer size: 133
2.770 Instantiating ...
2.775 Retroactively prune reduction (_splitting_method_DO-AT-LOAD-AIRPLANE0_splitted_2 OBJ81 Q_3,0_AIRPLANE:0_e21ffab4873cefb6 POS8)@(3,0): no children at offset 0
2.776 Retroactively prune reduction (M15-ACHIEVE-AT0 Q_3,1_AIRPLANE:0_e21ffab4873cefb6 OBJ81 APT10)@(3,1): no children at offset 0
4.256 Collected 1253 relevant facts at this layer
4.256 Encoding ...
4.426 Attempting to solve formula with 252083 clauses (678648 literals) and 99 assumptions
4.426 Unsolvable at layer 4 -- expanding.
4.426 Iteration 5.
4.426 New layer size: 232
4.426 Instantiating ...
6.274 Collected 2849 relevant facts at this layer
6.274 Encoding ...
7.259 Attempting to solve formula with 845846 clauses (2607653 literals) and 132 assumptions
7.259 Unsolvable at layer 5 -- expanding.
7.259 Iteration 6.
7.259 New layer size: 364
7.259 Instantiating ...
9.738 Collected 2849 relevant facts at this layer
9.738 Encoding ...
11.424 Attempting to solve formula with 1890267 clauses (6104623 literals) and 165 assumptions
11.425 Unsolvable at layer 6 -- expanding.
11.425 Iteration 7.
11.425 New layer size: 529
11.425 Instantiating ...
14.574 Collected 2849 relevant facts at this layer
14.574 Encoding ...
17.186 Attempting to solve formula with 3304734 clauses (10913176 literals) and 198 assumptions
27.483 Unsolvable at layer 7 -- expanding.
27.483 Iteration 8.
27.484 New layer size: 727
27.484 Instantiating ...
31.620 Collected 2849 relevant facts at this layer
31.620 Encoding ...
35.200 Attempting to solve formula with 5072469 clauses (17015028 literals) and 231 assumptions
38.345 Unsolvable at layer 8 -- expanding.
38.345 Iteration 9.
38.345 New layer size: 958
38.345 Instantiating ...
43.345 Collected 2849 relevant facts at this layer
43.345 Encoding ...
48.044 Attempting to solve formula with 7157673 clauses (24230577 literals) and 264 assumptions
c
c Try to adapt solver strategies
c 
c Nothing extreme in this problem, continue with glucose default strategies.
c
690.661 Unsolvable at layer 9 -- expanding.
690.661 Iteration 10.
690.661 New layer size: 1222
690.661 Instantiating ...
697.043 Collected 2849 relevant facts at this layer
697.043 Encoding ...
702.941 Attempting to solve formula with 9559516 clauses (32554670 literals) and 297 assumptions
759.310 Unsolvable at layer 10 -- expanding.
759.310 Iteration 11.
759.311 New layer size: 1519
759.311 Instantiating ...
766.614 Collected 2849 relevant facts at this layer
766.614 Encoding ...
773.816 Attempting to solve formula with 12278221 clauses (41986720 literals) and 330 assumptions
1802.269 Termination signal caught.
1802.269 Total amount of clauses encoded: 12278221
1802.269 - directframeaxioms : 5189024 cls
1802.269 - qfactsemantics : 2839293 cls
1802.269 - indirectframeaxioms : 2837256 cls
1802.269 - reductionconstraints : 1013046 cls
1802.269 - atmostoneelement : 144372 cls
1802.269 - actionconstraints : 63306 cls
1802.269 - qconstequality : 48708 cls
1802.269 - substitutionconstraints : 48403 cls
1802.269 - expansions : 39908 cls
1802.269 - predecessors : 38758 cls
1802.269 - actioneffects : 9192 cls
1802.269 - qtypeconstraints : 4101 cls
1802.269 - truefacts : 2849 cls
1802.269 - forbiddenoperations : 3 cls
1802.269 - axiomaticops : 2 cls
1802.269 # instantiated positions: 5886
1802.269 # instantiated actions: 29488
1802.269 # instantiated reductions: 9271
1802.269 # introduced pseudo-constants: 5024
1802.269 # retroactive prunings: 4
1802.269 # retroactively pruned operations: 5
1802.269 # dominated operations: 0
1802.269 # total invalid rigid preconditions found in getPFC: 0
1802.269 # invalid rigid preconditions found in getPFC: 0
1802.269 # invalid rigid preconditions found in getPFC in varrestrictions: 0
1802.269 # total invalid fluent preconditions found in getPFC: 0
1802.269 # invalid fluent preconditions found in getPFC: 0
1802.269 # invalid fluent preconditions found in getPFC in varrestrictions: 0
1802.269 # invalid fluent preconditions found in getPFC via postconditions: 0
1802.269 # invalid subtasks found in getPFC: 0
1802.269 # number effects in operation fact_frames: 676
1802.269 Exiting happily.

RUNWATCH_RESULT TIMEOUT RETVAL 0 TIME_SECS 1802.69 MEMPEAK_KBS 7050020
