    _           _         _
   \ |         \ |       | |                       
   | |     __  | |      _| |______                
   | |     \/  | |     /_   ______\                
   | |      _  | |   __  | |  ___   ___   ___       
   | |___  | | | |  / .\ | | / , | |   \ / ·_\    
   \_____\ |_| |__\ \__/ |_| \___) |_|_| \___\  
[39mL i l o t a n e  version rls-glucose4
by Dominik Schreiber <dominik.schreiber@kit.edu> 2020-2021
using SAT solver glucose4

0.014 Parser finished.
0.015 Structures extracted.
0.016 72 operators and 56 methods created.
0.030 Mined 27 new reduction preconditions (+39.7%).
0.030 Iteration 0.
0.030 Creating initial layer of size 2
0.040 Attempting to solve formula with 3 clauses (3 literals) and 1 assumptions
0.040 Unsolvable at layer 0 -- expanding.
0.040 Iteration 1.
0.040 New layer size: 25
0.040 Instantiating ...
0.184 Collected 69 relevant facts at this layer
0.184 Encoding ...
0.205 Attempting to solve formula with 3642 clauses (10477 literals) and 24 assumptions
0.205 Unsolvable at layer 1 -- expanding.
0.205 Iteration 2.
0.205 New layer size: 49
0.205 Instantiating ...
0.487 Collected 415 relevant facts at this layer
0.487 Encoding ...
0.525 Attempting to solve formula with 33141 clauses (89416 literals) and 24 assumptions
0.525 Unsolvable at layer 2 -- expanding.
0.525 Iteration 3.
0.525 New layer size: 73
0.525 Instantiating ...
0.952 Collected 656 relevant facts at this layer
0.952 Encoding ...
1.001 Attempting to solve formula with 63627 clauses (172462 literals) and 48 assumptions
1.002 Unsolvable at layer 3 -- expanding.
1.002 Iteration 4.
1.002 New layer size: 97
1.002 Instantiating ...
1.003 Retroactively prune reduction (_splitting_method_DO-AT-LOAD-AIRPLANE0_splitted_2 OBJ21 Q_3,0_AIRPLANE:0_982a7c33a6bd65bf POS2)@(3,0): no children at offset 0
1.004 Retroactively prune reduction (M15-ACHIEVE-AT0 Q_3,1_AIRPLANE:0_982a7c33a6bd65bf OBJ21 APT4)@(3,1): no children at offset 0
1.486 Collected 671 relevant facts at this layer
1.486 Encoding ...
1.551 Attempting to solve formula with 103479 clauses (278522 literals) and 72 assumptions
1.551 Unsolvable at layer 4 -- expanding.
1.551 Iteration 5.
1.551 New layer size: 169
1.551 Instantiating ...
2.170 Collected 1496 relevant facts at this layer
2.170 Encoding ...
2.494 Attempting to solve formula with 332656 clauses (1019471 literals) and 96 assumptions
2.494 Unsolvable at layer 5 -- expanding.
2.494 Iteration 6.
2.494 New layer size: 265
2.494 Instantiating ...
3.345 Collected 1496 relevant facts at this layer
3.345 Encoding ...
3.852 Attempting to solve formula with 735385 clauses (2361205 literals) and 120 assumptions
3.853 Unsolvable at layer 6 -- expanding.
3.853 Iteration 7.
3.853 New layer size: 385
3.853 Instantiating ...
4.918 Collected 1496 relevant facts at this layer
4.918 Encoding ...
5.832 Attempting to solve formula with 1283664 clauses (4214924 literals) and 144 assumptions
6.175 Unsolvable at layer 7 -- expanding.
6.175 Iteration 8.
6.175 New layer size: 529
6.175 Instantiating ...
7.584 Collected 1496 relevant facts at this layer
7.584 Encoding ...
8.813 Attempting to solve formula with 1971199 clauses (6573650 literals) and 168 assumptions
8.888 Unsolvable at layer 8 -- expanding.
8.888 Iteration 9.
8.888 New layer size: 697
8.888 Instantiating ...
10.625 Collected 1496 relevant facts at this layer
10.625 Encoding ...
12.136 Attempting to solve formula with 2784617 clauses (9369728 literals) and 192 assumptions
12.229 Unsolvable at layer 9 -- expanding.
12.229 Iteration 10.
12.229 New layer size: 889
12.229 Instantiating ...
14.314 Collected 1496 relevant facts at this layer
14.314 Encoding ...
16.418 Attempting to solve formula with 3723594 clauses (12600625 literals) and 216 assumptions
25.463 Unsolvable at layer 10 -- expanding.
25.463 Iteration 11.
25.464 New layer size: 1105
25.464 Instantiating ...
28.150 Collected 1496 relevant facts at this layer
28.150 Encoding ...
30.558 Attempting to solve formula with 4788378 clauses (16266352 literals) and 240 assumptions
c
c Try to adapt solver strategies
c 
c Nothing extreme in this problem, continue with glucose default strategies.
c
518.657 Unsolvable at layer 11 -- expanding.
518.657 Iteration 12.
518.658 New layer size: 1345
518.658 Instantiating ...
521.870 Collected 1496 relevant facts at this layer
521.870 Encoding ...
524.643 Attempting to solve formula with 5979449 clauses (20367869 literals) and 264 assumptions
1800.119 Termination signal caught.
1800.119 Total amount of clauses encoded: 5979449
1800.119 - directframeaxioms : 2378488 cls
1800.119 - qfactsemantics : 1398345 cls
1800.119 - indirectframeaxioms : 1360403 cls
1800.119 - reductionconstraints : 501279 cls
1800.119 - atmostoneelement : 138173 cls
1800.119 - actionconstraints : 40598 cls
1800.119 - expansions : 38550 cls
1800.119 - predecessors : 37201 cls
1800.119 - substitutionconstraints : 36731 cls
1800.119 - qconstequality : 36024 cls
1800.119 - actioneffects : 8381 cls
1800.119 - qtypeconstraints : 3775 cls
1800.119 - truefacts : 1496 cls
1800.119 - forbiddenoperations : 3 cls
1800.119 - axiomaticops : 2 cls
1800.119 # instantiated positions: 5629
1800.119 # instantiated actions: 28832
1800.119 # instantiated reductions: 8370
1800.119 # introduced pseudo-constants: 4603
1800.119 # retroactive prunings: 4
1800.119 # retroactively pruned operations: 5
1800.119 # dominated operations: 0
1800.119 # total invalid rigid preconditions found in getPFC: 0
1800.119 # invalid rigid preconditions found in getPFC: 0
1800.119 # invalid rigid preconditions found in getPFC in varrestrictions: 0
1800.119 # total invalid fluent preconditions found in getPFC: 0
1800.119 # invalid fluent preconditions found in getPFC: 0
1800.119 # invalid fluent preconditions found in getPFC in varrestrictions: 0
1800.119 # invalid fluent preconditions found in getPFC via postconditions: 0
1800.119 # invalid subtasks found in getPFC: 0
1800.119 # number effects in operation fact_frames: 622
1800.119 Exiting happily.

RUNWATCH_RESULT TIMEOUT RETVAL 0 TIME_SECS 1800.24 MEMPEAK_KBS 1947692
