    _           _         _
   \ |         \ |       | |                       
   | |     __  | |      _| |______                
   | |     \/  | |     /_   ______\                
   | |      _  | |   __  | |  ___   ___   ___       
   | |___  | | | |  / .\ | | / , | |   \ / ·_\    
   \_____\ |_| |__\ \__/ |_| \___) |_|_| \___\  
[39mL i l o t a n e  version rls-glucose4
by Dominik Schreiber <dominik.schreiber@kit.edu> 2020-2021
using SAT solver glucose4

0.010 Parser finished.
0.010 Structures extracted.
0.011 28 operators and 21 methods created.
0.112 Mined 76 new reduction preconditions (+262.1%).
0.112 Iteration 0.
0.112 Creating initial layer of size 2
0.180 Attempting to solve formula with 5 clauses (6 literals) and 1 assumptions
0.180 Unsolvable at layer 0 -- expanding.
0.180 Iteration 1.
0.180 New layer size: 2
0.180 Instantiating ...
0.238 Collected 1 relevant facts at this layer
0.238 Encoding ...
0.240 Attempting to solve formula with 10 clauses (15 literals) and 1 assumptions
0.240 Unsolvable at layer 1 -- expanding.
0.240 Iteration 2.
0.240 New layer size: 3
0.240 Instantiating ...
0.333 Collected 1 relevant facts at this layer
0.333 Encoding ...
0.334 Attempting to solve formula with 759 clauses (2151 literals) and 2 assumptions
0.335 Unsolvable at layer 2 -- expanding.
0.335 Iteration 3.
0.335 New layer size: 4
0.335 Instantiating ...
0.346 Retroactively prune action (__SURROGATE*c6*connect_6* Q_2,0_Port:0_a13655a7ac7a5167 Q_2,0_Port:1_a13655a7ac7a5167 Q_3,0_PlugType:0_700182228cb09ca1 female in male out) due to impossible effect (isOccupied Q_2,0_Port:1_a13655a7ac7a5167)
0.352 Retroactively prune action (__SURROGATE*c5*connect_5* Q_2,0_Port:0_a13655a7ac7a5167 Q_2,0_Port:1_a13655a7ac7a5167 Q_3,0_PlugType:0_700182228cb09ca1 female in male out) due to impossible effect (isOccupied Q_2,0_Port:1_a13655a7ac7a5167)
0.357 Retroactively prune action (__SURROGATE*c2*connect_2* Q_2,0_Port:0_a13655a7ac7a5167 Q_2,0_Port:1_a13655a7ac7a5167 Q_3,0_PlugType:0_700182228cb09ca1 female in male out) due to impossible effect (isOccupied Q_2,0_Port:0_a13655a7ac7a5167)
0.359 Retroactively prune action (__SURROGATE*c1*connect_1* Q_2,0_Port:0_a13655a7ac7a5167 Q_2,0_Port:1_a13655a7ac7a5167 Q_3,0_PlugType:0_700182228cb09ca1 female in male out) due to impossible effect (isOccupied Q_2,0_Port:0_a13655a7ac7a5167)
0.560 Collected 2758 relevant facts at this layer
0.560 Encoding ...
0.616 Attempting to solve formula with 44118 clauses (160256 literals) and 2 assumptions
0.617 Unsolvable at layer 3 -- expanding.
0.617 Iteration 4.
0.617 New layer size: 5
0.617 Instantiating ...
0.658 Retroactively prune action (__SURROGATE*c5*connect_5* Q_3,1_Port:0_a13655a7ac7a5167 Q_3,1_Port:1_a13655a7ac7a5167 Q_4,1_PlugType:0_700182228cb09ca1 female in male out) due to impossible effect (isOccupied Q_3,1_Port:1_a13655a7ac7a5167)
0.665 Retroactively prune action (__SURROGATE*c6*connect_6* Q_3,1_Port:0_a13655a7ac7a5167 Q_3,1_Port:1_a13655a7ac7a5167 Q_4,1_PlugType:0_700182228cb09ca1 female in male out) due to impossible effect (isOccupied Q_3,1_Port:1_a13655a7ac7a5167)
0.668 Retroactively prune action (__SURROGATE*c1*connect_1* Q_3,1_Port:0_a13655a7ac7a5167 Q_3,1_Port:1_a13655a7ac7a5167 Q_4,1_PlugType:0_700182228cb09ca1 female in male out) due to impossible effect (isOccupied Q_3,1_Port:0_a13655a7ac7a5167)
0.668 Retroactively prune action (__SURROGATE*c2*connect_2* Q_3,1_Port:0_a13655a7ac7a5167 Q_3,1_Port:1_a13655a7ac7a5167 Q_4,1_PlugType:0_700182228cb09ca1 female in male out) due to impossible effect (isOccupied Q_3,1_Port:0_a13655a7ac7a5167)
0.956 Collected 2758 relevant facts at this layer
0.956 Encoding ...
1.040 Attempting to solve formula with 110724 clauses (419494 literals) and 2 assumptions
1.045 Unsolvable at layer 4 -- expanding.
1.045 Iteration 5.
1.045 New layer size: 6
1.045 Instantiating ...
1.156 Retroactively prune action (__SURROGATE*c6*connect_6* Q_4,2_Port:0_a13655a7ac7a5167 Q_4,2_Port:1_a13655a7ac7a5167 Q_5,2_PlugType:0_700182228cb09ca1 female in male out) due to impossible effect (isOccupied Q_4,2_Port:1_a13655a7ac7a5167)
1.156 Retroactively prune action (__SURROGATE*c1*connect_1* Q_4,2_Port:0_a13655a7ac7a5167 Q_4,2_Port:1_a13655a7ac7a5167 Q_5,2_PlugType:0_700182228cb09ca1 female in male out) due to impossible effect (isOccupied Q_4,2_Port:0_a13655a7ac7a5167)
1.156 Retroactively prune action (__SURROGATE*c2*connect_2* Q_4,2_Port:0_a13655a7ac7a5167 Q_4,2_Port:1_a13655a7ac7a5167 Q_5,2_PlugType:0_700182228cb09ca1 female in male out) due to impossible effect (isOccupied Q_4,2_Port:0_a13655a7ac7a5167)
1.169 Retroactively prune action (__SURROGATE*c5*connect_5* Q_4,2_Port:0_a13655a7ac7a5167 Q_4,2_Port:1_a13655a7ac7a5167 Q_5,2_PlugType:0_700182228cb09ca1 female in male out) due to impossible effect (isOccupied Q_4,2_Port:1_a13655a7ac7a5167)
1.433 Collected 2758 relevant facts at this layer
1.433 Encoding ...
1.553 Attempting to solve formula with 186543 clauses (723571 literals) and 3 assumptions
1.557 Unsolvable at layer 5 -- expanding.
1.557 Iteration 6.
1.557 New layer size: 7
1.557 Instantiating ...
1.702 Retroactively prune action (__SURROGATE*c2*connect_2* Q_5,3_Port:0_a13655a7ac7a5167 Q_5,3_Port:1_a13655a7ac7a5167 Q_6,3_PlugType:0_700182228cb09ca1 female in male out) due to impossible effect (isOccupied Q_5,3_Port:0_a13655a7ac7a5167)
1.706 Retroactively prune action (__SURROGATE*c6*connect_6* Q_5,3_Port:0_a13655a7ac7a5167 Q_5,3_Port:1_a13655a7ac7a5167 Q_6,3_PlugType:0_700182228cb09ca1 female in male out) due to impossible effect (isOccupied Q_5,3_Port:1_a13655a7ac7a5167)
1.706 Retroactively prune action (__SURROGATE*c5*connect_5* Q_5,3_Port:0_a13655a7ac7a5167 Q_5,3_Port:1_a13655a7ac7a5167 Q_6,3_PlugType:0_700182228cb09ca1 female in male out) due to impossible effect (isOccupied Q_5,3_Port:1_a13655a7ac7a5167)
1.717 Retroactively prune action (__SURROGATE*c1*connect_1* Q_5,3_Port:0_a13655a7ac7a5167 Q_5,3_Port:1_a13655a7ac7a5167 Q_6,3_PlugType:0_700182228cb09ca1 female in male out) due to impossible effect (isOccupied Q_5,3_Port:0_a13655a7ac7a5167)
1.982 Collected 2758 relevant facts at this layer
1.982 Encoding ...
2.182 Attempting to solve formula with 291567 clauses (1157129 literals) and 4 assumptions
2.221 Unsolvable at layer 6 -- expanding.
2.221 Iteration 7.
2.221 New layer size: 8
2.221 Instantiating ...
2.438 Retroactively prune action (__SURROGATE*c5*connect_5* Q_6,4_Port:0_a13655a7ac7a5167 Q_6,4_Port:1_a13655a7ac7a5167 Q_7,4_PlugType:0_700182228cb09ca1 female in male out) due to impossible effect (isOccupied Q_6,4_Port:1_a13655a7ac7a5167)
2.443 Retroactively prune action (__SURROGATE*c6*connect_6* Q_6,4_Port:0_a13655a7ac7a5167 Q_6,4_Port:1_a13655a7ac7a5167 Q_7,4_PlugType:0_700182228cb09ca1 female in male out) due to impossible effect (isOccupied Q_6,4_Port:1_a13655a7ac7a5167)
2.450 Retroactively prune action (__SURROGATE*c2*connect_2* Q_6,4_Port:0_a13655a7ac7a5167 Q_6,4_Port:1_a13655a7ac7a5167 Q_7,4_PlugType:0_700182228cb09ca1 female in male out) due to impossible effect (isOccupied Q_6,4_Port:0_a13655a7ac7a5167)
2.454 Retroactively prune action (__SURROGATE*c1*connect_1* Q_6,4_Port:0_a13655a7ac7a5167 Q_6,4_Port:1_a13655a7ac7a5167 Q_7,4_PlugType:0_700182228cb09ca1 female in male out) due to impossible effect (isOccupied Q_6,4_Port:0_a13655a7ac7a5167)
2.741 Collected 2758 relevant facts at this layer
2.741 Encoding ...
2.940 Attempting to solve formula with 430856 clauses (1742705 literals) and 5 assumptions
3.135 Unsolvable at layer 7 -- expanding.
3.135 Iteration 8.
3.135 New layer size: 9
3.135 Instantiating ...
3.396 Retroactively prune action (__SURROGATE*c1*connect_1* Q_7,5_Port:0_a13655a7ac7a5167 Q_7,5_Port:1_a13655a7ac7a5167 Q_8,5_PlugType:0_700182228cb09ca1 female in male out) due to impossible effect (isOccupied Q_7,5_Port:0_a13655a7ac7a5167)
3.415 Retroactively prune action (__SURROGATE*c6*connect_6* Q_7,5_Port:0_a13655a7ac7a5167 Q_7,5_Port:1_a13655a7ac7a5167 Q_8,5_PlugType:0_700182228cb09ca1 female in male out) due to impossible effect (isOccupied Q_7,5_Port:1_a13655a7ac7a5167)
3.420 Retroactively prune action (__SURROGATE*c5*connect_5* Q_7,5_Port:0_a13655a7ac7a5167 Q_7,5_Port:1_a13655a7ac7a5167 Q_8,5_PlugType:0_700182228cb09ca1 female in male out) due to impossible effect (isOccupied Q_7,5_Port:1_a13655a7ac7a5167)
3.424 Retroactively prune action (__SURROGATE*c2*connect_2* Q_7,5_Port:0_a13655a7ac7a5167 Q_7,5_Port:1_a13655a7ac7a5167 Q_8,5_PlugType:0_700182228cb09ca1 female in male out) due to impossible effect (isOccupied Q_7,5_Port:0_a13655a7ac7a5167)
3.710 Collected 2758 relevant facts at this layer
3.710 Encoding ...
3.949 Attempting to solve formula with 597570 clauses (2446762 literals) and 6 assumptions
4.603 Unsolvable at layer 8 -- expanding.
4.603 Iteration 9.
4.603 New layer size: 10
4.603 Instantiating ...
4.923 Retroactively prune action (__SURROGATE*c1*connect_1* Q_8,6_Port:0_a13655a7ac7a5167 Q_8,6_Port:1_a13655a7ac7a5167 Q_9,6_PlugType:0_700182228cb09ca1 female in male out) due to impossible effect (isOccupied Q_8,6_Port:0_a13655a7ac7a5167)
4.925 Retroactively prune action (__SURROGATE*c2*connect_2* Q_8,6_Port:0_a13655a7ac7a5167 Q_8,6_Port:1_a13655a7ac7a5167 Q_9,6_PlugType:0_700182228cb09ca1 female in male out) due to impossible effect (isOccupied Q_8,6_Port:0_a13655a7ac7a5167)
4.947 Retroactively prune action (__SURROGATE*c6*connect_6* Q_8,6_Port:0_a13655a7ac7a5167 Q_8,6_Port:1_a13655a7ac7a5167 Q_9,6_PlugType:0_700182228cb09ca1 female in male out) due to impossible effect (isOccupied Q_8,6_Port:1_a13655a7ac7a5167)
4.947 Retroactively prune action (__SURROGATE*c5*connect_5* Q_8,6_Port:0_a13655a7ac7a5167 Q_8,6_Port:1_a13655a7ac7a5167 Q_9,6_PlugType:0_700182228cb09ca1 female in male out) due to impossible effect (isOccupied Q_8,6_Port:1_a13655a7ac7a5167)
5.218 Collected 2758 relevant facts at this layer
5.218 Encoding ...
5.500 Attempting to solve formula with 798000 clauses (3301677 literals) and 7 assumptions
7.063 Unsolvable at layer 9 -- expanding.
7.063 Iteration 10.
7.063 New layer size: 11
7.063 Instantiating ...
7.504 Retroactively prune action (__SURROGATE*c6*connect_6* Q_9,7_Port:0_a13655a7ac7a5167 Q_9,7_Port:1_a13655a7ac7a5167 Q_10,7_PlugType:0_700182228cb09ca1 female in male out) due to impossible effect (isOccupied Q_9,7_Port:1_a13655a7ac7a5167)
7.520 Retroactively prune action (__SURROGATE*c1*connect_1* Q_9,7_Port:0_a13655a7ac7a5167 Q_9,7_Port:1_a13655a7ac7a5167 Q_10,7_PlugType:0_700182228cb09ca1 female in male out) due to impossible effect (isOccupied Q_9,7_Port:0_a13655a7ac7a5167)
7.520 Retroactively prune action (__SURROGATE*c2*connect_2* Q_9,7_Port:0_a13655a7ac7a5167 Q_9,7_Port:1_a13655a7ac7a5167 Q_10,7_PlugType:0_700182228cb09ca1 female in male out) due to impossible effect (isOccupied Q_9,7_Port:0_a13655a7ac7a5167)
7.520 Retroactively prune action (__SURROGATE*c5*connect_5* Q_9,7_Port:0_a13655a7ac7a5167 Q_9,7_Port:1_a13655a7ac7a5167 Q_10,7_PlugType:0_700182228cb09ca1 female in male out) due to impossible effect (isOccupied Q_9,7_Port:1_a13655a7ac7a5167)
7.791 Collected 2758 relevant facts at this layer
7.791 Encoding ...
8.116 Attempting to solve formula with 1034546 clauses (4319241 literals) and 8 assumptions
12.589 Unsolvable at layer 10 -- expanding.
12.589 Iteration 11.
12.589 New layer size: 12
12.589 Instantiating ...
13.120 Retroactively prune action (__SURROGATE*c2*connect_2* Q_10,8_Port:0_a13655a7ac7a5167 Q_10,8_Port:1_a13655a7ac7a5167 Q_11,8_PlugType:0_700182228cb09ca1 female in male out) due to impossible effect (isOccupied Q_10,8_Port:0_a13655a7ac7a5167)
13.132 Retroactively prune action (__SURROGATE*c1*connect_1* Q_10,8_Port:0_a13655a7ac7a5167 Q_10,8_Port:1_a13655a7ac7a5167 Q_11,8_PlugType:0_700182228cb09ca1 female in male out) due to impossible effect (isOccupied Q_10,8_Port:0_a13655a7ac7a5167)
13.140 Retroactively prune action (__SURROGATE*c6*connect_6* Q_10,8_Port:0_a13655a7ac7a5167 Q_10,8_Port:1_a13655a7ac7a5167 Q_11,8_PlugType:0_700182228cb09ca1 female in male out) due to impossible effect (isOccupied Q_10,8_Port:1_a13655a7ac7a5167)
13.145 Retroactively prune action (__SURROGATE*c5*connect_5* Q_10,8_Port:0_a13655a7ac7a5167 Q_10,8_Port:1_a13655a7ac7a5167 Q_11,8_PlugType:0_700182228cb09ca1 female in male out) due to impossible effect (isOccupied Q_10,8_Port:1_a13655a7ac7a5167)
13.427 Collected 2758 relevant facts at this layer
13.427 Encoding ...
13.813 Attempting to solve formula with 1308584 clauses (5505839 literals) and 9 assumptions
28.978 Unsolvable at layer 11 -- expanding.
28.978 Iteration 12.
28.978 New layer size: 13
28.978 Instantiating ...
29.594 Retroactively prune action (__SURROGATE*c2*connect_2* Q_11,9_Port:0_a13655a7ac7a5167 Q_11,9_Port:1_a13655a7ac7a5167 Q_12,9_PlugType:0_700182228cb09ca1 female in male out) due to impossible effect (isOccupied Q_11,9_Port:0_a13655a7ac7a5167)
29.601 Retroactively prune action (__SURROGATE*c1*connect_1* Q_11,9_Port:0_a13655a7ac7a5167 Q_11,9_Port:1_a13655a7ac7a5167 Q_12,9_PlugType:0_700182228cb09ca1 female in male out) due to impossible effect (isOccupied Q_11,9_Port:0_a13655a7ac7a5167)
29.601 Retroactively prune action (__SURROGATE*c6*connect_6* Q_11,9_Port:0_a13655a7ac7a5167 Q_11,9_Port:1_a13655a7ac7a5167 Q_12,9_PlugType:0_700182228cb09ca1 female in male out) due to impossible effect (isOccupied Q_11,9_Port:1_a13655a7ac7a5167)
29.612 Retroactively prune action (__SURROGATE*c5*connect_5* Q_11,9_Port:0_a13655a7ac7a5167 Q_11,9_Port:1_a13655a7ac7a5167 Q_12,9_PlugType:0_700182228cb09ca1 female in male out) due to impossible effect (isOccupied Q_11,9_Port:1_a13655a7ac7a5167)
29.871 Collected 2758 relevant facts at this layer
29.871 Encoding ...
30.281 Attempting to solve formula with 1601600 clauses (6770750 literals) and 10 assumptions
57.583 Unsolvable at layer 12 -- expanding.
57.583 Iteration 13.
57.583 New layer size: 14
57.583 Instantiating ...
58.276 Retroactively prune action (__SURROGATE*c1*connect_1* Q_12,10_Port:0_a13655a7ac7a5167 Q_12,10_Port:1_a13655a7ac7a5167 Q_13,10_PlugType:0_700182228cb09ca1 female in male out) due to impossible effect (isOccupied Q_12,10_Port:0_a13655a7ac7a5167)
58.276 Retroactively prune action (__SURROGATE*c5*connect_5* Q_12,10_Port:0_a13655a7ac7a5167 Q_12,10_Port:1_a13655a7ac7a5167 Q_13,10_PlugType:0_700182228cb09ca1 female in male out) due to impossible effect (isOccupied Q_12,10_Port:1_a13655a7ac7a5167)
58.282 Retroactively prune action (__SURROGATE*c2*connect_2* Q_12,10_Port:0_a13655a7ac7a5167 Q_12,10_Port:1_a13655a7ac7a5167 Q_13,10_PlugType:0_700182228cb09ca1 female in male out) due to impossible effect (isOccupied Q_12,10_Port:0_a13655a7ac7a5167)
58.293 Retroactively prune action (__SURROGATE*c6*connect_6* Q_12,10_Port:0_a13655a7ac7a5167 Q_12,10_Port:1_a13655a7ac7a5167 Q_13,10_PlugType:0_700182228cb09ca1 female in male out) due to impossible effect (isOccupied Q_12,10_Port:1_a13655a7ac7a5167)
58.570 Collected 2758 relevant facts at this layer
58.570 Encoding ...
59.035 Attempting to solve formula with 1933332 clauses (8210421 literals) and 11 assumptions
80.766 Unsolvable at layer 13 -- expanding.
80.766 Iteration 14.
80.766 New layer size: 15
80.766 Instantiating ...
81.537 Retroactively prune action (__SURROGATE*c5*connect_5* Q_13,11_Port:0_a13655a7ac7a5167 Q_13,11_Port:1_a13655a7ac7a5167 Q_14,11_PlugType:0_700182228cb09ca1 female in male out) due to impossible effect (isOccupied Q_13,11_Port:1_a13655a7ac7a5167)
81.566 Retroactively prune action (__SURROGATE*c6*connect_6* Q_13,11_Port:0_a13655a7ac7a5167 Q_13,11_Port:1_a13655a7ac7a5167 Q_14,11_PlugType:0_700182228cb09ca1 female in male out) due to impossible effect (isOccupied Q_13,11_Port:1_a13655a7ac7a5167)
81.574 Retroactively prune action (__SURROGATE*c1*connect_1* Q_13,11_Port:0_a13655a7ac7a5167 Q_13,11_Port:1_a13655a7ac7a5167 Q_14,11_PlugType:0_700182228cb09ca1 female in male out) due to impossible effect (isOccupied Q_13,11_Port:0_a13655a7ac7a5167)
81.589 Retroactively prune action (__SURROGATE*c2*connect_2* Q_13,11_Port:0_a13655a7ac7a5167 Q_13,11_Port:1_a13655a7ac7a5167 Q_14,11_PlugType:0_700182228cb09ca1 female in male out) due to impossible effect (isOccupied Q_13,11_Port:0_a13655a7ac7a5167)
81.837 Collected 2758 relevant facts at this layer
81.837 Encoding ...
82.350 Attempting to solve formula with 2301352 clauses (9813661 literals) and 12 assumptions
103.530 Unsolvable at layer 14 -- expanding.
103.530 Iteration 15.
103.530 New layer size: 16
103.530 Instantiating ...
104.391 Retroactively prune action (__SURROGATE*c1*connect_1* Q_14,12_Port:0_a13655a7ac7a5167 Q_14,12_Port:1_a13655a7ac7a5167 Q_15,12_PlugType:0_700182228cb09ca1 female in male out) due to impossible effect (isOccupied Q_14,12_Port:0_a13655a7ac7a5167)
104.407 Retroactively prune action (__SURROGATE*c2*connect_2* Q_14,12_Port:0_a13655a7ac7a5167 Q_14,12_Port:1_a13655a7ac7a5167 Q_15,12_PlugType:0_700182228cb09ca1 female in male out) due to impossible effect (isOccupied Q_14,12_Port:0_a13655a7ac7a5167)
104.417 Retroactively prune action (__SURROGATE*c5*connect_5* Q_14,12_Port:0_a13655a7ac7a5167 Q_14,12_Port:1_a13655a7ac7a5167 Q_15,12_PlugType:0_700182228cb09ca1 female in male out) due to impossible effect (isOccupied Q_14,12_Port:1_a13655a7ac7a5167)
104.423 Retroactively prune action (__SURROGATE*c6*connect_6* Q_14,12_Port:0_a13655a7ac7a5167 Q_14,12_Port:1_a13655a7ac7a5167 Q_15,12_PlugType:0_700182228cb09ca1 female in male out) due to impossible effect (isOccupied Q_14,12_Port:1_a13655a7ac7a5167)
104.706 Collected 2758 relevant facts at this layer
104.706 Encoding ...
105.267 Attempting to solve formula with 2694349 clauses (11523032 literals) and 13 assumptions
119.146 Unsolvable at layer 15 -- expanding.
119.146 Iteration 16.
119.146 New layer size: 17
119.146 Instantiating ...
120.034 Retroactively prune action (__SURROGATE*c2*connect_2* Q_15,13_Port:0_a13655a7ac7a5167 Q_15,13_Port:1_a13655a7ac7a5167 Q_16,13_PlugType:0_700182228cb09ca1 female in male out) due to impossible effect (isOccupied Q_15,13_Port:0_a13655a7ac7a5167)
120.035 Retroactively prune action (__SURROGATE*c1*connect_1* Q_15,13_Port:0_a13655a7ac7a5167 Q_15,13_Port:1_a13655a7ac7a5167 Q_16,13_PlugType:0_700182228cb09ca1 female in male out) due to impossible effect (isOccupied Q_15,13_Port:0_a13655a7ac7a5167)
120.035 Retroactively prune action (__SURROGATE*c5*connect_5* Q_15,13_Port:0_a13655a7ac7a5167 Q_15,13_Port:1_a13655a7ac7a5167 Q_16,13_PlugType:0_700182228cb09ca1 female in male out) due to impossible effect (isOccupied Q_15,13_Port:1_a13655a7ac7a5167)
120.035 Retroactively prune action (__SURROGATE*c6*connect_6* Q_15,13_Port:0_a13655a7ac7a5167 Q_15,13_Port:1_a13655a7ac7a5167 Q_16,13_PlugType:0_700182228cb09ca1 female in male out) due to impossible effect (isOccupied Q_15,13_Port:1_a13655a7ac7a5167)
120.292 Collected 2758 relevant facts at this layer
120.292 Encoding ...
120.864 Attempting to solve formula with 3112959 clauses (13341993 literals) and 14 assumptions
c
c Try to adapt solver strategies
c 
c Nothing extreme in this problem, continue with glucose default strategies.
c
182.903 Unsolvable at layer 16 -- expanding.
182.904 Iteration 17.
182.904 New layer size: 18
182.904 Instantiating ...
183.918 Retroactively prune action (__SURROGATE*c6*connect_6* Q_16,14_Port:0_a13655a7ac7a5167 Q_16,14_Port:1_a13655a7ac7a5167 Q_17,14_PlugType:0_700182228cb09ca1 female in male out) due to impossible effect (isOccupied Q_16,14_Port:1_a13655a7ac7a5167)
183.929 Retroactively prune action (__SURROGATE*c1*connect_1* Q_16,14_Port:0_a13655a7ac7a5167 Q_16,14_Port:1_a13655a7ac7a5167 Q_17,14_PlugType:0_700182228cb09ca1 female in male out) due to impossible effect (isOccupied Q_16,14_Port:0_a13655a7ac7a5167)
183.938 Retroactively prune action (__SURROGATE*c5*connect_5* Q_16,14_Port:0_a13655a7ac7a5167 Q_16,14_Port:1_a13655a7ac7a5167 Q_17,14_PlugType:0_700182228cb09ca1 female in male out) due to impossible effect (isOccupied Q_16,14_Port:1_a13655a7ac7a5167)
183.945 Retroactively prune action (__SURROGATE*c2*connect_2* Q_16,14_Port:0_a13655a7ac7a5167 Q_16,14_Port:1_a13655a7ac7a5167 Q_17,14_PlugType:0_700182228cb09ca1 female in male out) due to impossible effect (isOccupied Q_16,14_Port:0_a13655a7ac7a5167)
184.221 Collected 2758 relevant facts at this layer
184.221 Encoding ...
184.852 Attempting to solve formula with 3559324 clauses (15280699 literals) and 15 assumptions
259.884 Unsolvable at layer 17 -- expanding.
259.884 Iteration 18.
259.884 New layer size: 19
259.884 Instantiating ...
260.947 Retroactively prune action (__SURROGATE*c6*connect_6* Q_17,15_Port:0_a13655a7ac7a5167 Q_17,15_Port:1_a13655a7ac7a5167 Q_18,15_PlugType:0_700182228cb09ca1 female in male out) due to impossible effect (isOccupied Q_17,15_Port:1_a13655a7ac7a5167)
260.954 Retroactively prune action (__SURROGATE*c1*connect_1* Q_17,15_Port:0_a13655a7ac7a5167 Q_17,15_Port:1_a13655a7ac7a5167 Q_18,15_PlugType:0_700182228cb09ca1 female in male out) due to impossible effect (isOccupied Q_17,15_Port:0_a13655a7ac7a5167)
260.957 Retroactively prune action (__SURROGATE*c2*connect_2* Q_17,15_Port:0_a13655a7ac7a5167 Q_17,15_Port:1_a13655a7ac7a5167 Q_18,15_PlugType:0_700182228cb09ca1 female in male out) due to impossible effect (isOccupied Q_17,15_Port:0_a13655a7ac7a5167)
260.960 Retroactively prune action (__SURROGATE*c5*connect_5* Q_17,15_Port:0_a13655a7ac7a5167 Q_17,15_Port:1_a13655a7ac7a5167 Q_18,15_PlugType:0_700182228cb09ca1 female in male out) due to impossible effect (isOccupied Q_17,15_Port:1_a13655a7ac7a5167)
261.215 Collected 2758 relevant facts at this layer
261.215 Encoding ...
261.888 Attempting to solve formula with 4040027 clauses (17372789 literals) and 16 assumptions
341.518 Unsolvable at layer 18 -- expanding.
341.518 Iteration 19.
341.518 New layer size: 20
341.518 Instantiating ...
342.773 Retroactively prune action (__SURROGATE*c6*connect_6* Q_18,16_Port:0_a13655a7ac7a5167 Q_18,16_Port:1_a13655a7ac7a5167 Q_19,16_PlugType:0_700182228cb09ca1 female in male out) due to impossible effect (isOccupied Q_18,16_Port:1_a13655a7ac7a5167)
342.776 Retroactively prune action (__SURROGATE*c1*connect_1* Q_18,16_Port:0_a13655a7ac7a5167 Q_18,16_Port:1_a13655a7ac7a5167 Q_19,16_PlugType:0_700182228cb09ca1 female in male out) due to impossible effect (isOccupied Q_18,16_Port:0_a13655a7ac7a5167)
342.799 Retroactively prune action (__SURROGATE*c2*connect_2* Q_18,16_Port:0_a13655a7ac7a5167 Q_18,16_Port:1_a13655a7ac7a5167 Q_19,16_PlugType:0_700182228cb09ca1 female in male out) due to impossible effect (isOccupied Q_18,16_Port:0_a13655a7ac7a5167)
342.806 Retroactively prune action (__SURROGATE*c5*connect_5* Q_18,16_Port:0_a13655a7ac7a5167 Q_18,16_Port:1_a13655a7ac7a5167 Q_19,16_PlugType:0_700182228cb09ca1 female in male out) due to impossible effect (isOccupied Q_18,16_Port:1_a13655a7ac7a5167)
343.062 Collected 2758 relevant facts at this layer
343.062 Encoding ...
343.829 Attempting to solve formula with 4555454 clauses (19620981 literals) and 17 assumptions
477.762 Unsolvable at layer 19 -- expanding.
477.762 Iteration 20.
477.762 New layer size: 21
477.762 Instantiating ...
479.041 Retroactively prune action (__SURROGATE*c6*connect_6* Q_19,17_Port:0_a13655a7ac7a5167 Q_19,17_Port:1_a13655a7ac7a5167 Q_20,17_PlugType:0_700182228cb09ca1 female in male out) due to impossible effect (isOccupied Q_19,17_Port:1_a13655a7ac7a5167)
479.048 Retroactively prune action (__SURROGATE*c2*connect_2* Q_19,17_Port:0_a13655a7ac7a5167 Q_19,17_Port:1_a13655a7ac7a5167 Q_20,17_PlugType:0_700182228cb09ca1 female in male out) due to impossible effect (isOccupied Q_19,17_Port:0_a13655a7ac7a5167)
479.058 Retroactively prune action (__SURROGATE*c1*connect_1* Q_19,17_Port:0_a13655a7ac7a5167 Q_19,17_Port:1_a13655a7ac7a5167 Q_20,17_PlugType:0_700182228cb09ca1 female in male out) due to impossible effect (isOccupied Q_19,17_Port:0_a13655a7ac7a5167)
479.064 Retroactively prune action (__SURROGATE*c5*connect_5* Q_19,17_Port:0_a13655a7ac7a5167 Q_19,17_Port:1_a13655a7ac7a5167 Q_20,17_PlugType:0_700182228cb09ca1 female in male out) due to impossible effect (isOccupied Q_19,17_Port:1_a13655a7ac7a5167)
479.313 Collected 2758 relevant facts at this layer
479.313 Encoding ...
480.055 Attempting to solve formula with 5103678 clauses (22014545 literals) and 18 assumptions
680.287 Unsolvable at layer 20 -- expanding.
680.288 Iteration 21.
680.288 New layer size: 22
680.288 Instantiating ...
681.625 Retroactively prune action (__SURROGATE*c6*connect_6* Q_20,18_Port:0_a13655a7ac7a5167 Q_20,18_Port:1_a13655a7ac7a5167 Q_21,18_PlugType:0_700182228cb09ca1 female in male out) due to impossible effect (isOccupied Q_20,18_Port:1_a13655a7ac7a5167)
681.641 Retroactively prune action (__SURROGATE*c5*connect_5* Q_20,18_Port:0_a13655a7ac7a5167 Q_20,18_Port:1_a13655a7ac7a5167 Q_21,18_PlugType:0_700182228cb09ca1 female in male out) due to impossible effect (isOccupied Q_20,18_Port:1_a13655a7ac7a5167)
681.641 Retroactively prune action (__SURROGATE*c1*connect_1* Q_20,18_Port:0_a13655a7ac7a5167 Q_20,18_Port:1_a13655a7ac7a5167 Q_21,18_PlugType:0_700182228cb09ca1 female in male out) due to impossible effect (isOccupied Q_20,18_Port:0_a13655a7ac7a5167)
681.641 Retroactively prune action (__SURROGATE*c2*connect_2* Q_20,18_Port:0_a13655a7ac7a5167 Q_20,18_Port:1_a13655a7ac7a5167 Q_21,18_PlugType:0_700182228cb09ca1 female in male out) due to impossible effect (isOccupied Q_20,18_Port:0_a13655a7ac7a5167)
681.914 Collected 2758 relevant facts at this layer
681.914 Encoding ...
682.673 Attempting to solve formula with 5678184 clauses (24518657 literals) and 19 assumptions
1093.900 Unsolvable at layer 21 -- expanding.
1093.900 Iteration 22.
1093.900 New layer size: 23
1093.900 Instantiating ...
1095.477 Retroactively prune action (__SURROGATE*c5*connect_5* Q_21,19_Port:0_a13655a7ac7a5167 Q_21,19_Port:1_a13655a7ac7a5167 Q_22,19_PlugType:0_700182228cb09ca1 female in male out) due to impossible effect (isOccupied Q_21,19_Port:1_a13655a7ac7a5167)
1095.505 Retroactively prune action (__SURROGATE*c6*connect_6* Q_21,19_Port:0_a13655a7ac7a5167 Q_21,19_Port:1_a13655a7ac7a5167 Q_22,19_PlugType:0_700182228cb09ca1 female in male out) due to impossible effect (isOccupied Q_21,19_Port:1_a13655a7ac7a5167)
1095.509 Retroactively prune action (__SURROGATE*c2*connect_2* Q_21,19_Port:0_a13655a7ac7a5167 Q_21,19_Port:1_a13655a7ac7a5167 Q_22,19_PlugType:0_700182228cb09ca1 female in male out) due to impossible effect (isOccupied Q_21,19_Port:0_a13655a7ac7a5167)
1095.512 Retroactively prune action (__SURROGATE*c1*connect_1* Q_21,19_Port:0_a13655a7ac7a5167 Q_21,19_Port:1_a13655a7ac7a5167 Q_22,19_PlugType:0_700182228cb09ca1 female in male out) due to impossible effect (isOccupied Q_21,19_Port:0_a13655a7ac7a5167)
1095.772 Collected 2758 relevant facts at this layer
1095.772 Encoding ...
1096.684 Attempting to solve formula with 6302530 clauses (27253312 literals) and 20 assumptions
1467.629 Unsolvable at layer 22 -- expanding.
1467.629 Iteration 23.
1467.629 New layer size: 24
1467.629 Instantiating ...
1469.303 Retroactively prune action (__SURROGATE*c5*connect_5* Q_22,20_Port:0_a13655a7ac7a5167 Q_22,20_Port:1_a13655a7ac7a5167 Q_23,20_PlugType:0_700182228cb09ca1 female in male out) due to impossible effect (isOccupied Q_22,20_Port:1_a13655a7ac7a5167)
1469.315 Retroactively prune action (__SURROGATE*c6*connect_6* Q_22,20_Port:0_a13655a7ac7a5167 Q_22,20_Port:1_a13655a7ac7a5167 Q_23,20_PlugType:0_700182228cb09ca1 female in male out) due to impossible effect (isOccupied Q_22,20_Port:1_a13655a7ac7a5167)
1469.318 Retroactively prune action (__SURROGATE*c1*connect_1* Q_22,20_Port:0_a13655a7ac7a5167 Q_22,20_Port:1_a13655a7ac7a5167 Q_23,20_PlugType:0_700182228cb09ca1 female in male out) due to impossible effect (isOccupied Q_22,20_Port:0_a13655a7ac7a5167)
1469.321 Retroactively prune action (__SURROGATE*c2*connect_2* Q_22,20_Port:0_a13655a7ac7a5167 Q_22,20_Port:1_a13655a7ac7a5167 Q_23,20_PlugType:0_700182228cb09ca1 female in male out) due to impossible effect (isOccupied Q_22,20_Port:0_a13655a7ac7a5167)
1469.622 Collected 2758 relevant facts at this layer
1469.623 Encoding ...
1470.535 Attempting to solve formula with 6938931 clauses (30028946 literals) and 21 assumptions
1801.054 Termination signal caught.
1801.054 Total amount of clauses encoded: 6938931
1801.054 - indirectframeaxioms : 3971200 cls
1801.054 - qfactsemantics : 1362464 cls
1801.054 - directframeaxioms : 1285220 cls
1801.054 - reductionconstraints : 234887 cls
1801.054 - atmostoneelement : 26337 cls
1801.054 - actionconstraints : 25796 cls
1801.054 - substitutionconstraints : 18550 cls
1801.054 - qconstequality : 4040 cls
1801.054 - predecessors : 3596 cls
1801.054 - expansions : 3522 cls
1801.054 - truefacts : 2758 cls
1801.054 - actioneffects : 559 cls
1801.054 - axiomaticops : 2 cls
1801.054 # instantiated positions: 300
1801.054 # instantiated actions: 3282
1801.054 # instantiated reductions: 399
1801.054 # introduced pseudo-constants: 549
1801.054 # retroactive prunings: 86
1801.054 # retroactively pruned operations: 86
1801.054 # dominated operations: 121
1801.054 # total invalid rigid preconditions found in getPFC: 0
1801.054 # invalid rigid preconditions found in getPFC: 0
1801.054 # invalid rigid preconditions found in getPFC in varrestrictions: 0
1801.054 # total invalid fluent preconditions found in getPFC: 18
1801.054 # invalid fluent preconditions found in getPFC: 18
1801.054 # invalid fluent preconditions found in getPFC in varrestrictions: 0
1801.054 # invalid fluent preconditions found in getPFC via postconditions: 0
1801.054 # invalid subtasks found in getPFC: 2
1801.054 # number effects in operation fact_frames: 170
1801.054 # number of variables restricted: 488919
1801.054 Exiting happily.

RUNWATCH_RESULT TIMEOUT RETVAL 0 TIME_SECS 1801.13 MEMPEAK_KBS 1228044
