    _           _         _
   \ |         \ |       | |                       
   | |     __  | |      _| |______                
   | |     \/  | |     /_   ______\                
   | |      _  | |   __  | |  ___   ___   ___       
   | |___  | | | |  / .\ | | / , | |   \ / ·_\    
   \_____\ |_| |__\ \__/ |_| \___) |_|_| \___\  
[39mL i l o t a n e  version rls-glucose4
by Dominik Schreiber <dominik.schreiber@kit.edu> 2020-2021
using SAT solver glucose4

0.015 Parser finished.
0.015 Structures extracted.
0.017 72 operators and 56 methods created.
0.051 Mined 44 new reduction preconditions (+64.7%).
0.051 Iteration 0.
0.051 Creating initial layer of size 2
0.067 Attempting to solve formula with 3 clauses (3 literals) and 1 assumptions
0.067 Unsolvable at layer 0 -- expanding.
0.067 Iteration 1.
0.067 New layer size: 31
0.067 Instantiating ...
0.199 Collected 87 relevant facts at this layer
0.199 Encoding ...
0.225 Attempting to solve formula with 5634 clauses (16339 literals) and 30 assumptions
0.225 Unsolvable at layer 1 -- expanding.
0.225 Iteration 2.
0.225 New layer size: 61
0.225 Instantiating ...
0.512 Collected 1190 relevant facts at this layer
0.512 Encoding ...
0.601 Attempting to solve formula with 94684 clauses (264831 literals) and 30 assumptions
0.601 Unsolvable at layer 2 -- expanding.
0.601 Iteration 3.
0.601 New layer size: 91
0.601 Instantiating ...
1.147 Collected 1581 relevant facts at this layer
1.147 Encoding ...
1.262 Attempting to solve formula with 185212 clauses (520195 literals) and 60 assumptions
1.262 Unsolvable at layer 3 -- expanding.
1.262 Iteration 4.
1.263 New layer size: 121
1.263 Instantiating ...
1.847 Collected 1600 relevant facts at this layer
1.847 Encoding ...
1.985 Attempting to solve formula with 293534 clauses (818923 literals) and 90 assumptions
1.985 Unsolvable at layer 4 -- expanding.
1.985 Iteration 5.
1.985 New layer size: 211
1.985 Instantiating ...
2.789 Collected 2380 relevant facts at this layer
2.789 Encoding ...
3.365 Attempting to solve formula with 749862 clauses (2301605 literals) and 120 assumptions
3.365 Unsolvable at layer 5 -- expanding.
3.365 Iteration 6.
3.365 New layer size: 331
3.365 Instantiating ...
4.475 Collected 2380 relevant facts at this layer
4.475 Encoding ...
5.601 Attempting to solve formula with 1559534 clauses (5015287 literals) and 150 assumptions
5.647 Unsolvable at layer 6 -- expanding.
5.647 Iteration 7.
5.647 New layer size: 481
5.647 Instantiating ...
7.108 Collected 2380 relevant facts at this layer
7.108 Encoding ...
8.925 Attempting to solve formula with 2649614 clauses (8719309 literals) and 180 assumptions
14.573 Unsolvable at layer 7 -- expanding.
14.573 Iteration 8.
14.574 New layer size: 661
14.574 Instantiating ...
16.504 Collected 2380 relevant facts at this layer
16.504 Encoding ...
18.907 Attempting to solve formula with 4010825 clauses (13414793 literals) and 210 assumptions
65.121 Unsolvable at layer 8 -- expanding.
65.121 Iteration 9.
65.122 New layer size: 871
65.122 Instantiating ...
67.599 Collected 2380 relevant facts at this layer
67.599 Encoding ...
70.704 Attempting to solve formula with 5613721 clauses (18955559 literals) and 240 assumptions
71.156 Unsolvable at layer 9 -- expanding.
71.156 Iteration 10.
71.156 New layer size: 1111
71.156 Instantiating ...
74.063 Collected 2380 relevant facts at this layer
74.063 Encoding ...
77.963 Attempting to solve formula with 7458868 clauses (25342748 literals) and 270 assumptions
78.204 Unsolvable at layer 10 -- expanding.
78.204 Iteration 11.
78.205 New layer size: 1381
78.205 Instantiating ...
81.706 Collected 2380 relevant facts at this layer
81.706 Encoding ...
86.559 Attempting to solve formula with 9546846 clauses (32577528 literals) and 300 assumptions
86.980 Unsolvable at layer 11 -- expanding.
86.980 Iteration 12.
86.981 New layer size: 1681
86.981 Instantiating ...
91.157 Collected 2380 relevant facts at this layer
91.157 Encoding ...
96.984 Attempting to solve formula with 11878274 clauses (40661128 literals) and 330 assumptions
c
c Try to adapt solver strategies
c 
c Nothing extreme in this problem, continue with glucose default strategies.
c
1800.570 Termination signal caught.
1800.571 Total amount of clauses encoded: 11878274
1800.571 - directframeaxioms : 4863434 cls
1800.571 - qfactsemantics : 2822805 cls
1800.571 - indirectframeaxioms : 2736618 cls
1800.571 - reductionconstraints : 983601 cls
1800.571 - atmostoneelement : 175129 cls
1800.571 - actionconstraints : 70015 cls
1800.571 - qconstequality : 56700 cls
1800.571 - substitutionconstraints : 56546 cls
1800.571 - expansions : 48692 cls
1800.571 - predecessors : 46969 cls
1800.571 - actioneffects : 10584 cls
1800.571 - qtypeconstraints : 4799 cls
1800.571 - truefacts : 2380 cls
1800.571 - axiomaticops : 2 cls
1800.571 # instantiated positions: 7033
1800.571 # instantiated actions: 36411
1800.571 # instantiated reductions: 10559
1800.571 # introduced pseudo-constants: 5790
1800.571 # retroactive prunings: 0
1800.571 # retroactively pruned operations: 0
1800.571 # dominated operations: 0
1800.571 Exiting happily.

RUNWATCH_RESULT TIMEOUT RETVAL 0 TIME_SECS 1801.03 MEMPEAK_KBS 7699404
