    _           _         _
   \ |         \ |       | |                       
   | |     __  | |      _| |______                
   | |     \/  | |     /_   ______\                
   | |      _  | |   __  | |  ___   ___   ___       
   | |___  | | | |  / .\ | | / , | |   \ / ·_\    
   \_____\ |_| |__\ \__/ |_| \___) |_|_| \___\  
[39mL i l o t a n e  version rls-glucose4
by Dominik Schreiber <dominik.schreiber@kit.edu> 2020-2021
using SAT solver glucose4

0.022 Parser finished.
0.022 Structures extracted.
0.023 9 operators and 7 methods created.
0.041 Mined 12 new reduction preconditions (+inf%).
0.041 Iteration 0.
0.041 Creating initial layer of size 2
0.444 Attempting to solve formula with 3 clauses (3 literals) and 1 assumptions
0.444 Unsolvable at layer 0 -- expanding.
0.444 Iteration 1.
0.444 New layer size: 91
0.444 Instantiating ...
1.542 Collected 0 relevant facts at this layer
1.542 Encoding ...
1.579 Attempting to solve formula with 50225 clauses (142747 literals) and 90 assumptions
1.580 Unsolvable at layer 1 -- expanding.
1.580 Iteration 2.
1.580 New layer size: 361
1.580 Instantiating ...
4.009 Collected 1452 relevant facts at this layer
4.009 Encoding ...
4.988 Attempting to solve formula with 1037235 clauses (4061947 literals) and 180 assumptions
5.405 Unsolvable at layer 2 -- expanding.
5.405 Iteration 3.
5.405 New layer size: 541
5.405 Instantiating ...
8.550 Collected 1452 relevant facts at this layer
8.550 Encoding ...
10.604 Attempting to solve formula with 2702504 clauses (10746174 literals) and 180 assumptions
13.101 Unsolvable at layer 3 -- expanding.
13.101 Iteration 4.
13.102 New layer size: 721
13.102 Instantiating ...
17.045 Collected 1452 relevant facts at this layer
17.045 Encoding ...
20.000 Attempting to solve formula with 4857847 clauses (19906220 literals) and 180 assumptions
c
c Try to adapt solver strategies
c 
c Nothing extreme in this problem, continue with glucose default strategies.
c
1800.158 Termination signal caught.
1800.158 Total amount of clauses encoded: 4857847
1800.158 - indirectframeaxioms : 2254826 cls
1800.158 - directframeaxioms : 950760 cls
1800.158 - qfactsemantics : 879754 cls
1800.158 - reductionconstraints : 309721 cls
1800.158 - actionconstraints : 290052 cls
1800.158 - qconstequality : 80916 cls
1800.158 - substitutionconstraints : 72764 cls
1800.158 - atmostoneelement : 6612 cls
1800.158 - predecessors : 4406 cls
1800.158 - expansions : 4062 cls
1800.158 - actioneffects : 2520 cls
1800.158 - truefacts : 1452 cls
1800.158 - axiomaticops : 2 cls
1800.158 # instantiated positions: 1715
1800.158 # instantiated actions: 3776
1800.158 # instantiated reductions: 631
1800.158 # introduced pseudo-constants: 1296
1800.158 # retroactive prunings: 0
1800.158 # retroactively pruned operations: 0
1800.158 # dominated operations: 8
1800.158 # total invalid rigid preconditions found in getPFC: 0
1800.158 # invalid rigid preconditions found in getPFC: 0
1800.158 # invalid rigid preconditions found in getPFC in varrestrictions: 0
1800.158 # total invalid fluent preconditions found in getPFC: 0
1800.158 # invalid fluent preconditions found in getPFC: 0
1800.158 # invalid fluent preconditions found in getPFC in varrestrictions: 0
1800.158 # invalid fluent preconditions found in getPFC via postconditions: 0
1800.158 # invalid subtasks found in getPFC: 0
1800.158 # number effects in operation fact_frames: 428
1800.158 Exiting happily.

RUNWATCH_RESULT TIMEOUT RETVAL 0 TIME_SECS 1800.27 MEMPEAK_KBS 1553776
