    _           _         _
   \ |         \ |       | |                       
   | |     __  | |      _| |______                
   | |     \/  | |     /_   ______\                
   | |      _  | |   __  | |  ___   ___   ___       
   | |___  | | | |  / .\ | | / , | |   \ / ·_\    
   \_____\ |_| |__\ \__/ |_| \___) |_|_| \___\  
[39mL i l o t a n e  version rls-glucose4
by Dominik Schreiber <dominik.schreiber@kit.edu> 2020-2021
using SAT solver glucose4

0.008 Parser finished.
0.008 Structures extracted.
0.009 19 operators and 11 methods created.
0.018 Mined 6 new reduction preconditions (+33.3%).
0.018 Iteration 0.
0.018 Creating initial layer of size 2
0.023 Attempting to solve formula with 69 clauses (102 literals) and 1 assumptions
0.023 Unsolvable at layer 0 -- expanding.
0.023 Iteration 1.
0.023 New layer size: 54
0.023 Instantiating ...
0.088 Collected 33 relevant facts at this layer
0.088 Encoding ...
0.090 Attempting to solve formula with 1028 clauses (2385 literals) and 53 assumptions
0.091 Unsolvable at layer 1 -- expanding.
0.091 Iteration 2.
0.091 New layer size: 213
0.091 Instantiating ...
0.209 Collected 131 relevant facts at this layer
0.209 Encoding ...
0.235 Attempting to solve formula with 21040 clauses (51028 literals) and 187 assumptions
0.235 Unsolvable at layer 2 -- expanding.
0.235 Iteration 3.
0.235 New layer size: 495
0.235 Instantiating ...
0.358 Retroactively prune reduction (m5_do_move b19 b26)@(2,167): no children at offset 0
0.369 Retroactively prune reduction (m7_do_clear b2 b19)@(2,196): no children at offset 1
0.373 Retroactively prune reduction (m7_do_clear b2 b19)@(2,201): no children at offset 1
0.381 Collected 180 relevant facts at this layer
0.381 Encoding ...
0.471 Attempting to solve formula with 71335 clauses (165748 literals) and 73 assumptions
0.472 Unsolvable at layer 3 -- expanding.
0.472 Iteration 4.
0.473 New layer size: 645
0.473 Instantiating ...
0.599 Retroactively prune action (unstack b7 b19)@(3,387): no children at offset 0
0.614 Retroactively prune action (__SURROGATE*_splitting_method_unstack_splitted_1*unstack* b7 b19)@(3,472): no children at offset 0
0.622 Collected 181 relevant facts at this layer
0.622 Encoding ...
0.733 Attempting to solve formula with 119817 clauses (277126 literals) and 70 assumptions
0.733 Unsolvable at layer 4 -- expanding.
0.733 Iteration 5.
0.734 New layer size: 787
0.734 Instantiating ...
0.880 Retroactively prune action (__REPEATED_unstack b23 b7)@(4,605): no children at offset 0
0.884 Retroactively prune action (__REPEATED_unstack b23 b7)@(4,624): no children at offset 0
0.889 Retroactively prune action (__REPEATED___SURROGATE*_splitting_method_unstack_splitted_1*unstack* b23 b7)@(4,642): no children at offset 0
0.889 Collected 182 relevant facts at this layer
0.889 Encoding ...
1.024 Attempting to solve formula with 170687 clauses (396025 literals) and 65 assumptions
1.024 Unsolvable at layer 5 -- expanding.
1.024 Iteration 6.
1.025 New layer size: 921
1.025 Instantiating ...
1.042 Retroactively prune action (__REPEATED___SURROGATE*_splitting_method_unstack_splitted_1*unstack* b18 b23)@(5,187): no children at offset 0
1.191 Retroactively prune action (__REPEATED_unstack b18 b23)@(5,773): no children at offset 0
1.194 Collected 182 relevant facts at this layer
1.194 Encoding ...
1.353 Attempting to solve formula with 224583 clauses (524589 literals) and 64 assumptions
1.353 Unsolvable at layer 6 -- expanding.
1.353 Iteration 7.
1.354 New layer size: 1051
1.354 Instantiating ...
1.372 Retroactively prune action (__REPEATED_unstack b35 b18)@(6,202): no children at offset 0
1.375 Retroactively prune action (__REPEATED_unstack b35 b18)@(6,223): no children at offset 0
1.531 Retroactively prune action (__REPEATED___SURROGATE*_splitting_method_unstack_splitted_2*unstack* b35 b18)@(6,836): no children at offset 0
1.537 Collected 182 relevant facts at this layer
1.537 Encoding ...
1.713 Attempting to solve formula with 282345 clauses (666073 literals) and 60 assumptions
1.713 Unsolvable at layer 7 -- expanding.
1.713 Iteration 8.
1.714 New layer size: 1171
1.714 Instantiating ...
1.895 Retroactively prune action (__REPEATED___SURROGATE*_splitting_method_unstack_splitted_1*unstack* b26 b35)@(7,864): no children at offset 0
1.909 Retroactively prune action (__REPEATED_unstack b26 b35)@(7,958): no children at offset 0
1.916 Collected 182 relevant facts at this layer
1.916 Encoding ...
2.165 Attempting to solve formula with 345436 clauses (823314 literals) and 58 assumptions
2.166 Unsolvable at layer 8 -- expanding.
2.166 Iteration 9.
2.167 New layer size: 1289
2.167 Instantiating ...
2.171 Retroactively prune action (__REPEATED___SURROGATE*m6_do_clear*nop* b36)@(8,13): no children at offset 0
2.171 Retroactively prune action (__REPEATED___SURROGATE*m6_do_clear*nop* b31)@(8,13): no children at offset 0
2.171 Retroactively prune action (__REPEATED___SURROGATE*m6_do_clear*nop* b8)@(8,13): no children at offset 0
2.171 Retroactively prune action (__REPEATED___SURROGATE*m6_do_clear*nop* b33)@(8,13): no children at offset 0
2.171 Retroactively prune action (__SURROGATE*m6_do_clear*nop* b34)@(8,13): no children at offset 0
2.171 Retroactively prune action (__REPEATED___SURROGATE*m6_do_clear*nop* b25)@(8,13): no children at offset 0
2.171 Retroactively prune action (__REPEATED___SURROGATE*m6_do_clear*nop* b12)@(8,13): no children at offset 0
2.179 Retroactively prune action (__REPEATED_pick-up b21)@(8,33): no children at offset 0
2.180 Retroactively prune action (__REPEATED___SURROGATE*m6_do_clear*nop* b13)@(8,35): no children at offset 0
2.180 Retroactively prune action (__REPEATED___SURROGATE*m6_do_clear*nop* b38)@(8,35): no children at offset 0
2.180 Retroactively prune action (__REPEATED___SURROGATE*m6_do_clear*nop* b32)@(8,35): no children at offset 0
2.180 Retroactively prune action (__REPEATED___SURROGATE*m6_do_clear*nop* b3)@(8,35): no children at offset 0
2.180 Retroactively prune action (__REPEATED___SURROGATE*m6_do_clear*nop* b27)@(8,35): no children at offset 0
2.183 Retroactively prune action (__REPEATED_pick-up b27)@(8,49): no children at offset 0
2.184 Retroactively prune action (__REPEATED_unstack b10 b3)@(8,52): no children at offset 0
2.184 Retroactively prune action (__REPEATED_unstack b10 b3)@(8,55): no children at offset 0
2.184 Retroactively prune action (__REPEATED_unstack b3 b32)@(8,57): no children at offset 0
2.184 Retroactively prune action (__REPEATED_unstack b32 b13)@(8,59): no children at offset 0
2.185 Retroactively prune action (__REPEATED_unstack b13 b38)@(8,61): no children at offset 0
2.185 Retroactively prune action (__REPEATED_unstack b38 b27)@(8,63): no children at offset 0
2.185 Retroactively prune action (__REPEATED___SURROGATE*_splitting_method_unstack_splitted_1*unstack* b3 b32)@(8,67): no children at offset 0
2.185 Retroactively prune action (__REPEATED___SURROGATE*m6_do_clear*nop* b22)@(8,69): no children at offset 0
2.185 Retroactively prune action (__REPEATED___SURROGATE*m6_do_clear*nop* b17)@(8,69): no children at offset 0
2.187 Retroactively prune action (__REPEATED_unstack b10 b3)@(8,75): no children at offset 0
2.187 Retroactively prune action (__REPEATED_unstack b28 b17)@(8,82): no children at offset 0
2.187 Retroactively prune action (__REPEATED_unstack b17 Q_4,53_block:0_e62f3e10ce36b007)@(8,84): no children at offset 0
2.187 Retroactively prune action (__REPEATED_unstack b3 b32)@(8,88): no children at offset 0
2.188 Retroactively prune action (__REPEATED_unstack b32 b13)@(8,90): no children at offset 0
2.188 Retroactively prune action (__REPEATED_unstack b28 b17)@(8,93): no children at offset 0
2.188 Retroactively prune action (__REPEATED_unstack b17 b22)@(8,95): no children at offset 0
2.188 Retroactively prune action (__REPEATED___SURROGATE*_splitting_method_unstack_splitted_1*unstack* b13 b38)@(8,99): no children at offset 0
2.189 Retroactively prune action (__REPEATED___SURROGATE*m6_do_clear*nop* b14)@(8,109): no children at offset 0
2.189 Retroactively prune action (__REPEATED___SURROGATE*m6_do_clear*nop* b24)@(8,109): no children at offset 0
2.189 Retroactively prune action (__REPEATED___SURROGATE*m6_do_clear*nop* b4)@(8,109): no children at offset 0
2.189 Retroactively prune action (__REPEATED___SURROGATE*m6_do_clear*nop* b29)@(8,109): no children at offset 0
2.189 Retroactively prune action (__REPEATED___SURROGATE*m6_do_clear*nop* b6)@(8,109): no children at offset 0
2.192 Retroactively prune action (__REPEATED___SURROGATE*_splitting_method_unstack_splitted_1*unstack* b9 b34)@(8,131): no children at offset 0
2.193 Retroactively prune action (__REPEATED_unstack b9 b34)@(8,142): no children at offset 0
2.193 Retroactively prune action (__REPEATED_unstack b34 b33)@(8,144): no children at offset 0
2.193 Retroactively prune action (__REPEATED_unstack b33 b12)@(8,146): no children at offset 0
2.193 Retroactively prune action (__REPEATED_unstack b12 b8)@(8,148): no children at offset 0
2.193 Retroactively prune action (__REPEATED_unstack b8 b25)@(8,150): no children at offset 0
2.193 Retroactively prune action (__REPEATED___SURROGATE*_splitting_method_unstack_splitted_1*unstack* b25 b31)@(8,155): no children at offset 0
2.194 Retroactively prune action (__REPEATED_unstack b28 b17)@(8,158): no children at offset 0
2.194 Retroactively prune action (__REPEATED_unstack b9 b34)@(8,163): no children at offset 0
2.194 Retroactively prune action (__REPEATED_unstack b34 b33)@(8,165): no children at offset 0
2.194 Retroactively prune action (__REPEATED_unstack b33 b12)@(8,167): no children at offset 0
2.194 Retroactively prune action (__REPEATED_unstack b12 b8)@(8,169): no children at offset 0
2.195 Retroactively prune action (__REPEATED_unstack b8 b25)@(8,171): no children at offset 0
2.195 Retroactively prune action (__REPEATED___SURROGATE*_splitting_method_unstack_splitted_1*unstack* b17 b22)@(8,175): no children at offset 0
2.195 Retroactively prune action (unstack b9 b34)@(8,178): no children at offset 0
2.195 Retroactively prune action (__REPEATED_unstack b34 b33)@(8,180): no children at offset 0
2.196 Retroactively prune action (__REPEATED_unstack b33 Q_4,121_block:0_8eb3a10984a9cc6a)@(8,182): no children at offset 0
2.196 Retroactively prune action (__REPEATED_unstack Q_4,121_block:0_8eb3a10984a9cc6a Q_3,101_block:0_807bea6f9f9a898a)@(8,184): no children at offset 0
2.196 Retroactively prune action (__REPEATED_unstack b25 b31)@(8,188): no children at offset 0
2.196 Retroactively prune action (__REPEATED_unstack b28 b17)@(8,191): no children at offset 0
2.196 Retroactively prune action (__REPEATED___SURROGATE*_splitting_method_unstack_splitted_1*unstack* b31 b36)@(8,195): no children at offset 0
2.197 Retroactively prune action (__REPEATED_unstack b16 b24)@(8,198): no children at offset 0
2.197 Retroactively prune action (__REPEATED_unstack b24 b29)@(8,200): no children at offset 0
2.197 Retroactively prune action (__REPEATED_unstack b29 b14)@(8,202): no children at offset 0
2.198 Retroactively prune action (__REPEATED_unstack Q_5,158_block:0_ef786d1999b6a17a Q_4,138_block:0_86c293cc4ffeefa)@(8,209): no children at offset 0
2.199 Retroactively prune action (__REPEATED_unstack b25 b31)@(8,215): no children at offset 0
2.199 Retroactively prune action (__REPEATED___SURROGATE*_splitting_method_unstack_splitted_1*unstack* b14 b4)@(8,219): no children at offset 0
2.200 Retroactively prune action (__REPEATED___SURROGATE*_splitting_method_unstack_splitted_1*unstack* b10 b3)@(8,227): no children at offset 0
2.203 Retroactively prune action (__REPEATED_unstack b21 b1)@(8,252): no children at offset 0
2.207 Retroactively prune action (__REPEATED_unstack b3 b32)@(8,276): no children at offset 0
2.211 Retroactively prune action (__REPEATED_unstack b21 b1)@(8,289): no children at offset 0
2.211 Retroactively prune action (__REPEATED___SURROGATE*_splitting_method_unstack_splitted_1*unstack* b32 b13)@(8,293): no children at offset 0
2.214 Retroactively prune action (__REPEATED_unstack b9 b34)@(8,304): no children at offset 0
2.215 Retroactively prune action (__REPEATED_unstack b34 b33)@(8,306): no children at offset 0
2.218 Retroactively prune action (__REPEATED_unstack b3 b32)@(8,319): no children at offset 0
2.218 Retroactively prune action (__REPEATED___SURROGATE*_splitting_method_unstack_splitted_1*unstack* b33 b12)@(8,323): no children at offset 0
2.349 Retroactively prune action (__REPEATED_unstack b9 b34)@(8,873): no children at offset 0
2.350 Retroactively prune action (__REPEATED_unstack b34 b33)@(8,875): no children at offset 0
2.356 Retroactively prune action (__REPEATED_unstack b14 b4)@(8,905): no children at offset 0
2.359 Retroactively prune action (__REPEATED_unstack b9 b34)@(8,916): no children at offset 0
2.360 Retroactively prune action (__REPEATED_unstack b34 b33)@(8,918): no children at offset 0
2.360 Retroactively prune action (__REPEATED___SURROGATE*_splitting_method_unstack_splitted_1*unstack* b4 b6)@(8,922): no children at offset 0
2.363 Retroactively prune action (__REPEATED_unstack Q_4,486_block:0_4913f618fc4ea4ae Q_3,366_block:0_f996c0f960e29948)@(8,931): no children at offset 0
2.363 Retroactively prune action (__REPEATED_unstack b33 b12)@(8,935): no children at offset 0
2.366 Retroactively prune action (__REPEATED_unstack b14 b4)@(8,948): no children at offset 0
2.367 Retroactively prune action (__REPEATED___SURROGATE*_splitting_method_unstack_splitted_1*unstack* b12 b8)@(8,952): no children at offset 0
2.367 Retroactively prune action (__REPEATED_unstack b20 b26)@(8,955): no children at offset 0
2.370 Retroactively prune action (__REPEATED_unstack b33 b12)@(8,966): no children at offset 0
2.371 Retroactively prune action (__REPEATED_unstack b12 b8)@(8,968): no children at offset 0
2.371 Retroactively prune action (__REPEATED___SURROGATE*_splitting_method_unstack_splitted_2*unstack* b8 b25)@(8,970): no children at offset 0
2.371 Retroactively prune action (__REPEATED_unstack b20 b26)@(8,982): no children at offset 0
2.372 Retroactively prune action (__REPEATED_unstack b16 b24)@(8,997): no children at offset 0
2.372 Retroactively prune action (__REPEATED___SURROGATE*_splitting_method_unstack_splitted_1*unstack* b24 b29)@(8,1002): no children at offset 0
2.376 Retroactively prune action (__REPEATED_unstack b27 b5)@(8,1015): no children at offset 0
2.377 Retroactively prune action (__REPEATED_unstack b16 b24)@(8,1018): no children at offset 0
2.377 Retroactively prune action (__REPEATED___SURROGATE*_splitting_method_unstack_splitted_1*unstack* b28 b17)@(8,1030): no children at offset 0
2.381 Retroactively prune action (__REPEATED_unstack b24 b29)@(8,1044): no children at offset 0
2.381 Retroactively prune action (__REPEATED___SURROGATE*_splitting_method_unstack_splitted_2*unstack* b29 b14)@(8,1046): no children at offset 0
2.382 Retroactively prune action (__REPEATED___SURROGATE*_splitting_method_unstack_splitted_1*unstack* b16 b24)@(8,1048): no children at offset 0
2.386 Retroactively prune action (__REPEATED___SURROGATE*_splitting_method_unstack_splitted_1*unstack* b20 b26)@(8,1086): no children at offset 0
2.390 Retroactively prune action (__REPEATED_unstack b9 b34)@(8,1127): no children at offset 0
2.391 Retroactively prune action (__REPEATED___SURROGATE*_splitting_method_unstack_splitted_1*unstack* b34 b33)@(8,1140): no children at offset 0
2.394 Retroactively prune action (__REPEATED_unstack b9 b34)@(8,1164): no children at offset 0
2.395 Collected 182 relevant facts at this layer
2.395 Encoding ...
2.612 Attempting to solve formula with 400574 clauses (952472 literals) and 39 assumptions
2.613 Unsolvable at layer 9 -- expanding.
2.613 Iteration 10.
2.614 New layer size: 1401
2.614 Instantiating ...
2.622 Retroactively prune action (__REPEATED_pick-up b1)@(9,275): no children at offset 0
2.771 Retroactively prune action (__REPEATED_unstack b1 b39)@(9,1173): no children at offset 0
2.774 Collected 182 relevant facts at this layer
2.774 Encoding ...
2.994 Attempting to solve formula with 439014 clauses (1047134 literals) and 38 assumptions
2.994 Unsolvable at layer 10 -- expanding.
2.994 Iteration 11.
2.995 New layer size: 1479
2.995 Instantiating ...
3.177 Collected 182 relevant facts at this layer
3.177 Encoding ...
3.461 Attempting to solve formula with 475182 clauses (1136388 literals) and 38 assumptions
3.461 Unsolvable at layer 11 -- expanding.
3.461 Iteration 12.
3.463 New layer size: 1555
3.463 Instantiating ...
3.638 Collected 182 relevant facts at this layer
3.638 Encoding ...
3.884 Attempting to solve formula with 511689 clauses (1225688 literals) and 37 assumptions
c last restart ## conflicts  :  2 18222 
3.936 Found a solution at layer 12.
==>
128064 nop
128066 unstack b20 b26
128068 put-down b20
128075 unstack b26 b35
128077 put-down b26
128079 unstack b35 b18
128081 put-down b35
128083 unstack b18 b23
128085 put-down b18
128087 unstack b23 b7
128089 put-down b23
128091 unstack b7 b19
128093 put-down b7
128095 unstack b19 b2
128097 put-down b19
128099 unstack b2 b11
128101 put-down b2
128103 unstack b11 b30
128105 put-down b11
128107 unstack b30 b15
128109 put-down b30
128111 nop
128113 unstack b9 b34
128115 put-down b9
128117 unstack b34 b33
128119 put-down b34
128121 unstack b33 b12
128123 put-down b33
128125 unstack b12 b8
128127 put-down b12
128129 unstack b8 b25
128131 put-down b8
128133 unstack b25 b31
128135 put-down b25
128137 unstack b31 b36
128139 put-down b31
128141 nop
128143 pick-up b15
128145 stack b15 b36
128147 nop
128149 nop
128152 nop
128157 unstack b21 b1
128159 stack b21 b15
128161 nop
128163 unstack b10 b3
128165 put-down b10
128167 unstack b3 b32
128169 put-down b3
128171 unstack b32 b13
128173 put-down b32
128175 unstack b13 b38
128177 put-down b13
128179 unstack b38 b27
128181 put-down b38
128183 nop
128185 nop
128191 unstack b27 b5
128193 stack b27 b21
128195 nop
128201 nop
128223 nop
128229 pick-up b3
128231 stack b3 b27
128233 nop
128235 unstack b28 b17
128237 put-down b28
128239 unstack b17 b22
128241 put-down b17
128243 nop
128250 nop
128255 pick-up b22
128257 stack b22 b3
128259 nop
128281 nop
128291 nop
128297 pick-up b13
128299 stack b13 b22
128301 nop
128303 nop
128310 nop
128315 pick-up b37
128317 stack b37 b13
128319 nop
128321 unstack b16 b24
128323 put-down b16
128325 unstack b24 b29
128327 put-down b24
128329 unstack b29 b14
128331 put-down b29
128333 unstack b14 b4
128335 put-down b14
128337 unstack b4 b6
128339 put-down b4
128341 nop
128344 nop
128349 pick-up b6
128351 stack b6 b37
128353 nop
128355 nop
128362 nop
128367 pick-up b9
128369 stack b9 b6
128371 nop
128373 nop
128376 nop
128381 pick-up b11
128383 stack b11 b9
128385 nop
128411 nop
128413 nop
128419 pick-up b25
128421 stack b25 b11
128423 nop
128429 nop
128459 nop
128465 pick-up b17
128467 stack b17 b25
128469 nop
128503 nop
128509 nop
128515 pick-up b31
128517 stack b31 b17
128519 nop
128533 nop
128568 nop
128573 pick-up b14
128575 stack b14 b31
128577 nop
128579 nop
128585 nop
128591 pick-up b10
128593 stack b10 b14
128595 nop
128609 nop
128612 nop
128617 pick-up b18
128619 stack b18 b10
128621 nop
128655 nop
128670 nop
128675 unstack b1 b39
128677 stack b1 b18
128679 nop
128713 nop
128747 nop
128753 pick-up b32
128755 stack b32 b1
128757 nop
128791 nop
128825 nop
128831 pick-up b33
128833 stack b33 b32
128836 nop
129317 nop
129798 nop
130305 nop
130809 nop
131295 nop
131767 nop
132234 nop
132674 nop
133113 nop
133558 nop
133992 nop
134447 nop
134900 nop
135365 nop
135829 nop
136300 nop
136785 nop
137273 nop
137561 nop
137595 nop
137629 nop
137635 pick-up b4
137637 stack b4 b33
137639 nop
137673 nop
137708 nop
137713 pick-up b12
137715 stack b12 b4
137717 nop
137723 nop
137757 nop
137761 pick-up b26
137763 stack b26 b8
137765 nop
137779 nop
137786 nop
137791 pick-up b19
137793 stack b19 b26
137795 nop
137797 nop
137803 nop
137809 pick-up b30
137811 stack b30 b19
137813 nop
137819 nop
137822 nop
137827 pick-up b24
137829 stack b24 b30
137831 nop
137865 nop
137872 nop
137877 pick-up b5
137879 stack b5 b24
137881 nop
137883 nop
137889 nop
137895 pick-up b28
137897 stack b28 b5
137899 nop
137901 nop
137935 nop
137939 pick-up b16
137941 stack b16 b29
137943 nop
137981 nop
138011 nop
138015 pick-up b39
138017 stack b39 b35
138019 nop
138021 nop
138028 unstack b39 b35
138030 put-down b39
138033 pick-up b20
138035 stack b20 b39
138037 nop
138047 nop
138049 nop
138055 pick-up b2
138057 stack b2 b20
138059 nop
138077 nop
138088 nop
138093 pick-up b7
138095 stack b7 b2
138097 nop
138131 nop
138149 nop
138155 pick-up b34
138157 stack b34 b7
138159 nop
138181 nop
138216 nop
138221 pick-up b23
138223 stack b23 b34
root 71 73 76 80 85 91 98 106 110 120 124 136 149 163 178 194 198 216 235 128835 129316 129797 130304 130808 131294 131766 132233 132673 133112 133557 133991 134446 134899 135364 135828 136299 136784 137272 673 694 716 739 763 788 814 841 869 873 903 933 936 968 1001
71 do_put_on b15 b36 -> m1_do_put_on 1037 1138 128140 1322
73 do_put_on b21 b15 -> m1_do_put_on 128146 128148 128151 1335
76 do_put_on b27 b21 -> m1_do_put_on 1342 128182 128184 1446
80 do_put_on b3 b27 -> m1_do_put_on 128194 128200 128222 1566
85 do_put_on b22 b3 -> m1_do_put_on 1576 128242 128249 1598
91 do_put_on b13 b22 -> m1_do_put_on 128258 128280 128290 1723
98 do_put_on b37 b13 -> m1_do_put_on 128300 128302 128309 1739
106 do_put_on b6 b37 -> m1_do_put_on 1746 128340 128343 1856
110 do_put_on b9 b6 -> m1_do_put_on 128352 128354 128361 1872
120 do_put_on b11 b9 -> m1_do_put_on 128370 128372 128375 1889
124 do_put_on b25 b11 -> m1_do_put_on 128384 128410 128412 2014
136 do_put_on b17 b25 -> m1_do_put_on 128422 128428 128458 2146
149 do_put_on b31 b17 -> m1_do_put_on 128468 128502 128508 2281
163 do_put_on b14 b31 -> m1_do_put_on 128518 128532 128567 2424
178 do_put_on b10 b14 -> m1_do_put_on 128576 128578 128584 2444
194 do_put_on b18 b10 -> m1_do_put_on 128594 128608 128611 2475
198 do_put_on b1 b18 -> m1_do_put_on 128620 128654 128669 2619
216 do_put_on b32 b1 -> m1_do_put_on 128678 128712 128746 2873
235 do_put_on b33 b32 -> m1_do_put_on 128756 128790 128824 3128
673 do_put_on b4 b33 -> m1_do_put_on 137560 137594 137628 8388
694 do_put_on b12 b4 -> m1_do_put_on 137638 137672 137707 8647
716 do_put_on b26 b8 -> m1_do_put_on 137716 137722 137756 8792
739 do_put_on b19 b26 -> m1_do_put_on 137764 137778 137785 8936
763 do_put_on b30 b19 -> m1_do_put_on 137794 137796 137802 8956
788 do_put_on b24 b30 -> m1_do_put_on 137812 137818 137821 8979
814 do_put_on b5 b24 -> m1_do_put_on 137830 137864 137871 9125
841 do_put_on b28 b5 -> m1_do_put_on 137880 137882 137888 9143
869 do_put_on b16 b29 -> m1_do_put_on 137898 137900 137934 9286
873 do_put_on b39 b35 -> m1_do_put_on 137942 137980 138010 9557
903 do_put_on b20 b39 -> m1_do_put_on 138018 138020 9570 9572
933 do_put_on b2 b20 -> m1_do_put_on 138036 138046 138048 9716
936 do_put_on b7 b2 -> m1_do_put_on 138058 138076 138087 9991
968 do_put_on b34 b7 -> m1_do_put_on 138096 138130 138148 10268
1001 do_put_on b23 b34 -> m1_do_put_on 138158 138180 138215 10552
1037 do_clear b15 -> m7_do_clear 10567 128107 128109
1138 do_clear b36 -> m7_do_clear 10723 128137 128139
1322 do_move b15 b36 -> m4_do_move 128143 128145
1335 do_move b21 b15 -> m5_do_move 128157 128159
1342 do_clear b27 -> m7_do_clear 10874 128179 128181
1446 do_move b27 b21 -> m5_do_move 128191 128193
1566 do_move b3 b27 -> m4_do_move 128229 128231
1576 do_clear b22 -> m7_do_clear 11197 128239 128241
1598 do_move b22 b3 -> m4_do_move 128255 128257
1723 do_move b13 b22 -> m4_do_move 128297 128299
1739 do_move b37 b13 -> m4_do_move 128315 128317
1746 do_clear b6 -> m7_do_clear 11474 128337 128339
1856 do_move b6 b37 -> m4_do_move 128349 128351
1872 do_move b9 b6 -> m4_do_move 128367 128369
1889 do_move b11 b9 -> m4_do_move 128381 128383
2014 do_move b25 b11 -> m4_do_move 128419 128421
2146 do_move b17 b25 -> m4_do_move 128465 128467
2281 do_move b31 b17 -> m4_do_move 128515 128517
2424 do_move b14 b31 -> m4_do_move 128573 128575
2444 do_move b10 b14 -> m4_do_move 128591 128593
2475 do_move b18 b10 -> m4_do_move 128617 128619
2619 do_move b1 b18 -> m5_do_move 128675 128677
2873 do_move b32 b1 -> m4_do_move 128753 128755
3128 do_move b33 b32 -> m4_do_move 128831 128833
8388 do_move b4 b33 -> m4_do_move 137635 137637
8647 do_move b12 b4 -> m4_do_move 137713 137715
8792 do_move b26 b8 -> m4_do_move 137761 137763
8936 do_move b19 b26 -> m4_do_move 137791 137793
8956 do_move b30 b19 -> m4_do_move 137809 137811
8979 do_move b24 b30 -> m4_do_move 137827 137829
9125 do_move b5 b24 -> m4_do_move 137877 137879
9143 do_move b28 b5 -> m4_do_move 137895 137897
9286 do_move b16 b29 -> m4_do_move 137939 137941
9557 do_move b39 b35 -> m4_do_move 138015 138017
9570 do_on_table b39 -> m2_do_on_table 138028 138030
9572 do_move b20 b39 -> m4_do_move 138033 138035
9716 do_move b2 b20 -> m4_do_move 138055 138057
9991 do_move b7 b2 -> m4_do_move 138093 138095
10268 do_move b34 b7 -> m4_do_move 138155 138157
10552 do_move b23 b34 -> m4_do_move 138221 138223
10567 do_clear b30 -> m7_do_clear 24473 128103 128105
10723 do_clear b31 -> m7_do_clear 24587 128133 128135
10874 do_clear b38 -> m7_do_clear 24721 128175 128177
11197 do_clear b17 -> m7_do_clear 128232 128235 128237
11474 do_clear b4 -> m7_do_clear 24950 128333 128335
24473 do_clear b11 -> m7_do_clear 37339 128099 128101
24587 do_clear b25 -> m7_do_clear 37459 128129 128131
24721 do_clear b13 -> m7_do_clear 37599 128171 128173
24950 do_clear b14 -> m7_do_clear 37836 128329 128331
37339 do_clear b2 -> m7_do_clear 50918 128095 128097
37459 do_clear b8 -> m7_do_clear 51042 128125 128127
37599 do_clear b32 -> m7_do_clear 51108 128167 128169
37836 do_clear b29 -> m7_do_clear 51346 128325 128327
50918 do_clear b19 -> m7_do_clear 65071 128091 128093
51042 do_clear b12 -> m7_do_clear 65200 128121 128123
51108 do_clear b3 -> m7_do_clear 128160 128163 128165
51346 do_clear b24 -> m7_do_clear 128318 128321 128323
65071 do_clear b7 -> m7_do_clear 79817 128087 128089
65200 do_clear b33 -> m7_do_clear 79951 128117 128119
79817 do_clear b23 -> m7_do_clear 95366 128083 128085
79951 do_clear b34 -> m7_do_clear 128110 128113 128115
95366 do_clear b18 -> m7_do_clear 108095 128079 128081
108095 do_clear b35 -> m7_do_clear 118087 128075 128077
118087 do_clear b26 -> m7_do_clear 128063 128066 128068
128063 do_clear b20 -> m6_do_clear 128064
128110 do_clear b9 -> m6_do_clear 128111
128140 do_on_table b36 -> m3_do_on_table 128141
128146 do_clear b21 -> m6_do_clear 128147
128148 do_clear b15 -> m6_do_clear 128149
128151 do_on_table b15 -> m3_do_on_table 128152
128160 do_clear b10 -> m6_do_clear 128161
128182 do_clear b21 -> m6_do_clear 128183
128184 do_on_table b21 -> m3_do_on_table 128185
128194 do_clear b3 -> m6_do_clear 128195
128200 do_clear b27 -> m6_do_clear 128201
128222 do_on_table b27 -> m3_do_on_table 128223
128232 do_clear b28 -> m6_do_clear 128233
128242 do_clear b3 -> m6_do_clear 128243
128249 do_on_table b3 -> m3_do_on_table 128250
128258 do_clear b13 -> m6_do_clear 128259
128280 do_clear b22 -> m6_do_clear 128281
128290 do_on_table b22 -> m3_do_on_table 128291
128300 do_clear b37 -> m6_do_clear 128301
128302 do_clear b13 -> m6_do_clear 128303
128309 do_on_table b13 -> m3_do_on_table 128310
128318 do_clear b16 -> m6_do_clear 128319
128340 do_clear b37 -> m6_do_clear 128341
128343 do_on_table b37 -> m3_do_on_table 128344
128352 do_clear b9 -> m6_do_clear 128353
128354 do_clear b6 -> m6_do_clear 128355
128361 do_on_table b6 -> m3_do_on_table 128362
128370 do_clear b11 -> m6_do_clear 128371
128372 do_clear b9 -> m6_do_clear 128373
128375 do_on_table b9 -> m3_do_on_table 128376
128384 do_clear b25 -> m6_do_clear 128385
128410 do_clear b11 -> m6_do_clear 128411
128412 do_on_table b11 -> m3_do_on_table 128413
128422 do_clear b17 -> m6_do_clear 128423
128428 do_clear b25 -> m6_do_clear 128429
128458 do_on_table b25 -> m3_do_on_table 128459
128468 do_clear b31 -> m6_do_clear 128469
128502 do_clear b17 -> m6_do_clear 128503
128508 do_on_table b17 -> m3_do_on_table 128509
128518 do_clear b14 -> m6_do_clear 128519
128532 do_clear b31 -> m6_do_clear 128533
128567 do_on_table b31 -> m3_do_on_table 128568
128576 do_clear b10 -> m6_do_clear 128577
128578 do_clear b14 -> m6_do_clear 128579
128584 do_on_table b14 -> m3_do_on_table 128585
128594 do_clear b18 -> m6_do_clear 128595
128608 do_clear b10 -> m6_do_clear 128609
128611 do_on_table b10 -> m3_do_on_table 128612
128620 do_clear b1 -> m6_do_clear 128621
128654 do_clear b18 -> m6_do_clear 128655
128669 do_on_table b18 -> m3_do_on_table 128670
128678 do_clear b32 -> m6_do_clear 128679
128712 do_clear b1 -> m6_do_clear 128713
128746 do_on_table b1 -> m3_do_on_table 128747
128756 do_clear b33 -> m6_do_clear 128757
128790 do_clear b32 -> m6_do_clear 128791
128824 do_on_table b32 -> m3_do_on_table 128825
128835 do_put_on b15 b36 -> m0_do_put_on 128836
129316 do_put_on b21 b15 -> m0_do_put_on 129317
129797 do_put_on b27 b21 -> m0_do_put_on 129798
130304 do_put_on b3 b27 -> m0_do_put_on 130305
130808 do_put_on b22 b3 -> m0_do_put_on 130809
131294 do_put_on b13 b22 -> m0_do_put_on 131295
131766 do_put_on b37 b13 -> m0_do_put_on 131767
132233 do_put_on b6 b37 -> m0_do_put_on 132234
132673 do_put_on b9 b6 -> m0_do_put_on 132674
133112 do_put_on b11 b9 -> m0_do_put_on 133113
133557 do_put_on b25 b11 -> m0_do_put_on 133558
133991 do_put_on b17 b25 -> m0_do_put_on 133992
134446 do_put_on b31 b17 -> m0_do_put_on 134447
134899 do_put_on b14 b31 -> m0_do_put_on 134900
135364 do_put_on b10 b14 -> m0_do_put_on 135365
135828 do_put_on b18 b10 -> m0_do_put_on 135829
136299 do_put_on b1 b18 -> m0_do_put_on 136300
136784 do_put_on b32 b1 -> m0_do_put_on 136785
137272 do_put_on b33 b32 -> m0_do_put_on 137273
137560 do_clear b4 -> m6_do_clear 137561
137594 do_clear b33 -> m6_do_clear 137595
137628 do_on_table b33 -> m3_do_on_table 137629
137638 do_clear b12 -> m6_do_clear 137639
137672 do_clear b4 -> m6_do_clear 137673
137707 do_on_table b4 -> m3_do_on_table 137708
137716 do_clear b26 -> m6_do_clear 137717
137722 do_clear b8 -> m6_do_clear 137723
137756 do_on_table b8 -> m3_do_on_table 137757
137764 do_clear b19 -> m6_do_clear 137765
137778 do_clear b26 -> m6_do_clear 137779
137785 do_on_table b26 -> m3_do_on_table 137786
137794 do_clear b30 -> m6_do_clear 137795
137796 do_clear b19 -> m6_do_clear 137797
137802 do_on_table b19 -> m3_do_on_table 137803
137812 do_clear b24 -> m6_do_clear 137813
137818 do_clear b30 -> m6_do_clear 137819
137821 do_on_table b30 -> m3_do_on_table 137822
137830 do_clear b5 -> m6_do_clear 137831
137864 do_clear b24 -> m6_do_clear 137865
137871 do_on_table b24 -> m3_do_on_table 137872
137880 do_clear b28 -> m6_do_clear 137881
137882 do_clear b5 -> m6_do_clear 137883
137888 do_on_table b5 -> m3_do_on_table 137889
137898 do_clear b16 -> m6_do_clear 137899
137900 do_clear b29 -> m6_do_clear 137901
137934 do_on_table b29 -> m3_do_on_table 137935
137942 do_clear b39 -> m6_do_clear 137943
137980 do_clear b35 -> m6_do_clear 137981
138010 do_on_table b35 -> m3_do_on_table 138011
138018 do_clear b20 -> m6_do_clear 138019
138020 do_clear b39 -> m6_do_clear 138021
138036 do_clear b2 -> m6_do_clear 138037
138046 do_clear b20 -> m6_do_clear 138047
138048 do_on_table b20 -> m3_do_on_table 138049
138058 do_clear b7 -> m6_do_clear 138059
138076 do_clear b2 -> m6_do_clear 138077
138087 do_on_table b2 -> m3_do_on_table 138088
138096 do_clear b34 -> m6_do_clear 138097
138130 do_clear b7 -> m6_do_clear 138131
138148 do_on_table b7 -> m3_do_on_table 138149
138158 do_clear b23 -> m6_do_clear 138159
138180 do_clear b34 -> m6_do_clear 138181
138215 do_on_table b34 -> m3_do_on_table 138216
<==
4.017 End of solution plan. (counted length of 248)
4.017 Total amount of clauses encoded: 511689
4.017 - directframeaxioms : 347864 cls
4.017 - qfactsemantics : 32180 cls
4.017 - expansions : 26482 cls
4.017 - atmostoneelement : 22781 cls
4.017 - predecessors : 22010 cls
4.017 - indirectframeaxioms : 19410 cls
4.017 - reductionconstraints : 14658 cls
4.017 - actionconstraints : 7302 cls
4.017 - actioneffects : 6209 cls
4.017 - substitutionconstraints : 5833 cls
4.017 - qconstequality : 4401 cls
4.017 - forbiddenoperations : 2375 cls
4.017 - truefacts : 182 cls
4.017 - axiomaticops : 2 cls
4.017 # instantiated positions: 11062
4.017 # instantiated actions: 21724
4.017 # instantiated reductions: 852
4.017 # introduced pseudo-constants: 559
4.017 # retroactive prunings: 125
4.017 # retroactively pruned operations: 2835
4.017 # dominated operations: 21
4.017 # total invalid rigid preconditions found in getPFC: 0
4.017 # invalid rigid preconditions found in getPFC: 0
4.017 # invalid rigid preconditions found in getPFC in varrestrictions: 0
4.017 # total invalid fluent preconditions found in getPFC: 103
4.017 # invalid fluent preconditions found in getPFC: 34
4.017 # invalid fluent preconditions found in getPFC in varrestrictions: 63
4.017 # invalid fluent preconditions found in getPFC via postconditions: 6
4.017 # invalid subtasks found in getPFC: 3
4.017 # number effects in operation fact_frames: 754
4.017 Exiting happily.

RUNWATCH_RESULT EXIT RETVAL 0 TIME_SECS 4.08789 MEMPEAK_KBS 703668
