    _           _         _
   \ |         \ |       | |                       
   | |     __  | |      _| |______                
   | |     \/  | |     /_   ______\                
   | |      _  | |   __  | |  ___   ___   ___       
   | |___  | | | |  / .\ | | / , | |   \ / ·_\    
   \_____\ |_| |__\ \__/ |_| \___) |_|_| \___\  
[39mL i l o t a n e  version rls-cadical
by Dominik Schreiber <dominik.schreiber@kit.edu> 2020-2021
using SAT solver cadical

0.005 Parser finished.
0.005 Structures extracted.
0.006 19 operators and 11 methods created.
0.007 Mined 6 new reduction preconditions (+33.3%).
0.007 Iteration 0.
0.007 Creating initial layer of size 2
0.017 Attempting to solve formula with 47 clauses (69 literals) and 1 assumptions
0.017 Unsolvable at layer 0 -- expanding.
0.017 Iteration 1.
0.017 New layer size: 36
0.017 Instantiating ...
0.033 Collected 24 relevant facts at this layer
0.033 Encoding ...
0.035 Attempting to solve formula with 551 clauses (1244 literals) and 35 assumptions
0.035 Unsolvable at layer 1 -- expanding.
0.035 Iteration 2.
0.035 New layer size: 141
0.035 Instantiating ...
0.070 Collected 102 relevant facts at this layer
0.070 Encoding ...
0.089 Attempting to solve formula with 17164 clauses (43774 literals) and 133 assumptions
0.089 Unsolvable at layer 2 -- expanding.
0.089 Iteration 3.
0.090 New layer size: 339
0.090 Instantiating ...
0.091 Retroactively prune action (__SURROGATE*m6_do_clear*nop* b12)@(2,1): no children at offset 0
0.137 Collected 138 relevant facts at this layer
0.137 Encoding ...
0.187 Attempting to solve formula with 57604 clauses (139571 literals) and 63 assumptions
0.187 Unsolvable at layer 3 -- expanding.
0.187 Iteration 4.
0.187 New layer size: 465
0.187 Instantiating ...
0.241 Collected 138 relevant facts at this layer
0.241 Encoding ...
0.303 Attempting to solve formula with 96163 clauses (231863 literals) and 61 assumptions
0.303 Unsolvable at layer 4 -- expanding.
0.303 Iteration 5.
0.303 New layer size: 587
0.303 Instantiating ...
0.365 Collected 138 relevant facts at this layer
0.365 Encoding ...
0.436 Attempting to solve formula with 137426 clauses (332430 literals) and 61 assumptions
0.436 Unsolvable at layer 5 -- expanding.
0.436 Iteration 6.
0.437 New layer size: 709
0.437 Instantiating ...
0.512 Collected 138 relevant facts at this layer
0.512 Encoding ...
0.606 Attempting to solve formula with 182245 clauses (443269 literals) and 61 assumptions
0.606 Unsolvable at layer 6 -- expanding.
0.606 Iteration 7.
0.607 New layer size: 831
0.607 Instantiating ...
0.698 Collected 138 relevant facts at this layer
0.698 Encoding ...
0.795 Attempting to solve formula with 231222 clauses (566025 literals) and 61 assumptions
0.795 Unsolvable at layer 7 -- expanding.
0.795 Iteration 8.
0.796 New layer size: 953
0.796 Instantiating ...
0.904 Collected 138 relevant facts at this layer
0.904 Encoding ...
1.017 Attempting to solve formula with 285075 clauses (702752 literals) and 61 assumptions
1.017 Unsolvable at layer 8 -- expanding.
1.017 Iteration 9.
1.018 New layer size: 1075
1.018 Instantiating ...
1.140 Collected 138 relevant facts at this layer
1.140 Encoding ...
1.273 Attempting to solve formula with 344530 clauses (855368 literals) and 60 assumptions
1.273 Unsolvable at layer 9 -- expanding.
1.273 Iteration 10.
1.274 New layer size: 1195
1.274 Instantiating ...
1.418 Collected 138 relevant facts at this layer
1.418 Encoding ...
1.586 Attempting to solve formula with 410552 clauses (1026978 literals) and 60 assumptions
1.586 Unsolvable at layer 10 -- expanding.
1.586 Iteration 11.
1.587 New layer size: 1315
1.587 Instantiating ...
1.753 Collected 138 relevant facts at this layer
1.753 Encoding ...
1.923 Attempting to solve formula with 483367 clauses (1218466 literals) and 60 assumptions
1.923 Unsolvable at layer 11 -- expanding.
1.923 Iteration 12.
1.924 New layer size: 1435
1.924 Instantiating ...
2.121 Collected 138 relevant facts at this layer
2.121 Encoding ...
2.312 Attempting to solve formula with 562405 clauses (1427908 literals) and 59 assumptions
2.312 Unsolvable at layer 12 -- expanding.
2.312 Iteration 13.
2.313 New layer size: 1553
2.313 Instantiating ...
2.523 Collected 138 relevant facts at this layer
2.523 Encoding ...
2.738 Attempting to solve formula with 647260 clauses (1654307 literals) and 59 assumptions
2.738 Unsolvable at layer 13 -- expanding.
2.738 Iteration 14.
2.740 New layer size: 1671
2.740 Instantiating ...
2.742 Retroactively prune action (__REPEATED_pick-up b15)@(13,28): no children at offset 0
2.743 Retroactively prune action (__REPEATED_pick-up b23)@(13,36): no children at offset 0
2.744 Retroactively prune action (__REPEATED___SURROGATE*m6_do_clear*nop* b16)@(13,38): no children at offset 0
2.744 Retroactively prune action (__REPEATED___SURROGATE*m6_do_clear*nop* b17)@(13,38): no children at offset 0
2.744 Retroactively prune action (__REPEATED___SURROGATE*m6_do_clear*nop* b19)@(13,38): no children at offset 0
2.744 Retroactively prune action (__REPEATED___SURROGATE*m6_do_clear*nop* b8)@(13,38): no children at offset 0
2.744 Retroactively prune action (__REPEATED___SURROGATE*m6_do_clear*nop* b7)@(13,38): no children at offset 0
2.749 Retroactively prune action (__REPEATED_pick-up b16)@(13,56): no children at offset 0
2.980 Collected 138 relevant facts at this layer
2.980 Encoding ...
3.224 Attempting to solve formula with 737201 clauses (1895233 literals) and 58 assumptions
3.459 Found a solution at layer 14.
==>
159431 nop
159433 unstack b6 b15
159435 put-down b6
159437 nop
159439 unstack b21 b27
159441 put-down b21
159448 unstack b27 b22
159450 put-down b27
159452 unstack b22 b9
159454 put-down b22
159456 unstack b9 b14
159458 put-down b9
159460 unstack b14 b11
159462 put-down b14
159464 unstack b11 b28
159466 put-down b11
159468 unstack b28 b26
159470 put-down b28
159472 unstack b26 b24
159474 put-down b26
159476 unstack b24 b10
159478 put-down b24
159480 unstack b10 b25
159482 put-down b10
159484 unstack b25 b18
159486 put-down b25
159488 unstack b18 b12
159490 put-down b18
159493 nop
159498 unstack b15 b13
159500 stack b15 b12
159502 nop
159505 nop
159513 nop
159519 unstack b23 b20
159521 stack b23 b15
159523 nop
159539 unstack b13 b17
159541 put-down b13
159543 unstack b17 b19
159545 put-down b17
159547 unstack b19 b8
159549 put-down b19
159551 unstack b8 b7
159553 put-down b8
159555 unstack b7 b16
159557 put-down b7
159559 nop
159562 unstack b23 b15
159564 put-down b23
159567 unstack b16 b31
159569 stack b16 b23
159572 nop
159587 nop
159792 nop
159799 pick-up b22
159801 stack b22 b16
159813 nop
159876 nop
159892 nop
159898 pick-up b25
159900 stack b25 b22
159902 nop
159915 nop
160114 nop
160121 pick-up b21
160123 stack b21 b25
160130 nop
160356 nop
160359 nop
160364 pick-up b17
160367 stack b17 b21
160380 nop
160614 nop
160843 nop
160850 unstack b31 b29
160852 stack b31 b17
160854 nop
161107 nop
161363 nop
161370 unstack b20 b30
161372 stack b20 b31
161382 nop
161638 nop
161888 nop
161894 pick-up b7
161897 stack b7 b20
161907 nop
162163 unstack b15 b12
162167 put-down b15
162170 unstack b12 b3
162173 put-down b12
162183 nop
162439 nop
162445 unstack b3 b4
162447 stack b3 b7
162457 nop
162716 nop
163004 nop
163011 pick-up b28
163013 stack b28 b3
163016 nop
163316 nop
163611 nop
163617 pick-up b15
163621 stack b15 b12
163636 nop
163862 unstack b28 b3
163866 put-down b28
163868 unstack b3 b7
163872 put-down b3
163875 unstack b7 b20
163878 put-down b7
163881 unstack b20 b31
163883 put-down b20
163887 unstack b31 b17
163890 put-down b31
163892 unstack b17 b21
163895 put-down b17
163898 unstack b21 b25
163902 put-down b21
163905 unstack b25 b22
163907 put-down b25
163911 unstack b22 b16
163914 put-down b22
163917 unstack b16 b23
163919 put-down b16
163928 nop
164216 nop
164222 pick-up b23
164225 stack b23 b15
164239 nop
164531 nop
164827 nop
164835 pick-up b16
164839 stack b16 b23
164841 nop
165139 nop
165433 nop
165439 pick-up b22
165443 stack b22 b16
165445 nop
165741 nop
166027 nop
166035 pick-up b25
166038 stack b25 b22
166049 nop
166354 nop
166642 nop
166651 pick-up b21
166654 stack b21 b25
166663 nop
166973 nop
167273 nop
167279 pick-up b17
167284 stack b17 b21
167293 nop
167606 nop
167918 nop
167925 pick-up b31
167930 stack b31 b17
167938 nop
168263 nop
168575 nop
168582 pick-up b20
168586 stack b20 b31
168589 nop
168904 nop
169222 nop
169231 pick-up b7
169233 stack b7 b20
169237 nop
169539 nop
169846 nop
169853 pick-up b3
169856 stack b3 b7
169868 nop
170131 nop
170424 nop
170433 pick-up b28
170435 stack b28 b3
170449 nop
170734 nop
170997 nop
171002 pick-up b27
171005 stack b27 b28
171017 nop
171335 nop
171625 nop
171632 unstack b29 b5
171634 stack b29 b27
171642 nop
171988 nop
172319 nop
172325 unstack b4 b1
172328 stack b4 b29
172336 nop
172674 nop
173017 nop
173023 pick-up b18
173025 stack b18 b10
173027 nop
173362 nop
173706 nop
173713 pick-up b8
173715 stack b8 b18
173720 nop
174079 nop
174407 nop
174413 pick-up b14
174416 stack b14 b8
174420 nop
174770 nop
175118 nop
175123 pick-up b11
175126 stack b11 b13
175128 nop
175483 nop
175833 nop
175840 pick-up b24
175842 stack b24 b11
175844 nop
176209 nop
176558 nop
176563 pick-up b19
176566 stack b19 b24
176576 nop
176928 nop
176930 nop
176933 pick-up b26
176935 stack b26 b2
176937 nop
177300 nop
177660 nop
177662 pick-up b30
177664 stack b30 b5
root 49 53 57 62 68 75 83 92 102 113 125 138 153 169 185 201 217 233 249 265 281 297 313 329 344 359 375 392 410 429 449 470 492 515 539
49 do_put_on b15 b12 -> m1_do_put_on 568 649 159492 812
53 do_put_on b23 b15 -> m1_do_put_on 159501 159504 159512 964
57 do_put_on b16 b23 -> m1_do_put_on 1000 159558 1116 1119
62 do_put_on b22 b16 -> m1_do_put_on 159571 159586 159791 1357
68 do_put_on b25 b22 -> m1_do_put_on 159812 159875 159891 1595
75 do_put_on b21 b25 -> m1_do_put_on 159901 159914 160113 1752
83 do_put_on b17 b21 -> m1_do_put_on 160129 160355 160358 1909
92 do_put_on b31 b17 -> m1_do_put_on 160379 160613 160842 2155
102 do_put_on b20 b31 -> m1_do_put_on 160853 161106 161362 2403
113 do_put_on b7 b20 -> m1_do_put_on 161381 161637 161887 2654
125 do_put_on b3 b7 -> m1_do_put_on 2689 162182 162438 2906
138 do_put_on b28 b3 -> m1_do_put_on 162456 162715 163003 3159
153 do_put_on b15 b12 -> m1_do_put_on 163015 163315 163610 3426
169 do_put_on b23 b15 -> m1_do_put_on 3461 163927 164215 3688
185 do_put_on b16 b23 -> m1_do_put_on 164238 164530 164826 3950
201 do_put_on b22 b16 -> m1_do_put_on 164840 165138 165432 4217
217 do_put_on b25 b22 -> m1_do_put_on 165444 165740 166026 4481
233 do_put_on b21 b25 -> m1_do_put_on 166048 166353 166641 4744
249 do_put_on b17 b21 -> m1_do_put_on 166662 166972 167272 5006
265 do_put_on b31 b17 -> m1_do_put_on 167292 167605 167917 5273
281 do_put_on b20 b31 -> m1_do_put_on 167937 168262 168574 5539
297 do_put_on b7 b20 -> m1_do_put_on 168588 168903 169221 5805
313 do_put_on b3 b7 -> m1_do_put_on 169236 169538 169845 6070
329 do_put_on b28 b3 -> m1_do_put_on 169867 170130 170423 6333
344 do_put_on b27 b28 -> m1_do_put_on 170448 170733 170996 6589
359 do_put_on b29 b27 -> m1_do_put_on 171016 171334 171624 6848
375 do_put_on b4 b29 -> m1_do_put_on 171641 171987 172318 7107
392 do_put_on b18 b10 -> m1_do_put_on 172335 172673 173016 7369
410 do_put_on b8 b18 -> m1_do_put_on 173026 173361 173705 7631
429 do_put_on b14 b8 -> m1_do_put_on 173719 174078 174406 7897
449 do_put_on b11 b13 -> m1_do_put_on 174419 174769 175117 8166
470 do_put_on b24 b11 -> m1_do_put_on 175127 175482 175832 8434
492 do_put_on b19 b24 -> m1_do_put_on 175843 176208 176557 8706
515 do_put_on b26 b2 -> m1_do_put_on 176575 176927 176929 8878
539 do_put_on b30 b5 -> m1_do_put_on 176936 177299 177659 9121
568 do_clear b15 -> m7_do_clear 159430 159433 159435
649 do_clear b12 -> m7_do_clear 9174 159488 159490
812 do_move b15 b12 -> m5_do_move 159498 159500
964 do_move b23 b15 -> m5_do_move 159519 159521
1000 do_clear b16 -> m7_do_clear 9378 159555 159557
1116 do_on_table b23 -> m2_do_on_table 159562 159564
1119 do_move b16 b23 -> m5_do_move 159567 159569
1357 do_move b22 b16 -> m4_do_move 159799 159801
1595 do_move b25 b22 -> m4_do_move 159898 159900
1752 do_move b21 b25 -> m4_do_move 160121 160123
1909 do_move b17 b21 -> m4_do_move 160364 160367
2155 do_move b31 b17 -> m5_do_move 160850 160852
2403 do_move b20 b31 -> m5_do_move 161370 161372
2654 do_move b7 b20 -> m4_do_move 161894 161897
2689 do_clear b3 -> m7_do_clear 11403 162170 162173
2906 do_move b3 b7 -> m5_do_move 162445 162447
3159 do_move b28 b3 -> m4_do_move 163011 163013
3426 do_move b15 b12 -> m4_do_move 163617 163621
3461 do_clear b23 -> m7_do_clear 12387 163917 163919
3688 do_move b23 b15 -> m4_do_move 164222 164225
3950 do_move b16 b23 -> m4_do_move 164835 164839
4217 do_move b22 b16 -> m4_do_move 165439 165443
4481 do_move b25 b22 -> m4_do_move 166035 166038
4744 do_move b21 b25 -> m4_do_move 166651 166654
5006 do_move b17 b21 -> m4_do_move 167279 167284
5273 do_move b31 b17 -> m4_do_move 167925 167930
5539 do_move b20 b31 -> m4_do_move 168582 168586
5805 do_move b7 b20 -> m4_do_move 169231 169233
6070 do_move b3 b7 -> m4_do_move 169853 169856
6333 do_move b28 b3 -> m4_do_move 170433 170435
6589 do_move b27 b28 -> m4_do_move 171002 171005
6848 do_move b29 b27 -> m5_do_move 171632 171634
7107 do_move b4 b29 -> m5_do_move 172325 172328
7369 do_move b18 b10 -> m4_do_move 173023 173025
7631 do_move b8 b18 -> m4_do_move 173713 173715
7897 do_move b14 b8 -> m4_do_move 174413 174416
8166 do_move b11 b13 -> m4_do_move 175123 175126
8434 do_move b24 b11 -> m4_do_move 175840 175842
8706 do_move b19 b24 -> m4_do_move 176563 176566
8878 do_move b26 b2 -> m4_do_move 176933 176935
9121 do_move b30 b5 -> m4_do_move 177662 177664
9174 do_clear b18 -> m7_do_clear 19695 159484 159486
9378 do_clear b7 -> m7_do_clear 19860 159551 159553
11403 do_clear b12 -> m7_do_clear 161906 162163 162167
12387 do_clear b16 -> m7_do_clear 22585 163911 163914
19695 do_clear b25 -> m7_do_clear 29962 159480 159482
19860 do_clear b8 -> m7_do_clear 30132 159547 159549
22585 do_clear b22 -> m7_do_clear 33054 163905 163907
29962 do_clear b10 -> m7_do_clear 41039 159476 159478
30132 do_clear b19 -> m7_do_clear 41214 159543 159545
33054 do_clear b25 -> m7_do_clear 44303 163898 163902
41039 do_clear b24 -> m7_do_clear 52908 159472 159474
41214 do_clear b17 -> m7_do_clear 159522 159539 159541
44303 do_clear b21 -> m7_do_clear 56369 163892 163895
52908 do_clear b26 -> m7_do_clear 65610 159468 159470
56369 do_clear b17 -> m7_do_clear 69254 163887 163890
65610 do_clear b28 -> m7_do_clear 79161 159464 159466
69254 do_clear b31 -> m7_do_clear 82863 163881 163883
79161 do_clear b11 -> m7_do_clear 93489 159460 159462
82863 do_clear b20 -> m7_do_clear 97322 163875 163878
93489 do_clear b14 -> m7_do_clear 108736 159456 159458
97322 do_clear b7 -> m7_do_clear 112723 163868 163872
108736 do_clear b9 -> m7_do_clear 124881 159452 159454
112723 do_clear b3 -> m7_do_clear 163635 163862 163866
124881 do_clear b22 -> m7_do_clear 141764 159448 159450
141764 do_clear b27 -> m7_do_clear 159436 159439 159441
159430 do_clear b6 -> m6_do_clear 159431
159436 do_clear b21 -> m6_do_clear 159437
159492 do_on_table b12 -> m3_do_on_table 159493
159501 do_clear b23 -> m6_do_clear 159502
159504 do_clear b15 -> m6_do_clear 159505
159512 do_on_table b15 -> m3_do_on_table 159513
159522 do_clear b13 -> m6_do_clear 159523
159558 do_clear b23 -> m6_do_clear 159559
159571 do_clear b22 -> m6_do_clear 159572
159586 do_clear b16 -> m6_do_clear 159587
159791 do_on_table b16 -> m3_do_on_table 159792
159812 do_clear b25 -> m6_do_clear 159813
159875 do_clear b22 -> m6_do_clear 159876
159891 do_on_table b22 -> m3_do_on_table 159892
159901 do_clear b21 -> m6_do_clear 159902
159914 do_clear b25 -> m6_do_clear 159915
160113 do_on_table b25 -> m3_do_on_table 160114
160129 do_clear b17 -> m6_do_clear 160130
160355 do_clear b21 -> m6_do_clear 160356
160358 do_on_table b21 -> m3_do_on_table 160359
160379 do_clear b31 -> m6_do_clear 160380
160613 do_clear b17 -> m6_do_clear 160614
160842 do_on_table b17 -> m3_do_on_table 160843
160853 do_clear b20 -> m6_do_clear 160854
161106 do_clear b31 -> m6_do_clear 161107
161362 do_on_table b31 -> m3_do_on_table 161363
161381 do_clear b7 -> m6_do_clear 161382
161637 do_clear b20 -> m6_do_clear 161638
161887 do_on_table b20 -> m3_do_on_table 161888
161906 do_clear b15 -> m6_do_clear 161907
162182 do_clear b7 -> m6_do_clear 162183
162438 do_on_table b7 -> m3_do_on_table 162439
162456 do_clear b28 -> m6_do_clear 162457
162715 do_clear b3 -> m6_do_clear 162716
163003 do_on_table b3 -> m3_do_on_table 163004
163015 do_clear b15 -> m6_do_clear 163016
163315 do_clear b12 -> m6_do_clear 163316
163610 do_on_table b12 -> m3_do_on_table 163611
163635 do_clear b28 -> m6_do_clear 163636
163927 do_clear b15 -> m6_do_clear 163928
164215 do_on_table b15 -> m3_do_on_table 164216
164238 do_clear b16 -> m6_do_clear 164239
164530 do_clear b23 -> m6_do_clear 164531
164826 do_on_table b23 -> m3_do_on_table 164827
164840 do_clear b22 -> m6_do_clear 164841
165138 do_clear b16 -> m6_do_clear 165139
165432 do_on_table b16 -> m3_do_on_table 165433
165444 do_clear b25 -> m6_do_clear 165445
165740 do_clear b22 -> m6_do_clear 165741
166026 do_on_table b22 -> m3_do_on_table 166027
166048 do_clear b21 -> m6_do_clear 166049
166353 do_clear b25 -> m6_do_clear 166354
166641 do_on_table b25 -> m3_do_on_table 166642
166662 do_clear b17 -> m6_do_clear 166663
166972 do_clear b21 -> m6_do_clear 166973
167272 do_on_table b21 -> m3_do_on_table 167273
167292 do_clear b31 -> m6_do_clear 167293
167605 do_clear b17 -> m6_do_clear 167606
167917 do_on_table b17 -> m3_do_on_table 167918
167937 do_clear b20 -> m6_do_clear 167938
168262 do_clear b31 -> m6_do_clear 168263
168574 do_on_table b31 -> m3_do_on_table 168575
168588 do_clear b7 -> m6_do_clear 168589
168903 do_clear b20 -> m6_do_clear 168904
169221 do_on_table b20 -> m3_do_on_table 169222
169236 do_clear b3 -> m6_do_clear 169237
169538 do_clear b7 -> m6_do_clear 169539
169845 do_on_table b7 -> m3_do_on_table 169846
169867 do_clear b28 -> m6_do_clear 169868
170130 do_clear b3 -> m6_do_clear 170131
170423 do_on_table b3 -> m3_do_on_table 170424
170448 do_clear b27 -> m6_do_clear 170449
170733 do_clear b28 -> m6_do_clear 170734
170996 do_on_table b28 -> m3_do_on_table 170997
171016 do_clear b29 -> m6_do_clear 171017
171334 do_clear b27 -> m6_do_clear 171335
171624 do_on_table b27 -> m3_do_on_table 171625
171641 do_clear b4 -> m6_do_clear 171642
171987 do_clear b29 -> m6_do_clear 171988
172318 do_on_table b29 -> m3_do_on_table 172319
172335 do_clear b18 -> m6_do_clear 172336
172673 do_clear b10 -> m6_do_clear 172674
173016 do_on_table b10 -> m3_do_on_table 173017
173026 do_clear b8 -> m6_do_clear 173027
173361 do_clear b18 -> m6_do_clear 173362
173705 do_on_table b18 -> m3_do_on_table 173706
173719 do_clear b14 -> m6_do_clear 173720
174078 do_clear b8 -> m6_do_clear 174079
174406 do_on_table b8 -> m3_do_on_table 174407
174419 do_clear b11 -> m6_do_clear 174420
174769 do_clear b13 -> m6_do_clear 174770
175117 do_on_table b13 -> m3_do_on_table 175118
175127 do_clear b24 -> m6_do_clear 175128
175482 do_clear b11 -> m6_do_clear 175483
175832 do_on_table b11 -> m3_do_on_table 175833
175843 do_clear b19 -> m6_do_clear 175844
176208 do_clear b24 -> m6_do_clear 176209
176557 do_on_table b24 -> m3_do_on_table 176558
176575 do_clear b26 -> m6_do_clear 176576
176927 do_clear b2 -> m6_do_clear 176928
176929 do_on_table b2 -> m3_do_on_table 176930
176936 do_clear b30 -> m6_do_clear 176937
177299 do_clear b5 -> m6_do_clear 177300
177659 do_on_table b5 -> m3_do_on_table 177660
<==
3.550 End of solution plan. (counted length of 236)
3.550 Total amount of clauses encoded: 737201
3.550 - directframeaxioms : 425376 cls
3.550 - qfactsemantics : 70755 cls
3.550 - reductionconstraints : 51669 cls
3.550 - indirectframeaxioms : 45723 cls
3.550 - atmostoneelement : 38426 cls
3.550 - expansions : 36388 cls
3.550 - predecessors : 29035 cls
3.550 - substitutionconstraints : 12799 cls
3.550 - actionconstraints : 9787 cls
3.550 - qconstequality : 9565 cls
3.550 - actioneffects : 7361 cls
3.550 - forbiddenoperations : 177 cls
3.550 - truefacts : 138 cls
3.550 - axiomaticops : 2 cls
3.550 # instantiated positions: 12306
3.550 # instantiated actions: 28109
3.550 # instantiated reductions: 927
3.550 # introduced pseudo-constants: 701
3.550 # retroactive prunings: 9
3.550 # retroactively pruned operations: 177
3.550 # dominated operations: 63
3.550 Exiting happily (no cleaning up).

RUNWATCH_RESULT EXIT RETVAL 0 TIME_SECS 3.59375 MEMPEAK_KBS 399848
