    _           _         _
   \ |         \ |       | |                       
   | |     __  | |      _| |______                
   | |     \/  | |     /_   ______\                
   | |      _  | |   __  | |  ___   ___   ___       
   | |___  | | | |  / .\ | | / , | |   \ / ·_\    
   \_____\ |_| |__\ \__/ |_| \___) |_|_| \___\  
[39mL i l o t a n e  version rls-cadical
by Dominik Schreiber <dominik.schreiber@kit.edu> 2020-2021
using SAT solver cadical

0.006 Parser finished.
0.006 Structures extracted.
0.006 19 operators and 11 methods created.
0.007 Mined 6 new reduction preconditions (+33.3%).
0.007 Iteration 0.
0.007 Creating initial layer of size 2
0.020 Attempting to solve formula with 67 clauses (99 literals) and 1 assumptions
0.020 Unsolvable at layer 0 -- expanding.
0.020 Iteration 1.
0.020 New layer size: 34
0.020 Instantiating ...
0.042 Collected 33 relevant facts at this layer
0.042 Encoding ...
0.044 Attempting to solve formula with 202 clauses (335 literals) and 33 assumptions
0.044 Unsolvable at layer 1 -- expanding.
0.044 Iteration 2.
0.044 New layer size: 133
0.044 Instantiating ...
0.080 Collected 136 relevant facts at this layer
0.080 Encoding ...
0.100 Attempting to solve formula with 16929 clauses (43541 literals) and 119 assumptions
0.100 Unsolvable at layer 2 -- expanding.
0.100 Iteration 3.
0.100 New layer size: 307
0.100 Instantiating ...
0.143 Collected 172 relevant facts at this layer
0.143 Encoding ...
0.189 Attempting to solve formula with 56521 clauses (135449 literals) and 49 assumptions
0.189 Unsolvable at layer 3 -- expanding.
0.189 Iteration 4.
0.189 New layer size: 405
0.189 Instantiating ...
0.237 Collected 172 relevant facts at this layer
0.237 Encoding ...
0.295 Attempting to solve formula with 91040 clauses (216950 literals) and 47 assumptions
0.295 Unsolvable at layer 4 -- expanding.
0.295 Iteration 5.
0.295 New layer size: 499
0.295 Instantiating ...
0.297 Retroactively prune action (__REPEATED___SURROGATE*m6_do_clear*nop* b30)@(4,5): no children at offset 0
0.297 Retroactively prune action (__REPEATED_pick-up b1)@(4,9): no children at offset 0
0.297 Retroactively prune action (__REPEATED___SURROGATE*m6_do_clear*nop* b21)@(4,11): no children at offset 0
0.297 Retroactively prune action (__REPEATED___SURROGATE*m6_do_clear*nop* b5)@(4,11): no children at offset 0
0.298 Retroactively prune action (__REPEATED___SURROGATE*m6_do_clear*nop* b26)@(4,25): no children at offset 0
0.298 Retroactively prune action (__REPEATED___SURROGATE*m6_do_clear*nop* b4)@(4,25): no children at offset 0
0.298 Retroactively prune action (__SURROGATE*m6_do_clear*nop* b6)@(4,25): no children at offset 0
0.349 Collected 172 relevant facts at this layer
0.349 Encoding ...
0.413 Attempting to solve formula with 126681 clauses (302264 literals) and 45 assumptions
0.413 Unsolvable at layer 5 -- expanding.
0.413 Iteration 6.
0.414 New layer size: 589
0.414 Instantiating ...
0.474 Collected 172 relevant facts at this layer
0.474 Encoding ...
0.550 Attempting to solve formula with 164563 clauses (394646 literals) and 45 assumptions
0.550 Unsolvable at layer 6 -- expanding.
0.550 Iteration 7.
0.550 New layer size: 679
0.550 Instantiating ...
0.552 Retroactively prune action (__REPEATED_pick-up b26)@(6,45): no children at offset 0
0.553 Retroactively prune action (__REPEATED___SURROGATE*m6_do_clear*nop* b10)@(6,48): no children at offset 0
0.553 Retroactively prune action (__REPEATED___SURROGATE*m6_do_clear*nop* b32)@(6,48): no children at offset 0
0.553 Retroactively prune action (__REPEATED___SURROGATE*m6_do_clear*nop* b3)@(6,48): no children at offset 0
0.553 Retroactively prune action (__REPEATED___SURROGATE*m6_do_clear*nop* b24)@(6,48): no children at offset 0
0.553 Retroactively prune action (__SURROGATE*m6_do_clear*nop* b17)@(6,48): no children at offset 0
0.622 Collected 172 relevant facts at this layer
0.622 Encoding ...
0.717 Attempting to solve formula with 205977 clauses (497148 literals) and 44 assumptions
0.717 Unsolvable at layer 7 -- expanding.
0.717 Iteration 8.
0.718 New layer size: 767
0.718 Instantiating ...
0.810 Collected 172 relevant facts at this layer
0.810 Encoding ...
0.909 Attempting to solve formula with 252628 clauses (614856 literals) and 44 assumptions
0.909 Unsolvable at layer 8 -- expanding.
0.909 Iteration 9.
0.910 New layer size: 855
0.910 Instantiating ...
1.015 Collected 172 relevant facts at this layer
1.015 Encoding ...
1.130 Attempting to solve formula with 306309 clauses (752490 literals) and 44 assumptions
1.131 Unsolvable at layer 9 -- expanding.
1.131 Iteration 10.
1.132 New layer size: 943
1.132 Instantiating ...
1.253 Collected 172 relevant facts at this layer
1.254 Encoding ...
1.384 Attempting to solve formula with 367470 clauses (911926 literals) and 44 assumptions
1.384 Unsolvable at layer 10 -- expanding.
1.384 Iteration 11.
1.385 New layer size: 1031
1.385 Instantiating ...
1.530 Collected 172 relevant facts at this layer
1.530 Encoding ...
1.694 Attempting to solve formula with 436370 clauses (1093548 literals) and 44 assumptions
1.695 Unsolvable at layer 11 -- expanding.
1.695 Iteration 12.
1.696 New layer size: 1119
1.696 Instantiating ...
1.859 Collected 172 relevant facts at this layer
1.860 Encoding ...
2.025 Attempting to solve formula with 511536 clauses (1293635 literals) and 42 assumptions
2.025 Unsolvable at layer 12 -- expanding.
2.025 Iteration 13.
2.027 New layer size: 1203
2.027 Instantiating ...
2.213 Collected 172 relevant facts at this layer
2.213 Encoding ...
2.394 Attempting to solve formula with 591690 clauses (1508770 literals) and 42 assumptions
2.394 Unsolvable at layer 13 -- expanding.
2.394 Iteration 14.
2.395 New layer size: 1287
2.395 Instantiating ...
2.605 Collected 172 relevant facts at this layer
2.605 Encoding ...
2.802 Attempting to solve formula with 676159 clauses (1736395 literals) and 42 assumptions
2.803 Unsolvable at layer 14 -- expanding.
2.803 Iteration 15.
2.804 New layer size: 1371
2.804 Instantiating ...
3.036 Collected 172 relevant facts at this layer
3.036 Encoding ...
3.267 Attempting to solve formula with 764418 clauses (1974553 literals) and 42 assumptions
3.267 Unsolvable at layer 15 -- expanding.
3.267 Iteration 16.
3.268 New layer size: 1455
3.268 Instantiating ...
3.526 Collected 172 relevant facts at this layer
3.526 Encoding ...
3.772 Attempting to solve formula with 856190 clauses (2222370 literals) and 42 assumptions
3.835 Found a solution at layer 16.
==>
171270 nop
171272 unstack b28 b7
171274 put-down b28
171276 unstack b7 b12
171278 put-down b7
171280 unstack b12 b1
171282 put-down b12
171284 nop
171286 unstack b8 b30
171288 put-down b8
171290 nop
171292 unstack b1 b25
171294 stack b1 b30
171296 nop
171298 unstack b31 b5
171300 put-down b31
171302 unstack b5 b21
171304 put-down b5
171309 nop
171329 nop
171335 pick-up b21
171337 stack b21 b1
171339 nop
171341 unstack b11 b14
171343 put-down b11
171345 unstack b14 b13
171347 put-down b14
171349 unstack b13 b6
171351 put-down b13
171353 unstack b6 b4
171355 put-down b6
171357 unstack b4 b26
171359 put-down b4
171361 nop
171377 nop
171383 unstack b26 b23
171385 stack b26 b21
171387 nop
171389 nop
171392 unstack b23 b20
171533 put-down b23
171540 unstack b20 b15
171542 put-down b20
171544 unstack b15 b2
171546 put-down b15
171548 unstack b2 b27
171550 put-down b2
171552 unstack b27 b22
171554 put-down b27
171556 unstack b22 b19
171558 put-down b22
171560 unstack b19 b33
171562 put-down b19
171564 unstack b33 b18
171566 put-down b33
171568 unstack b18 b9
171570 put-down b18
171572 unstack b9 b17
171574 put-down b9
171576 unstack b17 b24
171578 put-down b17
171580 unstack b24 b10
171582 put-down b24
171584 unstack b10 b3
171586 put-down b10
171588 unstack b3 b32
171590 put-down b3
171592 nop
171594 unstack b37 b29
171597 stack b37 b32
171606 nop
171671 nop
171673 nop
171680 pick-up b27
171682 stack b27 b37
171684 nop
171700 nop
171766 nop
171771 pick-up b5
171774 stack b5 b27
171776 nop
171778 nop
171788 nop
171794 pick-up b8
171796 stack b8 b5
171798 nop
171800 nop
171802 nop
171808 pick-up b11
171811 stack b11 b8
171813 nop
172063 nop
172066 nop
172071 pick-up b17
172074 stack b17 b11
172077 nop
172080 unstack b35 b36
172082 put-down b35
172090 nop
172354 nop
172359 pick-up b36
172361 stack b36 b17
172368 nop
172643 nop
172652 nop
172658 pick-up b22
172661 stack b22 b36
172676 nop
172947 nop
173231 nop
173237 pick-up b2
173239 stack b2 b22
173249 nop
173534 nop
173544 nop
173549 pick-up b18
173552 stack b18 b7
173563 nop
173859 unstack b25 b16
173862 put-down b25
173868 nop
174157 nop
174164 unstack b16 b34
174166 stack b16 b18
174177 nop
174506 nop
174841 nop
174847 pick-up b10
174850 stack b10 b16
174852 nop
174865 nop
175203 nop
175209 pick-up b28
175212 stack b28 b10
175222 nop
175564 nop
175566 nop
175572 pick-up b13
175575 stack b13 b28
175586 nop
175932 nop
176289 nop
176295 pick-up b6
176297 stack b6 b13
176305 nop
176704 nop
177086 nop
177092 pick-up b34
177094 stack b34 b6
177108 nop
177462 nop
177869 nop
177875 pick-up b29
177877 stack b29 b34
177892 nop
178307 nop
178676 nop
178682 pick-up b20
178684 stack b20 b29
178686 nop
179097 nop
179512 nop
179518 pick-up b14
179520 stack b14 b20
179527 nop
179959 nop
180363 nop
180370 pick-up b12
180372 stack b12 b14
180374 nop
180803 nop
181227 nop
181233 pick-up b9
181235 stack b9 b12
181239 nop
181665 nop
182092 nop
182099 pick-up b23
182101 stack b23 b9
182103 nop
182534 nop
182960 nop
182965 pick-up b15
182968 stack b15 b23
182970 nop
182974 nop
183403 nop
183410 pick-up b35
183412 stack b35 b15
183415 nop
183847 nop
183850 nop
183856 pick-up b19
183858 stack b19 b35
183870 nop
184297 nop
184732 nop
184738 pick-up b4
184740 stack b4 b19
184755 nop
185193 nop
185618 nop
185624 pick-up b3
185627 stack b3 b4
185636 nop
186074 nop
186517 nop
186523 pick-up b25
186526 stack b25 b3
186530 nop
186983 nop
187421 nop
187427 pick-up b33
187429 stack b33 b25
187432 nop
187878 nop
187881 nop
187887 pick-up b24
187889 stack b24 b31
root 69 72 76 81 87 93 100 108 117 127 138 150 163 177 192 208 225 243 262 282 303 325 348 372 397 423 450 478 507 537 568 600 633
69 do_put_on b1 b30 -> m1_do_put_on 670 776 171289 981
72 do_put_on b21 b1 -> m1_do_put_on 984 171308 171328 1233
76 do_put_on b26 b21 -> m1_do_put_on 1277 171360 171376 1495
81 do_put_on b37 b32 -> m1_do_put_on 171386 1579 171591 1688
87 do_put_on b27 b37 -> m1_do_put_on 171605 171670 171672 1841
93 do_put_on b5 b27 -> m1_do_put_on 171683 171699 171765 2142
100 do_put_on b8 b5 -> m1_do_put_on 171775 171777 171787 2340
108 do_put_on b11 b8 -> m1_do_put_on 171797 171799 171801 2430
117 do_put_on b17 b11 -> m1_do_put_on 171812 172062 172065 2629
127 do_put_on b36 b17 -> m1_do_put_on 2673 172089 172353 2938
138 do_put_on b22 b36 -> m1_do_put_on 172367 172642 172651 3215
150 do_put_on b2 b22 -> m1_do_put_on 172675 172946 173230 3530
163 do_put_on b18 b7 -> m1_do_put_on 173248 173533 173543 3849
177 do_put_on b16 b18 -> m1_do_put_on 3892 173867 174156 4167
192 do_put_on b10 b16 -> m1_do_put_on 174176 174505 174840 4489
208 do_put_on b28 b10 -> m1_do_put_on 174851 174864 175202 4696
225 do_put_on b13 b28 -> m1_do_put_on 175221 175563 175565 4904
243 do_put_on b6 b13 -> m1_do_put_on 175585 175931 176288 5233
262 do_put_on b34 b6 -> m1_do_put_on 176304 176703 177085 5562
282 do_put_on b29 b34 -> m1_do_put_on 177107 177461 177868 5859
303 do_put_on b20 b29 -> m1_do_put_on 177891 178306 178675 6159
325 do_put_on b14 b20 -> m1_do_put_on 178685 179096 179511 6499
348 do_put_on b12 b14 -> m1_do_put_on 179526 179958 180362 6840
372 do_put_on b9 b12 -> m1_do_put_on 180373 180802 181226 7184
397 do_put_on b23 b9 -> m1_do_put_on 181238 181664 182091 7530
423 do_put_on b15 b23 -> m1_do_put_on 182102 182533 182959 7879
450 do_put_on b35 b15 -> m1_do_put_on 182969 182973 183402 8099
478 do_put_on b19 b35 -> m1_do_put_on 183414 183846 183849 8319
507 do_put_on b4 b19 -> m1_do_put_on 183869 184296 184731 8673
537 do_put_on b3 b4 -> m1_do_put_on 184754 185192 185617 9030
568 do_put_on b25 b3 -> m1_do_put_on 185635 186073 186516 9388
600 do_put_on b33 b25 -> m1_do_put_on 186529 186982 187420 9747
633 do_put_on b24 b31 -> m1_do_put_on 187431 187877 187880 9974
670 do_clear b1 -> m7_do_clear 10057 171280 171282
776 do_clear b30 -> m7_do_clear 171283 171286 171288
981 do_move b1 b30 -> m5_do_move 171292 171294
984 do_clear b21 -> m7_do_clear 10270 171302 171304
1233 do_move b21 b1 -> m4_do_move 171335 171337
1277 do_clear b26 -> m7_do_clear 10602 171357 171359
1495 do_move b26 b21 -> m5_do_move 171383 171385
1579 do_clear b32 -> m7_do_clear 10937 171588 171590
1688 do_move b37 b32 -> m5_do_move 171594 171597
1841 do_move b27 b37 -> m4_do_move 171680 171682
2142 do_move b5 b27 -> m4_do_move 171771 171774
2340 do_move b8 b5 -> m4_do_move 171794 171796
2430 do_move b11 b8 -> m4_do_move 171808 171811
2629 do_move b17 b11 -> m4_do_move 172071 172074
2673 do_clear b36 -> m7_do_clear 172076 172080 172082
2938 do_move b36 b17 -> m4_do_move 172359 172361
3215 do_move b22 b36 -> m4_do_move 172658 172661
3530 do_move b2 b22 -> m4_do_move 173237 173239
3849 do_move b18 b7 -> m4_do_move 173549 173552
3892 do_clear b16 -> m7_do_clear 173562 173859 173862
4167 do_move b16 b18 -> m5_do_move 174164 174166
4489 do_move b10 b16 -> m4_do_move 174847 174850
4696 do_move b28 b10 -> m4_do_move 175209 175212
4904 do_move b13 b28 -> m4_do_move 175572 175575
5233 do_move b6 b13 -> m4_do_move 176295 176297
5562 do_move b34 b6 -> m4_do_move 177092 177094
5859 do_move b29 b34 -> m4_do_move 177875 177877
6159 do_move b20 b29 -> m4_do_move 178682 178684
6499 do_move b14 b20 -> m4_do_move 179518 179520
6840 do_move b12 b14 -> m4_do_move 180370 180372
7184 do_move b9 b12 -> m4_do_move 181233 181235
7530 do_move b23 b9 -> m4_do_move 182099 182101
7879 do_move b15 b23 -> m4_do_move 182965 182968
8099 do_move b35 b15 -> m4_do_move 183410 183412
8319 do_move b19 b35 -> m4_do_move 183856 183858
8673 do_move b4 b19 -> m4_do_move 184738 184740
9030 do_move b3 b4 -> m4_do_move 185624 185627
9388 do_move b25 b3 -> m4_do_move 186523 186526
9747 do_move b33 b25 -> m4_do_move 187427 187429
9974 do_move b24 b31 -> m4_do_move 187887 187889
10057 do_clear b12 -> m7_do_clear 19597 171276 171278
10270 do_clear b5 -> m7_do_clear 171295 171298 171300
10602 do_clear b4 -> m7_do_clear 19955 171353 171355
10937 do_clear b3 -> m7_do_clear 20149 171584 171586
19597 do_clear b7 -> m7_do_clear 171269 171272 171274
19955 do_clear b6 -> m7_do_clear 28875 171349 171351
20149 do_clear b10 -> m7_do_clear 29065 171580 171582
28875 do_clear b13 -> m7_do_clear 38381 171345 171347
29065 do_clear b24 -> m7_do_clear 38576 171576 171578
38381 do_clear b14 -> m7_do_clear 171338 171341 171343
38576 do_clear b17 -> m7_do_clear 48571 171572 171574
48571 do_clear b9 -> m7_do_clear 59224 171568 171570
59224 do_clear b18 -> m7_do_clear 70647 171564 171566
70647 do_clear b33 -> m7_do_clear 82926 171560 171562
82926 do_clear b19 -> m7_do_clear 96070 171556 171558
96070 do_clear b22 -> m7_do_clear 110045 171552 171554
110045 do_clear b27 -> m7_do_clear 124497 171548 171550
124497 do_clear b2 -> m7_do_clear 139593 171544 171546
139593 do_clear b15 -> m7_do_clear 155239 171540 171542
155239 do_clear b20 -> m7_do_clear 171388 171392 171533
171269 do_clear b28 -> m6_do_clear 171270
171283 do_clear b8 -> m6_do_clear 171284
171289 do_on_table b30 -> m3_do_on_table 171290
171295 do_clear b31 -> m6_do_clear 171296
171308 do_clear b1 -> m6_do_clear 171309
171328 do_on_table b1 -> m3_do_on_table 171329
171338 do_clear b11 -> m6_do_clear 171339
171360 do_clear b21 -> m6_do_clear 171361
171376 do_on_table b21 -> m3_do_on_table 171377
171386 do_clear b37 -> m6_do_clear 171387
171388 do_clear b23 -> m6_do_clear 171389
171591 do_on_table b32 -> m3_do_on_table 171592
171605 do_clear b27 -> m6_do_clear 171606
171670 do_clear b37 -> m6_do_clear 171671
171672 do_on_table b37 -> m3_do_on_table 171673
171683 do_clear b5 -> m6_do_clear 171684
171699 do_clear b27 -> m6_do_clear 171700
171765 do_on_table b27 -> m3_do_on_table 171766
171775 do_clear b8 -> m6_do_clear 171776
171777 do_clear b5 -> m6_do_clear 171778
171787 do_on_table b5 -> m3_do_on_table 171788
171797 do_clear b11 -> m6_do_clear 171798
171799 do_clear b8 -> m6_do_clear 171800
171801 do_on_table b8 -> m3_do_on_table 171802
171812 do_clear b17 -> m6_do_clear 171813
172062 do_clear b11 -> m6_do_clear 172063
172065 do_on_table b11 -> m3_do_on_table 172066
172076 do_clear b35 -> m6_do_clear 172077
172089 do_clear b17 -> m6_do_clear 172090
172353 do_on_table b17 -> m3_do_on_table 172354
172367 do_clear b22 -> m6_do_clear 172368
172642 do_clear b36 -> m6_do_clear 172643
172651 do_on_table b36 -> m3_do_on_table 172652
172675 do_clear b2 -> m6_do_clear 172676
172946 do_clear b22 -> m6_do_clear 172947
173230 do_on_table b22 -> m3_do_on_table 173231
173248 do_clear b18 -> m6_do_clear 173249
173533 do_clear b7 -> m6_do_clear 173534
173543 do_on_table b7 -> m3_do_on_table 173544
173562 do_clear b25 -> m6_do_clear 173563
173867 do_clear b18 -> m6_do_clear 173868
174156 do_on_table b18 -> m3_do_on_table 174157
174176 do_clear b10 -> m6_do_clear 174177
174505 do_clear b16 -> m6_do_clear 174506
174840 do_on_table b16 -> m3_do_on_table 174841
174851 do_clear b28 -> m6_do_clear 174852
174864 do_clear b10 -> m6_do_clear 174865
175202 do_on_table b10 -> m3_do_on_table 175203
175221 do_clear b13 -> m6_do_clear 175222
175563 do_clear b28 -> m6_do_clear 175564
175565 do_on_table b28 -> m3_do_on_table 175566
175585 do_clear b6 -> m6_do_clear 175586
175931 do_clear b13 -> m6_do_clear 175932
176288 do_on_table b13 -> m3_do_on_table 176289
176304 do_clear b34 -> m6_do_clear 176305
176703 do_clear b6 -> m6_do_clear 176704
177085 do_on_table b6 -> m3_do_on_table 177086
177107 do_clear b29 -> m6_do_clear 177108
177461 do_clear b34 -> m6_do_clear 177462
177868 do_on_table b34 -> m3_do_on_table 177869
177891 do_clear b20 -> m6_do_clear 177892
178306 do_clear b29 -> m6_do_clear 178307
178675 do_on_table b29 -> m3_do_on_table 178676
178685 do_clear b14 -> m6_do_clear 178686
179096 do_clear b20 -> m6_do_clear 179097
179511 do_on_table b20 -> m3_do_on_table 179512
179526 do_clear b12 -> m6_do_clear 179527
179958 do_clear b14 -> m6_do_clear 179959
180362 do_on_table b14 -> m3_do_on_table 180363
180373 do_clear b9 -> m6_do_clear 180374
180802 do_clear b12 -> m6_do_clear 180803
181226 do_on_table b12 -> m3_do_on_table 181227
181238 do_clear b23 -> m6_do_clear 181239
181664 do_clear b9 -> m6_do_clear 181665
182091 do_on_table b9 -> m3_do_on_table 182092
182102 do_clear b15 -> m6_do_clear 182103
182533 do_clear b23 -> m6_do_clear 182534
182959 do_on_table b23 -> m3_do_on_table 182960
182969 do_clear b35 -> m6_do_clear 182970
182973 do_clear b15 -> m6_do_clear 182974
183402 do_on_table b15 -> m3_do_on_table 183403
183414 do_clear b19 -> m6_do_clear 183415
183846 do_clear b35 -> m6_do_clear 183847
183849 do_on_table b35 -> m3_do_on_table 183850
183869 do_clear b4 -> m6_do_clear 183870
184296 do_clear b19 -> m6_do_clear 184297
184731 do_on_table b19 -> m3_do_on_table 184732
184754 do_clear b3 -> m6_do_clear 184755
185192 do_clear b4 -> m6_do_clear 185193
185617 do_on_table b4 -> m3_do_on_table 185618
185635 do_clear b25 -> m6_do_clear 185636
186073 do_clear b3 -> m6_do_clear 186074
186516 do_on_table b3 -> m3_do_on_table 186517
186529 do_clear b33 -> m6_do_clear 186530
186982 do_clear b25 -> m6_do_clear 186983
187420 do_on_table b25 -> m3_do_on_table 187421
187431 do_clear b24 -> m6_do_clear 187432
187877 do_clear b31 -> m6_do_clear 187878
187880 do_on_table b31 -> m3_do_on_table 187881
<==
3.918 End of solution plan. (counted length of 219)
3.918 Total amount of clauses encoded: 856190
3.918 - directframeaxioms : 457980 cls
3.918 - reductionconstraints : 101657 cls
3.918 - qfactsemantics : 90706 cls
3.918 - indirectframeaxioms : 58961 cls
3.918 - atmostoneelement : 36461 cls
3.918 - expansions : 34909 cls
3.918 - predecessors : 28307 cls
3.918 - qconstequality : 16367 cls
3.918 - substitutionconstraints : 15710 cls
3.918 - actionconstraints : 8503 cls
3.918 - actioneffects : 6382 cls
3.918 - truefacts : 172 cls
3.918 - forbiddenoperations : 73 cls
3.918 - axiomaticops : 2 cls
3.918 # instantiated positions: 12678
3.918 # instantiated actions: 27510
3.918 # instantiated reductions: 798
3.918 # introduced pseudo-constants: 545
3.918 # retroactive prunings: 13
3.918 # retroactively pruned operations: 73
3.918 # dominated operations: 49
3.918 Exiting happily (no cleaning up).

RUNWATCH_RESULT EXIT RETVAL 0 TIME_SECS 3.96875 MEMPEAK_KBS 424792
