    _           _         _
   \ |         \ |       | |                       
   | |     __  | |      _| |______                
   | |     \/  | |     /_   ______\                
   | |      _  | |   __  | |  ___   ___   ___       
   | |___  | | | |  / .\ | | / , | |   \ / ·_\    
   \_____\ |_| |__\ \__/ |_| \___) |_|_| \___\  
[39mL i l o t a n e  version rls-glucose4
by Dominik Schreiber <dominik.schreiber@kit.edu> 2020-2021
using SAT solver glucose4

0.015 Parser finished.
0.015 Structures extracted.
0.016 20 operators and 16 methods created.
0.056 Mined 11 new reduction preconditions (+10.0%).
0.056 Iteration 0.
0.056 Creating initial layer of size 2
0.117 Attempting to solve formula with 187 clauses (279 literals) and 1 assumptions
0.117 Unsolvable at layer 0 -- expanding.
0.117 Iteration 1.
0.117 New layer size: 9
0.117 Instantiating ...
2.440 Collected 6720 relevant facts at this layer
2.440 Encoding ...
2.637 Attempting to solve formula with 183342 clauses (577069 literals) and 8 assumptions
2.640 Unsolvable at layer 1 -- expanding.
2.641 Iteration 2.
2.641 New layer size: 17
2.641 Instantiating ...
7.081 Collected 7297 relevant facts at this layer
7.081 Encoding ...
7.692 Attempting to solve formula with 677972 clauses (2278539 literals) and 8 assumptions
7.692 Unsolvable at layer 2 -- expanding.
7.692 Iteration 3.
7.692 New layer size: 41
7.692 Instantiating ...
14.164 Collected 7368 relevant facts at this layer
14.164 Encoding ...
15.629 Attempting to solve formula with 1701766 clauses (5804815 literals) and 16 assumptions
15.809 Unsolvable at layer 3 -- expanding.
15.809 Iteration 4.
15.809 New layer size: 73
15.809 Instantiating ...
26.730 Collected 7368 relevant facts at this layer
26.730 Encoding ...
29.312 Attempting to solve formula with 3288450 clauses (11274648 literals) and 24 assumptions
29.402 Unsolvable at layer 4 -- expanding.
29.402 Iteration 5.
29.403 New layer size: 129
29.403 Instantiating ...
47.437 Collected 7368 relevant facts at this layer
47.437 Encoding ...
51.869 Attempting to solve formula with 5950337 clauses (20460528 literals) and 40 assumptions
52.115 Unsolvable at layer 5 -- expanding.
52.115 Iteration 6.
52.115 New layer size: 217
52.115 Instantiating ...
81.856 Collected 7368 relevant facts at this layer
81.856 Encoding ...
89.127 Attempting to solve formula with 10243777 clauses (35282247 literals) and 64 assumptions
89.745 Unsolvable at layer 6 -- expanding.
89.745 Iteration 7.
89.745 New layer size: 361
89.745 Instantiating ...
137.736 Collected 7368 relevant facts at this layer
137.736 Encoding ...
150.186 Attempting to solve formula with 17243521 clauses (59454194 literals) and 104 assumptions
151.036 Unsolvable at layer 7 -- expanding.
151.036 Iteration 8.
151.036 New layer size: 593
151.036 Instantiating ...
230.637 Collected 7368 relevant facts at this layer
230.637 Encoding ...
250.783 Attempting to solve formula with 28581121 clauses (98612205 literals) and 168 assumptions
258.299 Unsolvable at layer 8 -- expanding.
258.299 Iteration 9.
258.300 New layer size: 969
258.300 Instantiating ...
387.089 Collected 7368 relevant facts at this layer
387.089 Encoding ...
424.799 Attempting to solve formula with 46962881 clauses (162106508 literals) and 272 assumptions
428.539 Unsolvable at layer 9 -- expanding.
428.539 Iteration 10.
428.539 New layer size: 1577
428.539 Instantiating ...
576.002 Termination signal caught.
576.002 Total amount of clauses encoded: 46962881
576.002 - directframeaxioms : 19492266 cls
576.002 - qfactsemantics : 12608059 cls
576.002 - indirectframeaxioms : 9811631 cls
576.002 - reductionconstraints : 4367944 cls
576.002 - actionconstraints : 292886 cls
576.002 - qconstequality : 168040 cls
576.002 - substitutionconstraints : 129172 cls
576.002 - atmostoneelement : 44991 cls
576.002 - expansions : 17353 cls
576.002 - predecessors : 14622 cls
576.003 - actioneffects : 8547 cls
576.003 - truefacts : 7368 cls
576.003 - axiomaticops : 2 cls
576.003 # instantiated positions: 3507
576.003 # instantiated actions: 14385
576.003 # instantiated reductions: 6905
576.003 # introduced pseudo-constants: 3317
576.003 # retroactive prunings: 0
576.003 # retroactively pruned operations: 0
576.003 # dominated operations: 6
576.003 # total invalid rigid preconditions found in getPFC: 0
576.003 # invalid rigid preconditions found in getPFC: 0
576.003 # invalid rigid preconditions found in getPFC in varrestrictions: 0
576.003 # total invalid fluent preconditions found in getPFC: 17
576.003 # invalid fluent preconditions found in getPFC: 15
576.003 # invalid fluent preconditions found in getPFC in varrestrictions: 2
576.003 # invalid fluent preconditions found in getPFC via postconditions: 0
576.003 # invalid subtasks found in getPFC: 0
576.003 # number effects in operation fact_frames: 238
576.003 # number of variables restricted: 6562757
576.003 Exiting happily.

RUNWATCH_RESULT MEMOUT RETVAL 0 TIME_SECS 576.971 MEMPEAK_KBS 16058168
