    _           _         _
   \ |         \ |       | |                       
   | |     __  | |      _| |______                
   | |     \/  | |     /_   ______\                
   | |      _  | |   __  | |  ___   ___   ___       
   | |___  | | | |  / .\ | | / , | |   \ / ·_\    
   \_____\ |_| |__\ \__/ |_| \___) |_|_| \___\  
[39mL i l o t a n e  version rls-cadical
by Dominik Schreiber <dominik.schreiber@kit.edu> 2020-2021
using SAT solver cadical

0.128 Parser finished.
0.128 Structures extracted.
0.129 38 operators and 17 methods created.
0.133 Mined 30 new reduction preconditions (+96.8%).
0.133 Iteration 0.
0.133 Creating initial layer of size 2
0.143 Attempting to solve formula with 73 clauses (108 literals) and 1 assumptions
0.143 Unsolvable at layer 0 -- expanding.
0.143 Iteration 1.
0.143 New layer size: 36
0.143 Instantiating ...
0.203 Collected 35 relevant facts at this layer
0.203 Encoding ...
0.212 Attempting to solve formula with 8401 clauses (19344 literals) and 35 assumptions
0.212 Unsolvable at layer 1 -- expanding.
0.212 Iteration 2.
0.212 New layer size: 141
0.212 Instantiating ...
0.514 Collected 1065 relevant facts at this layer
0.514 Encoding ...
0.718 Attempting to solve formula with 194856 clauses (608371 literals) and 76 assumptions
0.719 Unsolvable at layer 2 -- expanding.
0.719 Iteration 3.
0.719 New layer size: 252
0.719 Instantiating ...
0.723 Retroactively prune action (__SURROGATE*m3_do_navigate2*navigate* Q_1,0_rover:0_3a8f5cf9297671db Q_2,0_waypoint:0_d581f2918e4f72c6 waypoint38) due to impossible effect !(at Q_1,0_rover:0_3a8f5cf9297671db Q_2,0_waypoint:0_d581f2918e4f72c6)
1.710 Collected 1125 relevant facts at this layer
1.710 Encoding ...
2.205 Attempting to solve formula with 657565 clauses (2159645 literals) and 76 assumptions
2.205 Unsolvable at layer 3 -- expanding.
2.205 Iteration 4.
2.205 New layer size: 439
2.205 Instantiating ...
5.170 Collected 1125 relevant facts at this layer
5.170 Encoding ...
6.603 Attempting to solve formula with 1658522 clauses (6151195 literals) and 76 assumptions
7.220 Unsolvable at layer 4 -- expanding.
7.220 Iteration 5.
7.220 New layer size: 667
7.220 Instantiating ...
11.802 Collected 1125 relevant facts at this layer
11.802 Encoding ...
14.226 Attempting to solve formula with 3052845 clauses (11898411 literals) and 76 assumptions
216.723 Found a solution at layer 5.
==>
232337 nop
233997 nop
233999 sample_soil rover9 rover9store waypoint38
234001 visit waypoint38
234007 navigate rover9 waypoint38 waypoint0
235651 unvisit waypoint38
235655 communicate_soil_data1 rover9 general waypoint38 waypoint0 waypoint26
235657 visit waypoint42
235663 navigate rover10 waypoint42 waypoint14
235666 visit waypoint14
235670 navigate rover10 waypoint14 waypoint17
235673 visit waypoint17
236392 navigate rover10 waypoint17 waypoint49
236526 unvisit waypoint17
237313 unvisit waypoint14
237317 unvisit waypoint42
237320 nop
237322 sample_soil rover10 rover10store waypoint49
237325 visit waypoint49
237330 navigate rover10 waypoint49 waypoint17
237333 visit waypoint17
238051 navigate rover10 waypoint17 waypoint54
238186 unvisit waypoint17
238973 unvisit waypoint49
238978 communicate_soil_data1 rover10 general waypoint49 waypoint54 waypoint26
238980 visit waypoint5
238984 navigate rover1 waypoint5 waypoint55
238989 visit waypoint55
238993 navigate rover1 waypoint55 waypoint34
240635 unvisit waypoint55
240640 unvisit waypoint5
240643 nop
240645 sample_soil rover1 rover1store waypoint34
240649 visit waypoint34
240654 navigate rover1 waypoint34 waypoint55
240656 visit waypoint55
241374 navigate rover1 waypoint55 waypoint9
241509 unvisit waypoint55
242297 unvisit waypoint34
242301 communicate_soil_data1 rover1 general waypoint34 waypoint9 waypoint26
242304 visit waypoint45
242308 navigate rover5 waypoint45 waypoint2
242312 visit waypoint2
242316 navigate rover5 waypoint2 waypoint51
243959 unvisit waypoint2
243963 unvisit waypoint45
243965 nop
243968 sample_soil rover5 rover5store waypoint51
243972 visit waypoint51
243976 nop
245620 unvisit waypoint51
245624 communicate_soil_data1 rover5 general waypoint51 waypoint51 waypoint26
245627 visit waypoint0
245632 navigate rover9 waypoint0 waypoint23
245635 visit waypoint23
245640 navigate rover9 waypoint23 waypoint59
247282 unvisit waypoint23
247285 unvisit waypoint0
247289 drop rover9 rover9store
247291 sample_soil rover9 rover9store waypoint59
247295 visit waypoint59
247299 navigate rover9 waypoint59 waypoint23
247302 visit waypoint23
248020 navigate rover9 waypoint23 waypoint0
248155 unvisit waypoint23
248943 unvisit waypoint59
248946 communicate_soil_data1 rover9 general waypoint59 waypoint0 waypoint26
248949 visit waypoint51
248954 navigate rover5 waypoint51 waypoint2
248957 visit waypoint2
248961 navigate rover5 waypoint2 waypoint52
250605 unvisit waypoint2
250609 unvisit waypoint51
250612 drop rover5 rover5store
250614 sample_soil rover5 rover5store waypoint52
250617 visit waypoint52
250622 navigate rover5 waypoint52 waypoint2
250625 visit waypoint2
251344 navigate rover5 waypoint2 waypoint45
251478 unvisit waypoint2
252265 unvisit waypoint52
252270 communicate_soil_data1 rover5 general waypoint52 waypoint45 waypoint26
252273 visit waypoint51
252277 navigate rover11 waypoint51 waypoint46
253932 unvisit waypoint51
253935 nop
253937 sample_soil rover11 rover11store waypoint46
253941 visit waypoint46
253946 navigate rover11 waypoint46 waypoint51
255589 unvisit waypoint46
255593 communicate_soil_data1 rover11 general waypoint46 waypoint51 waypoint26
255596 visit waypoint51
255601 navigate rover11 waypoint51 waypoint3
257255 unvisit waypoint51
257257 drop rover11 rover11store
257260 sample_soil rover11 rover11store waypoint3
257264 visit waypoint3
257267 navigate rover11 waypoint3 waypoint51
258912 unvisit waypoint3
258916 communicate_soil_data1 rover11 general waypoint3 waypoint51 waypoint26
258918 visit waypoint51
258924 navigate rover11 waypoint51 waypoint7
260578 unvisit waypoint51
260580 drop rover11 rover11store
260583 sample_soil rover11 rover11store waypoint7
260587 visit waypoint7
260592 navigate rover11 waypoint7 waypoint51
262235 unvisit waypoint7
262239 communicate_soil_data1 rover11 general waypoint7 waypoint51 waypoint26
262241 visit waypoint51
262246 navigate rover11 waypoint51 waypoint5
262250 visit waypoint5
262252 navigate rover11 waypoint5 waypoint28
262257 visit waypoint28
262976 navigate rover11 waypoint28 waypoint54
263110 unvisit waypoint28
263897 unvisit waypoint5
263901 unvisit waypoint51
263903 drop rover11 rover11store
263906 sample_soil rover11 rover11store waypoint54
263910 visit waypoint54
263914 nop
265558 unvisit waypoint54
265561 communicate_soil_data1 rover11 general waypoint54 waypoint54 waypoint26
265565 visit waypoint22
265570 navigate rover6 waypoint22 waypoint24
265572 visit waypoint24
265578 navigate rover6 waypoint24 waypoint6
265580 visit waypoint6
266299 navigate rover6 waypoint6 waypoint30
266433 unvisit waypoint6
267220 unvisit waypoint24
267224 unvisit waypoint22
267226 nop
267229 sample_soil rover6 rover6store waypoint30
267232 visit waypoint30
267236 navigate rover6 waypoint30 waypoint6
267240 visit waypoint6
267960 navigate rover6 waypoint6 waypoint58
268093 unvisit waypoint6
268881 unvisit waypoint30
268885 communicate_soil_data1 rover6 general waypoint30 waypoint58 waypoint26
268888 visit waypoint45
268893 navigate rover5 waypoint45 waypoint26
268896 visit waypoint26
268899 navigate rover5 waypoint26 waypoint53
270543 unvisit waypoint26
270547 unvisit waypoint45
270550 drop rover5 rover5store
270552 sample_soil rover5 rover5store waypoint53
270555 visit waypoint53
270561 navigate rover5 waypoint53 waypoint26
270563 visit waypoint26
271282 navigate rover5 waypoint26 waypoint53
271416 unvisit waypoint26
272204 unvisit waypoint53
272208 communicate_soil_data1 rover5 general waypoint53 waypoint53 waypoint26
272210 visit waypoint0
272215 navigate rover9 waypoint0 waypoint38
272219 visit waypoint38
272222 navigate rover9 waypoint38 waypoint21
272226 visit waypoint21
272945 navigate rover9 waypoint21 waypoint36
273079 unvisit waypoint21
273866 unvisit waypoint38
273870 unvisit waypoint0
273872 drop rover9 rover9store
273875 sample_soil rover9 rover9store waypoint36
273879 visit waypoint36
273882 navigate rover9 waypoint36 waypoint21
275527 unvisit waypoint36
275530 communicate_soil_data1 rover9 general waypoint36 waypoint21 waypoint26
275533 visit waypoint21
275536 navigate rover9 waypoint21 waypoint38
275541 visit waypoint38
275545 navigate rover9 waypoint38 waypoint0
275549 visit waypoint0
276268 navigate rover9 waypoint0 waypoint58
276402 unvisit waypoint0
277188 unvisit waypoint38
277193 unvisit waypoint21
277195 drop rover9 rover9store
277198 sample_soil rover9 rover9store waypoint58
277202 visit waypoint58
277206 navigate rover9 waypoint58 waypoint0
277209 visit waypoint0
277928 navigate rover9 waypoint0 waypoint58
278062 unvisit waypoint0
278850 unvisit waypoint58
278854 communicate_soil_data1 rover9 general waypoint58 waypoint58 waypoint26
278857 nop
280518 nop
280521 sample_rock rover7 rover7store waypoint31
280525 visit waypoint31
280528 navigate rover7 waypoint31 waypoint51
282172 unvisit waypoint31
282177 communicate_rock_data1 rover7 general waypoint31 waypoint51 waypoint26
282180 visit waypoint53
282185 navigate rover5 waypoint53 waypoint26
282188 visit waypoint26
282193 navigate rover5 waypoint26 waypoint45
283835 unvisit waypoint26
283839 unvisit waypoint53
283841 drop rover5 rover5store
283844 sample_rock rover5 rover5store waypoint45
283846 visit waypoint45
283852 navigate rover5 waypoint45 waypoint26
283855 visit waypoint26
284574 navigate rover5 waypoint26 waypoint53
284708 unvisit waypoint26
285495 unvisit waypoint45
285500 communicate_rock_data1 rover5 general waypoint45 waypoint53 waypoint26
285502 visit waypoint56
285508 navigate rover2 waypoint56 waypoint50
285511 visit waypoint50
285514 navigate rover2 waypoint50 waypoint29
287158 unvisit waypoint50
287162 unvisit waypoint56
287164 nop
287167 sample_rock rover2 rover2store waypoint29
287169 visit waypoint29
287174 navigate rover2 waypoint29 waypoint50
287178 visit waypoint50
287896 navigate rover2 waypoint50 waypoint54
288031 unvisit waypoint50
288819 unvisit waypoint29
288823 communicate_rock_data1 rover2 general waypoint29 waypoint54 waypoint26
288825 visit waypoint49
288829 navigate rover4 waypoint49 waypoint18
288834 visit waypoint18
288839 navigate rover4 waypoint18 waypoint41
290481 unvisit waypoint18
290485 unvisit waypoint49
290487 nop
290490 sample_rock rover4 rover4store waypoint41
290492 visit waypoint41
290498 navigate rover4 waypoint41 waypoint18
292142 unvisit waypoint41
292146 communicate_rock_data1 rover4 general waypoint41 waypoint18 waypoint26
292149 visit waypoint54
292154 navigate rover11 waypoint54 waypoint28
292157 visit waypoint28
292160 navigate rover11 waypoint28 waypoint5
292164 visit waypoint5
292882 navigate rover11 waypoint5 waypoint56
293017 unvisit waypoint5
293804 unvisit waypoint28
293808 unvisit waypoint54
293811 drop rover11 rover11store
293813 sample_rock rover11 rover11store waypoint56
293816 visit waypoint56
293821 navigate rover11 waypoint56 waypoint5
293824 visit waypoint5
294543 navigate rover11 waypoint5 waypoint51
294677 unvisit waypoint5
295465 unvisit waypoint56
295469 communicate_rock_data1 rover11 general waypoint56 waypoint51 waypoint26
295472 visit waypoint11
295476 navigate rover0 waypoint11 waypoint54
297131 unvisit waypoint11
297133 nop
297136 sample_rock rover0 rover0store waypoint54
297139 visit waypoint54
297144 nop
298788 unvisit waypoint54
298792 communicate_rock_data1 rover0 general waypoint54 waypoint54 waypoint26
298795 visit waypoint51
298800 navigate rover11 waypoint51 waypoint3
298803 visit waypoint3
298807 navigate rover11 waypoint3 waypoint55
300450 unvisit waypoint3
300454 unvisit waypoint51
300456 drop rover11 rover11store
300459 sample_rock rover11 rover11store waypoint55
300463 visit waypoint55
300466 navigate rover11 waypoint55 waypoint3
300470 visit waypoint3
301189 navigate rover11 waypoint3 waypoint51
301323 unvisit waypoint3
302111 unvisit waypoint55
302115 communicate_rock_data1 rover11 general waypoint55 waypoint51 waypoint26
302118 visit waypoint54
302120 navigate rover0 waypoint54 waypoint11
303777 unvisit waypoint54
303780 drop rover0 rover0store
303782 sample_rock rover0 rover0store waypoint11
303786 visit waypoint11
303791 navigate rover0 waypoint11 waypoint19
303793 visit waypoint19
304511 navigate rover0 waypoint19 waypoint21
304646 unvisit waypoint19
305434 unvisit waypoint11
305438 communicate_rock_data1 rover0 general waypoint11 waypoint21 waypoint26
305440 visit waypoint53
305446 nop
307100 unvisit waypoint53
307102 drop rover5 rover5store
307105 sample_rock rover5 rover5store waypoint53
307108 visit waypoint53
307114 navigate rover5 waypoint53 waypoint26
307116 visit waypoint26
307834 navigate rover5 waypoint26 waypoint45
307969 unvisit waypoint26
308757 unvisit waypoint53
308760 communicate_rock_data1 rover5 general waypoint53 waypoint45 waypoint26
308764 visit waypoint45
308769 navigate rover5 waypoint45 waypoint23
308772 visit waypoint23
308775 navigate rover5 waypoint23 waypoint37
310419 unvisit waypoint23
310423 unvisit waypoint45
310425 drop rover5 rover5store
310428 sample_rock rover5 rover5store waypoint37
310432 visit waypoint37
310436 navigate rover5 waypoint37 waypoint23
310439 visit waypoint23
311158 navigate rover5 waypoint23 waypoint45
311293 unvisit waypoint23
312080 unvisit waypoint37
312084 communicate_rock_data1 rover5 general waypoint37 waypoint45 waypoint26
312086 visit waypoint51
312092 navigate rover7 waypoint51 waypoint31
312095 visit waypoint31
312098 navigate rover7 waypoint31 waypoint21
312102 visit waypoint21
312820 navigate rover7 waypoint21 waypoint38
312955 unvisit waypoint21
313742 unvisit waypoint31
313746 unvisit waypoint51
313748 drop rover7 rover7store
313751 sample_rock rover7 rover7store waypoint38
313754 visit waypoint38
313760 navigate rover7 waypoint38 waypoint21
313762 visit waypoint21
314480 navigate rover7 waypoint21 waypoint9
314615 unvisit waypoint21
315402 unvisit waypoint38
315407 communicate_rock_data1 rover7 general waypoint38 waypoint9 waypoint26
315409 visit waypoint51
315413 navigate rover11 waypoint51 waypoint3
315418 visit waypoint3
315422 navigate rover11 waypoint3 waypoint50
317065 unvisit waypoint3
317069 unvisit waypoint51
317071 drop rover11 rover11store
317074 sample_rock rover11 rover11store waypoint50
317076 visit waypoint50
317082 navigate rover11 waypoint50 waypoint3
317085 visit waypoint3
317804 navigate rover11 waypoint3 waypoint51
317938 unvisit waypoint3
318726 unvisit waypoint50
318729 communicate_rock_data1 rover11 general waypoint50 waypoint51 waypoint26
318732 visit waypoint18
318735 navigate rover4 waypoint18 waypoint26
318741 visit waypoint26
318745 navigate rover4 waypoint26 waypoint18
320388 unvisit waypoint26
320392 unvisit waypoint18
320395 drop rover4 rover4store
320397 sample_rock rover4 rover4store waypoint18
320399 visit waypoint18
320404 navigate rover4 waypoint18 waypoint58
322049 unvisit waypoint18
322053 communicate_rock_data1 rover4 general waypoint18 waypoint58 waypoint26
322055 visit waypoint45
322061 navigate rover5 waypoint45 waypoint10
322063 visit waypoint10
322069 navigate rover5 waypoint10 waypoint17
323711 unvisit waypoint10
323715 unvisit waypoint45
323717 drop rover5 rover5store
323720 sample_rock rover5 rover5store waypoint17
323722 visit waypoint17
323728 navigate rover5 waypoint17 waypoint10
323731 visit waypoint10
324451 navigate rover5 waypoint10 waypoint45
324584 unvisit waypoint10
325371 unvisit waypoint17
325376 communicate_rock_data1 rover5 general waypoint17 waypoint45 waypoint26
325379 visit waypoint9
325383 navigate rover7 waypoint9 waypoint21
325387 visit waypoint21
325390 navigate rover7 waypoint21 waypoint31
325394 visit waypoint31
326113 navigate rover7 waypoint31 waypoint43
326247 unvisit waypoint31
327034 unvisit waypoint21
327038 unvisit waypoint9
327040 drop rover7 rover7store
327043 sample_rock rover7 rover7store waypoint43
327046 visit waypoint43
327051 navigate rover7 waypoint43 waypoint31
327054 visit waypoint31
327773 navigate rover7 waypoint31 waypoint21
327907 unvisit waypoint31
328695 unvisit waypoint43
328699 communicate_rock_data1 rover7 general waypoint43 waypoint21 waypoint26
328702 visit waypoint27
328707 navigate rover8 waypoint27 waypoint39
328709 visit waypoint39
329427 navigate rover8 waypoint39 waypoint33
329562 unvisit waypoint39
330349 unvisit waypoint27
330353 calibrate rover8 camera8 objective2 waypoint33
330355 visit waypoint33
330359 navigate rover8 waypoint33 waypoint39
330364 visit waypoint39
330367 navigate rover8 waypoint39 waypoint23
330371 visit waypoint23
331089 navigate rover8 waypoint23 waypoint15
331224 unvisit waypoint23
332012 unvisit waypoint39
332016 unvisit waypoint33
332018 take_image rover8 waypoint15 objective3 camera8 low_res
332020 visit waypoint15
332023 navigate rover8 waypoint15 waypoint23
332028 visit waypoint23
332747 navigate rover8 waypoint23 waypoint21
332881 unvisit waypoint23
333668 unvisit waypoint15
333672 communicate_image_data rover8 general objective3 low_res waypoint21 waypoint26
333674 visit waypoint21
333679 navigate rover8 waypoint21 waypoint23
333682 visit waypoint23
334400 navigate rover8 waypoint23 waypoint0
334535 unvisit waypoint23
335323 unvisit waypoint21
335326 calibrate rover8 camera7 objective10 waypoint0
335329 visit waypoint0
335334 navigate rover8 waypoint0 waypoint23
335337 visit waypoint23
335341 navigate rover8 waypoint23 waypoint39
335344 visit waypoint39
336063 navigate rover8 waypoint39 waypoint8
336197 unvisit waypoint39
336985 unvisit waypoint23
336989 unvisit waypoint0
336991 take_image rover8 waypoint8 objective6 camera7 colour
336993 visit waypoint8
336998 navigate rover8 waypoint8 waypoint51
338642 unvisit waypoint8
338645 communicate_image_data rover8 general objective6 colour waypoint51 waypoint26
338647 visit waypoint54
338652 navigate rover2 waypoint54 waypoint50
338655 visit waypoint50
339374 navigate rover2 waypoint50 waypoint27
339509 unvisit waypoint50
340296 unvisit waypoint54
340299 calibrate rover2 camera9 objective0 waypoint27
340301 visit waypoint27
340306 navigate rover2 waypoint27 waypoint50
340310 visit waypoint50
340314 navigate rover2 waypoint50 waypoint56
340317 visit waypoint56
341036 navigate rover2 waypoint56 waypoint21
341170 unvisit waypoint56
341958 unvisit waypoint50
341962 unvisit waypoint27
341964 take_image rover2 waypoint21 objective3 camera9 high_res
341967 visit waypoint21
341972 navigate rover2 waypoint21 waypoint56
341974 visit waypoint56
342692 navigate rover2 waypoint56 waypoint53
342827 unvisit waypoint56
343615 unvisit waypoint21
343618 communicate_image_data rover2 general objective3 high_res waypoint53 waypoint26
343621 visit waypoint53
343626 navigate rover2 waypoint53 waypoint56
343628 visit waypoint56
344346 navigate rover2 waypoint56 waypoint9
344482 unvisit waypoint56
345269 unvisit waypoint53
345272 calibrate rover2 camera9 objective0 waypoint9
345275 visit waypoint9
345278 navigate rover2 waypoint9 waypoint56
345283 visit waypoint56
345287 navigate rover2 waypoint56 waypoint21
345290 visit waypoint21
346009 navigate rover2 waypoint21 waypoint19
346143 unvisit waypoint21
346931 unvisit waypoint56
346935 unvisit waypoint9
346937 take_image rover2 waypoint19 objective9 camera9 high_res
346940 visit waypoint19
346945 navigate rover2 waypoint19 waypoint21
348588 unvisit waypoint19
348591 communicate_image_data rover2 general objective9 high_res waypoint21 waypoint26
348593 visit waypoint21
348598 navigate rover0 waypoint21 waypoint19
348601 visit waypoint19
349319 navigate rover0 waypoint19 waypoint11
349454 unvisit waypoint19
350242 unvisit waypoint21
350245 calibrate rover0 camera10 objective8 waypoint11
350248 visit waypoint11
350252 navigate rover0 waypoint11 waypoint54
350256 visit waypoint54
350260 navigate rover0 waypoint54 waypoint17
351904 unvisit waypoint54
351908 unvisit waypoint11
351910 take_image rover0 waypoint17 objective4 camera10 high_res
351912 visit waypoint17
351918 navigate rover0 waypoint17 waypoint54
353560 unvisit waypoint17
353564 communicate_image_data rover0 general objective4 high_res waypoint54 waypoint26
353567 visit waypoint54
353570 navigate rover10 waypoint54 waypoint17
353574 visit waypoint17
354293 navigate rover10 waypoint17 waypoint5
354427 unvisit waypoint17
355215 unvisit waypoint54
355218 calibrate rover10 camera12 objective10 waypoint5
355220 visit waypoint5
355226 navigate rover10 waypoint5 waypoint17
356881 unvisit waypoint5
356883 take_image rover10 waypoint17 objective0 camera12 colour
356886 visit waypoint17
356890 navigate rover10 waypoint17 waypoint14
356893 visit waypoint14
357612 navigate rover10 waypoint14 waypoint53
357746 unvisit waypoint14
358534 unvisit waypoint17
358537 communicate_image_data rover10 general objective0 colour waypoint53 waypoint26
root 75 101 128 155 182 209 236 263 290 317 344 371 398 425 452 479 506 533 560 587 614 641 668 695 722 749 776 803 830 857 943 1001 1087 1151 1239
75 get_soil_data waypoint38 -> m7_get_soil_data 232336 233996 233999 3077
101 get_soil_data waypoint49 -> m7_get_soil_data 3258 237319 237322 4803
128 get_soil_data waypoint34 -> m7_get_soil_data 4982 240642 240645 6527
155 get_soil_data waypoint51 -> m7_get_soil_data 6704 243964 243968 8249
182 get_soil_data waypoint59 -> m7_get_soil_data 8429 247288 247291 9974
209 get_soil_data waypoint52 -> m7_get_soil_data 10152 250611 250614 11697
236 get_soil_data waypoint46 -> m7_get_soil_data 11875 253934 253937 13420
263 get_soil_data waypoint3 -> m7_get_soil_data 13595 257256 257260 15140
290 get_soil_data waypoint7 -> m7_get_soil_data 15317 260579 260583 16862
317 get_soil_data waypoint54 -> m7_get_soil_data 17042 263902 263906 18587
344 get_soil_data waypoint30 -> m7_get_soil_data 18767 267225 267229 20312
371 get_soil_data waypoint53 -> m7_get_soil_data 20491 270549 270552 22036
398 get_soil_data waypoint36 -> m7_get_soil_data 22218 273871 273875 23763
425 get_soil_data waypoint58 -> m7_get_soil_data 23942 277194 277198 25487
452 get_rock_data waypoint31 -> m10_get_rock_data 278856 280517 280521 27210
479 get_rock_data waypoint45 -> m10_get_rock_data 27392 283840 283844 28937
506 get_rock_data waypoint29 -> m10_get_rock_data 29118 287163 287167 30663
533 get_rock_data waypoint41 -> m10_get_rock_data 30840 290486 290490 32385
560 get_rock_data waypoint56 -> m10_get_rock_data 32565 293810 293813 34110
587 get_rock_data waypoint54 -> m10_get_rock_data 34290 297132 297136 35835
614 get_rock_data waypoint55 -> m10_get_rock_data 36016 300455 300459 37561
641 get_rock_data waypoint11 -> m10_get_rock_data 37742 303779 303782 39287
668 get_rock_data waypoint53 -> m10_get_rock_data 39469 307101 307105 41014
695 get_rock_data waypoint37 -> m10_get_rock_data 41197 310424 310428 42742
722 get_rock_data waypoint38 -> m10_get_rock_data 42921 313747 313751 44466
749 get_rock_data waypoint50 -> m10_get_rock_data 44648 317070 317074 46193
776 get_rock_data waypoint18 -> m10_get_rock_data 46373 320394 320397 47918
803 get_rock_data waypoint17 -> m10_get_rock_data 48096 323716 323720 49641
830 get_rock_data waypoint43 -> m10_get_rock_data 49819 327039 327043 51364
857 get_image_data objective3 low_res -> m13_get_image_data 51544 52337 332018 53844
943 get_image_data objective6 colour -> m13_get_image_data 53997 54790 336991 56297
1001 get_image_data objective3 high_res -> m13_get_image_data 56450 57243 341964 58750
1087 get_image_data objective9 high_res -> m13_get_image_data 58902 59695 346937 61202
1151 get_image_data objective4 high_res -> m13_get_image_data 61354 62147 351910 63654
1239 get_image_data objective0 colour -> m13_get_image_data 63806 64599 356883 66106
3077 send_soil_data rover9 waypoint38 -> m8_send_soil_data 67931 235655
3258 do_navigate1 rover10 waypoint49 -> m1_do_navigate1 235657 68793 237317
4803 send_soil_data rover10 waypoint49 -> m8_send_soil_data 69779 238978
4982 do_navigate1 rover1 waypoint34 -> m1_do_navigate1 238980 70641 240640
6527 send_soil_data rover1 waypoint34 -> m8_send_soil_data 71627 242301
6704 do_navigate1 rover5 waypoint51 -> m1_do_navigate1 242304 72489 243963
8249 send_soil_data rover5 waypoint51 -> m8_send_soil_data 73475 245624
8429 do_navigate1 rover9 waypoint59 -> m1_do_navigate1 245627 74337 247285
9974 send_soil_data rover9 waypoint59 -> m8_send_soil_data 75323 248946
10152 do_navigate1 rover5 waypoint52 -> m1_do_navigate1 248949 76185 250609
11697 send_soil_data rover5 waypoint52 -> m8_send_soil_data 77171 252270
11875 do_navigate1 rover11 waypoint46 -> m1_do_navigate1 252273 252276 253932
13420 send_soil_data rover11 waypoint46 -> m8_send_soil_data 79019 255593
13595 do_navigate1 rover11 waypoint3 -> m1_do_navigate1 255596 255600 257255
15140 send_soil_data rover11 waypoint3 -> m8_send_soil_data 80867 258916
15317 do_navigate1 rover11 waypoint7 -> m1_do_navigate1 258918 258923 260578
16862 send_soil_data rover11 waypoint7 -> m8_send_soil_data 82715 262239
17042 do_navigate1 rover11 waypoint54 -> m1_do_navigate1 262241 83577 263901
18587 send_soil_data rover11 waypoint54 -> m8_send_soil_data 84563 265561
18767 do_navigate1 rover6 waypoint30 -> m1_do_navigate1 265565 85425 267224
20312 send_soil_data rover6 waypoint30 -> m8_send_soil_data 86411 268885
20491 do_navigate1 rover5 waypoint53 -> m1_do_navigate1 268888 87273 270547
22036 send_soil_data rover5 waypoint53 -> m8_send_soil_data 88259 272208
22218 do_navigate1 rover9 waypoint36 -> m1_do_navigate1 272210 89121 273870
23763 send_soil_data rover9 waypoint36 -> m8_send_soil_data 90107 275530
23942 do_navigate1 rover9 waypoint58 -> m1_do_navigate1 275533 90969 277193
25487 send_soil_data rover9 waypoint58 -> m8_send_soil_data 91955 278854
27210 send_rock_data rover7 waypoint31 -> m11_send_rock_data 93803 282177
27392 do_navigate1 rover5 waypoint45 -> m1_do_navigate1 282180 94665 283839
28937 send_rock_data rover5 waypoint45 -> m11_send_rock_data 95651 285500
29118 do_navigate1 rover2 waypoint29 -> m1_do_navigate1 285502 96513 287162
30663 send_rock_data rover2 waypoint29 -> m11_send_rock_data 97499 288823
30840 do_navigate1 rover4 waypoint41 -> m1_do_navigate1 288825 98361 290485
32385 send_rock_data rover4 waypoint41 -> m11_send_rock_data 99347 292146
32565 do_navigate1 rover11 waypoint56 -> m1_do_navigate1 292149 100209 293808
34110 send_rock_data rover11 waypoint56 -> m11_send_rock_data 101195 295469
34290 do_navigate1 rover0 waypoint54 -> m1_do_navigate1 295472 295475 297131
35835 send_rock_data rover0 waypoint54 -> m11_send_rock_data 103043 298792
36016 do_navigate1 rover11 waypoint55 -> m1_do_navigate1 298795 103905 300454
37561 send_rock_data rover11 waypoint55 -> m11_send_rock_data 104891 302115
37742 do_navigate1 rover0 waypoint11 -> m1_do_navigate1 302118 302119 303777
39287 send_rock_data rover0 waypoint11 -> m11_send_rock_data 106739 305438
39469 do_navigate1 rover5 waypoint53 -> m1_do_navigate1 305440 305445 307100
41014 send_rock_data rover5 waypoint53 -> m11_send_rock_data 108587 308760
41197 do_navigate1 rover5 waypoint37 -> m1_do_navigate1 308764 109449 310423
42742 send_rock_data rover5 waypoint37 -> m11_send_rock_data 110435 312084
42921 do_navigate1 rover7 waypoint38 -> m1_do_navigate1 312086 111297 313746
44466 send_rock_data rover7 waypoint38 -> m11_send_rock_data 112283 315407
44648 do_navigate1 rover11 waypoint50 -> m1_do_navigate1 315409 113145 317069
46193 send_rock_data rover11 waypoint50 -> m11_send_rock_data 114131 318729
46373 do_navigate1 rover4 waypoint18 -> m1_do_navigate1 318732 114993 320392
47918 send_rock_data rover4 waypoint18 -> m11_send_rock_data 115979 322053
48096 do_navigate1 rover5 waypoint17 -> m1_do_navigate1 322055 116841 323715
49641 send_rock_data rover5 waypoint17 -> m11_send_rock_data 117827 325376
49819 do_navigate1 rover7 waypoint43 -> m1_do_navigate1 325379 118689 327038
51364 send_rock_data rover7 waypoint43 -> m11_send_rock_data 119675 328699
51544 do_calibrate rover8 camera8 -> m15_do_calibrate 120532 330353
52337 do_navigate1 rover8 waypoint15 -> m1_do_navigate1 330355 121392 332016
53844 send_image_data rover8 objective3 low_res -> m14_send_image_data 122375 333672
53997 do_calibrate rover8 camera7 -> m15_do_calibrate 123230 335326
54790 do_navigate1 rover8 waypoint8 -> m1_do_navigate1 335329 124090 336989
56297 send_image_data rover8 objective6 colour -> m14_send_image_data 125073 338645
56450 do_calibrate rover2 camera9 -> m15_do_calibrate 125928 340299
57243 do_navigate1 rover2 waypoint21 -> m1_do_navigate1 340301 126788 341962
58750 send_image_data rover2 objective3 high_res -> m14_send_image_data 127771 343618
58902 do_calibrate rover2 camera9 -> m15_do_calibrate 128626 345272
59695 do_navigate1 rover2 waypoint19 -> m1_do_navigate1 345275 129486 346935
61202 send_image_data rover2 objective9 high_res -> m14_send_image_data 130469 348591
61354 do_calibrate rover0 camera10 -> m15_do_calibrate 131324 350245
62147 do_navigate1 rover0 waypoint17 -> m1_do_navigate1 350248 132184 351908
63654 send_image_data rover0 objective4 high_res -> m14_send_image_data 133167 353564
63806 do_calibrate rover10 camera12 -> m15_do_calibrate 134022 355218
64599 do_navigate1 rover10 waypoint17 -> m1_do_navigate1 355220 355225 356881
66106 send_image_data rover10 objective0 colour -> m14_send_image_data 135865 358537
67931 do_navigate1 rover9 waypoint0 -> m1_do_navigate1 234001 234006 235651
68793 do_navigate2 rover10 waypoint42 waypoint49 -> m4_do_navigate2 235663 235666 139568 237313
69779 do_navigate1 rover10 waypoint54 -> m1_do_navigate1 237325 140502 238973
70641 do_navigate2 rover1 waypoint5 waypoint34 -> m4_do_navigate2 238984 238989 238992 240635
71627 do_navigate1 rover1 waypoint9 -> m1_do_navigate1 240649 143089 242297
72489 do_navigate2 rover5 waypoint45 waypoint51 -> m4_do_navigate2 242308 242312 242315 243959
73475 do_navigate1 rover5 waypoint51 -> m1_do_navigate1 243972 243975 245620
74337 do_navigate2 rover9 waypoint0 waypoint59 -> m4_do_navigate2 245632 245635 245639 247282
75323 do_navigate1 rover9 waypoint0 -> m1_do_navigate1 247295 148263 248943
76185 do_navigate2 rover5 waypoint51 waypoint52 -> m4_do_navigate2 248954 248957 248960 250605
77171 do_navigate1 rover5 waypoint45 -> m1_do_navigate1 250617 150850 252265
79019 do_navigate1 rover11 waypoint51 -> m1_do_navigate1 253941 253945 255589
80867 do_navigate1 rover11 waypoint51 -> m1_do_navigate1 257264 257266 258912
82715 do_navigate1 rover11 waypoint51 -> m1_do_navigate1 260587 260591 262235
83577 do_navigate2 rover11 waypoint51 waypoint54 -> m4_do_navigate2 262246 262250 160264 263897
84563 do_navigate1 rover11 waypoint54 -> m1_do_navigate1 263910 263913 265558
85425 do_navigate2 rover6 waypoint22 waypoint30 -> m4_do_navigate2 265570 265572 162851 267220
86411 do_navigate1 rover6 waypoint58 -> m1_do_navigate1 267232 163785 268881
87273 do_navigate2 rover5 waypoint45 waypoint53 -> m4_do_navigate2 268893 268896 268898 270543
88259 do_navigate1 rover5 waypoint53 -> m1_do_navigate1 270555 166372 272204
89121 do_navigate2 rover9 waypoint0 waypoint36 -> m4_do_navigate2 272215 272219 168025 273866
90107 do_navigate1 rover9 waypoint21 -> m1_do_navigate1 273879 273881 275527
90969 do_navigate2 rover9 waypoint21 waypoint58 -> m4_do_navigate2 275536 275541 170612 277188
91955 do_navigate1 rover9 waypoint58 -> m1_do_navigate1 277202 171546 278850
93803 do_navigate1 rover7 waypoint51 -> m1_do_navigate1 280525 280527 282172
94665 do_navigate2 rover5 waypoint53 waypoint45 -> m4_do_navigate2 282185 282188 282192 283835
95651 do_navigate1 rover5 waypoint53 -> m1_do_navigate1 283846 176720 285495
96513 do_navigate2 rover2 waypoint56 waypoint29 -> m4_do_navigate2 285508 285511 285513 287158
97499 do_navigate1 rover2 waypoint54 -> m1_do_navigate1 287169 179307 288819
98361 do_navigate2 rover4 waypoint49 waypoint41 -> m4_do_navigate2 288829 288834 288838 290481
99347 do_navigate1 rover4 waypoint18 -> m1_do_navigate1 290492 290497 292142
100209 do_navigate2 rover11 waypoint54 waypoint56 -> m4_do_navigate2 292154 292157 183547 293804
101195 do_navigate1 rover11 waypoint51 -> m1_do_navigate1 293816 184481 295465
103043 do_navigate1 rover0 waypoint54 -> m1_do_navigate1 297139 297143 298788
103905 do_navigate2 rover11 waypoint51 waypoint55 -> m4_do_navigate2 298800 298803 298806 300450
104891 do_navigate1 rover11 waypoint51 -> m1_do_navigate1 300463 189655 302111
106739 do_navigate1 rover0 waypoint21 -> m1_do_navigate1 303786 192242 305434
108587 do_navigate1 rover5 waypoint45 -> m1_do_navigate1 307108 194829 308757
109449 do_navigate2 rover5 waypoint45 waypoint37 -> m4_do_navigate2 308769 308772 308774 310419
110435 do_navigate1 rover5 waypoint45 -> m1_do_navigate1 310432 197416 312080
111297 do_navigate2 rover7 waypoint51 waypoint38 -> m4_do_navigate2 312092 312095 199069 313742
112283 do_navigate1 rover7 waypoint9 -> m1_do_navigate1 313754 200003 315402
113145 do_navigate2 rover11 waypoint51 waypoint50 -> m4_do_navigate2 315413 315418 315421 317065
114131 do_navigate1 rover11 waypoint51 -> m1_do_navigate1 317076 202590 318726
114993 do_navigate2 rover4 waypoint18 waypoint18 -> m4_do_navigate2 318735 318741 318744 320388
115979 do_navigate1 rover4 waypoint58 -> m1_do_navigate1 320399 320403 322049
116841 do_navigate2 rover5 waypoint45 waypoint17 -> m4_do_navigate2 322061 322063 322068 323711
117827 do_navigate1 rover5 waypoint45 -> m1_do_navigate1 323722 207764 325371
118689 do_navigate2 rover7 waypoint9 waypoint43 -> m4_do_navigate2 325383 325387 209417 327034
119675 do_navigate1 rover7 waypoint21 -> m1_do_navigate1 327046 210351 328695
120532 do_navigate1 rover8 waypoint33 -> m1_do_navigate1 328702 211281 330349
121392 do_navigate2 rover8 waypoint33 waypoint15 -> m4_do_navigate2 330359 330364 212932 332012
122375 do_navigate1 rover8 waypoint21 -> m1_do_navigate1 332020 213863 333668
123230 do_navigate1 rover8 waypoint0 -> m1_do_navigate1 333674 214791 335323
124090 do_navigate2 rover8 waypoint0 waypoint8 -> m4_do_navigate2 335334 335337 216442 336985
125073 do_navigate1 rover8 waypoint51 -> m1_do_navigate1 336993 336997 338642
125928 do_navigate1 rover2 waypoint27 -> m1_do_navigate1 338647 218301 340296
126788 do_navigate2 rover2 waypoint27 waypoint21 -> m4_do_navigate2 340306 340310 219952 341958
127771 do_navigate1 rover2 waypoint53 -> m1_do_navigate1 341967 220883 343615
128626 do_navigate1 rover2 waypoint9 -> m1_do_navigate1 343621 221811 345269
129486 do_navigate2 rover2 waypoint9 waypoint19 -> m4_do_navigate2 345278 345283 223462 346931
130469 do_navigate1 rover2 waypoint21 -> m1_do_navigate1 346940 346944 348588
131324 do_navigate1 rover0 waypoint11 -> m1_do_navigate1 348593 225321 350242
132184 do_navigate2 rover0 waypoint11 waypoint17 -> m4_do_navigate2 350252 350256 350259 351904
133167 do_navigate1 rover0 waypoint54 -> m1_do_navigate1 351912 351917 353560
134022 do_navigate1 rover10 waypoint5 -> m1_do_navigate1 353567 228831 355215
135865 do_navigate1 rover10 waypoint53 -> m1_do_navigate1 356886 231413 358534
139568 do_navigate2 rover10 waypoint14 waypoint49 -> m4_do_navigate2 235670 235673 236391 236526
140502 do_navigate2 rover10 waypoint49 waypoint54 -> m4_do_navigate2 237330 237333 238050 238186
143089 do_navigate2 rover1 waypoint34 waypoint9 -> m4_do_navigate2 240654 240656 241373 241509
148263 do_navigate2 rover9 waypoint59 waypoint0 -> m4_do_navigate2 247299 247302 248019 248155
150850 do_navigate2 rover5 waypoint52 waypoint45 -> m4_do_navigate2 250622 250625 251343 251478
160264 do_navigate2 rover11 waypoint5 waypoint54 -> m4_do_navigate2 262252 262257 262975 263110
162851 do_navigate2 rover6 waypoint24 waypoint30 -> m4_do_navigate2 265578 265580 266298 266433
163785 do_navigate2 rover6 waypoint30 waypoint58 -> m4_do_navigate2 267236 267240 267959 268093
166372 do_navigate2 rover5 waypoint53 waypoint53 -> m4_do_navigate2 270561 270563 271281 271416
168025 do_navigate2 rover9 waypoint38 waypoint36 -> m4_do_navigate2 272222 272226 272944 273079
170612 do_navigate2 rover9 waypoint38 waypoint58 -> m4_do_navigate2 275545 275549 276267 276402
171546 do_navigate2 rover9 waypoint58 waypoint58 -> m4_do_navigate2 277206 277209 277927 278062
176720 do_navigate2 rover5 waypoint45 waypoint53 -> m4_do_navigate2 283852 283855 284573 284708
179307 do_navigate2 rover2 waypoint29 waypoint54 -> m4_do_navigate2 287174 287178 287895 288031
183547 do_navigate2 rover11 waypoint28 waypoint56 -> m4_do_navigate2 292160 292164 292881 293017
184481 do_navigate2 rover11 waypoint56 waypoint51 -> m4_do_navigate2 293821 293824 294542 294677
189655 do_navigate2 rover11 waypoint55 waypoint51 -> m4_do_navigate2 300466 300470 301188 301323
192242 do_navigate2 rover0 waypoint11 waypoint21 -> m4_do_navigate2 303791 303793 304510 304646
194829 do_navigate2 rover5 waypoint53 waypoint45 -> m4_do_navigate2 307114 307116 307833 307969
197416 do_navigate2 rover5 waypoint37 waypoint45 -> m4_do_navigate2 310436 310439 311157 311293
199069 do_navigate2 rover7 waypoint31 waypoint38 -> m4_do_navigate2 312098 312102 312819 312955
200003 do_navigate2 rover7 waypoint38 waypoint9 -> m4_do_navigate2 313760 313762 314479 314615
202590 do_navigate2 rover11 waypoint50 waypoint51 -> m4_do_navigate2 317082 317085 317803 317938
207764 do_navigate2 rover5 waypoint17 waypoint45 -> m4_do_navigate2 323728 323731 324450 324584
209417 do_navigate2 rover7 waypoint21 waypoint43 -> m4_do_navigate2 325390 325394 326112 326247
210351 do_navigate2 rover7 waypoint43 waypoint21 -> m4_do_navigate2 327051 327054 327772 327907
211281 do_navigate2 rover8 waypoint27 waypoint33 -> m4_do_navigate2 328707 328709 329426 329562
212932 do_navigate2 rover8 waypoint39 waypoint15 -> m4_do_navigate2 330367 330371 331088 331224
213863 do_navigate2 rover8 waypoint15 waypoint21 -> m4_do_navigate2 332023 332028 332746 332881
214791 do_navigate2 rover8 waypoint21 waypoint0 -> m4_do_navigate2 333679 333682 334399 334535
216442 do_navigate2 rover8 waypoint23 waypoint8 -> m4_do_navigate2 335341 335344 336062 336197
218301 do_navigate2 rover2 waypoint54 waypoint27 -> m4_do_navigate2 338652 338655 339373 339509
219952 do_navigate2 rover2 waypoint50 waypoint21 -> m4_do_navigate2 340314 340317 341035 341170
220883 do_navigate2 rover2 waypoint21 waypoint53 -> m4_do_navigate2 341972 341974 342691 342827
221811 do_navigate2 rover2 waypoint53 waypoint9 -> m4_do_navigate2 343626 343628 344345 344482
223462 do_navigate2 rover2 waypoint56 waypoint19 -> m4_do_navigate2 345287 345290 346008 346143
225321 do_navigate2 rover0 waypoint21 waypoint11 -> m4_do_navigate2 348598 348601 349318 349454
228831 do_navigate2 rover10 waypoint54 waypoint5 -> m4_do_navigate2 353570 353574 354292 354427
231413 do_navigate2 rover10 waypoint17 waypoint53 -> m4_do_navigate2 356890 356893 357611 357746
232336 do_navigate1 rover9 waypoint38 -> m0_do_navigate1 232337
233996 empty_store rover9store rover9 -> m5_empty_store 233997
234006 do_navigate2 rover9 waypoint38 waypoint0 -> m3_do_navigate2 234007
236391 do_navigate2 rover10 waypoint17 waypoint49 -> m3_do_navigate2 236392
237319 empty_store rover10store rover10 -> m5_empty_store 237320
238050 do_navigate2 rover10 waypoint17 waypoint54 -> m3_do_navigate2 238051
238992 do_navigate2 rover1 waypoint55 waypoint34 -> m3_do_navigate2 238993
240642 empty_store rover1store rover1 -> m5_empty_store 240643
241373 do_navigate2 rover1 waypoint55 waypoint9 -> m3_do_navigate2 241374
242315 do_navigate2 rover5 waypoint2 waypoint51 -> m3_do_navigate2 242316
243964 empty_store rover5store rover5 -> m5_empty_store 243965
243975 do_navigate2 rover5 waypoint51 waypoint51 -> m2_do_navigate2 243976
245639 do_navigate2 rover9 waypoint23 waypoint59 -> m3_do_navigate2 245640
247288 empty_store rover9store rover9 -> m6_empty_store 247289
248019 do_navigate2 rover9 waypoint23 waypoint0 -> m3_do_navigate2 248020
248960 do_navigate2 rover5 waypoint2 waypoint52 -> m3_do_navigate2 248961
250611 empty_store rover5store rover5 -> m6_empty_store 250612
251343 do_navigate2 rover5 waypoint2 waypoint45 -> m3_do_navigate2 251344
252276 do_navigate2 rover11 waypoint51 waypoint46 -> m3_do_navigate2 252277
253934 empty_store rover11store rover11 -> m5_empty_store 253935
253945 do_navigate2 rover11 waypoint46 waypoint51 -> m3_do_navigate2 253946
255600 do_navigate2 rover11 waypoint51 waypoint3 -> m3_do_navigate2 255601
257256 empty_store rover11store rover11 -> m6_empty_store 257257
257266 do_navigate2 rover11 waypoint3 waypoint51 -> m3_do_navigate2 257267
258923 do_navigate2 rover11 waypoint51 waypoint7 -> m3_do_navigate2 258924
260579 empty_store rover11store rover11 -> m6_empty_store 260580
260591 do_navigate2 rover11 waypoint7 waypoint51 -> m3_do_navigate2 260592
262975 do_navigate2 rover11 waypoint28 waypoint54 -> m3_do_navigate2 262976
263902 empty_store rover11store rover11 -> m6_empty_store 263903
263913 do_navigate2 rover11 waypoint54 waypoint54 -> m2_do_navigate2 263914
266298 do_navigate2 rover6 waypoint6 waypoint30 -> m3_do_navigate2 266299
267225 empty_store rover6store rover6 -> m5_empty_store 267226
267959 do_navigate2 rover6 waypoint6 waypoint58 -> m3_do_navigate2 267960
268898 do_navigate2 rover5 waypoint26 waypoint53 -> m3_do_navigate2 268899
270549 empty_store rover5store rover5 -> m6_empty_store 270550
271281 do_navigate2 rover5 waypoint26 waypoint53 -> m3_do_navigate2 271282
272944 do_navigate2 rover9 waypoint21 waypoint36 -> m3_do_navigate2 272945
273871 empty_store rover9store rover9 -> m6_empty_store 273872
273881 do_navigate2 rover9 waypoint36 waypoint21 -> m3_do_navigate2 273882
276267 do_navigate2 rover9 waypoint0 waypoint58 -> m3_do_navigate2 276268
277194 empty_store rover9store rover9 -> m6_empty_store 277195
277927 do_navigate2 rover9 waypoint0 waypoint58 -> m3_do_navigate2 277928
278856 do_navigate1 rover7 waypoint31 -> m0_do_navigate1 278857
280517 empty_store rover7store rover7 -> m5_empty_store 280518
280527 do_navigate2 rover7 waypoint31 waypoint51 -> m3_do_navigate2 280528
282192 do_navigate2 rover5 waypoint26 waypoint45 -> m3_do_navigate2 282193
283840 empty_store rover5store rover5 -> m6_empty_store 283841
284573 do_navigate2 rover5 waypoint26 waypoint53 -> m3_do_navigate2 284574
285513 do_navigate2 rover2 waypoint50 waypoint29 -> m3_do_navigate2 285514
287163 empty_store rover2store rover2 -> m5_empty_store 287164
287895 do_navigate2 rover2 waypoint50 waypoint54 -> m3_do_navigate2 287896
288838 do_navigate2 rover4 waypoint18 waypoint41 -> m3_do_navigate2 288839
290486 empty_store rover4store rover4 -> m5_empty_store 290487
290497 do_navigate2 rover4 waypoint41 waypoint18 -> m3_do_navigate2 290498
292881 do_navigate2 rover11 waypoint5 waypoint56 -> m3_do_navigate2 292882
293810 empty_store rover11store rover11 -> m6_empty_store 293811
294542 do_navigate2 rover11 waypoint5 waypoint51 -> m3_do_navigate2 294543
295475 do_navigate2 rover0 waypoint11 waypoint54 -> m3_do_navigate2 295476
297132 empty_store rover0store rover0 -> m5_empty_store 297133
297143 do_navigate2 rover0 waypoint54 waypoint54 -> m2_do_navigate2 297144
298806 do_navigate2 rover11 waypoint3 waypoint55 -> m3_do_navigate2 298807
300455 empty_store rover11store rover11 -> m6_empty_store 300456
301188 do_navigate2 rover11 waypoint3 waypoint51 -> m3_do_navigate2 301189
302119 do_navigate2 rover0 waypoint54 waypoint11 -> m3_do_navigate2 302120
303779 empty_store rover0store rover0 -> m6_empty_store 303780
304510 do_navigate2 rover0 waypoint19 waypoint21 -> m3_do_navigate2 304511
305445 do_navigate2 rover5 waypoint53 waypoint53 -> m2_do_navigate2 305446
307101 empty_store rover5store rover5 -> m6_empty_store 307102
307833 do_navigate2 rover5 waypoint26 waypoint45 -> m3_do_navigate2 307834
308774 do_navigate2 rover5 waypoint23 waypoint37 -> m3_do_navigate2 308775
310424 empty_store rover5store rover5 -> m6_empty_store 310425
311157 do_navigate2 rover5 waypoint23 waypoint45 -> m3_do_navigate2 311158
312819 do_navigate2 rover7 waypoint21 waypoint38 -> m3_do_navigate2 312820
313747 empty_store rover7store rover7 -> m6_empty_store 313748
314479 do_navigate2 rover7 waypoint21 waypoint9 -> m3_do_navigate2 314480
315421 do_navigate2 rover11 waypoint3 waypoint50 -> m3_do_navigate2 315422
317070 empty_store rover11store rover11 -> m6_empty_store 317071
317803 do_navigate2 rover11 waypoint3 waypoint51 -> m3_do_navigate2 317804
318744 do_navigate2 rover4 waypoint26 waypoint18 -> m3_do_navigate2 318745
320394 empty_store rover4store rover4 -> m6_empty_store 320395
320403 do_navigate2 rover4 waypoint18 waypoint58 -> m3_do_navigate2 320404
322068 do_navigate2 rover5 waypoint10 waypoint17 -> m3_do_navigate2 322069
323716 empty_store rover5store rover5 -> m6_empty_store 323717
324450 do_navigate2 rover5 waypoint10 waypoint45 -> m3_do_navigate2 324451
326112 do_navigate2 rover7 waypoint31 waypoint43 -> m3_do_navigate2 326113
327039 empty_store rover7store rover7 -> m6_empty_store 327040
327772 do_navigate2 rover7 waypoint31 waypoint21 -> m3_do_navigate2 327773
329426 do_navigate2 rover8 waypoint39 waypoint33 -> m3_do_navigate2 329427
331088 do_navigate2 rover8 waypoint23 waypoint15 -> m3_do_navigate2 331089
332746 do_navigate2 rover8 waypoint23 waypoint21 -> m3_do_navigate2 332747
334399 do_navigate2 rover8 waypoint23 waypoint0 -> m3_do_navigate2 334400
336062 do_navigate2 rover8 waypoint39 waypoint8 -> m3_do_navigate2 336063
336997 do_navigate2 rover8 waypoint8 waypoint51 -> m3_do_navigate2 336998
339373 do_navigate2 rover2 waypoint50 waypoint27 -> m3_do_navigate2 339374
341035 do_navigate2 rover2 waypoint56 waypoint21 -> m3_do_navigate2 341036
342691 do_navigate2 rover2 waypoint56 waypoint53 -> m3_do_navigate2 342692
344345 do_navigate2 rover2 waypoint56 waypoint9 -> m3_do_navigate2 344346
346008 do_navigate2 rover2 waypoint21 waypoint19 -> m3_do_navigate2 346009
346944 do_navigate2 rover2 waypoint19 waypoint21 -> m3_do_navigate2 346945
349318 do_navigate2 rover0 waypoint19 waypoint11 -> m3_do_navigate2 349319
350259 do_navigate2 rover0 waypoint54 waypoint17 -> m3_do_navigate2 350260
351917 do_navigate2 rover0 waypoint17 waypoint54 -> m3_do_navigate2 351918
354292 do_navigate2 rover10 waypoint17 waypoint5 -> m3_do_navigate2 354293
355225 do_navigate2 rover10 waypoint5 waypoint17 -> m3_do_navigate2 355226
357611 do_navigate2 rover10 waypoint14 waypoint53 -> m3_do_navigate2 357612
<==
216.812 End of solution plan. (counted length of 524)
216.812 Total amount of clauses encoded: 3052845
216.812 - directframeaxioms : 981886 cls
216.812 - indirectframeaxioms : 753696 cls
216.812 - qfactsemantics : 660996 cls
216.812 - substitutionconstraints : 451649 cls
216.812 - reductionconstraints : 151474 cls
216.812 - qconstequality : 37086 cls
216.812 - expansions : 3803 cls
216.812 - predecessors : 3588 cls
216.812 - actionconstraints : 3185 cls
216.812 - atmostoneelement : 3133 cls
216.812 - actioneffects : 1222 cls
216.812 - truefacts : 1125 cls
216.812 - axiomaticops : 2 cls
216.812 # instantiated positions: 1536
216.812 # instantiated actions: 3250
216.812 # instantiated reductions: 340
216.812 # introduced pseudo-constants: 450
216.812 # retroactive prunings: 1
216.812 # retroactively pruned operations: 1
216.812 # dominated operations: 0
216.812 Exiting happily (no cleaning up).

RUNWATCH_RESULT EXIT RETVAL 0 TIME_SECS 216.924 MEMPEAK_KBS 1234828
