    _           _         _
   \ |         \ |       | |                       
   | |     __  | |      _| |______                
   | |     \/  | |     /_   ______\                
   | |      _  | |   __  | |  ___   ___   ___       
   | |___  | | | |  / .\ | | / , | |   \ / ·_\    
   \_____\ |_| |__\ \__/ |_| \___) |_|_| \___\  
[39mL i l o t a n e  version rls-cadical
by Dominik Schreiber <dominik.schreiber@kit.edu> 2020-2021
using SAT solver cadical

0.021 Parser finished.
0.021 Structures extracted.
0.022 84 operators and 82 methods created.
0.044 Mined 85 new reduction preconditions (+8500.0%).
0.044 Iteration 0.
0.044 Creating initial layer of size 2
0.056 Attempting to solve formula with 5 clauses (6 literals) and 1 assumptions
0.056 Unsolvable at layer 0 -- expanding.
0.056 Iteration 1.
0.056 New layer size: 2
0.056 Instantiating ...
0.132 Collected 1 relevant facts at this layer
0.132 Encoding ...
0.134 Attempting to solve formula with 1099 clauses (2356 literals) and 1 assumptions
0.134 Unsolvable at layer 1 -- expanding.
0.134 Iteration 2.
0.134 New layer size: 2
0.134 Instantiating ...
0.136 Retroactively prune reduction (m_tlt_clear_road_tree Q_1,0_point:0_b624f1df4eed6b2a Q_1,0_point:1_b624f1df4eed6b2a)@(1,0): no children at offset 0
0.208 Collected 1 relevant facts at this layer
0.208 Encoding ...
0.209 Attempting to solve formula with 1231 clauses (2684 literals) and 1 assumptions
0.209 Unsolvable at layer 2 -- expanding.
0.209 Iteration 3.
0.209 New layer size: 7
0.209 Instantiating ...
0.211 Retroactively prune reduction (m_provide_medical_attention_in_hospital Q_2,0_hospital:0_17231b7876708f94 Q_1,0_person:0_a401269cac233a1b)@(2,0): no children at offset 0
0.212 Retroactively prune reduction (m_provide_medical_attention_simple_on_site Q_1,0_person:0_a401269cac233a1b)@(2,0): no children at offset 0
0.238 Retroactively prune reduction (m_clear_road_wreck Q_1,0_point:0_b624f1df4eed6b2a Q_1,0_point:1_b624f1df4eed6b2a)@(2,0): no children at offset 1
0.315 Collected 49 relevant facts at this layer
0.315 Encoding ...
0.320 Attempting to solve formula with 2568 clauses (6171 literals) and 4 assumptions
0.320 Unsolvable at layer 3 -- expanding.
0.320 Iteration 4.
0.320 New layer size: 27
0.320 Instantiating ...
0.434 Retroactively prune reduction (m_clean_up_hazard_normal Q_1,0_point:0_b624f1df4eed6b2a Q_3,1_hazard_team:0_bf5d899e2ddc9a18 Q_1,0_point:1_b624f1df4eed6b2a very_hazardous very_hazardous)@(3,1): no children at offset 2
0.554 Collected 301 relevant facts at this layer
0.554 Encoding ...
0.583 Attempting to solve formula with 23898 clauses (67985 literals) and 21 assumptions
0.584 Unsolvable at layer 4 -- expanding.
0.584 Iteration 5.
0.584 New layer size: 72
0.584 Instantiating ...
0.902 Collected 430 relevant facts at this layer
0.902 Encoding ...
0.971 Attempting to solve formula with 84324 clauses (242697 literals) and 36 assumptions
0.974 Unsolvable at layer 5 -- expanding.
0.974 Iteration 6.
0.974 New layer size: 178
0.974 Instantiating ...
1.551 Collected 533 relevant facts at this layer
1.551 Encoding ...
1.753 Attempting to solve formula with 238435 clauses (705817 literals) and 93 assumptions
1.762 Unsolvable at layer 6 -- expanding.
1.762 Iteration 7.
1.762 New layer size: 314
1.762 Instantiating ...
2.464 Collected 588 relevant facts at this layer
2.464 Encoding ...
2.800 Attempting to solve formula with 495149 clauses (1465198 literals) and 120 assumptions
2.827 Unsolvable at layer 7 -- expanding.
2.827 Iteration 8.
2.827 New layer size: 501
2.827 Instantiating ...
3.774 Collected 588 relevant facts at this layer
3.774 Encoding ...
4.283 Attempting to solve formula with 857118 clauses (2557994 literals) and 121 assumptions
4.684 Found a solution at layer 8.
==>
110173 SHOP_methodm_shut_off_water_precondition henrietta_dump henrietta roch_water
110186 call roch_water
113964 SHOP_methodm_get_to_person_drives_themself_precondition wcrew1 henrietta_dump wtruck1 brighton_high
118634 SHOP_methodm_drive_to_precondition wtruck1 brighton_high wcrew1
118640 p_1Navegate_vehicle
124372 SHOP_methodm_get_to_already_there_precondition wcrew1 henrietta_dump
134604 place_cones wcrew1
141544 SHOP_methodm_get_to_vehicle_gets_driven_precondition backhoe1 henrietta_dump brighton_dump ccrew1
141547 SHOP_methodm_drive_to_precondition backhoe1 brighton_dump ccrew1
141550 navegate_vehicle ccrew1 backhoe1 henrietta_dump brighton_dump
141553 dig backhoe1 henrietta_dump
141557 replace_pipe wcrew1 henrietta_dump brighton_dump
141559 SHOP_methodm_get_to_already_there_precondition backhoe1 henrietta_dump
141569 fill_in backhoe1 henrietta_dump
141576 SHOP_methodm_get_to_as_cargo_precondition tcrew1 henrietta_dump strong plow2
141581 SHOP_methodm_get_to_already_there_precondition plow2 strong
141708 SHOP_methodm_get_in_ambulatory_person_precondition tcrew1 strong plow2
142343 p_2Climb_in
144785 SHOP_methodm_get_to_vehicle_gets_driven_precondition plow2 henrietta_dump strong pdriver1
144794 SHOP_methodm_drive_to_precondition plow2 strong pdriver1
144813 p_3Navegate_vehicle
147185 p_4Climb_out
151801 pickup_cones tcrew1
151805 SHOP_methodm_turn_on_water_precondition henrietta_dump henrietta roch_water
158749 call roch_water
root 13
13 tlt -> m_tlt_fix_water_main 61
61 fix_water_main henrietta_dump brighton_dump -> m_fix_water_main 102 169 236
102 shut_off_water henrietta_dump brighton_dump -> m_shut_off_water 110173 110186
169 repair_pipe henrietta_dump brighton_dump -> m_repair_pipe 2384 2676 3016 141557 3625 3628
236 turn_on_water henrietta_dump brighton_dump -> m_turn_on_water 151805 158749
2384 get_to wcrew1 henrietta_dump -> m_get_to_person_drives_themself 113964 10493
2676 set_up_cones henrietta_dump brighton_dump -> m_set_up_cones 124371 134604
3016 open_hole henrietta_dump brighton_dump -> m_open_hole 15078 141553
3625 close_hole henrietta_dump brighton_dump -> m_close_hole 141558 141569
3628 take_down_cones henrietta_dump brighton_dump -> m_take_down_cones 15894 151801
10493 drive_to wcrew1 wtruck1 henrietta_dump -> m_drive_to 118634 118639
15078 get_to backhoe1 henrietta_dump -> m_get_to_vehicle_gets_driven 141544 41226
15894 get_to tcrew1 henrietta_dump -> m_get_to_as_cargo 141576 141580 41349 41769 42334
41226 drive_to ccrew1 backhoe1 henrietta_dump -> m_drive_to 141547 141549
41349 get_in tcrew1 plow2 -> m_get_in_ambulatory_person 141708 142342
41769 get_to plow2 henrietta_dump -> m_get_to_vehicle_gets_driven 144785 91517
42334 get_out tcrew1 plow2 -> m_get_out_ambulatory_person 147184
91517 drive_to pdriver1 plow2 henrietta_dump -> m_drive_to 144794 144812
118639 cnavegate_vehicle wcrew1 wtruck1 henrietta_dump brighton_high -> prefix_1 118640
124371 get_to wcrew1 henrietta_dump -> m_get_to_already_there 124372
141549 cnavegate_vehicle ccrew1 backhoe1 henrietta_dump brighton_dump -> regular_2 141550
141558 get_to backhoe1 henrietta_dump -> m_get_to_already_there 141559
141580 get_to plow2 strong -> m_get_to_already_there 141581
142342 cclimb_in tcrew1 plow2 strong -> prefix_2 142343
144812 cnavegate_vehicle pdriver1 plow2 henrietta_dump strong -> prefix_3 144813
147184 cclimb_out tcrew1 plow2 henrietta_dump -> prefix_4 147185
<==
4.706 End of solution plan. (counted length of 25)
4.706 Total amount of clauses encoded: 857118
4.706 - directframeaxioms : 564580 cls
4.706 - qfactsemantics : 132569 cls
4.706 - indirectframeaxioms : 70136 cls
4.706 - reductionconstraints : 47746 cls
4.706 - actionconstraints : 13510 cls
4.706 - atmostoneelement : 7302 cls
4.706 - expansions : 4894 cls
4.706 - predecessors : 4117 cls
4.706 - qtypeconstraints : 3858 cls
4.706 - qconstequality : 3326 cls
4.706 - substitutionconstraints : 3180 cls
4.706 - actioneffects : 1299 cls
4.706 - truefacts : 588 cls
4.706 - forbiddenoperations : 11 cls
4.706 - axiomaticops : 2 cls
4.706 # instantiated positions: 1104
4.706 # instantiated actions: 3287
4.706 # instantiated reductions: 840
4.706 # introduced pseudo-constants: 718
4.706 # retroactive prunings: 5
4.706 # retroactively pruned operations: 18
4.706 # dominated operations: 85
4.706 Exiting happily (no cleaning up).

RUNWATCH_RESULT EXIT RETVAL 0 TIME_SECS 4.75 MEMPEAK_KBS 440284
