    _           _         _
   \ |         \ |       | |                       
   | |     __  | |      _| |______                
   | |     \/  | |     /_   ______\                
   | |      _  | |   __  | |  ___   ___   ___       
   | |___  | | | |  / .\ | | / , | |   \ / ·_\    
   \_____\ |_| |__\ \__/ |_| \___) |_|_| \___\  
[39mL i l o t a n e  version rls-glucose4
by Dominik Schreiber <dominik.schreiber@kit.edu> 2020-2021
using SAT solver glucose4

0.024 Parser finished.
0.025 Structures extracted.
0.027 105 operators and 94 methods created.
0.062 Mined 129 new reduction preconditions (+12900.0%).
0.062 Iteration 0.
0.062 Creating initial layer of size 2
0.071 Attempting to solve formula with 5 clauses (6 literals) and 1 assumptions
0.071 Unsolvable at layer 0 -- expanding.
0.071 Iteration 1.
0.071 New layer size: 2
0.071 Instantiating ...
0.113 Collected 1 relevant facts at this layer
0.113 Encoding ...
0.114 Attempting to solve formula with 636 clauses (1365 literals) and 1 assumptions
0.114 Unsolvable at layer 1 -- expanding.
0.114 Iteration 2.
0.114 New layer size: 2
0.114 Instantiating ...
0.150 Collected 1 relevant facts at this layer
0.150 Encoding ...
0.151 Attempting to solve formula with 756 clauses (1671 literals) and 1 assumptions
0.152 Unsolvable at layer 2 -- expanding.
0.152 Iteration 3.
0.152 New layer size: 7
0.152 Instantiating ...
0.241 Collected 61 relevant facts at this layer
0.241 Encoding ...
0.246 Attempting to solve formula with 2354 clauses (5828 literals) and 4 assumptions
0.246 Unsolvable at layer 3 -- expanding.
0.246 Iteration 4.
0.246 New layer size: 27
0.246 Instantiating ...
0.508 Collected 339 relevant facts at this layer
0.508 Encoding ...
0.537 Attempting to solve formula with 25892 clauses (74462 literals) and 22 assumptions
0.538 Unsolvable at layer 4 -- expanding.
0.538 Iteration 5.
0.538 New layer size: 80
0.538 Instantiating ...
1.061 Collected 448 relevant facts at this layer
1.061 Encoding ...
1.142 Attempting to solve formula with 100297 clauses (291030 literals) and 47 assumptions
1.148 Unsolvable at layer 5 -- expanding.
1.148 Iteration 6.
1.148 New layer size: 209
1.148 Instantiating ...
2.074 Collected 598 relevant facts at this layer
2.074 Encoding ...
2.359 Attempting to solve formula with 304452 clauses (901496 literals) and 111 assumptions
2.376 Unsolvable at layer 6 -- expanding.
2.376 Iteration 7.
2.377 New layer size: 416
2.377 Instantiating ...
3.716 Collected 610 relevant facts at this layer
3.716 Encoding ...
4.153 Attempting to solve formula with 678250 clauses (1995687 literals) and 179 assumptions
4.186 Unsolvable at layer 7 -- expanding.
4.186 Iteration 8.
4.186 New layer size: 708
4.186 Instantiating ...
5.948 Collected 610 relevant facts at this layer
5.948 Encoding ...
6.743 Attempting to solve formula with 1235349 clauses (3630053 literals) and 223 assumptions
6.802 Unsolvable at layer 8 -- expanding.
6.802 Iteration 9.
6.802 New layer size: 1092
6.802 Instantiating ...
9.067 Collected 610 relevant facts at this layer
9.067 Encoding ...
10.134 Attempting to solve formula with 1952971 clauses (5721655 literals) and 300 assumptions
10.381 Unsolvable at layer 9 -- expanding.
10.381 Iteration 10.
10.382 New layer size: 1533
10.382 Instantiating ...
12.916 Collected 610 relevant facts at this layer
12.916 Encoding ...
14.149 Attempting to solve formula with 2805984 clauses (8171164 literals) and 351 assumptions
c last restart ## conflicts  :  33 33568 
14.866 Found a solution at layer 10.
==>
382605 SHOP_methodm_clear_road_tree_precondition strong airport tree_133716
388382 SHOP_methodm_get_to_person_drives_themself_precondition wcrew1 strong wtruck1 texaco1
408432 SHOP_methodm_drive_to_precondition wtruck1 texaco1 wcrew1
408436 p_1Navegate_vehicle
418476 p_2Place_cones
438016 SHOP_methodm_clear_tree_precondition tree_133716 strong
449629 SHOP_methodm_get_to_as_cargo_precondition tcrew1 strong mendon_pond pvan2
449644 SHOP_methodm_get_to_vehicle_gets_driven_precondition pvan2 mendon_pond airport pu2
449653 SHOP_methodm_drive_to_precondition pvan2 airport pu2
449660 p_3Navegate_vehicle
449668 SHOP_methodm_get_in_ambulatory_person_precondition tcrew1 mendon_pond pvan2
450445 p_4Climb_in
452753 SHOP_methodm_get_to_vehicle_gets_driven_precondition pvan2 strong mendon_pond pu2
452756 SHOP_methodm_drive_to_precondition pvan2 mendon_pond pu2
452765 p_5Navegate_vehicle
455077 p_6Climb_out
459702 cut_tree tcrew1 tree_133716
478921 SHOP_methodm_get_to_as_cargo_precondition tree_133716 henrietta_dump strong dtruck1
478929 SHOP_methodm_get_to_vehicle_gets_driven_precondition dtruck1 strong texaco1 tdriver1
478932 SHOP_methodm_drive_to_precondition dtruck1 texaco1 tdriver1
478937 navegate_vehicle tdriver1 dtruck1 strong texaco1
478939 SHOP_methodm_get_in_load_in_precondition tree_133716 strong dtruck1 ccrew1
478943 SHOP_methodm_get_to_with_ambulance_precondition ccrew1 strong mendon_pond amb1
478948 SHOP_methodm_get_to_vehicle_gets_driven_precondition amb1 mendon_pond texaco1 emt1
478957 SHOP_methodm_drive_to_precondition amb1 texaco1 emt1
478963 navegate_vehicle emt1 amb1 mendon_pond texaco1
479082 SHOP_methodm_emt_treat_precondition ccrew1 mendon_pond
479094 SHOP_methodm_get_to_already_there_precondition emt1 mendon_pond
479125 treat emt1 ccrew1 mendon_pond
482128 SHOP_methodm_get_in_ambulatory_person_precondition ccrew1 mendon_pond amb1
482133 climb_in ccrew1 amb1 mendon_pond
484470 SHOP_methodm_get_to_vehicle_gets_driven_precondition amb1 strong mendon_pond emt1
484480 SHOP_methodm_drive_to_precondition amb1 mendon_pond emt1
484498 navegate_vehicle emt1 amb1 strong mendon_pond
486727 SHOP_methodm_get_out_unload_precondition amb1 strong emt1 ccrew1
486732 SHOP_methodm_get_to_already_there_precondition emt1 strong
488969 unload emt1 ccrew1 amb1 strong
488973 p_7Load
488976 SHOP_methodm_get_to_vehicle_gets_driven_precondition dtruck1 henrietta_dump strong tdriver1
488980 SHOP_methodm_drive_to_precondition dtruck1 strong tdriver1
488984 p_8Navegate_vehicle
488987 SHOP_methodm_get_out_unload_precondition dtruck1 henrietta_dump wcrew1 tree_133716
488993 SHOP_methodm_get_to_as_cargo_precondition wcrew1 henrietta_dump strong ttruck1
488998 SHOP_methodm_get_to_vehicle_gets_driven_precondition ttruck1 strong mendon_pond ttdriver1
489002 SHOP_methodm_drive_to_precondition ttruck1 mendon_pond ttdriver1
489009 navegate_vehicle ttdriver1 ttruck1 strong mendon_pond
489133 SHOP_methodm_get_in_ambulatory_person_precondition wcrew1 strong ttruck1
489795 p_9Climb_in
492179 SHOP_methodm_get_to_vehicle_gets_driven_precondition ttruck1 henrietta_dump strong ttdriver1
492183 SHOP_methodm_drive_to_precondition ttruck1 strong ttdriver1
492204 p_10Navegate_vehicle
494520 p_11Climb_out
499020 p_12Unload
504729 SHOP_methodm_get_to_person_drives_themself_precondition pcrew1 strong van1 henrietta_dump
504737 SHOP_methodm_drive_to_precondition van1 henrietta_dump pcrew1
504740 p_13Navegate_vehicle
514791 pickup_cones pcrew1
root 9
9 tlt -> m_tlt_clear_road_tree 61
61 clear_road_tree strong airport -> m_clear_road_tree 382605 173 259 363
173 set_up_cones strong airport -> m_set_up_cones 2167 418475
259 clear_tree tree_133716 -> m_clear_tree 438016 4251 459702 5004
363 take_down_cones strong airport -> m_take_down_cones 6111 514791
2167 get_to wcrew1 strong -> m_get_to_person_drives_themself 388382 11165
4251 get_to tcrew1 strong -> m_get_to_as_cargo 449629 17469 17499 17797 18279
5004 remove_blockage tree_133716 -> m_remove_blockage_carry_away 20363
6111 get_to pcrew1 strong -> m_get_to_person_drives_themself 504729 22633
11165 drive_to wcrew1 wtruck1 strong -> m_drive_to 408432 408435
17469 get_to pvan2 mendon_pond -> m_get_to_vehicle_gets_driven 449644 50575
17499 get_in tcrew1 pvan2 -> m_get_in_ambulatory_person 449668 450444
17797 get_to pvan2 strong -> m_get_to_vehicle_gets_driven 452753 51949
18279 get_out tcrew1 pvan2 -> m_get_out_ambulatory_person 455076
20363 get_to tree_133716 henrietta_dump -> m_get_to_as_cargo 478921 58269 58273 58573 59175
22633 drive_to pcrew1 van1 strong -> m_drive_to 504737 504739
50575 drive_to pu2 pvan2 mendon_pond -> m_drive_to 449653 449659
51949 drive_to pu2 pvan2 strong -> m_drive_to 452756 452764
58269 get_to dtruck1 strong -> m_get_to_vehicle_gets_driven 478929 133871
58273 get_in tree_133716 dtruck1 -> m_get_in_load_in 478939 133894 488972
58573 get_to dtruck1 henrietta_dump -> m_get_to_vehicle_gets_driven 488976 134562
59175 get_out tree_133716 dtruck1 -> m_get_out_unload 488987 134584 499019
133871 drive_to tdriver1 dtruck1 strong -> m_drive_to 478932 478936
133894 get_to ccrew1 strong -> m_get_to_with_ambulance 478943 226913 226944 227277 227919 228548
134562 drive_to tdriver1 dtruck1 henrietta_dump -> m_drive_to 488980 488983
134584 get_to wcrew1 henrietta_dump -> m_get_to_as_cargo 488993 229218 229251 229583 230225
226913 get_to amb1 mendon_pond -> m_get_to_vehicle_gets_driven 478948 351033
226944 stabilize ccrew1 -> m_stabilize 351052
227277 get_in ccrew1 amb1 -> m_get_in_ambulatory_person 482128 482132
227919 get_to amb1 strong -> m_get_to_vehicle_gets_driven 484470 353039
228548 get_out ccrew1 amb1 -> m_get_out_unload 486727 486731 488968
229218 get_to ttruck1 strong -> m_get_to_vehicle_gets_driven 488998 354612
229251 get_in wcrew1 ttruck1 -> m_get_in_ambulatory_person 489133 489794
229583 get_to ttruck1 henrietta_dump -> m_get_to_vehicle_gets_driven 492179 355941
230225 get_out wcrew1 ttruck1 -> m_get_out_ambulatory_person 494519
351033 drive_to emt1 amb1 mendon_pond -> m_drive_to 478957 478962
351052 emt_treat ccrew1 -> m_emt_treat 479082 479093 479125
353039 drive_to emt1 amb1 strong -> m_drive_to 484480 484497
354612 drive_to ttdriver1 ttruck1 strong -> m_drive_to 489002 489008
355941 drive_to ttdriver1 ttruck1 henrietta_dump -> m_drive_to 492183 492203
408435 cnavegate_vehicle wcrew1 wtruck1 strong texaco1 -> prefix_1 408436
418475 cplace_cones wcrew1 -> prefix_2 418476
449659 cnavegate_vehicle pu2 pvan2 mendon_pond airport -> prefix_3 449660
450444 cclimb_in tcrew1 pvan2 mendon_pond -> prefix_4 450445
452764 cnavegate_vehicle pu2 pvan2 strong mendon_pond -> prefix_5 452765
455076 cclimb_out tcrew1 pvan2 strong -> prefix_6 455077
478936 cnavegate_vehicle tdriver1 dtruck1 strong texaco1 -> regular_4 478937
478962 cnavegate_vehicle emt1 amb1 mendon_pond texaco1 -> regular_4 478963
479093 get_to emt1 mendon_pond -> m_get_to_already_there 479094
482132 cclimb_in ccrew1 amb1 mendon_pond -> regular_1 482133
484497 cnavegate_vehicle emt1 amb1 strong mendon_pond -> regular_4 484498
486731 get_to emt1 strong -> m_get_to_already_there 486732
488968 cunload emt1 ccrew1 amb1 strong -> regular_6 488969
488972 cload ccrew1 tree_133716 dtruck1 strong -> prefix_7 488973
488983 cnavegate_vehicle tdriver1 dtruck1 henrietta_dump strong -> prefix_8 488984
489008 cnavegate_vehicle ttdriver1 ttruck1 strong mendon_pond -> regular_4 489009
489794 cclimb_in wcrew1 ttruck1 strong -> prefix_9 489795
492203 cnavegate_vehicle ttdriver1 ttruck1 henrietta_dump strong -> prefix_10 492204
494519 cclimb_out wcrew1 ttruck1 henrietta_dump -> prefix_11 494520
499019 cunload wcrew1 tree_133716 dtruck1 henrietta_dump -> prefix_12 499020
504739 cnavegate_vehicle pcrew1 van1 strong henrietta_dump -> prefix_13 504740
<==
14.919 End of solution plan. (counted length of 57)
14.919 Total amount of clauses encoded: 2805984
14.919 - directframeaxioms : 1863968 cls
14.919 - qfactsemantics : 411170 cls
14.919 - indirectframeaxioms : 221258 cls
14.919 - reductionconstraints : 135762 cls
14.919 - actionconstraints : 43512 cls
14.919 - qtypeconstraints : 34292 cls
14.919 - atmostoneelement : 33062 cls
14.919 - expansions : 18308 cls
14.919 - predecessors : 16195 cls
14.919 - qconstequality : 10906 cls
14.919 - substitutionconstraints : 9601 cls
14.919 - actioneffects : 7338 cls
14.919 - truefacts : 610 cls
14.919 - axiomaticops : 2 cls
14.919 # instantiated positions: 4077
14.919 # instantiated actions: 13813
14.919 # instantiated reductions: 2383
14.919 # introduced pseudo-constants: 2160
14.919 # retroactive prunings: 3
14.919 # retroactively pruned operations: 3
14.919 # dominated operations: 280
14.919 # total invalid rigid preconditions found in getPFC: 1586
14.919 # invalid rigid preconditions found in getPFC: 6
14.919 # invalid rigid preconditions found in getPFC in varrestrictions: 1580
14.919 # total invalid fluent preconditions found in getPFC: 293
14.919 # invalid fluent preconditions found in getPFC: 293
14.919 # invalid fluent preconditions found in getPFC in varrestrictions: 0
14.919 # invalid fluent preconditions found in getPFC via postconditions: 0
14.919 # invalid subtasks found in getPFC: 3
14.919 # number effects in operation fact_frames: 2115
14.919 Exiting happily.

RUNWATCH_RESULT EXIT RETVAL 0 TIME_SECS 14.9893 MEMPEAK_KBS 1022684
