    _           _         _
   \ |         \ |       | |                       
   | |     __  | |      _| |______                
   | |     \/  | |     /_   ______\                
   | |      _  | |   __  | |  ___   ___   ___       
   | |___  | | | |  / .\ | | / , | |   \ / ·_\    
   \_____\ |_| |__\ \__/ |_| \___) |_|_| \___\  
[39mL i l o t a n e  version rls-cadical
by Dominik Schreiber <dominik.schreiber@kit.edu> 2020-2021
using SAT solver cadical

0.006 Parser finished.
0.007 Structures extracted.
0.007 54 operators and 26 methods created.
0.009 Mined 7 new reduction preconditions (+18.9%).
0.009 Iteration 0.
0.009 Creating initial layer of size 2
0.011 Attempting to solve formula with 3 clauses (3 literals) and 1 assumptions
0.011 Unsolvable at layer 0 -- expanding.
0.011 Iteration 1.
0.011 New layer size: 11
0.011 Instantiating ...
0.012 Collected 0 relevant facts at this layer
0.012 Encoding ...
0.012 Attempting to solve formula with 35 clauses (57 literals) and 10 assumptions
0.012 Unsolvable at layer 1 -- expanding.
0.012 Iteration 2.
0.012 New layer size: 21
0.012 Instantiating ...
0.014 Collected 10 relevant facts at this layer
0.014 Encoding ...
0.014 Attempting to solve formula with 127 clauses (231 literals) and 10 assumptions
0.014 Unsolvable at layer 2 -- expanding.
0.014 Iteration 3.
0.014 New layer size: 31
0.014 Instantiating ...
0.017 Collected 20 relevant facts at this layer
0.017 Encoding ...
0.017 Attempting to solve formula with 299 clauses (575 literals) and 20 assumptions
0.017 Unsolvable at layer 3 -- expanding.
0.017 Iteration 4.
0.017 New layer size: 81
0.017 Instantiating ...
0.023 Collected 61 relevant facts at this layer
0.023 Encoding ...
0.027 Attempting to solve formula with 2212 clauses (5560 literals) and 40 assumptions
0.027 Unsolvable at layer 4 -- expanding.
0.027 Iteration 5.
0.027 New layer size: 151
0.027 Instantiating ...
0.044 Collected 97 relevant facts at this layer
0.044 Encoding ...
0.060 Attempting to solve formula with 19600 clauses (49400 literals) and 60 assumptions
0.060 Unsolvable at layer 5 -- expanding.
0.060 Iteration 6.
0.060 New layer size: 241
0.060 Instantiating ...
0.095 Collected 97 relevant facts at this layer
0.095 Encoding ...
0.128 Attempting to solve formula with 58749 clauses (152309 literals) and 90 assumptions
0.128 Unsolvable at layer 6 -- expanding.
0.128 Iteration 7.
0.129 New layer size: 371
0.129 Instantiating ...
0.188 Collected 104 relevant facts at this layer
0.188 Encoding ...
0.243 Attempting to solve formula with 119170 clauses (314578 literals) and 130 assumptions
0.243 Unsolvable at layer 7 -- expanding.
0.243 Iteration 8.
0.243 New layer size: 551
0.243 Instantiating ...
0.343 Collected 104 relevant facts at this layer
0.343 Encoding ...
0.426 Attempting to solve formula with 211794 clauses (562550 literals) and 180 assumptions
0.426 Unsolvable at layer 8 -- expanding.
0.426 Iteration 9.
0.427 New layer size: 791
0.427 Instantiating ...
0.583 Collected 104 relevant facts at this layer
0.583 Encoding ...
0.704 Attempting to solve formula with 354074 clauses (944620 literals) and 240 assumptions
2.188 Found a solution at layer 9.
==>
25743 UP F0 F12
25834 i-LOCK-LIFT-AT F12
25836 i-UNLOCK-LIFT-AT F12
25838 BOARD F12 P9
26006 i-LOCK-BOARDED P9
26011 DOWN F12 F2
26014 UP F2 F8
26020 UP F8 F18
26022 DOWN F18 F16
26117 i-LOCK-LIFT-AT F16
26121 i-UNLOCK-LIFT-AT F16
26123 i-UNLOCK-BOARDED P9
26125 DEPART F16 P9
27098 i-LOCK-SERVED P9
27100 DOWN F16 F0
27198 i-LOCK-LIFT-AT F0
27201 i-UNLOCK-LIFT-AT F0
27204 BOARD F0 P8
27372 i-LOCK-BOARDED P8
27374 UP F0 F3
27382 UP F3 F18
27385 UP F18 F19
27389 DOWN F19 F6
27483 i-LOCK-LIFT-AT F6
27487 i-UNLOCK-LIFT-AT F6
27489 i-UNLOCK-BOARDED P8
27491 DEPART F6 P8
28464 i-LOCK-SERVED P8
28469 DOWN F6 F3
28564 i-LOCK-LIFT-AT F3
28568 i-UNLOCK-LIFT-AT F3
28570 BOARD F3 P7
28738 i-LOCK-BOARDED P7
28741 UP F3 F14
28748 UP F14 F17
28750 DOWN F17 F0
28755 UP F0 F6
28849 i-LOCK-LIFT-AT F6
28853 i-UNLOCK-LIFT-AT F6
28855 i-UNLOCK-BOARDED P7
28857 DEPART F6 P7
29830 i-LOCK-SERVED P7
29834 UP F6 F10
29930 i-LOCK-LIFT-AT F10
29934 i-UNLOCK-LIFT-AT F10
29936 BOARD F10 P6
30104 i-LOCK-BOARDED P6
30106 DOWN F10 F0
30112 UP F0 F6
30118 DOWN F6 F5
30120 UP F5 F19
30215 i-LOCK-LIFT-AT F19
30218 i-UNLOCK-LIFT-AT F19
30221 i-UNLOCK-BOARDED P6
30223 DEPART F19 P6
31196 i-LOCK-SERVED P6
31202 DOWN F19 F2
31296 i-LOCK-LIFT-AT F2
31300 i-UNLOCK-LIFT-AT F2
31302 BOARD F2 P5
31470 i-LOCK-BOARDED P5
31472 UP F2 F6
31478 DOWN F6 F1
31483 DOWN F1 F0
31487 UP F0 F7
31582 i-LOCK-LIFT-AT F7
31584 i-UNLOCK-LIFT-AT F7
31587 i-UNLOCK-BOARDED P5
31589 DEPART F7 P5
32562 i-LOCK-SERVED P5
32565 UP F7 F9
32663 i-LOCK-LIFT-AT F9
32666 i-UNLOCK-LIFT-AT F9
32668 BOARD F9 P4
32836 i-LOCK-BOARDED P4
32841 UP F9 F19
32845 DOWN F19 F18
32848 UP F18 F19
32852 DOWN F19 F1
32947 i-LOCK-LIFT-AT F1
32950 i-UNLOCK-LIFT-AT F1
32953 i-UNLOCK-BOARDED P4
32955 DEPART F1 P4
33928 i-LOCK-SERVED P4
33931 UP F1 F6
34028 i-LOCK-LIFT-AT F6
34032 i-UNLOCK-LIFT-AT F6
34034 BOARD F6 P3
34202 i-LOCK-BOARDED P3
34206 DOWN F6 F4
34211 DOWN F4 F1
34215 DOWN F1 F0
34218 UP F0 F12
34314 i-LOCK-LIFT-AT F12
34317 i-UNLOCK-LIFT-AT F12
34319 i-UNLOCK-BOARDED P3
34321 DEPART F12 P3
35294 i-LOCK-SERVED P3
35297 UP F12 F13
35395 i-LOCK-LIFT-AT F13
35398 i-UNLOCK-LIFT-AT F13
35400 BOARD F13 P2
35568 i-LOCK-BOARDED P2
35570 DOWN F13 F5
35576 UP F5 F16
35581 DOWN F16 F5
35586 UP F5 F15
35679 i-LOCK-LIFT-AT F15
35682 i-UNLOCK-LIFT-AT F15
35685 i-UNLOCK-BOARDED P2
35687 DEPART F15 P2
36660 i-LOCK-SERVED P2
36666 UP F15 F17
36761 i-LOCK-LIFT-AT F17
36764 i-UNLOCK-LIFT-AT F17
36766 BOARD F17 P1
36934 i-LOCK-BOARDED P1
36939 UP F17 F18
36942 DOWN F18 F4
36947 DOWN F4 F1
36953 UP F1 F15
37045 i-LOCK-LIFT-AT F15
37048 i-UNLOCK-LIFT-AT F15
37051 i-UNLOCK-BOARDED P1
37053 DEPART F15 P1
38026 i-LOCK-SERVED P1
38028 DOWN F15 F3
38126 i-LOCK-LIFT-AT F3
38130 i-UNLOCK-LIFT-AT F3
38132 BOARD F3 P0
38300 i-LOCK-BOARDED P0
38302 UP F3 F8
38309 UP F8 F14
38312 DOWN F14 F6
38411 i-LOCK-LIFT-AT F6
38415 i-UNLOCK-LIFT-AT F6
38417 i-UNLOCK-BOARDED P0
38419 DEPART F6 P0
39392 i-LOCK-SERVED P0
root 5 7 9 11 13 15 17 19 21 23
5 ACHIEVE-SERVED P9 -> M22-ACHIEVE-SERVED 27 27098
7 ACHIEVE-SERVED P8 -> M22-ACHIEVE-SERVED 41 28464
9 ACHIEVE-SERVED P7 -> M22-ACHIEVE-SERVED 46 29830
11 ACHIEVE-SERVED P6 -> M22-ACHIEVE-SERVED 51 31196
13 ACHIEVE-SERVED P5 -> M22-ACHIEVE-SERVED 56 32562
15 ACHIEVE-SERVED P4 -> M22-ACHIEVE-SERVED 61 33928
17 ACHIEVE-SERVED P3 -> M22-ACHIEVE-SERVED 66 35294
19 ACHIEVE-SERVED P2 -> M22-ACHIEVE-SERVED 71 36660
21 ACHIEVE-SERVED P1 -> M22-ACHIEVE-SERVED 76 38026
23 ACHIEVE-SERVED P0 -> M22-ACHIEVE-SERVED 81 39392
27 ACHIEVE-SERVED2 P9 -> M24-ACHIEVE-SERVED2 89 101
41 ACHIEVE-SERVED2 P8 -> M24-ACHIEVE-SERVED2 108 110
46 ACHIEVE-SERVED2 P7 -> M24-ACHIEVE-SERVED2 117 119
51 ACHIEVE-SERVED2 P6 -> M24-ACHIEVE-SERVED2 126 129
56 ACHIEVE-SERVED2 P5 -> M24-ACHIEVE-SERVED2 135 138
61 ACHIEVE-SERVED2 P4 -> M24-ACHIEVE-SERVED2 144 146
66 ACHIEVE-SERVED2 P3 -> M24-ACHIEVE-SERVED2 153 155
71 ACHIEVE-SERVED2 P2 -> M24-ACHIEVE-SERVED2 162 164
76 ACHIEVE-SERVED2 P1 -> M24-ACHIEVE-SERVED2 171 173
81 ACHIEVE-SERVED2 P0 -> M24-ACHIEVE-SERVED2 180 182
89 DO-SERVED-DEPART2 F16 P9 -> M8-DO-SERVED-DEPART2 191 236 26120 26122 26125
101 ACHIEVE-SERVED2 P9 -> M23-ACHIEVE-SERVED2
108 DO-SERVED-DEPART2 F6 P8 -> M8-DO-SERVED-DEPART2 337 341 27486 27488 27491
110 ACHIEVE-SERVED2 P8 -> M23-ACHIEVE-SERVED2
117 DO-SERVED-DEPART2 F6 P7 -> M8-DO-SERVED-DEPART2 442 446 28852 28854 28857
119 ACHIEVE-SERVED2 P7 -> M23-ACHIEVE-SERVED2
126 DO-SERVED-DEPART2 F19 P6 -> M8-DO-SERVED-DEPART2 547 551 30217 30220 30223
129 ACHIEVE-SERVED2 P6 -> M23-ACHIEVE-SERVED2
135 DO-SERVED-DEPART2 F7 P5 -> M8-DO-SERVED-DEPART2 652 656 31583 31586 31589
138 ACHIEVE-SERVED2 P5 -> M23-ACHIEVE-SERVED2
144 DO-SERVED-DEPART2 F1 P4 -> M8-DO-SERVED-DEPART2 757 761 32949 32952 32955
146 ACHIEVE-SERVED2 P4 -> M23-ACHIEVE-SERVED2
153 DO-SERVED-DEPART2 F12 P3 -> M8-DO-SERVED-DEPART2 862 866 34316 34318 34321
155 ACHIEVE-SERVED2 P3 -> M23-ACHIEVE-SERVED2
162 DO-SERVED-DEPART2 F15 P2 -> M8-DO-SERVED-DEPART2 967 971 35681 35684 35687
164 ACHIEVE-SERVED2 P2 -> M23-ACHIEVE-SERVED2
171 DO-SERVED-DEPART2 F15 P1 -> M8-DO-SERVED-DEPART2 1072 1076 37047 37050 37053
173 ACHIEVE-SERVED2 P1 -> M23-ACHIEVE-SERVED2
180 DO-SERVED-DEPART2 F6 P0 -> M8-DO-SERVED-DEPART2 1177 1181 38414 38416 38419
182 ACHIEVE-SERVED2 P0 -> M23-ACHIEVE-SERVED2
191 ACHIEVE-BOARDED P9 -> M17-ACHIEVE-BOARDED 1284 26006
236 ACHIEVE-LIFT-AT F16 -> M11-ACHIEVE-LIFT-AT 1374 26117
337 ACHIEVE-BOARDED P8 -> M17-ACHIEVE-BOARDED 1655 27372
341 ACHIEVE-LIFT-AT F6 -> M11-ACHIEVE-LIFT-AT 1711 27483
442 ACHIEVE-BOARDED P7 -> M17-ACHIEVE-BOARDED 1990 28738
446 ACHIEVE-LIFT-AT F6 -> M11-ACHIEVE-LIFT-AT 2045 28849
547 ACHIEVE-BOARDED P6 -> M17-ACHIEVE-BOARDED 2325 30104
551 ACHIEVE-LIFT-AT F19 -> M11-ACHIEVE-LIFT-AT 2379 30215
652 ACHIEVE-BOARDED P5 -> M17-ACHIEVE-BOARDED 2660 31470
656 ACHIEVE-LIFT-AT F7 -> M11-ACHIEVE-LIFT-AT 2716 31582
757 ACHIEVE-BOARDED P4 -> M17-ACHIEVE-BOARDED 2995 32836
761 ACHIEVE-LIFT-AT F1 -> M11-ACHIEVE-LIFT-AT 3051 32947
862 ACHIEVE-BOARDED P3 -> M17-ACHIEVE-BOARDED 3330 34202
866 ACHIEVE-LIFT-AT F12 -> M11-ACHIEVE-LIFT-AT 3386 34314
967 ACHIEVE-BOARDED P2 -> M17-ACHIEVE-BOARDED 3665 35568
971 ACHIEVE-LIFT-AT F15 -> M11-ACHIEVE-LIFT-AT 3721 35679
1072 ACHIEVE-BOARDED P1 -> M17-ACHIEVE-BOARDED 4000 36934
1076 ACHIEVE-LIFT-AT F15 -> M11-ACHIEVE-LIFT-AT 4056 37045
1177 ACHIEVE-BOARDED P0 -> M17-ACHIEVE-BOARDED 4335 38300
1181 ACHIEVE-LIFT-AT F6 -> M11-ACHIEVE-LIFT-AT 4391 38411
1284 ACHIEVE-BOARDED1 P9 -> M19-ACHIEVE-BOARDED1 4672 4675
1374 ACHIEVE-LIFT-AT0 F16 -> M14-ACHIEVE-LIFT-AT0 26011 4709
1655 ACHIEVE-BOARDED1 P8 -> M19-ACHIEVE-BOARDED1 5130 5132
1711 ACHIEVE-LIFT-AT0 F6 -> M13-ACHIEVE-LIFT-AT0 27374 5168
1990 ACHIEVE-BOARDED1 P7 -> M19-ACHIEVE-BOARDED1 5587 5589
2045 ACHIEVE-LIFT-AT0 F6 -> M13-ACHIEVE-LIFT-AT0 28741 5624
2325 ACHIEVE-BOARDED1 P6 -> M19-ACHIEVE-BOARDED1 6044 6046
2379 ACHIEVE-LIFT-AT0 F19 -> M14-ACHIEVE-LIFT-AT0 30106 6081
2660 ACHIEVE-BOARDED1 P5 -> M19-ACHIEVE-BOARDED1 6501 6504
2716 ACHIEVE-LIFT-AT0 F7 -> M13-ACHIEVE-LIFT-AT0 31472 6539
2995 ACHIEVE-BOARDED1 P4 -> M19-ACHIEVE-BOARDED1 6958 6960
3051 ACHIEVE-LIFT-AT0 F1 -> M13-ACHIEVE-LIFT-AT0 32841 6996
3330 ACHIEVE-BOARDED1 P3 -> M19-ACHIEVE-BOARDED1 7415 7417
3386 ACHIEVE-LIFT-AT0 F12 -> M14-ACHIEVE-LIFT-AT0 34206 7452
3665 ACHIEVE-BOARDED1 P2 -> M19-ACHIEVE-BOARDED1 7873 7875
3721 ACHIEVE-LIFT-AT0 F15 -> M14-ACHIEVE-LIFT-AT0 35570 7910
4000 ACHIEVE-BOARDED1 P1 -> M19-ACHIEVE-BOARDED1 8330 8332
4056 ACHIEVE-LIFT-AT0 F15 -> M13-ACHIEVE-LIFT-AT0 36939 8368
4335 ACHIEVE-BOARDED1 P0 -> M19-ACHIEVE-BOARDED1 8787 8789
4391 ACHIEVE-LIFT-AT0 F6 -> M13-ACHIEVE-LIFT-AT0 38302 8824
4672 DO-BOARDED-BOARD1 F12 P9 -> M7-DO-BOARDED-BOARD1 9246 25835 25838
4675 ACHIEVE-BOARDED1 P9 -> M18-ACHIEVE-BOARDED1
4709 ACHIEVE-LIFT-AT0 F16 -> M13-ACHIEVE-LIFT-AT0 26014 9332
5130 DO-BOARDED-BOARD1 F0 P8 -> M7-DO-BOARDED-BOARD1 9939 27200 27204
5132 ACHIEVE-BOARDED1 P8 -> M18-ACHIEVE-BOARDED1
5168 ACHIEVE-LIFT-AT0 F6 -> M13-ACHIEVE-LIFT-AT0 27382 10022
5587 DO-BOARDED-BOARD1 F3 P7 -> M7-DO-BOARDED-BOARD1 10628 28567 28570
5589 ACHIEVE-BOARDED1 P7 -> M18-ACHIEVE-BOARDED1
5624 ACHIEVE-LIFT-AT0 F6 -> M13-ACHIEVE-LIFT-AT0 28748 10712
6044 DO-BOARDED-BOARD1 F10 P6 -> M7-DO-BOARDED-BOARD1 11317 29933 29936
6046 ACHIEVE-BOARDED1 P6 -> M18-ACHIEVE-BOARDED1
6081 ACHIEVE-LIFT-AT0 F19 -> M13-ACHIEVE-LIFT-AT0 30112 11400
6501 DO-BOARDED-BOARD1 F2 P5 -> M7-DO-BOARDED-BOARD1 12006 31299 31302
6504 ACHIEVE-BOARDED1 P5 -> M18-ACHIEVE-BOARDED1
6539 ACHIEVE-LIFT-AT0 F7 -> M14-ACHIEVE-LIFT-AT0 31478 12090
6958 DO-BOARDED-BOARD1 F9 P4 -> M7-DO-BOARDED-BOARD1 12695 32665 32668
6960 ACHIEVE-BOARDED1 P4 -> M18-ACHIEVE-BOARDED1
6996 ACHIEVE-LIFT-AT0 F1 -> M14-ACHIEVE-LIFT-AT0 32845 12778
7415 DO-BOARDED-BOARD1 F6 P3 -> M7-DO-BOARDED-BOARD1 13384 34031 34034
7417 ACHIEVE-BOARDED1 P3 -> M18-ACHIEVE-BOARDED1
7452 ACHIEVE-LIFT-AT0 F12 -> M14-ACHIEVE-LIFT-AT0 34211 13468
7873 DO-BOARDED-BOARD1 F13 P2 -> M7-DO-BOARDED-BOARD1 14073 35397 35400
7875 ACHIEVE-BOARDED1 P2 -> M18-ACHIEVE-BOARDED1
7910 ACHIEVE-LIFT-AT0 F15 -> M13-ACHIEVE-LIFT-AT0 35576 14155
8330 DO-BOARDED-BOARD1 F17 P1 -> M7-DO-BOARDED-BOARD1 14762 36763 36766
8332 ACHIEVE-BOARDED1 P1 -> M18-ACHIEVE-BOARDED1
8368 ACHIEVE-LIFT-AT0 F15 -> M14-ACHIEVE-LIFT-AT0 36942 14846
8787 DO-BOARDED-BOARD1 F3 P0 -> M7-DO-BOARDED-BOARD1 15451 38129 38132
8789 ACHIEVE-BOARDED1 P0 -> M18-ACHIEVE-BOARDED1
8824 ACHIEVE-LIFT-AT0 F6 -> M13-ACHIEVE-LIFT-AT0 38309 15535
9246 ACHIEVE-LIFT-AT F12 -> M11-ACHIEVE-LIFT-AT 16141 25834
9332 ACHIEVE-LIFT-AT0 F16 -> M13-ACHIEVE-LIFT-AT0 26020 16313
9939 ACHIEVE-LIFT-AT F0 -> M11-ACHIEVE-LIFT-AT 17096 27198
10022 ACHIEVE-LIFT-AT0 F6 -> M13-ACHIEVE-LIFT-AT0 27385 17275
10628 ACHIEVE-LIFT-AT F3 -> M11-ACHIEVE-LIFT-AT 18055 28564
10712 ACHIEVE-LIFT-AT0 F6 -> M14-ACHIEVE-LIFT-AT0 28750 18235
11317 ACHIEVE-LIFT-AT F10 -> M11-ACHIEVE-LIFT-AT 19017 29930
11400 ACHIEVE-LIFT-AT0 F19 -> M14-ACHIEVE-LIFT-AT0 30118 19196
12006 ACHIEVE-LIFT-AT F2 -> M11-ACHIEVE-LIFT-AT 19978 31296
12090 ACHIEVE-LIFT-AT0 F7 -> M14-ACHIEVE-LIFT-AT0 31483 20158
12695 ACHIEVE-LIFT-AT F9 -> M11-ACHIEVE-LIFT-AT 20938 32663
12778 ACHIEVE-LIFT-AT0 F1 -> M13-ACHIEVE-LIFT-AT0 32848 21119
13384 ACHIEVE-LIFT-AT F6 -> M11-ACHIEVE-LIFT-AT 21901 34028
13468 ACHIEVE-LIFT-AT0 F12 -> M14-ACHIEVE-LIFT-AT0 34215 22079
14073 ACHIEVE-LIFT-AT F13 -> M11-ACHIEVE-LIFT-AT 22862 35395
14155 ACHIEVE-LIFT-AT0 F15 -> M14-ACHIEVE-LIFT-AT0 35581 23040
14762 ACHIEVE-LIFT-AT F17 -> M11-ACHIEVE-LIFT-AT 23823 36761
14846 ACHIEVE-LIFT-AT0 F15 -> M14-ACHIEVE-LIFT-AT0 36947 24000
15451 ACHIEVE-LIFT-AT F3 -> M11-ACHIEVE-LIFT-AT 24783 38126
15535 ACHIEVE-LIFT-AT0 F6 -> M14-ACHIEVE-LIFT-AT0 38312 24961
16141 ACHIEVE-LIFT-AT0 F12 -> M13-ACHIEVE-LIFT-AT0 25743 25746
16313 ACHIEVE-LIFT-AT0 F16 -> M14-ACHIEVE-LIFT-AT0 26022 26028
17096 ACHIEVE-LIFT-AT0 F0 -> M14-ACHIEVE-LIFT-AT0 27100 27108
17275 ACHIEVE-LIFT-AT0 F6 -> M14-ACHIEVE-LIFT-AT0 27389 27394
18055 ACHIEVE-LIFT-AT0 F3 -> M14-ACHIEVE-LIFT-AT0 28469 28475
18235 ACHIEVE-LIFT-AT0 F6 -> M13-ACHIEVE-LIFT-AT0 28755 28760
19017 ACHIEVE-LIFT-AT0 F10 -> M13-ACHIEVE-LIFT-AT0 29834 29840
19196 ACHIEVE-LIFT-AT0 F19 -> M13-ACHIEVE-LIFT-AT0 30120 30128
19978 ACHIEVE-LIFT-AT0 F2 -> M14-ACHIEVE-LIFT-AT0 31202 31206
20158 ACHIEVE-LIFT-AT0 F7 -> M13-ACHIEVE-LIFT-AT0 31487 31492
20938 ACHIEVE-LIFT-AT0 F9 -> M13-ACHIEVE-LIFT-AT0 32565 32572
21119 ACHIEVE-LIFT-AT0 F1 -> M14-ACHIEVE-LIFT-AT0 32852 32858
21901 ACHIEVE-LIFT-AT0 F6 -> M13-ACHIEVE-LIFT-AT0 33931 33937
22079 ACHIEVE-LIFT-AT0 F12 -> M13-ACHIEVE-LIFT-AT0 34218 34225
22862 ACHIEVE-LIFT-AT0 F13 -> M13-ACHIEVE-LIFT-AT0 35297 35303
23040 ACHIEVE-LIFT-AT0 F15 -> M13-ACHIEVE-LIFT-AT0 35586 35590
23823 ACHIEVE-LIFT-AT0 F17 -> M13-ACHIEVE-LIFT-AT0 36666 36670
24000 ACHIEVE-LIFT-AT0 F15 -> M13-ACHIEVE-LIFT-AT0 36953 36956
24783 ACHIEVE-LIFT-AT0 F3 -> M14-ACHIEVE-LIFT-AT0 38028 38037
24961 ACHIEVE-LIFT-AT0 F6 -> M12-ACHIEVE-LIFT-AT0
25746 ACHIEVE-LIFT-AT0 F12 -> M12-ACHIEVE-LIFT-AT0
25835 IFUNLOCK-LIFT-AT F12 -> IFUNLOCK5-LIFT-AT 25836
26028 ACHIEVE-LIFT-AT0 F16 -> M12-ACHIEVE-LIFT-AT0
26120 IFUNLOCK-LIFT-AT F16 -> IFUNLOCK5-LIFT-AT 26121
26122 IFUNLOCK-BOARDED P9 -> IFUNLOCK1-BOARDED 26123
27108 ACHIEVE-LIFT-AT0 F0 -> M12-ACHIEVE-LIFT-AT0
27200 IFUNLOCK-LIFT-AT F0 -> IFUNLOCK5-LIFT-AT 27201
27394 ACHIEVE-LIFT-AT0 F6 -> M12-ACHIEVE-LIFT-AT0
27486 IFUNLOCK-LIFT-AT F6 -> IFUNLOCK5-LIFT-AT 27487
27488 IFUNLOCK-BOARDED P8 -> IFUNLOCK1-BOARDED 27489
28475 ACHIEVE-LIFT-AT0 F3 -> M12-ACHIEVE-LIFT-AT0
28567 IFUNLOCK-LIFT-AT F3 -> IFUNLOCK5-LIFT-AT 28568
28760 ACHIEVE-LIFT-AT0 F6 -> M12-ACHIEVE-LIFT-AT0
28852 IFUNLOCK-LIFT-AT F6 -> IFUNLOCK5-LIFT-AT 28853
28854 IFUNLOCK-BOARDED P7 -> IFUNLOCK1-BOARDED 28855
29840 ACHIEVE-LIFT-AT0 F10 -> M12-ACHIEVE-LIFT-AT0
29933 IFUNLOCK-LIFT-AT F10 -> IFUNLOCK5-LIFT-AT 29934
30128 ACHIEVE-LIFT-AT0 F19 -> M12-ACHIEVE-LIFT-AT0
30217 IFUNLOCK-LIFT-AT F19 -> IFUNLOCK5-LIFT-AT 30218
30220 IFUNLOCK-BOARDED P6 -> IFUNLOCK1-BOARDED 30221
31206 ACHIEVE-LIFT-AT0 F2 -> M12-ACHIEVE-LIFT-AT0
31299 IFUNLOCK-LIFT-AT F2 -> IFUNLOCK5-LIFT-AT 31300
31492 ACHIEVE-LIFT-AT0 F7 -> M12-ACHIEVE-LIFT-AT0
31583 IFUNLOCK-LIFT-AT F7 -> IFUNLOCK5-LIFT-AT 31584
31586 IFUNLOCK-BOARDED P5 -> IFUNLOCK1-BOARDED 31587
32572 ACHIEVE-LIFT-AT0 F9 -> M12-ACHIEVE-LIFT-AT0
32665 IFUNLOCK-LIFT-AT F9 -> IFUNLOCK5-LIFT-AT 32666
32858 ACHIEVE-LIFT-AT0 F1 -> M12-ACHIEVE-LIFT-AT0
32949 IFUNLOCK-LIFT-AT F1 -> IFUNLOCK5-LIFT-AT 32950
32952 IFUNLOCK-BOARDED P4 -> IFUNLOCK1-BOARDED 32953
33937 ACHIEVE-LIFT-AT0 F6 -> M12-ACHIEVE-LIFT-AT0
34031 IFUNLOCK-LIFT-AT F6 -> IFUNLOCK5-LIFT-AT 34032
34225 ACHIEVE-LIFT-AT0 F12 -> M12-ACHIEVE-LIFT-AT0
34316 IFUNLOCK-LIFT-AT F12 -> IFUNLOCK5-LIFT-AT 34317
34318 IFUNLOCK-BOARDED P3 -> IFUNLOCK1-BOARDED 34319
35303 ACHIEVE-LIFT-AT0 F13 -> M12-ACHIEVE-LIFT-AT0
35397 IFUNLOCK-LIFT-AT F13 -> IFUNLOCK5-LIFT-AT 35398
35590 ACHIEVE-LIFT-AT0 F15 -> M12-ACHIEVE-LIFT-AT0
35681 IFUNLOCK-LIFT-AT F15 -> IFUNLOCK5-LIFT-AT 35682
35684 IFUNLOCK-BOARDED P2 -> IFUNLOCK1-BOARDED 35685
36670 ACHIEVE-LIFT-AT0 F17 -> M12-ACHIEVE-LIFT-AT0
36763 IFUNLOCK-LIFT-AT F17 -> IFUNLOCK5-LIFT-AT 36764
36956 ACHIEVE-LIFT-AT0 F15 -> M12-ACHIEVE-LIFT-AT0
37047 IFUNLOCK-LIFT-AT F15 -> IFUNLOCK5-LIFT-AT 37048
37050 IFUNLOCK-BOARDED P1 -> IFUNLOCK1-BOARDED 37051
38037 ACHIEVE-LIFT-AT0 F3 -> M12-ACHIEVE-LIFT-AT0
38129 IFUNLOCK-LIFT-AT F3 -> IFUNLOCK5-LIFT-AT 38130
38414 IFUNLOCK-LIFT-AT F6 -> IFUNLOCK5-LIFT-AT 38415
38416 IFUNLOCK-BOARDED P0 -> IFUNLOCK1-BOARDED 38417
<==
2.207 End of solution plan. (counted length of 139)
2.207 Total amount of clauses encoded: 354074
2.207 - reductionconstraints : 141193 cls
2.207 - substitutionconstraints : 80344 cls
2.207 - directframeaxioms : 71684 cls
2.207 - qfactsemantics : 13882 cls
2.207 - qconstequality : 12760 cls
2.207 - indirectframeaxioms : 8470 cls
2.207 - atmostoneelement : 7931 cls
2.207 - expansions : 6466 cls
2.207 - predecessors : 6385 cls
2.207 - actionconstraints : 3406 cls
2.207 - actioneffects : 1447 cls
2.207 - truefacts : 104 cls
2.207 - axiomaticops : 2 cls
2.207 # instantiated positions: 2250
2.207 # instantiated actions: 5016
2.207 # instantiated reductions: 1370
2.207 # introduced pseudo-constants: 570
2.207 # retroactive prunings: 0
2.207 # retroactively pruned operations: 0
2.207 # dominated operations: 0
2.207 Exiting happily (no cleaning up).

RUNWATCH_RESULT EXIT RETVAL 0 TIME_SECS 2.2207 MEMPEAK_KBS 106196
