    _           _         _
   \ |         \ |       | |                       
   | |     __  | |      _| |______                
   | |     \/  | |     /_   ______\                
   | |      _  | |   __  | |  ___   ___   ___       
   | |___  | | | |  / .\ | | / , | |   \ / ·_\    
   \_____\ |_| |__\ \__/ |_| \___) |_|_| \___\  
[39mL i l o t a n e  version rls-glucose4
by Dominik Schreiber <dominik.schreiber@kit.edu> 2020-2021
using SAT solver glucose4

0.014 Parser finished.
0.015 Structures extracted.
0.016 30 operators and 35 methods created.
0.024 Mined 126 new reduction preconditions (+inf%).
0.024 Iteration 0.
0.024 Creating initial layer of size 2
0.025 Attempting to solve formula with 35 clauses (51 literals) and 1 assumptions
0.025 Unsolvable at layer 0 -- expanding.
0.025 Iteration 1.
0.025 New layer size: 6
0.025 Instantiating ...
0.027 Collected 16 relevant facts at this layer
0.027 Encoding ...
0.027 Attempting to solve formula with 106 clauses (212 literals) and 5 assumptions
0.027 Unsolvable at layer 1 -- expanding.
0.027 Iteration 2.
0.027 New layer size: 6
0.027 Instantiating ...
0.029 Collected 16 relevant facts at this layer
0.029 Encoding ...
0.029 Attempting to solve formula with 123 clauses (241 literals) and 5 assumptions
0.029 Unsolvable at layer 2 -- expanding.
0.029 Iteration 3.
0.029 New layer size: 16
0.029 Instantiating ...
0.033 Collected 48 relevant facts at this layer
0.033 Encoding ...
0.034 Attempting to solve formula with 567 clauses (1262 literals) and 15 assumptions
0.034 Unsolvable at layer 3 -- expanding.
0.034 Iteration 4.
0.034 New layer size: 16
0.034 Instantiating ...
0.042 Collected 67 relevant facts at this layer
0.042 Encoding ...
0.044 Attempting to solve formula with 1816 clauses (4570 literals) and 5 assumptions
0.044 Unsolvable at layer 4 -- expanding.
0.044 Iteration 5.
0.044 New layer size: 26
0.044 Instantiating ...
0.054 Collected 125 relevant facts at this layer
0.054 Encoding ...
0.061 Attempting to solve formula with 7195 clauses (20262 literals) and 0 assumptions
c last restart ## conflicts  :  43 228 
0.062 Found a solution at layer 5.
==>
620 do_saw_small b3 p4 mahogany smooth s3 s2 small natural untreated
835 do_plane_untreated p4 planer0 smooth natural untreated untreated untreated smooth natural
851 do_immersion_varnish p4 immersion_varnisher0 natural smooth untreated untreated varnished natural
854 load_highspeed_saw b1 highspeed_saw0
901 cut_board_large b1 p0 highspeed_saw0 teak smooth s7 s5 s6 s4 large natural untreated
1006 unload_highspeed_saw b1 highspeed_saw0
1058 do_plane_untreated p0 planer0 smooth natural untreated untreated untreated smooth natural
1072 do_spray_varnish p0 spray_varnisher0 green smooth untreated untreated varnished natural
1076 load_highspeed_saw b0 highspeed_saw0
1123 cut_board_large b0 p1 highspeed_saw0 teak rough s6 s4 s5 s3 large natural untreated
1228 unload_highspeed_saw b0 highspeed_saw0
1279 do_grind_untreated p1 grinder0 rough natural untreated untreated untreated untreated untreated verysmooth natural
1292 do_immersion_varnish p1 immersion_varnisher0 black verysmooth untreated untreated varnished natural
1295 load_highspeed_saw b1 highspeed_saw0
1343 cut_board_large b1 p3 highspeed_saw0 teak smooth s4 s2 s3 s1 large natural untreated
1448 unload_highspeed_saw b1 highspeed_saw0
1498 do_grind p3 smooth natural untreated untreated verysmooth natural
1513 do_glaze p3 glazer0 natural untreated untreated glazed natural
1517 do_saw_medium b1 p2 teak smooth s7 s6 s5 medium natural untreated
1698 do_grind_untreated p2 grinder0 smooth natural untreated untreated untreated untreated untreated verysmooth natural
1713 do_spray_varnish p2 spray_varnisher0 mauve verysmooth untreated untreated varnished natural
root 134 136 138 140 142
134 process p4 natural smooth smooth -> method14 460 834 850
136 process p0 green smooth smooth -> method14 506 1057 1071
138 process p1 black rough verysmooth -> method14 535 1278 1291
140 process p3 natural smooth verysmooth -> method14 559 1497 1512
142 process p2 mauve smooth verysmooth -> method14 583 1697 1712
460 cut_and_saw b3 p4 mahogany smooth -> method10 619
506 cut_and_saw b1 p0 teak smooth -> method6 854 900 1006
535 cut_and_saw b0 p1 teak rough -> method6 1076 1122 1228
559 cut_and_saw b1 p3 teak smooth -> method6 1295 1342 1448
583 cut_and_saw b1 p2 teak smooth -> method10 1516
619 do_saw b3 p4 mahogany smooth -> method5 620
834 grindNplane p4 smooth natural untreated smooth natural untreated -> method15 835
850 do_colour p4 natural immersion_varnisher0 untreated -> method0 851
900 cut_board b1 p0 highspeed_saw0 teak smooth -> method4c 901
1057 grindNplane p0 smooth natural untreated smooth natural untreated -> method15 1058
1071 do_colour p0 green spray_varnisher0 untreated -> method1 1072
1122 cut_board b0 p1 highspeed_saw0 teak rough -> method4c 1123
1278 grindNplane p1 rough natural untreated verysmooth natural untreated -> method13 1279
1291 do_colour p1 black immersion_varnisher0 untreated -> method0 1292
1342 cut_board b1 p3 highspeed_saw0 teak smooth -> method4c 1343
1497 grindNplane p3 smooth natural untreated verysmooth natural untreated -> method3 1498
1512 do_colour p3 natural glazer0 untreated -> method2 1513
1516 do_saw b1 p2 teak smooth -> method8 1517
1697 grindNplane p2 smooth natural untreated verysmooth natural untreated -> method13 1698
1712 do_colour p2 mauve spray_varnisher0 untreated -> method1 1713
<==
0.065 End of solution plan. (counted length of 21)
0.065 Total amount of clauses encoded: 7195
0.066 - actionconstraints : 1992 cls
0.066 - directframeaxioms : 1498 cls
0.066 - indirectframeaxioms : 994 cls
0.066 - qfactsemantics : 951 cls
0.066 - substitutionconstraints : 527 cls
0.066 - reductionconstraints : 375 cls
0.066 - actioneffects : 240 cls
0.066 - qtypeconstraints : 177 cls
0.066 - predecessors : 128 cls
0.066 - truefacts : 125 cls
0.066 - expansions : 104 cls
0.066 - atmostoneelement : 82 cls
0.066 - axiomaticops : 2 cls
0.066 # instantiated positions: 71
0.066 # instantiated actions: 93
0.066 # instantiated reductions: 36
0.066 # introduced pseudo-constants: 79
0.066 # retroactive prunings: 0
0.066 # retroactively pruned operations: 0
0.066 # dominated operations: 0
0.066 # total invalid rigid preconditions found in getPFC: 0
0.066 # invalid rigid preconditions found in getPFC: 0
0.066 # invalid rigid preconditions found in getPFC in varrestrictions: 0
0.066 # total invalid fluent preconditions found in getPFC: 0
0.066 # invalid fluent preconditions found in getPFC: 0
0.066 # invalid fluent preconditions found in getPFC in varrestrictions: 0
0.066 # invalid fluent preconditions found in getPFC via postconditions: 0
0.066 # invalid subtasks found in getPFC: 0
0.066 # number effects in operation fact_frames: 700
0.066 Exiting happily.

RUNWATCH_RESULT EXIT RETVAL 0 TIME_SECS 0.0732422 MEMPEAK_KBS 852
