    _           _         _
   \ |         \ |       | |                       
   | |     __  | |      _| |______                
   | |     \/  | |     /_   ______\                
   | |      _  | |   __  | |  ___   ___   ___       
   | |___  | | | |  / .\ | | / , | |   \ / ·_\    
   \_____\ |_| |__\ \__/ |_| \___) |_|_| \___\  
[39mL i l o t a n e  version rls-glucose4
by Dominik Schreiber <dominik.schreiber@kit.edu> 2020-2021
using SAT solver glucose4

0.004 Parser finished.
0.004 Structures extracted.
0.005 19 operators and 12 methods created.
0.012 Mined 0 new reduction preconditions (+0.0%).
0.012 Iteration 0.
0.012 Creating initial layer of size 2
0.013 Attempting to solve formula with 3 clauses (3 literals) and 1 assumptions
0.013 Unsolvable at layer 0 -- expanding.
0.013 Iteration 1.
0.013 New layer size: 2
0.013 Instantiating ...
0.014 Collected 0 relevant facts at this layer
0.014 Encoding ...
0.014 Attempting to solve formula with 8 clauses (12 literals) and 1 assumptions
0.014 Unsolvable at layer 1 -- expanding.
0.014 Iteration 2.
0.014 New layer size: 3
0.014 Instantiating ...
0.016 Collected 4 relevant facts at this layer
0.016 Encoding ...
0.016 Attempting to solve formula with 33 clauses (61 literals) and 1 assumptions
0.016 Unsolvable at layer 2 -- expanding.
0.016 Iteration 3.
0.016 New layer size: 5
0.016 Instantiating ...
0.018 Collected 9 relevant facts at this layer
0.018 Encoding ...
0.018 Attempting to solve formula with 126 clauses (302 literals) and 3 assumptions
0.018 Unsolvable at layer 3 -- expanding.
0.018 Iteration 4.
0.018 New layer size: 9
0.018 Instantiating ...
0.029 Collected 20 relevant facts at this layer
0.029 Encoding ...
0.029 Attempting to solve formula with 389 clauses (1020 literals) and 4 assumptions
0.029 Unsolvable at layer 4 -- expanding.
0.029 Iteration 5.
0.029 New layer size: 14
0.029 Instantiating ...
0.040 Collected 22 relevant facts at this layer
0.040 Encoding ...
0.041 Attempting to solve formula with 849 clauses (2267 literals) and 6 assumptions
0.041 Unsolvable at layer 5 -- expanding.
0.041 Iteration 6.
0.041 New layer size: 22
0.041 Instantiating ...
0.061 Collected 23 relevant facts at this layer
0.061 Encoding ...
0.062 Attempting to solve formula with 1580 clauses (4318 literals) and 9 assumptions
0.062 Unsolvable at layer 6 -- expanding.
0.062 Iteration 7.
0.062 New layer size: 33
0.062 Instantiating ...
0.090 Collected 23 relevant facts at this layer
0.090 Encoding ...
0.092 Attempting to solve formula with 2630 clauses (7103 literals) and 11 assumptions
0.092 Unsolvable at layer 7 -- expanding.
0.092 Iteration 8.
0.092 New layer size: 47
0.092 Instantiating ...
0.130 Collected 23 relevant facts at this layer
0.130 Encoding ...
0.133 Attempting to solve formula with 4077 clauses (11098 literals) and 16 assumptions
c last restart ## conflicts  :  16 323 
0.134 Found a solution at layer 8.
==>
832 produce-without-demands resource_0 factory_0 location_0
919 pickup resource_0 location_0
922 move location_0 location_1
942 drop resource_0 location_1
944 construct factory_1 resource_0 location_1
1002 produce-without-demands resource_0 factory_0 location_0
1100 move location_1 location_0
1126 pickup resource_0 location_0
1128 move location_0 location_1
1153 drop resource_0 location_1
1156 produce resource_1 resource_0 factory_1 location_1
1159 move location_1 last_location
1162 move last_location location_1
1190 pickup resource_1 location_1
1193 move location_1 last_location
1195 move last_location location_1
1198 move location_1 last_location
1222 drop resource_1 last_location
1224 construct last_factory resource_1 last_location
root 5
5 construct_factory last_factory last_location -> m_construct_factory 9 1224
9 get_resource resource_1 last_location -> m_get_resource 78 38 56
38 produce_resource resource_1 -> m_get_and_produce_resource 92 1156
56 deliver_resource resource_1 last_location -> m_deliver_resource 133 1190 154 1222
78 construct_factory factory_1 location_1 -> m_construct_factory 179 944
92 get_resource resource_0 location_1 -> m_get_resource 376 1001 251
133 goto location_1 -> m_goto 1159 287
154 goto last_location -> m_goto 1193 310
179 get_resource resource_0 location_1 -> m_get_resource 530 831 345
251 deliver_resource resource_0 location_1 -> m_deliver_resource 417 1126 439 1153
287 goto location_1 -> m_goto 1162 481
310 goto last_location -> m_goto 1195 508
345 deliver_resource resource_0 location_1 -> m_deliver_resource 563 919 583 942
376 construct_factory factory_0 location_0 -> m_factory_already_constructed
417 goto location_0 -> m_goto 1100 720
439 goto location_1 -> m_goto 1128 744
481 goto location_1 -> m_already_there
508 goto last_location -> m_goto 1198 808
530 construct_factory factory_0 location_0 -> m_factory_already_constructed
563 goto location_0 -> m_already_there
583 goto location_1 -> m_goto 922 925
720 goto location_0 -> m_already_there
744 goto location_1 -> m_already_there
808 goto last_location -> m_already_there
831 produce_resource resource_0 -> m_produce_resource 832
925 goto location_1 -> m_already_there
1001 produce_resource resource_0 -> m_produce_resource 1002
<==
0.135 End of solution plan. (counted length of 19)
0.135 Total amount of clauses encoded: 4077
0.135 - directframeaxioms : 1416 cls
0.135 - qfactsemantics : 500 cls
0.135 - reductionconstraints : 405 cls
0.135 - indirectframeaxioms : 338 cls
0.135 - predecessors : 275 cls
0.135 - substitutionconstraints : 269 cls
0.135 - atmostoneelement : 199 cls
0.135 - actionconstraints : 167 cls
0.135 - qconstequality : 138 cls
0.135 - actioneffects : 70 cls
0.135 - truefacts : 23 cls
0.135 - axiomaticops : 2 cls
0.135 # instantiated positions: 136
0.135 # instantiated actions: 196
0.135 # instantiated reductions: 81
0.135 # introduced pseudo-constants: 79
0.135 # retroactive prunings: 0
0.135 # retroactively pruned operations: 0
0.135 # dominated operations: 0
0.135 # total invalid rigid preconditions found in getPFC: 50
0.135 # invalid rigid preconditions found in getPFC: 10
0.135 # invalid rigid preconditions found in getPFC in varrestrictions: 40
0.135 # total invalid fluent preconditions found in getPFC: 12
0.135 # invalid fluent preconditions found in getPFC: 10
0.135 # invalid fluent preconditions found in getPFC in varrestrictions: 2
0.135 # invalid fluent preconditions found in getPFC via postconditions: 0
0.135 # invalid subtasks found in getPFC: 0
0.135 # number effects in operation fact_frames: 138
0.135 # number of variables restricted: 2325
0.135 # number of nodes variables restricted: 1174
0.135 Exiting happily.

RUNWATCH_RESULT EXIT RETVAL 0 TIME_SECS 0.142578 MEMPEAK_KBS 864
