    _           _         _
   \ |         \ |       | |                       
   | |     __  | |      _| |______                
   | |     \/  | |     /_   ______\                
   | |      _  | |   __  | |  ___   ___   ___       
   | |___  | | | |  / .\ | | / , | |   \ / ·_\    
   \_____\ |_| |__\ \__/ |_| \___) |_|_| \___\  
[39mL i l o t a n e  version rls-glucose4
by Dominik Schreiber <dominik.schreiber@kit.edu> 2020-2021
using SAT solver glucose4

0.067 Parser finished.
0.068 Structures extracted.
0.082 312 operators and 305 methods created.
0.890 Mined 582 new reduction preconditions (+90.1%).
0.890 Iteration 0.
0.890 Creating initial layer of size 2
0.915 Attempting to solve formula with 3 clauses (3 literals) and 1 assumptions
0.915 Unsolvable at layer 0 -- expanding.
0.915 Iteration 1.
0.915 New layer size: 5
0.915 Instantiating ...
1.044 Collected 9 relevant facts at this layer
1.044 Encoding ...
1.054 Attempting to solve formula with 145 clauses (347 literals) and 4 assumptions
1.054 Unsolvable at layer 1 -- expanding.
1.054 Iteration 2.
1.055 New layer size: 9
1.055 Instantiating ...
2.319 Collected 335 relevant facts at this layer
2.319 Encoding ...
2.350 Attempting to solve formula with 59850 clauses (129611 literals) and 4 assumptions
2.350 Unsolvable at layer 2 -- expanding.
2.350 Iteration 3.
2.350 New layer size: 13
2.350 Instantiating ...
4.813 Collected 679 relevant facts at this layer
4.813 Encoding ...
4.864 Attempting to solve formula with 160555 clauses (358857 literals) and 8 assumptions
4.864 Unsolvable at layer 3 -- expanding.
4.864 Iteration 4.
4.864 New layer size: 39
4.864 Instantiating ...
9.052 Collected 1256 relevant facts at this layer
9.052 Encoding ...
9.227 Attempting to solve formula with 339308 clauses (821495 literals) and 19 assumptions
9.228 Unsolvable at layer 4 -- expanding.
9.228 Iteration 5.
9.228 New layer size: 90
9.228 Instantiating ...
23.325 Collected 3224 relevant facts at this layer
23.325 Encoding ...
23.975 Attempting to solve formula with 1119525 clauses (2841063 literals) and 35 assumptions
23.978 Unsolvable at layer 5 -- expanding.
23.978 Iteration 6.
23.978 New layer size: 157
23.978 Instantiating ...
23.989 Retroactively prune reduction (M217-ACHIEVE-HOME3 Q_2,0_CARD:0_2198f44854e079ca Q_5,0_CARD:0_78a2550873b8d6a1)@(5,0): no children at offset 0
61.753 Collected 3268 relevant facts at this layer
61.753 Encoding ...
63.114 Attempting to solve formula with 3042983 clauses (7715652 literals) and 62 assumptions
63.117 Unsolvable at layer 6 -- expanding.
63.117 Iteration 7.
63.117 New layer size: 292
63.117 Instantiating ...
139.140 Collected 4708 relevant facts at this layer
139.140 Encoding ...
142.665 Attempting to solve formula with 7168882 clauses (18925766 literals) and 120 assumptions
143.030 Unsolvable at layer 7 -- expanding.
143.030 Iteration 8.
143.030 New layer size: 586
143.030 Instantiating ...
289.320 Collected 6332 relevant facts at this layer
289.321 Encoding ...
298.848 Attempting to solve formula with 17117150 clauses (47890932 literals) and 234 assumptions
300.715 Unsolvable at layer 8 -- expanding.
300.715 Iteration 9.
300.715 New layer size: 1132
300.715 Instantiating ...
300.733 Retroactively prune reduction (M217-ACHIEVE-HOME3 Q_5,0_CARD:1_2198f44854e079ca Q_8,0_CARD:0_78a2550873b8d6a1)@(8,0): no children at offset 0
619.025 Collected 6332 relevant facts at this layer
619.025 Encoding ...
641.349 Attempting to solve formula with 38840739 clauses (111912680 literals) and 438 assumptions
642.795 Unsolvable at layer 9 -- expanding.
642.795 Iteration 10.
642.796 New layer size: 2103
642.796 Instantiating ...
642.813 Retroactively prune reduction (M217-ACHIEVE-HOME3 Q_5,0_CARD:0_2198f44854e079ca Q_9,0_CARD:0_78a2550873b8d6a1)@(9,0): no children at offset 0
1349.397 Collected 6332 relevant facts at this layer
1349.397 Encoding ...
1396.153 Attempting to solve formula with 81295141 clauses (237359586 literals) and 818 assumptions
1497.825 Unsolvable at layer 10 -- expanding.
1497.825 Iteration 11.
1497.828 New layer size: 3968
1497.828 Instantiating ...
1800.132 Termination signal caught.
1800.132 Total amount of clauses encoded: 81295141
1800.132 - reductionconstraints : 30212338 cls
1800.132 - directframeaxioms : 27919500 cls
1800.132 - qfactsemantics : 11716592 cls
1800.132 - indirectframeaxioms : 8560450 cls
1800.132 - substitutionconstraints : 1323797 cls
1800.132 - atmostoneelement : 847266 cls
1800.132 - qconstequality : 368529 cls
1800.132 - expansions : 154330 cls
1800.132 - predecessors : 91087 cls
1800.132 - actionconstraints : 62138 cls
1800.132 - actioneffects : 32777 cls
1800.132 - truefacts : 6332 cls
1800.132 - forbiddenoperations : 3 cls
1800.132 - axiomaticops : 2 cls
1800.132 # instantiated positions: 5271
1800.132 # instantiated actions: 48314
1800.132 # instantiated reductions: 60602
1800.132 # introduced pseudo-constants: 17546
1800.132 # retroactive prunings: 19
1800.132 # retroactively pruned operations: 19
1800.132 # dominated operations: 7175
1800.132 # total invalid rigid preconditions found in getPFC: 750
1800.132 # invalid rigid preconditions found in getPFC: 0
1800.132 # invalid rigid preconditions found in getPFC in varrestrictions: 750
1800.132 # total invalid fluent preconditions found in getPFC: 73468
1800.132 # invalid fluent preconditions found in getPFC: 3329
1800.132 # invalid fluent preconditions found in getPFC in varrestrictions: 8
1800.132 # invalid fluent preconditions found in getPFC via postconditions: 70131
1800.132 # invalid subtasks found in getPFC: 16
1800.132 # number effects in operation fact_frames: 14208
1800.132 # number of variables restricted: 1915015
1800.132 # number of nodes variables restricted: 671391
1800.132 Exiting happily.

RUNWATCH_RESULT TIMEOUT RETVAL 0 TIME_SECS 1801.08 MEMPEAK_KBS 14665364
