    _           _         _
   \ |         \ |       | |                       
   | |     __  | |      _| |______                
   | |     \/  | |     /_   ______\                
   | |      _  | |   __  | |  ___   ___   ___       
   | |___  | | | |  / .\ | | / , | |   \ / ·_\    
   \_____\ |_| |__\ \__/ |_| \___) |_|_| \___\  
[39mL i l o t a n e  version rls-cadical
by Dominik Schreiber <dominik.schreiber@kit.edu> 2020-2021
using SAT solver cadical

0.013 Parser finished.
0.013 Structures extracted.
0.013 11 operators and 14 methods created.
0.019 Mined 13 new reduction preconditions (+108.3%).
0.019 Iteration 0.
0.019 Creating initial layer of size 2
0.033 Attempting to solve formula with 143 clauses (213 literals) and 1 assumptions
0.033 Unsolvable at layer 0 -- expanding.
0.033 Iteration 1.
0.033 New layer size: 2
0.033 Instantiating ...
0.058 Collected 70 relevant facts at this layer
0.058 Encoding ...
0.060 Attempting to solve formula with 295 clauses (659 literals) and 1 assumptions
0.060 Unsolvable at layer 1 -- expanding.
0.060 Iteration 2.
0.060 New layer size: 3
0.060 Instantiating ...
0.106 Collected 121 relevant facts at this layer
0.106 Encoding ...
0.110 Attempting to solve formula with 6221 clauses (14463 literals) and 1 assumptions
0.110 Unsolvable at layer 2 -- expanding.
0.110 Iteration 3.
0.110 New layer size: 4
0.110 Instantiating ...
0.183 Collected 260 relevant facts at this layer
0.183 Encoding ...
0.190 Attempting to solve formula with 15355 clauses (36901 literals) and 1 assumptions
0.190 Unsolvable at layer 3 -- expanding.
0.190 Iteration 4.
0.190 New layer size: 5
0.190 Instantiating ...
0.264 Collected 260 relevant facts at this layer
0.264 Encoding ...
0.272 Attempting to solve formula with 26308 clauses (65026 literals) and 1 assumptions
0.273 Unsolvable at layer 4 -- expanding.
0.273 Iteration 5.
0.273 New layer size: 6
0.273 Instantiating ...
0.354 Collected 260 relevant facts at this layer
0.354 Encoding ...
0.364 Attempting to solve formula with 37556 clauses (94492 literals) and 1 assumptions
0.364 Unsolvable at layer 5 -- expanding.
0.364 Iteration 6.
0.364 New layer size: 7
0.364 Instantiating ...
0.451 Collected 260 relevant facts at this layer
0.451 Encoding ...
0.462 Attempting to solve formula with 48824 clauses (123998 literals) and 1 assumptions
0.463 Unsolvable at layer 6 -- expanding.
0.463 Iteration 7.
0.463 New layer size: 8
0.463 Instantiating ...
0.556 Collected 260 relevant facts at this layer
0.556 Encoding ...
0.567 Attempting to solve formula with 60112 clauses (153544 literals) and 1 assumptions
0.569 Unsolvable at layer 7 -- expanding.
0.569 Iteration 8.
0.569 New layer size: 9
0.569 Instantiating ...
0.670 Collected 260 relevant facts at this layer
0.670 Encoding ...
0.682 Attempting to solve formula with 71420 clauses (183130 literals) and 1 assumptions
0.684 Unsolvable at layer 8 -- expanding.
0.684 Iteration 9.
0.684 New layer size: 10
0.684 Instantiating ...
0.794 Collected 260 relevant facts at this layer
0.794 Encoding ...
0.807 Attempting to solve formula with 82748 clauses (212756 literals) and 1 assumptions
0.809 Unsolvable at layer 9 -- expanding.
0.809 Iteration 10.
0.809 New layer size: 11
0.809 Instantiating ...
0.923 Collected 260 relevant facts at this layer
0.923 Encoding ...
0.937 Attempting to solve formula with 94096 clauses (242422 literals) and 1 assumptions
0.954 Unsolvable at layer 10 -- expanding.
0.954 Iteration 11.
0.954 New layer size: 12
0.954 Instantiating ...
1.074 Collected 260 relevant facts at this layer
1.074 Encoding ...
1.090 Attempting to solve formula with 105464 clauses (272128 literals) and 1 assumptions
1.101 Unsolvable at layer 11 -- expanding.
1.101 Iteration 12.
1.101 New layer size: 13
1.101 Instantiating ...
1.228 Collected 260 relevant facts at this layer
1.228 Encoding ...
1.244 Attempting to solve formula with 116852 clauses (301874 literals) and 1 assumptions
1.323 Unsolvable at layer 12 -- expanding.
1.323 Iteration 13.
1.323 New layer size: 14
1.323 Instantiating ...
1.464 Collected 260 relevant facts at this layer
1.464 Encoding ...
1.484 Attempting to solve formula with 128260 clauses (331660 literals) and 1 assumptions
1.558 Unsolvable at layer 13 -- expanding.
1.558 Iteration 14.
1.558 New layer size: 15
1.558 Instantiating ...
1.699 Collected 260 relevant facts at this layer
1.699 Encoding ...
1.720 Attempting to solve formula with 139688 clauses (361486 literals) and 1 assumptions
2.426 Unsolvable at layer 14 -- expanding.
2.426 Iteration 15.
2.426 New layer size: 16
2.426 Instantiating ...
2.573 Collected 260 relevant facts at this layer
2.573 Encoding ...
2.594 Attempting to solve formula with 151136 clauses (391352 literals) and 1 assumptions
3.042 Unsolvable at layer 15 -- expanding.
3.042 Iteration 16.
3.042 New layer size: 17
3.042 Instantiating ...
3.193 Collected 260 relevant facts at this layer
3.193 Encoding ...
3.212 Attempting to solve formula with 162604 clauses (421258 literals) and 1 assumptions
3.321 Unsolvable at layer 16 -- expanding.
3.321 Iteration 17.
3.321 New layer size: 18
3.321 Instantiating ...
3.487 Collected 260 relevant facts at this layer
3.487 Encoding ...
3.512 Attempting to solve formula with 174092 clauses (451204 literals) and 1 assumptions
3.584 Unsolvable at layer 17 -- expanding.
3.584 Iteration 18.
3.584 New layer size: 19
3.584 Instantiating ...
3.751 Collected 260 relevant facts at this layer
3.751 Encoding ...
3.774 Attempting to solve formula with 185600 clauses (481190 literals) and 1 assumptions
4.095 Unsolvable at layer 18 -- expanding.
4.095 Iteration 19.
4.095 New layer size: 20
4.095 Instantiating ...
4.274 Collected 260 relevant facts at this layer
4.274 Encoding ...
4.300 Attempting to solve formula with 197128 clauses (511216 literals) and 1 assumptions
4.886 Unsolvable at layer 19 -- expanding.
4.886 Iteration 20.
4.886 New layer size: 21
4.886 Instantiating ...
5.068 Collected 260 relevant facts at this layer
5.068 Encoding ...
5.094 Attempting to solve formula with 208676 clauses (541282 literals) and 1 assumptions
6.388 Unsolvable at layer 20 -- expanding.
6.388 Iteration 21.
6.388 New layer size: 22
6.388 Instantiating ...
6.567 Collected 260 relevant facts at this layer
6.567 Encoding ...
6.593 Attempting to solve formula with 220244 clauses (571388 literals) and 1 assumptions
7.095 Unsolvable at layer 21 -- expanding.
7.095 Iteration 22.
7.095 New layer size: 23
7.095 Instantiating ...
7.280 Collected 260 relevant facts at this layer
7.280 Encoding ...
7.306 Attempting to solve formula with 231832 clauses (601534 literals) and 1 assumptions
8.000 Unsolvable at layer 22 -- expanding.
8.000 Iteration 23.
8.000 New layer size: 24
8.000 Instantiating ...
8.185 Collected 260 relevant facts at this layer
8.185 Encoding ...
8.210 Attempting to solve formula with 243440 clauses (631720 literals) and 1 assumptions
8.489 Unsolvable at layer 23 -- expanding.
8.489 Iteration 24.
8.489 New layer size: 25
8.489 Instantiating ...
8.688 Collected 260 relevant facts at this layer
8.688 Encoding ...
8.718 Attempting to solve formula with 255068 clauses (661946 literals) and 1 assumptions
8.896 Unsolvable at layer 24 -- expanding.
8.896 Iteration 25.
8.896 New layer size: 26
8.896 Instantiating ...
9.112 Collected 260 relevant facts at this layer
9.112 Encoding ...
9.143 Attempting to solve formula with 266716 clauses (692212 literals) and 1 assumptions
10.524 Unsolvable at layer 25 -- expanding.
10.524 Iteration 26.
10.524 New layer size: 27
10.524 Instantiating ...
10.748 Collected 260 relevant facts at this layer
10.748 Encoding ...
10.782 Attempting to solve formula with 278384 clauses (722518 literals) and 1 assumptions
11.851 Unsolvable at layer 26 -- expanding.
11.851 Iteration 27.
11.851 New layer size: 28
11.851 Instantiating ...
12.073 Collected 260 relevant facts at this layer
12.073 Encoding ...
12.108 Attempting to solve formula with 290072 clauses (752864 literals) and 1 assumptions
12.297 Unsolvable at layer 27 -- expanding.
12.297 Iteration 28.
12.297 New layer size: 29
12.297 Instantiating ...
12.524 Collected 260 relevant facts at this layer
12.524 Encoding ...
12.554 Attempting to solve formula with 301780 clauses (783250 literals) and 1 assumptions
13.000 Unsolvable at layer 28 -- expanding.
13.000 Iteration 29.
13.000 New layer size: 30
13.000 Instantiating ...
13.247 Collected 260 relevant facts at this layer
13.247 Encoding ...
13.282 Attempting to solve formula with 313508 clauses (813676 literals) and 1 assumptions
13.822 Unsolvable at layer 29 -- expanding.
13.822 Iteration 30.
13.822 New layer size: 31
13.822 Instantiating ...
14.078 Collected 260 relevant facts at this layer
14.078 Encoding ...
14.120 Attempting to solve formula with 325256 clauses (844142 literals) and 1 assumptions
16.583 Unsolvable at layer 30 -- expanding.
16.583 Iteration 31.
16.583 New layer size: 32
16.583 Instantiating ...
16.848 Collected 260 relevant facts at this layer
16.848 Encoding ...
16.887 Attempting to solve formula with 337024 clauses (874648 literals) and 1 assumptions
20.816 Unsolvable at layer 31 -- expanding.
20.816 Iteration 32.
20.817 New layer size: 33
20.817 Instantiating ...
21.068 Collected 260 relevant facts at this layer
21.068 Encoding ...
21.102 Attempting to solve formula with 348812 clauses (905194 literals) and 1 assumptions
21.915 Unsolvable at layer 32 -- expanding.
21.915 Iteration 33.
21.915 New layer size: 34
21.915 Instantiating ...
22.208 Collected 260 relevant facts at this layer
22.208 Encoding ...
22.248 Attempting to solve formula with 360620 clauses (935780 literals) and 1 assumptions
28.674 Unsolvable at layer 33 -- expanding.
28.674 Iteration 34.
28.674 New layer size: 35
28.674 Instantiating ...
28.963 Collected 260 relevant facts at this layer
28.963 Encoding ...
29.007 Attempting to solve formula with 372448 clauses (966406 literals) and 1 assumptions
41.564 Unsolvable at layer 34 -- expanding.
41.564 Iteration 35.
41.564 New layer size: 36
41.564 Instantiating ...
41.850 Collected 260 relevant facts at this layer
41.850 Encoding ...
41.894 Attempting to solve formula with 384296 clauses (997072 literals) and 1 assumptions
52.327 Unsolvable at layer 35 -- expanding.
52.327 Iteration 36.
52.327 New layer size: 37
52.327 Instantiating ...
52.616 Collected 260 relevant facts at this layer
52.616 Encoding ...
52.658 Attempting to solve formula with 396164 clauses (1027778 literals) and 1 assumptions
60.935 Unsolvable at layer 36 -- expanding.
60.935 Iteration 37.
60.935 New layer size: 38
60.935 Instantiating ...
61.237 Collected 260 relevant facts at this layer
61.237 Encoding ...
61.283 Attempting to solve formula with 408052 clauses (1058524 literals) and 1 assumptions
73.119 Unsolvable at layer 37 -- expanding.
73.119 Iteration 38.
73.119 New layer size: 39
73.119 Instantiating ...
73.425 Collected 260 relevant facts at this layer
73.425 Encoding ...
73.471 Attempting to solve formula with 419960 clauses (1089310 literals) and 1 assumptions
87.469 Unsolvable at layer 38 -- expanding.
87.469 Iteration 39.
87.469 New layer size: 40
87.469 Instantiating ...
87.780 Collected 260 relevant facts at this layer
87.780 Encoding ...
87.827 Attempting to solve formula with 431888 clauses (1120136 literals) and 1 assumptions
105.152 Unsolvable at layer 39 -- expanding.
105.152 Iteration 40.
105.152 New layer size: 41
105.152 Instantiating ...
105.450 Collected 260 relevant facts at this layer
105.450 Encoding ...
105.494 Attempting to solve formula with 443836 clauses (1151002 literals) and 1 assumptions
128.319 Unsolvable at layer 40 -- expanding.
128.319 Iteration 41.
128.319 New layer size: 42
128.319 Instantiating ...
128.640 Collected 260 relevant facts at this layer
128.640 Encoding ...
128.689 Attempting to solve formula with 455804 clauses (1181908 literals) and 1 assumptions
157.189 Unsolvable at layer 41 -- expanding.
157.189 Iteration 42.
157.189 New layer size: 43
157.189 Instantiating ...
157.513 Collected 260 relevant facts at this layer
157.513 Encoding ...
157.562 Attempting to solve formula with 467792 clauses (1212854 literals) and 1 assumptions
196.668 Unsolvable at layer 42 -- expanding.
196.668 Iteration 43.
196.668 New layer size: 44
196.668 Instantiating ...
197.013 Collected 260 relevant facts at this layer
197.013 Encoding ...
197.073 Attempting to solve formula with 479800 clauses (1243840 literals) and 1 assumptions
245.309 Unsolvable at layer 43 -- expanding.
245.309 Iteration 44.
245.309 New layer size: 45
245.309 Instantiating ...
245.656 Collected 260 relevant facts at this layer
245.656 Encoding ...
245.711 Attempting to solve formula with 491828 clauses (1274866 literals) and 1 assumptions
373.749 Unsolvable at layer 44 -- expanding.
373.749 Iteration 45.
373.749 New layer size: 46
373.749 Instantiating ...
374.096 Collected 260 relevant facts at this layer
374.096 Encoding ...
374.145 Attempting to solve formula with 503876 clauses (1305932 literals) and 1 assumptions
556.534 Unsolvable at layer 45 -- expanding.
556.534 Iteration 46.
556.534 New layer size: 47
556.534 Instantiating ...
556.917 Collected 260 relevant facts at this layer
556.917 Encoding ...
556.971 Attempting to solve formula with 515944 clauses (1337038 literals) and 1 assumptions
774.333 Unsolvable at layer 46 -- expanding.
774.333 Iteration 47.
774.333 New layer size: 48
774.333 Instantiating ...
774.699 Collected 260 relevant facts at this layer
774.699 Encoding ...
774.756 Attempting to solve formula with 528032 clauses (1368184 literals) and 1 assumptions
1095.819 Unsolvable at layer 47 -- expanding.
1095.819 Iteration 48.
1095.819 New layer size: 49
1095.819 Instantiating ...
1096.192 Collected 260 relevant facts at this layer
1096.192 Encoding ...
1096.251 Attempting to solve formula with 540140 clauses (1399370 literals) and 1 assumptions
1799.997 Termination signal caught.
1799.997 Total amount of clauses encoded: 540140
1799.997 - actionconstraints : 258074 cls
1799.997 - reductionconstraints : 111741 cls
1799.997 - directframeaxioms : 48188 cls
1799.997 - qfactsemantics : 43306 cls
1799.997 - indirectframeaxioms : 29148 cls
1799.997 - substitutionconstraints : 19566 cls
1799.997 - atmostoneelement : 12297 cls
1799.997 - expansions : 6098 cls
1799.997 - predecessors : 5970 cls
1799.997 - qconstequality : 5076 cls
1799.997 - actioneffects : 414 cls
1799.997 - truefacts : 260 cls
1799.997 - axiomaticops : 2 cls
1799.997 # instantiated positions: 1225
1799.997 # instantiated actions: 5641
1799.997 # instantiated reductions: 330
1799.997 # introduced pseudo-constants: 282
1799.997 # retroactive prunings: 1
1799.997 # retroactively pruned operations: 1
1799.997 # dominated operations: 0
1799.997 # total invalid rigid preconditions found in getPFC: 0
1799.997 # invalid rigid preconditions found in getPFC: 0
1799.997 # invalid rigid preconditions found in getPFC in varrestrictions: 0
1799.997 # total invalid fluent preconditions found in getPFC: 2762
1799.997 # invalid fluent preconditions found in getPFC: 1
1799.997 # invalid fluent preconditions found in getPFC in varrestrictions: 4
1799.997 # invalid fluent preconditions found in getPFC via postconditions: 2757
1799.997 # invalid operations found in getPFC via subtasks: 1
1799.997 # invalid operations found in getPFC via postconditions: 0
1799.997 # number effects in operation fact_frames: 110
1799.997 # number of variables restricted: 12229
1799.997 # number of nodes variables restricted: 8307
1799.997 Exiting happily.

RUNWATCH_RESULT TIMEOUT RETVAL 0 TIME_SECS 1800.03 MEMPEAK_KBS 339996
