pandaPIparser is configured as follows
  Colors in output: true
  Mode: parsing mode
  Parameter splitting: true
  Conditional effects: exponential encoding
  Disjunctive preconditions as HTN: false
  Replace goal with action: false
  Output: pandaPI format
General Options
  Print timings: false
  Quiet mode: false
Inference Options
  H2 mutexes: false
  FAM groups: false
Transformation Options
  Add zero-cost no-op to empty methods: true
  Remove duplicate actions: true
  Remove useless literals: true
  Expand abstract tasks with one method: true
  Remove empty method preconditions: true
  Two regularisation: false
  Compile negative SAS variables: false
Runtime Optimisations
  Hierarchy Typing: true
  Future Caching: false
  Static Precondition Checking: false
Output Options
  Panda planner format: true
  HDDL: false
  SAS for Fast Downward (without hierarchy): false
Output Formatting Options
  Output only SAS+ variables: false
  SAS+ delete mode: as input
Reading input from /home/schnell/lilotane/sotaevaluation//PandaSAT_runwatchtime_timeout1800_2021-11-16_15:47:18/runwatch_log/481/481.parsed.
Writing output to /home/schnell/lilotane/sotaevaluation//PandaSAT_runwatchtime_timeout1800_2021-11-16_15:47:18/runwatch_log/481/481.sas.
Writing output to standard output.
Parsing done.
Conditional Effects expanded
done.
Starting Hierarchy Typing
Total 0.493ms
Contains 0.099ms
Restrict 0.068ms
MPrep 0.061ms
Finished Hierarchy Typing
Running PG.
Process actions without preconditions
Done.
Returning from runGpg().
PG done. Postprocessing
PG postprocessing done.
Calculated [204] grounded tasks and [93] reachable facts.
Running TDG.
Process actions without preconditions
Done.
Returning from runGpg().
TDG done.
Calculated [252] grounded tasks and [127] grounded decomposition methods.
Performing DFS.
DFS done.
After DFS: 222 tasks, 111 methods.
Grounded PG:
Input was [180, 222], output was [180, 89].
Simplifying instance.
Removing useless facts/literals
Removing method precondition actions whose precondition is empty
Expanding abstract tasks with only one method
Starting duplicate elimination.
Data structure build.
32 duplicates found.
Duplicates replaced in methods.
Further Mutex Groups: 0 strict 0 non strict
Writing instance to output.
Final Statistics: F 56 S 0 SC 0 SM 0 NSM 0 I 0 P 70 S 72 A 30 M 99
Exiting.
Random seed: 42
Time limit: 1800 seconds
Reading input from /home/schnell/lilotane/sotaevaluation//PandaSAT_runwatchtime_timeout1800_2021-11-16_15:47:18/runwatch_log/481/481.sas.
- State has 56 bits divided into 56 mutex groups.
- Domain contains 142 actions.
- Domain contains 172 tasks.
- Domain contains 99 methods.
- The initial state contains 28 set bits.
- The initial task is "__top[]".
- State-based goal contains 0 bits.
- Instance is totally-ordered: yes
- Instance has unique paths: yes
- Instance is parallel sequences: yes
Calculate SCCs...
- Number of SCCs: 172
- The problem is cyclic
- Number of cyclic SCCs: 10
- Number of cyclic SCCs of size 1: 10

Extracting invariants from parsed model
Extracted 0 invariants.
Starting resolution.
After resolution we have 0 invariants, taking 0.004ms.

Computing invariants [Rintanen]
Initial candidates build (4620)
Round 1: 4620 invariants remaining
Round 2: 434 invariants remaining
Round 3: 240 invariants remaining
Round 4: 95 invariants remaining
Found 95 invariants in 0.6ms
Calculate SCCs...
- Number of SCCs: 172
- The problem is cyclic
- Number of cyclic SCCs: 10
- Number of cyclic SCCs of size 1: 10
Hallo


Instance is totally ordered: yes
[33mStarting SAT-based planner[m
Using SAT solver: cryptominisat-5.8.0
Encode Mutexes:    yes
Block Compression: yes
Pruning:           ff




[33mGenerating formula for depth 1[m
Computing PDT took: 0.038 ms
Computed PDT. Extracting leafs ... 3 leafs
Clear pruning tables ... done.
[34mPruning round [m1 Phase: 1
FF Pruning: removed 0 of 0
Pruning: 4 of 4
Leaf Primitive Pruning: 0 of 0
Initial abstract task is pruned: [31mUNSAT[m


[33mGenerating formula for depth 2[m
Computing PDT took: 0.04 ms
Computed PDT. Extracting leafs ... 9 leafs
Clear pruning tables ... done.
[34mPruning round [m1 Phase: 1
FF Pruning: removed 6 of 12
[34mPruning round [m2 Phase: 1
FF Pruning: removed 0 of 6
Pruning: 22 of 22
Leaf Primitive Pruning: 15 of 15
Initial abstract task is pruned: [31mUNSAT[m


[33mGenerating formula for depth 3[m
Computing PDT took: 0.09 ms
Computed PDT. Extracting leafs ... 30 leafs
Clear pruning tables ... done.
[34mPruning round [m1 Phase: 1
FF Pruning: removed 9 of 18
[34mPruning round [m2 Phase: 1
FF Pruning: removed 0 of 9
Pruning: 55 of 55
Leaf Primitive Pruning: 27 of 27
Initial abstract task is pruned: [31mUNSAT[m


[33mGenerating formula for depth 4[m
Computing PDT took: 0.191 ms
Computed PDT. Extracting leafs ... 69 leafs
Clear pruning tables ... done.
[34mPruning round [m1 Phase: 1
FF Pruning: removed 24 of 75
[34mPruning round [m2 Phase: 1
FF Pruning: removed 0 of 51
Pruning: 142 of 142
Leaf Primitive Pruning: 90 of 90
Initial abstract task is pruned: [31mUNSAT[m


[33mGenerating formula for depth 5[m
Computing PDT took: 0.317 ms
Computed PDT. Extracting leafs ... 129 leafs
Clear pruning tables ... done.
[34mPruning round [m1 Phase: 1
FF Pruning: removed 39 of 144
[34mPruning round [m2 Phase: 1
FF Pruning: removed 0 of 105
Pruning: 277 of 277
Leaf Primitive Pruning: 171 of 171
Initial abstract task is pruned: [31mUNSAT[m


[33mGenerating formula for depth 6[m
Computing PDT took: 0.583 ms
Computed PDT. Extracting leafs ... 222 leafs
Clear pruning tables ... done.
[34mPruning round [m1 Phase: 1
FF Pruning: removed 57 of 357
[34mPruning round [m2 Phase: 1
FF Pruning: removed 0 of 300
Pruning: 586 of 586
Leaf Primitive Pruning: 399 of 399
Initial abstract task is pruned: [31mUNSAT[m


[33mGenerating formula for depth 7[m
Computing PDT took: 0.911 ms
Computed PDT. Extracting leafs ... 354 leafs
Clear pruning tables ... done.
[34mPruning round [m1 Phase: 1
FF Pruning: removed 55 of 720
[34mPruning round [m2 Phase: 1
FF Pruning: removed 0 of 665
Pruning: 480 of 1090
Leaf Primitive Pruning: 313 of 780
Pruning gave 0 new invariants
Assigning variable IDs for PDT ... done. 1440 new variables.
Decomposition Clauses generated.
Pruned clauses.
Block compression leads to 43 timesteps.
Decomp formula generated
State atoms
State formula
Matching
Invar time: 0.623ms SM: 0 M: 0 I: 0 SI: 95
[34mFormula: [m5516 decomposition 6244 state 4085 mutex
Formula has 3904 vars and 15845 clauses.
Formula time: 6.937ms
Starting solver
Solver time: 0.057ms
Solver state: [31mUNSAT[m


[33mGenerating formula for depth 8[m
Computing PDT took: 1.295 ms
Computed PDT. Extracting leafs ... 534 leafs
Clear pruning tables ... done.
[34mPruning round [m1 Phase: 1
FF Pruning: removed 47 of 1344
[34mPruning round [m2 Phase: 1
FF Pruning: removed 0 of 1297
Pruning: 285 of 1912
Leaf Primitive Pruning: 138 of 1425
Pruning gave 0 new invariants
Assigning variable IDs for PDT ... done. 2262 new variables.
Decomposition Clauses generated.
Pruned clauses.
Block compression leads to 103 timesteps.
Decomp formula generated
State atoms
State formula
Matching
Invar time: 3.569ms SM: 0 M: 0 I: 0 SI: 95
[34mFormula: [m16110 decomposition 15688 state 9785 mutex
Formula has 11990 vars and 57428 clauses.
Formula time: 17.967ms
Starting solver
Solver time: 2.767ms
Solver state: [32mSAT[m
==>
0 __method_precondition_M22-ACHIEVE-SERVED[P2]
1 __method_precondition_M24-ACHIEVE-SERVED2_base[P2]
2 __method_precondition_M8-DO-SERVED-DEPART2[P2]
3 __method_precondition_M17-ACHIEVE-BOARDED[P2]
4 __method_precondition_M19-ACHIEVE-BOARDED1_base[P2]
5 __method_precondition_M7-DO-BOARDED-BOARD1[P2]
6 __method_precondition_M11-ACHIEVE-LIFT-AT[F4]
7 __method_precondition_M13-ACHIEVE-LIFT-AT0_base[F4]
8 __method_precondition_M13-ACHIEVE-LIFT-AT0_split[F0,F1]
9 UP[F0,F4]
10 __method_precondition_M13-ACHIEVE-LIFT-AT0_split[F4,F5]
11 i-LOCK-LIFT-AT[F4]
12 __method_precondition_IFUNLOCK5-LIFT-AT[F4]
13 i-UNLOCK-LIFT-AT[F4]
14 BOARD[F4,P2]
15 __method_precondition_M18-ACHIEVE-BOARDED1[P2]
16 i-LOCK-BOARDED[P2]
17 __method_precondition_M11-ACHIEVE-LIFT-AT[F1]
18 __method_precondition_M13-ACHIEVE-LIFT-AT0_base[F1]
19 __method_precondition_M13-ACHIEVE-LIFT-AT0_split[F4,F5]
20 UP[F4,F5]
21 __method_precondition_M13-ACHIEVE-LIFT-AT0_base[F1]
22 __method_precondition_M14-ACHIEVE-LIFT-AT0_split[F5,F4]
23 DOWN[F5,F1]
24 __method_precondition_M12-ACHIEVE-LIFT-AT0[F1]
25 i-LOCK-LIFT-AT[F1]
26 __method_precondition_IFUNLOCK5-LIFT-AT[F1]
27 i-UNLOCK-LIFT-AT[F1]
28 __method_precondition_IFUNLOCK1-BOARDED[P2]
29 i-UNLOCK-BOARDED[P2]
30 DEPART[F1,P2]
31 __method_precondition_M23-ACHIEVE-SERVED2[P2]
32 i-LOCK-SERVED[P2]
33 __method_precondition_M22-ACHIEVE-SERVED[P1]
34 __method_precondition_M24-ACHIEVE-SERVED2_base[P1]
35 __method_precondition_M8-DO-SERVED-DEPART2[P1]
36 __method_precondition_M17-ACHIEVE-BOARDED[P1]
37 __method_precondition_M19-ACHIEVE-BOARDED1_base[P1]
38 __method_precondition_M7-DO-BOARDED-BOARD1[P1]
39 __method_precondition_M11-ACHIEVE-LIFT-AT[F5]
40 __method_precondition_M13-ACHIEVE-LIFT-AT0_base[F5]
41 __method_precondition_M12-ACHIEVE-LIFT-AT0[F1]
42 UP[F1,F5]
43 __method_precondition_M14-ACHIEVE-LIFT-AT0_split[F5,F4]
44 i-LOCK-LIFT-AT[F5]
45 __method_precondition_IFUNLOCK5-LIFT-AT[F5]
46 i-UNLOCK-LIFT-AT[F5]
47 BOARD[F5,P1]
48 __method_precondition_M18-ACHIEVE-BOARDED1[P1]
49 i-LOCK-BOARDED[P1]
50 __method_precondition_M11-ACHIEVE-LIFT-AT[F2]
51 __method_precondition_M13-ACHIEVE-LIFT-AT0_base[F2]
52 __method_precondition_M14-ACHIEVE-LIFT-AT0_split[F5,F4]
53 DOWN[F5,F0]
54 __method_precondition_M13-ACHIEVE-LIFT-AT0_base[F2]
55 __method_precondition_M13-ACHIEVE-LIFT-AT0_split[F0,F1]
56 UP[F0,F1]
57 __method_precondition_M13-ACHIEVE-LIFT-AT0_base[F2]
58 __method_precondition_M12-ACHIEVE-LIFT-AT0[F1]
59 UP[F1,F2]
60 __method_precondition_M13-ACHIEVE-LIFT-AT0_split[F2,F3]
61 i-LOCK-LIFT-AT[F2]
62 __method_precondition_IFUNLOCK5-LIFT-AT[F2]
63 i-UNLOCK-LIFT-AT[F2]
64 __method_precondition_IFUNLOCK1-BOARDED[P1]
65 i-UNLOCK-BOARDED[P1]
66 DEPART[F2,P1]
67 __method_precondition_M23-ACHIEVE-SERVED2[P1]
68 i-LOCK-SERVED[P1]
69 __method_precondition_M22-ACHIEVE-SERVED[P0]
70 __method_precondition_M24-ACHIEVE-SERVED2_base[P0]
71 __method_precondition_M8-DO-SERVED-DEPART2[P0]
72 __method_precondition_M17-ACHIEVE-BOARDED[P0]
73 __method_precondition_M19-ACHIEVE-BOARDED1_base[P0]
74 __method_precondition_M7-DO-BOARDED-BOARD1[P0]
75 __method_precondition_M10-ACHIEVE-LIFT-AT[F2]
76 i-LOCK-LIFT-AT[F2]
77 __method_precondition_IFUNLOCK5-LIFT-AT[F2]
78 i-UNLOCK-LIFT-AT[F2]
79 BOARD[F2,P0]
80 __method_precondition_M18-ACHIEVE-BOARDED1[P0]
81 i-LOCK-BOARDED[P0]
82 __method_precondition_M11-ACHIEVE-LIFT-AT[F5]
83 __method_precondition_M13-ACHIEVE-LIFT-AT0_base[F5]
84 __method_precondition_M13-ACHIEVE-LIFT-AT0_split[F2,F3]
85 UP[F2,F3]
86 __method_precondition_M13-ACHIEVE-LIFT-AT0_base[F5]
87 __method_precondition_M13-ACHIEVE-LIFT-AT0_split[F3,F4]
88 DOWN[F3,F2]
89 __method_precondition_M13-ACHIEVE-LIFT-AT0_base[F5]
90 __method_precondition_M13-ACHIEVE-LIFT-AT0_split[F2,F3]
91 UP[F2,F5]
92 __method_precondition_M14-ACHIEVE-LIFT-AT0_split[F5,F4]
93 i-LOCK-LIFT-AT[F5]
94 __method_precondition_IFUNLOCK5-LIFT-AT[F5]
95 i-UNLOCK-LIFT-AT[F5]
96 __method_precondition_IFUNLOCK1-BOARDED[P0]
97 i-UNLOCK-BOARDED[P0]
98 DEPART[F5,P0]
99 __method_precondition_M23-ACHIEVE-SERVED2[P0]
100 i-LOCK-SERVED[P0]
root 101
101 __top[] -> __top_method 102 121 142
102 ACHIEVE-SERVED[P2] -> M22-ACHIEVE-SERVED 0 103 32
103 ACHIEVE-SERVED2[P2] -> <<M24-ACHIEVE-SERVED2;M24-ACHIEVE-SERVED2_splitted_4[P2];_splitting_method_M24-ACHIEVE-SERVED2_splitted_4;1;0,-1,2>;DO-SERVED-DEPART2[F1,P2];M8-DO-SERVED-DEPART2;1;0,-1,-2,-3,-4,-5,-6,2> 1 2 104 112 118 119 30 120
104 ACHIEVE-BOARDED[P2] -> M17-ACHIEVE-BOARDED 3 105 16
105 ACHIEVE-BOARDED1[P2] -> <<M19-ACHIEVE-BOARDED1;M19-ACHIEVE-BOARDED1_splitted_1[P2];_splitting_method_M19-ACHIEVE-BOARDED1_splitted_1;1;0,-1,2>;DO-BOARDED-BOARD1[F4,P2];M7-DO-BOARDED-BOARD1;1;0,-1,-2,-3,-4,2> 4 5 106 110 14 111
106 ACHIEVE-LIFT-AT[F4] -> M11-ACHIEVE-LIFT-AT 6 107 11
107 ACHIEVE-LIFT-AT0[F4] -> M13-ACHIEVE-LIFT-AT0 7 108 109
108 M13-ACHIEVE-LIFT-AT0_splitted_2[] -> _splitting_method_M13-ACHIEVE-LIFT-AT0_splitted_2 8 9
109 ACHIEVE-LIFT-AT0[F4] -> M12-ACHIEVE-LIFT-AT0 10
110 IFUNLOCK-LIFT-AT[F4] -> IFUNLOCK5-LIFT-AT 12 13
111 ACHIEVE-BOARDED1[P2] -> M18-ACHIEVE-BOARDED1 15
112 ACHIEVE-LIFT-AT[F1] -> M11-ACHIEVE-LIFT-AT 17 113 25
113 ACHIEVE-LIFT-AT0[F1] -> M13-ACHIEVE-LIFT-AT0 18 114 115
114 M13-ACHIEVE-LIFT-AT0_splitted_2[] -> _splitting_method_M13-ACHIEVE-LIFT-AT0_splitted_2 19 20
115 ACHIEVE-LIFT-AT0[F1] -> M14-ACHIEVE-LIFT-AT0 21 116 117
116 M14-ACHIEVE-LIFT-AT0_splitted_3[] -> _splitting_method_M14-ACHIEVE-LIFT-AT0_splitted_3 22 23
117 ACHIEVE-LIFT-AT0[F1] -> M12-ACHIEVE-LIFT-AT0 24
118 IFUNLOCK-LIFT-AT[F1] -> IFUNLOCK5-LIFT-AT 26 27
119 IFUNLOCK-BOARDED[P2] -> IFUNLOCK1-BOARDED 28 29
120 ACHIEVE-SERVED2[P2] -> M23-ACHIEVE-SERVED2 31
121 ACHIEVE-SERVED[P1] -> M22-ACHIEVE-SERVED 33 122 68
122 ACHIEVE-SERVED2[P1] -> <<M24-ACHIEVE-SERVED2;M24-ACHIEVE-SERVED2_splitted_4[P1];_splitting_method_M24-ACHIEVE-SERVED2_splitted_4;1;0,-1,2>;DO-SERVED-DEPART2[F2,P1];M8-DO-SERVED-DEPART2;1;0,-1,-2,-3,-4,-5,-6,2> 34 35 123 131 139 140 66 141
123 ACHIEVE-BOARDED[P1] -> M17-ACHIEVE-BOARDED 36 124 49
124 ACHIEVE-BOARDED1[P1] -> <<M19-ACHIEVE-BOARDED1;M19-ACHIEVE-BOARDED1_splitted_1[P1];_splitting_method_M19-ACHIEVE-BOARDED1_splitted_1;1;0,-1,2>;DO-BOARDED-BOARD1[F5,P1];M7-DO-BOARDED-BOARD1;1;0,-1,-2,-3,-4,2> 37 38 125 129 47 130
125 ACHIEVE-LIFT-AT[F5] -> M11-ACHIEVE-LIFT-AT 39 126 44
126 ACHIEVE-LIFT-AT0[F5] -> M13-ACHIEVE-LIFT-AT0 40 127 128
127 M13-ACHIEVE-LIFT-AT0_splitted_2[] -> _splitting_method_M13-ACHIEVE-LIFT-AT0_splitted_2 41 42
128 ACHIEVE-LIFT-AT0[F5] -> M12-ACHIEVE-LIFT-AT0 43
129 IFUNLOCK-LIFT-AT[F5] -> IFUNLOCK5-LIFT-AT 45 46
130 ACHIEVE-BOARDED1[P1] -> M18-ACHIEVE-BOARDED1 48
131 ACHIEVE-LIFT-AT[F2] -> M11-ACHIEVE-LIFT-AT 50 132 61
132 ACHIEVE-LIFT-AT0[F2] -> M14-ACHIEVE-LIFT-AT0 51 133 134
133 M14-ACHIEVE-LIFT-AT0_splitted_3[] -> _splitting_method_M14-ACHIEVE-LIFT-AT0_splitted_3 52 53
134 ACHIEVE-LIFT-AT0[F2] -> M13-ACHIEVE-LIFT-AT0 54 135 136
135 M13-ACHIEVE-LIFT-AT0_splitted_2[] -> _splitting_method_M13-ACHIEVE-LIFT-AT0_splitted_2 55 56
136 ACHIEVE-LIFT-AT0[F2] -> M13-ACHIEVE-LIFT-AT0 57 137 138
137 M13-ACHIEVE-LIFT-AT0_splitted_2[] -> _splitting_method_M13-ACHIEVE-LIFT-AT0_splitted_2 58 59
138 ACHIEVE-LIFT-AT0[F2] -> M12-ACHIEVE-LIFT-AT0 60
139 IFUNLOCK-LIFT-AT[F2] -> IFUNLOCK5-LIFT-AT 62 63
140 IFUNLOCK-BOARDED[P1] -> IFUNLOCK1-BOARDED 64 65
141 ACHIEVE-SERVED2[P1] -> M23-ACHIEVE-SERVED2 67
142 ACHIEVE-SERVED[P0] -> M22-ACHIEVE-SERVED 69 143 100
143 ACHIEVE-SERVED2[P0] -> <<M24-ACHIEVE-SERVED2;M24-ACHIEVE-SERVED2_splitted_4[P0];_splitting_method_M24-ACHIEVE-SERVED2_splitted_4;1;0,-1,2>;DO-SERVED-DEPART2[F5,P0];M8-DO-SERVED-DEPART2;1;0,-1,-2,-3,-4,-5,-6,2> 70 71 144 149 157 158 98 159
144 ACHIEVE-BOARDED[P0] -> M17-ACHIEVE-BOARDED 72 145 81
145 ACHIEVE-BOARDED1[P0] -> <<M19-ACHIEVE-BOARDED1;M19-ACHIEVE-BOARDED1_splitted_1[P0];_splitting_method_M19-ACHIEVE-BOARDED1_splitted_1;1;0,-1,2>;DO-BOARDED-BOARD1[F2,P0];M7-DO-BOARDED-BOARD1;1;0,-1,-2,-3,-4,2> 73 74 146 147 79 148
146 ACHIEVE-LIFT-AT[F2] -> M10-ACHIEVE-LIFT-AT 75 76
147 IFUNLOCK-LIFT-AT[F2] -> IFUNLOCK5-LIFT-AT 77 78
148 ACHIEVE-BOARDED1[P0] -> M18-ACHIEVE-BOARDED1 80
149 ACHIEVE-LIFT-AT[F5] -> M11-ACHIEVE-LIFT-AT 82 150 93
150 ACHIEVE-LIFT-AT0[F5] -> M13-ACHIEVE-LIFT-AT0 83 151 152
151 M13-ACHIEVE-LIFT-AT0_splitted_2[] -> _splitting_method_M13-ACHIEVE-LIFT-AT0_splitted_2 84 85
152 ACHIEVE-LIFT-AT0[F5] -> M14-ACHIEVE-LIFT-AT0 86 153 154
153 M14-ACHIEVE-LIFT-AT0_splitted_3[] -> _splitting_method_M14-ACHIEVE-LIFT-AT0_splitted_3 87 88
154 ACHIEVE-LIFT-AT0[F5] -> M13-ACHIEVE-LIFT-AT0 89 155 156
155 M13-ACHIEVE-LIFT-AT0_splitted_2[] -> _splitting_method_M13-ACHIEVE-LIFT-AT0_splitted_2 90 91
156 ACHIEVE-LIFT-AT0[F5] -> M12-ACHIEVE-LIFT-AT0 92
157 IFUNLOCK-LIFT-AT[F5] -> IFUNLOCK5-LIFT-AT 94 95
158 IFUNLOCK-BOARDED[P0] -> IFUNLOCK1-BOARDED 96 97
159 ACHIEVE-SERVED2[P0] -> M23-ACHIEVE-SERVED2 99
<==

RUNWATCH_RESULT EXIT RETVAL 0 TIME_SECS 0.238281 MEMPEAK_KBS 924
