pandaPIparser is configured as follows
  Colors in output: true
  Mode: parsing mode
  Parameter splitting: true
  Conditional effects: exponential encoding
  Disjunctive preconditions as HTN: false
  Replace goal with action: false
  Output: pandaPI format
General Options
  Print timings: false
  Quiet mode: false
Inference Options
  H2 mutexes: false
  FAM groups: false
Transformation Options
  Add zero-cost no-op to empty methods: true
  Remove duplicate actions: true
  Remove useless literals: true
  Expand abstract tasks with one method: true
  Remove empty method preconditions: true
  Two regularisation: false
  Compile negative SAS variables: false
Runtime Optimisations
  Hierarchy Typing: true
  Future Caching: false
  Static Precondition Checking: false
Output Options
  Panda planner format: true
  HDDL: false
  SAS for Fast Downward (without hierarchy): false
Output Formatting Options
  Output only SAS+ variables: false
  SAS+ delete mode: as input
Reading input from /home/schnell/lilotane/sotaevaluation//PandaSAT_runwatchtime_timeout1800_2021-11-16_15:47:18/runwatch_log/547/547.parsed.
Writing output to /home/schnell/lilotane/sotaevaluation//PandaSAT_runwatchtime_timeout1800_2021-11-16_15:47:18/runwatch_log/547/547.sas.
Writing output to standard output.
Parsing done.
Conditional Effects expanded
done.
Starting Hierarchy Typing
Total 5.645ms
Contains 1.542ms
Restrict 0.658ms
MPrep 0.564ms
Finished Hierarchy Typing
Running PG.
Process actions without preconditions
Done.
Returning from runGpg().
PG done. Postprocessing
PG postprocessing done.
Calculated [4840] grounded tasks and [1518] reachable facts.
Running TDG.
Process actions without preconditions
Done.
Returning from runGpg().
TDG done.
Calculated [5173] grounded tasks and [2597] grounded decomposition methods.
Performing DFS.
DFS done.
After DFS: 4993 tasks, 2501 methods.
Grounded PG:
Input was [4696, 4993], output was [4696, 1494].
Simplifying instance.
Removing useless facts/literals
Removing method precondition actions whose precondition is empty
Expanding abstract tasks with only one method
Starting duplicate elimination.
Data structure build.
1912 duplicates found.
Duplicates replaced in methods.
Further Mutex Groups: 0 strict 0 non strict
Writing instance to output.
Final Statistics: F 424 S 0 SC 0 SM 0 NSM 0 I 0 P 2196 S 544 A 209 M 2413
Exiting.
Random seed: 42
Time limit: 1800 seconds
Reading input from /home/schnell/lilotane/sotaevaluation//PandaSAT_runwatchtime_timeout1800_2021-11-16_15:47:18/runwatch_log/547/547.sas.
- State has 424 bits divided into 424 mutex groups.
- Domain contains 2740 actions.
- Domain contains 2949 tasks.
- Domain contains 2413 methods.
- The initial state contains 206 set bits.
- The initial task is "__top[]".
- State-based goal contains 0 bits.
- Instance is totally-ordered: yes
- Instance has unique paths: yes
- Instance is parallel sequences: yes
Calculate SCCs...
- Number of SCCs: 2949
- The problem is cyclic
- Number of cyclic SCCs: 76
- Number of cyclic SCCs of size 1: 76

Extracting invariants from parsed model
Extracted 0 invariants.
Starting resolution.
After resolution we have 0 invariants, taking 0.007ms.

Computing invariants [Rintanen]
Initial candidates build (269028)
Round 1: 269028 invariants remaining
Round 2: 22768 invariants remaining
Round 3: 8891 invariants remaining
Round 4: 3230 invariants remaining
Found 3230 invariants in 57.189ms
Calculate SCCs...
- Number of SCCs: 2949
- The problem is cyclic
- Number of cyclic SCCs: 76
- Number of cyclic SCCs of size 1: 76
Hallo


Instance is totally ordered: yes
[33mStarting SAT-based planner[m
Using SAT solver: cryptominisat-5.8.0
Encode Mutexes:    yes
Block Compression: yes
Pruning:           ff




[33mGenerating formula for depth 1[m
Computing PDT took: 0.116 ms
Computed PDT. Extracting leafs ... 22 leafs
Clear pruning tables ... done.
[34mPruning round [m1 Phase: 1
FF Pruning: removed 0 of 0
Pruning: 23 of 23
Leaf Primitive Pruning: 0 of 0
Initial abstract task is pruned: [31mUNSAT[m


[33mGenerating formula for depth 2[m
Computing PDT took: 0.216 ms
Computed PDT. Extracting leafs ... 66 leafs
Clear pruning tables ... done.
[34mPruning round [m1 Phase: 1
FF Pruning: removed 44 of 88
[34mPruning round [m2 Phase: 1
FF Pruning: removed 0 of 44
Pruning: 155 of 155
Leaf Primitive Pruning: 110 of 110
Initial abstract task is pruned: [31mUNSAT[m


[33mGenerating formula for depth 3[m
Computing PDT took: 0.408 ms
Computed PDT. Extracting leafs ... 220 leafs
Clear pruning tables ... done.
[34mPruning round [m1 Phase: 1
FF Pruning: removed 66 of 132
[34mPruning round [m2 Phase: 1
FF Pruning: removed 0 of 66
Pruning: 397 of 397
Leaf Primitive Pruning: 198 of 198
Initial abstract task is pruned: [31mUNSAT[m


[33mGenerating formula for depth 4[m
Computing PDT took: 1.06 ms
Computed PDT. Extracting leafs ... 506 leafs
Clear pruning tables ... done.
[34mPruning round [m1 Phase: 1
FF Pruning: removed 172 of 550
[34mPruning round [m2 Phase: 1
FF Pruning: removed 0 of 378
Pruning: 1035 of 1035
Leaf Primitive Pruning: 660 of 660
Initial abstract task is pruned: [31mUNSAT[m


[33mGenerating formula for depth 5[m
Computing PDT took: 2.04 ms
Computed PDT. Extracting leafs ... 946 leafs
Clear pruning tables ... done.
[34mPruning round [m1 Phase: 1
FF Pruning: removed 281 of 1056
[34mPruning round [m2 Phase: 1
FF Pruning: removed 0 of 775
Pruning: 2025 of 2025
Leaf Primitive Pruning: 1254 of 1254
Initial abstract task is pruned: [31mUNSAT[m


[33mGenerating formula for depth 6[m
Computing PDT took: 88.2 ms
Computed PDT. Extracting leafs ... 1628 leafs
Clear pruning tables ... done.
[34mPruning round [m1 Phase: 1
FF Pruning: removed 2023 of 44418
[34mPruning round [m2 Phase: 1
FF Pruning: removed 0 of 42395
Pruning: 46091 of 46091
Leaf Primitive Pruning: 44726 of 44726
Initial abstract task is pruned: [31mUNSAT[m


[33mGenerating formula for depth 7[m
Computing PDT took: 199 ms
Computed PDT. Extracting leafs ... 2596 leafs
Clear pruning tables ... done.
[34mPruning round [m1 Phase: 1
FF Pruning: removed 2021 of 130680
[34mPruning round [m2 Phase: 1
FF Pruning: removed 0 of 128659
Pruning: 7404 of 133387
Leaf Primitive Pruning: 6563 of 131120
Pruning gave 0 new invariants
Assigning variable IDs for PDT ... done. 250418 new variables.
Decomposition Clauses generated.
Pruned clauses.
Block compression leads to 442 timesteps.
Decomp formula generated
State atoms
State formula
Matching
Invar time: 202ms SM: 0 M: 0 I: 0 SI: 3230
[34mFormula: [m1812107 decomposition 1000158 state 1427660 mutex
Formula has 438943 vars and 4239925 clauses.
Formula time: 1252.973ms
Starting solver
Solver time: 0.163ms
Solver state: [31mUNSAT[m


[33mGenerating formula for depth 8[m
Computing PDT took: 362.096 ms
Computed PDT. Extracting leafs ... 3916 leafs
Clear pruning tables ... done.
[34mPruning round [m1 Phase: 1
FF Pruning: removed 2013 of 302456
[34mPruning round [m2 Phase: 1
FF Pruning: removed 0 of 300443
Pruning: 3751 of 306615
Leaf Primitive Pruning: 2683 of 303050
Pruning gave 0 new invariants
Assigning variable IDs for PDT ... done. 471097 new variables.
Decomposition Clauses generated.
Pruned clauses.
Block compression leads to 749 timesteps.
Decomp formula generated
State atoms
State formula
Matching
Invar time: 762.594ms SM: 0 M: 0 I: 0 SI: 3230
[34mFormula: [m4385661 decomposition 2149576 state 2419270 mutex
Formula has 1229723 vars and 13194432 clauses.
Formula time: 3027.282ms
Starting solver
Solver time: 786.289ms
Solver state: [32mSAT[m
==>
0 __method_precondition_M22-ACHIEVE-SERVED[P21]
1 __method_precondition_M24-ACHIEVE-SERVED2_base[P21]
2 __method_precondition_M8-DO-SERVED-DEPART2[P21]
3 __method_precondition_M17-ACHIEVE-BOARDED[P21]
4 __method_precondition_M19-ACHIEVE-BOARDED1_base[P21]
5 __method_precondition_M7-DO-BOARDED-BOARD1[P21]
6 __method_precondition_M11-ACHIEVE-LIFT-AT[F7]
7 __method_precondition_M13-ACHIEVE-LIFT-AT0_base[F7]
8 __method_precondition_M13-ACHIEVE-LIFT-AT0_split[F0,F16]
9 UP[F0,F7]
10 __method_precondition_M13-ACHIEVE-LIFT-AT0_split[F7,F13]
11 i-LOCK-LIFT-AT[F7]
12 __method_precondition_IFUNLOCK5-LIFT-AT[F7]
13 i-UNLOCK-LIFT-AT[F7]
14 BOARD[F7,P21]
15 __method_precondition_M18-ACHIEVE-BOARDED1[P21]
16 i-LOCK-BOARDED[P21]
17 __method_precondition_M11-ACHIEVE-LIFT-AT[F35]
18 __method_precondition_M13-ACHIEVE-LIFT-AT0_base[F35]
19 __method_precondition_M13-ACHIEVE-LIFT-AT0_split[F7,F13]
20 UP[F7,F35]
21 __method_precondition_M12-ACHIEVE-LIFT-AT0[F35]
22 i-LOCK-LIFT-AT[F35]
23 __method_precondition_IFUNLOCK5-LIFT-AT[F35]
24 i-UNLOCK-LIFT-AT[F35]
25 __method_precondition_IFUNLOCK1-BOARDED[P21]
26 i-UNLOCK-BOARDED[P21]
27 DEPART[F35,P21]
28 __method_precondition_M23-ACHIEVE-SERVED2[P21]
29 i-LOCK-SERVED[P21]
30 __method_precondition_M22-ACHIEVE-SERVED[P20]
31 __method_precondition_M24-ACHIEVE-SERVED2_base[P20]
32 __method_precondition_M8-DO-SERVED-DEPART2[P20]
33 __method_precondition_M17-ACHIEVE-BOARDED[P20]
34 __method_precondition_M19-ACHIEVE-BOARDED1_base[P20]
35 __method_precondition_M7-DO-BOARDED-BOARD1[P20]
36 __method_precondition_M11-ACHIEVE-LIFT-AT[F31]
37 __method_precondition_M13-ACHIEVE-LIFT-AT0_base[F31]
38 __method_precondition_M12-ACHIEVE-LIFT-AT0[F35]
39 DOWN[F35,F31]
40 __method_precondition_M13-ACHIEVE-LIFT-AT0_split[F31,F43]
41 i-LOCK-LIFT-AT[F31]
42 __method_precondition_IFUNLOCK5-LIFT-AT[F31]
43 i-UNLOCK-LIFT-AT[F31]
44 BOARD[F31,P20]
45 __method_precondition_M18-ACHIEVE-BOARDED1[P20]
46 i-LOCK-BOARDED[P20]
47 __method_precondition_M11-ACHIEVE-LIFT-AT[F20]
48 __method_precondition_M13-ACHIEVE-LIFT-AT0_base[F20]
49 __method_precondition_M13-ACHIEVE-LIFT-AT0_split[F31,F43]
50 DOWN[F31,F20]
51 __method_precondition_M13-ACHIEVE-LIFT-AT0_split[F20,F39]
52 i-LOCK-LIFT-AT[F20]
53 __method_precondition_IFUNLOCK5-LIFT-AT[F20]
54 i-UNLOCK-LIFT-AT[F20]
55 __method_precondition_IFUNLOCK1-BOARDED[P20]
56 i-UNLOCK-BOARDED[P20]
57 DEPART[F20,P20]
58 __method_precondition_M23-ACHIEVE-SERVED2[P20]
59 i-LOCK-SERVED[P20]
60 __method_precondition_M22-ACHIEVE-SERVED[P19]
61 __method_precondition_M24-ACHIEVE-SERVED2_base[P19]
62 __method_precondition_M8-DO-SERVED-DEPART2[P19]
63 __method_precondition_M17-ACHIEVE-BOARDED[P19]
64 __method_precondition_M19-ACHIEVE-BOARDED1_base[P19]
65 __method_precondition_M7-DO-BOARDED-BOARD1[P19]
66 __method_precondition_M11-ACHIEVE-LIFT-AT[F32]
67 __method_precondition_M13-ACHIEVE-LIFT-AT0_base[F32]
68 __method_precondition_M13-ACHIEVE-LIFT-AT0_split[F20,F39]
69 UP[F20,F32]
70 __method_precondition_M13-ACHIEVE-LIFT-AT0_split[F32,F43]
71 i-LOCK-LIFT-AT[F32]
72 __method_precondition_IFUNLOCK5-LIFT-AT[F32]
73 i-UNLOCK-LIFT-AT[F32]
74 BOARD[F32,P19]
75 __method_precondition_M18-ACHIEVE-BOARDED1[P19]
76 i-LOCK-BOARDED[P19]
77 __method_precondition_M11-ACHIEVE-LIFT-AT[F21]
78 __method_precondition_M13-ACHIEVE-LIFT-AT0_base[F21]
79 __method_precondition_M13-ACHIEVE-LIFT-AT0_split[F32,F43]
80 DOWN[F32,F1]
81 __method_precondition_M13-ACHIEVE-LIFT-AT0_base[F21]
82 __method_precondition_M13-ACHIEVE-LIFT-AT0_split[F1,F16]
83 DOWN[F1,F0]
84 __method_precondition_M13-ACHIEVE-LIFT-AT0_base[F21]
85 __method_precondition_M13-ACHIEVE-LIFT-AT0_split[F0,F16]
86 UP[F0,F21]
87 __method_precondition_M13-ACHIEVE-LIFT-AT0_split[F21,F39]
88 i-LOCK-LIFT-AT[F21]
89 __method_precondition_IFUNLOCK5-LIFT-AT[F21]
90 i-UNLOCK-LIFT-AT[F21]
91 __method_precondition_IFUNLOCK1-BOARDED[P19]
92 i-UNLOCK-BOARDED[P19]
93 DEPART[F21,P19]
94 __method_precondition_M23-ACHIEVE-SERVED2[P19]
95 i-LOCK-SERVED[P19]
96 __method_precondition_M22-ACHIEVE-SERVED[P18]
97 __method_precondition_M24-ACHIEVE-SERVED2_base[P18]
98 __method_precondition_M8-DO-SERVED-DEPART2[P18]
99 __method_precondition_M17-ACHIEVE-BOARDED[P18]
100 __method_precondition_M19-ACHIEVE-BOARDED1_base[P18]
101 __method_precondition_M7-DO-BOARDED-BOARD1[P18]
102 __method_precondition_M11-ACHIEVE-LIFT-AT[F5]
103 __method_precondition_M13-ACHIEVE-LIFT-AT0_base[F5]
104 __method_precondition_M13-ACHIEVE-LIFT-AT0_split[F21,F39]
105 DOWN[F21,F5]
106 __method_precondition_M13-ACHIEVE-LIFT-AT0_split[F5,F42]
107 i-LOCK-LIFT-AT[F5]
108 __method_precondition_IFUNLOCK5-LIFT-AT[F5]
109 i-UNLOCK-LIFT-AT[F5]
110 BOARD[F5,P18]
111 __method_precondition_M18-ACHIEVE-BOARDED1[P18]
112 i-LOCK-BOARDED[P18]
113 __method_precondition_M11-ACHIEVE-LIFT-AT[F35]
114 __method_precondition_M13-ACHIEVE-LIFT-AT0_base[F35]
115 __method_precondition_M13-ACHIEVE-LIFT-AT0_split[F5,F42]
116 UP[F5,F28]
117 __method_precondition_M13-ACHIEVE-LIFT-AT0_base[F35]
118 __method_precondition_M13-ACHIEVE-LIFT-AT0_split[F28,F36]
119 UP[F28,F35]
120 __method_precondition_M12-ACHIEVE-LIFT-AT0[F35]
121 i-LOCK-LIFT-AT[F35]
122 __method_precondition_IFUNLOCK5-LIFT-AT[F35]
123 i-UNLOCK-LIFT-AT[F35]
124 __method_precondition_IFUNLOCK1-BOARDED[P18]
125 i-UNLOCK-BOARDED[P18]
126 DEPART[F35,P18]
127 __method_precondition_M23-ACHIEVE-SERVED2[P18]
128 i-LOCK-SERVED[P18]
129 __method_precondition_M22-ACHIEVE-SERVED[P17]
130 __method_precondition_M24-ACHIEVE-SERVED2_base[P17]
131 __method_precondition_M8-DO-SERVED-DEPART2[P17]
132 __method_precondition_M17-ACHIEVE-BOARDED[P17]
133 __method_precondition_M19-ACHIEVE-BOARDED1_base[P17]
134 __method_precondition_M7-DO-BOARDED-BOARD1[P17]
135 __method_precondition_M11-ACHIEVE-LIFT-AT[F18]
136 __method_precondition_M13-ACHIEVE-LIFT-AT0_base[F18]
137 __method_precondition_M12-ACHIEVE-LIFT-AT0[F35]
138 DOWN[F35,F18]
139 __method_precondition_M13-ACHIEVE-LIFT-AT0_split[F18,F32]
140 i-LOCK-LIFT-AT[F18]
141 __method_precondition_IFUNLOCK5-LIFT-AT[F18]
142 i-UNLOCK-LIFT-AT[F18]
143 BOARD[F18,P17]
144 __method_precondition_M18-ACHIEVE-BOARDED1[P17]
145 i-LOCK-BOARDED[P17]
146 __method_precondition_M11-ACHIEVE-LIFT-AT[F0]
147 __method_precondition_M13-ACHIEVE-LIFT-AT0_base[F0]
148 __method_precondition_M13-ACHIEVE-LIFT-AT0_split[F18,F32]
149 UP[F18,F20]
150 __method_precondition_M13-ACHIEVE-LIFT-AT0_base[F0]
151 __method_precondition_M13-ACHIEVE-LIFT-AT0_split[F20,F39]
152 UP[F20,F35]
153 __method_precondition_M13-ACHIEVE-LIFT-AT0_base[F0]
154 __method_precondition_M12-ACHIEVE-LIFT-AT0[F35]
155 DOWN[F35,F0]
156 __method_precondition_M13-ACHIEVE-LIFT-AT0_split[F0,F16]
157 i-LOCK-LIFT-AT[F0]
158 __method_precondition_IFUNLOCK5-LIFT-AT[F0]
159 i-UNLOCK-LIFT-AT[F0]
160 __method_precondition_IFUNLOCK1-BOARDED[P17]
161 i-UNLOCK-BOARDED[P17]
162 DEPART[F0,P17]
163 __method_precondition_M23-ACHIEVE-SERVED2[P17]
164 i-LOCK-SERVED[P17]
165 __method_precondition_M22-ACHIEVE-SERVED[P16]
166 __method_precondition_M24-ACHIEVE-SERVED2_base[P16]
167 __method_precondition_M8-DO-SERVED-DEPART2[P16]
168 __method_precondition_M17-ACHIEVE-BOARDED[P16]
169 __method_precondition_M19-ACHIEVE-BOARDED1_base[P16]
170 __method_precondition_M7-DO-BOARDED-BOARD1[P16]
171 __method_precondition_M10-ACHIEVE-LIFT-AT[F0]
172 i-LOCK-LIFT-AT[F0]
173 __method_precondition_IFUNLOCK5-LIFT-AT[F0]
174 i-UNLOCK-LIFT-AT[F0]
175 BOARD[F0,P16]
176 __method_precondition_M18-ACHIEVE-BOARDED1[P16]
177 i-LOCK-BOARDED[P16]
178 __method_precondition_M11-ACHIEVE-LIFT-AT[F41]
179 __method_precondition_M13-ACHIEVE-LIFT-AT0_base[F41]
180 __method_precondition_M13-ACHIEVE-LIFT-AT0_split[F0,F16]
181 UP[F0,F1]
182 __method_precondition_M13-ACHIEVE-LIFT-AT0_base[F41]
183 __method_precondition_M13-ACHIEVE-LIFT-AT0_split[F1,F16]
184 DOWN[F1,F0]
185 __method_precondition_M13-ACHIEVE-LIFT-AT0_base[F41]
186 __method_precondition_M13-ACHIEVE-LIFT-AT0_split[F0,F16]
187 UP[F0,F41]
188 __method_precondition_M13-ACHIEVE-LIFT-AT0_split[F41,F42]
189 i-LOCK-LIFT-AT[F41]
190 __method_precondition_IFUNLOCK5-LIFT-AT[F41]
191 i-UNLOCK-LIFT-AT[F41]
192 __method_precondition_IFUNLOCK1-BOARDED[P16]
193 i-UNLOCK-BOARDED[P16]
194 DEPART[F41,P16]
195 __method_precondition_M23-ACHIEVE-SERVED2[P16]
196 i-LOCK-SERVED[P16]
197 __method_precondition_M22-ACHIEVE-SERVED[P15]
198 __method_precondition_M24-ACHIEVE-SERVED2_base[P15]
199 __method_precondition_M8-DO-SERVED-DEPART2[P15]
200 __method_precondition_M17-ACHIEVE-BOARDED[P15]
201 __method_precondition_M19-ACHIEVE-BOARDED1_base[P15]
202 __method_precondition_M7-DO-BOARDED-BOARD1[P15]
203 __method_precondition_M11-ACHIEVE-LIFT-AT[F15]
204 __method_precondition_M13-ACHIEVE-LIFT-AT0_base[F15]
205 __method_precondition_M13-ACHIEVE-LIFT-AT0_split[F41,F42]
206 DOWN[F41,F15]
207 __method_precondition_M13-ACHIEVE-LIFT-AT0_split[F15,F42]
208 i-LOCK-LIFT-AT[F15]
209 __method_precondition_IFUNLOCK5-LIFT-AT[F15]
210 i-UNLOCK-LIFT-AT[F15]
211 BOARD[F15,P15]
212 __method_precondition_M18-ACHIEVE-BOARDED1[P15]
213 i-LOCK-BOARDED[P15]
214 __method_precondition_M11-ACHIEVE-LIFT-AT[F42]
215 __method_precondition_M13-ACHIEVE-LIFT-AT0_base[F42]
216 __method_precondition_M13-ACHIEVE-LIFT-AT0_split[F15,F42]
217 UP[F15,F42]
218 __method_precondition_M13-ACHIEVE-LIFT-AT0_split[F42,F43]
219 i-LOCK-LIFT-AT[F42]
220 __method_precondition_IFUNLOCK5-LIFT-AT[F42]
221 i-UNLOCK-LIFT-AT[F42]
222 __method_precondition_IFUNLOCK1-BOARDED[P15]
223 i-UNLOCK-BOARDED[P15]
224 DEPART[F42,P15]
225 __method_precondition_M23-ACHIEVE-SERVED2[P15]
226 i-LOCK-SERVED[P15]
227 __method_precondition_M22-ACHIEVE-SERVED[P14]
228 __method_precondition_M24-ACHIEVE-SERVED2_base[P14]
229 __method_precondition_M8-DO-SERVED-DEPART2[P14]
230 __method_precondition_M17-ACHIEVE-BOARDED[P14]
231 __method_precondition_M19-ACHIEVE-BOARDED1_base[P14]
232 __method_precondition_M7-DO-BOARDED-BOARD1[P14]
233 __method_precondition_M11-ACHIEVE-LIFT-AT[F29]
234 __method_precondition_M13-ACHIEVE-LIFT-AT0_base[F29]
235 __method_precondition_M13-ACHIEVE-LIFT-AT0_split[F42,F43]
236 DOWN[F42,F29]
237 __method_precondition_M13-ACHIEVE-LIFT-AT0_split[F29,F32]
238 i-LOCK-LIFT-AT[F29]
239 __method_precondition_IFUNLOCK5-LIFT-AT[F29]
240 i-UNLOCK-LIFT-AT[F29]
241 BOARD[F29,P14]
242 __method_precondition_M18-ACHIEVE-BOARDED1[P14]
243 i-LOCK-BOARDED[P14]
244 __method_precondition_M11-ACHIEVE-LIFT-AT[F25]
245 __method_precondition_M13-ACHIEVE-LIFT-AT0_base[F25]
246 __method_precondition_M13-ACHIEVE-LIFT-AT0_split[F29,F32]
247 DOWN[F29,F1]
248 __method_precondition_M13-ACHIEVE-LIFT-AT0_base[F25]
249 __method_precondition_M13-ACHIEVE-LIFT-AT0_split[F1,F16]
250 DOWN[F1,F0]
251 __method_precondition_M13-ACHIEVE-LIFT-AT0_base[F25]
252 __method_precondition_M13-ACHIEVE-LIFT-AT0_split[F0,F16]
253 UP[F0,F25]
254 __method_precondition_M13-ACHIEVE-LIFT-AT0_split[F25,F26]
255 i-LOCK-LIFT-AT[F25]
256 __method_precondition_IFUNLOCK5-LIFT-AT[F25]
257 i-UNLOCK-LIFT-AT[F25]
258 __method_precondition_IFUNLOCK1-BOARDED[P14]
259 i-UNLOCK-BOARDED[P14]
260 DEPART[F25,P14]
261 __method_precondition_M23-ACHIEVE-SERVED2[P14]
262 i-LOCK-SERVED[P14]
263 __method_precondition_M22-ACHIEVE-SERVED[P13]
264 __method_precondition_M24-ACHIEVE-SERVED2_base[P13]
265 __method_precondition_M8-DO-SERVED-DEPART2[P13]
266 __method_precondition_M17-ACHIEVE-BOARDED[P13]
267 __method_precondition_M19-ACHIEVE-BOARDED1_base[P13]
268 __method_precondition_M7-DO-BOARDED-BOARD1[P13]
269 __method_precondition_M11-ACHIEVE-LIFT-AT[F42]
270 __method_precondition_M13-ACHIEVE-LIFT-AT0_base[F42]
271 __method_precondition_M13-ACHIEVE-LIFT-AT0_split[F25,F26]
272 UP[F25,F42]
273 __method_precondition_M13-ACHIEVE-LIFT-AT0_split[F42,F43]
274 i-LOCK-LIFT-AT[F42]
275 __method_precondition_IFUNLOCK5-LIFT-AT[F42]
276 i-UNLOCK-LIFT-AT[F42]
277 BOARD[F42,P13]
278 __method_precondition_M18-ACHIEVE-BOARDED1[P13]
279 i-LOCK-BOARDED[P13]
280 __method_precondition_M11-ACHIEVE-LIFT-AT[F26]
281 __method_precondition_M13-ACHIEVE-LIFT-AT0_base[F26]
282 __method_precondition_M13-ACHIEVE-LIFT-AT0_split[F42,F43]
283 DOWN[F42,F26]
284 __method_precondition_M13-ACHIEVE-LIFT-AT0_split[F26,F27]
285 i-LOCK-LIFT-AT[F26]
286 __method_precondition_IFUNLOCK5-LIFT-AT[F26]
287 i-UNLOCK-LIFT-AT[F26]
288 __method_precondition_IFUNLOCK1-BOARDED[P13]
289 i-UNLOCK-BOARDED[P13]
290 DEPART[F26,P13]
291 __method_precondition_M23-ACHIEVE-SERVED2[P13]
292 i-LOCK-SERVED[P13]
293 __method_precondition_M22-ACHIEVE-SERVED[P12]
294 __method_precondition_M24-ACHIEVE-SERVED2_base[P12]
295 __method_precondition_M8-DO-SERVED-DEPART2[P12]
296 __method_precondition_M17-ACHIEVE-BOARDED[P12]
297 __method_precondition_M19-ACHIEVE-BOARDED1_base[P12]
298 __method_precondition_M7-DO-BOARDED-BOARD1[P12]
299 __method_precondition_M11-ACHIEVE-LIFT-AT[F32]
300 __method_precondition_M13-ACHIEVE-LIFT-AT0_base[F32]
301 __method_precondition_M13-ACHIEVE-LIFT-AT0_split[F26,F27]
302 UP[F26,F32]
303 __method_precondition_M13-ACHIEVE-LIFT-AT0_split[F32,F43]
304 i-LOCK-LIFT-AT[F32]
305 __method_precondition_IFUNLOCK5-LIFT-AT[F32]
306 i-UNLOCK-LIFT-AT[F32]
307 BOARD[F32,P12]
308 __method_precondition_M18-ACHIEVE-BOARDED1[P12]
309 i-LOCK-BOARDED[P12]
310 __method_precondition_M11-ACHIEVE-LIFT-AT[F26]
311 __method_precondition_M13-ACHIEVE-LIFT-AT0_base[F26]
312 __method_precondition_M13-ACHIEVE-LIFT-AT0_split[F32,F43]
313 DOWN[F32,F26]
314 __method_precondition_M13-ACHIEVE-LIFT-AT0_split[F26,F27]
315 i-LOCK-LIFT-AT[F26]
316 __method_precondition_IFUNLOCK5-LIFT-AT[F26]
317 i-UNLOCK-LIFT-AT[F26]
318 __method_precondition_IFUNLOCK1-BOARDED[P12]
319 i-UNLOCK-BOARDED[P12]
320 DEPART[F26,P12]
321 __method_precondition_M23-ACHIEVE-SERVED2[P12]
322 i-LOCK-SERVED[P12]
323 __method_precondition_M22-ACHIEVE-SERVED[P11]
324 __method_precondition_M24-ACHIEVE-SERVED2_base[P11]
325 __method_precondition_M8-DO-SERVED-DEPART2[P11]
326 __method_precondition_M17-ACHIEVE-BOARDED[P11]
327 __method_precondition_M19-ACHIEVE-BOARDED1_base[P11]
328 __method_precondition_M7-DO-BOARDED-BOARD1[P11]
329 __method_precondition_M11-ACHIEVE-LIFT-AT[F36]
330 __method_precondition_M13-ACHIEVE-LIFT-AT0_base[F36]
331 __method_precondition_M13-ACHIEVE-LIFT-AT0_split[F26,F27]
332 UP[F26,F36]
333 __method_precondition_M13-ACHIEVE-LIFT-AT0_split[F36,F43]
334 i-LOCK-LIFT-AT[F36]
335 __method_precondition_IFUNLOCK5-LIFT-AT[F36]
336 i-UNLOCK-LIFT-AT[F36]
337 BOARD[F36,P11]
338 __method_precondition_M18-ACHIEVE-BOARDED1[P11]
339 i-LOCK-BOARDED[P11]
340 __method_precondition_M11-ACHIEVE-LIFT-AT[F11]
341 __method_precondition_M13-ACHIEVE-LIFT-AT0_base[F11]
342 __method_precondition_M13-ACHIEVE-LIFT-AT0_split[F36,F43]
343 DOWN[F36,F11]
344 __method_precondition_M13-ACHIEVE-LIFT-AT0_split[F11,F41]
345 i-LOCK-LIFT-AT[F11]
346 __method_precondition_IFUNLOCK5-LIFT-AT[F11]
347 i-UNLOCK-LIFT-AT[F11]
348 __method_precondition_IFUNLOCK1-BOARDED[P11]
349 i-UNLOCK-BOARDED[P11]
350 DEPART[F11,P11]
351 __method_precondition_M23-ACHIEVE-SERVED2[P11]
352 i-LOCK-SERVED[P11]
353 __method_precondition_M22-ACHIEVE-SERVED[P10]
354 __method_precondition_M24-ACHIEVE-SERVED2_base[P10]
355 __method_precondition_M8-DO-SERVED-DEPART2[P10]
356 __method_precondition_M17-ACHIEVE-BOARDED[P10]
357 __method_precondition_M19-ACHIEVE-BOARDED1_base[P10]
358 __method_precondition_M7-DO-BOARDED-BOARD1[P10]
359 __method_precondition_M11-ACHIEVE-LIFT-AT[F36]
360 __method_precondition_M13-ACHIEVE-LIFT-AT0_base[F36]
361 __method_precondition_M13-ACHIEVE-LIFT-AT0_split[F11,F41]
362 UP[F11,F36]
363 __method_precondition_M13-ACHIEVE-LIFT-AT0_split[F36,F43]
364 i-LOCK-LIFT-AT[F36]
365 __method_precondition_IFUNLOCK5-LIFT-AT[F36]
366 i-UNLOCK-LIFT-AT[F36]
367 BOARD[F36,P10]
368 __method_precondition_M18-ACHIEVE-BOARDED1[P10]
369 i-LOCK-BOARDED[P10]
370 __method_precondition_M11-ACHIEVE-LIFT-AT[F33]
371 __method_precondition_M13-ACHIEVE-LIFT-AT0_base[F33]
372 __method_precondition_M13-ACHIEVE-LIFT-AT0_split[F36,F43]
373 DOWN[F36,F33]
374 __method_precondition_M13-ACHIEVE-LIFT-AT0_split[F33,F38]
375 i-LOCK-LIFT-AT[F33]
376 __method_precondition_IFUNLOCK5-LIFT-AT[F33]
377 i-UNLOCK-LIFT-AT[F33]
378 __method_precondition_IFUNLOCK1-BOARDED[P10]
379 i-UNLOCK-BOARDED[P10]
380 DEPART[F33,P10]
381 __method_precondition_M23-ACHIEVE-SERVED2[P10]
382 i-LOCK-SERVED[P10]
383 __method_precondition_M22-ACHIEVE-SERVED[P9]
384 __method_precondition_M24-ACHIEVE-SERVED2_base[P9]
385 __method_precondition_M8-DO-SERVED-DEPART2[P9]
386 __method_precondition_M17-ACHIEVE-BOARDED[P9]
387 __method_precondition_M19-ACHIEVE-BOARDED1_base[P9]
388 __method_precondition_M7-DO-BOARDED-BOARD1[P9]
389 __method_precondition_M11-ACHIEVE-LIFT-AT[F14]
390 __method_precondition_M13-ACHIEVE-LIFT-AT0_base[F14]
391 __method_precondition_M13-ACHIEVE-LIFT-AT0_split[F33,F38]
392 DOWN[F33,F14]
393 __method_precondition_M13-ACHIEVE-LIFT-AT0_split[F14,F26]
394 i-LOCK-LIFT-AT[F14]
395 __method_precondition_IFUNLOCK5-LIFT-AT[F14]
396 i-UNLOCK-LIFT-AT[F14]
397 BOARD[F14,P9]
398 __method_precondition_M18-ACHIEVE-BOARDED1[P9]
399 i-LOCK-BOARDED[P9]
400 __method_precondition_M11-ACHIEVE-LIFT-AT[F4]
401 __method_precondition_M13-ACHIEVE-LIFT-AT0_base[F4]
402 __method_precondition_M13-ACHIEVE-LIFT-AT0_split[F14,F26]
403 DOWN[F14,F4]
404 __method_precondition_M13-ACHIEVE-LIFT-AT0_split[F4,F42]
405 i-LOCK-LIFT-AT[F4]
406 __method_precondition_IFUNLOCK5-LIFT-AT[F4]
407 i-UNLOCK-LIFT-AT[F4]
408 __method_precondition_IFUNLOCK1-BOARDED[P9]
409 i-UNLOCK-BOARDED[P9]
410 DEPART[F4,P9]
411 __method_precondition_M23-ACHIEVE-SERVED2[P9]
412 i-LOCK-SERVED[P9]
413 __method_precondition_M22-ACHIEVE-SERVED[P8]
414 __method_precondition_M24-ACHIEVE-SERVED2_base[P8]
415 __method_precondition_M8-DO-SERVED-DEPART2[P8]
416 __method_precondition_M17-ACHIEVE-BOARDED[P8]
417 __method_precondition_M19-ACHIEVE-BOARDED1_base[P8]
418 __method_precondition_M7-DO-BOARDED-BOARD1[P8]
419 __method_precondition_M11-ACHIEVE-LIFT-AT[F8]
420 __method_precondition_M13-ACHIEVE-LIFT-AT0_base[F8]
421 __method_precondition_M13-ACHIEVE-LIFT-AT0_split[F4,F42]
422 UP[F4,F8]
423 __method_precondition_M13-ACHIEVE-LIFT-AT0_split[F8,F11]
424 i-LOCK-LIFT-AT[F8]
425 __method_precondition_IFUNLOCK5-LIFT-AT[F8]
426 i-UNLOCK-LIFT-AT[F8]
427 BOARD[F8,P8]
428 __method_precondition_M18-ACHIEVE-BOARDED1[P8]
429 i-LOCK-BOARDED[P8]
430 __method_precondition_M11-ACHIEVE-LIFT-AT[F31]
431 __method_precondition_M13-ACHIEVE-LIFT-AT0_base[F31]
432 __method_precondition_M13-ACHIEVE-LIFT-AT0_split[F8,F11]
433 UP[F8,F31]
434 __method_precondition_M13-ACHIEVE-LIFT-AT0_split[F31,F43]
435 i-LOCK-LIFT-AT[F31]
436 __method_precondition_IFUNLOCK5-LIFT-AT[F31]
437 i-UNLOCK-LIFT-AT[F31]
438 __method_precondition_IFUNLOCK1-BOARDED[P8]
439 i-UNLOCK-BOARDED[P8]
440 DEPART[F31,P8]
441 __method_precondition_M23-ACHIEVE-SERVED2[P8]
442 i-LOCK-SERVED[P8]
443 __method_precondition_M22-ACHIEVE-SERVED[P7]
444 __method_precondition_M24-ACHIEVE-SERVED2_base[P7]
445 __method_precondition_M8-DO-SERVED-DEPART2[P7]
446 __method_precondition_M17-ACHIEVE-BOARDED[P7]
447 __method_precondition_M19-ACHIEVE-BOARDED1_base[P7]
448 __method_precondition_M7-DO-BOARDED-BOARD1[P7]
449 __method_precondition_M11-ACHIEVE-LIFT-AT[F18]
450 __method_precondition_M13-ACHIEVE-LIFT-AT0_base[F18]
451 __method_precondition_M13-ACHIEVE-LIFT-AT0_split[F31,F43]
452 DOWN[F31,F18]
453 __method_precondition_M13-ACHIEVE-LIFT-AT0_split[F18,F32]
454 i-LOCK-LIFT-AT[F18]
455 __method_precondition_IFUNLOCK5-LIFT-AT[F18]
456 i-UNLOCK-LIFT-AT[F18]
457 BOARD[F18,P7]
458 __method_precondition_M18-ACHIEVE-BOARDED1[P7]
459 i-LOCK-BOARDED[P7]
460 __method_precondition_M11-ACHIEVE-LIFT-AT[F11]
461 __method_precondition_M13-ACHIEVE-LIFT-AT0_base[F11]
462 __method_precondition_M13-ACHIEVE-LIFT-AT0_split[F18,F32]
463 DOWN[F18,F11]
464 __method_precondition_M13-ACHIEVE-LIFT-AT0_split[F11,F41]
465 i-LOCK-LIFT-AT[F11]
466 __method_precondition_IFUNLOCK5-LIFT-AT[F11]
467 i-UNLOCK-LIFT-AT[F11]
468 __method_precondition_IFUNLOCK1-BOARDED[P7]
469 i-UNLOCK-BOARDED[P7]
470 DEPART[F11,P7]
471 __method_precondition_M23-ACHIEVE-SERVED2[P7]
472 i-LOCK-SERVED[P7]
473 __method_precondition_M22-ACHIEVE-SERVED[P6]
474 __method_precondition_M24-ACHIEVE-SERVED2_base[P6]
475 __method_precondition_M8-DO-SERVED-DEPART2[P6]
476 __method_precondition_M17-ACHIEVE-BOARDED[P6]
477 __method_precondition_M19-ACHIEVE-BOARDED1_base[P6]
478 __method_precondition_M7-DO-BOARDED-BOARD1[P6]
479 __method_precondition_M11-ACHIEVE-LIFT-AT[F28]
480 __method_precondition_M13-ACHIEVE-LIFT-AT0_base[F28]
481 __method_precondition_M13-ACHIEVE-LIFT-AT0_split[F11,F41]
482 UP[F11,F28]
483 __method_precondition_M13-ACHIEVE-LIFT-AT0_split[F28,F36]
484 i-LOCK-LIFT-AT[F28]
485 __method_precondition_IFUNLOCK5-LIFT-AT[F28]
486 i-UNLOCK-LIFT-AT[F28]
487 BOARD[F28,P6]
488 __method_precondition_M18-ACHIEVE-BOARDED1[P6]
489 i-LOCK-BOARDED[P6]
490 __method_precondition_M11-ACHIEVE-LIFT-AT[F10]
491 __method_precondition_M13-ACHIEVE-LIFT-AT0_base[F10]
492 __method_precondition_M13-ACHIEVE-LIFT-AT0_split[F28,F36]
493 DOWN[F28,F10]
494 __method_precondition_M13-ACHIEVE-LIFT-AT0_split[F10,F12]
495 i-LOCK-LIFT-AT[F10]
496 __method_precondition_IFUNLOCK5-LIFT-AT[F10]
497 i-UNLOCK-LIFT-AT[F10]
498 __method_precondition_IFUNLOCK1-BOARDED[P6]
499 i-UNLOCK-BOARDED[P6]
500 DEPART[F10,P6]
501 __method_precondition_M23-ACHIEVE-SERVED2[P6]
502 i-LOCK-SERVED[P6]
503 __method_precondition_M22-ACHIEVE-SERVED[P5]
504 __method_precondition_M24-ACHIEVE-SERVED2_base[P5]
505 __method_precondition_M8-DO-SERVED-DEPART2[P5]
506 __method_precondition_M17-ACHIEVE-BOARDED[P5]
507 __method_precondition_M19-ACHIEVE-BOARDED1_base[P5]
508 __method_precondition_M7-DO-BOARDED-BOARD1[P5]
509 __method_precondition_M11-ACHIEVE-LIFT-AT[F31]
510 __method_precondition_M13-ACHIEVE-LIFT-AT0_base[F31]
511 __method_precondition_M13-ACHIEVE-LIFT-AT0_split[F10,F12]
512 UP[F10,F31]
513 __method_precondition_M13-ACHIEVE-LIFT-AT0_split[F31,F43]
514 i-LOCK-LIFT-AT[F31]
515 __method_precondition_IFUNLOCK5-LIFT-AT[F31]
516 i-UNLOCK-LIFT-AT[F31]
517 BOARD[F31,P5]
518 __method_precondition_M18-ACHIEVE-BOARDED1[P5]
519 i-LOCK-BOARDED[P5]
520 __method_precondition_M11-ACHIEVE-LIFT-AT[F30]
521 __method_precondition_M13-ACHIEVE-LIFT-AT0_base[F30]
522 __method_precondition_M13-ACHIEVE-LIFT-AT0_split[F31,F43]
523 DOWN[F31,F30]
524 __method_precondition_M13-ACHIEVE-LIFT-AT0_split[F30,F31]
525 i-LOCK-LIFT-AT[F30]
526 __method_precondition_IFUNLOCK5-LIFT-AT[F30]
527 i-UNLOCK-LIFT-AT[F30]
528 __method_precondition_IFUNLOCK1-BOARDED[P5]
529 i-UNLOCK-BOARDED[P5]
530 DEPART[F30,P5]
531 __method_precondition_M23-ACHIEVE-SERVED2[P5]
532 i-LOCK-SERVED[P5]
533 __method_precondition_M22-ACHIEVE-SERVED[P4]
534 __method_precondition_M24-ACHIEVE-SERVED2_base[P4]
535 __method_precondition_M8-DO-SERVED-DEPART2[P4]
536 __method_precondition_M17-ACHIEVE-BOARDED[P4]
537 __method_precondition_M19-ACHIEVE-BOARDED1_base[P4]
538 __method_precondition_M7-DO-BOARDED-BOARD1[P4]
539 __method_precondition_M11-ACHIEVE-LIFT-AT[F15]
540 __method_precondition_M13-ACHIEVE-LIFT-AT0_base[F15]
541 __method_precondition_M13-ACHIEVE-LIFT-AT0_split[F30,F31]
542 DOWN[F30,F15]
543 __method_precondition_M13-ACHIEVE-LIFT-AT0_split[F15,F42]
544 i-LOCK-LIFT-AT[F15]
545 __method_precondition_IFUNLOCK5-LIFT-AT[F15]
546 i-UNLOCK-LIFT-AT[F15]
547 BOARD[F15,P4]
548 __method_precondition_M18-ACHIEVE-BOARDED1[P4]
549 i-LOCK-BOARDED[P4]
550 __method_precondition_M11-ACHIEVE-LIFT-AT[F40]
551 __method_precondition_M13-ACHIEVE-LIFT-AT0_base[F40]
552 __method_precondition_M13-ACHIEVE-LIFT-AT0_split[F15,F42]
553 UP[F15,F40]
554 __method_precondition_M13-ACHIEVE-LIFT-AT0_split[F40,F43]
555 i-LOCK-LIFT-AT[F40]
556 __method_precondition_IFUNLOCK5-LIFT-AT[F40]
557 i-UNLOCK-LIFT-AT[F40]
558 __method_precondition_IFUNLOCK1-BOARDED[P4]
559 i-UNLOCK-BOARDED[P4]
560 DEPART[F40,P4]
561 __method_precondition_M23-ACHIEVE-SERVED2[P4]
562 i-LOCK-SERVED[P4]
563 __method_precondition_M22-ACHIEVE-SERVED[P3]
564 __method_precondition_M24-ACHIEVE-SERVED2_base[P3]
565 __method_precondition_M8-DO-SERVED-DEPART2[P3]
566 __method_precondition_M17-ACHIEVE-BOARDED[P3]
567 __method_precondition_M19-ACHIEVE-BOARDED1_base[P3]
568 __method_precondition_M7-DO-BOARDED-BOARD1[P3]
569 __method_precondition_M11-ACHIEVE-LIFT-AT[F17]
570 __method_precondition_M13-ACHIEVE-LIFT-AT0_base[F17]
571 __method_precondition_M13-ACHIEVE-LIFT-AT0_split[F40,F43]
572 DOWN[F40,F17]
573 __method_precondition_M13-ACHIEVE-LIFT-AT0_split[F17,F42]
574 i-LOCK-LIFT-AT[F17]
575 __method_precondition_IFUNLOCK5-LIFT-AT[F17]
576 i-UNLOCK-LIFT-AT[F17]
577 BOARD[F17,P3]
578 __method_precondition_M18-ACHIEVE-BOARDED1[P3]
579 i-LOCK-BOARDED[P3]
580 __method_precondition_M11-ACHIEVE-LIFT-AT[F12]
581 __method_precondition_M13-ACHIEVE-LIFT-AT0_base[F12]
582 __method_precondition_M13-ACHIEVE-LIFT-AT0_split[F17,F42]
583 DOWN[F17,F12]
584 __method_precondition_M13-ACHIEVE-LIFT-AT0_split[F12,F35]
585 i-LOCK-LIFT-AT[F12]
586 __method_precondition_IFUNLOCK5-LIFT-AT[F12]
587 i-UNLOCK-LIFT-AT[F12]
588 __method_precondition_IFUNLOCK1-BOARDED[P3]
589 i-UNLOCK-BOARDED[P3]
590 DEPART[F12,P3]
591 __method_precondition_M23-ACHIEVE-SERVED2[P3]
592 i-LOCK-SERVED[P3]
593 __method_precondition_M22-ACHIEVE-SERVED[P2]
594 __method_precondition_M24-ACHIEVE-SERVED2_base[P2]
595 __method_precondition_M8-DO-SERVED-DEPART2[P2]
596 __method_precondition_M17-ACHIEVE-BOARDED[P2]
597 __method_precondition_M19-ACHIEVE-BOARDED1_base[P2]
598 __method_precondition_M7-DO-BOARDED-BOARD1[P2]
599 __method_precondition_M11-ACHIEVE-LIFT-AT[F23]
600 __method_precondition_M13-ACHIEVE-LIFT-AT0_base[F23]
601 __method_precondition_M13-ACHIEVE-LIFT-AT0_split[F12,F35]
602 UP[F12,F23]
603 __method_precondition_M13-ACHIEVE-LIFT-AT0_split[F23,F35]
604 i-LOCK-LIFT-AT[F23]
605 __method_precondition_IFUNLOCK5-LIFT-AT[F23]
606 i-UNLOCK-LIFT-AT[F23]
607 BOARD[F23,P2]
608 __method_precondition_M18-ACHIEVE-BOARDED1[P2]
609 i-LOCK-BOARDED[P2]
610 __method_precondition_M11-ACHIEVE-LIFT-AT[F8]
611 __method_precondition_M13-ACHIEVE-LIFT-AT0_base[F8]
612 __method_precondition_M13-ACHIEVE-LIFT-AT0_split[F23,F35]
613 DOWN[F23,F8]
614 __method_precondition_M13-ACHIEVE-LIFT-AT0_split[F8,F11]
615 i-LOCK-LIFT-AT[F8]
616 __method_precondition_IFUNLOCK5-LIFT-AT[F8]
617 i-UNLOCK-LIFT-AT[F8]
618 __method_precondition_IFUNLOCK1-BOARDED[P2]
619 i-UNLOCK-BOARDED[P2]
620 DEPART[F8,P2]
621 __method_precondition_M23-ACHIEVE-SERVED2[P2]
622 i-LOCK-SERVED[P2]
623 __method_precondition_M22-ACHIEVE-SERVED[P1]
624 __method_precondition_M24-ACHIEVE-SERVED2_base[P1]
625 __method_precondition_M8-DO-SERVED-DEPART2[P1]
626 __method_precondition_M17-ACHIEVE-BOARDED[P1]
627 __method_precondition_M19-ACHIEVE-BOARDED1_base[P1]
628 __method_precondition_M7-DO-BOARDED-BOARD1[P1]
629 __method_precondition_M11-ACHIEVE-LIFT-AT[F6]
630 __method_precondition_M13-ACHIEVE-LIFT-AT0_base[F6]
631 __method_precondition_M13-ACHIEVE-LIFT-AT0_split[F8,F11]
632 DOWN[F8,F6]
633 __method_precondition_M13-ACHIEVE-LIFT-AT0_split[F6,F34]
634 i-LOCK-LIFT-AT[F6]
635 __method_precondition_IFUNLOCK5-LIFT-AT[F6]
636 i-UNLOCK-LIFT-AT[F6]
637 BOARD[F6,P1]
638 __method_precondition_M18-ACHIEVE-BOARDED1[P1]
639 i-LOCK-BOARDED[P1]
640 __method_precondition_M11-ACHIEVE-LIFT-AT[F43]
641 __method_precondition_M13-ACHIEVE-LIFT-AT0_base[F43]
642 __method_precondition_M13-ACHIEVE-LIFT-AT0_split[F6,F34]
643 UP[F6,F43]
644 __method_precondition_M14-ACHIEVE-LIFT-AT0_split[F43,F27]
645 i-LOCK-LIFT-AT[F43]
646 __method_precondition_IFUNLOCK5-LIFT-AT[F43]
647 i-UNLOCK-LIFT-AT[F43]
648 __method_precondition_IFUNLOCK1-BOARDED[P1]
649 i-UNLOCK-BOARDED[P1]
650 DEPART[F43,P1]
651 __method_precondition_M23-ACHIEVE-SERVED2[P1]
652 i-LOCK-SERVED[P1]
653 __method_precondition_M22-ACHIEVE-SERVED[P0]
654 __method_precondition_M24-ACHIEVE-SERVED2_base[P0]
655 __method_precondition_M8-DO-SERVED-DEPART2[P0]
656 __method_precondition_M17-ACHIEVE-BOARDED[P0]
657 __method_precondition_M19-ACHIEVE-BOARDED1_base[P0]
658 __method_precondition_M7-DO-BOARDED-BOARD1[P0]
659 __method_precondition_M11-ACHIEVE-LIFT-AT[F13]
660 __method_precondition_M13-ACHIEVE-LIFT-AT0_base[F13]
661 __method_precondition_M14-ACHIEVE-LIFT-AT0_split[F43,F27]
662 DOWN[F43,F13]
663 __method_precondition_M13-ACHIEVE-LIFT-AT0_split[F13,F30]
664 i-LOCK-LIFT-AT[F13]
665 __method_precondition_IFUNLOCK5-LIFT-AT[F13]
666 i-UNLOCK-LIFT-AT[F13]
667 BOARD[F13,P0]
668 __method_precondition_M18-ACHIEVE-BOARDED1[P0]
669 i-LOCK-BOARDED[P0]
670 __method_precondition_M11-ACHIEVE-LIFT-AT[F19]
671 __method_precondition_M13-ACHIEVE-LIFT-AT0_base[F19]
672 __method_precondition_M13-ACHIEVE-LIFT-AT0_split[F13,F30]
673 UP[F13,F19]
674 __method_precondition_M13-ACHIEVE-LIFT-AT0_split[F19,F38]
675 i-LOCK-LIFT-AT[F19]
676 __method_precondition_IFUNLOCK5-LIFT-AT[F19]
677 i-UNLOCK-LIFT-AT[F19]
678 __method_precondition_IFUNLOCK1-BOARDED[P0]
679 i-UNLOCK-BOARDED[P0]
680 DEPART[F19,P0]
681 __method_precondition_M23-ACHIEVE-SERVED2[P0]
682 i-LOCK-SERVED[P0]
root 683
683 __top[] -> __top_method 684 701 718 739 758 779 797 814 835 852 869 886 903 920 937 954 971 988 1005 1022 1039 1056
684 ACHIEVE-SERVED[P21] -> M22-ACHIEVE-SERVED 0 685 29
685 ACHIEVE-SERVED2[P21] -> <<M24-ACHIEVE-SERVED2;M24-ACHIEVE-SERVED2_splitted_4[P21];_splitting_method_M24-ACHIEVE-SERVED2_splitted_4;1;0,-1,2>;DO-SERVED-DEPART2[F35,P21];M8-DO-SERVED-DEPART2;1;0,-1,-2,-3,-4,-5,-6,2> 1 2 686 694 698 699 27 700
686 ACHIEVE-BOARDED[P21] -> M17-ACHIEVE-BOARDED 3 687 16
687 ACHIEVE-BOARDED1[P21] -> <<M19-ACHIEVE-BOARDED1;M19-ACHIEVE-BOARDED1_splitted_1[P21];_splitting_method_M19-ACHIEVE-BOARDED1_splitted_1;1;0,-1,2>;DO-BOARDED-BOARD1[F7,P21];M7-DO-BOARDED-BOARD1;1;0,-1,-2,-3,-4,2> 4 5 688 692 14 693
688 ACHIEVE-LIFT-AT[F7] -> M11-ACHIEVE-LIFT-AT 6 689 11
689 ACHIEVE-LIFT-AT0[F7] -> M13-ACHIEVE-LIFT-AT0 7 690 691
690 M13-ACHIEVE-LIFT-AT0_splitted_2[] -> _splitting_method_M13-ACHIEVE-LIFT-AT0_splitted_2 8 9
691 ACHIEVE-LIFT-AT0[F7] -> M12-ACHIEVE-LIFT-AT0 10
692 IFUNLOCK-LIFT-AT[F7] -> IFUNLOCK5-LIFT-AT 12 13
693 ACHIEVE-BOARDED1[P21] -> M18-ACHIEVE-BOARDED1 15
694 ACHIEVE-LIFT-AT[F35] -> M11-ACHIEVE-LIFT-AT 17 695 22
695 ACHIEVE-LIFT-AT0[F35] -> M13-ACHIEVE-LIFT-AT0 18 696 697
696 M13-ACHIEVE-LIFT-AT0_splitted_2[] -> _splitting_method_M13-ACHIEVE-LIFT-AT0_splitted_2 19 20
697 ACHIEVE-LIFT-AT0[F35] -> M12-ACHIEVE-LIFT-AT0 21
698 IFUNLOCK-LIFT-AT[F35] -> IFUNLOCK5-LIFT-AT 23 24
699 IFUNLOCK-BOARDED[P21] -> IFUNLOCK1-BOARDED 25 26
700 ACHIEVE-SERVED2[P21] -> M23-ACHIEVE-SERVED2 28
701 ACHIEVE-SERVED[P20] -> M22-ACHIEVE-SERVED 30 702 59
702 ACHIEVE-SERVED2[P20] -> <<M24-ACHIEVE-SERVED2;M24-ACHIEVE-SERVED2_splitted_4[P20];_splitting_method_M24-ACHIEVE-SERVED2_splitted_4;1;0,-1,2>;DO-SERVED-DEPART2[F20,P20];M8-DO-SERVED-DEPART2;1;0,-1,-2,-3,-4,-5,-6,2> 31 32 703 711 715 716 57 717
703 ACHIEVE-BOARDED[P20] -> M17-ACHIEVE-BOARDED 33 704 46
704 ACHIEVE-BOARDED1[P20] -> <<M19-ACHIEVE-BOARDED1;M19-ACHIEVE-BOARDED1_splitted_1[P20];_splitting_method_M19-ACHIEVE-BOARDED1_splitted_1;1;0,-1,2>;DO-BOARDED-BOARD1[F31,P20];M7-DO-BOARDED-BOARD1;1;0,-1,-2,-3,-4,2> 34 35 705 709 44 710
705 ACHIEVE-LIFT-AT[F31] -> M11-ACHIEVE-LIFT-AT 36 706 41
706 ACHIEVE-LIFT-AT0[F31] -> M14-ACHIEVE-LIFT-AT0 37 707 708
707 M14-ACHIEVE-LIFT-AT0_splitted_3[] -> _splitting_method_M14-ACHIEVE-LIFT-AT0_splitted_3 38 39
708 ACHIEVE-LIFT-AT0[F31] -> M12-ACHIEVE-LIFT-AT0 40
709 IFUNLOCK-LIFT-AT[F31] -> IFUNLOCK5-LIFT-AT 42 43
710 ACHIEVE-BOARDED1[P20] -> M18-ACHIEVE-BOARDED1 45
711 ACHIEVE-LIFT-AT[F20] -> M11-ACHIEVE-LIFT-AT 47 712 52
712 ACHIEVE-LIFT-AT0[F20] -> M14-ACHIEVE-LIFT-AT0 48 713 714
713 M14-ACHIEVE-LIFT-AT0_splitted_3[] -> _splitting_method_M14-ACHIEVE-LIFT-AT0_splitted_3 49 50
714 ACHIEVE-LIFT-AT0[F20] -> M12-ACHIEVE-LIFT-AT0 51
715 IFUNLOCK-LIFT-AT[F20] -> IFUNLOCK5-LIFT-AT 53 54
716 IFUNLOCK-BOARDED[P20] -> IFUNLOCK1-BOARDED 55 56
717 ACHIEVE-SERVED2[P20] -> M23-ACHIEVE-SERVED2 58
718 ACHIEVE-SERVED[P19] -> M22-ACHIEVE-SERVED 60 719 95
719 ACHIEVE-SERVED2[P19] -> <<M24-ACHIEVE-SERVED2;M24-ACHIEVE-SERVED2_splitted_4[P19];_splitting_method_M24-ACHIEVE-SERVED2_splitted_4;1;0,-1,2>;DO-SERVED-DEPART2[F21,P19];M8-DO-SERVED-DEPART2;1;0,-1,-2,-3,-4,-5,-6,2> 61 62 720 728 736 737 93 738
720 ACHIEVE-BOARDED[P19] -> M17-ACHIEVE-BOARDED 63 721 76
721 ACHIEVE-BOARDED1[P19] -> <<M19-ACHIEVE-BOARDED1;M19-ACHIEVE-BOARDED1_splitted_1[P19];_splitting_method_M19-ACHIEVE-BOARDED1_splitted_1;1;0,-1,2>;DO-BOARDED-BOARD1[F32,P19];M7-DO-BOARDED-BOARD1;1;0,-1,-2,-3,-4,2> 64 65 722 726 74 727
722 ACHIEVE-LIFT-AT[F32] -> M11-ACHIEVE-LIFT-AT 66 723 71
723 ACHIEVE-LIFT-AT0[F32] -> M13-ACHIEVE-LIFT-AT0 67 724 725
724 M13-ACHIEVE-LIFT-AT0_splitted_2[] -> _splitting_method_M13-ACHIEVE-LIFT-AT0_splitted_2 68 69
725 ACHIEVE-LIFT-AT0[F32] -> M12-ACHIEVE-LIFT-AT0 70
726 IFUNLOCK-LIFT-AT[F32] -> IFUNLOCK5-LIFT-AT 72 73
727 ACHIEVE-BOARDED1[P19] -> M18-ACHIEVE-BOARDED1 75
728 ACHIEVE-LIFT-AT[F21] -> M11-ACHIEVE-LIFT-AT 77 729 88
729 ACHIEVE-LIFT-AT0[F21] -> M14-ACHIEVE-LIFT-AT0 78 730 731
730 M14-ACHIEVE-LIFT-AT0_splitted_3[] -> _splitting_method_M14-ACHIEVE-LIFT-AT0_splitted_3 79 80
731 ACHIEVE-LIFT-AT0[F21] -> M14-ACHIEVE-LIFT-AT0 81 732 733
732 M14-ACHIEVE-LIFT-AT0_splitted_3[] -> _splitting_method_M14-ACHIEVE-LIFT-AT0_splitted_3 82 83
733 ACHIEVE-LIFT-AT0[F21] -> M13-ACHIEVE-LIFT-AT0 84 734 735
734 M13-ACHIEVE-LIFT-AT0_splitted_2[] -> _splitting_method_M13-ACHIEVE-LIFT-AT0_splitted_2 85 86
735 ACHIEVE-LIFT-AT0[F21] -> M12-ACHIEVE-LIFT-AT0 87
736 IFUNLOCK-LIFT-AT[F21] -> IFUNLOCK5-LIFT-AT 89 90
737 IFUNLOCK-BOARDED[P19] -> IFUNLOCK1-BOARDED 91 92
738 ACHIEVE-SERVED2[P19] -> M23-ACHIEVE-SERVED2 94
739 ACHIEVE-SERVED[P18] -> M22-ACHIEVE-SERVED 96 740 128
740 ACHIEVE-SERVED2[P18] -> <<M24-ACHIEVE-SERVED2;M24-ACHIEVE-SERVED2_splitted_4[P18];_splitting_method_M24-ACHIEVE-SERVED2_splitted_4;1;0,-1,2>;DO-SERVED-DEPART2[F35,P18];M8-DO-SERVED-DEPART2;1;0,-1,-2,-3,-4,-5,-6,2> 97 98 741 749 755 756 126 757
741 ACHIEVE-BOARDED[P18] -> M17-ACHIEVE-BOARDED 99 742 112
742 ACHIEVE-BOARDED1[P18] -> <<M19-ACHIEVE-BOARDED1;M19-ACHIEVE-BOARDED1_splitted_1[P18];_splitting_method_M19-ACHIEVE-BOARDED1_splitted_1;1;0,-1,2>;DO-BOARDED-BOARD1[F5,P18];M7-DO-BOARDED-BOARD1;1;0,-1,-2,-3,-4,2> 100 101 743 747 110 748
743 ACHIEVE-LIFT-AT[F5] -> M11-ACHIEVE-LIFT-AT 102 744 107
744 ACHIEVE-LIFT-AT0[F5] -> M14-ACHIEVE-LIFT-AT0 103 745 746
745 M14-ACHIEVE-LIFT-AT0_splitted_3[] -> _splitting_method_M14-ACHIEVE-LIFT-AT0_splitted_3 104 105
746 ACHIEVE-LIFT-AT0[F5] -> M12-ACHIEVE-LIFT-AT0 106
747 IFUNLOCK-LIFT-AT[F5] -> IFUNLOCK5-LIFT-AT 108 109
748 ACHIEVE-BOARDED1[P18] -> M18-ACHIEVE-BOARDED1 111
749 ACHIEVE-LIFT-AT[F35] -> M11-ACHIEVE-LIFT-AT 113 750 121
750 ACHIEVE-LIFT-AT0[F35] -> M13-ACHIEVE-LIFT-AT0 114 751 752
751 M13-ACHIEVE-LIFT-AT0_splitted_2[] -> _splitting_method_M13-ACHIEVE-LIFT-AT0_splitted_2 115 116
752 ACHIEVE-LIFT-AT0[F35] -> M13-ACHIEVE-LIFT-AT0 117 753 754
753 M13-ACHIEVE-LIFT-AT0_splitted_2[] -> _splitting_method_M13-ACHIEVE-LIFT-AT0_splitted_2 118 119
754 ACHIEVE-LIFT-AT0[F35] -> M12-ACHIEVE-LIFT-AT0 120
755 IFUNLOCK-LIFT-AT[F35] -> IFUNLOCK5-LIFT-AT 122 123
756 IFUNLOCK-BOARDED[P18] -> IFUNLOCK1-BOARDED 124 125
757 ACHIEVE-SERVED2[P18] -> M23-ACHIEVE-SERVED2 127
758 ACHIEVE-SERVED[P17] -> M22-ACHIEVE-SERVED 129 759 164
759 ACHIEVE-SERVED2[P17] -> <<M24-ACHIEVE-SERVED2;M24-ACHIEVE-SERVED2_splitted_4[P17];_splitting_method_M24-ACHIEVE-SERVED2_splitted_4;1;0,-1,2>;DO-SERVED-DEPART2[F0,P17];M8-DO-SERVED-DEPART2;1;0,-1,-2,-3,-4,-5,-6,2> 130 131 760 768 776 777 162 778
760 ACHIEVE-BOARDED[P17] -> M17-ACHIEVE-BOARDED 132 761 145
761 ACHIEVE-BOARDED1[P17] -> <<M19-ACHIEVE-BOARDED1;M19-ACHIEVE-BOARDED1_splitted_1[P17];_splitting_method_M19-ACHIEVE-BOARDED1_splitted_1;1;0,-1,2>;DO-BOARDED-BOARD1[F18,P17];M7-DO-BOARDED-BOARD1;1;0,-1,-2,-3,-4,2> 133 134 762 766 143 767
762 ACHIEVE-LIFT-AT[F18] -> M11-ACHIEVE-LIFT-AT 135 763 140
763 ACHIEVE-LIFT-AT0[F18] -> M14-ACHIEVE-LIFT-AT0 136 764 765
764 M14-ACHIEVE-LIFT-AT0_splitted_3[] -> _splitting_method_M14-ACHIEVE-LIFT-AT0_splitted_3 137 138
765 ACHIEVE-LIFT-AT0[F18] -> M12-ACHIEVE-LIFT-AT0 139
766 IFUNLOCK-LIFT-AT[F18] -> IFUNLOCK5-LIFT-AT 141 142
767 ACHIEVE-BOARDED1[P17] -> M18-ACHIEVE-BOARDED1 144
768 ACHIEVE-LIFT-AT[F0] -> M11-ACHIEVE-LIFT-AT 146 769 157
769 ACHIEVE-LIFT-AT0[F0] -> M13-ACHIEVE-LIFT-AT0 147 770 771
770 M13-ACHIEVE-LIFT-AT0_splitted_2[] -> _splitting_method_M13-ACHIEVE-LIFT-AT0_splitted_2 148 149
771 ACHIEVE-LIFT-AT0[F0] -> M13-ACHIEVE-LIFT-AT0 150 772 773
772 M13-ACHIEVE-LIFT-AT0_splitted_2[] -> _splitting_method_M13-ACHIEVE-LIFT-AT0_splitted_2 151 152
773 ACHIEVE-LIFT-AT0[F0] -> M14-ACHIEVE-LIFT-AT0 153 774 775
774 M14-ACHIEVE-LIFT-AT0_splitted_3[] -> _splitting_method_M14-ACHIEVE-LIFT-AT0_splitted_3 154 155
775 ACHIEVE-LIFT-AT0[F0] -> M12-ACHIEVE-LIFT-AT0 156
776 IFUNLOCK-LIFT-AT[F0] -> IFUNLOCK5-LIFT-AT 158 159
777 IFUNLOCK-BOARDED[P17] -> IFUNLOCK1-BOARDED 160 161
778 ACHIEVE-SERVED2[P17] -> M23-ACHIEVE-SERVED2 163
779 ACHIEVE-SERVED[P16] -> M22-ACHIEVE-SERVED 165 780 196
780 ACHIEVE-SERVED2[P16] -> <<M24-ACHIEVE-SERVED2;M24-ACHIEVE-SERVED2_splitted_4[P16];_splitting_method_M24-ACHIEVE-SERVED2_splitted_4;1;0,-1,2>;DO-SERVED-DEPART2[F41,P16];M8-DO-SERVED-DEPART2;1;0,-1,-2,-3,-4,-5,-6,2> 166 167 781 786 794 795 194 796
781 ACHIEVE-BOARDED[P16] -> M17-ACHIEVE-BOARDED 168 782 177
782 ACHIEVE-BOARDED1[P16] -> <<M19-ACHIEVE-BOARDED1;M19-ACHIEVE-BOARDED1_splitted_1[P16];_splitting_method_M19-ACHIEVE-BOARDED1_splitted_1;1;0,-1,2>;DO-BOARDED-BOARD1[F0,P16];M7-DO-BOARDED-BOARD1;1;0,-1,-2,-3,-4,2> 169 170 783 784 175 785
783 ACHIEVE-LIFT-AT[F0] -> M10-ACHIEVE-LIFT-AT 171 172
784 IFUNLOCK-LIFT-AT[F0] -> IFUNLOCK5-LIFT-AT 173 174
785 ACHIEVE-BOARDED1[P16] -> M18-ACHIEVE-BOARDED1 176
786 ACHIEVE-LIFT-AT[F41] -> M11-ACHIEVE-LIFT-AT 178 787 189
787 ACHIEVE-LIFT-AT0[F41] -> M13-ACHIEVE-LIFT-AT0 179 788 789
788 M13-ACHIEVE-LIFT-AT0_splitted_2[] -> _splitting_method_M13-ACHIEVE-LIFT-AT0_splitted_2 180 181
789 ACHIEVE-LIFT-AT0[F41] -> M14-ACHIEVE-LIFT-AT0 182 790 791
790 M14-ACHIEVE-LIFT-AT0_splitted_3[] -> _splitting_method_M14-ACHIEVE-LIFT-AT0_splitted_3 183 184
791 ACHIEVE-LIFT-AT0[F41] -> M13-ACHIEVE-LIFT-AT0 185 792 793
792 M13-ACHIEVE-LIFT-AT0_splitted_2[] -> _splitting_method_M13-ACHIEVE-LIFT-AT0_splitted_2 186 187
793 ACHIEVE-LIFT-AT0[F41] -> M12-ACHIEVE-LIFT-AT0 188
794 IFUNLOCK-LIFT-AT[F41] -> IFUNLOCK5-LIFT-AT 190 191
795 IFUNLOCK-BOARDED[P16] -> IFUNLOCK1-BOARDED 192 193
796 ACHIEVE-SERVED2[P16] -> M23-ACHIEVE-SERVED2 195
797 ACHIEVE-SERVED[P15] -> M22-ACHIEVE-SERVED 197 798 226
798 ACHIEVE-SERVED2[P15] -> <<M24-ACHIEVE-SERVED2;M24-ACHIEVE-SERVED2_splitted_4[P15];_splitting_method_M24-ACHIEVE-SERVED2_splitted_4;1;0,-1,2>;DO-SERVED-DEPART2[F42,P15];M8-DO-SERVED-DEPART2;1;0,-1,-2,-3,-4,-5,-6,2> 198 199 799 807 811 812 224 813
799 ACHIEVE-BOARDED[P15] -> M17-ACHIEVE-BOARDED 200 800 213
800 ACHIEVE-BOARDED1[P15] -> <<M19-ACHIEVE-BOARDED1;M19-ACHIEVE-BOARDED1_splitted_1[P15];_splitting_method_M19-ACHIEVE-BOARDED1_splitted_1;1;0,-1,2>;DO-BOARDED-BOARD1[F15,P15];M7-DO-BOARDED-BOARD1;1;0,-1,-2,-3,-4,2> 201 202 801 805 211 806
801 ACHIEVE-LIFT-AT[F15] -> M11-ACHIEVE-LIFT-AT 203 802 208
802 ACHIEVE-LIFT-AT0[F15] -> M14-ACHIEVE-LIFT-AT0 204 803 804
803 M14-ACHIEVE-LIFT-AT0_splitted_3[] -> _splitting_method_M14-ACHIEVE-LIFT-AT0_splitted_3 205 206
804 ACHIEVE-LIFT-AT0[F15] -> M12-ACHIEVE-LIFT-AT0 207
805 IFUNLOCK-LIFT-AT[F15] -> IFUNLOCK5-LIFT-AT 209 210
806 ACHIEVE-BOARDED1[P15] -> M18-ACHIEVE-BOARDED1 212
807 ACHIEVE-LIFT-AT[F42] -> M11-ACHIEVE-LIFT-AT 214 808 219
808 ACHIEVE-LIFT-AT0[F42] -> M13-ACHIEVE-LIFT-AT0 215 809 810
809 M13-ACHIEVE-LIFT-AT0_splitted_2[] -> _splitting_method_M13-ACHIEVE-LIFT-AT0_splitted_2 216 217
810 ACHIEVE-LIFT-AT0[F42] -> M12-ACHIEVE-LIFT-AT0 218
811 IFUNLOCK-LIFT-AT[F42] -> IFUNLOCK5-LIFT-AT 220 221
812 IFUNLOCK-BOARDED[P15] -> IFUNLOCK1-BOARDED 222 223
813 ACHIEVE-SERVED2[P15] -> M23-ACHIEVE-SERVED2 225
814 ACHIEVE-SERVED[P14] -> M22-ACHIEVE-SERVED 227 815 262
815 ACHIEVE-SERVED2[P14] -> <<M24-ACHIEVE-SERVED2;M24-ACHIEVE-SERVED2_splitted_4[P14];_splitting_method_M24-ACHIEVE-SERVED2_splitted_4;1;0,-1,2>;DO-SERVED-DEPART2[F25,P14];M8-DO-SERVED-DEPART2;1;0,-1,-2,-3,-4,-5,-6,2> 228 229 816 824 832 833 260 834
816 ACHIEVE-BOARDED[P14] -> M17-ACHIEVE-BOARDED 230 817 243
817 ACHIEVE-BOARDED1[P14] -> <<M19-ACHIEVE-BOARDED1;M19-ACHIEVE-BOARDED1_splitted_1[P14];_splitting_method_M19-ACHIEVE-BOARDED1_splitted_1;1;0,-1,2>;DO-BOARDED-BOARD1[F29,P14];M7-DO-BOARDED-BOARD1;1;0,-1,-2,-3,-4,2> 231 232 818 822 241 823
818 ACHIEVE-LIFT-AT[F29] -> M11-ACHIEVE-LIFT-AT 233 819 238
819 ACHIEVE-LIFT-AT0[F29] -> M14-ACHIEVE-LIFT-AT0 234 820 821
820 M14-ACHIEVE-LIFT-AT0_splitted_3[] -> _splitting_method_M14-ACHIEVE-LIFT-AT0_splitted_3 235 236
821 ACHIEVE-LIFT-AT0[F29] -> M12-ACHIEVE-LIFT-AT0 237
822 IFUNLOCK-LIFT-AT[F29] -> IFUNLOCK5-LIFT-AT 239 240
823 ACHIEVE-BOARDED1[P14] -> M18-ACHIEVE-BOARDED1 242
824 ACHIEVE-LIFT-AT[F25] -> M11-ACHIEVE-LIFT-AT 244 825 255
825 ACHIEVE-LIFT-AT0[F25] -> M14-ACHIEVE-LIFT-AT0 245 826 827
826 M14-ACHIEVE-LIFT-AT0_splitted_3[] -> _splitting_method_M14-ACHIEVE-LIFT-AT0_splitted_3 246 247
827 ACHIEVE-LIFT-AT0[F25] -> M14-ACHIEVE-LIFT-AT0 248 828 829
828 M14-ACHIEVE-LIFT-AT0_splitted_3[] -> _splitting_method_M14-ACHIEVE-LIFT-AT0_splitted_3 249 250
829 ACHIEVE-LIFT-AT0[F25] -> M13-ACHIEVE-LIFT-AT0 251 830 831
830 M13-ACHIEVE-LIFT-AT0_splitted_2[] -> _splitting_method_M13-ACHIEVE-LIFT-AT0_splitted_2 252 253
831 ACHIEVE-LIFT-AT0[F25] -> M12-ACHIEVE-LIFT-AT0 254
832 IFUNLOCK-LIFT-AT[F25] -> IFUNLOCK5-LIFT-AT 256 257
833 IFUNLOCK-BOARDED[P14] -> IFUNLOCK1-BOARDED 258 259
834 ACHIEVE-SERVED2[P14] -> M23-ACHIEVE-SERVED2 261
835 ACHIEVE-SERVED[P13] -> M22-ACHIEVE-SERVED 263 836 292
836 ACHIEVE-SERVED2[P13] -> <<M24-ACHIEVE-SERVED2;M24-ACHIEVE-SERVED2_splitted_4[P13];_splitting_method_M24-ACHIEVE-SERVED2_splitted_4;1;0,-1,2>;DO-SERVED-DEPART2[F26,P13];M8-DO-SERVED-DEPART2;1;0,-1,-2,-3,-4,-5,-6,2> 264 265 837 845 849 850 290 851
837 ACHIEVE-BOARDED[P13] -> M17-ACHIEVE-BOARDED 266 838 279
838 ACHIEVE-BOARDED1[P13] -> <<M19-ACHIEVE-BOARDED1;M19-ACHIEVE-BOARDED1_splitted_1[P13];_splitting_method_M19-ACHIEVE-BOARDED1_splitted_1;1;0,-1,2>;DO-BOARDED-BOARD1[F42,P13];M7-DO-BOARDED-BOARD1;1;0,-1,-2,-3,-4,2> 267 268 839 843 277 844
839 ACHIEVE-LIFT-AT[F42] -> M11-ACHIEVE-LIFT-AT 269 840 274
840 ACHIEVE-LIFT-AT0[F42] -> M13-ACHIEVE-LIFT-AT0 270 841 842
841 M13-ACHIEVE-LIFT-AT0_splitted_2[] -> _splitting_method_M13-ACHIEVE-LIFT-AT0_splitted_2 271 272
842 ACHIEVE-LIFT-AT0[F42] -> M12-ACHIEVE-LIFT-AT0 273
843 IFUNLOCK-LIFT-AT[F42] -> IFUNLOCK5-LIFT-AT 275 276
844 ACHIEVE-BOARDED1[P13] -> M18-ACHIEVE-BOARDED1 278
845 ACHIEVE-LIFT-AT[F26] -> M11-ACHIEVE-LIFT-AT 280 846 285
846 ACHIEVE-LIFT-AT0[F26] -> M14-ACHIEVE-LIFT-AT0 281 847 848
847 M14-ACHIEVE-LIFT-AT0_splitted_3[] -> _splitting_method_M14-ACHIEVE-LIFT-AT0_splitted_3 282 283
848 ACHIEVE-LIFT-AT0[F26] -> M12-ACHIEVE-LIFT-AT0 284
849 IFUNLOCK-LIFT-AT[F26] -> IFUNLOCK5-LIFT-AT 286 287
850 IFUNLOCK-BOARDED[P13] -> IFUNLOCK1-BOARDED 288 289
851 ACHIEVE-SERVED2[P13] -> M23-ACHIEVE-SERVED2 291
852 ACHIEVE-SERVED[P12] -> M22-ACHIEVE-SERVED 293 853 322
853 ACHIEVE-SERVED2[P12] -> <<M24-ACHIEVE-SERVED2;M24-ACHIEVE-SERVED2_splitted_4[P12];_splitting_method_M24-ACHIEVE-SERVED2_splitted_4;1;0,-1,2>;DO-SERVED-DEPART2[F26,P12];M8-DO-SERVED-DEPART2;1;0,-1,-2,-3,-4,-5,-6,2> 294 295 854 862 866 867 320 868
854 ACHIEVE-BOARDED[P12] -> M17-ACHIEVE-BOARDED 296 855 309
855 ACHIEVE-BOARDED1[P12] -> <<M19-ACHIEVE-BOARDED1;M19-ACHIEVE-BOARDED1_splitted_1[P12];_splitting_method_M19-ACHIEVE-BOARDED1_splitted_1;1;0,-1,2>;DO-BOARDED-BOARD1[F32,P12];M7-DO-BOARDED-BOARD1;1;0,-1,-2,-3,-4,2> 297 298 856 860 307 861
856 ACHIEVE-LIFT-AT[F32] -> M11-ACHIEVE-LIFT-AT 299 857 304
857 ACHIEVE-LIFT-AT0[F32] -> M13-ACHIEVE-LIFT-AT0 300 858 859
858 M13-ACHIEVE-LIFT-AT0_splitted_2[] -> _splitting_method_M13-ACHIEVE-LIFT-AT0_splitted_2 301 302
859 ACHIEVE-LIFT-AT0[F32] -> M12-ACHIEVE-LIFT-AT0 303
860 IFUNLOCK-LIFT-AT[F32] -> IFUNLOCK5-LIFT-AT 305 306
861 ACHIEVE-BOARDED1[P12] -> M18-ACHIEVE-BOARDED1 308
862 ACHIEVE-LIFT-AT[F26] -> M11-ACHIEVE-LIFT-AT 310 863 315
863 ACHIEVE-LIFT-AT0[F26] -> M14-ACHIEVE-LIFT-AT0 311 864 865
864 M14-ACHIEVE-LIFT-AT0_splitted_3[] -> _splitting_method_M14-ACHIEVE-LIFT-AT0_splitted_3 312 313
865 ACHIEVE-LIFT-AT0[F26] -> M12-ACHIEVE-LIFT-AT0 314
866 IFUNLOCK-LIFT-AT[F26] -> IFUNLOCK5-LIFT-AT 316 317
867 IFUNLOCK-BOARDED[P12] -> IFUNLOCK1-BOARDED 318 319
868 ACHIEVE-SERVED2[P12] -> M23-ACHIEVE-SERVED2 321
869 ACHIEVE-SERVED[P11] -> M22-ACHIEVE-SERVED 323 870 352
870 ACHIEVE-SERVED2[P11] -> <<M24-ACHIEVE-SERVED2;M24-ACHIEVE-SERVED2_splitted_4[P11];_splitting_method_M24-ACHIEVE-SERVED2_splitted_4;1;0,-1,2>;DO-SERVED-DEPART2[F11,P11];M8-DO-SERVED-DEPART2;1;0,-1,-2,-3,-4,-5,-6,2> 324 325 871 879 883 884 350 885
871 ACHIEVE-BOARDED[P11] -> M17-ACHIEVE-BOARDED 326 872 339
872 ACHIEVE-BOARDED1[P11] -> <<M19-ACHIEVE-BOARDED1;M19-ACHIEVE-BOARDED1_splitted_1[P11];_splitting_method_M19-ACHIEVE-BOARDED1_splitted_1;1;0,-1,2>;DO-BOARDED-BOARD1[F36,P11];M7-DO-BOARDED-BOARD1;1;0,-1,-2,-3,-4,2> 327 328 873 877 337 878
873 ACHIEVE-LIFT-AT[F36] -> M11-ACHIEVE-LIFT-AT 329 874 334
874 ACHIEVE-LIFT-AT0[F36] -> M13-ACHIEVE-LIFT-AT0 330 875 876
875 M13-ACHIEVE-LIFT-AT0_splitted_2[] -> _splitting_method_M13-ACHIEVE-LIFT-AT0_splitted_2 331 332
876 ACHIEVE-LIFT-AT0[F36] -> M12-ACHIEVE-LIFT-AT0 333
877 IFUNLOCK-LIFT-AT[F36] -> IFUNLOCK5-LIFT-AT 335 336
878 ACHIEVE-BOARDED1[P11] -> M18-ACHIEVE-BOARDED1 338
879 ACHIEVE-LIFT-AT[F11] -> M11-ACHIEVE-LIFT-AT 340 880 345
880 ACHIEVE-LIFT-AT0[F11] -> M14-ACHIEVE-LIFT-AT0 341 881 882
881 M14-ACHIEVE-LIFT-AT0_splitted_3[] -> _splitting_method_M14-ACHIEVE-LIFT-AT0_splitted_3 342 343
882 ACHIEVE-LIFT-AT0[F11] -> M12-ACHIEVE-LIFT-AT0 344
883 IFUNLOCK-LIFT-AT[F11] -> IFUNLOCK5-LIFT-AT 346 347
884 IFUNLOCK-BOARDED[P11] -> IFUNLOCK1-BOARDED 348 349
885 ACHIEVE-SERVED2[P11] -> M23-ACHIEVE-SERVED2 351
886 ACHIEVE-SERVED[P10] -> M22-ACHIEVE-SERVED 353 887 382
887 ACHIEVE-SERVED2[P10] -> <<M24-ACHIEVE-SERVED2;M24-ACHIEVE-SERVED2_splitted_4[P10];_splitting_method_M24-ACHIEVE-SERVED2_splitted_4;1;0,-1,2>;DO-SERVED-DEPART2[F33,P10];M8-DO-SERVED-DEPART2;1;0,-1,-2,-3,-4,-5,-6,2> 354 355 888 896 900 901 380 902
888 ACHIEVE-BOARDED[P10] -> M17-ACHIEVE-BOARDED 356 889 369
889 ACHIEVE-BOARDED1[P10] -> <<M19-ACHIEVE-BOARDED1;M19-ACHIEVE-BOARDED1_splitted_1[P10];_splitting_method_M19-ACHIEVE-BOARDED1_splitted_1;1;0,-1,2>;DO-BOARDED-BOARD1[F36,P10];M7-DO-BOARDED-BOARD1;1;0,-1,-2,-3,-4,2> 357 358 890 894 367 895
890 ACHIEVE-LIFT-AT[F36] -> M11-ACHIEVE-LIFT-AT 359 891 364
891 ACHIEVE-LIFT-AT0[F36] -> M13-ACHIEVE-LIFT-AT0 360 892 893
892 M13-ACHIEVE-LIFT-AT0_splitted_2[] -> _splitting_method_M13-ACHIEVE-LIFT-AT0_splitted_2 361 362
893 ACHIEVE-LIFT-AT0[F36] -> M12-ACHIEVE-LIFT-AT0 363
894 IFUNLOCK-LIFT-AT[F36] -> IFUNLOCK5-LIFT-AT 365 366
895 ACHIEVE-BOARDED1[P10] -> M18-ACHIEVE-BOARDED1 368
896 ACHIEVE-LIFT-AT[F33] -> M11-ACHIEVE-LIFT-AT 370 897 375
897 ACHIEVE-LIFT-AT0[F33] -> M14-ACHIEVE-LIFT-AT0 371 898 899
898 M14-ACHIEVE-LIFT-AT0_splitted_3[] -> _splitting_method_M14-ACHIEVE-LIFT-AT0_splitted_3 372 373
899 ACHIEVE-LIFT-AT0[F33] -> M12-ACHIEVE-LIFT-AT0 374
900 IFUNLOCK-LIFT-AT[F33] -> IFUNLOCK5-LIFT-AT 376 377
901 IFUNLOCK-BOARDED[P10] -> IFUNLOCK1-BOARDED 378 379
902 ACHIEVE-SERVED2[P10] -> M23-ACHIEVE-SERVED2 381
903 ACHIEVE-SERVED[P9] -> M22-ACHIEVE-SERVED 383 904 412
904 ACHIEVE-SERVED2[P9] -> <<M24-ACHIEVE-SERVED2;M24-ACHIEVE-SERVED2_splitted_4[P9];_splitting_method_M24-ACHIEVE-SERVED2_splitted_4;1;0,-1,2>;DO-SERVED-DEPART2[F4,P9];M8-DO-SERVED-DEPART2;1;0,-1,-2,-3,-4,-5,-6,2> 384 385 905 913 917 918 410 919
905 ACHIEVE-BOARDED[P9] -> M17-ACHIEVE-BOARDED 386 906 399
906 ACHIEVE-BOARDED1[P9] -> <<M19-ACHIEVE-BOARDED1;M19-ACHIEVE-BOARDED1_splitted_1[P9];_splitting_method_M19-ACHIEVE-BOARDED1_splitted_1;1;0,-1,2>;DO-BOARDED-BOARD1[F14,P9];M7-DO-BOARDED-BOARD1;1;0,-1,-2,-3,-4,2> 387 388 907 911 397 912
907 ACHIEVE-LIFT-AT[F14] -> M11-ACHIEVE-LIFT-AT 389 908 394
908 ACHIEVE-LIFT-AT0[F14] -> M14-ACHIEVE-LIFT-AT0 390 909 910
909 M14-ACHIEVE-LIFT-AT0_splitted_3[] -> _splitting_method_M14-ACHIEVE-LIFT-AT0_splitted_3 391 392
910 ACHIEVE-LIFT-AT0[F14] -> M12-ACHIEVE-LIFT-AT0 393
911 IFUNLOCK-LIFT-AT[F14] -> IFUNLOCK5-LIFT-AT 395 396
912 ACHIEVE-BOARDED1[P9] -> M18-ACHIEVE-BOARDED1 398
913 ACHIEVE-LIFT-AT[F4] -> M11-ACHIEVE-LIFT-AT 400 914 405
914 ACHIEVE-LIFT-AT0[F4] -> M14-ACHIEVE-LIFT-AT0 401 915 916
915 M14-ACHIEVE-LIFT-AT0_splitted_3[] -> _splitting_method_M14-ACHIEVE-LIFT-AT0_splitted_3 402 403
916 ACHIEVE-LIFT-AT0[F4] -> M12-ACHIEVE-LIFT-AT0 404
917 IFUNLOCK-LIFT-AT[F4] -> IFUNLOCK5-LIFT-AT 406 407
918 IFUNLOCK-BOARDED[P9] -> IFUNLOCK1-BOARDED 408 409
919 ACHIEVE-SERVED2[P9] -> M23-ACHIEVE-SERVED2 411
920 ACHIEVE-SERVED[P8] -> M22-ACHIEVE-SERVED 413 921 442
921 ACHIEVE-SERVED2[P8] -> <<M24-ACHIEVE-SERVED2;M24-ACHIEVE-SERVED2_splitted_4[P8];_splitting_method_M24-ACHIEVE-SERVED2_splitted_4;1;0,-1,2>;DO-SERVED-DEPART2[F31,P8];M8-DO-SERVED-DEPART2;1;0,-1,-2,-3,-4,-5,-6,2> 414 415 922 930 934 935 440 936
922 ACHIEVE-BOARDED[P8] -> M17-ACHIEVE-BOARDED 416 923 429
923 ACHIEVE-BOARDED1[P8] -> <<M19-ACHIEVE-BOARDED1;M19-ACHIEVE-BOARDED1_splitted_1[P8];_splitting_method_M19-ACHIEVE-BOARDED1_splitted_1;1;0,-1,2>;DO-BOARDED-BOARD1[F8,P8];M7-DO-BOARDED-BOARD1;1;0,-1,-2,-3,-4,2> 417 418 924 928 427 929
924 ACHIEVE-LIFT-AT[F8] -> M11-ACHIEVE-LIFT-AT 419 925 424
925 ACHIEVE-LIFT-AT0[F8] -> M13-ACHIEVE-LIFT-AT0 420 926 927
926 M13-ACHIEVE-LIFT-AT0_splitted_2[] -> _splitting_method_M13-ACHIEVE-LIFT-AT0_splitted_2 421 422
927 ACHIEVE-LIFT-AT0[F8] -> M12-ACHIEVE-LIFT-AT0 423
928 IFUNLOCK-LIFT-AT[F8] -> IFUNLOCK5-LIFT-AT 425 426
929 ACHIEVE-BOARDED1[P8] -> M18-ACHIEVE-BOARDED1 428
930 ACHIEVE-LIFT-AT[F31] -> M11-ACHIEVE-LIFT-AT 430 931 435
931 ACHIEVE-LIFT-AT0[F31] -> M13-ACHIEVE-LIFT-AT0 431 932 933
932 M13-ACHIEVE-LIFT-AT0_splitted_2[] -> _splitting_method_M13-ACHIEVE-LIFT-AT0_splitted_2 432 433
933 ACHIEVE-LIFT-AT0[F31] -> M12-ACHIEVE-LIFT-AT0 434
934 IFUNLOCK-LIFT-AT[F31] -> IFUNLOCK5-LIFT-AT 436 437
935 IFUNLOCK-BOARDED[P8] -> IFUNLOCK1-BOARDED 438 439
936 ACHIEVE-SERVED2[P8] -> M23-ACHIEVE-SERVED2 441
937 ACHIEVE-SERVED[P7] -> M22-ACHIEVE-SERVED 443 938 472
938 ACHIEVE-SERVED2[P7] -> <<M24-ACHIEVE-SERVED2;M24-ACHIEVE-SERVED2_splitted_4[P7];_splitting_method_M24-ACHIEVE-SERVED2_splitted_4;1;0,-1,2>;DO-SERVED-DEPART2[F11,P7];M8-DO-SERVED-DEPART2;1;0,-1,-2,-3,-4,-5,-6,2> 444 445 939 947 951 952 470 953
939 ACHIEVE-BOARDED[P7] -> M17-ACHIEVE-BOARDED 446 940 459
940 ACHIEVE-BOARDED1[P7] -> <<M19-ACHIEVE-BOARDED1;M19-ACHIEVE-BOARDED1_splitted_1[P7];_splitting_method_M19-ACHIEVE-BOARDED1_splitted_1;1;0,-1,2>;DO-BOARDED-BOARD1[F18,P7];M7-DO-BOARDED-BOARD1;1;0,-1,-2,-3,-4,2> 447 448 941 945 457 946
941 ACHIEVE-LIFT-AT[F18] -> M11-ACHIEVE-LIFT-AT 449 942 454
942 ACHIEVE-LIFT-AT0[F18] -> M14-ACHIEVE-LIFT-AT0 450 943 944
943 M14-ACHIEVE-LIFT-AT0_splitted_3[] -> _splitting_method_M14-ACHIEVE-LIFT-AT0_splitted_3 451 452
944 ACHIEVE-LIFT-AT0[F18] -> M12-ACHIEVE-LIFT-AT0 453
945 IFUNLOCK-LIFT-AT[F18] -> IFUNLOCK5-LIFT-AT 455 456
946 ACHIEVE-BOARDED1[P7] -> M18-ACHIEVE-BOARDED1 458
947 ACHIEVE-LIFT-AT[F11] -> M11-ACHIEVE-LIFT-AT 460 948 465
948 ACHIEVE-LIFT-AT0[F11] -> M14-ACHIEVE-LIFT-AT0 461 949 950
949 M14-ACHIEVE-LIFT-AT0_splitted_3[] -> _splitting_method_M14-ACHIEVE-LIFT-AT0_splitted_3 462 463
950 ACHIEVE-LIFT-AT0[F11] -> M12-ACHIEVE-LIFT-AT0 464
951 IFUNLOCK-LIFT-AT[F11] -> IFUNLOCK5-LIFT-AT 466 467
952 IFUNLOCK-BOARDED[P7] -> IFUNLOCK1-BOARDED 468 469
953 ACHIEVE-SERVED2[P7] -> M23-ACHIEVE-SERVED2 471
954 ACHIEVE-SERVED[P6] -> M22-ACHIEVE-SERVED 473 955 502
955 ACHIEVE-SERVED2[P6] -> <<M24-ACHIEVE-SERVED2;M24-ACHIEVE-SERVED2_splitted_4[P6];_splitting_method_M24-ACHIEVE-SERVED2_splitted_4;1;0,-1,2>;DO-SERVED-DEPART2[F10,P6];M8-DO-SERVED-DEPART2;1;0,-1,-2,-3,-4,-5,-6,2> 474 475 956 964 968 969 500 970
956 ACHIEVE-BOARDED[P6] -> M17-ACHIEVE-BOARDED 476 957 489
957 ACHIEVE-BOARDED1[P6] -> <<M19-ACHIEVE-BOARDED1;M19-ACHIEVE-BOARDED1_splitted_1[P6];_splitting_method_M19-ACHIEVE-BOARDED1_splitted_1;1;0,-1,2>;DO-BOARDED-BOARD1[F28,P6];M7-DO-BOARDED-BOARD1;1;0,-1,-2,-3,-4,2> 477 478 958 962 487 963
958 ACHIEVE-LIFT-AT[F28] -> M11-ACHIEVE-LIFT-AT 479 959 484
959 ACHIEVE-LIFT-AT0[F28] -> M13-ACHIEVE-LIFT-AT0 480 960 961
960 M13-ACHIEVE-LIFT-AT0_splitted_2[] -> _splitting_method_M13-ACHIEVE-LIFT-AT0_splitted_2 481 482
961 ACHIEVE-LIFT-AT0[F28] -> M12-ACHIEVE-LIFT-AT0 483
962 IFUNLOCK-LIFT-AT[F28] -> IFUNLOCK5-LIFT-AT 485 486
963 ACHIEVE-BOARDED1[P6] -> M18-ACHIEVE-BOARDED1 488
964 ACHIEVE-LIFT-AT[F10] -> M11-ACHIEVE-LIFT-AT 490 965 495
965 ACHIEVE-LIFT-AT0[F10] -> M14-ACHIEVE-LIFT-AT0 491 966 967
966 M14-ACHIEVE-LIFT-AT0_splitted_3[] -> _splitting_method_M14-ACHIEVE-LIFT-AT0_splitted_3 492 493
967 ACHIEVE-LIFT-AT0[F10] -> M12-ACHIEVE-LIFT-AT0 494
968 IFUNLOCK-LIFT-AT[F10] -> IFUNLOCK5-LIFT-AT 496 497
969 IFUNLOCK-BOARDED[P6] -> IFUNLOCK1-BOARDED 498 499
970 ACHIEVE-SERVED2[P6] -> M23-ACHIEVE-SERVED2 501
971 ACHIEVE-SERVED[P5] -> M22-ACHIEVE-SERVED 503 972 532
972 ACHIEVE-SERVED2[P5] -> <<M24-ACHIEVE-SERVED2;M24-ACHIEVE-SERVED2_splitted_4[P5];_splitting_method_M24-ACHIEVE-SERVED2_splitted_4;1;0,-1,2>;DO-SERVED-DEPART2[F30,P5];M8-DO-SERVED-DEPART2;1;0,-1,-2,-3,-4,-5,-6,2> 504 505 973 981 985 986 530 987
973 ACHIEVE-BOARDED[P5] -> M17-ACHIEVE-BOARDED 506 974 519
974 ACHIEVE-BOARDED1[P5] -> <<M19-ACHIEVE-BOARDED1;M19-ACHIEVE-BOARDED1_splitted_1[P5];_splitting_method_M19-ACHIEVE-BOARDED1_splitted_1;1;0,-1,2>;DO-BOARDED-BOARD1[F31,P5];M7-DO-BOARDED-BOARD1;1;0,-1,-2,-3,-4,2> 507 508 975 979 517 980
975 ACHIEVE-LIFT-AT[F31] -> M11-ACHIEVE-LIFT-AT 509 976 514
976 ACHIEVE-LIFT-AT0[F31] -> M13-ACHIEVE-LIFT-AT0 510 977 978
977 M13-ACHIEVE-LIFT-AT0_splitted_2[] -> _splitting_method_M13-ACHIEVE-LIFT-AT0_splitted_2 511 512
978 ACHIEVE-LIFT-AT0[F31] -> M12-ACHIEVE-LIFT-AT0 513
979 IFUNLOCK-LIFT-AT[F31] -> IFUNLOCK5-LIFT-AT 515 516
980 ACHIEVE-BOARDED1[P5] -> M18-ACHIEVE-BOARDED1 518
981 ACHIEVE-LIFT-AT[F30] -> M11-ACHIEVE-LIFT-AT 520 982 525
982 ACHIEVE-LIFT-AT0[F30] -> M14-ACHIEVE-LIFT-AT0 521 983 984
983 M14-ACHIEVE-LIFT-AT0_splitted_3[] -> _splitting_method_M14-ACHIEVE-LIFT-AT0_splitted_3 522 523
984 ACHIEVE-LIFT-AT0[F30] -> M12-ACHIEVE-LIFT-AT0 524
985 IFUNLOCK-LIFT-AT[F30] -> IFUNLOCK5-LIFT-AT 526 527
986 IFUNLOCK-BOARDED[P5] -> IFUNLOCK1-BOARDED 528 529
987 ACHIEVE-SERVED2[P5] -> M23-ACHIEVE-SERVED2 531
988 ACHIEVE-SERVED[P4] -> M22-ACHIEVE-SERVED 533 989 562
989 ACHIEVE-SERVED2[P4] -> <<M24-ACHIEVE-SERVED2;M24-ACHIEVE-SERVED2_splitted_4[P4];_splitting_method_M24-ACHIEVE-SERVED2_splitted_4;1;0,-1,2>;DO-SERVED-DEPART2[F40,P4];M8-DO-SERVED-DEPART2;1;0,-1,-2,-3,-4,-5,-6,2> 534 535 990 998 1002 1003 560 1004
990 ACHIEVE-BOARDED[P4] -> M17-ACHIEVE-BOARDED 536 991 549
991 ACHIEVE-BOARDED1[P4] -> <<M19-ACHIEVE-BOARDED1;M19-ACHIEVE-BOARDED1_splitted_1[P4];_splitting_method_M19-ACHIEVE-BOARDED1_splitted_1;1;0,-1,2>;DO-BOARDED-BOARD1[F15,P4];M7-DO-BOARDED-BOARD1;1;0,-1,-2,-3,-4,2> 537 538 992 996 547 997
992 ACHIEVE-LIFT-AT[F15] -> M11-ACHIEVE-LIFT-AT 539 993 544
993 ACHIEVE-LIFT-AT0[F15] -> M14-ACHIEVE-LIFT-AT0 540 994 995
994 M14-ACHIEVE-LIFT-AT0_splitted_3[] -> _splitting_method_M14-ACHIEVE-LIFT-AT0_splitted_3 541 542
995 ACHIEVE-LIFT-AT0[F15] -> M12-ACHIEVE-LIFT-AT0 543
996 IFUNLOCK-LIFT-AT[F15] -> IFUNLOCK5-LIFT-AT 545 546
997 ACHIEVE-BOARDED1[P4] -> M18-ACHIEVE-BOARDED1 548
998 ACHIEVE-LIFT-AT[F40] -> M11-ACHIEVE-LIFT-AT 550 999 555
999 ACHIEVE-LIFT-AT0[F40] -> M13-ACHIEVE-LIFT-AT0 551 1000 1001
1000 M13-ACHIEVE-LIFT-AT0_splitted_2[] -> _splitting_method_M13-ACHIEVE-LIFT-AT0_splitted_2 552 553
1001 ACHIEVE-LIFT-AT0[F40] -> M12-ACHIEVE-LIFT-AT0 554
1002 IFUNLOCK-LIFT-AT[F40] -> IFUNLOCK5-LIFT-AT 556 557
1003 IFUNLOCK-BOARDED[P4] -> IFUNLOCK1-BOARDED 558 559
1004 ACHIEVE-SERVED2[P4] -> M23-ACHIEVE-SERVED2 561
1005 ACHIEVE-SERVED[P3] -> M22-ACHIEVE-SERVED 563 1006 592
1006 ACHIEVE-SERVED2[P3] -> <<M24-ACHIEVE-SERVED2;M24-ACHIEVE-SERVED2_splitted_4[P3];_splitting_method_M24-ACHIEVE-SERVED2_splitted_4;1;0,-1,2>;DO-SERVED-DEPART2[F12,P3];M8-DO-SERVED-DEPART2;1;0,-1,-2,-3,-4,-5,-6,2> 564 565 1007 1015 1019 1020 590 1021
1007 ACHIEVE-BOARDED[P3] -> M17-ACHIEVE-BOARDED 566 1008 579
1008 ACHIEVE-BOARDED1[P3] -> <<M19-ACHIEVE-BOARDED1;M19-ACHIEVE-BOARDED1_splitted_1[P3];_splitting_method_M19-ACHIEVE-BOARDED1_splitted_1;1;0,-1,2>;DO-BOARDED-BOARD1[F17,P3];M7-DO-BOARDED-BOARD1;1;0,-1,-2,-3,-4,2> 567 568 1009 1013 577 1014
1009 ACHIEVE-LIFT-AT[F17] -> M11-ACHIEVE-LIFT-AT 569 1010 574
1010 ACHIEVE-LIFT-AT0[F17] -> M14-ACHIEVE-LIFT-AT0 570 1011 1012
1011 M14-ACHIEVE-LIFT-AT0_splitted_3[] -> _splitting_method_M14-ACHIEVE-LIFT-AT0_splitted_3 571 572
1012 ACHIEVE-LIFT-AT0[F17] -> M12-ACHIEVE-LIFT-AT0 573
1013 IFUNLOCK-LIFT-AT[F17] -> IFUNLOCK5-LIFT-AT 575 576
1014 ACHIEVE-BOARDED1[P3] -> M18-ACHIEVE-BOARDED1 578
1015 ACHIEVE-LIFT-AT[F12] -> M11-ACHIEVE-LIFT-AT 580 1016 585
1016 ACHIEVE-LIFT-AT0[F12] -> M14-ACHIEVE-LIFT-AT0 581 1017 1018
1017 M14-ACHIEVE-LIFT-AT0_splitted_3[] -> _splitting_method_M14-ACHIEVE-LIFT-AT0_splitted_3 582 583
1018 ACHIEVE-LIFT-AT0[F12] -> M12-ACHIEVE-LIFT-AT0 584
1019 IFUNLOCK-LIFT-AT[F12] -> IFUNLOCK5-LIFT-AT 586 587
1020 IFUNLOCK-BOARDED[P3] -> IFUNLOCK1-BOARDED 588 589
1021 ACHIEVE-SERVED2[P3] -> M23-ACHIEVE-SERVED2 591
1022 ACHIEVE-SERVED[P2] -> M22-ACHIEVE-SERVED 593 1023 622
1023 ACHIEVE-SERVED2[P2] -> <<M24-ACHIEVE-SERVED2;M24-ACHIEVE-SERVED2_splitted_4[P2];_splitting_method_M24-ACHIEVE-SERVED2_splitted_4;1;0,-1,2>;DO-SERVED-DEPART2[F8,P2];M8-DO-SERVED-DEPART2;1;0,-1,-2,-3,-4,-5,-6,2> 594 595 1024 1032 1036 1037 620 1038
1024 ACHIEVE-BOARDED[P2] -> M17-ACHIEVE-BOARDED 596 1025 609
1025 ACHIEVE-BOARDED1[P2] -> <<M19-ACHIEVE-BOARDED1;M19-ACHIEVE-BOARDED1_splitted_1[P2];_splitting_method_M19-ACHIEVE-BOARDED1_splitted_1;1;0,-1,2>;DO-BOARDED-BOARD1[F23,P2];M7-DO-BOARDED-BOARD1;1;0,-1,-2,-3,-4,2> 597 598 1026 1030 607 1031
1026 ACHIEVE-LIFT-AT[F23] -> M11-ACHIEVE-LIFT-AT 599 1027 604
1027 ACHIEVE-LIFT-AT0[F23] -> M13-ACHIEVE-LIFT-AT0 600 1028 1029
1028 M13-ACHIEVE-LIFT-AT0_splitted_2[] -> _splitting_method_M13-ACHIEVE-LIFT-AT0_splitted_2 601 602
1029 ACHIEVE-LIFT-AT0[F23] -> M12-ACHIEVE-LIFT-AT0 603
1030 IFUNLOCK-LIFT-AT[F23] -> IFUNLOCK5-LIFT-AT 605 606
1031 ACHIEVE-BOARDED1[P2] -> M18-ACHIEVE-BOARDED1 608
1032 ACHIEVE-LIFT-AT[F8] -> M11-ACHIEVE-LIFT-AT 610 1033 615
1033 ACHIEVE-LIFT-AT0[F8] -> M14-ACHIEVE-LIFT-AT0 611 1034 1035
1034 M14-ACHIEVE-LIFT-AT0_splitted_3[] -> _splitting_method_M14-ACHIEVE-LIFT-AT0_splitted_3 612 613
1035 ACHIEVE-LIFT-AT0[F8] -> M12-ACHIEVE-LIFT-AT0 614
1036 IFUNLOCK-LIFT-AT[F8] -> IFUNLOCK5-LIFT-AT 616 617
1037 IFUNLOCK-BOARDED[P2] -> IFUNLOCK1-BOARDED 618 619
1038 ACHIEVE-SERVED2[P2] -> M23-ACHIEVE-SERVED2 621
1039 ACHIEVE-SERVED[P1] -> M22-ACHIEVE-SERVED 623 1040 652
1040 ACHIEVE-SERVED2[P1] -> <<M24-ACHIEVE-SERVED2;M24-ACHIEVE-SERVED2_splitted_4[P1];_splitting_method_M24-ACHIEVE-SERVED2_splitted_4;1;0,-1,2>;DO-SERVED-DEPART2[F43,P1];M8-DO-SERVED-DEPART2;1;0,-1,-2,-3,-4,-5,-6,2> 624 625 1041 1049 1053 1054 650 1055
1041 ACHIEVE-BOARDED[P1] -> M17-ACHIEVE-BOARDED 626 1042 639
1042 ACHIEVE-BOARDED1[P1] -> <<M19-ACHIEVE-BOARDED1;M19-ACHIEVE-BOARDED1_splitted_1[P1];_splitting_method_M19-ACHIEVE-BOARDED1_splitted_1;1;0,-1,2>;DO-BOARDED-BOARD1[F6,P1];M7-DO-BOARDED-BOARD1;1;0,-1,-2,-3,-4,2> 627 628 1043 1047 637 1048
1043 ACHIEVE-LIFT-AT[F6] -> M11-ACHIEVE-LIFT-AT 629 1044 634
1044 ACHIEVE-LIFT-AT0[F6] -> M14-ACHIEVE-LIFT-AT0 630 1045 1046
1045 M14-ACHIEVE-LIFT-AT0_splitted_3[] -> _splitting_method_M14-ACHIEVE-LIFT-AT0_splitted_3 631 632
1046 ACHIEVE-LIFT-AT0[F6] -> M12-ACHIEVE-LIFT-AT0 633
1047 IFUNLOCK-LIFT-AT[F6] -> IFUNLOCK5-LIFT-AT 635 636
1048 ACHIEVE-BOARDED1[P1] -> M18-ACHIEVE-BOARDED1 638
1049 ACHIEVE-LIFT-AT[F43] -> M11-ACHIEVE-LIFT-AT 640 1050 645
1050 ACHIEVE-LIFT-AT0[F43] -> M13-ACHIEVE-LIFT-AT0 641 1051 1052
1051 M13-ACHIEVE-LIFT-AT0_splitted_2[] -> _splitting_method_M13-ACHIEVE-LIFT-AT0_splitted_2 642 643
1052 ACHIEVE-LIFT-AT0[F43] -> M12-ACHIEVE-LIFT-AT0 644
1053 IFUNLOCK-LIFT-AT[F43] -> IFUNLOCK5-LIFT-AT 646 647
1054 IFUNLOCK-BOARDED[P1] -> IFUNLOCK1-BOARDED 648 649
1055 ACHIEVE-SERVED2[P1] -> M23-ACHIEVE-SERVED2 651
1056 ACHIEVE-SERVED[P0] -> M22-ACHIEVE-SERVED 653 1057 682
1057 ACHIEVE-SERVED2[P0] -> <<M24-ACHIEVE-SERVED2;M24-ACHIEVE-SERVED2_splitted_4[P0];_splitting_method_M24-ACHIEVE-SERVED2_splitted_4;1;0,-1,2>;DO-SERVED-DEPART2[F19,P0];M8-DO-SERVED-DEPART2;1;0,-1,-2,-3,-4,-5,-6,2> 654 655 1058 1066 1070 1071 680 1072
1058 ACHIEVE-BOARDED[P0] -> M17-ACHIEVE-BOARDED 656 1059 669
1059 ACHIEVE-BOARDED1[P0] -> <<M19-ACHIEVE-BOARDED1;M19-ACHIEVE-BOARDED1_splitted_1[P0];_splitting_method_M19-ACHIEVE-BOARDED1_splitted_1;1;0,-1,2>;DO-BOARDED-BOARD1[F13,P0];M7-DO-BOARDED-BOARD1;1;0,-1,-2,-3,-4,2> 657 658 1060 1064 667 1065
1060 ACHIEVE-LIFT-AT[F13] -> M11-ACHIEVE-LIFT-AT 659 1061 664
1061 ACHIEVE-LIFT-AT0[F13] -> M14-ACHIEVE-LIFT-AT0 660 1062 1063
1062 M14-ACHIEVE-LIFT-AT0_splitted_3[] -> _splitting_method_M14-ACHIEVE-LIFT-AT0_splitted_3 661 662
1063 ACHIEVE-LIFT-AT0[F13] -> M12-ACHIEVE-LIFT-AT0 663
1064 IFUNLOCK-LIFT-AT[F13] -> IFUNLOCK5-LIFT-AT 665 666
1065 ACHIEVE-BOARDED1[P0] -> M18-ACHIEVE-BOARDED1 668
1066 ACHIEVE-LIFT-AT[F19] -> M11-ACHIEVE-LIFT-AT 670 1067 675
1067 ACHIEVE-LIFT-AT0[F19] -> M13-ACHIEVE-LIFT-AT0 671 1068 1069
1068 M13-ACHIEVE-LIFT-AT0_splitted_2[] -> _splitting_method_M13-ACHIEVE-LIFT-AT0_splitted_2 672 673
1069 ACHIEVE-LIFT-AT0[F19] -> M12-ACHIEVE-LIFT-AT0 674
1070 IFUNLOCK-LIFT-AT[F19] -> IFUNLOCK5-LIFT-AT 676 677
1071 IFUNLOCK-BOARDED[P0] -> IFUNLOCK1-BOARDED 678 679
1072 ACHIEVE-SERVED2[P0] -> M23-ACHIEVE-SERVED2 681
<==

RUNWATCH_RESULT EXIT RETVAL 0 TIME_SECS 6.14258 MEMPEAK_KBS 3752
