    _           _         _
   \ |         \ |       | |                       
   | |     __  | |      _| |______                
   | |     \/  | |     /_   ______\                
   | |      _  | |   __  | |  ___   ___   ___       
   | |___  | | | |  / .\ | | / , | |   \ / ·_\    
   \_____\ |_| |__\ \__/ |_| \___) |_|_| \___\  
[39mL i l o t a n e  version rls-glucose4
by Dominik Schreiber <dominik.schreiber@kit.edu> 2020-2021
using SAT solver glucose4

0.005 Parser finished.
0.005 Structures extracted.
0.005 19 operators and 12 methods created.
0.040 Mined 0 new reduction preconditions (+0.0%).
0.040 Iteration 0.
0.040 Creating initial layer of size 2
0.048 Attempting to solve formula with 3 clauses (3 literals) and 1 assumptions
0.048 Unsolvable at layer 0 -- expanding.
0.048 Iteration 1.
0.048 New layer size: 2
0.048 Instantiating ...
0.055 Collected 0 relevant facts at this layer
0.055 Encoding ...
0.056 Attempting to solve formula with 8 clauses (12 literals) and 1 assumptions
0.056 Unsolvable at layer 1 -- expanding.
0.056 Iteration 2.
0.056 New layer size: 3
0.056 Instantiating ...
0.080 Collected 4 relevant facts at this layer
0.080 Encoding ...
0.081 Attempting to solve formula with 33 clauses (61 literals) and 1 assumptions
0.081 Unsolvable at layer 2 -- expanding.
0.081 Iteration 3.
0.081 New layer size: 5
0.081 Instantiating ...
0.140 Collected 157 relevant facts at this layer
0.140 Encoding ...
0.142 Attempting to solve formula with 1171 clauses (2794 literals) and 3 assumptions
0.142 Unsolvable at layer 3 -- expanding.
0.142 Iteration 4.
0.142 New layer size: 9
0.142 Instantiating ...
0.224 Collected 290 relevant facts at this layer
0.224 Encoding ...
0.227 Attempting to solve formula with 3901 clauses (10844 literals) and 4 assumptions
0.227 Unsolvable at layer 4 -- expanding.
0.227 Iteration 5.
0.227 New layer size: 14
0.227 Instantiating ...
0.376 Collected 469 relevant facts at this layer
0.376 Encoding ...
0.384 Attempting to solve formula with 10785 clauses (31943 literals) and 6 assumptions
0.384 Unsolvable at layer 5 -- expanding.
0.384 Iteration 6.
0.384 New layer size: 25
0.384 Instantiating ...
0.650 Collected 599 relevant facts at this layer
0.650 Encoding ...
0.669 Attempting to solve formula with 28601 clauses (86410 literals) and 11 assumptions
0.669 Unsolvable at layer 6 -- expanding.
0.669 Iteration 7.
0.669 New layer size: 43
0.669 Instantiating ...
1.166 Collected 705 relevant facts at this layer
1.166 Encoding ...
1.204 Attempting to solve formula with 64551 clauses (192894 literals) and 21 assumptions
1.204 Unsolvable at layer 7 -- expanding.
1.204 Iteration 8.
1.204 New layer size: 77
1.204 Instantiating ...
2.103 Collected 729 relevant facts at this layer
2.103 Encoding ...
2.184 Attempting to solve formula with 132619 clauses (395143 literals) and 37 assumptions
2.184 Unsolvable at layer 8 -- expanding.
2.184 Iteration 9.
2.184 New layer size: 135
2.184 Instantiating ...
3.874 Collected 738 relevant facts at this layer
3.874 Encoding ...
4.006 Attempting to solve formula with 251994 clauses (750167 literals) and 64 assumptions
4.006 Unsolvable at layer 9 -- expanding.
4.006 Iteration 10.
4.006 New layer size: 240
4.006 Instantiating ...
6.865 Collected 740 relevant facts at this layer
6.865 Encoding ...
7.125 Attempting to solve formula with 466371 clauses (1396971 literals) and 114 assumptions
7.132 Unsolvable at layer 10 -- expanding.
7.132 Iteration 11.
7.132 New layer size: 424
7.132 Instantiating ...
12.369 Collected 740 relevant facts at this layer
12.369 Encoding ...
12.841 Attempting to solve formula with 852158 clauses (2556165 literals) and 199 assumptions
12.842 Unsolvable at layer 11 -- expanding.
12.842 Iteration 12.
12.842 New layer size: 746
12.842 Instantiating ...
22.116 Collected 740 relevant facts at this layer
22.116 Encoding ...
22.910 Attempting to solve formula with 1538619 clauses (4628805 literals) and 354 assumptions
23.078 Unsolvable at layer 12 -- expanding.
23.078 Iteration 13.
23.079 New layer size: 1317
23.079 Instantiating ...
39.693 Collected 740 relevant facts at this layer
39.693 Encoding ...
41.087 Attempting to solve formula with 2747799 clauses (8280857 literals) and 618 assumptions
41.089 Unsolvable at layer 13 -- expanding.
41.089 Iteration 14.
41.090 New layer size: 2320
41.090 Instantiating ...
70.414 Collected 740 relevant facts at this layer
70.414 Encoding ...
72.911 Attempting to solve formula with 4884677 clauses (14757635 literals) and 1092 assumptions
72.913 Unsolvable at layer 14 -- expanding.
72.913 Iteration 15.
72.914 New layer size: 4095
72.914 Instantiating ...
124.845 Collected 740 relevant facts at this layer
124.845 Encoding ...
129.287 Attempting to solve formula with 8668460 clauses (26235902 literals) and 1922 assumptions
129.291 Unsolvable at layer 15 -- expanding.
129.291 Iteration 16.
129.295 New layer size: 7216
129.295 Instantiating ...
220.561 Collected 740 relevant facts at this layer
220.561 Encoding ...
228.339 Attempting to solve formula with 15343054 clauses (46507580 literals) and 3392 assumptions
228.347 Unsolvable at layer 16 -- expanding.
228.347 Iteration 17.
228.355 New layer size: 12728
228.355 Instantiating ...
387.170 Collected 740 relevant facts at this layer
387.170 Encoding ...
401.440 Attempting to solve formula with 27135179 clauses (82347385 literals) and 5980 assumptions
403.366 Unsolvable at layer 17 -- expanding.
403.366 Iteration 18.
403.380 New layer size: 22447
403.380 Instantiating ...
683.962 Collected 740 relevant facts at this layer
683.962 Encoding ...
709.940 Attempting to solve formula with 47963708 clauses (145661862 literals) and 10552 assumptions
768.200 Unsolvable at layer 18 -- expanding.
768.200 Iteration 19.
768.223 New layer size: 39602
768.223 Instantiating ...
978.033 Termination signal caught.
978.034 Total amount of clauses encoded: 47963708
978.034 - directframeaxioms : 29855132 cls
978.034 - indirectframeaxioms : 7331508 cls
978.034 - qfactsemantics : 5396112 cls
978.034 - reductionconstraints : 3163228 cls
978.034 - actionconstraints : 671961 cls
978.034 - substitutionconstraints : 514104 cls
978.034 - atmostoneelement : 308947 cls
978.034 - qconstequality : 297564 cls
978.034 - expansions : 205121 cls
978.034 - predecessors : 174433 cls
978.034 - actioneffects : 44856 cls
978.034 - truefacts : 740 cls
978.034 - axiomaticops : 2 cls
978.034 # instantiated positions: 69049
978.034 # instantiated actions: 149049
978.034 # instantiated reductions: 83613
978.034 # introduced pseudo-constants: 73692
978.034 # retroactive prunings: 0
978.034 # retroactively pruned operations: 0
978.034 # dominated operations: 959
978.034 # total invalid rigid preconditions found in getPFC: 27134
978.034 # invalid rigid preconditions found in getPFC: 17715
978.034 # invalid rigid preconditions found in getPFC in varrestrictions: 9419
978.034 # total invalid fluent preconditions found in getPFC: 209
978.034 # invalid fluent preconditions found in getPFC: 208
978.034 # invalid fluent preconditions found in getPFC in varrestrictions: 0
978.034 # invalid fluent preconditions found in getPFC via postconditions: 1
978.034 # invalid subtasks found in getPFC: 0
978.034 # number effects in operation fact_frames: 138
978.034 Exiting happily.

RUNWATCH_RESULT MEMOUT RETVAL 0 TIME_SECS 979.089 MEMPEAK_KBS 16003792
