    _           _         _
   \ |         \ |       | |                       
   | |     __  | |      _| |______                
   | |     \/  | |     /_   ______\                
   | |      _  | |   __  | |  ___   ___   ___       
   | |___  | | | |  / .\ | | / , | |   \ / ·_\    
   \_____\ |_| |__\ \__/ |_| \___) |_|_| \___\  
[39mL i l o t a n e  version rls-glucose4
by Dominik Schreiber <dominik.schreiber@kit.edu> 2020-2021
using SAT solver glucose4

0.020 Parser finished.
0.021 Structures extracted.
0.022 72 operators and 56 methods created.
0.055 Mined 27 new reduction preconditions (+39.7%).
0.055 Iteration 0.
0.055 Creating initial layer of size 2
0.072 Attempting to solve formula with 3 clauses (3 literals) and 1 assumptions
0.072 Unsolvable at layer 0 -- expanding.
0.072 Iteration 1.
0.072 New layer size: 42
0.072 Instantiating ...
0.572 Collected 120 relevant facts at this layer
0.572 Encoding ...
0.646 Attempting to solve formula with 10408 clauses (30452 literals) and 41 assumptions
0.646 Unsolvable at layer 1 -- expanding.
0.646 Iteration 2.
0.646 New layer size: 83
0.646 Instantiating ...
2.100 Collected 1201 relevant facts at this layer
2.100 Encoding ...
2.281 Attempting to solve formula with 150261 clauses (408678 literals) and 41 assumptions
2.281 Unsolvable at layer 2 -- expanding.
2.281 Iteration 3.
2.281 New layer size: 124
2.281 Instantiating ...
5.079 Collected 1940 relevant facts at this layer
5.079 Encoding ...
5.332 Attempting to solve formula with 295676 clauses (804301 literals) and 82 assumptions
5.332 Unsolvable at layer 3 -- expanding.
5.332 Iteration 4.
5.332 New layer size: 165
5.332 Instantiating ...
5.337 Retroactively prune reduction (_splitting_method_DO-AT-LOAD-AIRPLANE0_splitted_2 OBJ101 Q_3,0_AIRPLANE:0_69dc7fbd856405d5 POS10)@(3,0): no children at offset 0
5.382 Retroactively prune reduction (M15-ACHIEVE-AT0 Q_3,1_AIRPLANE:0_69dc7fbd856405d5 OBJ101 POS12)@(3,1): no children at offset 0
8.662 Collected 1967 relevant facts at this layer
8.662 Encoding ...
8.995 Attempting to solve formula with 481665 clauses (1293560 literals) and 123 assumptions
8.995 Unsolvable at layer 4 -- expanding.
8.995 Iteration 5.
8.995 New layer size: 288
8.995 Instantiating ...
13.208 Collected 4559 relevant facts at this layer
13.208 Encoding ...
14.611 Attempting to solve formula with 1670844 clauses (5166749 literals) and 164 assumptions
14.612 Unsolvable at layer 5 -- expanding.
14.612 Iteration 6.
14.612 New layer size: 452
14.612 Instantiating ...
20.155 Collected 4559 relevant facts at this layer
20.155 Encoding ...
22.804 Attempting to solve formula with 3767991 clauses (12205283 literals) and 205 assumptions
22.806 Unsolvable at layer 6 -- expanding.
22.806 Iteration 7.
22.806 New layer size: 657
22.806 Instantiating ...
29.862 Collected 4559 relevant facts at this layer
29.862 Encoding ...
33.796 Attempting to solve formula with 6603196 clauses (21867501 literals) and 246 assumptions
40.164 Unsolvable at layer 7 -- expanding.
40.164 Iteration 8.
40.164 New layer size: 903
40.164 Instantiating ...
48.578 Collected 4559 relevant facts at this layer
48.578 Encoding ...
54.077 Attempting to solve formula with 10142746 clauses (34117131 literals) and 287 assumptions
54.320 Unsolvable at layer 8 -- expanding.
54.320 Iteration 9.
54.320 New layer size: 1190
54.320 Instantiating ...
64.408 Collected 4559 relevant facts at this layer
64.408 Encoding ...
71.666 Attempting to solve formula with 14313121 clauses (48587787 literals) and 328 assumptions
71.970 Unsolvable at layer 9 -- expanding.
71.970 Iteration 10.
71.970 New layer size: 1518
71.970 Instantiating ...
83.895 Collected 4559 relevant facts at this layer
83.895 Encoding ...
92.992 Attempting to solve formula with 19112694 clauses (65270592 literals) and 369 assumptions
93.447 Unsolvable at layer 10 -- expanding.
93.447 Iteration 11.
93.447 New layer size: 1887
93.447 Instantiating ...
107.376 Collected 4559 relevant facts at this layer
107.376 Encoding ...
118.226 Attempting to solve formula with 24541469 clauses (84163821 literals) and 410 assumptions
120.196 Unsolvable at layer 11 -- expanding.
120.196 Iteration 12.
120.197 New layer size: 2297
120.197 Instantiating ...
136.390 Collected 4559 relevant facts at this layer
136.390 Encoding ...
150.544 Attempting to solve formula with 30600307 clauses (105269183 literals) and 451 assumptions
c
c Try to adapt solver strategies
c 
c Nothing extreme in this problem, continue with glucose default strategies.
c
1801.905 Termination signal caught.
1801.905 Total amount of clauses encoded: 30600307
1801.905 - directframeaxioms : 12546554 cls
1801.905 - qfactsemantics : 7429627 cls
1801.905 - indirectframeaxioms : 7235803 cls
1801.905 - reductionconstraints : 2620738 cls
1801.905 - atmostoneelement : 237708 cls
1801.905 - actionconstraints : 161634 cls
1801.905 - qconstequality : 108024 cls
1801.905 - substitutionconstraints : 104695 cls
1801.905 - expansions : 66209 cls
1801.905 - predecessors : 63874 cls
1801.905 - actioneffects : 14382 cls
1801.905 - qtypeconstraints : 6495 cls
1801.905 - truefacts : 4559 cls
1801.905 - forbiddenoperations : 3 cls
1801.905 - axiomaticops : 2 cls
1801.905 # instantiated positions: 9607
1801.905 # instantiated actions: 49521
1801.905 # instantiated reductions: 14354
1801.905 # introduced pseudo-constants: 7884
1801.905 # retroactive prunings: 4
1801.905 # retroactively pruned operations: 5
1801.905 # dominated operations: 0
1801.905 # total invalid rigid preconditions found in getPFC: 0
1801.905 # invalid rigid preconditions found in getPFC: 0
1801.905 # invalid rigid preconditions found in getPFC in varrestrictions: 0
1801.905 # total invalid fluent preconditions found in getPFC: 119
1801.905 # invalid fluent preconditions found in getPFC: 37
1801.905 # invalid fluent preconditions found in getPFC in varrestrictions: 82
1801.905 # invalid fluent preconditions found in getPFC via postconditions: 0
1801.905 # invalid subtasks found in getPFC: 0
1801.905 # number effects in operation fact_frames: 724
1801.905 # number of variables restricted: 578721
1801.905 Exiting happily.

RUNWATCH_RESULT TIMEOUT RETVAL 0 TIME_SECS 1802.63 MEMPEAK_KBS 13109740
