    _           _         _
   \ |         \ |       | |                       
   | |     __  | |      _| |______                
   | |     \/  | |     /_   ______\                
   | |      _  | |   __  | |  ___   ___   ___       
   | |___  | | | |  / .\ | | / , | |   \ / ·_\    
   \_____\ |_| |__\ \__/ |_| \___) |_|_| \___\  
[39mL i l o t a n e  version rls-glucose4
by Dominik Schreiber <dominik.schreiber@kit.edu> 2020-2021
using SAT solver glucose4

0.009 Parser finished.
0.010 Structures extracted.
0.010 20 operators and 16 methods created.
0.017 Mined 11 new reduction preconditions (+13.8%).
0.018 Iteration 0.
0.018 Creating initial layer of size 2
0.036 Attempting to solve formula with 123 clauses (183 literals) and 1 assumptions
0.036 Unsolvable at layer 0 -- expanding.
0.036 Iteration 1.
0.036 New layer size: 6
0.036 Instantiating ...
0.239 Collected 2700 relevant facts at this layer
0.239 Encoding ...
0.279 Attempting to solve formula with 47962 clauses (145031 literals) and 5 assumptions
0.280 Unsolvable at layer 1 -- expanding.
0.280 Iteration 2.
0.280 New layer size: 11
0.280 Instantiating ...
0.659 Collected 2913 relevant facts at this layer
0.659 Encoding ...
0.780 Attempting to solve formula with 172641 clauses (562456 literals) and 5 assumptions
0.780 Unsolvable at layer 2 -- expanding.
0.780 Iteration 3.
0.780 New layer size: 26
0.780 Instantiating ...
1.507 Collected 2955 relevant facts at this layer
1.507 Encoding ...
1.812 Attempting to solve formula with 434603 clauses (1451843 literals) and 10 assumptions
1.827 Unsolvable at layer 3 -- expanding.
1.827 Iteration 4.
1.827 New layer size: 46
1.827 Instantiating ...
3.088 Collected 2955 relevant facts at this layer
3.088 Encoding ...
3.623 Attempting to solve formula with 846037 clauses (2852131 literals) and 15 assumptions
3.638 Unsolvable at layer 4 -- expanding.
3.638 Iteration 5.
3.638 New layer size: 81
3.638 Instantiating ...
5.765 Collected 2955 relevant facts at this layer
5.765 Encoding ...
6.772 Attempting to solve formula with 1538801 clauses (5215869 literals) and 25 assumptions
6.858 Unsolvable at layer 5 -- expanding.
6.858 Iteration 6.
6.858 New layer size: 136
6.858 Instantiating ...
10.387 Collected 2955 relevant facts at this layer
10.387 Encoding ...
12.061 Attempting to solve formula with 2659433 clauses (9042946 literals) and 40 assumptions
12.174 Unsolvable at layer 6 -- expanding.
12.174 Iteration 7.
12.174 New layer size: 226
12.174 Instantiating ...
18.034 Collected 2955 relevant facts at this layer
18.034 Encoding ...
20.987 Attempting to solve formula with 4489214 clauses (15296460 literals) and 65 assumptions
21.221 Unsolvable at layer 7 -- expanding.
21.221 Iteration 8.
21.221 New layer size: 371
21.221 Instantiating ...
30.715 Collected 2955 relevant facts at this layer
30.715 Encoding ...
35.337 Attempting to solve formula with 7456011 clauses (25439747 literals) and 105 assumptions
35.769 Unsolvable at layer 8 -- expanding.
35.769 Iteration 9.
35.769 New layer size: 606
35.769 Instantiating ...
51.535 Collected 2955 relevant facts at this layer
51.535 Encoding ...
58.886 Attempting to solve formula with 12268973 clauses (41899244 literals) and 170 assumptions
59.924 Unsolvable at layer 9 -- expanding.
59.924 Iteration 10.
59.925 New layer size: 986
59.925 Instantiating ...
85.915 Collected 2955 relevant facts at this layer
85.915 Encoding ...
98.803 Attempting to solve formula with 20065116 clauses (68564724 literals) and 275 assumptions
102.143 Unsolvable at layer 10 -- expanding.
102.143 Iteration 11.
102.144 New layer size: 1601
102.144 Instantiating ...
143.793 Collected 2955 relevant facts at this layer
143.793 Encoding ...
164.022 Attempting to solve formula with 32690605 clauses (111752397 literals) and 445 assumptions
171.166 Unsolvable at layer 11 -- expanding.
171.166 Iteration 12.
171.168 New layer size: 2596
171.168 Instantiating ...
240.000 Termination signal caught.
240.000 Total amount of clauses encoded: 32690605
240.000 - directframeaxioms : 12974580 cls
240.000 - qfactsemantics : 8447537 cls
240.000 - indirectframeaxioms : 6567837 cls
240.000 - reductionconstraints : 3979334 cls
240.000 - actionconstraints : 273384 cls
240.000 - qconstequality : 173242 cls
240.000 - substitutionconstraints : 127097 cls
240.000 - atmostoneelement : 76186 cls
240.000 - expansions : 29442 cls
240.000 - predecessors : 24818 cls
240.000 - actioneffects : 14191 cls
240.000 - truefacts : 2955 cls
240.000 - axiomaticops : 2 cls
240.000 # instantiated positions: 6610
240.000 # instantiated actions: 27355
240.000 # instantiated reductions: 12712
240.000 # introduced pseudo-constants: 6001
240.000 # retroactive prunings: 0
240.000 # retroactively pruned operations: 0
240.000 # dominated operations: 2
240.000 # total invalid rigid preconditions found in getPFC: 0
240.000 # invalid rigid preconditions found in getPFC: 0
240.000 # invalid rigid preconditions found in getPFC in varrestrictions: 0
240.000 # total invalid fluent preconditions found in getPFC: 0
240.000 # invalid fluent preconditions found in getPFC: 0
240.000 # invalid fluent preconditions found in getPFC in varrestrictions: 0
240.000 # invalid fluent preconditions found in getPFC via postconditions: 0
240.000 # invalid operations found in getPFC via subtasks: 0
240.000 # invalid operations found in getPFC via postconditions: 0
240.000 # number effects in operation fact_frames: 232
240.000 # number of variables restricted: 0
240.000 # number of nodes variables restricted: 0
240.000 Exiting happily.

RUNWATCH_RESULT MEMOUT RETVAL 0 TIME_SECS 240.867 MEMPEAK_KBS 16093024
