    _           _         _
   \ |         \ |       | |                       
   | |     __  | |      _| |______                
   | |     \/  | |     /_   ______\                
   | |      _  | |   __  | |  ___   ___   ___       
   | |___  | | | |  / .\ | | / , | |   \ / ·_\    
   \_____\ |_| |__\ \__/ |_| \___) |_|_| \___\  
[39mL i l o t a n e  version rls-glucose4
by Dominik Schreiber <dominik.schreiber@kit.edu> 2020-2021
using SAT solver glucose4

0.007 Parser finished.
0.007 Structures extracted.
0.008 20 operators and 16 methods created.
0.115 Mined 11 new reduction preconditions (+15.7%).
0.115 Iteration 0.
0.115 Creating initial layer of size 2
0.128 Attempting to solve formula with 93 clauses (138 literals) and 1 assumptions
0.128 Unsolvable at layer 0 -- expanding.
0.128 Iteration 1.
0.128 New layer size: 3
0.128 Instantiating ...
0.766 Collected 1760 relevant facts at this layer
0.766 Encoding ...
0.776 Attempting to solve formula with 14090 clauses (33866 literals) and 2 assumptions
0.776 Unsolvable at layer 1 -- expanding.
0.776 Iteration 2.
0.776 New layer size: 5
0.776 Instantiating ...
3.102 Collected 1806 relevant facts at this layer
3.102 Encoding ...
3.127 Attempting to solve formula with 47949 clauses (127997 literals) and 2 assumptions
3.127 Unsolvable at layer 2 -- expanding.
3.127 Iteration 3.
3.127 New layer size: 11
3.127 Instantiating ...
5.188 Collected 1842 relevant facts at this layer
5.188 Encoding ...
5.263 Attempting to solve formula with 127786 clauses (362484 literals) and 4 assumptions
5.265 Unsolvable at layer 3 -- expanding.
5.265 Iteration 4.
5.265 New layer size: 19
5.265 Instantiating ...
8.685 Collected 1842 relevant facts at this layer
8.685 Encoding ...
8.830 Attempting to solve formula with 261120 clauses (756185 literals) and 6 assumptions
8.835 Unsolvable at layer 4 -- expanding.
8.835 Iteration 5.
8.835 New layer size: 33
8.835 Instantiating ...
14.322 Collected 1842 relevant facts at this layer
14.322 Encoding ...
14.599 Attempting to solve formula with 487706 clauses (1432570 literals) and 10 assumptions
14.631 Unsolvable at layer 5 -- expanding.
14.631 Iteration 6.
14.631 New layer size: 55
14.631 Instantiating ...
23.641 Collected 1842 relevant facts at this layer
23.641 Encoding ...
24.114 Attempting to solve formula with 858973 clauses (2544269 literals) and 16 assumptions
24.192 Unsolvable at layer 6 -- expanding.
24.192 Iteration 7.
24.192 New layer size: 91
24.192 Instantiating ...
38.928 Collected 1842 relevant facts at this layer
38.928 Encoding ...
39.710 Attempting to solve formula with 1468104 clauses (4373563 literals) and 26 assumptions
39.871 Unsolvable at layer 7 -- expanding.
39.871 Iteration 8.
39.871 New layer size: 149
39.871 Instantiating ...
63.411 Collected 1842 relevant facts at this layer
63.411 Encoding ...
64.534 Attempting to solve formula with 2459779 clauses (7355763 literals) and 42 assumptions
64.764 Unsolvable at layer 8 -- expanding.
64.764 Iteration 9.
64.764 New layer size: 243
64.764 Instantiating ...
102.822 Collected 1842 relevant facts at this layer
102.822 Encoding ...
104.675 Attempting to solve formula with 4071862 clauses (12208464 literals) and 68 assumptions
105.031 Unsolvable at layer 9 -- expanding.
105.031 Iteration 10.
105.031 New layer size: 395
105.031 Instantiating ...
167.097 Collected 1842 relevant facts at this layer
167.097 Encoding ...
170.046 Attempting to solve formula with 6686897 clauses (20084572 literals) and 110 assumptions
170.749 Unsolvable at layer 10 -- expanding.
170.749 Iteration 11.
170.749 New layer size: 641
170.749 Instantiating ...
271.239 Collected 1842 relevant facts at this layer
271.239 Encoding ...
276.274 Attempting to solve formula with 10925292 clauses (32854588 literals) and 178 assumptions
278.768 Unsolvable at layer 11 -- expanding.
278.768 Iteration 12.
278.768 New layer size: 1039
278.768 Instantiating ...
442.443 Collected 1842 relevant facts at this layer
442.443 Encoding ...
451.233 Attempting to solve formula with 17789999 clauses (53541919 literals) and 288 assumptions
456.689 Unsolvable at layer 12 -- expanding.
456.689 Iteration 13.
456.690 New layer size: 1683
456.690 Instantiating ...
722.731 Collected 1842 relevant facts at this layer
722.731 Encoding ...
738.010 Attempting to solve formula with 28904378 clauses (87040473 literals) and 466 assumptions
752.037 Unsolvable at layer 13 -- expanding.
752.037 Iteration 14.
752.038 New layer size: 2725
752.038 Instantiating ...
1185.543 Collected 1842 relevant facts at this layer
1185.543 Encoding ...
1211.786 Attempting to solve formula with 46894741 clauses (141267565 literals) and 754 assumptions
1245.579 Unsolvable at layer 14 -- expanding.
1245.579 Iteration 15.
1245.583 New layer size: 4411
1245.583 Instantiating ...
1800.219 Termination signal caught.
1800.219 Total amount of clauses encoded: 46894741
1800.219 - reductionconstraints : 14704990 cls
1800.219 - directframeaxioms : 14135234 cls
1800.219 - qfactsemantics : 9293316 cls
1800.219 - indirectframeaxioms : 7116653 cls
1800.219 - actionconstraints : 966610 cls
1800.219 - qconstequality : 236402 cls
1800.219 - substitutionconstraints : 189928 cls
1800.219 - atmostoneelement : 131720 cls
1800.219 - expansions : 50899 cls
1800.219 - predecessors : 42936 cls
1800.219 - actioneffects : 24209 cls
1800.219 - truefacts : 1842 cls
1800.219 - axiomaticops : 2 cls
1800.219 # instantiated positions: 10210
1800.219 # instantiated actions: 42442
1800.219 # instantiated reductions: 19412
1800.219 # introduced pseudo-constants: 8379
1800.219 # retroactive prunings: 0
1800.219 # retroactively pruned operations: 0
1800.219 # dominated operations: 2
1800.219 # total invalid rigid preconditions found in getPFC: 0
1800.219 # invalid rigid preconditions found in getPFC: 0
1800.219 # invalid rigid preconditions found in getPFC in varrestrictions: 0
1800.219 # total invalid fluent preconditions found in getPFC: 66
1800.219 # invalid fluent preconditions found in getPFC: 60
1800.219 # invalid fluent preconditions found in getPFC in varrestrictions: 6
1800.219 # invalid fluent preconditions found in getPFC via postconditions: 0
1800.219 # invalid subtasks found in getPFC: 0
1800.219 # number effects in operation fact_frames: 226
1800.219 # number of variables restricted: 70215843
1800.219 # number of nodes variables restricted: 10442369
1800.219 Exiting happily.

RUNWATCH_RESULT TIMEOUT RETVAL 0 TIME_SECS 1801.1 MEMPEAK_KBS 13892992
