    _           _         _
   \ |         \ |       | |                       
   | |     __  | |      _| |______                
   | |     \/  | |     /_   ______\                
   | |      _  | |   __  | |  ___   ___   ___       
   | |___  | | | |  / .\ | | / , | |   \ / ·_\    
   \_____\ |_| |__\ \__/ |_| \___) |_|_| \___\  
[39mL i l o t a n e  version rls-glucose4
by Dominik Schreiber <dominik.schreiber@kit.edu> 2020-2021
using SAT solver glucose4

0.032 Parser finished.
0.032 Structures extracted.
0.033 19 operators and 15 methods created.
0.044 Mined 11 new reduction preconditions (+6.1%).
0.044 Iteration 0.
0.044 Creating initial layer of size 2
ROBIN_HOOD OVERFLOW
0.193 Attempting to solve formula with 321 clauses (480 literals) and 1 assumptions
0.193 Unsolvable at layer 0 -- expanding.
0.193 Iteration 1.
0.193 New layer size: 2
0.193 Instantiating ...
ROBIN_HOOD OVERFLOW
ROBIN_HOOD OVERFLOW
0.466 Collected 159 relevant facts at this layer
0.466 Encoding ...
0.488 Attempting to solve formula with 1986 clauses (5064 literals) and 1 assumptions
0.490 Unsolvable at layer 1 -- expanding.
0.490 Iteration 2.
0.491 New layer size: 3
0.491 Instantiating ...
ROBIN_HOOD OVERFLOW
ROBIN_HOOD OVERFLOW
ROBIN_HOOD OVERFLOW
ROBIN_HOOD OVERFLOW
ROBIN_HOOD OVERFLOW
ROBIN_HOOD OVERFLOW
ROBIN_HOOD OVERFLOW
1.314 Collected 476 relevant facts at this layer
1.314 Encoding ...
1.345 Attempting to solve formula with 17805 clauses (51049 literals) and 1 assumptions
1.347 Unsolvable at layer 2 -- expanding.
1.347 Iteration 3.
1.348 New layer size: 6
1.348 Instantiating ...
ROBIN_HOOD OVERFLOW
ROBIN_HOOD OVERFLOW
ROBIN_HOOD OVERFLOW
ROBIN_HOOD OVERFLOW
ROBIN_HOOD OVERFLOW
ROBIN_HOOD OVERFLOW
ROBIN_HOOD OVERFLOW
ROBIN_HOOD OVERFLOW
ROBIN_HOOD OVERFLOW
ROBIN_HOOD OVERFLOW
ROBIN_HOOD OVERFLOW
ROBIN_HOOD OVERFLOW
ROBIN_HOOD OVERFLOW
ROBIN_HOOD OVERFLOW
ROBIN_HOOD OVERFLOW
3.205 Collected 23242 relevant facts at this layer
3.205 Encoding ...
3.582 Attempting to solve formula with 330308 clauses (1092451 literals) and 3 assumptions
3.602 Unsolvable at layer 3 -- expanding.
3.602 Iteration 4.
3.602 New layer size: 11
3.602 Instantiating ...
ROBIN_HOOD OVERFLOW
ROBIN_HOOD OVERFLOW
ROBIN_HOOD OVERFLOW
ROBIN_HOOD OVERFLOW
ROBIN_HOOD OVERFLOW
ROBIN_HOOD OVERFLOW
ROBIN_HOOD OVERFLOW
ROBIN_HOOD OVERFLOW
ROBIN_HOOD OVERFLOW
ROBIN_HOOD OVERFLOW
ROBIN_HOOD OVERFLOW
ROBIN_HOOD OVERFLOW
ROBIN_HOOD OVERFLOW
ROBIN_HOOD OVERFLOW
ROBIN_HOOD OVERFLOW
ROBIN_HOOD OVERFLOW
ROBIN_HOOD OVERFLOW
ROBIN_HOOD OVERFLOW
ROBIN_HOOD OVERFLOW
ROBIN_HOOD OVERFLOW
ROBIN_HOOD OVERFLOW
ROBIN_HOOD OVERFLOW
ROBIN_HOOD OVERFLOW
ROBIN_HOOD OVERFLOW
ROBIN_HOOD OVERFLOW
ROBIN_HOOD OVERFLOW
ROBIN_HOOD OVERFLOW
ROBIN_HOOD OVERFLOW
ROBIN_HOOD OVERFLOW
7.517 Collected 23242 relevant facts at this layer
7.517 Encoding ...
8.474 Attempting to solve formula with 1118623 clauses (3924855 literals) and 5 assumptions
8.508 Unsolvable at layer 4 -- expanding.
8.508 Iteration 5.
8.508 New layer size: 22
8.508 Instantiating ...
ROBIN_HOOD OVERFLOW
ROBIN_HOOD OVERFLOW
ROBIN_HOOD OVERFLOW
ROBIN_HOOD OVERFLOW
ROBIN_HOOD OVERFLOW
ROBIN_HOOD OVERFLOW
ROBIN_HOOD OVERFLOW
ROBIN_HOOD OVERFLOW
ROBIN_HOOD OVERFLOW
ROBIN_HOOD OVERFLOW
ROBIN_HOOD OVERFLOW
ROBIN_HOOD OVERFLOW
ROBIN_HOOD OVERFLOW
ROBIN_HOOD OVERFLOW
ROBIN_HOOD OVERFLOW
ROBIN_HOOD OVERFLOW
ROBIN_HOOD OVERFLOW
ROBIN_HOOD OVERFLOW
ROBIN_HOOD OVERFLOW
ROBIN_HOOD OVERFLOW
ROBIN_HOOD OVERFLOW
ROBIN_HOOD OVERFLOW
ROBIN_HOOD OVERFLOW
ROBIN_HOOD OVERFLOW
ROBIN_HOOD OVERFLOW
ROBIN_HOOD OVERFLOW
ROBIN_HOOD OVERFLOW
ROBIN_HOOD OVERFLOW
ROBIN_HOOD OVERFLOW
ROBIN_HOOD OVERFLOW
ROBIN_HOOD OVERFLOW
ROBIN_HOOD OVERFLOW
ROBIN_HOOD OVERFLOW
ROBIN_HOOD OVERFLOW
ROBIN_HOOD OVERFLOW
ROBIN_HOOD OVERFLOW
ROBIN_HOOD OVERFLOW
ROBIN_HOOD OVERFLOW
ROBIN_HOOD OVERFLOW
ROBIN_HOOD OVERFLOW
ROBIN_HOOD OVERFLOW
ROBIN_HOOD OVERFLOW
ROBIN_HOOD OVERFLOW
ROBIN_HOOD OVERFLOW
ROBIN_HOOD OVERFLOW
ROBIN_HOOD OVERFLOW
ROBIN_HOOD OVERFLOW
ROBIN_HOOD OVERFLOW
ROBIN_HOOD OVERFLOW
ROBIN_HOOD OVERFLOW
ROBIN_HOOD OVERFLOW
ROBIN_HOOD OVERFLOW
ROBIN_HOOD OVERFLOW
ROBIN_HOOD OVERFLOW
ROBIN_HOOD OVERFLOW
ROBIN_HOOD OVERFLOW
ROBIN_HOOD OVERFLOW
ROBIN_HOOD OVERFLOW
ROBIN_HOOD OVERFLOW
16.645 Collected 23242 relevant facts at this layer
16.645 Encoding ...
18.844 Attempting to solve formula with 2817250 clauses (10036928 literals) and 11 assumptions
18.870 Unsolvable at layer 5 -- expanding.
18.870 Iteration 6.
18.870 New layer size: 43
18.870 Instantiating ...
ROBIN_HOOD OVERFLOW
ROBIN_HOOD OVERFLOW
ROBIN_HOOD OVERFLOW
ROBIN_HOOD OVERFLOW
ROBIN_HOOD OVERFLOW
ROBIN_HOOD OVERFLOW
ROBIN_HOOD OVERFLOW
ROBIN_HOOD OVERFLOW
ROBIN_HOOD OVERFLOW
ROBIN_HOOD OVERFLOW
ROBIN_HOOD OVERFLOW
ROBIN_HOOD OVERFLOW
ROBIN_HOOD OVERFLOW
ROBIN_HOOD OVERFLOW
ROBIN_HOOD OVERFLOW
ROBIN_HOOD OVERFLOW
ROBIN_HOOD OVERFLOW
ROBIN_HOOD OVERFLOW
ROBIN_HOOD OVERFLOW
ROBIN_HOOD OVERFLOW
ROBIN_HOOD OVERFLOW
ROBIN_HOOD OVERFLOW
ROBIN_HOOD OVERFLOW
ROBIN_HOOD OVERFLOW
ROBIN_HOOD OVERFLOW
ROBIN_HOOD OVERFLOW
ROBIN_HOOD OVERFLOW
ROBIN_HOOD OVERFLOW
ROBIN_HOOD OVERFLOW
ROBIN_HOOD OVERFLOW
ROBIN_HOOD OVERFLOW
ROBIN_HOOD OVERFLOW
ROBIN_HOOD OVERFLOW
ROBIN_HOOD OVERFLOW
ROBIN_HOOD OVERFLOW
ROBIN_HOOD OVERFLOW
ROBIN_HOOD OVERFLOW
ROBIN_HOOD OVERFLOW
ROBIN_HOOD OVERFLOW
ROBIN_HOOD OVERFLOW
ROBIN_HOOD OVERFLOW
ROBIN_HOOD OVERFLOW
ROBIN_HOOD OVERFLOW
ROBIN_HOOD OVERFLOW
ROBIN_HOOD OVERFLOW
ROBIN_HOOD OVERFLOW
ROBIN_HOOD OVERFLOW
ROBIN_HOOD OVERFLOW
ROBIN_HOOD OVERFLOW
ROBIN_HOOD OVERFLOW
ROBIN_HOOD OVERFLOW
ROBIN_HOOD OVERFLOW
ROBIN_HOOD OVERFLOW
ROBIN_HOOD OVERFLOW
ROBIN_HOOD OVERFLOW
ROBIN_HOOD OVERFLOW
ROBIN_HOOD OVERFLOW
ROBIN_HOOD OVERFLOW
ROBIN_HOOD OVERFLOW
ROBIN_HOOD OVERFLOW
ROBIN_HOOD OVERFLOW
ROBIN_HOOD OVERFLOW
ROBIN_HOOD OVERFLOW
ROBIN_HOOD OVERFLOW
ROBIN_HOOD OVERFLOW
ROBIN_HOOD OVERFLOW
ROBIN_HOOD OVERFLOW
ROBIN_HOOD OVERFLOW
ROBIN_HOOD OVERFLOW
ROBIN_HOOD OVERFLOW
ROBIN_HOOD OVERFLOW
ROBIN_HOOD OVERFLOW
ROBIN_HOOD OVERFLOW
ROBIN_HOOD OVERFLOW
ROBIN_HOOD OVERFLOW
ROBIN_HOOD OVERFLOW
ROBIN_HOOD OVERFLOW
ROBIN_HOOD OVERFLOW
ROBIN_HOOD OVERFLOW
ROBIN_HOOD OVERFLOW
ROBIN_HOOD OVERFLOW
ROBIN_HOOD OVERFLOW
ROBIN_HOOD OVERFLOW
ROBIN_HOOD OVERFLOW
ROBIN_HOOD OVERFLOW
ROBIN_HOOD OVERFLOW
ROBIN_HOOD OVERFLOW
ROBIN_HOOD OVERFLOW
ROBIN_HOOD OVERFLOW
ROBIN_HOOD OVERFLOW
ROBIN_HOOD OVERFLOW
ROBIN_HOOD OVERFLOW
ROBIN_HOOD OVERFLOW
ROBIN_HOOD OVERFLOW
ROBIN_HOOD OVERFLOW
ROBIN_HOOD OVERFLOW
ROBIN_HOOD OVERFLOW
ROBIN_HOOD OVERFLOW
ROBIN_HOOD OVERFLOW
ROBIN_HOOD OVERFLOW
ROBIN_HOOD OVERFLOW
ROBIN_HOOD OVERFLOW
ROBIN_HOOD OVERFLOW
ROBIN_HOOD OVERFLOW
ROBIN_HOOD OVERFLOW
ROBIN_HOOD OVERFLOW
ROBIN_HOOD OVERFLOW
ROBIN_HOOD OVERFLOW
ROBIN_HOOD OVERFLOW
ROBIN_HOOD OVERFLOW
ROBIN_HOOD OVERFLOW
ROBIN_HOOD OVERFLOW
ROBIN_HOOD OVERFLOW
ROBIN_HOOD OVERFLOW
ROBIN_HOOD OVERFLOW
ROBIN_HOOD OVERFLOW
ROBIN_HOOD OVERFLOW
35.524 Collected 23242 relevant facts at this layer
35.524 Encoding ...
40.386 Attempting to solve formula with 6412202 clauses (23010966 literals) and 21 assumptions
40.441 Unsolvable at layer 6 -- expanding.
40.441 Iteration 7.
40.441 New layer size: 86
40.441 Instantiating ...
ROBIN_HOOD OVERFLOW
ROBIN_HOOD OVERFLOW
ROBIN_HOOD OVERFLOW
ROBIN_HOOD OVERFLOW
ROBIN_HOOD OVERFLOW
ROBIN_HOOD OVERFLOW
ROBIN_HOOD OVERFLOW
ROBIN_HOOD OVERFLOW
ROBIN_HOOD OVERFLOW
ROBIN_HOOD OVERFLOW
ROBIN_HOOD OVERFLOW
ROBIN_HOOD OVERFLOW
ROBIN_HOOD OVERFLOW
ROBIN_HOOD OVERFLOW
ROBIN_HOOD OVERFLOW
ROBIN_HOOD OVERFLOW
ROBIN_HOOD OVERFLOW
ROBIN_HOOD OVERFLOW
ROBIN_HOOD OVERFLOW
ROBIN_HOOD OVERFLOW
ROBIN_HOOD OVERFLOW
ROBIN_HOOD OVERFLOW
ROBIN_HOOD OVERFLOW
ROBIN_HOOD OVERFLOW
ROBIN_HOOD OVERFLOW
ROBIN_HOOD OVERFLOW
ROBIN_HOOD OVERFLOW
ROBIN_HOOD OVERFLOW
ROBIN_HOOD OVERFLOW
ROBIN_HOOD OVERFLOW
ROBIN_HOOD OVERFLOW
ROBIN_HOOD OVERFLOW
ROBIN_HOOD OVERFLOW
ROBIN_HOOD OVERFLOW
ROBIN_HOOD OVERFLOW
ROBIN_HOOD OVERFLOW
ROBIN_HOOD OVERFLOW
ROBIN_HOOD OVERFLOW
ROBIN_HOOD OVERFLOW
ROBIN_HOOD OVERFLOW
ROBIN_HOOD OVERFLOW
ROBIN_HOOD OVERFLOW
ROBIN_HOOD OVERFLOW
ROBIN_HOOD OVERFLOW
ROBIN_HOOD OVERFLOW
ROBIN_HOOD OVERFLOW
ROBIN_HOOD OVERFLOW
ROBIN_HOOD OVERFLOW
ROBIN_HOOD OVERFLOW
ROBIN_HOOD OVERFLOW
ROBIN_HOOD OVERFLOW
ROBIN_HOOD OVERFLOW
ROBIN_HOOD OVERFLOW
ROBIN_HOOD OVERFLOW
ROBIN_HOOD OVERFLOW
ROBIN_HOOD OVERFLOW
ROBIN_HOOD OVERFLOW
ROBIN_HOOD OVERFLOW
ROBIN_HOOD OVERFLOW
ROBIN_HOOD OVERFLOW
ROBIN_HOOD OVERFLOW
ROBIN_HOOD OVERFLOW
ROBIN_HOOD OVERFLOW
ROBIN_HOOD OVERFLOW
ROBIN_HOOD OVERFLOW
ROBIN_HOOD OVERFLOW
ROBIN_HOOD OVERFLOW
ROBIN_HOOD OVERFLOW
ROBIN_HOOD OVERFLOW
ROBIN_HOOD OVERFLOW
ROBIN_HOOD OVERFLOW
ROBIN_HOOD OVERFLOW
ROBIN_HOOD OVERFLOW
ROBIN_HOOD OVERFLOW
ROBIN_HOOD OVERFLOW
ROBIN_HOOD OVERFLOW
ROBIN_HOOD OVERFLOW
ROBIN_HOOD OVERFLOW
ROBIN_HOOD OVERFLOW
ROBIN_HOOD OVERFLOW
ROBIN_HOOD OVERFLOW
ROBIN_HOOD OVERFLOW
ROBIN_HOOD OVERFLOW
ROBIN_HOOD OVERFLOW
ROBIN_HOOD OVERFLOW
ROBIN_HOOD OVERFLOW
ROBIN_HOOD OVERFLOW
ROBIN_HOOD OVERFLOW
ROBIN_HOOD OVERFLOW
ROBIN_HOOD OVERFLOW
ROBIN_HOOD OVERFLOW
ROBIN_HOOD OVERFLOW
ROBIN_HOOD OVERFLOW
ROBIN_HOOD OVERFLOW
ROBIN_HOOD OVERFLOW
ROBIN_HOOD OVERFLOW
ROBIN_HOOD OVERFLOW
ROBIN_HOOD OVERFLOW
ROBIN_HOOD OVERFLOW
ROBIN_HOOD OVERFLOW
ROBIN_HOOD OVERFLOW
ROBIN_HOOD OVERFLOW
ROBIN_HOOD OVERFLOW
ROBIN_HOOD OVERFLOW
ROBIN_HOOD OVERFLOW
ROBIN_HOOD OVERFLOW
ROBIN_HOOD OVERFLOW
ROBIN_HOOD OVERFLOW
ROBIN_HOOD OVERFLOW
ROBIN_HOOD OVERFLOW
ROBIN_HOOD OVERFLOW
ROBIN_HOOD OVERFLOW
ROBIN_HOOD OVERFLOW
ROBIN_HOOD OVERFLOW
ROBIN_HOOD OVERFLOW
ROBIN_HOOD OVERFLOW
ROBIN_HOOD OVERFLOW
ROBIN_HOOD OVERFLOW
ROBIN_HOOD OVERFLOW
ROBIN_HOOD OVERFLOW
ROBIN_HOOD OVERFLOW
ROBIN_HOOD OVERFLOW
ROBIN_HOOD OVERFLOW
ROBIN_HOOD OVERFLOW
ROBIN_HOOD OVERFLOW
ROBIN_HOOD OVERFLOW
ROBIN_HOOD OVERFLOW
ROBIN_HOOD OVERFLOW
ROBIN_HOOD OVERFLOW
ROBIN_HOOD OVERFLOW
ROBIN_HOOD OVERFLOW
ROBIN_HOOD OVERFLOW
ROBIN_HOOD OVERFLOW
ROBIN_HOOD OVERFLOW
ROBIN_HOOD OVERFLOW
ROBIN_HOOD OVERFLOW
ROBIN_HOOD OVERFLOW
ROBIN_HOOD OVERFLOW
ROBIN_HOOD OVERFLOW
ROBIN_HOOD OVERFLOW
ROBIN_HOOD OVERFLOW
ROBIN_HOOD OVERFLOW
ROBIN_HOOD OVERFLOW
ROBIN_HOOD OVERFLOW
ROBIN_HOOD OVERFLOW
ROBIN_HOOD OVERFLOW
ROBIN_HOOD OVERFLOW
ROBIN_HOOD OVERFLOW
ROBIN_HOOD OVERFLOW
ROBIN_HOOD OVERFLOW
ROBIN_HOOD OVERFLOW
ROBIN_HOOD OVERFLOW
ROBIN_HOOD OVERFLOW
ROBIN_HOOD OVERFLOW
ROBIN_HOOD OVERFLOW
ROBIN_HOOD OVERFLOW
ROBIN_HOOD OVERFLOW
ROBIN_HOOD OVERFLOW
ROBIN_HOOD OVERFLOW
ROBIN_HOOD OVERFLOW
ROBIN_HOOD OVERFLOW
ROBIN_HOOD OVERFLOW
ROBIN_HOOD OVERFLOW
ROBIN_HOOD OVERFLOW
ROBIN_HOOD OVERFLOW
ROBIN_HOOD OVERFLOW
ROBIN_HOOD OVERFLOW
ROBIN_HOOD OVERFLOW
ROBIN_HOOD OVERFLOW
ROBIN_HOOD OVERFLOW
ROBIN_HOOD OVERFLOW
ROBIN_HOOD OVERFLOW
ROBIN_HOOD OVERFLOW
ROBIN_HOOD OVERFLOW
ROBIN_HOOD OVERFLOW
ROBIN_HOOD OVERFLOW
ROBIN_HOOD OVERFLOW
ROBIN_HOOD OVERFLOW
ROBIN_HOOD OVERFLOW
ROBIN_HOOD OVERFLOW
ROBIN_HOOD OVERFLOW
ROBIN_HOOD OVERFLOW
ROBIN_HOOD OVERFLOW
ROBIN_HOOD OVERFLOW
ROBIN_HOOD OVERFLOW
ROBIN_HOOD OVERFLOW
ROBIN_HOOD OVERFLOW
ROBIN_HOOD OVERFLOW
ROBIN_HOOD OVERFLOW
ROBIN_HOOD OVERFLOW
ROBIN_HOOD OVERFLOW
ROBIN_HOOD OVERFLOW
ROBIN_HOOD OVERFLOW
ROBIN_HOOD OVERFLOW
ROBIN_HOOD OVERFLOW
ROBIN_HOOD OVERFLOW
ROBIN_HOOD OVERFLOW
ROBIN_HOOD OVERFLOW
ROBIN_HOOD OVERFLOW
ROBIN_HOOD OVERFLOW
ROBIN_HOOD OVERFLOW
ROBIN_HOOD OVERFLOW
ROBIN_HOOD OVERFLOW
ROBIN_HOOD OVERFLOW
ROBIN_HOOD OVERFLOW
ROBIN_HOOD OVERFLOW
ROBIN_HOOD OVERFLOW
ROBIN_HOOD OVERFLOW
ROBIN_HOOD OVERFLOW
ROBIN_HOOD OVERFLOW
ROBIN_HOOD OVERFLOW
ROBIN_HOOD OVERFLOW
ROBIN_HOOD OVERFLOW
ROBIN_HOOD OVERFLOW
ROBIN_HOOD OVERFLOW
ROBIN_HOOD OVERFLOW
ROBIN_HOOD OVERFLOW
ROBIN_HOOD OVERFLOW
ROBIN_HOOD OVERFLOW
ROBIN_HOOD OVERFLOW
ROBIN_HOOD OVERFLOW
ROBIN_HOOD OVERFLOW
ROBIN_HOOD OVERFLOW
ROBIN_HOOD OVERFLOW
ROBIN_HOOD OVERFLOW
ROBIN_HOOD OVERFLOW
ROBIN_HOOD OVERFLOW
ROBIN_HOOD OVERFLOW
ROBIN_HOOD OVERFLOW
ROBIN_HOOD OVERFLOW
ROBIN_HOOD OVERFLOW
ROBIN_HOOD OVERFLOW
ROBIN_HOOD OVERFLOW
ROBIN_HOOD OVERFLOW
ROBIN_HOOD OVERFLOW
74.521 Collected 23242 relevant facts at this layer
74.521 Encoding ...
84.307 Attempting to solve formula with 13717798 clauses (49373102 literals) and 43 assumptions
84.570 Unsolvable at layer 7 -- expanding.
84.570 Iteration 8.
84.570 New layer size: 171
84.570 Instantiating ...
ROBIN_HOOD OVERFLOW
ROBIN_HOOD OVERFLOW
ROBIN_HOOD OVERFLOW
ROBIN_HOOD OVERFLOW
ROBIN_HOOD OVERFLOW
ROBIN_HOOD OVERFLOW
ROBIN_HOOD OVERFLOW
ROBIN_HOOD OVERFLOW
ROBIN_HOOD OVERFLOW
ROBIN_HOOD OVERFLOW
ROBIN_HOOD OVERFLOW
ROBIN_HOOD OVERFLOW
ROBIN_HOOD OVERFLOW
ROBIN_HOOD OVERFLOW
ROBIN_HOOD OVERFLOW
ROBIN_HOOD OVERFLOW
ROBIN_HOOD OVERFLOW
ROBIN_HOOD OVERFLOW
ROBIN_HOOD OVERFLOW
ROBIN_HOOD OVERFLOW
ROBIN_HOOD OVERFLOW
ROBIN_HOOD OVERFLOW
ROBIN_HOOD OVERFLOW
ROBIN_HOOD OVERFLOW
ROBIN_HOOD OVERFLOW
ROBIN_HOOD OVERFLOW
ROBIN_HOOD OVERFLOW
ROBIN_HOOD OVERFLOW
ROBIN_HOOD OVERFLOW
ROBIN_HOOD OVERFLOW
ROBIN_HOOD OVERFLOW
ROBIN_HOOD OVERFLOW
ROBIN_HOOD OVERFLOW
ROBIN_HOOD OVERFLOW
ROBIN_HOOD OVERFLOW
ROBIN_HOOD OVERFLOW
ROBIN_HOOD OVERFLOW
ROBIN_HOOD OVERFLOW
ROBIN_HOOD OVERFLOW
ROBIN_HOOD OVERFLOW
ROBIN_HOOD OVERFLOW
ROBIN_HOOD OVERFLOW
ROBIN_HOOD OVERFLOW
ROBIN_HOOD OVERFLOW
ROBIN_HOOD OVERFLOW
ROBIN_HOOD OVERFLOW
ROBIN_HOOD OVERFLOW
ROBIN_HOOD OVERFLOW
ROBIN_HOOD OVERFLOW
ROBIN_HOOD OVERFLOW
ROBIN_HOOD OVERFLOW
ROBIN_HOOD OVERFLOW
ROBIN_HOOD OVERFLOW
ROBIN_HOOD OVERFLOW
ROBIN_HOOD OVERFLOW
ROBIN_HOOD OVERFLOW
ROBIN_HOOD OVERFLOW
ROBIN_HOOD OVERFLOW
ROBIN_HOOD OVERFLOW
ROBIN_HOOD OVERFLOW
ROBIN_HOOD OVERFLOW
ROBIN_HOOD OVERFLOW
ROBIN_HOOD OVERFLOW
ROBIN_HOOD OVERFLOW
ROBIN_HOOD OVERFLOW
ROBIN_HOOD OVERFLOW
ROBIN_HOOD OVERFLOW
ROBIN_HOOD OVERFLOW
ROBIN_HOOD OVERFLOW
ROBIN_HOOD OVERFLOW
ROBIN_HOOD OVERFLOW
ROBIN_HOOD OVERFLOW
ROBIN_HOOD OVERFLOW
ROBIN_HOOD OVERFLOW
ROBIN_HOOD OVERFLOW
ROBIN_HOOD OVERFLOW
ROBIN_HOOD OVERFLOW
ROBIN_HOOD OVERFLOW
ROBIN_HOOD OVERFLOW
ROBIN_HOOD OVERFLOW
ROBIN_HOOD OVERFLOW
ROBIN_HOOD OVERFLOW
ROBIN_HOOD OVERFLOW
ROBIN_HOOD OVERFLOW
ROBIN_HOOD OVERFLOW
ROBIN_HOOD OVERFLOW
ROBIN_HOOD OVERFLOW
ROBIN_HOOD OVERFLOW
ROBIN_HOOD OVERFLOW
ROBIN_HOOD OVERFLOW
ROBIN_HOOD OVERFLOW
ROBIN_HOOD OVERFLOW
ROBIN_HOOD OVERFLOW
ROBIN_HOOD OVERFLOW
ROBIN_HOOD OVERFLOW
ROBIN_HOOD OVERFLOW
ROBIN_HOOD OVERFLOW
ROBIN_HOOD OVERFLOW
ROBIN_HOOD OVERFLOW
ROBIN_HOOD OVERFLOW
ROBIN_HOOD OVERFLOW
ROBIN_HOOD OVERFLOW
ROBIN_HOOD OVERFLOW
ROBIN_HOOD OVERFLOW
ROBIN_HOOD OVERFLOW
ROBIN_HOOD OVERFLOW
ROBIN_HOOD OVERFLOW
ROBIN_HOOD OVERFLOW
ROBIN_HOOD OVERFLOW
ROBIN_HOOD OVERFLOW
ROBIN_HOOD OVERFLOW
ROBIN_HOOD OVERFLOW
ROBIN_HOOD OVERFLOW
ROBIN_HOOD OVERFLOW
ROBIN_HOOD OVERFLOW
ROBIN_HOOD OVERFLOW
ROBIN_HOOD OVERFLOW
ROBIN_HOOD OVERFLOW
ROBIN_HOOD OVERFLOW
ROBIN_HOOD OVERFLOW
ROBIN_HOOD OVERFLOW
ROBIN_HOOD OVERFLOW
ROBIN_HOOD OVERFLOW
ROBIN_HOOD OVERFLOW
ROBIN_HOOD OVERFLOW
ROBIN_HOOD OVERFLOW
ROBIN_HOOD OVERFLOW
ROBIN_HOOD OVERFLOW
ROBIN_HOOD OVERFLOW
ROBIN_HOOD OVERFLOW
ROBIN_HOOD OVERFLOW
ROBIN_HOOD OVERFLOW
ROBIN_HOOD OVERFLOW
ROBIN_HOOD OVERFLOW
ROBIN_HOOD OVERFLOW
ROBIN_HOOD OVERFLOW
ROBIN_HOOD OVERFLOW
ROBIN_HOOD OVERFLOW
ROBIN_HOOD OVERFLOW
ROBIN_HOOD OVERFLOW
ROBIN_HOOD OVERFLOW
ROBIN_HOOD OVERFLOW
ROBIN_HOOD OVERFLOW
ROBIN_HOOD OVERFLOW
ROBIN_HOOD OVERFLOW
ROBIN_HOOD OVERFLOW
ROBIN_HOOD OVERFLOW
ROBIN_HOOD OVERFLOW
ROBIN_HOOD OVERFLOW
ROBIN_HOOD OVERFLOW
ROBIN_HOOD OVERFLOW
ROBIN_HOOD OVERFLOW
ROBIN_HOOD OVERFLOW
ROBIN_HOOD OVERFLOW
ROBIN_HOOD OVERFLOW
ROBIN_HOOD OVERFLOW
ROBIN_HOOD OVERFLOW
ROBIN_HOOD OVERFLOW
ROBIN_HOOD OVERFLOW
ROBIN_HOOD OVERFLOW
ROBIN_HOOD OVERFLOW
ROBIN_HOOD OVERFLOW
ROBIN_HOOD OVERFLOW
ROBIN_HOOD OVERFLOW
ROBIN_HOOD OVERFLOW
ROBIN_HOOD OVERFLOW
ROBIN_HOOD OVERFLOW
ROBIN_HOOD OVERFLOW
ROBIN_HOOD OVERFLOW
ROBIN_HOOD OVERFLOW
ROBIN_HOOD OVERFLOW
ROBIN_HOOD OVERFLOW
ROBIN_HOOD OVERFLOW
ROBIN_HOOD OVERFLOW
ROBIN_HOOD OVERFLOW
ROBIN_HOOD OVERFLOW
ROBIN_HOOD OVERFLOW
ROBIN_HOOD OVERFLOW
ROBIN_HOOD OVERFLOW
ROBIN_HOOD OVERFLOW
ROBIN_HOOD OVERFLOW
ROBIN_HOOD OVERFLOW
ROBIN_HOOD OVERFLOW
ROBIN_HOOD OVERFLOW
ROBIN_HOOD OVERFLOW
ROBIN_HOOD OVERFLOW
ROBIN_HOOD OVERFLOW
ROBIN_HOOD OVERFLOW
ROBIN_HOOD OVERFLOW
ROBIN_HOOD OVERFLOW
ROBIN_HOOD OVERFLOW
ROBIN_HOOD OVERFLOW
ROBIN_HOOD OVERFLOW
ROBIN_HOOD OVERFLOW
ROBIN_HOOD OVERFLOW
ROBIN_HOOD OVERFLOW
ROBIN_HOOD OVERFLOW
ROBIN_HOOD OVERFLOW
ROBIN_HOOD OVERFLOW
ROBIN_HOOD OVERFLOW
ROBIN_HOOD OVERFLOW
ROBIN_HOOD OVERFLOW
ROBIN_HOOD OVERFLOW
ROBIN_HOOD OVERFLOW
ROBIN_HOOD OVERFLOW
ROBIN_HOOD OVERFLOW
ROBIN_HOOD OVERFLOW
ROBIN_HOOD OVERFLOW
ROBIN_HOOD OVERFLOW
ROBIN_HOOD OVERFLOW
ROBIN_HOOD OVERFLOW
ROBIN_HOOD OVERFLOW
ROBIN_HOOD OVERFLOW
ROBIN_HOOD OVERFLOW
ROBIN_HOOD OVERFLOW
ROBIN_HOOD OVERFLOW
ROBIN_HOOD OVERFLOW
ROBIN_HOOD OVERFLOW
ROBIN_HOOD OVERFLOW
ROBIN_HOOD OVERFLOW
ROBIN_HOOD OVERFLOW
ROBIN_HOOD OVERFLOW
ROBIN_HOOD OVERFLOW
ROBIN_HOOD OVERFLOW
ROBIN_HOOD OVERFLOW
ROBIN_HOOD OVERFLOW
ROBIN_HOOD OVERFLOW
ROBIN_HOOD OVERFLOW
ROBIN_HOOD OVERFLOW
ROBIN_HOOD OVERFLOW
ROBIN_HOOD OVERFLOW
ROBIN_HOOD OVERFLOW
ROBIN_HOOD OVERFLOW
ROBIN_HOOD OVERFLOW
ROBIN_HOOD OVERFLOW
ROBIN_HOOD OVERFLOW
ROBIN_HOOD OVERFLOW
ROBIN_HOOD OVERFLOW
ROBIN_HOOD OVERFLOW
ROBIN_HOOD OVERFLOW
ROBIN_HOOD OVERFLOW
ROBIN_HOOD OVERFLOW
ROBIN_HOOD OVERFLOW
ROBIN_HOOD OVERFLOW
ROBIN_HOOD OVERFLOW
ROBIN_HOOD OVERFLOW
ROBIN_HOOD OVERFLOW
ROBIN_HOOD OVERFLOW
ROBIN_HOOD OVERFLOW
ROBIN_HOOD OVERFLOW
ROBIN_HOOD OVERFLOW
ROBIN_HOOD OVERFLOW
ROBIN_HOOD OVERFLOW
ROBIN_HOOD OVERFLOW
ROBIN_HOOD OVERFLOW
ROBIN_HOOD OVERFLOW
ROBIN_HOOD OVERFLOW
ROBIN_HOOD OVERFLOW
ROBIN_HOOD OVERFLOW
ROBIN_HOOD OVERFLOW
ROBIN_HOOD OVERFLOW
ROBIN_HOOD OVERFLOW
ROBIN_HOOD OVERFLOW
ROBIN_HOOD OVERFLOW
ROBIN_HOOD OVERFLOW
ROBIN_HOOD OVERFLOW
ROBIN_HOOD OVERFLOW
ROBIN_HOOD OVERFLOW
ROBIN_HOOD OVERFLOW
ROBIN_HOOD OVERFLOW
ROBIN_HOOD OVERFLOW
ROBIN_HOOD OVERFLOW
ROBIN_HOOD OVERFLOW
ROBIN_HOOD OVERFLOW
ROBIN_HOOD OVERFLOW
ROBIN_HOOD OVERFLOW
ROBIN_HOOD OVERFLOW
ROBIN_HOOD OVERFLOW
ROBIN_HOOD OVERFLOW
ROBIN_HOOD OVERFLOW
ROBIN_HOOD OVERFLOW
ROBIN_HOOD OVERFLOW
ROBIN_HOOD OVERFLOW
ROBIN_HOOD OVERFLOW
ROBIN_HOOD OVERFLOW
ROBIN_HOOD OVERFLOW
ROBIN_HOOD OVERFLOW
ROBIN_HOOD OVERFLOW
ROBIN_HOOD OVERFLOW
ROBIN_HOOD OVERFLOW
ROBIN_HOOD OVERFLOW
ROBIN_HOOD OVERFLOW
ROBIN_HOOD OVERFLOW
ROBIN_HOOD OVERFLOW
ROBIN_HOOD OVERFLOW
ROBIN_HOOD OVERFLOW
ROBIN_HOOD OVERFLOW
ROBIN_HOOD OVERFLOW
ROBIN_HOOD OVERFLOW
ROBIN_HOOD OVERFLOW
ROBIN_HOOD OVERFLOW
ROBIN_HOOD OVERFLOW
ROBIN_HOOD OVERFLOW
ROBIN_HOOD OVERFLOW
ROBIN_HOOD OVERFLOW
ROBIN_HOOD OVERFLOW
ROBIN_HOOD OVERFLOW
ROBIN_HOOD OVERFLOW
ROBIN_HOOD OVERFLOW
ROBIN_HOOD OVERFLOW
ROBIN_HOOD OVERFLOW
ROBIN_HOOD OVERFLOW
ROBIN_HOOD OVERFLOW
ROBIN_HOOD OVERFLOW
ROBIN_HOOD OVERFLOW
ROBIN_HOOD OVERFLOW
ROBIN_HOOD OVERFLOW
ROBIN_HOOD OVERFLOW
ROBIN_HOOD OVERFLOW
ROBIN_HOOD OVERFLOW
ROBIN_HOOD OVERFLOW
ROBIN_HOOD OVERFLOW
ROBIN_HOOD OVERFLOW
ROBIN_HOOD OVERFLOW
ROBIN_HOOD OVERFLOW
ROBIN_HOOD OVERFLOW
ROBIN_HOOD OVERFLOW
ROBIN_HOOD OVERFLOW
ROBIN_HOOD OVERFLOW
ROBIN_HOOD OVERFLOW
ROBIN_HOOD OVERFLOW
ROBIN_HOOD OVERFLOW
ROBIN_HOOD OVERFLOW
ROBIN_HOOD OVERFLOW
ROBIN_HOOD OVERFLOW
ROBIN_HOOD OVERFLOW
ROBIN_HOOD OVERFLOW
ROBIN_HOOD OVERFLOW
ROBIN_HOOD OVERFLOW
ROBIN_HOOD OVERFLOW
ROBIN_HOOD OVERFLOW
ROBIN_HOOD OVERFLOW
ROBIN_HOOD OVERFLOW
ROBIN_HOOD OVERFLOW
ROBIN_HOOD OVERFLOW
ROBIN_HOOD OVERFLOW
ROBIN_HOOD OVERFLOW
ROBIN_HOOD OVERFLOW
ROBIN_HOOD OVERFLOW
ROBIN_HOOD OVERFLOW
ROBIN_HOOD OVERFLOW
ROBIN_HOOD OVERFLOW
ROBIN_HOOD OVERFLOW
ROBIN_HOOD OVERFLOW
ROBIN_HOOD OVERFLOW
ROBIN_HOOD OVERFLOW
ROBIN_HOOD OVERFLOW
ROBIN_HOOD OVERFLOW
ROBIN_HOOD OVERFLOW
ROBIN_HOOD OVERFLOW
ROBIN_HOOD OVERFLOW
ROBIN_HOOD OVERFLOW
ROBIN_HOOD OVERFLOW
ROBIN_HOOD OVERFLOW
ROBIN_HOOD OVERFLOW
ROBIN_HOOD OVERFLOW
ROBIN_HOOD OVERFLOW
ROBIN_HOOD OVERFLOW
ROBIN_HOOD OVERFLOW
ROBIN_HOOD OVERFLOW
ROBIN_HOOD OVERFLOW
ROBIN_HOOD OVERFLOW
ROBIN_HOOD OVERFLOW
ROBIN_HOOD OVERFLOW
ROBIN_HOOD OVERFLOW
ROBIN_HOOD OVERFLOW
ROBIN_HOOD OVERFLOW
ROBIN_HOOD OVERFLOW
ROBIN_HOOD OVERFLOW
ROBIN_HOOD OVERFLOW
ROBIN_HOOD OVERFLOW
ROBIN_HOOD OVERFLOW
ROBIN_HOOD OVERFLOW
ROBIN_HOOD OVERFLOW
ROBIN_HOOD OVERFLOW
ROBIN_HOOD OVERFLOW
ROBIN_HOOD OVERFLOW
ROBIN_HOOD OVERFLOW
ROBIN_HOOD OVERFLOW
ROBIN_HOOD OVERFLOW
ROBIN_HOOD OVERFLOW
ROBIN_HOOD OVERFLOW
ROBIN_HOOD OVERFLOW
ROBIN_HOOD OVERFLOW
ROBIN_HOOD OVERFLOW
ROBIN_HOOD OVERFLOW
ROBIN_HOOD OVERFLOW
ROBIN_HOOD OVERFLOW
ROBIN_HOOD OVERFLOW
ROBIN_HOOD OVERFLOW
ROBIN_HOOD OVERFLOW
ROBIN_HOOD OVERFLOW
ROBIN_HOOD OVERFLOW
ROBIN_HOOD OVERFLOW
ROBIN_HOOD OVERFLOW
ROBIN_HOOD OVERFLOW
ROBIN_HOOD OVERFLOW
ROBIN_HOOD OVERFLOW
ROBIN_HOOD OVERFLOW
ROBIN_HOOD OVERFLOW
ROBIN_HOOD OVERFLOW
ROBIN_HOOD OVERFLOW
ROBIN_HOOD OVERFLOW
ROBIN_HOOD OVERFLOW
ROBIN_HOOD OVERFLOW
ROBIN_HOOD OVERFLOW
ROBIN_HOOD OVERFLOW
ROBIN_HOOD OVERFLOW
ROBIN_HOOD OVERFLOW
ROBIN_HOOD OVERFLOW
ROBIN_HOOD OVERFLOW
ROBIN_HOOD OVERFLOW
ROBIN_HOOD OVERFLOW
ROBIN_HOOD OVERFLOW
ROBIN_HOOD OVERFLOW
ROBIN_HOOD OVERFLOW
ROBIN_HOOD OVERFLOW
ROBIN_HOOD OVERFLOW
ROBIN_HOOD OVERFLOW
ROBIN_HOOD OVERFLOW
ROBIN_HOOD OVERFLOW
ROBIN_HOOD OVERFLOW
ROBIN_HOOD OVERFLOW
ROBIN_HOOD OVERFLOW
ROBIN_HOOD OVERFLOW
ROBIN_HOOD OVERFLOW
ROBIN_HOOD OVERFLOW
ROBIN_HOOD OVERFLOW
ROBIN_HOOD OVERFLOW
ROBIN_HOOD OVERFLOW
ROBIN_HOOD OVERFLOW
ROBIN_HOOD OVERFLOW
ROBIN_HOOD OVERFLOW
ROBIN_HOOD OVERFLOW
ROBIN_HOOD OVERFLOW
ROBIN_HOOD OVERFLOW
ROBIN_HOOD OVERFLOW
ROBIN_HOOD OVERFLOW
ROBIN_HOOD OVERFLOW
ROBIN_HOOD OVERFLOW
ROBIN_HOOD OVERFLOW
ROBIN_HOOD OVERFLOW
ROBIN_HOOD OVERFLOW
ROBIN_HOOD OVERFLOW
ROBIN_HOOD OVERFLOW
ROBIN_HOOD OVERFLOW
ROBIN_HOOD OVERFLOW
ROBIN_HOOD OVERFLOW
ROBIN_HOOD OVERFLOW
ROBIN_HOOD OVERFLOW
ROBIN_HOOD OVERFLOW
ROBIN_HOOD OVERFLOW
ROBIN_HOOD OVERFLOW
ROBIN_HOOD OVERFLOW
ROBIN_HOOD OVERFLOW
ROBIN_HOOD OVERFLOW
ROBIN_HOOD OVERFLOW
ROBIN_HOOD OVERFLOW
ROBIN_HOOD OVERFLOW
153.621 Collected 23242 relevant facts at this layer
153.621 Encoding ...
173.443 Attempting to solve formula with 28526686 clauses (102847260 literals) and 85 assumptions
174.197 Unsolvable at layer 8 -- expanding.
174.197 Iteration 9.
174.197 New layer size: 342
174.197 Instantiating ...
ROBIN_HOOD OVERFLOW
ROBIN_HOOD OVERFLOW
ROBIN_HOOD OVERFLOW
ROBIN_HOOD OVERFLOW
ROBIN_HOOD OVERFLOW
ROBIN_HOOD OVERFLOW
ROBIN_HOOD OVERFLOW
ROBIN_HOOD OVERFLOW
ROBIN_HOOD OVERFLOW
ROBIN_HOOD OVERFLOW
ROBIN_HOOD OVERFLOW
ROBIN_HOOD OVERFLOW
ROBIN_HOOD OVERFLOW
ROBIN_HOOD OVERFLOW
ROBIN_HOOD OVERFLOW
ROBIN_HOOD OVERFLOW
ROBIN_HOOD OVERFLOW
ROBIN_HOOD OVERFLOW
ROBIN_HOOD OVERFLOW
ROBIN_HOOD OVERFLOW
ROBIN_HOOD OVERFLOW
ROBIN_HOOD OVERFLOW
ROBIN_HOOD OVERFLOW
ROBIN_HOOD OVERFLOW
ROBIN_HOOD OVERFLOW
ROBIN_HOOD OVERFLOW
ROBIN_HOOD OVERFLOW
ROBIN_HOOD OVERFLOW
ROBIN_HOOD OVERFLOW
ROBIN_HOOD OVERFLOW
ROBIN_HOOD OVERFLOW
ROBIN_HOOD OVERFLOW
ROBIN_HOOD OVERFLOW
ROBIN_HOOD OVERFLOW
ROBIN_HOOD OVERFLOW
ROBIN_HOOD OVERFLOW
ROBIN_HOOD OVERFLOW
ROBIN_HOOD OVERFLOW
ROBIN_HOOD OVERFLOW
ROBIN_HOOD OVERFLOW
ROBIN_HOOD OVERFLOW
ROBIN_HOOD OVERFLOW
ROBIN_HOOD OVERFLOW
ROBIN_HOOD OVERFLOW
ROBIN_HOOD OVERFLOW
ROBIN_HOOD OVERFLOW
ROBIN_HOOD OVERFLOW
ROBIN_HOOD OVERFLOW
ROBIN_HOOD OVERFLOW
ROBIN_HOOD OVERFLOW
ROBIN_HOOD OVERFLOW
ROBIN_HOOD OVERFLOW
ROBIN_HOOD OVERFLOW
ROBIN_HOOD OVERFLOW
ROBIN_HOOD OVERFLOW
ROBIN_HOOD OVERFLOW
ROBIN_HOOD OVERFLOW
ROBIN_HOOD OVERFLOW
ROBIN_HOOD OVERFLOW
ROBIN_HOOD OVERFLOW
ROBIN_HOOD OVERFLOW
ROBIN_HOOD OVERFLOW
ROBIN_HOOD OVERFLOW
ROBIN_HOOD OVERFLOW
ROBIN_HOOD OVERFLOW
ROBIN_HOOD OVERFLOW
ROBIN_HOOD OVERFLOW
ROBIN_HOOD OVERFLOW
ROBIN_HOOD OVERFLOW
ROBIN_HOOD OVERFLOW
ROBIN_HOOD OVERFLOW
ROBIN_HOOD OVERFLOW
ROBIN_HOOD OVERFLOW
ROBIN_HOOD OVERFLOW
ROBIN_HOOD OVERFLOW
ROBIN_HOOD OVERFLOW
ROBIN_HOOD OVERFLOW
ROBIN_HOOD OVERFLOW
ROBIN_HOOD OVERFLOW
ROBIN_HOOD OVERFLOW
ROBIN_HOOD OVERFLOW
ROBIN_HOOD OVERFLOW
ROBIN_HOOD OVERFLOW
ROBIN_HOOD OVERFLOW
ROBIN_HOOD OVERFLOW
ROBIN_HOOD OVERFLOW
ROBIN_HOOD OVERFLOW
ROBIN_HOOD OVERFLOW
ROBIN_HOOD OVERFLOW
ROBIN_HOOD OVERFLOW
ROBIN_HOOD OVERFLOW
ROBIN_HOOD OVERFLOW
ROBIN_HOOD OVERFLOW
ROBIN_HOOD OVERFLOW
ROBIN_HOOD OVERFLOW
ROBIN_HOOD OVERFLOW
ROBIN_HOOD OVERFLOW
ROBIN_HOOD OVERFLOW
ROBIN_HOOD OVERFLOW
ROBIN_HOOD OVERFLOW
ROBIN_HOOD OVERFLOW
ROBIN_HOOD OVERFLOW
ROBIN_HOOD OVERFLOW
ROBIN_HOOD OVERFLOW
ROBIN_HOOD OVERFLOW
ROBIN_HOOD OVERFLOW
ROBIN_HOOD OVERFLOW
ROBIN_HOOD OVERFLOW
ROBIN_HOOD OVERFLOW
ROBIN_HOOD OVERFLOW
ROBIN_HOOD OVERFLOW
ROBIN_HOOD OVERFLOW
ROBIN_HOOD OVERFLOW
ROBIN_HOOD OVERFLOW
ROBIN_HOOD OVERFLOW
ROBIN_HOOD OVERFLOW
ROBIN_HOOD OVERFLOW
ROBIN_HOOD OVERFLOW
ROBIN_HOOD OVERFLOW
ROBIN_HOOD OVERFLOW
ROBIN_HOOD OVERFLOW
ROBIN_HOOD OVERFLOW
ROBIN_HOOD OVERFLOW
ROBIN_HOOD OVERFLOW
ROBIN_HOOD OVERFLOW
ROBIN_HOOD OVERFLOW
ROBIN_HOOD OVERFLOW
ROBIN_HOOD OVERFLOW
ROBIN_HOOD OVERFLOW
ROBIN_HOOD OVERFLOW
ROBIN_HOOD OVERFLOW
ROBIN_HOOD OVERFLOW
ROBIN_HOOD OVERFLOW
ROBIN_HOOD OVERFLOW
ROBIN_HOOD OVERFLOW
ROBIN_HOOD OVERFLOW
ROBIN_HOOD OVERFLOW
ROBIN_HOOD OVERFLOW
ROBIN_HOOD OVERFLOW
ROBIN_HOOD OVERFLOW
ROBIN_HOOD OVERFLOW
ROBIN_HOOD OVERFLOW
ROBIN_HOOD OVERFLOW
ROBIN_HOOD OVERFLOW
ROBIN_HOOD OVERFLOW
ROBIN_HOOD OVERFLOW
ROBIN_HOOD OVERFLOW
ROBIN_HOOD OVERFLOW
ROBIN_HOOD OVERFLOW
ROBIN_HOOD OVERFLOW
ROBIN_HOOD OVERFLOW
ROBIN_HOOD OVERFLOW
ROBIN_HOOD OVERFLOW
ROBIN_HOOD OVERFLOW
ROBIN_HOOD OVERFLOW
ROBIN_HOOD OVERFLOW
ROBIN_HOOD OVERFLOW
ROBIN_HOOD OVERFLOW
ROBIN_HOOD OVERFLOW
ROBIN_HOOD OVERFLOW
ROBIN_HOOD OVERFLOW
ROBIN_HOOD OVERFLOW
ROBIN_HOOD OVERFLOW
ROBIN_HOOD OVERFLOW
ROBIN_HOOD OVERFLOW
ROBIN_HOOD OVERFLOW
ROBIN_HOOD OVERFLOW
ROBIN_HOOD OVERFLOW
ROBIN_HOOD OVERFLOW
ROBIN_HOOD OVERFLOW
ROBIN_HOOD OVERFLOW
ROBIN_HOOD OVERFLOW
ROBIN_HOOD OVERFLOW
ROBIN_HOOD OVERFLOW
ROBIN_HOOD OVERFLOW
ROBIN_HOOD OVERFLOW
ROBIN_HOOD OVERFLOW
ROBIN_HOOD OVERFLOW
ROBIN_HOOD OVERFLOW
ROBIN_HOOD OVERFLOW
ROBIN_HOOD OVERFLOW
ROBIN_HOOD OVERFLOW
ROBIN_HOOD OVERFLOW
ROBIN_HOOD OVERFLOW
ROBIN_HOOD OVERFLOW
ROBIN_HOOD OVERFLOW
ROBIN_HOOD OVERFLOW
ROBIN_HOOD OVERFLOW
ROBIN_HOOD OVERFLOW
ROBIN_HOOD OVERFLOW
ROBIN_HOOD OVERFLOW
ROBIN_HOOD OVERFLOW
ROBIN_HOOD OVERFLOW
ROBIN_HOOD OVERFLOW
ROBIN_HOOD OVERFLOW
ROBIN_HOOD OVERFLOW
ROBIN_HOOD OVERFLOW
ROBIN_HOOD OVERFLOW
ROBIN_HOOD OVERFLOW
ROBIN_HOOD OVERFLOW
ROBIN_HOOD OVERFLOW
ROBIN_HOOD OVERFLOW
ROBIN_HOOD OVERFLOW
ROBIN_HOOD OVERFLOW
ROBIN_HOOD OVERFLOW
ROBIN_HOOD OVERFLOW
ROBIN_HOOD OVERFLOW
ROBIN_HOOD OVERFLOW
ROBIN_HOOD OVERFLOW
ROBIN_HOOD OVERFLOW
ROBIN_HOOD OVERFLOW
ROBIN_HOOD OVERFLOW
ROBIN_HOOD OVERFLOW
ROBIN_HOOD OVERFLOW
ROBIN_HOOD OVERFLOW
ROBIN_HOOD OVERFLOW
ROBIN_HOOD OVERFLOW
ROBIN_HOOD OVERFLOW
ROBIN_HOOD OVERFLOW
ROBIN_HOOD OVERFLOW
ROBIN_HOOD OVERFLOW
ROBIN_HOOD OVERFLOW
ROBIN_HOOD OVERFLOW
ROBIN_HOOD OVERFLOW
ROBIN_HOOD OVERFLOW
ROBIN_HOOD OVERFLOW
ROBIN_HOOD OVERFLOW
ROBIN_HOOD OVERFLOW
ROBIN_HOOD OVERFLOW
ROBIN_HOOD OVERFLOW
ROBIN_HOOD OVERFLOW
ROBIN_HOOD OVERFLOW
ROBIN_HOOD OVERFLOW
ROBIN_HOOD OVERFLOW
ROBIN_HOOD OVERFLOW
ROBIN_HOOD OVERFLOW
ROBIN_HOOD OVERFLOW
ROBIN_HOOD OVERFLOW
ROBIN_HOOD OVERFLOW
ROBIN_HOOD OVERFLOW
ROBIN_HOOD OVERFLOW
ROBIN_HOOD OVERFLOW
ROBIN_HOOD OVERFLOW
ROBIN_HOOD OVERFLOW
ROBIN_HOOD OVERFLOW
ROBIN_HOOD OVERFLOW
ROBIN_HOOD OVERFLOW
ROBIN_HOOD OVERFLOW
ROBIN_HOOD OVERFLOW
ROBIN_HOOD OVERFLOW
ROBIN_HOOD OVERFLOW
ROBIN_HOOD OVERFLOW
ROBIN_HOOD OVERFLOW
ROBIN_HOOD OVERFLOW
ROBIN_HOOD OVERFLOW
ROBIN_HOOD OVERFLOW
ROBIN_HOOD OVERFLOW
ROBIN_HOOD OVERFLOW
ROBIN_HOOD OVERFLOW
ROBIN_HOOD OVERFLOW
ROBIN_HOOD OVERFLOW
ROBIN_HOOD OVERFLOW
ROBIN_HOOD OVERFLOW
ROBIN_HOOD OVERFLOW
ROBIN_HOOD OVERFLOW
ROBIN_HOOD OVERFLOW
ROBIN_HOOD OVERFLOW
ROBIN_HOOD OVERFLOW
ROBIN_HOOD OVERFLOW
ROBIN_HOOD OVERFLOW
ROBIN_HOOD OVERFLOW
ROBIN_HOOD OVERFLOW
ROBIN_HOOD OVERFLOW
ROBIN_HOOD OVERFLOW
ROBIN_HOOD OVERFLOW
ROBIN_HOOD OVERFLOW
ROBIN_HOOD OVERFLOW
ROBIN_HOOD OVERFLOW
ROBIN_HOOD OVERFLOW
ROBIN_HOOD OVERFLOW
ROBIN_HOOD OVERFLOW
ROBIN_HOOD OVERFLOW
ROBIN_HOOD OVERFLOW
ROBIN_HOOD OVERFLOW
ROBIN_HOOD OVERFLOW
ROBIN_HOOD OVERFLOW
ROBIN_HOOD OVERFLOW
ROBIN_HOOD OVERFLOW
ROBIN_HOOD OVERFLOW
ROBIN_HOOD OVERFLOW
ROBIN_HOOD OVERFLOW
ROBIN_HOOD OVERFLOW
ROBIN_HOOD OVERFLOW
ROBIN_HOOD OVERFLOW
ROBIN_HOOD OVERFLOW
ROBIN_HOOD OVERFLOW
ROBIN_HOOD OVERFLOW
ROBIN_HOOD OVERFLOW
ROBIN_HOOD OVERFLOW
ROBIN_HOOD OVERFLOW
ROBIN_HOOD OVERFLOW
ROBIN_HOOD OVERFLOW
ROBIN_HOOD OVERFLOW
ROBIN_HOOD OVERFLOW
ROBIN_HOOD OVERFLOW
ROBIN_HOOD OVERFLOW
ROBIN_HOOD OVERFLOW
ROBIN_HOOD OVERFLOW
ROBIN_HOOD OVERFLOW
ROBIN_HOOD OVERFLOW
ROBIN_HOOD OVERFLOW
ROBIN_HOOD OVERFLOW
ROBIN_HOOD OVERFLOW
ROBIN_HOOD OVERFLOW
ROBIN_HOOD OVERFLOW
ROBIN_HOOD OVERFLOW
ROBIN_HOOD OVERFLOW
ROBIN_HOOD OVERFLOW
ROBIN_HOOD OVERFLOW
ROBIN_HOOD OVERFLOW
ROBIN_HOOD OVERFLOW
ROBIN_HOOD OVERFLOW
ROBIN_HOOD OVERFLOW
ROBIN_HOOD OVERFLOW
ROBIN_HOOD OVERFLOW
ROBIN_HOOD OVERFLOW
ROBIN_HOOD OVERFLOW
ROBIN_HOOD OVERFLOW
ROBIN_HOOD OVERFLOW
ROBIN_HOOD OVERFLOW
ROBIN_HOOD OVERFLOW
ROBIN_HOOD OVERFLOW
ROBIN_HOOD OVERFLOW
ROBIN_HOOD OVERFLOW
ROBIN_HOOD OVERFLOW
ROBIN_HOOD OVERFLOW
ROBIN_HOOD OVERFLOW
ROBIN_HOOD OVERFLOW
ROBIN_HOOD OVERFLOW
ROBIN_HOOD OVERFLOW
ROBIN_HOOD OVERFLOW
ROBIN_HOOD OVERFLOW
ROBIN_HOOD OVERFLOW
ROBIN_HOOD OVERFLOW
ROBIN_HOOD OVERFLOW
ROBIN_HOOD OVERFLOW
ROBIN_HOOD OVERFLOW
ROBIN_HOOD OVERFLOW
ROBIN_HOOD OVERFLOW
ROBIN_HOOD OVERFLOW
ROBIN_HOOD OVERFLOW
ROBIN_HOOD OVERFLOW
ROBIN_HOOD OVERFLOW
ROBIN_HOOD OVERFLOW
ROBIN_HOOD OVERFLOW
ROBIN_HOOD OVERFLOW
ROBIN_HOOD OVERFLOW
ROBIN_HOOD OVERFLOW
ROBIN_HOOD OVERFLOW
ROBIN_HOOD OVERFLOW
ROBIN_HOOD OVERFLOW
ROBIN_HOOD OVERFLOW
ROBIN_HOOD OVERFLOW
ROBIN_HOOD OVERFLOW
ROBIN_HOOD OVERFLOW
ROBIN_HOOD OVERFLOW
ROBIN_HOOD OVERFLOW
ROBIN_HOOD OVERFLOW
ROBIN_HOOD OVERFLOW
ROBIN_HOOD OVERFLOW
ROBIN_HOOD OVERFLOW
ROBIN_HOOD OVERFLOW
ROBIN_HOOD OVERFLOW
ROBIN_HOOD OVERFLOW
ROBIN_HOOD OVERFLOW
ROBIN_HOOD OVERFLOW
ROBIN_HOOD OVERFLOW
ROBIN_HOOD OVERFLOW
ROBIN_HOOD OVERFLOW
ROBIN_HOOD OVERFLOW
ROBIN_HOOD OVERFLOW
ROBIN_HOOD OVERFLOW
ROBIN_HOOD OVERFLOW
ROBIN_HOOD OVERFLOW
ROBIN_HOOD OVERFLOW
ROBIN_HOOD OVERFLOW
ROBIN_HOOD OVERFLOW
ROBIN_HOOD OVERFLOW
ROBIN_HOOD OVERFLOW
ROBIN_HOOD OVERFLOW
ROBIN_HOOD OVERFLOW
ROBIN_HOOD OVERFLOW
ROBIN_HOOD OVERFLOW
ROBIN_HOOD OVERFLOW
ROBIN_HOOD OVERFLOW
ROBIN_HOOD OVERFLOW
ROBIN_HOOD OVERFLOW
ROBIN_HOOD OVERFLOW
ROBIN_HOOD OVERFLOW
ROBIN_HOOD OVERFLOW
ROBIN_HOOD OVERFLOW
ROBIN_HOOD OVERFLOW
ROBIN_HOOD OVERFLOW
ROBIN_HOOD OVERFLOW
ROBIN_HOOD OVERFLOW
ROBIN_HOOD OVERFLOW
ROBIN_HOOD OVERFLOW
ROBIN_HOOD OVERFLOW
ROBIN_HOOD OVERFLOW
ROBIN_HOOD OVERFLOW
ROBIN_HOOD OVERFLOW
ROBIN_HOOD OVERFLOW
ROBIN_HOOD OVERFLOW
ROBIN_HOOD OVERFLOW
ROBIN_HOOD OVERFLOW
ROBIN_HOOD OVERFLOW
ROBIN_HOOD OVERFLOW
ROBIN_HOOD OVERFLOW
ROBIN_HOOD OVERFLOW
ROBIN_HOOD OVERFLOW
ROBIN_HOOD OVERFLOW
ROBIN_HOOD OVERFLOW
ROBIN_HOOD OVERFLOW
ROBIN_HOOD OVERFLOW
ROBIN_HOOD OVERFLOW
ROBIN_HOOD OVERFLOW
ROBIN_HOOD OVERFLOW
ROBIN_HOOD OVERFLOW
ROBIN_HOOD OVERFLOW
ROBIN_HOOD OVERFLOW
ROBIN_HOOD OVERFLOW
ROBIN_HOOD OVERFLOW
ROBIN_HOOD OVERFLOW
ROBIN_HOOD OVERFLOW
ROBIN_HOOD OVERFLOW
ROBIN_HOOD OVERFLOW
ROBIN_HOOD OVERFLOW
ROBIN_HOOD OVERFLOW
ROBIN_HOOD OVERFLOW
ROBIN_HOOD OVERFLOW
ROBIN_HOOD OVERFLOW
ROBIN_HOOD OVERFLOW
ROBIN_HOOD OVERFLOW
ROBIN_HOOD OVERFLOW
ROBIN_HOOD OVERFLOW
ROBIN_HOOD OVERFLOW
ROBIN_HOOD OVERFLOW
ROBIN_HOOD OVERFLOW
ROBIN_HOOD OVERFLOW
ROBIN_HOOD OVERFLOW
ROBIN_HOOD OVERFLOW
ROBIN_HOOD OVERFLOW
ROBIN_HOOD OVERFLOW
ROBIN_HOOD OVERFLOW
ROBIN_HOOD OVERFLOW
ROBIN_HOOD OVERFLOW
ROBIN_HOOD OVERFLOW
ROBIN_HOOD OVERFLOW
ROBIN_HOOD OVERFLOW
ROBIN_HOOD OVERFLOW
ROBIN_HOOD OVERFLOW
ROBIN_HOOD OVERFLOW
ROBIN_HOOD OVERFLOW
ROBIN_HOOD OVERFLOW
ROBIN_HOOD OVERFLOW
ROBIN_HOOD OVERFLOW
ROBIN_HOOD OVERFLOW
ROBIN_HOOD OVERFLOW
ROBIN_HOOD OVERFLOW
ROBIN_HOOD OVERFLOW
ROBIN_HOOD OVERFLOW
ROBIN_HOOD OVERFLOW
ROBIN_HOOD OVERFLOW
ROBIN_HOOD OVERFLOW
ROBIN_HOOD OVERFLOW
ROBIN_HOOD OVERFLOW
ROBIN_HOOD OVERFLOW
ROBIN_HOOD OVERFLOW
ROBIN_HOOD OVERFLOW
ROBIN_HOOD OVERFLOW
ROBIN_HOOD OVERFLOW
ROBIN_HOOD OVERFLOW
ROBIN_HOOD OVERFLOW
ROBIN_HOOD OVERFLOW
ROBIN_HOOD OVERFLOW
ROBIN_HOOD OVERFLOW
ROBIN_HOOD OVERFLOW
ROBIN_HOOD OVERFLOW
ROBIN_HOOD OVERFLOW
ROBIN_HOOD OVERFLOW
ROBIN_HOOD OVERFLOW
ROBIN_HOOD OVERFLOW
ROBIN_HOOD OVERFLOW
ROBIN_HOOD OVERFLOW
ROBIN_HOOD OVERFLOW
ROBIN_HOOD OVERFLOW
ROBIN_HOOD OVERFLOW
ROBIN_HOOD OVERFLOW
ROBIN_HOOD OVERFLOW
ROBIN_HOOD OVERFLOW
ROBIN_HOOD OVERFLOW
ROBIN_HOOD OVERFLOW
ROBIN_HOOD OVERFLOW
ROBIN_HOOD OVERFLOW
ROBIN_HOOD OVERFLOW
ROBIN_HOOD OVERFLOW
ROBIN_HOOD OVERFLOW
ROBIN_HOOD OVERFLOW
ROBIN_HOOD OVERFLOW
ROBIN_HOOD OVERFLOW
ROBIN_HOOD OVERFLOW
ROBIN_HOOD OVERFLOW
ROBIN_HOOD OVERFLOW
ROBIN_HOOD OVERFLOW
ROBIN_HOOD OVERFLOW
ROBIN_HOOD OVERFLOW
ROBIN_HOOD OVERFLOW
ROBIN_HOOD OVERFLOW
ROBIN_HOOD OVERFLOW
ROBIN_HOOD OVERFLOW
ROBIN_HOOD OVERFLOW
ROBIN_HOOD OVERFLOW
ROBIN_HOOD OVERFLOW
ROBIN_HOOD OVERFLOW
ROBIN_HOOD OVERFLOW
ROBIN_HOOD OVERFLOW
ROBIN_HOOD OVERFLOW
ROBIN_HOOD OVERFLOW
ROBIN_HOOD OVERFLOW
ROBIN_HOOD OVERFLOW
ROBIN_HOOD OVERFLOW
ROBIN_HOOD OVERFLOW
ROBIN_HOOD OVERFLOW
ROBIN_HOOD OVERFLOW
ROBIN_HOOD OVERFLOW
ROBIN_HOOD OVERFLOW
ROBIN_HOOD OVERFLOW
ROBIN_HOOD OVERFLOW
ROBIN_HOOD OVERFLOW
ROBIN_HOOD OVERFLOW
ROBIN_HOOD OVERFLOW
ROBIN_HOOD OVERFLOW
ROBIN_HOOD OVERFLOW
ROBIN_HOOD OVERFLOW
ROBIN_HOOD OVERFLOW
ROBIN_HOOD OVERFLOW
ROBIN_HOOD OVERFLOW
ROBIN_HOOD OVERFLOW
ROBIN_HOOD OVERFLOW
ROBIN_HOOD OVERFLOW
ROBIN_HOOD OVERFLOW
ROBIN_HOOD OVERFLOW
ROBIN_HOOD OVERFLOW
ROBIN_HOOD OVERFLOW
ROBIN_HOOD OVERFLOW
ROBIN_HOOD OVERFLOW
ROBIN_HOOD OVERFLOW
ROBIN_HOOD OVERFLOW
ROBIN_HOOD OVERFLOW
ROBIN_HOOD OVERFLOW
ROBIN_HOOD OVERFLOW
ROBIN_HOOD OVERFLOW
ROBIN_HOOD OVERFLOW
ROBIN_HOOD OVERFLOW
ROBIN_HOOD OVERFLOW
ROBIN_HOOD OVERFLOW
ROBIN_HOOD OVERFLOW
ROBIN_HOOD OVERFLOW
ROBIN_HOOD OVERFLOW
ROBIN_HOOD OVERFLOW
ROBIN_HOOD OVERFLOW
ROBIN_HOOD OVERFLOW
ROBIN_HOOD OVERFLOW
ROBIN_HOOD OVERFLOW
ROBIN_HOOD OVERFLOW
ROBIN_HOOD OVERFLOW
ROBIN_HOOD OVERFLOW
ROBIN_HOOD OVERFLOW
ROBIN_HOOD OVERFLOW
ROBIN_HOOD OVERFLOW
ROBIN_HOOD OVERFLOW
ROBIN_HOOD OVERFLOW
ROBIN_HOOD OVERFLOW
ROBIN_HOOD OVERFLOW
ROBIN_HOOD OVERFLOW
ROBIN_HOOD OVERFLOW
ROBIN_HOOD OVERFLOW
ROBIN_HOOD OVERFLOW
ROBIN_HOOD OVERFLOW
ROBIN_HOOD OVERFLOW
ROBIN_HOOD OVERFLOW
ROBIN_HOOD OVERFLOW
ROBIN_HOOD OVERFLOW
ROBIN_HOOD OVERFLOW
ROBIN_HOOD OVERFLOW
ROBIN_HOOD OVERFLOW
ROBIN_HOOD OVERFLOW
ROBIN_HOOD OVERFLOW
ROBIN_HOOD OVERFLOW
ROBIN_HOOD OVERFLOW
ROBIN_HOOD OVERFLOW
ROBIN_HOOD OVERFLOW
ROBIN_HOOD OVERFLOW
ROBIN_HOOD OVERFLOW
ROBIN_HOOD OVERFLOW
ROBIN_HOOD OVERFLOW
ROBIN_HOOD OVERFLOW
ROBIN_HOOD OVERFLOW
ROBIN_HOOD OVERFLOW
ROBIN_HOOD OVERFLOW
ROBIN_HOOD OVERFLOW
ROBIN_HOOD OVERFLOW
ROBIN_HOOD OVERFLOW
ROBIN_HOOD OVERFLOW
ROBIN_HOOD OVERFLOW
ROBIN_HOOD OVERFLOW
ROBIN_HOOD OVERFLOW
ROBIN_HOOD OVERFLOW
ROBIN_HOOD OVERFLOW
ROBIN_HOOD OVERFLOW
ROBIN_HOOD OVERFLOW
ROBIN_HOOD OVERFLOW
ROBIN_HOOD OVERFLOW
ROBIN_HOOD OVERFLOW
ROBIN_HOOD OVERFLOW
ROBIN_HOOD OVERFLOW
ROBIN_HOOD OVERFLOW
ROBIN_HOOD OVERFLOW
ROBIN_HOOD OVERFLOW
ROBIN_HOOD OVERFLOW
ROBIN_HOOD OVERFLOW
ROBIN_HOOD OVERFLOW
ROBIN_HOOD OVERFLOW
ROBIN_HOOD OVERFLOW
ROBIN_HOOD OVERFLOW
ROBIN_HOOD OVERFLOW
ROBIN_HOOD OVERFLOW
ROBIN_HOOD OVERFLOW
ROBIN_HOOD OVERFLOW
ROBIN_HOOD OVERFLOW
ROBIN_HOOD OVERFLOW
ROBIN_HOOD OVERFLOW
ROBIN_HOOD OVERFLOW
ROBIN_HOOD OVERFLOW
ROBIN_HOOD OVERFLOW
ROBIN_HOOD OVERFLOW
ROBIN_HOOD OVERFLOW
ROBIN_HOOD OVERFLOW
ROBIN_HOOD OVERFLOW
ROBIN_HOOD OVERFLOW
ROBIN_HOOD OVERFLOW
ROBIN_HOOD OVERFLOW
ROBIN_HOOD OVERFLOW
ROBIN_HOOD OVERFLOW
ROBIN_HOOD OVERFLOW
ROBIN_HOOD OVERFLOW
ROBIN_HOOD OVERFLOW
ROBIN_HOOD OVERFLOW
ROBIN_HOOD OVERFLOW
ROBIN_HOOD OVERFLOW
ROBIN_HOOD OVERFLOW
ROBIN_HOOD OVERFLOW
ROBIN_HOOD OVERFLOW
ROBIN_HOOD OVERFLOW
ROBIN_HOOD OVERFLOW
ROBIN_HOOD OVERFLOW
ROBIN_HOOD OVERFLOW
ROBIN_HOOD OVERFLOW
ROBIN_HOOD OVERFLOW
ROBIN_HOOD OVERFLOW
ROBIN_HOOD OVERFLOW
ROBIN_HOOD OVERFLOW
ROBIN_HOOD OVERFLOW
ROBIN_HOOD OVERFLOW
ROBIN_HOOD OVERFLOW
ROBIN_HOOD OVERFLOW
ROBIN_HOOD OVERFLOW
ROBIN_HOOD OVERFLOW
ROBIN_HOOD OVERFLOW
ROBIN_HOOD OVERFLOW
ROBIN_HOOD OVERFLOW
ROBIN_HOOD OVERFLOW
ROBIN_HOOD OVERFLOW
ROBIN_HOOD OVERFLOW
ROBIN_HOOD OVERFLOW
ROBIN_HOOD OVERFLOW
ROBIN_HOOD OVERFLOW
ROBIN_HOOD OVERFLOW
ROBIN_HOOD OVERFLOW
ROBIN_HOOD OVERFLOW
ROBIN_HOOD OVERFLOW
ROBIN_HOOD OVERFLOW
ROBIN_HOOD OVERFLOW
ROBIN_HOOD OVERFLOW
ROBIN_HOOD OVERFLOW
ROBIN_HOOD OVERFLOW
ROBIN_HOOD OVERFLOW
ROBIN_HOOD OVERFLOW
ROBIN_HOOD OVERFLOW
ROBIN_HOOD OVERFLOW
ROBIN_HOOD OVERFLOW
ROBIN_HOOD OVERFLOW
ROBIN_HOOD OVERFLOW
ROBIN_HOOD OVERFLOW
ROBIN_HOOD OVERFLOW
ROBIN_HOOD OVERFLOW
ROBIN_HOOD OVERFLOW
ROBIN_HOOD OVERFLOW
ROBIN_HOOD OVERFLOW
ROBIN_HOOD OVERFLOW
ROBIN_HOOD OVERFLOW
ROBIN_HOOD OVERFLOW
ROBIN_HOOD OVERFLOW
ROBIN_HOOD OVERFLOW
ROBIN_HOOD OVERFLOW
ROBIN_HOOD OVERFLOW
ROBIN_HOOD OVERFLOW
ROBIN_HOOD OVERFLOW
ROBIN_HOOD OVERFLOW
ROBIN_HOOD OVERFLOW
ROBIN_HOOD OVERFLOW
ROBIN_HOOD OVERFLOW
ROBIN_HOOD OVERFLOW
ROBIN_HOOD OVERFLOW
ROBIN_HOOD OVERFLOW
ROBIN_HOOD OVERFLOW
ROBIN_HOOD OVERFLOW
ROBIN_HOOD OVERFLOW
ROBIN_HOOD OVERFLOW
ROBIN_HOOD OVERFLOW
ROBIN_HOOD OVERFLOW
ROBIN_HOOD OVERFLOW
ROBIN_HOOD OVERFLOW
ROBIN_HOOD OVERFLOW
ROBIN_HOOD OVERFLOW
ROBIN_HOOD OVERFLOW
ROBIN_HOOD OVERFLOW
ROBIN_HOOD OVERFLOW
ROBIN_HOOD OVERFLOW
ROBIN_HOOD OVERFLOW
ROBIN_HOOD OVERFLOW
ROBIN_HOOD OVERFLOW
ROBIN_HOOD OVERFLOW
ROBIN_HOOD OVERFLOW
ROBIN_HOOD OVERFLOW
ROBIN_HOOD OVERFLOW
ROBIN_HOOD OVERFLOW
ROBIN_HOOD OVERFLOW
ROBIN_HOOD OVERFLOW
ROBIN_HOOD OVERFLOW
ROBIN_HOOD OVERFLOW
ROBIN_HOOD OVERFLOW
ROBIN_HOOD OVERFLOW
ROBIN_HOOD OVERFLOW
ROBIN_HOOD OVERFLOW
ROBIN_HOOD OVERFLOW
ROBIN_HOOD OVERFLOW
ROBIN_HOOD OVERFLOW
ROBIN_HOOD OVERFLOW
ROBIN_HOOD OVERFLOW
ROBIN_HOOD OVERFLOW
ROBIN_HOOD OVERFLOW
ROBIN_HOOD OVERFLOW
ROBIN_HOOD OVERFLOW
ROBIN_HOOD OVERFLOW
ROBIN_HOOD OVERFLOW
ROBIN_HOOD OVERFLOW
ROBIN_HOOD OVERFLOW
ROBIN_HOOD OVERFLOW
ROBIN_HOOD OVERFLOW
ROBIN_HOOD OVERFLOW
ROBIN_HOOD OVERFLOW
ROBIN_HOOD OVERFLOW
ROBIN_HOOD OVERFLOW
ROBIN_HOOD OVERFLOW
ROBIN_HOOD OVERFLOW
ROBIN_HOOD OVERFLOW
ROBIN_HOOD OVERFLOW
ROBIN_HOOD OVERFLOW
ROBIN_HOOD OVERFLOW
ROBIN_HOOD OVERFLOW
ROBIN_HOOD OVERFLOW
ROBIN_HOOD OVERFLOW
ROBIN_HOOD OVERFLOW
ROBIN_HOOD OVERFLOW
ROBIN_HOOD OVERFLOW
ROBIN_HOOD OVERFLOW
ROBIN_HOOD OVERFLOW
ROBIN_HOOD OVERFLOW
ROBIN_HOOD OVERFLOW
ROBIN_HOOD OVERFLOW
ROBIN_HOOD OVERFLOW
ROBIN_HOOD OVERFLOW
ROBIN_HOOD OVERFLOW
ROBIN_HOOD OVERFLOW
ROBIN_HOOD OVERFLOW
ROBIN_HOOD OVERFLOW
ROBIN_HOOD OVERFLOW
ROBIN_HOOD OVERFLOW
ROBIN_HOOD OVERFLOW
ROBIN_HOOD OVERFLOW
ROBIN_HOOD OVERFLOW
ROBIN_HOOD OVERFLOW
ROBIN_HOOD OVERFLOW
ROBIN_HOOD OVERFLOW
ROBIN_HOOD OVERFLOW
ROBIN_HOOD OVERFLOW
ROBIN_HOOD OVERFLOW
ROBIN_HOOD OVERFLOW
ROBIN_HOOD OVERFLOW
ROBIN_HOOD OVERFLOW
ROBIN_HOOD OVERFLOW
ROBIN_HOOD OVERFLOW
ROBIN_HOOD OVERFLOW
ROBIN_HOOD OVERFLOW
ROBIN_HOOD OVERFLOW
ROBIN_HOOD OVERFLOW
ROBIN_HOOD OVERFLOW
ROBIN_HOOD OVERFLOW
ROBIN_HOOD OVERFLOW
ROBIN_HOOD OVERFLOW
ROBIN_HOOD OVERFLOW
ROBIN_HOOD OVERFLOW
ROBIN_HOOD OVERFLOW
ROBIN_HOOD OVERFLOW
ROBIN_HOOD OVERFLOW
ROBIN_HOOD OVERFLOW
ROBIN_HOOD OVERFLOW
ROBIN_HOOD OVERFLOW
ROBIN_HOOD OVERFLOW
ROBIN_HOOD OVERFLOW
ROBIN_HOOD OVERFLOW
ROBIN_HOOD OVERFLOW
ROBIN_HOOD OVERFLOW
ROBIN_HOOD OVERFLOW
ROBIN_HOOD OVERFLOW
ROBIN_HOOD OVERFLOW
ROBIN_HOOD OVERFLOW
ROBIN_HOOD OVERFLOW
ROBIN_HOOD OVERFLOW
ROBIN_HOOD OVERFLOW
ROBIN_HOOD OVERFLOW
ROBIN_HOOD OVERFLOW
ROBIN_HOOD OVERFLOW
ROBIN_HOOD OVERFLOW
ROBIN_HOOD OVERFLOW
ROBIN_HOOD OVERFLOW
ROBIN_HOOD OVERFLOW
ROBIN_HOOD OVERFLOW
ROBIN_HOOD OVERFLOW
ROBIN_HOOD OVERFLOW
ROBIN_HOOD OVERFLOW
ROBIN_HOOD OVERFLOW
ROBIN_HOOD OVERFLOW
ROBIN_HOOD OVERFLOW
ROBIN_HOOD OVERFLOW
ROBIN_HOOD OVERFLOW
ROBIN_HOOD OVERFLOW
ROBIN_HOOD OVERFLOW
ROBIN_HOOD OVERFLOW
ROBIN_HOOD OVERFLOW
ROBIN_HOOD OVERFLOW
ROBIN_HOOD OVERFLOW
ROBIN_HOOD OVERFLOW
ROBIN_HOOD OVERFLOW
ROBIN_HOOD OVERFLOW
ROBIN_HOOD OVERFLOW
ROBIN_HOOD OVERFLOW
ROBIN_HOOD OVERFLOW
ROBIN_HOOD OVERFLOW
ROBIN_HOOD OVERFLOW
ROBIN_HOOD OVERFLOW
ROBIN_HOOD OVERFLOW
ROBIN_HOOD OVERFLOW
ROBIN_HOOD OVERFLOW
ROBIN_HOOD OVERFLOW
ROBIN_HOOD OVERFLOW
ROBIN_HOOD OVERFLOW
ROBIN_HOOD OVERFLOW
ROBIN_HOOD OVERFLOW
ROBIN_HOOD OVERFLOW
ROBIN_HOOD OVERFLOW
ROBIN_HOOD OVERFLOW
ROBIN_HOOD OVERFLOW
ROBIN_HOOD OVERFLOW
ROBIN_HOOD OVERFLOW
ROBIN_HOOD OVERFLOW
ROBIN_HOOD OVERFLOW
ROBIN_HOOD OVERFLOW
ROBIN_HOOD OVERFLOW
ROBIN_HOOD OVERFLOW
ROBIN_HOOD OVERFLOW
ROBIN_HOOD OVERFLOW
ROBIN_HOOD OVERFLOW
ROBIN_HOOD OVERFLOW
ROBIN_HOOD OVERFLOW
ROBIN_HOOD OVERFLOW
ROBIN_HOOD OVERFLOW
ROBIN_HOOD OVERFLOW
ROBIN_HOOD OVERFLOW
ROBIN_HOOD OVERFLOW
ROBIN_HOOD OVERFLOW
ROBIN_HOOD OVERFLOW
ROBIN_HOOD OVERFLOW
ROBIN_HOOD OVERFLOW
ROBIN_HOOD OVERFLOW
ROBIN_HOOD OVERFLOW
ROBIN_HOOD OVERFLOW
ROBIN_HOOD OVERFLOW
ROBIN_HOOD OVERFLOW
ROBIN_HOOD OVERFLOW
ROBIN_HOOD OVERFLOW
ROBIN_HOOD OVERFLOW
ROBIN_HOOD OVERFLOW
ROBIN_HOOD OVERFLOW
ROBIN_HOOD OVERFLOW
ROBIN_HOOD OVERFLOW
ROBIN_HOOD OVERFLOW
ROBIN_HOOD OVERFLOW
ROBIN_HOOD OVERFLOW
ROBIN_HOOD OVERFLOW
ROBIN_HOOD OVERFLOW
ROBIN_HOOD OVERFLOW
ROBIN_HOOD OVERFLOW
ROBIN_HOOD OVERFLOW
ROBIN_HOOD OVERFLOW
ROBIN_HOOD OVERFLOW
ROBIN_HOOD OVERFLOW
ROBIN_HOOD OVERFLOW
ROBIN_HOOD OVERFLOW
ROBIN_HOOD OVERFLOW
ROBIN_HOOD OVERFLOW
ROBIN_HOOD OVERFLOW
ROBIN_HOOD OVERFLOW
ROBIN_HOOD OVERFLOW
ROBIN_HOOD OVERFLOW
ROBIN_HOOD OVERFLOW
ROBIN_HOOD OVERFLOW
ROBIN_HOOD OVERFLOW
314.481 Collected 23242 relevant facts at this layer
314.481 Encoding ...
356.945 Attempting to solve formula with 58260154 clauses (210209636 literals) and 171 assumptions
357.924 Unsolvable at layer 9 -- expanding.
357.924 Iteration 10.
357.925 New layer size: 683
357.925 Instantiating ...
ROBIN_HOOD OVERFLOW
ROBIN_HOOD OVERFLOW
ROBIN_HOOD OVERFLOW
ROBIN_HOOD OVERFLOW
ROBIN_HOOD OVERFLOW
ROBIN_HOOD OVERFLOW
ROBIN_HOOD OVERFLOW
ROBIN_HOOD OVERFLOW
ROBIN_HOOD OVERFLOW
ROBIN_HOOD OVERFLOW
ROBIN_HOOD OVERFLOW
ROBIN_HOOD OVERFLOW
ROBIN_HOOD OVERFLOW
ROBIN_HOOD OVERFLOW
ROBIN_HOOD OVERFLOW
ROBIN_HOOD OVERFLOW
ROBIN_HOOD OVERFLOW
ROBIN_HOOD OVERFLOW
ROBIN_HOOD OVERFLOW
ROBIN_HOOD OVERFLOW
ROBIN_HOOD OVERFLOW
ROBIN_HOOD OVERFLOW
ROBIN_HOOD OVERFLOW
ROBIN_HOOD OVERFLOW
ROBIN_HOOD OVERFLOW
ROBIN_HOOD OVERFLOW
ROBIN_HOOD OVERFLOW
ROBIN_HOOD OVERFLOW
ROBIN_HOOD OVERFLOW
ROBIN_HOOD OVERFLOW
ROBIN_HOOD OVERFLOW
ROBIN_HOOD OVERFLOW
ROBIN_HOOD OVERFLOW
ROBIN_HOOD OVERFLOW
ROBIN_HOOD OVERFLOW
ROBIN_HOOD OVERFLOW
ROBIN_HOOD OVERFLOW
ROBIN_HOOD OVERFLOW
ROBIN_HOOD OVERFLOW
ROBIN_HOOD OVERFLOW
ROBIN_HOOD OVERFLOW
ROBIN_HOOD OVERFLOW
ROBIN_HOOD OVERFLOW
ROBIN_HOOD OVERFLOW
ROBIN_HOOD OVERFLOW
ROBIN_HOOD OVERFLOW
ROBIN_HOOD OVERFLOW
ROBIN_HOOD OVERFLOW
ROBIN_HOOD OVERFLOW
ROBIN_HOOD OVERFLOW
ROBIN_HOOD OVERFLOW
ROBIN_HOOD OVERFLOW
ROBIN_HOOD OVERFLOW
ROBIN_HOOD OVERFLOW
ROBIN_HOOD OVERFLOW
ROBIN_HOOD OVERFLOW
ROBIN_HOOD OVERFLOW
ROBIN_HOOD OVERFLOW
ROBIN_HOOD OVERFLOW
ROBIN_HOOD OVERFLOW
ROBIN_HOOD OVERFLOW
ROBIN_HOOD OVERFLOW
ROBIN_HOOD OVERFLOW
ROBIN_HOOD OVERFLOW
ROBIN_HOOD OVERFLOW
ROBIN_HOOD OVERFLOW
ROBIN_HOOD OVERFLOW
ROBIN_HOOD OVERFLOW
ROBIN_HOOD OVERFLOW
ROBIN_HOOD OVERFLOW
ROBIN_HOOD OVERFLOW
ROBIN_HOOD OVERFLOW
ROBIN_HOOD OVERFLOW
ROBIN_HOOD OVERFLOW
ROBIN_HOOD OVERFLOW
ROBIN_HOOD OVERFLOW
ROBIN_HOOD OVERFLOW
ROBIN_HOOD OVERFLOW
ROBIN_HOOD OVERFLOW
ROBIN_HOOD OVERFLOW
ROBIN_HOOD OVERFLOW
ROBIN_HOOD OVERFLOW
ROBIN_HOOD OVERFLOW
ROBIN_HOOD OVERFLOW
ROBIN_HOOD OVERFLOW
ROBIN_HOOD OVERFLOW
ROBIN_HOOD OVERFLOW
ROBIN_HOOD OVERFLOW
ROBIN_HOOD OVERFLOW
ROBIN_HOOD OVERFLOW
ROBIN_HOOD OVERFLOW
ROBIN_HOOD OVERFLOW
ROBIN_HOOD OVERFLOW
ROBIN_HOOD OVERFLOW
ROBIN_HOOD OVERFLOW
ROBIN_HOOD OVERFLOW
ROBIN_HOOD OVERFLOW
ROBIN_HOOD OVERFLOW
ROBIN_HOOD OVERFLOW
ROBIN_HOOD OVERFLOW
ROBIN_HOOD OVERFLOW
ROBIN_HOOD OVERFLOW
ROBIN_HOOD OVERFLOW
ROBIN_HOOD OVERFLOW
ROBIN_HOOD OVERFLOW
ROBIN_HOOD OVERFLOW
ROBIN_HOOD OVERFLOW
ROBIN_HOOD OVERFLOW
ROBIN_HOOD OVERFLOW
ROBIN_HOOD OVERFLOW
ROBIN_HOOD OVERFLOW
ROBIN_HOOD OVERFLOW
ROBIN_HOOD OVERFLOW
ROBIN_HOOD OVERFLOW
ROBIN_HOOD OVERFLOW
ROBIN_HOOD OVERFLOW
ROBIN_HOOD OVERFLOW
ROBIN_HOOD OVERFLOW
ROBIN_HOOD OVERFLOW
ROBIN_HOOD OVERFLOW
ROBIN_HOOD OVERFLOW
ROBIN_HOOD OVERFLOW
ROBIN_HOOD OVERFLOW
ROBIN_HOOD OVERFLOW
ROBIN_HOOD OVERFLOW
ROBIN_HOOD OVERFLOW
ROBIN_HOOD OVERFLOW
ROBIN_HOOD OVERFLOW
ROBIN_HOOD OVERFLOW
ROBIN_HOOD OVERFLOW
ROBIN_HOOD OVERFLOW
ROBIN_HOOD OVERFLOW
ROBIN_HOOD OVERFLOW
ROBIN_HOOD OVERFLOW
ROBIN_HOOD OVERFLOW
ROBIN_HOOD OVERFLOW
ROBIN_HOOD OVERFLOW
ROBIN_HOOD OVERFLOW
ROBIN_HOOD OVERFLOW
ROBIN_HOOD OVERFLOW
ROBIN_HOOD OVERFLOW
ROBIN_HOOD OVERFLOW
ROBIN_HOOD OVERFLOW
ROBIN_HOOD OVERFLOW
ROBIN_HOOD OVERFLOW
ROBIN_HOOD OVERFLOW
ROBIN_HOOD OVERFLOW
ROBIN_HOOD OVERFLOW
ROBIN_HOOD OVERFLOW
ROBIN_HOOD OVERFLOW
ROBIN_HOOD OVERFLOW
ROBIN_HOOD OVERFLOW
ROBIN_HOOD OVERFLOW
ROBIN_HOOD OVERFLOW
ROBIN_HOOD OVERFLOW
ROBIN_HOOD OVERFLOW
ROBIN_HOOD OVERFLOW
ROBIN_HOOD OVERFLOW
ROBIN_HOOD OVERFLOW
ROBIN_HOOD OVERFLOW
ROBIN_HOOD OVERFLOW
ROBIN_HOOD OVERFLOW
ROBIN_HOOD OVERFLOW
ROBIN_HOOD OVERFLOW
ROBIN_HOOD OVERFLOW
ROBIN_HOOD OVERFLOW
ROBIN_HOOD OVERFLOW
ROBIN_HOOD OVERFLOW
ROBIN_HOOD OVERFLOW
ROBIN_HOOD OVERFLOW
ROBIN_HOOD OVERFLOW
ROBIN_HOOD OVERFLOW
ROBIN_HOOD OVERFLOW
ROBIN_HOOD OVERFLOW
ROBIN_HOOD OVERFLOW
ROBIN_HOOD OVERFLOW
ROBIN_HOOD OVERFLOW
ROBIN_HOOD OVERFLOW
ROBIN_HOOD OVERFLOW
ROBIN_HOOD OVERFLOW
ROBIN_HOOD OVERFLOW
ROBIN_HOOD OVERFLOW
ROBIN_HOOD OVERFLOW
ROBIN_HOOD OVERFLOW
ROBIN_HOOD OVERFLOW
ROBIN_HOOD OVERFLOW
ROBIN_HOOD OVERFLOW
ROBIN_HOOD OVERFLOW
ROBIN_HOOD OVERFLOW
ROBIN_HOOD OVERFLOW
ROBIN_HOOD OVERFLOW
ROBIN_HOOD OVERFLOW
ROBIN_HOOD OVERFLOW
ROBIN_HOOD OVERFLOW
ROBIN_HOOD OVERFLOW
ROBIN_HOOD OVERFLOW
ROBIN_HOOD OVERFLOW
ROBIN_HOOD OVERFLOW
ROBIN_HOOD OVERFLOW
ROBIN_HOOD OVERFLOW
ROBIN_HOOD OVERFLOW
ROBIN_HOOD OVERFLOW
ROBIN_HOOD OVERFLOW
ROBIN_HOOD OVERFLOW
ROBIN_HOOD OVERFLOW
ROBIN_HOOD OVERFLOW
ROBIN_HOOD OVERFLOW
ROBIN_HOOD OVERFLOW
ROBIN_HOOD OVERFLOW
ROBIN_HOOD OVERFLOW
ROBIN_HOOD OVERFLOW
ROBIN_HOOD OVERFLOW
ROBIN_HOOD OVERFLOW
ROBIN_HOOD OVERFLOW
ROBIN_HOOD OVERFLOW
ROBIN_HOOD OVERFLOW
ROBIN_HOOD OVERFLOW
ROBIN_HOOD OVERFLOW
ROBIN_HOOD OVERFLOW
ROBIN_HOOD OVERFLOW
ROBIN_HOOD OVERFLOW
ROBIN_HOOD OVERFLOW
ROBIN_HOOD OVERFLOW
ROBIN_HOOD OVERFLOW
ROBIN_HOOD OVERFLOW
ROBIN_HOOD OVERFLOW
ROBIN_HOOD OVERFLOW
ROBIN_HOOD OVERFLOW
ROBIN_HOOD OVERFLOW
ROBIN_HOOD OVERFLOW
ROBIN_HOOD OVERFLOW
ROBIN_HOOD OVERFLOW
ROBIN_HOOD OVERFLOW
ROBIN_HOOD OVERFLOW
ROBIN_HOOD OVERFLOW
ROBIN_HOOD OVERFLOW
ROBIN_HOOD OVERFLOW
ROBIN_HOOD OVERFLOW
ROBIN_HOOD OVERFLOW
ROBIN_HOOD OVERFLOW
ROBIN_HOOD OVERFLOW
ROBIN_HOOD OVERFLOW
ROBIN_HOOD OVERFLOW
ROBIN_HOOD OVERFLOW
ROBIN_HOOD OVERFLOW
ROBIN_HOOD OVERFLOW
ROBIN_HOOD OVERFLOW
ROBIN_HOOD OVERFLOW
ROBIN_HOOD OVERFLOW
ROBIN_HOOD OVERFLOW
ROBIN_HOOD OVERFLOW
ROBIN_HOOD OVERFLOW
ROBIN_HOOD OVERFLOW
ROBIN_HOOD OVERFLOW
ROBIN_HOOD OVERFLOW
ROBIN_HOOD OVERFLOW
ROBIN_HOOD OVERFLOW
ROBIN_HOOD OVERFLOW
ROBIN_HOOD OVERFLOW
ROBIN_HOOD OVERFLOW
ROBIN_HOOD OVERFLOW
ROBIN_HOOD OVERFLOW
ROBIN_HOOD OVERFLOW
ROBIN_HOOD OVERFLOW
ROBIN_HOOD OVERFLOW
ROBIN_HOOD OVERFLOW
ROBIN_HOOD OVERFLOW
ROBIN_HOOD OVERFLOW
ROBIN_HOOD OVERFLOW
ROBIN_HOOD OVERFLOW
ROBIN_HOOD OVERFLOW
ROBIN_HOOD OVERFLOW
ROBIN_HOOD OVERFLOW
ROBIN_HOOD OVERFLOW
ROBIN_HOOD OVERFLOW
ROBIN_HOOD OVERFLOW
ROBIN_HOOD OVERFLOW
ROBIN_HOOD OVERFLOW
ROBIN_HOOD OVERFLOW
ROBIN_HOOD OVERFLOW
ROBIN_HOOD OVERFLOW
ROBIN_HOOD OVERFLOW
ROBIN_HOOD OVERFLOW
ROBIN_HOOD OVERFLOW
ROBIN_HOOD OVERFLOW
ROBIN_HOOD OVERFLOW
ROBIN_HOOD OVERFLOW
ROBIN_HOOD OVERFLOW
ROBIN_HOOD OVERFLOW
ROBIN_HOOD OVERFLOW
ROBIN_HOOD OVERFLOW
ROBIN_HOOD OVERFLOW
ROBIN_HOOD OVERFLOW
ROBIN_HOOD OVERFLOW
ROBIN_HOOD OVERFLOW
ROBIN_HOOD OVERFLOW
ROBIN_HOOD OVERFLOW
ROBIN_HOOD OVERFLOW
ROBIN_HOOD OVERFLOW
ROBIN_HOOD OVERFLOW
ROBIN_HOOD OVERFLOW
ROBIN_HOOD OVERFLOW
ROBIN_HOOD OVERFLOW
ROBIN_HOOD OVERFLOW
ROBIN_HOOD OVERFLOW
ROBIN_HOOD OVERFLOW
ROBIN_HOOD OVERFLOW
ROBIN_HOOD OVERFLOW
ROBIN_HOOD OVERFLOW
ROBIN_HOOD OVERFLOW
ROBIN_HOOD OVERFLOW
ROBIN_HOOD OVERFLOW
ROBIN_HOOD OVERFLOW
ROBIN_HOOD OVERFLOW
ROBIN_HOOD OVERFLOW
ROBIN_HOOD OVERFLOW
ROBIN_HOOD OVERFLOW
ROBIN_HOOD OVERFLOW
ROBIN_HOOD OVERFLOW
ROBIN_HOOD OVERFLOW
ROBIN_HOOD OVERFLOW
ROBIN_HOOD OVERFLOW
ROBIN_HOOD OVERFLOW
ROBIN_HOOD OVERFLOW
ROBIN_HOOD OVERFLOW
ROBIN_HOOD OVERFLOW
ROBIN_HOOD OVERFLOW
ROBIN_HOOD OVERFLOW
ROBIN_HOOD OVERFLOW
ROBIN_HOOD OVERFLOW
ROBIN_HOOD OVERFLOW
ROBIN_HOOD OVERFLOW
ROBIN_HOOD OVERFLOW
ROBIN_HOOD OVERFLOW
ROBIN_HOOD OVERFLOW
ROBIN_HOOD OVERFLOW
ROBIN_HOOD OVERFLOW
ROBIN_HOOD OVERFLOW
ROBIN_HOOD OVERFLOW
ROBIN_HOOD OVERFLOW
ROBIN_HOOD OVERFLOW
ROBIN_HOOD OVERFLOW
ROBIN_HOOD OVERFLOW
ROBIN_HOOD OVERFLOW
ROBIN_HOOD OVERFLOW
ROBIN_HOOD OVERFLOW
ROBIN_HOOD OVERFLOW
ROBIN_HOOD OVERFLOW
ROBIN_HOOD OVERFLOW
ROBIN_HOOD OVERFLOW
ROBIN_HOOD OVERFLOW
ROBIN_HOOD OVERFLOW
ROBIN_HOOD OVERFLOW
ROBIN_HOOD OVERFLOW
ROBIN_HOOD OVERFLOW
ROBIN_HOOD OVERFLOW
ROBIN_HOOD OVERFLOW
ROBIN_HOOD OVERFLOW
ROBIN_HOOD OVERFLOW
ROBIN_HOOD OVERFLOW
ROBIN_HOOD OVERFLOW
ROBIN_HOOD OVERFLOW
ROBIN_HOOD OVERFLOW
ROBIN_HOOD OVERFLOW
ROBIN_HOOD OVERFLOW
ROBIN_HOOD OVERFLOW
ROBIN_HOOD OVERFLOW
ROBIN_HOOD OVERFLOW
ROBIN_HOOD OVERFLOW
ROBIN_HOOD OVERFLOW
ROBIN_HOOD OVERFLOW
ROBIN_HOOD OVERFLOW
ROBIN_HOOD OVERFLOW
ROBIN_HOOD OVERFLOW
ROBIN_HOOD OVERFLOW
ROBIN_HOOD OVERFLOW
ROBIN_HOOD OVERFLOW
ROBIN_HOOD OVERFLOW
ROBIN_HOOD OVERFLOW
ROBIN_HOOD OVERFLOW
ROBIN_HOOD OVERFLOW
ROBIN_HOOD OVERFLOW
ROBIN_HOOD OVERFLOW
ROBIN_HOOD OVERFLOW
ROBIN_HOOD OVERFLOW
ROBIN_HOOD OVERFLOW
ROBIN_HOOD OVERFLOW
ROBIN_HOOD OVERFLOW
ROBIN_HOOD OVERFLOW
ROBIN_HOOD OVERFLOW
ROBIN_HOOD OVERFLOW
ROBIN_HOOD OVERFLOW
ROBIN_HOOD OVERFLOW
ROBIN_HOOD OVERFLOW
ROBIN_HOOD OVERFLOW
ROBIN_HOOD OVERFLOW
ROBIN_HOOD OVERFLOW
ROBIN_HOOD OVERFLOW
ROBIN_HOOD OVERFLOW
ROBIN_HOOD OVERFLOW
ROBIN_HOOD OVERFLOW
ROBIN_HOOD OVERFLOW
ROBIN_HOOD OVERFLOW
ROBIN_HOOD OVERFLOW
ROBIN_HOOD OVERFLOW
ROBIN_HOOD OVERFLOW
ROBIN_HOOD OVERFLOW
ROBIN_HOOD OVERFLOW
ROBIN_HOOD OVERFLOW
ROBIN_HOOD OVERFLOW
ROBIN_HOOD OVERFLOW
ROBIN_HOOD OVERFLOW
ROBIN_HOOD OVERFLOW
ROBIN_HOOD OVERFLOW
ROBIN_HOOD OVERFLOW
ROBIN_HOOD OVERFLOW
ROBIN_HOOD OVERFLOW
ROBIN_HOOD OVERFLOW
ROBIN_HOOD OVERFLOW
ROBIN_HOOD OVERFLOW
ROBIN_HOOD OVERFLOW
ROBIN_HOOD OVERFLOW
ROBIN_HOOD OVERFLOW
ROBIN_HOOD OVERFLOW
ROBIN_HOOD OVERFLOW
ROBIN_HOOD OVERFLOW
ROBIN_HOOD OVERFLOW
ROBIN_HOOD OVERFLOW
ROBIN_HOOD OVERFLOW
ROBIN_HOOD OVERFLOW
ROBIN_HOOD OVERFLOW
ROBIN_HOOD OVERFLOW
ROBIN_HOOD OVERFLOW
ROBIN_HOOD OVERFLOW
ROBIN_HOOD OVERFLOW
ROBIN_HOOD OVERFLOW
ROBIN_HOOD OVERFLOW
ROBIN_HOOD OVERFLOW
ROBIN_HOOD OVERFLOW
ROBIN_HOOD OVERFLOW
ROBIN_HOOD OVERFLOW
ROBIN_HOOD OVERFLOW
ROBIN_HOOD OVERFLOW
ROBIN_HOOD OVERFLOW
ROBIN_HOOD OVERFLOW
ROBIN_HOOD OVERFLOW
ROBIN_HOOD OVERFLOW
ROBIN_HOOD OVERFLOW
ROBIN_HOOD OVERFLOW
ROBIN_HOOD OVERFLOW
ROBIN_HOOD OVERFLOW
ROBIN_HOOD OVERFLOW
ROBIN_HOOD OVERFLOW
ROBIN_HOOD OVERFLOW
ROBIN_HOOD OVERFLOW
ROBIN_HOOD OVERFLOW
ROBIN_HOOD OVERFLOW
ROBIN_HOOD OVERFLOW
ROBIN_HOOD OVERFLOW
ROBIN_HOOD OVERFLOW
ROBIN_HOOD OVERFLOW
ROBIN_HOOD OVERFLOW
ROBIN_HOOD OVERFLOW
ROBIN_HOOD OVERFLOW
ROBIN_HOOD OVERFLOW
ROBIN_HOOD OVERFLOW
ROBIN_HOOD OVERFLOW
ROBIN_HOOD OVERFLOW
ROBIN_HOOD OVERFLOW
ROBIN_HOOD OVERFLOW
ROBIN_HOOD OVERFLOW
ROBIN_HOOD OVERFLOW
ROBIN_HOOD OVERFLOW
ROBIN_HOOD OVERFLOW
ROBIN_HOOD OVERFLOW
ROBIN_HOOD OVERFLOW
ROBIN_HOOD OVERFLOW
ROBIN_HOOD OVERFLOW
ROBIN_HOOD OVERFLOW
ROBIN_HOOD OVERFLOW
ROBIN_HOOD OVERFLOW
ROBIN_HOOD OVERFLOW
ROBIN_HOOD OVERFLOW
ROBIN_HOOD OVERFLOW
ROBIN_HOOD OVERFLOW
ROBIN_HOOD OVERFLOW
ROBIN_HOOD OVERFLOW
ROBIN_HOOD OVERFLOW
ROBIN_HOOD OVERFLOW
ROBIN_HOOD OVERFLOW
ROBIN_HOOD OVERFLOW
ROBIN_HOOD OVERFLOW
ROBIN_HOOD OVERFLOW
ROBIN_HOOD OVERFLOW
ROBIN_HOOD OVERFLOW
ROBIN_HOOD OVERFLOW
ROBIN_HOOD OVERFLOW
ROBIN_HOOD OVERFLOW
ROBIN_HOOD OVERFLOW
ROBIN_HOOD OVERFLOW
ROBIN_HOOD OVERFLOW
ROBIN_HOOD OVERFLOW
ROBIN_HOOD OVERFLOW
ROBIN_HOOD OVERFLOW
ROBIN_HOOD OVERFLOW
ROBIN_HOOD OVERFLOW
ROBIN_HOOD OVERFLOW
ROBIN_HOOD OVERFLOW
ROBIN_HOOD OVERFLOW
ROBIN_HOOD OVERFLOW
ROBIN_HOOD OVERFLOW
ROBIN_HOOD OVERFLOW
ROBIN_HOOD OVERFLOW
ROBIN_HOOD OVERFLOW
ROBIN_HOOD OVERFLOW
ROBIN_HOOD OVERFLOW
ROBIN_HOOD OVERFLOW
ROBIN_HOOD OVERFLOW
ROBIN_HOOD OVERFLOW
ROBIN_HOOD OVERFLOW
ROBIN_HOOD OVERFLOW
ROBIN_HOOD OVERFLOW
ROBIN_HOOD OVERFLOW
ROBIN_HOOD OVERFLOW
ROBIN_HOOD OVERFLOW
ROBIN_HOOD OVERFLOW
ROBIN_HOOD OVERFLOW
ROBIN_HOOD OVERFLOW
ROBIN_HOOD OVERFLOW
ROBIN_HOOD OVERFLOW
ROBIN_HOOD OVERFLOW
ROBIN_HOOD OVERFLOW
ROBIN_HOOD OVERFLOW
ROBIN_HOOD OVERFLOW
ROBIN_HOOD OVERFLOW
ROBIN_HOOD OVERFLOW
ROBIN_HOOD OVERFLOW
ROBIN_HOOD OVERFLOW
ROBIN_HOOD OVERFLOW
ROBIN_HOOD OVERFLOW
ROBIN_HOOD OVERFLOW
ROBIN_HOOD OVERFLOW
ROBIN_HOOD OVERFLOW
ROBIN_HOOD OVERFLOW
ROBIN_HOOD OVERFLOW
ROBIN_HOOD OVERFLOW
ROBIN_HOOD OVERFLOW
ROBIN_HOOD OVERFLOW
ROBIN_HOOD OVERFLOW
ROBIN_HOOD OVERFLOW
ROBIN_HOOD OVERFLOW
ROBIN_HOOD OVERFLOW
ROBIN_HOOD OVERFLOW
ROBIN_HOOD OVERFLOW
ROBIN_HOOD OVERFLOW
ROBIN_HOOD OVERFLOW
ROBIN_HOOD OVERFLOW
ROBIN_HOOD OVERFLOW
ROBIN_HOOD OVERFLOW
ROBIN_HOOD OVERFLOW
ROBIN_HOOD OVERFLOW
ROBIN_HOOD OVERFLOW
ROBIN_HOOD OVERFLOW
ROBIN_HOOD OVERFLOW
ROBIN_HOOD OVERFLOW
ROBIN_HOOD OVERFLOW
ROBIN_HOOD OVERFLOW
ROBIN_HOOD OVERFLOW
ROBIN_HOOD OVERFLOW
ROBIN_HOOD OVERFLOW
ROBIN_HOOD OVERFLOW
ROBIN_HOOD OVERFLOW
ROBIN_HOOD OVERFLOW
ROBIN_HOOD OVERFLOW
ROBIN_HOOD OVERFLOW
ROBIN_HOOD OVERFLOW
ROBIN_HOOD OVERFLOW
ROBIN_HOOD OVERFLOW
ROBIN_HOOD OVERFLOW
ROBIN_HOOD OVERFLOW
ROBIN_HOOD OVERFLOW
ROBIN_HOOD OVERFLOW
ROBIN_HOOD OVERFLOW
ROBIN_HOOD OVERFLOW
ROBIN_HOOD OVERFLOW
ROBIN_HOOD OVERFLOW
ROBIN_HOOD OVERFLOW
ROBIN_HOOD OVERFLOW
ROBIN_HOOD OVERFLOW
ROBIN_HOOD OVERFLOW
ROBIN_HOOD OVERFLOW
ROBIN_HOOD OVERFLOW
ROBIN_HOOD OVERFLOW
ROBIN_HOOD OVERFLOW
ROBIN_HOOD OVERFLOW
ROBIN_HOOD OVERFLOW
ROBIN_HOOD OVERFLOW
ROBIN_HOOD OVERFLOW
ROBIN_HOOD OVERFLOW
ROBIN_HOOD OVERFLOW
ROBIN_HOOD OVERFLOW
ROBIN_HOOD OVERFLOW
ROBIN_HOOD OVERFLOW
ROBIN_HOOD OVERFLOW
ROBIN_HOOD OVERFLOW
ROBIN_HOOD OVERFLOW
ROBIN_HOOD OVERFLOW
ROBIN_HOOD OVERFLOW
ROBIN_HOOD OVERFLOW
ROBIN_HOOD OVERFLOW
ROBIN_HOOD OVERFLOW
ROBIN_HOOD OVERFLOW
ROBIN_HOOD OVERFLOW
ROBIN_HOOD OVERFLOW
ROBIN_HOOD OVERFLOW
ROBIN_HOOD OVERFLOW
ROBIN_HOOD OVERFLOW
ROBIN_HOOD OVERFLOW
ROBIN_HOOD OVERFLOW
ROBIN_HOOD OVERFLOW
ROBIN_HOOD OVERFLOW
ROBIN_HOOD OVERFLOW
ROBIN_HOOD OVERFLOW
ROBIN_HOOD OVERFLOW
ROBIN_HOOD OVERFLOW
ROBIN_HOOD OVERFLOW
ROBIN_HOOD OVERFLOW
ROBIN_HOOD OVERFLOW
ROBIN_HOOD OVERFLOW
ROBIN_HOOD OVERFLOW
ROBIN_HOOD OVERFLOW
ROBIN_HOOD OVERFLOW
ROBIN_HOOD OVERFLOW
ROBIN_HOOD OVERFLOW
ROBIN_HOOD OVERFLOW
ROBIN_HOOD OVERFLOW
ROBIN_HOOD OVERFLOW
ROBIN_HOOD OVERFLOW
ROBIN_HOOD OVERFLOW
ROBIN_HOOD OVERFLOW
ROBIN_HOOD OVERFLOW
ROBIN_HOOD OVERFLOW
ROBIN_HOOD OVERFLOW
ROBIN_HOOD OVERFLOW
ROBIN_HOOD OVERFLOW
ROBIN_HOOD OVERFLOW
ROBIN_HOOD OVERFLOW
ROBIN_HOOD OVERFLOW
ROBIN_HOOD OVERFLOW
ROBIN_HOOD OVERFLOW
ROBIN_HOOD OVERFLOW
ROBIN_HOOD OVERFLOW
ROBIN_HOOD OVERFLOW
ROBIN_HOOD OVERFLOW
ROBIN_HOOD OVERFLOW
ROBIN_HOOD OVERFLOW
ROBIN_HOOD OVERFLOW
ROBIN_HOOD OVERFLOW
ROBIN_HOOD OVERFLOW
ROBIN_HOOD OVERFLOW
ROBIN_HOOD OVERFLOW
ROBIN_HOOD OVERFLOW
ROBIN_HOOD OVERFLOW
ROBIN_HOOD OVERFLOW
ROBIN_HOOD OVERFLOW
ROBIN_HOOD OVERFLOW
ROBIN_HOOD OVERFLOW
ROBIN_HOOD OVERFLOW
ROBIN_HOOD OVERFLOW
ROBIN_HOOD OVERFLOW
ROBIN_HOOD OVERFLOW
ROBIN_HOOD OVERFLOW
ROBIN_HOOD OVERFLOW
ROBIN_HOOD OVERFLOW
ROBIN_HOOD OVERFLOW
ROBIN_HOOD OVERFLOW
ROBIN_HOOD OVERFLOW
ROBIN_HOOD OVERFLOW
ROBIN_HOOD OVERFLOW
ROBIN_HOOD OVERFLOW
ROBIN_HOOD OVERFLOW
ROBIN_HOOD OVERFLOW
ROBIN_HOOD OVERFLOW
ROBIN_HOOD OVERFLOW
ROBIN_HOOD OVERFLOW
ROBIN_HOOD OVERFLOW
ROBIN_HOOD OVERFLOW
ROBIN_HOOD OVERFLOW
ROBIN_HOOD OVERFLOW
ROBIN_HOOD OVERFLOW
ROBIN_HOOD OVERFLOW
ROBIN_HOOD OVERFLOW
ROBIN_HOOD OVERFLOW
ROBIN_HOOD OVERFLOW
ROBIN_HOOD OVERFLOW
ROBIN_HOOD OVERFLOW
ROBIN_HOOD OVERFLOW
ROBIN_HOOD OVERFLOW
ROBIN_HOOD OVERFLOW
ROBIN_HOOD OVERFLOW
ROBIN_HOOD OVERFLOW
ROBIN_HOOD OVERFLOW
ROBIN_HOOD OVERFLOW
ROBIN_HOOD OVERFLOW
ROBIN_HOOD OVERFLOW
ROBIN_HOOD OVERFLOW
ROBIN_HOOD OVERFLOW
ROBIN_HOOD OVERFLOW
ROBIN_HOOD OVERFLOW
ROBIN_HOOD OVERFLOW
ROBIN_HOOD OVERFLOW
ROBIN_HOOD OVERFLOW
ROBIN_HOOD OVERFLOW
ROBIN_HOOD OVERFLOW
ROBIN_HOOD OVERFLOW
ROBIN_HOOD OVERFLOW
ROBIN_HOOD OVERFLOW
ROBIN_HOOD OVERFLOW
ROBIN_HOOD OVERFLOW
ROBIN_HOOD OVERFLOW
ROBIN_HOOD OVERFLOW
ROBIN_HOOD OVERFLOW
ROBIN_HOOD OVERFLOW
ROBIN_HOOD OVERFLOW
ROBIN_HOOD OVERFLOW
ROBIN_HOOD OVERFLOW
ROBIN_HOOD OVERFLOW
ROBIN_HOOD OVERFLOW
ROBIN_HOOD OVERFLOW
ROBIN_HOOD OVERFLOW
ROBIN_HOOD OVERFLOW
ROBIN_HOOD OVERFLOW
ROBIN_HOOD OVERFLOW
ROBIN_HOOD OVERFLOW
ROBIN_HOOD OVERFLOW
ROBIN_HOOD OVERFLOW
ROBIN_HOOD OVERFLOW
ROBIN_HOOD OVERFLOW
ROBIN_HOOD OVERFLOW
ROBIN_HOOD OVERFLOW
ROBIN_HOOD OVERFLOW
ROBIN_HOOD OVERFLOW
ROBIN_HOOD OVERFLOW
ROBIN_HOOD OVERFLOW
ROBIN_HOOD OVERFLOW
ROBIN_HOOD OVERFLOW
ROBIN_HOOD OVERFLOW
ROBIN_HOOD OVERFLOW
ROBIN_HOOD OVERFLOW
ROBIN_HOOD OVERFLOW
ROBIN_HOOD OVERFLOW
ROBIN_HOOD OVERFLOW
ROBIN_HOOD OVERFLOW
ROBIN_HOOD OVERFLOW
ROBIN_HOOD OVERFLOW
ROBIN_HOOD OVERFLOW
ROBIN_HOOD OVERFLOW
ROBIN_HOOD OVERFLOW
ROBIN_HOOD OVERFLOW
ROBIN_HOOD OVERFLOW
ROBIN_HOOD OVERFLOW
ROBIN_HOOD OVERFLOW
ROBIN_HOOD OVERFLOW
ROBIN_HOOD OVERFLOW
ROBIN_HOOD OVERFLOW
ROBIN_HOOD OVERFLOW
ROBIN_HOOD OVERFLOW
ROBIN_HOOD OVERFLOW
ROBIN_HOOD OVERFLOW
ROBIN_HOOD OVERFLOW
ROBIN_HOOD OVERFLOW
ROBIN_HOOD OVERFLOW
ROBIN_HOOD OVERFLOW
ROBIN_HOOD OVERFLOW
ROBIN_HOOD OVERFLOW
ROBIN_HOOD OVERFLOW
ROBIN_HOOD OVERFLOW
ROBIN_HOOD OVERFLOW
ROBIN_HOOD OVERFLOW
ROBIN_HOOD OVERFLOW
ROBIN_HOOD OVERFLOW
ROBIN_HOOD OVERFLOW
ROBIN_HOOD OVERFLOW
ROBIN_HOOD OVERFLOW
ROBIN_HOOD OVERFLOW
ROBIN_HOOD OVERFLOW
ROBIN_HOOD OVERFLOW
ROBIN_HOOD OVERFLOW
ROBIN_HOOD OVERFLOW
ROBIN_HOOD OVERFLOW
ROBIN_HOOD OVERFLOW
ROBIN_HOOD OVERFLOW
ROBIN_HOOD OVERFLOW
ROBIN_HOOD OVERFLOW
ROBIN_HOOD OVERFLOW
ROBIN_HOOD OVERFLOW
ROBIN_HOOD OVERFLOW
ROBIN_HOOD OVERFLOW
ROBIN_HOOD OVERFLOW
ROBIN_HOOD OVERFLOW
ROBIN_HOOD OVERFLOW
ROBIN_HOOD OVERFLOW
ROBIN_HOOD OVERFLOW
ROBIN_HOOD OVERFLOW
ROBIN_HOOD OVERFLOW
ROBIN_HOOD OVERFLOW
ROBIN_HOOD OVERFLOW
ROBIN_HOOD OVERFLOW
ROBIN_HOOD OVERFLOW
ROBIN_HOOD OVERFLOW
ROBIN_HOOD OVERFLOW
ROBIN_HOOD OVERFLOW
ROBIN_HOOD OVERFLOW
ROBIN_HOOD OVERFLOW
ROBIN_HOOD OVERFLOW
ROBIN_HOOD OVERFLOW
ROBIN_HOOD OVERFLOW
ROBIN_HOOD OVERFLOW
ROBIN_HOOD OVERFLOW
ROBIN_HOOD OVERFLOW
ROBIN_HOOD OVERFLOW
ROBIN_HOOD OVERFLOW
ROBIN_HOOD OVERFLOW
ROBIN_HOOD OVERFLOW
ROBIN_HOOD OVERFLOW
ROBIN_HOOD OVERFLOW
ROBIN_HOOD OVERFLOW
ROBIN_HOOD OVERFLOW
ROBIN_HOOD OVERFLOW
ROBIN_HOOD OVERFLOW
ROBIN_HOOD OVERFLOW
ROBIN_HOOD OVERFLOW
ROBIN_HOOD OVERFLOW
ROBIN_HOOD OVERFLOW
ROBIN_HOOD OVERFLOW
ROBIN_HOOD OVERFLOW
ROBIN_HOOD OVERFLOW
ROBIN_HOOD OVERFLOW
ROBIN_HOOD OVERFLOW
ROBIN_HOOD OVERFLOW
ROBIN_HOOD OVERFLOW
ROBIN_HOOD OVERFLOW
ROBIN_HOOD OVERFLOW
ROBIN_HOOD OVERFLOW
ROBIN_HOOD OVERFLOW
ROBIN_HOOD OVERFLOW
ROBIN_HOOD OVERFLOW
ROBIN_HOOD OVERFLOW
ROBIN_HOOD OVERFLOW
ROBIN_HOOD OVERFLOW
ROBIN_HOOD OVERFLOW
ROBIN_HOOD OVERFLOW
ROBIN_HOOD OVERFLOW
ROBIN_HOOD OVERFLOW
ROBIN_HOOD OVERFLOW
ROBIN_HOOD OVERFLOW
ROBIN_HOOD OVERFLOW
ROBIN_HOOD OVERFLOW
ROBIN_HOOD OVERFLOW
ROBIN_HOOD OVERFLOW
ROBIN_HOOD OVERFLOW
ROBIN_HOOD OVERFLOW
ROBIN_HOOD OVERFLOW
ROBIN_HOOD OVERFLOW
ROBIN_HOOD OVERFLOW
ROBIN_HOOD OVERFLOW
ROBIN_HOOD OVERFLOW
ROBIN_HOOD OVERFLOW
ROBIN_HOOD OVERFLOW
ROBIN_HOOD OVERFLOW
ROBIN_HOOD OVERFLOW
ROBIN_HOOD OVERFLOW
ROBIN_HOOD OVERFLOW
ROBIN_HOOD OVERFLOW
ROBIN_HOOD OVERFLOW
ROBIN_HOOD OVERFLOW
ROBIN_HOOD OVERFLOW
ROBIN_HOOD OVERFLOW
ROBIN_HOOD OVERFLOW
ROBIN_HOOD OVERFLOW
ROBIN_HOOD OVERFLOW
ROBIN_HOOD OVERFLOW
ROBIN_HOOD OVERFLOW
ROBIN_HOOD OVERFLOW
ROBIN_HOOD OVERFLOW
ROBIN_HOOD OVERFLOW
ROBIN_HOOD OVERFLOW
ROBIN_HOOD OVERFLOW
ROBIN_HOOD OVERFLOW
ROBIN_HOOD OVERFLOW
ROBIN_HOOD OVERFLOW
ROBIN_HOOD OVERFLOW
ROBIN_HOOD OVERFLOW
ROBIN_HOOD OVERFLOW
ROBIN_HOOD OVERFLOW
ROBIN_HOOD OVERFLOW
ROBIN_HOOD OVERFLOW
ROBIN_HOOD OVERFLOW
ROBIN_HOOD OVERFLOW
ROBIN_HOOD OVERFLOW
ROBIN_HOOD OVERFLOW
ROBIN_HOOD OVERFLOW
ROBIN_HOOD OVERFLOW
ROBIN_HOOD OVERFLOW
ROBIN_HOOD OVERFLOW
ROBIN_HOOD OVERFLOW
ROBIN_HOOD OVERFLOW
ROBIN_HOOD OVERFLOW
ROBIN_HOOD OVERFLOW
ROBIN_HOOD OVERFLOW
ROBIN_HOOD OVERFLOW
ROBIN_HOOD OVERFLOW
ROBIN_HOOD OVERFLOW
ROBIN_HOOD OVERFLOW
ROBIN_HOOD OVERFLOW
ROBIN_HOOD OVERFLOW
ROBIN_HOOD OVERFLOW
ROBIN_HOOD OVERFLOW
ROBIN_HOOD OVERFLOW
ROBIN_HOOD OVERFLOW
ROBIN_HOOD OVERFLOW
ROBIN_HOOD OVERFLOW
ROBIN_HOOD OVERFLOW
ROBIN_HOOD OVERFLOW
ROBIN_HOOD OVERFLOW
ROBIN_HOOD OVERFLOW
ROBIN_HOOD OVERFLOW
ROBIN_HOOD OVERFLOW
ROBIN_HOOD OVERFLOW
ROBIN_HOOD OVERFLOW
ROBIN_HOOD OVERFLOW
ROBIN_HOOD OVERFLOW
ROBIN_HOOD OVERFLOW
ROBIN_HOOD OVERFLOW
ROBIN_HOOD OVERFLOW
ROBIN_HOOD OVERFLOW
ROBIN_HOOD OVERFLOW
ROBIN_HOOD OVERFLOW
ROBIN_HOOD OVERFLOW
ROBIN_HOOD OVERFLOW
ROBIN_HOOD OVERFLOW
ROBIN_HOOD OVERFLOW
ROBIN_HOOD OVERFLOW
ROBIN_HOOD OVERFLOW
ROBIN_HOOD OVERFLOW
ROBIN_HOOD OVERFLOW
ROBIN_HOOD OVERFLOW
ROBIN_HOOD OVERFLOW
ROBIN_HOOD OVERFLOW
ROBIN_HOOD OVERFLOW
ROBIN_HOOD OVERFLOW
ROBIN_HOOD OVERFLOW
ROBIN_HOOD OVERFLOW
ROBIN_HOOD OVERFLOW
ROBIN_HOOD OVERFLOW
ROBIN_HOOD OVERFLOW
ROBIN_HOOD OVERFLOW
ROBIN_HOOD OVERFLOW
ROBIN_HOOD OVERFLOW
ROBIN_HOOD OVERFLOW
ROBIN_HOOD OVERFLOW
ROBIN_HOOD OVERFLOW
ROBIN_HOOD OVERFLOW
ROBIN_HOOD OVERFLOW
ROBIN_HOOD OVERFLOW
ROBIN_HOOD OVERFLOW
ROBIN_HOOD OVERFLOW
ROBIN_HOOD OVERFLOW
ROBIN_HOOD OVERFLOW
ROBIN_HOOD OVERFLOW
ROBIN_HOOD OVERFLOW
ROBIN_HOOD OVERFLOW
ROBIN_HOOD OVERFLOW
ROBIN_HOOD OVERFLOW
ROBIN_HOOD OVERFLOW
ROBIN_HOOD OVERFLOW
ROBIN_HOOD OVERFLOW
ROBIN_HOOD OVERFLOW
ROBIN_HOOD OVERFLOW
ROBIN_HOOD OVERFLOW
ROBIN_HOOD OVERFLOW
ROBIN_HOOD OVERFLOW
ROBIN_HOOD OVERFLOW
ROBIN_HOOD OVERFLOW
ROBIN_HOOD OVERFLOW
ROBIN_HOOD OVERFLOW
ROBIN_HOOD OVERFLOW
ROBIN_HOOD OVERFLOW
ROBIN_HOOD OVERFLOW
ROBIN_HOOD OVERFLOW
ROBIN_HOOD OVERFLOW
ROBIN_HOOD OVERFLOW
ROBIN_HOOD OVERFLOW
ROBIN_HOOD OVERFLOW
ROBIN_HOOD OVERFLOW
ROBIN_HOOD OVERFLOW
ROBIN_HOOD OVERFLOW
ROBIN_HOOD OVERFLOW
ROBIN_HOOD OVERFLOW
ROBIN_HOOD OVERFLOW
ROBIN_HOOD OVERFLOW
ROBIN_HOOD OVERFLOW
ROBIN_HOOD OVERFLOW
ROBIN_HOOD OVERFLOW
ROBIN_HOOD OVERFLOW
ROBIN_HOOD OVERFLOW
ROBIN_HOOD OVERFLOW
ROBIN_HOOD OVERFLOW
ROBIN_HOOD OVERFLOW
ROBIN_HOOD OVERFLOW
ROBIN_HOOD OVERFLOW
ROBIN_HOOD OVERFLOW
ROBIN_HOOD OVERFLOW
ROBIN_HOOD OVERFLOW
ROBIN_HOOD OVERFLOW
ROBIN_HOOD OVERFLOW
ROBIN_HOOD OVERFLOW
ROBIN_HOOD OVERFLOW
ROBIN_HOOD OVERFLOW
ROBIN_HOOD OVERFLOW
519.345 Termination signal caught.
519.345 Total amount of clauses encoded: 58260154
519.345 - directframeaxioms : 23277484 cls
519.345 - qfactsemantics : 17343489 cls
519.345 - indirectframeaxioms : 13372694 cls
519.345 - reductionconstraints : 3742710 cls
519.345 - actionconstraints : 231717 cls
519.345 - substitutionconstraints : 123775 cls
519.345 - qconstequality : 115112 cls
519.345 - truefacts : 23242 cls
519.345 - atmostoneelement : 16562 cls
519.345 - expansions : 5506 cls
519.345 - predecessors : 4885 cls
519.345 - actioneffects : 2976 cls
519.345 - axiomaticops : 2 cls
519.345 # instantiated positions: 1062
519.345 # instantiated actions: 4185
519.345 # instantiated reductions: 3418
519.345 # introduced pseudo-constants: 1322
519.345 # retroactive prunings: 0
519.345 # retroactively pruned operations: 0
519.345 # dominated operations: 3
519.345 # total invalid rigid preconditions found in getPFC: 0
519.345 # invalid rigid preconditions found in getPFC: 0
519.345 # invalid rigid preconditions found in getPFC in varrestrictions: 0
519.345 # total invalid fluent preconditions found in getPFC: 0
519.345 # invalid fluent preconditions found in getPFC: 0
519.345 # invalid fluent preconditions found in getPFC in varrestrictions: 0
519.345 # invalid fluent preconditions found in getPFC via postconditions: 0
519.345 # invalid subtasks found in getPFC: 0
519.345 # number effects in operation fact_frames: 213
519.345 Exiting happily.

RUNWATCH_RESULT MEMOUT RETVAL 0 TIME_SECS 520.289 MEMPEAK_KBS 16080624
