    _           _         _
   \ |         \ |       | |                       
   | |     __  | |      _| |______                
   | |     \/  | |     /_   ______\                
   | |      _  | |   __  | |  ___   ___   ___       
   | |___  | | | |  / .\ | | / , | |   \ / ·_\    
   \_____\ |_| |__\ \__/ |_| \___) |_|_| \___\  
[39mL i l o t a n e  version rls-glucose4
by Dominik Schreiber <dominik.schreiber@kit.edu> 2020-2021
using SAT solver glucose4

0.020 Parser finished.
0.021 Structures extracted.
0.022 74 operators and 75 methods created.
0.062 Mined 65 new reduction preconditions (+6500.0%).
0.062 Iteration 0.
0.062 Creating initial layer of size 2
0.079 Attempting to solve formula with 3 clauses (3 literals) and 1 assumptions
0.080 Unsolvable at layer 0 -- expanding.
0.080 Iteration 1.
0.080 New layer size: 2
0.080 Instantiating ...
0.299 Collected 0 relevant facts at this layer
0.299 Encoding ...
0.300 Attempting to solve formula with 494 clauses (1059 literals) and 1 assumptions
0.300 Unsolvable at layer 1 -- expanding.
0.300 Iteration 2.
0.300 New layer size: 2
0.300 Instantiating ...
0.483 Collected 0 relevant facts at this layer
0.483 Encoding ...
0.484 Attempting to solve formula with 596 clauses (1326 literals) and 1 assumptions
0.484 Unsolvable at layer 2 -- expanding.
0.484 Iteration 3.
0.484 New layer size: 7
0.484 Instantiating ...
0.572 Collected 48 relevant facts at this layer
0.572 Encoding ...
0.577 Attempting to solve formula with 1882 clauses (4709 literals) and 4 assumptions
0.578 Unsolvable at layer 3 -- expanding.
0.578 Iteration 4.
0.578 New layer size: 27
0.578 Instantiating ...
0.790 Collected 309 relevant facts at this layer
0.790 Encoding ...
0.817 Attempting to solve formula with 21034 clauses (61336 literals) and 21 assumptions
c last restart ## conflicts  :  2 587 
0.818 Found a solution at layer 4.
==>
443 SHOP_methodm_quell_riot_precondition strong rochester
1823 call ebs
2124 call police_chief
2829 SHOP_methodm_get_to_already_there_precondition pu1 strong
4704 SHOP_methodm_get_to_already_there_precondition pu2 strong
6218 set_up_barricades pu1
6484 set_up_barricades pu2
root 9
9 tlt -> m_tlt_quell_riot 55
55 quell_riot strong -> m_quell_riot 443 154 2828 4703 6218 6484
154 declare_curfew rochester -> m_declare_curfew 1823 2124
2828 get_to pu1 strong -> m_get_to_already_there 2829
4703 get_to pu2 strong -> m_get_to_already_there 4704
<==
0.819 End of solution plan. (counted length of 7)
0.819 Total amount of clauses encoded: 21034
0.819 - directframeaxioms : 11134 cls
0.819 - reductionconstraints : 3538 cls
0.819 - qfactsemantics : 3288 cls
0.819 - actionconstraints : 1473 cls
0.819 - atmostoneelement : 393 cls
0.819 - indirectframeaxioms : 319 cls
0.819 - truefacts : 309 cls
0.819 - expansions : 212 cls
0.819 - substitutionconstraints : 186 cls
0.819 - predecessors : 168 cls
0.819 - actioneffects : 12 cls
0.819 - axiomaticops : 2 cls
0.819 # instantiated positions: 39
0.819 # instantiated actions: 91
0.819 # instantiated reductions: 78
0.819 # introduced pseudo-constants: 52
0.819 # retroactive prunings: 4
0.819 # retroactively pruned operations: 4
0.819 # dominated operations: 4
0.819 # total invalid rigid preconditions found in getPFC: 697
0.819 # invalid rigid preconditions found in getPFC: 7
0.819 # invalid rigid preconditions found in getPFC in varrestrictions: 690
0.819 # total invalid fluent preconditions found in getPFC: 1
0.819 # invalid fluent preconditions found in getPFC: 1
0.819 # invalid fluent preconditions found in getPFC in varrestrictions: 0
0.819 # invalid fluent preconditions found in getPFC via postconditions: 0
0.819 # invalid subtasks found in getPFC: 4
0.819 # number effects in operation fact_frames: 438
0.819 # number of variables restricted: 1447
0.819 Exiting happily.

RUNWATCH_RESULT EXIT RETVAL 0 TIME_SECS 0.831543 MEMPEAK_KBS 868
