    _           _         _
   \ |         \ |       | |                       
   | |     __  | |      _| |______                
   | |     \/  | |     /_   ______\                
   | |      _  | |   __  | |  ___   ___   ___       
   | |___  | | | |  / .\ | | / , | |   \ / ·_\    
   \_____\ |_| |__\ \__/ |_| \___) |_|_| \___\  
[39mL i l o t a n e  version rls-glucose4
by Dominik Schreiber <dominik.schreiber@kit.edu> 2020-2021
using SAT solver glucose4

0.016 Parser finished.
0.017 Structures extracted.
0.017 20 operators and 16 methods created.
0.295 Mined 11 new reduction preconditions (+8.8%).
0.295 Iteration 0.
0.295 Creating initial layer of size 2
0.449 Attempting to solve formula with 217 clauses (324 literals) and 1 assumptions
0.449 Unsolvable at layer 0 -- expanding.
0.449 Iteration 1.
0.449 New layer size: 11
0.449 Instantiating ...
5.046 Collected 9405 relevant facts at this layer
5.046 Encoding ...
5.289 Attempting to solve formula with 316650 clauses (1005304 literals) and 10 assumptions
5.294 Unsolvable at layer 1 -- expanding.
5.294 Iteration 2.
5.294 New layer size: 21
5.294 Instantiating ...
17.114 Collected 10279 relevant facts at this layer
17.114 Encoding ...
17.928 Attempting to solve formula with 1185329 clauses (4005985 literals) and 10 assumptions
17.929 Unsolvable at layer 2 -- expanding.
17.929 Iteration 3.
17.929 New layer size: 51
17.929 Instantiating ...
37.411 Collected 10365 relevant facts at this layer
37.411 Encoding ...
39.322 Attempting to solve formula with 2968299 clauses (10169903 literals) and 20 assumptions
39.478 Unsolvable at layer 3 -- expanding.
39.478 Iteration 4.
39.478 New layer size: 91
39.478 Instantiating ...
71.472 Collected 10365 relevant facts at this layer
71.472 Encoding ...
74.614 Attempting to solve formula with 5714280 clauses (19669351 literals) and 30 assumptions
74.683 Unsolvable at layer 4 -- expanding.
74.683 Iteration 5.
74.683 New layer size: 161
74.683 Instantiating ...
127.160 Collected 10365 relevant facts at this layer
127.160 Encoding ...
132.823 Attempting to solve formula with 10314267 clauses (35595111 literals) and 50 assumptions
133.164 Unsolvable at layer 5 -- expanding.
133.164 Iteration 6.
133.164 New layer size: 271
133.164 Instantiating ...
218.463 Collected 10365 relevant facts at this layer
218.463 Encoding ...
227.903 Attempting to solve formula with 17723457 clauses (61254320 literals) and 80 assumptions
228.230 Unsolvable at layer 6 -- expanding.
228.230 Iteration 7.
228.230 New layer size: 451
228.230 Instantiating ...
367.727 Collected 10365 relevant facts at this layer
367.727 Encoding ...
384.543 Attempting to solve formula with 29795311 clauses (103071281 literals) and 130 assumptions
385.109 Unsolvable at layer 7 -- expanding.
385.109 Iteration 8.
385.109 New layer size: 741
385.109 Instantiating ...
617.345 Collected 10365 relevant facts at this layer
617.345 Encoding ...
645.822 Attempting to solve formula with 49339031 clauses (170779440 literals) and 210 assumptions
649.598 Unsolvable at layer 8 -- expanding.
649.598 Iteration 9.
649.598 New layer size: 1211
649.598 Instantiating ...
969.111 Termination signal caught.
969.111 Total amount of clauses encoded: 49339031
969.111 - directframeaxioms : 20865438 cls
969.111 - qfactsemantics : 13455250 cls
969.111 - indirectframeaxioms : 10461425 cls
969.111 - reductionconstraints : 3944509 cls
969.111 - actionconstraints : 265560 cls
969.112 - qconstequality : 152008 cls
969.112 - substitutionconstraints : 120444 cls
969.112 - atmostoneelement : 33645 cls
969.112 - expansions : 12958 cls
969.112 - predecessors : 10924 cls
969.112 - truefacts : 10365 cls
969.112 - actioneffects : 6503 cls
969.112 - axiomaticops : 2 cls
969.112 # instantiated positions: 2671
969.112 # instantiated actions: 10874
969.112 # instantiated reductions: 5360
969.112 # introduced pseudo-constants: 2591
969.112 # retroactive prunings: 0
969.112 # retroactively pruned operations: 0
969.112 # dominated operations: 5
969.112 # total invalid rigid preconditions found in getPFC: 0
969.112 # invalid rigid preconditions found in getPFC: 0
969.112 # invalid rigid preconditions found in getPFC in varrestrictions: 0
969.112 # total invalid fluent preconditions found in getPFC: 16
969.112 # invalid fluent preconditions found in getPFC: 16
969.112 # invalid fluent preconditions found in getPFC in varrestrictions: 0
969.112 # invalid fluent preconditions found in getPFC via postconditions: 0
969.112 # invalid subtasks found in getPFC: 0
969.112 # number effects in operation fact_frames: 242
969.112 Exiting happily.

RUNWATCH_RESULT MEMOUT RETVAL 0 TIME_SECS 970.012 MEMPEAK_KBS 16053148
