    _           _         _
   \ |         \ |       | |                       
   | |     __  | |      _| |______                
   | |     \/  | |     /_   ______\                
   | |      _  | |   __  | |  ___   ___   ___       
   | |___  | | | |  / .\ | | / , | |   \ / ·_\    
   \_____\ |_| |__\ \__/ |_| \___) |_|_| \___\  
[39mL i l o t a n e  version rls-glucose4
by Dominik Schreiber <dominik.schreiber@kit.edu> 2020-2021
using SAT solver glucose4

0.053 Parser finished.
0.054 Structures extracted.
0.069 312 operators and 305 methods created.
0.778 Mined 582 new reduction preconditions (+90.1%).
0.778 Iteration 0.
0.778 Creating initial layer of size 2
0.780 Attempting to solve formula with 3 clauses (3 literals) and 1 assumptions
0.780 Unsolvable at layer 0 -- expanding.
0.780 Iteration 1.
0.780 New layer size: 5
0.780 Instantiating ...
0.789 Collected 9 relevant facts at this layer
0.789 Encoding ...
0.790 Attempting to solve formula with 145 clauses (347 literals) and 4 assumptions
0.790 Unsolvable at layer 1 -- expanding.
0.790 Iteration 2.
0.790 New layer size: 9
0.790 Instantiating ...
0.878 Collected 111 relevant facts at this layer
0.878 Encoding ...
0.885 Attempting to solve formula with 17702 clauses (40981 literals) and 4 assumptions
0.885 Unsolvable at layer 2 -- expanding.
0.885 Iteration 3.
0.885 New layer size: 13
0.885 Instantiating ...
0.887 Retroactively prune reduction (M217-ACHIEVE-HOME3 S2 Q_2,0_CARD:0_186fe2f49b364eb)@(2,0): no children at offset 0
0.887 Retroactively prune reduction (M218-ACHIEVE-HOME3 S2 Q_2,0_NUM:0_9cdbb748644d1bb7 Q_2,0_NUM:1_c674de4fb63f94a3)@(2,0): no children at offset 0
1.056 Collected 199 relevant facts at this layer
1.056 Encoding ...
1.072 Attempting to solve formula with 48414 clauses (116690 literals) and 8 assumptions
1.072 Unsolvable at layer 3 -- expanding.
1.072 Iteration 4.
1.072 New layer size: 41
1.072 Instantiating ...
1.366 Collected 355 relevant facts at this layer
1.366 Encoding ...
1.414 Attempting to solve formula with 110023 clauses (285090 literals) and 20 assumptions
1.417 Unsolvable at layer 4 -- expanding.
1.417 Iteration 5.
1.417 New layer size: 93
1.417 Instantiating ...
2.269 Collected 548 relevant facts at this layer
2.269 Encoding ...
2.432 Attempting to solve formula with 300287 clauses (790323 literals) and 36 assumptions
2.456 Unsolvable at layer 5 -- expanding.
2.456 Iteration 6.
2.456 New layer size: 161
2.456 Instantiating ...
2.459 Retroactively prune reduction (M244-ACHIEVE-COLSPACE5 Q_2,0_NUM:2_c674de4fb63f94a3 Q_5,0_NUM:0_381db710b53480d Q_5,0_NUM:1_c674de4fb63f94a3)@(5,0): no children at offset 0
4.727 Collected 548 relevant facts at this layer
4.727 Encoding ...
5.018 Attempting to solve formula with 739485 clauses (1926876 literals) and 64 assumptions
5.110 Unsolvable at layer 6 -- expanding.
5.110 Iteration 7.
5.110 New layer size: 295
5.110 Instantiating ...
5.113 Retroactively prune reduction (M217-ACHIEVE-HOME3 Q_2,0_CARD:0_c79c1ac1e811f53e Q_6,0_CARD:0_1a4971eaa87b10f6)@(6,0): no children at offset 0
9.726 Collected 580 relevant facts at this layer
9.726 Encoding ...
10.436 Attempting to solve formula with 1584357 clauses (4171067 literals) and 122 assumptions
10.541 Unsolvable at layer 7 -- expanding.
10.541 Iteration 8.
10.542 New layer size: 595
10.542 Instantiating ...
19.240 Collected 636 relevant facts at this layer
19.240 Encoding ...
20.758 Attempting to solve formula with 3300366 clauses (8931140 literals) and 239 assumptions
21.207 Unsolvable at layer 8 -- expanding.
21.207 Iteration 9.
21.208 New layer size: 1155
21.208 Instantiating ...
39.508 Collected 636 relevant facts at this layer
39.508 Encoding ...
42.728 Attempting to solve formula with 6912557 clauses (19021137 literals) and 444 assumptions
c last restart ## conflicts  :  62 91816 
76.040 Found a solution at layer 9.
==>
324579 i-UNLOCK-CLEAR H2
326703 i-UNLOCK-ON H2 HA
327605 SENDTONEWCOL H2 HA N2 N1
331989 i-UNLOCK-CLEAR DA
332131 i-UNLOCK-ON DA SA
332778 SENDTONEWCOL DA SA N1 N0
334967 i-LOCK-COLSPACE N0
342480 i-LOCK-CELLSPACE N4
346781 i-LOCK-CLEAR S2
354317 i-UNLOCK-CELLSPACE N4
354319 i-UNLOCK-COLSPACE N0
354325 i-UNLOCK-CLEAR S2
354329 SENDTOFREE-B S2 N4 N3 N0 N1
354397 i-LOCK-CELLSPACE N3
367244 i-UNLOCK-CLEAR SA
367451 i-UNLOCK-BOTTOMCOL SA
368135 i-UNLOCK-HOME S0
368820 SENDTOHOME-B SA S N1 S0 N0 N1 N2
372734 i-LOCK-COLSPACE N2
372757 i-UNLOCK-COLSPACE N2
377511 i-UNLOCK-CELLSPACE N3
377521 NEWCOLFROMFREECELL S2 N2 N1 N3 N4
377536 i-LOCK-COLSPACE N1
382754 i-LOCK-CELLSPACE N4
385297 i-LOCK-CLEAR S2
387587 i-UNLOCK-CELLSPACE N4
387594 i-UNLOCK-COLSPACE N1
387604 i-UNLOCK-CLEAR S2
387607 SENDTOFREE-B S2 N4 N3 N1 N2
387623 i-UNLOCK-HOME SA
389761 i-UNLOCK-CELLSPACE N3
390767 HOMEFROMFREECELL S2 S N2 SA N1 N3 N4
398464 i-LOCK-HOME S2
398522 i-UNLOCK-CLEAR DA
401592 i-UNLOCK-BOTTOMCOL DA
402636 i-UNLOCK-HOME D0
403457 SENDTOHOME-B DA D N1 D0 N0 N2 N3
408466 i-UNLOCK-CLEAR D2
408800 i-UNLOCK-BOTTOMCOL D2
409504 i-UNLOCK-HOME DA
410207 SENDTOHOME-B D2 D N2 DA N1 N3 N4
412847 i-LOCK-CLEAR H2
412927 i-UNLOCK-CLEAR CA
413614 i-UNLOCK-BOTTOMCOL CA
414296 i-UNLOCK-CLEAR H2
414973 MOVE-B CA H2 N4 N5
416589 i-LOCK-COLSPACE N5
424374 i-UNLOCK-CLEAR CA
425444 i-UNLOCK-ON CA H2
426325 SENDTOFREE CA H2 N4 N3
432735 i-LOCK-CELLSPACE N3
432751 i-LOCK-CLEAR H2
440290 i-UNLOCK-CELLSPACE N3
440299 i-UNLOCK-COLSPACE N5
440308 i-UNLOCK-CLEAR H2
440312 SENDTOFREE-B H2 N3 N2 N5 N6
440387 i-LOCK-CELLSPACE N2
453243 i-UNLOCK-CLEAR HA
453457 i-UNLOCK-BOTTOMCOL HA
454127 i-UNLOCK-HOME H0
454816 SENDTOHOME-B HA H N1 H0 N0 N6 N7
458729 i-LOCK-COLSPACE N7
458738 i-UNLOCK-COLSPACE N7
463504 i-UNLOCK-CELLSPACE N2
463515 NEWCOLFROMFREECELL H2 N7 N6 N2 N3
463546 i-LOCK-COLSPACE N6
468758 i-LOCK-CELLSPACE N3
471286 i-LOCK-CLEAR H2
473579 i-UNLOCK-CELLSPACE N3
473587 i-UNLOCK-COLSPACE N6
473593 i-UNLOCK-CLEAR H2
473596 SENDTOFREE-B H2 N3 N2 N6 N7
473609 i-LOCK-CELLSPACE N2
475753 i-LOCK-COLSPACE N7
476752 i-UNLOCK-COLSPACE N7
477600 i-UNLOCK-CELLSPACE N2
477611 NEWCOLFROMFREECELL H2 N7 N6 N2 N3
477647 i-LOCK-COLSPACE N6
479619 i-LOCK-CELLSPACE N3
480480 i-LOCK-CLEAR H2
481254 i-UNLOCK-CELLSPACE N3
481266 i-UNLOCK-COLSPACE N6
481270 i-UNLOCK-CLEAR H2
481273 SENDTOFREE-B H2 N3 N2 N6 N7
481287 i-UNLOCK-HOME HA
481322 i-UNLOCK-CELLSPACE N2
482000 HOMEFROMFREECELL H2 H N2 HA N1 N2 N3
484471 i-LOCK-HOME H2
484513 i-LOCK-HOME D2
570534 i-LOCK-COLSPACE N7
596352 i-LOCK-HOME C0
597456 i-LOCK-INCELL CA
598329 i-UNLOCK-INCELL CA
598337 i-UNLOCK-HOME C0
598351 HOMEFROMFREECELL CA C N1 C0 N0 N3 N4
604738 i-LOCK-CELLSPACE N4
604754 i-LOCK-CLEAR C2
612298 i-UNLOCK-CELLSPACE N4
612308 i-UNLOCK-COLSPACE N7
612310 i-UNLOCK-CLEAR C2
612314 SENDTOFREE-B C2 N4 N3 N7 N8
612394 i-UNLOCK-HOME CA
625210 i-UNLOCK-CELLSPACE N3
630725 HOMEFROMFREECELL C2 C N2 CA N1 N3 N4
656458 i-LOCK-HOME C2
root 5 20 484512 47
5 ACHIEVE-HOME S2 -> M114-ACHIEVE-HOME 77 398464
20 ACHIEVE-HOME H2 -> M114-ACHIEVE-HOME 382 484471
47 ACHIEVE-HOME C2 -> M114-ACHIEVE-HOME 914 656458
77 ACHIEVE-HOME0 S2 -> M107-ACHIEVE-HOME0 1185 1336
382 ACHIEVE-HOME0 H2 -> M107-ACHIEVE-HOME0 1787 1907
914 ACHIEVE-HOME0 C2 -> M107-ACHIEVE-HOME0 2917 3021
1185 DO-BOTTOMCOL-SENDTOFREE-B0 S2 N4 N3 N0 N1 -> M19-DO-BOTTOMCOL-SENDTOFREE-B0 3464 342479 346780 354316 354318 354324 354329
1336 ACHIEVE-HOME0 S2 -> M110-ACHIEVE-HOME0 4851 4972
1787 DO-BOTTOMCOL-SENDTOFREE-B0 H2 N3 N2 N5 N6 -> M19-DO-BOTTOMCOL-SENDTOFREE-B0 5646 5682 432750 440289 440298 440307 440312
1907 ACHIEVE-HOME0 H2 -> M110-ACHIEVE-HOME0 7069 7192
2917 DO-BOTTOMCOL-SENDTOFREE-B0 C2 N4 N3 N7 N8 -> M19-DO-BOTTOMCOL-SENDTOFREE-B0 570533 10142 604753 612297 612307 612309 612314
3021 ACHIEVE-HOME0 C2 -> M111-ACHIEVE-HOME0 11521 11632
3464 ACHIEVE-COLSPACE N0 -> M238-ACHIEVE-COLSPACE 12310 334967
4851 DO-INCELL-NEWCOLFROMFREECELL0 S2 N2 N1 N3 N4 -> M22-DO-INCELL-NEWCOLFROMFREECELL0 354396 15286 372756 377510 377521
4972 ACHIEVE-HOME0 S2 -> M107-ACHIEVE-HOME0 17240 17353
5646 ACHIEVE-COLSPACE N5 -> M238-ACHIEVE-COLSPACE 18315 416589
5682 ACHIEVE-CELLSPACE N3 -> M229-ACHIEVE-CELLSPACE 20078 432735
7069 DO-INCELL-NEWCOLFROMFREECELL0 H2 N7 N6 N2 N3 -> M22-DO-INCELL-NEWCOLFROMFREECELL0 440386 21614 458737 463503 463515
7192 ACHIEVE-HOME0 H2 -> M107-ACHIEVE-HOME0 23562 23686
10142 ACHIEVE-CELLSPACE N4 -> M229-ACHIEVE-CELLSPACE 32732 604738
11521 DO-INCELL-HOMEFROMFREECELL0 C2 C N2 CA N1 N3 N4 -> M23-DO-INCELL-HOMEFROMFREECELL0 612393 625209 630725
11632 ACHIEVE-HOME0 C2 -> M115-ACHIEVE-HOME0
12310 ACHIEVE-COLSPACE5 N0 -> M242-ACHIEVE-COLSPACE5 75955 37434
15286 ACHIEVE-COLSPACE N2 -> M238-ACHIEVE-COLSPACE 42222 372734
17240 DO-BOTTOMCOL-SENDTOFREE-B0 S2 N4 N3 N1 N2 -> M19-DO-BOTTOMCOL-SENDTOFREE-B0 377535 382753 385296 387586 387593 387603 387607
17353 ACHIEVE-HOME0 S2 -> M111-ACHIEVE-HOME0 45726 45841
18315 ACHIEVE-COLSPACE5 N5 -> M243-ACHIEVE-COLSPACE5 92665 46911
20078 ACHIEVE-CELLSPACE4 N3 -> M231-ACHIEVE-CELLSPACE4 97602 48680
21614 ACHIEVE-COLSPACE N7 -> M238-ACHIEVE-COLSPACE 52040 458729
23562 DO-BOTTOMCOL-SENDTOFREE-B0 H2 N3 N2 N6 N7 -> M19-DO-BOTTOMCOL-SENDTOFREE-B0 463545 468757 471285 473578 473586 473592 473596
23686 ACHIEVE-HOME0 H2 -> M110-ACHIEVE-HOME0 55531 55649
32732 ACHIEVE-CELLSPACE4 N4 -> M233-ACHIEVE-CELLSPACE4 137365 68289
37434 ACHIEVE-COLSPACE5 N0 -> M242-ACHIEVE-COLSPACE5 155918 77540
42222 ACHIEVE-COLSPACE5 N2 -> M243-ACHIEVE-COLSPACE5 173864 84487
45726 DO-INCELL-HOMEFROMFREECELL0 S2 S N2 SA N1 N3 N4 -> M23-DO-INCELL-HOMEFROMFREECELL0 387622 389760 390767
45841 ACHIEVE-HOME0 S2 -> M115-ACHIEVE-HOME0
46911 ACHIEVE-COLSPACE5 N5 -> M243-ACHIEVE-COLSPACE5 195564 95661
48680 ACHIEVE-CELLSPACE4 N3 -> M230-ACHIEVE-CELLSPACE4
52040 ACHIEVE-COLSPACE5 N7 -> M243-ACHIEVE-COLSPACE5 218760 104399
55531 DO-INCELL-NEWCOLFROMFREECELL0 H2 N7 N6 N2 N3 -> M22-DO-INCELL-NEWCOLFROMFREECELL0 473608 475752 476751 477599 477611
55649 ACHIEVE-HOME0 H2 -> M107-ACHIEVE-HOME0 111597 111718
68289 ACHIEVE-CELLSPACE4 N4 -> M230-ACHIEVE-CELLSPACE4
75955 DO-COLSPACE-SENDTONEWCOL5 H2 HA N2 N1 -> M63-DO-COLSPACE-SENDTONEWCOL5 324578 326702 327605
77540 ACHIEVE-COLSPACE5 N0 -> M239-ACHIEVE-COLSPACE5
84487 ACHIEVE-COLSPACE5 N2 -> M239-ACHIEVE-COLSPACE5
92665 DO-COLSPACE-SENDTOHOME-B5 DA D N1 D0 N0 N2 N3 -> M64-DO-COLSPACE-SENDTOHOME-B5 398521 401591 402635 403457
95661 ACHIEVE-COLSPACE5 N5 -> M240-ACHIEVE-COLSPACE5 198194 198375
97602 DO-CELLSPACE-SENDTOFREE4 CA H2 N4 N3 -> M56-DO-CELLSPACE-SENDTOFREE4 424373 425443 426325
104399 ACHIEVE-COLSPACE5 N7 -> M239-ACHIEVE-COLSPACE5
111597 DO-BOTTOMCOL-SENDTOFREE-B0 H2 N3 N2 N6 N7 -> M19-DO-BOTTOMCOL-SENDTOFREE-B0 477646 479618 480479 481253 481265 481269 481273
111718 ACHIEVE-HOME0 H2 -> M111-ACHIEVE-HOME0 233841 233955
137365 DO-CELLSPACE-HOMEFROMFREECELL4 CA C N1 C0 N0 N3 N4 -> M58-DO-CELLSPACE-HOMEFROMFREECELL4 596351 597455 598328 598336 598351
155918 DO-COLSPACE-SENDTONEWCOL5 DA SA N1 N0 -> M63-DO-COLSPACE-SENDTONEWCOL5 331988 332130 332778
173864 DO-COLSPACE-SENDTOHOME-B5 SA S N1 S0 N0 N1 N2 -> M64-DO-COLSPACE-SENDTOHOME-B5 367243 367450 368134 368820
195564 DO-COLSPACE-SENDTOHOME-B5 D2 D N2 DA N1 N3 N4 -> M64-DO-COLSPACE-SENDTOHOME-B5 408465 408799 409503 410207
198194 DO-COLSPACE-MOVE-B5 CA H2 N4 N5 -> M61-DO-COLSPACE-MOVE-B5 412846 412926 413613 414295 414973
198375 ACHIEVE-COLSPACE5 N5 -> M239-ACHIEVE-COLSPACE5
218760 DO-COLSPACE-SENDTOHOME-B5 HA H N1 H0 N0 N6 N7 -> M64-DO-COLSPACE-SENDTOHOME-B5 453242 453456 454126 454816
233841 DO-INCELL-HOMEFROMFREECELL0 H2 H N2 HA N1 N2 N3 -> M23-DO-INCELL-HOMEFROMFREECELL0 481286 481321 482000
233955 ACHIEVE-HOME0 H2 -> M115-ACHIEVE-HOME0
324578 IFUNLOCK-CLEAR H2 -> IFUNLOCK-5CLEAR 324579
326702 IFUNLOCK-ON H2 HA -> IFUNLOCK-1ON 326703
331988 IFUNLOCK-CLEAR DA -> IFUNLOCK-5CLEAR 331989
332130 IFUNLOCK-ON DA SA -> IFUNLOCK-1ON 332131
342479 ACHIEVE-CELLSPACE N4 -> M228-ACHIEVE-CELLSPACE 342480
346780 ACHIEVE-CLEAR S2 -> M157-ACHIEVE-CLEAR 346781
354316 IFUNLOCK-CELLSPACE N4 -> IFUNLOCK-7CELLSPACE 354317
354318 IFUNLOCK-COLSPACE N0 -> IFUNLOCK-9COLSPACE 354319
354324 IFUNLOCK-CLEAR S2 -> IFUNLOCK-5CLEAR 354325
354396 ACHIEVE-CELLSPACE N3 -> M228-ACHIEVE-CELLSPACE 354397
367243 IFUNLOCK-CLEAR SA -> IFUNLOCK-5CLEAR 367244
367450 IFUNLOCK-BOTTOMCOL SA -> IFUNLOCK-13BOTTOMCOL 367451
368134 IFUNLOCK-HOME S0 -> IFUNLOCK-11HOME 368135
372756 IFUNLOCK-COLSPACE N2 -> IFUNLOCK-9COLSPACE 372757
377510 IFUNLOCK-CELLSPACE N3 -> IFUNLOCK-7CELLSPACE 377511
377535 ACHIEVE-COLSPACE N1 -> M237-ACHIEVE-COLSPACE 377536
382753 ACHIEVE-CELLSPACE N4 -> M228-ACHIEVE-CELLSPACE 382754
385296 ACHIEVE-CLEAR S2 -> M157-ACHIEVE-CLEAR 385297
387586 IFUNLOCK-CELLSPACE N4 -> IFUNLOCK-7CELLSPACE 387587
387593 IFUNLOCK-COLSPACE N1 -> IFUNLOCK-9COLSPACE 387594
387603 IFUNLOCK-CLEAR S2 -> IFUNLOCK-5CLEAR 387604
387622 IFUNLOCK-HOME SA -> IFUNLOCK-11HOME 387623
389760 IFUNLOCK-CELLSPACE N3 -> IFUNLOCK-7CELLSPACE 389761
398521 IFUNLOCK-CLEAR DA -> IFUNLOCK-5CLEAR 398522
401591 IFUNLOCK-BOTTOMCOL DA -> IFUNLOCK-13BOTTOMCOL 401592
402635 IFUNLOCK-HOME D0 -> IFUNLOCK-11HOME 402636
408465 IFUNLOCK-CLEAR D2 -> IFUNLOCK-5CLEAR 408466
408799 IFUNLOCK-BOTTOMCOL D2 -> IFUNLOCK-13BOTTOMCOL 408800
409503 IFUNLOCK-HOME DA -> IFUNLOCK-11HOME 409504
412846 ACHIEVE-CLEAR H2 -> M157-ACHIEVE-CLEAR 412847
412926 IFUNLOCK-CLEAR CA -> IFUNLOCK-5CLEAR 412927
413613 IFUNLOCK-BOTTOMCOL CA -> IFUNLOCK-13BOTTOMCOL 413614
414295 IFUNLOCK-CLEAR H2 -> IFUNLOCK-5CLEAR 414296
424373 IFUNLOCK-CLEAR CA -> IFUNLOCK-5CLEAR 424374
425443 IFUNLOCK-ON CA H2 -> IFUNLOCK-1ON 425444
432750 ACHIEVE-CLEAR H2 -> M157-ACHIEVE-CLEAR 432751
440289 IFUNLOCK-CELLSPACE N3 -> IFUNLOCK-7CELLSPACE 440290
440298 IFUNLOCK-COLSPACE N5 -> IFUNLOCK-9COLSPACE 440299
440307 IFUNLOCK-CLEAR H2 -> IFUNLOCK-5CLEAR 440308
440386 ACHIEVE-CELLSPACE N2 -> M228-ACHIEVE-CELLSPACE 440387
453242 IFUNLOCK-CLEAR HA -> IFUNLOCK-5CLEAR 453243
453456 IFUNLOCK-BOTTOMCOL HA -> IFUNLOCK-13BOTTOMCOL 453457
454126 IFUNLOCK-HOME H0 -> IFUNLOCK-11HOME 454127
458737 IFUNLOCK-COLSPACE N7 -> IFUNLOCK-9COLSPACE 458738
463503 IFUNLOCK-CELLSPACE N2 -> IFUNLOCK-7CELLSPACE 463504
463545 ACHIEVE-COLSPACE N6 -> M237-ACHIEVE-COLSPACE 463546
468757 ACHIEVE-CELLSPACE N3 -> M228-ACHIEVE-CELLSPACE 468758
471285 ACHIEVE-CLEAR H2 -> M157-ACHIEVE-CLEAR 471286
473578 IFUNLOCK-CELLSPACE N3 -> IFUNLOCK-7CELLSPACE 473579
473586 IFUNLOCK-COLSPACE N6 -> IFUNLOCK-9COLSPACE 473587
473592 IFUNLOCK-CLEAR H2 -> IFUNLOCK-5CLEAR 473593
473608 ACHIEVE-CELLSPACE N2 -> M228-ACHIEVE-CELLSPACE 473609
475752 ACHIEVE-COLSPACE N7 -> M237-ACHIEVE-COLSPACE 475753
476751 IFUNLOCK-COLSPACE N7 -> IFUNLOCK-9COLSPACE 476752
477599 IFUNLOCK-CELLSPACE N2 -> IFUNLOCK-7CELLSPACE 477600
477646 ACHIEVE-COLSPACE N6 -> M237-ACHIEVE-COLSPACE 477647
479618 ACHIEVE-CELLSPACE N3 -> M228-ACHIEVE-CELLSPACE 479619
480479 ACHIEVE-CLEAR H2 -> M157-ACHIEVE-CLEAR 480480
481253 IFUNLOCK-CELLSPACE N3 -> IFUNLOCK-7CELLSPACE 481254
481265 IFUNLOCK-COLSPACE N6 -> IFUNLOCK-9COLSPACE 481266
481269 IFUNLOCK-CLEAR H2 -> IFUNLOCK-5CLEAR 481270
481286 IFUNLOCK-HOME HA -> IFUNLOCK-11HOME 481287
481321 IFUNLOCK-CELLSPACE N2 -> IFUNLOCK-7CELLSPACE 481322
484512 ACHIEVE-HOME D2 -> M113-ACHIEVE-HOME 484513
570533 ACHIEVE-COLSPACE N7 -> M237-ACHIEVE-COLSPACE 570534
596351 ACHIEVE-HOME C0 -> M113-ACHIEVE-HOME 596352
597455 ACHIEVE-INCELL CA -> M99-ACHIEVE-INCELL 597456
598328 IFUNLOCK-INCELL CA -> IFUNLOCK-3INCELL 598329
598336 IFUNLOCK-HOME C0 -> IFUNLOCK-11HOME 598337
604753 ACHIEVE-CLEAR C2 -> M157-ACHIEVE-CLEAR 604754
612297 IFUNLOCK-CELLSPACE N4 -> IFUNLOCK-7CELLSPACE 612298
612307 IFUNLOCK-COLSPACE N7 -> IFUNLOCK-9COLSPACE 612308
612309 IFUNLOCK-CLEAR C2 -> IFUNLOCK-5CLEAR 612310
612393 IFUNLOCK-HOME CA -> IFUNLOCK-11HOME 612394
625209 IFUNLOCK-CELLSPACE N3 -> IFUNLOCK-7CELLSPACE 625210
<==
76.117 End of solution plan. (counted length of 105)
76.117 Total amount of clauses encoded: 6912557
76.117 - reductionconstraints : 3072848 cls
76.117 - directframeaxioms : 1570806 cls
76.117 - qfactsemantics : 687183 cls
76.117 - substitutionconstraints : 465262 cls
76.117 - indirectframeaxioms : 446136 cls
76.117 - atmostoneelement : 420073 cls
76.117 - qconstequality : 79816 cls
76.117 - expansions : 75418 cls
76.117 - predecessors : 45046 cls
76.117 - actionconstraints : 32165 cls
76.117 - actioneffects : 17162 cls
76.117 - truefacts : 636 cls
76.117 - forbiddenoperations : 4 cls
76.117 - axiomaticops : 2 cls
76.117 # instantiated positions: 2368
76.117 # instantiated actions: 20400
76.117 # instantiated reductions: 24647
76.117 # introduced pseudo-constants: 7484
76.117 # retroactive prunings: 4
76.117 # retroactively pruned operations: 4
76.117 # dominated operations: 2884
76.117 # total invalid rigid preconditions found in getPFC: 0
76.117 # invalid rigid preconditions found in getPFC: 0
76.117 # invalid rigid preconditions found in getPFC in varrestrictions: 0
76.117 # total invalid fluent preconditions found in getPFC: 0
76.117 # invalid fluent preconditions found in getPFC: 0
76.117 # invalid fluent preconditions found in getPFC in varrestrictions: 0
76.117 # invalid fluent preconditions found in getPFC via postconditions: 0
76.117 # invalid operations found in getPFC via subtasks: 0
76.117 # invalid operations found in getPFC via postconditions: 0
76.117 # number effects in operation fact_frames: 14255
76.117 # number of variables restricted: 0
76.117 # number of nodes variables restricted: 0
76.117 Exiting happily.

RUNWATCH_RESULT EXIT RETVAL 0 TIME_SECS 76.2207 MEMPEAK_KBS 1324740
