    _           _         _
   \ |         \ |       | |                       
   | |     __  | |      _| |______                
   | |     \/  | |     /_   ______\                
   | |      _  | |   __  | |  ___   ___   ___       
   | |___  | | | |  / .\ | | / , | |   \ / ·_\    
   \_____\ |_| |__\ \__/ |_| \___) |_|_| \___\  
[39mL i l o t a n e  version rls-glucose4
by Dominik Schreiber <dominik.schreiber@kit.edu> 2020-2021
using SAT solver glucose4

0.007 Parser finished.
0.007 Structures extracted.
0.008 20 operators and 16 methods created.
0.027 Mined 11 new reduction preconditions (+16.9%).
0.027 Iteration 0.
0.027 Creating initial layer of size 2
0.038 Attempting to solve formula with 87 clauses (129 literals) and 1 assumptions
0.038 Unsolvable at layer 0 -- expanding.
0.038 Iteration 1.
0.038 New layer size: 7
0.038 Instantiating ...
0.164 Collected 1365 relevant facts at this layer
0.164 Encoding ...
0.186 Attempting to solve formula with 44608 clauses (116340 literals) and 6 assumptions
0.187 Unsolvable at layer 1 -- expanding.
0.187 Iteration 2.
0.187 New layer size: 13
0.187 Instantiating ...
0.411 Collected 1550 relevant facts at this layer
0.411 Encoding ...
0.481 Attempting to solve formula with 150676 clauses (426592 literals) and 6 assumptions
0.481 Unsolvable at layer 2 -- expanding.
0.481 Iteration 3.
0.481 New layer size: 31
0.481 Instantiating ...
0.900 Collected 1581 relevant facts at this layer
0.900 Encoding ...
1.076 Attempting to solve formula with 364648 clauses (1074683 literals) and 12 assumptions
1.096 Unsolvable at layer 3 -- expanding.
1.096 Iteration 4.
1.096 New layer size: 55
1.096 Instantiating ...
1.808 Collected 1581 relevant facts at this layer
1.808 Encoding ...
2.151 Attempting to solve formula with 701186 clauses (2087669 literals) and 18 assumptions
2.169 Unsolvable at layer 4 -- expanding.
2.169 Iteration 5.
2.169 New layer size: 97
2.169 Instantiating ...
3.405 Collected 1581 relevant facts at this layer
3.405 Encoding ...
3.943 Attempting to solve formula with 1263001 clauses (3788809 literals) and 30 assumptions
3.977 Unsolvable at layer 5 -- expanding.
3.977 Iteration 6.
3.977 New layer size: 163
3.977 Instantiating ...
6.040 Collected 1581 relevant facts at this layer
6.040 Encoding ...
7.041 Attempting to solve formula with 2170305 clauses (6535234 literals) and 48 assumptions
7.084 Unsolvable at layer 6 -- expanding.
7.084 Iteration 7.
7.084 New layer size: 271
7.084 Instantiating ...
10.371 Collected 1581 relevant facts at this layer
10.371 Encoding ...
11.915 Attempting to solve formula with 3648177 clauses (11014383 literals) and 78 assumptions
12.008 Unsolvable at layer 7 -- expanding.
12.008 Iteration 8.
12.008 New layer size: 445
12.008 Instantiating ...
17.418 Collected 1581 relevant facts at this layer
17.418 Encoding ...
20.121 Attempting to solve formula with 6042105 clauses (18271538 literals) and 126 assumptions
20.305 Unsolvable at layer 8 -- expanding.
20.305 Iteration 9.
20.305 New layer size: 727
20.305 Instantiating ...
29.691 Collected 1581 relevant facts at this layer
29.691 Encoding ...
33.949 Attempting to solve formula with 9922657 clauses (30039423 literals) and 204 assumptions
34.287 Unsolvable at layer 9 -- expanding.
34.287 Iteration 10.
34.288 New layer size: 1183
34.288 Instantiating ...
49.209 Collected 1581 relevant facts at this layer
49.209 Encoding ...
56.505 Attempting to solve formula with 16205889 clauses (49096044 literals) and 330 assumptions
57.350 Unsolvable at layer 10 -- expanding.
57.350 Iteration 11.
57.350 New layer size: 1921
57.350 Instantiating ...
82.606 Collected 1581 relevant facts at this layer
82.606 Encoding ...
94.204 Attempting to solve formula with 26378425 clauses (79952131 literals) and 534 assumptions
96.729 Unsolvable at layer 11 -- expanding.
96.729 Iteration 12.
96.730 New layer size: 3115
96.730 Instantiating ...
138.389 Collected 1581 relevant facts at this layer
138.389 Encoding ...
158.966 Attempting to solve formula with 42842945 clauses (129896420 literals) and 864 assumptions
167.628 Unsolvable at layer 12 -- expanding.
167.628 Iteration 13.
167.630 New layer size: 5047
167.630 Instantiating ...
229.057 Termination signal caught.
229.057 Total amount of clauses encoded: 42842945
229.057 - directframeaxioms : 13148876 cls
229.057 - reductionconstraints : 12858324 cls
229.057 - qfactsemantics : 8542387 cls
229.057 - indirectframeaxioms : 6733079 cls
229.057 - actionconstraints : 862545 cls
229.057 - qconstequality : 236966 cls
229.057 - substitutionconstraints : 175543 cls
229.057 - atmostoneelement : 149541 cls
229.057 - expansions : 57754 cls
229.057 - predecessors : 48696 cls
229.057 - actioneffects : 27651 cls
229.057 - truefacts : 1581 cls
229.057 - axiomaticops : 2 cls
229.057 # instantiated positions: 12505
229.057 # instantiated actions: 51917
229.057 # instantiated reductions: 23946
229.057 # introduced pseudo-constants: 11376
229.057 # retroactive prunings: 0
229.057 # retroactively pruned operations: 0
229.057 # dominated operations: 9
229.057 # total invalid rigid preconditions found in getPFC: 0
229.057 # invalid rigid preconditions found in getPFC: 0
229.057 # invalid rigid preconditions found in getPFC in varrestrictions: 0
229.057 # total invalid fluent preconditions found in getPFC: 0
229.057 # invalid fluent preconditions found in getPFC: 0
229.057 # invalid fluent preconditions found in getPFC in varrestrictions: 0
229.057 # invalid fluent preconditions found in getPFC via postconditions: 0
229.057 # invalid subtasks found in getPFC: 0
229.057 # number effects in operation fact_frames: 234
229.057 # number of variables restricted: 0
229.057 # number of nodes variables restricted: 0
229.057 Exiting happily.

RUNWATCH_RESULT MEMOUT RETVAL 0 TIME_SECS 230.155 MEMPEAK_KBS 16025160
