    _           _         _
   \ |         \ |       | |                       
   | |     __  | |      _| |______                
   | |     \/  | |     /_   ______\                
   | |      _  | |   __  | |  ___   ___   ___       
   | |___  | | | |  / .\ | | / , | |   \ / ·_\    
   \_____\ |_| |__\ \__/ |_| \___) |_|_| \___\  
[39mL i l o t a n e  version rls-glucose4
by Dominik Schreiber <dominik.schreiber@kit.edu> 2020-2021
using SAT solver glucose4

1.454 Parser finished.
1.455 Structures extracted.
1.460 19 operators and 11 methods created.
1.795 Mined 6 new reduction preconditions (+33.3%).
1.795 Iteration 0.
1.795 Creating initial layer of size 2
6.815 Attempting to solve formula with 1925 clauses (2886 literals) and 1 assumptions
6.815 Unsolvable at layer 0 -- expanding.
6.815 Iteration 1.
6.815 New layer size: 1040
6.815 Instantiating ...
1801.340 Termination signal caught.
1801.340 Total amount of clauses encoded: 1925
1801.340 - truefacts : 961 cls
1801.340 - axiomaticops : 2 cls
1801.340 - reductionconstraints : 1 cls
1801.340 # instantiated positions: 957
1801.340 # instantiated actions: 78
1801.340 # instantiated reductions: 956
1801.340 # introduced pseudo-constants: 0
1801.340 # retroactive prunings: 0
1801.340 # retroactively pruned operations: 0
1801.340 # dominated operations: 0
1801.340 # total invalid rigid preconditions found in getPFC: 0
1801.340 # invalid rigid preconditions found in getPFC: 0
1801.340 # invalid rigid preconditions found in getPFC in varrestrictions: 0
1801.340 # total invalid fluent preconditions found in getPFC: 80
1801.340 # invalid fluent preconditions found in getPFC: 80
1801.340 # invalid fluent preconditions found in getPFC in varrestrictions: 0
1801.340 # invalid fluent preconditions found in getPFC via postconditions: 0
1801.340 # invalid subtasks found in getPFC: 0
1801.340 # number effects in operation fact_frames: 11884
1801.340 # number of variables restricted: 0
1801.340 Exiting happily.

RUNWATCH_RESULT TIMEOUT RETVAL 0 TIME_SECS 1801.54 MEMPEAK_KBS 2484524
