    _           _         _
   \ |         \ |       | |                       
   | |     __  | |      _| |______                
   | |     \/  | |     /_   ______\                
   | |      _  | |   __  | |  ___   ___   ___       
   | |___  | | | |  / .\ | | / , | |   \ / ·_\    
   \_____\ |_| |__\ \__/ |_| \___) |_|_| \___\  
[39mL i l o t a n e  version rls-cadical
by Dominik Schreiber <dominik.schreiber@kit.edu> 2020-2021
using SAT solver cadical

0.007 Parser finished.
0.008 Structures extracted.
0.008 27 operators and 21 methods created.
0.011 Mined 7 new reduction preconditions (+11.5%).
0.011 Iteration 0.
0.011 Creating initial layer of size 2
0.012 Attempting to solve formula with 13 clauses (18 literals) and 1 assumptions
0.012 Unsolvable at layer 0 -- expanding.
0.012 Iteration 1.
0.012 New layer size: 2
0.012 Instantiating ...
0.014 Collected 5 relevant facts at this layer
0.014 Encoding ...
0.014 Attempting to solve formula with 142 clauses (326 literals) and 1 assumptions
0.014 Unsolvable at layer 1 -- expanding.
0.014 Iteration 2.
0.014 New layer size: 3
0.014 Instantiating ...
0.016 Collected 15 relevant facts at this layer
0.016 Encoding ...
0.016 Attempting to solve formula with 285 clauses (657 literals) and 2 assumptions
0.016 Unsolvable at layer 2 -- expanding.
0.016 Iteration 3.
0.016 New layer size: 4
0.016 Instantiating ...
0.017 Retroactively prune action (__SURROGATE*m7_bring_tent*drive_tent* place0 Q_3,0_person:0_8772a7c96835123a Q_3,0_place:0_d8fbd68f9e3bccde Q_3,0_car:0_5aa69e2823dfc2bc Q_3,0_tent:0_5f513cefaf5d76c5) due to impossible effect !(at_car Q_3,0_car:0_5aa69e2823dfc2bc Q_3,0_place:0_d8fbd68f9e3bccde)
0.017 Collected 21 relevant facts at this layer
0.017 Encoding ...
0.018 Attempting to solve formula with 693 clauses (1686 literals) and 3 assumptions
0.018 Unsolvable at layer 3 -- expanding.
0.018 Iteration 4.
0.018 New layer size: 7
0.018 Instantiating ...
0.021 Collected 32 relevant facts at this layer
0.021 Encoding ...
0.022 Attempting to solve formula with 1503 clauses (4112 literals) and 3 assumptions
0.022 Unsolvable at layer 4 -- expanding.
0.022 Iteration 5.
0.022 New layer size: 17
0.022 Instantiating ...
0.028 Collected 62 relevant facts at this layer
0.028 Encoding ...
0.031 Attempting to solve formula with 3872 clauses (10873 literals) and 6 assumptions
0.031 Unsolvable at layer 5 -- expanding.
0.031 Iteration 6.
0.031 New layer size: 37
0.031 Instantiating ...
0.043 Collected 88 relevant facts at this layer
0.043 Encoding ...
0.050 Attempting to solve formula with 9473 clauses (26912 literals) and 12 assumptions
0.051 Unsolvable at layer 6 -- expanding.
0.051 Iteration 7.
0.051 New layer size: 77
0.051 Instantiating ...
0.076 Collected 135 relevant facts at this layer
0.076 Encoding ...
0.096 Attempting to solve formula with 23010 clauses (65659 literals) and 24 assumptions
0.096 Unsolvable at layer 7 -- expanding.
0.096 Iteration 8.
0.096 New layer size: 164
0.096 Instantiating ...
0.150 Collected 166 relevant facts at this layer
0.151 Encoding ...
0.193 Attempting to solve formula with 54891 clauses (156834 literals) and 48 assumptions
0.195 Unsolvable at layer 8 -- expanding.
0.195 Iteration 9.
0.195 New layer size: 324
0.195 Instantiating ...
0.245 Retroactively prune reduction (m2_trip_to2 Q_1,0_couple:0_5d251dbeb55977b8 place4 place1 place5)@(8,76): no children at offset 1
0.273 Retroactively prune reduction (m2_trip_to2 Q_1,0_couple:0_5d251dbeb55977b8 place4 place2 place5)@(8,116): no children at offset 1
0.287 Retroactively prune reduction (m2_trip_to2 Q_1,0_couple:0_5d251dbeb55977b8 place4 place3 place5)@(8,136): no children at offset 1
0.293 Retroactively prune reduction (m2_trip_to2 Q_1,0_couple:0_5d251dbeb55977b8 place4 place4 place5)@(8,146): no children at offset 1
0.299 Collected 166 relevant facts at this layer
0.299 Encoding ...
0.378 Attempting to solve formula with 108693 clauses (297811 literals) and 53 assumptions
0.380 Unsolvable at layer 9 -- expanding.
0.380 Iteration 10.
0.380 New layer size: 631
0.380 Instantiating ...
0.428 Retroactively prune reduction (m2_trip_to2 Q_1,0_couple:0_5d251dbeb55977b8 place4 place1 place5)@(9,77): no children at offset 1
0.459 Retroactively prune reduction (m2_trip_to2 Q_1,0_couple:0_5d251dbeb55977b8 place4 place2 place5)@(9,197): no children at offset 1
0.475 Retroactively prune reduction (m2_trip_to2 Q_1,0_couple:0_5d251dbeb55977b8 place4 place3 place5)@(9,257): no children at offset 1
0.484 Retroactively prune reduction (m2_trip_to2 Q_1,0_couple:0_5d251dbeb55977b8 place4 place4 place5)@(9,287): no children at offset 1
0.494 Collected 166 relevant facts at this layer
0.494 Encoding ...
0.589 Attempting to solve formula with 165924 clauses (448288 literals) and 58 assumptions
0.592 Unsolvable at layer 10 -- expanding.
0.592 Iteration 11.
0.593 New layer size: 943
0.593 Instantiating ...
0.644 Retroactively prune reduction (m2_trip_to2 Q_1,0_couple:0_5d251dbeb55977b8 place4 place1 place5)@(10,78): no children at offset 1
0.680 Retroactively prune reduction (m2_trip_to2 Q_1,0_couple:0_5d251dbeb55977b8 place4 place2 place5)@(10,357): no children at offset 1
0.699 Retroactively prune reduction (m2_trip_to2 Q_1,0_couple:0_5d251dbeb55977b8 place4 place3 place5)@(10,496): no children at offset 1
0.710 Retroactively prune reduction (m2_trip_to2 Q_1,0_couple:0_5d251dbeb55977b8 place4 place4 place5)@(10,565): no children at offset 1
0.725 Collected 166 relevant facts at this layer
0.725 Encoding ...
0.852 Attempting to solve formula with 226534 clauses (607775 literals) and 63 assumptions
0.858 Unsolvable at layer 11 -- expanding.
0.858 Iteration 12.
0.859 New layer size: 1260
0.859 Instantiating ...
0.912 Retroactively prune reduction (m2_trip_to2 Q_1,0_couple:0_5d251dbeb55977b8 place4 place1 place5)@(11,79): no children at offset 1
0.951 Retroactively prune reduction (m2_trip_to2 Q_1,0_couple:0_5d251dbeb55977b8 place4 place2 place5)@(11,518): no children at offset 1
0.974 Retroactively prune reduction (m2_trip_to2 Q_1,0_couple:0_5d251dbeb55977b8 place4 place3 place5)@(11,737): no children at offset 1
0.989 Retroactively prune reduction (m2_trip_to2 Q_1,0_couple:0_5d251dbeb55977b8 place4 place4 place5)@(11,846): no children at offset 1
1.009 Collected 166 relevant facts at this layer
1.009 Encoding ...
1.155 Attempting to solve formula with 290573 clauses (776378 literals) and 68 assumptions
1.163 Unsolvable at layer 12 -- expanding.
1.163 Iteration 13.
1.164 New layer size: 1582
1.164 Instantiating ...
1.223 Retroactively prune reduction (m2_trip_to2 Q_1,0_couple:0_5d251dbeb55977b8 place4 place1 place5)@(12,80): no children at offset 1
1.268 Retroactively prune reduction (m2_trip_to2 Q_1,0_couple:0_5d251dbeb55977b8 place4 place2 place5)@(12,680): no children at offset 1
1.294 Retroactively prune reduction (m2_trip_to2 Q_1,0_couple:0_5d251dbeb55977b8 place4 place3 place5)@(12,980): no children at offset 1
1.312 Retroactively prune reduction (m2_trip_to2 Q_1,0_couple:0_5d251dbeb55977b8 place4 place4 place5)@(12,1130): no children at offset 1
1.337 Collected 166 relevant facts at this layer
1.337 Encoding ...
1.512 Attempting to solve formula with 358091 clauses (954194 literals) and 73 assumptions
2.024 Found a solution at layer 13.
==>
79317 put_down guy2 place0 tent4
79325 nop
79427 drive_tent guy2 place0 place1 car4 tent4
87276 drive girl2 place0 place1 car0
87571 put_up guy2 place1 tent4
87574 drive_passenger girl2 place1 place0 car0 guy2
87579 walk_together tent4 place1 guy3 place0 girl3 couple3
87581 walk_together tent4 place1 guy4 place0 girl4 couple4
87586 walk_together tent4 place1 guy1 place0 girl1 couple1
87591 walk_together tent4 place1 guy0 place0 girl0 couple0
87595 walk_together tent4 place1 guy2 place0 girl2 couple2
87598 nop
87671 put_down girl2 place1 tent4
87674 drive_passenger guy2 place1 place0 car4 girl2
87677 drive guy2 place0 place1 car4
87680 drive girl2 place0 place1 car0
87683 nop
88095 nop
88516 drive_tent guy2 place1 place2 car4 tent4
92504 drive girl2 place1 place2 car0
92641 put_up guy2 place2 tent4
92643 drive_passenger girl2 place2 place1 car0 guy2
92646 walk_together tent4 place2 guy0 place1 girl0 couple0
92650 walk_together tent4 place2 guy3 place1 girl3 couple3
92654 walk_together tent4 place2 guy2 place1 girl2 couple2
92660 walk_together tent4 place2 guy4 place1 girl4 couple4
92662 walk_together tent4 place2 guy1 place1 girl1 couple1
92666 nop
92737 put_down girl2 place2 tent4
92739 drive_passenger guy2 place2 place1 car4 girl2
92742 drive guy2 place1 place2 car4
92746 drive girl2 place1 place2 car0
92748 nop
92998 nop
93256 drive_tent guy2 place2 place3 car0 tent4
95473 drive girl2 place2 place3 car4
95533 put_up guy2 place3 tent4
95536 drive_passenger girl2 place3 place2 car4 guy2
95541 walk_together tent4 place3 guy2 place2 girl2 couple2
95544 walk_together tent4 place3 guy4 place2 girl4 couple4
95548 walk_together tent4 place3 guy1 place2 girl1 couple1
95552 walk_together tent4 place3 guy0 place2 girl0 couple0
95556 walk_together tent4 place3 guy3 place2 girl3 couple3
95559 nop
95630 put_down girl2 place3 tent4
95632 drive_passenger guy2 place3 place2 car0 girl2
95635 drive guy2 place2 place3 car0
95638 drive girl2 place2 place3 car4
95641 nop
95817 drive_tent guy2 place3 place4 car4 tent4
97149 drive girl2 place3 place4 car0
97170 put_up guy2 place4 tent4
97173 drive_passenger girl2 place4 place3 car0 guy2
97178 walk_together tent4 place4 guy1 place3 girl1 couple1
97182 walk_together tent4 place4 guy3 place3 girl3 couple3
97185 walk_together tent4 place4 guy4 place3 girl4 couple4
97189 walk_together tent4 place4 guy2 place3 girl2 couple2
97194 walk_together tent4 place4 guy0 place3 girl0 couple0
97196 nop
97267 put_down girl2 place4 tent4
97269 drive_passenger guy2 place4 place3 car4 girl2
97272 drive guy2 place3 place4 car4
97275 drive girl2 place3 place4 car0
97281 drive_tent guy2 place4 place5 car4 tent4
98183 drive girl2 place4 place5 car0
98185 put_up guy2 place5 tent4
98188 drive_passenger girl2 place5 place4 car0 guy2
98191 walk_together tent4 place5 guy2 place4 girl2 couple2
98196 walk_together tent4 place5 guy3 place4 girl3 couple3
98199 walk_together tent4 place5 guy4 place4 girl4 couple4
98203 walk_together tent4 place5 guy1 place4 girl1 couple1
98209 walk_together tent4 place5 guy0 place4 girl0 couple0
98211 nop
98282 put_down girl2 place5 tent4
98284 drive_passenger guy2 place5 place4 car4 girl2
98287 drive guy2 place4 place5 car4
98290 drive girl2 place4 place5 car0
root 15
15 everyone_go_hiking place5 -> m14_everyone_go_hiking 44 56
44 prepare_trip place0 -> m6_prepare_trip 79316 79324
56 trip_to1 couple2 place5 -> m0_trip_to1 189
189 trip_to2 couple2 place0 place5 -> m2_trip_to2 303 354
303 trip_to2 couple2 place0 place1 -> m2_trip_to2 503 88094
354 trip_to2 couple2 place1 place5 -> m2_trip_to2 911 976
503 trip_to2 couple2 place0 place1 -> m2_trip_to2 1174 87682
911 trip_to2 couple2 place1 place2 -> m2_trip_to2 1908 92997
976 trip_to2 couple2 place2 place5 -> m2_trip_to2 2367 2433
1174 trip_to2 couple2 place0 place1 -> m3_trip_to2 79427 87276 87571 87574 3035 87671 87674 87677 87680
1908 trip_to2 couple2 place1 place2 -> m2_trip_to2 4466 92747
2367 trip_to2 couple2 place2 place3 -> m2_trip_to2 5361 95640
2433 trip_to2 couple2 place3 place5 -> m2_trip_to2 5915 5981
3035 walk_everyone tent4 place1 place0 -> m5_walk_everyone 87579 7215
4466 trip_to2 couple2 place1 place2 -> m3_trip_to2 88516 92504 92641 92643 10635 92737 92739 92742 92746
5361 trip_to2 couple2 place2 place3 -> m3_trip_to2 93256 95473 95533 95536 12576 95630 95632 95635 95638
5915 trip_to2 couple2 place3 place4 -> m3_trip_to2 95817 97149 97170 97173 13547 97267 97269 97272 97275
5981 trip_to2 couple2 place4 place5 -> m3_trip_to2 97281 98183 98185 98188 14037 98282 98284 98287 98290
7215 walk_everyone tent4 place1 place0 -> m5_walk_everyone 87581 16152
10635 walk_everyone tent4 place2 place1 -> m5_walk_everyone 92646 22624
12576 walk_everyone tent4 place3 place2 -> m5_walk_everyone 95541 26336
13547 walk_everyone tent4 place4 place3 -> m5_walk_everyone 97178 28192
14037 walk_everyone tent4 place5 place4 -> m5_walk_everyone 98191 28779
16152 walk_everyone tent4 place1 place0 -> m5_walk_everyone 87586 32640
22624 walk_everyone tent4 place2 place1 -> m5_walk_everyone 92650 38606
26336 walk_everyone tent4 place3 place2 -> m5_walk_everyone 95544 42574
28192 walk_everyone tent4 place4 place3 -> m5_walk_everyone 97182 43850
28779 walk_everyone tent4 place5 place4 -> m5_walk_everyone 98196 44538
32640 walk_everyone tent4 place1 place0 -> m5_walk_everyone 87591 52052
38606 walk_everyone tent4 place2 place1 -> m5_walk_everyone 92654 56611
42574 walk_everyone tent4 place3 place2 -> m5_walk_everyone 95548 59186
43850 walk_everyone tent4 place4 place3 -> m5_walk_everyone 97185 60557
44538 walk_everyone tent4 place5 place4 -> m5_walk_everyone 98199 61350
52052 walk_everyone tent4 place1 place0 -> m5_walk_everyone 87595 87597
56611 walk_everyone tent4 place2 place1 -> m5_walk_everyone 92660 74115
59186 walk_everyone tent4 place3 place2 -> m5_walk_everyone 95552 76831
60557 walk_everyone tent4 place4 place3 -> m5_walk_everyone 97189 78333
61350 walk_everyone tent4 place5 place4 -> m5_walk_everyone 98203 79235
74115 walk_everyone tent4 place2 place1 -> m5_walk_everyone 92662 92665
76831 walk_everyone tent4 place3 place2 -> m5_walk_everyone 95556 95558
78333 walk_everyone tent4 place4 place3 -> m5_walk_everyone 97194 97195
79235 walk_everyone tent4 place5 place4 -> m5_walk_everyone 98209 98210
79316 bring_tent place0 -> m10_bring_tent 79317
79324 bring_cars place0 -> m11_bring_cars 79325
87597 walk_everyone tent4 place1 place0 -> m4_walk_everyone 87598
87682 trip_to2 couple2 place1 place1 -> m1_trip_to2 87683
88094 trip_to2 couple2 place1 place1 -> m1_trip_to2 88095
92665 walk_everyone tent4 place2 place1 -> m4_walk_everyone 92666
92747 trip_to2 couple2 place2 place2 -> m1_trip_to2 92748
92997 trip_to2 couple2 place2 place2 -> m1_trip_to2 92998
95558 walk_everyone tent4 place3 place2 -> m4_walk_everyone 95559
95640 trip_to2 couple2 place3 place3 -> m1_trip_to2 95641
97195 walk_everyone tent4 place4 place3 -> m4_walk_everyone 97196
98210 walk_everyone tent4 place5 place4 -> m4_walk_everyone 98211
<==
2.070 End of solution plan. (counted length of 77)
2.070 Total amount of clauses encoded: 358091
2.070 - directframeaxioms : 193858 cls
2.070 - qfactsemantics : 51769 cls
2.070 - reductionconstraints : 37135 cls
2.070 - indirectframeaxioms : 25439 cls
2.070 - substitutionconstraints : 11399 cls
2.070 - qconstequality : 10920 cls
2.070 - expansions : 8770 cls
2.070 - predecessors : 7218 cls
2.070 - atmostoneelement : 4749 cls
2.070 - actionconstraints : 3346 cls
2.070 - actioneffects : 2850 cls
2.070 - forbiddenoperations : 470 cls
2.070 - truefacts : 166 cls
2.070 - axiomaticops : 2 cls
2.070 # instantiated positions: 5052
2.070 # instantiated actions: 8201
2.070 # instantiated reductions: 787
2.070 # introduced pseudo-constants: 1699
2.070 # retroactive prunings: 21
2.070 # retroactively pruned operations: 1331
2.070 # dominated operations: 0
2.070 Exiting happily (no cleaning up).

RUNWATCH_RESULT EXIT RETVAL 0 TIME_SECS 2.09766 MEMPEAK_KBS 200268
