    _           _         _
   \ |         \ |       | |                       
   | |     __  | |      _| |______                
   | |     \/  | |     /_   ______\                
   | |      _  | |   __  | |  ___   ___   ___       
   | |___  | | | |  / .\ | | / , | |   \ / ·_\    
   \_____\ |_| |__\ \__/ |_| \___) |_|_| \___\  
[39mL i l o t a n e  version rls-glucose4
by Dominik Schreiber <dominik.schreiber@kit.edu> 2020-2021
using SAT solver glucose4

0.004 Parser finished.
0.004 Structures extracted.
0.004 19 operators and 12 methods created.
0.025 Mined 0 new reduction preconditions (+0.0%).
0.025 Iteration 0.
0.025 Creating initial layer of size 2
0.033 Attempting to solve formula with 3 clauses (3 literals) and 1 assumptions
0.033 Unsolvable at layer 0 -- expanding.
0.033 Iteration 1.
0.033 New layer size: 2
0.033 Instantiating ...
0.042 Collected 0 relevant facts at this layer
0.042 Encoding ...
0.042 Attempting to solve formula with 8 clauses (12 literals) and 1 assumptions
0.042 Unsolvable at layer 1 -- expanding.
0.042 Iteration 2.
0.042 New layer size: 3
0.042 Instantiating ...
0.060 Collected 4 relevant facts at this layer
0.060 Encoding ...
0.060 Attempting to solve formula with 33 clauses (61 literals) and 1 assumptions
0.060 Unsolvable at layer 2 -- expanding.
0.060 Iteration 3.
0.060 New layer size: 5
0.060 Instantiating ...
0.112 Collected 43 relevant facts at this layer
0.112 Encoding ...
0.113 Attempting to solve formula with 346 clauses (838 literals) and 3 assumptions
0.113 Unsolvable at layer 3 -- expanding.
0.113 Iteration 4.
0.113 New layer size: 9
0.113 Instantiating ...
0.207 Collected 74 relevant facts at this layer
0.207 Encoding ...
0.208 Attempting to solve formula with 1119 clauses (3090 literals) and 4 assumptions
0.208 Unsolvable at layer 4 -- expanding.
0.208 Iteration 5.
0.208 New layer size: 14
0.208 Instantiating ...
0.347 Collected 103 relevant facts at this layer
0.347 Encoding ...
0.349 Attempting to solve formula with 2852 clauses (8290 literals) and 6 assumptions
0.349 Unsolvable at layer 5 -- expanding.
0.349 Iteration 6.
0.349 New layer size: 25
0.349 Instantiating ...
0.581 Collected 125 relevant facts at this layer
0.581 Encoding ...
0.586 Attempting to solve formula with 6754 clauses (20010 literals) and 11 assumptions
0.586 Unsolvable at layer 6 -- expanding.
0.586 Iteration 7.
0.586 New layer size: 43
0.586 Instantiating ...
1.048 Collected 133 relevant facts at this layer
1.048 Encoding ...
1.057 Attempting to solve formula with 14152 clauses (41438 literals) and 21 assumptions
1.057 Unsolvable at layer 7 -- expanding.
1.057 Iteration 8.
1.057 New layer size: 77
1.057 Instantiating ...
1.919 Collected 137 relevant facts at this layer
1.919 Encoding ...
1.935 Attempting to solve formula with 27823 clauses (81182 literals) and 36 assumptions
1.935 Unsolvable at layer 8 -- expanding.
1.935 Iteration 9.
1.935 New layer size: 134
1.935 Instantiating ...
3.491 Collected 139 relevant facts at this layer
3.491 Encoding ...
3.523 Attempting to solve formula with 51299 clauses (149953 literals) and 63 assumptions
3.524 Unsolvable at layer 9 -- expanding.
3.524 Iteration 10.
3.524 New layer size: 234
3.524 Instantiating ...
6.146 Collected 139 relevant facts at this layer
6.146 Encoding ...
6.213 Attempting to solve formula with 94468 clauses (276628 literals) and 106 assumptions
6.213 Unsolvable at layer 10 -- expanding.
6.213 Iteration 11.
6.213 New layer size: 403
6.213 Instantiating ...
10.793 Collected 139 relevant facts at this layer
10.794 Encoding ...
10.908 Attempting to solve formula with 169394 clauses (496250 literals) and 186 assumptions
10.920 Unsolvable at layer 11 -- expanding.
10.920 Iteration 12.
10.920 New layer size: 702
10.920 Instantiating ...
18.937 Collected 139 relevant facts at this layer
18.937 Encoding ...
19.145 Attempting to solve formula with 300951 clauses (881322 literals) and 322 assumptions
19.152 Unsolvable at layer 12 -- expanding.
19.152 Iteration 13.
19.152 New layer size: 1217
19.152 Instantiating ...
33.302 Collected 139 relevant facts at this layer
33.302 Encoding ...
33.668 Attempting to solve formula with 528736 clauses (1548386 literals) and 562 assumptions
33.669 Unsolvable at layer 13 -- expanding.
33.669 Iteration 14.
33.669 New layer size: 2121
33.669 Instantiating ...
58.491 Collected 139 relevant facts at this layer
58.491 Encoding ...
59.115 Attempting to solve formula with 928054 clauses (2718227 literals) and 975 assumptions
59.164 Unsolvable at layer 14 -- expanding.
59.164 Iteration 15.
59.166 New layer size: 3678
59.166 Instantiating ...
102.245 Collected 139 relevant facts at this layer
102.245 Encoding ...
103.334 Attempting to solve formula with 1619136 clauses (4743751 literals) and 1688 assumptions
103.368 Unsolvable at layer 15 -- expanding.
103.368 Iteration 16.
103.374 New layer size: 6381
103.374 Instantiating ...
178.248 Collected 139 relevant facts at this layer
178.248 Encoding ...
180.144 Attempting to solve formula with 2820933 clauses (8268206 literals) and 2926 assumptions
190.452 Unsolvable at layer 16 -- expanding.
190.452 Iteration 17.
190.463 New layer size: 11059
190.463 Instantiating ...
320.485 Collected 139 relevant facts at this layer
320.485 Encoding ...
324.114 Attempting to solve formula with 4902947 clauses (14372931 literals) and 5069 assumptions
327.275 Unsolvable at layer 17 -- expanding.
327.275 Iteration 18.
327.294 New layer size: 19177
327.294 Instantiating ...
554.802 Collected 139 relevant facts at this layer
554.802 Encoding ...
561.527 Attempting to solve formula with 8515921 clauses (24967766 literals) and 8788 assumptions
569.282 Unsolvable at layer 18 -- expanding.
569.283 Iteration 19.
569.316 New layer size: 33247
569.316 Instantiating ...
967.735 Collected 139 relevant facts at this layer
967.735 Encoding ...
980.650 Attempting to solve formula with 14778742 clauses (43331055 literals) and 15239 assumptions
1001.688 Unsolvable at layer 19 -- expanding.
1001.688 Iteration 20.
1001.748 New layer size: 57651
1001.748 Instantiating ...
1692.418 Collected 139 relevant facts at this layer
1692.418 Encoding ...
1717.336 Attempting to solve formula with 25640146 clauses (75177392 literals) and 26421 assumptions
1803.138 Termination signal caught.
1803.138 Total amount of clauses encoded: 25640146
1803.138 - directframeaxioms : 14575816 cls
1803.138 - indirectframeaxioms : 3263527 cls
1803.138 - qfactsemantics : 2909277 cls
1803.138 - reductionconstraints : 1795962 cls
1803.138 - atmostoneelement : 626561 cls
1803.138 - substitutionconstraints : 568894 cls
1803.138 - actionconstraints : 543417 cls
1803.138 - expansions : 491859 cls
1803.138 - predecessors : 423953 cls
1803.138 - qconstequality : 337405 cls
1803.138 - actioneffects : 103334 cls
1803.138 - truefacts : 139 cls
1803.138 - axiomaticops : 2 cls
1803.138 # instantiated positions: 136183
1803.138 # instantiated actions: 281478
1803.138 # instantiated reductions: 142477
1803.138 # introduced pseudo-constants: 123582
1803.138 # retroactive prunings: 0
1803.138 # retroactively pruned operations: 0
1803.138 # dominated operations: 906
1803.138 # total invalid rigid preconditions found in getPFC: 872303
1803.138 # invalid rigid preconditions found in getPFC: 184755
1803.138 # invalid rigid preconditions found in getPFC in varrestrictions: 687548
1803.138 # total invalid fluent preconditions found in getPFC: 152
1803.138 # invalid fluent preconditions found in getPFC: 114
1803.138 # invalid fluent preconditions found in getPFC in varrestrictions: 23
1803.138 # invalid fluent preconditions found in getPFC via postconditions: 15
1803.138 # invalid subtasks found in getPFC: 0
1803.138 # number effects in operation fact_frames: 138
1803.138 Exiting happily.

RUNWATCH_RESULT TIMEOUT RETVAL 0 TIME_SECS 1803.65 MEMPEAK_KBS 8956908
