    _           _         _
   \ |         \ |       | |                       
   | |     __  | |      _| |______                
   | |     \/  | |     /_   ______\                
   | |      _  | |   __  | |  ___   ___   ___       
   | |___  | | | |  / .\ | | / , | |   \ / ·_\    
   \_____\ |_| |__\ \__/ |_| \___) |_|_| \___\  
[39mL i l o t a n e  version rls-glucose4
by Dominik Schreiber <dominik.schreiber@kit.edu> 2020-2021
using SAT solver glucose4

0.021 Parser finished.
0.021 Structures extracted.
0.023 89 operators and 84 methods created.
0.055 Mined 88 new reduction preconditions (+8800.0%).
0.055 Iteration 0.
0.055 Creating initial layer of size 2
0.065 Attempting to solve formula with 5 clauses (6 literals) and 1 assumptions
0.065 Unsolvable at layer 0 -- expanding.
0.065 Iteration 1.
0.065 New layer size: 2
0.065 Instantiating ...
0.168 Collected 1 relevant facts at this layer
0.168 Encoding ...
0.170 Attempting to solve formula with 496 clauses (1062 literals) and 1 assumptions
0.170 Unsolvable at layer 1 -- expanding.
0.170 Iteration 2.
0.170 New layer size: 2
0.170 Instantiating ...
0.262 Collected 1 relevant facts at this layer
0.262 Encoding ...
0.263 Attempting to solve formula with 607 clauses (1349 literals) and 1 assumptions
0.263 Unsolvable at layer 2 -- expanding.
0.263 Iteration 3.
0.263 New layer size: 7
0.263 Instantiating ...
0.356 Collected 49 relevant facts at this layer
0.356 Encoding ...
0.361 Attempting to solve formula with 1904 clauses (4759 literals) and 4 assumptions
0.361 Unsolvable at layer 3 -- expanding.
0.361 Iteration 4.
0.361 New layer size: 27
0.361 Instantiating ...
0.580 Collected 313 relevant facts at this layer
0.580 Encoding ...
0.606 Attempting to solve formula with 22235 clauses (64851 literals) and 21 assumptions
0.606 Unsolvable at layer 4 -- expanding.
0.606 Iteration 5.
0.606 New layer size: 70
0.606 Instantiating ...
0.946 Collected 480 relevant facts at this layer
0.946 Encoding ...
1.013 Attempting to solve formula with 82112 clauses (238445 literals) and 36 assumptions
1.018 Unsolvable at layer 5 -- expanding.
1.018 Iteration 6.
1.018 New layer size: 176
1.018 Instantiating ...
1.548 Collected 590 relevant facts at this layer
1.548 Encoding ...
1.723 Attempting to solve formula with 232112 clauses (687703 literals) and 81 assumptions
c last restart ## conflicts  :  15 3681 
1.752 Found a solution at layer 6.
==>
22320 SHOP_methodm_quell_riot_precondition rochester_general rochester
30647 p_1Call
35344 p_2Call
41492 SHOP_methodm_get_to_person_drives_themself_precondition pu1 rochester_general pvan1 strong
42868 SHOP_methodm_drive_to_precondition pvan1 strong pu1
42909 p_3Navegate_vehicle
51210 SHOP_methodm_get_to_as_cargo_precondition pu2 rochester_general park_ridge pvan1
51215 SHOP_methodm_get_to_vehicle_gets_driven_precondition pvan1 park_ridge rochester_general pu1
51221 SHOP_methodm_drive_to_precondition pvan1 rochester_general pu1
51231 p_4Navegate_vehicle
51291 SHOP_methodm_get_in_ambulatory_person_precondition pu2 park_ridge pvan1
51931 p_5Climb_in
53847 SHOP_methodm_get_to_vehicle_gets_driven_precondition pvan1 rochester_general park_ridge pu1
53855 SHOP_methodm_drive_to_precondition pvan1 park_ridge pu1
53874 p_6Navegate_vehicle
55761 climb_out pu2 pvan1 rochester_general
59516 set_up_barricades pu1
59519 set_up_barricades pu2
root 10
10 tlt -> m_tlt_quell_riot 58
58 quell_riot rochester_general -> m_quell_riot 22320 159 221 311 59516 59519
159 declare_curfew rochester -> m_declare_curfew 30646 35343
221 get_to pu1 rochester_general -> m_get_to_person_drives_themself 41492 3712
311 get_to pu2 rochester_general -> m_get_to_as_cargo 51210 5558 5591 5793 55760
3712 drive_to pu1 pvan1 rochester_general -> m_drive_to 42868 42908
5558 get_to pvan1 park_ridge -> m_get_to_vehicle_gets_driven 51215 19511
5591 get_in pu2 pvan1 -> m_get_in_ambulatory_person 51291 51930
5793 get_to pvan1 rochester_general -> m_get_to_vehicle_gets_driven 53847 20666
19511 drive_to pu1 pvan1 park_ridge -> m_drive_to 51221 51230
20666 drive_to pu1 pvan1 rochester_general -> m_drive_to 53855 53873
30646 ccall ebs -> prefix_1 30647
35343 ccall police_chief -> prefix_2 35344
42908 cnavegate_vehicle pu1 pvan1 rochester_general strong -> prefix_3 42909
51230 cnavegate_vehicle pu1 pvan1 park_ridge rochester_general -> prefix_4 51231
51930 cclimb_in pu2 pvan1 park_ridge -> prefix_5 51931
53873 cnavegate_vehicle pu1 pvan1 rochester_general park_ridge -> prefix_6 53874
55760 get_out pu2 pvan1 -> m_get_out_ambulatory_person 55761
<==
1.758 End of solution plan. (counted length of 18)
1.758 Total amount of clauses encoded: 232112
1.758 - directframeaxioms : 149328 cls
1.758 - qfactsemantics : 38097 cls
1.758 - reductionconstraints : 17232 cls
1.758 - indirectframeaxioms : 11358 cls
1.758 - actionconstraints : 7567 cls
1.758 - atmostoneelement : 2524 cls
1.758 - expansions : 1586 cls
1.758 - predecessors : 1187 cls
1.758 - substitutionconstraints : 1082 cls
1.758 - qtypeconstraints : 776 cls
1.758 - truefacts : 590 cls
1.758 - qconstequality : 448 cls
1.758 - actioneffects : 335 cls
1.758 - axiomaticops : 2 cls
1.758 # instantiated positions: 285
1.758 # instantiated actions: 860
1.758 # instantiated reductions: 328
1.758 # introduced pseudo-constants: 283
1.758 # retroactive prunings: 4
1.758 # retroactively pruned operations: 4
1.758 # dominated operations: 29
1.758 # total invalid rigid preconditions found in getPFC: 1576
1.758 # invalid rigid preconditions found in getPFC: 6
1.758 # invalid rigid preconditions found in getPFC in varrestrictions: 1570
1.758 # total invalid fluent preconditions found in getPFC: 108
1.758 # invalid fluent preconditions found in getPFC: 108
1.758 # invalid fluent preconditions found in getPFC in varrestrictions: 0
1.758 # invalid fluent preconditions found in getPFC via postconditions: 0
1.758 # invalid subtasks found in getPFC: 4
1.758 # number effects in operation fact_frames: 1121
1.758 Exiting happily.

RUNWATCH_RESULT EXIT RETVAL 0 TIME_SECS 1.77393 MEMPEAK_KBS 78164
