    _           _         _
   \ |         \ |       | |                       
   | |     __  | |      _| |______                
   | |     \/  | |     /_   ______\                
   | |      _  | |   __  | |  ___   ___   ___       
   | |___  | | | |  / .\ | | / , | |   \ / ·_\    
   \_____\ |_| |__\ \__/ |_| \___) |_|_| \___\  
[39mL i l o t a n e  version rls-glucose4
by Dominik Schreiber <dominik.schreiber@kit.edu> 2020-2021
using SAT solver glucose4

0.019 Parser finished.
0.020 Structures extracted.
0.020 9 operators and 7 methods created.
0.028 Mined 12 new reduction preconditions (+inf%).
0.028 Iteration 0.
0.028 Creating initial layer of size 2
0.048 Attempting to solve formula with 3 clauses (3 literals) and 1 assumptions
0.048 Unsolvable at layer 0 -- expanding.
0.048 Iteration 1.
0.048 New layer size: 71
0.048 Instantiating ...
0.692 Collected 0 relevant facts at this layer
0.692 Encoding ...
0.716 Attempting to solve formula with 28845 clauses (81137 literals) and 70 assumptions
0.716 Unsolvable at layer 1 -- expanding.
0.716 Iteration 2.
0.716 New layer size: 281
0.716 Instantiating ...
1.736 Collected 1043 relevant facts at this layer
1.736 Encoding ...
2.425 Attempting to solve formula with 605625 clauses (2343351 literals) and 140 assumptions
2.446 Unsolvable at layer 2 -- expanding.
2.446 Iteration 3.
2.446 New layer size: 421
2.446 Instantiating ...
3.929 Collected 1043 relevant facts at this layer
3.929 Encoding ...
5.372 Attempting to solve formula with 1533995 clauses (6067744 literals) and 140 assumptions
5.375 Unsolvable at layer 3 -- expanding.
5.375 Iteration 4.
5.375 New layer size: 561
5.375 Instantiating ...
7.295 Collected 1043 relevant facts at this layer
7.295 Encoding ...
9.301 Attempting to solve formula with 2724197 clauses (10977510 literals) and 140 assumptions
c
c Try to adapt solver strategies
c 
c Nothing extreme in this problem, continue with glucose default strategies.
c
141.533 Unsolvable at layer 4 -- expanding.
141.533 Iteration 5.
141.534 New layer size: 701
141.534 Instantiating ...
144.316 Collected 1043 relevant facts at this layer
144.316 Encoding ...
147.029 Attempting to solve formula with 4180149 clauses (17248085 literals) and 140 assumptions
1800.659 Termination signal caught.
1800.659 Total amount of clauses encoded: 4180149
1800.659 - indirectframeaxioms : 2131871 cls
1800.659 - directframeaxioms : 764680 cls
1800.659 - qfactsemantics : 671062 cls
1800.659 - reductionconstraints : 224738 cls
1800.659 - actionconstraints : 222886 cls
1800.659 - qconstequality : 74535 cls
1800.659 - substitutionconstraints : 65099 cls
1800.659 - atmostoneelement : 10226 cls
1800.659 - expansions : 5864 cls
1800.659 - predecessors : 5623 cls
1800.659 - actioneffects : 2520 cls
1800.659 - truefacts : 1043 cls
1800.659 - axiomaticops : 2 cls
1800.659 # instantiated positions: 2036
1800.659 # instantiated actions: 4993
1800.659 # instantiated reductions: 631
1800.659 # introduced pseudo-constants: 1208
1800.659 # retroactive prunings: 0
1800.659 # retroactively pruned operations: 0
1800.659 # dominated operations: 51
1800.659 # total invalid rigid preconditions found in getPFC: 0
1800.659 # invalid rigid preconditions found in getPFC: 0
1800.659 # invalid rigid preconditions found in getPFC in varrestrictions: 0
1800.659 # total invalid fluent preconditions found in getPFC: 0
1800.659 # invalid fluent preconditions found in getPFC: 0
1800.659 # invalid fluent preconditions found in getPFC in varrestrictions: 0
1800.659 # invalid fluent preconditions found in getPFC via postconditions: 0
1800.659 # invalid subtasks found in getPFC: 0
1800.659 # number effects in operation fact_frames: 348
1800.659 # number of variables restricted: 26740
1800.659 Exiting happily.

RUNWATCH_RESULT TIMEOUT RETVAL 0 TIME_SECS 1800.78 MEMPEAK_KBS 1336908
