    _           _         _
   \ |         \ |       | |                       
   | |     __  | |      _| |______                
   | |     \/  | |     /_   ______\                
   | |      _  | |   __  | |  ___   ___   ___       
   | |___  | | | |  / .\ | | / , | |   \ / ·_\    
   \_____\ |_| |__\ \__/ |_| \___) |_|_| \___\  
[39mL i l o t a n e  version rls-cadical
by Dominik Schreiber <dominik.schreiber@kit.edu> 2020-2021
using SAT solver cadical

0.070 Parser finished.
0.071 Structures extracted.
0.087 312 operators and 305 methods created.
0.740 Mined 582 new reduction preconditions (+90.1%).
0.740 Iteration 0.
0.740 Creating initial layer of size 2
0.759 Attempting to solve formula with 3 clauses (3 literals) and 1 assumptions
0.759 Unsolvable at layer 0 -- expanding.
0.759 Iteration 1.
0.759 New layer size: 5
0.759 Instantiating ...
0.840 Collected 6 relevant facts at this layer
0.840 Encoding ...
0.845 Attempting to solve formula with 97 clauses (221 literals) and 4 assumptions
0.845 Unsolvable at layer 1 -- expanding.
0.845 Iteration 2.
0.845 New layer size: 9
0.845 Instantiating ...
1.522 Collected 301 relevant facts at this layer
1.522 Encoding ...
1.545 Attempting to solve formula with 51582 clauses (112396 literals) and 4 assumptions
1.545 Unsolvable at layer 2 -- expanding.
1.545 Iteration 3.
1.545 New layer size: 13
1.545 Instantiating ...
2.865 Collected 612 relevant facts at this layer
2.865 Encoding ...
2.908 Attempting to solve formula with 139175 clauses (313499 literals) and 8 assumptions
2.908 Unsolvable at layer 3 -- expanding.
2.908 Iteration 4.
2.908 New layer size: 39
2.908 Instantiating ...
5.265 Collected 876 relevant facts at this layer
5.265 Encoding ...
5.386 Attempting to solve formula with 287242 clauses (694232 literals) and 19 assumptions
5.387 Unsolvable at layer 4 -- expanding.
5.387 Iteration 5.
5.387 New layer size: 90
5.387 Instantiating ...
13.500 Collected 2124 relevant facts at this layer
13.500 Encoding ...
13.976 Attempting to solve formula with 898303 clauses (2257758 literals) and 35 assumptions
14.014 Unsolvable at layer 5 -- expanding.
14.014 Iteration 6.
14.014 New layer size: 157
14.014 Instantiating ...
14.024 Retroactively prune reduction (M217-ACHIEVE-HOME3 Q_2,0_CARD:0_b3ce146732786ab8 Q_5,0_CARD:0_7d97683d2af7899c)@(5,0): no children at offset 0
36.183 Collected 2284 relevant facts at this layer
36.183 Encoding ...
37.328 Attempting to solve formula with 2430020 clauses (6108874 literals) and 62 assumptions
37.897 Unsolvable at layer 6 -- expanding.
37.897 Iteration 7.
37.897 New layer size: 292
37.897 Instantiating ...
80.856 Collected 2324 relevant facts at this layer
80.856 Encoding ...
83.323 Attempting to solve formula with 5450581 clauses (14174248 literals) and 120 assumptions
84.275 Unsolvable at layer 7 -- expanding.
84.275 Iteration 8.
84.276 New layer size: 586
84.276 Instantiating ...
184.157 Collected 5284 relevant facts at this layer
184.157 Encoding ...
192.590 Attempting to solve formula with 13375190 clauses (36621571 literals) and 234 assumptions
201.044 Unsolvable at layer 8 -- expanding.
201.044 Iteration 9.
201.045 New layer size: 1132
201.045 Instantiating ...
201.065 Retroactively prune reduction (M217-ACHIEVE-HOME3 Q_5,0_CARD:1_b3ce146732786ab8 Q_8,0_CARD:0_7d97683d2af7899c)@(8,0): no children at offset 0
417.633 Collected 5284 relevant facts at this layer
417.633 Encoding ...
436.994 Attempting to solve formula with 31657389 clauses (88973471 literals) and 438 assumptions
653.370 Unsolvable at layer 9 -- expanding.
653.370 Iteration 10.
653.370 New layer size: 2103
653.370 Instantiating ...
653.392 Retroactively prune reduction (M217-ACHIEVE-HOME3 Q_5,0_CARD:0_b3ce146732786ab8 Q_9,0_CARD:0_7d97683d2af7899c)@(9,0): no children at offset 0
1124.346 Collected 5284 relevant facts at this layer
1124.346 Encoding ...
1166.860 Attempting to solve formula with 67418287 clauses (191854497 literals) and 818 assumptions
1443.345 Unsolvable at layer 10 -- expanding.
1443.345 Iteration 11.
1443.346 New layer size: 3968
1443.346 Instantiating ...
1801.094 Termination signal caught.
1801.094 Total amount of clauses encoded: 67418287
1801.094 - reductionconstraints : 25661339 cls
1801.094 - directframeaxioms : 22174452 cls
1801.094 - qfactsemantics : 9725271 cls
1801.094 - indirectframeaxioms : 7058471 cls
1801.094 - substitutionconstraints : 1263797 cls
1801.094 - atmostoneelement : 844690 cls
1801.094 - qconstequality : 346086 cls
1801.094 - expansions : 153876 cls
1801.094 - predecessors : 90848 cls
1801.094 - actionconstraints : 61533 cls
1801.094 - actioneffects : 32635 cls
1801.094 - truefacts : 5284 cls
1801.094 - forbiddenoperations : 3 cls
1801.094 - axiomaticops : 2 cls
1801.094 # instantiated positions: 5347
1801.094 # instantiated actions: 49068
1801.094 # instantiated reductions: 62473
1801.094 # introduced pseudo-constants: 17802
1801.094 # retroactive prunings: 19
1801.094 # retroactively pruned operations: 19
1801.094 # dominated operations: 7356
1801.094 # total invalid rigid preconditions found in getPFC: 800
1801.094 # invalid rigid preconditions found in getPFC: 0
1801.094 # invalid rigid preconditions found in getPFC in varrestrictions: 800
1801.094 # total invalid fluent preconditions found in getPFC: 78437
1801.094 # invalid fluent preconditions found in getPFC: 3951
1801.094 # invalid fluent preconditions found in getPFC in varrestrictions: 8
1801.094 # invalid fluent preconditions found in getPFC via postconditions: 74478
1801.094 # invalid operations found in getPFC via subtasks: 16
1801.094 # invalid operations found in getPFC via postconditions: 0
1801.094 # number effects in operation fact_frames: 11189
1801.094 # number of variables restricted: 2038416
1801.094 # number of nodes variables restricted: 713541
1801.094 Exiting happily.

RUNWATCH_RESULT TIMEOUT RETVAL 0 TIME_SECS 1802 MEMPEAK_KBS 15673004
