    _           _         _
   \ |         \ |       | |                       
   | |     __  | |      _| |______                
   | |     \/  | |     /_   ______\                
   | |      _  | |   __  | |  ___   ___   ___       
   | |___  | | | |  / .\ | | / , | |   \ / ·_\    
   \_____\ |_| |__\ \__/ |_| \___) |_|_| \___\  
[39mL i l o t a n e  version rls-glucose4
by Dominik Schreiber <dominik.schreiber@kit.edu> 2020-2021
using SAT solver glucose4

0.003 Parser finished.
0.003 Structures extracted.
0.003 9 operators and 11 methods created.
0.042 Mined 4 new reduction preconditions (+23.5%).
0.042 Iteration 0.
0.042 Creating initial layer of size 2
0.045 Attempting to solve formula with 15 clauses (21 literals) and 1 assumptions
0.045 Unsolvable at layer 0 -- expanding.
0.045 Iteration 1.
0.045 New layer size: 2
0.045 Instantiating ...
0.048 Collected 6 relevant facts at this layer
0.048 Encoding ...
0.048 Attempting to solve formula with 20 clauses (30 literals) and 1 assumptions
0.048 Unsolvable at layer 1 -- expanding.
0.048 Iteration 2.
0.048 New layer size: 2
0.048 Instantiating ...
0.052 Collected 6 relevant facts at this layer
0.052 Encoding ...
0.052 Attempting to solve formula with 26 clauses (41 literals) and 1 assumptions
0.052 Unsolvable at layer 2 -- expanding.
0.052 Iteration 3.
0.052 New layer size: 2
0.052 Instantiating ...
0.058 Collected 6 relevant facts at this layer
0.058 Encoding ...
0.059 Attempting to solve formula with 32 clauses (52 literals) and 1 assumptions
0.059 Unsolvable at layer 3 -- expanding.
0.059 Iteration 4.
0.059 New layer size: 2
0.059 Instantiating ...
0.068 Collected 6 relevant facts at this layer
0.068 Encoding ...
0.068 Attempting to solve formula with 38 clauses (63 literals) and 1 assumptions
0.068 Unsolvable at layer 4 -- expanding.
0.068 Iteration 5.
0.068 New layer size: 2
0.068 Instantiating ...
0.082 Collected 6 relevant facts at this layer
0.082 Encoding ...
0.082 Attempting to solve formula with 44 clauses (74 literals) and 1 assumptions
0.082 Unsolvable at layer 5 -- expanding.
0.082 Iteration 6.
0.082 New layer size: 2
0.082 Instantiating ...
0.104 Collected 6 relevant facts at this layer
0.104 Encoding ...
0.104 Attempting to solve formula with 50 clauses (85 literals) and 1 assumptions
0.104 Unsolvable at layer 6 -- expanding.
0.104 Iteration 7.
0.104 New layer size: 2
0.104 Instantiating ...
0.178 Collected 6 relevant facts at this layer
0.178 Encoding ...
0.178 Attempting to solve formula with 55 clauses (94 literals) and 1 assumptions
0.178 Unsolvable at layer 7 -- expanding.
0.178 Iteration 8.
0.178 New layer size: 2
0.178 Instantiating ...
0.251 Collected 6 relevant facts at this layer
0.251 Encoding ...
0.252 Attempting to solve formula with 60 clauses (103 literals) and 1 assumptions
0.252 Unsolvable at layer 8 -- expanding.
0.252 Iteration 9.
0.252 New layer size: 3
0.252 Instantiating ...
0.410 Collected 42 relevant facts at this layer
0.410 Encoding ...
0.411 Attempting to solve formula with 627 clauses (1731 literals) and 1 assumptions
0.411 Unsolvable at layer 9 -- expanding.
0.411 Iteration 10.
0.411 New layer size: 4
0.411 Instantiating ...
0.558 Collected 51 relevant facts at this layer
0.558 Encoding ...
0.559 Attempting to solve formula with 1330 clauses (4044 literals) and 1 assumptions
0.559 Unsolvable at layer 10 -- expanding.
0.559 Iteration 11.
0.559 New layer size: 5
0.559 Instantiating ...
0.853 Collected 58 relevant facts at this layer
0.853 Encoding ...
0.854 Attempting to solve formula with 2206 clauses (6732 literals) and 1 assumptions
0.854 Unsolvable at layer 11 -- expanding.
0.854 Iteration 12.
0.854 New layer size: 6
0.854 Instantiating ...
0.994 Collected 58 relevant facts at this layer
0.994 Encoding ...
0.996 Attempting to solve formula with 3314 clauses (10517 literals) and 1 assumptions
0.996 Unsolvable at layer 12 -- expanding.
0.996 Iteration 13.
0.996 New layer size: 7
0.996 Instantiating ...
1.288 Collected 60 relevant facts at this layer
1.288 Encoding ...
1.289 Attempting to solve formula with 4288 clauses (13549 literals) and 1 assumptions
1.289 Unsolvable at layer 13 -- expanding.
1.289 Iteration 14.
1.289 New layer size: 8
1.289 Instantiating ...
1.429 Collected 60 relevant facts at this layer
1.429 Encoding ...
1.431 Attempting to solve formula with 5414 clauses (17374 literals) and 1 assumptions
1.431 Unsolvable at layer 14 -- expanding.
1.431 Iteration 15.
1.431 New layer size: 9
1.431 Instantiating ...
1.722 Collected 60 relevant facts at this layer
1.722 Encoding ...
1.724 Attempting to solve formula with 6400 clauses (20432 literals) and 1 assumptions
1.724 Unsolvable at layer 15 -- expanding.
1.724 Iteration 16.
1.724 New layer size: 10
1.724 Instantiating ...
1.865 Collected 60 relevant facts at this layer
1.865 Encoding ...
1.867 Attempting to solve formula with 7540 clauses (24285 literals) and 1 assumptions
1.867 Unsolvable at layer 16 -- expanding.
1.867 Iteration 17.
1.867 New layer size: 11
1.867 Instantiating ...
2.162 Collected 60 relevant facts at this layer
2.162 Encoding ...
2.165 Attempting to solve formula with 8526 clauses (27360 literals) and 1 assumptions
2.165 Unsolvable at layer 17 -- expanding.
2.165 Iteration 18.
2.165 New layer size: 12
2.165 Instantiating ...
2.307 Collected 60 relevant facts at this layer
2.307 Encoding ...
2.309 Attempting to solve formula with 9680 clauses (31241 literals) and 1 assumptions
2.309 Unsolvable at layer 18 -- expanding.
2.309 Iteration 19.
2.309 New layer size: 13
2.309 Instantiating ...
2.605 Collected 60 relevant facts at this layer
2.605 Encoding ...
2.608 Attempting to solve formula with 10694 clauses (34355 literals) and 1 assumptions
2.608 Unsolvable at layer 19 -- expanding.
2.608 Iteration 20.
2.608 New layer size: 14
2.608 Instantiating ...
2.751 Collected 60 relevant facts at this layer
2.751 Encoding ...
2.754 Attempting to solve formula with 11846 clauses (38245 literals) and 1 assumptions
2.754 Unsolvable at layer 20 -- expanding.
2.754 Iteration 21.
2.754 New layer size: 15
2.754 Instantiating ...
3.048 Collected 60 relevant facts at this layer
3.048 Encoding ...
3.051 Attempting to solve formula with 12874 clauses (41387 literals) and 1 assumptions
3.051 Unsolvable at layer 21 -- expanding.
3.051 Iteration 22.
3.051 New layer size: 16
3.051 Instantiating ...
3.196 Collected 60 relevant facts at this layer
3.196 Encoding ...
3.199 Attempting to solve formula with 14056 clauses (45324 literals) and 1 assumptions
3.199 Unsolvable at layer 22 -- expanding.
3.199 Iteration 23.
3.199 New layer size: 17
3.199 Instantiating ...
3.497 Collected 60 relevant facts at this layer
3.497 Encoding ...
3.500 Attempting to solve formula with 15098 clauses (48494 literals) and 1 assumptions
3.501 Unsolvable at layer 23 -- expanding.
3.501 Iteration 24.
3.501 New layer size: 18
3.501 Instantiating ...
3.645 Collected 60 relevant facts at this layer
3.645 Encoding ...
3.649 Attempting to solve formula with 16278 clauses (52440 literals) and 1 assumptions
3.649 Unsolvable at layer 24 -- expanding.
3.649 Iteration 25.
3.649 New layer size: 19
3.649 Instantiating ...
3.950 Collected 60 relevant facts at this layer
3.950 Encoding ...
3.954 Attempting to solve formula with 17334 clauses (55638 literals) and 1 assumptions
3.954 Unsolvable at layer 25 -- expanding.
3.954 Iteration 26.
3.954 New layer size: 20
3.954 Instantiating ...
4.102 Collected 60 relevant facts at this layer
4.102 Encoding ...
4.106 Attempting to solve formula with 18544 clauses (59631 literals) and 1 assumptions
4.106 Unsolvable at layer 26 -- expanding.
4.106 Iteration 27.
4.106 New layer size: 21
4.106 Instantiating ...
4.406 Collected 60 relevant facts at this layer
4.406 Encoding ...
4.410 Attempting to solve formula with 19614 clauses (62857 literals) and 1 assumptions
4.410 Unsolvable at layer 27 -- expanding.
4.410 Iteration 28.
4.410 New layer size: 22
4.410 Instantiating ...
4.559 Collected 60 relevant facts at this layer
4.559 Encoding ...
4.563 Attempting to solve formula with 20838 clauses (66878 literals) and 1 assumptions
4.563 Unsolvable at layer 28 -- expanding.
4.563 Iteration 29.
4.563 New layer size: 23
4.563 Instantiating ...
4.872 Collected 60 relevant facts at this layer
4.872 Encoding ...
4.876 Attempting to solve formula with 21922 clauses (70132 literals) and 1 assumptions
4.877 Unsolvable at layer 29 -- expanding.
4.877 Iteration 30.
4.877 New layer size: 24
4.877 Instantiating ...
5.029 Collected 60 relevant facts at this layer
5.029 Encoding ...
5.037 Attempting to solve formula with 23160 clauses (74181 literals) and 1 assumptions
5.037 Unsolvable at layer 30 -- expanding.
5.037 Iteration 31.
5.037 New layer size: 25
5.037 Instantiating ...
5.348 Collected 60 relevant facts at this layer
5.348 Encoding ...
5.353 Attempting to solve formula with 24258 clauses (77463 literals) and 1 assumptions
5.353 Unsolvable at layer 31 -- expanding.
5.353 Iteration 32.
5.353 New layer size: 26
5.353 Instantiating ...
5.509 Collected 60 relevant facts at this layer
5.509 Encoding ...
5.514 Attempting to solve formula with 25510 clauses (81540 literals) and 1 assumptions
5.514 Unsolvable at layer 32 -- expanding.
5.514 Iteration 33.
5.514 New layer size: 27
5.514 Instantiating ...
5.838 Collected 60 relevant facts at this layer
5.838 Encoding ...
5.844 Attempting to solve formula with 26622 clauses (84850 literals) and 1 assumptions
5.845 Unsolvable at layer 33 -- expanding.
5.845 Iteration 34.
5.845 New layer size: 28
5.845 Instantiating ...
6.007 Collected 60 relevant facts at this layer
6.008 Encoding ...
6.013 Attempting to solve formula with 27888 clauses (88955 literals) and 1 assumptions
6.013 Unsolvable at layer 34 -- expanding.
6.013 Iteration 35.
6.013 New layer size: 29
6.013 Instantiating ...
6.348 Collected 60 relevant facts at this layer
6.348 Encoding ...
6.356 Attempting to solve formula with 29014 clauses (92293 literals) and 1 assumptions
6.357 Unsolvable at layer 35 -- expanding.
6.357 Iteration 36.
6.357 New layer size: 30
6.357 Instantiating ...
6.521 Collected 60 relevant facts at this layer
6.521 Encoding ...
6.527 Attempting to solve formula with 30294 clauses (96426 literals) and 1 assumptions
6.527 Unsolvable at layer 36 -- expanding.
6.527 Iteration 37.
6.527 New layer size: 31
6.527 Instantiating ...
6.875 Collected 60 relevant facts at this layer
6.875 Encoding ...
6.881 Attempting to solve formula with 31434 clauses (99792 literals) and 1 assumptions
6.881 Unsolvable at layer 37 -- expanding.
6.881 Iteration 38.
6.881 New layer size: 32
6.881 Instantiating ...
7.051 Collected 60 relevant facts at this layer
7.051 Encoding ...
7.057 Attempting to solve formula with 32728 clauses (103953 literals) and 1 assumptions
7.057 Unsolvable at layer 38 -- expanding.
7.057 Iteration 39.
7.057 New layer size: 33
7.057 Instantiating ...
7.404 Collected 60 relevant facts at this layer
7.404 Encoding ...
7.411 Attempting to solve formula with 33882 clauses (107347 literals) and 1 assumptions
7.411 Unsolvable at layer 39 -- expanding.
7.411 Iteration 40.
7.411 New layer size: 34
7.411 Instantiating ...
7.586 Collected 60 relevant facts at this layer
7.586 Encoding ...
7.593 Attempting to solve formula with 35190 clauses (111536 literals) and 1 assumptions
7.593 Unsolvable at layer 40 -- expanding.
7.593 Iteration 41.
7.593 New layer size: 35
7.593 Instantiating ...
7.965 Collected 60 relevant facts at this layer
7.965 Encoding ...
7.976 Attempting to solve formula with 36358 clauses (114958 literals) and 1 assumptions
7.976 Unsolvable at layer 41 -- expanding.
7.976 Iteration 42.
7.976 New layer size: 36
7.976 Instantiating ...
8.157 Collected 60 relevant facts at this layer
8.157 Encoding ...
8.164 Attempting to solve formula with 37680 clauses (119175 literals) and 1 assumptions
8.164 Unsolvable at layer 42 -- expanding.
8.164 Iteration 43.
8.164 New layer size: 37
8.164 Instantiating ...
8.547 Collected 60 relevant facts at this layer
8.547 Encoding ...
8.555 Attempting to solve formula with 38862 clauses (122625 literals) and 1 assumptions
8.555 Unsolvable at layer 43 -- expanding.
8.555 Iteration 44.
8.555 New layer size: 38
8.555 Instantiating ...
8.740 Collected 60 relevant facts at this layer
8.740 Encoding ...
8.748 Attempting to solve formula with 40198 clauses (126870 literals) and 1 assumptions
8.748 Unsolvable at layer 44 -- expanding.
8.748 Iteration 45.
8.748 New layer size: 39
8.748 Instantiating ...
9.135 Collected 60 relevant facts at this layer
9.135 Encoding ...
9.143 Attempting to solve formula with 41394 clauses (130348 literals) and 1 assumptions
9.144 Unsolvable at layer 45 -- expanding.
9.144 Iteration 46.
9.144 New layer size: 40
9.144 Instantiating ...
9.332 Collected 60 relevant facts at this layer
9.332 Encoding ...
9.340 Attempting to solve formula with 42744 clauses (134621 literals) and 1 assumptions
9.340 Unsolvable at layer 46 -- expanding.
9.340 Iteration 47.
9.340 New layer size: 41
9.340 Instantiating ...
9.736 Collected 60 relevant facts at this layer
9.736 Encoding ...
9.744 Attempting to solve formula with 43954 clauses (138127 literals) and 1 assumptions
9.745 Unsolvable at layer 47 -- expanding.
9.745 Iteration 48.
9.745 New layer size: 42
9.745 Instantiating ...
9.937 Collected 60 relevant facts at this layer
9.937 Encoding ...
9.950 Attempting to solve formula with 45318 clauses (142428 literals) and 1 assumptions
9.950 Unsolvable at layer 48 -- expanding.
9.950 Iteration 49.
9.950 New layer size: 43
9.950 Instantiating ...
10.353 Collected 60 relevant facts at this layer
10.353 Encoding ...
10.362 Attempting to solve formula with 46526 clauses (145943 literals) and 1 assumptions
10.362 Unsolvable at layer 49 -- expanding.
10.362 Iteration 50.
10.362 New layer size: 44
10.362 Instantiating ...
10.558 Collected 60 relevant facts at this layer
10.558 Encoding ...
10.567 Attempting to solve formula with 47904 clauses (150272 literals) and 1 assumptions
10.568 Unsolvable at layer 50 -- expanding.
10.568 Iteration 51.
10.568 New layer size: 45
10.568 Instantiating ...
10.972 Collected 60 relevant facts at this layer
10.972 Encoding ...
10.981 Attempting to solve formula with 49142 clauses (153834 literals) and 1 assumptions
10.981 Unsolvable at layer 51 -- expanding.
10.981 Iteration 52.
10.981 New layer size: 46
10.981 Instantiating ...
11.179 Collected 60 relevant facts at this layer
11.179 Encoding ...
11.189 Attempting to solve formula with 50534 clauses (158191 literals) and 1 assumptions
11.189 Unsolvable at layer 52 -- expanding.
11.189 Iteration 53.
11.189 New layer size: 47
11.189 Instantiating ...
11.602 Collected 60 relevant facts at this layer
11.602 Encoding ...
11.612 Attempting to solve formula with 51786 clauses (161781 literals) and 1 assumptions
11.612 Unsolvable at layer 53 -- expanding.
11.612 Iteration 54.
11.612 New layer size: 48
11.612 Instantiating ...
11.810 Collected 60 relevant facts at this layer
11.810 Encoding ...
11.820 Attempting to solve formula with 53192 clauses (166166 literals) and 1 assumptions
11.821 Unsolvable at layer 54 -- expanding.
11.821 Iteration 55.
11.821 New layer size: 49
11.821 Instantiating ...
12.237 Collected 60 relevant facts at this layer
12.237 Encoding ...
12.247 Attempting to solve formula with 54458 clauses (169784 literals) and 1 assumptions
12.247 Unsolvable at layer 55 -- expanding.
12.247 Iteration 56.
12.247 New layer size: 50
12.247 Instantiating ...
12.451 Collected 60 relevant facts at this layer
12.451 Encoding ...
12.461 Attempting to solve formula with 55862 clauses (174178 literals) and 1 assumptions
12.461 Unsolvable at layer 56 -- expanding.
12.461 Iteration 57.
12.461 New layer size: 51
12.461 Instantiating ...
12.887 Collected 60 relevant facts at this layer
12.887 Encoding ...
12.902 Attempting to solve formula with 57142 clauses (177824 literals) and 1 assumptions
12.902 Unsolvable at layer 57 -- expanding.
12.902 Iteration 58.
12.902 New layer size: 52
12.902 Instantiating ...
13.106 Collected 60 relevant facts at this layer
13.107 Encoding ...
13.117 Attempting to solve formula with 58576 clauses (182265 literals) and 1 assumptions
13.119 Unsolvable at layer 58 -- expanding.
13.119 Iteration 59.
13.119 New layer size: 53
13.119 Instantiating ...
13.541 Collected 60 relevant facts at this layer
13.541 Encoding ...
13.552 Attempting to solve formula with 59870 clauses (185939 literals) and 1 assumptions
13.553 Unsolvable at layer 59 -- expanding.
13.553 Iteration 60.
13.553 New layer size: 54
13.553 Instantiating ...
13.759 Collected 60 relevant facts at this layer
13.759 Encoding ...
13.770 Attempting to solve formula with 61318 clauses (190408 literals) and 1 assumptions
13.770 Unsolvable at layer 60 -- expanding.
13.770 Iteration 61.
13.770 New layer size: 55
13.770 Instantiating ...
14.197 Collected 60 relevant facts at this layer
14.197 Encoding ...
14.209 Attempting to solve formula with 62626 clauses (194110 literals) and 1 assumptions
14.209 Unsolvable at layer 61 -- expanding.
14.209 Iteration 62.
14.209 New layer size: 56
14.209 Instantiating ...
14.419 Collected 60 relevant facts at this layer
14.419 Encoding ...
14.431 Attempting to solve formula with 64088 clauses (198607 literals) and 1 assumptions
14.431 Unsolvable at layer 62 -- expanding.
14.431 Iteration 63.
14.431 New layer size: 57
14.431 Instantiating ...
14.859 Collected 60 relevant facts at this layer
14.859 Encoding ...
14.871 Attempting to solve formula with 65410 clauses (202337 literals) and 1 assumptions
14.871 Unsolvable at layer 63 -- expanding.
14.871 Iteration 64.
14.871 New layer size: 58
14.871 Instantiating ...
15.083 Collected 60 relevant facts at this layer
15.083 Encoding ...
15.095 Attempting to solve formula with 66886 clauses (206862 literals) and 1 assumptions
15.095 Unsolvable at layer 64 -- expanding.
15.095 Iteration 65.
15.095 New layer size: 59
15.095 Instantiating ...
15.528 Collected 60 relevant facts at this layer
15.528 Encoding ...
15.541 Attempting to solve formula with 68222 clauses (210620 literals) and 1 assumptions
15.541 Unsolvable at layer 65 -- expanding.
15.541 Iteration 66.
15.541 New layer size: 60
15.541 Instantiating ...
15.754 Collected 60 relevant facts at this layer
15.754 Encoding ...
15.767 Attempting to solve formula with 69712 clauses (215173 literals) and 1 assumptions
15.767 Unsolvable at layer 66 -- expanding.
15.767 Iteration 67.
15.767 New layer size: 61
15.767 Instantiating ...
16.225 Collected 60 relevant facts at this layer
16.225 Encoding ...
16.239 Attempting to solve formula with 71062 clauses (218959 literals) and 1 assumptions
16.240 Unsolvable at layer 67 -- expanding.
16.240 Iteration 68.
16.240 New layer size: 62
16.240 Instantiating ...
16.456 Collected 60 relevant facts at this layer
16.456 Encoding ...
16.469 Attempting to solve formula with 72566 clauses (223540 literals) and 1 assumptions
16.469 Unsolvable at layer 68 -- expanding.
16.469 Iteration 69.
16.469 New layer size: 63
16.469 Instantiating ...
16.906 Collected 60 relevant facts at this layer
16.906 Encoding ...
16.919 Attempting to solve formula with 73930 clauses (227354 literals) and 1 assumptions
16.919 Unsolvable at layer 69 -- expanding.
16.919 Iteration 70.
16.919 New layer size: 64
16.919 Instantiating ...
17.136 Collected 60 relevant facts at this layer
17.136 Encoding ...
17.149 Attempting to solve formula with 75432 clauses (231944 literals) and 1 assumptions
17.149 Unsolvable at layer 70 -- expanding.
17.149 Iteration 71.
17.149 New layer size: 65
17.149 Instantiating ...
17.591 Collected 60 relevant facts at this layer
17.591 Encoding ...
17.605 Attempting to solve formula with 76810 clauses (235786 literals) and 1 assumptions
c last restart ## conflicts  :  1 2137 
17.605 Found a solution at layer 71.
==>
13332 move r1 r2 t1 t2 t2
13335 move r2 r3 t1 t3 t3
13337 move r1 t2 t2 r2 t3
13340 move r3 r4 t1 t2 t2
13344 move r1 r2 t3 r4 t1
13347 move r2 t3 t3 r3 t2
13351 move r1 r4 t1 r2 t2
13354 move r4 r5 t1 t3 t3
13358 move r1 r2 t2 r4 t3
13361 move r2 r3 t2 r5 t1
13365 move r1 r4 t3 r2 t1
13370 move r3 t2 t2 r4 t3
13373 move r1 r2 t1 t2 t2
13375 move r2 r5 t1 r3 t3
13379 move r1 t2 t2 r2 t3
13383 move r5 r6 t1 t2 t2
13386 move r1 r2 t3 r6 t1
13389 move r2 r3 t3 r5 t2
13394 move r1 r6 t1 r2 t2
13398 move r3 r4 t3 r6 t1
13400 move r1 r2 t2 r4 t3
13405 move r2 r5 t2 r3 t1
13407 move r1 r4 t3 r2 t1
13410 move r4 t3 t3 r5 t2
13414 move r1 r2 t1 r4 t2
13417 move r2 r3 t1 t3 t3
13422 move r1 r4 t2 r2 t3
13425 move r3 r6 t1 r4 t2
13428 move r1 r2 t3 r6 t1
13432 move r2 t3 t3 r3 t2
13435 move r1 r6 t1 r2 t2
13440 move r6 t1 t1 t3 t3
13442 move r1 r2 t2 r6 t3
13445 move r2 r3 t2 t1 t1
13449 move r1 r6 t3 r2 t1
13453 move r3 r4 t2 r6 t3
13456 move r1 r2 t1 r4 t2
13461 move r2 t1 t1 r3 t3
13463 move r1 r4 t2 r2 t3
13466 move r4 r5 t2 t1 t1
13470 move r1 r2 t3 r4 t1
13473 move r2 r3 t3 r5 t2
13477 move r1 r4 t1 r2 t2
13481 move r3 r6 t3 r4 t1
13485 move r1 r2 t2 r6 t3
13488 move r2 r5 t2 r3 t1
13491 move r1 r6 t3 r2 t1
13494 move r5 t2 t2 r6 t3
13498 move r1 r2 t1 t2 t2
13503 move r2 r3 t1 r5 t3
13506 move r1 t2 t2 r2 t3
13508 move r3 r4 t1 t2 t2
13512 move r1 r2 t3 r4 t1
13516 move r2 r5 t3 r3 t2
13519 move r1 r4 t1 r2 t2
13523 move r4 t1 t1 r5 t3
13526 move r1 r2 t2 r4 t3
13530 move r2 r3 t2 t1 t1
13534 move r1 r4 t3 r2 t1
13537 move r3 t2 t2 r4 t3
13541 move r1 r2 t1 t2 t2
13544 move r2 t1 t1 r3 t3
13547 move r1 t2 t2 r2 t3
root 17
17 shiftTower t1 t2 t3 -> m-shiftTower 21
21 selectDirection r1 t1 t2 t3 -> m-selectDirection 25
25 selectDirection r2 t1 t3 t2 -> m-selectDirection 29
29 selectDirection r3 t1 t2 t3 -> m-selectDirection 33
33 selectDirection r4 t1 t3 t2 -> m-selectDirection 37
37 selectDirection r5 t1 t2 t3 -> m-selectDirection 41
41 selectDirection r6 t1 t3 t2 -> selectedDirection 45
45 rotateTower t1 t2 t3 -> m-rotateTower 13331 107
107 exchange t1 t2 t3 -> exchangeLR 13334 254
254 rotateTower t2 t3 t1 -> m-rotateTower 13336 370
370 exchange t2 t3 t1 -> exchangeRL 13339 501
501 rotateTower t3 t1 t2 -> m-rotateTower 13343 614
614 exchange t3 t1 t2 -> exchangeLR 13346 749
749 rotateTower t1 t2 t3 -> m-rotateTower 13350 866
866 exchange t1 t2 t3 -> exchangeLR 13353 1007
1007 rotateTower t2 t3 t1 -> m-rotateTower 13357 1131
1131 exchange t2 t3 t1 -> exchangeLR 13360 1279
1279 rotateTower t3 t1 t2 -> m-rotateTower 13364 1409
1409 exchange t3 t1 t2 -> exchangeRL 13369 1565
1565 rotateTower t1 t2 t3 -> m-rotateTower 13372 1704
1704 exchange t1 t2 t3 -> exchangeLR 13374 1865
1865 rotateTower t2 t3 t1 -> m-rotateTower 13378 2010
2010 exchange t2 t3 t1 -> exchangeRL 13382 2179
2179 rotateTower t3 t1 t2 -> m-rotateTower 13385 2330
2330 exchange t3 t1 t2 -> exchangeLR 13388 2507
2507 rotateTower t1 t2 t3 -> m-rotateTower 13393 2666
2666 exchange t1 t2 t3 -> exchangeRL 13397 2849
2849 rotateTower t2 t3 t1 -> m-rotateTower 13399 3015
3015 exchange t2 t3 t1 -> exchangeLR 13404 3205
3205 rotateTower t3 t1 t2 -> m-rotateTower 13406 3379
3379 exchange t3 t1 t2 -> exchangeLR 13409 3575
3575 rotateTower t1 t2 t3 -> m-rotateTower 13413 3755
3755 exchange t1 t2 t3 -> exchangeLR 13416 3959
3959 rotateTower t2 t3 t1 -> m-rotateTower 13421 4147
4147 exchange t2 t3 t1 -> exchangeRL 13424 4357
4357 rotateTower t3 t1 t2 -> m-rotateTower 13427 4550
4550 exchange t3 t1 t2 -> exchangeLR 13431 4769
4769 rotateTower t1 t2 t3 -> m-rotateTower 13434 4971
4971 exchange t1 t2 t3 -> exchangeLR 13439 5195
5195 rotateTower t2 t3 t1 -> m-rotateTower 13441 5403
5403 exchange t2 t3 t1 -> exchangeLR 13444 5635
5635 rotateTower t3 t1 t2 -> m-rotateTower 13448 5849
5849 exchange t3 t1 t2 -> exchangeRL 13452 6089
6089 rotateTower t1 t2 t3 -> m-rotateTower 13455 6310
6310 exchange t1 t2 t3 -> exchangeLR 13460 6557
6557 rotateTower t2 t3 t1 -> m-rotateTower 13462 6787
6787 exchange t2 t3 t1 -> exchangeLR 13465 7039
7039 rotateTower t3 t1 t2 -> m-rotateTower 13469 7276
7276 exchange t3 t1 t2 -> exchangeLR 13472 7535
7535 rotateTower t1 t2 t3 -> m-rotateTower 13476 7777
7777 exchange t1 t2 t3 -> exchangeRL 13480 8045
8045 rotateTower t2 t3 t1 -> m-rotateTower 13484 8294
8294 exchange t2 t3 t1 -> exchangeLR 13487 8569
8569 rotateTower t3 t1 t2 -> m-rotateTower 13490 8827
8827 exchange t3 t1 t2 -> exchangeRL 13493 9107
9107 rotateTower t1 t2 t3 -> m-rotateTower 13497 9370
9370 exchange t1 t2 t3 -> exchangeLR 13502 9659
9659 rotateTower t2 t3 t1 -> m-rotateTower 13505 9930
9930 exchange t2 t3 t1 -> exchangeRL 13507 10225
10225 rotateTower t3 t1 t2 -> m-rotateTower 13511 10503
10503 exchange t3 t1 t2 -> exchangeLR 13515 10805
10805 rotateTower t1 t2 t3 -> m-rotateTower 13518 11090
11090 exchange t1 t2 t3 -> exchangeLR 13522 11399
11399 rotateTower t2 t3 t1 -> m-rotateTower 13525 11691
11691 exchange t2 t3 t1 -> exchangeLR 13529 12007
12007 rotateTower t3 t1 t2 -> m-rotateTower 13533 12307
12307 exchange t3 t1 t2 -> exchangeRL 13536 12629
12629 rotateTower t1 t2 t3 -> m-rotateTower 13540 12934
12934 exchange t1 t2 t3 -> exchangeLR 13543 13265
13265 rotateTower t2 t3 t1 -> m-rotateTower 13546 13578
13331 move_abstract t1 t2 -> newMethod21 13332
13334 move_abstract t1 t3 -> newMethod21 13335
13336 move_abstract t2 t3 -> newMethod21 13337
13339 move_abstract t1 t2 -> newMethod21 13340
13343 move_abstract t3 t1 -> newMethod21 13344
13346 move_abstract t3 t2 -> newMethod21 13347
13350 move_abstract t1 t2 -> newMethod21 13351
13353 move_abstract t1 t3 -> newMethod21 13354
13357 move_abstract t2 t3 -> newMethod21 13358
13360 move_abstract t2 t1 -> newMethod21 13361
13364 move_abstract t3 t1 -> newMethod21 13365
13369 move_abstract t2 t3 -> newMethod21 13370
13372 move_abstract t1 t2 -> newMethod21 13373
13374 move_abstract t1 t3 -> newMethod21 13375
13378 move_abstract t2 t3 -> newMethod21 13379
13382 move_abstract t1 t2 -> newMethod21 13383
13385 move_abstract t3 t1 -> newMethod21 13386
13388 move_abstract t3 t2 -> newMethod21 13389
13393 move_abstract t1 t2 -> newMethod21 13394
13397 move_abstract t3 t1 -> newMethod21 13398
13399 move_abstract t2 t3 -> newMethod21 13400
13404 move_abstract t2 t1 -> newMethod21 13405
13406 move_abstract t3 t1 -> newMethod21 13407
13409 move_abstract t3 t2 -> newMethod21 13410
13413 move_abstract t1 t2 -> newMethod21 13414
13416 move_abstract t1 t3 -> newMethod21 13417
13421 move_abstract t2 t3 -> newMethod21 13422
13424 move_abstract t1 t2 -> newMethod21 13425
13427 move_abstract t3 t1 -> newMethod21 13428
13431 move_abstract t3 t2 -> newMethod21 13432
13434 move_abstract t1 t2 -> newMethod21 13435
13439 move_abstract t1 t3 -> newMethod21 13440
13441 move_abstract t2 t3 -> newMethod21 13442
13444 move_abstract t2 t1 -> newMethod21 13445
13448 move_abstract t3 t1 -> newMethod21 13449
13452 move_abstract t2 t3 -> newMethod21 13453
13455 move_abstract t1 t2 -> newMethod21 13456
13460 move_abstract t1 t3 -> newMethod21 13461
13462 move_abstract t2 t3 -> newMethod21 13463
13465 move_abstract t2 t1 -> newMethod21 13466
13469 move_abstract t3 t1 -> newMethod21 13470
13472 move_abstract t3 t2 -> newMethod21 13473
13476 move_abstract t1 t2 -> newMethod21 13477
13480 move_abstract t3 t1 -> newMethod21 13481
13484 move_abstract t2 t3 -> newMethod21 13485
13487 move_abstract t2 t1 -> newMethod21 13488
13490 move_abstract t3 t1 -> newMethod21 13491
13493 move_abstract t2 t3 -> newMethod21 13494
13497 move_abstract t1 t2 -> newMethod21 13498
13502 move_abstract t1 t3 -> newMethod21 13503
13505 move_abstract t2 t3 -> newMethod21 13506
13507 move_abstract t1 t2 -> newMethod21 13508
13511 move_abstract t3 t1 -> newMethod21 13512
13515 move_abstract t3 t2 -> newMethod21 13516
13518 move_abstract t1 t2 -> newMethod21 13519
13522 move_abstract t1 t3 -> newMethod21 13523
13525 move_abstract t2 t3 -> newMethod21 13526
13529 move_abstract t2 t1 -> newMethod21 13530
13533 move_abstract t3 t1 -> newMethod21 13534
13536 move_abstract t2 t3 -> newMethod21 13537
13540 move_abstract t1 t2 -> newMethod21 13541
13543 move_abstract t1 t3 -> newMethod21 13544
13546 move_abstract t2 t3 -> newMethod21 13547
13578 exchange t2 t3 t1 -> exchangeClear
<==
17.613 End of solution plan. (counted length of 63)
17.613 Total amount of clauses encoded: 76810
17.613 - indirectframeaxioms : 14837 cls
17.613 - directframeaxioms : 13898 cls
17.613 - qfactsemantics : 11110 cls
17.613 - actionconstraints : 7972 cls
17.613 - qconstequality : 5652 cls
17.613 - expansions : 5223 cls
17.613 - predecessors : 5196 cls
17.613 - substitutionconstraints : 4554 cls
17.613 - atmostoneelement : 4121 cls
17.613 - reductionconstraints : 3627 cls
17.613 - actioneffects : 558 cls
17.613 - truefacts : 60 cls
17.613 - axiomaticops : 2 cls
17.613 # instantiated positions: 2159
17.613 # instantiated actions: 5062
17.613 # instantiated reductions: 135
17.613 # introduced pseudo-constants: 253
17.613 # retroactive prunings: 0
17.613 # retroactively pruned operations: 0
17.613 # dominated operations: 0
17.613 # total invalid rigid preconditions found in getPFC: 0
17.613 # invalid rigid preconditions found in getPFC: 0
17.613 # invalid rigid preconditions found in getPFC in varrestrictions: 0
17.613 # total invalid fluent preconditions found in getPFC: 43
17.613 # invalid fluent preconditions found in getPFC: 36
17.613 # invalid fluent preconditions found in getPFC in varrestrictions: 7
17.613 # invalid fluent preconditions found in getPFC via postconditions: 0
17.613 # invalid subtasks found in getPFC: 0
17.613 # number effects in operation fact_frames: 86
17.613 Exiting happily.

RUNWATCH_RESULT EXIT RETVAL 0 TIME_SECS 17.6245 MEMPEAK_KBS 72232
