    _           _         _
   \ |         \ |       | |                       
   | |     __  | |      _| |______                
   | |     \/  | |     /_   ______\                
   | |      _  | |   __  | |  ___   ___   ___       
   | |___  | | | |  / .\ | | / , | |   \ / ·_\    
   \_____\ |_| |__\ \__/ |_| \___) |_|_| \___\  
[39mL i l o t a n e  version rls-glucose4
by Dominik Schreiber <dominik.schreiber@kit.edu> 2020-2021
using SAT solver glucose4

0.074 Parser finished.
0.075 Structures extracted.
0.075 18 operators and 15 methods created.
0.095 Mined 2 new reduction preconditions (+9.5%).
0.095 Iteration 0.
0.095 Creating initial layer of size 2
0.111 Attempting to solve formula with 3 clauses (3 literals) and 1 assumptions
0.111 Unsolvable at layer 0 -- expanding.
0.111 Iteration 1.
0.111 New layer size: 2
0.111 Instantiating ...
0.126 Collected 0 relevant facts at this layer
0.126 Encoding ...
0.128 Attempting to solve formula with 8 clauses (12 literals) and 1 assumptions
0.128 Unsolvable at layer 1 -- expanding.
0.128 Iteration 2.
0.128 New layer size: 7
0.128 Instantiating ...
0.177 Collected 0 relevant facts at this layer
0.177 Encoding ...
0.181 Attempting to solve formula with 28 clauses (46 literals) and 6 assumptions
0.181 Unsolvable at layer 2 -- expanding.
0.181 Iteration 3.
0.181 New layer size: 13
0.181 Instantiating ...
0.293 Collected 4 relevant facts at this layer
0.293 Encoding ...
0.299 Attempting to solve formula with 100 clauses (187 literals) and 10 assumptions
0.299 Unsolvable at layer 3 -- expanding.
0.299 Iteration 4.
0.299 New layer size: 23
0.299 Instantiating ...
0.547 Collected 14 relevant facts at this layer
0.547 Encoding ...
0.558 Attempting to solve formula with 708 clauses (1646 literals) and 20 assumptions
0.558 Unsolvable at layer 4 -- expanding.
0.558 Iteration 5.
0.558 New layer size: 43
0.558 Instantiating ...
1.064 Collected 34 relevant facts at this layer
1.064 Encoding ...
1.088 Attempting to solve formula with 4119 clauses (10195 literals) and 40 assumptions
1.088 Unsolvable at layer 5 -- expanding.
1.088 Iteration 6.
1.088 New layer size: 83
1.088 Instantiating ...
2.166 Collected 64 relevant facts at this layer
2.166 Encoding ...
2.239 Attempting to solve formula with 17196 clauses (43728 literals) and 80 assumptions
2.239 Unsolvable at layer 6 -- expanding.
2.239 Iteration 7.
2.239 New layer size: 163
2.239 Instantiating ...
4.498 Collected 104 relevant facts at this layer
4.498 Encoding ...
4.659 Attempting to solve formula with 58544 clauses (151564 literals) and 160 assumptions
4.659 Unsolvable at layer 7 -- expanding.
4.659 Iteration 8.
4.659 New layer size: 323
4.659 Instantiating ...
9.312 Collected 152 relevant facts at this layer
9.312 Encoding ...
9.659 Attempting to solve formula with 175538 clauses (460257 literals) and 320 assumptions
9.660 Unsolvable at layer 8 -- expanding.
9.660 Iteration 9.
9.660 New layer size: 643
9.660 Instantiating ...
19.132 Collected 210 relevant facts at this layer
19.132 Encoding ...
19.869 Attempting to solve formula with 488715 clauses (1293769 literals) and 640 assumptions
19.873 Unsolvable at layer 9 -- expanding.
19.873 Iteration 10.
19.873 New layer size: 1283
19.873 Instantiating ...
19.943 Retroactively prune action (__REPEATED_removeblock l-2-0-2 stone)@(9,64): no children at offset 0
19.943 Retroactively prune action (__REPEATED_removeblock l-2-0-0 stone)@(9,64): no children at offset 0
19.943 Retroactively prune action (removeblock l-2-0-3 stone)@(9,64): no children at offset 0
19.943 Retroactively prune action (__REPEATED_removeblock l-2-0-1 stone)@(9,64): no children at offset 0
19.944 Retroactively prune reduction (place-block-abstract-3 l-2-0-4 stone stone)@(9,64): no children at offset 0
29.687 Collected 280 relevant facts at this layer
29.687 Encoding ...
30.618 Attempting to solve formula with 1083965 clauses (2772945 literals) and 1280 assumptions
30.641 Unsolvable at layer 10 -- expanding.
30.641 Iteration 11.
30.643 New layer size: 2558
30.643 Instantiating ...
30.772 Retroactively prune action (__REPEATED_removeblock l-3-0-2 stone)@(10,192): no children at offset 0
30.772 Retroactively prune action (__REPEATED_removeblock l-3-0-0 stone)@(10,192): no children at offset 0
30.772 Retroactively prune action (removeblock l-3-0-3 stone)@(10,192): no children at offset 0
30.772 Retroactively prune action (__REPEATED_removeblock l-3-0-1 stone)@(10,192): no children at offset 0
30.773 Retroactively prune reduction (place-block-abstract-3 l-3-0-4 stone stone)@(10,192): no children at offset 0
40.934 Collected 360 relevant facts at this layer
40.934 Encoding ...
42.349 Attempting to solve formula with 2072989 clauses (5143971 literals) and 2555 assumptions
42.353 Unsolvable at layer 11 -- expanding.
42.353 Iteration 12.
42.359 New layer size: 5112
42.359 Instantiating ...
42.538 Retroactively prune action (__REPEATED_removeblock l-4-0-1 stone)@(11,448): no children at offset 0
42.538 Retroactively prune action (removeblock l-4-0-3 stone)@(11,448): no children at offset 0
42.538 Retroactively prune action (__REPEATED_removeblock l-4-0-0 stone)@(11,448): no children at offset 0
42.538 Retroactively prune action (__REPEATED_removeblock l-4-0-2 stone)@(11,448): no children at offset 0
42.539 Retroactively prune reduction (place-block-abstract-3 l-4-0-4 stone stone)@(11,448): no children at offset 0
53.046 Collected 442 relevant facts at this layer
53.046 Encoding ...
55.261 Attempting to solve formula with 3566218 clauses (8645438 literals) and 3829 assumptions
55.286 Unsolvable at layer 12 -- expanding.
55.286 Iteration 13.
55.296 New layer size: 8940
55.296 Instantiating ...
55.521 Retroactively prune action (__REPEATED_removeblock l-5-0-2 stone)@(12,959): no children at offset 0
55.521 Retroactively prune action (removeblock l-5-0-3 stone)@(12,959): no children at offset 0
55.521 Retroactively prune action (__REPEATED_removeblock l-5-0-0 stone)@(12,959): no children at offset 0
55.521 Retroactively prune action (__REPEATED_removeblock l-5-0-1 stone)@(12,959): no children at offset 0
55.522 Retroactively prune reduction (place-block-abstract-3 l-5-0-4 stone stone)@(12,959): no children at offset 0
65.876 Collected 514 relevant facts at this layer
65.876 Encoding ...
69.420 Attempting to solve formula with 5433923 clauses (12987978 literals) and 3819 assumptions
69.438 Unsolvable at layer 13 -- expanding.
69.438 Iteration 14.
69.452 New layer size: 12758
69.452 Instantiating ...
69.710 Retroactively prune action (__REPEATED_removeblock l-6-0-0 stone)@(13,1725): no children at offset 0
69.710 Retroactively prune action (__REPEATED_removeblock l-6-0-2 stone)@(13,1725): no children at offset 0
69.710 Retroactively prune action (removeblock l-6-0-3 stone)@(13,1725): no children at offset 0
69.710 Retroactively prune action (__REPEATED_removeblock l-6-0-1 stone)@(13,1725): no children at offset 0
69.710 Retroactively prune reduction (place-block-abstract-3 l-6-0-4 stone stone)@(13,1725): no children at offset 0
80.264 Collected 576 relevant facts at this layer
80.264 Encoding ...
85.203 Attempting to solve formula with 7578722 clauses (17926195 literals) and 3799 assumptions
85.224 Unsolvable at layer 14 -- expanding.
85.224 Iteration 15.
85.243 New layer size: 16556
85.243 Instantiating ...
85.537 Retroactively prune action (__REPEATED_removeblock l-7-0-2 stone)@(14,2491): no children at offset 0
85.537 Retroactively prune action (__REPEATED_removeblock l-7-0-1 stone)@(14,2491): no children at offset 0
85.537 Retroactively prune action (__REPEATED_removeblock l-7-0-0 stone)@(14,2491): no children at offset 0
85.537 Retroactively prune action (removeblock l-7-0-3 stone)@(14,2491): no children at offset 0
85.538 Retroactively prune reduction (place-block-abstract-3 l-7-0-4 stone stone)@(14,2491): no children at offset 0
95.756 Collected 628 relevant facts at this layer
95.756 Encoding ...
102.465 Attempting to solve formula with 9944426 clauses (23314872 literals) and 3759 assumptions
102.486 Unsolvable at layer 15 -- expanding.
102.486 Iteration 16.
102.508 New layer size: 20314
102.508 Instantiating ...
102.834 Retroactively prune action (__REPEATED_removeblock l-8-0-2 stone)@(15,3257): no children at offset 0
102.834 Retroactively prune action (removeblock l-8-0-3 stone)@(15,3257): no children at offset 0
102.834 Retroactively prune action (__REPEATED_removeblock l-8-0-0 stone)@(15,3257): no children at offset 0
102.834 Retroactively prune action (__REPEATED_removeblock l-8-0-1 stone)@(15,3257): no children at offset 0
102.835 Retroactively prune reduction (place-block-abstract-3 l-8-0-4 stone stone)@(15,3257): no children at offset 0
111.976 Collected 670 relevant facts at this layer
111.976 Encoding ...
120.398 Attempting to solve formula with 12436235 clauses (28909549 literals) and 3679 assumptions
120.418 Unsolvable at layer 16 -- expanding.
120.418 Iteration 17.
120.445 New layer size: 23992
120.445 Instantiating ...
120.804 Retroactively prune action (removeblock l-9-0-3 stone)@(16,4023): no children at offset 0
120.804 Retroactively prune action (__REPEATED_removeblock l-9-0-0 stone)@(16,4023): no children at offset 0
120.804 Retroactively prune action (__REPEATED_removeblock l-9-0-2 stone)@(16,4023): no children at offset 0
120.804 Retroactively prune action (__REPEATED_removeblock l-9-0-1 stone)@(16,4023): no children at offset 0
120.805 Retroactively prune reduction (place-block-abstract-3 l-9-0-4 stone stone)@(16,4023): no children at offset 0
127.535 Collected 702 relevant facts at this layer
127.535 Encoding ...
137.640 Attempting to solve formula with 14894609 clauses (34289626 literals) and 3519 assumptions
137.662 Unsolvable at layer 17 -- expanding.
137.662 Iteration 18.
137.693 New layer size: 27510
137.693 Instantiating ...
138.086 Retroactively prune action (__REPEATED_removeblock l-1-2-8 stone)@(17,4789): no children at offset 0
138.086 Retroactively prune action (__REPEATED_removeblock l-1-5-8 stone)@(17,4789): no children at offset 0
138.086 Retroactively prune action (__REPEATED_removeblock l-1-1-8 stone)@(17,4789): no children at offset 0
138.086 Retroactively prune action (__REPEATED_removeblock l-1-7-8 stone)@(17,4789): no children at offset 0
138.086 Retroactively prune action (__REPEATED_removeblock l-1-4-8 stone)@(17,4789): no children at offset 0
138.086 Retroactively prune action (__REPEATED_removeblock l-1-3-8 stone)@(17,4789): no children at offset 0
138.086 Retroactively prune action (__REPEATED_removeblock l-1-6-8 stone)@(17,4789): no children at offset 0
138.086 Retroactively prune action (__REPEATED_removeblock l-1-8-8 stone)@(17,4789): no children at offset 0
138.123 Retroactively prune action (__REPEATED_removeblock l-2-7-8 stone)@(17,5557): no children at offset 0
138.123 Retroactively prune action (__REPEATED_removeblock l-2-1-8 stone)@(17,5557): no children at offset 0
138.123 Retroactively prune action (__REPEATED_removeblock l-2-8-8 stone)@(17,5557): no children at offset 0
138.124 Retroactively prune action (__REPEATED_removeblock l-2-6-8 stone)@(17,5557): no children at offset 0
138.124 Retroactively prune action (__REPEATED_removeblock l-2-4-8 stone)@(17,5557): no children at offset 0
138.124 Retroactively prune action (__REPEATED_removeblock l-2-5-8 stone)@(17,5557): no children at offset 0
138.124 Retroactively prune action (__REPEATED_removeblock l-2-2-8 stone)@(17,5557): no children at offset 0
138.124 Retroactively prune action (__REPEATED_removeblock l-2-3-8 stone)@(17,5557): no children at offset 0
138.157 Retroactively prune action (__REPEATED_removeblock l-3-7-8 stone)@(17,6325): no children at offset 0
138.157 Retroactively prune action (__REPEATED_removeblock l-3-5-8 stone)@(17,6325): no children at offset 0
138.157 Retroactively prune action (__REPEATED_removeblock l-3-8-8 stone)@(17,6325): no children at offset 0
138.157 Retroactively prune action (__REPEATED_removeblock l-3-1-8 stone)@(17,6325): no children at offset 0
138.157 Retroactively prune action (__REPEATED_removeblock l-3-2-8 stone)@(17,6325): no children at offset 0
138.157 Retroactively prune action (__REPEATED_removeblock l-3-3-8 stone)@(17,6325): no children at offset 0
138.157 Retroactively prune action (__REPEATED_removeblock l-3-6-8 stone)@(17,6325): no children at offset 0
138.157 Retroactively prune action (__REPEATED_removeblock l-3-4-8 stone)@(17,6325): no children at offset 0
138.192 Retroactively prune action (__REPEATED_removeblock l-4-2-8 stone)@(17,7093): no children at offset 0
138.192 Retroactively prune action (__REPEATED_removeblock l-4-5-8 stone)@(17,7093): no children at offset 0
138.192 Retroactively prune action (__REPEATED_removeblock l-4-3-8 stone)@(17,7093): no children at offset 0
138.192 Retroactively prune action (__REPEATED_removeblock l-4-6-8 stone)@(17,7093): no children at offset 0
138.192 Retroactively prune action (__REPEATED_removeblock l-4-8-8 stone)@(17,7093): no children at offset 0
138.192 Retroactively prune action (__REPEATED_removeblock l-4-1-8 stone)@(17,7093): no children at offset 0
138.192 Retroactively prune action (__REPEATED_removeblock l-4-4-8 stone)@(17,7093): no children at offset 0
138.192 Retroactively prune action (__REPEATED_removeblock l-4-7-8 stone)@(17,7093): no children at offset 0
138.226 Retroactively prune action (__REPEATED_removeblock l-5-5-8 stone)@(17,7861): no children at offset 0
138.226 Retroactively prune action (removeblock l-5-8-8 stone)@(17,7861): no children at offset 0
138.226 Retroactively prune action (__REPEATED_removeblock l-5-7-8 stone)@(17,7861): no children at offset 0
138.226 Retroactively prune action (__REPEATED_removeblock l-5-6-8 stone)@(17,7861): no children at offset 0
138.226 Retroactively prune action (__REPEATED_removeblock l-5-1-8 stone)@(17,7861): no children at offset 0
138.226 Retroactively prune action (__REPEATED_removeblock l-5-4-8 stone)@(17,7861): no children at offset 0
138.226 Retroactively prune action (__REPEATED_removeblock l-5-2-8 stone)@(17,7861): no children at offset 0
138.226 Retroactively prune action (__REPEATED_removeblock l-5-3-8 stone)@(17,7861): no children at offset 0
138.261 Retroactively prune action (__REPEATED_removeblock l-6-6-8 stone)@(17,8629): no children at offset 0
138.261 Retroactively prune action (__REPEATED_removeblock l-6-5-8 stone)@(17,8629): no children at offset 0
138.261 Retroactively prune action (__REPEATED_removeblock l-6-3-8 stone)@(17,8629): no children at offset 0
138.261 Retroactively prune action (removeblock l-6-7-8 stone)@(17,8629): no children at offset 0
138.261 Retroactively prune action (__REPEATED_removeblock l-6-4-8 stone)@(17,8629): no children at offset 0
138.261 Retroactively prune action (__REPEATED_removeblock l-6-2-8 stone)@(17,8629): no children at offset 0
138.261 Retroactively prune action (__REPEATED_removeblock l-6-1-8 stone)@(17,8629): no children at offset 0
138.263 Retroactively prune reduction (place-block-abstract-3 l-6-8-8 stone stone)@(17,8629): no children at offset 0
138.307 Retroactively prune action (__REPEATED_removeblock l-7-1-8 stone)@(17,9141): no children at offset 0
138.307 Retroactively prune action (__REPEATED_removeblock l-7-3-8 stone)@(17,9141): no children at offset 0
138.307 Retroactively prune action (__REPEATED_removeblock l-7-4-8 stone)@(17,9141): no children at offset 0
138.307 Retroactively prune action (removeblock l-7-6-8 stone)@(17,9141): no children at offset 0
138.307 Retroactively prune action (__REPEATED_removeblock l-7-2-8 stone)@(17,9141): no children at offset 0
138.307 Retroactively prune action (__REPEATED_removeblock l-7-5-8 stone)@(17,9141): no children at offset 0
138.309 Retroactively prune reduction (place-block-abstract-3 l-7-7-8 stone stone)@(17,9141): no children at offset 0
138.364 Retroactively prune action (__REPEATED_removeblock l-8-3-8 stone)@(17,9397): no children at offset 0
138.364 Retroactively prune action (__REPEATED_removeblock l-8-1-8 stone)@(17,9397): no children at offset 0
138.364 Retroactively prune action (__REPEATED_removeblock l-8-4-8 stone)@(17,9397): no children at offset 0
138.364 Retroactively prune action (__REPEATED_removeblock l-8-2-8 stone)@(17,9397): no children at offset 0
138.364 Retroactively prune action (removeblock l-8-5-8 stone)@(17,9397): no children at offset 0
138.365 Retroactively prune reduction (place-block-abstract-3 l-8-6-8 stone stone)@(17,9397): no children at offset 0
138.421 Retroactively prune action (__REPEATED_removeblock l-9-1-8 stone)@(17,9525): no children at offset 0
138.421 Retroactively prune action (__REPEATED_removeblock l-9-3-8 stone)@(17,9525): no children at offset 0
138.421 Retroactively prune action (removeblock l-9-4-8 stone)@(17,9525): no children at offset 0
138.421 Retroactively prune action (__REPEATED_removeblock l-9-2-8 stone)@(17,9525): no children at offset 0
138.422 Retroactively prune reduction (place-block-abstract-3 l-9-5-8 stone stone)@(17,9525): no children at offset 0
138.509 Retroactively prune action (__REPEATED_removeblock l-1-8-3 stone)@(17,9589): no children at offset 0
138.509 Retroactively prune action (__REPEATED_removeblock l-1-8-2 stone)@(17,9589): no children at offset 0
138.509 Retroactively prune action (__REPEATED_removeblock l-1-8-7 stone)@(17,9589): no children at offset 0
138.509 Retroactively prune action (__REPEATED_removeblock l-1-8-0 stone)@(17,9589): no children at offset 0
138.509 Retroactively prune action (__REPEATED_removeblock l-1-8-5 stone)@(17,9589): no children at offset 0
138.509 Retroactively prune action (__REPEATED_removeblock l-1-8-1 stone)@(17,9589): no children at offset 0
138.509 Retroactively prune action (__REPEATED_removeblock l-1-8-6 stone)@(17,9589): no children at offset 0
138.509 Retroactively prune action (__REPEATED_removeblock l-1-8-4 stone)@(17,9589): no children at offset 0
138.553 Retroactively prune action (__REPEATED_removeblock l-2-8-0 stone)@(17,10357): no children at offset 0
138.553 Retroactively prune action (__REPEATED_removeblock l-2-8-1 stone)@(17,10357): no children at offset 0
138.553 Retroactively prune action (__REPEATED_removeblock l-2-8-3 stone)@(17,10357): no children at offset 0
138.553 Retroactively prune action (__REPEATED_removeblock l-2-8-6 stone)@(17,10357): no children at offset 0
138.553 Retroactively prune action (__REPEATED_removeblock l-2-8-4 stone)@(17,10357): no children at offset 0
138.553 Retroactively prune action (__REPEATED_removeblock l-2-8-2 stone)@(17,10357): no children at offset 0
138.553 Retroactively prune action (__REPEATED_removeblock l-2-8-5 stone)@(17,10357): no children at offset 0
138.553 Retroactively prune action (__REPEATED_removeblock l-2-8-7 stone)@(17,10357): no children at offset 0
138.594 Retroactively prune action (__REPEATED_removeblock l-3-8-5 stone)@(17,11125): no children at offset 0
138.594 Retroactively prune action (__REPEATED_removeblock l-3-8-4 stone)@(17,11125): no children at offset 0
138.594 Retroactively prune action (__REPEATED_removeblock l-3-8-2 stone)@(17,11125): no children at offset 0
138.594 Retroactively prune action (__REPEATED_removeblock l-3-8-1 stone)@(17,11125): no children at offset 0
138.594 Retroactively prune action (__REPEATED_removeblock l-3-8-7 stone)@(17,11125): no children at offset 0
138.594 Retroactively prune action (__REPEATED_removeblock l-3-8-6 stone)@(17,11125): no children at offset 0
138.594 Retroactively prune action (__REPEATED_removeblock l-3-8-3 stone)@(17,11125): no children at offset 0
138.594 Retroactively prune action (__REPEATED_removeblock l-3-8-0 stone)@(17,11125): no children at offset 0
138.636 Retroactively prune action (__REPEATED_removeblock l-4-8-1 stone)@(17,11893): no children at offset 0
138.636 Retroactively prune action (__REPEATED_removeblock l-4-8-5 stone)@(17,11893): no children at offset 0
138.636 Retroactively prune action (__REPEATED_removeblock l-4-8-6 stone)@(17,11893): no children at offset 0
138.636 Retroactively prune action (__REPEATED_removeblock l-4-8-0 stone)@(17,11893): no children at offset 0
138.636 Retroactively prune action (__REPEATED_removeblock l-4-8-2 stone)@(17,11893): no children at offset 0
138.636 Retroactively prune action (__REPEATED_removeblock l-4-8-7 stone)@(17,11893): no children at offset 0
138.636 Retroactively prune action (__REPEATED_removeblock l-4-8-4 stone)@(17,11893): no children at offset 0
138.636 Retroactively prune action (__REPEATED_removeblock l-4-8-3 stone)@(17,11893): no children at offset 0
138.677 Retroactively prune action (__REPEATED_removeblock l-5-8-6 stone)@(17,12661): no children at offset 0
138.677 Retroactively prune action (__REPEATED_removeblock l-5-8-5 stone)@(17,12661): no children at offset 0
138.677 Retroactively prune action (__REPEATED_removeblock l-5-8-7 stone)@(17,12661): no children at offset 0
138.677 Retroactively prune action (__REPEATED_removeblock l-5-8-4 stone)@(17,12661): no children at offset 0
138.677 Retroactively prune action (__REPEATED_removeblock l-5-8-1 stone)@(17,12661): no children at offset 0
138.677 Retroactively prune action (__REPEATED_removeblock l-5-8-3 stone)@(17,12661): no children at offset 0
138.677 Retroactively prune action (removeblock l-5-8-0 stone)@(17,12661): no children at offset 0
138.677 Retroactively prune action (__REPEATED_removeblock l-5-8-2 stone)@(17,12661): no children at offset 0
138.718 Retroactively prune action (__REPEATED_removeblock l-6-8-6 stone)@(17,13429): no children at offset 0
138.718 Retroactively prune action (__REPEATED_removeblock l-6-8-4 stone)@(17,13429): no children at offset 0
138.718 Retroactively prune action (__REPEATED_removeblock l-6-8-2 stone)@(17,13429): no children at offset 0
138.718 Retroactively prune action (removeblock l-6-8-1 stone)@(17,13429): no children at offset 0
138.718 Retroactively prune action (__REPEATED_removeblock l-6-8-7 stone)@(17,13429): no children at offset 0
138.718 Retroactively prune action (__REPEATED_removeblock l-6-8-3 stone)@(17,13429): no children at offset 0
138.718 Retroactively prune action (__REPEATED_removeblock l-6-8-5 stone)@(17,13429): no children at offset 0
138.720 Retroactively prune reduction (place-block-abstract-3 l-6-8-0 stone stone)@(17,13429): no children at offset 0
138.770 Retroactively prune action (__REPEATED_removeblock l-7-8-6 stone)@(17,13941): no children at offset 0
138.770 Retroactively prune action (__REPEATED_removeblock l-7-8-5 stone)@(17,13941): no children at offset 0
138.770 Retroactively prune action (__REPEATED_removeblock l-7-8-3 stone)@(17,13941): no children at offset 0
138.770 Retroactively prune action (removeblock l-7-8-2 stone)@(17,13941): no children at offset 0
138.770 Retroactively prune action (__REPEATED_removeblock l-7-8-7 stone)@(17,13941): no children at offset 0
138.770 Retroactively prune action (__REPEATED_removeblock l-7-8-4 stone)@(17,13941): no children at offset 0
138.772 Retroactively prune reduction (place-block-abstract-3 l-7-8-1 stone stone)@(17,13941): no children at offset 0
138.832 Retroactively prune action (removeblock l-8-8-3 stone)@(17,14197): no children at offset 0
138.832 Retroactively prune action (__REPEATED_removeblock l-8-8-7 stone)@(17,14197): no children at offset 0
138.832 Retroactively prune action (__REPEATED_removeblock l-8-8-5 stone)@(17,14197): no children at offset 0
138.832 Retroactively prune action (__REPEATED_removeblock l-8-8-4 stone)@(17,14197): no children at offset 0
138.832 Retroactively prune action (__REPEATED_removeblock l-8-8-6 stone)@(17,14197): no children at offset 0
138.833 Retroactively prune reduction (place-block-abstract-3 l-8-8-2 stone stone)@(17,14197): no children at offset 0
138.897 Retroactively prune action (__REPEATED_removeblock l-9-8-5 stone)@(17,14325): no children at offset 0
138.897 Retroactively prune action (__REPEATED_removeblock l-9-8-6 stone)@(17,14325): no children at offset 0
138.897 Retroactively prune action (removeblock l-9-8-4 stone)@(17,14325): no children at offset 0
138.897 Retroactively prune action (__REPEATED_removeblock l-9-8-7 stone)@(17,14325): no children at offset 0
138.898 Retroactively prune reduction (place-block-abstract-3 l-9-8-3 stone stone)@(17,14325): no children at offset 0
138.964 Retroactively prune action (__REPEATED_removeblock l-1-1-0 stone)@(17,14389): no children at offset 0
138.964 Retroactively prune action (__REPEATED_removeblock l-1-5-0 stone)@(17,14389): no children at offset 0
138.964 Retroactively prune action (__REPEATED_removeblock l-1-4-0 stone)@(17,14389): no children at offset 0
138.964 Retroactively prune action (__REPEATED_removeblock l-1-3-0 stone)@(17,14389): no children at offset 0
138.964 Retroactively prune action (__REPEATED_removeblock l-1-2-0 stone)@(17,14389): no children at offset 0
138.964 Retroactively prune action (__REPEATED_removeblock l-1-6-0 stone)@(17,14389): no children at offset 0
138.964 Retroactively prune action (__REPEATED_removeblock l-1-7-0 stone)@(17,14389): no children at offset 0
139.005 Retroactively prune action (__REPEATED_removeblock l-2-2-0 stone)@(17,15157): no children at offset 0
139.005 Retroactively prune action (__REPEATED_removeblock l-2-4-0 stone)@(17,15157): no children at offset 0
139.005 Retroactively prune action (__REPEATED_removeblock l-2-1-0 stone)@(17,15157): no children at offset 0
139.005 Retroactively prune action (__REPEATED_removeblock l-2-3-0 stone)@(17,15157): no children at offset 0
139.005 Retroactively prune action (__REPEATED_removeblock l-2-5-0 stone)@(17,15157): no children at offset 0
139.005 Retroactively prune action (__REPEATED_removeblock l-2-6-0 stone)@(17,15157): no children at offset 0
139.005 Retroactively prune action (__REPEATED_removeblock l-2-7-0 stone)@(17,15157): no children at offset 0
139.045 Retroactively prune action (__REPEATED_removeblock l-3-4-0 stone)@(17,15925): no children at offset 0
139.045 Retroactively prune action (__REPEATED_removeblock l-3-3-0 stone)@(17,15925): no children at offset 0
139.045 Retroactively prune action (__REPEATED_removeblock l-3-5-0 stone)@(17,15925): no children at offset 0
139.045 Retroactively prune action (__REPEATED_removeblock l-3-2-0 stone)@(17,15925): no children at offset 0
139.045 Retroactively prune action (__REPEATED_removeblock l-3-6-0 stone)@(17,15925): no children at offset 0
139.045 Retroactively prune action (__REPEATED_removeblock l-3-1-0 stone)@(17,15925): no children at offset 0
139.045 Retroactively prune action (__REPEATED_removeblock l-3-7-0 stone)@(17,15925): no children at offset 0
139.086 Retroactively prune action (__REPEATED_removeblock l-4-7-0 stone)@(17,16693): no children at offset 0
139.086 Retroactively prune action (__REPEATED_removeblock l-4-6-0 stone)@(17,16693): no children at offset 0
139.086 Retroactively prune action (__REPEATED_removeblock l-4-3-0 stone)@(17,16693): no children at offset 0
139.086 Retroactively prune action (__REPEATED_removeblock l-4-1-0 stone)@(17,16693): no children at offset 0
139.086 Retroactively prune action (__REPEATED_removeblock l-4-4-0 stone)@(17,16693): no children at offset 0
139.086 Retroactively prune action (__REPEATED_removeblock l-4-2-0 stone)@(17,16693): no children at offset 0
139.086 Retroactively prune action (__REPEATED_removeblock l-4-5-0 stone)@(17,16693): no children at offset 0
139.126 Retroactively prune action (__REPEATED_removeblock l-5-2-0 stone)@(17,17461): no children at offset 0
139.126 Retroactively prune action (__REPEATED_removeblock l-5-3-0 stone)@(17,17461): no children at offset 0
139.126 Retroactively prune action (__REPEATED_removeblock l-5-1-0 stone)@(17,17461): no children at offset 0
139.126 Retroactively prune action (__REPEATED_removeblock l-5-4-0 stone)@(17,17461): no children at offset 0
139.126 Retroactively prune action (__REPEATED_removeblock l-5-6-0 stone)@(17,17461): no children at offset 0
139.126 Retroactively prune action (__REPEATED_removeblock l-5-5-0 stone)@(17,17461): no children at offset 0
139.126 Retroactively prune action (__REPEATED_removeblock l-5-7-0 stone)@(17,17461): no children at offset 0
139.168 Retroactively prune action (__REPEATED_removeblock l-6-6-0 stone)@(17,18229): no children at offset 0
139.168 Retroactively prune action (__REPEATED_removeblock l-6-2-0 stone)@(17,18229): no children at offset 0
139.168 Retroactively prune action (__REPEATED_removeblock l-6-5-0 stone)@(17,18229): no children at offset 0
139.168 Retroactively prune action (removeblock l-6-1-0 stone)@(17,18229): no children at offset 0
139.168 Retroactively prune action (__REPEATED_removeblock l-6-7-0 stone)@(17,18229): no children at offset 0
139.168 Retroactively prune action (__REPEATED_removeblock l-6-4-0 stone)@(17,18229): no children at offset 0
139.168 Retroactively prune action (__REPEATED_removeblock l-6-3-0 stone)@(17,18229): no children at offset 0
139.220 Retroactively prune action (__REPEATED_removeblock l-7-7-0 stone)@(17,18741): no children at offset 0
139.220 Retroactively prune action (__REPEATED_removeblock l-7-5-0 stone)@(17,18741): no children at offset 0
139.220 Retroactively prune action (__REPEATED_removeblock l-7-6-0 stone)@(17,18741): no children at offset 0
139.220 Retroactively prune action (__REPEATED_removeblock l-7-3-0 stone)@(17,18741): no children at offset 0
139.220 Retroactively prune action (__REPEATED_removeblock l-7-4-0 stone)@(17,18741): no children at offset 0
139.220 Retroactively prune action (removeblock l-7-2-0 stone)@(17,18741): no children at offset 0
139.222 Retroactively prune reduction (place-block-abstract-3 l-7-1-0 stone stone)@(17,18741): no children at offset 0
139.281 Retroactively prune action (__REPEATED_removeblock l-8-7-0 stone)@(17,18997): no children at offset 0
139.281 Retroactively prune action (removeblock l-8-3-0 stone)@(17,18997): no children at offset 0
139.281 Retroactively prune action (__REPEATED_removeblock l-8-6-0 stone)@(17,18997): no children at offset 0
139.281 Retroactively prune action (__REPEATED_removeblock l-8-5-0 stone)@(17,18997): no children at offset 0
139.281 Retroactively prune action (__REPEATED_removeblock l-8-4-0 stone)@(17,18997): no children at offset 0
139.283 Retroactively prune reduction (place-block-abstract-3 l-8-2-0 stone stone)@(17,18997): no children at offset 0
139.346 Retroactively prune action (__REPEATED_removeblock l-9-6-0 stone)@(17,19125): no children at offset 0
139.346 Retroactively prune action (__REPEATED_removeblock l-9-5-0 stone)@(17,19125): no children at offset 0
139.346 Retroactively prune action (removeblock l-9-4-0 stone)@(17,19125): no children at offset 0
139.346 Retroactively prune action (__REPEATED_removeblock l-9-7-0 stone)@(17,19125): no children at offset 0
139.348 Retroactively prune reduction (place-block-abstract-3 l-9-3-0 stone stone)@(17,19125): no children at offset 0
139.413 Retroactively prune action (__REPEATED_removeblock l-10-0-7 stone)@(17,19191): no children at offset 0
139.413 Retroactively prune action (__REPEATED_removeblock l-10-0-3 stone)@(17,19191): no children at offset 0
139.413 Retroactively prune action (__REPEATED_removeblock l-10-0-2 stone)@(17,19191): no children at offset 0
139.413 Retroactively prune action (__REPEATED_removeblock l-10-0-1 stone)@(17,19191): no children at offset 0
139.413 Retroactively prune action (__REPEATED_removeblock l-10-0-6 stone)@(17,19191): no children at offset 0
139.413 Retroactively prune action (__REPEATED_removeblock l-10-0-4 stone)@(17,19191): no children at offset 0
139.413 Retroactively prune action (__REPEATED_removeblock l-10-0-8 stone)@(17,19191): no children at offset 0
139.413 Retroactively prune action (__REPEATED_removeblock l-10-0-0 stone)@(17,19191): no children at offset 0
139.413 Retroactively prune action (__REPEATED_removeblock l-10-0-5 stone)@(17,19191): no children at offset 0
139.456 Retroactively prune action (__REPEATED_removeblock l-10-1-2 stone)@(17,19959): no children at offset 0
139.456 Retroactively prune action (__REPEATED_removeblock l-10-1-6 stone)@(17,19959): no children at offset 0
139.456 Retroactively prune action (__REPEATED_removeblock l-10-1-3 stone)@(17,19959): no children at offset 0
139.456 Retroactively prune action (__REPEATED_removeblock l-10-1-4 stone)@(17,19959): no children at offset 0
139.456 Retroactively prune action (__REPEATED_removeblock l-10-1-1 stone)@(17,19959): no children at offset 0
139.456 Retroactively prune action (__REPEATED_removeblock l-10-1-7 stone)@(17,19959): no children at offset 0
139.456 Retroactively prune action (__REPEATED_removeblock l-10-1-5 stone)@(17,19959): no children at offset 0
139.456 Retroactively prune action (__REPEATED_removeblock l-10-1-8 stone)@(17,19959): no children at offset 0
139.456 Retroactively prune action (__REPEATED_removeblock l-10-1-0 stone)@(17,19959): no children at offset 0
139.499 Retroactively prune action (__REPEATED_removeblock l-10-2-3 stone)@(17,20727): no children at offset 0
139.499 Retroactively prune action (__REPEATED_removeblock l-10-2-2 stone)@(17,20727): no children at offset 0
139.499 Retroactively prune action (__REPEATED_removeblock l-10-2-5 stone)@(17,20727): no children at offset 0
139.499 Retroactively prune action (__REPEATED_removeblock l-10-2-0 stone)@(17,20727): no children at offset 0
139.499 Retroactively prune action (__REPEATED_removeblock l-10-2-6 stone)@(17,20727): no children at offset 0
139.499 Retroactively prune action (__REPEATED_removeblock l-10-2-8 stone)@(17,20727): no children at offset 0
139.499 Retroactively prune action (__REPEATED_removeblock l-10-2-4 stone)@(17,20727): no children at offset 0
139.499 Retroactively prune action (__REPEATED_removeblock l-10-2-7 stone)@(17,20727): no children at offset 0
139.499 Retroactively prune action (__REPEATED_removeblock l-10-2-1 stone)@(17,20727): no children at offset 0
139.541 Retroactively prune action (__REPEATED_removeblock l-10-3-5 stone)@(17,21495): no children at offset 0
139.541 Retroactively prune action (__REPEATED_removeblock l-10-3-1 stone)@(17,21495): no children at offset 0
139.541 Retroactively prune action (__REPEATED_removeblock l-10-3-2 stone)@(17,21495): no children at offset 0
139.541 Retroactively prune action (__REPEATED_removeblock l-10-3-4 stone)@(17,21495): no children at offset 0
139.541 Retroactively prune action (__REPEATED_removeblock l-10-3-7 stone)@(17,21495): no children at offset 0
139.541 Retroactively prune action (__REPEATED_removeblock l-10-3-6 stone)@(17,21495): no children at offset 0
139.541 Retroactively prune action (__REPEATED_removeblock l-10-3-3 stone)@(17,21495): no children at offset 0
139.541 Retroactively prune action (__REPEATED_removeblock l-10-3-0 stone)@(17,21495): no children at offset 0
139.541 Retroactively prune action (__REPEATED_removeblock l-10-3-8 stone)@(17,21495): no children at offset 0
139.583 Retroactively prune action (__REPEATED_removeblock l-10-4-7 stone)@(17,22263): no children at offset 0
139.583 Retroactively prune action (removeblock l-10-4-8 stone)@(17,22263): no children at offset 0
139.583 Retroactively prune action (__REPEATED_removeblock l-10-4-5 stone)@(17,22263): no children at offset 0
139.583 Retroactively prune action (__REPEATED_removeblock l-10-4-2 stone)@(17,22263): no children at offset 0
139.583 Retroactively prune action (__REPEATED_removeblock l-10-4-0 stone)@(17,22263): no children at offset 0
139.583 Retroactively prune action (__REPEATED_removeblock l-10-4-6 stone)@(17,22263): no children at offset 0
139.583 Retroactively prune action (__REPEATED_removeblock l-10-4-4 stone)@(17,22263): no children at offset 0
139.583 Retroactively prune action (__REPEATED_removeblock l-10-4-3 stone)@(17,22263): no children at offset 0
139.583 Retroactively prune action (__REPEATED_removeblock l-10-4-1 stone)@(17,22263): no children at offset 0
139.626 Retroactively prune action (__REPEATED_removeblock l-10-5-5 stone)@(17,23031): no children at offset 0
139.626 Retroactively prune action (__REPEATED_removeblock l-10-5-4 stone)@(17,23031): no children at offset 0
139.626 Retroactively prune action (__REPEATED_removeblock l-10-5-6 stone)@(17,23031): no children at offset 0
139.626 Retroactively prune action (__REPEATED_removeblock l-10-5-1 stone)@(17,23031): no children at offset 0
139.626 Retroactively prune action (__REPEATED_removeblock l-10-5-3 stone)@(17,23031): no children at offset 0
139.626 Retroactively prune action (removeblock l-10-5-7 stone)@(17,23031): no children at offset 0
139.626 Retroactively prune action (__REPEATED_removeblock l-10-5-2 stone)@(17,23031): no children at offset 0
139.626 Retroactively prune action (__REPEATED_removeblock l-10-5-0 stone)@(17,23031): no children at offset 0
139.630 Retroactively prune reduction (place-block-abstract-3 l-10-5-8 stone stone)@(17,23031): no children at offset 0
139.679 Retroactively prune action (__REPEATED_removeblock l-10-6-2 stone)@(17,23543): no children at offset 0
139.679 Retroactively prune action (__REPEATED_removeblock l-10-6-0 stone)@(17,23543): no children at offset 0
139.679 Retroactively prune action (__REPEATED_removeblock l-10-6-4 stone)@(17,23543): no children at offset 0
139.679 Retroactively prune action (__REPEATED_removeblock l-10-6-1 stone)@(17,23543): no children at offset 0
139.679 Retroactively prune action (__REPEATED_removeblock l-10-6-5 stone)@(17,23543): no children at offset 0
139.679 Retroactively prune action (__REPEATED_removeblock l-10-6-3 stone)@(17,23543): no children at offset 0
139.679 Retroactively prune action (removeblock l-10-6-6 stone)@(17,23543): no children at offset 0
139.682 Retroactively prune reduction (place-block-abstract-3 l-10-6-7 stone stone)@(17,23543): no children at offset 0
139.741 Retroactively prune action (__REPEATED_removeblock l-10-7-2 stone)@(17,23799): no children at offset 0
139.741 Retroactively prune action (removeblock l-10-7-5 stone)@(17,23799): no children at offset 0
139.741 Retroactively prune action (__REPEATED_removeblock l-10-7-0 stone)@(17,23799): no children at offset 0
139.741 Retroactively prune action (__REPEATED_removeblock l-10-7-3 stone)@(17,23799): no children at offset 0
139.741 Retroactively prune action (__REPEATED_removeblock l-10-7-1 stone)@(17,23799): no children at offset 0
139.741 Retroactively prune action (__REPEATED_removeblock l-10-7-4 stone)@(17,23799): no children at offset 0
139.744 Retroactively prune reduction (place-block-abstract-3 l-10-7-6 stone stone)@(17,23799): no children at offset 0
139.807 Retroactively prune action (__REPEATED_removeblock l-10-8-2 stone)@(17,23927): no children at offset 0
139.807 Retroactively prune action (__REPEATED_removeblock l-10-8-0 stone)@(17,23927): no children at offset 0
139.807 Retroactively prune action (__REPEATED_removeblock l-10-8-3 stone)@(17,23927): no children at offset 0
139.807 Retroactively prune action (__REPEATED_removeblock l-10-8-1 stone)@(17,23927): no children at offset 0
139.807 Retroactively prune action (removeblock l-10-8-4 stone)@(17,23927): no children at offset 0
139.809 Retroactively prune reduction (place-block-abstract-3 l-10-8-5 stone stone)@(17,23927): no children at offset 0
139.880 Collected 724 relevant facts at this layer
139.880 Encoding ...
151.938 Attempting to solve formula with 17026225 clauses (38670470 literals) and 3196 assumptions
151.966 Unsolvable at layer 18 -- expanding.
151.966 Iteration 19.
151.999 New layer size: 30701
151.999 Instantiating ...
154.040 Collected 736 relevant facts at this layer
154.040 Encoding ...
166.963 Attempting to solve formula with 18766041 clauses (42255541 literals) and 2556 assumptions
166.988 Unsolvable at layer 19 -- expanding.
166.988 Iteration 20.
167.023 New layer size: 33252
167.023 Instantiating ...
168.902 Collected 738 relevant facts at this layer
168.902 Encoding ...
179.994 Termination signal caught.
179.994 Total amount of clauses encoded: 19795554
179.994 - directframeaxioms : 14166304 cls
179.994 - atmostoneelement : 2994678 cls
179.994 - expansions : 1038205 cls
179.994 - predecessors : 876180 cls
179.994 - actionconstraints : 346261 cls
179.994 - actioneffects : 198828 cls
179.994 - reductionconstraints : 171087 cls
179.994 - forbiddenoperations : 3271 cls
179.994 - truefacts : 738 cls
179.994 - axiomaticops : 2 cls
179.994 # instantiated positions: 184277
179.994 # instantiated actions: 798009
179.994 # instantiated reductions: 103336
179.994 # introduced pseudo-constants: 0
179.994 # retroactive prunings: 307
179.994 # retroactively pruned operations: 3271
179.994 # dominated operations: 0
179.994 # total invalid rigid preconditions found in getPFC: 43205
179.994 # invalid rigid preconditions found in getPFC: 31685
179.994 # invalid rigid preconditions found in getPFC in varrestrictions: 11520
179.994 # total invalid fluent preconditions found in getPFC: 192
179.994 # invalid fluent preconditions found in getPFC: 96
179.994 # invalid fluent preconditions found in getPFC in varrestrictions: 96
179.994 # invalid fluent preconditions found in getPFC via postconditions: 0
179.994 # invalid subtasks found in getPFC: 0
179.994 # number effects in operation fact_frames: 120
179.994 Exiting happily.

RUNWATCH_RESULT MEMOUT RETVAL 0 TIME_SECS 180.93 MEMPEAK_KBS 16044840
