    _           _         _
   \ |         \ |       | |                       
   | |     __  | |      _| |______                
   | |     \/  | |     /_   ______\                
   | |      _  | |   __  | |  ___   ___   ___       
   | |___  | | | |  / .\ | | / , | |   \ / ·_\    
   \_____\ |_| |__\ \__/ |_| \___) |_|_| \___\  
[39mL i l o t a n e  version rls-glucose4
by Dominik Schreiber <dominik.schreiber@kit.edu> 2020-2021
using SAT solver glucose4

0.009 Parser finished.
0.009 Structures extracted.
0.009 20 operators and 16 methods created.
0.289 Mined 11 new reduction preconditions (+12.9%).
0.289 Iteration 0.
0.289 Creating initial layer of size 2
1.771 Attempting to solve formula with 127 clauses (189 literals) and 1 assumptions
1.771 Unsolvable at layer 0 -- expanding.
1.771 Iteration 1.
1.771 New layer size: 7
1.771 Instantiating ...
4.615 Collected 3245 relevant facts at this layer
4.615 Encoding ...
4.668 Attempting to solve formula with 69145 clauses (211563 literals) and 6 assumptions
4.669 Unsolvable at layer 1 -- expanding.
4.669 Iteration 2.
4.669 New layer size: 13
4.669 Instantiating ...
10.123 Collected 3534 relevant facts at this layer
10.123 Encoding ...
10.299 Attempting to solve formula with 250616 clauses (823934 literals) and 6 assumptions
10.299 Unsolvable at layer 2 -- expanding.
10.299 Iteration 3.
10.299 New layer size: 31
10.299 Instantiating ...
16.684 Collected 3581 relevant facts at this layer
16.684 Encoding ...
17.117 Attempting to solve formula with 630407 clauses (2118925 literals) and 12 assumptions
17.155 Unsolvable at layer 3 -- expanding.
17.155 Iteration 4.
17.155 New layer size: 55
17.155 Instantiating ...
27.585 Collected 3581 relevant facts at this layer
27.585 Encoding ...
28.321 Attempting to solve formula with 1221137 clauses (4136086 literals) and 18 assumptions
28.367 Unsolvable at layer 4 -- expanding.
28.367 Iteration 5.
28.367 New layer size: 97
28.367 Instantiating ...
45.393 Collected 3581 relevant facts at this layer
45.393 Encoding ...
46.652 Attempting to solve formula with 2214214 clauses (7534313 literals) and 30 assumptions
46.710 Unsolvable at layer 5 -- expanding.
46.710 Iteration 6.
46.710 New layer size: 163
46.710 Instantiating ...
74.253 Collected 3581 relevant facts at this layer
74.253 Encoding ...
76.331 Attempting to solve formula with 3817786 clauses (13025633 literals) and 48 assumptions
76.447 Unsolvable at layer 6 -- expanding.
76.447 Iteration 7.
76.448 New layer size: 271
76.448 Instantiating ...
121.130 Collected 3581 relevant facts at this layer
121.130 Encoding ...
124.589 Attempting to solve formula with 6433906 clauses (21990057 literals) and 78 assumptions
125.081 Unsolvable at layer 7 -- expanding.
125.081 Iteration 8.
125.081 New layer size: 445
125.081 Instantiating ...
197.521 Collected 3581 relevant facts at this layer
197.521 Encoding ...
203.378 Attempting to solve formula with 10673068 clauses (36520675 literals) and 126 assumptions
204.104 Unsolvable at layer 8 -- expanding.
204.104 Iteration 9.
204.104 New layer size: 727
204.104 Instantiating ...
321.748 Collected 3581 relevant facts at this layer
321.748 Encoding ...
331.857 Attempting to solve formula with 17547820 clauses (60090591 literals) and 204 assumptions
334.024 Unsolvable at layer 9 -- expanding.
334.024 Iteration 10.
334.025 New layer size: 1183
334.025 Instantiating ...
525.954 Collected 3581 relevant facts at this layer
525.954 Encoding ...
542.922 Attempting to solve formula with 28681204 clauses (98265999 literals) and 330 assumptions
547.646 Unsolvable at layer 10 -- expanding.
547.646 Iteration 11.
547.647 New layer size: 1921
547.647 Instantiating ...
863.525 Collected 3581 relevant facts at this layer
863.525 Encoding ...
893.242 Attempting to solve formula with 46708810 clauses (160086197 literals) and 534 assumptions
903.071 Unsolvable at layer 11 -- expanding.
903.071 Iteration 12.
903.072 New layer size: 3115
903.073 Instantiating ...
1220.510 Termination signal caught.
1220.510 Total amount of clauses encoded: 46708810
1220.510 - directframeaxioms : 18796754 cls
1220.510 - qfactsemantics : 12215611 cls
1220.510 - indirectframeaxioms : 9530475 cls
1220.510 - reductionconstraints : 5217223 cls
1220.510 - actionconstraints : 360177 cls
1220.510 - qconstequality : 229633 cls
1220.510 - substitutionconstraints : 181609 cls
1220.510 - atmostoneelement : 91561 cls
1220.510 - expansions : 35353 cls
1220.510 - predecessors : 29800 cls
1220.510 - actioneffects : 17031 cls
1220.510 - truefacts : 3581 cls
1220.510 - axiomaticops : 2 cls
1220.510 # instantiated positions: 6374
1220.510 # instantiated actions: 26368
1220.510 # instantiated reductions: 12301
1220.510 # introduced pseudo-constants: 5807
1220.510 # retroactive prunings: 0
1220.510 # retroactively pruned operations: 0
1220.510 # dominated operations: 8
1220.510 # total invalid rigid preconditions found in getPFC: 0
1220.510 # invalid rigid preconditions found in getPFC: 0
1220.510 # invalid rigid preconditions found in getPFC in varrestrictions: 0
1220.510 # total invalid fluent preconditions found in getPFC: 76
1220.510 # invalid fluent preconditions found in getPFC: 63
1220.510 # invalid fluent preconditions found in getPFC in varrestrictions: 13
1220.510 # invalid fluent preconditions found in getPFC via postconditions: 0
1220.510 # invalid subtasks found in getPFC: 0
1220.510 # number effects in operation fact_frames: 234
1220.510 # number of variables restricted: 28128145
1220.510 Exiting happily.

RUNWATCH_RESULT MEMOUT RETVAL 0 TIME_SECS 1221.44 MEMPEAK_KBS 16018672
