    _           _         _
   \ |         \ |       | |                       
   | |     __  | |      _| |______                
   | |     \/  | |     /_   ______\                
   | |      _  | |   __  | |  ___   ___   ___       
   | |___  | | | |  / .\ | | / , | |   \ / ·_\    
   \_____\ |_| |__\ \__/ |_| \___) |_|_| \___\  
[39mL i l o t a n e  version rls-glucose4
by Dominik Schreiber <dominik.schreiber@kit.edu> 2020-2021
using SAT solver glucose4

0.018 Parser finished.
0.019 Structures extracted.
0.019 20 operators and 16 methods created.
0.626 Mined 11 new reduction preconditions (+8.5%).
0.626 Iteration 0.
0.626 Creating initial layer of size 2
2.737 Attempting to solve formula with 217 clauses (324 literals) and 1 assumptions
2.738 Unsolvable at layer 0 -- expanding.
2.738 Iteration 1.
2.738 New layer size: 5
2.738 Instantiating ...
8.504 Collected 10400 relevant facts at this layer
8.504 Encoding ...
8.632 Attempting to solve formula with 123973 clauses (378677 literals) and 4 assumptions
8.634 Unsolvable at layer 1 -- expanding.
8.634 Iteration 2.
8.634 New layer size: 9
8.634 Instantiating ...
20.551 Collected 10714 relevant facts at this layer
20.551 Encoding ...
20.919 Attempting to solve formula with 447387 clauses (1495978 literals) and 4 assumptions
20.919 Unsolvable at layer 2 -- expanding.
20.919 Iteration 3.
20.919 New layer size: 21
20.919 Instantiating ...
33.164 Collected 10804 relevant facts at this layer
33.164 Encoding ...
34.081 Attempting to solve formula with 1164980 clauses (3965932 literals) and 8 assumptions
34.114 Unsolvable at layer 3 -- expanding.
34.114 Iteration 4.
34.114 New layer size: 37
34.114 Instantiating ...
54.042 Collected 10804 relevant facts at this layer
54.042 Encoding ...
55.550 Attempting to solve formula with 2305880 clauses (7906920 literals) and 12 assumptions
55.591 Unsolvable at layer 4 -- expanding.
55.591 Iteration 5.
55.591 New layer size: 65
55.591 Instantiating ...
88.286 Collected 10804 relevant facts at this layer
88.286 Encoding ...
91.013 Attempting to solve formula with 4239420 clauses (14596537 literals) and 20 assumptions
91.066 Unsolvable at layer 5 -- expanding.
91.066 Iteration 6.
91.066 New layer size: 109
91.066 Instantiating ...
145.443 Collected 10804 relevant facts at this layer
145.443 Encoding ...
150.108 Attempting to solve formula with 7383573 clauses (25485999 literals) and 32 assumptions
150.248 Unsolvable at layer 6 -- expanding.
150.248 Iteration 7.
150.248 New layer size: 181
150.248 Instantiating ...
240.156 Collected 10804 relevant facts at this layer
240.156 Encoding ...
248.601 Attempting to solve formula with 12530814 clauses (43322935 literals) and 52 assumptions
249.137 Unsolvable at layer 7 -- expanding.
249.137 Iteration 8.
249.138 New layer size: 297
249.138 Instantiating ...
398.993 Collected 10804 relevant facts at this layer
398.993 Encoding ...
414.404 Attempting to solve formula with 20891755 clauses (72307187 literals) and 84 assumptions
415.712 Unsolvable at layer 8 -- expanding.
415.712 Iteration 9.
415.712 New layer size: 485
415.712 Instantiating ...
656.753 Collected 10804 relevant facts at this layer
656.753 Encoding ...
681.287 Attempting to solve formula with 34469484 clauses (119386229 literals) and 136 assumptions
682.171 Unsolvable at layer 9 -- expanding.
682.171 Iteration 10.
682.171 New layer size: 789
682.171 Instantiating ...
1083.981 Collected 10804 relevant facts at this layer
1083.981 Encoding ...
1126.713 Attempting to solve formula with 56477701 clauses (195707377 literals) and 220 assumptions
1129.806 Unsolvable at layer 10 -- expanding.
1129.806 Iteration 11.
1129.806 New layer size: 1281
1129.806 Instantiating ...
1580.997 Termination signal caught.
1580.997 Total amount of clauses encoded: 56477701
1580.997 - directframeaxioms : 23907878 cls
1580.997 - qfactsemantics : 15524644 cls
1580.997 - indirectframeaxioms : 11940130 cls
1580.997 - reductionconstraints : 4421099 cls
1580.997 - actionconstraints : 289167 cls
1580.997 - qconstequality : 170474 cls
1580.997 - substitutionconstraints : 143039 cls
1580.997 - atmostoneelement : 37084 cls
1580.997 - expansions : 14331 cls
1580.997 - predecessors : 12076 cls
1580.997 - truefacts : 10804 cls
1580.997 - actioneffects : 6973 cls
1580.997 - axiomaticops : 2 cls
1580.997 # instantiated positions: 2729
1580.997 # instantiated actions: 11218
1580.997 # instantiated reductions: 5298
1580.997 # introduced pseudo-constants: 2451
1580.997 # retroactive prunings: 0
1580.997 # retroactively pruned operations: 0
1580.997 # dominated operations: 2
1580.997 # total invalid rigid preconditions found in getPFC: 0
1580.997 # invalid rigid preconditions found in getPFC: 0
1580.997 # invalid rigid preconditions found in getPFC in varrestrictions: 0
1580.997 # total invalid fluent preconditions found in getPFC: 194
1580.997 # invalid fluent preconditions found in getPFC: 186
1580.997 # invalid fluent preconditions found in getPFC in varrestrictions: 8
1580.997 # invalid fluent preconditions found in getPFC via postconditions: 0
1580.997 # invalid subtasks found in getPFC: 0
1580.997 # number effects in operation fact_frames: 230
1580.997 # number of variables restricted: 20515564
1580.997 Exiting happily.

RUNWATCH_RESULT MEMOUT RETVAL 0 TIME_SECS 1581.83 MEMPEAK_KBS 16016144
