pandaPIparser is configured as follows
  Colors in output: true
  Mode: parsing mode
  Parameter splitting: true
  Conditional effects: exponential encoding
  Disjunctive preconditions as HTN: false
  Replace goal with action: false
  Output: pandaPI format
General Options
  Print timings: false
  Quiet mode: false
Inference Options
  H2 mutexes: false
  FAM groups: false
Transformation Options
  Add zero-cost no-op to empty methods: true
  Remove duplicate actions: true
  Remove useless literals: true
  Expand abstract tasks with one method: true
  Remove empty method preconditions: true
  Two regularisation: false
  Compile negative SAS variables: false
Runtime Optimisations
  Hierarchy Typing: true
  Future Caching: false
  Static Precondition Checking: false
Output Options
  Panda planner format: true
  HDDL: false
  SAS for Fast Downward (without hierarchy): false
Output Formatting Options
  Output only SAS+ variables: false
  SAS+ delete mode: as input
Reading input from /home/schnell/lilotane/sotaevaluation//PandaGBFS_runwatchtime_timeout1800_2021-11-16_21:14:14/runwatch_log/376/376.parsed.
Writing output to /home/schnell/lilotane/sotaevaluation//PandaGBFS_runwatchtime_timeout1800_2021-11-16_21:14:14/runwatch_log/376/376.sas.
Writing output to standard output.
Parsing done.
Conditional Effects expanded
done.
Starting Hierarchy Typing
Total 1.906ms
Contains 0.318ms
Restrict 0.219ms
MPrep 0.235ms
Finished Hierarchy Typing
Running PG.
Process actions without preconditions
Done.
 ---> Disabling potentially consistent extension checking for action:           0 (make_sandwich_no_gluten)
 ---> Disabling potentially consistent extension checking for action:           1 (make_sandwich)
 ---> Disabling potentially consistent extension checking for action:           15 (__method_precondition_m1_serve_base_base)
 ---> Disabling potentially consistent extension checking for action:           13 (__method_precondition_m0_serve_base_base)
Returning from runGpg().
PG done. Postprocessing
PG postprocessing done.
Calculated [6648] grounded tasks and [237] reachable facts.
Running TDG.
Process actions without preconditions
Done.
 ---> Disabling potentially consistent extension checking for action:           1 (_splitting_method_m0_serve_splitted_1)
 ---> Disabling potentially consistent extension checking for action:           5 (_splitting_method_m1_serve_splitted_2)
 ---> Disabling potentially consistent extension checking for action:           2 (_splitting_method_m0_serve_splitted_3)
 ---> Disabling potentially consistent extension checking for action:           6 (_splitting_method_m1_serve_splitted_4)
 ---> Disabling potentially consistent extension checking for action:           4 (m0_serve)
 ---> Disabling potentially consistent extension checking for action:           8 (m1_serve)
Returning from runGpg().
TDG done.
Calculated [7904] grounded tasks and [4441] grounded decomposition methods.
Performing DFS.
DFS done.
After DFS: 5006 tasks, 4441 methods.
Grounded PG:
Input was [3750, 5006], output was [3750, 237].
Simplifying instance.
Removing useless facts/literals
Removing method precondition actions whose precondition is empty
Expanding abstract tasks with only one method
Starting duplicate elimination.
Data structure build.
280 duplicates found.
Duplicates replaced in methods.
Further Mutex Groups: 0 strict 0 non strict
Writing instance to output.
Final Statistics: F 177 S 0 SC 0 SM 0 NSM 0 I 0 P 3318 S 20 A 356 M 3541
Exiting.
Random seed: 42
Time limit: 1800 seconds
Reading input from /home/schnell/lilotane/sotaevaluation//PandaGBFS_runwatchtime_timeout1800_2021-11-16_21:14:14/runwatch_log/376/376.sas.
- State has 177 bits divided into 177 mutex groups.
- Domain contains 3338 actions.
- Domain contains 3694 tasks.
- Domain contains 3541 methods.
- The initial state contains 53 set bits.
- The initial task is "__top[]".
- State-based goal contains 15 bits.
- Instance is totally-ordered: yes
- Instance has unique paths: yes
- Instance is parallel sequences: yes
Calculate SCCs...
- Number of SCCs: 3694
- The problem is acyclic
Selected Planning Algorithm: progression searchParsing heuristics ...
Number of specified heuristics: 1
- the option "store cuts" of the RC heuristic can only be used with the inner heuristic LM-Cut. It will be disabled.
- Calculating minimal implied costs and distances (2 ms)
Heuristic #0 = hhRC2(add;distance;correct count)
Search config:
 - type: path cost
 - weight: 1
 - suboptimal: false
Visited List configured
- mode: total order
- hashs to use: state task task-sequence
- memory information: topological ordering
- Visited list allows deletion of search nodes: true
Search Configuration
- Using JAIR 2020 progression algorithm
- Search is stopped after first solution is found.
- A* Search
- Distance G is "modification depth"
   1s visitime    0.00s generated nodes      5031 nodes/sec    3614 cur h  231 mod.depth   19 inserts       281 dups        82 size       199 hash fail     82 hash buckets    199
   2s visitime    0.01s generated nodes     10116 nodes/sec    3998 cur h  213 mod.depth   30 inserts       730 dups       362 size       368 hash fail    362 hash buckets    368
Search Results
- Search time 3.47 seconds
- Visited list time 0.01 seconds
- Visited list inserts 1183
- Visited list pruned 582
- Visited list contains 601
- Visited list hash collisions 582
- Visited list used hash buckets 601
- Generated 16380 search nodes
  Calculated heuristic for 7663 nodes
  One modifications 3880
  Effectless actions 4837
- including 3880 one modification actions
- including 0 one modification methods
- and       4837 progressions of effectless actions
- Generated 2208 nodes per second
- Final fringe contains 4908 nodes
- Status: Solved
- Found solution of length 136
- Total costs of actions: 75
==>
12 __method_precondition_m1_serve_base_base[child15,sandw3]
84 make_sandwich_no_gluten[sandw3,bread3,content8]
639 put_on_tray[sandw3,tray1]
640 move_tray[tray1,kitchen,table3]
641 serve_sandwich_no_gluten[sandw3,child1,tray1,table3]
642 move_tray[tray1,table3,kitchen]
1204 __method_precondition_m1_serve_base_base[child15,sandw7]
2188 make_sandwich[sandw7,bread10,content6]
2670 put_on_tray[sandw7,tray2]
2671 move_tray[tray2,kitchen,table2]
2672 serve_sandwich[sandw7,child2,tray2,table2]
2673 move_tray[tray2,table2,kitchen]
5544 __method_precondition_m1_serve_base_base[child15,sandw14]
6601 make_sandwich[sandw14,bread11,content9]
7323 put_on_tray[sandw14,tray3]
7324 move_tray[tray3,kitchen,table1]
7325 serve_sandwich[sandw14,child3,tray3,table1]
7326 move_tray[tray3,table1,kitchen]
8837 __method_precondition_m1_serve_base_base[child15,sandw4]
10112 make_sandwich[sandw4,bread7,content11]
11875 put_on_tray[sandw4,tray3]
11876 move_tray[tray3,kitchen,table3]
11877 serve_sandwich[sandw4,child4,tray3,table3]
11878 move_tray[tray3,table3,kitchen]
11901 __method_precondition_m1_serve_base_base[child15,sandw20]
12635 make_sandwich_no_gluten[sandw20,bread13,content1]
12886 put_on_tray[sandw20,tray1]
12887 move_tray[tray1,kitchen,table1]
12888 serve_sandwich_no_gluten[sandw20,child5,tray1,table1]
12889 move_tray[tray1,table1,kitchen]
13174 __method_precondition_m1_serve_base_base[child15,sandw13]
13998 make_sandwich[sandw13,bread8,content7]
14097 put_on_tray[sandw13,tray2]
14098 move_tray[tray2,kitchen,table1]
14099 serve_sandwich[sandw13,child6,tray2,table1]
14100 move_tray[tray2,table1,kitchen]
14126 __method_precondition_m1_serve_base_base[child15,sandw10]
14169 make_sandwich_no_gluten[sandw10,bread9,content4]
14238 put_on_tray[sandw10,tray1]
14239 move_tray[tray1,kitchen,table3]
14240 serve_sandwich_no_gluten[sandw10,child7,tray1,table3]
14241 move_tray[tray1,table3,kitchen]
14786 __method_precondition_m1_serve_base_base[child15,sandw15]
14985 make_sandwich_no_gluten[sandw15,bread6,content13]
15116 put_on_tray[sandw15,tray2]
15117 move_tray[tray2,kitchen,table1]
15118 serve_sandwich_no_gluten[sandw15,child8,tray2,table1]
15119 move_tray[tray2,table1,kitchen]
15176 __method_precondition_m1_serve_base_base[child15,sandw8]
15459 make_sandwich_no_gluten[sandw8,bread14,content2]
15479 put_on_tray[sandw8,tray3]
15480 move_tray[tray3,kitchen,table1]
15481 serve_sandwich_no_gluten[sandw8,child9,tray3,table1]
15482 move_tray[tray3,table1,kitchen]
15645 __method_precondition_m1_serve_base_base[child15,sandw17]
15659 make_sandwich_no_gluten[sandw17,bread2,content5]
15700 put_on_tray[sandw17,tray3]
15701 move_tray[tray3,kitchen,table1]
15702 serve_sandwich_no_gluten[sandw17,child10,tray3,table1]
15703 move_tray[tray3,table1,kitchen]
15707 __method_precondition_m1_serve_base_base[child15,sandw9]
15771 make_sandwich[sandw9,bread1,content3]
15851 put_on_tray[sandw9,tray3]
15852 move_tray[tray3,kitchen,table2]
15853 serve_sandwich[sandw9,child11,tray3,table2]
15854 move_tray[tray3,table2,kitchen]
15865 __method_precondition_m1_serve_base_base[child15,sandw12]
15896 make_sandwich[sandw12,bread15,content10]
15987 put_on_tray[sandw12,tray2]
15988 move_tray[tray2,kitchen,table3]
15989 serve_sandwich[sandw12,child12,tray2,table3]
15990 move_tray[tray2,table3,kitchen]
16003 __method_precondition_m1_serve_base_base[child15,sandw19]
16068 make_sandwich[sandw19,bread4,content14]
16125 put_on_tray[sandw19,tray3]
16126 move_tray[tray3,kitchen,table1]
16127 serve_sandwich[sandw19,child13,tray3,table1]
16128 move_tray[tray3,table1,kitchen]
16131 __method_precondition_m1_serve_base_base[child15,sandw18]
16240 make_sandwich[sandw18,bread12,content12]
16247 put_on_tray[sandw18,tray1]
16248 move_tray[tray1,kitchen,table2]
16249 serve_sandwich[sandw18,child14,tray1,table2]
16250 move_tray[tray1,table2,kitchen]
16274 __method_precondition_m1_serve_base_base[child15,sandw2]
16312 make_sandwich[sandw2,bread5,content15]
16375 put_on_tray[sandw2,tray1]
16376 move_tray[tray1,kitchen,table2]
16377 serve_sandwich[sandw2,child15,tray1,table2]
16378 move_tray[tray1,table2,kitchen]
root 0
16374 m1_serve_splitted_6[sandw2,kitchen,kitchen,child15,kitchen] -> <_splitting_method_m1_serve_splitted_6;m1_serve_splitted_4[tray1,kitchen,sandw2,child15,kitchen];_splitting_method_m1_serve_splitted_4;1;0,-1,-2,-3> 16375 16376 16377 16378
16311 m1_serve_splitted_2[sandw2] -> _splitting_method_m1_serve_splitted_2 16312
16273 serve[child15] -> m1_serve 16274 16311 16374
16246 m1_serve_splitted_6[sandw18,kitchen,kitchen,child14,kitchen] -> <_splitting_method_m1_serve_splitted_6;m1_serve_splitted_4[tray1,kitchen,sandw18,child14,kitchen];_splitting_method_m1_serve_splitted_4;1;0,-1,-2,-3> 16247 16248 16249 16250
16239 m1_serve_splitted_2[sandw18] -> _splitting_method_m1_serve_splitted_2 16240
16130 serve[child14] -> m1_serve 16131 16239 16246
16124 m1_serve_splitted_6[sandw19,kitchen,kitchen,child13,kitchen] -> <_splitting_method_m1_serve_splitted_6;m1_serve_splitted_4[tray3,kitchen,sandw19,child13,kitchen];_splitting_method_m1_serve_splitted_4;1;0,-1,-2,-3> 16125 16126 16127 16128
16067 m1_serve_splitted_2[sandw19] -> _splitting_method_m1_serve_splitted_2 16068
16002 serve[child13] -> m1_serve 16003 16067 16124
15986 m1_serve_splitted_6[sandw12,kitchen,kitchen,child12,kitchen] -> <_splitting_method_m1_serve_splitted_6;m1_serve_splitted_4[tray2,kitchen,sandw12,child12,kitchen];_splitting_method_m1_serve_splitted_4;1;0,-1,-2,-3> 15987 15988 15989 15990
15895 m1_serve_splitted_2[sandw12] -> _splitting_method_m1_serve_splitted_2 15896
15864 serve[child12] -> m1_serve 15865 15895 15986
15850 m1_serve_splitted_6[sandw9,kitchen,kitchen,child11,kitchen] -> <_splitting_method_m1_serve_splitted_6;m1_serve_splitted_4[tray3,kitchen,sandw9,child11,kitchen];_splitting_method_m1_serve_splitted_4;1;0,-1,-2,-3> 15851 15852 15853 15854
15770 m1_serve_splitted_2[sandw9] -> _splitting_method_m1_serve_splitted_2 15771
15706 serve[child11] -> m1_serve 15707 15770 15850
15699 m0_serve_splitted_5[sandw17,kitchen,kitchen,child10,kitchen] -> <_splitting_method_m0_serve_splitted_5;m0_serve_splitted_3[tray3,kitchen,sandw17,child10,kitchen];_splitting_method_m0_serve_splitted_3;1;0,-1,-2,-3> 15700 15701 15702 15703
15658 m0_serve_splitted_1[sandw17] -> _splitting_method_m0_serve_splitted_1 15659
15644 serve[child10] -> m0_serve 15645 15658 15699
15478 m0_serve_splitted_5[sandw8,kitchen,kitchen,child9,kitchen] -> <_splitting_method_m0_serve_splitted_5;m0_serve_splitted_3[tray3,kitchen,sandw8,child9,kitchen];_splitting_method_m0_serve_splitted_3;1;0,-1,-2,-3> 15479 15480 15481 15482
15458 m0_serve_splitted_1[sandw8] -> _splitting_method_m0_serve_splitted_1 15459
15175 serve[child9] -> m0_serve 15176 15458 15478
15115 m0_serve_splitted_5[sandw15,kitchen,kitchen,child8,kitchen] -> <_splitting_method_m0_serve_splitted_5;m0_serve_splitted_3[tray2,kitchen,sandw15,child8,kitchen];_splitting_method_m0_serve_splitted_3;1;0,-1,-2,-3> 15116 15117 15118 15119
14984 m0_serve_splitted_1[sandw15] -> _splitting_method_m0_serve_splitted_1 14985
14785 serve[child8] -> m0_serve 14786 14984 15115
14237 m0_serve_splitted_5[sandw10,kitchen,kitchen,child7,kitchen] -> <_splitting_method_m0_serve_splitted_5;m0_serve_splitted_3[tray1,kitchen,sandw10,child7,kitchen];_splitting_method_m0_serve_splitted_3;1;0,-1,-2,-3> 14238 14239 14240 14241
14168 m0_serve_splitted_1[sandw10] -> _splitting_method_m0_serve_splitted_1 14169
14125 serve[child7] -> m0_serve 14126 14168 14237
14096 m1_serve_splitted_6[sandw13,kitchen,kitchen,child6,kitchen] -> <_splitting_method_m1_serve_splitted_6;m1_serve_splitted_4[tray2,kitchen,sandw13,child6,kitchen];_splitting_method_m1_serve_splitted_4;1;0,-1,-2,-3> 14097 14098 14099 14100
13997 m1_serve_splitted_2[sandw13] -> _splitting_method_m1_serve_splitted_2 13998
13173 serve[child6] -> m1_serve 13174 13997 14096
12885 m0_serve_splitted_5[sandw20,kitchen,kitchen,child5,kitchen] -> <_splitting_method_m0_serve_splitted_5;m0_serve_splitted_3[tray1,kitchen,sandw20,child5,kitchen];_splitting_method_m0_serve_splitted_3;1;0,-1,-2,-3> 12886 12887 12888 12889
12634 m0_serve_splitted_1[sandw20] -> _splitting_method_m0_serve_splitted_1 12635
11900 serve[child5] -> m0_serve 11901 12634 12885
11874 m1_serve_splitted_6[sandw4,kitchen,kitchen,child4,kitchen] -> <_splitting_method_m1_serve_splitted_6;m1_serve_splitted_4[tray3,kitchen,sandw4,child4,kitchen];_splitting_method_m1_serve_splitted_4;1;0,-1,-2,-3> 11875 11876 11877 11878
10111 m1_serve_splitted_2[sandw4] -> _splitting_method_m1_serve_splitted_2 10112
8836 serve[child4] -> m1_serve 8837 10111 11874
7322 m1_serve_splitted_6[sandw14,kitchen,kitchen,child3,kitchen] -> <_splitting_method_m1_serve_splitted_6;m1_serve_splitted_4[tray3,kitchen,sandw14,child3,kitchen];_splitting_method_m1_serve_splitted_4;1;0,-1,-2,-3> 7323 7324 7325 7326
6600 m1_serve_splitted_2[sandw14] -> _splitting_method_m1_serve_splitted_2 6601
5543 serve[child3] -> m1_serve 5544 6600 7322
2669 m1_serve_splitted_6[sandw7,kitchen,kitchen,child2,kitchen] -> <_splitting_method_m1_serve_splitted_6;m1_serve_splitted_4[tray2,kitchen,sandw7,child2,kitchen];_splitting_method_m1_serve_splitted_4;1;0,-1,-2,-3> 2670 2671 2672 2673
2187 m1_serve_splitted_2[sandw7] -> _splitting_method_m1_serve_splitted_2 2188
1203 serve[child2] -> m1_serve 1204 2187 2669
638 m0_serve_splitted_5[sandw3,kitchen,kitchen,child1,kitchen] -> <_splitting_method_m0_serve_splitted_5;m0_serve_splitted_3[tray1,kitchen,sandw3,child1,kitchen];_splitting_method_m0_serve_splitted_3;1;0,-1,-2,-3> 639 640 641 642
83 m0_serve_splitted_1[sandw3] -> _splitting_method_m0_serve_splitted_1 84
11 serve[child1] -> m0_serve 12 83 638
0 __top[] -> __top_method 11 1203 5543 8836 11900 13173 14125 14785 15175 15644 15706 15864 16002 16130 16273
<==

RUNWATCH_RESULT EXIT RETVAL 0 TIME_SECS 4.24805 MEMPEAK_KBS 3880
