    _           _         _
   \ |         \ |       | |                       
   | |     __  | |      _| |______                
   | |     \/  | |     /_   ______\                
   | |      _  | |   __  | |  ___   ___   ___       
   | |___  | | | |  / .\ | | / , | |   \ / ·_\    
   \_____\ |_| |__\ \__/ |_| \___) |_|_| \___\  
[39mL i l o t a n e  version rls-glucose4
by Dominik Schreiber <dominik.schreiber@kit.edu> 2020-2021
using SAT solver glucose4

0.025 Parser finished.
0.025 Structures extracted.
0.026 23 operators and 15 methods created.
0.100 Mined 9 new reduction preconditions (+36.0%).
0.100 Iteration 0.
0.100 Creating initial layer of size 2
5.016 Attempting to solve formula with 145 clauses (216 literals) and 1 assumptions
5.016 Unsolvable at layer 0 -- expanding.
5.016 Iteration 1.
5.016 New layer size: 72
5.016 Instantiating ...
35.356 Collected 1044 relevant facts at this layer
35.356 Encoding ...
35.467 Attempting to solve formula with 27151 clauses (60823 literals) and 71 assumptions
35.468 Unsolvable at layer 1 -- expanding.
35.468 Iteration 2.
35.468 New layer size: 285
35.468 Instantiating ...
92.238 Collected 2499 relevant facts at this layer
92.239 Encoding ...
93.627 Attempting to solve formula with 1341359 clauses (3940446 literals) and 202 assumptions
93.629 Unsolvable at layer 2 -- expanding.
93.629 Iteration 3.
93.629 New layer size: 772
93.629 Instantiating ...
137.209 Collected 2654 relevant facts at this layer
137.209 Encoding ...
141.546 Attempting to solve formula with 5135020 clauses (15871370 literals) and 317 assumptions
141.651 Unsolvable at layer 3 -- expanding.
141.651 Iteration 4.
141.651 New layer size: 1345
141.651 Instantiating ...
188.633 Collected 2654 relevant facts at this layer
188.633 Encoding ...
196.139 Attempting to solve formula with 10191680 clauses (32697809 literals) and 421 assumptions
196.541 Unsolvable at layer 4 -- expanding.
196.542 Iteration 5.
196.542 New layer size: 2035
196.542 Instantiating ...
248.679 Collected 2654 relevant facts at this layer
248.679 Encoding ...
259.828 Attempting to solve formula with 16737066 clauses (54611446 literals) and 460 assumptions
260.160 Unsolvable at layer 5 -- expanding.
260.160 Iteration 6.
260.160 New layer size: 2725
260.160 Instantiating ...
317.159 Collected 2654 relevant facts at this layer
317.159 Encoding ...
331.404 Attempting to solve formula with 23351291 clauses (76753908 literals) and 460 assumptions
331.862 Unsolvable at layer 6 -- expanding.
331.862 Iteration 7.
331.863 New layer size: 3415
331.863 Instantiating ...
392.706 Collected 2654 relevant facts at this layer
392.706 Encoding ...
409.131 Attempting to solve formula with 29972586 clauses (98910921 literals) and 460 assumptions
426.560 Unsolvable at layer 7 -- expanding.
426.560 Iteration 8.
426.561 New layer size: 4105
426.561 Instantiating ...
469.010 Termination signal caught.
469.010 Total amount of clauses encoded: 29972586
469.010 - directframeaxioms : 15405434 cls
469.010 - indirectframeaxioms : 7116569 cls
469.010 - qfactsemantics : 5900289 cls
469.010 - reductionconstraints : 970451 cls
469.010 - qconstequality : 206635 cls
469.010 - substitutionconstraints : 132714 cls
469.010 - actionconstraints : 114811 cls
469.010 - expansions : 39743 cls
469.010 - atmostoneelement : 39422 cls
469.010 - predecessors : 30423 cls
469.010 - actioneffects : 13439 cls
469.010 - truefacts : 2654 cls
469.010 - axiomaticops : 2 cls
469.010 # instantiated positions: 13030
469.010 # instantiated actions: 33810
469.010 # instantiated reductions: 3168
469.010 # introduced pseudo-constants: 5715
469.010 # retroactive prunings: 0
469.010 # retroactively pruned operations: 0
469.010 # dominated operations: 197
469.010 # total invalid rigid preconditions found in getPFC: 0
469.010 # invalid rigid preconditions found in getPFC: 0
469.010 # invalid rigid preconditions found in getPFC in varrestrictions: 0
469.010 # total invalid fluent preconditions found in getPFC: 211
469.010 # invalid fluent preconditions found in getPFC: 199
469.010 # invalid fluent preconditions found in getPFC in varrestrictions: 1
469.010 # invalid fluent preconditions found in getPFC via postconditions: 11
469.010 # invalid subtasks found in getPFC: 0
469.010 # number effects in operation fact_frames: 1003
469.010 Exiting happily.

RUNWATCH_RESULT MEMOUT RETVAL 0 TIME_SECS 469.892 MEMPEAK_KBS 16012676
