    _           _         _
   \ |         \ |       | |                       
   | |     __  | |      _| |______                
   | |     \/  | |     /_   ______\                
   | |      _  | |   __  | |  ___   ___   ___       
   | |___  | | | |  / .\ | | / , | |   \ / ·_\    
   \_____\ |_| |__\ \__/ |_| \___) |_|_| \___\  
[39mL i l o t a n e  version rls-glucose4
by Dominik Schreiber <dominik.schreiber@kit.edu> 2020-2021
using SAT solver glucose4

1.927 Parser finished.
1.927 Structures extracted.
1.928 25 operators and 25 methods created.
2.108 Mined 5 new reduction preconditions (+10.2%).
2.108 Iteration 0.
2.108 Creating initial layer of size 2
2.184 Attempting to solve formula with 3 clauses (3 literals) and 1 assumptions
2.184 Unsolvable at layer 0 -- expanding.
2.184 Iteration 1.
2.184 New layer size: 2
2.184 Instantiating ...
2.278 Collected 0 relevant facts at this layer
2.278 Encoding ...
2.279 Attempting to solve formula with 8 clauses (12 literals) and 1 assumptions
2.279 Unsolvable at layer 1 -- expanding.
2.279 Iteration 2.
2.279 New layer size: 7
2.279 Instantiating ...
2.451 Collected 0 relevant facts at this layer
2.451 Encoding ...
2.453 Attempting to solve formula with 28 clauses (46 literals) and 6 assumptions
2.453 Unsolvable at layer 2 -- expanding.
2.453 Iteration 3.
2.453 New layer size: 13
2.453 Instantiating ...
2.743 Collected 396 relevant facts at this layer
2.743 Encoding ...
2.755 Attempting to solve formula with 18731 clauses (54164 literals) and 12 assumptions
2.756 Unsolvable at layer 3 -- expanding.
2.756 Iteration 4.
2.756 New layer size: 25
2.756 Instantiating ...
6.871 Collected 406 relevant facts at this layer
6.871 Encoding ...
6.933 Attempting to solve formula with 145632 clauses (422048 literals) and 22 assumptions
6.933 Unsolvable at layer 4 -- expanding.
6.933 Iteration 5.
6.933 New layer size: 44
6.933 Instantiating ...
16.890 Collected 751 relevant facts at this layer
16.890 Encoding ...
17.149 Attempting to solve formula with 702548 clauses (2055091 literals) and 41 assumptions
17.149 Unsolvable at layer 5 -- expanding.
17.149 Iteration 6.
17.149 New layer size: 85
17.149 Instantiating ...
26.779 Retroactively prune reduction (place-block-abstract-3 l-1-1-2 stone stone Q_5,8_location:0_8dc2d42e5c798d50)@(5,8): no children at offset 0
29.466 Retroactively prune reduction (place-block-abstract-3 l-1-2-1 stone stone Q_5,16_location:0_8dc2d42e5c798d50)@(5,16): no children at offset 0
32.184 Retroactively prune reduction (place-block-abstract-3 l-1-1-0 stone stone Q_5,24_location:0_8dc2d42e5c798d50)@(5,24): no children at offset 0
36.122 Retroactively prune action (removeblock l-7-0-0 stone)@(5,36): no children at offset 0
36.216 Retroactively prune reduction (place-block-abstract-3 l-7-0-1 stone stone Q_5,36_location:0_8dc2d42e5c798d50)@(5,36): no children at offset 0
37.804 Retroactively prune reduction (place-block-abstract-3 l-7-1-0 stone stone Q_5,40_location:0_8dc2d42e5c798d50)@(5,40): no children at offset 0
38.823 Collected 761 relevant facts at this layer
38.823 Encoding ...
39.618 Attempting to solve formula with 2146567 clauses (6365100 literals) and 82 assumptions
39.620 Unsolvable at layer 6 -- expanding.
39.620 Iteration 7.
39.620 New layer size: 167
39.620 Instantiating ...
80.420 Collected 771 relevant facts at this layer
80.420 Encoding ...
82.574 Attempting to solve formula with 5500710 clauses (16703332 literals) and 164 assumptions
82.578 Unsolvable at layer 7 -- expanding.
82.578 Iteration 8.
82.578 New layer size: 307
82.578 Instantiating ...
175.823 Collected 780 relevant facts at this layer
175.823 Encoding ...
180.891 Attempting to solve formula with 13180546 clauses (41072233 literals) and 304 assumptions
180.896 Unsolvable at layer 8 -- expanding.
180.896 Iteration 9.
180.897 New layer size: 561
180.897 Instantiating ...
389.574 Collected 788 relevant facts at this layer
389.574 Encoding ...
400.851 Attempting to solve formula with 30076507 clauses (95714744 literals) and 558 assumptions
400.864 Unsolvable at layer 9 -- expanding.
400.864 Iteration 10.
400.864 New layer size: 1039
400.864 Instantiating ...
847.853 Collected 792 relevant facts at this layer
847.853 Encoding ...
874.401 Attempting to solve formula with 65843696 clauses (212806301 literals) and 1036 assumptions
874.420 Unsolvable at layer 10 -- expanding.
874.420 Iteration 11.
874.420 New layer size: 1969
874.421 Instantiating ...
1800.026 Termination signal caught.
1800.026 Total amount of clauses encoded: 65843696
1800.026 - reductionconstraints : 33807363 cls
1800.026 - actionconstraints : 12533854 cls
1800.026 - substitutionconstraints : 10051132 cls
1800.026 - indirectframeaxioms : 2645195 cls
1800.026 - qfactsemantics : 2499417 cls
1800.026 - qconstequality : 2415374 cls
1800.026 - directframeaxioms : 1726108 cls
1800.026 - atmostoneelement : 112889 cls
1800.026 - predecessors : 20846 cls
1800.026 - expansions : 20528 cls
1800.026 - actioneffects : 10188 cls
1800.026 - truefacts : 792 cls
1800.026 - forbiddenoperations : 8 cls
1800.026 - axiomaticops : 2 cls
1800.026 # instantiated positions: 4190
1800.026 # instantiated actions: 24216
1800.026 # instantiated reductions: 15068
1800.026 # introduced pseudo-constants: 10165
1800.026 # retroactive prunings: 6
1800.026 # retroactively pruned operations: 8
1800.026 # dominated operations: 5
1800.026 # total invalid rigid preconditions found in getPFC: 1288
1800.026 # invalid rigid preconditions found in getPFC: 920
1800.026 # invalid rigid preconditions found in getPFC in varrestrictions: 368
1800.026 # total invalid fluent preconditions found in getPFC: 2695
1800.026 # invalid fluent preconditions found in getPFC: 1360
1800.026 # invalid fluent preconditions found in getPFC in varrestrictions: 1327
1800.026 # invalid fluent preconditions found in getPFC via postconditions: 8
1800.026 # invalid subtasks found in getPFC: 0
1800.026 # number effects in operation fact_frames: 175
1800.026 # number of variables restricted: 6413405
1800.026 Exiting happily.

RUNWATCH_RESULT TIMEOUT RETVAL 0 TIME_SECS 1801.03 MEMPEAK_KBS 12826560
