    _           _         _
   \ |         \ |       | |                       
   | |     __  | |      _| |______                
   | |     \/  | |     /_   ______\                
   | |      _  | |   __  | |  ___   ___   ___       
   | |___  | | | |  / .\ | | / , | |   \ / ·_\    
   \_____\ |_| |__\ \__/ |_| \___) |_|_| \___\  
[39mL i l o t a n e  version rls-glucose4
by Dominik Schreiber <dominik.schreiber@kit.edu> 2020-2021
using SAT solver glucose4

0.022 Parser finished.
0.023 Structures extracted.
0.024 72 operators and 56 methods created.
0.060 Mined 27 new reduction preconditions (+39.7%).
0.060 Iteration 0.
0.060 Creating initial layer of size 2
0.093 Attempting to solve formula with 3 clauses (3 literals) and 1 assumptions
0.093 Unsolvable at layer 0 -- expanding.
0.093 Iteration 1.
0.093 New layer size: 40
0.093 Instantiating ...
0.712 Collected 114 relevant facts at this layer
0.712 Encoding ...
0.781 Attempting to solve formula with 9432 clauses (27562 literals) and 39 assumptions
0.781 Unsolvable at layer 1 -- expanding.
0.781 Iteration 2.
0.781 New layer size: 79
0.781 Instantiating ...
2.380 Collected 1065 relevant facts at this layer
2.380 Encoding ...
2.556 Attempting to solve formula with 127321 clauses (346446 literals) and 39 assumptions
2.556 Unsolvable at layer 2 -- expanding.
2.556 Iteration 3.
2.556 New layer size: 118
2.556 Instantiating ...
5.645 Collected 1729 relevant facts at this layer
5.645 Encoding ...
5.915 Attempting to solve formula with 249642 clauses (679811 literals) and 78 assumptions
5.915 Unsolvable at layer 3 -- expanding.
5.915 Iteration 4.
5.915 New layer size: 157
5.915 Instantiating ...
5.921 Retroactively prune reduction (_splitting_method_DO-AT-LOAD-AIRPLANE0_splitted_2 OBJ81 Q_3,0_AIRPLANE:0_bd5921c24238659b POS8)@(3,0): no children at offset 0
5.976 Retroactively prune reduction (M15-ACHIEVE-AT0 Q_3,1_AIRPLANE:0_bd5921c24238659b OBJ81 APT13)@(3,1): no children at offset 0
10.075 Collected 1754 relevant facts at this layer
10.075 Encoding ...
10.447 Attempting to solve formula with 405890 clauses (1092130 literals) and 117 assumptions
10.447 Unsolvable at layer 4 -- expanding.
10.447 Iteration 5.
10.447 New layer size: 274
10.447 Instantiating ...
15.791 Collected 4030 relevant facts at this layer
15.791 Encoding ...
17.332 Attempting to solve formula with 1397966 clauses (4322112 literals) and 156 assumptions
17.332 Unsolvable at layer 5 -- expanding.
17.332 Iteration 6.
17.332 New layer size: 430
17.332 Instantiating ...
24.112 Collected 4030 relevant facts at this layer
24.112 Encoding ...
26.819 Attempting to solve formula with 3145621 clauses (10184257 literals) and 195 assumptions
26.821 Unsolvable at layer 6 -- expanding.
26.821 Iteration 7.
26.821 New layer size: 625
26.821 Instantiating ...
35.319 Collected 4030 relevant facts at this layer
35.319 Encoding ...
39.453 Attempting to solve formula with 5506150 clauses (18224478 literals) and 234 assumptions
44.124 Unsolvable at layer 7 -- expanding.
44.124 Iteration 8.
44.124 New layer size: 859
44.124 Instantiating ...
54.713 Collected 4030 relevant facts at this layer
54.713 Encoding ...
60.180 Attempting to solve formula with 8451768 clauses (28413297 literals) and 273 assumptions
60.285 Unsolvable at layer 8 -- expanding.
60.286 Iteration 9.
60.286 New layer size: 1132
60.286 Instantiating ...
72.755 Collected 4030 relevant facts at this layer
72.755 Encoding ...
79.993 Attempting to solve formula with 11921583 clauses (40447037 literals) and 312 assumptions
80.326 Unsolvable at layer 9 -- expanding.
80.326 Iteration 10.
80.327 New layer size: 1444
80.327 Instantiating ...
95.031 Collected 4030 relevant facts at this layer
95.031 Encoding ...
104.201 Attempting to solve formula with 15914299 clauses (54318351 literals) and 351 assumptions
c
c Try to adapt solver strategies
c 
c Adjusting for low successive conflicts.
c
320.466 Unsolvable at layer 10 -- expanding.
320.466 Iteration 11.
320.468 New layer size: 1795
320.468 Instantiating ...
338.222 Collected 4030 relevant facts at this layer
338.222 Encoding ...
349.782 Attempting to solve formula with 20429864 clauses (70025554 literals) and 390 assumptions
355.973 Unsolvable at layer 11 -- expanding.
355.973 Iteration 12.
355.973 New layer size: 2185
355.973 Instantiating ...
375.996 Collected 4030 relevant facts at this layer
375.996 Encoding ...
390.036 Attempting to solve formula with 25469134 clauses (87570334 literals) and 429 assumptions
1802.332 Termination signal caught.
1802.332 Total amount of clauses encoded: 25469134
1802.332 - directframeaxioms : 10457592 cls
1802.332 - qfactsemantics : 6165299 cls
1802.332 - indirectframeaxioms : 5999961 cls
1802.332 - reductionconstraints : 2148699 cls
1802.332 - atmostoneelement : 225998 cls
1802.332 - actionconstraints : 135658 cls
1802.332 - qconstequality : 95394 cls
1802.332 - substitutionconstraints : 92956 cls
1802.332 - expansions : 62955 cls
1802.332 - predecessors : 60736 cls
1802.332 - actioneffects : 13676 cls
1802.332 - qtypeconstraints : 6175 cls
1802.332 - truefacts : 4030 cls
1802.332 - forbiddenoperations : 3 cls
1802.332 - axiomaticops : 2 cls
1802.332 # instantiated positions: 9139
1802.332 # instantiated actions: 47087
1802.332 # instantiated reductions: 13650
1802.332 # introduced pseudo-constants: 7498
1802.332 # retroactive prunings: 4
1802.332 # retroactively pruned operations: 5
1802.332 # dominated operations: 0
1802.332 # total invalid rigid preconditions found in getPFC: 0
1802.332 # invalid rigid preconditions found in getPFC: 0
1802.332 # invalid rigid preconditions found in getPFC in varrestrictions: 0
1802.332 # total invalid fluent preconditions found in getPFC: 120
1802.332 # invalid fluent preconditions found in getPFC: 40
1802.332 # invalid fluent preconditions found in getPFC in varrestrictions: 80
1802.332 # invalid fluent preconditions found in getPFC via postconditions: 0
1802.332 # invalid subtasks found in getPFC: 0
1802.332 # number effects in operation fact_frames: 712
1802.332 Exiting happily.

RUNWATCH_RESULT TIMEOUT RETVAL 0 TIME_SECS 1803.26 MEMPEAK_KBS 11945624
