    _           _         _
   \ |         \ |       | |                       
   | |     __  | |      _| |______                
   | |     \/  | |     /_   ______\                
   | |      _  | |   __  | |  ___   ___   ___       
   | |___  | | | |  / .\ | | / , | |   \ / ·_\    
   \_____\ |_| |__\ \__/ |_| \___) |_|_| \___\  
[39mL i l o t a n e  version rls-glucose4
by Dominik Schreiber <dominik.schreiber@kit.edu> 2020-2021
using SAT solver glucose4

0.007 Parser finished.
0.007 Structures extracted.
0.008 54 operators and 26 methods created.
0.012 Mined 7 new reduction preconditions (+18.9%).
0.012 Iteration 0.
0.012 Creating initial layer of size 2
0.013 Attempting to solve formula with 3 clauses (3 literals) and 1 assumptions
0.013 Unsolvable at layer 0 -- expanding.
0.013 Iteration 1.
0.013 New layer size: 12
0.013 Instantiating ...
0.016 Collected 0 relevant facts at this layer
0.016 Encoding ...
0.017 Attempting to solve formula with 38 clauses (62 literals) and 11 assumptions
0.017 Unsolvable at layer 1 -- expanding.
0.017 Iteration 2.
0.017 New layer size: 23
0.017 Instantiating ...
0.020 Collected 11 relevant facts at this layer
0.020 Encoding ...
0.020 Attempting to solve formula with 139 clauses (253 literals) and 11 assumptions
0.020 Unsolvable at layer 2 -- expanding.
0.020 Iteration 3.
0.020 New layer size: 34
0.020 Instantiating ...
0.024 Collected 22 relevant facts at this layer
0.024 Encoding ...
0.025 Attempting to solve formula with 251 clauses (455 literals) and 11 assumptions
0.025 Unsolvable at layer 3 -- expanding.
0.025 Iteration 4.
0.025 New layer size: 89
0.025 Instantiating ...
0.031 Collected 71 relevant facts at this layer
0.031 Encoding ...
0.035 Attempting to solve formula with 1116 clauses (2455 literals) and 22 assumptions
0.035 Unsolvable at layer 4 -- expanding.
0.035 Iteration 5.
0.035 New layer size: 111
0.035 Instantiating ...
0.036 Retroactively prune action (__SURROGATE*M9-ACHIEVE-LIFT-AT*i-FLAG-LIFT-AT* F14)@(4,1): no children at offset 0
0.037 Retroactively prune action (__SURROGATE*IFUNLOCK4-LIFT-AT*i-UNFLAG-LIFT-AT* F14)@(4,2): no children at offset 0
0.037 Retroactively prune action (__SURROGATE*M9-ACHIEVE-LIFT-AT*i-FLAG-LIFT-AT* F17)@(4,9): no children at offset 0
0.038 Retroactively prune action (__SURROGATE*IFUNLOCK4-LIFT-AT*i-UNFLAG-LIFT-AT* F17)@(4,10): no children at offset 0
0.038 Retroactively prune action (__SURROGATE*M9-ACHIEVE-LIFT-AT*i-FLAG-LIFT-AT* F1)@(4,17): no children at offset 0
0.039 Retroactively prune action (__SURROGATE*IFUNLOCK4-LIFT-AT*i-UNFLAG-LIFT-AT* F1)@(4,18): no children at offset 0
0.040 Retroactively prune action (__SURROGATE*M9-ACHIEVE-LIFT-AT*i-FLAG-LIFT-AT* F10)@(4,25): no children at offset 0
0.041 Retroactively prune action (__SURROGATE*IFUNLOCK4-LIFT-AT*i-UNFLAG-LIFT-AT* F10)@(4,26): no children at offset 0
0.041 Retroactively prune action (__SURROGATE*M9-ACHIEVE-LIFT-AT*i-FLAG-LIFT-AT* F10)@(4,33): no children at offset 0
0.042 Retroactively prune action (__SURROGATE*IFUNLOCK4-LIFT-AT*i-UNFLAG-LIFT-AT* F10)@(4,34): no children at offset 0
0.042 Retroactively prune action (__SURROGATE*M9-ACHIEVE-LIFT-AT*i-FLAG-LIFT-AT* F1)@(4,41): no children at offset 0
0.043 Retroactively prune action (__SURROGATE*IFUNLOCK4-LIFT-AT*i-UNFLAG-LIFT-AT* F1)@(4,42): no children at offset 0
0.045 Retroactively prune action (__SURROGATE*M9-ACHIEVE-LIFT-AT*i-FLAG-LIFT-AT* F20)@(4,57): no children at offset 0
0.046 Retroactively prune action (__SURROGATE*IFUNLOCK4-LIFT-AT*i-UNFLAG-LIFT-AT* F20)@(4,58): no children at offset 0
0.046 Retroactively prune action (__SURROGATE*M9-ACHIEVE-LIFT-AT*i-FLAG-LIFT-AT* F8)@(4,65): no children at offset 0
0.047 Retroactively prune action (__SURROGATE*IFUNLOCK4-LIFT-AT*i-UNFLAG-LIFT-AT* F8)@(4,66): no children at offset 0
0.048 Retroactively prune action (__SURROGATE*M9-ACHIEVE-LIFT-AT*i-FLAG-LIFT-AT* F0)@(4,73): no children at offset 0
0.049 Retroactively prune action (__SURROGATE*IFUNLOCK4-LIFT-AT*i-UNFLAG-LIFT-AT* F0)@(4,74): no children at offset 0
0.050 Collected 91 relevant facts at this layer
0.050 Encoding ...
0.061 Attempting to solve formula with 16762 clauses (40679 literals) and 22 assumptions
0.061 Unsolvable at layer 5 -- expanding.
0.061 Iteration 6.
0.061 New layer size: 133
0.061 Instantiating ...
0.085 Collected 91 relevant facts at this layer
0.085 Encoding ...
0.103 Attempting to solve formula with 39064 clauses (102478 literals) and 22 assumptions
0.103 Unsolvable at layer 6 -- expanding.
0.103 Iteration 7.
0.103 New layer size: 177
0.103 Instantiating ...
0.119 Retroactively prune action (__REPEATED___SURROGATE*M9-ACHIEVE-LIFT-AT*i-FLAG-LIFT-AT* F7)@(6,75): no children at offset 0
0.122 Retroactively prune action (__REPEATED___SURROGATE*IFUNLOCK4-LIFT-AT*i-UNFLAG-LIFT-AT* F7)@(6,78): no children at offset 0
0.131 Retroactively prune action (__REPEATED___SURROGATE*M9-ACHIEVE-LIFT-AT*i-FLAG-LIFT-AT* F12)@(6,123): no children at offset 0
0.134 Retroactively prune action (__REPEATED___SURROGATE*IFUNLOCK4-LIFT-AT*i-UNFLAG-LIFT-AT* F12)@(6,126): no children at offset 0
0.134 Collected 91 relevant facts at this layer
0.134 Encoding ...
0.156 Attempting to solve formula with 61188 clauses (164407 literals) and 22 assumptions
0.156 Unsolvable at layer 7 -- expanding.
0.156 Iteration 8.
0.156 New layer size: 199
0.156 Instantiating ...
0.200 Collected 91 relevant facts at this layer
0.200 Encoding ...
0.232 Attempting to solve formula with 98802 clauses (263544 literals) and 22 assumptions
0.232 Unsolvable at layer 8 -- expanding.
0.232 Iteration 9.
0.232 New layer size: 221
0.232 Instantiating ...
0.233 Retroactively prune action (DOWN Q_8,0_FLOOR:0_de77e922348a5e3f Q_8,0_FLOOR:1_b4d0b363eef9c46a) due to impossible effect !(LIFT-AT Q_8,0_FLOOR:0_de77e922348a5e3f)
0.292 Collected 91 relevant facts at this layer
0.292 Encoding ...
0.329 Attempting to solve formula with 141426 clauses (382592 literals) and 22 assumptions
c last restart ## conflicts  :  218 3503 
0.439 Found a solution at layer 9.
==>
8438 UP F0 F4
8534 i-LOCK-LIFT-AT F4
8536 i-UNLOCK-LIFT-AT F4
8538 BOARD F4 P10
8544 i-LOCK-BOARDED P10
8549 UP F4 F16
8553 UP F16 F21
8557 DOWN F21 F18
8560 DOWN F18 F14
8663 i-LOCK-LIFT-AT F14
8665 i-UNLOCK-LIFT-AT F14
8667 i-UNLOCK-BOARDED P10
8669 DEPART F14 P10
8675 i-LOCK-SERVED P10
8677 UP F14 F16
8782 i-LOCK-LIFT-AT F16
8784 i-UNLOCK-LIFT-AT F16
8786 BOARD F16 P9
8792 i-LOCK-BOARDED P9
8797 DOWN F16 F12
8800 DOWN F12 F6
8805 DOWN F6 F1
8810 UP F1 F17
8911 i-LOCK-LIFT-AT F17
8913 i-UNLOCK-LIFT-AT F17
8915 i-UNLOCK-BOARDED P9
8917 DEPART F17 P9
8923 i-LOCK-SERVED P9
8926 DOWN F17 F9
9030 i-LOCK-LIFT-AT F9
9032 i-UNLOCK-LIFT-AT F9
9034 BOARD F9 P8
9040 i-LOCK-BOARDED P8
9044 DOWN F9 F3
9049 UP F3 F5
9053 DOWN F5 F1
9159 i-LOCK-LIFT-AT F1
9161 i-UNLOCK-LIFT-AT F1
9163 i-UNLOCK-BOARDED P8
9165 DEPART F1 P8
9171 i-LOCK-SERVED P8
9173 UP F1 F18
9278 i-LOCK-LIFT-AT F18
9280 i-UNLOCK-LIFT-AT F18
9282 BOARD F18 P7
9288 i-LOCK-BOARDED P7
9291 DOWN F18 F12
9297 DOWN F12 F1
9301 UP F1 F20
9304 DOWN F20 F10
9407 i-LOCK-LIFT-AT F10
9409 i-UNLOCK-LIFT-AT F10
9411 i-UNLOCK-BOARDED P7
9413 DEPART F10 P7
9419 i-LOCK-SERVED P7
9422 DOWN F10 F7
9526 i-LOCK-LIFT-AT F7
9528 i-UNLOCK-LIFT-AT F7
9530 BOARD F7 P6
9536 i-LOCK-BOARDED P6
9541 UP F7 F12
9545 DOWN F12 F6
9549 UP F6 F17
9552 DOWN F17 F10
9655 i-LOCK-LIFT-AT F10
9657 i-UNLOCK-LIFT-AT F10
9659 i-UNLOCK-BOARDED P6
9661 DEPART F10 P6
9667 i-LOCK-SERVED P6
9670 UP F10 F16
9774 i-LOCK-LIFT-AT F16
9776 i-UNLOCK-LIFT-AT F16
9778 BOARD F16 P5
9784 i-LOCK-BOARDED P5
9787 UP F16 F20
9793 DOWN F20 F8
9797 DOWN F8 F5
9800 DOWN F5 F1
9903 i-LOCK-LIFT-AT F1
9905 i-UNLOCK-LIFT-AT F1
9907 i-UNLOCK-BOARDED P5
9909 DEPART F1 P5
9915 i-LOCK-SERVED P5
9919 UP F1 F3
10022 i-LOCK-LIFT-AT F3
10024 i-UNLOCK-LIFT-AT F3
10026 BOARD F3 P4
10032 i-LOCK-BOARDED P4
10036 DOWN F3 F2
10041 UP F2 F4
10045 UP F4 F17
10049 DOWN F17 F7
10151 i-LOCK-LIFT-AT F7
10153 i-UNLOCK-LIFT-AT F7
10155 i-UNLOCK-BOARDED P4
10157 DEPART F7 P4
10163 i-LOCK-SERVED P4
10165 UP F7 F12
10270 i-LOCK-LIFT-AT F12
10272 i-UNLOCK-LIFT-AT F12
10274 BOARD F12 P3
10280 i-LOCK-BOARDED P3
10285 UP F12 F17
10288 DOWN F17 F8
10292 UP F8 F20
10399 i-LOCK-LIFT-AT F20
10401 i-UNLOCK-LIFT-AT F20
10403 i-UNLOCK-BOARDED P3
10405 DEPART F20 P3
10411 i-LOCK-SERVED P3
10415 UP F20 F21
10518 i-LOCK-LIFT-AT F21
10520 i-UNLOCK-LIFT-AT F21
10522 BOARD F21 P2
10528 i-LOCK-BOARDED P2
10533 DOWN F21 F8
10647 i-LOCK-LIFT-AT F8
10649 i-UNLOCK-LIFT-AT F8
10651 i-UNLOCK-BOARDED P2
10653 DEPART F8 P2
10659 i-LOCK-SERVED P2
10663 DOWN F8 F2
10766 i-LOCK-LIFT-AT F2
10768 i-UNLOCK-LIFT-AT F2
10770 BOARD F2 P1
10776 i-LOCK-BOARDED P1
10780 DOWN F2 F1
10784 DOWN F1 F0
10895 i-LOCK-LIFT-AT F0
10897 i-UNLOCK-LIFT-AT F0
10899 i-UNLOCK-BOARDED P1
10901 DEPART F0 P1
10907 i-LOCK-SERVED P1
10911 UP F0 F21
11014 i-LOCK-LIFT-AT F21
11016 i-UNLOCK-LIFT-AT F21
11018 BOARD F21 P0
11024 i-LOCK-BOARDED P0
11029 DOWN F21 F12
11143 i-LOCK-LIFT-AT F12
11145 i-UNLOCK-LIFT-AT F12
11147 i-UNLOCK-BOARDED P0
11149 DEPART F12 P0
11155 i-LOCK-SERVED P0
root 5 7 9 11 13 15 17 19 21 23 25
5 ACHIEVE-SERVED P10 -> M22-ACHIEVE-SERVED 29 8675
7 ACHIEVE-SERVED P9 -> M22-ACHIEVE-SERVED 44 8923
9 ACHIEVE-SERVED P8 -> M22-ACHIEVE-SERVED 49 9171
11 ACHIEVE-SERVED P7 -> M22-ACHIEVE-SERVED 54 9419
13 ACHIEVE-SERVED P6 -> M22-ACHIEVE-SERVED 59 9667
15 ACHIEVE-SERVED P5 -> M22-ACHIEVE-SERVED 64 9915
17 ACHIEVE-SERVED P4 -> M22-ACHIEVE-SERVED 69 10163
19 ACHIEVE-SERVED P3 -> M22-ACHIEVE-SERVED 74 10411
21 ACHIEVE-SERVED P2 -> M22-ACHIEVE-SERVED 79 10659
23 ACHIEVE-SERVED P1 -> M22-ACHIEVE-SERVED 84 10907
25 ACHIEVE-SERVED P0 -> M22-ACHIEVE-SERVED 89 11155
29 ACHIEVE-SERVED2 P10 -> M24-ACHIEVE-SERVED2 97 110
44 ACHIEVE-SERVED2 P9 -> M24-ACHIEVE-SERVED2 115 117
49 ACHIEVE-SERVED2 P8 -> M24-ACHIEVE-SERVED2 122 124
54 ACHIEVE-SERVED2 P7 -> M24-ACHIEVE-SERVED2 129 131
59 ACHIEVE-SERVED2 P6 -> M24-ACHIEVE-SERVED2 136 138
64 ACHIEVE-SERVED2 P5 -> M24-ACHIEVE-SERVED2 143 145
69 ACHIEVE-SERVED2 P4 -> M24-ACHIEVE-SERVED2 150 152
74 ACHIEVE-SERVED2 P3 -> M24-ACHIEVE-SERVED2 157 159
79 ACHIEVE-SERVED2 P2 -> M24-ACHIEVE-SERVED2 164 166
84 ACHIEVE-SERVED2 P1 -> M24-ACHIEVE-SERVED2 171 173
89 ACHIEVE-SERVED2 P0 -> M24-ACHIEVE-SERVED2 178 180
97 DO-SERVED-DEPART2 F14 P10 -> M8-DO-SERVED-DEPART2 187 240 8664 8666 8669
110 ACHIEVE-SERVED2 P10 -> M23-ACHIEVE-SERVED2
115 DO-SERVED-DEPART2 F17 P9 -> M8-DO-SERVED-DEPART2 299 303 8912 8914 8917
117 ACHIEVE-SERVED2 P9 -> M23-ACHIEVE-SERVED2
122 DO-SERVED-DEPART2 F1 P8 -> M8-DO-SERVED-DEPART2 362 366 9160 9162 9165
124 ACHIEVE-SERVED2 P8 -> M23-ACHIEVE-SERVED2
129 DO-SERVED-DEPART2 F10 P7 -> M8-DO-SERVED-DEPART2 425 429 9408 9410 9413
131 ACHIEVE-SERVED2 P7 -> M23-ACHIEVE-SERVED2
136 DO-SERVED-DEPART2 F10 P6 -> M8-DO-SERVED-DEPART2 488 492 9656 9658 9661
138 ACHIEVE-SERVED2 P6 -> M23-ACHIEVE-SERVED2
143 DO-SERVED-DEPART2 F1 P5 -> M8-DO-SERVED-DEPART2 551 555 9904 9906 9909
145 ACHIEVE-SERVED2 P5 -> M23-ACHIEVE-SERVED2
150 DO-SERVED-DEPART2 F7 P4 -> M8-DO-SERVED-DEPART2 614 618 10152 10154 10157
152 ACHIEVE-SERVED2 P4 -> M23-ACHIEVE-SERVED2
157 DO-SERVED-DEPART2 F20 P3 -> M8-DO-SERVED-DEPART2 677 681 10400 10402 10405
159 ACHIEVE-SERVED2 P3 -> M23-ACHIEVE-SERVED2
164 DO-SERVED-DEPART2 F8 P2 -> M8-DO-SERVED-DEPART2 740 744 10648 10650 10653
166 ACHIEVE-SERVED2 P2 -> M23-ACHIEVE-SERVED2
171 DO-SERVED-DEPART2 F0 P1 -> M8-DO-SERVED-DEPART2 803 807 10896 10898 10901
173 ACHIEVE-SERVED2 P1 -> M23-ACHIEVE-SERVED2
178 DO-SERVED-DEPART2 F12 P0 -> M8-DO-SERVED-DEPART2 866 870 11144 11146 11149
180 ACHIEVE-SERVED2 P0 -> M23-ACHIEVE-SERVED2
187 ACHIEVE-BOARDED P10 -> M17-ACHIEVE-BOARDED 931 8544
240 ACHIEVE-LIFT-AT F14 -> M11-ACHIEVE-LIFT-AT 980 8663
299 ACHIEVE-BOARDED P9 -> M17-ACHIEVE-BOARDED 1088 8792
303 ACHIEVE-LIFT-AT F17 -> M11-ACHIEVE-LIFT-AT 1119 8911
362 ACHIEVE-BOARDED P8 -> M17-ACHIEVE-BOARDED 1225 9040
366 ACHIEVE-LIFT-AT F1 -> M11-ACHIEVE-LIFT-AT 1254 9159
425 ACHIEVE-BOARDED P7 -> M17-ACHIEVE-BOARDED 1362 9288
429 ACHIEVE-LIFT-AT F10 -> M11-ACHIEVE-LIFT-AT 1391 9407
488 ACHIEVE-BOARDED P6 -> M17-ACHIEVE-BOARDED 1499 9536
492 ACHIEVE-LIFT-AT F10 -> M11-ACHIEVE-LIFT-AT 1531 9655
551 ACHIEVE-BOARDED P5 -> M17-ACHIEVE-BOARDED 1637 9784
555 ACHIEVE-LIFT-AT F1 -> M11-ACHIEVE-LIFT-AT 1668 9903
614 ACHIEVE-BOARDED P4 -> M17-ACHIEVE-BOARDED 1774 10032
618 ACHIEVE-LIFT-AT F7 -> M11-ACHIEVE-LIFT-AT 1804 10151
677 ACHIEVE-BOARDED P3 -> M17-ACHIEVE-BOARDED 1914 10280
681 ACHIEVE-LIFT-AT F20 -> M11-ACHIEVE-LIFT-AT 1945 10399
740 ACHIEVE-BOARDED P2 -> M17-ACHIEVE-BOARDED 2052 10528
744 ACHIEVE-LIFT-AT F8 -> M11-ACHIEVE-LIFT-AT 2083 10647
803 ACHIEVE-BOARDED P1 -> M17-ACHIEVE-BOARDED 2189 10776
807 ACHIEVE-LIFT-AT F0 -> M11-ACHIEVE-LIFT-AT 2219 10895
866 ACHIEVE-BOARDED P0 -> M17-ACHIEVE-BOARDED 2326 11024
870 ACHIEVE-LIFT-AT F12 -> M11-ACHIEVE-LIFT-AT 2357 11143
931 ACHIEVE-BOARDED1 P10 -> M19-ACHIEVE-BOARDED1 2468 2470
980 ACHIEVE-LIFT-AT0 F14 -> M13-ACHIEVE-LIFT-AT0 8549 2504
1088 ACHIEVE-BOARDED1 P9 -> M19-ACHIEVE-BOARDED1 2617 2619
1119 ACHIEVE-LIFT-AT0 F17 -> M14-ACHIEVE-LIFT-AT0 8797 2653
1225 ACHIEVE-BOARDED1 P8 -> M19-ACHIEVE-BOARDED1 2766 2768
1254 ACHIEVE-LIFT-AT0 F1 -> M14-ACHIEVE-LIFT-AT0 9044 2802
1362 ACHIEVE-BOARDED1 P7 -> M19-ACHIEVE-BOARDED1 2915 2917
1391 ACHIEVE-LIFT-AT0 F10 -> M14-ACHIEVE-LIFT-AT0 9291 2952
1499 ACHIEVE-BOARDED1 P6 -> M19-ACHIEVE-BOARDED1 3064 3066
1531 ACHIEVE-LIFT-AT0 F10 -> M13-ACHIEVE-LIFT-AT0 9541 3103
1637 ACHIEVE-BOARDED1 P5 -> M19-ACHIEVE-BOARDED1 3214 3216
1668 ACHIEVE-LIFT-AT0 F1 -> M13-ACHIEVE-LIFT-AT0 9787 3252
1774 ACHIEVE-BOARDED1 P4 -> M19-ACHIEVE-BOARDED1 3363 3365
1804 ACHIEVE-LIFT-AT0 F7 -> M14-ACHIEVE-LIFT-AT0 10036 3402
1914 ACHIEVE-BOARDED1 P3 -> M19-ACHIEVE-BOARDED1 3515 3517
1945 ACHIEVE-LIFT-AT0 F20 -> M13-ACHIEVE-LIFT-AT0 10285 3552
2052 ACHIEVE-BOARDED1 P2 -> M19-ACHIEVE-BOARDED1 3665 3667
2083 ACHIEVE-LIFT-AT0 F8 -> M14-ACHIEVE-LIFT-AT0 10533 3702
2189 ACHIEVE-BOARDED1 P1 -> M19-ACHIEVE-BOARDED1 3814 3816
2219 ACHIEVE-LIFT-AT0 F0 -> M14-ACHIEVE-LIFT-AT0 10780 3852
2326 ACHIEVE-BOARDED1 P0 -> M19-ACHIEVE-BOARDED1 3963 3965
2357 ACHIEVE-LIFT-AT0 F12 -> M14-ACHIEVE-LIFT-AT0 11029 4000
2468 DO-BOARDED-BOARD1 F4 P10 -> M7-DO-BOARDED-BOARD1 4117 8535 8538
2470 ACHIEVE-BOARDED1 P10 -> M18-ACHIEVE-BOARDED1
2504 ACHIEVE-LIFT-AT0 F14 -> M13-ACHIEVE-LIFT-AT0 8553 4165
2617 DO-BOARDED-BOARD1 F16 P9 -> M7-DO-BOARDED-BOARD1 4277 8783 8786
2619 ACHIEVE-BOARDED1 P9 -> M18-ACHIEVE-BOARDED1
2653 ACHIEVE-LIFT-AT0 F17 -> M14-ACHIEVE-LIFT-AT0 8800 4326
2766 DO-BOARDED-BOARD1 F9 P8 -> M7-DO-BOARDED-BOARD1 4437 9031 9034
2768 ACHIEVE-BOARDED1 P8 -> M18-ACHIEVE-BOARDED1
2802 ACHIEVE-LIFT-AT0 F1 -> M13-ACHIEVE-LIFT-AT0 9049 4484
2915 DO-BOARDED-BOARD1 F18 P7 -> M7-DO-BOARDED-BOARD1 4597 9279 9282
2917 ACHIEVE-BOARDED1 P7 -> M18-ACHIEVE-BOARDED1
2952 ACHIEVE-LIFT-AT0 F10 -> M14-ACHIEVE-LIFT-AT0 9297 4646
3064 DO-BOARDED-BOARD1 F7 P6 -> M7-DO-BOARDED-BOARD1 4757 9527 9530
3066 ACHIEVE-BOARDED1 P6 -> M18-ACHIEVE-BOARDED1
3103 ACHIEVE-LIFT-AT0 F10 -> M14-ACHIEVE-LIFT-AT0 9545 4806
3214 DO-BOARDED-BOARD1 F16 P5 -> M7-DO-BOARDED-BOARD1 4917 9775 9778
3216 ACHIEVE-BOARDED1 P5 -> M18-ACHIEVE-BOARDED1
3252 ACHIEVE-LIFT-AT0 F1 -> M14-ACHIEVE-LIFT-AT0 9793 4966
3363 DO-BOARDED-BOARD1 F3 P4 -> M7-DO-BOARDED-BOARD1 5077 10023 10026
3365 ACHIEVE-BOARDED1 P4 -> M18-ACHIEVE-BOARDED1
3402 ACHIEVE-LIFT-AT0 F7 -> M13-ACHIEVE-LIFT-AT0 10041 5126
3515 DO-BOARDED-BOARD1 F12 P3 -> M7-DO-BOARDED-BOARD1 5237 10271 10274
3517 ACHIEVE-BOARDED1 P3 -> M18-ACHIEVE-BOARDED1
3552 ACHIEVE-LIFT-AT0 F20 -> M14-ACHIEVE-LIFT-AT0 10288 5284
3665 DO-BOARDED-BOARD1 F21 P2 -> M7-DO-BOARDED-BOARD1 5397 10519 10522
3667 ACHIEVE-BOARDED1 P2 -> M18-ACHIEVE-BOARDED1
3702 ACHIEVE-LIFT-AT0 F8 -> M12-ACHIEVE-LIFT-AT0
3814 DO-BOARDED-BOARD1 F2 P1 -> M7-DO-BOARDED-BOARD1 5557 10767 10770
3816 ACHIEVE-BOARDED1 P1 -> M18-ACHIEVE-BOARDED1
3852 ACHIEVE-LIFT-AT0 F0 -> M14-ACHIEVE-LIFT-AT0 10784 5604
3963 DO-BOARDED-BOARD1 F21 P0 -> M7-DO-BOARDED-BOARD1 5717 11015 11018
3965 ACHIEVE-BOARDED1 P0 -> M18-ACHIEVE-BOARDED1
4000 ACHIEVE-LIFT-AT0 F12 -> M12-ACHIEVE-LIFT-AT0
4117 ACHIEVE-LIFT-AT F4 -> M11-ACHIEVE-LIFT-AT 5879 8534
4165 ACHIEVE-LIFT-AT0 F14 -> M14-ACHIEVE-LIFT-AT0 8557 5995
4277 ACHIEVE-LIFT-AT F16 -> M11-ACHIEVE-LIFT-AT 6109 8782
4326 ACHIEVE-LIFT-AT0 F17 -> M14-ACHIEVE-LIFT-AT0 8805 6229
4437 ACHIEVE-LIFT-AT F9 -> M11-ACHIEVE-LIFT-AT 6342 9030
4484 ACHIEVE-LIFT-AT0 F1 -> M14-ACHIEVE-LIFT-AT0 9053 6462
4597 ACHIEVE-LIFT-AT F18 -> M11-ACHIEVE-LIFT-AT 6573 9278
4646 ACHIEVE-LIFT-AT0 F10 -> M13-ACHIEVE-LIFT-AT0 9301 6695
4757 ACHIEVE-LIFT-AT F7 -> M11-ACHIEVE-LIFT-AT 6807 9526
4806 ACHIEVE-LIFT-AT0 F10 -> M13-ACHIEVE-LIFT-AT0 9549 6928
4917 ACHIEVE-LIFT-AT F16 -> M11-ACHIEVE-LIFT-AT 7039 9774
4966 ACHIEVE-LIFT-AT0 F1 -> M14-ACHIEVE-LIFT-AT0 9797 7160
5077 ACHIEVE-LIFT-AT F3 -> M11-ACHIEVE-LIFT-AT 7273 10022
5126 ACHIEVE-LIFT-AT0 F7 -> M13-ACHIEVE-LIFT-AT0 10045 7392
5237 ACHIEVE-LIFT-AT F12 -> M11-ACHIEVE-LIFT-AT 7507 10270
5284 ACHIEVE-LIFT-AT0 F20 -> M13-ACHIEVE-LIFT-AT0 10292 7627
5397 ACHIEVE-LIFT-AT F21 -> M11-ACHIEVE-LIFT-AT 7739 10518
5557 ACHIEVE-LIFT-AT F2 -> M11-ACHIEVE-LIFT-AT 7973 10766
5604 ACHIEVE-LIFT-AT0 F0 -> M12-ACHIEVE-LIFT-AT0
5717 ACHIEVE-LIFT-AT F21 -> M11-ACHIEVE-LIFT-AT 8206 11014
5879 ACHIEVE-LIFT-AT0 F4 -> M13-ACHIEVE-LIFT-AT0 8438 8440
5995 ACHIEVE-LIFT-AT0 F14 -> M14-ACHIEVE-LIFT-AT0 8560 8565
6109 ACHIEVE-LIFT-AT0 F16 -> M13-ACHIEVE-LIFT-AT0 8677 8684
6229 ACHIEVE-LIFT-AT0 F17 -> M13-ACHIEVE-LIFT-AT0 8810 8813
6342 ACHIEVE-LIFT-AT0 F9 -> M14-ACHIEVE-LIFT-AT0 8926 8931
6462 ACHIEVE-LIFT-AT0 F1 -> M12-ACHIEVE-LIFT-AT0
6573 ACHIEVE-LIFT-AT0 F18 -> M13-ACHIEVE-LIFT-AT0 9173 9181
6695 ACHIEVE-LIFT-AT0 F10 -> M14-ACHIEVE-LIFT-AT0 9304 9310
6807 ACHIEVE-LIFT-AT0 F7 -> M14-ACHIEVE-LIFT-AT0 9422 9429
6928 ACHIEVE-LIFT-AT0 F10 -> M14-ACHIEVE-LIFT-AT0 9552 9557
7039 ACHIEVE-LIFT-AT0 F16 -> M13-ACHIEVE-LIFT-AT0 9670 9676
7160 ACHIEVE-LIFT-AT0 F1 -> M14-ACHIEVE-LIFT-AT0 9800 9807
7273 ACHIEVE-LIFT-AT0 F3 -> M13-ACHIEVE-LIFT-AT0 9919 9923
7392 ACHIEVE-LIFT-AT0 F7 -> M14-ACHIEVE-LIFT-AT0 10049 10053
7507 ACHIEVE-LIFT-AT0 F12 -> M13-ACHIEVE-LIFT-AT0 10165 10171
7627 ACHIEVE-LIFT-AT0 F20 -> M12-ACHIEVE-LIFT-AT0
7739 ACHIEVE-LIFT-AT0 F21 -> M13-ACHIEVE-LIFT-AT0 10415 10421
7973 ACHIEVE-LIFT-AT0 F2 -> M14-ACHIEVE-LIFT-AT0 10663 10669
8206 ACHIEVE-LIFT-AT0 F21 -> M13-ACHIEVE-LIFT-AT0 10911 10917
8440 ACHIEVE-LIFT-AT0 F4 -> M12-ACHIEVE-LIFT-AT0
8535 IFUNLOCK-LIFT-AT F4 -> IFUNLOCK5-LIFT-AT 8536
8565 ACHIEVE-LIFT-AT0 F14 -> M12-ACHIEVE-LIFT-AT0
8664 IFUNLOCK-LIFT-AT F14 -> IFUNLOCK5-LIFT-AT 8665
8666 IFUNLOCK-BOARDED P10 -> IFUNLOCK1-BOARDED 8667
8684 ACHIEVE-LIFT-AT0 F16 -> M12-ACHIEVE-LIFT-AT0
8783 IFUNLOCK-LIFT-AT F16 -> IFUNLOCK5-LIFT-AT 8784
8813 ACHIEVE-LIFT-AT0 F17 -> M12-ACHIEVE-LIFT-AT0
8912 IFUNLOCK-LIFT-AT F17 -> IFUNLOCK5-LIFT-AT 8913
8914 IFUNLOCK-BOARDED P9 -> IFUNLOCK1-BOARDED 8915
8931 ACHIEVE-LIFT-AT0 F9 -> M12-ACHIEVE-LIFT-AT0
9031 IFUNLOCK-LIFT-AT F9 -> IFUNLOCK5-LIFT-AT 9032
9160 IFUNLOCK-LIFT-AT F1 -> IFUNLOCK5-LIFT-AT 9161
9162 IFUNLOCK-BOARDED P8 -> IFUNLOCK1-BOARDED 9163
9181 ACHIEVE-LIFT-AT0 F18 -> M12-ACHIEVE-LIFT-AT0
9279 IFUNLOCK-LIFT-AT F18 -> IFUNLOCK5-LIFT-AT 9280
9310 ACHIEVE-LIFT-AT0 F10 -> M12-ACHIEVE-LIFT-AT0
9408 IFUNLOCK-LIFT-AT F10 -> IFUNLOCK5-LIFT-AT 9409
9410 IFUNLOCK-BOARDED P7 -> IFUNLOCK1-BOARDED 9411
9429 ACHIEVE-LIFT-AT0 F7 -> M12-ACHIEVE-LIFT-AT0
9527 IFUNLOCK-LIFT-AT F7 -> IFUNLOCK5-LIFT-AT 9528
9557 ACHIEVE-LIFT-AT0 F10 -> M12-ACHIEVE-LIFT-AT0
9656 IFUNLOCK-LIFT-AT F10 -> IFUNLOCK5-LIFT-AT 9657
9658 IFUNLOCK-BOARDED P6 -> IFUNLOCK1-BOARDED 9659
9676 ACHIEVE-LIFT-AT0 F16 -> M12-ACHIEVE-LIFT-AT0
9775 IFUNLOCK-LIFT-AT F16 -> IFUNLOCK5-LIFT-AT 9776
9807 ACHIEVE-LIFT-AT0 F1 -> M12-ACHIEVE-LIFT-AT0
9904 IFUNLOCK-LIFT-AT F1 -> IFUNLOCK5-LIFT-AT 9905
9906 IFUNLOCK-BOARDED P5 -> IFUNLOCK1-BOARDED 9907
9923 ACHIEVE-LIFT-AT0 F3 -> M12-ACHIEVE-LIFT-AT0
10023 IFUNLOCK-LIFT-AT F3 -> IFUNLOCK5-LIFT-AT 10024
10053 ACHIEVE-LIFT-AT0 F7 -> M12-ACHIEVE-LIFT-AT0
10152 IFUNLOCK-LIFT-AT F7 -> IFUNLOCK5-LIFT-AT 10153
10154 IFUNLOCK-BOARDED P4 -> IFUNLOCK1-BOARDED 10155
10171 ACHIEVE-LIFT-AT0 F12 -> M12-ACHIEVE-LIFT-AT0
10271 IFUNLOCK-LIFT-AT F12 -> IFUNLOCK5-LIFT-AT 10272
10400 IFUNLOCK-LIFT-AT F20 -> IFUNLOCK5-LIFT-AT 10401
10402 IFUNLOCK-BOARDED P3 -> IFUNLOCK1-BOARDED 10403
10421 ACHIEVE-LIFT-AT0 F21 -> M12-ACHIEVE-LIFT-AT0
10519 IFUNLOCK-LIFT-AT F21 -> IFUNLOCK5-LIFT-AT 10520
10648 IFUNLOCK-LIFT-AT F8 -> IFUNLOCK5-LIFT-AT 10649
10650 IFUNLOCK-BOARDED P2 -> IFUNLOCK1-BOARDED 10651
10669 ACHIEVE-LIFT-AT0 F2 -> M12-ACHIEVE-LIFT-AT0
10767 IFUNLOCK-LIFT-AT F2 -> IFUNLOCK5-LIFT-AT 10768
10896 IFUNLOCK-LIFT-AT F0 -> IFUNLOCK5-LIFT-AT 10897
10898 IFUNLOCK-BOARDED P1 -> IFUNLOCK1-BOARDED 10899
10917 ACHIEVE-LIFT-AT0 F21 -> M12-ACHIEVE-LIFT-AT0
11015 IFUNLOCK-LIFT-AT F21 -> IFUNLOCK5-LIFT-AT 11016
11144 IFUNLOCK-LIFT-AT F12 -> IFUNLOCK5-LIFT-AT 11145
11146 IFUNLOCK-BOARDED P0 -> IFUNLOCK1-BOARDED 11147
<==
0.447 End of solution plan. (counted length of 144)
0.447 Total amount of clauses encoded: 141426
0.447 - reductionconstraints : 69097 cls
0.447 - substitutionconstraints : 40692 cls
0.447 - directframeaxioms : 9286 cls
0.447 - qconstequality : 6976 cls
0.447 - qfactsemantics : 5320 cls
0.447 - indirectframeaxioms : 4623 cls
0.447 - predecessors : 1636 cls
0.447 - expansions : 1575 cls
0.447 - atmostoneelement : 1224 cls
0.447 - actionconstraints : 502 cls
0.447 - actioneffects : 371 cls
0.447 - truefacts : 91 cls
0.447 - forbiddenoperations : 31 cls
0.447 - axiomaticops : 2 cls
0.447 # instantiated positions: 1000
0.447 # instantiated actions: 1341
0.447 # instantiated reductions: 341
0.447 # introduced pseudo-constants: 231
0.447 # retroactive prunings: 45
0.447 # retroactively pruned operations: 54
0.447 # dominated operations: 0
0.447 # total invalid rigid preconditions found in getPFC: 0
0.447 # invalid rigid preconditions found in getPFC: 0
0.447 # invalid rigid preconditions found in getPFC in varrestrictions: 0
0.447 # total invalid fluent preconditions found in getPFC: 44
0.447 # invalid fluent preconditions found in getPFC: 22
0.447 # invalid fluent preconditions found in getPFC in varrestrictions: 0
0.447 # invalid fluent preconditions found in getPFC via postconditions: 22
0.447 # invalid subtasks found in getPFC: 0
0.447 # number effects in operation fact_frames: 258
0.447 Exiting happily.

RUNWATCH_RESULT EXIT RETVAL 0 TIME_SECS 0.458496 MEMPEAK_KBS 852
