    _           _         _
   \ |         \ |       | |                       
   | |     __  | |      _| |______                
   | |     \/  | |     /_   ______\                
   | |      _  | |   __  | |  ___   ___   ___       
   | |___  | | | |  / .\ | | / , | |   \ / ·_\    
   \_____\ |_| |__\ \__/ |_| \___) |_|_| \___\  
[39mL i l o t a n e  version rls-glucose4
by Dominik Schreiber <dominik.schreiber@kit.edu> 2020-2021
using SAT solver glucose4

0.068 Parser finished.
0.069 Structures extracted.
0.082 312 operators and 305 methods created.
0.873 Mined 582 new reduction preconditions (+90.1%).
0.873 Iteration 0.
0.873 Creating initial layer of size 2
0.945 Attempting to solve formula with 3 clauses (3 literals) and 1 assumptions
0.945 Unsolvable at layer 0 -- expanding.
0.945 Iteration 1.
0.945 New layer size: 5
0.945 Instantiating ...
1.216 Collected 9 relevant facts at this layer
1.216 Encoding ...
1.230 Attempting to solve formula with 145 clauses (347 literals) and 4 assumptions
1.230 Unsolvable at layer 1 -- expanding.
1.230 Iteration 2.
1.231 New layer size: 9
1.231 Instantiating ...
3.555 Collected 419 relevant facts at this layer
3.555 Encoding ...
3.592 Attempting to solve formula with 39716 clauses (103582 literals) and 4 assumptions
3.592 Unsolvable at layer 2 -- expanding.
3.592 Iteration 3.
3.592 New layer size: 13
3.592 Instantiating ...
8.440 Collected 859 relevant facts at this layer
8.440 Encoding ...
8.512 Attempting to solve formula with 108329 clauses (293576 literals) and 8 assumptions
8.512 Unsolvable at layer 3 -- expanding.
8.512 Iteration 4.
8.512 New layer size: 39
8.512 Instantiating ...
16.090 Collected 1592 relevant facts at this layer
16.090 Encoding ...
16.293 Attempting to solve formula with 270281 clauses (767607 literals) and 19 assumptions
16.294 Unsolvable at layer 4 -- expanding.
16.294 Iteration 5.
16.294 New layer size: 90
16.294 Instantiating ...
38.330 Collected 4760 relevant facts at this layer
38.330 Encoding ...
39.157 Attempting to solve formula with 1091761 clauses (3134717 literals) and 35 assumptions
39.200 Unsolvable at layer 5 -- expanding.
39.200 Iteration 6.
39.200 New layer size: 157
39.200 Instantiating ...
99.350 Collected 4816 relevant facts at this layer
99.350 Encoding ...
101.051 Attempting to solve formula with 3041076 clauses (8730574 literals) and 62 assumptions
101.228 Unsolvable at layer 6 -- expanding.
101.228 Iteration 7.
101.228 New layer size: 292
101.228 Instantiating ...
223.209 Collected 7312 relevant facts at this layer
223.210 Encoding ...
227.686 Attempting to solve formula with 7666582 clauses (22854078 literals) and 120 assumptions
228.745 Unsolvable at layer 7 -- expanding.
228.745 Iteration 8.
228.745 New layer size: 586
228.745 Instantiating ...
457.124 Collected 10052 relevant facts at this layer
457.124 Encoding ...
470.490 Attempting to solve formula with 20021926 clauses (62292615 literals) and 234 assumptions
472.583 Unsolvable at layer 8 -- expanding.
472.583 Iteration 9.
472.583 New layer size: 1132
472.583 Instantiating ...
981.876 Collected 10052 relevant facts at this layer
981.877 Encoding ...
1012.670 Attempting to solve formula with 47275147 clauses (150390631 literals) and 438 assumptions
1021.843 Unsolvable at layer 9 -- expanding.
1021.843 Iteration 10.
1021.844 New layer size: 2103
1021.844 Instantiating ...
1762.995 Termination signal caught.
1762.995 Total amount of clauses encoded: 47275147
1762.995 - directframeaxioms : 21566216 cls
1762.995 - reductionconstraints : 10137491 cls
1762.995 - qfactsemantics : 8429188 cls
1762.995 - indirectframeaxioms : 5581951 cls
1762.995 - substitutionconstraints : 740019 cls
1762.995 - atmostoneelement : 422901 cls
1762.995 - qconstequality : 216580 cls
1762.995 - expansions : 75843 cls
1762.995 - predecessors : 45467 cls
1762.995 - actionconstraints : 32230 cls
1762.995 - actioneffects : 17207 cls
1762.995 - truefacts : 10052 cls
1762.995 - axiomaticops : 2 cls
1762.995 # instantiated positions: 3728
1762.995 # instantiated actions: 33915
1762.995 # instantiated reductions: 42315
1762.995 # introduced pseudo-constants: 12440
1762.995 # retroactive prunings: 14
1762.995 # retroactively pruned operations: 14
1762.995 # dominated operations: 5056
1762.995 # total invalid rigid preconditions found in getPFC: 18264
1762.995 # invalid rigid preconditions found in getPFC: 1
1762.995 # invalid rigid preconditions found in getPFC in varrestrictions: 18263
1762.995 # total invalid fluent preconditions found in getPFC: 458983
1762.995 # invalid fluent preconditions found in getPFC: 5693
1762.995 # invalid fluent preconditions found in getPFC in varrestrictions: 5
1762.995 # invalid fluent preconditions found in getPFC via postconditions: 453285
1762.995 # invalid subtasks found in getPFC: 14
1762.995 # number effects in operation fact_frames: 14208
1762.995 # number of variables restricted: 5006390
1762.995 Exiting happily.

RUNWATCH_RESULT MEMOUT RETVAL 0 TIME_SECS 1763.95 MEMPEAK_KBS 16100784
