    _           _         _
   \ |         \ |       | |                       
   | |     __  | |      _| |______                
   | |     \/  | |     /_   ______\                
   | |      _  | |   __  | |  ___   ___   ___       
   | |___  | | | |  / .\ | | / , | |   \ / ·_\    
   \_____\ |_| |__\ \__/ |_| \___) |_|_| \___\  
[39mL i l o t a n e  version rls-glucose4
by Dominik Schreiber <dominik.schreiber@kit.edu> 2020-2021
using SAT solver glucose4

0.020 Parser finished.
0.020 Structures extracted.
0.021 20 operators and 13 methods created.
0.032 Mined 7 new reduction preconditions (+53.8%).
0.032 Iteration 0.
0.032 Creating initial layer of size 2
0.036 Attempting to solve formula with 139 clauses (207 literals) and 1 assumptions
0.036 Unsolvable at layer 0 -- expanding.
0.036 Iteration 1.
0.036 New layer size: 69
0.036 Instantiating ...
0.139 Collected 360 relevant facts at this layer
0.140 Encoding ...
0.175 Attempting to solve formula with 19894 clauses (46333 literals) and 64 assumptions
0.177 Unsolvable at layer 1 -- expanding.
0.177 Iteration 2.
0.177 New layer size: 133
0.177 Instantiating ...
0.265 Collected 656 relevant facts at this layer
0.265 Encoding ...
0.338 Attempting to solve formula with 63031 clauses (137111 literals) and 64 assumptions
0.339 Unsolvable at layer 2 -- expanding.
0.339 Iteration 3.
0.339 New layer size: 197
0.339 Instantiating ...
0.731 Collected 704 relevant facts at this layer
0.731 Encoding ...
1.091 Attempting to solve formula with 433321 clauses (1378895 literals) and 64 assumptions
1.091 Unsolvable at layer 3 -- expanding.
1.091 Iteration 4.
1.091 New layer size: 324
1.091 Instantiating ...
1.482 Collected 704 relevant facts at this layer
1.482 Encoding ...
1.841 Attempting to solve formula with 696974 clauses (2168567 literals) and 127 assumptions
1.841 Unsolvable at layer 4 -- expanding.
1.841 Iteration 5.
1.841 New layer size: 324
1.841 Instantiating ...
2.254 Collected 704 relevant facts at this layer
2.254 Encoding ...
2.617 Attempting to solve formula with 870666 clauses (2695062 literals) and 127 assumptions
2.617 Unsolvable at layer 5 -- expanding.
2.617 Iteration 6.
2.617 New layer size: 451
2.617 Instantiating ...
3.062 Collected 704 relevant facts at this layer
3.062 Encoding ...
3.544 Attempting to solve formula with 1287018 clauses (3867488 literals) and 127 assumptions
3.544 Unsolvable at layer 6 -- expanding.
3.544 Iteration 7.
3.545 New layer size: 578
3.545 Instantiating ...
5.011 Collected 704 relevant facts at this layer
5.011 Encoding ...
6.458 Attempting to solve formula with 2372256 clauses (7836781 literals) and 127 assumptions
c last restart ## conflicts  :  886 7659 
19.512 Found a solution at layer 7.
==>
251054 switch_on instrument7 satellite3
251056 nop
251082 turn_to satellite3 Star1 Phenomenon13
251808 calibrate satellite3 instrument7 Star1
251812 turn_to satellite3 Planet4 Star1
251815 take_image satellite3 Planet4 instrument7 thermograph2
251819 switch_off instrument7 satellite3
251821 switch_on instrument9 satellite3
252583 nop
252613 turn_to satellite3 Star1 Planet4
253339 calibrate satellite3 instrument9 Star1
253345 turn_to satellite3 Planet5 Star1
253347 take_image satellite3 Planet5 instrument9 spectrograph0
253349 switch_on instrument11 satellite4
253354 nop
253384 turn_to satellite4 Star1 Planet38
254111 calibrate satellite4 instrument11 Star1
254877 turn_to satellite4 Star6 Star1
254879 take_image satellite4 Star6 instrument11 thermograph2
254883 switch_on instrument6 satellite2
254886 nop
254915 turn_to satellite2 Star1 Star31
255642 calibrate satellite2 instrument6 Star1
256409 turn_to satellite2 Star7 Star1
256411 take_image satellite2 Star7 instrument6 infrared3
256414 switch_off instrument6 satellite2
256419 switch_on instrument5 satellite2
257180 nop
257208 turn_to satellite2 Star0 Star7
257936 calibrate satellite2 instrument5 Star0
257941 turn_to satellite2 Phenomenon8 Star0
257943 take_image satellite2 Phenomenon8 instrument5 spectrograph0
257945 switch_off instrument9 satellite3
257949 switch_on instrument8 satellite3
258713 nop
258740 turn_to satellite3 Star2 Planet5
259468 calibrate satellite3 instrument8 Star2
259472 turn_to satellite3 Star9 Star2
259475 take_image satellite3 Star9 instrument8 infrared1
259477 switch_off instrument8 satellite3
259484 switch_on instrument9 satellite3
260245 nop
260272 turn_to satellite3 Star1 Star9
261000 calibrate satellite3 instrument9 Star1
261005 turn_to satellite3 Star10 Star1
261007 take_image satellite3 Star10 instrument9 infrared3
261011 switch_on instrument17 satellite7
261014 nop
261044 turn_to satellite7 Star2 Planet17
261770 calibrate satellite7 instrument17 Star2
262537 turn_to satellite7 Planet11 Star2
262539 take_image satellite7 Planet11 instrument17 infrared3
262542 switch_off instrument9 satellite3
262546 switch_on instrument8 satellite3
263308 nop
263336 turn_to satellite3 Star2 Star10
264063 calibrate satellite3 instrument8 Star2
264068 turn_to satellite3 Phenomenon13 Star2
264071 take_image satellite3 Phenomenon13 instrument8 infrared3
264073 switch_off instrument8 satellite3
264080 switch_on instrument9 satellite3
264840 nop
264868 turn_to satellite3 Star1 Phenomenon13
265595 calibrate satellite3 instrument9 Star1
265601 turn_to satellite3 Phenomenon14 Star1
265603 take_image satellite3 Phenomenon14 instrument9 infrared3
265605 switch_on instrument13 satellite5
265612 nop
265640 turn_to satellite5 GroundStation3 Planet65
266366 calibrate satellite5 instrument13 GroundStation3
267132 turn_to satellite5 Star15 GroundStation3
267135 take_image satellite5 Star15 instrument13 thermograph2
267139 switch_off instrument9 satellite3
267144 switch_on instrument9 satellite3
267903 nop
267933 turn_to satellite3 Star1 Phenomenon14
268659 calibrate satellite3 instrument9 Star1
268665 turn_to satellite3 Phenomenon16 Star1
268667 take_image satellite3 Phenomenon16 instrument9 spectrograph0
268670 switch_off instrument13 satellite5
268676 switch_on instrument13 satellite5
269437 nop
269464 turn_to satellite5 GroundStation3 Star15
270191 calibrate satellite5 instrument13 GroundStation3
270197 turn_to satellite5 Planet17 GroundStation3
270199 take_image satellite5 Planet17 instrument13 infrared1
270202 switch_off instrument9 satellite3
270205 switch_on instrument8 satellite3
270969 nop
270996 turn_to satellite3 Star2 Phenomenon16
271723 calibrate satellite3 instrument8 Star2
271729 turn_to satellite3 Planet18 Star2
271731 take_image satellite3 Planet18 instrument8 infrared3
271733 switch_off instrument8 satellite3
271737 switch_on instrument8 satellite3
272500 nop
272529 turn_to satellite3 Star2 Planet18
273255 calibrate satellite3 instrument8 Star2
273260 turn_to satellite3 Planet20 Star2
273263 take_image satellite3 Planet20 instrument8 spectrograph0
273267 switch_on instrument2 satellite1
273272 nop
273299 turn_to satellite1 Star2 Phenomenon13
274026 calibrate satellite1 instrument2 Star2
274793 turn_to satellite1 Planet21 Star2
274795 take_image satellite1 Planet21 instrument2 spectrograph0
274798 switch_off instrument13 satellite5
274802 switch_on instrument13 satellite5
275563 nop
275592 turn_to satellite5 GroundStation3 Planet17
276319 calibrate satellite5 instrument13 GroundStation3
276324 turn_to satellite5 Planet22 GroundStation3
276327 take_image satellite5 Planet22 instrument13 spectrograph0
276330 switch_on instrument14 satellite6
276334 nop
276364 turn_to satellite6 Star1 Phenomenon28
277090 calibrate satellite6 instrument14 Star1
277856 turn_to satellite6 Phenomenon24 Star1
277859 take_image satellite6 Phenomenon24 instrument14 infrared1
277861 switch_off instrument8 satellite3
277866 switch_on instrument9 satellite3
278629 nop
278657 turn_to satellite3 Star1 Planet20
279384 calibrate satellite3 instrument9 Star1
279389 turn_to satellite3 Planet25 Star1
279391 take_image satellite3 Planet25 instrument9 spectrograph0
279393 nop
280921 turn_to satellite5 Star26 Planet22
280923 take_image satellite5 Star26 instrument13 infrared1
280925 switch_off instrument5 satellite2
280930 switch_on instrument6 satellite2
281693 nop
281720 turn_to satellite2 Star1 Phenomenon8
282448 calibrate satellite2 instrument6 Star1
282453 turn_to satellite2 Star27 Star1
282455 take_image satellite2 Star27 instrument6 infrared3
282458 switch_off instrument14 satellite6
282463 switch_on instrument16 satellite6
283224 nop
283253 turn_to satellite6 GroundStation3 Phenomenon24
283979 calibrate satellite6 instrument16 GroundStation3
283984 turn_to satellite6 Phenomenon28 GroundStation3
283987 take_image satellite6 Phenomenon28 instrument16 spectrograph0
283991 switch_on instrument0 satellite0
283993 nop
284023 turn_to satellite0 Star0 Star33
284750 calibrate satellite0 instrument0 Star0
285517 turn_to satellite0 Star29 Star0
285519 take_image satellite0 Star29 instrument0 infrared3
285521 switch_off instrument11 satellite4
285526 switch_on instrument12 satellite4
286287 nop
286316 turn_to satellite4 GroundStation3 Star6
287044 calibrate satellite4 instrument12 GroundStation3
287048 turn_to satellite4 Phenomenon30 GroundStation3
287051 take_image satellite4 Phenomenon30 instrument12 thermograph2
287053 switch_off instrument6 satellite2
287058 switch_on instrument6 satellite2
287821 nop
287849 turn_to satellite2 Star1 Star27
288576 calibrate satellite2 instrument6 Star1
288581 turn_to satellite2 Star31 Star1
288583 take_image satellite2 Star31 instrument6 infrared3
288585 switch_off instrument16 satellite6
288592 switch_on instrument14 satellite6
289352 nop
289381 turn_to satellite6 Star1 Phenomenon28
290107 calibrate satellite6 instrument14 Star1
290112 turn_to satellite6 Star32 Star1
290115 take_image satellite6 Star32 instrument14 infrared1
290118 nop
291645 turn_to satellite3 Star33 Planet25
291647 take_image satellite3 Star33 instrument9 infrared3
291650 nop
293177 turn_to satellite4 Planet34 Phenomenon30
293179 take_image satellite4 Planet34 instrument12 thermograph2
293181 switch_off instrument14 satellite6
293188 switch_on instrument16 satellite6
293949 nop
293977 turn_to satellite6 GroundStation3 Star32
294704 calibrate satellite6 instrument16 GroundStation3
294709 turn_to satellite6 Phenomenon35 GroundStation3
294711 take_image satellite6 Phenomenon35 instrument16 spectrograph0
294713 switch_off instrument9 satellite3
294717 switch_on instrument8 satellite3
295481 nop
295508 turn_to satellite3 Star2 Star33
296235 calibrate satellite3 instrument8 Star2
296240 turn_to satellite3 Planet36 Star2
296243 take_image satellite3 Planet36 instrument8 infrared1
296246 nop
297772 turn_to satellite2 Star37 Star31
297775 take_image satellite2 Star37 instrument6 thermograph2
297777 switch_off instrument8 satellite3
297784 switch_on instrument8 satellite3
298544 nop
298573 turn_to satellite3 Star2 Planet36
299300 calibrate satellite3 instrument8 Star2
299305 turn_to satellite3 Planet38 Star2
299307 take_image satellite3 Planet38 instrument8 spectrograph0
299309 switch_off instrument6 satellite2
299313 switch_on instrument6 satellite2
300077 nop
300104 turn_to satellite2 Star1 Star37
300831 calibrate satellite2 instrument6 Star1
300837 turn_to satellite2 Star39 Star1
300839 take_image satellite2 Star39 instrument6 infrared1
300841 nop
302369 turn_to satellite6 Star40 Phenomenon35
302371 take_image satellite6 Star40 instrument16 spectrograph0
302373 nop
303900 turn_to satellite6 Planet41 Star40
303903 take_image satellite6 Planet41 instrument16 infrared1
303906 switch_off instrument12 satellite4
303911 switch_on instrument11 satellite4
304673 nop
304701 turn_to satellite4 Star1 Planet34
305428 calibrate satellite4 instrument11 Star1
305432 turn_to satellite4 Phenomenon42 Star1
305435 take_image satellite4 Phenomenon42 instrument11 infrared3
305439 nop
306965 turn_to satellite2 Star43 Star39
306967 take_image satellite2 Star43 instrument6 infrared1
306971 switch_off instrument6 satellite2
306973 switch_on instrument5 satellite2
307736 nop
307765 turn_to satellite2 Star0 Star43
308491 calibrate satellite2 instrument5 Star0
308496 turn_to satellite2 Planet44 Star0
308499 take_image satellite2 Planet44 instrument5 spectrograph0
308502 nop
310029 turn_to satellite5 Phenomenon45 Star26
310031 take_image satellite5 Phenomenon45 instrument13 thermograph2
310033 switch_off instrument0 satellite0
310040 switch_on instrument0 satellite0
310800 nop
310829 turn_to satellite0 Star0 Star29
311555 calibrate satellite0 instrument0 Star0
311561 turn_to satellite0 Phenomenon46 Star0
311563 take_image satellite0 Phenomenon46 instrument0 infrared1
311566 nop
313092 turn_to satellite1 Star47 Planet21
313095 take_image satellite1 Star47 instrument2 spectrograph0
313098 switch_off instrument8 satellite3
313104 switch_on instrument7 satellite3
313863 nop
313893 turn_to satellite3 Star1 Planet38
314620 calibrate satellite3 instrument7 Star1
314624 turn_to satellite3 Star48 Star1
314627 take_image satellite3 Star48 instrument7 infrared3
314629 nop
316157 turn_to satellite0 Star50 Phenomenon46
316159 take_image satellite0 Star50 instrument0 infrared1
316163 switch_off instrument7 satellite3
316165 switch_on instrument8 satellite3
316927 nop
316957 turn_to satellite3 Star2 Star48
317684 calibrate satellite3 instrument8 Star2
317688 turn_to satellite3 Planet52 Star2
317691 take_image satellite3 Planet52 instrument8 infrared1
317693 nop
319220 turn_to satellite5 Planet53 Phenomenon45
319223 take_image satellite5 Planet53 instrument13 spectrograph0
319226 switch_off instrument5 satellite2
319230 switch_on instrument4 satellite2
319991 nop
320021 turn_to satellite2 GroundStation3 Planet44
320747 calibrate satellite2 instrument4 GroundStation3
320752 turn_to satellite2 Planet54 GroundStation3
320755 take_image satellite2 Planet54 instrument4 thermograph2
320759 nop
322285 turn_to satellite6 Star55 Planet41
322287 take_image satellite6 Star55 instrument16 infrared3
322290 switch_off instrument4 satellite2
322294 switch_on instrument6 satellite2
323057 nop
323084 turn_to satellite2 Star1 Planet54
323811 calibrate satellite2 instrument6 Star1
323817 turn_to satellite2 Star56 Star1
323819 take_image satellite2 Star56 instrument6 infrared3
323822 switch_off instrument0 satellite0
323828 switch_on instrument0 satellite0
324587 nop
324616 turn_to satellite0 Star0 Star50
325343 calibrate satellite0 instrument0 Star0
325349 turn_to satellite0 Planet57 Star0
325351 take_image satellite0 Planet57 instrument0 infrared3
325353 nop
326880 turn_to satellite3 Planet58 Planet52
326883 take_image satellite3 Planet58 instrument8 spectrograph0
326885 nop
328412 turn_to satellite6 Planet59 Star55
328415 take_image satellite6 Planet59 instrument16 spectrograph0
328418 nop
329945 turn_to satellite5 Planet60 Planet53
329947 take_image satellite5 Planet60 instrument13 thermograph2
329949 switch_off instrument2 satellite1
329954 switch_on instrument2 satellite1
330715 nop
330745 turn_to satellite1 Star2 Star47
331472 calibrate satellite1 instrument2 Star2
331477 turn_to satellite1 Planet61 Star2
331479 take_image satellite1 Planet61 instrument2 infrared1
331481 switch_off instrument0 satellite0
331488 switch_on instrument1 satellite0
332248 nop
332276 turn_to satellite0 Star0 Planet57
333004 calibrate satellite0 instrument1 Star0
333009 turn_to satellite0 Phenomenon63 Star0
333011 take_image satellite0 Phenomenon63 instrument1 infrared1
333015 switch_off instrument1 satellite0
333020 switch_on instrument0 satellite0
333781 nop
333808 turn_to satellite0 Star0 Phenomenon63
334535 calibrate satellite0 instrument0 Star0
334540 turn_to satellite0 Phenomenon64 Star0
334543 take_image satellite0 Phenomenon64 instrument0 infrared3
334545 switch_off instrument17 satellite7
334549 switch_on instrument18 satellite7
335313 nop
335341 turn_to satellite7 Star2 Planet11
336068 calibrate satellite7 instrument18 Star2
336073 turn_to satellite7 Planet65 Star2
336075 take_image satellite7 Planet65 instrument18 thermograph2
336078 nop
337605 turn_to satellite0 Phenomenon66 Phenomenon64
337607 take_image satellite0 Phenomenon66 instrument0 infrared3
337610 nop
339136 turn_to satellite6 Phenomenon67 Planet59
339139 take_image satellite6 Phenomenon67 instrument16 infrared3
339141 switch_off instrument16 satellite6
339147 switch_on instrument15 satellite6
339909 nop
339937 turn_to satellite6 GroundStation3 Phenomenon67
340664 calibrate satellite6 instrument15 GroundStation3
340669 turn_to satellite6 Phenomenon68 GroundStation3
340671 take_image satellite6 Phenomenon68 instrument15 infrared3
340673 nop
342200 turn_to satellite7 Planet69 Planet65
342203 take_image satellite7 Planet69 instrument18 thermograph2
342206 switch_off instrument18 satellite7
342209 switch_on instrument19 satellite7
342971 nop
343002 turn_to satellite7 Star2 Planet69
343727 calibrate satellite7 instrument19 Star2
343732 turn_to satellite7 Planet70 Star2
343735 take_image satellite7 Planet70 instrument19 thermograph2
343738 switch_off instrument19 satellite7
343744 switch_on instrument17 satellite7
344505 nop
344532 turn_to satellite7 Star2 Planet70
345260 calibrate satellite7 instrument17 Star2
345265 turn_to satellite7 Phenomenon71 Star2
345267 take_image satellite7 Phenomenon71 instrument17 infrared1
345269 nop
346797 turn_to satellite6 Planet72 Phenomenon68
346799 take_image satellite6 Planet72 instrument15 infrared3
346803 nop
348328 turn_to satellite5 Phenomenon73 Planet60
348331 take_image satellite5 Phenomenon73 instrument13 thermograph2
348334 turn_to satellite3 Planet34 Planet58
348337 turn_to satellite4 Phenomenon12 Phenomenon42
348339 turn_to satellite6 Planet41 Planet72
348342 turn_to satellite7 Star6 Phenomenon71
root 141 463 790 1117 1444 1771 2098 2425 2752 3079 3406 3733 4060 4387 4714 5041 5368 5695 6022 6349 6676 7003 7330 7657 7984 8311 8638 8965 9292 9619 9946 10273 10600 10927 11254 11581 11908 12235 12562 12889 13216 13543 13870 14197 14524 14851 15178 15505 15832 16159 16486 16813 17140 17467 17794 18121 18448 18775 19102 19429 19756 20083 20410 20737 348333 348336 348338 348341
141 do_mission Planet4 thermograph2 -> m0_do_mission 22002 251815
463 do_mission Planet5 spectrograph0 -> m0_do_mission 22897 253347
790 do_mission Star6 thermograph2 -> m0_do_mission 23496 254879
1117 do_mission Star7 infrared3 -> m0_do_mission 24095 256411
1444 do_mission Phenomenon8 spectrograph0 -> m0_do_mission 24694 257943
1771 do_mission Star9 infrared1 -> m0_do_mission 25293 259475
2098 do_mission Star10 infrared3 -> m0_do_mission 25892 261007
2425 do_mission Planet11 infrared3 -> m0_do_mission 26491 262539
2752 do_mission Phenomenon13 infrared3 -> m0_do_mission 27090 264071
3079 do_mission Phenomenon14 infrared3 -> m0_do_mission 27689 265603
3406 do_mission Star15 thermograph2 -> m0_do_mission 28288 267135
3733 do_mission Phenomenon16 spectrograph0 -> m0_do_mission 28887 268667
4060 do_mission Planet17 infrared1 -> m0_do_mission 29486 270199
4387 do_mission Planet18 infrared3 -> m0_do_mission 30085 271731
4714 do_mission Planet20 spectrograph0 -> m0_do_mission 30684 273263
5041 do_mission Planet21 spectrograph0 -> m0_do_mission 31283 274795
5368 do_mission Planet22 spectrograph0 -> m0_do_mission 31882 276327
5695 do_mission Phenomenon24 infrared1 -> m0_do_mission 32481 277859
6022 do_mission Planet25 spectrograph0 -> m0_do_mission 33080 279391
6349 do_mission Star26 infrared1 -> m0_do_mission 33679 280923
6676 do_mission Star27 infrared3 -> m0_do_mission 34278 282455
7003 do_mission Phenomenon28 spectrograph0 -> m0_do_mission 34877 283987
7330 do_mission Star29 infrared3 -> m0_do_mission 35476 285519
7657 do_mission Phenomenon30 thermograph2 -> m0_do_mission 36075 287051
7984 do_mission Star31 infrared3 -> m0_do_mission 36674 288583
8311 do_mission Star32 infrared1 -> m0_do_mission 37273 290115
8638 do_mission Star33 infrared3 -> m0_do_mission 37872 291647
8965 do_mission Planet34 thermograph2 -> m0_do_mission 38471 293179
9292 do_mission Phenomenon35 spectrograph0 -> m0_do_mission 39070 294711
9619 do_mission Planet36 infrared1 -> m0_do_mission 39669 296243
9946 do_mission Star37 thermograph2 -> m0_do_mission 40268 297775
10273 do_mission Planet38 spectrograph0 -> m0_do_mission 40867 299307
10600 do_mission Star39 infrared1 -> m0_do_mission 41466 300839
10927 do_mission Star40 spectrograph0 -> m0_do_mission 42065 302371
11254 do_mission Planet41 infrared1 -> m0_do_mission 42664 303903
11581 do_mission Phenomenon42 infrared3 -> m0_do_mission 43263 305435
11908 do_mission Star43 infrared1 -> m0_do_mission 43862 306967
12235 do_mission Planet44 spectrograph0 -> m0_do_mission 44461 308499
12562 do_mission Phenomenon45 thermograph2 -> m0_do_mission 45060 310031
12889 do_mission Phenomenon46 infrared1 -> m0_do_mission 45659 311563
13216 do_mission Star47 spectrograph0 -> m0_do_mission 46258 313095
13543 do_mission Star48 infrared3 -> m0_do_mission 46857 314627
13870 do_mission Star50 infrared1 -> m0_do_mission 47456 316159
14197 do_mission Planet52 infrared1 -> m0_do_mission 48055 317691
14524 do_mission Planet53 spectrograph0 -> m0_do_mission 48654 319223
14851 do_mission Planet54 thermograph2 -> m0_do_mission 49253 320755
15178 do_mission Star55 infrared3 -> m0_do_mission 49852 322287
15505 do_mission Star56 infrared3 -> m0_do_mission 50451 323819
15832 do_mission Planet57 infrared3 -> m0_do_mission 51050 325351
16159 do_mission Planet58 spectrograph0 -> m0_do_mission 51649 326883
16486 do_mission Planet59 spectrograph0 -> m0_do_mission 52248 328415
16813 do_mission Planet60 thermograph2 -> m0_do_mission 52847 329947
17140 do_mission Planet61 infrared1 -> m0_do_mission 53446 331479
17467 do_mission Phenomenon63 infrared1 -> m0_do_mission 54045 333011
17794 do_mission Phenomenon64 infrared3 -> m0_do_mission 54644 334543
18121 do_mission Planet65 thermograph2 -> m0_do_mission 55243 336075
18448 do_mission Phenomenon66 infrared3 -> m0_do_mission 55842 337607
18775 do_mission Phenomenon67 infrared3 -> m0_do_mission 56441 339139
19102 do_mission Phenomenon68 infrared3 -> m0_do_mission 57040 340671
19429 do_mission Planet69 thermograph2 -> m0_do_mission 57639 342203
19756 do_mission Planet70 thermograph2 -> m0_do_mission 58238 343735
20083 do_mission Phenomenon71 infrared1 -> m0_do_mission 58837 345267
20410 do_mission Planet72 infrared3 -> m0_do_mission 59436 346799
20737 do_mission Phenomenon73 thermograph2 -> m0_do_mission 60035 348331
22002 do_prepare satellite3 instrument7 Planet4 -> m1_do_prepare 60648 251811
22897 do_prepare satellite3 instrument9 Planet5 -> m1_do_prepare 61469 253344
23496 do_prepare satellite4 instrument11 Star6 -> m1_do_prepare 62264 254876
24095 do_prepare satellite2 instrument6 Star7 -> m1_do_prepare 63060 256408
24694 do_prepare satellite2 instrument5 Phenomenon8 -> m1_do_prepare 63856 257940
25293 do_prepare satellite3 instrument8 Star9 -> m1_do_prepare 64652 259471
25892 do_prepare satellite3 instrument9 Star10 -> m1_do_prepare 65449 261004
26491 do_prepare satellite7 instrument17 Planet11 -> m1_do_prepare 66244 262536
27090 do_prepare satellite3 instrument8 Phenomenon13 -> m1_do_prepare 67041 264067
27689 do_prepare satellite3 instrument9 Phenomenon14 -> m1_do_prepare 67837 265600
28288 do_prepare satellite5 instrument13 Star15 -> m1_do_prepare 68632 267131
28887 do_prepare satellite3 instrument9 Phenomenon16 -> m1_do_prepare 69429 268664
29486 do_prepare satellite5 instrument13 Planet17 -> m1_do_prepare 70225 270196
30085 do_prepare satellite3 instrument8 Planet18 -> m1_do_prepare 71021 271728
30684 do_prepare satellite3 instrument8 Planet20 -> m1_do_prepare 71817 273259
31283 do_prepare satellite1 instrument2 Planet21 -> m1_do_prepare 72612 274792
31882 do_prepare satellite5 instrument13 Planet22 -> m1_do_prepare 73408 276323
32481 do_prepare satellite6 instrument14 Phenomenon24 -> m1_do_prepare 74205 277855
33080 do_prepare satellite3 instrument9 Planet25 -> m1_do_prepare 75000 279388
33679 do_prepare satellite5 instrument13 Star26 -> m1_do_prepare 279392 280920
34278 do_prepare satellite2 instrument6 Star27 -> m1_do_prepare 76593 282452
34877 do_prepare satellite6 instrument16 Phenomenon28 -> m1_do_prepare 77389 283983
35476 do_prepare satellite0 instrument0 Star29 -> m1_do_prepare 78185 285516
36075 do_prepare satellite4 instrument12 Phenomenon30 -> m1_do_prepare 78981 287047
36674 do_prepare satellite2 instrument6 Star31 -> m1_do_prepare 79776 288580
37273 do_prepare satellite6 instrument14 Star32 -> m1_do_prepare 80572 290111
37872 do_prepare satellite3 instrument9 Star33 -> m1_do_prepare 290117 291644
38471 do_prepare satellite4 instrument12 Planet34 -> m1_do_prepare 291649 293176
39070 do_prepare satellite6 instrument16 Phenomenon35 -> m1_do_prepare 82960 294708
39669 do_prepare satellite3 instrument8 Planet36 -> m1_do_prepare 83757 296239
40268 do_prepare satellite2 instrument6 Star37 -> m1_do_prepare 296245 297771
40867 do_prepare satellite3 instrument8 Planet38 -> m1_do_prepare 85349 299304
41466 do_prepare satellite2 instrument6 Star39 -> m1_do_prepare 86145 300836
42065 do_prepare satellite6 instrument16 Star40 -> m1_do_prepare 300840 302368
42664 do_prepare satellite6 instrument16 Planet41 -> m1_do_prepare 302372 303899
43263 do_prepare satellite4 instrument11 Phenomenon42 -> m1_do_prepare 88533 305431
43862 do_prepare satellite2 instrument6 Star43 -> m1_do_prepare 305438 306964
44461 do_prepare satellite2 instrument5 Planet44 -> m1_do_prepare 90125 308495
45060 do_prepare satellite5 instrument13 Phenomenon45 -> m1_do_prepare 308501 310028
45659 do_prepare satellite0 instrument0 Phenomenon46 -> m1_do_prepare 91716 311560
46258 do_prepare satellite1 instrument2 Star47 -> m1_do_prepare 311565 313091
46857 do_prepare satellite3 instrument7 Star48 -> m1_do_prepare 93309 314623
47456 do_prepare satellite0 instrument0 Star50 -> m1_do_prepare 314628 316156
48055 do_prepare satellite3 instrument8 Planet52 -> m1_do_prepare 94900 317687
48654 do_prepare satellite5 instrument13 Planet53 -> m1_do_prepare 317692 319219
49253 do_prepare satellite2 instrument4 Planet54 -> m1_do_prepare 96492 320751
49852 do_prepare satellite6 instrument16 Star55 -> m1_do_prepare 320758 322284
50451 do_prepare satellite2 instrument6 Star56 -> m1_do_prepare 98084 323816
51050 do_prepare satellite0 instrument0 Planet57 -> m1_do_prepare 98881 325348
51649 do_prepare satellite3 instrument8 Planet58 -> m1_do_prepare 325352 326879
52248 do_prepare satellite6 instrument16 Planet59 -> m1_do_prepare 326884 328411
52847 do_prepare satellite5 instrument13 Planet60 -> m1_do_prepare 328417 329944
53446 do_prepare satellite1 instrument2 Planet61 -> m1_do_prepare 102064 331476
54045 do_prepare satellite0 instrument1 Phenomenon63 -> m1_do_prepare 102861 333008
54644 do_prepare satellite0 instrument0 Phenomenon64 -> m1_do_prepare 103656 334539
55243 do_prepare satellite7 instrument18 Planet65 -> m1_do_prepare 104453 336072
55842 do_prepare satellite0 instrument0 Phenomenon66 -> m1_do_prepare 336077 337604
56441 do_prepare satellite6 instrument16 Phenomenon67 -> m1_do_prepare 337609 339135
57040 do_prepare satellite6 instrument15 Phenomenon68 -> m1_do_prepare 106841 340668
57639 do_prepare satellite7 instrument18 Planet69 -> m1_do_prepare 340672 342199
58238 do_prepare satellite7 instrument19 Planet70 -> m1_do_prepare 108433 343731
58837 do_prepare satellite7 instrument17 Phenomenon71 -> m1_do_prepare 109229 345264
59436 do_prepare satellite6 instrument15 Planet72 -> m1_do_prepare 345268 346796
60035 do_prepare satellite5 instrument13 Phenomenon73 -> m1_do_prepare 346802 348327
60648 do_switching satellite3 instrument7 -> m3_do_switching 251054 166764
61469 do_switching satellite3 instrument9 -> m2_do_switching 251818 251821 166782
62264 do_switching satellite4 instrument11 -> m3_do_switching 253349 166796
63060 do_switching satellite2 instrument6 -> m3_do_switching 254883 166814
63856 do_switching satellite2 instrument5 -> m2_do_switching 256413 256419 166836
64652 do_switching satellite3 instrument8 -> m2_do_switching 257944 257949 166854
65449 do_switching satellite3 instrument9 -> m2_do_switching 259476 259484 166872
66244 do_switching satellite7 instrument17 -> m3_do_switching 261011 166886
67041 do_switching satellite3 instrument8 -> m2_do_switching 262541 262546 166908
67837 do_switching satellite3 instrument9 -> m2_do_switching 264072 264080 166926
68632 do_switching satellite5 instrument13 -> m3_do_switching 265605 166940
69429 do_switching satellite3 instrument9 -> m2_do_switching 267138 267144 166962
70225 do_switching satellite5 instrument13 -> m2_do_switching 268669 268676 166980
71021 do_switching satellite3 instrument8 -> m2_do_switching 270201 270205 166998
71817 do_switching satellite3 instrument8 -> m2_do_switching 271732 271737 167016
72612 do_switching satellite1 instrument2 -> m3_do_switching 273267 167030
73408 do_switching satellite5 instrument13 -> m2_do_switching 274797 274802 167052
74205 do_switching satellite6 instrument14 -> m3_do_switching 276330 167066
75000 do_switching satellite3 instrument9 -> m2_do_switching 277860 277866 167088
76593 do_switching satellite2 instrument6 -> m2_do_switching 280924 280930 167124
77389 do_switching satellite6 instrument16 -> m2_do_switching 282457 282463 167142
78185 do_switching satellite0 instrument0 -> m3_do_switching 283991 167156
78981 do_switching satellite4 instrument12 -> m2_do_switching 285520 285526 167178
79776 do_switching satellite2 instrument6 -> m2_do_switching 287052 287058 167196
80572 do_switching satellite6 instrument14 -> m2_do_switching 288584 288592 167214
82960 do_switching satellite6 instrument16 -> m2_do_switching 293180 293188 167268
83757 do_switching satellite3 instrument8 -> m2_do_switching 294712 294717 167286
85349 do_switching satellite3 instrument8 -> m2_do_switching 297776 297784 167322
86145 do_switching satellite2 instrument6 -> m2_do_switching 299308 299313 167340
88533 do_switching satellite4 instrument11 -> m2_do_switching 303905 303911 167394
90125 do_switching satellite2 instrument5 -> m2_do_switching 306970 306973 167430
91716 do_switching satellite0 instrument0 -> m2_do_switching 310032 310040 167466
93309 do_switching satellite3 instrument7 -> m2_do_switching 313097 313104 167502
94900 do_switching satellite3 instrument8 -> m2_do_switching 316162 316165 167538
96492 do_switching satellite2 instrument4 -> m2_do_switching 319225 319230 167574
98084 do_switching satellite2 instrument6 -> m2_do_switching 322289 322294 167610
98881 do_switching satellite0 instrument0 -> m2_do_switching 323821 323828 167628
102064 do_switching satellite1 instrument2 -> m2_do_switching 329948 329954 167700
102861 do_switching satellite0 instrument1 -> m2_do_switching 331480 331488 167718
103656 do_switching satellite0 instrument0 -> m2_do_switching 333014 333020 167736
104453 do_switching satellite7 instrument18 -> m2_do_switching 334544 334549 167754
106841 do_switching satellite6 instrument15 -> m2_do_switching 339140 339147 167808
108433 do_switching satellite7 instrument19 -> m2_do_switching 342205 342209 167844
109229 do_switching satellite7 instrument17 -> m2_do_switching 343737 343744 167862
166764 do_calibration satellite3 instrument7 Star1 -> m5_do_calibration 167921 251808
166782 do_calibration satellite3 instrument9 Star1 -> m5_do_calibration 169229 253339
166796 do_calibration satellite4 instrument11 Star1 -> m5_do_calibration 169889 254111
166814 do_calibration satellite2 instrument6 Star1 -> m5_do_calibration 171198 255642
166836 do_calibration satellite2 instrument5 Star0 -> m5_do_calibration 173156 257936
166854 do_calibration satellite3 instrument8 Star2 -> m5_do_calibration 174465 259468
166872 do_calibration satellite3 instrument9 Star1 -> m5_do_calibration 175774 261000
166886 do_calibration satellite7 instrument17 Star2 -> m5_do_calibration 176434 261770
166908 do_calibration satellite3 instrument8 Star2 -> m5_do_calibration 178392 264063
166926 do_calibration satellite3 instrument9 Star1 -> m5_do_calibration 179701 265595
166940 do_calibration satellite5 instrument13 GroundStation3 -> m5_do_calibration 180361 266366
166962 do_calibration satellite3 instrument9 Star1 -> m5_do_calibration 182319 268659
166980 do_calibration satellite5 instrument13 GroundStation3 -> m5_do_calibration 183628 270191
166998 do_calibration satellite3 instrument8 Star2 -> m5_do_calibration 184937 271723
167016 do_calibration satellite3 instrument8 Star2 -> m5_do_calibration 186246 273255
167030 do_calibration satellite1 instrument2 Star2 -> m5_do_calibration 186906 274026
167052 do_calibration satellite5 instrument13 GroundStation3 -> m5_do_calibration 188864 276319
167066 do_calibration satellite6 instrument14 Star1 -> m5_do_calibration 189524 277090
167088 do_calibration satellite3 instrument9 Star1 -> m5_do_calibration 191482 279384
167124 do_calibration satellite2 instrument6 Star1 -> m5_do_calibration 194100 282448
167142 do_calibration satellite6 instrument16 GroundStation3 -> m5_do_calibration 195409 283979
167156 do_calibration satellite0 instrument0 Star0 -> m5_do_calibration 196069 284750
167178 do_calibration satellite4 instrument12 GroundStation3 -> m5_do_calibration 198027 287044
167196 do_calibration satellite2 instrument6 Star1 -> m5_do_calibration 199336 288576
167214 do_calibration satellite6 instrument14 Star1 -> m5_do_calibration 200645 290107
167268 do_calibration satellite6 instrument16 GroundStation3 -> m5_do_calibration 204572 294704
167286 do_calibration satellite3 instrument8 Star2 -> m5_do_calibration 205881 296235
167322 do_calibration satellite3 instrument8 Star2 -> m5_do_calibration 208499 299300
167340 do_calibration satellite2 instrument6 Star1 -> m5_do_calibration 209808 300831
167394 do_calibration satellite4 instrument11 Star1 -> m5_do_calibration 213735 305428
167430 do_calibration satellite2 instrument5 Star0 -> m5_do_calibration 216353 308491
167466 do_calibration satellite0 instrument0 Star0 -> m5_do_calibration 218971 311555
167502 do_calibration satellite3 instrument7 Star1 -> m5_do_calibration 221589 314620
167538 do_calibration satellite3 instrument8 Star2 -> m5_do_calibration 224207 317684
167574 do_calibration satellite2 instrument4 GroundStation3 -> m5_do_calibration 226825 320747
167610 do_calibration satellite2 instrument6 Star1 -> m5_do_calibration 229443 323811
167628 do_calibration satellite0 instrument0 Star0 -> m5_do_calibration 230752 325343
167700 do_calibration satellite1 instrument2 Star2 -> m5_do_calibration 235988 331472
167718 do_calibration satellite0 instrument1 Star0 -> m5_do_calibration 237297 333004
167736 do_calibration satellite0 instrument0 Star0 -> m5_do_calibration 238606 334535
167754 do_calibration satellite7 instrument18 Star2 -> m5_do_calibration 239915 336068
167808 do_calibration satellite6 instrument15 GroundStation3 -> m5_do_calibration 243842 340664
167844 do_calibration satellite7 instrument19 Star2 -> m5_do_calibration 246460 343727
167862 do_calibration satellite7 instrument17 Star2 -> m5_do_calibration 247769 345260
167921 do_prepare satellite3 instrument7 Star1 -> m1_do_prepare 251055 251081
169229 do_prepare satellite3 instrument9 Star1 -> m1_do_prepare 252582 252612
169889 do_prepare satellite4 instrument11 Star1 -> m1_do_prepare 253353 253383
171198 do_prepare satellite2 instrument6 Star1 -> m1_do_prepare 254885 254914
173156 do_prepare satellite2 instrument5 Star0 -> m1_do_prepare 257179 257207
174465 do_prepare satellite3 instrument8 Star2 -> m1_do_prepare 258712 258739
175774 do_prepare satellite3 instrument9 Star1 -> m1_do_prepare 260244 260271
176434 do_prepare satellite7 instrument17 Star2 -> m1_do_prepare 261013 261043
178392 do_prepare satellite3 instrument8 Star2 -> m1_do_prepare 263307 263335
179701 do_prepare satellite3 instrument9 Star1 -> m1_do_prepare 264839 264867
180361 do_prepare satellite5 instrument13 GroundStation3 -> m1_do_prepare 265611 265639
182319 do_prepare satellite3 instrument9 Star1 -> m1_do_prepare 267902 267932
183628 do_prepare satellite5 instrument13 GroundStation3 -> m1_do_prepare 269436 269463
184937 do_prepare satellite3 instrument8 Star2 -> m1_do_prepare 270968 270995
186246 do_prepare satellite3 instrument8 Star2 -> m1_do_prepare 272499 272528
186906 do_prepare satellite1 instrument2 Star2 -> m1_do_prepare 273271 273298
188864 do_prepare satellite5 instrument13 GroundStation3 -> m1_do_prepare 275562 275591
189524 do_prepare satellite6 instrument14 Star1 -> m1_do_prepare 276333 276363
191482 do_prepare satellite3 instrument9 Star1 -> m1_do_prepare 278628 278656
194100 do_prepare satellite2 instrument6 Star1 -> m1_do_prepare 281692 281719
195409 do_prepare satellite6 instrument16 GroundStation3 -> m1_do_prepare 283223 283252
196069 do_prepare satellite0 instrument0 Star0 -> m1_do_prepare 283992 284022
198027 do_prepare satellite4 instrument12 GroundStation3 -> m1_do_prepare 286286 286315
199336 do_prepare satellite2 instrument6 Star1 -> m1_do_prepare 287820 287848
200645 do_prepare satellite6 instrument14 Star1 -> m1_do_prepare 289351 289380
204572 do_prepare satellite6 instrument16 GroundStation3 -> m1_do_prepare 293948 293976
205881 do_prepare satellite3 instrument8 Star2 -> m1_do_prepare 295480 295507
208499 do_prepare satellite3 instrument8 Star2 -> m1_do_prepare 298543 298572
209808 do_prepare satellite2 instrument6 Star1 -> m1_do_prepare 300076 300103
213735 do_prepare satellite4 instrument11 Star1 -> m1_do_prepare 304672 304700
216353 do_prepare satellite2 instrument5 Star0 -> m1_do_prepare 307735 307764
218971 do_prepare satellite0 instrument0 Star0 -> m1_do_prepare 310799 310828
221589 do_prepare satellite3 instrument7 Star1 -> m1_do_prepare 313862 313892
224207 do_prepare satellite3 instrument8 Star2 -> m1_do_prepare 316926 316956
226825 do_prepare satellite2 instrument4 GroundStation3 -> m1_do_prepare 319990 320020
229443 do_prepare satellite2 instrument6 Star1 -> m1_do_prepare 323056 323083
230752 do_prepare satellite0 instrument0 Star0 -> m1_do_prepare 324586 324615
235988 do_prepare satellite1 instrument2 Star2 -> m1_do_prepare 330714 330744
237297 do_prepare satellite0 instrument1 Star0 -> m1_do_prepare 332247 332275
238606 do_prepare satellite0 instrument0 Star0 -> m1_do_prepare 333780 333807
239915 do_prepare satellite7 instrument18 Star2 -> m1_do_prepare 335312 335340
243842 do_prepare satellite6 instrument15 GroundStation3 -> m1_do_prepare 339908 339936
246460 do_prepare satellite7 instrument19 Star2 -> m1_do_prepare 342970 343001
247769 do_prepare satellite7 instrument17 Star2 -> m1_do_prepare 344504 344531
251055 do_switching satellite3 instrument7 -> m4_do_switching 251056
251081 do_turning satellite3 Star1 -> m8_do_turning 251082
251811 do_turning satellite3 Planet4 -> m8_do_turning 251812
251818 make_power_available satellite3 instrument7 -> m7_make_power_available 251819
252582 do_switching satellite3 instrument9 -> m4_do_switching 252583
252612 do_turning satellite3 Star1 -> m8_do_turning 252613
253344 do_turning satellite3 Planet5 -> m8_do_turning 253345
253353 do_switching satellite4 instrument11 -> m4_do_switching 253354
253383 do_turning satellite4 Star1 -> m8_do_turning 253384
254876 do_turning satellite4 Star6 -> m8_do_turning 254877
254885 do_switching satellite2 instrument6 -> m4_do_switching 254886
254914 do_turning satellite2 Star1 -> m8_do_turning 254915
256408 do_turning satellite2 Star7 -> m8_do_turning 256409
256413 make_power_available satellite2 instrument6 -> m7_make_power_available 256414
257179 do_switching satellite2 instrument5 -> m4_do_switching 257180
257207 do_turning satellite2 Star0 -> m8_do_turning 257208
257940 do_turning satellite2 Phenomenon8 -> m8_do_turning 257941
257944 make_power_available satellite3 instrument9 -> m7_make_power_available 257945
258712 do_switching satellite3 instrument8 -> m4_do_switching 258713
258739 do_turning satellite3 Star2 -> m8_do_turning 258740
259471 do_turning satellite3 Star9 -> m8_do_turning 259472
259476 make_power_available satellite3 instrument8 -> m7_make_power_available 259477
260244 do_switching satellite3 instrument9 -> m4_do_switching 260245
260271 do_turning satellite3 Star1 -> m8_do_turning 260272
261004 do_turning satellite3 Star10 -> m8_do_turning 261005
261013 do_switching satellite7 instrument17 -> m4_do_switching 261014
261043 do_turning satellite7 Star2 -> m8_do_turning 261044
262536 do_turning satellite7 Planet11 -> m8_do_turning 262537
262541 make_power_available satellite3 instrument9 -> m7_make_power_available 262542
263307 do_switching satellite3 instrument8 -> m4_do_switching 263308
263335 do_turning satellite3 Star2 -> m8_do_turning 263336
264067 do_turning satellite3 Phenomenon13 -> m8_do_turning 264068
264072 make_power_available satellite3 instrument8 -> m7_make_power_available 264073
264839 do_switching satellite3 instrument9 -> m4_do_switching 264840
264867 do_turning satellite3 Star1 -> m8_do_turning 264868
265600 do_turning satellite3 Phenomenon14 -> m8_do_turning 265601
265611 do_switching satellite5 instrument13 -> m4_do_switching 265612
265639 do_turning satellite5 GroundStation3 -> m8_do_turning 265640
267131 do_turning satellite5 Star15 -> m8_do_turning 267132
267138 make_power_available satellite3 instrument9 -> m7_make_power_available 267139
267902 do_switching satellite3 instrument9 -> m4_do_switching 267903
267932 do_turning satellite3 Star1 -> m8_do_turning 267933
268664 do_turning satellite3 Phenomenon16 -> m8_do_turning 268665
268669 make_power_available satellite5 instrument13 -> m7_make_power_available 268670
269436 do_switching satellite5 instrument13 -> m4_do_switching 269437
269463 do_turning satellite5 GroundStation3 -> m8_do_turning 269464
270196 do_turning satellite5 Planet17 -> m8_do_turning 270197
270201 make_power_available satellite3 instrument9 -> m7_make_power_available 270202
270968 do_switching satellite3 instrument8 -> m4_do_switching 270969
270995 do_turning satellite3 Star2 -> m8_do_turning 270996
271728 do_turning satellite3 Planet18 -> m8_do_turning 271729
271732 make_power_available satellite3 instrument8 -> m7_make_power_available 271733
272499 do_switching satellite3 instrument8 -> m4_do_switching 272500
272528 do_turning satellite3 Star2 -> m8_do_turning 272529
273259 do_turning satellite3 Planet20 -> m8_do_turning 273260
273271 do_switching satellite1 instrument2 -> m4_do_switching 273272
273298 do_turning satellite1 Star2 -> m8_do_turning 273299
274792 do_turning satellite1 Planet21 -> m8_do_turning 274793
274797 make_power_available satellite5 instrument13 -> m7_make_power_available 274798
275562 do_switching satellite5 instrument13 -> m4_do_switching 275563
275591 do_turning satellite5 GroundStation3 -> m8_do_turning 275592
276323 do_turning satellite5 Planet22 -> m8_do_turning 276324
276333 do_switching satellite6 instrument14 -> m4_do_switching 276334
276363 do_turning satellite6 Star1 -> m8_do_turning 276364
277855 do_turning satellite6 Phenomenon24 -> m8_do_turning 277856
277860 make_power_available satellite3 instrument8 -> m7_make_power_available 277861
278628 do_switching satellite3 instrument9 -> m4_do_switching 278629
278656 do_turning satellite3 Star1 -> m8_do_turning 278657
279388 do_turning satellite3 Planet25 -> m8_do_turning 279389
279392 do_switching satellite5 instrument13 -> m4_do_switching 279393
280920 do_turning satellite5 Star26 -> m8_do_turning 280921
280924 make_power_available satellite2 instrument5 -> m7_make_power_available 280925
281692 do_switching satellite2 instrument6 -> m4_do_switching 281693
281719 do_turning satellite2 Star1 -> m8_do_turning 281720
282452 do_turning satellite2 Star27 -> m8_do_turning 282453
282457 make_power_available satellite6 instrument14 -> m7_make_power_available 282458
283223 do_switching satellite6 instrument16 -> m4_do_switching 283224
283252 do_turning satellite6 GroundStation3 -> m8_do_turning 283253
283983 do_turning satellite6 Phenomenon28 -> m8_do_turning 283984
283992 do_switching satellite0 instrument0 -> m4_do_switching 283993
284022 do_turning satellite0 Star0 -> m8_do_turning 284023
285516 do_turning satellite0 Star29 -> m8_do_turning 285517
285520 make_power_available satellite4 instrument11 -> m7_make_power_available 285521
286286 do_switching satellite4 instrument12 -> m4_do_switching 286287
286315 do_turning satellite4 GroundStation3 -> m8_do_turning 286316
287047 do_turning satellite4 Phenomenon30 -> m8_do_turning 287048
287052 make_power_available satellite2 instrument6 -> m7_make_power_available 287053
287820 do_switching satellite2 instrument6 -> m4_do_switching 287821
287848 do_turning satellite2 Star1 -> m8_do_turning 287849
288580 do_turning satellite2 Star31 -> m8_do_turning 288581
288584 make_power_available satellite6 instrument16 -> m7_make_power_available 288585
289351 do_switching satellite6 instrument14 -> m4_do_switching 289352
289380 do_turning satellite6 Star1 -> m8_do_turning 289381
290111 do_turning satellite6 Star32 -> m8_do_turning 290112
290117 do_switching satellite3 instrument9 -> m4_do_switching 290118
291644 do_turning satellite3 Star33 -> m8_do_turning 291645
291649 do_switching satellite4 instrument12 -> m4_do_switching 291650
293176 do_turning satellite4 Planet34 -> m8_do_turning 293177
293180 make_power_available satellite6 instrument14 -> m7_make_power_available 293181
293948 do_switching satellite6 instrument16 -> m4_do_switching 293949
293976 do_turning satellite6 GroundStation3 -> m8_do_turning 293977
294708 do_turning satellite6 Phenomenon35 -> m8_do_turning 294709
294712 make_power_available satellite3 instrument9 -> m7_make_power_available 294713
295480 do_switching satellite3 instrument8 -> m4_do_switching 295481
295507 do_turning satellite3 Star2 -> m8_do_turning 295508
296239 do_turning satellite3 Planet36 -> m8_do_turning 296240
296245 do_switching satellite2 instrument6 -> m4_do_switching 296246
297771 do_turning satellite2 Star37 -> m8_do_turning 297772
297776 make_power_available satellite3 instrument8 -> m7_make_power_available 297777
298543 do_switching satellite3 instrument8 -> m4_do_switching 298544
298572 do_turning satellite3 Star2 -> m8_do_turning 298573
299304 do_turning satellite3 Planet38 -> m8_do_turning 299305
299308 make_power_available satellite2 instrument6 -> m7_make_power_available 299309
300076 do_switching satellite2 instrument6 -> m4_do_switching 300077
300103 do_turning satellite2 Star1 -> m8_do_turning 300104
300836 do_turning satellite2 Star39 -> m8_do_turning 300837
300840 do_switching satellite6 instrument16 -> m4_do_switching 300841
302368 do_turning satellite6 Star40 -> m8_do_turning 302369
302372 do_switching satellite6 instrument16 -> m4_do_switching 302373
303899 do_turning satellite6 Planet41 -> m8_do_turning 303900
303905 make_power_available satellite4 instrument12 -> m7_make_power_available 303906
304672 do_switching satellite4 instrument11 -> m4_do_switching 304673
304700 do_turning satellite4 Star1 -> m8_do_turning 304701
305431 do_turning satellite4 Phenomenon42 -> m8_do_turning 305432
305438 do_switching satellite2 instrument6 -> m4_do_switching 305439
306964 do_turning satellite2 Star43 -> m8_do_turning 306965
306970 make_power_available satellite2 instrument6 -> m7_make_power_available 306971
307735 do_switching satellite2 instrument5 -> m4_do_switching 307736
307764 do_turning satellite2 Star0 -> m8_do_turning 307765
308495 do_turning satellite2 Planet44 -> m8_do_turning 308496
308501 do_switching satellite5 instrument13 -> m4_do_switching 308502
310028 do_turning satellite5 Phenomenon45 -> m8_do_turning 310029
310032 make_power_available satellite0 instrument0 -> m7_make_power_available 310033
310799 do_switching satellite0 instrument0 -> m4_do_switching 310800
310828 do_turning satellite0 Star0 -> m8_do_turning 310829
311560 do_turning satellite0 Phenomenon46 -> m8_do_turning 311561
311565 do_switching satellite1 instrument2 -> m4_do_switching 311566
313091 do_turning satellite1 Star47 -> m8_do_turning 313092
313097 make_power_available satellite3 instrument8 -> m7_make_power_available 313098
313862 do_switching satellite3 instrument7 -> m4_do_switching 313863
313892 do_turning satellite3 Star1 -> m8_do_turning 313893
314623 do_turning satellite3 Star48 -> m8_do_turning 314624
314628 do_switching satellite0 instrument0 -> m4_do_switching 314629
316156 do_turning satellite0 Star50 -> m8_do_turning 316157
316162 make_power_available satellite3 instrument7 -> m7_make_power_available 316163
316926 do_switching satellite3 instrument8 -> m4_do_switching 316927
316956 do_turning satellite3 Star2 -> m8_do_turning 316957
317687 do_turning satellite3 Planet52 -> m8_do_turning 317688
317692 do_switching satellite5 instrument13 -> m4_do_switching 317693
319219 do_turning satellite5 Planet53 -> m8_do_turning 319220
319225 make_power_available satellite2 instrument5 -> m7_make_power_available 319226
319990 do_switching satellite2 instrument4 -> m4_do_switching 319991
320020 do_turning satellite2 GroundStation3 -> m8_do_turning 320021
320751 do_turning satellite2 Planet54 -> m8_do_turning 320752
320758 do_switching satellite6 instrument16 -> m4_do_switching 320759
322284 do_turning satellite6 Star55 -> m8_do_turning 322285
322289 make_power_available satellite2 instrument4 -> m7_make_power_available 322290
323056 do_switching satellite2 instrument6 -> m4_do_switching 323057
323083 do_turning satellite2 Star1 -> m8_do_turning 323084
323816 do_turning satellite2 Star56 -> m8_do_turning 323817
323821 make_power_available satellite0 instrument0 -> m7_make_power_available 323822
324586 do_switching satellite0 instrument0 -> m4_do_switching 324587
324615 do_turning satellite0 Star0 -> m8_do_turning 324616
325348 do_turning satellite0 Planet57 -> m8_do_turning 325349
325352 do_switching satellite3 instrument8 -> m4_do_switching 325353
326879 do_turning satellite3 Planet58 -> m8_do_turning 326880
326884 do_switching satellite6 instrument16 -> m4_do_switching 326885
328411 do_turning satellite6 Planet59 -> m8_do_turning 328412
328417 do_switching satellite5 instrument13 -> m4_do_switching 328418
329944 do_turning satellite5 Planet60 -> m8_do_turning 329945
329948 make_power_available satellite1 instrument2 -> m7_make_power_available 329949
330714 do_switching satellite1 instrument2 -> m4_do_switching 330715
330744 do_turning satellite1 Star2 -> m8_do_turning 330745
331476 do_turning satellite1 Planet61 -> m8_do_turning 331477
331480 make_power_available satellite0 instrument0 -> m7_make_power_available 331481
332247 do_switching satellite0 instrument1 -> m4_do_switching 332248
332275 do_turning satellite0 Star0 -> m8_do_turning 332276
333008 do_turning satellite0 Phenomenon63 -> m8_do_turning 333009
333014 make_power_available satellite0 instrument1 -> m7_make_power_available 333015
333780 do_switching satellite0 instrument0 -> m4_do_switching 333781
333807 do_turning satellite0 Star0 -> m8_do_turning 333808
334539 do_turning satellite0 Phenomenon64 -> m8_do_turning 334540
334544 make_power_available satellite7 instrument17 -> m7_make_power_available 334545
335312 do_switching satellite7 instrument18 -> m4_do_switching 335313
335340 do_turning satellite7 Star2 -> m8_do_turning 335341
336072 do_turning satellite7 Planet65 -> m8_do_turning 336073
336077 do_switching satellite0 instrument0 -> m4_do_switching 336078
337604 do_turning satellite0 Phenomenon66 -> m8_do_turning 337605
337609 do_switching satellite6 instrument16 -> m4_do_switching 337610
339135 do_turning satellite6 Phenomenon67 -> m8_do_turning 339136
339140 make_power_available satellite6 instrument16 -> m7_make_power_available 339141
339908 do_switching satellite6 instrument15 -> m4_do_switching 339909
339936 do_turning satellite6 GroundStation3 -> m8_do_turning 339937
340668 do_turning satellite6 Phenomenon68 -> m8_do_turning 340669
340672 do_switching satellite7 instrument18 -> m4_do_switching 340673
342199 do_turning satellite7 Planet69 -> m8_do_turning 342200
342205 make_power_available satellite7 instrument18 -> m7_make_power_available 342206
342970 do_switching satellite7 instrument19 -> m4_do_switching 342971
343001 do_turning satellite7 Star2 -> m8_do_turning 343002
343731 do_turning satellite7 Planet70 -> m8_do_turning 343732
343737 make_power_available satellite7 instrument19 -> m7_make_power_available 343738
344504 do_switching satellite7 instrument17 -> m4_do_switching 344505
344531 do_turning satellite7 Star2 -> m8_do_turning 344532
345264 do_turning satellite7 Phenomenon71 -> m8_do_turning 345265
345268 do_switching satellite6 instrument15 -> m4_do_switching 345269
346796 do_turning satellite6 Planet72 -> m8_do_turning 346797
346802 do_switching satellite5 instrument13 -> m4_do_switching 346803
348327 do_turning satellite5 Phenomenon73 -> m8_do_turning 348328
348333 do_turning satellite3 Planet34 -> m8_do_turning 348334
348336 do_turning satellite4 Phenomenon12 -> m8_do_turning 348337
348338 do_turning satellite6 Planet41 -> m8_do_turning 348339
348341 do_turning satellite7 Star6 -> m8_do_turning 348342
<==
19.656 End of solution plan. (counted length of 364)
19.656 Total amount of clauses encoded: 2372256
19.656 - directframeaxioms : 1177902 cls
19.656 - qfactsemantics : 480688 cls
19.656 - indirectframeaxioms : 395744 cls
19.656 - reductionconstraints : 127774 cls
19.656 - actionconstraints : 119406 cls
19.656 - qconstequality : 28194 cls
19.656 - substitutionconstraints : 26236 cls
19.656 - predecessors : 4946 cls
19.656 - atmostoneelement : 4886 cls
19.656 - expansions : 4687 cls
19.656 - actioneffects : 1087 cls
19.656 - truefacts : 704 cls
19.656 - axiomaticops : 2 cls
19.656 # instantiated positions: 2077
19.656 # instantiated actions: 4057
19.656 # instantiated reductions: 890
19.656 # introduced pseudo-constants: 640
19.656 # retroactive prunings: 1
19.656 # retroactively pruned operations: 1
19.656 # dominated operations: 0
19.656 # total invalid rigid preconditions found in getPFC: 0
19.656 # invalid rigid preconditions found in getPFC: 0
19.656 # invalid rigid preconditions found in getPFC in varrestrictions: 0
19.656 # total invalid fluent preconditions found in getPFC: 1
19.656 # invalid fluent preconditions found in getPFC: 0
19.656 # invalid fluent preconditions found in getPFC in varrestrictions: 0
19.656 # invalid fluent preconditions found in getPFC via postconditions: 1
19.656 # invalid subtasks found in getPFC: 0
19.656 # number effects in operation fact_frames: 226
19.656 Exiting happily.

RUNWATCH_RESULT EXIT RETVAL 0 TIME_SECS 19.7212 MEMPEAK_KBS 650620
