    _           _         _
   \ |         \ |       | |                       
   | |     __  | |      _| |______                
   | |     \/  | |     /_   ______\                
   | |      _  | |   __  | |  ___   ___   ___       
   | |___  | | | |  / .\ | | / , | |   \ / ·_\    
   \_____\ |_| |__\ \__/ |_| \___) |_|_| \___\  
[39mL i l o t a n e  version rls-glucose4
by Dominik Schreiber <dominik.schreiber@kit.edu> 2020-2021
using SAT solver glucose4

0.018 Parser finished.
0.018 Structures extracted.
0.020 72 operators and 56 methods created.
0.198 Mined 27 new reduction preconditions (+39.7%).
0.198 Iteration 0.
0.198 Creating initial layer of size 2
0.217 Attempting to solve formula with 3 clauses (3 literals) and 1 assumptions
0.217 Unsolvable at layer 0 -- expanding.
0.217 Iteration 1.
0.217 New layer size: 34
0.217 Instantiating ...
0.978 Collected 96 relevant facts at this layer
0.978 Encoding ...
1.021 Attempting to solve formula with 6792 clauses (19756 literals) and 33 assumptions
1.022 Unsolvable at layer 1 -- expanding.
1.022 Iteration 2.
1.022 New layer size: 67
1.022 Instantiating ...
3.134 Collected 769 relevant facts at this layer
3.134 Encoding ...
3.235 Attempting to solve formula with 79701 clauses (216358 literals) and 33 assumptions
3.235 Unsolvable at layer 2 -- expanding.
3.235 Iteration 3.
3.235 New layer size: 100
3.235 Instantiating ...
6.989 Collected 1232 relevant facts at this layer
6.989 Encoding ...
7.146 Attempting to solve formula with 155102 clauses (421937 literals) and 66 assumptions
7.146 Unsolvable at layer 3 -- expanding.
7.146 Iteration 4.
7.146 New layer size: 133
7.146 Instantiating ...
7.151 Retroactively prune reduction (_splitting_method_DO-AT-LOAD-AIRPLANE0_splitted_2 OBJ81 Q_3,0_AIRPLANE:0_e21ffab4873cefb6 POS8)@(3,0): no children at offset 0
7.151 Retroactively prune reduction (M15-ACHIEVE-AT0 Q_3,1_AIRPLANE:0_e21ffab4873cefb6 OBJ81 APT10)@(3,1): no children at offset 0
10.987 Collected 1253 relevant facts at this layer
10.987 Encoding ...
11.202 Attempting to solve formula with 252083 clauses (678648 literals) and 99 assumptions
11.202 Unsolvable at layer 4 -- expanding.
11.202 Iteration 5.
11.202 New layer size: 232
11.202 Instantiating ...
21.987 Collected 2849 relevant facts at this layer
21.987 Encoding ...
22.968 Attempting to solve formula with 845582 clauses (2606993 literals) and 132 assumptions
22.969 Unsolvable at layer 5 -- expanding.
22.969 Iteration 6.
22.969 New layer size: 364
22.969 Instantiating ...
46.968 Collected 2849 relevant facts at this layer
46.968 Encoding ...
48.707 Attempting to solve formula with 1889475 clauses (6102577 literals) and 165 assumptions
48.708 Unsolvable at layer 6 -- expanding.
48.708 Iteration 7.
48.708 New layer size: 529
48.708 Instantiating ...
86.472 Collected 2849 relevant facts at this layer
86.472 Encoding ...
89.318 Attempting to solve formula with 3303480 clauses (10910074 literals) and 198 assumptions
92.551 Unsolvable at layer 7 -- expanding.
92.551 Iteration 8.
92.551 New layer size: 727
92.551 Instantiating ...
144.040 Collected 2849 relevant facts at this layer
144.040 Encoding ...
147.701 Attempting to solve formula with 5071149 clauses (17011794 literals) and 231 assumptions
148.052 Unsolvable at layer 8 -- expanding.
148.052 Iteration 9.
148.052 New layer size: 958
148.052 Instantiating ...
213.675 Collected 2849 relevant facts at this layer
213.675 Encoding ...
218.514 Attempting to solve formula with 7156353 clauses (24227343 literals) and 264 assumptions
219.116 Unsolvable at layer 9 -- expanding.
219.116 Iteration 10.
219.116 New layer size: 1222
219.116 Instantiating ...
299.191 Collected 2849 relevant facts at this layer
299.191 Encoding ...
305.874 Attempting to solve formula with 9558196 clauses (32551436 literals) and 297 assumptions
306.393 Unsolvable at layer 10 -- expanding.
306.393 Iteration 11.
306.393 New layer size: 1519
306.393 Instantiating ...
401.381 Collected 2849 relevant facts at this layer
401.381 Encoding ...
409.320 Attempting to solve formula with 12276901 clauses (41983486 literals) and 330 assumptions
410.447 Unsolvable at layer 11 -- expanding.
410.447 Iteration 12.
410.448 New layer size: 1849
410.448 Instantiating ...
519.361 Collected 2849 relevant facts at this layer
519.361 Encoding ...
529.508 Attempting to solve formula with 15313086 clauses (52524749 literals) and 363 assumptions
c
c Try to adapt solver strategies
c 
c Nothing extreme in this problem, continue with glucose default strategies.
c
1800.299 Termination signal caught.
1800.299 Total amount of clauses encoded: 15313086
1800.299 - directframeaxioms : 6229606 cls
1800.299 - qfactsemantics : 3671392 cls
1800.299 - indirectframeaxioms : 3574168 cls
1800.299 - reductionconstraints : 1299608 cls
1800.299 - atmostoneelement : 190868 cls
1800.299 - actionconstraints : 87650 cls
1800.299 - qconstequality : 68244 cls
1800.299 - substitutionconstraints : 67408 cls
1800.299 - expansions : 53193 cls
1800.299 - predecessors : 51322 cls
1800.299 - actioneffects : 11558 cls
1800.299 - qtypeconstraints : 5215 cls
1800.299 - truefacts : 2849 cls
1800.299 - forbiddenoperations : 3 cls
1800.299 - axiomaticops : 2 cls
1800.299 # instantiated positions: 7735
1800.299 # instantiated actions: 39785
1800.299 # instantiated reductions: 11538
1800.299 # introduced pseudo-constants: 6340
1800.299 # retroactive prunings: 4
1800.299 # retroactively pruned operations: 5
1800.299 # dominated operations: 0
1800.299 # total invalid rigid preconditions found in getPFC: 0
1800.299 # invalid rigid preconditions found in getPFC: 0
1800.299 # invalid rigid preconditions found in getPFC in varrestrictions: 0
1800.299 # total invalid fluent preconditions found in getPFC: 87
1800.299 # invalid fluent preconditions found in getPFC: 21
1800.299 # invalid fluent preconditions found in getPFC in varrestrictions: 66
1800.299 # invalid fluent preconditions found in getPFC via postconditions: 0
1800.299 # invalid subtasks found in getPFC: 0
1800.299 # number effects in operation fact_frames: 676
1800.299 # number of variables restricted: 3042178
1800.299 # number of nodes variables restricted: 1606568
1800.299 Exiting happily.

RUNWATCH_RESULT TIMEOUT RETVAL 0 TIME_SECS 1800.8 MEMPEAK_KBS 8818336
