pandaPIparser is configured as follows
  Colors in output: true
  Mode: parsing mode
  Parameter splitting: true
  Conditional effects: exponential encoding
  Disjunctive preconditions as HTN: false
  Replace goal with action: false
  Output: pandaPI format
General Options
  Print timings: false
  Quiet mode: false
Inference Options
  H2 mutexes: false
  FAM groups: false
Transformation Options
  Add zero-cost no-op to empty methods: true
  Remove duplicate actions: true
  Remove useless literals: true
  Expand abstract tasks with one method: true
  Remove empty method preconditions: true
  Two regularisation: false
  Compile negative SAS variables: false
Runtime Optimisations
  Hierarchy Typing: true
  Future Caching: false
  Static Precondition Checking: false
Output Options
  Panda planner format: true
  HDDL: false
  SAS for Fast Downward (without hierarchy): false
Output Formatting Options
  Output only SAS+ variables: false
  SAS+ delete mode: as input
Reading input from /home/schnell/lilotane/sotaevaluation//PandaGBFS_runwatchtime_timeout1800_2021-11-16_21:14:14/runwatch_log/663/663.parsed.
Writing output to /home/schnell/lilotane/sotaevaluation//PandaGBFS_runwatchtime_timeout1800_2021-11-16_21:14:14/runwatch_log/663/663.sas.
Writing output to standard output.
Parsing done.
Conditional Effects expanded
done.
Starting Hierarchy Typing
Total 9.254ms
Contains 0.478ms
Restrict 1.264ms
MPrep 1.284ms
Finished Hierarchy Typing
Running PG.
Process actions without preconditions
Done.
 ---> Disabling potentially consistent extension checking for action:           320 (__method_precondition_M197-ACHIEVE-CLEAR3_split)
 ---> Disabling potentially consistent extension checking for action:           338 (__method_precondition_M108-ACHIEVE-HOME0_split)
 ---> Disabling potentially consistent extension checking for action:           344 (__method_precondition_M111-ACHIEVE-HOME0_split)
 ---> Disabling potentially consistent extension checking for action:           360 (__method_precondition_M224-ACHIEVE-HOME3_split)
 ---> Disabling potentially consistent extension checking for action:           374 (__method_precondition_M97-ACHIEVE-INCELL0_split)
 ---> Disabling potentially consistent extension checking for action:           420 (__method_precondition_M76-ACHIEVE-ON0_split)
 ---> Disabling potentially consistent extension checking for action:           426 (__method_precondition_M79-ACHIEVE-ON0_split)
 ---> Disabling potentially consistent extension checking for action:           468 (__method_precondition_M188-ACHIEVE-ON3_split)
 ---> Disabling potentially consistent extension checking for action:           312 (__method_precondition_M160-ACHIEVE-CLEAR2_split)
 ---> Disabling potentially consistent extension checking for action:           318 (__method_precondition_M195-ACHIEVE-CLEAR3_split)
 ---> Disabling potentially consistent extension checking for action:           334 (__method_precondition_M106-ACHIEVE-HOME0_split)
 ---> Disabling potentially consistent extension checking for action:           340 (__method_precondition_M109-ACHIEVE-HOME0_split)
 ---> Disabling potentially consistent extension checking for action:           358 (__method_precondition_M222-ACHIEVE-HOME3_split)
 ---> Disabling potentially consistent extension checking for action:           370 (__method_precondition_M95-ACHIEVE-INCELL0_split)
 ---> Disabling potentially consistent extension checking for action:           382 (__method_precondition_M135-ACHIEVE-INCELL1_split)
 ---> Disabling potentially consistent extension checking for action:           416 (__method_precondition_M74-ACHIEVE-ON0_split)
 ---> Disabling potentially consistent extension checking for action:           422 (__method_precondition_M77-ACHIEVE-ON0_split)
 ---> Disabling potentially consistent extension checking for action:           434 (__method_precondition_M121-ACHIEVE-ON1_split)
 ---> Disabling potentially consistent extension checking for action:           438 (__method_precondition_M123-ACHIEVE-ON1_split)
 ---> Disabling potentially consistent extension checking for action:           452 (__method_precondition_M150-ACHIEVE-ON2_split)
 ---> Disabling potentially consistent extension checking for action:           466 (__method_precondition_M186-ACHIEVE-ON3_split)
 ---> Disabling potentially consistent extension checking for action:           90 (__method_precondition_M242-ACHIEVE-COLSPACE5)
 ---> Disabling potentially consistent extension checking for action:           111 (__method_precondition_M214-ACHIEVE-HOME3)
 ---> Disabling potentially consistent extension checking for action:           146 (__method_precondition_M165-ACHIEVE-INCELL2)
 ---> Disabling potentially consistent extension checking for action:           156 (__method_precondition_M201-ACHIEVE-INCELL3)
 ---> Disabling potentially consistent extension checking for action:           5 (SENDTOHOME)
 ---> Disabling potentially consistent extension checking for action:           2 (SENDTOFREE)
 ---> Disabling potentially consistent extension checking for action:           4 (SENDTONEWCOL)
 ---> Disabling potentially consistent extension checking for action:           194 (__method_precondition_M144-ACHIEVE-ON2)
 ---> Disabling potentially consistent extension checking for action:           206 (__method_precondition_M178-ACHIEVE-ON3)
 ---> Disabling potentially consistent extension checking for action:           192 (__method_precondition_M142-ACHIEVE-ON2)
 ---> Disabling potentially consistent extension checking for action:           204 (__method_precondition_M176-ACHIEVE-ON3)
 ---> Disabling potentially consistent extension checking for action:           196 (__method_precondition_M146-ACHIEVE-ON2)
 ---> Disabling potentially consistent extension checking for action:           208 (__method_precondition_M180-ACHIEVE-ON3)
 ---> Disabling potentially consistent extension checking for action:           415 (__method_precondition_M74-ACHIEVE-ON0_base)
 ---> Disabling potentially consistent extension checking for action:           417 (__method_precondition_M75-ACHIEVE-ON0_base)
 ---> Disabling potentially consistent extension checking for action:           419 (__method_precondition_M76-ACHIEVE-ON0_base)
 ---> Disabling potentially consistent extension checking for action:           433 (__method_precondition_M121-ACHIEVE-ON1_base)
 ---> Disabling potentially consistent extension checking for action:           435 (__method_precondition_M122-ACHIEVE-ON1_base)
 ---> Disabling potentially consistent extension checking for action:           445 (__method_precondition_M145-ACHIEVE-ON2_base)
 ---> Disabling potentially consistent extension checking for action:           447 (__method_precondition_M147-ACHIEVE-ON2_base)
 ---> Disabling potentially consistent extension checking for action:           449 (__method_precondition_M149-ACHIEVE-ON2_base)
 ---> Disabling potentially consistent extension checking for action:           457 (__method_precondition_M179-ACHIEVE-ON3_base)
 ---> Disabling potentially consistent extension checking for action:           459 (__method_precondition_M181-ACHIEVE-ON3_base)
 ---> Disabling potentially consistent extension checking for action:           461 (__method_precondition_M183-ACHIEVE-ON3_base)
 ---> Disabling potentially consistent extension checking for action:           463 (__method_precondition_M185-ACHIEVE-ON3_base)
 ---> Disabling potentially consistent extension checking for action:           497 (__method_precondition_M148-ACHIEVE-ON2_base)
 ---> Disabling potentially consistent extension checking for action:           501 (__method_precondition_M182-ACHIEVE-ON3_base)
 ---> Disabling potentially consistent extension checking for action:           503 (__method_precondition_M184-ACHIEVE-ON3_base)
 ---> Disabling potentially consistent extension checking for action:           72 (__method_precondition_M155-ACHIEVE-CLEAR2)
 ---> Disabling potentially consistent extension checking for action:           79 (__method_precondition_M192-ACHIEVE-CLEAR3)
 ---> Disabling potentially consistent extension checking for action:           9 (NEWCOLFROMFREECELL)
 ---> Disabling potentially consistent extension checking for action:           3 (SENDTOFREE-B)
 ---> Disabling potentially consistent extension checking for action:           70 (__method_precondition_M153-ACHIEVE-CLEAR2)
 ---> Disabling potentially consistent extension checking for action:           77 (__method_precondition_M190-ACHIEVE-CLEAR3)
 ---> Disabling potentially consistent extension checking for action:           109 (__method_precondition_M212-ACHIEVE-HOME3)
 ---> Disabling potentially consistent extension checking for action:           144 (__method_precondition_M163-ACHIEVE-INCELL2)
 ---> Disabling potentially consistent extension checking for action:           154 (__method_precondition_M199-ACHIEVE-INCELL3)
 ---> Disabling potentially consistent extension checking for action:           324 (__method_precondition_M243-ACHIEVE-COLSPACE5_split)
 ---> Disabling potentially consistent extension checking for action:           482 (__method_precondition_M241-ACHIEVE-COLSPACE5_split)
Returning from runGpg().
PG done. Postprocessing
PG postprocessing done.
Calculated [100453] grounded tasks and [2705] reachable facts.
Running TDG.
Process actions without preconditions
Done.
 ---> Disabling potentially consistent extension checking for action:           390 (M62-DO-COLSPACE-SENDTOFREE-B5)
 ---> Disabling potentially consistent extension checking for action:           407 (M16-DO-ON-SENDTOFREE0)
 ---> Disabling potentially consistent extension checking for action:           408 (M26-DO-ON-SENDTOFREE1)
 ---> Disabling potentially consistent extension checking for action:           409 (M32-DO-ON-SENDTOFREE2)
 ---> Disabling potentially consistent extension checking for action:           410 (M43-DO-ON-SENDTOFREE3)
 ---> Disabling potentially consistent extension checking for action:           393 (M21-DO-INCELL-COLFROMFREECELL0)
 ---> Disabling potentially consistent extension checking for action:           394 (M29-DO-INCELL-COLFROMFREECELL1)
 ---> Disabling potentially consistent extension checking for action:           395 (M40-DO-INCELL-COLFROMFREECELL2)
 ---> Disabling potentially consistent extension checking for action:           396 (M53-DO-INCELL-COLFROMFREECELL3)
 ---> Disabling potentially consistent extension checking for action:           399 (M22-DO-INCELL-NEWCOLFROMFREECELL0)
 ---> Disabling potentially consistent extension checking for action:           400 (M30-DO-INCELL-NEWCOLFROMFREECELL1)
 ---> Disabling potentially consistent extension checking for action:           401 (M41-DO-INCELL-NEWCOLFROMFREECELL2)
 ---> Disabling potentially consistent extension checking for action:           402 (M54-DO-INCELL-NEWCOLFROMFREECELL3)
 ---> Disabling potentially consistent extension checking for action:           414 (M15-DO-ON-SENDTONEWCOL0)
 ---> Disabling potentially consistent extension checking for action:           415 (M25-DO-ON-SENDTONEWCOL1)
 ---> Disabling potentially consistent extension checking for action:           416 (M33-DO-ON-SENDTONEWCOL2)
 ---> Disabling potentially consistent extension checking for action:           417 (M44-DO-ON-SENDTONEWCOL3)
 ---> Disabling potentially consistent extension checking for action:           366 (M18-DO-BOTTOMCOL-MOVE-B0)
 ---> Disabling potentially consistent extension checking for action:           367 (M27-DO-BOTTOMCOL-MOVE-B1)
 ---> Disabling potentially consistent extension checking for action:           368 (M19-DO-BOTTOMCOL-SENDTOFREE-B0)
 ---> Disabling potentially consistent extension checking for action:           369 (M28-DO-BOTTOMCOL-SENDTOFREE-B1)
 ---> Disabling potentially consistent extension checking for action:           374 (M57-DO-CELLSPACE-SENDTOFREE-B4)
 ---> Disabling potentially consistent extension checking for action:           382 (M39-DO-CLEAR-SENDTOFREE-B2)
 ---> Disabling potentially consistent extension checking for action:           383 (M50-DO-CLEAR-SENDTOFREE-B3)
 ---> Disabling potentially consistent extension checking for action:           378 (M36-DO-CLEAR-MOVE-B2)
 ---> Disabling potentially consistent extension checking for action:           379 (M47-DO-CLEAR-MOVE-B3)
 ---> Disabling potentially consistent extension checking for action:           370 (M20-DO-BOTTOMCOL-SENDTOHOME-B0)
 ---> Disabling potentially consistent extension checking for action:           386 (M52-DO-CLEAR-SENDTOHOME-B3)
 ---> Disabling potentially consistent extension checking for action:           391 (M64-DO-COLSPACE-SENDTOHOME-B5)
 ---> Disabling potentially consistent extension checking for action:           397 (M23-DO-INCELL-HOMEFROMFREECELL0)
 ---> Disabling potentially consistent extension checking for action:           398 (M55-DO-INCELL-HOMEFROMFREECELL3)
 ---> Disabling potentially consistent extension checking for action:           411 (M17-DO-ON-SENDTOHOME0)
 ---> Disabling potentially consistent extension checking for action:           412 (M34-DO-ON-SENDTOHOME2)
 ---> Disabling potentially consistent extension checking for action:           413 (M45-DO-ON-SENDTOHOME3)
 ---> Disabling potentially consistent extension checking for action:           371 (M59-DO-CELLSPACE-COLFROMFREECELL4)
 ---> Disabling potentially consistent extension checking for action:           373 (M60-DO-CELLSPACE-NEWCOLFROMFREECELL4)
 ---> Disabling potentially consistent extension checking for action:           389 (M65-DO-COLSPACE-NEWCOLFROMFREECELL5)
 ---> Disabling potentially consistent extension checking for action:           372 (M58-DO-CELLSPACE-HOMEFROMFREECELL4)
 ---> Disabling potentially consistent extension checking for action:           376 (M37-DO-CLEAR-COLFROMFREECELL2)
 ---> Disabling potentially consistent extension checking for action:           377 (M48-DO-CLEAR-COLFROMFREECELL3)
 ---> Disabling potentially consistent extension checking for action:           375 (M56-DO-CELLSPACE-SENDTOFREE4)
 ---> Disabling potentially consistent extension checking for action:           384 (M38-DO-CLEAR-SENDTOFREE2)
 ---> Disabling potentially consistent extension checking for action:           385 (M49-DO-CLEAR-SENDTOFREE3)
 ---> Disabling potentially consistent extension checking for action:           392 (M63-DO-COLSPACE-SENDTONEWCOL5)
 ---> Disabling potentially consistent extension checking for action:           387 (M51-DO-CLEAR-SENDTOHOME3)
 ---> Disabling potentially consistent extension checking for action:           380 (M35-DO-CLEAR-MOVE2)
 ---> Disabling potentially consistent extension checking for action:           381 (M46-DO-CLEAR-MOVE3)
 ---> Disabling potentially consistent extension checking for action:           113 (_splitting_method_M104-ACHIEVE-HOME0_splitted_38)
 ---> Disabling potentially consistent extension checking for action:           178 (_splitting_method_M93-ACHIEVE-INCELL0_splitted_62)
 ---> Disabling potentially consistent extension checking for action:           267 (_splitting_method_M72-ACHIEVE-ON0_splitted_94)
 ---> Disabling potentially consistent extension checking for action:           193 (_splitting_method_M134-ACHIEVE-INCELL1_splitted_69)
 ---> Disabling potentially consistent extension checking for action:           288 (_splitting_method_M120-ACHIEVE-ON1_splitted_104)
 ---> Disabling potentially consistent extension checking for action:           123 (_splitting_method_M109-ACHIEVE-HOME0_splitted_43)
 ---> Disabling potentially consistent extension checking for action:           277 (_splitting_method_M77-ACHIEVE-ON0_splitted_99)
 ---> Disabling potentially consistent extension checking for action:           294 (_splitting_method_M123-ACHIEVE-ON1_splitted_107)
 ---> Disabling potentially consistent extension checking for action:           64 (_splitting_method_M160-ACHIEVE-CLEAR2_splitted_22)
 ---> Disabling potentially consistent extension checking for action:           323 (_splitting_method_M150-ACHIEVE-ON2_splitted_118)
 ---> Disabling potentially consistent extension checking for action:           80 (_splitting_method_M195-ACHIEVE-CLEAR3_splitted_28)
 ---> Disabling potentially consistent extension checking for action:           160 (_splitting_method_M222-ACHIEVE-HOME3_splitted_57)
 ---> Disabling potentially consistent extension checking for action:           359 (_splitting_method_M186-ACHIEVE-ON3_splitted_131)
 ---> Disabling potentially consistent extension checking for action:           91 (_splitting_method_M240-ACHIEVE-COLSPACE5_splitted_31)
 ---> Disabling potentially consistent extension checking for action:           111 (_splitting_method_M103-ACHIEVE-HOME0_splitted_37)
 ---> Disabling potentially consistent extension checking for action:           176 (_splitting_method_M92-ACHIEVE-INCELL0_splitted_61)
 ---> Disabling potentially consistent extension checking for action:           265 (_splitting_method_M71-ACHIEVE-ON0_splitted_93)
 ---> Disabling potentially consistent extension checking for action:           191 (_splitting_method_M133-ACHIEVE-INCELL1_splitted_68)
 ---> Disabling potentially consistent extension checking for action:           286 (_splitting_method_M119-ACHIEVE-ON1_splitted_103)
 ---> Disabling potentially consistent extension checking for action:           58 (_splitting_method_M154-ACHIEVE-CLEAR2_splitted_20)
 ---> Disabling potentially consistent extension checking for action:           205 (_splitting_method_M164-ACHIEVE-INCELL2_splitted_74)
 ---> Disabling potentially consistent extension checking for action:           304 (_splitting_method_M143-ACHIEVE-ON2_splitted_111)
 ---> Disabling potentially consistent extension checking for action:           74 (_splitting_method_M191-ACHIEVE-CLEAR3_splitted_26)
 ---> Disabling potentially consistent extension checking for action:           135 (_splitting_method_M213-ACHIEVE-HOME3_splitted_48)
 ---> Disabling potentially consistent extension checking for action:           230 (_splitting_method_M200-ACHIEVE-INCELL3_splitted_83)
 ---> Disabling potentially consistent extension checking for action:           334 (_splitting_method_M177-ACHIEVE-ON3_splitted_122)
 ---> Disabling potentially consistent extension checking for action:           117 (_splitting_method_M106-ACHIEVE-HOME0_splitted_40)
 ---> Disabling potentially consistent extension checking for action:           182 (_splitting_method_M95-ACHIEVE-INCELL0_splitted_64)
 ---> Disabling potentially consistent extension checking for action:           271 (_splitting_method_M74-ACHIEVE-ON0_splitted_96)
 ---> Disabling potentially consistent extension checking for action:           195 (_splitting_method_M135-ACHIEVE-INCELL1_splitted_70)
 ---> Disabling potentially consistent extension checking for action:           290 (_splitting_method_M121-ACHIEVE-ON1_splitted_105)
 ---> Disabling potentially consistent extension checking for action:           121 (_splitting_method_M108-ACHIEVE-HOME0_splitted_42)
 ---> Disabling potentially consistent extension checking for action:           186 (_splitting_method_M97-ACHIEVE-INCELL0_splitted_66)
 ---> Disabling potentially consistent extension checking for action:           275 (_splitting_method_M76-ACHIEVE-ON0_splitted_98)
 ---> Disabling potentially consistent extension checking for action:           127 (_splitting_method_M111-ACHIEVE-HOME0_splitted_45)
 ---> Disabling potentially consistent extension checking for action:           281 (_splitting_method_M79-ACHIEVE-ON0_splitted_101)
 ---> Disabling potentially consistent extension checking for action:           85 (_splitting_method_M197-ACHIEVE-CLEAR3_splitted_30)
 ---> Disabling potentially consistent extension checking for action:           165 (_splitting_method_M224-ACHIEVE-HOME3_splitted_59)
 ---> Disabling potentially consistent extension checking for action:           364 (_splitting_method_M188-ACHIEVE-ON3_splitted_133)
 ---> Disabling potentially consistent extension checking for action:           302 (_splitting_method_M142-ACHIEVE-ON2_splitted_110)
 ---> Disabling potentially consistent extension checking for action:           332 (_splitting_method_M176-ACHIEVE-ON3_splitted_121)
 ---> Disabling potentially consistent extension checking for action:           307 (_splitting_method_M144-ACHIEVE-ON2_splitted_112)
 ---> Disabling potentially consistent extension checking for action:           337 (_splitting_method_M178-ACHIEVE-ON3_splitted_123)
 ---> Disabling potentially consistent extension checking for action:           44 (_splitting_method_M234-ACHIEVE-CELLSPACE4_splitted_137)
 ---> Disabling potentially consistent extension checking for action:           97 (_splitting_method_M242-ACHIEVE-COLSPACE5_splitted_33)
Returning from runGpg().
TDG done.
Calculated [154882] grounded tasks and [162072] grounded decomposition methods.
Performing DFS.
DFS done.
After DFS: 90997 tasks, 140931 methods.
Grounded PG:
Input was [38863, 90997], output was [38863, 1953].
Simplifying instance.
Removing useless facts/literals
Removing method precondition actions whose precondition is empty
Expanding abstract tasks with only one method
Starting duplicate elimination.
Data structure build.
14150 duplicates found.
Duplicates replaced in methods.
Further Mutex Groups: 0 strict 0 non strict
Writing instance to output.
Final Statistics: F 680 S 0 SC 0 SM 0 NSM 0 I 0 P 7828 S 9590 A 5327 M 94124
Exiting.
Random seed: 42
Time limit: 1800 seconds
Reading input from /home/schnell/lilotane/sotaevaluation//PandaGBFS_runwatchtime_timeout1800_2021-11-16_21:14:14/runwatch_log/663/663.sas.
- State has 680 bits divided into 680 mutex groups.
- Domain contains 17418 actions.
- Domain contains 22745 tasks.
- Domain contains 94124 methods.
- The initial state contains 339 set bits.
- The initial task is "__top[]".
- State-based goal contains 0 bits.
- Instance is totally-ordered: yes
- Instance has unique paths: yes
- Instance is parallel sequences: yes
Calculate SCCs...
- Number of SCCs: 20464
- The problem is cyclic
- Number of cyclic SCCs: 12
- Number of cyclic SCCs of size 1: 11
Selected Planning Algorithm: progression searchParsing heuristics ...
Number of specified heuristics: 1
- the option "store cuts" of the RC heuristic can only be used with the inner heuristic LM-Cut. It will be disabled.
- Calculating minimal implied costs and distances (189 ms)
Heuristic #0 = hhRC2(add;distance;correct count)
Search config:
 - type: path cost
 - weight: 1
 - suboptimal: false
Visited List configured
- mode: total order
- hashs to use: state task task-sequence
- memory information: topological ordering
- Visited list allows deletion of search nodes: true
Search Configuration
- Using JAIR 2020 progression algorithm
- Search is stopped after first solution is found.
- A* Search
- Distance G is "modification depth"
   9s visitime    0.00s generated nodes      5117 nodes/sec     555 cur h   37 mod.depth   12 inserts       211 dups         0 size       211 hash fail      0 hash buckets    211
  21s visitime    0.01s generated nodes     10435 nodes/sec     489 cur h   40 mod.depth   11 inserts       430 dups         0 size       430 hash fail      0 hash buckets    430
  33s visitime    0.01s generated nodes     15446 nodes/sec     458 cur h   39 mod.depth   14 inserts       778 dups         0 size       778 hash fail      0 hash buckets    778
  44s visitime    0.02s generated nodes     20446 nodes/sec     458 cur h   38 mod.depth   16 inserts      1220 dups         0 size      1220 hash fail      0 hash buckets   1220
  55s visitime    0.03s generated nodes     25447 nodes/sec     454 cur h   39 mod.depth   16 inserts      1681 dups         0 size      1681 hash fail      0 hash buckets   1681
  65s visitime    0.04s generated nodes     30450 nodes/sec     465 cur h   36 mod.depth   20 inserts      2373 dups         0 size      2373 hash fail      0 hash buckets   2373
  73s visitime    0.05s generated nodes     35451 nodes/sec     481 cur h   41 mod.depth   16 inserts      3027 dups         0 size      3027 hash fail      0 hash buckets   3027
  84s visitime    0.06s generated nodes     40454 nodes/sec     478 cur h   43 mod.depth   14 inserts      3574 dups         0 size      3574 hash fail      0 hash buckets   3574
  93s visitime    0.07s generated nodes     45454 nodes/sec     487 cur h   42 mod.depth   16 inserts      4248 dups         0 size      4248 hash fail      0 hash buckets   4248
 100s visitime    0.08s generated nodes     50458 nodes/sec     502 cur h   43 mod.depth   16 inserts      4891 dups         0 size      4891 hash fail      0 hash buckets   4891
 108s visitime    0.09s generated nodes     55462 nodes/sec     511 cur h   43 mod.depth   16 inserts      5494 dups         0 size      5494 hash fail      0 hash buckets   5494
 118s visitime    0.10s generated nodes     60462 nodes/sec     510 cur h   48 mod.depth   12 inserts      6025 dups         0 size      6025 hash fail      0 hash buckets   6025
 126s visitime    0.11s generated nodes     65465 nodes/sec     517 cur h   40 mod.depth   20 inserts      6654 dups         0 size      6654 hash fail      1 hash buckets   6653
 133s visitime    0.12s generated nodes     70569 nodes/sec     528 cur h   38 mod.depth   23 inserts      7104 dups         0 size      7104 hash fail      1 hash buckets   7103
 140s visitime    0.12s generated nodes     75712 nodes/sec     538 cur h   50 mod.depth   11 inserts      7457 dups         1 size      7456 hash fail      2 hash buckets   7455
 151s visitime    0.13s generated nodes     80714 nodes/sec     533 cur h   45 mod.depth   16 inserts      7782 dups         1 size      7781 hash fail      2 hash buckets   7780
 160s visitime    0.14s generated nodes     86075 nodes/sec     535 cur h   47 mod.depth   14 inserts      8252 dups         2 size      8250 hash fail      3 hash buckets   8249
 171s visitime    0.15s generated nodes     91136 nodes/sec     531 cur h   37 mod.depth   25 inserts      8725 dups         2 size      8723 hash fail      3 hash buckets   8722
 179s visitime    0.15s generated nodes     96137 nodes/sec     535 cur h   42 mod.depth   20 inserts      9206 dups         2 size      9204 hash fail      3 hash buckets   9203
 190s visitime    0.16s generated nodes    101302 nodes/sec     530 cur h   37 mod.depth   25 inserts      9571 dups         2 size      9569 hash fail      5 hash buckets   9566
 199s visitime    0.17s generated nodes    106641 nodes/sec     534 cur h   41 mod.depth   22 inserts      9957 dups         2 size      9955 hash fail      5 hash buckets   9952
 208s visitime    0.17s generated nodes    111645 nodes/sec     534 cur h   40 mod.depth   23 inserts     10311 dups         2 size     10309 hash fail      5 hash buckets  10306
 216s visitime    0.18s generated nodes    116671 nodes/sec     538 cur h   38 mod.depth   25 inserts     10678 dups         2 size     10676 hash fail      5 hash buckets  10673
 227s visitime    0.19s generated nodes    121673 nodes/sec     535 cur h   49 mod.depth   14 inserts     11027 dups         2 size     11025 hash fail      5 hash buckets  11022
 238s visitime    0.19s generated nodes    126745 nodes/sec     531 cur h   38 mod.depth   25 inserts     11337 dups         2 size     11335 hash fail      5 hash buckets  11332
 252s visitime    0.20s generated nodes    132084 nodes/sec     522 cur h   37 mod.depth   27 inserts     11661 dups         2 size     11659 hash fail      5 hash buckets  11656
 262s visitime    0.20s generated nodes    137088 nodes/sec     522 cur h   35 mod.depth   29 inserts     11999 dups         3 size     11996 hash fail      6 hash buckets  11993
 272s visitime    0.21s generated nodes    142089 nodes/sec     521 cur h   44 mod.depth   20 inserts     12408 dups         5 size     12403 hash fail      8 hash buckets  12400
 283s visitime    0.22s generated nodes    147092 nodes/sec     518 cur h   37 mod.depth   27 inserts     12806 dups         6 size     12800 hash fail      9 hash buckets  12797
 295s visitime    0.22s generated nodes    152095 nodes/sec     515 cur h   48 mod.depth   16 inserts     13184 dups         6 size     13178 hash fail      9 hash buckets  13175
 307s visitime    0.23s generated nodes    157222 nodes/sec     510 cur h   38 mod.depth   27 inserts     13437 dups         6 size     13431 hash fail     10 hash buckets  13427
 316s visitime    0.24s generated nodes    162222 nodes/sec     512 cur h   46 mod.depth   19 inserts     13825 dups         8 size     13817 hash fail     12 hash buckets  13813
 325s visitime    0.24s generated nodes    167224 nodes/sec     513 cur h   35 mod.depth   30 inserts     14230 dups        10 size     14220 hash fail     15 hash buckets  14215
 334s visitime    0.25s generated nodes    172354 nodes/sec     514 cur h   39 mod.depth   26 inserts     14587 dups        16 size     14571 hash fail     21 hash buckets  14566
 346s visitime    0.26s generated nodes    177368 nodes/sec     512 cur h   39 mod.depth   26 inserts     15092 dups        17 size     15075 hash fail     22 hash buckets  15070
 357s visitime    0.26s generated nodes    182627 nodes/sec     510 cur h   54 mod.depth   11 inserts     15490 dups        22 size     15468 hash fail     28 hash buckets  15462
 367s visitime    0.27s generated nodes    187628 nodes/sec     511 cur h   50 mod.depth   16 inserts     15923 dups        26 size     15897 hash fail     33 hash buckets  15890
 376s visitime    0.28s generated nodes    192631 nodes/sec     511 cur h   49 mod.depth   17 inserts     16405 dups        28 size     16377 hash fail     36 hash buckets  16369
 389s visitime    0.29s generated nodes    197653 nodes/sec     506 cur h   39 mod.depth   27 inserts     16761 dups        29 size     16732 hash fail     37 hash buckets  16724
 399s visitime    0.30s generated nodes    202659 nodes/sec     506 cur h   49 mod.depth   17 inserts     17331 dups        30 size     17301 hash fail     38 hash buckets  17293
 409s visitime    0.30s generated nodes    207764 nodes/sec     506 cur h   43 mod.depth   23 inserts     17678 dups        34 size     17644 hash fail     42 hash buckets  17636
 420s visitime    0.31s generated nodes    212867 nodes/sec     506 cur h   42 mod.depth   24 inserts     18100 dups        39 size     18061 hash fail     47 hash buckets  18053
 434s visitime    0.32s generated nodes    217988 nodes/sec     502 cur h   39 mod.depth   27 inserts     18564 dups        43 size     18521 hash fail     51 hash buckets  18513
 445s visitime    0.33s generated nodes    222993 nodes/sec     500 cur h   42 mod.depth   25 inserts     19057 dups        47 size     19010 hash fail     55 hash buckets  19002
 457s visitime    0.34s generated nodes    228137 nodes/sec     499 cur h   42 mod.depth   25 inserts     19534 dups        51 size     19483 hash fail     59 hash buckets  19475
 467s visitime    0.35s generated nodes    233138 nodes/sec     498 cur h   23 mod.depth   44 inserts     20052 dups        55 size     19997 hash fail     64 hash buckets  19988
 478s visitime    0.36s generated nodes    238141 nodes/sec     498 cur h   38 mod.depth   29 inserts     20617 dups        58 size     20559 hash fail     68 hash buckets  20549
 487s visitime    0.36s generated nodes    243170 nodes/sec     498 cur h   40 mod.depth   27 inserts     21065 dups        60 size     21005 hash fail     70 hash buckets  20995
 496s visitime    0.37s generated nodes    248173 nodes/sec     499 cur h   39 mod.depth   28 inserts     21621 dups        65 size     21556 hash fail     76 hash buckets  21545
 505s visitime    0.38s generated nodes    253174 nodes/sec     500 cur h   40 mod.depth   27 inserts     22057 dups        67 size     21990 hash fail     79 hash buckets  21978
 514s visitime    0.39s generated nodes    258174 nodes/sec     501 cur h   36 mod.depth   31 inserts     22406 dups        73 size     22333 hash fail     86 hash buckets  22320
 526s visitime    0.40s generated nodes    263208 nodes/sec     500 cur h   40 mod.depth   28 inserts     22898 dups        76 size     22822 hash fail     89 hash buckets  22809
 537s visitime    0.40s generated nodes    268544 nodes/sec     499 cur h   33 mod.depth   35 inserts     23420 dups        76 size     23344 hash fail     89 hash buckets  23331
 545s visitime    0.42s generated nodes    273840 nodes/sec     501 cur h   45 mod.depth   23 inserts     24084 dups        86 size     23998 hash fail    100 hash buckets  23984
 557s visitime    0.42s generated nodes    278841 nodes/sec     500 cur h   42 mod.depth   26 inserts     24542 dups        91 size     24451 hash fail    106 hash buckets  24436
 566s visitime    0.43s generated nodes    283843 nodes/sec     500 cur h   48 mod.depth   20 inserts     25067 dups        95 size     24972 hash fail    111 hash buckets  24956
 576s visitime    0.44s generated nodes    288874 nodes/sec     500 cur h   38 mod.depth   30 inserts     25601 dups        97 size     25504 hash fail    114 hash buckets  25487
 585s visitime    0.45s generated nodes    293876 nodes/sec     502 cur h   39 mod.depth   29 inserts     26161 dups       100 size     26061 hash fail    117 hash buckets  26044
 593s visitime    0.46s generated nodes    298879 nodes/sec     503 cur h   52 mod.depth   16 inserts     26815 dups       103 size     26712 hash fail    121 hash buckets  26694
 605s visitime    0.47s generated nodes    304017 nodes/sec     502 cur h   45 mod.depth   23 inserts     27213 dups       105 size     27108 hash fail    124 hash buckets  27089
 616s visitime    0.48s generated nodes    309137 nodes/sec     501 cur h   40 mod.depth   28 inserts     27739 dups       106 size     27633 hash fail    126 hash buckets  27613
 624s visitime    0.49s generated nodes    314138 nodes/sec     502 cur h   40 mod.depth   29 inserts     28406 dups       109 size     28297 hash fail    130 hash buckets  28276
 633s visitime    0.50s generated nodes    319140 nodes/sec     504 cur h   34 mod.depth   35 inserts     28925 dups       112 size     28813 hash fail    133 hash buckets  28792
 643s visitime    0.51s generated nodes    324242 nodes/sec     503 cur h   44 mod.depth   25 inserts     29402 dups       114 size     29288 hash fail    135 hash buckets  29267
 651s visitime    0.52s generated nodes    329242 nodes/sec     505 cur h   37 mod.depth   32 inserts     30076 dups       116 size     29960 hash fail    138 hash buckets  29938
 662s visitime    0.53s generated nodes    334244 nodes/sec     504 cur h   43 mod.depth   26 inserts     30639 dups       121 size     30518 hash fail    145 hash buckets  30494
 672s visitime    0.54s generated nodes    339256 nodes/sec     504 cur h   42 mod.depth   27 inserts     31096 dups       125 size     30971 hash fail    149 hash buckets  30947
 681s visitime    0.55s generated nodes    344565 nodes/sec     505 cur h   41 mod.depth   28 inserts     31547 dups       128 size     31419 hash fail    152 hash buckets  31395
 689s visitime    0.56s generated nodes    349565 nodes/sec     507 cur h   41 mod.depth   28 inserts     32077 dups       133 size     31944 hash fail    159 hash buckets  31918
 699s visitime    0.57s generated nodes    354574 nodes/sec     506 cur h   42 mod.depth   27 inserts     32609 dups       136 size     32473 hash fail    165 hash buckets  32444
 708s visitime    0.58s generated nodes    359850 nodes/sec     507 cur h   33 mod.depth   36 inserts     33078 dups       137 size     32941 hash fail    168 hash buckets  32910
 717s visitime    0.59s generated nodes    364853 nodes/sec     508 cur h   28 mod.depth   42 inserts     33769 dups       141 size     33628 hash fail    172 hash buckets  33597
 725s visitime    0.60s generated nodes    369854 nodes/sec     509 cur h   37 mod.depth   33 inserts     34291 dups       143 size     34148 hash fail    174 hash buckets  34117
 736s visitime    0.61s generated nodes    374861 nodes/sec     508 cur h   45 mod.depth   25 inserts     35000 dups       145 size     34855 hash fail    178 hash buckets  34822
 745s visitime    0.62s generated nodes    379863 nodes/sec     509 cur h   44 mod.depth   26 inserts     35588 dups       146 size     35442 hash fail    180 hash buckets  35408
 755s visitime    0.63s generated nodes    384864 nodes/sec     509 cur h   39 mod.depth   31 inserts     35991 dups       147 size     35844 hash fail    181 hash buckets  35810
 765s visitime    0.64s generated nodes    389885 nodes/sec     509 cur h   30 mod.depth   40 inserts     36701 dups       149 size     36552 hash fail    183 hash buckets  36518
 777s visitime    0.65s generated nodes    395036 nodes/sec     508 cur h   44 mod.depth   25 inserts     37255 dups       149 size     37106 hash fail    186 hash buckets  37069
 785s visitime    0.66s generated nodes    400038 nodes/sec     509 cur h   37 mod.depth   33 inserts     37746 dups       153 size     37593 hash fail    191 hash buckets  37555
 795s visitime    0.67s generated nodes    405106 nodes/sec     509 cur h   42 mod.depth   28 inserts     38254 dups       156 size     38098 hash fail    195 hash buckets  38059
 805s visitime    0.68s generated nodes    410135 nodes/sec     509 cur h   43 mod.depth   27 inserts     38842 dups       159 size     38683 hash fail    199 hash buckets  38643
 812s visitime    0.69s generated nodes    415165 nodes/sec     510 cur h   56 mod.depth   14 inserts     39198 dups       160 size     39038 hash fail    200 hash buckets  38998
 820s visitime    0.70s generated nodes    420280 nodes/sec     512 cur h   48 mod.depth   22 inserts     39815 dups       163 size     39652 hash fail    204 hash buckets  39611
 830s visitime    0.70s generated nodes    425412 nodes/sec     512 cur h   45 mod.depth   25 inserts     40263 dups       165 size     40098 hash fail    207 hash buckets  40056
 840s visitime    0.71s generated nodes    430414 nodes/sec     512 cur h   44 mod.depth   27 inserts     40865 dups       169 size     40696 hash fail    213 hash buckets  40652
 850s visitime    0.72s generated nodes    435414 nodes/sec     511 cur h   42 mod.depth   29 inserts     41262 dups       169 size     41093 hash fail    213 hash buckets  41049
 859s visitime    0.73s generated nodes    440481 nodes/sec     512 cur h   44 mod.depth   27 inserts     41772 dups       172 size     41600 hash fail    216 hash buckets  41556
 869s visitime    0.74s generated nodes    445484 nodes/sec     512 cur h   37 mod.depth   34 inserts     42287 dups       174 size     42113 hash fail    219 hash buckets  42068
 879s visitime    0.75s generated nodes    450488 nodes/sec     512 cur h   42 mod.depth   29 inserts     42836 dups       174 size     42662 hash fail    223 hash buckets  42613
 890s visitime    0.76s generated nodes    455518 nodes/sec     511 cur h   44 mod.depth   27 inserts     43377 dups       177 size     43200 hash fail    227 hash buckets  43150
 901s visitime    0.77s generated nodes    460759 nodes/sec     510 cur h   36 mod.depth   35 inserts     43974 dups       180 size     43794 hash fail    232 hash buckets  43742
 911s visitime    0.78s generated nodes    465761 nodes/sec     510 cur h   42 mod.depth   29 inserts     44512 dups       181 size     44331 hash fail    234 hash buckets  44278
 922s visitime    0.80s generated nodes    470761 nodes/sec     510 cur h   38 mod.depth   33 inserts     45125 dups       185 size     44940 hash fail    238 hash buckets  44887
 930s visitime    0.81s generated nodes    475774 nodes/sec     511 cur h   43 mod.depth   28 inserts     45656 dups       189 size     45467 hash fail    244 hash buckets  45412
 940s visitime    0.82s generated nodes    480781 nodes/sec     511 cur h   48 mod.depth   23 inserts     46431 dups       193 size     46238 hash fail    249 hash buckets  46182
 950s visitime    0.83s generated nodes    485781 nodes/sec     510 cur h   55 mod.depth   16 inserts     46914 dups       197 size     46717 hash fail    254 hash buckets  46660
 962s visitime    0.84s generated nodes    490804 nodes/sec     509 cur h   45 mod.depth   26 inserts     47429 dups       203 size     47226 hash fail    260 hash buckets  47169
 970s visitime    0.85s generated nodes    495805 nodes/sec     510 cur h   52 mod.depth   19 inserts     47843 dups       204 size     47639 hash fail    262 hash buckets  47581
 981s visitime    0.86s generated nodes    500890 nodes/sec     510 cur h   35 mod.depth   36 inserts     48434 dups       209 size     48225 hash fail    269 hash buckets  48165
 991s visitime    0.87s generated nodes    505891 nodes/sec     510 cur h   56 mod.depth   16 inserts     48894 dups       210 size     48684 hash fail    271 hash buckets  48623
1002s visitime    0.89s generated nodes    510893 nodes/sec     509 cur h   38 mod.depth   34 inserts     49505 dups       211 size     49294 hash fail    274 hash buckets  49231
1011s visitime    0.89s generated nodes    515902 nodes/sec     509 cur h   49 mod.depth   23 inserts     49933 dups       212 size     49721 hash fail    277 hash buckets  49656
1024s visitime    0.90s generated nodes    520903 nodes/sec     508 cur h   43 mod.depth   29 inserts     50267 dups       213 size     50054 hash fail    279 hash buckets  49988
1034s visitime    0.92s generated nodes    526157 nodes/sec     508 cur h   37 mod.depth   35 inserts     50866 dups       214 size     50652 hash fail    282 hash buckets  50584
1044s visitime    0.93s generated nodes    531157 nodes/sec     508 cur h   41 mod.depth   31 inserts     51362 dups       215 size     51147 hash fail    283 hash buckets  51079
1054s visitime    0.93s generated nodes    536159 nodes/sec     508 cur h   42 mod.depth   30 inserts     51763 dups       217 size     51546 hash fail    286 hash buckets  51477
1069s visitime    0.94s generated nodes    541186 nodes/sec     506 cur h   42 mod.depth   30 inserts     52085 dups       219 size     51866 hash fail    289 hash buckets  51796
1079s visitime    0.95s generated nodes    546186 nodes/sec     506 cur h   45 mod.depth   27 inserts     52475 dups       223 size     52252 hash fail    294 hash buckets  52181
1090s visitime    0.96s generated nodes    551189 nodes/sec     505 cur h   52 mod.depth   20 inserts     53109 dups       225 size     52884 hash fail    298 hash buckets  52811
1105s visitime    0.97s generated nodes    556483 nodes/sec     503 cur h   49 mod.depth   23 inserts     53537 dups       227 size     53310 hash fail    302 hash buckets  53235
1117s visitime    0.98s generated nodes    561486 nodes/sec     502 cur h   39 mod.depth   33 inserts     53922 dups       231 size     53691 hash fail    309 hash buckets  53613
1127s visitime    0.99s generated nodes    566525 nodes/sec     502 cur h   36 mod.depth   36 inserts     54266 dups       234 size     54032 hash fail    312 hash buckets  53954
1138s visitime    1.00s generated nodes    571526 nodes/sec     502 cur h   34 mod.depth   38 inserts     54900 dups       234 size     54666 hash fail    314 hash buckets  54586
1152s visitime    1.01s generated nodes    576551 nodes/sec     500 cur h   44 mod.depth   28 inserts     55265 dups       235 size     55030 hash fail    318 hash buckets  54947
1166s visitime    1.02s generated nodes    581759 nodes/sec     498 cur h   36 mod.depth   36 inserts     55921 dups       238 size     55683 hash fail    325 hash buckets  55596
1177s visitime    1.03s generated nodes    586868 nodes/sec     498 cur h   34 mod.depth   38 inserts     56380 dups       239 size     56141 hash fail    331 hash buckets  56049
1190s visitime    1.04s generated nodes    592034 nodes/sec     497 cur h   35 mod.depth   37 inserts     56892 dups       240 size     56652 hash fail    333 hash buckets  56559
1201s visitime    1.06s generated nodes    597109 nodes/sec     497 cur h   49 mod.depth   23 inserts     57504 dups       243 size     57261 hash fail    340 hash buckets  57164
1209s visitime    1.07s generated nodes    602154 nodes/sec     497 cur h   36 mod.depth   37 inserts     58033 dups       245 size     57788 hash fail    342 hash buckets  57691
1224s visitime    1.08s generated nodes    607154 nodes/sec     495 cur h   40 mod.depth   33 inserts     58502 dups       247 size     58255 hash fail    345 hash buckets  58157
1235s visitime    1.09s generated nodes    612276 nodes/sec     495 cur h   48 mod.depth   25 inserts     59103 dups       247 size     58856 hash fail    347 hash buckets  58756
1243s visitime    1.10s generated nodes    617279 nodes/sec     496 cur h   34 mod.depth   39 inserts     59564 dups       248 size     59316 hash fail    349 hash buckets  59215
1259s visitime    1.11s generated nodes    622282 nodes/sec     493 cur h   57 mod.depth   16 inserts     60105 dups       253 size     59852 hash fail    356 hash buckets  59749
1275s visitime    1.13s generated nodes    627437 nodes/sec     492 cur h   51 mod.depth   22 inserts     60692 dups       253 size     60439 hash fail    357 hash buckets  60335
1286s visitime    1.14s generated nodes    632540 nodes/sec     491 cur h   49 mod.depth   24 inserts     61122 dups       253 size     60869 hash fail    359 hash buckets  60763
1298s visitime    1.15s generated nodes    637954 nodes/sec     491 cur h   45 mod.depth   28 inserts     61559 dups       254 size     61305 hash fail    360 hash buckets  61199
1309s visitime    1.16s generated nodes    642956 nodes/sec     490 cur h   32 mod.depth   41 inserts     62170 dups       256 size     61914 hash fail    362 hash buckets  61808
1320s visitime    1.17s generated nodes    647958 nodes/sec     490 cur h   43 mod.depth   30 inserts     62650 dups       257 size     62393 hash fail    363 hash buckets  62287
1330s visitime    1.18s generated nodes    652961 nodes/sec     490 cur h   40 mod.depth   33 inserts     63102 dups       260 size     62842 hash fail    367 hash buckets  62735
1343s visitime    1.19s generated nodes    658097 nodes/sec     489 cur h   37 mod.depth   36 inserts     63569 dups       260 size     63309 hash fail    368 hash buckets  63201
1358s visitime    1.20s generated nodes    663294 nodes/sec     488 cur h   34 mod.depth   39 inserts     63988 dups       260 size     63728 hash fail    370 hash buckets  63618
1369s visitime    1.21s generated nodes    668329 nodes/sec     488 cur h   38 mod.depth   35 inserts     64436 dups       262 size     64174 hash fail    372 hash buckets  64064
1381s visitime    1.22s generated nodes    673447 nodes/sec     487 cur h   34 mod.depth   39 inserts     64944 dups       265 size     64679 hash fail    375 hash buckets  64569
1395s visitime    1.23s generated nodes    678553 nodes/sec     486 cur h   51 mod.depth   22 inserts     65504 dups       270 size     65234 hash fail    382 hash buckets  65122
1408s visitime    1.24s generated nodes    683564 nodes/sec     485 cur h   46 mod.depth   27 inserts     66064 dups       275 size     65789 hash fail    387 hash buckets  65677
1416s visitime    1.25s generated nodes    688655 nodes/sec     485 cur h   37 mod.depth   36 inserts     66424 dups       275 size     66149 hash fail    388 hash buckets  66036
1428s visitime    1.26s generated nodes    693999 nodes/sec     485 cur h   38 mod.depth   35 inserts     66836 dups       276 size     66560 hash fail    389 hash buckets  66447
1442s visitime    1.27s generated nodes    699215 nodes/sec     484 cur h   51 mod.depth   22 inserts     67479 dups       282 size     67197 hash fail    396 hash buckets  67083
1455s visitime    1.29s generated nodes    704274 nodes/sec     483 cur h   46 mod.depth   28 inserts     68021 dups       289 size     67732 hash fail    404 hash buckets  67617
1469s visitime    1.29s generated nodes    709337 nodes/sec     482 cur h   36 mod.depth   38 inserts     68418 dups       290 size     68128 hash fail    405 hash buckets  68013
1484s visitime    1.31s generated nodes    714685 nodes/sec     481 cur h   37 mod.depth   37 inserts     68946 dups       291 size     68655 hash fail    410 hash buckets  68536
1494s visitime    1.32s generated nodes    719689 nodes/sec     481 cur h   44 mod.depth   30 inserts     69454 dups       292 size     69162 hash fail    414 hash buckets  69040
1506s visitime    1.33s generated nodes    724867 nodes/sec     481 cur h   46 mod.depth   28 inserts     69916 dups       294 size     69622 hash fail    417 hash buckets  69499
1522s visitime    1.34s generated nodes    729870 nodes/sec     479 cur h   41 mod.depth   33 inserts     70323 dups       295 size     70028 hash fail    419 hash buckets  69904
1536s visitime    1.35s generated nodes    735231 nodes/sec     478 cur h   35 mod.depth   39 inserts     70969 dups       297 size     70672 hash fail    422 hash buckets  70547
1546s visitime    1.36s generated nodes    740234 nodes/sec     478 cur h   40 mod.depth   34 inserts     71394 dups       298 size     71096 hash fail    423 hash buckets  70971
1557s visitime    1.37s generated nodes    745234 nodes/sec     478 cur h   45 mod.depth   29 inserts     71884 dups       301 size     71583 hash fail    431 hash buckets  71453
1570s visitime    1.38s generated nodes    750239 nodes/sec     477 cur h   47 mod.depth   27 inserts     72411 dups       302 size     72109 hash fail    435 hash buckets  71976
1582s visitime    1.39s generated nodes    755312 nodes/sec     477 cur h   37 mod.depth   37 inserts     72932 dups       305 size     72627 hash fail    439 hash buckets  72493
1597s visitime    1.40s generated nodes    760496 nodes/sec     476 cur h   51 mod.depth   23 inserts     73347 dups       305 size     73042 hash fail    440 hash buckets  72907
1610s visitime    1.41s generated nodes    765499 nodes/sec     475 cur h   45 mod.depth   29 inserts     73731 dups       306 size     73425 hash fail    442 hash buckets  73289
1622s visitime    1.42s generated nodes    770503 nodes/sec     474 cur h   47 mod.depth   27 inserts     74127 dups       307 size     73820 hash fail    443 hash buckets  73684
1634s visitime    1.43s generated nodes    775704 nodes/sec     474 cur h   52 mod.depth   22 inserts     74615 dups       308 size     74307 hash fail    446 hash buckets  74169
1647s visitime    1.44s generated nodes    780720 nodes/sec     473 cur h   55 mod.depth   19 inserts     75156 dups       313 size     74843 hash fail    453 hash buckets  74703
1659s visitime    1.45s generated nodes    785849 nodes/sec     473 cur h   37 mod.depth   37 inserts     75474 dups       314 size     75160 hash fail    455 hash buckets  75019
1671s visitime    1.46s generated nodes    791201 nodes/sec     473 cur h   35 mod.depth   39 inserts     75858 dups       316 size     75542 hash fail    459 hash buckets  75399
1681s visitime    1.47s generated nodes    796292 nodes/sec     473 cur h   51 mod.depth   23 inserts     76304 dups       317 size     75987 hash fail    462 hash buckets  75842
1694s visitime    1.48s generated nodes    801292 nodes/sec     472 cur h   58 mod.depth   16 inserts     76715 dups       320 size     76395 hash fail    466 hash buckets  76249
1707s visitime    1.49s generated nodes    806325 nodes/sec     472 cur h   56 mod.depth   18 inserts     77204 dups       322 size     76882 hash fail    468 hash buckets  76736
1721s visitime    1.49s generated nodes    811325 nodes/sec     471 cur h   44 mod.depth   30 inserts     77576 dups       325 size     77251 hash fail    474 hash buckets  77102
1732s visitime    1.50s generated nodes    816330 nodes/sec     471 cur h   59 mod.depth   15 inserts     77963 dups       325 size     77638 hash fail    476 hash buckets  77487
1743s visitime    1.52s generated nodes    821355 nodes/sec     471 cur h   44 mod.depth   30 inserts     78530 dups       330 size     78200 hash fail    482 hash buckets  78048
1753s visitime    1.53s generated nodes    826362 nodes/sec     471 cur h   38 mod.depth   36 inserts     79051 dups       334 size     78717 hash fail    490 hash buckets  78561
1762s visitime    1.54s generated nodes    831362 nodes/sec     471 cur h   31 mod.depth   43 inserts     79462 dups       338 size     79124 hash fail    494 hash buckets  78968
1773s visitime    1.54s generated nodes    836362 nodes/sec     471 cur h   46 mod.depth   28 inserts     79854 dups       341 size     79513 hash fail    500 hash buckets  79354
1785s visitime    1.55s generated nodes    841590 nodes/sec     471 cur h   50 mod.depth   25 inserts     80343 dups       345 size     79998 hash fail    505 hash buckets  79838
Caught SIGTERM signal!

RUNWATCH_RESULT TIMEOUT RETVAL 33280 TIME_SECS 1801 MEMPEAK_KBS 3868
