pandaPIparser is configured as follows
  Colors in output: true
  Mode: parsing mode
  Parameter splitting: true
  Conditional effects: exponential encoding
  Disjunctive preconditions as HTN: false
  Replace goal with action: false
  Output: pandaPI format
General Options
  Print timings: false
  Quiet mode: false
Inference Options
  H2 mutexes: false
  FAM groups: false
Transformation Options
  Add zero-cost no-op to empty methods: true
  Remove duplicate actions: true
  Remove useless literals: true
  Expand abstract tasks with one method: true
  Remove empty method preconditions: true
  Two regularisation: false
  Compile negative SAS variables: false
Runtime Optimisations
  Hierarchy Typing: true
  Future Caching: false
  Static Precondition Checking: false
Output Options
  Panda planner format: true
  HDDL: false
  SAS for Fast Downward (without hierarchy): false
Output Formatting Options
  Output only SAS+ variables: false
  SAS+ delete mode: as input
Reading input from /home/schnell/lilotane/sotaevaluation//PandaGBFS_runwatchtime_timeout1800_2021-11-16_21:14:14/runwatch_log/605/605.parsed.
Writing output to /home/schnell/lilotane/sotaevaluation//PandaGBFS_runwatchtime_timeout1800_2021-11-16_21:14:14/runwatch_log/605/605.sas.
Writing output to standard output.
Parsing done.
Conditional Effects expanded
done.
Starting Hierarchy Typing
Total 2.01ms
Contains 0.23ms
Restrict 0.296ms
MPrep 0.253ms
Finished Hierarchy Typing
Running PG.
Process actions without preconditions
Done.
 ---> Disabling potentially consistent extension checking for action:           2 (Drop)
 ---> Disabling potentially consistent extension checking for action:           16 (__method_precondition_m11_do_unload_truck)
 ---> Disabling potentially consistent extension checking for action:           4 (Unload)
 ---> Disabling potentially consistent extension checking for action:           11 (__method_precondition_m9_do_lift_crate)
 ---> Disabling potentially consistent extension checking for action:           12 (__method_precondition_m10_do_load_truck)
Returning from runGpg().
PG done. Postprocessing
PG postprocessing done.
Calculated [584] grounded tasks and [212] reachable facts.
Running TDG.
Process actions without preconditions
Done.
 ---> Disabling potentially consistent extension checking for action:           19 (m11_do_unload_truck)
 ---> Disabling potentially consistent extension checking for action:           9 (m10_do_load_truck)
 ---> Disabling potentially consistent extension checking for action:           7 (m8_do_lift_crate)
Returning from runGpg().
TDG done.
Calculated [1044] grounded tasks and [864] grounded decomposition methods.
Performing DFS.
DFS done.
After DFS: 920 tasks, 781 methods.
Grounded PG:
Input was [499, 920], output was [499, 206].
Simplifying instance.
Removing useless facts/literals
Removing method precondition actions whose precondition is empty
Expanding abstract tasks with only one method
Starting duplicate elimination.
Data structure build.
79 duplicates found.
Duplicates replaced in methods.
Further Mutex Groups: 0 strict 0 non strict
Writing instance to output.
Final Statistics: F 159 S 0 SC 0 SM 0 NSM 0 I 0 P 191 S 229 A 189 M 549
Exiting.
Random seed: 42
Time limit: 1800 seconds
Reading input from /home/schnell/lilotane/sotaevaluation//PandaGBFS_runwatchtime_timeout1800_2021-11-16_21:14:14/runwatch_log/605/605.sas.
- State has 159 bits divided into 159 mutex groups.
- Domain contains 420 actions.
- Domain contains 609 tasks.
- Domain contains 549 methods.
- The initial state contains 57 set bits.
- The initial task is "__top[]".
- State-based goal contains 11 bits.
- Instance is totally-ordered: yes
- Instance has unique paths: yes
- Instance is parallel sequences: yes
Calculate SCCs...
- Number of SCCs: 599
- The problem is cyclic
- Number of cyclic SCCs: 1
- Number of cyclic SCCs of size 1: 0
Selected Planning Algorithm: progression searchParsing heuristics ...
Number of specified heuristics: 1
- the option "store cuts" of the RC heuristic can only be used with the inner heuristic LM-Cut. It will be disabled.
- Calculating minimal implied costs and distances (0 ms)
Heuristic #0 = hhRC2(add;distance;correct count)
Search config:
 - type: path cost
 - weight: 1
 - suboptimal: false
Visited List configured
- mode: total order
- hashs to use: state task task-sequence
- memory information: topological ordering
- Visited list allows deletion of search nodes: true
Search Configuration
- Using JAIR 2020 progression algorithm
- Search is stopped after first solution is found.
- A* Search
- Distance G is "modification depth"
Search Results
- Search time 0.215 seconds
- Visited list time 0.006057 seconds
- Visited list inserts 714
- Visited list pruned 55
- Visited list contains 659
- Visited list hash collisions 55
- Visited list used hash buckets 659
- Generated 3044 search nodes
  Calculated heuristic for 1824 nodes
  One modifications 529
  Effectless actions 691
- including 529 one modification actions
- including 0 one modification methods
- and       691 progressions of effectless actions
- Generated 8483 nodes per second
- Final fringe contains 51 nodes
- Status: Solved
- Found solution of length 242
- Total costs of actions: 92
==>
23 __method_precondition_m10_do_load_truck[crate8,crate7,distributor0,hoist1]
26 __method_precondition_m7_do_get_truck[truck0,distributor0]
30 Drive[truck0,distributor1,distributor0]
33 __method_precondition_m5_do_clear[crate8,distributor0,crate9,hoist1]
41 __method_precondition_m5_do_clear[crate9,distributor0,crate12,hoist1]
49 __method_precondition_m5_do_clear[crate12,distributor0,crate13,hoist1]
53 __method_precondition_m5_do_clear[crate13,distributor0,crate14,hoist1]
54 __method_precondition_m4_do_clear[crate14,distributor0]
55 nop[]
56 Lift[hoist1,crate14,crate13,distributor0]
66 __method_precondition_m6_do_get_truck[truck0,distributor0]
67 nop[]
68 Load[hoist1,crate14,truck0,distributor0]
69 Lift[hoist1,crate13,crate12,distributor0]
74 __method_precondition_m6_do_get_truck[truck0,distributor0]
75 nop[]
76 Load[hoist1,crate13,truck0,distributor0]
77 Lift[hoist1,crate12,crate9,distributor0]
82 __method_precondition_m6_do_get_truck[truck0,distributor0]
83 nop[]
84 Load[hoist1,crate12,truck0,distributor0]
85 Lift[hoist1,crate9,crate8,distributor0]
116 __method_precondition_m7_do_get_truck[truck1,distributor0]
120 Drive[truck1,depot0,distributor0]
121 Load[hoist1,crate9,truck1,distributor0]
122 Lift[hoist1,crate8,crate7,distributor0]
123 Load[hoist1,crate8,truck0,distributor0]
124 Drive[truck0,distributor0,depot0]
125 __method_precondition_m11_do_unload_truck[crate8,pallet0,depot0,truck0,hoist0]
128 __method_precondition_m5_do_clear[pallet0,depot0,crate1,hoist0]
133 __method_precondition_m5_do_clear[crate1,depot0,crate6,hoist0]
136 __method_precondition_m5_do_clear[crate6,depot0,crate11,hoist0]
138 __method_precondition_m4_do_clear[crate11,depot0]
139 nop[]
140 Lift[hoist0,crate11,crate6,depot0]
208 __method_precondition_m6_do_get_truck[truck0,depot0]
209 nop[]
210 Load[hoist0,crate11,truck0,depot0]
211 Lift[hoist0,crate6,crate1,depot0]
216 __method_precondition_m6_do_get_truck[truck0,depot0]
217 nop[]
218 Load[hoist0,crate6,truck0,depot0]
219 Lift[hoist0,crate1,pallet0,depot0]
320 __method_precondition_m6_do_get_truck[truck0,depot0]
321 nop[]
322 Load[hoist0,crate1,truck0,depot0]
323 Unload[hoist0,crate8,truck0,depot0]
324 Drop[hoist0,crate8,pallet0,depot0]
563 __method_precondition_m10_do_load_truck[crate0,pallet2,distributor1,hoist2]
566 __method_precondition_m7_do_get_truck[truck0,distributor1]
580 Drive[truck0,depot0,distributor1]
584 __method_precondition_m5_do_clear[crate0,distributor1,crate2,hoist2]
588 __method_precondition_m5_do_clear[crate2,distributor1,crate5,hoist2]
691 __method_precondition_m5_do_clear[crate5,distributor1,crate10,hoist2]
692 __method_precondition_m4_do_clear[crate10,distributor1]
693 nop[]
694 Lift[hoist2,crate10,crate5,distributor1]
2729 __method_precondition_m6_do_get_truck[truck0,distributor1]
2730 nop[]
2731 Load[hoist2,crate10,truck0,distributor1]
2732 Lift[hoist2,crate5,crate2,distributor1]
2737 __method_precondition_m6_do_get_truck[truck0,distributor1]
2738 nop[]
2739 Load[hoist2,crate5,truck0,distributor1]
2740 Lift[hoist2,crate2,crate0,distributor1]
2745 __method_precondition_m6_do_get_truck[truck0,distributor1]
2746 nop[]
2747 Load[hoist2,crate2,truck0,distributor1]
2748 Lift[hoist2,crate0,pallet2,distributor1]
2749 Load[hoist2,crate0,truck0,distributor1]
2750 Drive[truck0,distributor1,depot0]
2751 __method_precondition_m11_do_unload_truck[crate0,crate8,depot0,truck0,hoist0]
2754 __method_precondition_m4_do_clear[crate8,depot0]
2755 nop[]
2756 Unload[hoist0,crate0,truck0,depot0]
2757 Drop[hoist0,crate0,crate8,depot0]
2761 __method_precondition_m2_do_put_on[crate5,truck0]
2776 __method_precondition_m6_do_get_truck[truck0,depot0]
2777 nop[]
2780 __method_precondition_m4_do_clear[crate0,depot0]
2781 nop[]
2782 Unload[hoist0,crate5,truck0,depot0]
2783 Drop[hoist0,crate5,crate0,depot0]
2788 __method_precondition_m2_do_put_on[crate11,truck0]
2803 __method_precondition_m6_do_get_truck[truck0,depot0]
2804 nop[]
2807 __method_precondition_m4_do_clear[crate5,depot0]
2808 nop[]
2809 Unload[hoist0,crate11,truck0,depot0]
2810 Drop[hoist0,crate11,crate5,depot0]
2845 __method_precondition_m9_do_lift_crate[crate4,distributor0,hoist1,crate3]
2848 __method_precondition_m7_do_get_truck[truck0,distributor0]
2851 Drive[truck0,depot0,distributor0]
2856 __method_precondition_m5_do_clear[crate4,distributor0,crate7,hoist1]
2858 __method_precondition_m4_do_clear[crate7,distributor0]
2859 nop[]
2860 Lift[hoist1,crate7,crate4,distributor0]
2880 __method_precondition_m6_do_get_truck[truck0,distributor0]
2881 nop[]
2882 Load[hoist1,crate7,truck0,distributor0]
2883 Lift[hoist1,crate4,crate3,distributor0]
2884 Load[hoist1,crate4,truck0,distributor0]
2885 Drive[truck0,distributor0,depot0]
2886 __method_precondition_m11_do_unload_truck[crate4,crate11,depot0,truck0,hoist0]
2889 __method_precondition_m4_do_clear[crate11,depot0]
2890 nop[]
2891 Unload[hoist0,crate4,truck0,depot0]
2892 Drop[hoist0,crate4,crate11,depot0]
2896 __method_precondition_m2_do_put_on[crate10,truck0]
2911 __method_precondition_m6_do_get_truck[truck0,depot0]
2912 nop[]
2915 __method_precondition_m4_do_clear[crate4,depot0]
2916 nop[]
2917 Unload[hoist0,crate10,truck0,depot0]
2918 Drop[hoist0,crate10,crate4,depot0]
2923 __method_precondition_m2_do_put_on[crate9,truck1]
2928 __method_precondition_m6_do_get_truck[truck1,distributor0]
2929 nop[]
2934 __method_precondition_m5_do_clear[pallet1,distributor0,crate3,hoist1]
2936 __method_precondition_m4_do_clear[crate3,distributor0]
2937 nop[]
2938 Lift[hoist1,crate3,pallet1,distributor0]
2948 __method_precondition_m6_do_get_truck[truck1,distributor0]
2949 nop[]
2950 Load[hoist1,crate3,truck1,distributor0]
2951 Unload[hoist1,crate9,truck1,distributor0]
2952 Drop[hoist1,crate9,pallet1,distributor0]
2956 __method_precondition_m2_do_put_on[crate1,truck0]
2963 __method_precondition_m7_do_get_truck[truck0,distributor0]
2966 Drive[truck0,depot0,distributor0]
2969 __method_precondition_m4_do_clear[crate9,distributor0]
2970 nop[]
2971 Unload[hoist1,crate1,truck0,distributor0]
2972 Drop[hoist1,crate1,crate9,distributor0]
2977 __method_precondition_m2_do_put_on[crate2,truck0]
2988 __method_precondition_m6_do_get_truck[truck0,distributor0]
2989 nop[]
2992 __method_precondition_m4_do_clear[crate1,distributor0]
2993 nop[]
2994 Unload[hoist1,crate2,truck0,distributor0]
2995 Drop[hoist1,crate2,crate1,distributor0]
3000 __method_precondition_m2_do_put_on[crate12,truck0]
3006 __method_precondition_m7_do_get_truck[truck0,distributor1]
3008 Drive[truck0,distributor0,distributor1]
3012 __method_precondition_m4_do_clear[pallet2,distributor1]
3013 nop[]
3014 Unload[hoist2,crate12,truck0,distributor1]
3015 Drop[hoist2,crate12,pallet2,distributor1]
3021 __method_precondition_m2_do_put_on[crate3,truck1]
3032 __method_precondition_m7_do_get_truck[truck1,distributor1]
3035 Drive[truck1,distributor0,distributor1]
3038 __method_precondition_m4_do_clear[crate12,distributor1]
3039 nop[]
3040 Unload[hoist2,crate3,truck1,distributor1]
3041 Drop[hoist2,crate3,crate12,distributor1]
root 0
3037 do_clear[crate12,distributor1] -> m4_do_clear 3038 3039
3034 m7_do_get_truck_splitted_2[truck1,distributor1] -> _splitting_method_m7_do_get_truck_splitted_2 3035
3031 do_get_truck[truck1,distributor1] -> m7_do_get_truck 3032 3034
3029 m2_do_put_on_splitted_6[truck1,crate12,crate3] -> <_splitting_method_m2_do_put_on_splitted_6;m2_do_put_on_splitted_4[crate3,truck1,distributor1,crate12];_splitting_method_m2_do_put_on_splitted_4;2;0,1,-1,-2> 3031 3037 3040 3041
3020 do_put_on[crate3,crate12] -> m2_do_put_on 3021 3029
3011 do_clear[pallet2,distributor1] -> m4_do_clear 3012 3013
3007 m7_do_get_truck_splitted_2[truck0,distributor1] -> _splitting_method_m7_do_get_truck_splitted_2 3008
3005 do_get_truck[truck0,distributor1] -> m7_do_get_truck 3006 3007
2999 do_put_on[crate12,pallet2] -> <<m2_do_put_on;m2_do_put_on_splitted_6[truck0,pallet2,crate12];_splitting_method_m2_do_put_on_splitted_6;1;0,-1,-2,-3>;m2_do_put_on_splitted_4[crate12,truck0,distributor1,pallet2];_splitting_method_m2_do_put_on_splitted_4;3;0,1,2,-1,-2> 3000 3005 3011 3014 3015
2991 do_clear[crate1,distributor0] -> m4_do_clear 2992 2993
2987 do_get_truck[truck0,distributor0] -> m6_do_get_truck 2988 2989
2986 m2_do_put_on_splitted_6[truck0,crate1,crate2] -> <_splitting_method_m2_do_put_on_splitted_6;m2_do_put_on_splitted_4[crate2,truck0,distributor0,crate1];_splitting_method_m2_do_put_on_splitted_4;2;0,1,-1,-2> 2987 2991 2994 2995
2976 do_put_on[crate2,crate1] -> m2_do_put_on 2977 2986
2968 do_clear[crate9,distributor0] -> m4_do_clear 2969 2970
2965 m7_do_get_truck_splitted_2[truck0,distributor0] -> _splitting_method_m7_do_get_truck_splitted_2 2966
2962 do_get_truck[truck0,distributor0] -> m7_do_get_truck 2963 2965
2955 do_put_on[crate1,crate9] -> <<m2_do_put_on;m2_do_put_on_splitted_6[truck0,crate9,crate1];_splitting_method_m2_do_put_on_splitted_6;1;0,-1,-2,-3>;m2_do_put_on_splitted_4[crate1,truck0,distributor0,crate9];_splitting_method_m2_do_put_on_splitted_4;3;0,1,2,-1,-2> 2956 2962 2968 2971 2972
2947 do_get_truck[truck1,distributor0] -> m6_do_get_truck 2948 2949
2946 m5_do_clear_splitted_1[distributor0,hoist1,crate3] -> _splitting_method_m5_do_clear_splitted_1 2947 2950
2935 do_clear[crate3,distributor0] -> m4_do_clear 2936 2937
2933 do_clear[pallet1,distributor0] -> m5_do_clear 2934 2935 2938 2946
2927 do_get_truck[truck1,distributor0] -> m6_do_get_truck 2928 2929
2922 do_put_on[crate9,pallet1] -> <<m2_do_put_on;m2_do_put_on_splitted_6[truck1,pallet1,crate9];_splitting_method_m2_do_put_on_splitted_6;1;0,-1,-2,-3>;m2_do_put_on_splitted_4[crate9,truck1,distributor0,pallet1];_splitting_method_m2_do_put_on_splitted_4;3;0,1,2,-1,-2> 2923 2927 2933 2951 2952
2914 do_clear[crate4,depot0] -> m4_do_clear 2915 2916
2910 do_get_truck[truck0,depot0] -> m6_do_get_truck 2911 2912
2907 m2_do_put_on_splitted_6[truck0,crate4,crate10] -> <_splitting_method_m2_do_put_on_splitted_6;m2_do_put_on_splitted_4[crate10,truck0,depot0,crate4];_splitting_method_m2_do_put_on_splitted_4;2;0,1,-1,-2> 2910 2914 2917 2918
2895 do_put_on[crate10,crate4] -> m2_do_put_on 2896 2907
2888 do_clear[crate11,depot0] -> m4_do_clear 2889 2890
2879 do_get_truck[truck0,distributor0] -> m6_do_get_truck 2880 2881
2877 m5_do_clear_splitted_1[distributor0,hoist1,crate7] -> _splitting_method_m5_do_clear_splitted_1 2879 2882
2857 do_clear[crate7,distributor0] -> m4_do_clear 2858 2859
2855 do_clear[crate4,distributor0] -> m5_do_clear 2856 2857 2860 2877
2850 m7_do_get_truck_splitted_2[truck0,distributor0] -> _splitting_method_m7_do_get_truck_splitted_2 2851
2847 do_get_truck[truck0,distributor0] -> m7_do_get_truck 2848 2850
2844 m3_do_put_on_splitted_5[crate4,distributor0,truck0] -> <_splitting_method_m3_do_put_on_splitted_5;do_load_truck[crate4,crate3,distributor0,truck0];m10_do_load_truck;0;-1,-2,-3,-4,-5> 2845 2847 2855 2883 2884
2841 m3_do_put_on_splitted_7[truck0,depot0,crate4] -> _splitting_method_m3_do_put_on_splitted_7 2844 2885
2822 do_put_on[crate4,crate11] -> <m3_do_put_on;do_unload_truck[crate4,crate11,depot0,truck0];m11_do_unload_truck;1;0,-1,-2,-3,-4> 2841 2886 2888 2891 2892
2806 do_clear[crate5,depot0] -> m4_do_clear 2807 2808
2802 do_get_truck[truck0,depot0] -> m6_do_get_truck 2803 2804
2799 m2_do_put_on_splitted_6[truck0,crate5,crate11] -> <_splitting_method_m2_do_put_on_splitted_6;m2_do_put_on_splitted_4[crate11,truck0,depot0,crate5];_splitting_method_m2_do_put_on_splitted_4;2;0,1,-1,-2> 2802 2806 2809 2810
2787 do_put_on[crate11,crate5] -> m2_do_put_on 2788 2799
2779 do_clear[crate0,depot0] -> m4_do_clear 2780 2781
2775 do_get_truck[truck0,depot0] -> m6_do_get_truck 2776 2777
2772 m2_do_put_on_splitted_6[truck0,crate0,crate5] -> <_splitting_method_m2_do_put_on_splitted_6;m2_do_put_on_splitted_4[crate5,truck0,depot0,crate0];_splitting_method_m2_do_put_on_splitted_4;2;0,1,-1,-2> 2775 2779 2782 2783
2760 do_put_on[crate5,crate0] -> m2_do_put_on 2761 2772
2753 do_clear[crate8,depot0] -> m4_do_clear 2754 2755
2744 do_get_truck[truck0,distributor1] -> m6_do_get_truck 2745 2746
2743 m5_do_clear_splitted_1[distributor1,hoist2,crate2] -> _splitting_method_m5_do_clear_splitted_1 2744 2747
2736 do_get_truck[truck0,distributor1] -> m6_do_get_truck 2737 2738
2735 m5_do_clear_splitted_1[distributor1,hoist2,crate5] -> _splitting_method_m5_do_clear_splitted_1 2736 2739
2728 do_get_truck[truck0,distributor1] -> m6_do_get_truck 2729 2730
2727 m5_do_clear_splitted_1[distributor1,hoist2,crate10] -> _splitting_method_m5_do_clear_splitted_1 2728 2731
690 do_clear[crate5,distributor1] -> <m5_do_clear;do_clear[crate10,distributor1];m4_do_clear;1;0,-1,-2,2,3> 691 692 693 694 2727
587 do_clear[crate2,distributor1] -> m5_do_clear 588 690 2732 2735
583 do_clear[crate0,distributor1] -> m5_do_clear 584 587 2740 2743
579 m7_do_get_truck_splitted_2[truck0,distributor1] -> _splitting_method_m7_do_get_truck_splitted_2 580
565 do_get_truck[truck0,distributor1] -> m7_do_get_truck 566 579
562 m3_do_put_on_splitted_7[truck0,depot0,crate0] -> <<_splitting_method_m3_do_put_on_splitted_7;m3_do_put_on_splitted_5[crate0,distributor1,truck0];_splitting_method_m3_do_put_on_splitted_5;0;-1,1>;do_load_truck[crate0,pallet2,distributor1,truck0];m10_do_load_truck;0;-1,-2,-3,-4,-5,1> 563 565 583 2748 2749 2750
332 do_put_on[crate0,crate8] -> <m3_do_put_on;do_unload_truck[crate0,crate8,depot0,truck0];m11_do_unload_truck;1;0,-1,-2,-3,-4> 562 2751 2753 2756 2757
319 do_get_truck[truck0,depot0] -> m6_do_get_truck 320 321
317 m5_do_clear_splitted_1[depot0,hoist0,crate1] -> _splitting_method_m5_do_clear_splitted_1 319 322
215 do_get_truck[truck0,depot0] -> m6_do_get_truck 216 217
213 m5_do_clear_splitted_1[depot0,hoist0,crate6] -> _splitting_method_m5_do_clear_splitted_1 215 218
207 do_get_truck[truck0,depot0] -> m6_do_get_truck 208 209
205 m5_do_clear_splitted_1[depot0,hoist0,crate11] -> _splitting_method_m5_do_clear_splitted_1 207 210
137 do_clear[crate11,depot0] -> m4_do_clear 138 139
135 do_clear[crate6,depot0] -> m5_do_clear 136 137 140 205
132 do_clear[crate1,depot0] -> m5_do_clear 133 135 211 213
127 do_clear[pallet0,depot0] -> m5_do_clear 128 132 219 317
119 m7_do_get_truck_splitted_2[truck1,distributor0] -> _splitting_method_m7_do_get_truck_splitted_2 120
115 do_get_truck[truck1,distributor0] -> m7_do_get_truck 116 119
88 m5_do_clear_splitted_1[distributor0,hoist1,crate9] -> _splitting_method_m5_do_clear_splitted_1 115 121
81 do_get_truck[truck0,distributor0] -> m6_do_get_truck 82 83
79 m5_do_clear_splitted_1[distributor0,hoist1,crate12] -> _splitting_method_m5_do_clear_splitted_1 81 84
73 do_get_truck[truck0,distributor0] -> m6_do_get_truck 74 75
71 m5_do_clear_splitted_1[distributor0,hoist1,crate13] -> _splitting_method_m5_do_clear_splitted_1 73 76
65 do_get_truck[truck0,distributor0] -> m6_do_get_truck 66 67
63 m5_do_clear_splitted_1[distributor0,hoist1,crate14] -> _splitting_method_m5_do_clear_splitted_1 65 68
52 do_clear[crate13,distributor0] -> <m5_do_clear;do_clear[crate14,distributor0];m4_do_clear;1;0,-1,-2,2,3> 53 54 55 56 63
48 do_clear[crate12,distributor0] -> m5_do_clear 49 52 69 71
40 do_clear[crate9,distributor0] -> m5_do_clear 41 48 77 79
32 do_clear[crate8,distributor0] -> m5_do_clear 33 40 85 88
29 m7_do_get_truck_splitted_2[truck0,distributor0] -> _splitting_method_m7_do_get_truck_splitted_2 30
25 do_get_truck[truck0,distributor0] -> m7_do_get_truck 26 29
22 m3_do_put_on_splitted_7[truck0,depot0,crate8] -> <<_splitting_method_m3_do_put_on_splitted_7;m3_do_put_on_splitted_5[crate8,distributor0,truck0];_splitting_method_m3_do_put_on_splitted_5;0;-1,1>;do_load_truck[crate8,crate7,distributor0,truck0];m10_do_load_truck;0;-1,-2,-3,-4,-5,1> 23 25 32 122 123 124
5 do_put_on[crate8,pallet0] -> <m3_do_put_on;do_unload_truck[crate8,pallet0,depot0,truck0];m11_do_unload_truck;1;0,-1,-2,-3,-4> 22 125 127 323 324
0 __top[] -> __top_method 5 332 2760 2787 2822 2895 2922 2955 2976 2999 3020
<==

RUNWATCH_RESULT EXIT RETVAL 0 TIME_SECS 0.650391 MEMPEAK_KBS 932
