    _           _         _
   \ |         \ |       | |                       
   | |     __  | |      _| |______                
   | |     \/  | |     /_   ______\                
   | |      _  | |   __  | |  ___   ___   ___       
   | |___  | | | |  / .\ | | / , | |   \ / ·_\    
   \_____\ |_| |__\ \__/ |_| \___) |_|_| \___\  
[39mL i l o t a n e  version rls-glucose4
by Dominik Schreiber <dominik.schreiber@kit.edu> 2020-2021
using SAT solver glucose4

0.005 Parser finished.
0.005 Structures extracted.
0.006 20 operators and 16 methods created.
0.025 Mined 11 new reduction preconditions (+22.0%).
0.025 Iteration 0.
0.025 Creating initial layer of size 2
0.027 Attempting to solve formula with 53 clauses (78 literals) and 1 assumptions
0.027 Unsolvable at layer 0 -- expanding.
0.027 Iteration 1.
0.027 New layer size: 5
0.027 Instantiating ...
0.332 Collected 480 relevant facts at this layer
0.332 Encoding ...
0.338 Attempting to solve formula with 9464 clauses (24617 literals) and 4 assumptions
0.338 Unsolvable at layer 1 -- expanding.
0.338 Iteration 2.
0.338 New layer size: 9
0.338 Instantiating ...
1.260 Collected 550 relevant facts at this layer
1.260 Encoding ...
1.276 Attempting to solve formula with 32488 clauses (91951 literals) and 4 assumptions
1.276 Unsolvable at layer 2 -- expanding.
1.276 Iteration 3.
1.276 New layer size: 21
1.276 Instantiating ...
2.474 Collected 564 relevant facts at this layer
2.474 Encoding ...
2.516 Attempting to solve formula with 81728 clauses (241688 literals) and 8 assumptions
2.521 Unsolvable at layer 3 -- expanding.
2.521 Iteration 4.
2.521 New layer size: 37
2.521 Instantiating ...
4.263 Collected 564 relevant facts at this layer
4.263 Encoding ...
4.331 Attempting to solve formula with 159701 clauses (477584 literals) and 12 assumptions
4.336 Unsolvable at layer 4 -- expanding.
4.336 Iteration 5.
4.336 New layer size: 65
4.336 Instantiating ...
6.976 Collected 564 relevant facts at this layer
6.976 Encoding ...
7.114 Attempting to solve formula with 290808 clauses (876747 literals) and 20 assumptions
7.119 Unsolvable at layer 5 -- expanding.
7.119 Iteration 6.
7.119 New layer size: 109
7.119 Instantiating ...
11.194 Collected 564 relevant facts at this layer
11.194 Encoding ...
11.423 Attempting to solve formula with 503008 clauses (1522715 literals) and 32 assumptions
11.435 Unsolvable at layer 6 -- expanding.
11.435 Iteration 7.
11.435 New layer size: 181
11.435 Instantiating ...
17.808 Collected 564 relevant facts at this layer
17.808 Encoding ...
18.189 Attempting to solve formula with 849352 clauses (2578493 literals) and 52 assumptions
18.233 Unsolvable at layer 7 -- expanding.
18.233 Iteration 8.
18.233 New layer size: 297
18.233 Instantiating ...
28.419 Collected 564 relevant facts at this layer
28.419 Encoding ...
29.058 Attempting to solve formula with 1410932 clauses (4290883 literals) and 84 assumptions
29.203 Unsolvable at layer 8 -- expanding.
29.203 Iteration 9.
29.203 New layer size: 485
29.203 Instantiating ...
45.496 Collected 564 relevant facts at this layer
45.496 Encoding ...
46.504 Attempting to solve formula with 2321892 clauses (7069695 literals) and 136 assumptions
46.745 Unsolvable at layer 9 -- expanding.
46.745 Iteration 10.
46.746 New layer size: 789
46.746 Instantiating ...
73.029 Collected 564 relevant facts at this layer
73.029 Encoding ...
74.622 Attempting to solve formula with 3797468 clauses (11571541 literals) and 220 assumptions
75.169 Unsolvable at layer 10 -- expanding.
75.169 Iteration 11.
75.169 New layer size: 1281
75.169 Instantiating ...
117.676 Collected 564 relevant facts at this layer
117.676 Encoding ...
120.279 Attempting to solve formula with 6187040 clauses (18862843 literals) and 356 assumptions
121.843 Unsolvable at layer 11 -- expanding.
121.843 Iteration 12.
121.843 New layer size: 2077
121.843 Instantiating ...
190.544 Collected 564 relevant facts at this layer
190.544 Encoding ...
194.826 Attempting to solve formula with 10055224 clauses (30666635 literals) and 576 assumptions
198.598 Unsolvable at layer 12 -- expanding.
198.598 Iteration 13.
198.600 New layer size: 3365
198.600 Instantiating ...
309.826 Collected 564 relevant facts at this layer
309.826 Encoding ...
317.124 Attempting to solve formula with 16316016 clauses (49772373 literals) and 932 assumptions
325.118 Unsolvable at layer 13 -- expanding.
325.118 Iteration 14.
325.120 New layer size: 5449
325.120 Instantiating ...
505.839 Collected 564 relevant facts at this layer
505.839 Encoding ...
519.001 Attempting to solve formula with 26448028 clauses (80692547 literals) and 1508 assumptions
533.624 Unsolvable at layer 14 -- expanding.
533.624 Iteration 15.
533.626 New layer size: 8821
533.626 Instantiating ...
828.158 Collected 564 relevant facts at this layer
828.158 Encoding ...
849.381 Attempting to solve formula with 42843868 clauses (130729103 literals) and 2440 assumptions
878.039 Unsolvable at layer 15 -- expanding.
878.039 Iteration 16.
878.042 New layer size: 14277
878.042 Instantiating ...
1345.058 Collected 564 relevant facts at this layer
1345.058 Encoding ...
1362.996 Termination signal caught.
1362.996 Total amount of clauses encoded: 58168714
1362.996 - directframeaxioms : 17918496 cls
1362.996 - reductionconstraints : 16139533 cls
1362.996 - qfactsemantics : 11777969 cls
1362.996 - indirectframeaxioms : 9202456 cls
1362.996 - actionconstraints : 1120243 cls
1362.996 - atmostoneelement : 584322 cls
1362.996 - qconstequality : 522742 cls
1362.996 - substitutionconstraints : 379250 cls
1362.996 - expansions : 225708 cls
1362.996 - predecessors : 190442 cls
1362.996 - actioneffects : 106987 cls
1362.996 - truefacts : 564 cls
1362.996 - axiomaticops : 2 cls
1362.996 # instantiated positions: 37269
1362.996 # instantiated actions: 155216
1362.996 # instantiated reductions: 70809
1362.996 # introduced pseudo-constants: 33000
1362.996 # retroactive prunings: 0
1362.996 # retroactively pruned operations: 0
1362.996 # dominated operations: 12
1362.996 # total invalid rigid preconditions found in getPFC: 0
1362.996 # invalid rigid preconditions found in getPFC: 0
1362.996 # invalid rigid preconditions found in getPFC in varrestrictions: 0
1362.996 # total invalid fluent preconditions found in getPFC: 25
1362.996 # invalid fluent preconditions found in getPFC: 24
1362.996 # invalid fluent preconditions found in getPFC in varrestrictions: 1
1362.996 # invalid fluent preconditions found in getPFC via postconditions: 0
1362.996 # invalid subtasks found in getPFC: 0
1362.996 # number effects in operation fact_frames: 230
1362.996 # number of variables restricted: 44749911
1362.996 # number of nodes variables restricted: 11168776
1362.996 Exiting happily.

RUNWATCH_RESULT MEMOUT RETVAL 0 TIME_SECS 1364.11 MEMPEAK_KBS 16018708
