    _           _         _
   \ |         \ |       | |                       
   | |     __  | |      _| |______                
   | |     \/  | |     /_   ______\                
   | |      _  | |   __  | |  ___   ___   ___       
   | |___  | | | |  / .\ | | / , | |   \ / ·_\    
   \_____\ |_| |__\ \__/ |_| \___) |_|_| \___\  
[39mL i l o t a n e  version rls-glucose4
by Dominik Schreiber <dominik.schreiber@kit.edu> 2020-2021
using SAT solver glucose4

0.006 Parser finished.
0.006 Structures extracted.
0.007 38 operators and 17 methods created.
0.046 Mined 30 new reduction preconditions (+96.8%).
0.046 Iteration 0.
0.046 Creating initial layer of size 2
0.109 Attempting to solve formula with 9 clauses (12 literals) and 1 assumptions
0.109 Unsolvable at layer 0 -- expanding.
0.109 Iteration 1.
0.109 New layer size: 4
0.109 Instantiating ...
0.328 Collected 3 relevant facts at this layer
0.328 Encoding ...
0.329 Attempting to solve formula with 27 clauses (48 literals) and 3 assumptions
0.329 Unsolvable at layer 1 -- expanding.
0.329 Iteration 2.
0.329 New layer size: 13
0.329 Instantiating ...
0.985 Collected 16 relevant facts at this layer
0.985 Encoding ...
0.986 Attempting to solve formula with 292 clauses (680 literals) and 7 assumptions
0.986 Unsolvable at layer 2 -- expanding.
0.986 Iteration 3.
0.986 New layer size: 23
0.986 Instantiating ...
1.630 Collected 20 relevant facts at this layer
1.630 Encoding ...
1.631 Attempting to solve formula with 889 clauses (2251 literals) and 6 assumptions
c last restart ## conflicts  :  0 94 
1.631 Found a solution at layer 3.
==>
158 visit waypoint1
164 navigate rover0 waypoint1 waypoint0
167 unvisit waypoint1
171 nop
174 sample_soil rover0 rover0store waypoint0
177 communicate_soil_data2 rover0 general waypoint0 waypoint1
198 nop
229 drop rover0 rover0store
236 sample_rock rover0 rover0store waypoint0
239 communicate_rock_data2 rover0 general waypoint0 waypoint1
261 nop
270 calibrate rover0 camera0 objective0 waypoint0
282 visit waypoint0
286 navigate rover0 waypoint0 waypoint2
302 unvisit waypoint0
317 take_image rover0 waypoint2 objective1 camera0 low_res
324 nop
333 communicate_image_data rover0 general objective1 low_res waypoint2 waypoint1
root 11 13 16
11 get_soil_data waypoint0 -> m7_get_soil_data 26 170 174 176
13 get_rock_data waypoint0 -> m10_get_rock_data 197 228 236 238
16 get_image_data objective1 low_res -> m13_get_image_data 105 117 317 139
26 do_navigate1 rover0 waypoint0 -> m1_do_navigate1 158 163 167
105 do_calibrate rover0 camera0 -> m15_do_calibrate 260 270
117 do_navigate1 rover0 waypoint2 -> m1_do_navigate1 282 285 302
139 send_image_data rover0 objective1 low_res -> m14_send_image_data 323 333
163 do_navigate2 rover0 waypoint1 waypoint0 -> m3_do_navigate2 164
170 empty_store rover0store rover0 -> m5_empty_store 171
176 send_soil_data rover0 waypoint0 -> m9_send_soil_data 177
197 do_navigate1 rover0 waypoint0 -> m0_do_navigate1 198
228 empty_store rover0store rover0 -> m6_empty_store 229
238 send_rock_data rover0 waypoint0 -> m12_send_rock_data 239
260 do_navigate1 rover0 waypoint0 -> m0_do_navigate1 261
285 do_navigate2 rover0 waypoint0 waypoint2 -> m3_do_navigate2 286
323 do_navigate1 rover0 waypoint2 -> m0_do_navigate1 324
<==
1.631 End of solution plan. (counted length of 18)
1.631 Total amount of clauses encoded: 889
1.631 - directframeaxioms : 266 cls
1.631 - reductionconstraints : 136 cls
1.631 - qfactsemantics : 114 cls
1.632 - substitutionconstraints : 77 cls
1.632 - actionconstraints : 63 cls
1.632 - predecessors : 62 cls
1.632 - expansions : 50 cls
1.632 - atmostoneelement : 30 cls
1.632 - indirectframeaxioms : 29 cls
1.632 - truefacts : 20 cls
1.632 - qconstequality : 10 cls
1.632 - axiomaticops : 2 cls
1.632 # instantiated positions: 41
1.632 # instantiated actions: 46
1.632 # instantiated reductions: 17
1.632 # introduced pseudo-constants: 20
1.632 # retroactive prunings: 0
1.632 # retroactively pruned operations: 0
1.632 # dominated operations: 0
1.632 # total invalid rigid preconditions found in getPFC: 3
1.632 # invalid rigid preconditions found in getPFC: 3
1.632 # invalid rigid preconditions found in getPFC in varrestrictions: 0
1.632 # total invalid fluent preconditions found in getPFC: 9
1.632 # invalid fluent preconditions found in getPFC: 7
1.632 # invalid fluent preconditions found in getPFC in varrestrictions: 0
1.632 # invalid fluent preconditions found in getPFC via postconditions: 2
1.632 # invalid subtasks found in getPFC: 0
1.632 # number effects in operation fact_frames: 174
1.632 Exiting happily.

RUNWATCH_RESULT EXIT RETVAL 0 TIME_SECS 1.63953 MEMPEAK_KBS 23812
