    _           _         _
   \ |         \ |       | |                       
   | |     __  | |      _| |______                
   | |     \/  | |     /_   ______\                
   | |      _  | |   __  | |  ___   ___   ___       
   | |___  | | | |  / .\ | | / , | |   \ / ·_\    
   \_____\ |_| |__\ \__/ |_| \___) |_|_| \___\  
[39mL i l o t a n e  version rls-cadical
by Dominik Schreiber <dominik.schreiber@kit.edu> 2020-2021
using SAT solver cadical

0.010 Parser finished.
0.010 Structures extracted.
0.011 28 operators and 21 methods created.
0.022 Mined 76 new reduction preconditions (+262.1%).
0.022 Iteration 0.
0.022 Creating initial layer of size 2
0.033 Attempting to solve formula with 5 clauses (6 literals) and 1 assumptions
0.033 Unsolvable at layer 0 -- expanding.
0.033 Iteration 1.
0.033 New layer size: 2
0.033 Instantiating ...
0.043 Collected 1 relevant facts at this layer
0.043 Encoding ...
0.044 Attempting to solve formula with 10 clauses (15 literals) and 1 assumptions
0.044 Unsolvable at layer 1 -- expanding.
0.044 Iteration 2.
0.044 New layer size: 3
0.044 Instantiating ...
0.061 Collected 1 relevant facts at this layer
0.061 Encoding ...
0.063 Attempting to solve formula with 1585 clauses (3243 literals) and 2 assumptions
0.063 Unsolvable at layer 2 -- expanding.
0.063 Iteration 3.
0.063 New layer size: 4
0.063 Instantiating ...
0.070 Retroactively prune action (__SURROGATE*c2*connect_2* Q_2,0_Port:0_4ae946b768d9865d Q_2,0_Port:1_4ae946b768d9865d Q_3,0_PlugType:0_1bbed4eac0737682 female in male out) due to impossible effect (isOccupied Q_2,0_Port:0_4ae946b768d9865d)
0.072 Retroactively prune action (__SURROGATE*c5*connect_5* Q_2,0_Port:0_4ae946b768d9865d Q_2,0_Port:1_4ae946b768d9865d Q_3,0_PlugType:0_1bbed4eac0737682 female in male out) due to impossible effect (isOccupied Q_2,0_Port:1_4ae946b768d9865d)
0.077 Retroactively prune action (__SURROGATE*c1*connect_1* Q_2,0_Port:0_4ae946b768d9865d Q_2,0_Port:1_4ae946b768d9865d Q_3,0_PlugType:0_1bbed4eac0737682 female in male out) due to impossible effect (isOccupied Q_2,0_Port:0_4ae946b768d9865d)
0.084 Retroactively prune action (__SURROGATE*c6*connect_6* Q_2,0_Port:0_4ae946b768d9865d Q_2,0_Port:1_4ae946b768d9865d Q_3,0_PlugType:0_1bbed4eac0737682 female in male out) due to impossible effect (isOccupied Q_2,0_Port:1_4ae946b768d9865d)
0.125 Collected 1642 relevant facts at this layer
0.125 Encoding ...
0.166 Attempting to solve formula with 31776 clauses (104874 literals) and 2 assumptions
0.166 Unsolvable at layer 3 -- expanding.
0.166 Iteration 4.
0.166 New layer size: 5
0.166 Instantiating ...
0.183 Retroactively prune action (__SURROGATE*c1*connect_1* Q_3,1_Port:0_4ae946b768d9865d Q_3,1_Port:1_4ae946b768d9865d Q_4,1_PlugType:0_1bbed4eac0737682 female in male out) due to impossible effect (isOccupied Q_3,1_Port:0_4ae946b768d9865d)
0.186 Retroactively prune action (__SURROGATE*c2*connect_2* Q_3,1_Port:0_4ae946b768d9865d Q_3,1_Port:1_4ae946b768d9865d Q_4,1_PlugType:0_1bbed4eac0737682 female in male out) due to impossible effect (isOccupied Q_3,1_Port:0_4ae946b768d9865d)
0.194 Retroactively prune action (__SURROGATE*c5*connect_5* Q_3,1_Port:0_4ae946b768d9865d Q_3,1_Port:1_4ae946b768d9865d Q_4,1_PlugType:0_1bbed4eac0737682 female in male out) due to impossible effect (isOccupied Q_3,1_Port:1_4ae946b768d9865d)
0.194 Retroactively prune action (__SURROGATE*c6*connect_6* Q_3,1_Port:0_4ae946b768d9865d Q_3,1_Port:1_4ae946b768d9865d Q_4,1_PlugType:0_1bbed4eac0737682 female in male out) due to impossible effect (isOccupied Q_3,1_Port:1_4ae946b768d9865d)
0.250 Collected 1642 relevant facts at this layer
0.250 Encoding ...
0.304 Attempting to solve formula with 75836 clauses (260730 literals) and 2 assumptions
0.307 Unsolvable at layer 4 -- expanding.
0.307 Iteration 5.
0.307 New layer size: 6
0.307 Instantiating ...
0.348 Retroactively prune action (__SURROGATE*c1*connect_1* Q_4,2_Port:0_4ae946b768d9865d Q_4,2_Port:1_4ae946b768d9865d Q_5,2_PlugType:0_1bbed4eac0737682 female in male out) due to impossible effect (isOccupied Q_4,2_Port:0_4ae946b768d9865d)
0.355 Retroactively prune action (__SURROGATE*c6*connect_6* Q_4,2_Port:0_4ae946b768d9865d Q_4,2_Port:1_4ae946b768d9865d Q_5,2_PlugType:0_1bbed4eac0737682 female in male out) due to impossible effect (isOccupied Q_4,2_Port:1_4ae946b768d9865d)
0.356 Retroactively prune action (__SURROGATE*c2*connect_2* Q_4,2_Port:0_4ae946b768d9865d Q_4,2_Port:1_4ae946b768d9865d Q_5,2_PlugType:0_1bbed4eac0737682 female in male out) due to impossible effect (isOccupied Q_4,2_Port:0_4ae946b768d9865d)
0.357 Retroactively prune action (__SURROGATE*c5*connect_5* Q_4,2_Port:0_4ae946b768d9865d Q_4,2_Port:1_4ae946b768d9865d Q_5,2_PlugType:0_1bbed4eac0737682 female in male out) due to impossible effect (isOccupied Q_4,2_Port:1_4ae946b768d9865d)
0.423 Collected 1642 relevant facts at this layer
0.423 Encoding ...
0.494 Attempting to solve formula with 125229 clauses (438146 literals) and 3 assumptions
0.508 Unsolvable at layer 5 -- expanding.
0.508 Iteration 6.
0.508 New layer size: 7
0.508 Instantiating ...
0.580 Retroactively prune action (__SURROGATE*c1*connect_1* Q_5,3_Port:0_4ae946b768d9865d Q_5,3_Port:1_4ae946b768d9865d Q_6,3_PlugType:0_1bbed4eac0737682 female in male out) due to impossible effect (isOccupied Q_5,3_Port:0_4ae946b768d9865d)
0.582 Retroactively prune action (__SURROGATE*c2*connect_2* Q_5,3_Port:0_4ae946b768d9865d Q_5,3_Port:1_4ae946b768d9865d Q_6,3_PlugType:0_1bbed4eac0737682 female in male out) due to impossible effect (isOccupied Q_5,3_Port:0_4ae946b768d9865d)
0.584 Retroactively prune action (__SURROGATE*c6*connect_6* Q_5,3_Port:0_4ae946b768d9865d Q_5,3_Port:1_4ae946b768d9865d Q_6,3_PlugType:0_1bbed4eac0737682 female in male out) due to impossible effect (isOccupied Q_5,3_Port:1_4ae946b768d9865d)
0.584 Retroactively prune action (__SURROGATE*c5*connect_5* Q_5,3_Port:0_4ae946b768d9865d Q_5,3_Port:1_4ae946b768d9865d Q_6,3_PlugType:0_1bbed4eac0737682 female in male out) due to impossible effect (isOccupied Q_5,3_Port:1_4ae946b768d9865d)
0.652 Collected 1642 relevant facts at this layer
0.652 Encoding ...
0.753 Attempting to solve formula with 190627 clauses (685813 literals) and 4 assumptions
0.795 Unsolvable at layer 6 -- expanding.
0.795 Iteration 7.
0.795 New layer size: 8
0.795 Instantiating ...
0.882 Retroactively prune action (__SURROGATE*c6*connect_6* Q_6,4_Port:0_4ae946b768d9865d Q_6,4_Port:1_4ae946b768d9865d Q_7,4_PlugType:0_1bbed4eac0737682 female in male out) due to impossible effect (isOccupied Q_6,4_Port:1_4ae946b768d9865d)
0.887 Retroactively prune action (__SURROGATE*c1*connect_1* Q_6,4_Port:0_4ae946b768d9865d Q_6,4_Port:1_4ae946b768d9865d Q_7,4_PlugType:0_1bbed4eac0737682 female in male out) due to impossible effect (isOccupied Q_6,4_Port:0_4ae946b768d9865d)
0.889 Retroactively prune action (__SURROGATE*c5*connect_5* Q_6,4_Port:0_4ae946b768d9865d Q_6,4_Port:1_4ae946b768d9865d Q_7,4_PlugType:0_1bbed4eac0737682 female in male out) due to impossible effect (isOccupied Q_6,4_Port:1_4ae946b768d9865d)
0.891 Retroactively prune action (__SURROGATE*c2*connect_2* Q_6,4_Port:0_4ae946b768d9865d Q_6,4_Port:1_4ae946b768d9865d Q_7,4_PlugType:0_1bbed4eac0737682 female in male out) due to impossible effect (isOccupied Q_6,4_Port:0_4ae946b768d9865d)
0.957 Collected 1642 relevant facts at this layer
0.957 Encoding ...
1.086 Attempting to solve formula with 272861 clauses (1004093 literals) and 5 assumptions
1.250 Unsolvable at layer 7 -- expanding.
1.250 Iteration 8.
1.250 New layer size: 9
1.250 Instantiating ...
1.380 Retroactively prune action (__SURROGATE*c1*connect_1* Q_7,5_Port:0_4ae946b768d9865d Q_7,5_Port:1_4ae946b768d9865d Q_8,5_PlugType:0_1bbed4eac0737682 female in male out) due to impossible effect (isOccupied Q_7,5_Port:0_4ae946b768d9865d)
1.382 Retroactively prune action (__SURROGATE*c2*connect_2* Q_7,5_Port:0_4ae946b768d9865d Q_7,5_Port:1_4ae946b768d9865d Q_8,5_PlugType:0_1bbed4eac0737682 female in male out) due to impossible effect (isOccupied Q_7,5_Port:0_4ae946b768d9865d)
1.386 Retroactively prune action (__SURROGATE*c5*connect_5* Q_7,5_Port:0_4ae946b768d9865d Q_7,5_Port:1_4ae946b768d9865d Q_8,5_PlugType:0_1bbed4eac0737682 female in male out) due to impossible effect (isOccupied Q_7,5_Port:1_4ae946b768d9865d)
1.388 Retroactively prune action (__SURROGATE*c6*connect_6* Q_7,5_Port:0_4ae946b768d9865d Q_7,5_Port:1_4ae946b768d9865d Q_8,5_PlugType:0_1bbed4eac0737682 female in male out) due to impossible effect (isOccupied Q_7,5_Port:1_4ae946b768d9865d)
1.450 Collected 1642 relevant facts at this layer
1.450 Encoding ...
1.607 Attempting to solve formula with 374196 clauses (1399118 literals) and 6 assumptions
2.134 Unsolvable at layer 8 -- expanding.
2.134 Iteration 9.
2.134 New layer size: 10
2.134 Instantiating ...
2.302 Retroactively prune action (__SURROGATE*c5*connect_5* Q_8,6_Port:0_4ae946b768d9865d Q_8,6_Port:1_4ae946b768d9865d Q_9,6_PlugType:0_1bbed4eac0737682 female in male out) due to impossible effect (isOccupied Q_8,6_Port:1_4ae946b768d9865d)
2.304 Retroactively prune action (__SURROGATE*c1*connect_1* Q_8,6_Port:0_4ae946b768d9865d Q_8,6_Port:1_4ae946b768d9865d Q_9,6_PlugType:0_1bbed4eac0737682 female in male out) due to impossible effect (isOccupied Q_8,6_Port:0_4ae946b768d9865d)
2.306 Retroactively prune action (__SURROGATE*c2*connect_2* Q_8,6_Port:0_4ae946b768d9865d Q_8,6_Port:1_4ae946b768d9865d Q_9,6_PlugType:0_1bbed4eac0737682 female in male out) due to impossible effect (isOccupied Q_8,6_Port:0_4ae946b768d9865d)
2.306 Retroactively prune action (__SURROGATE*c6*connect_6* Q_8,6_Port:0_4ae946b768d9865d Q_8,6_Port:1_4ae946b768d9865d Q_9,6_PlugType:0_1bbed4eac0737682 female in male out) due to impossible effect (isOccupied Q_8,6_Port:1_4ae946b768d9865d)
2.359 Collected 1642 relevant facts at this layer
2.359 Encoding ...
2.554 Attempting to solve formula with 493115 clauses (1867708 literals) and 7 assumptions
5.089 Unsolvable at layer 9 -- expanding.
5.089 Iteration 10.
5.089 New layer size: 11
5.089 Instantiating ...
5.303 Retroactively prune action (__SURROGATE*c2*connect_2* Q_9,7_Port:0_4ae946b768d9865d Q_9,7_Port:1_4ae946b768d9865d Q_10,7_PlugType:0_1bbed4eac0737682 female in male out) due to impossible effect (isOccupied Q_9,7_Port:0_4ae946b768d9865d)
5.314 Retroactively prune action (__SURROGATE*c5*connect_5* Q_9,7_Port:0_4ae946b768d9865d Q_9,7_Port:1_4ae946b768d9865d Q_10,7_PlugType:0_1bbed4eac0737682 female in male out) due to impossible effect (isOccupied Q_9,7_Port:1_4ae946b768d9865d)
5.314 Retroactively prune action (__SURROGATE*c1*connect_1* Q_9,7_Port:0_4ae946b768d9865d Q_9,7_Port:1_4ae946b768d9865d Q_10,7_PlugType:0_1bbed4eac0737682 female in male out) due to impossible effect (isOccupied Q_9,7_Port:0_4ae946b768d9865d)
5.316 Retroactively prune action (__SURROGATE*c6*connect_6* Q_9,7_Port:0_4ae946b768d9865d Q_9,7_Port:1_4ae946b768d9865d Q_10,7_PlugType:0_1bbed4eac0737682 female in male out) due to impossible effect (isOccupied Q_9,7_Port:1_4ae946b768d9865d)
5.380 Collected 1642 relevant facts at this layer
5.380 Encoding ...
5.613 Attempting to solve formula with 630344 clauses (2412757 literals) and 8 assumptions
7.243 Unsolvable at layer 10 -- expanding.
7.243 Iteration 11.
7.243 New layer size: 12
7.243 Instantiating ...
7.455 Retroactively prune action (__SURROGATE*c6*connect_6* Q_10,8_Port:0_4ae946b768d9865d Q_10,8_Port:1_4ae946b768d9865d Q_11,8_PlugType:0_1bbed4eac0737682 female in male out) due to impossible effect (isOccupied Q_10,8_Port:1_4ae946b768d9865d)
7.459 Retroactively prune action (__SURROGATE*c1*connect_1* Q_10,8_Port:0_4ae946b768d9865d Q_10,8_Port:1_4ae946b768d9865d Q_11,8_PlugType:0_1bbed4eac0737682 female in male out) due to impossible effect (isOccupied Q_10,8_Port:0_4ae946b768d9865d)
7.460 Retroactively prune action (__SURROGATE*c2*connect_2* Q_10,8_Port:0_4ae946b768d9865d Q_10,8_Port:1_4ae946b768d9865d Q_11,8_PlugType:0_1bbed4eac0737682 female in male out) due to impossible effect (isOccupied Q_10,8_Port:0_4ae946b768d9865d)
7.468 Retroactively prune action (__SURROGATE*c5*connect_5* Q_10,8_Port:0_4ae946b768d9865d Q_10,8_Port:1_4ae946b768d9865d Q_11,8_PlugType:0_1bbed4eac0737682 female in male out) due to impossible effect (isOccupied Q_10,8_Port:1_4ae946b768d9865d)
7.527 Collected 1642 relevant facts at this layer
7.527 Encoding ...
7.773 Attempting to solve formula with 783659 clauses (3028225 literals) and 9 assumptions
11.850 Unsolvable at layer 11 -- expanding.
11.850 Iteration 12.
11.850 New layer size: 13
11.850 Instantiating ...
12.121 Retroactively prune action (__SURROGATE*c5*connect_5* Q_11,9_Port:0_4ae946b768d9865d Q_11,9_Port:1_4ae946b768d9865d Q_12,9_PlugType:0_1bbed4eac0737682 female in male out) due to impossible effect (isOccupied Q_11,9_Port:1_4ae946b768d9865d)
12.122 Retroactively prune action (__SURROGATE*c2*connect_2* Q_11,9_Port:0_4ae946b768d9865d Q_11,9_Port:1_4ae946b768d9865d Q_12,9_PlugType:0_1bbed4eac0737682 female in male out) due to impossible effect (isOccupied Q_11,9_Port:0_4ae946b768d9865d)
12.124 Retroactively prune action (__SURROGATE*c6*connect_6* Q_11,9_Port:0_4ae946b768d9865d Q_11,9_Port:1_4ae946b768d9865d Q_12,9_PlugType:0_1bbed4eac0737682 female in male out) due to impossible effect (isOccupied Q_11,9_Port:1_4ae946b768d9865d)
12.129 Retroactively prune action (__SURROGATE*c1*connect_1* Q_11,9_Port:0_4ae946b768d9865d Q_11,9_Port:1_4ae946b768d9865d Q_12,9_PlugType:0_1bbed4eac0737682 female in male out) due to impossible effect (isOccupied Q_11,9_Port:0_4ae946b768d9865d)
12.176 Collected 1642 relevant facts at this layer
12.176 Encoding ...
12.458 Attempting to solve formula with 953883 clauses (3714456 literals) and 10 assumptions
15.333 Unsolvable at layer 12 -- expanding.
15.333 Iteration 13.
15.333 New layer size: 14
15.333 Instantiating ...
15.625 Retroactively prune action (__SURROGATE*c1*connect_1* Q_12,10_Port:0_4ae946b768d9865d Q_12,10_Port:1_4ae946b768d9865d Q_13,10_PlugType:0_1bbed4eac0737682 female in male out) due to impossible effect (isOccupied Q_12,10_Port:0_4ae946b768d9865d)
15.626 Retroactively prune action (__SURROGATE*c2*connect_2* Q_12,10_Port:0_4ae946b768d9865d Q_12,10_Port:1_4ae946b768d9865d Q_13,10_PlugType:0_1bbed4eac0737682 female in male out) due to impossible effect (isOccupied Q_12,10_Port:0_4ae946b768d9865d)
15.626 Retroactively prune action (__SURROGATE*c6*connect_6* Q_12,10_Port:0_4ae946b768d9865d Q_12,10_Port:1_4ae946b768d9865d Q_13,10_PlugType:0_1bbed4eac0737682 female in male out) due to impossible effect (isOccupied Q_12,10_Port:1_4ae946b768d9865d)
15.630 Retroactively prune action (__SURROGATE*c5*connect_5* Q_12,10_Port:0_4ae946b768d9865d Q_12,10_Port:1_4ae946b768d9865d Q_13,10_PlugType:0_1bbed4eac0737682 female in male out) due to impossible effect (isOccupied Q_12,10_Port:1_4ae946b768d9865d)
15.688 Collected 1642 relevant facts at this layer
15.688 Encoding ...
16.008 Attempting to solve formula with 1141773 clauses (4474415 literals) and 11 assumptions
24.209 Unsolvable at layer 13 -- expanding.
24.209 Iteration 14.
24.209 New layer size: 15
24.209 Instantiating ...
24.517 Retroactively prune action (__SURROGATE*c2*connect_2* Q_13,11_Port:0_4ae946b768d9865d Q_13,11_Port:1_4ae946b768d9865d Q_14,11_PlugType:0_1bbed4eac0737682 female in male out) due to impossible effect (isOccupied Q_13,11_Port:0_4ae946b768d9865d)
24.525 Retroactively prune action (__SURROGATE*c5*connect_5* Q_13,11_Port:0_4ae946b768d9865d Q_13,11_Port:1_4ae946b768d9865d Q_14,11_PlugType:0_1bbed4eac0737682 female in male out) due to impossible effect (isOccupied Q_13,11_Port:1_4ae946b768d9865d)
24.532 Retroactively prune action (__SURROGATE*c6*connect_6* Q_13,11_Port:0_4ae946b768d9865d Q_13,11_Port:1_4ae946b768d9865d Q_14,11_PlugType:0_1bbed4eac0737682 female in male out) due to impossible effect (isOccupied Q_13,11_Port:1_4ae946b768d9865d)
24.541 Retroactively prune action (__SURROGATE*c1*connect_1* Q_13,11_Port:0_4ae946b768d9865d Q_13,11_Port:1_4ae946b768d9865d Q_14,11_PlugType:0_1bbed4eac0737682 female in male out) due to impossible effect (isOccupied Q_13,11_Port:0_4ae946b768d9865d)
24.598 Collected 1642 relevant facts at this layer
24.598 Encoding ...
24.955 Attempting to solve formula with 1347343 clauses (5308135 literals) and 12 assumptions
31.041 Unsolvable at layer 14 -- expanding.
31.041 Iteration 15.
31.041 New layer size: 16
31.041 Instantiating ...
31.421 Retroactively prune action (__SURROGATE*c6*connect_6* Q_14,12_Port:0_4ae946b768d9865d Q_14,12_Port:1_4ae946b768d9865d Q_15,12_PlugType:0_1bbed4eac0737682 female in male out) due to impossible effect (isOccupied Q_14,12_Port:1_4ae946b768d9865d)
31.423 Retroactively prune action (__SURROGATE*c2*connect_2* Q_14,12_Port:0_4ae946b768d9865d Q_14,12_Port:1_4ae946b768d9865d Q_15,12_PlugType:0_1bbed4eac0737682 female in male out) due to impossible effect (isOccupied Q_14,12_Port:0_4ae946b768d9865d)
31.425 Retroactively prune action (__SURROGATE*c1*connect_1* Q_14,12_Port:0_4ae946b768d9865d Q_14,12_Port:1_4ae946b768d9865d Q_15,12_PlugType:0_1bbed4eac0737682 female in male out) due to impossible effect (isOccupied Q_14,12_Port:0_4ae946b768d9865d)
31.433 Retroactively prune action (__SURROGATE*c5*connect_5* Q_14,12_Port:0_4ae946b768d9865d Q_14,12_Port:1_4ae946b768d9865d Q_15,12_PlugType:0_1bbed4eac0737682 female in male out) due to impossible effect (isOccupied Q_14,12_Port:1_4ae946b768d9865d)
31.479 Collected 1642 relevant facts at this layer
31.479 Encoding ...
31.853 Attempting to solve formula with 1570602 clauses (6215633 literals) and 13 assumptions
34.836 Unsolvable at layer 15 -- expanding.
34.836 Iteration 16.
34.836 New layer size: 17
34.836 Instantiating ...
35.252 Retroactively prune action (__SURROGATE*c2*connect_2* Q_15,13_Port:0_4ae946b768d9865d Q_15,13_Port:1_4ae946b768d9865d Q_16,13_PlugType:0_1bbed4eac0737682 female in male out) due to impossible effect (isOccupied Q_15,13_Port:0_4ae946b768d9865d)
35.252 Retroactively prune action (__SURROGATE*c5*connect_5* Q_15,13_Port:0_4ae946b768d9865d Q_15,13_Port:1_4ae946b768d9865d Q_16,13_PlugType:0_1bbed4eac0737682 female in male out) due to impossible effect (isOccupied Q_15,13_Port:1_4ae946b768d9865d)
35.252 Retroactively prune action (__SURROGATE*c6*connect_6* Q_15,13_Port:0_4ae946b768d9865d Q_15,13_Port:1_4ae946b768d9865d Q_16,13_PlugType:0_1bbed4eac0737682 female in male out) due to impossible effect (isOccupied Q_15,13_Port:1_4ae946b768d9865d)
35.264 Retroactively prune action (__SURROGATE*c1*connect_1* Q_15,13_Port:0_4ae946b768d9865d Q_15,13_Port:1_4ae946b768d9865d Q_16,13_PlugType:0_1bbed4eac0737682 female in male out) due to impossible effect (isOccupied Q_15,13_Port:0_4ae946b768d9865d)
35.313 Collected 1642 relevant facts at this layer
35.313 Encoding ...
35.711 Attempting to solve formula with 1811581 clauses (7196969 literals) and 14 assumptions
52.924 Unsolvable at layer 16 -- expanding.
52.924 Iteration 17.
52.924 New layer size: 18
52.924 Instantiating ...
53.441 Retroactively prune action (__SURROGATE*c6*connect_6* Q_16,14_Port:0_4ae946b768d9865d Q_16,14_Port:1_4ae946b768d9865d Q_17,14_PlugType:0_1bbed4eac0737682 female in male out) due to impossible effect (isOccupied Q_16,14_Port:1_4ae946b768d9865d)
53.448 Retroactively prune action (__SURROGATE*c2*connect_2* Q_16,14_Port:0_4ae946b768d9865d Q_16,14_Port:1_4ae946b768d9865d Q_17,14_PlugType:0_1bbed4eac0737682 female in male out) due to impossible effect (isOccupied Q_16,14_Port:0_4ae946b768d9865d)
53.452 Retroactively prune action (__SURROGATE*c1*connect_1* Q_16,14_Port:0_4ae946b768d9865d Q_16,14_Port:1_4ae946b768d9865d Q_17,14_PlugType:0_1bbed4eac0737682 female in male out) due to impossible effect (isOccupied Q_16,14_Port:0_4ae946b768d9865d)
53.454 Retroactively prune action (__SURROGATE*c5*connect_5* Q_16,14_Port:0_4ae946b768d9865d Q_16,14_Port:1_4ae946b768d9865d Q_17,14_PlugType:0_1bbed4eac0737682 female in male out) due to impossible effect (isOccupied Q_16,14_Port:1_4ae946b768d9865d)
53.503 Collected 1642 relevant facts at this layer
53.503 Encoding ...
53.980 Attempting to solve formula with 2070305 clauses (8252195 literals) and 15 assumptions
71.160 Unsolvable at layer 17 -- expanding.
71.160 Iteration 18.
71.160 New layer size: 19
71.160 Instantiating ...
71.753 Retroactively prune action (__SURROGATE*c6*connect_6* Q_17,15_Port:0_4ae946b768d9865d Q_17,15_Port:1_4ae946b768d9865d Q_18,15_PlugType:0_1bbed4eac0737682 female in male out) due to impossible effect (isOccupied Q_17,15_Port:1_4ae946b768d9865d)
71.755 Retroactively prune action (__SURROGATE*c5*connect_5* Q_17,15_Port:0_4ae946b768d9865d Q_17,15_Port:1_4ae946b768d9865d Q_18,15_PlugType:0_1bbed4eac0737682 female in male out) due to impossible effect (isOccupied Q_17,15_Port:1_4ae946b768d9865d)
71.758 Retroactively prune action (__SURROGATE*c1*connect_1* Q_17,15_Port:0_4ae946b768d9865d Q_17,15_Port:1_4ae946b768d9865d Q_18,15_PlugType:0_1bbed4eac0737682 female in male out) due to impossible effect (isOccupied Q_17,15_Port:0_4ae946b768d9865d)
71.765 Retroactively prune action (__SURROGATE*c2*connect_2* Q_17,15_Port:0_4ae946b768d9865d Q_17,15_Port:1_4ae946b768d9865d Q_18,15_PlugType:0_1bbed4eac0737682 female in male out) due to impossible effect (isOccupied Q_17,15_Port:0_4ae946b768d9865d)
71.817 Collected 1642 relevant facts at this layer
71.817 Encoding ...
72.281 Attempting to solve formula with 2348341 clauses (9384593 literals) and 16 assumptions
80.863 Unsolvable at layer 18 -- expanding.
80.863 Iteration 19.
80.863 New layer size: 20
80.863 Instantiating ...
81.435 Retroactively prune action (__SURROGATE*c5*connect_5* Q_18,16_Port:0_4ae946b768d9865d Q_18,16_Port:1_4ae946b768d9865d Q_19,16_PlugType:0_1bbed4eac0737682 female in male out) due to impossible effect (isOccupied Q_18,16_Port:1_4ae946b768d9865d)
81.437 Retroactively prune action (__SURROGATE*c1*connect_1* Q_18,16_Port:0_4ae946b768d9865d Q_18,16_Port:1_4ae946b768d9865d Q_19,16_PlugType:0_1bbed4eac0737682 female in male out) due to impossible effect (isOccupied Q_18,16_Port:0_4ae946b768d9865d)
81.438 Retroactively prune action (__SURROGATE*c2*connect_2* Q_18,16_Port:0_4ae946b768d9865d Q_18,16_Port:1_4ae946b768d9865d Q_19,16_PlugType:0_1bbed4eac0737682 female in male out) due to impossible effect (isOccupied Q_18,16_Port:0_4ae946b768d9865d)
81.440 Retroactively prune action (__SURROGATE*c6*connect_6* Q_18,16_Port:0_4ae946b768d9865d Q_18,16_Port:1_4ae946b768d9865d Q_19,16_PlugType:0_1bbed4eac0737682 female in male out) due to impossible effect (isOccupied Q_18,16_Port:1_4ae946b768d9865d)
81.495 Collected 1642 relevant facts at this layer
81.495 Encoding ...
81.994 Attempting to solve formula with 2644903 clauses (10593899 literals) and 17 assumptions
120.850 Unsolvable at layer 19 -- expanding.
120.850 Iteration 20.
120.850 New layer size: 21
120.850 Instantiating ...
121.497 Retroactively prune action (__SURROGATE*c1*connect_1* Q_19,17_Port:0_4ae946b768d9865d Q_19,17_Port:1_4ae946b768d9865d Q_20,17_PlugType:0_1bbed4eac0737682 female in male out) due to impossible effect (isOccupied Q_19,17_Port:0_4ae946b768d9865d)
121.497 Retroactively prune action (__SURROGATE*c2*connect_2* Q_19,17_Port:0_4ae946b768d9865d Q_19,17_Port:1_4ae946b768d9865d Q_20,17_PlugType:0_1bbed4eac0737682 female in male out) due to impossible effect (isOccupied Q_19,17_Port:0_4ae946b768d9865d)
121.501 Retroactively prune action (__SURROGATE*c6*connect_6* Q_19,17_Port:0_4ae946b768d9865d Q_19,17_Port:1_4ae946b768d9865d Q_20,17_PlugType:0_1bbed4eac0737682 female in male out) due to impossible effect (isOccupied Q_19,17_Port:1_4ae946b768d9865d)
121.506 Retroactively prune action (__SURROGATE*c5*connect_5* Q_19,17_Port:0_4ae946b768d9865d Q_19,17_Port:1_4ae946b768d9865d Q_20,17_PlugType:0_1bbed4eac0737682 female in male out) due to impossible effect (isOccupied Q_19,17_Port:1_4ae946b768d9865d)
121.555 Collected 1642 relevant facts at this layer
121.555 Encoding ...
122.072 Attempting to solve formula with 2959299 clauses (11877274 literals) and 18 assumptions
139.944 Unsolvable at layer 20 -- expanding.
139.944 Iteration 21.
139.944 New layer size: 22
139.944 Instantiating ...
140.572 Retroactively prune action (__SURROGATE*c6*connect_6* Q_20,18_Port:0_4ae946b768d9865d Q_20,18_Port:1_4ae946b768d9865d Q_21,18_PlugType:0_1bbed4eac0737682 female in male out) due to impossible effect (isOccupied Q_20,18_Port:1_4ae946b768d9865d)
140.573 Retroactively prune action (__SURROGATE*c5*connect_5* Q_20,18_Port:0_4ae946b768d9865d Q_20,18_Port:1_4ae946b768d9865d Q_21,18_PlugType:0_1bbed4eac0737682 female in male out) due to impossible effect (isOccupied Q_20,18_Port:1_4ae946b768d9865d)
140.575 Retroactively prune action (__SURROGATE*c1*connect_1* Q_20,18_Port:0_4ae946b768d9865d Q_20,18_Port:1_4ae946b768d9865d Q_21,18_PlugType:0_1bbed4eac0737682 female in male out) due to impossible effect (isOccupied Q_20,18_Port:0_4ae946b768d9865d)
140.575 Retroactively prune action (__SURROGATE*c2*connect_2* Q_20,18_Port:0_4ae946b768d9865d Q_20,18_Port:1_4ae946b768d9865d Q_21,18_PlugType:0_1bbed4eac0737682 female in male out) due to impossible effect (isOccupied Q_20,18_Port:0_4ae946b768d9865d)
140.630 Collected 1642 relevant facts at this layer
140.630 Encoding ...
141.169 Attempting to solve formula with 3291542 clauses (13234754 literals) and 19 assumptions
186.634 Unsolvable at layer 21 -- expanding.
186.634 Iteration 22.
186.634 New layer size: 23
186.634 Instantiating ...
187.342 Retroactively prune action (__SURROGATE*c1*connect_1* Q_21,19_Port:0_4ae946b768d9865d Q_21,19_Port:1_4ae946b768d9865d Q_22,19_PlugType:0_1bbed4eac0737682 female in male out) due to impossible effect (isOccupied Q_21,19_Port:0_4ae946b768d9865d)
187.347 Retroactively prune action (__SURROGATE*c6*connect_6* Q_21,19_Port:0_4ae946b768d9865d Q_21,19_Port:1_4ae946b768d9865d Q_22,19_PlugType:0_1bbed4eac0737682 female in male out) due to impossible effect (isOccupied Q_21,19_Port:1_4ae946b768d9865d)
187.356 Retroactively prune action (__SURROGATE*c2*connect_2* Q_21,19_Port:0_4ae946b768d9865d Q_21,19_Port:1_4ae946b768d9865d Q_22,19_PlugType:0_1bbed4eac0737682 female in male out) due to impossible effect (isOccupied Q_21,19_Port:0_4ae946b768d9865d)
187.357 Retroactively prune action (__SURROGATE*c5*connect_5* Q_21,19_Port:0_4ae946b768d9865d Q_21,19_Port:1_4ae946b768d9865d Q_22,19_PlugType:0_1bbed4eac0737682 female in male out) due to impossible effect (isOccupied Q_21,19_Port:1_4ae946b768d9865d)
187.404 Collected 1642 relevant facts at this layer
187.404 Encoding ...
187.995 Attempting to solve formula with 3640142 clauses (14663201 literals) and 20 assumptions
315.785 Unsolvable at layer 22 -- expanding.
315.785 Iteration 23.
315.785 New layer size: 24
315.785 Instantiating ...
316.478 Retroactively prune action (__SURROGATE*c6*connect_6* Q_22,20_Port:0_4ae946b768d9865d Q_22,20_Port:1_4ae946b768d9865d Q_23,20_PlugType:0_1bbed4eac0737682 female in male out) due to impossible effect (isOccupied Q_22,20_Port:1_4ae946b768d9865d)
316.480 Retroactively prune action (__SURROGATE*c2*connect_2* Q_22,20_Port:0_4ae946b768d9865d Q_22,20_Port:1_4ae946b768d9865d Q_23,20_PlugType:0_1bbed4eac0737682 female in male out) due to impossible effect (isOccupied Q_22,20_Port:0_4ae946b768d9865d)
316.487 Retroactively prune action (__SURROGATE*c5*connect_5* Q_22,20_Port:0_4ae946b768d9865d Q_22,20_Port:1_4ae946b768d9865d Q_23,20_PlugType:0_1bbed4eac0737682 female in male out) due to impossible effect (isOccupied Q_22,20_Port:1_4ae946b768d9865d)
316.491 Retroactively prune action (__SURROGATE*c1*connect_1* Q_22,20_Port:0_4ae946b768d9865d Q_22,20_Port:1_4ae946b768d9865d Q_23,20_PlugType:0_1bbed4eac0737682 female in male out) due to impossible effect (isOccupied Q_22,20_Port:0_4ae946b768d9865d)
316.541 Collected 1642 relevant facts at this layer
316.541 Encoding ...
317.126 Attempting to solve formula with 4007463 clauses (16166198 literals) and 21 assumptions
898.556 Unsolvable at layer 23 -- expanding.
898.556 Iteration 24.
898.556 New layer size: 25
898.556 Instantiating ...
899.404 Retroactively prune action (__SURROGATE*c2*connect_2* Q_23,21_Port:0_4ae946b768d9865d Q_23,21_Port:1_4ae946b768d9865d Q_24,21_PlugType:0_1bbed4eac0737682 female in male out) due to impossible effect (isOccupied Q_23,21_Port:0_4ae946b768d9865d)
899.406 Retroactively prune action (__SURROGATE*c6*connect_6* Q_23,21_Port:0_4ae946b768d9865d Q_23,21_Port:1_4ae946b768d9865d Q_24,21_PlugType:0_1bbed4eac0737682 female in male out) due to impossible effect (isOccupied Q_23,21_Port:1_4ae946b768d9865d)
899.411 Retroactively prune action (__SURROGATE*c5*connect_5* Q_23,21_Port:0_4ae946b768d9865d Q_23,21_Port:1_4ae946b768d9865d Q_24,21_PlugType:0_1bbed4eac0737682 female in male out) due to impossible effect (isOccupied Q_23,21_Port:1_4ae946b768d9865d)
899.411 Retroactively prune action (__SURROGATE*c1*connect_1* Q_23,21_Port:0_4ae946b768d9865d Q_23,21_Port:1_4ae946b768d9865d Q_24,21_PlugType:0_1bbed4eac0737682 female in male out) due to impossible effect (isOccupied Q_23,21_Port:0_4ae946b768d9865d)
899.462 Collected 1642 relevant facts at this layer
899.462 Encoding ...
900.123 Attempting to solve formula with 4391922 clauses (17743180 literals) and 22 assumptions
1094.911 Unsolvable at layer 24 -- expanding.
1094.911 Iteration 25.
1094.911 New layer size: 26
1094.911 Instantiating ...
1095.640 Retroactively prune action (__SURROGATE*c5*connect_5* Q_24,22_Port:0_4ae946b768d9865d Q_24,22_Port:1_4ae946b768d9865d Q_25,22_PlugType:0_1bbed4eac0737682 female in male out) due to impossible effect (isOccupied Q_24,22_Port:1_4ae946b768d9865d)
1095.642 Retroactively prune action (__SURROGATE*c6*connect_6* Q_24,22_Port:0_4ae946b768d9865d Q_24,22_Port:1_4ae946b768d9865d Q_25,22_PlugType:0_1bbed4eac0737682 female in male out) due to impossible effect (isOccupied Q_24,22_Port:1_4ae946b768d9865d)
1095.646 Retroactively prune action (__SURROGATE*c2*connect_2* Q_24,22_Port:0_4ae946b768d9865d Q_24,22_Port:1_4ae946b768d9865d Q_25,22_PlugType:0_1bbed4eac0737682 female in male out) due to impossible effect (isOccupied Q_24,22_Port:0_4ae946b768d9865d)
1095.649 Retroactively prune action (__SURROGATE*c1*connect_1* Q_24,22_Port:0_4ae946b768d9865d Q_24,22_Port:1_4ae946b768d9865d Q_25,22_PlugType:0_1bbed4eac0737682 female in male out) due to impossible effect (isOccupied Q_24,22_Port:0_4ae946b768d9865d)
1095.697 Collected 1642 relevant facts at this layer
1095.697 Encoding ...
1096.329 Attempting to solve formula with 4795174 clauses (19394855 literals) and 23 assumptions
1279.726 Unsolvable at layer 25 -- expanding.
1279.726 Iteration 26.
1279.726 New layer size: 27
1279.726 Instantiating ...
1280.458 Retroactively prune action (__SURROGATE*c1*connect_1* Q_25,23_Port:0_4ae946b768d9865d Q_25,23_Port:1_4ae946b768d9865d Q_26,23_PlugType:0_1bbed4eac0737682 female in male out) due to impossible effect (isOccupied Q_25,23_Port:0_4ae946b768d9865d)
1280.463 Retroactively prune action (__SURROGATE*c6*connect_6* Q_25,23_Port:0_4ae946b768d9865d Q_25,23_Port:1_4ae946b768d9865d Q_26,23_PlugType:0_1bbed4eac0737682 female in male out) due to impossible effect (isOccupied Q_25,23_Port:1_4ae946b768d9865d)
1280.467 Retroactively prune action (__SURROGATE*c2*connect_2* Q_25,23_Port:0_4ae946b768d9865d Q_25,23_Port:1_4ae946b768d9865d Q_26,23_PlugType:0_1bbed4eac0737682 female in male out) due to impossible effect (isOccupied Q_25,23_Port:0_4ae946b768d9865d)
1280.469 Retroactively prune action (__SURROGATE*c5*connect_5* Q_25,23_Port:0_4ae946b768d9865d Q_25,23_Port:1_4ae946b768d9865d Q_26,23_PlugType:0_1bbed4eac0737682 female in male out) due to impossible effect (isOccupied Q_25,23_Port:1_4ae946b768d9865d)
1280.516 Collected 1642 relevant facts at this layer
1280.516 Encoding ...
1281.175 Attempting to solve formula with 5217162 clauses (21123863 literals) and 24 assumptions
1800.996 Termination signal caught.
1800.996 Total amount of clauses encoded: 5217162
1800.996 - indirectframeaxioms : 2531700 cls
1800.996 - qfactsemantics : 1018418 cls
1800.996 - directframeaxioms : 991760 cls
1800.996 - reductionconstraints : 555360 cls
1800.996 - actionconstraints : 46994 cls
1800.996 - atmostoneelement : 39747 cls
1800.996 - substitutionconstraints : 17568 cls
1800.996 - predecessors : 4932 cls
1800.996 - expansions : 4826 cls
1800.996 - qconstequality : 3542 cls
1800.996 - truefacts : 1642 cls
1800.996 - actioneffects : 671 cls
1800.996 - axiomaticops : 2 cls
1800.996 # instantiated positions: 378
1800.996 # instantiated actions: 4543
1800.996 # instantiated reductions: 486
1800.996 # introduced pseudo-constants: 699
1800.996 # retroactive prunings: 98
1800.996 # retroactively pruned operations: 98
1800.996 # dominated operations: 142
1800.996 # total invalid rigid preconditions found in getPFC: 0
1800.996 # invalid rigid preconditions found in getPFC: 0
1800.996 # invalid rigid preconditions found in getPFC in varrestrictions: 0
1800.996 # total invalid fluent preconditions found in getPFC: 18
1800.996 # invalid fluent preconditions found in getPFC: 18
1800.996 # invalid fluent preconditions found in getPFC in varrestrictions: 0
1800.996 # invalid fluent preconditions found in getPFC via postconditions: 0
1800.996 # invalid operations found in getPFC via subtasks: 2
1800.996 # invalid operations found in getPFC via postconditions: 0
1800.996 # number effects in operation fact_frames: 170
1800.996 # number of variables restricted: 35728
1800.996 # number of nodes variables restricted: 17498
1800.996 Exiting happily.

RUNWATCH_RESULT TIMEOUT RETVAL 0 TIME_SECS 1801.05 MEMPEAK_KBS 672476
