    _           _         _
   \ |         \ |       | |                       
   | |     __  | |      _| |______                
   | |     \/  | |     /_   ______\                
   | |      _  | |   __  | |  ___   ___   ___       
   | |___  | | | |  / .\ | | / , | |   \ / ·_\    
   \_____\ |_| |__\ \__/ |_| \___) |_|_| \___\  
[39mL i l o t a n e  version rls-glucose4
by Dominik Schreiber <dominik.schreiber@kit.edu> 2020-2021
using SAT solver glucose4

0.071 Parser finished.
0.072 Structures extracted.
0.086 312 operators and 305 methods created.
1.747 Mined 582 new reduction preconditions (+90.1%).
1.747 Iteration 0.
1.747 Creating initial layer of size 2
1.864 Attempting to solve formula with 3 clauses (3 literals) and 1 assumptions
1.864 Unsolvable at layer 0 -- expanding.
1.864 Iteration 1.
1.864 New layer size: 5
1.864 Instantiating ...
2.279 Collected 9 relevant facts at this layer
2.279 Encoding ...
2.290 Attempting to solve formula with 145 clauses (347 literals) and 4 assumptions
2.290 Unsolvable at layer 1 -- expanding.
2.290 Iteration 2.
2.291 New layer size: 9
2.291 Instantiating ...
5.656 Collected 363 relevant facts at this layer
5.656 Encoding ...
5.688 Attempting to solve formula with 68869 clauses (148296 literals) and 4 assumptions
5.688 Unsolvable at layer 2 -- expanding.
5.688 Iteration 3.
5.688 New layer size: 13
5.688 Instantiating ...
12.526 Collected 739 relevant facts at this layer
12.526 Encoding ...
12.596 Attempting to solve formula with 183631 clauses (407447 literals) and 8 assumptions
12.596 Unsolvable at layer 3 -- expanding.
12.596 Iteration 4.
12.596 New layer size: 41
12.596 Instantiating ...
23.275 Collected 1367 relevant facts at this layer
23.275 Encoding ...
23.486 Attempting to solve formula with 386697 clauses (930780 literals) and 20 assumptions
23.488 Unsolvable at layer 4 -- expanding.
23.488 Iteration 5.
23.488 New layer size: 93
23.488 Instantiating ...
52.968 Collected 3704 relevant facts at this layer
52.968 Encoding ...
53.745 Attempting to solve formula with 1299092 clauses (3279897 literals) and 36 assumptions
53.776 Unsolvable at layer 5 -- expanding.
53.776 Iteration 6.
53.776 New layer size: 161
53.776 Instantiating ...
129.249 Collected 3752 relevant facts at this layer
129.249 Encoding ...
130.837 Attempting to solve formula with 3541138 clauses (8937123 literals) and 64 assumptions
130.842 Unsolvable at layer 6 -- expanding.
130.842 Iteration 7.
130.842 New layer size: 299
130.842 Instantiating ...
282.483 Collected 5512 relevant facts at this layer
282.483 Encoding ...
286.409 Attempting to solve formula with 8320489 clauses (21831229 literals) and 123 assumptions
286.814 Unsolvable at layer 7 -- expanding.
286.814 Iteration 8.
286.814 New layer size: 600
286.814 Instantiating ...
568.838 Collected 7476 relevant facts at this layer
568.838 Encoding ...
580.127 Attempting to solve formula with 19855915 clauses (55225118 literals) and 239 assumptions
582.650 Unsolvable at layer 8 -- expanding.
582.650 Iteration 9.
582.650 New layer size: 1155
582.650 Instantiating ...
1153.954 Collected 7476 relevant facts at this layer
1153.954 Encoding ...
1179.666 Attempting to solve formula with 45135654 clauses (129471775 literals) and 446 assumptions
1182.939 Unsolvable at layer 9 -- expanding.
1182.939 Iteration 10.
1182.940 New layer size: 2139
1182.940 Instantiating ...
1800.319 Termination signal caught.
1800.319 Total amount of clauses encoded: 45135654
1800.319 - reductionconstraints : 17052484 cls
1800.319 - directframeaxioms : 16461082 cls
1800.319 - qfactsemantics : 6160201 cls
1800.319 - indirectframeaxioms : 4007011 cls
1800.319 - substitutionconstraints : 667198 cls
1800.319 - atmostoneelement : 423683 cls
1800.319 - qconstequality : 186345 cls
1800.319 - expansions : 75687 cls
1800.319 - predecessors : 45300 cls
1800.319 - actionconstraints : 32092 cls
1800.319 - actioneffects : 17093 cls
1800.319 - truefacts : 7476 cls
1800.319 - axiomaticops : 2 cls
1800.319 # instantiated positions: 3480
1800.319 # instantiated actions: 30686
1800.319 # instantiated reductions: 38124
1800.319 # introduced pseudo-constants: 11389
1800.319 # retroactive prunings: 3
1800.319 # retroactively pruned operations: 3
1800.319 # dominated operations: 4411
1800.319 # total invalid rigid preconditions found in getPFC: 73822
1800.319 # invalid rigid preconditions found in getPFC: 0
1800.319 # invalid rigid preconditions found in getPFC in varrestrictions: 73822
1800.319 # total invalid fluent preconditions found in getPFC: 2324613
1800.319 # invalid fluent preconditions found in getPFC: 26286
1800.319 # invalid fluent preconditions found in getPFC in varrestrictions: 0
1800.319 # invalid fluent preconditions found in getPFC via postconditions: 2298327
1800.319 # invalid subtasks found in getPFC: 3
1800.319 # number effects in operation fact_frames: 14208
1800.319 Exiting happily.

RUNWATCH_RESULT TIMEOUT RETVAL 0 TIME_SECS 1800.97 MEMPEAK_KBS 10885484
