    _           _         _
   \ |         \ |       | |                       
   | |     __  | |      _| |______                
   | |     \/  | |     /_   ______\                
   | |      _  | |   __  | |  ___   ___   ___       
   | |___  | | | |  / .\ | | / , | |   \ / ·_\    
   \_____\ |_| |__\ \__/ |_| \___) |_|_| \___\  
[39mL i l o t a n e  version rls-glucose4
by Dominik Schreiber <dominik.schreiber@kit.edu> 2020-2021
using SAT solver glucose4

0.028 Parser finished.
0.028 Structures extracted.
0.029 18 operators and 15 methods created.
0.113 Mined 2 new reduction preconditions (+9.5%).
0.113 Iteration 0.
0.113 Creating initial layer of size 2
0.154 Attempting to solve formula with 3 clauses (3 literals) and 1 assumptions
0.154 Unsolvable at layer 0 -- expanding.
0.154 Iteration 1.
0.154 New layer size: 2
0.154 Instantiating ...
0.211 Collected 0 relevant facts at this layer
0.211 Encoding ...
0.211 Attempting to solve formula with 8 clauses (12 literals) and 1 assumptions
0.211 Unsolvable at layer 1 -- expanding.
0.211 Iteration 2.
0.211 New layer size: 7
0.211 Instantiating ...
0.264 Collected 0 relevant facts at this layer
0.264 Encoding ...
0.265 Attempting to solve formula with 28 clauses (46 literals) and 6 assumptions
0.265 Unsolvable at layer 2 -- expanding.
0.265 Iteration 3.
0.265 New layer size: 13
0.265 Instantiating ...
0.386 Collected 4 relevant facts at this layer
0.386 Encoding ...
0.388 Attempting to solve formula with 100 clauses (187 literals) and 10 assumptions
0.388 Unsolvable at layer 3 -- expanding.
0.388 Iteration 4.
0.388 New layer size: 23
0.388 Instantiating ...
0.570 Collected 14 relevant facts at this layer
0.570 Encoding ...
0.572 Attempting to solve formula with 536 clauses (1132 literals) and 20 assumptions
0.572 Unsolvable at layer 4 -- expanding.
0.572 Iteration 5.
0.572 New layer size: 43
0.572 Instantiating ...
0.792 Collected 34 relevant facts at this layer
0.792 Encoding ...
0.796 Attempting to solve formula with 2349 clauses (5120 literals) and 40 assumptions
0.796 Unsolvable at layer 5 -- expanding.
0.796 Iteration 6.
0.796 New layer size: 83
0.796 Instantiating ...
1.052 Collected 64 relevant facts at this layer
1.052 Encoding ...
1.060 Attempting to solve formula with 7757 clauses (17052 literals) and 80 assumptions
1.060 Unsolvable at layer 6 -- expanding.
1.060 Iteration 7.
1.060 New layer size: 163
1.060 Instantiating ...
1.345 Collected 102 relevant facts at this layer
1.345 Encoding ...
1.361 Attempting to solve formula with 21039 clauses (46420 literals) and 160 assumptions
1.361 Unsolvable at layer 7 -- expanding.
1.361 Iteration 8.
1.362 New layer size: 318
1.362 Instantiating ...
1.421 Retroactively prune action (removeblock l-1-2-5 stone)@(7,32): no children at offset 0
1.421 Retroactively prune action (__REPEATED_removeblock l-1-1-5 stone)@(7,32): no children at offset 0
1.421 Retroactively prune reduction (place-block-abstract-3 l-1-3-5 stone stone)@(7,32): no children at offset 0
1.428 Retroactively prune action (removeblock l-2-1-5 stone)@(7,48): no children at offset 0
1.428 Retroactively prune reduction (place-block-abstract-3 l-2-2-5 stone stone)@(7,48): no children at offset 0
1.435 Retroactively prune reduction (place-block-abstract-3 l-3-1-5 stone stone)@(7,56): no children at offset 0
1.480 Retroactively prune action (__REPEATED_removeblock l-1-5-4 stone)@(7,64): no children at offset 0
1.480 Retroactively prune action (removeblock l-1-5-3 stone)@(7,64): no children at offset 0
1.481 Retroactively prune reduction (place-block-abstract-3 l-1-5-2 stone stone)@(7,64): no children at offset 0
1.487 Retroactively prune action (removeblock l-2-5-4 stone)@(7,80): no children at offset 0
1.488 Retroactively prune reduction (place-block-abstract-3 l-2-5-3 stone stone)@(7,80): no children at offset 0
1.495 Retroactively prune reduction (place-block-abstract-3 l-3-5-4 stone stone)@(7,88): no children at offset 0
1.533 Retroactively prune action (__REPEATED_removeblock l-1-4-0 stone)@(7,96): no children at offset 0
1.533 Retroactively prune action (removeblock l-1-3-0 stone)@(7,96): no children at offset 0
1.533 Retroactively prune reduction (place-block-abstract-3 l-1-2-0 stone stone)@(7,96): no children at offset 0
1.540 Retroactively prune action (removeblock l-2-4-0 stone)@(7,112): no children at offset 0
1.540 Retroactively prune reduction (place-block-abstract-3 l-2-3-0 stone stone)@(7,112): no children at offset 0
1.547 Retroactively prune reduction (place-block-abstract-3 l-3-4-0 stone stone)@(7,120): no children at offset 0
1.654 Collected 150 relevant facts at this layer
1.654 Encoding ...
1.691 Attempting to solve formula with 48333 clauses (106985 literals) and 315 assumptions
1.691 Unsolvable at layer 8 -- expanding.
1.691 Iteration 9.
1.692 New layer size: 629
1.692 Instantiating ...
1.892 Retroactively prune action (removeblock l-7-0-3 stone)@(8,254): no children at offset 0
1.892 Retroactively prune action (__REPEATED_removeblock l-7-0-1 stone)@(8,254): no children at offset 0
1.892 Retroactively prune action (__REPEATED_removeblock l-7-0-0 stone)@(8,254): no children at offset 0
1.892 Retroactively prune action (__REPEATED_removeblock l-7-0-2 stone)@(8,254): no children at offset 0
1.893 Retroactively prune reduction (place-block-abstract-3 l-7-0-4 stone stone)@(8,254): no children at offset 0
1.900 Retroactively prune action (removeblock l-7-1-2 stone)@(8,286): no children at offset 0
1.900 Retroactively prune action (__REPEATED_removeblock l-7-1-1 stone)@(8,286): no children at offset 0
1.900 Retroactively prune action (__REPEATED_removeblock l-7-1-0 stone)@(8,286): no children at offset 0
1.900 Retroactively prune reduction (place-block-abstract-3 l-7-1-3 stone stone)@(8,286): no children at offset 0
1.908 Retroactively prune action (__REPEATED_removeblock l-7-2-0 stone)@(8,302): no children at offset 0
1.908 Retroactively prune action (removeblock l-7-2-1 stone)@(8,302): no children at offset 0
1.908 Retroactively prune reduction (place-block-abstract-3 l-7-2-2 stone stone)@(8,302): no children at offset 0
1.916 Retroactively prune action (removeblock l-7-3-0 stone)@(8,310): no children at offset 0
1.916 Retroactively prune reduction (place-block-abstract-3 l-7-3-1 stone stone)@(8,310): no children at offset 0
1.924 Retroactively prune reduction (place-block-abstract-3 l-7-4-0 stone stone)@(8,314): no children at offset 0
1.943 Collected 202 relevant facts at this layer
1.943 Encoding ...
2.068 Attempting to solve formula with 96460 clauses (214234 literals) and 466 assumptions
2.069 Unsolvable at layer 9 -- expanding.
2.069 Iteration 10.
2.070 New layer size: 1090
2.070 Instantiating ...
2.298 Collected 244 relevant facts at this layer
2.298 Encoding ...
2.514 Attempting to solve formula with 160679 clauses (357317 literals) and 456 assumptions
2.515 Unsolvable at layer 10 -- expanding.
2.515 Iteration 11.
2.517 New layer size: 1541
2.517 Instantiating ...
2.724 Collected 276 relevant facts at this layer
2.724 Encoding ...
3.032 Attempting to solve formula with 232015 clauses (514519 literals) and 436 assumptions
3.033 Unsolvable at layer 11 -- expanding.
3.033 Iteration 12.
3.035 New layer size: 1972
3.035 Instantiating ...
3.227 Collected 298 relevant facts at this layer
3.227 Encoding ...
3.626 Attempting to solve formula with 308292 clauses (680915 literals) and 396 assumptions
3.630 Unsolvable at layer 12 -- expanding.
3.630 Iteration 13.
3.633 New layer size: 2363
3.633 Instantiating ...
3.807 Collected 310 relevant facts at this layer
3.807 Encoding ...
4.285 Attempting to solve formula with 385357 clauses (847295 literals) and 316 assumptions
4.285 Unsolvable at layer 13 -- expanding.
4.285 Iteration 14.
4.288 New layer size: 2674
4.288 Instantiating ...
4.446 Collected 312 relevant facts at this layer
4.446 Encoding ...
4.982 Attempting to solve formula with 456397 clauses (998356 literals) and 156 assumptions
c last restart ## conflicts  :  61 8543 
5.210 Found a solution at layer 14.
==>
73066 placeblock l-1-0-0 stone
73297 placeblock l-1-0-1 stone
73410 placeblock l-1-0-2 stone
73473 placeblock l-1-0-3 stone
73499 placeblock l-1-0-4 stone
73513 placeblock l-1-0-5 stone
73528 placeblock l-2-0-0 stone
73747 placeblock l-2-0-1 stone
73863 placeblock l-2-0-4 stone
73883 placeblock l-2-0-5 stone
73901 placeblock l-2-0-3 stone
73925 placeblock l-2-0-2 stone
73981 placeblock l-3-0-0 stone
74205 placeblock l-3-0-5 stone
74226 placeblock l-3-0-4 stone
74241 placeblock l-3-0-3 stone
74269 placeblock l-3-0-2 stone
74328 placeblock l-3-0-1 stone
74440 placeblock l-4-0-0 stone
74663 placeblock l-4-0-1 stone
74785 placeblock l-4-0-2 stone
74842 placeblock l-4-0-3 stone
74868 placeblock l-4-0-4 stone
74882 placeblock l-4-0-5 stone
74898 placeblock l-5-0-0 stone
75242 placeblock l-5-0-1 stone
75425 placeblock l-5-0-2 stone
75520 placeblock l-5-0-3 stone
75570 placeblock l-5-0-4 stone
75595 placeblock l-5-0-5 stone
75614 placeblock l-6-0-0 stone
75924 placeblock l-6-0-1 stone
76093 placeblock l-6-0-2 stone
76188 placeblock l-6-0-3 stone
76229 placeblock l-6-0-4 stone
76248 placeblock l-6-0-5 stone
76271 placeblock l-1-1-5 stone
76375 placeblock l-1-2-5 stone
76437 placeblock l-1-4-5 stone
76447 placeblock l-1-5-5 stone
76461 placeblock l-1-3-5 stone
76951 placeblock l-2-1-5 stone
77073 placeblock l-2-2-5 stone
77135 placeblock l-2-3-5 stone
77157 placeblock l-2-5-5 stone
77176 placeblock l-2-4-5 stone
77187 placeblock l-3-2-5 stone
77239 placeblock l-3-3-5 stone
77265 placeblock l-3-4-5 stone
77277 placeblock l-3-5-5 stone
77291 placeblock l-3-1-5 stone
77414 removeblock l-3-0-5 stone
77536 placeblock l-3-0-5 stone
77650 removeblock l-4-0-5 stone
77757 placeblock l-4-0-5 stone
77874 placeblock l-4-1-5 stone
77995 placeblock l-4-2-5 stone
78054 placeblock l-4-3-5 stone
78079 placeblock l-4-4-5 stone
78093 placeblock l-4-5-5 stone
78105 removeblock l-5-0-5 stone
78262 placeblock l-5-0-5 stone
78452 placeblock l-5-1-5 stone
78646 placeblock l-5-2-5 stone
78739 placeblock l-5-3-5 stone
78782 placeblock l-5-5-5 stone
78811 placeblock l-5-4-5 stone
78832 placeblock l-6-1-5 stone
78970 placeblock l-6-2-5 stone
79064 placeblock l-6-3-5 stone
79103 placeblock l-6-4-5 stone
79125 placeblock l-6-5-5 stone
79147 removeblock l-6-0-5 stone
79319 placeblock l-6-0-5 stone
79488 removeblock l-1-5-5 stone
79596 placeblock l-1-5-5 stone
79720 placeblock l-1-5-3 stone
79778 placeblock l-1-5-0 stone
79786 placeblock l-1-5-1 stone
79800 placeblock l-1-5-2 stone
79830 placeblock l-1-5-4 stone
79951 placeblock l-2-5-4 stone
80051 placeblock l-2-5-3 stone
80113 placeblock l-2-5-2 stone
80145 placeblock l-2-5-1 stone
80157 placeblock l-2-5-0 stone
80169 removeblock l-2-5-5 stone
80298 placeblock l-2-5-5 stone
80407 placeblock l-3-5-4 stone
80520 placeblock l-3-5-2 stone
80545 placeblock l-3-5-1 stone
80557 placeblock l-3-5-0 stone
80572 placeblock l-3-5-3 stone
80630 removeblock l-3-5-5 stone
80756 placeblock l-3-5-5 stone
80865 placeblock l-4-5-3 stone
80917 placeblock l-4-5-2 stone
80949 placeblock l-4-5-0 stone
80957 placeblock l-4-5-1 stone
80976 placeblock l-4-5-4 stone
81096 removeblock l-4-5-5 stone
81211 placeblock l-4-5-5 stone
81330 placeblock l-5-5-1 stone
81334 placeblock l-5-5-0 stone
81353 placeblock l-5-5-2 stone
81400 placeblock l-5-5-3 stone
81482 placeblock l-5-5-4 stone
81669 removeblock l-5-5-5 stone
81866 placeblock l-5-5-5 stone
82047 removeblock l-6-5-5 stone
82188 placeblock l-6-5-5 stone
82361 placeblock l-6-5-4 stone
82535 placeblock l-6-5-3 stone
82628 placeblock l-6-5-0 stone
82647 placeblock l-6-5-1 stone
82669 placeblock l-6-5-2 stone
82712 placeblock l-1-4-0 stone
82814 placeblock l-1-3-0 stone
82882 placeblock l-1-2-0 stone
82911 placeblock l-1-1-0 stone
82934 removeblock l-1-5-0 stone
83058 placeblock l-1-5-0 stone
83169 placeblock l-2-4-0 stone
83299 placeblock l-2-1-0 stone
83315 placeblock l-2-2-0 stone
83344 placeblock l-2-3-0 stone
83871 placeblock l-3-3-0 stone
83924 placeblock l-3-2-0 stone
83956 placeblock l-3-1-0 stone
83981 placeblock l-3-4-0 stone
84100 placeblock l-4-4-0 stone
84212 placeblock l-4-3-0 stone
84275 placeblock l-4-2-0 stone
84311 placeblock l-4-1-0 stone
84587 placeblock l-5-1-0 stone
84610 placeblock l-5-2-0 stone
84645 placeblock l-5-3-0 stone
84734 placeblock l-5-4-0 stone
84922 removeblock l-5-5-0 stone
85117 placeblock l-5-5-0 stone
85302 placeblock l-6-2-0 stone
85349 placeblock l-6-1-0 stone
85362 placeblock l-6-3-0 stone
85451 placeblock l-6-4-0 stone
85620 removeblock l-6-5-0 stone
85795 placeblock l-6-5-0 stone
85961 removeblock l-1-2-0 stone
85963 removeblock l-2-2-0 stone
85970 placeblock l-7-0-0 stone
86195 placeblock l-7-0-5 stone
86213 placeblock l-7-0-4 stone
86222 placeblock l-7-0-3 stone
86256 placeblock l-7-0-2 stone
86314 placeblock l-7-0-1 stone
86428 placeblock l-7-1-0 stone
86655 placeblock l-7-1-1 stone
86770 placeblock l-7-1-2 stone
86827 placeblock l-7-1-4 stone
86848 placeblock l-7-1-5 stone
86860 placeblock l-7-1-3 stone
86890 placeblock l-7-2-0 stone
87115 placeblock l-7-2-1 stone
87230 placeblock l-7-2-2 stone
87289 placeblock l-7-2-4 stone
87304 placeblock l-7-2-5 stone
87321 placeblock l-7-2-3 stone
87343 placeblock l-7-3-0 stone
87574 placeblock l-7-3-3 stone
87596 placeblock l-7-3-5 stone
87616 placeblock l-7-3-4 stone
87631 placeblock l-7-3-2 stone
87688 placeblock l-7-3-1 stone
87802 placeblock l-7-4-0 stone
88150 placeblock l-7-4-1 stone
88340 placeblock l-7-4-2 stone
88431 placeblock l-7-4-4 stone
88458 placeblock l-7-4-5 stone
88477 placeblock l-7-4-3 stone
88522 placeblock l-7-5-0 stone
88837 placeblock l-7-5-3 stone
88884 placeblock l-7-5-4 stone
88904 placeblock l-7-5-5 stone
88924 placeblock l-7-5-2 stone
89002 placeblock l-7-5-1 stone
root 5
5 buildhouse l-1-0-0 l-1-0-5 l-1-5-5 l-1-5-0 l-1-2-0 l-7-0-0 n6 n6 n6 stone -> build-house-1 9 11 13 15 17 19
9 buildwall l-1-0-0 n6 n6 e stone -> build-wall-2 23 30
11 buildwall l-1-0-5 n6 n6 n stone -> build-wall-2 32 39
13 buildwall l-1-5-5 n6 n6 w stone -> build-wall-2 46 52
15 buildwall l-1-5-0 n6 n6 s stone -> build-wall-2 58 65
17 builddoor l-1-2-0 -> build-door-1 85960 85962
19 buildroof l-7-0-0 n6 n6 e n stone -> build-roof-2 83 88
23 buildrow l-1-0-0 n6 e stone -> build-row-2 73065 117
30 buildwall l-2-0-0 n6 n5 e stone -> build-wall-2 125 131
32 buildrow l-1-0-5 n6 n stone -> build-row-3 135 152
39 buildwall l-2-0-5 n6 n5 n stone -> build-wall-2 160 166
46 buildrow l-1-5-5 n6 w stone -> build-row-2 184 201
52 buildwall l-2-5-5 n6 n5 w stone -> build-wall-2 209 215
58 buildrow l-1-5-0 n6 s stone -> build-row-3 233 250
65 buildwall l-2-5-0 n6 n5 s stone -> build-wall-2 259 266
83 buildrow l-7-0-0 n6 e stone -> build-row-2 85969 307
88 buildroof l-7-1-0 n6 n5 e n stone -> build-roof-2 313 317
117 buildrow l-1-0-1 n5 e stone -> build-row-2 73296 399
125 buildrow l-2-0-0 n6 e stone -> build-row-2 73527 415
131 buildwall l-3-0-0 n6 n4 e stone -> build-wall-2 424 431
135 buildrow l-1-1-5 n5 n stone -> build-row-2 76270 467
152 placeblockabstract l-1-0-5 stone -> place-block-abstract-2
160 buildrow l-2-0-5 n6 n stone -> build-row-2 502 513
166 buildwall l-3-0-5 n6 n4 n stone -> build-wall-2 520 526
184 placeblockabstract l-1-5-5 stone -> place-block-abstract-3 79488 79596
201 buildrow l-1-5-4 n5 w stone -> build-row-3 612 79829
209 buildrow l-2-5-5 n6 w stone -> build-row-3 633 639
215 buildwall l-3-5-5 n6 n4 w stone -> build-wall-2 648 655
233 buildrow l-1-4-0 n5 s stone -> build-row-2 82711 723
250 placeblockabstract l-1-5-0 stone -> place-block-abstract-3 82934 83058
259 buildrow l-2-5-0 n6 s stone -> build-row-3 764 774
266 buildwall l-3-5-0 n6 n4 s stone -> build-wall-2 783 790
307 buildrow l-7-0-1 n5 e stone -> build-row-3 879 86313
313 buildrow l-7-1-0 n6 e stone -> build-row-2 86427 908
317 buildroof l-7-2-0 n6 n4 e n stone -> build-roof-2 912 917
399 buildrow l-1-0-2 n4 e stone -> build-row-2 73409 1099
415 buildrow l-2-0-1 n5 e stone -> build-row-2 73746 1147
424 buildrow l-3-0-0 n6 e stone -> build-row-2 73980 1164
431 buildwall l-4-0-0 n6 n3 e stone -> build-wall-2 1173 1179
467 buildrow l-1-2-5 n4 n stone -> build-row-2 76374 1257
502 placeblockabstract l-2-0-5 stone -> place-block-abstract-2
513 buildrow l-2-1-5 n5 n stone -> build-row-2 76950 1367
520 buildrow l-3-0-5 n6 n stone -> build-row-3 1379 1388
526 buildwall l-4-0-5 n6 n3 n stone -> build-wall-2 1396 1402
612 buildrow l-1-5-3 n4 w stone -> build-row-2 79719 1574
633 buildrow l-2-5-4 n5 w stone -> build-row-2 79950 1629
639 placeblockabstract l-2-5-5 stone -> place-block-abstract-3 80169 80298
648 buildrow l-3-5-5 n6 w stone -> build-row-3 1666 1675
655 buildwall l-4-5-5 n6 n3 w stone -> build-wall-2 1683 1689
723 buildrow l-1-3-0 n4 s stone -> build-row-2 82813 1833
764 buildrow l-2-4-0 n5 s stone -> build-row-2 83168 1926
774 placeblockabstract l-2-5-0 stone -> place-block-abstract-2
783 buildrow l-3-5-0 n6 s stone -> build-row-2 1965 1974
790 buildwall l-4-5-0 n6 n3 s stone -> build-wall-2 1982 1988
879 buildrow l-7-0-2 n4 e stone -> build-row-3 2152 86255
908 buildrow l-7-1-1 n5 e stone -> build-row-2 86654 2236
912 buildrow l-7-2-0 n6 e stone -> build-row-2 86889 2253
917 buildroof l-7-3-0 n6 n3 e n stone -> build-roof-2 2260 2265
1099 buildrow l-1-0-3 n3 e stone -> build-row-2 73472 2624
1147 buildrow l-2-0-2 n4 e stone -> build-row-3 2721 73924
1164 buildrow l-3-0-1 n5 e stone -> build-row-3 2769 74327
1173 buildrow l-4-0-0 n6 e stone -> build-row-2 74439 2795
1179 buildwall l-5-0-0 n6 n2 e stone -> build-wall-2 2805 2811
1257 buildrow l-1-3-5 n3 n stone -> build-row-3 2952 76460
1367 buildrow l-2-2-5 n4 n stone -> build-row-2 77072 3206
1379 buildrow l-3-1-5 n5 n stone -> build-row-3 3224 77290
1388 placeblockabstract l-3-0-5 stone -> place-block-abstract-3 77414 77536
1396 buildrow l-4-0-5 n6 n stone -> build-row-2 3269 3278
1402 buildwall l-5-0-5 n6 n2 n stone -> build-wall-2 3286 3292
1574 buildrow l-1-5-2 n3 w stone -> build-row-3 3599 79799
1629 buildrow l-2-5-3 n4 w stone -> build-row-2 80050 3730
1666 buildrow l-3-5-4 n5 w stone -> build-row-2 80406 3817
1675 placeblockabstract l-3-5-5 stone -> place-block-abstract-3 80630 80756
1683 buildrow l-4-5-5 n6 w stone -> build-row-3 3851 3861
1689 buildwall l-5-5-5 n6 n2 w stone -> build-wall-2 3869 3875
1833 buildrow l-1-2-0 n3 s stone -> build-row-2 82881 4123
1926 buildrow l-2-3-0 n4 s stone -> build-row-3 4288 83343
1965 placeblockabstract l-3-5-0 stone -> place-block-abstract-2
1974 buildrow l-3-4-0 n5 s stone -> build-row-3 4405 83980
1982 buildrow l-4-5-0 n6 s stone -> build-row-3 4427 4437
1988 buildwall l-5-5-0 n6 n2 s stone -> build-wall-2 4444 4450
2152 buildrow l-7-0-3 n3 e stone -> build-row-3 4724 86221
2236 buildrow l-7-1-2 n4 e stone -> build-row-2 86769 4932
2253 buildrow l-7-2-1 n5 e stone -> build-row-2 87114 4980
2260 buildrow l-7-3-0 n6 e stone -> build-row-2 87342 4997
2265 buildroof l-7-4-0 n6 n2 e n stone -> build-roof-2 5003 5007
2624 buildrow l-1-0-4 n2 e stone -> build-row-2 73498 5651
2721 buildrow l-2-0-3 n3 e stone -> build-row-3 5845 73900
2769 buildrow l-3-0-2 n4 e stone -> build-row-3 5954 74268
2795 buildrow l-4-0-1 n5 e stone -> build-row-2 74662 6039
2805 buildrow l-5-0-0 n6 e stone -> build-row-2 74897 6057
2811 buildwall l-6-0-0 n6 n1 e stone -> build-wall-1 6066
2952 buildrow l-1-4-5 n2 n stone -> build-row-2 76436 6260
3206 buildrow l-2-3-5 n3 n stone -> build-row-2 77134 6772
3224 buildrow l-3-2-5 n4 n stone -> build-row-2 77186 6799
3269 placeblockabstract l-4-0-5 stone -> place-block-abstract-3 77650 77757
3278 buildrow l-4-1-5 n5 n stone -> build-row-2 77873 6934
3286 buildrow l-5-0-5 n6 n stone -> build-row-2 6948 6957
3292 buildwall l-6-0-5 n6 n1 n stone -> build-wall-1 6964
3599 buildrow l-1-5-1 n2 w stone -> build-row-3 7269 79785
3730 buildrow l-2-5-2 n3 w stone -> build-row-2 80112 7542
3817 buildrow l-3-5-3 n4 w stone -> build-row-3 7713 80571
3851 buildrow l-4-5-4 n5 w stone -> build-row-3 7799 80975
3861 placeblockabstract l-4-5-5 stone -> place-block-abstract-3 81096 81211
3869 buildrow l-5-5-5 n6 w stone -> build-row-3 7845 7852
3875 buildwall l-6-5-5 n6 n1 w stone -> build-wall-1 7860
4123 buildrow l-1-1-0 n2 s stone -> build-row-2 82910 8084
4288 buildrow l-2-2-0 n3 s stone -> build-row-3 8397 83314
4405 buildrow l-3-3-0 n4 s stone -> build-row-2 83870 8636
4427 buildrow l-4-4-0 n5 s stone -> build-row-2 84099 8689
4437 placeblockabstract l-4-5-0 stone -> place-block-abstract-2
4444 buildrow l-5-5-0 n6 s stone -> build-row-3 8727 8734
4450 buildwall l-6-5-0 n6 n1 s stone -> build-wall-1 8741
4724 buildrow l-7-0-4 n2 e stone -> build-row-3 9038 86212
4932 buildrow l-7-1-3 n3 e stone -> build-row-3 9466 86859
4980 buildrow l-7-2-2 n4 e stone -> build-row-2 87229 9586
4997 buildrow l-7-3-1 n5 e stone -> build-row-3 9624 87687
5003 buildrow l-7-4-0 n6 e stone -> build-row-2 87801 9652
5007 buildroof l-7-5-0 n6 n1 e n stone -> build-roof-1 9656
5651 buildrow l-1-0-5 n1 e stone -> build-row-1 73512
5845 buildrow l-2-0-4 n2 e stone -> build-row-2 73862 10780
5954 buildrow l-3-0-3 n3 e stone -> build-row-3 11000 74240
6039 buildrow l-4-0-2 n4 e stone -> build-row-2 74784 11213
6057 buildrow l-5-0-1 n5 e stone -> build-row-2 75241 11257
6066 buildrow l-6-0-0 n6 e stone -> build-row-2 75613 11276
6260 buildrow l-1-5-5 n1 n stone -> build-row-1 76446
6772 buildrow l-2-4-5 n2 n stone -> build-row-3 12394 77175
6799 buildrow l-3-3-5 n3 n stone -> build-row-2 77238 12459
6934 buildrow l-4-2-5 n4 n stone -> build-row-2 77994 12756
6948 placeblockabstract l-5-0-5 stone -> place-block-abstract-3 78105 78262
6957 buildrow l-5-1-5 n5 n stone -> build-row-2 78451 12807
6964 buildrow l-6-0-5 n6 n stone -> build-row-3 12819 12828
7269 buildrow l-1-5-0 n1 w stone -> build-row-1 79777
7542 buildrow l-2-5-1 n2 w stone -> build-row-2 80144 13713
7713 buildrow l-3-5-2 n3 w stone -> build-row-2 80519 14038
7799 buildrow l-4-5-3 n4 w stone -> build-row-2 80864 14218
7845 buildrow l-5-5-4 n5 w stone -> build-row-3 14323 81481
7852 placeblockabstract l-5-5-5 stone -> place-block-abstract-3 81669 81866
7860 buildrow l-6-5-5 n6 w stone -> build-row-2 14369 14375
8084 buildrow l-1-0-0 n1 s stone -> build-row-1 14692
8397 buildrow l-2-1-0 n2 s stone -> build-row-3 15166 83298
8636 buildrow l-3-2-0 n3 s stone -> build-row-2 83923 15683
8689 buildrow l-4-3-0 n4 s stone -> build-row-2 84211 15801
8727 buildrow l-5-4-0 n5 s stone -> build-row-3 15874 84733
8734 placeblockabstract l-5-5-0 stone -> place-block-abstract-3 84922 85117
8741 buildrow l-6-5-0 n6 s stone -> build-row-3 15919 15930
9038 buildrow l-7-0-5 n1 e stone -> build-row-1 86194
9466 buildrow l-7-1-4 n2 e stone -> build-row-2 86826 17011
9586 buildrow l-7-2-3 n3 e stone -> build-row-3 17251 87320
9624 buildrow l-7-3-2 n4 e stone -> build-row-3 17324 87630
9652 buildrow l-7-4-1 n5 e stone -> build-row-2 88149 17405
9656 buildrow l-7-5-0 n6 e stone -> build-row-2 88521 17422
10780 buildrow l-2-0-5 n1 e stone -> build-row-1 73882
11000 buildrow l-3-0-4 n2 e stone -> build-row-3 19078 74225
11213 buildrow l-4-0-3 n3 e stone -> build-row-2 74841 19529
11257 buildrow l-5-0-2 n4 e stone -> build-row-2 75424 19640
11276 buildrow l-6-0-1 n5 e stone -> build-row-2 75923 19686
12394 buildrow l-2-5-5 n1 n stone -> build-row-1 77156
12459 buildrow l-3-4-5 n2 n stone -> build-row-2 77264 21171
12756 buildrow l-4-3-5 n3 n stone -> build-row-2 78053 21772
12807 buildrow l-5-2-5 n4 n stone -> build-row-2 78645 21886
12819 buildrow l-6-1-5 n5 n stone -> build-row-2 78831 21913
12828 placeblockabstract l-6-0-5 stone -> place-block-abstract-3 79147 79319
13713 buildrow l-2-5-0 n1 w stone -> build-row-1 80156
14038 buildrow l-3-5-1 n2 w stone -> build-row-2 80544 23484
14218 buildrow l-4-5-2 n3 w stone -> build-row-2 80916 23838
14323 buildrow l-5-5-3 n4 w stone -> build-row-3 24042 81399
14369 placeblockabstract l-6-5-5 stone -> place-block-abstract-3 82047 82188
14375 buildrow l-6-5-4 n5 w stone -> build-row-2 82360 24187
14692 placeblockabstract l-1-0-0 stone -> place-block-abstract-2
15166 buildrow l-2-0-0 n1 s stone -> build-row-1 25093
15683 buildrow l-3-1-0 n2 s stone -> build-row-2 83955 25933
15801 buildrow l-4-2-0 n3 s stone -> build-row-2 84274 26170
15874 buildrow l-5-3-0 n4 s stone -> build-row-3 26312 84644
15919 buildrow l-6-4-0 n5 s stone -> build-row-3 26423 85450
15930 placeblockabstract l-6-5-0 stone -> place-block-abstract-3 85620 85795
17011 buildrow l-7-1-5 n1 e stone -> build-row-1 86847
17251 buildrow l-7-2-4 n2 e stone -> build-row-2 87288 28247
17324 buildrow l-7-3-3 n3 e stone -> build-row-2 87573 28405
17405 buildrow l-7-4-2 n4 e stone -> build-row-2 88339 28596
17422 buildrow l-7-5-1 n5 e stone -> build-row-3 28626 89001
19078 buildrow l-3-0-5 n1 e stone -> build-row-1 74204
19529 buildrow l-4-0-4 n2 e stone -> build-row-2 74867 30960
19640 buildrow l-5-0-3 n3 e stone -> build-row-2 75519 31195
19686 buildrow l-6-0-2 n4 e stone -> build-row-2 76092 31303
21171 buildrow l-3-5-5 n1 n stone -> build-row-1 77276
21772 buildrow l-4-4-5 n2 n stone -> build-row-2 78078 33612
21886 buildrow l-5-3-5 n3 n stone -> build-row-2 78738 33852
21913 buildrow l-6-2-5 n4 n stone -> build-row-2 78969 33908
23484 buildrow l-3-5-0 n1 w stone -> build-row-1 80556
23838 buildrow l-4-5-1 n2 w stone -> build-row-3 35904 80956
24042 buildrow l-5-5-2 n3 w stone -> build-row-3 36293 81352
24187 buildrow l-6-5-3 n4 w stone -> build-row-2 82534 36630
25093 placeblockabstract l-2-0-0 stone -> place-block-abstract-2
25933 buildrow l-3-0-0 n1 s stone -> build-row-1 38322
26170 buildrow l-4-1-0 n2 s stone -> build-row-3 38712 84310
26312 buildrow l-5-2-0 n3 s stone -> build-row-3 38979 84609
26423 buildrow l-6-3-0 n4 s stone -> build-row-3 39219 85361
28247 buildrow l-7-2-5 n1 e stone -> build-row-1 87303
28405 buildrow l-7-3-4 n2 e stone -> build-row-3 41414 87615
28596 buildrow l-7-4-3 n3 e stone -> build-row-3 41801 88476
28626 buildrow l-7-5-2 n4 e stone -> build-row-3 41873 88923
30960 buildrow l-4-0-5 n1 e stone -> build-row-1 74881
31195 buildrow l-5-0-4 n2 e stone -> build-row-2 75569 44680
31303 buildrow l-6-0-3 n3 e stone -> build-row-2 76187 44917
33612 buildrow l-4-5-5 n1 n stone -> build-row-1 78092
33852 buildrow l-5-4-5 n2 n stone -> build-row-3 47676 78810
33908 buildrow l-6-3-5 n3 n stone -> build-row-2 79063 47803
35904 buildrow l-4-5-0 n1 w stone -> build-row-1 80948
36293 buildrow l-5-5-1 n2 w stone -> build-row-2 81329 50251
36630 buildrow l-6-5-2 n3 w stone -> build-row-3 50927 82668
38322 placeblockabstract l-3-0-0 stone -> place-block-abstract-2
38712 buildrow l-4-0-0 n1 s stone -> build-row-1 52900
38979 buildrow l-5-1-0 n2 s stone -> build-row-3 53284 84586
39219 buildrow l-6-2-0 n3 s stone -> build-row-2 85301 53758
41414 buildrow l-7-3-5 n1 e stone -> build-row-1 87595
41801 buildrow l-7-4-4 n2 e stone -> build-row-2 88430 56679
41873 buildrow l-7-5-3 n3 e stone -> build-row-2 88836 56841
44680 buildrow l-5-0-5 n1 e stone -> build-row-1 75594
44917 buildrow l-6-0-4 n2 e stone -> build-row-2 76228 60145
47676 buildrow l-5-5-5 n1 n stone -> build-row-1 78781
47803 buildrow l-6-4-5 n2 n stone -> build-row-2 79102 63131
50251 buildrow l-5-5-0 n1 w stone -> build-row-1 81333
50927 buildrow l-6-5-1 n2 w stone -> build-row-3 66563 82646
52900 placeblockabstract l-4-0-0 stone -> place-block-abstract-2
53284 buildrow l-5-0-0 n1 s stone -> build-row-1 68754
53758 buildrow l-6-1-0 n2 s stone -> build-row-3 69438 85348
56679 buildrow l-7-4-5 n1 e stone -> build-row-1 88457
56841 buildrow l-7-5-4 n2 e stone -> build-row-2 88883 72887
60145 buildrow l-6-0-5 n1 e stone -> build-row-1 76247
63131 buildrow l-6-5-5 n1 n stone -> build-row-1 79124
66563 buildrow l-6-5-0 n1 w stone -> build-row-1 82627
68754 placeblockabstract l-5-0-0 stone -> place-block-abstract-2
69438 buildrow l-6-0-0 n1 s stone -> build-row-1 85332
72887 buildrow l-7-5-5 n1 e stone -> build-row-1 88903
73065 placeblockabstract l-1-0-0 stone -> place-block-abstract-1 73066
73296 placeblockabstract l-1-0-1 stone -> place-block-abstract-1 73297
73409 placeblockabstract l-1-0-2 stone -> place-block-abstract-1 73410
73472 placeblockabstract l-1-0-3 stone -> place-block-abstract-1 73473
73498 placeblockabstract l-1-0-4 stone -> place-block-abstract-1 73499
73512 placeblockabstract l-1-0-5 stone -> place-block-abstract-1 73513
73527 placeblockabstract l-2-0-0 stone -> place-block-abstract-1 73528
73746 placeblockabstract l-2-0-1 stone -> place-block-abstract-1 73747
73862 placeblockabstract l-2-0-4 stone -> place-block-abstract-1 73863
73882 placeblockabstract l-2-0-5 stone -> place-block-abstract-1 73883
73900 placeblockabstract l-2-0-3 stone -> place-block-abstract-1 73901
73924 placeblockabstract l-2-0-2 stone -> place-block-abstract-1 73925
73980 placeblockabstract l-3-0-0 stone -> place-block-abstract-1 73981
74204 placeblockabstract l-3-0-5 stone -> place-block-abstract-1 74205
74225 placeblockabstract l-3-0-4 stone -> place-block-abstract-1 74226
74240 placeblockabstract l-3-0-3 stone -> place-block-abstract-1 74241
74268 placeblockabstract l-3-0-2 stone -> place-block-abstract-1 74269
74327 placeblockabstract l-3-0-1 stone -> place-block-abstract-1 74328
74439 placeblockabstract l-4-0-0 stone -> place-block-abstract-1 74440
74662 placeblockabstract l-4-0-1 stone -> place-block-abstract-1 74663
74784 placeblockabstract l-4-0-2 stone -> place-block-abstract-1 74785
74841 placeblockabstract l-4-0-3 stone -> place-block-abstract-1 74842
74867 placeblockabstract l-4-0-4 stone -> place-block-abstract-1 74868
74881 placeblockabstract l-4-0-5 stone -> place-block-abstract-1 74882
74897 placeblockabstract l-5-0-0 stone -> place-block-abstract-1 74898
75241 placeblockabstract l-5-0-1 stone -> place-block-abstract-1 75242
75424 placeblockabstract l-5-0-2 stone -> place-block-abstract-1 75425
75519 placeblockabstract l-5-0-3 stone -> place-block-abstract-1 75520
75569 placeblockabstract l-5-0-4 stone -> place-block-abstract-1 75570
75594 placeblockabstract l-5-0-5 stone -> place-block-abstract-1 75595
75613 placeblockabstract l-6-0-0 stone -> place-block-abstract-1 75614
75923 placeblockabstract l-6-0-1 stone -> place-block-abstract-1 75924
76092 placeblockabstract l-6-0-2 stone -> place-block-abstract-1 76093
76187 placeblockabstract l-6-0-3 stone -> place-block-abstract-1 76188
76228 placeblockabstract l-6-0-4 stone -> place-block-abstract-1 76229
76247 placeblockabstract l-6-0-5 stone -> place-block-abstract-1 76248
76270 placeblockabstract l-1-1-5 stone -> place-block-abstract-1 76271
76374 placeblockabstract l-1-2-5 stone -> place-block-abstract-1 76375
76436 placeblockabstract l-1-4-5 stone -> place-block-abstract-1 76437
76446 placeblockabstract l-1-5-5 stone -> place-block-abstract-1 76447
76460 placeblockabstract l-1-3-5 stone -> place-block-abstract-1 76461
76950 placeblockabstract l-2-1-5 stone -> place-block-abstract-1 76951
77072 placeblockabstract l-2-2-5 stone -> place-block-abstract-1 77073
77134 placeblockabstract l-2-3-5 stone -> place-block-abstract-1 77135
77156 placeblockabstract l-2-5-5 stone -> place-block-abstract-1 77157
77175 placeblockabstract l-2-4-5 stone -> place-block-abstract-1 77176
77186 placeblockabstract l-3-2-5 stone -> place-block-abstract-1 77187
77238 placeblockabstract l-3-3-5 stone -> place-block-abstract-1 77239
77264 placeblockabstract l-3-4-5 stone -> place-block-abstract-1 77265
77276 placeblockabstract l-3-5-5 stone -> place-block-abstract-1 77277
77290 placeblockabstract l-3-1-5 stone -> place-block-abstract-1 77291
77873 placeblockabstract l-4-1-5 stone -> place-block-abstract-1 77874
77994 placeblockabstract l-4-2-5 stone -> place-block-abstract-1 77995
78053 placeblockabstract l-4-3-5 stone -> place-block-abstract-1 78054
78078 placeblockabstract l-4-4-5 stone -> place-block-abstract-1 78079
78092 placeblockabstract l-4-5-5 stone -> place-block-abstract-1 78093
78451 placeblockabstract l-5-1-5 stone -> place-block-abstract-1 78452
78645 placeblockabstract l-5-2-5 stone -> place-block-abstract-1 78646
78738 placeblockabstract l-5-3-5 stone -> place-block-abstract-1 78739
78781 placeblockabstract l-5-5-5 stone -> place-block-abstract-1 78782
78810 placeblockabstract l-5-4-5 stone -> place-block-abstract-1 78811
78831 placeblockabstract l-6-1-5 stone -> place-block-abstract-1 78832
78969 placeblockabstract l-6-2-5 stone -> place-block-abstract-1 78970
79063 placeblockabstract l-6-3-5 stone -> place-block-abstract-1 79064
79102 placeblockabstract l-6-4-5 stone -> place-block-abstract-1 79103
79124 placeblockabstract l-6-5-5 stone -> place-block-abstract-1 79125
79719 placeblockabstract l-1-5-3 stone -> place-block-abstract-1 79720
79777 placeblockabstract l-1-5-0 stone -> place-block-abstract-1 79778
79785 placeblockabstract l-1-5-1 stone -> place-block-abstract-1 79786
79799 placeblockabstract l-1-5-2 stone -> place-block-abstract-1 79800
79829 placeblockabstract l-1-5-4 stone -> place-block-abstract-1 79830
79950 placeblockabstract l-2-5-4 stone -> place-block-abstract-1 79951
80050 placeblockabstract l-2-5-3 stone -> place-block-abstract-1 80051
80112 placeblockabstract l-2-5-2 stone -> place-block-abstract-1 80113
80144 placeblockabstract l-2-5-1 stone -> place-block-abstract-1 80145
80156 placeblockabstract l-2-5-0 stone -> place-block-abstract-1 80157
80406 placeblockabstract l-3-5-4 stone -> place-block-abstract-1 80407
80519 placeblockabstract l-3-5-2 stone -> place-block-abstract-1 80520
80544 placeblockabstract l-3-5-1 stone -> place-block-abstract-1 80545
80556 placeblockabstract l-3-5-0 stone -> place-block-abstract-1 80557
80571 placeblockabstract l-3-5-3 stone -> place-block-abstract-1 80572
80864 placeblockabstract l-4-5-3 stone -> place-block-abstract-1 80865
80916 placeblockabstract l-4-5-2 stone -> place-block-abstract-1 80917
80948 placeblockabstract l-4-5-0 stone -> place-block-abstract-1 80949
80956 placeblockabstract l-4-5-1 stone -> place-block-abstract-1 80957
80975 placeblockabstract l-4-5-4 stone -> place-block-abstract-1 80976
81329 placeblockabstract l-5-5-1 stone -> place-block-abstract-1 81330
81333 placeblockabstract l-5-5-0 stone -> place-block-abstract-1 81334
81352 placeblockabstract l-5-5-2 stone -> place-block-abstract-1 81353
81399 placeblockabstract l-5-5-3 stone -> place-block-abstract-1 81400
81481 placeblockabstract l-5-5-4 stone -> place-block-abstract-1 81482
82360 placeblockabstract l-6-5-4 stone -> place-block-abstract-1 82361
82534 placeblockabstract l-6-5-3 stone -> place-block-abstract-1 82535
82627 placeblockabstract l-6-5-0 stone -> place-block-abstract-1 82628
82646 placeblockabstract l-6-5-1 stone -> place-block-abstract-1 82647
82668 placeblockabstract l-6-5-2 stone -> place-block-abstract-1 82669
82711 placeblockabstract l-1-4-0 stone -> place-block-abstract-1 82712
82813 placeblockabstract l-1-3-0 stone -> place-block-abstract-1 82814
82881 placeblockabstract l-1-2-0 stone -> place-block-abstract-1 82882
82910 placeblockabstract l-1-1-0 stone -> place-block-abstract-1 82911
83168 placeblockabstract l-2-4-0 stone -> place-block-abstract-1 83169
83298 placeblockabstract l-2-1-0 stone -> place-block-abstract-1 83299
83314 placeblockabstract l-2-2-0 stone -> place-block-abstract-1 83315
83343 placeblockabstract l-2-3-0 stone -> place-block-abstract-1 83344
83870 placeblockabstract l-3-3-0 stone -> place-block-abstract-1 83871
83923 placeblockabstract l-3-2-0 stone -> place-block-abstract-1 83924
83955 placeblockabstract l-3-1-0 stone -> place-block-abstract-1 83956
83980 placeblockabstract l-3-4-0 stone -> place-block-abstract-1 83981
84099 placeblockabstract l-4-4-0 stone -> place-block-abstract-1 84100
84211 placeblockabstract l-4-3-0 stone -> place-block-abstract-1 84212
84274 placeblockabstract l-4-2-0 stone -> place-block-abstract-1 84275
84310 placeblockabstract l-4-1-0 stone -> place-block-abstract-1 84311
84586 placeblockabstract l-5-1-0 stone -> place-block-abstract-1 84587
84609 placeblockabstract l-5-2-0 stone -> place-block-abstract-1 84610
84644 placeblockabstract l-5-3-0 stone -> place-block-abstract-1 84645
84733 placeblockabstract l-5-4-0 stone -> place-block-abstract-1 84734
85301 placeblockabstract l-6-2-0 stone -> place-block-abstract-1 85302
85332 placeblockabstract l-6-0-0 stone -> place-block-abstract-2
85348 placeblockabstract l-6-1-0 stone -> place-block-abstract-1 85349
85361 placeblockabstract l-6-3-0 stone -> place-block-abstract-1 85362
85450 placeblockabstract l-6-4-0 stone -> place-block-abstract-1 85451
85960 removeblockabstract l-1-2-0 -> remove-block-abstract-2 85961
85962 removeblockabstract l-2-2-0 -> remove-block-abstract-2 85963
85969 placeblockabstract l-7-0-0 stone -> place-block-abstract-1 85970
86194 placeblockabstract l-7-0-5 stone -> place-block-abstract-1 86195
86212 placeblockabstract l-7-0-4 stone -> place-block-abstract-1 86213
86221 placeblockabstract l-7-0-3 stone -> place-block-abstract-1 86222
86255 placeblockabstract l-7-0-2 stone -> place-block-abstract-1 86256
86313 placeblockabstract l-7-0-1 stone -> place-block-abstract-1 86314
86427 placeblockabstract l-7-1-0 stone -> place-block-abstract-1 86428
86654 placeblockabstract l-7-1-1 stone -> place-block-abstract-1 86655
86769 placeblockabstract l-7-1-2 stone -> place-block-abstract-1 86770
86826 placeblockabstract l-7-1-4 stone -> place-block-abstract-1 86827
86847 placeblockabstract l-7-1-5 stone -> place-block-abstract-1 86848
86859 placeblockabstract l-7-1-3 stone -> place-block-abstract-1 86860
86889 placeblockabstract l-7-2-0 stone -> place-block-abstract-1 86890
87114 placeblockabstract l-7-2-1 stone -> place-block-abstract-1 87115
87229 placeblockabstract l-7-2-2 stone -> place-block-abstract-1 87230
87288 placeblockabstract l-7-2-4 stone -> place-block-abstract-1 87289
87303 placeblockabstract l-7-2-5 stone -> place-block-abstract-1 87304
87320 placeblockabstract l-7-2-3 stone -> place-block-abstract-1 87321
87342 placeblockabstract l-7-3-0 stone -> place-block-abstract-1 87343
87573 placeblockabstract l-7-3-3 stone -> place-block-abstract-1 87574
87595 placeblockabstract l-7-3-5 stone -> place-block-abstract-1 87596
87615 placeblockabstract l-7-3-4 stone -> place-block-abstract-1 87616
87630 placeblockabstract l-7-3-2 stone -> place-block-abstract-1 87631
87687 placeblockabstract l-7-3-1 stone -> place-block-abstract-1 87688
87801 placeblockabstract l-7-4-0 stone -> place-block-abstract-1 87802
88149 placeblockabstract l-7-4-1 stone -> place-block-abstract-1 88150
88339 placeblockabstract l-7-4-2 stone -> place-block-abstract-1 88340
88430 placeblockabstract l-7-4-4 stone -> place-block-abstract-1 88431
88457 placeblockabstract l-7-4-5 stone -> place-block-abstract-1 88458
88476 placeblockabstract l-7-4-3 stone -> place-block-abstract-1 88477
88521 placeblockabstract l-7-5-0 stone -> place-block-abstract-1 88522
88836 placeblockabstract l-7-5-3 stone -> place-block-abstract-1 88837
88883 placeblockabstract l-7-5-4 stone -> place-block-abstract-1 88884
88903 placeblockabstract l-7-5-5 stone -> place-block-abstract-1 88904
88923 placeblockabstract l-7-5-2 stone -> place-block-abstract-1 88924
89001 placeblockabstract l-7-5-1 stone -> place-block-abstract-1 89002
<==
5.399 End of solution plan. (counted length of 184)
5.399 Total amount of clauses encoded: 456397
5.399 - atmostoneelement : 174047 cls
5.399 - directframeaxioms : 106592 cls
5.399 - expansions : 65354 cls
5.399 - predecessors : 54300 cls
5.399 - actionconstraints : 26328 cls
5.399 - actioneffects : 15752 cls
5.399 - reductionconstraints : 13613 cls
5.399 - truefacts : 312 cls
5.399 - forbiddenoperations : 97 cls
5.399 - axiomaticops : 2 cls
5.399 # instantiated positions: 10922
5.399 # instantiated actions: 46053
5.399 # instantiated reductions: 8249
5.399 # introduced pseudo-constants: 0
5.399 # retroactive prunings: 33
5.399 # retroactively pruned operations: 97
5.399 # dominated operations: 0
5.399 # total invalid rigid preconditions found in getPFC: 12834
5.399 # invalid rigid preconditions found in getPFC: 9106
5.399 # invalid rigid preconditions found in getPFC in varrestrictions: 3728
5.399 # total invalid fluent preconditions found in getPFC: 4873
5.399 # invalid fluent preconditions found in getPFC: 2497
5.399 # invalid fluent preconditions found in getPFC in varrestrictions: 2376
5.399 # invalid fluent preconditions found in getPFC via postconditions: 0
5.399 # invalid subtasks found in getPFC: 0
5.399 # number effects in operation fact_frames: 120
5.399 # number of variables restricted: 39612
5.399 Exiting happily.

RUNWATCH_RESULT EXIT RETVAL 0 TIME_SECS 5.47461 MEMPEAK_KBS 789008
