    _           _         _
   \ |         \ |       | |                       
   | |     __  | |      _| |______                
   | |     \/  | |     /_   ______\                
   | |      _  | |   __  | |  ___   ___   ___       
   | |___  | | | |  / .\ | | / , | |   \ / ·_\    
   \_____\ |_| |__\ \__/ |_| \___) |_|_| \___\  
[39mL i l o t a n e  version rls-glucose4
by Dominik Schreiber <dominik.schreiber@kit.edu> 2020-2021
using SAT solver glucose4

0.005 Parser finished.
0.005 Structures extracted.
0.006 19 operators and 15 methods created.
0.011 Mined 11 new reduction preconditions (+20.4%).
0.011 Iteration 0.
0.011 Creating initial layer of size 2
0.015 Attempting to solve formula with 61 clauses (90 literals) and 1 assumptions
0.015 Unsolvable at layer 0 -- expanding.
0.015 Iteration 1.
0.015 New layer size: 2
0.015 Instantiating ...
0.023 Collected 29 relevant facts at this layer
0.023 Encoding ...
0.023 Attempting to solve formula with 411 clauses (825 literals) and 1 assumptions
0.023 Unsolvable at layer 1 -- expanding.
0.023 Iteration 2.
0.023 New layer size: 3
0.023 Instantiating ...
0.025 Retroactively prune action (__SURROGATE*newMethod9*pickup* Q_1,0_BLOCK:0_1230cc17b4216b93) due to impossible effect !(on-table Q_1,0_BLOCK:0_1230cc17b4216b93)
0.050 Collected 83 relevant facts at this layer
0.050 Encoding ...
0.051 Attempting to solve formula with 3507 clauses (7848 literals) and 1 assumptions
0.052 Unsolvable at layer 2 -- expanding.
0.052 Iteration 3.
0.052 New layer size: 6
0.052 Instantiating ...
0.096 Collected 747 relevant facts at this layer
0.096 Encoding ...
0.109 Attempting to solve formula with 20203 clauses (54716 literals) and 3 assumptions
0.110 Unsolvable at layer 3 -- expanding.
0.110 Iteration 4.
0.110 New layer size: 11
0.110 Instantiating ...
0.202 Collected 747 relevant facts at this layer
0.202 Encoding ...
0.232 Attempting to solve formula with 58737 clauses (171517 literals) and 5 assumptions
0.233 Unsolvable at layer 4 -- expanding.
0.233 Iteration 5.
0.233 New layer size: 22
0.233 Instantiating ...
0.429 Collected 747 relevant facts at this layer
0.429 Encoding ...
0.498 Attempting to solve formula with 140258 clauses (420976 literals) and 11 assumptions
0.500 Unsolvable at layer 5 -- expanding.
0.500 Iteration 6.
0.500 New layer size: 43
0.500 Instantiating ...
0.895 Collected 747 relevant facts at this layer
0.895 Encoding ...
1.046 Attempting to solve formula with 307969 clauses (938316 literals) and 21 assumptions
1.054 Unsolvable at layer 6 -- expanding.
1.054 Iteration 7.
1.054 New layer size: 86
1.054 Instantiating ...
1.859 Collected 747 relevant facts at this layer
1.859 Encoding ...
2.220 Attempting to solve formula with 647196 clauses (1985778 literals) and 43 assumptions
2.260 Unsolvable at layer 7 -- expanding.
2.260 Iteration 8.
2.261 New layer size: 171
2.261 Instantiating ...
3.924 Collected 747 relevant facts at this layer
3.924 Encoding ...
4.546 Attempting to solve formula with 1330467 clauses (4099566 literals) and 85 assumptions
4.576 Unsolvable at layer 8 -- expanding.
4.576 Iteration 9.
4.576 New layer size: 342
4.576 Instantiating ...
8.013 Collected 747 relevant facts at this layer
8.013 Encoding ...
9.474 Attempting to solve formula with 2700814 clauses (8339924 literals) and 171 assumptions
9.543 Unsolvable at layer 9 -- expanding.
9.543 Iteration 10.
9.543 New layer size: 683
9.543 Instantiating ...
16.384 Collected 747 relevant facts at this layer
16.384 Encoding ...
19.378 Attempting to solve formula with 5446325 clauses (16839504 literals) and 341 assumptions
19.591 Unsolvable at layer 10 -- expanding.
19.591 Iteration 11.
19.591 New layer size: 1366
19.591 Instantiating ...
33.384 Collected 747 relevant facts at this layer
33.384 Encoding ...
39.433 Attempting to solve formula with 10941152 clauses (33851446 literals) and 683 assumptions
40.358 Unsolvable at layer 11 -- expanding.
40.358 Iteration 12.
40.359 New layer size: 2731
40.359 Instantiating ...
68.256 Collected 747 relevant facts at this layer
68.256 Encoding ...
80.898 Attempting to solve formula with 21935623 clauses (67894194 literals) and 1365 assumptions
82.994 Unsolvable at layer 12 -- expanding.
82.994 Iteration 13.
83.000 New layer size: 5462
83.000 Instantiating ...
140.268 Collected 747 relevant facts at this layer
140.268 Encoding ...
165.405 Attempting to solve formula with 43928370 clauses (135992472 literals) and 2731 assumptions
173.188 Unsolvable at layer 13 -- expanding.
173.188 Iteration 14.
173.200 New layer size: 10923
173.200 Instantiating ...
291.823 Collected 747 relevant facts at this layer
291.823 Encoding ...
306.997 Termination signal caught.
306.997 Total amount of clauses encoded: 55310814
306.997 - reductionconstraints : 16876304 cls
306.997 - directframeaxioms : 15313564 cls
306.997 - qfactsemantics : 11884701 cls
306.997 - indirectframeaxioms : 8754264 cls
306.997 - actionconstraints : 1079829 cls
306.997 - substitutionconstraints : 402341 cls
306.997 - qconstequality : 387341 cls
306.997 - atmostoneelement : 339363 cls
306.997 - expansions : 112550 cls
306.997 - predecessors : 99669 cls
306.997 - actioneffects : 60139 cls
306.997 - truefacts : 747 cls
306.997 - axiomaticops : 2 cls
306.997 # instantiated positions: 21852
306.997 # instantiated actions: 87309
306.997 # instantiated reductions: 70990
306.997 # introduced pseudo-constants: 27322
306.997 # retroactive prunings: 1
306.997 # retroactively pruned operations: 1
306.997 # dominated operations: 12
306.997 # total invalid rigid preconditions found in getPFC: 0
306.997 # invalid rigid preconditions found in getPFC: 0
306.997 # invalid rigid preconditions found in getPFC in varrestrictions: 0
306.997 # total invalid fluent preconditions found in getPFC: 6
306.997 # invalid fluent preconditions found in getPFC: 4
306.997 # invalid fluent preconditions found in getPFC in varrestrictions: 2
306.997 # invalid fluent preconditions found in getPFC via postconditions: 0
306.997 # invalid subtasks found in getPFC: 0
306.997 # number effects in operation fact_frames: 213
306.997 Exiting happily.

RUNWATCH_RESULT MEMOUT RETVAL 0 TIME_SECS 308.241 MEMPEAK_KBS 16008940
