    _           _         _
   \ |         \ |       | |                       
   | |     __  | |      _| |______                
   | |     \/  | |     /_   ______\                
   | |      _  | |   __  | |  ___   ___   ___       
   | |___  | | | |  / .\ | | / , | |   \ / ·_\    
   \_____\ |_| |__\ \__/ |_| \___) |_|_| \___\  
[39mL i l o t a n e  version rls-glucose4
by Dominik Schreiber <dominik.schreiber@kit.edu> 2020-2021
using SAT solver glucose4

0.003 Parser finished.
0.003 Structures extracted.
0.004 11 operators and 14 methods created.
0.005 Mined 13 new reduction preconditions (+108.3%).
0.005 Iteration 0.
0.005 Creating initial layer of size 2
0.006 Attempting to solve formula with 7 clauses (9 literals) and 1 assumptions
0.006 Unsolvable at layer 0 -- expanding.
0.006 Iteration 1.
0.006 New layer size: 2
0.006 Instantiating ...
0.006 Collected 2 relevant facts at this layer
0.006 Encoding ...
0.006 Attempting to solve formula with 40 clauses (89 literals) and 1 assumptions
0.006 Unsolvable at layer 1 -- expanding.
0.006 Iteration 2.
0.006 New layer size: 3
0.006 Instantiating ...
0.006 Retroactively prune reduction (achieve-goals-move)@(1,0): no children at offset 0
0.007 Retroactively prune action (__SURROGATE*newMethod22*pickup* Q_1,0_PACKAGE:0_ce2e7a4cef66fc62 Q_2,0_ROOM:0_afbfa30c0e22200a) due to impossible effect !(in Q_1,0_PACKAGE:0_ce2e7a4cef66fc62 Q_2,0_ROOM:0_afbfa30c0e22200a)
0.007 Collected 7 relevant facts at this layer
0.007 Encoding ...
0.007 Attempting to solve formula with 139 clauses (330 literals) and 1 assumptions
0.007 Unsolvable at layer 2 -- expanding.
0.007 Iteration 3.
0.007 New layer size: 4
0.007 Instantiating ...
0.007 Retroactively prune action (__SURROGATE*newMethod22*pickup* Q_2,1_PACKAGE:0_ce2e7a4cef66fc62 Q_3,1_ROOM:0_afbfa30c0e22200a) due to impossible effect !(in Q_2,1_PACKAGE:0_ce2e7a4cef66fc62 Q_3,1_ROOM:0_afbfa30c0e22200a)
0.008 Collected 10 relevant facts at this layer
0.008 Encoding ...
0.008 Attempting to solve formula with 301 clauses (759 literals) and 1 assumptions
0.008 Unsolvable at layer 3 -- expanding.
0.008 Iteration 4.
0.008 New layer size: 5
0.008 Instantiating ...
0.009 Collected 11 relevant facts at this layer
0.009 Encoding ...
0.009 Attempting to solve formula with 557 clauses (1442 literals) and 1 assumptions
0.009 Unsolvable at layer 4 -- expanding.
0.009 Iteration 5.
0.009 New layer size: 6
0.009 Instantiating ...
0.010 Collected 11 relevant facts at this layer
0.010 Encoding ...
0.011 Attempting to solve formula with 870 clauses (2298 literals) and 1 assumptions
0.011 Unsolvable at layer 5 -- expanding.
0.011 Iteration 6.
0.011 New layer size: 7
0.011 Instantiating ...
0.012 Collected 11 relevant facts at this layer
0.012 Encoding ...
0.013 Attempting to solve formula with 1207 clauses (3212 literals) and 1 assumptions
0.013 Unsolvable at layer 6 -- expanding.
0.013 Iteration 7.
0.013 New layer size: 8
0.013 Instantiating ...
0.014 Collected 11 relevant facts at this layer
0.014 Encoding ...
0.015 Attempting to solve formula with 1564 clauses (4166 literals) and 1 assumptions
0.015 Unsolvable at layer 7 -- expanding.
0.015 Iteration 8.
0.015 New layer size: 9
0.015 Instantiating ...
0.017 Collected 11 relevant facts at this layer
0.017 Encoding ...
0.017 Attempting to solve formula with 1941 clauses (5160 literals) and 1 assumptions
c last restart ## conflicts  :  6 98 
0.017 Found a solution at layer 8.
==>
400 open c r2 d02
404 move c r2 d02
407 open r2 r1 d12
415 move r2 r1 d12
418 pickup o2 r1
425 move r1 r2 d12
431 putdown o2 r2
root 10
10 achieve-goals -> achieve-goals-open 399 41
41 achieve-goals -> achieve-goals-move 403 83
83 achieve-goals -> achieve-goals-open 406 140
140 achieve-goals -> achieve-goals-move 414 207
207 achieve-goals -> achieve-goals-pickup 417 283
283 release -> release-move 424 367
367 release -> release-putdown_abstract 430 453
399 open_abstract -> newMethod25 400
403 move_abstract -> newMethod24 404
406 open_abstract -> newMethod25 407
414 move_abstract -> newMethod24 415
417 pickup_abstract o2 -> newMethod22 418
424 move_abstract -> newMethod24 425
430 putdown_abstract -> newMethod23 431
453 achieve-goals -> finished
<==
0.018 End of solution plan. (counted length of 7)
0.018 Total amount of clauses encoded: 1941
0.018 - atmostoneelement : 348 cls
0.018 - directframeaxioms : 278 cls
0.018 - actionconstraints : 235 cls
0.018 - qfactsemantics : 188 cls
0.018 - substitutionconstraints : 178 cls
0.018 - expansions : 175 cls
0.018 - predecessors : 170 cls
0.018 - reductionconstraints : 146 cls
0.018 - indirectframeaxioms : 107 cls
0.018 - qconstequality : 54 cls
0.018 - actioneffects : 46 cls
0.018 - truefacts : 11 cls
0.018 - forbiddenoperations : 3 cls
0.018 - axiomaticops : 2 cls
0.018 # instantiated positions: 45
0.018 # instantiated actions: 125
0.018 # instantiated reductions: 48
0.018 # introduced pseudo-constants: 43
0.018 # retroactive prunings: 3
0.018 # retroactively pruned operations: 5
0.018 # dominated operations: 0
0.018 Exiting happily (no cleaning up).

RUNWATCH_RESULT EXIT RETVAL 0 TIME_SECS 0.0253906 MEMPEAK_KBS 672
