    _           _         _
   \ |         \ |       | |                       
   | |     __  | |      _| |______                
   | |     \/  | |     /_   ______\                
   | |      _  | |   __  | |  ___   ___   ___       
   | |___  | | | |  / .\ | | / , | |   \ / ·_\    
   \_____\ |_| |__\ \__/ |_| \___) |_|_| \___\  
[39mL i l o t a n e  version rls-glucose4
by Dominik Schreiber <dominik.schreiber@kit.edu> 2020-2021
using SAT solver glucose4

0.013 Parser finished.
0.013 Structures extracted.
0.014 20 operators and 16 methods created.
0.046 Mined 11 new reduction preconditions (+10.5%).
0.046 Iteration 0.
0.046 Creating initial layer of size 2
0.169 Attempting to solve formula with 177 clauses (264 literals) and 1 assumptions
0.169 Unsolvable at layer 0 -- expanding.
0.169 Iteration 1.
0.169 New layer size: 3
0.169 Instantiating ...
0.620 Collected 5925 relevant facts at this layer
0.620 Encoding ...
0.652 Attempting to solve formula with 29653 clauses (81836 literals) and 2 assumptions
0.653 Unsolvable at layer 1 -- expanding.
0.653 Iteration 2.
0.653 New layer size: 5
0.653 Instantiating ...
2.035 Collected 6011 relevant facts at this layer
2.035 Encoding ...
2.128 Attempting to solve formula with 98684 clauses (315948 literals) and 2 assumptions
2.129 Unsolvable at layer 2 -- expanding.
2.129 Iteration 3.
2.129 New layer size: 11
2.129 Instantiating ...
3.258 Collected 6077 relevant facts at this layer
3.258 Encoding ...
3.483 Attempting to solve formula with 286003 clauses (950161 literals) and 4 assumptions
3.493 Unsolvable at layer 3 -- expanding.
3.493 Iteration 4.
3.493 New layer size: 19
3.493 Instantiating ...
5.347 Collected 6077 relevant facts at this layer
5.347 Encoding ...
5.792 Attempting to solve formula with 600338 clauses (2023484 literals) and 6 assumptions
5.826 Unsolvable at layer 4 -- expanding.
5.826 Iteration 5.
5.826 New layer size: 33
5.826 Instantiating ...
8.931 Collected 6077 relevant facts at this layer
8.931 Encoding ...
9.765 Attempting to solve formula with 1145737 clauses (3893024 literals) and 10 assumptions
9.911 Unsolvable at layer 5 -- expanding.
9.911 Iteration 6.
9.911 New layer size: 55
9.911 Instantiating ...
14.999 Collected 6077 relevant facts at this layer
14.999 Encoding ...
16.345 Attempting to solve formula with 2044615 clauses (6981113 literals) and 16 assumptions
16.929 Unsolvable at layer 6 -- expanding.
16.929 Iteration 7.
16.930 New layer size: 91
16.930 Instantiating ...
25.225 Collected 6077 relevant facts at this layer
25.225 Encoding ...
27.412 Attempting to solve formula with 3527629 clauses (12082494 literals) and 26 assumptions
28.660 Unsolvable at layer 7 -- expanding.
28.660 Iteration 8.
28.660 New layer size: 149
28.660 Instantiating ...
42.310 Collected 6077 relevant facts at this layer
42.310 Encoding ...
46.000 Attempting to solve formula with 5948257 clauses (20415713 literals) and 42 assumptions
48.236 Unsolvable at layer 8 -- expanding.
48.236 Iteration 9.
48.236 New layer size: 243
48.236 Instantiating ...
71.235 Collected 6077 relevant facts at this layer
71.235 Encoding ...
77.707 Attempting to solve formula with 9890635 clauses (33994062 literals) and 68 assumptions
88.467 Unsolvable at layer 9 -- expanding.
88.467 Iteration 10.
88.468 New layer size: 395
88.468 Instantiating ...
126.033 Collected 6077 relevant facts at this layer
126.033 Encoding ...
136.232 Attempting to solve formula with 16292377 clauses (56049379 literals) and 110 assumptions
154.828 Unsolvable at layer 10 -- expanding.
154.828 Iteration 11.
154.828 New layer size: 641
154.828 Instantiating ...
217.314 Collected 6077 relevant facts at this layer
217.314 Encoding ...
233.709 Attempting to solve formula with 26675233 clauses (91826794 literals) and 178 assumptions
272.286 Unsolvable at layer 11 -- expanding.
272.286 Iteration 12.
272.287 New layer size: 1039
272.287 Instantiating ...
374.019 Collected 6077 relevant facts at this layer
374.019 Encoding ...
405.830 Attempting to solve formula with 43498629 clauses (149803388 literals) and 288 assumptions
510.441 Unsolvable at layer 12 -- expanding.
510.441 Iteration 13.
510.443 New layer size: 1683
510.443 Instantiating ...
658.064 Termination signal caught.
658.064 Total amount of clauses encoded: 43498629
658.064 - directframeaxioms : 17866566 cls
658.064 - qfactsemantics : 11655540 cls
658.064 - indirectframeaxioms : 8920761 cls
658.064 - reductionconstraints : 4370063 cls
658.064 - actionconstraints : 286138 cls
658.064 - qconstequality : 170286 cls
658.064 - substitutionconstraints : 128625 cls
658.064 - atmostoneelement : 49879 cls
658.064 - expansions : 19248 cls
658.064 - predecessors : 16229 cls
658.064 - actioneffects : 9215 cls
658.064 - truefacts : 6077 cls
658.064 - axiomaticops : 2 cls
658.064 # instantiated positions: 3982
658.064 # instantiated actions: 16508
658.064 # instantiated reductions: 7602
658.064 # introduced pseudo-constants: 3316
658.064 # retroactive prunings: 0
658.064 # retroactively pruned operations: 0
658.064 # dominated operations: 9
658.064 # total invalid rigid preconditions found in getPFC: 0
658.064 # invalid rigid preconditions found in getPFC: 0
658.064 # invalid rigid preconditions found in getPFC in varrestrictions: 0
658.064 # total invalid fluent preconditions found in getPFC: 32
658.064 # invalid fluent preconditions found in getPFC: 23
658.064 # invalid fluent preconditions found in getPFC in varrestrictions: 9
658.064 # invalid fluent preconditions found in getPFC via postconditions: 0
658.064 # invalid subtasks found in getPFC: 0
658.064 # number effects in operation fact_frames: 226
658.064 # number of variables restricted: 6846400
658.064 Exiting happily.

RUNWATCH_RESULT MEMOUT RETVAL 0 TIME_SECS 659.141 MEMPEAK_KBS 16038288
