    _           _         _
   \ |         \ |       | |                       
   | |     __  | |      _| |______                
   | |     \/  | |     /_   ______\                
   | |      _  | |   __  | |  ___   ___   ___       
   | |___  | | | |  / .\ | | / , | |   \ / ·_\    
   \_____\ |_| |__\ \__/ |_| \___) |_|_| \___\  
[39mL i l o t a n e  version rls-glucose4
by Dominik Schreiber <dominik.schreiber@kit.edu> 2020-2021
using SAT solver glucose4

0.004 Parser finished.
0.005 Structures extracted.
0.005 20 operators and 16 methods created.
0.056 Mined 11 new reduction preconditions (+27.5%).
0.056 Iteration 0.
0.056 Creating initial layer of size 2
0.338 Attempting to solve formula with 31 clauses (45 literals) and 1 assumptions
0.338 Unsolvable at layer 0 -- expanding.
0.338 Iteration 1.
0.338 New layer size: 5
0.338 Instantiating ...
1.165 Collected 140 relevant facts at this layer
1.165 Encoding ...
1.167 Attempting to solve formula with 2675 clauses (7066 literals) and 4 assumptions
1.167 Unsolvable at layer 1 -- expanding.
1.167 Iteration 2.
1.167 New layer size: 9
1.167 Instantiating ...
3.073 Collected 176 relevant facts at this layer
3.073 Encoding ...
3.079 Attempting to solve formula with 9448 clauses (27037 literals) and 4 assumptions
3.079 Unsolvable at layer 2 -- expanding.
3.079 Iteration 3.
3.079 New layer size: 21
3.079 Instantiating ...
5.911 Collected 184 relevant facts at this layer
5.911 Encoding ...
5.926 Attempting to solve formula with 24874 clauses (74377 literals) and 8 assumptions
5.928 Unsolvable at layer 3 -- expanding.
5.928 Iteration 4.
5.928 New layer size: 37
5.928 Instantiating ...
10.401 Collected 184 relevant facts at this layer
10.401 Encoding ...
10.427 Attempting to solve formula with 49048 clauses (148014 literals) and 12 assumptions
10.428 Unsolvable at layer 4 -- expanding.
10.428 Iteration 5.
10.428 New layer size: 65
10.428 Instantiating ...
17.478 Collected 184 relevant facts at this layer
17.478 Encoding ...
17.532 Attempting to solve formula with 89922 clauses (273239 literals) and 20 assumptions
17.534 Unsolvable at layer 5 -- expanding.
17.534 Iteration 6.
17.534 New layer size: 109
17.534 Instantiating ...
28.779 Collected 184 relevant facts at this layer
28.779 Encoding ...
28.867 Attempting to solve formula with 155857 clauses (474989 literals) and 32 assumptions
28.870 Unsolvable at layer 6 -- expanding.
28.870 Iteration 7.
28.871 New layer size: 181
28.871 Instantiating ...
47.023 Collected 184 relevant facts at this layer
47.023 Encoding ...
47.178 Attempting to solve formula with 263504 clauses (804697 literals) and 52 assumptions
47.189 Unsolvable at layer 7 -- expanding.
47.189 Iteration 8.
47.190 New layer size: 297
47.190 Instantiating ...
76.449 Collected 184 relevant facts at this layer
76.449 Encoding ...
76.696 Attempting to solve formula with 437923 clauses (1338885 literals) and 84 assumptions
76.729 Unsolvable at layer 8 -- expanding.
76.729 Iteration 9.
76.729 New layer size: 485
76.729 Instantiating ...
124.014 Collected 184 relevant facts at this layer
124.014 Encoding ...
124.437 Attempting to solve formula with 720826 clauses (2205511 literals) and 136 assumptions
124.492 Unsolvable at layer 9 -- expanding.
124.492 Iteration 10.
124.493 New layer size: 789
124.493 Instantiating ...
200.979 Collected 184 relevant facts at this layer
200.979 Encoding ...
201.575 Attempting to solve formula with 1178985 clauses (3609055 literals) and 220 assumptions
201.722 Unsolvable at layer 10 -- expanding.
201.722 Iteration 11.
201.722 New layer size: 1281
201.722 Instantiating ...
325.075 Collected 184 relevant facts at this layer
325.075 Encoding ...
326.124 Attempting to solve formula with 1920884 clauses (5881955 literals) and 356 assumptions
326.610 Unsolvable at layer 11 -- expanding.
326.610 Iteration 12.
326.611 New layer size: 2077
326.611 Instantiating ...
525.680 Collected 184 relevant facts at this layer
525.680 Encoding ...
527.542 Attempting to solve formula with 3121779 clauses (9561129 literals) and 576 assumptions
528.806 Unsolvable at layer 12 -- expanding.
528.807 Iteration 13.
528.809 New layer size: 3365
528.809 Instantiating ...
850.539 Collected 184 relevant facts at this layer
850.539 Encoding ...
853.526 Attempting to solve formula with 5065410 clauses (15515933 literals) and 932 assumptions
857.224 Unsolvable at layer 13 -- expanding.
857.224 Iteration 14.
857.227 New layer size: 5449
857.227 Instantiating ...
1379.480 Collected 184 relevant facts at this layer
1379.480 Encoding ...
1384.403 Attempting to solve formula with 8210773 clauses (25152641 literals) and 1508 assumptions
1393.305 Unsolvable at layer 14 -- expanding.
1393.305 Iteration 15.
1393.308 New layer size: 8821
1393.308 Instantiating ...
1800.021 Termination signal caught.
1800.021 Total amount of clauses encoded: 8210773
1800.021 - directframeaxioms : 2528196 cls
1800.021 - reductionconstraints : 1854607 cls
1800.021 - qfactsemantics : 1655113 cls
1800.021 - indirectframeaxioms : 1318947 cls
1800.021 - atmostoneelement : 263699 cls
1800.021 - actionconstraints : 156524 cls
1800.021 - qconstequality : 118416 cls
1800.021 - expansions : 101852 cls
1800.021 - predecessors : 85915 cls
1800.021 - substitutionconstraints : 78895 cls
1800.021 - actioneffects : 48423 cls
1800.021 - truefacts : 184 cls
1800.021 - axiomaticops : 2 cls
1800.021 # instantiated positions: 17959
1800.021 # instantiated actions: 74712
1800.021 # instantiated reductions: 34196
1800.021 # introduced pseudo-constants: 15685
1800.021 # retroactive prunings: 0
1800.021 # retroactively pruned operations: 0
1800.021 # dominated operations: 11
1800.021 # total invalid rigid preconditions found in getPFC: 0
1800.021 # invalid rigid preconditions found in getPFC: 0
1800.021 # invalid rigid preconditions found in getPFC in varrestrictions: 0
1800.021 # total invalid fluent preconditions found in getPFC: 129
1800.021 # invalid fluent preconditions found in getPFC: 87
1800.021 # invalid fluent preconditions found in getPFC in varrestrictions: 42
1800.021 # invalid fluent preconditions found in getPFC via postconditions: 0
1800.021 # invalid subtasks found in getPFC: 0
1800.021 # number effects in operation fact_frames: 230
1800.021 Exiting happily.

RUNWATCH_RESULT TIMEOUT RETVAL 0 TIME_SECS 1800.22 MEMPEAK_KBS 2881988
