    _           _         _
   \ |         \ |       | |                       
   | |     __  | |      _| |______                
   | |     \/  | |     /_   ______\                
   | |      _  | |   __  | |  ___   ___   ___       
   | |___  | | | |  / .\ | | / , | |   \ / ·_\    
   \_____\ |_| |__\ \__/ |_| \___) |_|_| \___\  
[39mL i l o t a n e  version rls-glucose4
by Dominik Schreiber <dominik.schreiber@kit.edu> 2020-2021
using SAT solver glucose4

0.016 Parser finished.
0.016 Structures extracted.
0.017 20 operators and 16 methods created.
0.283 Mined 11 new reduction preconditions (+9.2%).
0.283 Iteration 0.
0.283 Creating initial layer of size 2
1.554 Attempting to solve formula with 195 clauses (291 literals) and 1 assumptions
1.554 Unsolvable at layer 0 -- expanding.
1.554 Iteration 1.
1.554 New layer size: 3
1.554 Instantiating ...
3.502 Collected 8460 relevant facts at this layer
3.502 Encoding ...
3.555 Attempting to solve formula with 40921 clauses (113057 literals) and 2 assumptions
3.556 Unsolvable at layer 1 -- expanding.
3.556 Iteration 2.
3.556 New layer size: 5
3.556 Instantiating ...
14.736 Collected 8556 relevant facts at this layer
14.736 Encoding ...
14.854 Attempting to solve formula with 135741 clauses (437102 literals) and 2 assumptions
14.855 Unsolvable at layer 2 -- expanding.
14.855 Iteration 3.
14.855 New layer size: 11
14.855 Instantiating ...
20.198 Collected 8642 relevant facts at this layer
20.198 Encoding ...
20.532 Attempting to solve formula with 397579 clauses (1327763 literals) and 4 assumptions
20.544 Unsolvable at layer 3 -- expanding.
20.544 Iteration 4.
20.544 New layer size: 19
20.544 Instantiating ...
30.056 Collected 8642 relevant facts at this layer
30.057 Encoding ...
30.649 Attempting to solve formula with 835555 clauses (2829450 literals) and 6 assumptions
30.683 Unsolvable at layer 4 -- expanding.
30.683 Iteration 5.
30.683 New layer size: 33
30.683 Instantiating ...
46.271 Collected 8642 relevant facts at this layer
46.271 Encoding ...
47.380 Attempting to solve formula with 1596353 clauses (5448155 literals) and 10 assumptions
47.527 Unsolvable at layer 5 -- expanding.
47.527 Iteration 6.
47.527 New layer size: 55
47.527 Instantiating ...
73.279 Collected 8642 relevant facts at this layer
73.279 Encoding ...
75.253 Attempting to solve formula with 2851384 clauses (9777672 literals) and 16 assumptions
75.334 Unsolvable at layer 6 -- expanding.
75.334 Iteration 7.
75.334 New layer size: 91
75.334 Instantiating ...
117.853 Collected 8642 relevant facts at this layer
117.853 Encoding ...
121.158 Attempting to solve formula with 4923255 clauses (16933830 literals) and 26 assumptions
121.304 Unsolvable at layer 7 -- expanding.
121.304 Iteration 8.
121.304 New layer size: 149
121.304 Instantiating ...
191.106 Collected 8642 relevant facts at this layer
191.106 Encoding ...
197.009 Attempting to solve formula with 8306198 clauses (28627438 literals) and 42 assumptions
197.188 Unsolvable at layer 8 -- expanding.
197.188 Iteration 9.
197.189 New layer size: 243
197.189 Instantiating ...
311.521 Collected 8642 relevant facts at this layer
311.521 Encoding ...
321.232 Attempting to solve formula with 13817053 clauses (47685137 literals) and 68 assumptions
322.264 Unsolvable at layer 9 -- expanding.
322.264 Iteration 10.
322.264 New layer size: 395
322.264 Instantiating ...
508.238 Collected 8642 relevant facts at this layer
508.238 Encoding ...
525.703 Attempting to solve formula with 22766892 clauses (78644377 literals) and 110 assumptions
527.041 Unsolvable at layer 10 -- expanding.
527.041 Iteration 11.
527.041 New layer size: 641
527.041 Instantiating ...
829.266 Collected 8642 relevant facts at this layer
829.266 Encoding ...
859.029 Attempting to solve formula with 37283627 clauses (128869249 literals) and 178 assumptions
860.935 Unsolvable at layer 11 -- expanding.
860.935 Iteration 12.
860.936 New layer size: 1039
860.936 Instantiating ...
1358.019 Collected 8642 relevant facts at this layer
1358.019 Encoding ...
1396.036 Termination signal caught.
1396.036 Total amount of clauses encoded: 55126168
1396.036 - directframeaxioms : 23090046 cls
1396.036 - qfactsemantics : 15032250 cls
1396.036 - indirectframeaxioms : 11507502 cls
1396.036 - reductionconstraints : 4752771 cls
1396.036 - actionconstraints : 310431 cls
1396.036 - qconstequality : 183990 cls
1396.036 - substitutionconstraints : 154816 cls
1396.036 - atmostoneelement : 45172 cls
1396.036 - expansions : 17460 cls
1396.036 - predecessors : 14719 cls
1396.036 - truefacts : 8642 cls
1396.036 - actioneffects : 8367 cls
1396.036 - axiomaticops : 2 cls
1396.036 # instantiated positions: 2685
1396.036 # instantiated actions: 11062
1396.036 # instantiated reductions: 5149
1396.036 # introduced pseudo-constants: 2270
1396.036 # retroactive prunings: 0
1396.036 # retroactively pruned operations: 0
1396.036 # dominated operations: 2
1396.036 # total invalid rigid preconditions found in getPFC: 0
1396.036 # invalid rigid preconditions found in getPFC: 0
1396.036 # invalid rigid preconditions found in getPFC in varrestrictions: 0
1396.036 # total invalid fluent preconditions found in getPFC: 173
1396.036 # invalid fluent preconditions found in getPFC: 161
1396.036 # invalid fluent preconditions found in getPFC in varrestrictions: 12
1396.036 # invalid fluent preconditions found in getPFC via postconditions: 0
1396.036 # invalid subtasks found in getPFC: 0
1396.036 # number effects in operation fact_frames: 226
1396.036 Exiting happily.

RUNWATCH_RESULT MEMOUT RETVAL 0 TIME_SECS 1397.02 MEMPEAK_KBS 16002980
