    _           _         _
   \ |         \ |       | |                       
   | |     __  | |      _| |______                
   | |     \/  | |     /_   ______\                
   | |      _  | |   __  | |  ___   ___   ___       
   | |___  | | | |  / .\ | | / , | |   \ / ·_\    
   \_____\ |_| |__\ \__/ |_| \___) |_|_| \___\  
[39mL i l o t a n e  version rls-cadical
by Dominik Schreiber <dominik.schreiber@kit.edu> 2020-2021
using SAT solver cadical

0.005 Parser finished.
0.005 Structures extracted.
0.006 54 operators and 26 methods created.
0.008 Mined 7 new reduction preconditions (+18.9%).
0.008 Iteration 0.
0.008 Creating initial layer of size 2
0.008 Attempting to solve formula with 3 clauses (3 literals) and 1 assumptions
0.008 Unsolvable at layer 0 -- expanding.
0.008 Iteration 1.
0.008 New layer size: 4
0.008 Instantiating ...
0.009 Collected 0 relevant facts at this layer
0.009 Encoding ...
0.009 Attempting to solve formula with 14 clauses (22 literals) and 3 assumptions
0.009 Unsolvable at layer 1 -- expanding.
0.009 Iteration 2.
0.009 New layer size: 7
0.009 Instantiating ...
0.009 Collected 3 relevant facts at this layer
0.009 Encoding ...
0.009 Attempting to solve formula with 43 clauses (77 literals) and 3 assumptions
0.009 Unsolvable at layer 2 -- expanding.
0.009 Iteration 3.
0.009 New layer size: 10
0.009 Instantiating ...
0.010 Collected 6 relevant facts at this layer
0.010 Encoding ...
0.010 Attempting to solve formula with 96 clauses (183 literals) and 6 assumptions
0.010 Unsolvable at layer 3 -- expanding.
0.010 Iteration 4.
0.010 New layer size: 25
0.010 Instantiating ...
0.011 Collected 21 relevant facts at this layer
0.011 Encoding ...
0.012 Attempting to solve formula with 506 clauses (1180 literals) and 12 assumptions
0.012 Unsolvable at layer 4 -- expanding.
0.012 Iteration 5.
0.012 New layer size: 46
0.012 Instantiating ...
0.015 Collected 30 relevant facts at this layer
0.015 Encoding ...
0.017 Attempting to solve formula with 1861 clauses (4562 literals) and 18 assumptions
0.017 Unsolvable at layer 5 -- expanding.
0.017 Iteration 6.
0.017 New layer size: 73
0.017 Instantiating ...
0.023 Collected 30 relevant facts at this layer
0.023 Encoding ...
0.026 Attempting to solve formula with 4494 clauses (11443 literals) and 27 assumptions
0.026 Unsolvable at layer 6 -- expanding.
0.026 Iteration 7.
0.027 New layer size: 112
0.027 Instantiating ...
0.035 Collected 31 relevant facts at this layer
0.035 Encoding ...
0.041 Attempting to solve formula with 8594 clauses (22265 literals) and 38 assumptions
0.041 Unsolvable at layer 7 -- expanding.
0.041 Iteration 8.
0.041 New layer size: 165
0.041 Instantiating ...
0.054 Collected 31 relevant facts at this layer
0.054 Encoding ...
0.063 Attempting to solve formula with 14558 clauses (37962 literals) and 52 assumptions
0.064 Unsolvable at layer 8 -- expanding.
0.064 Iteration 9.
0.064 New layer size: 235
0.064 Instantiating ...
0.083 Collected 31 relevant facts at this layer
0.083 Encoding ...
0.095 Attempting to solve formula with 23108 clauses (60537 literals) and 69 assumptions
0.100 Found a solution at layer 9.
==>
3803 i-LOCK-LIFT-AT F0
3805 i-UNLOCK-LIFT-AT F0
3807 BOARD F0 P2
3852 i-LOCK-BOARDED P2
3856 UP F0 F4
3860 DOWN F4 F0
3866 UP F0 F3
3868 UP F3 F5
3907 i-LOCK-LIFT-AT F5
3911 i-UNLOCK-LIFT-AT F5
3913 i-UNLOCK-BOARDED P2
3915 DEPART F5 P2
4410 i-LOCK-SERVED P2
4414 DOWN F5 F1
4454 i-LOCK-LIFT-AT F1
4457 i-UNLOCK-LIFT-AT F1
4460 BOARD F1 P1
4544 i-LOCK-BOARDED P1
4549 DOWN F1 F0
4552 UP F0 F2
4556 UP F2 F3
4600 i-LOCK-LIFT-AT F3
4602 i-UNLOCK-LIFT-AT F3
4605 i-UNLOCK-BOARDED P1
4607 DEPART F3 P1
5102 i-LOCK-SERVED P1
5107 UP F3 F5
5146 i-LOCK-LIFT-AT F5
5150 i-UNLOCK-LIFT-AT F5
5152 BOARD F5 P0
5236 i-LOCK-BOARDED P0
5238 DOWN F5 F1
5246 DOWN F1 F0
5291 i-LOCK-LIFT-AT F0
5294 i-UNLOCK-LIFT-AT F0
5297 i-UNLOCK-BOARDED P0
5299 DEPART F0 P0
5794 i-LOCK-SERVED P0
root 5 7 9
5 ACHIEVE-SERVED P2 -> M22-ACHIEVE-SERVED 13 4410
7 ACHIEVE-SERVED P1 -> M22-ACHIEVE-SERVED 20 5102
9 ACHIEVE-SERVED P0 -> M22-ACHIEVE-SERVED 25 5794
13 ACHIEVE-SERVED2 P2 -> M24-ACHIEVE-SERVED2 33 38
20 ACHIEVE-SERVED2 P1 -> M24-ACHIEVE-SERVED2 45 47
25 ACHIEVE-SERVED2 P0 -> M24-ACHIEVE-SERVED2 54 56
33 DO-SERVED-DEPART2 F5 P2 -> M8-DO-SERVED-DEPART2 65 84 3910 3912 3915
38 ACHIEVE-SERVED2 P2 -> M23-ACHIEVE-SERVED2
45 DO-SERVED-DEPART2 F3 P1 -> M8-DO-SERVED-DEPART2 145 149 4601 4604 4607
47 ACHIEVE-SERVED2 P1 -> M23-ACHIEVE-SERVED2
54 DO-SERVED-DEPART2 F0 P0 -> M8-DO-SERVED-DEPART2 210 214 5293 5296 5299
56 ACHIEVE-SERVED2 P0 -> M23-ACHIEVE-SERVED2
65 ACHIEVE-BOARDED P2 -> M17-ACHIEVE-BOARDED 277 3852
84 ACHIEVE-LIFT-AT F5 -> M11-ACHIEVE-LIFT-AT 310 3907
145 ACHIEVE-BOARDED P1 -> M17-ACHIEVE-BOARDED 435 4544
149 ACHIEVE-LIFT-AT F3 -> M11-ACHIEVE-LIFT-AT 458 4600
210 ACHIEVE-BOARDED P0 -> M17-ACHIEVE-BOARDED 584 5236
214 ACHIEVE-LIFT-AT F0 -> M11-ACHIEVE-LIFT-AT 608 5291
277 ACHIEVE-BOARDED1 P2 -> M19-ACHIEVE-BOARDED1 735 737
310 ACHIEVE-LIFT-AT0 F5 -> M13-ACHIEVE-LIFT-AT0 3856 759
435 ACHIEVE-BOARDED1 P1 -> M19-ACHIEVE-BOARDED1 957 960
458 ACHIEVE-LIFT-AT0 F3 -> M14-ACHIEVE-LIFT-AT0 4549 979
584 ACHIEVE-BOARDED1 P0 -> M19-ACHIEVE-BOARDED1 1178 1181
608 ACHIEVE-LIFT-AT0 F0 -> M14-ACHIEVE-LIFT-AT0 5238 1202
735 DO-BOARDED-BOARD1 F0 P2 -> M7-DO-BOARDED-BOARD1 3802 3804 3807
737 ACHIEVE-BOARDED1 P2 -> M18-ACHIEVE-BOARDED1
759 ACHIEVE-LIFT-AT0 F5 -> M14-ACHIEVE-LIFT-AT0 3860 1443
957 DO-BOARDED-BOARD1 F1 P1 -> M7-DO-BOARDED-BOARD1 1727 4456 4460
960 ACHIEVE-BOARDED1 P1 -> M18-ACHIEVE-BOARDED1
979 ACHIEVE-LIFT-AT0 F3 -> M13-ACHIEVE-LIFT-AT0 4552 1776
1178 DO-BOARDED-BOARD1 F5 P0 -> M7-DO-BOARDED-BOARD1 2060 5149 5152
1181 ACHIEVE-BOARDED1 P0 -> M18-ACHIEVE-BOARDED1
1202 ACHIEVE-LIFT-AT0 F0 -> M14-ACHIEVE-LIFT-AT0 5246 2109
1443 ACHIEVE-LIFT-AT0 F5 -> M13-ACHIEVE-LIFT-AT0 3866 2450
1727 ACHIEVE-LIFT-AT F1 -> M11-ACHIEVE-LIFT-AT 2837 4454
1776 ACHIEVE-LIFT-AT0 F3 -> M13-ACHIEVE-LIFT-AT0 4556 2934
2060 ACHIEVE-LIFT-AT F5 -> M11-ACHIEVE-LIFT-AT 3320 5146
2109 ACHIEVE-LIFT-AT0 F0 -> M12-ACHIEVE-LIFT-AT0
2450 ACHIEVE-LIFT-AT0 F5 -> M13-ACHIEVE-LIFT-AT0 3868 3876
2837 ACHIEVE-LIFT-AT0 F1 -> M14-ACHIEVE-LIFT-AT0 4414 4420
2934 ACHIEVE-LIFT-AT0 F3 -> M12-ACHIEVE-LIFT-AT0
3320 ACHIEVE-LIFT-AT0 F5 -> M13-ACHIEVE-LIFT-AT0 5107 5111
3802 ACHIEVE-LIFT-AT F0 -> M10-ACHIEVE-LIFT-AT 3803
3804 IFUNLOCK-LIFT-AT F0 -> IFUNLOCK5-LIFT-AT 3805
3876 ACHIEVE-LIFT-AT0 F5 -> M12-ACHIEVE-LIFT-AT0
3910 IFUNLOCK-LIFT-AT F5 -> IFUNLOCK5-LIFT-AT 3911
3912 IFUNLOCK-BOARDED P2 -> IFUNLOCK1-BOARDED 3913
4420 ACHIEVE-LIFT-AT0 F1 -> M12-ACHIEVE-LIFT-AT0
4456 IFUNLOCK-LIFT-AT F1 -> IFUNLOCK5-LIFT-AT 4457
4601 IFUNLOCK-LIFT-AT F3 -> IFUNLOCK5-LIFT-AT 4602
4604 IFUNLOCK-BOARDED P1 -> IFUNLOCK1-BOARDED 4605
5111 ACHIEVE-LIFT-AT0 F5 -> M12-ACHIEVE-LIFT-AT0
5149 IFUNLOCK-LIFT-AT F5 -> IFUNLOCK5-LIFT-AT 5150
5293 IFUNLOCK-LIFT-AT F0 -> IFUNLOCK5-LIFT-AT 5294
5296 IFUNLOCK-BOARDED P0 -> IFUNLOCK1-BOARDED 5297
<==
0.103 End of solution plan. (counted length of 38)
0.103 Total amount of clauses encoded: 23108
0.103 - directframeaxioms : 7770 cls
0.103 - reductionconstraints : 3859 cls
0.103 - atmostoneelement : 2335 cls
0.103 - expansions : 1927 cls
0.103 - predecessors : 1898 cls
0.103 - qfactsemantics : 1160 cls
0.103 - substitutionconstraints : 1032 cls
0.103 - qconstequality : 1024 cls
0.103 - actionconstraints : 1003 cls
0.103 - indirectframeaxioms : 640 cls
0.103 - actioneffects : 427 cls
0.103 - truefacts : 31 cls
0.103 - axiomaticops : 2 cls
0.103 # instantiated positions: 678
0.103 # instantiated actions: 1499
0.103 # instantiated reductions: 400
0.103 # introduced pseudo-constants: 162
0.103 # retroactive prunings: 0
0.103 # retroactively pruned operations: 0
0.103 # dominated operations: 0
0.103 Exiting happily (no cleaning up).

RUNWATCH_RESULT EXIT RETVAL 0 TIME_SECS 0.111328 MEMPEAK_KBS 672
