    _           _         _
   \ |         \ |       | |                       
   | |     __  | |      _| |______                
   | |     \/  | |     /_   ______\                
   | |      _  | |   __  | |  ___   ___   ___       
   | |___  | | | |  / .\ | | / , | |   \ / ·_\    
   \_____\ |_| |__\ \__/ |_| \___) |_|_| \___\  
[39mL i l o t a n e  version rls-glucose4
by Dominik Schreiber <dominik.schreiber@kit.edu> 2020-2021
using SAT solver glucose4

0.008 Parser finished.
0.009 Structures extracted.
0.009 54 operators and 26 methods created.
0.020 Mined 7 new reduction preconditions (+18.9%).
0.020 Iteration 0.
0.020 Creating initial layer of size 2
0.024 Attempting to solve formula with 3 clauses (3 literals) and 1 assumptions
0.024 Unsolvable at layer 0 -- expanding.
0.024 Iteration 1.
0.024 New layer size: 16
0.024 Instantiating ...
0.048 Collected 0 relevant facts at this layer
0.048 Encoding ...
0.049 Attempting to solve formula with 50 clauses (82 literals) and 15 assumptions
0.049 Unsolvable at layer 1 -- expanding.
0.049 Iteration 2.
0.049 New layer size: 31
0.049 Instantiating ...
0.073 Collected 15 relevant facts at this layer
0.073 Encoding ...
0.073 Attempting to solve formula with 187 clauses (341 literals) and 15 assumptions
0.073 Unsolvable at layer 2 -- expanding.
0.073 Iteration 3.
0.073 New layer size: 46
0.073 Instantiating ...
0.128 Collected 30 relevant facts at this layer
0.128 Encoding ...
0.129 Attempting to solve formula with 339 clauses (615 literals) and 15 assumptions
0.129 Unsolvable at layer 3 -- expanding.
0.129 Iteration 4.
0.129 New layer size: 121
0.129 Instantiating ...
0.229 Collected 82 relevant facts at this layer
0.229 Encoding ...
0.234 Attempting to solve formula with 1338 clauses (2981 literals) and 30 assumptions
0.234 Unsolvable at layer 4 -- expanding.
0.234 Iteration 5.
0.234 New layer size: 151
0.234 Instantiating ...
0.418 Collected 101 relevant facts at this layer
0.418 Encoding ...
0.438 Attempting to solve formula with 39279 clauses (95253 literals) and 30 assumptions
0.438 Unsolvable at layer 5 -- expanding.
0.438 Iteration 6.
0.438 New layer size: 181
0.438 Instantiating ...
0.663 Collected 101 relevant facts at this layer
0.664 Encoding ...
0.700 Attempting to solve formula with 94235 clauses (244160 literals) and 30 assumptions
0.701 Unsolvable at layer 6 -- expanding.
0.701 Iteration 7.
0.701 New layer size: 241
0.701 Instantiating ...
0.940 Collected 107 relevant facts at this layer
0.940 Encoding ...
0.982 Attempting to solve formula with 146824 clauses (389469 literals) and 30 assumptions
0.982 Unsolvable at layer 7 -- expanding.
0.982 Iteration 8.
0.982 New layer size: 271
0.982 Instantiating ...
1.327 Collected 107 relevant facts at this layer
1.327 Encoding ...
1.391 Attempting to solve formula with 236498 clauses (624295 literals) and 30 assumptions
1.391 Unsolvable at layer 8 -- expanding.
1.391 Iteration 9.
1.391 New layer size: 301
1.391 Instantiating ...
1.760 Collected 107 relevant facts at this layer
1.760 Encoding ...
1.844 Attempting to solve formula with 343003 clauses (915212 literals) and 30 assumptions
c last restart ## conflicts  :  222 6059 
2.327 Found a solution at layer 9.
==>
13908 UP F0 F8
14038 i-LOCK-LIFT-AT F8
14040 i-UNLOCK-LIFT-AT F8
14042 BOARD F8 P14
14048 i-LOCK-BOARDED P14
14053 UP F8 F10
14056 UP F10 F22
14060 DOWN F22 F21
14065 DOWN F21 F0
14199 i-LOCK-LIFT-AT F0
14201 i-UNLOCK-LIFT-AT F0
14203 i-UNLOCK-BOARDED P14
14205 DEPART F0 P14
14211 i-LOCK-SERVED P14
14213 UP F0 F27
14349 i-LOCK-LIFT-AT F27
14352 i-UNLOCK-LIFT-AT F27
14354 BOARD F27 P13
14360 i-LOCK-BOARDED P13
14365 DOWN F27 F21
14369 DOWN F21 F4
14372 UP F4 F20
14377 DOWN F20 F19
14511 i-LOCK-LIFT-AT F19
14513 i-UNLOCK-LIFT-AT F19
14515 i-UNLOCK-BOARDED P13
14517 DEPART F19 P13
14523 i-LOCK-SERVED P13
14527 UP F19 F27
14661 i-LOCK-LIFT-AT F27
14664 i-UNLOCK-LIFT-AT F27
14666 BOARD F27 P12
14672 i-LOCK-BOARDED P12
14674 DOWN F27 F4
14681 DOWN F4 F3
14685 UP F3 F10
14823 i-LOCK-LIFT-AT F10
14825 i-UNLOCK-LIFT-AT F10
14827 i-UNLOCK-BOARDED P12
14829 DEPART F10 P12
14835 i-LOCK-SERVED P12
14837 UP F10 F28
14974 i-LOCK-LIFT-AT F28
14976 i-UNLOCK-LIFT-AT F28
14978 BOARD F28 P11
14984 i-LOCK-BOARDED P11
14989 DOWN F28 F18
14993 UP F18 F22
14997 UP F22 F24
15000 DOWN F24 F12
15135 i-LOCK-LIFT-AT F12
15137 i-UNLOCK-LIFT-AT F12
15139 i-UNLOCK-BOARDED P11
15141 DEPART F12 P11
15147 i-LOCK-SERVED P11
15151 UP F12 F18
15286 i-LOCK-LIFT-AT F18
15288 i-UNLOCK-LIFT-AT F18
15290 BOARD F18 P10
15296 i-LOCK-BOARDED P10
15300 DOWN F18 F1
15304 UP F1 F9
15308 DOWN F9 F1
15313 UP F1 F13
15447 i-LOCK-LIFT-AT F13
15449 i-UNLOCK-LIFT-AT F13
15451 i-UNLOCK-BOARDED P10
15453 DEPART F13 P10
15459 i-LOCK-SERVED P10
15461 i-LOCK-LIFT-AT F13
15600 i-UNLOCK-LIFT-AT F13
15602 BOARD F13 P9
15608 i-LOCK-BOARDED P9
15612 UP F13 F24
15617 UP F24 F28
15620 UP F28 F29
15625 DOWN F29 F19
15759 i-LOCK-LIFT-AT F19
15761 i-UNLOCK-LIFT-AT F19
15763 i-UNLOCK-BOARDED P9
15765 DEPART F19 P9
15771 i-LOCK-SERVED P9
15773 DOWN F19 F3
15909 i-LOCK-LIFT-AT F3
15912 i-UNLOCK-LIFT-AT F3
15914 BOARD F3 P8
15920 i-LOCK-BOARDED P8
15924 UP F3 F21
15929 DOWN F21 F12
15933 UP F12 F27
15937 DOWN F27 F20
16071 i-LOCK-LIFT-AT F20
16073 i-UNLOCK-LIFT-AT F20
16075 i-UNLOCK-BOARDED P8
16077 DEPART F20 P8
16083 i-LOCK-SERVED P8
16087 DOWN F20 F9
16222 i-LOCK-LIFT-AT F9
16224 i-UNLOCK-LIFT-AT F9
16226 BOARD F9 P7
16232 i-LOCK-BOARDED P7
16235 UP F9 F26
16241 UP F26 F27
16245 UP F27 F29
16249 DOWN F29 F18
16383 i-LOCK-LIFT-AT F18
16385 i-UNLOCK-LIFT-AT F18
16387 i-UNLOCK-BOARDED P7
16389 DEPART F18 P7
16395 i-LOCK-SERVED P7
16398 UP F18 F19
16534 i-LOCK-LIFT-AT F19
16536 i-UNLOCK-LIFT-AT F19
16538 BOARD F19 P6
16544 i-LOCK-BOARDED P6
16548 DOWN F19 F4
16553 DOWN F4 F0
16556 UP F0 F1
16560 UP F1 F2
16695 i-LOCK-LIFT-AT F2
16697 i-UNLOCK-LIFT-AT F2
16699 i-UNLOCK-BOARDED P6
16701 DEPART F2 P6
16707 i-LOCK-SERVED P6
16709 UP F2 F14
16846 i-LOCK-LIFT-AT F14
16848 i-UNLOCK-LIFT-AT F14
16850 BOARD F14 P5
16856 i-LOCK-BOARDED P5
16861 DOWN F14 F13
16865 UP F13 F29
16869 DOWN F29 F13
16872 UP F13 F20
17007 i-LOCK-LIFT-AT F20
17009 i-UNLOCK-LIFT-AT F20
17011 i-UNLOCK-BOARDED P5
17013 DEPART F20 P5
17019 i-LOCK-SERVED P5
17021 DOWN F20 F15
17158 i-LOCK-LIFT-AT F15
17160 i-UNLOCK-LIFT-AT F15
17162 BOARD F15 P4
17168 i-LOCK-BOARDED P4
17173 DOWN F15 F2
17176 UP F2 F5
17181 UP F5 F7
17186 UP F7 F9
17319 i-LOCK-LIFT-AT F9
17321 i-UNLOCK-LIFT-AT F9
17323 i-UNLOCK-BOARDED P4
17325 DEPART F9 P4
17331 i-LOCK-SERVED P4
17333 UP F9 F28
17470 i-LOCK-LIFT-AT F28
17472 i-UNLOCK-LIFT-AT F28
17474 BOARD F28 P3
17480 i-LOCK-BOARDED P3
17485 DOWN F28 F0
17489 UP F0 F17
17631 i-LOCK-LIFT-AT F17
17633 i-UNLOCK-LIFT-AT F17
17635 i-UNLOCK-BOARDED P3
17637 DEPART F17 P3
17643 i-LOCK-SERVED P3
17647 DOWN F17 F0
17782 i-LOCK-LIFT-AT F0
17784 i-UNLOCK-LIFT-AT F0
17786 BOARD F0 P2
17792 i-LOCK-BOARDED P2
17797 UP F0 F5
17801 UP F5 F11
17805 DOWN F11 F9
17807 UP F9 F12
17943 i-LOCK-LIFT-AT F12
17945 i-UNLOCK-LIFT-AT F12
17947 i-UNLOCK-BOARDED P2
17949 DEPART F12 P2
17955 i-LOCK-SERVED P2
17957 i-LOCK-LIFT-AT F12
18096 i-UNLOCK-LIFT-AT F12
18098 BOARD F12 P1
18104 i-LOCK-BOARDED P1
18108 DOWN F12 F0
18113 UP F0 F20
18116 UP F20 F21
18121 DOWN F21 F2
18255 i-LOCK-LIFT-AT F2
18257 i-UNLOCK-LIFT-AT F2
18259 i-UNLOCK-BOARDED P1
18261 DEPART F2 P1
18267 i-LOCK-SERVED P1
18270 UP F2 F15
18406 i-LOCK-LIFT-AT F15
18408 i-UNLOCK-LIFT-AT F15
18410 BOARD F15 P0
18416 i-LOCK-BOARDED P0
18420 UP F15 F21
18567 i-LOCK-LIFT-AT F21
18569 i-UNLOCK-LIFT-AT F21
18571 i-UNLOCK-BOARDED P0
18573 DEPART F21 P0
18579 i-LOCK-SERVED P0
root 5 7 9 11 13 15 17 19 21 23 25 27 29 31 33
5 ACHIEVE-SERVED P14 -> M22-ACHIEVE-SERVED 37 14211
7 ACHIEVE-SERVED P13 -> M22-ACHIEVE-SERVED 56 14523
9 ACHIEVE-SERVED P12 -> M22-ACHIEVE-SERVED 61 14835
11 ACHIEVE-SERVED P11 -> M22-ACHIEVE-SERVED 66 15147
13 ACHIEVE-SERVED P10 -> M22-ACHIEVE-SERVED 71 15459
15 ACHIEVE-SERVED P9 -> M22-ACHIEVE-SERVED 76 15771
17 ACHIEVE-SERVED P8 -> M22-ACHIEVE-SERVED 81 16083
19 ACHIEVE-SERVED P7 -> M22-ACHIEVE-SERVED 86 16395
21 ACHIEVE-SERVED P6 -> M22-ACHIEVE-SERVED 91 16707
23 ACHIEVE-SERVED P5 -> M22-ACHIEVE-SERVED 96 17019
25 ACHIEVE-SERVED P4 -> M22-ACHIEVE-SERVED 101 17331
27 ACHIEVE-SERVED P3 -> M22-ACHIEVE-SERVED 106 17643
29 ACHIEVE-SERVED P2 -> M22-ACHIEVE-SERVED 111 17955
31 ACHIEVE-SERVED P1 -> M22-ACHIEVE-SERVED 116 18267
33 ACHIEVE-SERVED P0 -> M22-ACHIEVE-SERVED 121 18579
37 ACHIEVE-SERVED2 P14 -> M24-ACHIEVE-SERVED2 129 146
56 ACHIEVE-SERVED2 P13 -> M24-ACHIEVE-SERVED2 151 153
61 ACHIEVE-SERVED2 P12 -> M24-ACHIEVE-SERVED2 158 160
66 ACHIEVE-SERVED2 P11 -> M24-ACHIEVE-SERVED2 165 167
71 ACHIEVE-SERVED2 P10 -> M24-ACHIEVE-SERVED2 172 174
76 ACHIEVE-SERVED2 P9 -> M24-ACHIEVE-SERVED2 179 181
81 ACHIEVE-SERVED2 P8 -> M24-ACHIEVE-SERVED2 186 188
86 ACHIEVE-SERVED2 P7 -> M24-ACHIEVE-SERVED2 193 195
91 ACHIEVE-SERVED2 P6 -> M24-ACHIEVE-SERVED2 200 202
96 ACHIEVE-SERVED2 P5 -> M24-ACHIEVE-SERVED2 207 209
101 ACHIEVE-SERVED2 P4 -> M24-ACHIEVE-SERVED2 214 216
106 ACHIEVE-SERVED2 P3 -> M24-ACHIEVE-SERVED2 221 223
111 ACHIEVE-SERVED2 P2 -> M24-ACHIEVE-SERVED2 228 230
116 ACHIEVE-SERVED2 P1 -> M24-ACHIEVE-SERVED2 235 237
121 ACHIEVE-SERVED2 P0 -> M24-ACHIEVE-SERVED2 242 244
129 DO-SERVED-DEPART2 F0 P14 -> M8-DO-SERVED-DEPART2 251 306 14200 14202 14205
146 ACHIEVE-SERVED2 P14 -> M23-ACHIEVE-SERVED2
151 DO-SERVED-DEPART2 F19 P13 -> M8-DO-SERVED-DEPART2 348 351 14512 14514 14517
153 ACHIEVE-SERVED2 P13 -> M23-ACHIEVE-SERVED2
158 DO-SERVED-DEPART2 F10 P12 -> M8-DO-SERVED-DEPART2 393 396 14824 14826 14829
160 ACHIEVE-SERVED2 P12 -> M23-ACHIEVE-SERVED2
165 DO-SERVED-DEPART2 F12 P11 -> M8-DO-SERVED-DEPART2 438 441 15136 15138 15141
167 ACHIEVE-SERVED2 P11 -> M23-ACHIEVE-SERVED2
172 DO-SERVED-DEPART2 F13 P10 -> M8-DO-SERVED-DEPART2 483 486 15448 15450 15453
174 ACHIEVE-SERVED2 P10 -> M23-ACHIEVE-SERVED2
179 DO-SERVED-DEPART2 F19 P9 -> M8-DO-SERVED-DEPART2 528 531 15760 15762 15765
181 ACHIEVE-SERVED2 P9 -> M23-ACHIEVE-SERVED2
186 DO-SERVED-DEPART2 F20 P8 -> M8-DO-SERVED-DEPART2 573 576 16072 16074 16077
188 ACHIEVE-SERVED2 P8 -> M23-ACHIEVE-SERVED2
193 DO-SERVED-DEPART2 F18 P7 -> M8-DO-SERVED-DEPART2 618 621 16384 16386 16389
195 ACHIEVE-SERVED2 P7 -> M23-ACHIEVE-SERVED2
200 DO-SERVED-DEPART2 F2 P6 -> M8-DO-SERVED-DEPART2 663 666 16696 16698 16701
202 ACHIEVE-SERVED2 P6 -> M23-ACHIEVE-SERVED2
207 DO-SERVED-DEPART2 F20 P5 -> M8-DO-SERVED-DEPART2 708 711 17008 17010 17013
209 ACHIEVE-SERVED2 P5 -> M23-ACHIEVE-SERVED2
214 DO-SERVED-DEPART2 F9 P4 -> M8-DO-SERVED-DEPART2 753 756 17320 17322 17325
216 ACHIEVE-SERVED2 P4 -> M23-ACHIEVE-SERVED2
221 DO-SERVED-DEPART2 F17 P3 -> M8-DO-SERVED-DEPART2 798 801 17632 17634 17637
223 ACHIEVE-SERVED2 P3 -> M23-ACHIEVE-SERVED2
228 DO-SERVED-DEPART2 F12 P2 -> M8-DO-SERVED-DEPART2 843 846 17944 17946 17949
230 ACHIEVE-SERVED2 P2 -> M23-ACHIEVE-SERVED2
235 DO-SERVED-DEPART2 F2 P1 -> M8-DO-SERVED-DEPART2 888 891 18256 18258 18261
237 ACHIEVE-SERVED2 P1 -> M23-ACHIEVE-SERVED2
242 DO-SERVED-DEPART2 F21 P0 -> M8-DO-SERVED-DEPART2 933 936 18568 18570 18573
244 ACHIEVE-SERVED2 P0 -> M23-ACHIEVE-SERVED2
251 ACHIEVE-BOARDED P14 -> M17-ACHIEVE-BOARDED 980 14048
306 ACHIEVE-LIFT-AT F0 -> M11-ACHIEVE-LIFT-AT 1036 14199
348 ACHIEVE-BOARDED P13 -> M17-ACHIEVE-BOARDED 1174 14360
351 ACHIEVE-LIFT-AT F19 -> M11-ACHIEVE-LIFT-AT 1211 14511
393 ACHIEVE-BOARDED P12 -> M17-ACHIEVE-BOARDED 1349 14672
396 ACHIEVE-LIFT-AT F10 -> M11-ACHIEVE-LIFT-AT 1387 14823
438 ACHIEVE-BOARDED P11 -> M17-ACHIEVE-BOARDED 1524 14984
441 ACHIEVE-LIFT-AT F12 -> M11-ACHIEVE-LIFT-AT 1562 15135
483 ACHIEVE-BOARDED P10 -> M17-ACHIEVE-BOARDED 1699 15296
486 ACHIEVE-LIFT-AT F13 -> M11-ACHIEVE-LIFT-AT 1735 15447
528 ACHIEVE-BOARDED P9 -> M17-ACHIEVE-BOARDED 1874 15608
531 ACHIEVE-LIFT-AT F19 -> M11-ACHIEVE-LIFT-AT 1912 15759
573 ACHIEVE-BOARDED P8 -> M17-ACHIEVE-BOARDED 2049 15920
576 ACHIEVE-LIFT-AT F20 -> M11-ACHIEVE-LIFT-AT 2087 16071
618 ACHIEVE-BOARDED P7 -> M17-ACHIEVE-BOARDED 2224 16232
621 ACHIEVE-LIFT-AT F18 -> M11-ACHIEVE-LIFT-AT 2262 16383
663 ACHIEVE-BOARDED P6 -> M17-ACHIEVE-BOARDED 2399 16544
666 ACHIEVE-LIFT-AT F2 -> M11-ACHIEVE-LIFT-AT 2437 16695
708 ACHIEVE-BOARDED P5 -> M17-ACHIEVE-BOARDED 2574 16856
711 ACHIEVE-LIFT-AT F20 -> M11-ACHIEVE-LIFT-AT 2612 17007
753 ACHIEVE-BOARDED P4 -> M17-ACHIEVE-BOARDED 2749 17168
756 ACHIEVE-LIFT-AT F9 -> M11-ACHIEVE-LIFT-AT 2787 17319
798 ACHIEVE-BOARDED P3 -> M17-ACHIEVE-BOARDED 2924 17480
801 ACHIEVE-LIFT-AT F17 -> M11-ACHIEVE-LIFT-AT 2960 17631
843 ACHIEVE-BOARDED P2 -> M17-ACHIEVE-BOARDED 3099 17792
846 ACHIEVE-LIFT-AT F12 -> M11-ACHIEVE-LIFT-AT 3137 17943
888 ACHIEVE-BOARDED P1 -> M17-ACHIEVE-BOARDED 3274 18104
891 ACHIEVE-LIFT-AT F2 -> M11-ACHIEVE-LIFT-AT 3312 18255
933 ACHIEVE-BOARDED P0 -> M17-ACHIEVE-BOARDED 3449 18416
936 ACHIEVE-LIFT-AT F21 -> M11-ACHIEVE-LIFT-AT 3487 18567
980 ACHIEVE-BOARDED1 P14 -> M19-ACHIEVE-BOARDED1 3626 3628
1036 ACHIEVE-LIFT-AT0 F0 -> M13-ACHIEVE-LIFT-AT0 14053 3671
1174 ACHIEVE-BOARDED1 P13 -> M19-ACHIEVE-BOARDED1 3814 3816
1211 ACHIEVE-LIFT-AT0 F19 -> M14-ACHIEVE-LIFT-AT0 14365 3858
1349 ACHIEVE-BOARDED1 P12 -> M19-ACHIEVE-BOARDED1 4002 4004
1387 ACHIEVE-LIFT-AT0 F10 -> M14-ACHIEVE-LIFT-AT0 14674 4046
1524 ACHIEVE-BOARDED1 P11 -> M19-ACHIEVE-BOARDED1 4190 4192
1562 ACHIEVE-LIFT-AT0 F12 -> M14-ACHIEVE-LIFT-AT0 14989 4235
1699 ACHIEVE-BOARDED1 P10 -> M19-ACHIEVE-BOARDED1 4378 4380
1735 ACHIEVE-LIFT-AT0 F13 -> M14-ACHIEVE-LIFT-AT0 15300 4423
1874 ACHIEVE-BOARDED1 P9 -> M19-ACHIEVE-BOARDED1 4566 4568
1912 ACHIEVE-LIFT-AT0 F19 -> M13-ACHIEVE-LIFT-AT0 15612 4611
2049 ACHIEVE-BOARDED1 P8 -> M19-ACHIEVE-BOARDED1 4754 4756
2087 ACHIEVE-LIFT-AT0 F20 -> M13-ACHIEVE-LIFT-AT0 15924 4799
2224 ACHIEVE-BOARDED1 P7 -> M19-ACHIEVE-BOARDED1 4942 4944
2262 ACHIEVE-LIFT-AT0 F18 -> M13-ACHIEVE-LIFT-AT0 16235 4986
2399 ACHIEVE-BOARDED1 P6 -> M19-ACHIEVE-BOARDED1 5130 5132
2437 ACHIEVE-LIFT-AT0 F2 -> M14-ACHIEVE-LIFT-AT0 16548 5173
2574 ACHIEVE-BOARDED1 P5 -> M19-ACHIEVE-BOARDED1 5318 5320
2612 ACHIEVE-LIFT-AT0 F20 -> M14-ACHIEVE-LIFT-AT0 16861 5363
2749 ACHIEVE-BOARDED1 P4 -> M19-ACHIEVE-BOARDED1 5506 5508
2787 ACHIEVE-LIFT-AT0 F9 -> M14-ACHIEVE-LIFT-AT0 17173 5551
2924 ACHIEVE-BOARDED1 P3 -> M19-ACHIEVE-BOARDED1 5694 5696
2960 ACHIEVE-LIFT-AT0 F17 -> M14-ACHIEVE-LIFT-AT0 17485 5738
3099 ACHIEVE-BOARDED1 P2 -> M19-ACHIEVE-BOARDED1 5882 5884
3137 ACHIEVE-LIFT-AT0 F12 -> M13-ACHIEVE-LIFT-AT0 17797 5927
3274 ACHIEVE-BOARDED1 P1 -> M19-ACHIEVE-BOARDED1 6070 6072
3312 ACHIEVE-LIFT-AT0 F2 -> M14-ACHIEVE-LIFT-AT0 18108 6115
3449 ACHIEVE-BOARDED1 P0 -> M19-ACHIEVE-BOARDED1 6258 6260
3487 ACHIEVE-LIFT-AT0 F21 -> M13-ACHIEVE-LIFT-AT0 18420 6303
3626 DO-BOARDED-BOARD1 F8 P14 -> M7-DO-BOARDED-BOARD1 6448 14039 14042
3628 ACHIEVE-BOARDED1 P14 -> M18-ACHIEVE-BOARDED1
3671 ACHIEVE-LIFT-AT0 F0 -> M13-ACHIEVE-LIFT-AT0 14056 6511
3814 DO-BOARDED-BOARD1 F27 P13 -> M7-DO-BOARDED-BOARD1 6654 14351 14354
3816 ACHIEVE-BOARDED1 P13 -> M18-ACHIEVE-BOARDED1
3858 ACHIEVE-LIFT-AT0 F19 -> M14-ACHIEVE-LIFT-AT0 14369 6711
4002 DO-BOARDED-BOARD1 F27 P12 -> M7-DO-BOARDED-BOARD1 6854 14663 14666
4004 ACHIEVE-BOARDED1 P12 -> M18-ACHIEVE-BOARDED1
4046 ACHIEVE-LIFT-AT0 F10 -> M14-ACHIEVE-LIFT-AT0 14681 6910
4190 DO-BOARDED-BOARD1 F28 P11 -> M7-DO-BOARDED-BOARD1 7054 14975 14978
4192 ACHIEVE-BOARDED1 P11 -> M18-ACHIEVE-BOARDED1
4235 ACHIEVE-LIFT-AT0 F12 -> M13-ACHIEVE-LIFT-AT0 14993 7110
4378 DO-BOARDED-BOARD1 F18 P10 -> M7-DO-BOARDED-BOARD1 7254 15287 15290
4380 ACHIEVE-BOARDED1 P10 -> M18-ACHIEVE-BOARDED1
4423 ACHIEVE-LIFT-AT0 F13 -> M13-ACHIEVE-LIFT-AT0 15304 7311
4566 DO-BOARDED-BOARD1 F13 P9 -> M7-DO-BOARDED-BOARD1 15460 15599 15602
4568 ACHIEVE-BOARDED1 P9 -> M18-ACHIEVE-BOARDED1
4611 ACHIEVE-LIFT-AT0 F19 -> M13-ACHIEVE-LIFT-AT0 15617 7511
4754 DO-BOARDED-BOARD1 F3 P8 -> M7-DO-BOARDED-BOARD1 7654 15911 15914
4756 ACHIEVE-BOARDED1 P8 -> M18-ACHIEVE-BOARDED1
4799 ACHIEVE-LIFT-AT0 F20 -> M14-ACHIEVE-LIFT-AT0 15929 7709
4942 DO-BOARDED-BOARD1 F9 P7 -> M7-DO-BOARDED-BOARD1 7854 16223 16226
4944 ACHIEVE-BOARDED1 P7 -> M18-ACHIEVE-BOARDED1
4986 ACHIEVE-LIFT-AT0 F18 -> M13-ACHIEVE-LIFT-AT0 16241 7911
5130 DO-BOARDED-BOARD1 F19 P6 -> M7-DO-BOARDED-BOARD1 8054 16535 16538
5132 ACHIEVE-BOARDED1 P6 -> M18-ACHIEVE-BOARDED1
5173 ACHIEVE-LIFT-AT0 F2 -> M14-ACHIEVE-LIFT-AT0 16553 8111
5318 DO-BOARDED-BOARD1 F14 P5 -> M7-DO-BOARDED-BOARD1 8254 16847 16850
5320 ACHIEVE-BOARDED1 P5 -> M18-ACHIEVE-BOARDED1
5363 ACHIEVE-LIFT-AT0 F20 -> M13-ACHIEVE-LIFT-AT0 16865 8311
5506 DO-BOARDED-BOARD1 F15 P4 -> M7-DO-BOARDED-BOARD1 8454 17159 17162
5508 ACHIEVE-BOARDED1 P4 -> M18-ACHIEVE-BOARDED1
5551 ACHIEVE-LIFT-AT0 F9 -> M13-ACHIEVE-LIFT-AT0 17176 8509
5694 DO-BOARDED-BOARD1 F28 P3 -> M7-DO-BOARDED-BOARD1 8654 17471 17474
5696 ACHIEVE-BOARDED1 P3 -> M18-ACHIEVE-BOARDED1
5738 ACHIEVE-LIFT-AT0 F17 -> M13-ACHIEVE-LIFT-AT0 17489 8711
5882 DO-BOARDED-BOARD1 F0 P2 -> M7-DO-BOARDED-BOARD1 8854 17783 17786
5884 ACHIEVE-BOARDED1 P2 -> M18-ACHIEVE-BOARDED1
5927 ACHIEVE-LIFT-AT0 F12 -> M13-ACHIEVE-LIFT-AT0 17801 8911
6070 DO-BOARDED-BOARD1 F12 P1 -> M7-DO-BOARDED-BOARD1 17956 18095 18098
6072 ACHIEVE-BOARDED1 P1 -> M18-ACHIEVE-BOARDED1
6115 ACHIEVE-LIFT-AT0 F2 -> M13-ACHIEVE-LIFT-AT0 18113 9110
6258 DO-BOARDED-BOARD1 F15 P0 -> M7-DO-BOARDED-BOARD1 9254 18407 18410
6260 ACHIEVE-BOARDED1 P0 -> M18-ACHIEVE-BOARDED1
6303 ACHIEVE-LIFT-AT0 F21 -> M12-ACHIEVE-LIFT-AT0
6448 ACHIEVE-LIFT-AT F8 -> M11-ACHIEVE-LIFT-AT 9456 14038
6511 ACHIEVE-LIFT-AT0 F0 -> M14-ACHIEVE-LIFT-AT0 14060 9604
6654 ACHIEVE-LIFT-AT F27 -> M11-ACHIEVE-LIFT-AT 9750 14349
6711 ACHIEVE-LIFT-AT0 F19 -> M13-ACHIEVE-LIFT-AT0 14372 9902
6854 ACHIEVE-LIFT-AT F27 -> M11-ACHIEVE-LIFT-AT 10047 14661
6910 ACHIEVE-LIFT-AT0 F10 -> M13-ACHIEVE-LIFT-AT0 14685 10197
7054 ACHIEVE-LIFT-AT F28 -> M11-ACHIEVE-LIFT-AT 10344 14974
7110 ACHIEVE-LIFT-AT0 F12 -> M13-ACHIEVE-LIFT-AT0 14997 10494
7254 ACHIEVE-LIFT-AT F18 -> M11-ACHIEVE-LIFT-AT 10641 15286
7311 ACHIEVE-LIFT-AT0 F13 -> M14-ACHIEVE-LIFT-AT0 15308 10792
7511 ACHIEVE-LIFT-AT0 F19 -> M13-ACHIEVE-LIFT-AT0 15620 11089
7654 ACHIEVE-LIFT-AT F3 -> M11-ACHIEVE-LIFT-AT 11235 15909
7709 ACHIEVE-LIFT-AT0 F20 -> M13-ACHIEVE-LIFT-AT0 15933 11387
7854 ACHIEVE-LIFT-AT F9 -> M11-ACHIEVE-LIFT-AT 11531 16222
7911 ACHIEVE-LIFT-AT0 F18 -> M13-ACHIEVE-LIFT-AT0 16245 11684
8054 ACHIEVE-LIFT-AT F19 -> M11-ACHIEVE-LIFT-AT 11829 16534
8111 ACHIEVE-LIFT-AT0 F2 -> M13-ACHIEVE-LIFT-AT0 16556 11981
8254 ACHIEVE-LIFT-AT F14 -> M11-ACHIEVE-LIFT-AT 12125 16846
8311 ACHIEVE-LIFT-AT0 F20 -> M14-ACHIEVE-LIFT-AT0 16869 12277
8454 ACHIEVE-LIFT-AT F15 -> M11-ACHIEVE-LIFT-AT 12421 17158
8509 ACHIEVE-LIFT-AT0 F9 -> M13-ACHIEVE-LIFT-AT0 17181 12574
8654 ACHIEVE-LIFT-AT F28 -> M11-ACHIEVE-LIFT-AT 12719 17470
8711 ACHIEVE-LIFT-AT0 F17 -> M12-ACHIEVE-LIFT-AT0
8854 ACHIEVE-LIFT-AT F0 -> M11-ACHIEVE-LIFT-AT 13016 17782
8911 ACHIEVE-LIFT-AT0 F12 -> M14-ACHIEVE-LIFT-AT0 17805 13169
9110 ACHIEVE-LIFT-AT0 F2 -> M13-ACHIEVE-LIFT-AT0 18116 13466
9254 ACHIEVE-LIFT-AT F15 -> M11-ACHIEVE-LIFT-AT 13610 18406
9456 ACHIEVE-LIFT-AT0 F8 -> M13-ACHIEVE-LIFT-AT0 13908 13910
9604 ACHIEVE-LIFT-AT0 F0 -> M14-ACHIEVE-LIFT-AT0 14065 14069
9750 ACHIEVE-LIFT-AT0 F27 -> M13-ACHIEVE-LIFT-AT0 14213 14219
9902 ACHIEVE-LIFT-AT0 F19 -> M14-ACHIEVE-LIFT-AT0 14377 14381
10047 ACHIEVE-LIFT-AT0 F27 -> M13-ACHIEVE-LIFT-AT0 14527 14532
10197 ACHIEVE-LIFT-AT0 F10 -> M12-ACHIEVE-LIFT-AT0
10344 ACHIEVE-LIFT-AT0 F28 -> M13-ACHIEVE-LIFT-AT0 14837 14844
10494 ACHIEVE-LIFT-AT0 F12 -> M14-ACHIEVE-LIFT-AT0 15000 15005
10641 ACHIEVE-LIFT-AT0 F18 -> M13-ACHIEVE-LIFT-AT0 15151 15157
10792 ACHIEVE-LIFT-AT0 F13 -> M13-ACHIEVE-LIFT-AT0 15313 15317
11089 ACHIEVE-LIFT-AT0 F19 -> M14-ACHIEVE-LIFT-AT0 15625 15629
11235 ACHIEVE-LIFT-AT0 F3 -> M14-ACHIEVE-LIFT-AT0 15773 15779
11387 ACHIEVE-LIFT-AT0 F20 -> M14-ACHIEVE-LIFT-AT0 15937 15941
11531 ACHIEVE-LIFT-AT0 F9 -> M14-ACHIEVE-LIFT-AT0 16087 16091
11684 ACHIEVE-LIFT-AT0 F18 -> M14-ACHIEVE-LIFT-AT0 16249 16255
11829 ACHIEVE-LIFT-AT0 F19 -> M13-ACHIEVE-LIFT-AT0 16398 16403
11981 ACHIEVE-LIFT-AT0 F2 -> M13-ACHIEVE-LIFT-AT0 16560 16566
12125 ACHIEVE-LIFT-AT0 F14 -> M13-ACHIEVE-LIFT-AT0 16709 16717
12277 ACHIEVE-LIFT-AT0 F20 -> M13-ACHIEVE-LIFT-AT0 16872 16877
12421 ACHIEVE-LIFT-AT0 F15 -> M14-ACHIEVE-LIFT-AT0 17021 17029
12574 ACHIEVE-LIFT-AT0 F9 -> M13-ACHIEVE-LIFT-AT0 17186 17190
12719 ACHIEVE-LIFT-AT0 F28 -> M13-ACHIEVE-LIFT-AT0 17333 17341
13016 ACHIEVE-LIFT-AT0 F0 -> M14-ACHIEVE-LIFT-AT0 17647 17651
13169 ACHIEVE-LIFT-AT0 F12 -> M13-ACHIEVE-LIFT-AT0 17807 17814
13466 ACHIEVE-LIFT-AT0 F2 -> M14-ACHIEVE-LIFT-AT0 18121 18125
13610 ACHIEVE-LIFT-AT0 F15 -> M13-ACHIEVE-LIFT-AT0 18270 18276
13910 ACHIEVE-LIFT-AT0 F8 -> M12-ACHIEVE-LIFT-AT0
14039 IFUNLOCK-LIFT-AT F8 -> IFUNLOCK5-LIFT-AT 14040
14069 ACHIEVE-LIFT-AT0 F0 -> M12-ACHIEVE-LIFT-AT0
14200 IFUNLOCK-LIFT-AT F0 -> IFUNLOCK5-LIFT-AT 14201
14202 IFUNLOCK-BOARDED P14 -> IFUNLOCK1-BOARDED 14203
14219 ACHIEVE-LIFT-AT0 F27 -> M12-ACHIEVE-LIFT-AT0
14351 IFUNLOCK-LIFT-AT F27 -> IFUNLOCK5-LIFT-AT 14352
14381 ACHIEVE-LIFT-AT0 F19 -> M12-ACHIEVE-LIFT-AT0
14512 IFUNLOCK-LIFT-AT F19 -> IFUNLOCK5-LIFT-AT 14513
14514 IFUNLOCK-BOARDED P13 -> IFUNLOCK1-BOARDED 14515
14532 ACHIEVE-LIFT-AT0 F27 -> M12-ACHIEVE-LIFT-AT0
14663 IFUNLOCK-LIFT-AT F27 -> IFUNLOCK5-LIFT-AT 14664
14824 IFUNLOCK-LIFT-AT F10 -> IFUNLOCK5-LIFT-AT 14825
14826 IFUNLOCK-BOARDED P12 -> IFUNLOCK1-BOARDED 14827
14844 ACHIEVE-LIFT-AT0 F28 -> M12-ACHIEVE-LIFT-AT0
14975 IFUNLOCK-LIFT-AT F28 -> IFUNLOCK5-LIFT-AT 14976
15005 ACHIEVE-LIFT-AT0 F12 -> M12-ACHIEVE-LIFT-AT0
15136 IFUNLOCK-LIFT-AT F12 -> IFUNLOCK5-LIFT-AT 15137
15138 IFUNLOCK-BOARDED P11 -> IFUNLOCK1-BOARDED 15139
15157 ACHIEVE-LIFT-AT0 F18 -> M12-ACHIEVE-LIFT-AT0
15287 IFUNLOCK-LIFT-AT F18 -> IFUNLOCK5-LIFT-AT 15288
15317 ACHIEVE-LIFT-AT0 F13 -> M12-ACHIEVE-LIFT-AT0
15448 IFUNLOCK-LIFT-AT F13 -> IFUNLOCK5-LIFT-AT 15449
15450 IFUNLOCK-BOARDED P10 -> IFUNLOCK1-BOARDED 15451
15460 ACHIEVE-LIFT-AT F13 -> M10-ACHIEVE-LIFT-AT 15461
15599 IFUNLOCK-LIFT-AT F13 -> IFUNLOCK5-LIFT-AT 15600
15629 ACHIEVE-LIFT-AT0 F19 -> M12-ACHIEVE-LIFT-AT0
15760 IFUNLOCK-LIFT-AT F19 -> IFUNLOCK5-LIFT-AT 15761
15762 IFUNLOCK-BOARDED P9 -> IFUNLOCK1-BOARDED 15763
15779 ACHIEVE-LIFT-AT0 F3 -> M12-ACHIEVE-LIFT-AT0
15911 IFUNLOCK-LIFT-AT F3 -> IFUNLOCK5-LIFT-AT 15912
15941 ACHIEVE-LIFT-AT0 F20 -> M12-ACHIEVE-LIFT-AT0
16072 IFUNLOCK-LIFT-AT F20 -> IFUNLOCK5-LIFT-AT 16073
16074 IFUNLOCK-BOARDED P8 -> IFUNLOCK1-BOARDED 16075
16091 ACHIEVE-LIFT-AT0 F9 -> M12-ACHIEVE-LIFT-AT0
16223 IFUNLOCK-LIFT-AT F9 -> IFUNLOCK5-LIFT-AT 16224
16255 ACHIEVE-LIFT-AT0 F18 -> M12-ACHIEVE-LIFT-AT0
16384 IFUNLOCK-LIFT-AT F18 -> IFUNLOCK5-LIFT-AT 16385
16386 IFUNLOCK-BOARDED P7 -> IFUNLOCK1-BOARDED 16387
16403 ACHIEVE-LIFT-AT0 F19 -> M12-ACHIEVE-LIFT-AT0
16535 IFUNLOCK-LIFT-AT F19 -> IFUNLOCK5-LIFT-AT 16536
16566 ACHIEVE-LIFT-AT0 F2 -> M12-ACHIEVE-LIFT-AT0
16696 IFUNLOCK-LIFT-AT F2 -> IFUNLOCK5-LIFT-AT 16697
16698 IFUNLOCK-BOARDED P6 -> IFUNLOCK1-BOARDED 16699
16717 ACHIEVE-LIFT-AT0 F14 -> M12-ACHIEVE-LIFT-AT0
16847 IFUNLOCK-LIFT-AT F14 -> IFUNLOCK5-LIFT-AT 16848
16877 ACHIEVE-LIFT-AT0 F20 -> M12-ACHIEVE-LIFT-AT0
17008 IFUNLOCK-LIFT-AT F20 -> IFUNLOCK5-LIFT-AT 17009
17010 IFUNLOCK-BOARDED P5 -> IFUNLOCK1-BOARDED 17011
17029 ACHIEVE-LIFT-AT0 F15 -> M12-ACHIEVE-LIFT-AT0
17159 IFUNLOCK-LIFT-AT F15 -> IFUNLOCK5-LIFT-AT 17160
17190 ACHIEVE-LIFT-AT0 F9 -> M12-ACHIEVE-LIFT-AT0
17320 IFUNLOCK-LIFT-AT F9 -> IFUNLOCK5-LIFT-AT 17321
17322 IFUNLOCK-BOARDED P4 -> IFUNLOCK1-BOARDED 17323
17341 ACHIEVE-LIFT-AT0 F28 -> M12-ACHIEVE-LIFT-AT0
17471 IFUNLOCK-LIFT-AT F28 -> IFUNLOCK5-LIFT-AT 17472
17632 IFUNLOCK-LIFT-AT F17 -> IFUNLOCK5-LIFT-AT 17633
17634 IFUNLOCK-BOARDED P3 -> IFUNLOCK1-BOARDED 17635
17651 ACHIEVE-LIFT-AT0 F0 -> M12-ACHIEVE-LIFT-AT0
17783 IFUNLOCK-LIFT-AT F0 -> IFUNLOCK5-LIFT-AT 17784
17814 ACHIEVE-LIFT-AT0 F12 -> M12-ACHIEVE-LIFT-AT0
17944 IFUNLOCK-LIFT-AT F12 -> IFUNLOCK5-LIFT-AT 17945
17946 IFUNLOCK-BOARDED P2 -> IFUNLOCK1-BOARDED 17947
17956 ACHIEVE-LIFT-AT F12 -> M10-ACHIEVE-LIFT-AT 17957
18095 IFUNLOCK-LIFT-AT F12 -> IFUNLOCK5-LIFT-AT 18096
18125 ACHIEVE-LIFT-AT0 F2 -> M12-ACHIEVE-LIFT-AT0
18256 IFUNLOCK-LIFT-AT F2 -> IFUNLOCK5-LIFT-AT 18257
18258 IFUNLOCK-BOARDED P1 -> IFUNLOCK1-BOARDED 18259
18276 ACHIEVE-LIFT-AT0 F15 -> M12-ACHIEVE-LIFT-AT0
18407 IFUNLOCK-LIFT-AT F15 -> IFUNLOCK5-LIFT-AT 18408
18568 IFUNLOCK-LIFT-AT F21 -> IFUNLOCK5-LIFT-AT 18569
18570 IFUNLOCK-BOARDED P0 -> IFUNLOCK1-BOARDED 18571
<==
2.345 End of solution plan. (counted length of 202)
2.345 Total amount of clauses encoded: 343003
2.345 - reductionconstraints : 178195 cls
2.345 - substitutionconstraints : 110029 cls
2.345 - directframeaxioms : 15964 cls
2.345 - qconstequality : 13200 cls
2.345 - qfactsemantics : 9764 cls
2.345 - indirectframeaxioms : 8744 cls
2.345 - predecessors : 2191 cls
2.345 - expansions : 2132 cls
2.345 - atmostoneelement : 1604 cls
2.345 - actionconstraints : 592 cls
2.345 - actioneffects : 479 cls
2.345 - truefacts : 107 cls
2.345 - axiomaticops : 2 cls
2.345 # instantiated positions: 1360
2.345 # instantiated actions: 1787
2.345 # instantiated reductions: 465
2.345 # introduced pseudo-constants: 315
2.345 # retroactive prunings: 30
2.345 # retroactively pruned operations: 30
2.345 # dominated operations: 0
2.345 # total invalid rigid preconditions found in getPFC: 0
2.345 # invalid rigid preconditions found in getPFC: 0
2.345 # invalid rigid preconditions found in getPFC in varrestrictions: 0
2.345 # total invalid fluent preconditions found in getPFC: 648
2.345 # invalid fluent preconditions found in getPFC: 529
2.345 # invalid fluent preconditions found in getPFC in varrestrictions: 0
2.345 # invalid fluent preconditions found in getPFC via postconditions: 119
2.345 # invalid subtasks found in getPFC: 0
2.345 # number effects in operation fact_frames: 290
2.345 # number of variables restricted: 35189
2.345 # number of nodes variables restricted: 17581
2.345 Exiting happily.

RUNWATCH_RESULT EXIT RETVAL 0 TIME_SECS 2.35895 MEMPEAK_KBS 72860
