    _           _         _
   \ |         \ |       | |                       
   | |     __  | |      _| |______                
   | |     \/  | |     /_   ______\                
   | |      _  | |   __  | |  ___   ___   ___       
   | |___  | | | |  / .\ | | / , | |   \ / ·_\    
   \_____\ |_| |__\ \__/ |_| \___) |_|_| \___\  
[39mL i l o t a n e  version rls-glucose4
by Dominik Schreiber <dominik.schreiber@kit.edu> 2020-2021
using SAT solver glucose4

0.006 Parser finished.
0.006 Structures extracted.
0.007 28 operators and 21 methods created.
0.033 Mined 76 new reduction preconditions (+262.1%).
0.033 Iteration 0.
0.033 Creating initial layer of size 2
0.082 Attempting to solve formula with 5 clauses (6 literals) and 1 assumptions
0.082 Unsolvable at layer 0 -- expanding.
0.082 Iteration 1.
0.082 New layer size: 2
0.082 Instantiating ...
0.234 Collected 1 relevant facts at this layer
0.234 Encoding ...
0.234 Attempting to solve formula with 10 clauses (15 literals) and 1 assumptions
0.234 Unsolvable at layer 1 -- expanding.
0.234 Iteration 2.
0.234 New layer size: 3
0.234 Instantiating ...
0.272 Collected 1 relevant facts at this layer
0.272 Encoding ...
0.272 Attempting to solve formula with 405 clauses (843 literals) and 2 assumptions
0.272 Unsolvable at layer 2 -- expanding.
0.272 Iteration 3.
0.272 New layer size: 4
0.272 Instantiating ...
0.274 Retroactively prune action (__SURROGATE*c2*connect_2* Q_2,0_Port:0_851e3d13c276e7f6 Q_2,0_Port:1_851e3d13c276e7f6 Q_3,0_PlugType:0_4468412b99fcb8bb female in male out) due to impossible effect (isOccupied Q_2,0_Port:0_851e3d13c276e7f6)
0.276 Retroactively prune action (__SURROGATE*c5*connect_5* Q_2,0_Port:0_851e3d13c276e7f6 Q_2,0_Port:1_851e3d13c276e7f6 Q_3,0_PlugType:0_4468412b99fcb8bb female in male out) due to impossible effect (isOccupied Q_2,0_Port:1_851e3d13c276e7f6)
0.276 Retroactively prune action (__SURROGATE*c1*connect_1* Q_2,0_Port:0_851e3d13c276e7f6 Q_2,0_Port:1_851e3d13c276e7f6 Q_3,0_PlugType:0_4468412b99fcb8bb female in male out) due to impossible effect (isOccupied Q_2,0_Port:0_851e3d13c276e7f6)
0.276 Retroactively prune action (__SURROGATE*c6*connect_6* Q_2,0_Port:0_851e3d13c276e7f6 Q_2,0_Port:1_851e3d13c276e7f6 Q_3,0_PlugType:0_4468412b99fcb8bb female in male out) due to impossible effect (isOccupied Q_2,0_Port:1_851e3d13c276e7f6)
0.343 Collected 422 relevant facts at this layer
0.344 Encoding ...
0.350 Attempting to solve formula with 8116 clauses (26874 literals) and 2 assumptions
0.350 Unsolvable at layer 3 -- expanding.
0.350 Iteration 4.
0.350 New layer size: 5
0.350 Instantiating ...
0.356 Retroactively prune action (__SURROGATE*c6*connect_6* Q_3,1_Port:0_851e3d13c276e7f6 Q_3,1_Port:1_851e3d13c276e7f6 Q_4,1_PlugType:0_4468412b99fcb8bb female in male out) due to impossible effect (isOccupied Q_3,1_Port:1_851e3d13c276e7f6)
0.356 Retroactively prune action (__SURROGATE*c5*connect_5* Q_3,1_Port:0_851e3d13c276e7f6 Q_3,1_Port:1_851e3d13c276e7f6 Q_4,1_PlugType:0_4468412b99fcb8bb female in male out) due to impossible effect (isOccupied Q_3,1_Port:1_851e3d13c276e7f6)
0.356 Retroactively prune action (__SURROGATE*c2*connect_2* Q_3,1_Port:0_851e3d13c276e7f6 Q_3,1_Port:1_851e3d13c276e7f6 Q_4,1_PlugType:0_4468412b99fcb8bb female in male out) due to impossible effect (isOccupied Q_3,1_Port:0_851e3d13c276e7f6)
0.356 Retroactively prune action (__SURROGATE*c1*connect_1* Q_3,1_Port:0_851e3d13c276e7f6 Q_3,1_Port:1_851e3d13c276e7f6 Q_4,1_PlugType:0_4468412b99fcb8bb female in male out) due to impossible effect (isOccupied Q_3,1_Port:0_851e3d13c276e7f6)
0.440 Collected 422 relevant facts at this layer
0.440 Encoding ...
0.450 Attempting to solve formula with 19317 clauses (66533 literals) and 2 assumptions
0.451 Unsolvable at layer 4 -- expanding.
0.451 Iteration 5.
0.451 New layer size: 6
0.451 Instantiating ...
0.466 Retroactively prune action (__SURROGATE*c5*connect_5* Q_4,2_Port:0_851e3d13c276e7f6 Q_4,2_Port:1_851e3d13c276e7f6 Q_5,2_PlugType:0_4468412b99fcb8bb female in male out) due to impossible effect (isOccupied Q_4,2_Port:1_851e3d13c276e7f6)
0.467 Retroactively prune action (__SURROGATE*c6*connect_6* Q_4,2_Port:0_851e3d13c276e7f6 Q_4,2_Port:1_851e3d13c276e7f6 Q_5,2_PlugType:0_4468412b99fcb8bb female in male out) due to impossible effect (isOccupied Q_4,2_Port:1_851e3d13c276e7f6)
0.467 Retroactively prune action (__SURROGATE*c1*connect_1* Q_4,2_Port:0_851e3d13c276e7f6 Q_4,2_Port:1_851e3d13c276e7f6 Q_5,2_PlugType:0_4468412b99fcb8bb female in male out) due to impossible effect (isOccupied Q_4,2_Port:0_851e3d13c276e7f6)
0.467 Retroactively prune action (__SURROGATE*c2*connect_2* Q_4,2_Port:0_851e3d13c276e7f6 Q_4,2_Port:1_851e3d13c276e7f6 Q_5,2_PlugType:0_4468412b99fcb8bb female in male out) due to impossible effect (isOccupied Q_4,2_Port:0_851e3d13c276e7f6)
0.553 Collected 422 relevant facts at this layer
0.553 Encoding ...
0.567 Attempting to solve formula with 31829 clauses (111466 literals) and 3 assumptions
0.567 Unsolvable at layer 5 -- expanding.
0.567 Iteration 6.
0.567 New layer size: 7
0.567 Instantiating ...
0.595 Retroactively prune action (__SURROGATE*c6*connect_6* Q_5,3_Port:0_851e3d13c276e7f6 Q_5,3_Port:1_851e3d13c276e7f6 Q_6,3_PlugType:0_4468412b99fcb8bb female in male out) due to impossible effect (isOccupied Q_5,3_Port:1_851e3d13c276e7f6)
0.596 Retroactively prune action (__SURROGATE*c5*connect_5* Q_5,3_Port:0_851e3d13c276e7f6 Q_5,3_Port:1_851e3d13c276e7f6 Q_6,3_PlugType:0_4468412b99fcb8bb female in male out) due to impossible effect (isOccupied Q_5,3_Port:1_851e3d13c276e7f6)
0.598 Retroactively prune action (__SURROGATE*c1*connect_1* Q_5,3_Port:0_851e3d13c276e7f6 Q_5,3_Port:1_851e3d13c276e7f6 Q_6,3_PlugType:0_4468412b99fcb8bb female in male out) due to impossible effect (isOccupied Q_5,3_Port:0_851e3d13c276e7f6)
0.598 Retroactively prune action (__SURROGATE*c2*connect_2* Q_5,3_Port:0_851e3d13c276e7f6 Q_5,3_Port:1_851e3d13c276e7f6 Q_6,3_PlugType:0_4468412b99fcb8bb female in male out) due to impossible effect (isOccupied Q_5,3_Port:0_851e3d13c276e7f6)
0.690 Collected 422 relevant facts at this layer
0.690 Encoding ...
0.708 Attempting to solve formula with 49132 clauses (175641 literals) and 4 assumptions
0.712 Unsolvable at layer 6 -- expanding.
0.712 Iteration 7.
0.712 New layer size: 8
0.712 Instantiating ...
0.751 Retroactively prune action (__SURROGATE*c6*connect_6* Q_6,4_Port:0_851e3d13c276e7f6 Q_6,4_Port:1_851e3d13c276e7f6 Q_7,4_PlugType:0_4468412b99fcb8bb female in male out) due to impossible effect (isOccupied Q_6,4_Port:1_851e3d13c276e7f6)
0.751 Retroactively prune action (__SURROGATE*c5*connect_5* Q_6,4_Port:0_851e3d13c276e7f6 Q_6,4_Port:1_851e3d13c276e7f6 Q_7,4_PlugType:0_4468412b99fcb8bb female in male out) due to impossible effect (isOccupied Q_6,4_Port:1_851e3d13c276e7f6)
0.752 Retroactively prune action (__SURROGATE*c2*connect_2* Q_6,4_Port:0_851e3d13c276e7f6 Q_6,4_Port:1_851e3d13c276e7f6 Q_7,4_PlugType:0_4468412b99fcb8bb female in male out) due to impossible effect (isOccupied Q_6,4_Port:0_851e3d13c276e7f6)
0.752 Retroactively prune action (__SURROGATE*c1*connect_1* Q_6,4_Port:0_851e3d13c276e7f6 Q_6,4_Port:1_851e3d13c276e7f6 Q_7,4_PlugType:0_4468412b99fcb8bb female in male out) due to impossible effect (isOccupied Q_6,4_Port:0_851e3d13c276e7f6)
0.831 Collected 422 relevant facts at this layer
0.831 Encoding ...
0.852 Attempting to solve formula with 70131 clauses (256662 literals) and 5 assumptions
0.868 Unsolvable at layer 7 -- expanding.
0.868 Iteration 8.
0.868 New layer size: 9
0.868 Instantiating ...
0.917 Retroactively prune action (__SURROGATE*c2*connect_2* Q_7,5_Port:0_851e3d13c276e7f6 Q_7,5_Port:1_851e3d13c276e7f6 Q_8,5_PlugType:0_4468412b99fcb8bb female in male out) due to impossible effect (isOccupied Q_7,5_Port:0_851e3d13c276e7f6)
0.919 Retroactively prune action (__SURROGATE*c6*connect_6* Q_7,5_Port:0_851e3d13c276e7f6 Q_7,5_Port:1_851e3d13c276e7f6 Q_8,5_PlugType:0_4468412b99fcb8bb female in male out) due to impossible effect (isOccupied Q_7,5_Port:1_851e3d13c276e7f6)
0.919 Retroactively prune action (__SURROGATE*c1*connect_1* Q_7,5_Port:0_851e3d13c276e7f6 Q_7,5_Port:1_851e3d13c276e7f6 Q_8,5_PlugType:0_4468412b99fcb8bb female in male out) due to impossible effect (isOccupied Q_7,5_Port:0_851e3d13c276e7f6)
0.920 Retroactively prune action (__SURROGATE*c5*connect_5* Q_7,5_Port:0_851e3d13c276e7f6 Q_7,5_Port:1_851e3d13c276e7f6 Q_8,5_PlugType:0_4468412b99fcb8bb female in male out) due to impossible effect (isOccupied Q_7,5_Port:1_851e3d13c276e7f6)
1.004 Collected 422 relevant facts at this layer
1.004 Encoding ...
1.032 Attempting to solve formula with 95787 clauses (356330 literals) and 6 assumptions
1.057 Unsolvable at layer 8 -- expanding.
1.057 Iteration 9.
1.057 New layer size: 10
1.057 Instantiating ...
1.120 Retroactively prune action (__SURROGATE*c2*connect_2* Q_8,6_Port:0_851e3d13c276e7f6 Q_8,6_Port:1_851e3d13c276e7f6 Q_9,6_PlugType:0_4468412b99fcb8bb female in male out) due to impossible effect (isOccupied Q_8,6_Port:0_851e3d13c276e7f6)
1.121 Retroactively prune action (__SURROGATE*c1*connect_1* Q_8,6_Port:0_851e3d13c276e7f6 Q_8,6_Port:1_851e3d13c276e7f6 Q_9,6_PlugType:0_4468412b99fcb8bb female in male out) due to impossible effect (isOccupied Q_8,6_Port:0_851e3d13c276e7f6)
1.121 Retroactively prune action (__SURROGATE*c5*connect_5* Q_8,6_Port:0_851e3d13c276e7f6 Q_8,6_Port:1_851e3d13c276e7f6 Q_9,6_PlugType:0_4468412b99fcb8bb female in male out) due to impossible effect (isOccupied Q_8,6_Port:1_851e3d13c276e7f6)
1.121 Retroactively prune action (__SURROGATE*c6*connect_6* Q_8,6_Port:0_851e3d13c276e7f6 Q_8,6_Port:1_851e3d13c276e7f6 Q_9,6_PlugType:0_4468412b99fcb8bb female in male out) due to impossible effect (isOccupied Q_8,6_Port:1_851e3d13c276e7f6)
1.207 Collected 422 relevant facts at this layer
1.207 Encoding ...
1.241 Attempting to solve formula with 125915 clauses (474534 literals) and 7 assumptions
1.311 Unsolvable at layer 9 -- expanding.
1.311 Iteration 10.
1.311 New layer size: 11
1.311 Instantiating ...
1.386 Retroactively prune action (__SURROGATE*c5*connect_5* Q_9,7_Port:0_851e3d13c276e7f6 Q_9,7_Port:1_851e3d13c276e7f6 Q_10,7_PlugType:0_4468412b99fcb8bb female in male out) due to impossible effect (isOccupied Q_9,7_Port:1_851e3d13c276e7f6)
1.386 Retroactively prune action (__SURROGATE*c1*connect_1* Q_9,7_Port:0_851e3d13c276e7f6 Q_9,7_Port:1_851e3d13c276e7f6 Q_10,7_PlugType:0_4468412b99fcb8bb female in male out) due to impossible effect (isOccupied Q_9,7_Port:0_851e3d13c276e7f6)
1.386 Retroactively prune action (__SURROGATE*c6*connect_6* Q_9,7_Port:0_851e3d13c276e7f6 Q_9,7_Port:1_851e3d13c276e7f6 Q_10,7_PlugType:0_4468412b99fcb8bb female in male out) due to impossible effect (isOccupied Q_9,7_Port:1_851e3d13c276e7f6)
1.387 Retroactively prune action (__SURROGATE*c2*connect_2* Q_9,7_Port:0_851e3d13c276e7f6 Q_9,7_Port:1_851e3d13c276e7f6 Q_10,7_PlugType:0_4468412b99fcb8bb female in male out) due to impossible effect (isOccupied Q_9,7_Port:0_851e3d13c276e7f6)
1.472 Collected 422 relevant facts at this layer
1.472 Encoding ...
1.506 Attempting to solve formula with 160691 clauses (611958 literals) and 8 assumptions
1.676 Unsolvable at layer 10 -- expanding.
1.676 Iteration 11.
1.676 New layer size: 12
1.676 Instantiating ...
1.764 Retroactively prune action (__SURROGATE*c2*connect_2* Q_10,8_Port:0_851e3d13c276e7f6 Q_10,8_Port:1_851e3d13c276e7f6 Q_11,8_PlugType:0_4468412b99fcb8bb female in male out) due to impossible effect (isOccupied Q_10,8_Port:0_851e3d13c276e7f6)
1.764 Retroactively prune action (__SURROGATE*c1*connect_1* Q_10,8_Port:0_851e3d13c276e7f6 Q_10,8_Port:1_851e3d13c276e7f6 Q_11,8_PlugType:0_4468412b99fcb8bb female in male out) due to impossible effect (isOccupied Q_10,8_Port:0_851e3d13c276e7f6)
1.766 Retroactively prune action (__SURROGATE*c5*connect_5* Q_10,8_Port:0_851e3d13c276e7f6 Q_10,8_Port:1_851e3d13c276e7f6 Q_11,8_PlugType:0_4468412b99fcb8bb female in male out) due to impossible effect (isOccupied Q_10,8_Port:1_851e3d13c276e7f6)
1.766 Retroactively prune action (__SURROGATE*c6*connect_6* Q_10,8_Port:0_851e3d13c276e7f6 Q_10,8_Port:1_851e3d13c276e7f6 Q_11,8_PlugType:0_4468412b99fcb8bb female in male out) due to impossible effect (isOccupied Q_10,8_Port:1_851e3d13c276e7f6)
1.844 Collected 422 relevant facts at this layer
1.844 Encoding ...
1.889 Attempting to solve formula with 199602 clauses (767176 literals) and 9 assumptions
2.227 Unsolvable at layer 11 -- expanding.
2.227 Iteration 12.
2.227 New layer size: 13
2.227 Instantiating ...
2.335 Retroactively prune action (__SURROGATE*c2*connect_2* Q_11,9_Port:0_851e3d13c276e7f6 Q_11,9_Port:1_851e3d13c276e7f6 Q_12,9_PlugType:0_4468412b99fcb8bb female in male out) due to impossible effect (isOccupied Q_11,9_Port:0_851e3d13c276e7f6)
2.335 Retroactively prune action (__SURROGATE*c6*connect_6* Q_11,9_Port:0_851e3d13c276e7f6 Q_11,9_Port:1_851e3d13c276e7f6 Q_12,9_PlugType:0_4468412b99fcb8bb female in male out) due to impossible effect (isOccupied Q_11,9_Port:1_851e3d13c276e7f6)
2.336 Retroactively prune action (__SURROGATE*c5*connect_5* Q_11,9_Port:0_851e3d13c276e7f6 Q_11,9_Port:1_851e3d13c276e7f6 Q_12,9_PlugType:0_4468412b99fcb8bb female in male out) due to impossible effect (isOccupied Q_11,9_Port:1_851e3d13c276e7f6)
2.336 Retroactively prune action (__SURROGATE*c1*connect_1* Q_11,9_Port:0_851e3d13c276e7f6 Q_11,9_Port:1_851e3d13c276e7f6 Q_12,9_PlugType:0_4468412b99fcb8bb female in male out) due to impossible effect (isOccupied Q_11,9_Port:0_851e3d13c276e7f6)
2.422 Collected 422 relevant facts at this layer
2.422 Encoding ...
2.466 Attempting to solve formula with 243251 clauses (941206 literals) and 10 assumptions
2.720 Unsolvable at layer 12 -- expanding.
2.720 Iteration 13.
2.720 New layer size: 14
2.720 Instantiating ...
2.832 Retroactively prune action (__SURROGATE*c1*connect_1* Q_12,10_Port:0_851e3d13c276e7f6 Q_12,10_Port:1_851e3d13c276e7f6 Q_13,10_PlugType:0_4468412b99fcb8bb female in male out) due to impossible effect (isOccupied Q_12,10_Port:0_851e3d13c276e7f6)
2.832 Retroactively prune action (__SURROGATE*c6*connect_6* Q_12,10_Port:0_851e3d13c276e7f6 Q_12,10_Port:1_851e3d13c276e7f6 Q_13,10_PlugType:0_4468412b99fcb8bb female in male out) due to impossible effect (isOccupied Q_12,10_Port:1_851e3d13c276e7f6)
2.833 Retroactively prune action (__SURROGATE*c5*connect_5* Q_12,10_Port:0_851e3d13c276e7f6 Q_12,10_Port:1_851e3d13c276e7f6 Q_13,10_PlugType:0_4468412b99fcb8bb female in male out) due to impossible effect (isOccupied Q_12,10_Port:1_851e3d13c276e7f6)
2.834 Retroactively prune action (__SURROGATE*c2*connect_2* Q_12,10_Port:0_851e3d13c276e7f6 Q_12,10_Port:1_851e3d13c276e7f6 Q_13,10_PlugType:0_4468412b99fcb8bb female in male out) due to impossible effect (isOccupied Q_12,10_Port:0_851e3d13c276e7f6)
2.912 Collected 422 relevant facts at this layer
2.912 Encoding ...
2.959 Attempting to solve formula with 291222 clauses (1133742 literals) and 11 assumptions
3.588 Unsolvable at layer 13 -- expanding.
3.588 Iteration 14.
3.588 New layer size: 15
3.588 Instantiating ...
3.716 Retroactively prune action (__SURROGATE*c6*connect_6* Q_13,11_Port:0_851e3d13c276e7f6 Q_13,11_Port:1_851e3d13c276e7f6 Q_14,11_PlugType:0_4468412b99fcb8bb female in male out) due to impossible effect (isOccupied Q_13,11_Port:1_851e3d13c276e7f6)
3.717 Retroactively prune action (__SURROGATE*c1*connect_1* Q_13,11_Port:0_851e3d13c276e7f6 Q_13,11_Port:1_851e3d13c276e7f6 Q_14,11_PlugType:0_4468412b99fcb8bb female in male out) due to impossible effect (isOccupied Q_13,11_Port:0_851e3d13c276e7f6)
3.718 Retroactively prune action (__SURROGATE*c2*connect_2* Q_13,11_Port:0_851e3d13c276e7f6 Q_13,11_Port:1_851e3d13c276e7f6 Q_14,11_PlugType:0_4468412b99fcb8bb female in male out) due to impossible effect (isOccupied Q_13,11_Port:0_851e3d13c276e7f6)
3.719 Retroactively prune action (__SURROGATE*c5*connect_5* Q_13,11_Port:0_851e3d13c276e7f6 Q_13,11_Port:1_851e3d13c276e7f6 Q_14,11_PlugType:0_4468412b99fcb8bb female in male out) due to impossible effect (isOccupied Q_13,11_Port:1_851e3d13c276e7f6)
3.806 Collected 422 relevant facts at this layer
3.806 Encoding ...
3.862 Attempting to solve formula with 343948 clauses (1345126 literals) and 12 assumptions
4.292 Unsolvable at layer 14 -- expanding.
4.292 Iteration 15.
4.292 New layer size: 16
4.292 Instantiating ...
4.437 Retroactively prune action (__SURROGATE*c1*connect_1* Q_14,12_Port:0_851e3d13c276e7f6 Q_14,12_Port:1_851e3d13c276e7f6 Q_15,12_PlugType:0_4468412b99fcb8bb female in male out) due to impossible effect (isOccupied Q_14,12_Port:0_851e3d13c276e7f6)
4.438 Retroactively prune action (__SURROGATE*c5*connect_5* Q_14,12_Port:0_851e3d13c276e7f6 Q_14,12_Port:1_851e3d13c276e7f6 Q_15,12_PlugType:0_4468412b99fcb8bb female in male out) due to impossible effect (isOccupied Q_14,12_Port:1_851e3d13c276e7f6)
4.439 Retroactively prune action (__SURROGATE*c2*connect_2* Q_14,12_Port:0_851e3d13c276e7f6 Q_14,12_Port:1_851e3d13c276e7f6 Q_15,12_PlugType:0_4468412b99fcb8bb female in male out) due to impossible effect (isOccupied Q_14,12_Port:0_851e3d13c276e7f6)
4.440 Retroactively prune action (__SURROGATE*c6*connect_6* Q_14,12_Port:0_851e3d13c276e7f6 Q_14,12_Port:1_851e3d13c276e7f6 Q_15,12_PlugType:0_4468412b99fcb8bb female in male out) due to impossible effect (isOccupied Q_14,12_Port:1_851e3d13c276e7f6)
4.528 Collected 422 relevant facts at this layer
4.528 Encoding ...
4.586 Attempting to solve formula with 401426 clauses (1575936 literals) and 13 assumptions
5.259 Unsolvable at layer 15 -- expanding.
5.259 Iteration 16.
5.259 New layer size: 17
5.259 Instantiating ...
5.424 Retroactively prune action (__SURROGATE*c5*connect_5* Q_15,13_Port:0_851e3d13c276e7f6 Q_15,13_Port:1_851e3d13c276e7f6 Q_16,13_PlugType:0_4468412b99fcb8bb female in male out) due to impossible effect (isOccupied Q_15,13_Port:1_851e3d13c276e7f6)
5.424 Retroactively prune action (__SURROGATE*c1*connect_1* Q_15,13_Port:0_851e3d13c276e7f6 Q_15,13_Port:1_851e3d13c276e7f6 Q_16,13_PlugType:0_4468412b99fcb8bb female in male out) due to impossible effect (isOccupied Q_15,13_Port:0_851e3d13c276e7f6)
5.425 Retroactively prune action (__SURROGATE*c6*connect_6* Q_15,13_Port:0_851e3d13c276e7f6 Q_15,13_Port:1_851e3d13c276e7f6 Q_16,13_PlugType:0_4468412b99fcb8bb female in male out) due to impossible effect (isOccupied Q_15,13_Port:1_851e3d13c276e7f6)
5.425 Retroactively prune action (__SURROGATE*c2*connect_2* Q_15,13_Port:0_851e3d13c276e7f6 Q_15,13_Port:1_851e3d13c276e7f6 Q_16,13_PlugType:0_4468412b99fcb8bb female in male out) due to impossible effect (isOccupied Q_15,13_Port:0_851e3d13c276e7f6)
5.514 Collected 422 relevant facts at this layer
5.514 Encoding ...
5.575 Attempting to solve formula with 463522 clauses (1825584 literals) and 14 assumptions
9.361 Unsolvable at layer 16 -- expanding.
9.361 Iteration 17.
9.361 New layer size: 18
9.361 Instantiating ...
9.541 Retroactively prune action (__SURROGATE*c1*connect_1* Q_16,14_Port:0_851e3d13c276e7f6 Q_16,14_Port:1_851e3d13c276e7f6 Q_17,14_PlugType:0_4468412b99fcb8bb female in male out) due to impossible effect (isOccupied Q_16,14_Port:0_851e3d13c276e7f6)
9.542 Retroactively prune action (__SURROGATE*c2*connect_2* Q_16,14_Port:0_851e3d13c276e7f6 Q_16,14_Port:1_851e3d13c276e7f6 Q_17,14_PlugType:0_4468412b99fcb8bb female in male out) due to impossible effect (isOccupied Q_16,14_Port:0_851e3d13c276e7f6)
9.542 Retroactively prune action (__SURROGATE*c5*connect_5* Q_16,14_Port:0_851e3d13c276e7f6 Q_16,14_Port:1_851e3d13c276e7f6 Q_17,14_PlugType:0_4468412b99fcb8bb female in male out) due to impossible effect (isOccupied Q_16,14_Port:1_851e3d13c276e7f6)
9.543 Retroactively prune action (__SURROGATE*c6*connect_6* Q_16,14_Port:0_851e3d13c276e7f6 Q_16,14_Port:1_851e3d13c276e7f6 Q_17,14_PlugType:0_4468412b99fcb8bb female in male out) due to impossible effect (isOccupied Q_16,14_Port:1_851e3d13c276e7f6)
9.624 Collected 422 relevant facts at this layer
9.624 Encoding ...
9.689 Attempting to solve formula with 529705 clauses (2092618 literals) and 15 assumptions
11.571 Unsolvable at layer 17 -- expanding.
11.571 Iteration 18.
11.571 New layer size: 19
11.571 Instantiating ...
11.771 Retroactively prune action (__SURROGATE*c1*connect_1* Q_17,15_Port:0_851e3d13c276e7f6 Q_17,15_Port:1_851e3d13c276e7f6 Q_18,15_PlugType:0_4468412b99fcb8bb female in male out) due to impossible effect (isOccupied Q_17,15_Port:0_851e3d13c276e7f6)
11.771 Retroactively prune action (__SURROGATE*c5*connect_5* Q_17,15_Port:0_851e3d13c276e7f6 Q_17,15_Port:1_851e3d13c276e7f6 Q_18,15_PlugType:0_4468412b99fcb8bb female in male out) due to impossible effect (isOccupied Q_17,15_Port:1_851e3d13c276e7f6)
11.772 Retroactively prune action (__SURROGATE*c6*connect_6* Q_17,15_Port:0_851e3d13c276e7f6 Q_17,15_Port:1_851e3d13c276e7f6 Q_18,15_PlugType:0_4468412b99fcb8bb female in male out) due to impossible effect (isOccupied Q_17,15_Port:1_851e3d13c276e7f6)
11.773 Retroactively prune action (__SURROGATE*c2*connect_2* Q_17,15_Port:0_851e3d13c276e7f6 Q_17,15_Port:1_851e3d13c276e7f6 Q_18,15_PlugType:0_4468412b99fcb8bb female in male out) due to impossible effect (isOccupied Q_17,15_Port:0_851e3d13c276e7f6)
11.863 Collected 422 relevant facts at this layer
11.863 Encoding ...
11.938 Attempting to solve formula with 600908 clauses (2379355 literals) and 16 assumptions
13.990 Unsolvable at layer 18 -- expanding.
13.990 Iteration 19.
13.990 New layer size: 20
13.990 Instantiating ...
14.207 Retroactively prune action (__SURROGATE*c5*connect_5* Q_18,16_Port:0_851e3d13c276e7f6 Q_18,16_Port:1_851e3d13c276e7f6 Q_19,16_PlugType:0_4468412b99fcb8bb female in male out) due to impossible effect (isOccupied Q_18,16_Port:1_851e3d13c276e7f6)
14.208 Retroactively prune action (__SURROGATE*c1*connect_1* Q_18,16_Port:0_851e3d13c276e7f6 Q_18,16_Port:1_851e3d13c276e7f6 Q_19,16_PlugType:0_4468412b99fcb8bb female in male out) due to impossible effect (isOccupied Q_18,16_Port:0_851e3d13c276e7f6)
14.208 Retroactively prune action (__SURROGATE*c2*connect_2* Q_18,16_Port:0_851e3d13c276e7f6 Q_18,16_Port:1_851e3d13c276e7f6 Q_19,16_PlugType:0_4468412b99fcb8bb female in male out) due to impossible effect (isOccupied Q_18,16_Port:0_851e3d13c276e7f6)
14.208 Retroactively prune action (__SURROGATE*c6*connect_6* Q_18,16_Port:0_851e3d13c276e7f6 Q_18,16_Port:1_851e3d13c276e7f6 Q_19,16_PlugType:0_4468412b99fcb8bb female in male out) due to impossible effect (isOccupied Q_18,16_Port:1_851e3d13c276e7f6)
14.298 Collected 422 relevant facts at this layer
14.298 Encoding ...
14.397 Attempting to solve formula with 676967 clauses (2685735 literals) and 17 assumptions
c
c Try to adapt solver strategies
c 
c Nothing extreme in this problem, continue with glucose default strategies.
c
29.332 Unsolvable at layer 19 -- expanding.
29.332 Iteration 20.
29.332 New layer size: 21
29.332 Instantiating ...
29.558 Retroactively prune action (__SURROGATE*c6*connect_6* Q_19,17_Port:0_851e3d13c276e7f6 Q_19,17_Port:1_851e3d13c276e7f6 Q_20,17_PlugType:0_4468412b99fcb8bb female in male out) due to impossible effect (isOccupied Q_19,17_Port:1_851e3d13c276e7f6)
29.559 Retroactively prune action (__SURROGATE*c5*connect_5* Q_19,17_Port:0_851e3d13c276e7f6 Q_19,17_Port:1_851e3d13c276e7f6 Q_20,17_PlugType:0_4468412b99fcb8bb female in male out) due to impossible effect (isOccupied Q_19,17_Port:1_851e3d13c276e7f6)
29.559 Retroactively prune action (__SURROGATE*c1*connect_1* Q_19,17_Port:0_851e3d13c276e7f6 Q_19,17_Port:1_851e3d13c276e7f6 Q_20,17_PlugType:0_4468412b99fcb8bb female in male out) due to impossible effect (isOccupied Q_19,17_Port:0_851e3d13c276e7f6)
29.560 Retroactively prune action (__SURROGATE*c2*connect_2* Q_19,17_Port:0_851e3d13c276e7f6 Q_19,17_Port:1_851e3d13c276e7f6 Q_20,17_PlugType:0_4468412b99fcb8bb female in male out) due to impossible effect (isOccupied Q_19,17_Port:0_851e3d13c276e7f6)
29.650 Collected 422 relevant facts at this layer
29.650 Encoding ...
29.732 Attempting to solve formula with 757735 clauses (3011139 literals) and 18 assumptions
103.594 Unsolvable at layer 20 -- expanding.
103.594 Iteration 21.
103.594 New layer size: 22
103.594 Instantiating ...
103.837 Retroactively prune action (__SURROGATE*c1*connect_1* Q_20,18_Port:0_851e3d13c276e7f6 Q_20,18_Port:1_851e3d13c276e7f6 Q_21,18_PlugType:0_4468412b99fcb8bb female in male out) due to impossible effect (isOccupied Q_20,18_Port:0_851e3d13c276e7f6)
103.837 Retroactively prune action (__SURROGATE*c2*connect_2* Q_20,18_Port:0_851e3d13c276e7f6 Q_20,18_Port:1_851e3d13c276e7f6 Q_21,18_PlugType:0_4468412b99fcb8bb female in male out) due to impossible effect (isOccupied Q_20,18_Port:0_851e3d13c276e7f6)
103.837 Retroactively prune action (__SURROGATE*c6*connect_6* Q_20,18_Port:0_851e3d13c276e7f6 Q_20,18_Port:1_851e3d13c276e7f6 Q_21,18_PlugType:0_4468412b99fcb8bb female in male out) due to impossible effect (isOccupied Q_20,18_Port:1_851e3d13c276e7f6)
103.838 Retroactively prune action (__SURROGATE*c5*connect_5* Q_20,18_Port:0_851e3d13c276e7f6 Q_20,18_Port:1_851e3d13c276e7f6 Q_21,18_PlugType:0_4468412b99fcb8bb female in male out) due to impossible effect (isOccupied Q_20,18_Port:1_851e3d13c276e7f6)
103.934 Collected 422 relevant facts at this layer
103.934 Encoding ...
104.024 Attempting to solve formula with 843612 clauses (3356435 literals) and 19 assumptions
278.359 Unsolvable at layer 21 -- expanding.
278.359 Iteration 22.
278.359 New layer size: 23
278.359 Instantiating ...
278.609 Retroactively prune action (__SURROGATE*c1*connect_1* Q_21,19_Port:0_851e3d13c276e7f6 Q_21,19_Port:1_851e3d13c276e7f6 Q_22,19_PlugType:0_4468412b99fcb8bb female in male out) due to impossible effect (isOccupied Q_21,19_Port:0_851e3d13c276e7f6)
278.610 Retroactively prune action (__SURROGATE*c2*connect_2* Q_21,19_Port:0_851e3d13c276e7f6 Q_21,19_Port:1_851e3d13c276e7f6 Q_22,19_PlugType:0_4468412b99fcb8bb female in male out) due to impossible effect (isOccupied Q_21,19_Port:0_851e3d13c276e7f6)
278.611 Retroactively prune action (__SURROGATE*c6*connect_6* Q_21,19_Port:0_851e3d13c276e7f6 Q_21,19_Port:1_851e3d13c276e7f6 Q_22,19_PlugType:0_4468412b99fcb8bb female in male out) due to impossible effect (isOccupied Q_21,19_Port:1_851e3d13c276e7f6)
278.612 Retroactively prune action (__SURROGATE*c5*connect_5* Q_21,19_Port:0_851e3d13c276e7f6 Q_21,19_Port:1_851e3d13c276e7f6 Q_22,19_PlugType:0_4468412b99fcb8bb female in male out) due to impossible effect (isOccupied Q_21,19_Port:1_851e3d13c276e7f6)
278.693 Collected 422 relevant facts at this layer
278.693 Encoding ...
278.789 Attempting to solve formula with 933508 clauses (3719241 literals) and 20 assumptions
c last restart ## conflicts  :  331 5209 
287.617 Found a solution at layer 22.
==>
21093 connect_4 cableWithPlugType1-b adapterFromPlugType1ToPlugType2-aPlugType1 plugType1
21096 connect_4 cableWithPlugType3-b adapterFromPlugType3ToPlugType4-aPlugType3 plugType3
21122 connect_7 adapterFromPlugType1ToPlugType2-bPlugType2 cableWithPlugType2-a plugType2
21170 connect_4 cableWithPlugType2-b adapterFromPlugType2ToPlugType3-aPlugType2 plugType2
21247 connect_3 cableWithPlugType4-b adapterFromPlugType4ToPlugType5-aPlugType4 plugType4
21305 connect_8 adapterFromPlugType3ToPlugType4-bPlugType4 cableWithPlugType4-a plugType4
21378 connect_3 cableWithPlugType5-b printer-aPlugType5 plugType5
21445 connect_8 adapterFromPlugType2ToPlugType3-bPlugType3 cableWithPlugType3-a plugType3
21498 connect_7 adapterFromPlugType4ToPlugType5-bPlugType5 cableWithPlugType5-a plugType5
21571 connect_8 pc-bPlugType1 cableWithPlugType1-a plugType1
21633 guard
21686 ok
root 7
7 ConnectDevices pc printer data -> m1 21092 53
53 ConnectDevices pc printer data -> m1 21095 960
960 ConnectDevices pc printer data -> m1 21121 1967
1967 ConnectDevices pc printer data -> m1 21169 2605
2605 ConnectDevices pc printer data -> m1 21246 3297
3297 ConnectDevices pc printer data -> m1 21304 4041
4041 ConnectDevices pc printer data -> m1 21377 4838
4838 ConnectDevices pc printer data -> m1 21444 5692
5692 ConnectDevices pc printer data -> m1 21497 6599
6599 ConnectDevices pc printer data -> m1 21570 7571
7571 ConnectDevices pc printer data -> m3 21633 8592
8592 ValidateDeviceConnection pc printer data -> vDC_to_vPC_1 9603
9603 ValidatePortConnection pc-bPlugType1 printer-aPlugType5 data -> vPC_to_vPC 10693
10693 ValidatePortConnection cableWithPlugType1-b printer-aPlugType5 data -> vPC_to_vPC 11846
11846 ValidatePortConnection adapterFromPlugType1ToPlugType2-bPlugType2 printer-aPlugType5 data -> vPC_to_vPC 13062
13062 ValidatePortConnection cableWithPlugType2-b printer-aPlugType5 data -> vPC_to_vPC 14341
14341 ValidatePortConnection adapterFromPlugType2ToPlugType3-bPlugType3 printer-aPlugType5 data -> vPC_to_vPC 15680
15680 ValidatePortConnection cableWithPlugType3-b printer-aPlugType5 data -> vPC_to_vPC 17084
17084 ValidatePortConnection adapterFromPlugType3ToPlugType4-bPlugType4 printer-aPlugType5 data -> vPC_to_vPC 18555
18555 ValidatePortConnection cableWithPlugType4-b printer-aPlugType5 data -> vPC_to_vPC 20092
20092 ValidatePortConnection adapterFromPlugType4ToPlugType5-bPlugType5 printer-aPlugType5 data -> vPC_to_vPC 21685
21092 connect cableWithPlugType1-b adapterFromPlugType1ToPlugType2-aPlugType1 -> c4 21093
21095 connect cableWithPlugType3-b adapterFromPlugType3ToPlugType4-aPlugType3 -> c4 21096
21121 connect adapterFromPlugType1ToPlugType2-bPlugType2 cableWithPlugType2-a -> c7 21122
21169 connect cableWithPlugType2-b adapterFromPlugType2ToPlugType3-aPlugType2 -> c4 21170
21246 connect cableWithPlugType4-b adapterFromPlugType4ToPlugType5-aPlugType4 -> c3 21247
21304 connect adapterFromPlugType3ToPlugType4-bPlugType4 cableWithPlugType4-a -> c8 21305
21377 connect cableWithPlugType5-b printer-aPlugType5 -> c3 21378
21444 connect adapterFromPlugType2ToPlugType3-bPlugType3 cableWithPlugType3-a -> c8 21445
21497 connect adapterFromPlugType4ToPlugType5-bPlugType5 cableWithPlugType5-a -> c7 21498
21570 connect pc-bPlugType1 cableWithPlugType1-a -> c8 21571
21685 ValidatePortConnection cableWithPlugType5-b printer-aPlugType5 data -> finish 21686
<==
287.620 End of solution plan. (counted length of 12)
287.620 Total amount of clauses encoded: 933508
287.620 - indirectframeaxioms : 433548 cls
287.620 - directframeaxioms : 178920 cls
287.620 - qfactsemantics : 173922 cls
287.620 - reductionconstraints : 96482 cls
287.620 - atmostoneelement : 23215 cls
287.620 - actionconstraints : 11855 cls
287.620 - substitutionconstraints : 6794 cls
287.620 - predecessors : 3239 cls
287.620 - expansions : 3178 cls
287.620 - qconstequality : 1406 cls
287.620 - actioneffects : 525 cls
287.620 - truefacts : 422 cls
287.620 - axiomaticops : 2 cls
287.620 # instantiated positions: 276
287.620 # instantiated actions: 2948
287.620 # instantiated reductions: 372
287.620 # introduced pseudo-constants: 503
287.620 # retroactive prunings: 82
287.620 # retroactively pruned operations: 82
287.620 # dominated operations: 117
287.620 # total invalid rigid preconditions found in getPFC: 0
287.620 # invalid rigid preconditions found in getPFC: 0
287.620 # invalid rigid preconditions found in getPFC in varrestrictions: 0
287.620 # total invalid fluent preconditions found in getPFC: 18
287.620 # invalid fluent preconditions found in getPFC: 17
287.620 # invalid fluent preconditions found in getPFC in varrestrictions: 1
287.620 # invalid fluent preconditions found in getPFC via postconditions: 0
287.620 # invalid subtasks found in getPFC: 2
287.620 # number effects in operation fact_frames: 170
287.620 Exiting happily.

RUNWATCH_RESULT EXIT RETVAL 0 TIME_SECS 287.64 MEMPEAK_KBS 192848
