    _           _         _
   \ |         \ |       | |                       
   | |     __  | |      _| |______                
   | |     \/  | |     /_   ______\                
   | |      _  | |   __  | |  ___   ___   ___       
   | |___  | | | |  / .\ | | / , | |   \ / ·_\    
   \_____\ |_| |__\ \__/ |_| \___) |_|_| \___\  
[39mL i l o t a n e  version rls-glucose4
by Dominik Schreiber <dominik.schreiber@kit.edu> 2020-2021
using SAT solver glucose4

0.012 Parser finished.
0.012 Structures extracted.
0.013 28 operators and 21 methods created.
0.023 Mined 76 new reduction preconditions (+262.1%).
0.023 Iteration 0.
0.023 Creating initial layer of size 2
0.048 Attempting to solve formula with 5 clauses (6 literals) and 1 assumptions
0.048 Unsolvable at layer 0 -- expanding.
0.048 Iteration 1.
0.048 New layer size: 2
0.048 Instantiating ...
0.069 Collected 1 relevant facts at this layer
0.069 Encoding ...
0.071 Attempting to solve formula with 10 clauses (15 literals) and 1 assumptions
0.071 Unsolvable at layer 1 -- expanding.
0.071 Iteration 2.
0.072 New layer size: 3
0.072 Instantiating ...
0.112 Collected 1 relevant facts at this layer
0.112 Encoding ...
0.115 Attempting to solve formula with 1061 clauses (3041 literals) and 2 assumptions
0.115 Unsolvable at layer 2 -- expanding.
0.115 Iteration 3.
0.115 New layer size: 4
0.115 Instantiating ...
0.132 Retroactively prune action (__SURROGATE*c5*connect_5* Q_2,0_Port:0_5092ffb8c1b4e498 Q_2,0_Port:1_5092ffb8c1b4e498 Q_3,0_PlugType:0_299cd3608cd34f68 female in male out) due to impossible effect (isOccupied Q_2,0_Port:1_5092ffb8c1b4e498)
0.146 Retroactively prune action (__SURROGATE*c1*connect_1* Q_2,0_Port:0_5092ffb8c1b4e498 Q_2,0_Port:1_5092ffb8c1b4e498 Q_3,0_PlugType:0_299cd3608cd34f68 female in male out) due to impossible effect (isOccupied Q_2,0_Port:0_5092ffb8c1b4e498)
0.156 Retroactively prune action (__SURROGATE*c6*connect_6* Q_2,0_Port:0_5092ffb8c1b4e498 Q_2,0_Port:1_5092ffb8c1b4e498 Q_3,0_PlugType:0_299cd3608cd34f68 female in male out) due to impossible effect (isOccupied Q_2,0_Port:1_5092ffb8c1b4e498)
0.198 Retroactively prune action (__SURROGATE*c2*connect_2* Q_2,0_Port:0_5092ffb8c1b4e498 Q_2,0_Port:1_5092ffb8c1b4e498 Q_3,0_PlugType:0_299cd3608cd34f68 female in male out) due to impossible effect (isOccupied Q_2,0_Port:0_5092ffb8c1b4e498)
0.269 Collected 4162 relevant facts at this layer
0.269 Encoding ...
0.399 Attempting to solve formula with 74050 clauses (280930 literals) and 2 assumptions
0.401 Unsolvable at layer 3 -- expanding.
0.401 Iteration 4.
0.401 New layer size: 5
0.401 Instantiating ...
0.454 Retroactively prune action (__SURROGATE*c6*connect_6* Q_3,1_Port:0_5092ffb8c1b4e498 Q_3,1_Port:1_5092ffb8c1b4e498 Q_4,1_PlugType:0_299cd3608cd34f68 female in male out) due to impossible effect (isOccupied Q_3,1_Port:1_5092ffb8c1b4e498)
0.474 Retroactively prune action (__SURROGATE*c1*connect_1* Q_3,1_Port:0_5092ffb8c1b4e498 Q_3,1_Port:1_5092ffb8c1b4e498 Q_4,1_PlugType:0_299cd3608cd34f68 female in male out) due to impossible effect (isOccupied Q_3,1_Port:0_5092ffb8c1b4e498)
0.474 Retroactively prune action (__SURROGATE*c2*connect_2* Q_3,1_Port:0_5092ffb8c1b4e498 Q_3,1_Port:1_5092ffb8c1b4e498 Q_4,1_PlugType:0_299cd3608cd34f68 female in male out) due to impossible effect (isOccupied Q_3,1_Port:0_5092ffb8c1b4e498)
0.474 Retroactively prune action (__SURROGATE*c5*connect_5* Q_3,1_Port:0_5092ffb8c1b4e498 Q_3,1_Port:1_5092ffb8c1b4e498 Q_4,1_PlugType:0_299cd3608cd34f68 female in male out) due to impossible effect (isOccupied Q_3,1_Port:1_5092ffb8c1b4e498)
0.601 Collected 4162 relevant facts at this layer
0.601 Encoding ...
0.757 Attempting to solve formula with 176656 clauses (687201 literals) and 2 assumptions
0.768 Unsolvable at layer 4 -- expanding.
0.768 Iteration 5.
0.768 New layer size: 6
0.768 Instantiating ...
0.888 Retroactively prune action (__SURROGATE*c1*connect_1* Q_4,2_Port:0_5092ffb8c1b4e498 Q_4,2_Port:1_5092ffb8c1b4e498 Q_5,2_PlugType:0_299cd3608cd34f68 female in male out) due to impossible effect (isOccupied Q_4,2_Port:0_5092ffb8c1b4e498)
0.894 Retroactively prune action (__SURROGATE*c6*connect_6* Q_4,2_Port:0_5092ffb8c1b4e498 Q_4,2_Port:1_5092ffb8c1b4e498 Q_5,2_PlugType:0_299cd3608cd34f68 female in male out) due to impossible effect (isOccupied Q_4,2_Port:1_5092ffb8c1b4e498)
0.935 Retroactively prune action (__SURROGATE*c5*connect_5* Q_4,2_Port:0_5092ffb8c1b4e498 Q_4,2_Port:1_5092ffb8c1b4e498 Q_5,2_PlugType:0_299cd3608cd34f68 female in male out) due to impossible effect (isOccupied Q_4,2_Port:1_5092ffb8c1b4e498)
0.935 Retroactively prune action (__SURROGATE*c2*connect_2* Q_4,2_Port:0_5092ffb8c1b4e498 Q_4,2_Port:1_5092ffb8c1b4e498 Q_5,2_PlugType:0_299cd3608cd34f68 female in male out) due to impossible effect (isOccupied Q_4,2_Port:0_5092ffb8c1b4e498)
1.062 Collected 4162 relevant facts at this layer
1.062 Encoding ...
1.273 Attempting to solve formula with 289914 clauses (1142950 literals) and 3 assumptions
1.280 Unsolvable at layer 5 -- expanding.
1.280 Iteration 6.
1.280 New layer size: 7
1.280 Instantiating ...
1.507 Retroactively prune action (__SURROGATE*c6*connect_6* Q_5,3_Port:0_5092ffb8c1b4e498 Q_5,3_Port:1_5092ffb8c1b4e498 Q_6,3_PlugType:0_299cd3608cd34f68 female in male out) due to impossible effect (isOccupied Q_5,3_Port:1_5092ffb8c1b4e498)
1.513 Retroactively prune action (__SURROGATE*c1*connect_1* Q_5,3_Port:0_5092ffb8c1b4e498 Q_5,3_Port:1_5092ffb8c1b4e498 Q_6,3_PlugType:0_299cd3608cd34f68 female in male out) due to impossible effect (isOccupied Q_5,3_Port:0_5092ffb8c1b4e498)
1.525 Retroactively prune action (__SURROGATE*c5*connect_5* Q_5,3_Port:0_5092ffb8c1b4e498 Q_5,3_Port:1_5092ffb8c1b4e498 Q_6,3_PlugType:0_299cd3608cd34f68 female in male out) due to impossible effect (isOccupied Q_5,3_Port:1_5092ffb8c1b4e498)
1.536 Retroactively prune action (__SURROGATE*c2*connect_2* Q_5,3_Port:0_5092ffb8c1b4e498 Q_5,3_Port:1_5092ffb8c1b4e498 Q_6,3_PlugType:0_299cd3608cd34f68 female in male out) due to impossible effect (isOccupied Q_5,3_Port:0_5092ffb8c1b4e498)
1.652 Collected 4162 relevant facts at this layer
1.652 Encoding ...
1.944 Attempting to solve formula with 450556 clauses (1806429 literals) and 4 assumptions
2.032 Unsolvable at layer 6 -- expanding.
2.032 Iteration 7.
2.032 New layer size: 8
2.032 Instantiating ...
2.389 Retroactively prune action (__SURROGATE*c2*connect_2* Q_6,4_Port:0_5092ffb8c1b4e498 Q_6,4_Port:1_5092ffb8c1b4e498 Q_7,4_PlugType:0_299cd3608cd34f68 female in male out) due to impossible effect (isOccupied Q_6,4_Port:0_5092ffb8c1b4e498)
2.400 Retroactively prune action (__SURROGATE*c6*connect_6* Q_6,4_Port:0_5092ffb8c1b4e498 Q_6,4_Port:1_5092ffb8c1b4e498 Q_7,4_PlugType:0_299cd3608cd34f68 female in male out) due to impossible effect (isOccupied Q_6,4_Port:1_5092ffb8c1b4e498)
2.413 Retroactively prune action (__SURROGATE*c5*connect_5* Q_6,4_Port:0_5092ffb8c1b4e498 Q_6,4_Port:1_5092ffb8c1b4e498 Q_7,4_PlugType:0_299cd3608cd34f68 female in male out) due to impossible effect (isOccupied Q_6,4_Port:1_5092ffb8c1b4e498)
2.421 Retroactively prune action (__SURROGATE*c1*connect_1* Q_6,4_Port:0_5092ffb8c1b4e498 Q_6,4_Port:1_5092ffb8c1b4e498 Q_7,4_PlugType:0_299cd3608cd34f68 female in male out) due to impossible effect (isOccupied Q_6,4_Port:0_5092ffb8c1b4e498)
2.534 Collected 4162 relevant facts at this layer
2.534 Encoding ...
2.901 Attempting to solve formula with 656247 clauses (2670344 literals) and 5 assumptions
3.267 Unsolvable at layer 7 -- expanding.
3.267 Iteration 8.
3.267 New layer size: 9
3.267 Instantiating ...
3.657 Retroactively prune action (__SURROGATE*c5*connect_5* Q_7,5_Port:0_5092ffb8c1b4e498 Q_7,5_Port:1_5092ffb8c1b4e498 Q_8,5_PlugType:0_299cd3608cd34f68 female in male out) due to impossible effect (isOccupied Q_7,5_Port:1_5092ffb8c1b4e498)
3.669 Retroactively prune action (__SURROGATE*c1*connect_1* Q_7,5_Port:0_5092ffb8c1b4e498 Q_7,5_Port:1_5092ffb8c1b4e498 Q_8,5_PlugType:0_299cd3608cd34f68 female in male out) due to impossible effect (isOccupied Q_7,5_Port:0_5092ffb8c1b4e498)
3.681 Retroactively prune action (__SURROGATE*c2*connect_2* Q_7,5_Port:0_5092ffb8c1b4e498 Q_7,5_Port:1_5092ffb8c1b4e498 Q_8,5_PlugType:0_299cd3608cd34f68 female in male out) due to impossible effect (isOccupied Q_7,5_Port:0_5092ffb8c1b4e498)
3.718 Retroactively prune action (__SURROGATE*c6*connect_6* Q_7,5_Port:0_5092ffb8c1b4e498 Q_7,5_Port:1_5092ffb8c1b4e498 Q_8,5_PlugType:0_299cd3608cd34f68 female in male out) due to impossible effect (isOccupied Q_7,5_Port:1_5092ffb8c1b4e498)
3.842 Collected 4162 relevant facts at this layer
3.842 Encoding ...
4.380 Attempting to solve formula with 916089 clauses (3778472 literals) and 6 assumptions
6.388 Unsolvable at layer 8 -- expanding.
6.388 Iteration 9.
6.388 New layer size: 10
6.388 Instantiating ...
6.897 Retroactively prune action (__SURROGATE*c2*connect_2* Q_8,6_Port:0_5092ffb8c1b4e498 Q_8,6_Port:1_5092ffb8c1b4e498 Q_9,6_PlugType:0_299cd3608cd34f68 female in male out) due to impossible effect (isOccupied Q_8,6_Port:0_5092ffb8c1b4e498)
6.930 Retroactively prune action (__SURROGATE*c6*connect_6* Q_8,6_Port:0_5092ffb8c1b4e498 Q_8,6_Port:1_5092ffb8c1b4e498 Q_9,6_PlugType:0_299cd3608cd34f68 female in male out) due to impossible effect (isOccupied Q_8,6_Port:1_5092ffb8c1b4e498)
6.936 Retroactively prune action (__SURROGATE*c1*connect_1* Q_8,6_Port:0_5092ffb8c1b4e498 Q_8,6_Port:1_5092ffb8c1b4e498 Q_9,6_PlugType:0_299cd3608cd34f68 female in male out) due to impossible effect (isOccupied Q_8,6_Port:0_5092ffb8c1b4e498)
6.942 Retroactively prune action (__SURROGATE*c5*connect_5* Q_8,6_Port:0_5092ffb8c1b4e498 Q_8,6_Port:1_5092ffb8c1b4e498 Q_9,6_PlugType:0_299cd3608cd34f68 female in male out) due to impossible effect (isOccupied Q_8,6_Port:1_5092ffb8c1b4e498)
7.051 Collected 4162 relevant facts at this layer
7.051 Encoding ...
7.622 Attempting to solve formula with 1202233 clauses (4994971 literals) and 7 assumptions
14.323 Unsolvable at layer 9 -- expanding.
14.323 Iteration 10.
14.323 New layer size: 11
14.323 Instantiating ...
14.986 Retroactively prune action (__SURROGATE*c2*connect_2* Q_9,7_Port:0_5092ffb8c1b4e498 Q_9,7_Port:1_5092ffb8c1b4e498 Q_10,7_PlugType:0_299cd3608cd34f68 female in male out) due to impossible effect (isOccupied Q_9,7_Port:0_5092ffb8c1b4e498)
14.995 Retroactively prune action (__SURROGATE*c1*connect_1* Q_9,7_Port:0_5092ffb8c1b4e498 Q_9,7_Port:1_5092ffb8c1b4e498 Q_10,7_PlugType:0_299cd3608cd34f68 female in male out) due to impossible effect (isOccupied Q_9,7_Port:0_5092ffb8c1b4e498)
15.016 Retroactively prune action (__SURROGATE*c5*connect_5* Q_9,7_Port:0_5092ffb8c1b4e498 Q_9,7_Port:1_5092ffb8c1b4e498 Q_10,7_PlugType:0_299cd3608cd34f68 female in male out) due to impossible effect (isOccupied Q_9,7_Port:1_5092ffb8c1b4e498)
15.022 Retroactively prune action (__SURROGATE*c6*connect_6* Q_9,7_Port:0_5092ffb8c1b4e498 Q_9,7_Port:1_5092ffb8c1b4e498 Q_10,7_PlugType:0_299cd3608cd34f68 female in male out) due to impossible effect (isOccupied Q_9,7_Port:1_5092ffb8c1b4e498)
15.134 Collected 4162 relevant facts at this layer
15.134 Encoding ...
15.739 Attempting to solve formula with 1550895 clauses (6496926 literals) and 8 assumptions
26.963 Unsolvable at layer 10 -- expanding.
26.963 Iteration 11.
26.963 New layer size: 12
26.963 Instantiating ...
27.711 Retroactively prune action (__SURROGATE*c2*connect_2* Q_10,8_Port:0_5092ffb8c1b4e498 Q_10,8_Port:1_5092ffb8c1b4e498 Q_11,8_PlugType:0_299cd3608cd34f68 female in male out) due to impossible effect (isOccupied Q_10,8_Port:0_5092ffb8c1b4e498)
27.722 Retroactively prune action (__SURROGATE*c5*connect_5* Q_10,8_Port:0_5092ffb8c1b4e498 Q_10,8_Port:1_5092ffb8c1b4e498 Q_11,8_PlugType:0_299cd3608cd34f68 female in male out) due to impossible effect (isOccupied Q_10,8_Port:1_5092ffb8c1b4e498)
27.761 Retroactively prune action (__SURROGATE*c6*connect_6* Q_10,8_Port:0_5092ffb8c1b4e498 Q_10,8_Port:1_5092ffb8c1b4e498 Q_11,8_PlugType:0_299cd3608cd34f68 female in male out) due to impossible effect (isOccupied Q_10,8_Port:1_5092ffb8c1b4e498)
27.769 Retroactively prune action (__SURROGATE*c1*connect_1* Q_10,8_Port:0_5092ffb8c1b4e498 Q_10,8_Port:1_5092ffb8c1b4e498 Q_11,8_PlugType:0_299cd3608cd34f68 female in male out) due to impossible effect (isOccupied Q_10,8_Port:0_5092ffb8c1b4e498)
27.882 Collected 4162 relevant facts at this layer
27.882 Encoding ...
28.568 Attempting to solve formula with 1955038 clauses (8247567 literals) and 9 assumptions
65.196 Unsolvable at layer 11 -- expanding.
65.196 Iteration 12.
65.196 New layer size: 13
65.196 Instantiating ...
66.046 Retroactively prune action (__SURROGATE*c6*connect_6* Q_11,9_Port:0_5092ffb8c1b4e498 Q_11,9_Port:1_5092ffb8c1b4e498 Q_12,9_PlugType:0_299cd3608cd34f68 female in male out) due to impossible effect (isOccupied Q_11,9_Port:1_5092ffb8c1b4e498)
66.054 Retroactively prune action (__SURROGATE*c5*connect_5* Q_11,9_Port:0_5092ffb8c1b4e498 Q_11,9_Port:1_5092ffb8c1b4e498 Q_12,9_PlugType:0_299cd3608cd34f68 female in male out) due to impossible effect (isOccupied Q_11,9_Port:1_5092ffb8c1b4e498)
66.054 Retroactively prune action (__SURROGATE*c1*connect_1* Q_11,9_Port:0_5092ffb8c1b4e498 Q_11,9_Port:1_5092ffb8c1b4e498 Q_12,9_PlugType:0_299cd3608cd34f68 female in male out) due to impossible effect (isOccupied Q_11,9_Port:0_5092ffb8c1b4e498)
66.077 Retroactively prune action (__SURROGATE*c2*connect_2* Q_11,9_Port:0_5092ffb8c1b4e498 Q_11,9_Port:1_5092ffb8c1b4e498 Q_12,9_PlugType:0_299cd3608cd34f68 female in male out) due to impossible effect (isOccupied Q_11,9_Port:0_5092ffb8c1b4e498)
66.209 Collected 4162 relevant facts at this layer
66.209 Encoding ...
66.954 Attempting to solve formula with 2410647 clauses (10226186 literals) and 10 assumptions
141.622 Unsolvable at layer 12 -- expanding.
141.622 Iteration 13.
141.622 New layer size: 14
141.622 Instantiating ...
142.578 Retroactively prune action (__SURROGATE*c1*connect_1* Q_12,10_Port:0_5092ffb8c1b4e498 Q_12,10_Port:1_5092ffb8c1b4e498 Q_13,10_PlugType:0_299cd3608cd34f68 female in male out) due to impossible effect (isOccupied Q_12,10_Port:0_5092ffb8c1b4e498)
142.590 Retroactively prune action (__SURROGATE*c2*connect_2* Q_12,10_Port:0_5092ffb8c1b4e498 Q_12,10_Port:1_5092ffb8c1b4e498 Q_13,10_PlugType:0_299cd3608cd34f68 female in male out) due to impossible effect (isOccupied Q_12,10_Port:0_5092ffb8c1b4e498)
142.621 Retroactively prune action (__SURROGATE*c6*connect_6* Q_12,10_Port:0_5092ffb8c1b4e498 Q_12,10_Port:1_5092ffb8c1b4e498 Q_13,10_PlugType:0_299cd3608cd34f68 female in male out) due to impossible effect (isOccupied Q_12,10_Port:1_5092ffb8c1b4e498)
142.621 Retroactively prune action (__SURROGATE*c5*connect_5* Q_12,10_Port:0_5092ffb8c1b4e498 Q_12,10_Port:1_5092ffb8c1b4e498 Q_13,10_PlugType:0_299cd3608cd34f68 female in male out) due to impossible effect (isOccupied Q_12,10_Port:1_5092ffb8c1b4e498)
142.742 Collected 4162 relevant facts at this layer
142.742 Encoding ...
143.543 Attempting to solve formula with 2900407 clauses (12348308 literals) and 11 assumptions
202.225 Unsolvable at layer 13 -- expanding.
202.225 Iteration 14.
202.225 New layer size: 15
202.225 Instantiating ...
203.328 Retroactively prune action (__SURROGATE*c5*connect_5* Q_13,11_Port:0_5092ffb8c1b4e498 Q_13,11_Port:1_5092ffb8c1b4e498 Q_14,11_PlugType:0_299cd3608cd34f68 female in male out) due to impossible effect (isOccupied Q_13,11_Port:1_5092ffb8c1b4e498)
203.337 Retroactively prune action (__SURROGATE*c2*connect_2* Q_13,11_Port:0_5092ffb8c1b4e498 Q_13,11_Port:1_5092ffb8c1b4e498 Q_14,11_PlugType:0_299cd3608cd34f68 female in male out) due to impossible effect (isOccupied Q_13,11_Port:0_5092ffb8c1b4e498)
203.354 Retroactively prune action (__SURROGATE*c6*connect_6* Q_13,11_Port:0_5092ffb8c1b4e498 Q_13,11_Port:1_5092ffb8c1b4e498 Q_14,11_PlugType:0_299cd3608cd34f68 female in male out) due to impossible effect (isOccupied Q_13,11_Port:1_5092ffb8c1b4e498)
203.406 Retroactively prune action (__SURROGATE*c1*connect_1* Q_13,11_Port:0_5092ffb8c1b4e498 Q_13,11_Port:1_5092ffb8c1b4e498 Q_14,11_PlugType:0_299cd3608cd34f68 female in male out) due to impossible effect (isOccupied Q_13,11_Port:0_5092ffb8c1b4e498)
203.518 Collected 4162 relevant facts at this layer
203.518 Encoding ...
204.441 Attempting to solve formula with 3455206 clauses (14770818 literals) and 12 assumptions
259.605 Unsolvable at layer 14 -- expanding.
259.605 Iteration 15.
259.605 New layer size: 16
259.605 Instantiating ...
260.784 Retroactively prune action (__SURROGATE*c2*connect_2* Q_14,12_Port:0_5092ffb8c1b4e498 Q_14,12_Port:1_5092ffb8c1b4e498 Q_15,12_PlugType:0_299cd3608cd34f68 female in male out) due to impossible effect (isOccupied Q_14,12_Port:0_5092ffb8c1b4e498)
260.790 Retroactively prune action (__SURROGATE*c5*connect_5* Q_14,12_Port:0_5092ffb8c1b4e498 Q_14,12_Port:1_5092ffb8c1b4e498 Q_15,12_PlugType:0_299cd3608cd34f68 female in male out) due to impossible effect (isOccupied Q_14,12_Port:1_5092ffb8c1b4e498)
260.808 Retroactively prune action (__SURROGATE*c1*connect_1* Q_14,12_Port:0_5092ffb8c1b4e498 Q_14,12_Port:1_5092ffb8c1b4e498 Q_15,12_PlugType:0_299cd3608cd34f68 female in male out) due to impossible effect (isOccupied Q_14,12_Port:0_5092ffb8c1b4e498)
260.863 Retroactively prune action (__SURROGATE*c6*connect_6* Q_14,12_Port:0_5092ffb8c1b4e498 Q_14,12_Port:1_5092ffb8c1b4e498 Q_15,12_PlugType:0_299cd3608cd34f68 female in male out) due to impossible effect (isOccupied Q_14,12_Port:1_5092ffb8c1b4e498)
260.975 Collected 4162 relevant facts at this layer
260.975 Encoding ...
261.939 Attempting to solve formula with 4034355 clauses (17289549 literals) and 13 assumptions
c
c Try to adapt solver strategies
c 
c Nothing extreme in this problem, continue with glucose default strategies.
c
305.908 Unsolvable at layer 15 -- expanding.
305.908 Iteration 16.
305.908 New layer size: 17
305.908 Instantiating ...
307.302 Retroactively prune action (__SURROGATE*c6*connect_6* Q_15,13_Port:0_5092ffb8c1b4e498 Q_15,13_Port:1_5092ffb8c1b4e498 Q_16,13_PlugType:0_299cd3608cd34f68 female in male out) due to impossible effect (isOccupied Q_15,13_Port:1_5092ffb8c1b4e498)
307.302 Retroactively prune action (__SURROGATE*c1*connect_1* Q_15,13_Port:0_5092ffb8c1b4e498 Q_15,13_Port:1_5092ffb8c1b4e498 Q_16,13_PlugType:0_299cd3608cd34f68 female in male out) due to impossible effect (isOccupied Q_15,13_Port:0_5092ffb8c1b4e498)
307.316 Retroactively prune action (__SURROGATE*c2*connect_2* Q_15,13_Port:0_5092ffb8c1b4e498 Q_15,13_Port:1_5092ffb8c1b4e498 Q_16,13_PlugType:0_299cd3608cd34f68 female in male out) due to impossible effect (isOccupied Q_15,13_Port:0_5092ffb8c1b4e498)
307.340 Retroactively prune action (__SURROGATE*c5*connect_5* Q_15,13_Port:0_5092ffb8c1b4e498 Q_15,13_Port:1_5092ffb8c1b4e498 Q_16,13_PlugType:0_299cd3608cd34f68 female in male out) due to impossible effect (isOccupied Q_15,13_Port:1_5092ffb8c1b4e498)
307.458 Collected 4162 relevant facts at this layer
307.458 Encoding ...
308.483 Attempting to solve formula with 4673340 clauses (20075735 literals) and 14 assumptions
401.277 Unsolvable at layer 16 -- expanding.
401.277 Iteration 17.
401.277 New layer size: 18
401.277 Instantiating ...
402.831 Retroactively prune action (__SURROGATE*c6*connect_6* Q_16,14_Port:0_5092ffb8c1b4e498 Q_16,14_Port:1_5092ffb8c1b4e498 Q_17,14_PlugType:0_299cd3608cd34f68 female in male out) due to impossible effect (isOccupied Q_16,14_Port:1_5092ffb8c1b4e498)
402.837 Retroactively prune action (__SURROGATE*c2*connect_2* Q_16,14_Port:0_5092ffb8c1b4e498 Q_16,14_Port:1_5092ffb8c1b4e498 Q_17,14_PlugType:0_299cd3608cd34f68 female in male out) due to impossible effect (isOccupied Q_16,14_Port:0_5092ffb8c1b4e498)
402.860 Retroactively prune action (__SURROGATE*c5*connect_5* Q_16,14_Port:0_5092ffb8c1b4e498 Q_16,14_Port:1_5092ffb8c1b4e498 Q_17,14_PlugType:0_299cd3608cd34f68 female in male out) due to impossible effect (isOccupied Q_16,14_Port:1_5092ffb8c1b4e498)
402.899 Retroactively prune action (__SURROGATE*c1*connect_1* Q_16,14_Port:0_5092ffb8c1b4e498 Q_16,14_Port:1_5092ffb8c1b4e498 Q_17,14_PlugType:0_299cd3608cd34f68 female in male out) due to impossible effect (isOccupied Q_16,14_Port:0_5092ffb8c1b4e498)
403.014 Collected 4162 relevant facts at this layer
403.014 Encoding ...
404.157 Attempting to solve formula with 5367429 clauses (23110108 literals) and 15 assumptions
608.298 Unsolvable at layer 17 -- expanding.
608.298 Iteration 18.
608.298 New layer size: 19
608.298 Instantiating ...
609.988 Retroactively prune action (__SURROGATE*c2*connect_2* Q_17,15_Port:0_5092ffb8c1b4e498 Q_17,15_Port:1_5092ffb8c1b4e498 Q_18,15_PlugType:0_299cd3608cd34f68 female in male out) due to impossible effect (isOccupied Q_17,15_Port:0_5092ffb8c1b4e498)
609.988 Retroactively prune action (__SURROGATE*c6*connect_6* Q_17,15_Port:0_5092ffb8c1b4e498 Q_17,15_Port:1_5092ffb8c1b4e498 Q_18,15_PlugType:0_299cd3608cd34f68 female in male out) due to impossible effect (isOccupied Q_17,15_Port:1_5092ffb8c1b4e498)
609.988 Retroactively prune action (__SURROGATE*c5*connect_5* Q_17,15_Port:0_5092ffb8c1b4e498 Q_17,15_Port:1_5092ffb8c1b4e498 Q_18,15_PlugType:0_299cd3608cd34f68 female in male out) due to impossible effect (isOccupied Q_17,15_Port:1_5092ffb8c1b4e498)
610.022 Retroactively prune action (__SURROGATE*c1*connect_1* Q_17,15_Port:0_5092ffb8c1b4e498 Q_17,15_Port:1_5092ffb8c1b4e498 Q_18,15_PlugType:0_299cd3608cd34f68 female in male out) due to impossible effect (isOccupied Q_17,15_Port:0_5092ffb8c1b4e498)
610.139 Collected 4162 relevant facts at this layer
610.139 Encoding ...
611.317 Attempting to solve formula with 6088597 clauses (26252339 literals) and 16 assumptions
742.551 Unsolvable at layer 18 -- expanding.
742.551 Iteration 19.
742.551 New layer size: 20
742.551 Instantiating ...
744.095 Retroactively prune action (__SURROGATE*c1*connect_1* Q_18,16_Port:0_5092ffb8c1b4e498 Q_18,16_Port:1_5092ffb8c1b4e498 Q_19,16_PlugType:0_299cd3608cd34f68 female in male out) due to impossible effect (isOccupied Q_18,16_Port:0_5092ffb8c1b4e498)
744.100 Retroactively prune action (__SURROGATE*c5*connect_5* Q_18,16_Port:0_5092ffb8c1b4e498 Q_18,16_Port:1_5092ffb8c1b4e498 Q_19,16_PlugType:0_299cd3608cd34f68 female in male out) due to impossible effect (isOccupied Q_18,16_Port:1_5092ffb8c1b4e498)
744.112 Retroactively prune action (__SURROGATE*c6*connect_6* Q_18,16_Port:0_5092ffb8c1b4e498 Q_18,16_Port:1_5092ffb8c1b4e498 Q_19,16_PlugType:0_299cd3608cd34f68 female in male out) due to impossible effect (isOccupied Q_18,16_Port:1_5092ffb8c1b4e498)
744.117 Retroactively prune action (__SURROGATE*c2*connect_2* Q_18,16_Port:0_5092ffb8c1b4e498 Q_18,16_Port:1_5092ffb8c1b4e498 Q_19,16_PlugType:0_299cd3608cd34f68 female in male out) due to impossible effect (isOccupied Q_18,16_Port:0_5092ffb8c1b4e498)
744.237 Collected 4162 relevant facts at this layer
744.237 Encoding ...
745.427 Attempting to solve formula with 6876528 clauses (29700875 literals) and 17 assumptions
1055.928 Unsolvable at layer 19 -- expanding.
1055.928 Iteration 20.
1055.928 New layer size: 21
1055.928 Instantiating ...
1057.781 Retroactively prune action (__SURROGATE*c6*connect_6* Q_19,17_Port:0_5092ffb8c1b4e498 Q_19,17_Port:1_5092ffb8c1b4e498 Q_20,17_PlugType:0_299cd3608cd34f68 female in male out) due to impossible effect (isOccupied Q_19,17_Port:1_5092ffb8c1b4e498)
1057.781 Retroactively prune action (__SURROGATE*c2*connect_2* Q_19,17_Port:0_5092ffb8c1b4e498 Q_19,17_Port:1_5092ffb8c1b4e498 Q_20,17_PlugType:0_299cd3608cd34f68 female in male out) due to impossible effect (isOccupied Q_19,17_Port:0_5092ffb8c1b4e498)
1057.792 Retroactively prune action (__SURROGATE*c1*connect_1* Q_19,17_Port:0_5092ffb8c1b4e498 Q_19,17_Port:1_5092ffb8c1b4e498 Q_20,17_PlugType:0_299cd3608cd34f68 female in male out) due to impossible effect (isOccupied Q_19,17_Port:0_5092ffb8c1b4e498)
1057.792 Retroactively prune action (__SURROGATE*c5*connect_5* Q_19,17_Port:0_5092ffb8c1b4e498 Q_19,17_Port:1_5092ffb8c1b4e498 Q_20,17_PlugType:0_299cd3608cd34f68 female in male out) due to impossible effect (isOccupied Q_19,17_Port:1_5092ffb8c1b4e498)
1057.901 Collected 4162 relevant facts at this layer
1057.901 Encoding ...
1059.157 Attempting to solve formula with 7705566 clauses (33327611 literals) and 18 assumptions
1804.711 Termination signal caught.
1804.711 Total amount of clauses encoded: 7705566
1804.711 - indirectframeaxioms : 4368536 cls
1804.711 - qfactsemantics : 1572586 cls
1804.711 - directframeaxioms : 1440044 cls
1804.711 - reductionconstraints : 246106 cls
1804.711 - actionconstraints : 29980 cls
1804.711 - substitutionconstraints : 17768 cls
1804.711 - atmostoneelement : 16677 cls
1804.711 - qconstequality : 4250 cls
1804.711 - truefacts : 4162 cls
1804.711 - predecessors : 2520 cls
1804.711 - expansions : 2482 cls
1804.711 - actioneffects : 453 cls
1804.711 - axiomaticops : 2 cls
1804.711 # instantiated positions: 231
1804.711 # instantiated actions: 2275
1804.711 # instantiated reductions: 318
1804.711 # introduced pseudo-constants: 417
1804.711 # retroactive prunings: 74
1804.711 # retroactively pruned operations: 74
1804.711 # dominated operations: 106
1804.711 # total invalid rigid preconditions found in getPFC: 0
1804.711 # invalid rigid preconditions found in getPFC: 0
1804.711 # invalid rigid preconditions found in getPFC in varrestrictions: 0
1804.712 # total invalid fluent preconditions found in getPFC: 18
1804.712 # invalid fluent preconditions found in getPFC: 18
1804.712 # invalid fluent preconditions found in getPFC in varrestrictions: 0
1804.712 # invalid fluent preconditions found in getPFC via postconditions: 0
1804.712 # invalid subtasks found in getPFC: 2
1804.712 # number effects in operation fact_frames: 170
1804.712 # number of variables restricted: 22822
1804.712 # number of nodes variables restricted: 11126
1804.712 Exiting happily.

RUNWATCH_RESULT TIMEOUT RETVAL 0 TIME_SECS 1804.78 MEMPEAK_KBS 1188132
