    _           _         _
   \ |         \ |       | |                       
   | |     __  | |      _| |______                
   | |     \/  | |     /_   ______\                
   | |      _  | |   __  | |  ___   ___   ___       
   | |___  | | | |  / .\ | | / , | |   \ / ·_\    
   \_____\ |_| |__\ \__/ |_| \___) |_|_| \___\  
[39mL i l o t a n e  version rls-glucose4
by Dominik Schreiber <dominik.schreiber@kit.edu> 2020-2021
using SAT solver glucose4

0.012 Parser finished.
0.013 Structures extracted.
0.013 20 operators and 16 methods created.
0.216 Mined 11 new reduction preconditions (+11.0%).
0.216 Iteration 0.
0.216 Creating initial layer of size 2
0.308 Attempting to solve formula with 155 clauses (231 literals) and 1 assumptions
0.308 Unsolvable at layer 0 -- expanding.
0.308 Iteration 1.
0.308 New layer size: 3
0.308 Instantiating ...
0.854 Collected 5180 relevant facts at this layer
0.854 Encoding ...
0.883 Attempting to solve formula with 26091 clauses (72056 literals) and 2 assumptions
0.884 Unsolvable at layer 1 -- expanding.
0.884 Iteration 2.
0.884 New layer size: 5
0.884 Instantiating ...
2.404 Collected 5262 relevant facts at this layer
2.404 Encoding ...
2.483 Attempting to solve formula with 87239 clauses (279084 literals) and 2 assumptions
2.483 Unsolvable at layer 2 -- expanding.
2.483 Iteration 3.
2.484 New layer size: 11
2.484 Instantiating ...
4.851 Collected 5322 relevant facts at this layer
4.851 Encoding ...
5.049 Attempting to solve formula with 253675 clauses (842063 literals) and 4 assumptions
5.056 Unsolvable at layer 3 -- expanding.
5.056 Iteration 4.
5.056 New layer size: 19
5.056 Instantiating ...
9.028 Collected 5322 relevant facts at this layer
9.028 Encoding ...
9.444 Attempting to solve formula with 531368 clauses (1788935 literals) and 6 assumptions
9.459 Unsolvable at layer 4 -- expanding.
9.459 Iteration 5.
9.459 New layer size: 33
9.459 Instantiating ...
15.878 Collected 5322 relevant facts at this layer
15.878 Encoding ...
16.624 Attempting to solve formula with 1012953 clauses (3437466 literals) and 10 assumptions
16.755 Unsolvable at layer 5 -- expanding.
16.756 Iteration 6.
16.756 New layer size: 55
16.756 Instantiating ...
27.299 Collected 5322 relevant facts at this layer
27.299 Encoding ...
28.512 Attempting to solve formula with 1806473 clauses (6159793 literals) and 16 assumptions
28.792 Unsolvable at layer 6 -- expanding.
28.792 Iteration 7.
28.792 New layer size: 91
28.792 Instantiating ...
45.899 Collected 5322 relevant facts at this layer
45.899 Encoding ...
47.868 Attempting to solve formula with 3115453 clauses (10656261 literals) and 26 assumptions
48.507 Unsolvable at layer 7 -- expanding.
48.507 Iteration 8.
48.507 New layer size: 149
48.507 Instantiating ...
76.434 Collected 5322 relevant facts at this layer
76.434 Encoding ...
79.714 Attempting to solve formula with 5251827 clauses (18000663 literals) and 42 assumptions
79.991 Unsolvable at layer 8 -- expanding.
79.991 Iteration 9.
79.991 New layer size: 243
79.991 Instantiating ...
125.398 Collected 5322 relevant facts at this layer
125.398 Encoding ...
130.969 Attempting to solve formula with 8731055 clauses (29967140 literals) and 68 assumptions
131.873 Unsolvable at layer 9 -- expanding.
131.873 Iteration 10.
131.874 New layer size: 395
131.874 Instantiating ...
205.155 Collected 5322 relevant facts at this layer
205.155 Encoding ...
214.240 Attempting to solve formula with 14380531 clauses (49403626 literals) and 110 assumptions
215.295 Unsolvable at layer 10 -- expanding.
215.295 Iteration 11.
215.295 New layer size: 641
215.295 Instantiating ...
334.094 Collected 5322 relevant facts at this layer
334.094 Encoding ...
350.414 Attempting to solve formula with 23543109 clauses (80932196 literals) and 178 assumptions
354.675 Unsolvable at layer 11 -- expanding.
354.675 Iteration 12.
354.675 New layer size: 1039
354.675 Instantiating ...
549.178 Collected 5322 relevant facts at this layer
549.178 Encoding ...
575.976 Attempting to solve formula with 38389037 clauses (132022859 literals) and 288 assumptions
580.172 Unsolvable at layer 12 -- expanding.
580.172 Iteration 13.
580.173 New layer size: 1683
580.173 Instantiating ...
868.999 Termination signal caught.
868.999 Total amount of clauses encoded: 38389037
868.999 - directframeaxioms : 15633840 cls
868.999 - qfactsemantics : 10200128 cls
868.999 - indirectframeaxioms : 7810647 cls
868.999 - reductionconstraints : 4087979 cls
868.999 - actionconstraints : 267241 cls
868.999 - qconstequality : 158916 cls
868.999 - substitutionconstraints : 130344 cls
868.999 - atmostoneelement : 49901 cls
868.999 - expansions : 19258 cls
868.999 - predecessors : 16240 cls
868.999 - actioneffects : 9219 cls
868.999 - truefacts : 5322 cls
868.999 - axiomaticops : 2 cls
868.999 # instantiated positions: 4214
868.999 # instantiated actions: 17479
868.999 # instantiated reductions: 8042
868.999 # introduced pseudo-constants: 3534
868.999 # retroactive prunings: 0
868.999 # retroactively pruned operations: 0
868.999 # dominated operations: 9
868.999 # total invalid rigid preconditions found in getPFC: 0
868.999 # invalid rigid preconditions found in getPFC: 0
868.999 # invalid rigid preconditions found in getPFC in varrestrictions: 0
868.999 # total invalid fluent preconditions found in getPFC: 16
868.999 # invalid fluent preconditions found in getPFC: 16
868.999 # invalid fluent preconditions found in getPFC in varrestrictions: 0
868.999 # invalid fluent preconditions found in getPFC via postconditions: 0
868.999 # invalid subtasks found in getPFC: 0
868.999 # number effects in operation fact_frames: 226
868.999 Exiting happily.

RUNWATCH_RESULT MEMOUT RETVAL 0 TIME_SECS 869.983 MEMPEAK_KBS 16012800
