pandaPIparser is configured as follows
  Colors in output: true
  Mode: parsing mode
  Parameter splitting: true
  Conditional effects: exponential encoding
  Disjunctive preconditions as HTN: false
  Replace goal with action: false
  Output: pandaPI format
General Options
  Print timings: false
  Quiet mode: false
Inference Options
  H2 mutexes: false
  FAM groups: false
Transformation Options
  Add zero-cost no-op to empty methods: true
  Remove duplicate actions: true
  Remove useless literals: true
  Expand abstract tasks with one method: true
  Remove empty method preconditions: true
  Two regularisation: false
  Compile negative SAS variables: false
Runtime Optimisations
  Hierarchy Typing: true
  Future Caching: false
  Static Precondition Checking: false
Output Options
  Panda planner format: true
  HDDL: false
  SAS for Fast Downward (without hierarchy): false
Output Formatting Options
  Output only SAS+ variables: false
  SAS+ delete mode: as input
Reading input from /home/schnell/lilotane/sotaevaluation//PandaSAT_runwatchtime_timeout1800_2021-11-16_15:47:18/runwatch_log/266/266.parsed.
Writing output to /home/schnell/lilotane/sotaevaluation//PandaSAT_runwatchtime_timeout1800_2021-11-16_15:47:18/runwatch_log/266/266.sas.
Writing output to standard output.
Parsing done.
Conditional Effects expanded
done.
Starting Hierarchy Typing
Total 0.448ms
Contains 0.035ms
Restrict 0.091ms
MPrep 0.049ms
Finished Hierarchy Typing
Running PG.
Process actions without preconditions
Done.
 ---> Disabling potentially consistent extension checking for action:           18 (__method_precondition_m3_trip_to2)
 ---> Disabling potentially consistent extension checking for action:           4 (drive_tent)
 ---> Disabling potentially consistent extension checking for action:           10 (__method_precondition_m7_bring_tent)
 ---> Disabling potentially consistent extension checking for action:           11 (__method_precondition_m8_bring_tent)
 ---> Disabling potentially consistent extension checking for action:           2 (drive_passenger)
 ---> Disabling potentially consistent extension checking for action:           1 (put_up)
 ---> Disabling potentially consistent extension checking for action:           0 (put_down)
 ---> Disabling potentially consistent extension checking for action:           13 (__method_precondition_m10_bring_tent)
 ---> Disabling potentially consistent extension checking for action:           21 (__method_precondition_m11_bring_cars_split)
Returning from runGpg().
PG done. Postprocessing
PG postprocessing done.
Calculated [42077] grounded tasks and [165] reachable facts.
Running TDG.
Process actions without preconditions
Done.
 ---> Disabling potentially consistent extension checking for action:           6 (m8_bring_tent)
 ---> Disabling potentially consistent extension checking for action:           23 (m3_trip_to2)
Returning from runGpg().
TDG done.
Calculated [42522] grounded tasks and [18490] grounded decomposition methods.
Performing DFS.
DFS done.
After DFS: 27294 tasks, 18274 methods.
Grounded PG:
Input was [27065, 27294], output was [27065, 165].
Simplifying instance.
Removing useless facts/literals
Removing method precondition actions whose precondition is empty
Expanding abstract tasks with only one method
Starting duplicate elimination.
Data structure build.
12652 duplicates found.
Duplicates replaced in methods.
Further Mutex Groups: 0 strict 0 non strict
Writing instance to output.
Final Statistics: F 155 S 0 SC 0 SM 0 NSM 0 I 0 P 9057 S 5340 A 117 M 18162
Exiting.
Random seed: 42
Time limit: 1800 seconds
Reading input from /home/schnell/lilotane/sotaevaluation//PandaSAT_runwatchtime_timeout1800_2021-11-16_15:47:18/runwatch_log/266/266.sas.
- State has 155 bits divided into 155 mutex groups.
- Domain contains 14397 actions.
- Domain contains 14514 tasks.
- Domain contains 18162 methods.
- The initial state contains 25 set bits.
- The initial task is "__top[]".
- State-based goal contains 4 bits.
- Instance is totally-ordered: yes
- Instance has unique paths: yes
- Instance is parallel sequences: yes
Calculate SCCs...
- Number of SCCs: 14514
- The problem is cyclic
- Number of cyclic SCCs: 55
- Number of cyclic SCCs of size 1: 55

Extracting invariants from parsed model
Extracted 0 invariants.
Starting resolution.
After resolution we have 0 invariants, taking 0.008ms.

Computing invariants [Rintanen]
Initial candidates build (35805)
Round 1: 35805 invariants remaining
  35650 / 35805 remaining after 10000 of 14397
Round 2: 9162 invariants remaining
  9128 / 9162 remaining after 5000 of 14397
  9106 / 9162 remaining after 10000 of 14397
Round 3: 6347 invariants remaining
  6329 / 6347 remaining after 5000 of 14397
  6301 / 6347 remaining after 10000 of 14397
Round 4: 5189 invariants remaining
  5164 / 5189 remaining after 5000 of 14397
  5136 / 5189 remaining after 10000 of 14397
Round 5: 4023 invariants remaining
  3997 / 4023 remaining after 5000 of 14397
  3977 / 4023 remaining after 10000 of 14397
Round 6: 2845 invariants remaining
  2818 / 2845 remaining after 5000 of 14397
  2800 / 2845 remaining after 10000 of 14397
Round 7: 1655 invariants remaining
  1635 / 1655 remaining after 5000 of 14397
  1611 / 1655 remaining after 10000 of 14397
Round 8: 453 invariants remaining
  453 / 453 remaining after 5000 of 14397
  453 / 453 remaining after 10000 of 14397
Found 453 invariants in 108.512ms
Calculate SCCs...
- Number of SCCs: 14514
- The problem is cyclic
- Number of cyclic SCCs: 55
- Number of cyclic SCCs of size 1: 55
Hallo


Instance is totally ordered: yes
[33mStarting SAT-based planner[m
Using SAT solver: cryptominisat-5.8.0
Encode Mutexes:    yes
Block Compression: yes
Pruning:           ff




[33mGenerating formula for depth 1[m
Computing PDT took: 0.043 ms
Computed PDT. Extracting leafs ... 1 leafs
Clear pruning tables ... done.
[34mPruning round [m1 Phase: 1
FF Pruning: removed 0 of 0
Pruning: 2 of 2
Leaf Primitive Pruning: 0 of 0
Initial abstract task is pruned: [31mUNSAT[m


[33mGenerating formula for depth 2[m
Computing PDT took: 0.025 ms
Computed PDT. Extracting leafs ... 2 leafs
Clear pruning tables ... done.
[34mPruning round [m1 Phase: 1
FF Pruning: removed 0 of 0
Pruning: 10 of 10
Leaf Primitive Pruning: 0 of 0
Initial abstract task is pruned: [31mUNSAT[m


[33mGenerating formula for depth 3[m
Computing PDT took: 0.218 ms
Computed PDT. Extracting leafs ... 10 leafs
Clear pruning tables ... done.
[34mPruning round [m1 Phase: 1
FF Pruning: removed 0 of 0
Pruning: 105 of 105
Leaf Primitive Pruning: 57 of 57
Initial abstract task is pruned: [31mUNSAT[m


[33mGenerating formula for depth 4[m
Computing PDT took: 49.5 ms
Computed PDT. Extracting leafs ... 67 leafs
Clear pruning tables ... done.
[34mPruning round [m1 Phase: 1
FF Pruning: removed 0 of 0
Pruning: 13293 of 13293
Leaf Primitive Pruning: 13144 of 13144
Initial abstract task is pruned: [31mUNSAT[m


[33mGenerating formula for depth 5[m
Computing PDT took: 19.4 ms
Computed PDT. Extracting leafs ... 129 leafs
Clear pruning tables ... done.
[34mPruning round [m1 Phase: 1
FF Pruning: removed 8306 of 13313
[34mPruning round [m2 Phase: 1
FF Pruning: removed 0 of 5007
Pruning: 16576 of 20567
Leaf Primitive Pruning: 15069 of 18836
Pruning gave 0 new invariants
Assigning variable IDs for PDT ... done. 6648 new variables.
Decomposition Clauses generated.
Pruned clauses.
Block compression leads to 37 timesteps.
Decomp formula generated
State atoms
State formula
Matching
Invar time: 2.12ms SM: 0 M: 0 I: 0 SI: 453
[34mFormula: [m56625 decomposition 33466 state 16761 mutex
Formula has 12592 vars and 106852 clauses.
Formula time: 53.881ms
Starting solver
Solver time: 0.050ms
Solver state: [31mUNSAT[m


[33mGenerating formula for depth 6[m
Computing PDT took: 19.112 ms
Computed PDT. Extracting leafs ... 203 leafs
Clear pruning tables ... done.
[34mPruning round [m1 Phase: 1
FF Pruning: removed 8306 of 19096
[34mPruning round [m2 Phase: 1
FF Pruning: removed 0 of 10790
Pruning: 18243 of 26643
Leaf Primitive Pruning: 16670 of 24620
Pruning gave 0 new invariants
Assigning variable IDs for PDT ... done. 9864 new variables.
Decomposition Clauses generated.
Pruned clauses.
Block compression leads to 73 timesteps.
Decomp formula generated
State atoms
State formula
Matching
Invar time: 9.111ms SM: 0 M: 0 I: 0 SI: 453
[34mFormula: [m117498 decomposition 68570 state 33069 mutex
Formula has 34043 vars and 325989 clauses.
Formula time: 91.976ms
Starting solver
Solver time: 3.879ms
Solver state: [31mUNSAT[m


[33mGenerating formula for depth 7[m
Computing PDT took: 20.166 ms
Computed PDT. Extracting leafs ... 289 leafs
Clear pruning tables ... done.
[34mPruning round [m1 Phase: 1
FF Pruning: removed 8306 of 25000
[34mPruning round [m2 Phase: 1
FF Pruning: removed 0 of 16694
Pruning: 19909 of 32893
Leaf Primitive Pruning: 18270 of 30524
Pruning gave 0 new invariants
Assigning variable IDs for PDT ... done. 13061 new variables.
Decomposition Clauses generated.
Pruned clauses.
Block compression leads to 116 timesteps.
Decomp formula generated
State atoms
State formula
Matching
Invar time: 15.110ms SM: 0 M: 0 I: 0 SI: 453
[34mFormula: [m180100 decomposition 106948 state 52548 mutex
Formula has 65419 vars and 665585 clauses.
Formula time: 129.802ms
Starting solver
Solver time: 13.907ms
Solver state: [31mUNSAT[m


[33mGenerating formula for depth 8[m
Computing PDT took: 20.873 ms
Computed PDT. Extracting leafs ... 387 leafs
Clear pruning tables ... done.
[34mPruning round [m1 Phase: 1
FF Pruning: removed 8306 of 31024
[34mPruning round [m2 Phase: 1
FF Pruning: removed 0 of 22718
Pruning: 21575 of 39317
Leaf Primitive Pruning: 19870 of 36548
Pruning gave 0 new invariants
Assigning variable IDs for PDT ... done. 16401 new variables.
Decomposition Clauses generated.
Pruned clauses.
Block compression leads to 165 timesteps.
Decomp formula generated
State atoms
State formula
Matching
Invar time: 21.190ms SM: 0 M: 0 I: 0 SI: 453
[34mFormula: [m244430 decomposition 148290 state 74745 mutex
Formula has 107793 vars and 1133050 clauses.
Formula time: 171.224ms
Starting solver
Solver time: 148.783ms
Solver state: [31mUNSAT[m


[33mGenerating formula for depth 9[m
Computing PDT took: 20.832 ms
Computed PDT. Extracting leafs ... 497 leafs
Clear pruning tables ... done.
[34mPruning round [m1 Phase: 1
FF Pruning: removed 8306 of 37168
[34mPruning round [m2 Phase: 1
FF Pruning: removed 0 of 28862
Pruning: 23241 of 45915
Leaf Primitive Pruning: 21470 of 42692
Pruning gave 0 new invariants
Assigning variable IDs for PDT ... done. 19885 new variables.
Decomposition Clauses generated.
Pruned clauses.
Block compression leads to 220 timesteps.
Decomp formula generated
State atoms
State formula
Matching
Invar time: 27.599ms SM: 0 M: 0 I: 0 SI: 453
[34mFormula: [m310488 decomposition 192596 state 99660 mutex
Formula has 162239 vars and 1735794 clauses.
Formula time: 219.842ms
Starting solver
Solver time: 412.982ms
Solver state: [32mSAT[m
==>
0 __method_precondition_m5_walk_everyone_split[place0,guy3,girl3,couple3]
1 __method_precondition_m10_bring_tent[place0,girl3,tent3]
2 put_down[girl3,place0,tent3]
3 __method_precondition_m11_bring_cars_split[place0,car0,car1]
4 nop[]
5 __method_precondition_m5_walk_everyone_split[place0,guy3,girl3,couple3]
6 __method_precondition_m3_trip_to2[couple3,place0,place1,guy3,car1,girl3,car3,tent1]
7 drive_tent[guy3,place0,place1,car1,tent1]
8 drive[girl3,place0,place1,car3]
9 put_up[guy3,place1,tent1]
10 drive_passenger[girl3,place1,place0,car3,guy3]
11 __method_precondition_m5_walk_everyone_split[place0,guy2,girl2,couple2]
12 walk_together[tent1,place1,guy2,place0,girl2,couple2]
13 __method_precondition_m5_walk_everyone_split[place0,guy1,girl1,couple1]
14 walk_together[tent1,place1,guy1,place0,girl1,couple1]
15 __method_precondition_m5_walk_everyone_split[place0,guy3,girl3,couple3]
16 walk_together[tent1,place1,guy3,place0,girl3,couple3]
17 __method_precondition_m5_walk_everyone_split[place0,guy0,girl0,couple0]
18 walk_together[tent1,place1,guy0,place0,girl0,couple0]
19 nop[]
20 put_down[girl3,place1,tent1]
21 drive_passenger[guy3,place1,place0,car1,girl3]
22 drive[guy3,place0,place1,car1]
23 drive[girl3,place0,place1,car3]
24 __method_precondition_m3_trip_to2[couple3,place1,place2,guy3,car1,girl3,car3,tent1]
25 drive_tent[guy3,place1,place2,car1,tent1]
26 drive[girl3,place1,place2,car3]
27 put_up[guy3,place2,tent1]
28 drive_passenger[girl3,place2,place1,car3,guy3]
29 __method_precondition_m5_walk_everyone_split[place1,guy0,girl0,couple0]
30 walk_together[tent1,place2,guy0,place1,girl0,couple0]
31 __method_precondition_m5_walk_everyone_split[place1,guy1,girl1,couple1]
32 walk_together[tent1,place2,guy1,place1,girl1,couple1]
33 __method_precondition_m5_walk_everyone_split[place1,guy2,girl2,couple2]
34 walk_together[tent1,place2,guy2,place1,girl2,couple2]
35 __method_precondition_m5_walk_everyone_split[place1,guy3,girl3,couple3]
36 walk_together[tent1,place2,guy3,place1,girl3,couple3]
37 nop[]
38 put_down[girl3,place2,tent1]
39 drive_passenger[guy3,place2,place1,car1,girl3]
40 drive[guy3,place1,place2,car1]
41 drive[girl3,place1,place2,car3]
42 __method_precondition_m3_trip_to2[couple3,place2,place3,guy3,car3,girl3,car1,tent1]
43 drive_tent[guy3,place2,place3,car3,tent1]
44 drive[girl3,place2,place3,car1]
45 put_up[guy3,place3,tent1]
46 drive_passenger[girl3,place3,place2,car1,guy3]
47 __method_precondition_m5_walk_everyone_split[place2,guy3,girl3,couple3]
48 walk_together[tent1,place3,guy3,place2,girl3,couple3]
49 __method_precondition_m5_walk_everyone_split[place2,guy1,girl1,couple1]
50 walk_together[tent1,place3,guy1,place2,girl1,couple1]
51 __method_precondition_m5_walk_everyone_split[place2,guy2,girl2,couple2]
52 walk_together[tent1,place3,guy2,place2,girl2,couple2]
53 __method_precondition_m5_walk_everyone_split[place2,guy0,girl0,couple0]
54 walk_together[tent1,place3,guy0,place2,girl0,couple0]
55 nop[]
56 put_down[girl3,place3,tent1]
57 drive_passenger[guy3,place3,place2,car3,girl3]
58 drive[guy3,place2,place3,car3]
59 drive[girl3,place2,place3,car1]
60 __method_precondition_m3_trip_to2[couple3,place3,place4,guy3,car3,girl3,car1,tent1]
61 drive_tent[guy3,place3,place4,car3,tent1]
62 drive[girl3,place3,place4,car1]
63 put_up[guy3,place4,tent1]
64 drive_passenger[girl3,place4,place3,car1,guy3]
65 __method_precondition_m5_walk_everyone_split[place3,guy0,girl0,couple0]
66 walk_together[tent1,place4,guy0,place3,girl0,couple0]
67 __method_precondition_m5_walk_everyone_split[place3,guy2,girl2,couple2]
68 walk_together[tent1,place4,guy2,place3,girl2,couple2]
69 __method_precondition_m5_walk_everyone_split[place3,guy3,girl3,couple3]
70 walk_together[tent1,place4,guy3,place3,girl3,couple3]
71 __method_precondition_m5_walk_everyone_split[place3,guy1,girl1,couple1]
72 walk_together[tent1,place4,guy1,place3,girl1,couple1]
73 nop[]
74 put_down[girl3,place4,tent1]
75 drive_passenger[guy3,place4,place3,car3,girl3]
76 drive[guy3,place3,place4,car3]
77 drive[girl3,place3,place4,car1]
78 __method_precondition_m3_trip_to2[couple3,place4,place5,guy3,car3,girl3,car1,tent1]
79 drive_tent[guy3,place4,place5,car3,tent1]
80 drive[girl3,place4,place5,car1]
81 put_up[guy3,place5,tent1]
82 drive_passenger[girl3,place5,place4,car1,guy3]
83 __method_precondition_m5_walk_everyone_split[place4,guy1,girl1,couple1]
84 walk_together[tent1,place5,guy1,place4,girl1,couple1]
85 __method_precondition_m5_walk_everyone_split[place4,guy2,girl2,couple2]
86 walk_together[tent1,place5,guy2,place4,girl2,couple2]
87 __method_precondition_m5_walk_everyone_split[place4,guy3,girl3,couple3]
88 walk_together[tent1,place5,guy3,place4,girl3,couple3]
89 __method_precondition_m5_walk_everyone_split[place4,guy0,girl0,couple0]
90 walk_together[tent1,place5,guy0,place4,girl0,couple0]
91 nop[]
92 put_down[girl3,place5,tent1]
93 drive_passenger[guy3,place5,place4,car3,girl3]
94 drive[guy3,place4,place5,car3]
95 drive[girl3,place4,place5,car1]
96 __method_precondition_m3_trip_to2[couple3,place5,place6,guy3,car1,girl3,car3,tent1]
97 drive_tent[guy3,place5,place6,car1,tent1]
98 drive[girl3,place5,place6,car3]
99 put_up[guy3,place6,tent1]
100 drive_passenger[girl3,place6,place5,car3,guy3]
101 __method_precondition_m5_walk_everyone_split[place5,guy2,girl2,couple2]
102 walk_together[tent1,place6,guy2,place5,girl2,couple2]
103 __method_precondition_m5_walk_everyone_split[place5,guy3,girl3,couple3]
104 walk_together[tent1,place6,guy3,place5,girl3,couple3]
105 __method_precondition_m5_walk_everyone_split[place5,guy0,girl0,couple0]
106 walk_together[tent1,place6,guy0,place5,girl0,couple0]
107 __method_precondition_m5_walk_everyone_split[place5,guy1,girl1,couple1]
108 walk_together[tent1,place6,guy1,place5,girl1,couple1]
109 nop[]
110 put_down[girl3,place6,tent1]
111 drive_passenger[guy3,place6,place5,car1,girl3]
112 drive[guy3,place5,place6,car1]
113 drive[girl3,place5,place6,car3]
root 114
114 __top[] -> <__top_method;everyone_go_hiking[place6];m14_everyone_go_hiking;0;-1> 115
115 m14_everyone_go_hiking_splitted_11[place6] -> <_splitting_method_m14_everyone_go_hiking_splitted_11;trip_to1[couple3,place6];m0_trip_to1;1;0,-1> 116 120
116 m14_everyone_go_hiking_splitted_8[couple3] -> <<_splitting_method_m14_everyone_go_hiking_splitted_8;prepare_trip[place0];m6_prepare_trip;1;0,-1,-2>;m14_everyone_go_hiking_splitted_4[place0,couple3];_splitting_method_m14_everyone_go_hiking_splitted_4;0;-1,1,2> 0 117 118
117 bring_tent[place0] -> m10_bring_tent 1 2
118 bring_cars[place0] -> m11_bring_cars 119 4
119 m11_bring_cars_splitted_1[place0] -> _splitting_method_m11_bring_cars_splitted_1 3
120 m0_trip_to1_splitted_10[couple3,place6] -> <<_splitting_method_m0_trip_to1_splitted_10;trip_to2[couple3,place0,place6];<m2_trip_to2;trip_to2[couple3,place1,place6];<m2_trip_to2;trip_to2[couple3,place2,place6];<m2_trip_to2;trip_to2[couple3,place3,place6];<m2_trip_to2;trip_to2[couple3,place4,place6];m2_trip_to2;1;0,-1,-2>;1;0,-1,-2,-3>;1;0,-1,-2,-3,-4>;1;0,-1,-2,-3,-4,-5>;1;0,-1,-2,-3,-4,-5,-6>;m0_trip_to1_splitted_6[couple3,place0];_splitting_method_m0_trip_to1_splitted_6;0;-1,1,2,3,4,5,6> 5 121 131 141 151 161 171
121 trip_to2[couple3,place0,place1] -> m3_trip_to2 6 7 8 9 10 122 20 21 22 23
122 walk_everyone[tent1,place1,place0] -> m5_walk_everyone 123 124
123 m5_walk_everyone_splitted_7[tent1,place1,place0] -> _splitting_method_m5_walk_everyone_splitted_7 11 12
124 walk_everyone[tent1,place1,place0] -> m5_walk_everyone 125 126
125 m5_walk_everyone_splitted_7[tent1,place1,place0] -> _splitting_method_m5_walk_everyone_splitted_7 13 14
126 walk_everyone[tent1,place1,place0] -> m5_walk_everyone 127 128
127 m5_walk_everyone_splitted_7[tent1,place1,place0] -> _splitting_method_m5_walk_everyone_splitted_7 15 16
128 walk_everyone[tent1,place1,place0] -> m5_walk_everyone 129 130
129 m5_walk_everyone_splitted_7[tent1,place1,place0] -> _splitting_method_m5_walk_everyone_splitted_7 17 18
130 walk_everyone[tent1,place1,place0] -> m4_walk_everyone 19
131 trip_to2[couple3,place1,place2] -> m3_trip_to2 24 25 26 27 28 132 38 39 40 41
132 walk_everyone[tent1,place2,place1] -> m5_walk_everyone 133 134
133 m5_walk_everyone_splitted_7[tent1,place2,place1] -> _splitting_method_m5_walk_everyone_splitted_7 29 30
134 walk_everyone[tent1,place2,place1] -> m5_walk_everyone 135 136
135 m5_walk_everyone_splitted_7[tent1,place2,place1] -> _splitting_method_m5_walk_everyone_splitted_7 31 32
136 walk_everyone[tent1,place2,place1] -> m5_walk_everyone 137 138
137 m5_walk_everyone_splitted_7[tent1,place2,place1] -> _splitting_method_m5_walk_everyone_splitted_7 33 34
138 walk_everyone[tent1,place2,place1] -> m5_walk_everyone 139 140
139 m5_walk_everyone_splitted_7[tent1,place2,place1] -> _splitting_method_m5_walk_everyone_splitted_7 35 36
140 walk_everyone[tent1,place2,place1] -> m4_walk_everyone 37
141 trip_to2[couple3,place2,place3] -> m3_trip_to2 42 43 44 45 46 142 56 57 58 59
142 walk_everyone[tent1,place3,place2] -> m5_walk_everyone 143 144
143 m5_walk_everyone_splitted_7[tent1,place3,place2] -> _splitting_method_m5_walk_everyone_splitted_7 47 48
144 walk_everyone[tent1,place3,place2] -> m5_walk_everyone 145 146
145 m5_walk_everyone_splitted_7[tent1,place3,place2] -> _splitting_method_m5_walk_everyone_splitted_7 49 50
146 walk_everyone[tent1,place3,place2] -> m5_walk_everyone 147 148
147 m5_walk_everyone_splitted_7[tent1,place3,place2] -> _splitting_method_m5_walk_everyone_splitted_7 51 52
148 walk_everyone[tent1,place3,place2] -> m5_walk_everyone 149 150
149 m5_walk_everyone_splitted_7[tent1,place3,place2] -> _splitting_method_m5_walk_everyone_splitted_7 53 54
150 walk_everyone[tent1,place3,place2] -> m4_walk_everyone 55
151 trip_to2[couple3,place3,place4] -> m3_trip_to2 60 61 62 63 64 152 74 75 76 77
152 walk_everyone[tent1,place4,place3] -> m5_walk_everyone 153 154
153 m5_walk_everyone_splitted_7[tent1,place4,place3] -> _splitting_method_m5_walk_everyone_splitted_7 65 66
154 walk_everyone[tent1,place4,place3] -> m5_walk_everyone 155 156
155 m5_walk_everyone_splitted_7[tent1,place4,place3] -> _splitting_method_m5_walk_everyone_splitted_7 67 68
156 walk_everyone[tent1,place4,place3] -> m5_walk_everyone 157 158
157 m5_walk_everyone_splitted_7[tent1,place4,place3] -> _splitting_method_m5_walk_everyone_splitted_7 69 70
158 walk_everyone[tent1,place4,place3] -> m5_walk_everyone 159 160
159 m5_walk_everyone_splitted_7[tent1,place4,place3] -> _splitting_method_m5_walk_everyone_splitted_7 71 72
160 walk_everyone[tent1,place4,place3] -> m4_walk_everyone 73
161 trip_to2[couple3,place4,place5] -> m3_trip_to2 78 79 80 81 82 162 92 93 94 95
162 walk_everyone[tent1,place5,place4] -> m5_walk_everyone 163 164
163 m5_walk_everyone_splitted_7[tent1,place5,place4] -> _splitting_method_m5_walk_everyone_splitted_7 83 84
164 walk_everyone[tent1,place5,place4] -> m5_walk_everyone 165 166
165 m5_walk_everyone_splitted_7[tent1,place5,place4] -> _splitting_method_m5_walk_everyone_splitted_7 85 86
166 walk_everyone[tent1,place5,place4] -> m5_walk_everyone 167 168
167 m5_walk_everyone_splitted_7[tent1,place5,place4] -> _splitting_method_m5_walk_everyone_splitted_7 87 88
168 walk_everyone[tent1,place5,place4] -> m5_walk_everyone 169 170
169 m5_walk_everyone_splitted_7[tent1,place5,place4] -> _splitting_method_m5_walk_everyone_splitted_7 89 90
170 walk_everyone[tent1,place5,place4] -> m4_walk_everyone 91
171 trip_to2[couple3,place5,place6] -> m3_trip_to2 96 97 98 99 100 172 110 111 112 113
172 walk_everyone[tent1,place6,place5] -> m5_walk_everyone 173 174
173 m5_walk_everyone_splitted_7[tent1,place6,place5] -> _splitting_method_m5_walk_everyone_splitted_7 101 102
174 walk_everyone[tent1,place6,place5] -> m5_walk_everyone 175 176
175 m5_walk_everyone_splitted_7[tent1,place6,place5] -> _splitting_method_m5_walk_everyone_splitted_7 103 104
176 walk_everyone[tent1,place6,place5] -> m5_walk_everyone 177 178
177 m5_walk_everyone_splitted_7[tent1,place6,place5] -> _splitting_method_m5_walk_everyone_splitted_7 105 106
178 walk_everyone[tent1,place6,place5] -> m5_walk_everyone 179 180
179 m5_walk_everyone_splitted_7[tent1,place6,place5] -> _splitting_method_m5_walk_everyone_splitted_7 107 108
180 walk_everyone[tent1,place6,place5] -> m4_walk_everyone 109
<==

RUNWATCH_RESULT EXIT RETVAL 0 TIME_SECS 3.10059 MEMPEAK_KBS 3860
