    _           _         _
   \ |         \ |       | |                       
   | |     __  | |      _| |______                
   | |     \/  | |     /_   ______\                
   | |      _  | |   __  | |  ___   ___   ___       
   | |___  | | | |  / .\ | | / , | |   \ / ·_\    
   \_____\ |_| |__\ \__/ |_| \___) |_|_| \___\  
[39mL i l o t a n e  version rls-glucose4
by Dominik Schreiber <dominik.schreiber@kit.edu> 2020-2021
using SAT solver glucose4

0.010 Parser finished.
0.011 Structures extracted.
0.011 20 operators and 16 methods created.
0.036 Mined 11 new reduction preconditions (+12.2%).
0.036 Iteration 0.
0.036 Creating initial layer of size 2
0.060 Attempting to solve formula with 135 clauses (201 literals) and 1 assumptions
0.060 Unsolvable at layer 0 -- expanding.
0.060 Iteration 1.
0.060 New layer size: 3
0.060 Instantiating ...
0.139 Collected 3840 relevant facts at this layer
0.139 Encoding ...
0.163 Attempting to solve formula with 19547 clauses (53894 literals) and 2 assumptions
0.164 Unsolvable at layer 1 -- expanding.
0.164 Iteration 2.
0.164 New layer size: 5
0.164 Instantiating ...
0.339 Collected 3911 relevant facts at this layer
0.339 Encoding ...
0.391 Attempting to solve formula with 65366 clauses (208545 literals) and 2 assumptions
0.391 Unsolvable at layer 2 -- expanding.
0.391 Iteration 3.
0.391 New layer size: 11
0.391 Instantiating ...
0.704 Collected 3962 relevant facts at this layer
0.704 Encoding ...
0.859 Attempting to solve formula with 189779 clauses (628406 literals) and 4 assumptions
0.865 Unsolvable at layer 3 -- expanding.
0.865 Iteration 4.
0.865 New layer size: 19
0.865 Instantiating ...
1.423 Collected 3962 relevant facts at this layer
1.423 Encoding ...
1.701 Attempting to solve formula with 397239 clauses (1334375 literals) and 6 assumptions
1.729 Unsolvable at layer 4 -- expanding.
1.729 Iteration 5.
1.729 New layer size: 33
1.729 Instantiating ...
2.728 Collected 3962 relevant facts at this layer
2.728 Encoding ...
3.264 Attempting to solve formula with 756570 clauses (2562310 literals) and 10 assumptions
3.340 Unsolvable at layer 5 -- expanding.
3.340 Iteration 6.
3.340 New layer size: 55
3.340 Instantiating ...
4.985 Collected 3962 relevant facts at this layer
4.985 Encoding ...
5.843 Attempting to solve formula with 1348412 clauses (4589201 literals) and 16 assumptions
6.115 Unsolvable at layer 6 -- expanding.
6.115 Iteration 7.
6.115 New layer size: 91
6.115 Instantiating ...
8.931 Collected 3962 relevant facts at this layer
8.931 Encoding ...
10.512 Attempting to solve formula with 2324574 clauses (7936583 literals) and 26 assumptions
10.893 Unsolvable at layer 7 -- expanding.
10.893 Iteration 8.
10.893 New layer size: 149
10.893 Instantiating ...
15.444 Collected 3962 relevant facts at this layer
15.444 Encoding ...
18.019 Attempting to solve formula with 3917566 clauses (13403409 literals) and 42 assumptions
18.571 Unsolvable at layer 8 -- expanding.
18.571 Iteration 9.
18.572 New layer size: 243
18.572 Instantiating ...
26.093 Collected 3962 relevant facts at this layer
26.093 Encoding ...
30.397 Attempting to solve formula with 6511708 clauses (22310170 literals) and 68 assumptions
31.113 Unsolvable at layer 9 -- expanding.
31.113 Iteration 10.
31.113 New layer size: 395
31.113 Instantiating ...
43.533 Collected 3962 relevant facts at this layer
43.533 Encoding ...
50.317 Attempting to solve formula with 10723830 clauses (36776310 literals) and 110 assumptions
51.673 Unsolvable at layer 10 -- expanding.
51.673 Iteration 11.
51.674 New layer size: 641
51.674 Instantiating ...
72.160 Collected 3962 relevant facts at this layer
72.160 Encoding ...
83.795 Attempting to solve formula with 17555082 clauses (60241764 literals) and 178 assumptions
88.626 Unsolvable at layer 11 -- expanding.
88.626 Iteration 12.
88.626 New layer size: 1039
88.626 Instantiating ...
122.635 Collected 3962 relevant facts at this layer
122.635 Encoding ...
140.848 Attempting to solve formula with 28623444 clauses (98265911 literals) and 288 assumptions
147.242 Unsolvable at layer 12 -- expanding.
147.242 Iteration 13.
147.243 New layer size: 1683
147.243 Instantiating ...
201.995 Collected 3962 relevant facts at this layer
201.995 Encoding ...
233.140 Attempting to solve formula with 46548046 clauses (159848065 literals) and 466 assumptions
257.131 Unsolvable at layer 13 -- expanding.
257.131 Iteration 14.
257.132 New layer size: 2725
257.132 Instantiating ...
310.048 Termination signal caught.
310.048 Total amount of clauses encoded: 46548046
310.049 - directframeaxioms : 18872840 cls
310.049 - qfactsemantics : 12354810 cls
310.049 - indirectframeaxioms : 9459197 cls
310.049 - reductionconstraints : 4978212 cls
310.049 - actionconstraints : 328055 cls
310.049 - qconstequality : 218832 cls
310.049 - substitutionconstraints : 178427 cls
310.049 - atmostoneelement : 81037 cls
310.049 - expansions : 31318 cls
310.049 - predecessors : 26413 cls
310.049 - actioneffects : 14941 cls
310.049 - truefacts : 3962 cls
310.049 - axiomaticops : 2 cls
310.049 # instantiated positions: 5991
310.049 # instantiated actions: 24856
310.049 # instantiated reductions: 11414
310.049 # introduced pseudo-constants: 4898
310.049 # retroactive prunings: 0
310.049 # retroactively pruned operations: 0
310.049 # dominated operations: 2
310.049 Exiting happily.

RUNWATCH_RESULT MEMOUT RETVAL 0 TIME_SECS 310.915 MEMPEAK_KBS 16128848
