    _           _         _
   \ |         \ |       | |                       
   | |     __  | |      _| |______                
   | |     \/  | |     /_   ______\                
   | |      _  | |   __  | |  ___   ___   ___       
   | |___  | | | |  / .\ | | / , | |   \ / ·_\    
   \_____\ |_| |__\ \__/ |_| \___) |_|_| \___\  
[39mL i l o t a n e  version rls-glucose4
by Dominik Schreiber <dominik.schreiber@kit.edu> 2020-2021
using SAT solver glucose4

0.005 Parser finished.
0.006 Structures extracted.
0.006 27 operators and 21 methods created.
0.009 Mined 7 new reduction preconditions (+11.5%).
0.009 Iteration 0.
0.009 Creating initial layer of size 2
0.010 Attempting to solve formula with 9 clauses (12 literals) and 1 assumptions
0.010 Unsolvable at layer 0 -- expanding.
0.010 Iteration 1.
0.010 New layer size: 2
0.010 Instantiating ...
0.011 Collected 3 relevant facts at this layer
0.011 Encoding ...
0.012 Attempting to solve formula with 63 clauses (148 literals) and 1 assumptions
0.012 Unsolvable at layer 1 -- expanding.
0.012 Iteration 2.
0.012 New layer size: 3
0.012 Instantiating ...
0.013 Collected 9 relevant facts at this layer
0.013 Encoding ...
0.013 Attempting to solve formula with 130 clauses (307 literals) and 2 assumptions
0.013 Unsolvable at layer 2 -- expanding.
0.013 Iteration 3.
0.013 New layer size: 4
0.013 Instantiating ...
0.014 Retroactively prune action (__SURROGATE*m7_bring_tent*drive_tent* place0 Q_3,0_person:0_fb9f54bc1ee2c388 Q_3,0_place:0_276c07e1e5d4e25a Q_3,0_car:0_4008a4c4dc32060f Q_3,0_tent:0_f6b0b11085252c10) due to impossible effect !(at_car Q_3,0_car:0_4008a4c4dc32060f Q_3,0_place:0_276c07e1e5d4e25a)
0.014 Collected 11 relevant facts at this layer
0.014 Encoding ...
0.015 Attempting to solve formula with 358 clauses (874 literals) and 3 assumptions
0.015 Unsolvable at layer 3 -- expanding.
0.015 Iteration 4.
0.015 New layer size: 7
0.015 Instantiating ...
0.017 Collected 18 relevant facts at this layer
0.017 Encoding ...
0.018 Attempting to solve formula with 840 clauses (2306 literals) and 3 assumptions
0.018 Unsolvable at layer 4 -- expanding.
0.018 Iteration 5.
0.018 New layer size: 17
0.018 Instantiating ...
0.022 Collected 38 relevant facts at this layer
0.022 Encoding ...
0.024 Attempting to solve formula with 2292 clauses (6465 literals) and 6 assumptions
0.024 Unsolvable at layer 5 -- expanding.
0.024 Iteration 6.
0.024 New layer size: 37
0.024 Instantiating ...
0.034 Collected 54 relevant facts at this layer
0.034 Encoding ...
0.039 Attempting to solve formula with 5708 clauses (16284 literals) and 12 assumptions
0.039 Unsolvable at layer 6 -- expanding.
0.039 Iteration 7.
0.039 New layer size: 77
0.039 Instantiating ...
0.059 Collected 70 relevant facts at this layer
0.059 Encoding ...
0.070 Attempting to solve formula with 13459 clauses (38561 literals) and 24 assumptions
0.070 Unsolvable at layer 7 -- expanding.
0.070 Iteration 8.
0.071 New layer size: 157
0.071 Instantiating ...
0.111 Collected 86 relevant facts at this layer
0.111 Encoding ...
0.135 Attempting to solve formula with 30617 clauses (87828 literals) and 48 assumptions
0.136 Unsolvable at layer 8 -- expanding.
0.136 Iteration 9.
0.136 New layer size: 317
0.136 Instantiating ...
0.215 Collected 115 relevant facts at this layer
0.215 Encoding ...
0.272 Attempting to solve formula with 69696 clauses (200059 literals) and 96 assumptions
0.275 Unsolvable at layer 9 -- expanding.
0.275 Iteration 10.
0.275 New layer size: 644
0.275 Instantiating ...
0.435 Collected 134 relevant facts at this layer
0.435 Encoding ...
0.560 Attempting to solve formula with 156255 clauses (447709 literals) and 192 assumptions
0.566 Unsolvable at layer 10 -- expanding.
0.566 Iteration 11.
0.566 New layer size: 1284
0.566 Instantiating ...
0.721 Retroactively prune reduction (m2_trip_to2 Q_1,0_couple:0_27ca04ed8b064588 place6 place1 place7)@(10,316): no children at offset 1
0.811 Retroactively prune reduction (m2_trip_to2 Q_1,0_couple:0_27ca04ed8b064588 place6 place2 place7)@(10,476): no children at offset 1
0.855 Retroactively prune reduction (m2_trip_to2 Q_1,0_couple:0_27ca04ed8b064588 place6 place3 place7)@(10,556): no children at offset 1
0.876 Retroactively prune reduction (m2_trip_to2 Q_1,0_couple:0_27ca04ed8b064588 place6 place4 place7)@(10,596): no children at offset 1
0.886 Retroactively prune reduction (m2_trip_to2 Q_1,0_couple:0_27ca04ed8b064588 place6 place5 place7)@(10,616): no children at offset 1
0.891 Retroactively prune reduction (m2_trip_to2 Q_1,0_couple:0_27ca04ed8b064588 place6 place6 place7)@(10,626): no children at offset 1
0.896 Collected 134 relevant facts at this layer
0.896 Encoding ...
1.119 Attempting to solve formula with 307422 clauses (835378 literals) and 199 assumptions
1.135 Unsolvable at layer 11 -- expanding.
1.135 Iteration 12.
1.135 New layer size: 2549
1.135 Instantiating ...
1.271 Retroactively prune reduction (m2_trip_to2 Q_1,0_couple:0_27ca04ed8b064588 place6 place1 place7)@(11,317): no children at offset 1
1.364 Retroactively prune reduction (m2_trip_to2 Q_1,0_couple:0_27ca04ed8b064588 place6 place2 place7)@(11,797): no children at offset 1
1.412 Retroactively prune reduction (m2_trip_to2 Q_1,0_couple:0_27ca04ed8b064588 place6 place3 place7)@(11,1037): no children at offset 1
1.436 Retroactively prune reduction (m2_trip_to2 Q_1,0_couple:0_27ca04ed8b064588 place6 place4 place7)@(11,1157): no children at offset 1
1.448 Retroactively prune reduction (m2_trip_to2 Q_1,0_couple:0_27ca04ed8b064588 place6 place5 place7)@(11,1217): no children at offset 1
1.455 Retroactively prune reduction (m2_trip_to2 Q_1,0_couple:0_27ca04ed8b064588 place6 place6 place7)@(11,1247): no children at offset 1
1.465 Collected 134 relevant facts at this layer
1.465 Encoding ...
1.767 Attempting to solve formula with 462659 clauses (1233472 literals) and 206 assumptions
1.781 Unsolvable at layer 12 -- expanding.
1.781 Iteration 13.
1.782 New layer size: 3821
1.782 Instantiating ...
1.931 Retroactively prune reduction (m2_trip_to2 Q_1,0_couple:0_27ca04ed8b064588 place6 place1 place7)@(12,318): no children at offset 1
2.049 Retroactively prune reduction (m2_trip_to2 Q_1,0_couple:0_27ca04ed8b064588 place6 place2 place7)@(12,1437): no children at offset 1
2.105 Retroactively prune reduction (m2_trip_to2 Q_1,0_couple:0_27ca04ed8b064588 place6 place3 place7)@(12,1996): no children at offset 1
2.134 Retroactively prune reduction (m2_trip_to2 Q_1,0_couple:0_27ca04ed8b064588 place6 place4 place7)@(12,2275): no children at offset 1
2.150 Retroactively prune reduction (m2_trip_to2 Q_1,0_couple:0_27ca04ed8b064588 place6 place5 place7)@(12,2414): no children at offset 1
2.159 Retroactively prune reduction (m2_trip_to2 Q_1,0_couple:0_27ca04ed8b064588 place6 place6 place7)@(12,2483): no children at offset 1
2.171 Collected 134 relevant facts at this layer
2.171 Encoding ...
2.648 Attempting to solve formula with 622912 clauses (1643523 literals) and 213 assumptions
c last restart ## conflicts  :  240 44771 
3.054 Found a solution at layer 13.
==>
138425 put_down girl1 place0 tent0
138431 nop
138519 drive_tent guy0 place0 place1 car3 tent0
161354 drive girl0 place0 place1 car1
162624 put_up guy0 place1 tent0
162627 drive_passenger girl0 place1 place0 car1 guy0
162630 walk_together tent0 place1 guy0 place0 girl0 couple0
162634 walk_together tent0 place1 guy1 place0 girl1 couple1
162640 walk_together tent0 place1 guy2 place0 girl2 couple2
162642 nop
162707 put_down girl0 place1 tent0
162710 drive_passenger guy0 place1 place0 car3 girl0
162712 drive guy0 place0 place1 car3
162716 drive girl0 place0 place1 car1
162719 nop
164069 drive_tent guy0 place1 place2 car3 tent0
165532 drive girl0 place1 place2 car1
166912 put_up guy0 place2 tent0
166915 drive_passenger girl0 place2 place1 car1 guy0
166919 walk_together tent0 place2 guy0 place1 girl0 couple0
166922 walk_together tent0 place2 guy1 place1 girl1 couple1
166927 walk_together tent0 place2 guy2 place1 girl2 couple2
166930 nop
166978 put_down girl0 place2 tent0
166981 drive_passenger guy0 place2 place1 car3 girl0
166984 drive guy0 place1 place2 car3
166987 drive girl0 place1 place2 car1
166990 nop
169914 nop
175496 nop
176219 nop
176927 drive_tent guy0 place2 place3 car1 tent0
183051 drive girl0 place2 place3 car3
183345 put_up guy0 place3 tent0
183348 drive_passenger girl0 place3 place2 car3 guy0
183351 walk_together tent0 place3 guy0 place2 girl0 couple0
183355 walk_together tent0 place3 guy2 place2 girl2 couple2
183359 walk_together tent0 place3 guy1 place2 girl1 couple1
183365 nop
183423 put_down girl0 place3 tent0
183426 drive_passenger guy0 place3 place2 car1 girl0
183429 drive guy0 place2 place3 car1
183432 drive girl0 place2 place3 car3
183436 drive_tent guy0 place3 place4 car3 tent0
186303 drive girl0 place3 place4 car1
186462 put_up guy0 place4 tent0
186464 drive_passenger girl0 place4 place3 car1 guy0
186467 walk_together tent0 place4 guy1 place3 girl1 couple1
186472 walk_together tent0 place4 guy2 place3 girl2 couple2
186477 walk_together tent0 place4 guy0 place3 girl0 couple0
186479 nop
186531 put_down girl0 place4 tent0
186534 drive_passenger guy0 place4 place3 car3 girl0
186538 drive guy0 place3 place4 car3
186540 drive girl0 place3 place4 car1
186544 nop
186766 drive_tent guy0 place4 place5 car1 tent0
188206 drive girl0 place4 place5 car3
188286 put_up guy0 place5 tent0
188289 drive_passenger girl0 place5 place4 car3 guy0
188293 walk_together tent0 place5 guy1 place4 girl1 couple1
188297 walk_together tent0 place5 guy0 place4 girl0 couple0
188301 walk_together tent0 place5 guy2 place4 girl2 couple2
188304 nop
188352 put_down girl0 place5 tent0
188355 drive_passenger guy0 place5 place4 car1 girl0
188359 drive guy0 place4 place5 car1
188361 drive girl0 place4 place5 car3
188365 nop
188507 drive_tent guy0 place5 place6 car1 tent0
189346 drive girl0 place5 place6 car3
189367 put_up guy0 place6 tent0
189370 drive_passenger girl0 place6 place5 car3 guy0
189373 walk_together tent0 place6 guy1 place5 girl1 couple1
189378 walk_together tent0 place6 guy2 place5 girl2 couple2
189381 walk_together tent0 place6 guy0 place5 girl0 couple0
189386 nop
189433 put_down girl0 place6 tent0
189436 drive_passenger guy0 place6 place5 car1 girl0
189439 drive guy0 place5 place6 car1
189442 drive girl0 place5 place6 car3
189448 drive_tent guy0 place6 place7 car1 tent0
189968 drive girl0 place6 place7 car3
189970 put_up guy0 place7 tent0
189973 drive_passenger girl0 place7 place6 car3 guy0
189976 walk_together tent0 place7 guy0 place6 girl0 couple0
189980 walk_together tent0 place7 guy1 place6 girl1 couple1
189984 walk_together tent0 place7 guy2 place6 girl2 couple2
189988 nop
190036 put_down girl0 place7 tent0
190039 drive_passenger guy0 place7 place6 car1 girl0
190042 drive guy0 place6 place7 car1
190045 drive girl0 place6 place7 car3
root 11
11 everyone_go_hiking place7 -> m14_everyone_go_hiking 30 38
30 prepare_trip place0 -> m6_prepare_trip 138424 138430
38 trip_to1 couple0 place7 -> m0_trip_to1 124
124 trip_to2 couple0 place0 place7 -> m2_trip_to2 210 246
210 trip_to2 couple0 place0 place1 -> m2_trip_to2 355 162718
246 trip_to2 couple0 place1 place7 -> m2_trip_to2 636 682
355 trip_to2 couple0 place0 place1 -> m3_trip_to2 138519 161354 162624 162627 1000 162707 162710 162712 162716
636 trip_to2 couple0 place1 place2 -> m2_trip_to2 1327 176218
682 trip_to2 couple0 place2 place7 -> m2_trip_to2 1642 1687
1000 walk_everyone tent0 place1 place0 -> m5_walk_everyone 162630 2336
1327 trip_to2 couple0 place1 place2 -> m2_trip_to2 2949 175495
1642 trip_to2 couple0 place2 place3 -> m3_trip_to2 176927 183051 183345 183348 3707 183423 183426 183429 183432
1687 trip_to2 couple0 place3 place7 -> m2_trip_to2 3847 3892
2336 walk_everyone tent0 place1 place0 -> m5_walk_everyone 162634 5212
2949 trip_to2 couple0 place1 place2 -> m2_trip_to2 6477 169913
3707 walk_everyone tent0 place3 place2 -> m5_walk_everyone 183351 8213
3847 trip_to2 couple0 place3 place4 -> m2_trip_to2 8275 186543
3892 trip_to2 couple0 place4 place7 -> m2_trip_to2 8654 8699
5212 walk_everyone tent0 place1 place0 -> m5_walk_everyone 162640 162641
6477 trip_to2 couple0 place1 place2 -> m2_trip_to2 14531 166989
8213 walk_everyone tent0 place3 place2 -> m5_walk_everyone 183355 18674
8275 trip_to2 couple0 place3 place4 -> m3_trip_to2 183436 186303 186462 186464 19032 186531 186534 186538 186540
8654 trip_to2 couple0 place4 place5 -> m2_trip_to2 19434 188364
8699 trip_to2 couple0 place5 place7 -> m2_trip_to2 19869 19915
14531 trip_to2 couple0 place1 place2 -> m3_trip_to2 164069 165532 166912 166915 32525 166978 166981 166984 166987
18674 walk_everyone tent0 place3 place2 -> m5_walk_everyone 183359 183364
19032 walk_everyone tent0 place4 place3 -> m5_walk_everyone 186467 41860
19434 trip_to2 couple0 place4 place5 -> m3_trip_to2 186766 188206 188286 188289 43004 188352 188355 188359 188361
19869 trip_to2 couple0 place5 place6 -> m3_trip_to2 188507 189346 189367 189370 43749 189433 189436 189439 189442
19915 trip_to2 couple0 place6 place7 -> m3_trip_to2 189448 189968 189970 189973 44115 190036 190039 190042 190045
32525 walk_everyone tent0 place2 place1 -> m5_walk_everyone 166919 67862
41860 walk_everyone tent0 place4 place3 -> m5_walk_everyone 186472 85734
43004 walk_everyone tent0 place5 place4 -> m5_walk_everyone 188293 87868
43749 walk_everyone tent0 place6 place5 -> m5_walk_everyone 189373 89300
44115 walk_everyone tent0 place7 place6 -> m5_walk_everyone 189976 89741
67862 walk_everyone tent0 place2 place1 -> m5_walk_everyone 166922 115492
85734 walk_everyone tent0 place4 place3 -> m5_walk_everyone 186477 186478
87868 walk_everyone tent0 place5 place4 -> m5_walk_everyone 188297 136848
89300 walk_everyone tent0 place6 place5 -> m5_walk_everyone 189378 137844
89741 walk_everyone tent0 place7 place6 -> m5_walk_everyone 189980 138364
115492 walk_everyone tent0 place2 place1 -> m5_walk_everyone 166927 166929
136848 walk_everyone tent0 place5 place4 -> m5_walk_everyone 188301 188303
137844 walk_everyone tent0 place6 place5 -> m5_walk_everyone 189381 189385
138364 walk_everyone tent0 place7 place6 -> m5_walk_everyone 189984 189987
138424 bring_tent place0 -> m10_bring_tent 138425
138430 bring_cars place0 -> m11_bring_cars 138431
162641 walk_everyone tent0 place1 place0 -> m4_walk_everyone 162642
162718 trip_to2 couple0 place1 place1 -> m1_trip_to2 162719
166929 walk_everyone tent0 place2 place1 -> m4_walk_everyone 166930
166989 trip_to2 couple0 place2 place2 -> m1_trip_to2 166990
169913 trip_to2 couple0 place2 place2 -> m1_trip_to2 169914
175495 trip_to2 couple0 place2 place2 -> m1_trip_to2 175496
176218 trip_to2 couple0 place2 place2 -> m1_trip_to2 176219
183364 walk_everyone tent0 place3 place2 -> m4_walk_everyone 183365
186478 walk_everyone tent0 place4 place3 -> m4_walk_everyone 186479
186543 trip_to2 couple0 place4 place4 -> m1_trip_to2 186544
188303 walk_everyone tent0 place5 place4 -> m4_walk_everyone 188304
188364 trip_to2 couple0 place5 place5 -> m1_trip_to2 188365
189385 walk_everyone tent0 place6 place5 -> m4_walk_everyone 189386
189987 walk_everyone tent0 place7 place6 -> m4_walk_everyone 189988
<==
3.140 End of solution plan. (counted length of 93)
3.140 Total amount of clauses encoded: 622912
3.140 - directframeaxioms : 389854 cls
3.140 - qfactsemantics : 80912 cls
3.140 - indirectframeaxioms : 34869 cls
3.140 - reductionconstraints : 34512 cls
3.140 - expansions : 16679 cls
3.140 - substitutionconstraints : 15522 cls
3.140 - qconstequality : 12780 cls
3.140 - predecessors : 12539 cls
3.140 - atmostoneelement : 9284 cls
3.140 - actionconstraints : 7032 cls
3.140 - actioneffects : 6744 cls
3.140 - forbiddenoperations : 2049 cls
3.140 - truefacts : 134 cls
3.140 - axiomaticops : 2 cls
3.140 # instantiated positions: 8920
3.140 # instantiated actions: 15331
3.140 # instantiated reductions: 2046
3.140 # introduced pseudo-constants: 4176
3.140 # retroactive prunings: 19
3.140 # retroactively pruned operations: 4732
3.140 # dominated operations: 0
3.140 Exiting happily (no cleaning up).

RUNWATCH_RESULT EXIT RETVAL 0 TIME_SECS 3.17285 MEMPEAK_KBS 299260
