    _           _         _
   \ |         \ |       | |                       
   | |     __  | |      _| |______                
   | |     \/  | |     /_   ______\                
   | |      _  | |   __  | |  ___   ___   ___       
   | |___  | | | |  / .\ | | / , | |   \ / ·_\    
   \_____\ |_| |__\ \__/ |_| \___) |_|_| \___\  
[39mL i l o t a n e  version rls-glucose4
by Dominik Schreiber <dominik.schreiber@kit.edu> 2020-2021
using SAT solver glucose4

0.007 Parser finished.
0.007 Structures extracted.
0.008 27 operators and 21 methods created.
0.011 Mined 7 new reduction preconditions (+11.5%).
0.011 Iteration 0.
0.011 Creating initial layer of size 2
0.013 Attempting to solve formula with 19 clauses (27 literals) and 1 assumptions
0.013 Unsolvable at layer 0 -- expanding.
0.013 Iteration 1.
0.013 New layer size: 2
0.013 Instantiating ...
0.016 Collected 8 relevant facts at this layer
0.016 Encoding ...
0.016 Attempting to solve formula with 328 clauses (728 literals) and 1 assumptions
0.016 Unsolvable at layer 1 -- expanding.
0.016 Iteration 2.
0.016 New layer size: 3
0.016 Instantiating ...
0.019 Collected 24 relevant facts at this layer
0.019 Encoding ...
0.020 Attempting to solve formula with 645 clauses (1437 literals) and 2 assumptions
0.020 Unsolvable at layer 2 -- expanding.
0.020 Iteration 3.
0.020 New layer size: 4
0.020 Instantiating ...
0.021 Retroactively prune action (__SURROGATE*m7_bring_tent*drive_tent* place0 Q_3,0_person:0_ade56bfcff747cbb Q_3,0_place:0_de99247bff3224d3 Q_3,0_car:0_a0ece213715575d7 Q_3,0_tent:0_e78146bd48d82704) due to impossible effect !(at_car Q_3,0_car:0_a0ece213715575d7 Q_3,0_place:0_de99247bff3224d3)
0.022 Collected 32 relevant facts at this layer
0.022 Encoding ...
0.023 Attempting to solve formula with 1574 clauses (3640 literals) and 3 assumptions
0.023 Unsolvable at layer 3 -- expanding.
0.023 Iteration 4.
0.023 New layer size: 7
0.023 Instantiating ...
0.027 Collected 50 relevant facts at this layer
0.027 Encoding ...
0.029 Attempting to solve formula with 3064 clauses (7857 literals) and 3 assumptions
0.029 Unsolvable at layer 4 -- expanding.
0.029 Iteration 5.
0.029 New layer size: 17
0.029 Instantiating ...
0.039 Collected 100 relevant facts at this layer
0.039 Encoding ...
0.043 Attempting to solve formula with 7286 clauses (19578 literals) and 6 assumptions
0.044 Unsolvable at layer 5 -- expanding.
0.044 Iteration 6.
0.044 New layer size: 37
0.044 Instantiating ...
0.064 Collected 142 relevant facts at this layer
0.064 Encoding ...
0.076 Attempting to solve formula with 17063 clauses (46953 literals) and 12 assumptions
0.076 Unsolvable at layer 6 -- expanding.
0.076 Iteration 7.
0.076 New layer size: 77
0.076 Instantiating ...
0.118 Collected 184 relevant facts at this layer
0.118 Encoding ...
0.146 Attempting to solve formula with 38973 clauses (108549 literals) and 24 assumptions
0.148 Unsolvable at layer 7 -- expanding.
0.148 Iteration 8.
0.148 New layer size: 157
0.148 Instantiating ...
0.235 Collected 226 relevant facts at this layer
0.235 Encoding ...
0.297 Attempting to solve formula with 87030 clauses (243893 literals) and 48 assumptions
0.299 Unsolvable at layer 8 -- expanding.
0.299 Iteration 9.
0.299 New layer size: 317
0.299 Instantiating ...
0.473 Collected 268 relevant facts at this layer
0.473 Encoding ...
0.608 Attempting to solve formula with 190944 clauses (536753 literals) and 96 assumptions
0.613 Unsolvable at layer 9 -- expanding.
0.613 Iteration 10.
0.613 New layer size: 637
0.613 Instantiating ...
0.965 Collected 310 relevant facts at this layer
0.965 Encoding ...
1.256 Attempting to solve formula with 413497 clauses (1164078 literals) and 192 assumptions
1.268 Unsolvable at layer 10 -- expanding.
1.268 Iteration 11.
1.269 New layer size: 1277
1.269 Instantiating ...
1.981 Collected 386 relevant facts at this layer
1.981 Encoding ...
2.743 Attempting to solve formula with 904769 clauses (2551578 literals) and 384 assumptions
2.777 Unsolvable at layer 11 -- expanding.
2.777 Iteration 12.
2.777 New layer size: 2564
2.777 Instantiating ...
4.225 Collected 436 relevant facts at this layer
4.225 Encoding ...
5.664 Attempting to solve formula with 1962466 clauses (5532580 literals) and 768 assumptions
5.782 Unsolvable at layer 12 -- expanding.
5.782 Iteration 13.
5.787 New layer size: 5124
5.787 Instantiating ...
7.245 Retroactively prune reduction (m2_trip_to2 Q_1,0_couple:0_be503f8988c91dd1 place8 place1 place9)@(12,1276): no children at offset 1
8.028 Retroactively prune reduction (m2_trip_to2 Q_1,0_couple:0_be503f8988c91dd1 place8 place2 place9)@(12,1916): no children at offset 1
8.412 Retroactively prune reduction (m2_trip_to2 Q_1,0_couple:0_be503f8988c91dd1 place8 place3 place9)@(12,2236): no children at offset 1
8.606 Retroactively prune reduction (m2_trip_to2 Q_1,0_couple:0_be503f8988c91dd1 place8 place4 place9)@(12,2396): no children at offset 1
8.699 Retroactively prune reduction (m2_trip_to2 Q_1,0_couple:0_be503f8988c91dd1 place8 place5 place9)@(12,2476): no children at offset 1
8.744 Retroactively prune reduction (m2_trip_to2 Q_1,0_couple:0_be503f8988c91dd1 place8 place6 place9)@(12,2516): no children at offset 1
8.766 Retroactively prune reduction (m2_trip_to2 Q_1,0_couple:0_be503f8988c91dd1 place8 place7 place9)@(12,2536): no children at offset 1
8.776 Retroactively prune reduction (m2_trip_to2 Q_1,0_couple:0_be503f8988c91dd1 place8 place8 place9)@(12,2546): no children at offset 1
8.794 Collected 436 relevant facts at this layer
8.794 Encoding ...
11.556 Attempting to solve formula with 3792078 clauses (10163708 literals) and 777 assumptions
11.750 Unsolvable at layer 13 -- expanding.
11.750 Iteration 14.
11.759 New layer size: 10227
11.759 Instantiating ...
13.220 Retroactively prune reduction (m2_trip_to2 Q_1,0_couple:0_be503f8988c91dd1 place8 place1 place9)@(13,1277): no children at offset 1
ROBIN_HOOD OVERFLOW
14.008 Retroactively prune reduction (m2_trip_to2 Q_1,0_couple:0_be503f8988c91dd1 place8 place2 place9)@(13,3197): no children at offset 1
ROBIN_HOOD OVERFLOW
14.415 Retroactively prune reduction (m2_trip_to2 Q_1,0_couple:0_be503f8988c91dd1 place8 place3 place9)@(13,4157): no children at offset 1
14.617 Retroactively prune reduction (m2_trip_to2 Q_1,0_couple:0_be503f8988c91dd1 place8 place4 place9)@(13,4637): no children at offset 1
14.718 Retroactively prune reduction (m2_trip_to2 Q_1,0_couple:0_be503f8988c91dd1 place8 place5 place9)@(13,4877): no children at offset 1
14.770 Retroactively prune reduction (m2_trip_to2 Q_1,0_couple:0_be503f8988c91dd1 place8 place6 place9)@(13,4997): no children at offset 1
14.796 Retroactively prune reduction (m2_trip_to2 Q_1,0_couple:0_be503f8988c91dd1 place8 place7 place9)@(13,5057): no children at offset 1
14.811 Retroactively prune reduction (m2_trip_to2 Q_1,0_couple:0_be503f8988c91dd1 place8 place8 place9)@(13,5087): no children at offset 1
14.827 Collected 436 relevant facts at this layer
14.827 Encoding ...
18.955 Attempting to solve formula with 5636488 clauses (14832169 literals) and 786 assumptions
19.177 Unsolvable at layer 14 -- expanding.
19.177 Iteration 15.
19.191 New layer size: 15339
19.191 Instantiating ...
20.665 Retroactively prune reduction (m2_trip_to2 Q_1,0_couple:0_be503f8988c91dd1 place8 place1 place9)@(14,1278): no children at offset 1
21.467 Retroactively prune reduction (m2_trip_to2 Q_1,0_couple:0_be503f8988c91dd1 place8 place2 place9)@(14,5757): no children at offset 1
21.887 Retroactively prune reduction (m2_trip_to2 Q_1,0_couple:0_be503f8988c91dd1 place8 place3 place9)@(14,7996): no children at offset 1
22.095 Retroactively prune reduction (m2_trip_to2 Q_1,0_couple:0_be503f8988c91dd1 place8 place4 place9)@(14,9115): no children at offset 1
22.203 Retroactively prune reduction (m2_trip_to2 Q_1,0_couple:0_be503f8988c91dd1 place8 place5 place9)@(14,9674): no children at offset 1
22.260 Retroactively prune reduction (m2_trip_to2 Q_1,0_couple:0_be503f8988c91dd1 place8 place6 place9)@(14,9953): no children at offset 1
22.291 Retroactively prune reduction (m2_trip_to2 Q_1,0_couple:0_be503f8988c91dd1 place8 place7 place9)@(14,10092): no children at offset 1
22.309 Retroactively prune reduction (m2_trip_to2 Q_1,0_couple:0_be503f8988c91dd1 place8 place8 place9)@(14,10161): no children at offset 1
22.332 Collected 436 relevant facts at this layer
22.332 Encoding ...
27.834 Attempting to solve formula with 7499606 clauses (19544535 literals) and 795 assumptions
28.127 Unsolvable at layer 15 -- expanding.
28.127 Iteration 16.
28.145 New layer size: 20460
28.145 Instantiating ...
29.601 Retroactively prune reduction (m2_trip_to2 Q_1,0_couple:0_be503f8988c91dd1 place8 place1 place9)@(15,1279): no children at offset 1
ROBIN_HOOD OVERFLOW
30.410 Retroactively prune reduction (m2_trip_to2 Q_1,0_couple:0_be503f8988c91dd1 place8 place2 place9)@(15,8318): no children at offset 1
30.827 Retroactively prune reduction (m2_trip_to2 Q_1,0_couple:0_be503f8988c91dd1 place8 place3 place9)@(15,11837): no children at offset 1
31.040 Retroactively prune reduction (m2_trip_to2 Q_1,0_couple:0_be503f8988c91dd1 place8 place4 place9)@(15,13596): no children at offset 1
31.153 Retroactively prune reduction (m2_trip_to2 Q_1,0_couple:0_be503f8988c91dd1 place8 place5 place9)@(15,14475): no children at offset 1
31.215 Retroactively prune reduction (m2_trip_to2 Q_1,0_couple:0_be503f8988c91dd1 place8 place6 place9)@(15,14914): no children at offset 1
31.251 Retroactively prune reduction (m2_trip_to2 Q_1,0_couple:0_be503f8988c91dd1 place8 place7 place9)@(15,15133): no children at offset 1
31.274 Retroactively prune reduction (m2_trip_to2 Q_1,0_couple:0_be503f8988c91dd1 place8 place8 place9)@(15,15242): no children at offset 1
31.305 Collected 436 relevant facts at this layer
31.305 Encoding ...
38.497 Attempting to solve formula with 9381522 clauses (24300986 literals) and 804 assumptions
38.857 Unsolvable at layer 16 -- expanding.
38.857 Iteration 17.
38.879 New layer size: 25590
38.879 Instantiating ...
40.309 Retroactively prune reduction (m2_trip_to2 Q_1,0_couple:0_be503f8988c91dd1 place8 place1 place9)@(16,1280): no children at offset 1
41.123 Retroactively prune reduction (m2_trip_to2 Q_1,0_couple:0_be503f8988c91dd1 place8 place2 place9)@(16,10880): no children at offset 1
41.535 Retroactively prune reduction (m2_trip_to2 Q_1,0_couple:0_be503f8988c91dd1 place8 place3 place9)@(16,15680): no children at offset 1
41.760 Retroactively prune reduction (m2_trip_to2 Q_1,0_couple:0_be503f8988c91dd1 place8 place4 place9)@(16,18080): no children at offset 1
41.878 Retroactively prune reduction (m2_trip_to2 Q_1,0_couple:0_be503f8988c91dd1 place8 place5 place9)@(16,19280): no children at offset 1
41.945 Retroactively prune reduction (m2_trip_to2 Q_1,0_couple:0_be503f8988c91dd1 place8 place6 place9)@(16,19880): no children at offset 1
41.987 Retroactively prune reduction (m2_trip_to2 Q_1,0_couple:0_be503f8988c91dd1 place8 place7 place9)@(16,20180): no children at offset 1
42.014 Retroactively prune reduction (m2_trip_to2 Q_1,0_couple:0_be503f8988c91dd1 place8 place8 place9)@(16,20330): no children at offset 1
42.052 Collected 436 relevant facts at this layer
42.052 Encoding ...
50.975 Attempting to solve formula with 11282326 clauses (29101702 literals) and 813 assumptions
51.421 Unsolvable at layer 17 -- expanding.
51.421 Iteration 18.
51.449 New layer size: 30729
51.449 Instantiating ...
52.950 Retroactively prune reduction (m2_trip_to2 Q_1,0_couple:0_be503f8988c91dd1 place8 place1 place9)@(17,1281): no children at offset 1
ROBIN_HOOD OVERFLOW
53.793 Retroactively prune reduction (m2_trip_to2 Q_1,0_couple:0_be503f8988c91dd1 place8 place2 place9)@(17,13443): no children at offset 1
54.225 Retroactively prune reduction (m2_trip_to2 Q_1,0_couple:0_be503f8988c91dd1 place8 place3 place9)@(17,19525): no children at offset 1
54.454 Retroactively prune reduction (m2_trip_to2 Q_1,0_couple:0_be503f8988c91dd1 place8 place4 place9)@(17,22567): no children at offset 1
54.584 Retroactively prune reduction (m2_trip_to2 Q_1,0_couple:0_be503f8988c91dd1 place8 place5 place9)@(17,24089): no children at offset 1
54.658 Retroactively prune reduction (m2_trip_to2 Q_1,0_couple:0_be503f8988c91dd1 place8 place6 place9)@(17,24851): no children at offset 1
54.705 Retroactively prune reduction (m2_trip_to2 Q_1,0_couple:0_be503f8988c91dd1 place8 place7 place9)@(17,25233): no children at offset 1
54.737 Retroactively prune reduction (m2_trip_to2 Q_1,0_couple:0_be503f8988c91dd1 place8 place8 place9)@(17,25425): no children at offset 1
54.784 Collected 436 relevant facts at this layer
54.784 Encoding ...
65.525 Attempting to solve formula with 13202108 clauses (33946863 literals) and 822 assumptions
66.756 Unsolvable at layer 18 -- expanding.
66.756 Iteration 19.
66.788 New layer size: 35877
66.788 Instantiating ...
68.253 Retroactively prune reduction (m2_trip_to2 Q_1,0_couple:0_be503f8988c91dd1 place8 place1 place9)@(18,1282): no children at offset 1
69.137 Retroactively prune reduction (m2_trip_to2 Q_1,0_couple:0_be503f8988c91dd1 place8 place2 place9)@(18,16007): no children at offset 1
69.587 Retroactively prune reduction (m2_trip_to2 Q_1,0_couple:0_be503f8988c91dd1 place8 place3 place9)@(18,23372): no children at offset 1
69.830 Retroactively prune reduction (m2_trip_to2 Q_1,0_couple:0_be503f8988c91dd1 place8 place4 place9)@(18,27057): no children at offset 1
69.964 Retroactively prune reduction (m2_trip_to2 Q_1,0_couple:0_be503f8988c91dd1 place8 place5 place9)@(18,28902): no children at offset 1
70.047 Retroactively prune reduction (m2_trip_to2 Q_1,0_couple:0_be503f8988c91dd1 place8 place6 place9)@(18,29827): no children at offset 1
70.101 Retroactively prune reduction (m2_trip_to2 Q_1,0_couple:0_be503f8988c91dd1 place8 place7 place9)@(18,30292): no children at offset 1
70.139 Retroactively prune reduction (m2_trip_to2 Q_1,0_couple:0_be503f8988c91dd1 place8 place8 place9)@(18,30527): no children at offset 1
70.196 Collected 436 relevant facts at this layer
70.196 Encoding ...
83.144 Attempting to solve formula with 15140958 clauses (38836649 literals) and 831 assumptions
87.373 Unsolvable at layer 19 -- expanding.
87.373 Iteration 20.
87.410 New layer size: 41034
87.410 Instantiating ...
88.859 Retroactively prune reduction (m2_trip_to2 Q_1,0_couple:0_be503f8988c91dd1 place8 place1 place9)@(19,1283): no children at offset 1
ROBIN_HOOD OVERFLOW
89.759 Retroactively prune reduction (m2_trip_to2 Q_1,0_couple:0_be503f8988c91dd1 place8 place2 place9)@(19,18572): no children at offset 1
90.225 Retroactively prune reduction (m2_trip_to2 Q_1,0_couple:0_be503f8988c91dd1 place8 place3 place9)@(19,27221): no children at offset 1
90.477 Retroactively prune reduction (m2_trip_to2 Q_1,0_couple:0_be503f8988c91dd1 place8 place4 place9)@(19,31550): no children at offset 1
90.622 Retroactively prune reduction (m2_trip_to2 Q_1,0_couple:0_be503f8988c91dd1 place8 place5 place9)@(19,33719): no children at offset 1
90.711 Retroactively prune reduction (m2_trip_to2 Q_1,0_couple:0_be503f8988c91dd1 place8 place6 place9)@(19,34808): no children at offset 1
90.771 Retroactively prune reduction (m2_trip_to2 Q_1,0_couple:0_be503f8988c91dd1 place8 place7 place9)@(19,35357): no children at offset 1
90.815 Retroactively prune reduction (m2_trip_to2 Q_1,0_couple:0_be503f8988c91dd1 place8 place8 place9)@(19,35636): no children at offset 1
90.887 Collected 436 relevant facts at this layer
90.887 Encoding ...
100.995 Termination signal caught.
100.995 Total amount of clauses encoded: 16572060
100.995 - directframeaxioms : 11106516 cls
100.995 - qfactsemantics : 1859360 cls
100.995 - reductionconstraints : 1695724 cls
100.995 - indirectframeaxioms : 696820 cls
100.995 - substitutionconstraints : 303522 cls
100.995 - qconstequality : 264288 cls
100.995 - expansions : 237303 cls
100.995 - predecessors : 196723 cls
100.995 - atmostoneelement : 76663 cls
100.995 - actionconstraints : 55096 cls
100.995 - actioneffects : 51735 cls
100.995 - forbiddenoperations : 27872 cls
100.995 - truefacts : 436 cls
100.995 - axiomaticops : 2 cls
100.995 # instantiated positions: 189480
100.995 # instantiated actions: 250674
100.995 # instantiated reductions: 18600
100.995 # introduced pseudo-constants: 37634
100.995 # retroactive prunings: 65
100.995 # retroactively pruned operations: 59169
100.995 # dominated operations: 0
100.995 Exiting happily.

RUNWATCH_RESULT MEMOUT RETVAL 0 TIME_SECS 102.031 MEMPEAK_KBS 16129696
