    _           _         _
   \ |         \ |       | |                       
   | |     __  | |      _| |______                
   | |     \/  | |     /_   ______\                
   | |      _  | |   __  | |  ___   ___   ___       
   | |___  | | | |  / .\ | | / , | |   \ / ·_\    
   \_____\ |_| |__\ \__/ |_| \___) |_|_| \___\  
[39mL i l o t a n e  version rls-glucose4
by Dominik Schreiber <dominik.schreiber@kit.edu> 2020-2021
using SAT solver glucose4

0.032 Parser finished.
0.033 Structures extracted.
0.033 9 operators and 7 methods created.
0.045 Mined 12 new reduction preconditions (+inf%).
0.045 Iteration 0.
0.045 Creating initial layer of size 2
0.103 Attempting to solve formula with 3 clauses (3 literals) and 1 assumptions
0.103 Unsolvable at layer 0 -- expanding.
0.103 Iteration 1.
0.103 New layer size: 121
0.103 Instantiating ...
0.629 Collected 0 relevant facts at this layer
0.629 Encoding ...
0.725 Attempting to solve formula with 83405 clauses (236527 literals) and 120 assumptions
0.726 Unsolvable at layer 1 -- expanding.
0.726 Iteration 2.
0.726 New layer size: 481
0.726 Instantiating ...
4.319 Collected 2280 relevant facts at this layer
4.319 Encoding ...
7.099 Attempting to solve formula with 2003881 clauses (7823583 literals) and 240 assumptions
8.517 Unsolvable at layer 2 -- expanding.
8.517 Iteration 3.
8.517 New layer size: 721
8.517 Instantiating ...
14.097 Collected 2280 relevant facts at this layer
14.097 Encoding ...
19.486 Attempting to solve formula with 5133618 clauses (20470357 literals) and 240 assumptions
24.939 Unsolvable at layer 3 -- expanding.
24.939 Iteration 4.
24.939 New layer size: 961
24.939 Instantiating ...
32.028 Collected 2280 relevant facts at this layer
32.028 Encoding ...
39.713 Attempting to solve formula with 8974283 clauses (36491277 literals) and 240 assumptions
216.810 Unsolvable at layer 4 -- expanding.
216.810 Iteration 5.
216.810 New layer size: 1201
216.810 Instantiating ...
226.615 Collected 2280 relevant facts at this layer
226.615 Encoding ...
236.535 Attempting to solve formula with 13620513 clauses (56428138 literals) and 240 assumptions
c
c Try to adapt solver strategies
c 
c Nothing extreme in this problem, continue with glucose default strategies.
c
518.695 Unsolvable at layer 5 -- expanding.
518.695 Iteration 6.
518.696 New layer size: 1441
518.696 Instantiating ...
531.681 Collected 2280 relevant facts at this layer
531.681 Encoding ...
544.485 Attempting to solve formula with 19202417 clauses (80923784 literals) and 240 assumptions
1800.225 Termination signal caught.
1800.225 Total amount of clauses encoded: 19202417
1800.225 - indirectframeaxioms : 10907260 cls
1800.225 - directframeaxioms : 3480480 cls
1800.225 - qfactsemantics : 2870800 cls
1800.225 - actionconstraints : 788828 cls
1800.225 - reductionconstraints : 672287 cls
1800.225 - qconstequality : 224420 cls
1800.226 - substitutionconstraints : 189531 cls
1800.226 - atmostoneelement : 30982 cls
1800.226 - expansions : 15899 cls
1800.226 - predecessors : 14368 cls
1800.226 - actioneffects : 5280 cls
1800.226 - truefacts : 2280 cls
1800.226 - axiomaticops : 2 cls
1800.226 # instantiated positions: 4927
1800.226 # instantiated actions: 13048
1800.226 # instantiated reductions: 1321
1800.226 # introduced pseudo-constants: 2498
1800.226 # retroactive prunings: 0
1800.226 # retroactively pruned operations: 0
1800.226 # dominated operations: 83
1800.226 # total invalid rigid preconditions found in getPFC: 0
1800.226 # invalid rigid preconditions found in getPFC: 0
1800.226 # invalid rigid preconditions found in getPFC in varrestrictions: 0
1800.226 # total invalid fluent preconditions found in getPFC: 0
1800.226 # invalid fluent preconditions found in getPFC: 0
1800.226 # invalid fluent preconditions found in getPFC in varrestrictions: 0
1800.226 # invalid fluent preconditions found in getPFC via postconditions: 0
1800.226 # invalid subtasks found in getPFC: 0
1800.226 # number effects in operation fact_frames: 548
1800.226 # number of variables restricted: 50400
1800.226 # number of nodes variables restricted: 50400
1800.226 Exiting happily.

RUNWATCH_RESULT TIMEOUT RETVAL 0 TIME_SECS 1800.86 MEMPEAK_KBS 8872920
