    _           _         _
   \ |         \ |       | |                       
   | |     __  | |      _| |______                
   | |     \/  | |     /_   ______\                
   | |      _  | |   __  | |  ___   ___   ___       
   | |___  | | | |  / .\ | | / , | |   \ / ·_\    
   \_____\ |_| |__\ \__/ |_| \___) |_|_| \___\  
[39mL i l o t a n e  version rls-glucose4
by Dominik Schreiber <dominik.schreiber@kit.edu> 2020-2021
using SAT solver glucose4

0.055 Parser finished.
0.056 Structures extracted.
0.071 312 operators and 305 methods created.
0.886 Mined 582 new reduction preconditions (+90.1%).
0.886 Iteration 0.
0.886 Creating initial layer of size 2
0.911 Attempting to solve formula with 3 clauses (3 literals) and 1 assumptions
0.911 Unsolvable at layer 0 -- expanding.
0.911 Iteration 1.
0.911 New layer size: 5
0.911 Instantiating ...
0.999 Collected 9 relevant facts at this layer
0.999 Encoding ...
1.001 Attempting to solve formula with 145 clauses (347 literals) and 4 assumptions
1.001 Unsolvable at layer 1 -- expanding.
1.001 Iteration 2.
1.002 New layer size: 9
1.002 Instantiating ...
1.637 Collected 167 relevant facts at this layer
1.637 Encoding ...
1.647 Attempting to solve formula with 22848 clauses (52013 literals) and 4 assumptions
1.647 Unsolvable at layer 2 -- expanding.
1.647 Iteration 3.
1.647 New layer size: 13
1.647 Instantiating ...
3.210 Collected 319 relevant facts at this layer
3.210 Encoding ...
3.233 Attempting to solve formula with 63482 clauses (150468 literals) and 8 assumptions
3.233 Unsolvable at layer 3 -- expanding.
3.233 Iteration 4.
3.233 New layer size: 39
3.233 Instantiating ...
5.886 Collected 584 relevant facts at this layer
5.886 Encoding ...
5.963 Attempting to solve formula with 145954 clauses (374215 literals) and 19 assumptions
5.964 Unsolvable at layer 4 -- expanding.
5.964 Iteration 5.
5.964 New layer size: 90
5.964 Instantiating ...
13.688 Collected 1016 relevant facts at this layer
13.688 Encoding ...
13.944 Attempting to solve formula with 434364 clauses (1136859 literals) and 35 assumptions
13.960 Unsolvable at layer 5 -- expanding.
13.960 Iteration 6.
13.960 New layer size: 157
13.960 Instantiating ...
32.885 Collected 1036 relevant facts at this layer
32.885 Encoding ...
33.449 Attempting to solve formula with 1102720 clauses (2869857 literals) and 62 assumptions
33.495 Unsolvable at layer 6 -- expanding.
33.495 Iteration 7.
33.495 New layer size: 292
33.495 Instantiating ...
71.181 Collected 1228 relevant facts at this layer
71.181 Encoding ...
72.326 Attempting to solve formula with 2438665 clauses (6492340 literals) and 120 assumptions
72.547 Unsolvable at layer 7 -- expanding.
72.547 Iteration 8.
72.548 New layer size: 586
72.548 Instantiating ...
142.376 Collected 1484 relevant facts at this layer
142.376 Encoding ...
145.263 Attempting to solve formula with 5371742 clauses (14887009 literals) and 234 assumptions
146.292 Unsolvable at layer 8 -- expanding.
146.292 Iteration 9.
146.292 New layer size: 1132
146.292 Instantiating ...
288.122 Collected 1484 relevant facts at this layer
288.122 Encoding ...
294.637 Attempting to solve formula with 11613596 clauses (32950152 literals) and 438 assumptions
297.744 Unsolvable at layer 9 -- expanding.
297.744 Iteration 10.
297.745 New layer size: 2103
297.745 Instantiating ...
586.981 Collected 1484 relevant facts at this layer
586.981 Encoding ...
599.620 Attempting to solve formula with 23813790 clauses (68268053 literals) and 818 assumptions
623.509 Unsolvable at layer 10 -- expanding.
623.509 Iteration 11.
623.512 New layer size: 3968
623.512 Instantiating ...
1185.016 Collected 1484 relevant facts at this layer
1185.016 Encoding ...
1210.566 Attempting to solve formula with 47042481 clauses (136087251 literals) and 1553 assumptions
1800.539 Termination signal caught.
1800.539 Total amount of clauses encoded: 47042481
1800.539 - reductionconstraints : 18673125 cls
1800.539 - directframeaxioms : 13070016 cls
1800.539 - qfactsemantics : 6018793 cls
1800.539 - indirectframeaxioms : 4608893 cls
1800.539 - substitutionconstraints : 1883453 cls
1800.539 - atmostoneelement : 1672474 cls
1800.539 - qconstequality : 435581 cls
1800.539 - expansions : 315171 cls
1800.539 - predecessors : 179049 cls
1800.539 - actionconstraints : 120721 cls
1800.539 - actioneffects : 63719 cls
1800.539 - truefacts : 1484 cls
1800.539 - axiomaticops : 2 cls
1800.539 # instantiated positions: 8395
1800.539 # instantiated actions: 79070
1800.539 # instantiated reductions: 99980
1800.539 # introduced pseudo-constants: 28124
1800.539 # retroactive prunings: 12
1800.539 # retroactively pruned operations: 12
1800.539 # dominated operations: 11602
1800.539 # total invalid rigid preconditions found in getPFC: 28742
1800.539 # invalid rigid preconditions found in getPFC: 0
1800.539 # invalid rigid preconditions found in getPFC in varrestrictions: 28742
1800.539 # total invalid fluent preconditions found in getPFC: 1226090
1800.539 # invalid fluent preconditions found in getPFC: 12002
1800.539 # invalid fluent preconditions found in getPFC in varrestrictions: 8
1800.539 # invalid fluent preconditions found in getPFC via postconditions: 1214080
1800.539 # invalid subtasks found in getPFC: 12
1800.539 # number effects in operation fact_frames: 14208
1800.539 # number of variables restricted: 13437961
1800.539 Exiting happily.

RUNWATCH_RESULT TIMEOUT RETVAL 0 TIME_SECS 1801.21 MEMPEAK_KBS 10656404
