    _           _         _
   \ |         \ |       | |                       
   | |     __  | |      _| |______                
   | |     \/  | |     /_   ______\                
   | |      _  | |   __  | |  ___   ___   ___       
   | |___  | | | |  / .\ | | / , | |   \ / ·_\    
   \_____\ |_| |__\ \__/ |_| \___) |_|_| \___\  
[39mL i l o t a n e  version rls-glucose4
by Dominik Schreiber <dominik.schreiber@kit.edu> 2020-2021
using SAT solver glucose4

0.003 Parser finished.
0.003 Structures extracted.
0.003 11 operators and 14 methods created.
0.008 Mined 13 new reduction preconditions (+108.3%).
0.008 Iteration 0.
0.008 Creating initial layer of size 2
0.010 Attempting to solve formula with 5 clauses (6 literals) and 1 assumptions
0.010 Unsolvable at layer 0 -- expanding.
0.010 Iteration 1.
0.010 New layer size: 2
0.010 Instantiating ...
0.016 Collected 1 relevant facts at this layer
0.016 Encoding ...
0.016 Attempting to solve formula with 19 clauses (38 literals) and 1 assumptions
0.016 Unsolvable at layer 1 -- expanding.
0.016 Iteration 2.
0.016 New layer size: 3
0.016 Instantiating ...
0.025 Collected 5 relevant facts at this layer
0.025 Encoding ...
0.025 Attempting to solve formula with 143 clauses (368 literals) and 1 assumptions
0.025 Unsolvable at layer 2 -- expanding.
0.025 Iteration 3.
0.025 New layer size: 4
0.025 Instantiating ...
0.043 Collected 8 relevant facts at this layer
0.043 Encoding ...
0.043 Attempting to solve formula with 358 clauses (918 literals) and 1 assumptions
0.043 Unsolvable at layer 3 -- expanding.
0.043 Iteration 4.
0.043 New layer size: 5
0.043 Instantiating ...
0.061 Collected 8 relevant facts at this layer
0.061 Encoding ...
0.062 Attempting to solve formula with 614 clauses (1583 literals) and 1 assumptions
0.062 Unsolvable at layer 4 -- expanding.
0.062 Iteration 5.
0.062 New layer size: 6
0.062 Instantiating ...
0.081 Collected 8 relevant facts at this layer
0.081 Encoding ...
0.081 Attempting to solve formula with 893 clauses (2299 literals) and 1 assumptions
0.081 Unsolvable at layer 5 -- expanding.
0.081 Iteration 6.
0.081 New layer size: 7
0.081 Instantiating ...
0.100 Collected 8 relevant facts at this layer
0.100 Encoding ...
0.101 Attempting to solve formula with 1192 clauses (3055 literals) and 1 assumptions
0.101 Unsolvable at layer 6 -- expanding.
0.101 Iteration 7.
0.101 New layer size: 8
0.101 Instantiating ...
0.120 Collected 8 relevant facts at this layer
0.120 Encoding ...
0.120 Attempting to solve formula with 1511 clauses (3851 literals) and 1 assumptions
c last restart ## conflicts  :  15 64 
0.121 Found a solution at layer 7.
==>
295 open c r2 d02
300 move c r2 d02
302 pickup o1 r2
311 move r2 c d02
315 move c r1 d01
320 putdown o1 r1
root 7
7 achieve-goals -> achieve-goals-open 294 33
33 achieve-goals -> achieve-goals-move 299 78
78 achieve-goals -> achieve-goals-pickup 301 139
139 release -> release-move 310 200
200 release -> release-move 314 268
268 release -> release-putdown_abstract 319 341
294 open_abstract -> newMethod25 295
299 move_abstract -> newMethod24 300
301 pickup_abstract o1 -> newMethod22 302
310 move_abstract -> newMethod24 311
314 move_abstract -> newMethod24 315
319 putdown_abstract -> newMethod23 320
341 achieve-goals -> finished
<==
0.121 End of solution plan. (counted length of 6)
0.121 Total amount of clauses encoded: 1511
0.121 - atmostoneelement : 325 cls
0.121 - actionconstraints : 212 cls
0.121 - directframeaxioms : 178 cls
0.121 - expansions : 153 cls
0.121 - predecessors : 148 cls
0.121 - substitutionconstraints : 119 cls
0.121 - qfactsemantics : 110 cls
0.121 - reductionconstraints : 106 cls
0.121 - qconstequality : 54 cls
0.121 - indirectframeaxioms : 51 cls
0.121 - actioneffects : 45 cls
0.121 - truefacts : 8 cls
0.121 - axiomaticops : 2 cls
0.121 # instantiated positions: 36
0.121 # instantiated actions: 106
0.121 # instantiated reductions: 43
0.121 # introduced pseudo-constants: 25
0.121 # retroactive prunings: 1
0.121 # retroactively pruned operations: 1
0.121 # dominated operations: 0
0.121 # total invalid rigid preconditions found in getPFC: 0
0.121 # invalid rigid preconditions found in getPFC: 0
0.121 # invalid rigid preconditions found in getPFC in varrestrictions: 0
0.121 # total invalid fluent preconditions found in getPFC: 7
0.121 # invalid fluent preconditions found in getPFC: 7
0.121 # invalid fluent preconditions found in getPFC in varrestrictions: 0
0.121 # invalid fluent preconditions found in getPFC via postconditions: 0
0.121 # invalid subtasks found in getPFC: 1
0.121 # number effects in operation fact_frames: 110
0.121 # number of variables restricted: 4161
0.121 Exiting happily.

RUNWATCH_RESULT EXIT RETVAL 0 TIME_SECS 0.127441 MEMPEAK_KBS 864
