    _           _         _
   \ |         \ |       | |                       
   | |     __  | |      _| |______                
   | |     \/  | |     /_   ______\                
   | |      _  | |   __  | |  ___   ___   ___       
   | |___  | | | |  / .\ | | / , | |   \ / ·_\    
   \_____\ |_| |__\ \__/ |_| \___) |_|_| \___\  
[39mL i l o t a n e  version rls-glucose4
by Dominik Schreiber <dominik.schreiber@kit.edu> 2020-2021
using SAT solver glucose4

0.440 Parser finished.
0.442 Structures extracted.
0.442 18 operators and 15 methods created.
0.599 Mined 2 new reduction preconditions (+9.5%).
0.599 Iteration 0.
0.599 Creating initial layer of size 2
ROBIN_HOOD OVERFLOW
0.684 Attempting to solve formula with 3 clauses (3 literals) and 1 assumptions
0.684 Unsolvable at layer 0 -- expanding.
0.684 Iteration 1.
0.684 New layer size: 2
0.684 Instantiating ...
ROBIN_HOOD OVERFLOW
0.773 Collected 0 relevant facts at this layer
0.773 Encoding ...
0.783 Attempting to solve formula with 8 clauses (12 literals) and 1 assumptions
0.783 Unsolvable at layer 1 -- expanding.
0.783 Iteration 2.
0.784 New layer size: 7
0.784 Instantiating ...
1.297 Collected 0 relevant facts at this layer
1.297 Encoding ...
1.318 Attempting to solve formula with 28 clauses (46 literals) and 6 assumptions
1.318 Unsolvable at layer 2 -- expanding.
1.318 Iteration 3.
1.319 New layer size: 13
1.319 Instantiating ...
1.847 Collected 4 relevant facts at this layer
1.847 Encoding ...
1.872 Attempting to solve formula with 100 clauses (187 literals) and 10 assumptions
1.872 Unsolvable at layer 3 -- expanding.
1.872 Iteration 4.
1.872 New layer size: 23
1.872 Instantiating ...
2.428 Collected 14 relevant facts at this layer
2.428 Encoding ...
2.455 Attempting to solve formula with 508 clauses (1076 literals) and 20 assumptions
2.455 Unsolvable at layer 4 -- expanding.
2.455 Iteration 5.
2.455 New layer size: 43
2.455 Instantiating ...
2.952 Collected 34 relevant facts at this layer
2.952 Encoding ...
2.978 Attempting to solve formula with 2185 clauses (4792 literals) and 40 assumptions
2.978 Unsolvable at layer 5 -- expanding.
2.978 Iteration 6.
2.978 New layer size: 83
2.978 Instantiating ...
3.058 Retroactively prune reduction (place-block-abstract-3 l-1-1-4 stone stone)@(5,8): no children at offset 0
3.091 Retroactively prune reduction (place-block-abstract-3 l-1-4-3 stone stone)@(5,16): no children at offset 0
3.117 Retroactively prune reduction (place-block-abstract-3 l-1-3-0 stone stone)@(5,24): no children at offset 0
3.144 Retroactively prune action (removeblock l-6-0-0 stone)@(5,34): no children at offset 0
3.145 Retroactively prune reduction (place-block-abstract-3 l-6-0-1 stone stone)@(5,34): no children at offset 0
3.152 Retroactively prune reduction (place-block-abstract-3 l-6-1-0 stone stone)@(5,38): no children at offset 0
3.178 Collected 62 relevant facts at this layer
3.178 Encoding ...
3.196 Attempting to solve formula with 6806 clauses (15091 literals) and 80 assumptions
3.196 Unsolvable at layer 6 -- expanding.
3.196 Iteration 7.
3.196 New layer size: 158
3.196 Instantiating ...
3.356 Collected 100 relevant facts at this layer
3.356 Encoding ...
3.380 Attempting to solve formula with 17513 clauses (39081 literals) and 155 assumptions
3.380 Unsolvable at layer 7 -- expanding.
3.380 Iteration 8.
3.380 New layer size: 308
3.380 Instantiating ...
3.534 Collected 142 relevant facts at this layer
3.534 Encoding ...
3.573 Attempting to solve formula with 37829 clauses (84683 literals) and 226 assumptions
3.574 Unsolvable at layer 8 -- expanding.
3.574 Iteration 9.
3.574 New layer size: 529
3.574 Instantiating ...
3.720 Collected 174 relevant facts at this layer
3.720 Encoding ...
3.809 Attempting to solve formula with 65539 clauses (146726 literals) and 216 assumptions
3.809 Unsolvable at layer 9 -- expanding.
3.809 Iteration 10.
3.810 New layer size: 740
3.810 Instantiating ...
3.945 Collected 196 relevant facts at this layer
3.945 Encoding ...
4.063 Attempting to solve formula with 95985 clauses (214054 literals) and 196 assumptions
4.063 Unsolvable at layer 10 -- expanding.
4.063 Iteration 11.
4.064 New layer size: 931
4.064 Instantiating ...
4.183 Collected 208 relevant facts at this layer
4.183 Encoding ...
4.372 Attempting to solve formula with 127222 clauses (282245 literals) and 156 assumptions
4.372 Unsolvable at layer 11 -- expanding.
4.372 Iteration 12.
4.373 New layer size: 1082
4.373 Instantiating ...
4.478 Collected 210 relevant facts at this layer
4.478 Encoding ...
4.669 Attempting to solve formula with 156102 clauses (344211 literals) and 76 assumptions
c last restart ## conflicts  :  51 2985 
4.716 Found a solution at layer 12.
==>
25183 placeblock l-1-0-0 stone
25287 placeblock l-1-0-1 stone
25347 placeblock l-1-0-2 stone
25381 placeblock l-1-0-3 stone
25396 placeblock l-1-0-4 stone
25405 placeblock l-2-0-0 stone
25514 placeblock l-2-0-1 stone
25569 placeblock l-2-0-2 stone
25602 placeblock l-2-0-3 stone
25614 placeblock l-2-0-4 stone
25626 placeblock l-3-0-0 stone
25732 placeblock l-3-0-1 stone
25786 placeblock l-3-0-3 stone
25802 placeblock l-3-0-4 stone
25815 placeblock l-3-0-2 stone
25845 placeblock l-4-0-0 stone
25999 placeblock l-4-0-1 stone
26094 placeblock l-4-0-3 stone
26122 placeblock l-4-0-4 stone
26137 placeblock l-4-0-2 stone
26183 placeblock l-5-0-2 stone
26204 placeblock l-5-0-4 stone
26225 placeblock l-5-0-3 stone
26243 placeblock l-5-0-1 stone
26321 placeblock l-5-0-0 stone
26491 placeblock l-1-1-4 stone
26542 placeblock l-1-3-4 stone
26555 placeblock l-1-4-4 stone
26572 placeblock l-1-2-4 stone
26598 removeblock l-1-0-4 stone
26652 placeblock l-1-0-4 stone
26712 removeblock l-2-0-4 stone
26762 placeblock l-2-0-4 stone
26821 placeblock l-2-1-4 stone
26877 placeblock l-2-2-4 stone
26905 placeblock l-2-3-4 stone
26919 placeblock l-2-4-4 stone
26935 removeblock l-3-0-4 stone
26985 placeblock l-3-0-4 stone
27039 placeblock l-3-1-4 stone
27104 placeblock l-3-2-4 stone
27133 placeblock l-3-3-4 stone
27142 placeblock l-3-4-4 stone
27157 placeblock l-4-3-4 stone
27162 placeblock l-4-4-4 stone
27180 placeblock l-4-2-4 stone
27226 placeblock l-4-1-4 stone
27313 removeblock l-4-0-4 stone
27414 placeblock l-4-0-4 stone
27499 placeblock l-5-1-4 stone
27563 placeblock l-5-3-4 stone
27587 placeblock l-5-4-4 stone
27601 placeblock l-5-2-4 stone
27813 placeblock l-1-4-3 stone
27857 placeblock l-1-4-2 stone
27890 placeblock l-1-4-0 stone
27906 placeblock l-1-4-1 stone
28035 removeblock l-2-4-4 stone
28087 placeblock l-2-4-4 stone
28145 placeblock l-2-4-3 stone
28205 placeblock l-2-4-2 stone
28227 placeblock l-2-4-1 stone
28244 placeblock l-2-4-0 stone
28260 placeblock l-3-4-0 stone
28265 placeblock l-3-4-1 stone
28275 placeblock l-3-4-2 stone
28301 placeblock l-3-4-3 stone
28644 placeblock l-4-4-0 stone
28666 placeblock l-4-4-1 stone
28683 placeblock l-4-4-2 stone
28727 placeblock l-4-4-3 stone
28970 placeblock l-5-4-3 stone
29051 placeblock l-5-4-2 stone
29092 placeblock l-5-4-1 stone
29117 placeblock l-5-4-0 stone
29138 removeblock l-1-4-0 stone
29183 placeblock l-1-4-0 stone
29245 placeblock l-1-2-0 stone
29278 removeblock l-1-0-0 stone
29281 placeblock l-1-0-0 stone
29289 placeblock l-1-1-0 stone
29305 placeblock l-1-3-0 stone
29467 placeblock l-2-3-0 stone
29534 placeblock l-2-2-0 stone
29558 placeblock l-2-1-0 stone
29589 placeblock l-3-3-0 stone
29640 placeblock l-3-2-0 stone
29680 placeblock l-3-1-0 stone
29700 removeblock l-3-4-0 stone
29756 placeblock l-3-4-0 stone
29813 placeblock l-4-3-0 stone
29894 placeblock l-4-2-0 stone
29940 removeblock l-4-0-0 stone
29949 placeblock l-4-0-0 stone
29966 placeblock l-4-1-0 stone
30321 placeblock l-5-3-0 stone
30428 placeblock l-5-1-0 stone
30444 placeblock l-5-2-0 stone
30483 removeblock l-1-2-0 stone
30487 removeblock l-2-2-0 stone
30493 placeblock l-6-0-0 stone
30596 placeblock l-6-0-1 stone
30658 placeblock l-6-0-3 stone
30668 placeblock l-6-0-4 stone
30684 placeblock l-6-0-2 stone
30714 placeblock l-6-1-0 stone
30816 placeblock l-6-1-2 stone
30850 placeblock l-6-1-3 stone
30860 placeblock l-6-1-4 stone
30872 placeblock l-6-1-1 stone
30930 placeblock l-6-2-0 stone
31038 placeblock l-6-2-2 stone
31068 placeblock l-6-2-3 stone
31080 placeblock l-6-2-4 stone
31091 placeblock l-6-2-1 stone
31151 placeblock l-6-3-0 stone
31308 placeblock l-6-3-1 stone
31403 placeblock l-6-3-2 stone
31446 placeblock l-6-3-3 stone
31466 placeblock l-6-3-4 stone
31487 placeblock l-6-4-0 stone
31629 placeblock l-6-4-1 stone
31718 placeblock l-6-4-2 stone
31759 placeblock l-6-4-4 stone
31778 placeblock l-6-4-3 stone
root 5
5 buildhouse l-1-0-0 l-1-0-4 l-1-4-4 l-1-4-0 l-1-2-0 l-6-0-0 n5 n5 n5 stone -> build-house-1 9 11 13 15 17 19
9 buildwall l-1-0-0 n5 n5 e stone -> build-wall-2 23 30
11 buildwall l-1-0-4 n5 n5 n stone -> build-wall-2 32 39
13 buildwall l-1-4-4 n5 n5 w stone -> build-wall-2 41 48
15 buildwall l-1-4-0 n5 n5 s stone -> build-wall-2 50 57
17 builddoor l-1-2-0 -> build-door-1 30482 30486
19 buildroof l-6-0-0 n5 n5 e n stone -> build-roof-2 74 78
23 buildrow l-1-0-0 n5 e stone -> build-row-2 25182 101
30 buildwall l-2-0-0 n5 n4 e stone -> build-wall-2 111 117
32 buildrow l-1-0-4 n5 n stone -> build-row-3 121 136
39 buildwall l-2-0-4 n5 n4 n stone -> build-wall-2 146 152
41 buildrow l-1-4-4 n5 w stone -> build-row-3 157 172
48 buildwall l-2-4-4 n5 n4 w stone -> build-wall-2 181 187
50 buildrow l-1-4-0 n5 s stone -> build-row-2 193 207
57 buildwall l-2-4-0 n5 n4 s stone -> build-wall-2 217 224
74 buildrow l-6-0-0 n5 e stone -> build-row-2 30492 252
78 buildroof l-6-1-0 n5 n4 e n stone -> build-roof-2 259 263
101 buildrow l-1-0-1 n4 e stone -> build-row-2 25286 331
111 buildrow l-2-0-0 n5 e stone -> build-row-2 25404 350
117 buildwall l-3-0-0 n5 n3 e stone -> build-wall-2 357 363
121 buildrow l-1-1-4 n4 n stone -> build-row-2 26490 397
136 placeblockabstract l-1-0-4 stone -> place-block-abstract-3 26598 26652
146 buildrow l-2-0-4 n5 n stone -> build-row-2 435 445
152 buildwall l-3-0-4 n5 n3 n stone -> build-wall-2 451 458
157 buildrow l-1-4-3 n4 w stone -> build-row-2 27812 494
172 placeblockabstract l-1-4-4 stone -> place-block-abstract-2
181 buildrow l-2-4-4 n5 w stone -> build-row-2 532 538
187 buildwall l-3-4-4 n5 n3 w stone -> build-wall-2 547 553
193 placeblockabstract l-1-4-0 stone -> place-block-abstract-3 29138 29183
207 buildrow l-1-3-0 n4 s stone -> build-row-3 605 29304
217 buildrow l-2-4-0 n5 s stone -> build-row-2 628 639
224 buildwall l-3-4-0 n5 n3 s stone -> build-wall-2 648 654
252 buildrow l-6-0-1 n4 e stone -> build-row-2 30595 718
259 buildrow l-6-1-0 n5 e stone -> build-row-2 30713 735
263 buildroof l-6-2-0 n5 n3 e n stone -> build-roof-2 743 747
331 buildrow l-1-0-2 n3 e stone -> build-row-2 25346 892
350 buildrow l-2-0-1 n4 e stone -> build-row-2 25513 940
357 buildrow l-3-0-0 n5 e stone -> build-row-2 25625 960
363 buildwall l-4-0-0 n5 n2 e stone -> build-wall-2 966 973
397 buildrow l-1-2-4 n3 n stone -> build-row-3 1005 26571
435 placeblockabstract l-2-0-4 stone -> place-block-abstract-3 26712 26762
445 buildrow l-2-1-4 n4 n stone -> build-row-2 26820 1125
451 buildrow l-3-0-4 n5 n stone -> build-row-2 1137 1147
458 buildwall l-4-0-4 n5 n2 n stone -> build-wall-2 1153 1160
494 buildrow l-1-4-2 n3 w stone -> build-row-2 27856 1202
532 placeblockabstract l-2-4-4 stone -> place-block-abstract-3 28035 28087
538 buildrow l-2-4-3 n4 w stone -> build-row-2 28144 1311
547 buildrow l-3-4-4 n5 w stone -> build-row-3 1323 1334
553 buildwall l-4-4-4 n5 n2 w stone -> build-wall-2 1341 1347
605 buildrow l-1-2-0 n3 s stone -> build-row-2 29244 1417
628 placeblockabstract l-2-4-0 stone -> place-block-abstract-2
639 buildrow l-2-3-0 n4 s stone -> build-row-2 29466 1493
648 buildrow l-3-4-0 n5 s stone -> build-row-3 1508 1515
654 buildwall l-4-4-0 n5 n2 s stone -> build-wall-2 1523 1530
718 buildrow l-6-0-2 n3 e stone -> build-row-3 1620 30683
735 buildrow l-6-1-1 n4 e stone -> build-row-3 1662 30871
743 buildrow l-6-2-0 n5 e stone -> build-row-2 30929 1687
747 buildroof l-6-3-0 n5 n2 e n stone -> build-roof-2 1695 1699
892 buildrow l-1-0-3 n2 e stone -> build-row-2 25380 1948
940 buildrow l-2-0-2 n3 e stone -> build-row-2 25568 2055
960 buildrow l-3-0-1 n4 e stone -> build-row-2 25731 2103
966 buildrow l-4-0-0 n5 e stone -> build-row-2 25844 2119
973 buildwall l-5-0-0 n5 n1 e stone -> build-wall-1 2129
1005 buildrow l-1-3-4 n2 n stone -> build-row-2 26541 2200
1125 buildrow l-2-2-4 n3 n stone -> build-row-2 26876 2459
1137 placeblockabstract l-3-0-4 stone -> place-block-abstract-3 26935 26985
1147 buildrow l-3-1-4 n4 n stone -> build-row-2 27038 2509
1153 buildrow l-4-0-4 n5 n stone -> build-row-3 2523 2530
1160 buildwall l-5-0-4 n5 n1 n stone -> build-wall-1 2537
1202 buildrow l-1-4-1 n2 w stone -> build-row-3 2631 27905
1311 buildrow l-2-4-2 n3 w stone -> build-row-2 28204 2869
1323 buildrow l-3-4-3 n4 w stone -> build-row-3 2885 28300
1334 placeblockabstract l-3-4-4 stone -> place-block-abstract-2
1341 buildrow l-4-4-4 n5 w stone -> build-row-2 2932 2937
1347 buildwall l-5-4-4 n5 n1 w stone -> build-wall-1 2946
1417 buildrow l-1-1-0 n2 s stone -> build-row-3 3097 29288
1493 buildrow l-2-2-0 n3 s stone -> build-row-2 29533 3270
1508 buildrow l-3-3-0 n4 s stone -> build-row-2 29588 3294
1515 placeblockabstract l-3-4-0 stone -> place-block-abstract-3 29700 29756
1523 buildrow l-4-4-0 n5 s stone -> build-row-3 3331 3341
1530 buildwall l-5-4-0 n5 n1 s stone -> build-wall-1 3347
1620 buildrow l-6-0-3 n2 e stone -> build-row-2 30657 3526
1662 buildrow l-6-1-2 n3 e stone -> build-row-2 30815 3628
1687 buildrow l-6-2-1 n4 e stone -> build-row-3 3686 31090
1695 buildrow l-6-3-0 n5 e stone -> build-row-2 31150 3712
1699 buildroof l-6-4-0 n5 n1 e n stone -> build-roof-1 3719
1948 buildrow l-1-0-4 n1 e stone -> build-row-1 25395
2055 buildrow l-2-0-3 n2 e stone -> build-row-2 25601 4282
2103 buildrow l-3-0-2 n3 e stone -> build-row-3 4379 25814
2119 buildrow l-4-0-1 n4 e stone -> build-row-2 25998 4438
2129 buildrow l-5-0-0 n5 e stone -> build-row-3 4449 26320
2200 buildrow l-1-4-4 n1 n stone -> build-row-1 26554
2459 buildrow l-2-3-4 n2 n stone -> build-row-2 26904 4992
2509 buildrow l-3-2-4 n3 n stone -> build-row-2 27103 5106
2523 buildrow l-4-1-4 n4 n stone -> build-row-3 5121 27225
2530 placeblockabstract l-4-0-4 stone -> place-block-abstract-3 27313 27414
2537 buildrow l-5-0-4 n5 n stone -> build-row-3 5167 5176
2631 buildrow l-1-4-0 n1 w stone -> build-row-1 27889
2869 buildrow l-2-4-1 n2 w stone -> build-row-2 28226 5710
2885 buildrow l-3-4-2 n3 w stone -> build-row-3 5728 28274
2932 placeblockabstract l-4-4-4 stone -> place-block-abstract-2
2937 buildrow l-4-4-3 n4 w stone -> build-row-3 5862 28726
2946 buildrow l-5-4-4 n5 w stone -> build-row-2 5884 5895
3097 buildrow l-1-0-0 n1 s stone -> build-row-1 6104
3270 buildrow l-2-1-0 n2 s stone -> build-row-2 29557 6432
3294 buildrow l-3-2-0 n3 s stone -> build-row-2 29639 6487
3331 buildrow l-4-3-0 n4 s stone -> build-row-2 29812 6569
3341 placeblockabstract l-4-4-0 stone -> place-block-abstract-2
3347 buildrow l-5-4-0 n5 s stone -> build-row-2 6607 6614
3526 buildrow l-6-0-4 n1 e stone -> build-row-1 30667
3628 buildrow l-6-1-3 n2 e stone -> build-row-2 30849 7082
3686 buildrow l-6-2-2 n3 e stone -> build-row-2 31037 7208
3712 buildrow l-6-3-1 n4 e stone -> build-row-2 31307 7278
3719 buildrow l-6-4-0 n5 e stone -> build-row-2 31486 7295
4282 buildrow l-2-0-4 n1 e stone -> build-row-1 25613
4379 buildrow l-3-0-3 n2 e stone -> build-row-2 25785 8161
4438 buildrow l-4-0-2 n3 e stone -> build-row-3 8289 26136
4449 buildrow l-5-0-1 n4 e stone -> build-row-3 8311 26242
4992 buildrow l-2-4-4 n1 n stone -> build-row-1 26918
5106 buildrow l-3-3-4 n2 n stone -> build-row-2 27132 9224
5121 buildrow l-4-2-4 n3 n stone -> build-row-3 9241 27179
5167 buildrow l-5-1-4 n4 n stone -> build-row-2 27498 9362
5176 placeblockabstract l-5-0-4 stone -> place-block-abstract-2
5710 buildrow l-2-4-0 n1 w stone -> build-row-1 28243
5728 buildrow l-3-4-1 n2 w stone -> build-row-3 10060 28264
5862 buildrow l-4-4-2 n3 w stone -> build-row-3 10338 28682
5884 placeblockabstract l-5-4-4 stone -> place-block-abstract-2
5895 buildrow l-5-4-3 n4 w stone -> build-row-2 28969 10427
6104 placeblockabstract l-1-0-0 stone -> place-block-abstract-3 29278 29281
6432 buildrow l-2-0-0 n1 s stone -> build-row-1 11101
6487 buildrow l-3-1-0 n2 s stone -> build-row-3 11199 29679
6569 buildrow l-4-2-0 n3 s stone -> build-row-2 29893 11380
6607 placeblockabstract l-5-4-0 stone -> place-block-abstract-2
6614 buildrow l-5-3-0 n4 s stone -> build-row-2 30320 11488
7082 buildrow l-6-1-4 n1 e stone -> build-row-1 30859
7208 buildrow l-6-2-3 n2 e stone -> build-row-2 31067 12293
7278 buildrow l-6-3-2 n3 e stone -> build-row-2 31402 12446
7295 buildrow l-6-4-1 n4 e stone -> build-row-2 31628 12490
8161 buildrow l-3-0-4 n1 e stone -> build-row-1 25801
8289 buildrow l-4-0-3 n2 e stone -> build-row-2 26093 13566
8311 buildrow l-5-0-2 n3 e stone -> build-row-2 26182 13620
9224 buildrow l-3-4-4 n1 n stone -> build-row-1 27141
9241 buildrow l-4-3-4 n2 n stone -> build-row-2 27156 14607
9362 buildrow l-5-2-4 n3 n stone -> build-row-3 14849 27600
10060 buildrow l-3-4-0 n1 w stone -> build-row-1 28259
10338 buildrow l-4-4-1 n2 w stone -> build-row-3 15926 28665
10427 buildrow l-5-4-2 n3 w stone -> build-row-2 29050 16137
11101 placeblockabstract l-2-0-0 stone -> place-block-abstract-2
11199 buildrow l-3-0-0 n1 s stone -> build-row-1 16847
11380 buildrow l-4-1-0 n2 s stone -> build-row-3 17133 29965
11488 buildrow l-5-2-0 n3 s stone -> build-row-3 17364 30443
12293 buildrow l-6-2-4 n1 e stone -> build-row-1 31079
12446 buildrow l-6-3-3 n2 e stone -> build-row-2 31445 18453
12490 buildrow l-6-4-2 n3 e stone -> build-row-2 31717 18552
13566 buildrow l-4-0-4 n1 e stone -> build-row-1 26121
13620 buildrow l-5-0-3 n2 e stone -> build-row-3 19692 26224
14607 buildrow l-4-4-4 n1 n stone -> build-row-1 27161
14849 buildrow l-5-3-4 n2 n stone -> build-row-2 27562 21049
15926 buildrow l-4-4-0 n1 w stone -> build-row-1 28643
16137 buildrow l-5-4-1 n2 w stone -> build-row-2 29091 22520
16847 placeblockabstract l-3-0-0 stone -> place-block-abstract-2
17133 buildrow l-4-0-0 n1 s stone -> build-row-1 23458
17364 buildrow l-5-1-0 n2 s stone -> build-row-3 23832 30427
18453 buildrow l-6-3-4 n1 e stone -> build-row-1 31465
18552 buildrow l-6-4-3 n2 e stone -> build-row-3 25162 31777
19692 buildrow l-5-0-4 n1 e stone -> build-row-1 26203
21049 buildrow l-5-4-4 n1 n stone -> build-row-1 27586
22520 buildrow l-5-4-0 n1 w stone -> build-row-1 29116
23458 placeblockabstract l-4-0-0 stone -> place-block-abstract-3 29940 29949
23832 buildrow l-5-0-0 n1 s stone -> build-row-1 30409
25162 buildrow l-6-4-4 n1 e stone -> build-row-1 31758
25182 placeblockabstract l-1-0-0 stone -> place-block-abstract-1 25183
25286 placeblockabstract l-1-0-1 stone -> place-block-abstract-1 25287
25346 placeblockabstract l-1-0-2 stone -> place-block-abstract-1 25347
25380 placeblockabstract l-1-0-3 stone -> place-block-abstract-1 25381
25395 placeblockabstract l-1-0-4 stone -> place-block-abstract-1 25396
25404 placeblockabstract l-2-0-0 stone -> place-block-abstract-1 25405
25513 placeblockabstract l-2-0-1 stone -> place-block-abstract-1 25514
25568 placeblockabstract l-2-0-2 stone -> place-block-abstract-1 25569
25601 placeblockabstract l-2-0-3 stone -> place-block-abstract-1 25602
25613 placeblockabstract l-2-0-4 stone -> place-block-abstract-1 25614
25625 placeblockabstract l-3-0-0 stone -> place-block-abstract-1 25626
25731 placeblockabstract l-3-0-1 stone -> place-block-abstract-1 25732
25785 placeblockabstract l-3-0-3 stone -> place-block-abstract-1 25786
25801 placeblockabstract l-3-0-4 stone -> place-block-abstract-1 25802
25814 placeblockabstract l-3-0-2 stone -> place-block-abstract-1 25815
25844 placeblockabstract l-4-0-0 stone -> place-block-abstract-1 25845
25998 placeblockabstract l-4-0-1 stone -> place-block-abstract-1 25999
26093 placeblockabstract l-4-0-3 stone -> place-block-abstract-1 26094
26121 placeblockabstract l-4-0-4 stone -> place-block-abstract-1 26122
26136 placeblockabstract l-4-0-2 stone -> place-block-abstract-1 26137
26182 placeblockabstract l-5-0-2 stone -> place-block-abstract-1 26183
26203 placeblockabstract l-5-0-4 stone -> place-block-abstract-1 26204
26224 placeblockabstract l-5-0-3 stone -> place-block-abstract-1 26225
26242 placeblockabstract l-5-0-1 stone -> place-block-abstract-1 26243
26320 placeblockabstract l-5-0-0 stone -> place-block-abstract-1 26321
26490 placeblockabstract l-1-1-4 stone -> place-block-abstract-1 26491
26541 placeblockabstract l-1-3-4 stone -> place-block-abstract-1 26542
26554 placeblockabstract l-1-4-4 stone -> place-block-abstract-1 26555
26571 placeblockabstract l-1-2-4 stone -> place-block-abstract-1 26572
26820 placeblockabstract l-2-1-4 stone -> place-block-abstract-1 26821
26876 placeblockabstract l-2-2-4 stone -> place-block-abstract-1 26877
26904 placeblockabstract l-2-3-4 stone -> place-block-abstract-1 26905
26918 placeblockabstract l-2-4-4 stone -> place-block-abstract-1 26919
27038 placeblockabstract l-3-1-4 stone -> place-block-abstract-1 27039
27103 placeblockabstract l-3-2-4 stone -> place-block-abstract-1 27104
27132 placeblockabstract l-3-3-4 stone -> place-block-abstract-1 27133
27141 placeblockabstract l-3-4-4 stone -> place-block-abstract-1 27142
27156 placeblockabstract l-4-3-4 stone -> place-block-abstract-1 27157
27161 placeblockabstract l-4-4-4 stone -> place-block-abstract-1 27162
27179 placeblockabstract l-4-2-4 stone -> place-block-abstract-1 27180
27225 placeblockabstract l-4-1-4 stone -> place-block-abstract-1 27226
27498 placeblockabstract l-5-1-4 stone -> place-block-abstract-1 27499
27562 placeblockabstract l-5-3-4 stone -> place-block-abstract-1 27563
27586 placeblockabstract l-5-4-4 stone -> place-block-abstract-1 27587
27600 placeblockabstract l-5-2-4 stone -> place-block-abstract-1 27601
27812 placeblockabstract l-1-4-3 stone -> place-block-abstract-1 27813
27856 placeblockabstract l-1-4-2 stone -> place-block-abstract-1 27857
27889 placeblockabstract l-1-4-0 stone -> place-block-abstract-1 27890
27905 placeblockabstract l-1-4-1 stone -> place-block-abstract-1 27906
28144 placeblockabstract l-2-4-3 stone -> place-block-abstract-1 28145
28204 placeblockabstract l-2-4-2 stone -> place-block-abstract-1 28205
28226 placeblockabstract l-2-4-1 stone -> place-block-abstract-1 28227
28243 placeblockabstract l-2-4-0 stone -> place-block-abstract-1 28244
28259 placeblockabstract l-3-4-0 stone -> place-block-abstract-1 28260
28264 placeblockabstract l-3-4-1 stone -> place-block-abstract-1 28265
28274 placeblockabstract l-3-4-2 stone -> place-block-abstract-1 28275
28300 placeblockabstract l-3-4-3 stone -> place-block-abstract-1 28301
28643 placeblockabstract l-4-4-0 stone -> place-block-abstract-1 28644
28665 placeblockabstract l-4-4-1 stone -> place-block-abstract-1 28666
28682 placeblockabstract l-4-4-2 stone -> place-block-abstract-1 28683
28726 placeblockabstract l-4-4-3 stone -> place-block-abstract-1 28727
28969 placeblockabstract l-5-4-3 stone -> place-block-abstract-1 28970
29050 placeblockabstract l-5-4-2 stone -> place-block-abstract-1 29051
29091 placeblockabstract l-5-4-1 stone -> place-block-abstract-1 29092
29116 placeblockabstract l-5-4-0 stone -> place-block-abstract-1 29117
29244 placeblockabstract l-1-2-0 stone -> place-block-abstract-1 29245
29288 placeblockabstract l-1-1-0 stone -> place-block-abstract-1 29289
29304 placeblockabstract l-1-3-0 stone -> place-block-abstract-1 29305
29466 placeblockabstract l-2-3-0 stone -> place-block-abstract-1 29467
29533 placeblockabstract l-2-2-0 stone -> place-block-abstract-1 29534
29557 placeblockabstract l-2-1-0 stone -> place-block-abstract-1 29558
29588 placeblockabstract l-3-3-0 stone -> place-block-abstract-1 29589
29639 placeblockabstract l-3-2-0 stone -> place-block-abstract-1 29640
29679 placeblockabstract l-3-1-0 stone -> place-block-abstract-1 29680
29812 placeblockabstract l-4-3-0 stone -> place-block-abstract-1 29813
29893 placeblockabstract l-4-2-0 stone -> place-block-abstract-1 29894
29965 placeblockabstract l-4-1-0 stone -> place-block-abstract-1 29966
30320 placeblockabstract l-5-3-0 stone -> place-block-abstract-1 30321
30409 placeblockabstract l-5-0-0 stone -> place-block-abstract-2
30427 placeblockabstract l-5-1-0 stone -> place-block-abstract-1 30428
30443 placeblockabstract l-5-2-0 stone -> place-block-abstract-1 30444
30482 removeblockabstract l-1-2-0 -> remove-block-abstract-2 30483
30486 removeblockabstract l-2-2-0 -> remove-block-abstract-2 30487
30492 placeblockabstract l-6-0-0 stone -> place-block-abstract-1 30493
30595 placeblockabstract l-6-0-1 stone -> place-block-abstract-1 30596
30657 placeblockabstract l-6-0-3 stone -> place-block-abstract-1 30658
30667 placeblockabstract l-6-0-4 stone -> place-block-abstract-1 30668
30683 placeblockabstract l-6-0-2 stone -> place-block-abstract-1 30684
30713 placeblockabstract l-6-1-0 stone -> place-block-abstract-1 30714
30815 placeblockabstract l-6-1-2 stone -> place-block-abstract-1 30816
30849 placeblockabstract l-6-1-3 stone -> place-block-abstract-1 30850
30859 placeblockabstract l-6-1-4 stone -> place-block-abstract-1 30860
30871 placeblockabstract l-6-1-1 stone -> place-block-abstract-1 30872
30929 placeblockabstract l-6-2-0 stone -> place-block-abstract-1 30930
31037 placeblockabstract l-6-2-2 stone -> place-block-abstract-1 31038
31067 placeblockabstract l-6-2-3 stone -> place-block-abstract-1 31068
31079 placeblockabstract l-6-2-4 stone -> place-block-abstract-1 31080
31090 placeblockabstract l-6-2-1 stone -> place-block-abstract-1 31091
31150 placeblockabstract l-6-3-0 stone -> place-block-abstract-1 31151
31307 placeblockabstract l-6-3-1 stone -> place-block-abstract-1 31308
31402 placeblockabstract l-6-3-2 stone -> place-block-abstract-1 31403
31445 placeblockabstract l-6-3-3 stone -> place-block-abstract-1 31446
31465 placeblockabstract l-6-3-4 stone -> place-block-abstract-1 31466
31486 placeblockabstract l-6-4-0 stone -> place-block-abstract-1 31487
31628 placeblockabstract l-6-4-1 stone -> place-block-abstract-1 31629
31717 placeblockabstract l-6-4-2 stone -> place-block-abstract-1 31718
31758 placeblockabstract l-6-4-4 stone -> place-block-abstract-1 31759
31777 placeblockabstract l-6-4-3 stone -> place-block-abstract-1 31778
<==
4.766 End of solution plan. (counted length of 125)
4.766 Total amount of clauses encoded: 156102
4.766 - atmostoneelement : 57906 cls
4.766 - directframeaxioms : 34292 cls
4.766 - expansions : 22968 cls
4.766 - predecessors : 19156 cls
4.766 - actionconstraints : 10017 cls
4.766 - actioneffects : 6184 cls
4.766 - reductionconstraints : 5359 cls
4.766 - truefacts : 210 cls
4.766 - forbiddenoperations : 8 cls
4.766 - axiomaticops : 2 cls
4.766 # instantiated positions: 3920
4.766 # instantiated actions: 15875
4.766 # instantiated reductions: 3282
4.766 # introduced pseudo-constants: 0
4.766 # retroactive prunings: 6
4.766 # retroactively pruned operations: 8
4.766 # dominated operations: 0
4.766 # total invalid rigid preconditions found in getPFC: 5715
4.766 # invalid rigid preconditions found in getPFC: 4115
4.766 # invalid rigid preconditions found in getPFC in varrestrictions: 1600
4.766 # total invalid fluent preconditions found in getPFC: 3316
4.766 # invalid fluent preconditions found in getPFC: 1712
4.766 # invalid fluent preconditions found in getPFC in varrestrictions: 1604
4.766 # invalid fluent preconditions found in getPFC via postconditions: 0
4.766 # invalid subtasks found in getPFC: 0
4.766 # number effects in operation fact_frames: 120
4.766 # number of variables restricted: 15728
4.766 # number of nodes variables restricted: 7528
4.766 Exiting happily.

RUNWATCH_RESULT EXIT RETVAL 0 TIME_SECS 4.8418 MEMPEAK_KBS 213456
