    _           _         _
   \ |         \ |       | |                       
   | |     __  | |      _| |______                
   | |     \/  | |     /_   ______\                
   | |      _  | |   __  | |  ___   ___   ___       
   | |___  | | | |  / .\ | | / , | |   \ / ·_\    
   \_____\ |_| |__\ \__/ |_| \___) |_|_| \___\  
[39mL i l o t a n e  version rls-glucose4
by Dominik Schreiber <dominik.schreiber@kit.edu> 2020-2021
using SAT solver glucose4

0.005 Parser finished.
0.006 Structures extracted.
0.006 27 operators and 21 methods created.
0.011 Mined 7 new reduction preconditions (+11.5%).
0.011 Iteration 0.
0.011 Creating initial layer of size 2
0.011 Attempting to solve formula with 9 clauses (12 literals) and 1 assumptions
0.011 Unsolvable at layer 0 -- expanding.
0.011 Iteration 1.
0.011 New layer size: 2
0.011 Instantiating ...
0.012 Collected 3 relevant facts at this layer
0.012 Encoding ...
0.012 Attempting to solve formula with 63 clauses (148 literals) and 1 assumptions
0.012 Unsolvable at layer 1 -- expanding.
0.012 Iteration 2.
0.012 New layer size: 3
0.012 Instantiating ...
0.013 Collected 9 relevant facts at this layer
0.013 Encoding ...
0.013 Attempting to solve formula with 130 clauses (307 literals) and 2 assumptions
0.013 Unsolvable at layer 2 -- expanding.
0.013 Iteration 3.
0.013 New layer size: 4
0.013 Instantiating ...
0.013 Retroactively prune action (__SURROGATE*m7_bring_tent*drive_tent* place0 Q_3,0_person:0_fb9f54bc1ee2c388 Q_3,0_place:0_fabddced09ddb15d Q_3,0_car:0_4008a4c4dc32060f Q_3,0_tent:0_9d27580cd50d4fdb) due to impossible effect !(at_car Q_3,0_car:0_4008a4c4dc32060f Q_3,0_place:0_fabddced09ddb15d)
0.014 Collected 13 relevant facts at this layer
0.014 Encoding ...
0.014 Attempting to solve formula with 342 clauses (846 literals) and 3 assumptions
0.014 Unsolvable at layer 3 -- expanding.
0.014 Iteration 4.
0.014 New layer size: 7
0.014 Instantiating ...
0.017 Collected 20 relevant facts at this layer
0.017 Encoding ...
0.017 Attempting to solve formula with 826 clauses (2295 literals) and 3 assumptions
0.017 Unsolvable at layer 4 -- expanding.
0.017 Iteration 5.
0.017 New layer size: 17
0.017 Instantiating ...
0.023 Collected 38 relevant facts at this layer
0.023 Encoding ...
0.024 Attempting to solve formula with 2259 clauses (6398 literals) and 6 assumptions
0.025 Unsolvable at layer 5 -- expanding.
0.025 Iteration 6.
0.025 New layer size: 37
0.025 Instantiating ...
0.036 Collected 54 relevant facts at this layer
0.036 Encoding ...
0.040 Attempting to solve formula with 5654 clauses (16128 literals) and 12 assumptions
0.041 Unsolvable at layer 6 -- expanding.
0.041 Iteration 7.
0.041 New layer size: 77
0.041 Instantiating ...
0.063 Collected 83 relevant facts at this layer
0.063 Encoding ...
0.075 Attempting to solve formula with 13864 clauses (39637 literals) and 24 assumptions
0.076 Unsolvable at layer 7 -- expanding.
0.076 Iteration 8.
0.076 New layer size: 164
0.076 Instantiating ...
0.122 Collected 102 relevant facts at this layer
0.122 Encoding ...
0.149 Attempting to solve formula with 33338 clauses (95248 literals) and 48 assumptions
0.150 Unsolvable at layer 8 -- expanding.
0.150 Iteration 9.
0.150 New layer size: 324
0.150 Instantiating ...
0.194 Retroactively prune reduction (m2_trip_to2 Q_1,0_couple:0_27ca04ed8b064588 place4 place1 place5)@(8,76): no children at offset 1
0.218 Retroactively prune reduction (m2_trip_to2 Q_1,0_couple:0_27ca04ed8b064588 place4 place2 place5)@(8,116): no children at offset 1
0.230 Retroactively prune reduction (m2_trip_to2 Q_1,0_couple:0_27ca04ed8b064588 place4 place3 place5)@(8,136): no children at offset 1
0.236 Retroactively prune reduction (m2_trip_to2 Q_1,0_couple:0_27ca04ed8b064588 place4 place4 place5)@(8,146): no children at offset 1
0.241 Collected 102 relevant facts at this layer
0.241 Encoding ...
0.292 Attempting to solve formula with 66434 clauses (181708 literals) and 53 assumptions
0.294 Unsolvable at layer 9 -- expanding.
0.294 Iteration 10.
0.294 New layer size: 631
0.294 Instantiating ...
0.335 Retroactively prune reduction (m2_trip_to2 Q_1,0_couple:0_27ca04ed8b064588 place4 place1 place5)@(9,77): no children at offset 1
0.362 Retroactively prune reduction (m2_trip_to2 Q_1,0_couple:0_27ca04ed8b064588 place4 place2 place5)@(9,197): no children at offset 1
0.376 Retroactively prune reduction (m2_trip_to2 Q_1,0_couple:0_27ca04ed8b064588 place4 place3 place5)@(9,257): no children at offset 1
0.384 Retroactively prune reduction (m2_trip_to2 Q_1,0_couple:0_27ca04ed8b064588 place4 place4 place5)@(9,287): no children at offset 1
0.393 Collected 102 relevant facts at this layer
0.393 Encoding ...
0.461 Attempting to solve formula with 101790 clauses (274303 literals) and 58 assumptions
0.464 Unsolvable at layer 10 -- expanding.
0.464 Iteration 11.
0.464 New layer size: 943
0.464 Instantiating ...
0.504 Retroactively prune reduction (m2_trip_to2 Q_1,0_couple:0_27ca04ed8b064588 place4 place1 place5)@(10,78): no children at offset 1
0.536 Retroactively prune reduction (m2_trip_to2 Q_1,0_couple:0_27ca04ed8b064588 place4 place2 place5)@(10,357): no children at offset 1
0.553 Retroactively prune reduction (m2_trip_to2 Q_1,0_couple:0_27ca04ed8b064588 place4 place3 place5)@(10,496): no children at offset 1
0.563 Retroactively prune reduction (m2_trip_to2 Q_1,0_couple:0_27ca04ed8b064588 place4 place4 place5)@(10,565): no children at offset 1
0.576 Collected 102 relevant facts at this layer
0.576 Encoding ...
0.661 Attempting to solve formula with 139500 clauses (372985 literals) and 63 assumptions
c last restart ## conflicts  :  76 10660 
0.702 Found a solution at layer 11.
==>
30192 put_down girl0 place0 tent2
30200 nop
30273 drive_tent guy2 place0 place1 car1 tent2
35625 drive girl2 place0 place1 car3
35920 put_up guy2 place1 tent2
35923 drive_passenger girl2 place1 place0 car3 guy2
35925 walk_together tent2 place1 guy0 place0 girl0 couple0
35931 walk_together tent2 place1 guy1 place0 girl1 couple1
35935 walk_together tent2 place1 guy2 place0 girl2 couple2
35938 nop
35998 put_down girl2 place1 tent2
36001 drive_passenger guy2 place1 place0 car1 girl2
36004 drive guy2 place0 place1 car1
36007 drive girl2 place0 place1 car3
36012 drive_tent guy2 place1 place2 car1 tent2
38733 drive girl2 place1 place2 car3
38871 put_up guy2 place2 tent2
38874 drive_passenger girl2 place2 place1 car3 guy2
38877 walk_together tent2 place2 guy0 place1 girl0 couple0
38881 walk_together tent2 place2 guy2 place1 girl2 couple2
38885 walk_together tent2 place2 guy1 place1 girl1 couple1
38890 nop
38945 put_down girl2 place2 tent2
38948 drive_passenger guy2 place2 place1 car1 girl2
38951 drive guy2 place1 place2 car1
38954 drive girl2 place1 place2 car3
38958 drive_tent guy2 place2 place3 car3 tent2
40363 drive girl2 place2 place3 car1
40422 put_up guy2 place3 tent2
40425 drive_passenger girl2 place3 place2 car1 guy2
40429 walk_together tent2 place3 guy2 place2 girl2 couple2
40433 walk_together tent2 place3 guy1 place2 girl1 couple1
40437 walk_together tent2 place3 guy0 place2 girl0 couple0
40440 nop
40492 put_down girl2 place3 tent2
40495 drive_passenger guy2 place3 place2 car3 girl2
40498 drive guy2 place2 place3 car3
40501 drive girl2 place2 place3 car1
40506 drive_tent guy2 place3 place4 car3 tent2
41248 drive girl2 place3 place4 car1
41270 put_up guy2 place4 tent2
41273 drive_passenger girl2 place4 place3 car1 guy2
41276 walk_together tent2 place4 guy0 place3 girl0 couple0
41279 walk_together tent2 place4 guy1 place3 girl1 couple1
41285 walk_together tent2 place4 guy2 place3 girl2 couple2
41288 nop
41335 put_down girl2 place4 tent2
41339 drive_passenger guy2 place4 place3 car3 girl2
41342 drive guy2 place3 place4 car3
41345 drive girl2 place3 place4 car1
41348 drive_tent guy2 place4 place5 car1 tent2
41838 drive girl2 place4 place5 car3
41841 put_up guy2 place5 tent2
41844 drive_passenger girl2 place5 place4 car3 guy2
41848 walk_together tent2 place5 guy1 place4 girl1 couple1
41851 walk_together tent2 place5 guy2 place4 girl2 couple2
41855 walk_together tent2 place5 guy0 place4 girl0 couple0
41858 nop
41907 put_down girl2 place5 tent2
41910 drive_passenger guy2 place5 place4 car1 girl2
41913 drive guy2 place4 place5 car1
41916 drive girl2 place4 place5 car3
root 11
11 everyone_go_hiking place5 -> m14_everyone_go_hiking 30 38
30 prepare_trip place0 -> m6_prepare_trip 30191 30199
38 trip_to1 couple2 place5 -> m0_trip_to1 124
124 trip_to2 couple2 place0 place5 -> m2_trip_to2 213 248
213 trip_to2 couple2 place0 place1 -> m3_trip_to2 30273 35625 35920 35923 493 35998 36001 36004 36007
248 trip_to2 couple2 place1 place5 -> m2_trip_to2 633 678
493 walk_everyone tent2 place1 place0 -> m5_walk_everyone 35925 1253
633 trip_to2 couple2 place1 place2 -> m3_trip_to2 36012 38733 38871 38874 1490 38945 38948 38951 38954
678 trip_to2 couple2 place2 place5 -> m2_trip_to2 1630 1675
1253 walk_everyone tent2 place1 place0 -> m5_walk_everyone 35931 2988
1490 walk_everyone tent2 place2 place1 -> m5_walk_everyone 38877 3589
1630 trip_to2 couple2 place2 place3 -> m3_trip_to2 38958 40363 40422 40425 3884 40492 40495 40498 40501
1675 trip_to2 couple2 place3 place5 -> m2_trip_to2 4023 4070
2988 walk_everyone tent2 place1 place0 -> m5_walk_everyone 35935 35937
3589 walk_everyone tent2 place2 place1 -> m5_walk_everyone 38881 8152
3884 walk_everyone tent2 place3 place2 -> m5_walk_everyone 40429 8800
4023 trip_to2 couple2 place3 place4 -> m3_trip_to2 40506 41248 41270 41273 9133 41335 41339 41342 41345
4070 trip_to2 couple2 place4 place5 -> m3_trip_to2 41348 41838 41841 41844 9467 41907 41910 41913 41916
8152 walk_everyone tent2 place2 place1 -> m5_walk_everyone 38885 38889
8800 walk_everyone tent2 place3 place2 -> m5_walk_everyone 40433 18312
9133 walk_everyone tent2 place4 place3 -> m5_walk_everyone 41276 18938
9467 walk_everyone tent2 place5 place4 -> m5_walk_everyone 41848 19347
18312 walk_everyone tent2 place3 place2 -> m5_walk_everyone 40437 40439
18938 walk_everyone tent2 place4 place3 -> m5_walk_everyone 41279 29644
19347 walk_everyone tent2 place5 place4 -> m5_walk_everyone 41851 30132
29644 walk_everyone tent2 place4 place3 -> m5_walk_everyone 41285 41287
30132 walk_everyone tent2 place5 place4 -> m5_walk_everyone 41855 41857
30191 bring_tent place0 -> m10_bring_tent 30192
30199 bring_cars place0 -> m11_bring_cars 30200
35937 walk_everyone tent2 place1 place0 -> m4_walk_everyone 35938
38889 walk_everyone tent2 place2 place1 -> m4_walk_everyone 38890
40439 walk_everyone tent2 place3 place2 -> m4_walk_everyone 40440
41287 walk_everyone tent2 place4 place3 -> m4_walk_everyone 41288
41857 walk_everyone tent2 place5 place4 -> m4_walk_everyone 41858
<==
0.717 End of solution plan. (counted length of 62)
0.717 Total amount of clauses encoded: 139500
0.717 - directframeaxioms : 76394 cls
0.717 - qfactsemantics : 20617 cls
0.717 - indirectframeaxioms : 9975 cls
0.717 - reductionconstraints : 9614 cls
0.717 - substitutionconstraints : 4524 cls
0.717 - expansions : 4279 cls
0.717 - qconstequality : 3780 cls
0.717 - predecessors : 3427 cls
0.717 - atmostoneelement : 2600 cls
0.717 - actionconstraints : 2028 cls
0.717 - actioneffects : 1876 cls
0.717 - forbiddenoperations : 282 cls
0.717 - truefacts : 102 cls
0.717 - axiomaticops : 2 cls
0.717 # instantiated positions: 2210
0.717 # instantiated actions: 3923
0.717 # instantiated reductions: 510
0.717 # introduced pseudo-constants: 1084
0.717 # retroactive prunings: 13
0.717 # retroactively pruned operations: 799
0.717 # dominated operations: 0
0.717 # total invalid rigid preconditions found in getPFC: 0
0.717 # invalid rigid preconditions found in getPFC: 0
0.717 # invalid rigid preconditions found in getPFC in varrestrictions: 0
0.717 # total invalid fluent preconditions found in getPFC: 0
0.717 # invalid fluent preconditions found in getPFC: 0
0.717 # invalid fluent preconditions found in getPFC in varrestrictions: 0
0.717 # invalid fluent preconditions found in getPFC via postconditions: 0
0.717 # invalid subtasks found in getPFC: 0
0.717 # number effects in operation fact_frames: 242
0.717 Exiting happily.

RUNWATCH_RESULT EXIT RETVAL 0 TIME_SECS 0.729004 MEMPEAK_KBS 848
