    _           _         _
   \ |         \ |       | |                       
   | |     __  | |      _| |______                
   | |     \/  | |     /_   ______\                
   | |      _  | |   __  | |  ___   ___   ___       
   | |___  | | | |  / .\ | | / , | |   \ / ·_\    
   \_____\ |_| |__\ \__/ |_| \___) |_|_| \___\  
[39mL i l o t a n e  version rls-glucose4
by Dominik Schreiber <dominik.schreiber@kit.edu> 2020-2021
using SAT solver glucose4

0.052 Parser finished.
0.053 Structures extracted.
0.067 312 operators and 305 methods created.
1.750 Mined 582 new reduction preconditions (+90.1%).
1.750 Iteration 0.
1.750 Creating initial layer of size 2
1.896 Attempting to solve formula with 3 clauses (3 literals) and 1 assumptions
1.896 Unsolvable at layer 0 -- expanding.
1.896 Iteration 1.
1.896 New layer size: 5
1.896 Instantiating ...
2.169 Collected 9 relevant facts at this layer
2.169 Encoding ...
2.172 Attempting to solve formula with 145 clauses (347 literals) and 4 assumptions
2.172 Unsolvable at layer 1 -- expanding.
2.172 Iteration 2.
2.172 New layer size: 9
2.172 Instantiating ...
4.281 Collected 167 relevant facts at this layer
4.281 Encoding ...
4.292 Attempting to solve formula with 23078 clauses (52532 literals) and 4 assumptions
4.292 Unsolvable at layer 2 -- expanding.
4.292 Iteration 3.
4.292 New layer size: 13
4.292 Instantiating ...
10.296 Collected 319 relevant facts at this layer
10.296 Encoding ...
10.319 Attempting to solve formula with 64051 clauses (151757 literals) and 8 assumptions
10.320 Unsolvable at layer 3 -- expanding.
10.320 Iteration 4.
10.320 New layer size: 39
10.320 Instantiating ...
20.768 Collected 572 relevant facts at this layer
20.768 Encoding ...
20.844 Attempting to solve formula with 145527 clauses (372494 literals) and 19 assumptions
20.848 Unsolvable at layer 4 -- expanding.
20.848 Iteration 5.
20.848 New layer size: 90
20.848 Instantiating ...
47.799 Collected 1036 relevant facts at this layer
47.799 Encoding ...
48.042 Attempting to solve formula with 429382 clauses (1126810 literals) and 35 assumptions
48.060 Unsolvable at layer 5 -- expanding.
48.060 Iteration 6.
48.060 New layer size: 157
48.060 Instantiating ...
120.853 Collected 1036 relevant facts at this layer
120.853 Encoding ...
121.352 Attempting to solve formula with 1097889 clauses (2860307 literals) and 62 assumptions
121.405 Unsolvable at layer 6 -- expanding.
121.405 Iteration 7.
121.405 New layer size: 292
121.405 Instantiating ...
270.430 Collected 1228 relevant facts at this layer
270.430 Encoding ...
271.562 Attempting to solve formula with 2440435 clauses (6494074 literals) and 120 assumptions
271.719 Unsolvable at layer 7 -- expanding.
271.719 Iteration 8.
271.719 New layer size: 590
271.719 Instantiating ...
539.744 Collected 1484 relevant facts at this layer
539.744 Encoding ...
542.400 Attempting to solve formula with 5393050 clauses (14957260 literals) and 237 assumptions
542.746 Unsolvable at layer 8 -- expanding.
542.746 Iteration 9.
542.747 New layer size: 1149
542.747 Instantiating ...
1072.790 Collected 1484 relevant facts at this layer
1072.790 Encoding ...
1078.873 Attempting to solve formula with 11795309 clauses (33511559 literals) and 444 assumptions
1082.753 Unsolvable at layer 9 -- expanding.
1082.753 Iteration 10.
1082.754 New layer size: 2133
1082.754 Instantiating ...
1803.034 Termination signal caught.
1803.034 Total amount of clauses encoded: 11795309
1803.034 - reductionconstraints : 4738399 cls
1803.034 - directframeaxioms : 3456104 cls
1803.034 - qfactsemantics : 1452298 cls
1803.034 - indirectframeaxioms : 958483 cls
1803.034 - substitutionconstraints : 474223 cls
1803.034 - atmostoneelement : 434915 cls
1803.034 - qconstequality : 105061 cls
1803.034 - expansions : 77391 cls
1803.034 - predecessors : 46286 cls
1803.034 - actionconstraints : 33019 cls
1803.034 - actioneffects : 17644 cls
1803.034 - truefacts : 1484 cls
1803.034 - axiomaticops : 2 cls
1803.034 # instantiated positions: 3649
1803.034 # instantiated actions: 33626
1803.034 # instantiated reductions: 42282
1803.034 # introduced pseudo-constants: 12167
1803.034 # retroactive prunings: 16
1803.034 # retroactively pruned operations: 16
1803.034 # dominated operations: 4689
1803.034 # total invalid rigid preconditions found in getPFC: 80315
1803.034 # invalid rigid preconditions found in getPFC: 0
1803.034 # invalid rigid preconditions found in getPFC in varrestrictions: 80315
1803.034 # total invalid fluent preconditions found in getPFC: 2598313
1803.034 # invalid fluent preconditions found in getPFC: 30859
1803.034 # invalid fluent preconditions found in getPFC in varrestrictions: 0
1803.034 # invalid fluent preconditions found in getPFC via postconditions: 2567454
1803.034 # invalid subtasks found in getPFC: 16
1803.034 # number effects in operation fact_frames: 14208
1803.034 Exiting happily.

RUNWATCH_RESULT TIMEOUT RETVAL 0 TIME_SECS 1803.28 MEMPEAK_KBS 3942144
