    _           _         _
   \ |         \ |       | |                       
   | |     __  | |      _| |______                
   | |     \/  | |     /_   ______\                
   | |      _  | |   __  | |  ___   ___   ___       
   | |___  | | | |  / .\ | | / , | |   \ / ·_\    
   \_____\ |_| |__\ \__/ |_| \___) |_|_| \___\  
[39mL i l o t a n e  version rls-glucose4
by Dominik Schreiber <dominik.schreiber@kit.edu> 2020-2021
using SAT solver glucose4

0.004 Parser finished.
0.004 Structures extracted.
0.004 8 operators and 6 methods created.
0.008 Mined 7 new reduction preconditions (+35.0%).
0.008 Iteration 0.
0.008 Creating initial layer of size 2
0.016 Attempting to solve formula with 3 clauses (3 literals) and 1 assumptions
0.016 Unsolvable at layer 0 -- expanding.
0.016 Iteration 1.
0.016 New layer size: 2
0.016 Instantiating ...
0.026 Collected 0 relevant facts at this layer
0.026 Encoding ...
0.026 Attempting to solve formula with 102 clauses (257 literals) and 1 assumptions
0.026 Unsolvable at layer 1 -- expanding.
0.026 Iteration 2.
0.026 New layer size: 4
0.026 Instantiating ...
0.040 Collected 34 relevant facts at this layer
0.040 Encoding ...
0.041 Attempting to solve formula with 678 clauses (1890 literals) and 2 assumptions
0.041 Unsolvable at layer 2 -- expanding.
0.041 Iteration 3.
0.041 New layer size: 7
0.041 Instantiating ...
0.071 Collected 109 relevant facts at this layer
0.071 Encoding ...
0.072 Attempting to solve formula with 2256 clauses (6413 literals) and 3 assumptions
0.072 Unsolvable at layer 3 -- expanding.
0.072 Iteration 4.
0.072 New layer size: 11
0.072 Instantiating ...
0.119 Collected 109 relevant facts at this layer
0.119 Encoding ...
0.122 Attempting to solve formula with 5121 clauses (15377 literals) and 4 assumptions
0.123 Unsolvable at layer 4 -- expanding.
0.123 Iteration 5.
0.123 New layer size: 16
0.123 Instantiating ...
0.188 Collected 109 relevant facts at this layer
0.188 Encoding ...
0.193 Attempting to solve formula with 9267 clauses (28620 literals) and 5 assumptions
c last restart ## conflicts  :  0 380 
0.193 Found a solution at layer 5.
==>
1082 move-short viper px2y1 px2y2
1085 move-short viper px1y1 px2y1
1089 move-short viper px0y1 px1y1
1136 strike viper px0y1 px0y0
root 5
5 hunt -> hunt_all 28 1136 108
28 move viper px2y2 px0y1 -> move-short-snake 1082 293
108 hunt -> hunt_done
293 move viper px2y1 px0y1 -> move-short-snake 1085 701
701 move viper px1y1 px0y1 -> move-short-snake 1089 1092
1092 move viper px0y1 px0y1 -> move-base
<==
0.194 End of solution plan. (counted length of 4)
0.194 Total amount of clauses encoded: 9267
0.194 - directframeaxioms : 3424 cls
0.194 - reductionconstraints : 1625 cls
0.194 - qfactsemantics : 1330 cls
0.194 - indirectframeaxioms : 932 cls
0.194 - substitutionconstraints : 844 cls
0.194 - qconstequality : 563 cls
0.194 - truefacts : 109 cls
0.194 - atmostoneelement : 101 cls
0.194 - predecessors : 99 cls
0.194 - expansions : 95 cls
0.194 - actioneffects : 79 cls
0.194 - actionconstraints : 64 cls
0.194 - axiomaticops : 2 cls
0.194 # instantiated positions: 41
0.194 # instantiated actions: 64
0.194 # instantiated reductions: 36
0.194 # introduced pseudo-constants: 36
0.194 # retroactive prunings: 0
0.194 # retroactively pruned operations: 0
0.194 # dominated operations: 0
0.194 # total invalid rigid preconditions found in getPFC: 0
0.194 # invalid rigid preconditions found in getPFC: 0
0.194 # invalid rigid preconditions found in getPFC in varrestrictions: 0
0.194 # total invalid fluent preconditions found in getPFC: 28
0.194 # invalid fluent preconditions found in getPFC: 28
0.194 # invalid fluent preconditions found in getPFC in varrestrictions: 0
0.194 # invalid fluent preconditions found in getPFC via postconditions: 0
0.194 # invalid subtasks found in getPFC: 0
0.194 # number effects in operation fact_frames: 106
0.194 # number of variables restricted: 2252
0.194 # number of nodes variables restricted: 1074
0.194 Exiting happily.

RUNWATCH_RESULT EXIT RETVAL 0 TIME_SECS 0.20166 MEMPEAK_KBS 864
