    _           _         _
   \ |         \ |       | |                       
   | |     __  | |      _| |______                
   | |     \/  | |     /_   ______\                
   | |      _  | |   __  | |  ___   ___   ___       
   | |___  | | | |  / .\ | | / , | |   \ / ·_\    
   \_____\ |_| |__\ \__/ |_| \___) |_|_| \___\  
[39mL i l o t a n e  version rls-cadical
by Dominik Schreiber <dominik.schreiber@kit.edu> 2020-2021
using SAT solver cadical

1.046 Parser finished.
1.047 Structures extracted.
1.048 38 operators and 17 methods created.
1.097 Mined 30 new reduction preconditions (+96.8%).
1.097 Iteration 0.
1.097 Creating initial layer of size 2
1.124 Attempting to solve formula with 159 clauses (237 literals) and 1 assumptions
1.124 Unsolvable at layer 0 -- expanding.
1.124 Iteration 1.
1.124 New layer size: 79
1.124 Instantiating ...
2.080 Collected 78 relevant facts at this layer
2.080 Encoding ...
2.156 Attempting to solve formula with 64008 clauses (145133 literals) and 78 assumptions
2.156 Unsolvable at layer 1 -- expanding.
2.156 Iteration 2.
2.157 New layer size: 313
2.157 Instantiating ...
5.267 Collected 4598 relevant facts at this layer
5.267 Encoding ...
7.569 Attempting to solve formula with 1616632 clauses (5111116 literals) and 180 assumptions
7.569 Unsolvable at layer 2 -- expanding.
7.569 Iteration 3.
7.569 New layer size: 571
7.569 Instantiating ...
28.938 Collected 4728 relevant facts at this layer
28.938 Encoding ...
34.532 Attempting to solve formula with 6290154 clauses (20812543 literals) and 180 assumptions
34.905 Unsolvable at layer 3 -- expanding.
34.905 Iteration 4.
34.905 New layer size: 1009
34.905 Instantiating ...
108.053 Collected 4728 relevant facts at this layer
108.053 Encoding ...
124.740 Attempting to solve formula with 16483864 clauses (61851801 literals) and 180 assumptions
132.030 Unsolvable at layer 4 -- expanding.
132.030 Iteration 5.
132.031 New layer size: 1549
132.031 Instantiating ...
248.695 Collected 4728 relevant facts at this layer
248.695 Encoding ...
279.859 Attempting to solve formula with 30982346 clauses (122107253 literals) and 180 assumptions
1801.005 Termination signal caught.
1801.005 Total amount of clauses encoded: 30982346
1801.005 - directframeaxioms : 9906440 cls
1801.005 - indirectframeaxioms : 8162426 cls
1801.005 - qfactsemantics : 6928202 cls
1801.005 - substitutionconstraints : 4751134 cls
1801.005 - reductionconstraints : 998600 cls
1801.005 - qconstequality : 197146 cls
1801.005 - expansions : 8637 cls
1801.005 - predecessors : 8148 cls
1801.005 - atmostoneelement : 7102 cls
1801.005 - actionconstraints : 6987 cls
1801.005 - truefacts : 4728 cls
1801.005 - actioneffects : 2794 cls
1801.005 - axiomaticops : 2 cls
1801.005 # instantiated positions: 3522
1801.005 # instantiated actions: 7350
1801.005 # instantiated reductions: 799
1801.005 # introduced pseudo-constants: 1056
1801.005 # retroactive prunings: 0
1801.005 # retroactively pruned operations: 0
1801.005 # dominated operations: 0
1801.005 # total invalid rigid preconditions found in getPFC: 49
1801.005 # invalid rigid preconditions found in getPFC: 0
1801.005 # invalid rigid preconditions found in getPFC in varrestrictions: 49
1801.005 # total invalid fluent preconditions found in getPFC: 4
1801.005 # invalid fluent preconditions found in getPFC: 4
1801.005 # invalid fluent preconditions found in getPFC in varrestrictions: 0
1801.005 # invalid fluent preconditions found in getPFC via postconditions: 0
1801.005 # invalid operations found in getPFC via subtasks: 0
1801.005 # invalid operations found in getPFC via postconditions: 0
1801.005 # number effects in operation fact_frames: 428
1801.005 # number of variables restricted: 1143
1801.005 # number of nodes variables restricted: 909
1801.005 Exiting happily.

RUNWATCH_RESULT TIMEOUT RETVAL 0 TIME_SECS 1801.7 MEMPEAK_KBS 13093992
