    _           _         _
   \ |         \ |       | |                       
   | |     __  | |      _| |______                
   | |     \/  | |     /_   ______\                
   | |      _  | |   __  | |  ___   ___   ___       
   | |___  | | | |  / .\ | | / , | |   \ / ·_\    
   \_____\ |_| |__\ \__/ |_| \___) |_|_| \___\  
[39mL i l o t a n e  version rls-cadical
by Dominik Schreiber <dominik.schreiber@kit.edu> 2020-2021
using SAT solver cadical

9.715 Parser finished.
9.765 Structures extracted.
9.770 18 operators and 15 methods created.
12.480 Mined 2 new reduction preconditions (+9.5%).
12.480 Iteration 0.
12.480 Creating initial layer of size 2
ROBIN_HOOD OVERFLOW
15.046 Attempting to solve formula with 3 clauses (3 literals) and 1 assumptions
15.046 Unsolvable at layer 0 -- expanding.
15.046 Iteration 1.
15.046 New layer size: 2
15.046 Instantiating ...
ROBIN_HOOD OVERFLOW
17.821 Collected 0 relevant facts at this layer
17.821 Encoding ...
18.148 Attempting to solve formula with 8 clauses (12 literals) and 1 assumptions
18.148 Unsolvable at layer 1 -- expanding.
18.148 Iteration 2.
18.200 New layer size: 7
18.200 Instantiating ...
ROBIN_HOOD OVERFLOW
ROBIN_HOOD OVERFLOW
ROBIN_HOOD OVERFLOW
ROBIN_HOOD OVERFLOW
ROBIN_HOOD OVERFLOW
27.012 Collected 0 relevant facts at this layer
27.012 Encoding ...
27.791 Attempting to solve formula with 28 clauses (46 literals) and 6 assumptions
27.791 Unsolvable at layer 2 -- expanding.
27.791 Iteration 3.
27.834 New layer size: 13
27.834 Instantiating ...
ROBIN_HOOD OVERFLOW
ROBIN_HOOD OVERFLOW
ROBIN_HOOD OVERFLOW
ROBIN_HOOD OVERFLOW
ROBIN_HOOD OVERFLOW
ROBIN_HOOD OVERFLOW
ROBIN_HOOD OVERFLOW
ROBIN_HOOD OVERFLOW
ROBIN_HOOD OVERFLOW
ROBIN_HOOD OVERFLOW
ROBIN_HOOD OVERFLOW
ROBIN_HOOD OVERFLOW
ROBIN_HOOD OVERFLOW
ROBIN_HOOD OVERFLOW
ROBIN_HOOD OVERFLOW
49.642 Collected 4 relevant facts at this layer
49.642 Encoding ...
51.205 Attempting to solve formula with 100 clauses (187 literals) and 10 assumptions
51.205 Unsolvable at layer 3 -- expanding.
51.205 Iteration 4.
51.205 New layer size: 23
51.205 Instantiating ...
ROBIN_HOOD OVERFLOW
ROBIN_HOOD OVERFLOW
ROBIN_HOOD OVERFLOW
ROBIN_HOOD OVERFLOW
ROBIN_HOOD OVERFLOW
ROBIN_HOOD OVERFLOW
ROBIN_HOOD OVERFLOW
ROBIN_HOOD OVERFLOW
ROBIN_HOOD OVERFLOW
ROBIN_HOOD OVERFLOW
ROBIN_HOOD OVERFLOW
ROBIN_HOOD OVERFLOW
ROBIN_HOOD OVERFLOW
ROBIN_HOOD OVERFLOW
ROBIN_HOOD OVERFLOW
ROBIN_HOOD OVERFLOW
ROBIN_HOOD OVERFLOW
ROBIN_HOOD OVERFLOW
ROBIN_HOOD OVERFLOW
ROBIN_HOOD OVERFLOW
ROBIN_HOOD OVERFLOW
ROBIN_HOOD OVERFLOW
ROBIN_HOOD OVERFLOW
ROBIN_HOOD OVERFLOW
ROBIN_HOOD OVERFLOW
ROBIN_HOOD OVERFLOW
ROBIN_HOOD OVERFLOW
ROBIN_HOOD OVERFLOW
ROBIN_HOOD OVERFLOW
ROBIN_HOOD OVERFLOW
ROBIN_HOOD OVERFLOW
ROBIN_HOOD OVERFLOW
ROBIN_HOOD OVERFLOW
ROBIN_HOOD OVERFLOW
ROBIN_HOOD OVERFLOW
100.993 Collected 14 relevant facts at this layer
100.993 Encoding ...
103.869 Attempting to solve formula with 708 clauses (1646 literals) and 20 assumptions
103.869 Unsolvable at layer 4 -- expanding.
103.869 Iteration 5.
103.869 New layer size: 43
103.869 Instantiating ...
ROBIN_HOOD OVERFLOW
ROBIN_HOOD OVERFLOW
ROBIN_HOOD OVERFLOW
ROBIN_HOOD OVERFLOW
ROBIN_HOOD OVERFLOW
ROBIN_HOOD OVERFLOW
ROBIN_HOOD OVERFLOW
ROBIN_HOOD OVERFLOW
ROBIN_HOOD OVERFLOW
ROBIN_HOOD OVERFLOW
ROBIN_HOOD OVERFLOW
ROBIN_HOOD OVERFLOW
ROBIN_HOOD OVERFLOW
ROBIN_HOOD OVERFLOW
ROBIN_HOOD OVERFLOW
ROBIN_HOOD OVERFLOW
ROBIN_HOOD OVERFLOW
ROBIN_HOOD OVERFLOW
ROBIN_HOOD OVERFLOW
ROBIN_HOOD OVERFLOW
ROBIN_HOOD OVERFLOW
ROBIN_HOOD OVERFLOW
ROBIN_HOOD OVERFLOW
ROBIN_HOOD OVERFLOW
ROBIN_HOOD OVERFLOW
ROBIN_HOOD OVERFLOW
ROBIN_HOOD OVERFLOW
ROBIN_HOOD OVERFLOW
ROBIN_HOOD OVERFLOW
ROBIN_HOOD OVERFLOW
ROBIN_HOOD OVERFLOW
ROBIN_HOOD OVERFLOW
ROBIN_HOOD OVERFLOW
ROBIN_HOOD OVERFLOW
ROBIN_HOOD OVERFLOW
ROBIN_HOOD OVERFLOW
ROBIN_HOOD OVERFLOW
ROBIN_HOOD OVERFLOW
ROBIN_HOOD OVERFLOW
ROBIN_HOOD OVERFLOW
ROBIN_HOOD OVERFLOW
ROBIN_HOOD OVERFLOW
ROBIN_HOOD OVERFLOW
ROBIN_HOOD OVERFLOW
ROBIN_HOOD OVERFLOW
ROBIN_HOOD OVERFLOW
ROBIN_HOOD OVERFLOW
ROBIN_HOOD OVERFLOW
ROBIN_HOOD OVERFLOW
ROBIN_HOOD OVERFLOW
ROBIN_HOOD OVERFLOW
ROBIN_HOOD OVERFLOW
ROBIN_HOOD OVERFLOW
ROBIN_HOOD OVERFLOW
ROBIN_HOOD OVERFLOW
ROBIN_HOOD OVERFLOW
ROBIN_HOOD OVERFLOW
ROBIN_HOOD OVERFLOW
ROBIN_HOOD OVERFLOW
ROBIN_HOOD OVERFLOW
ROBIN_HOOD OVERFLOW
ROBIN_HOOD OVERFLOW
ROBIN_HOOD OVERFLOW
ROBIN_HOOD OVERFLOW
ROBIN_HOOD OVERFLOW
ROBIN_HOOD OVERFLOW
ROBIN_HOOD OVERFLOW
ROBIN_HOOD OVERFLOW
ROBIN_HOOD OVERFLOW
ROBIN_HOOD OVERFLOW
ROBIN_HOOD OVERFLOW
ROBIN_HOOD OVERFLOW
ROBIN_HOOD OVERFLOW
ROBIN_HOOD OVERFLOW
ROBIN_HOOD OVERFLOW
212.495 Collected 34 relevant facts at this layer
212.495 Encoding ...
217.930 Attempting to solve formula with 4119 clauses (10195 literals) and 40 assumptions
217.930 Unsolvable at layer 5 -- expanding.
217.930 Iteration 6.
217.930 New layer size: 83
217.930 Instantiating ...
ROBIN_HOOD OVERFLOW
ROBIN_HOOD OVERFLOW
ROBIN_HOOD OVERFLOW
ROBIN_HOOD OVERFLOW
ROBIN_HOOD OVERFLOW
ROBIN_HOOD OVERFLOW
ROBIN_HOOD OVERFLOW
ROBIN_HOOD OVERFLOW
ROBIN_HOOD OVERFLOW
ROBIN_HOOD OVERFLOW
ROBIN_HOOD OVERFLOW
ROBIN_HOOD OVERFLOW
ROBIN_HOOD OVERFLOW
ROBIN_HOOD OVERFLOW
ROBIN_HOOD OVERFLOW
ROBIN_HOOD OVERFLOW
ROBIN_HOOD OVERFLOW
ROBIN_HOOD OVERFLOW
ROBIN_HOOD OVERFLOW
ROBIN_HOOD OVERFLOW
ROBIN_HOOD OVERFLOW
ROBIN_HOOD OVERFLOW
ROBIN_HOOD OVERFLOW
ROBIN_HOOD OVERFLOW
ROBIN_HOOD OVERFLOW
ROBIN_HOOD OVERFLOW
ROBIN_HOOD OVERFLOW
ROBIN_HOOD OVERFLOW
ROBIN_HOOD OVERFLOW
ROBIN_HOOD OVERFLOW
ROBIN_HOOD OVERFLOW
ROBIN_HOOD OVERFLOW
ROBIN_HOOD OVERFLOW
ROBIN_HOOD OVERFLOW
ROBIN_HOOD OVERFLOW
ROBIN_HOOD OVERFLOW
ROBIN_HOOD OVERFLOW
ROBIN_HOOD OVERFLOW
ROBIN_HOOD OVERFLOW
ROBIN_HOOD OVERFLOW
ROBIN_HOOD OVERFLOW
ROBIN_HOOD OVERFLOW
ROBIN_HOOD OVERFLOW
ROBIN_HOOD OVERFLOW
ROBIN_HOOD OVERFLOW
ROBIN_HOOD OVERFLOW
ROBIN_HOOD OVERFLOW
ROBIN_HOOD OVERFLOW
ROBIN_HOOD OVERFLOW
ROBIN_HOOD OVERFLOW
ROBIN_HOOD OVERFLOW
ROBIN_HOOD OVERFLOW
ROBIN_HOOD OVERFLOW
ROBIN_HOOD OVERFLOW
ROBIN_HOOD OVERFLOW
ROBIN_HOOD OVERFLOW
ROBIN_HOOD OVERFLOW
ROBIN_HOOD OVERFLOW
ROBIN_HOOD OVERFLOW
ROBIN_HOOD OVERFLOW
ROBIN_HOOD OVERFLOW
ROBIN_HOOD OVERFLOW
ROBIN_HOOD OVERFLOW
ROBIN_HOOD OVERFLOW
ROBIN_HOOD OVERFLOW
ROBIN_HOOD OVERFLOW
ROBIN_HOOD OVERFLOW
ROBIN_HOOD OVERFLOW
ROBIN_HOOD OVERFLOW
ROBIN_HOOD OVERFLOW
ROBIN_HOOD OVERFLOW
ROBIN_HOOD OVERFLOW
ROBIN_HOOD OVERFLOW
ROBIN_HOOD OVERFLOW
ROBIN_HOOD OVERFLOW
ROBIN_HOOD OVERFLOW
ROBIN_HOOD OVERFLOW
ROBIN_HOOD OVERFLOW
ROBIN_HOOD OVERFLOW
ROBIN_HOOD OVERFLOW
ROBIN_HOOD OVERFLOW
ROBIN_HOOD OVERFLOW
ROBIN_HOOD OVERFLOW
ROBIN_HOOD OVERFLOW
ROBIN_HOOD OVERFLOW
ROBIN_HOOD OVERFLOW
ROBIN_HOOD OVERFLOW
ROBIN_HOOD OVERFLOW
ROBIN_HOOD OVERFLOW
ROBIN_HOOD OVERFLOW
ROBIN_HOOD OVERFLOW
ROBIN_HOOD OVERFLOW
ROBIN_HOOD OVERFLOW
ROBIN_HOOD OVERFLOW
ROBIN_HOOD OVERFLOW
ROBIN_HOOD OVERFLOW
ROBIN_HOOD OVERFLOW
ROBIN_HOOD OVERFLOW
ROBIN_HOOD OVERFLOW
ROBIN_HOOD OVERFLOW
ROBIN_HOOD OVERFLOW
ROBIN_HOOD OVERFLOW
ROBIN_HOOD OVERFLOW
ROBIN_HOOD OVERFLOW
ROBIN_HOOD OVERFLOW
ROBIN_HOOD OVERFLOW
ROBIN_HOOD OVERFLOW
ROBIN_HOOD OVERFLOW
ROBIN_HOOD OVERFLOW
ROBIN_HOOD OVERFLOW
ROBIN_HOOD OVERFLOW
ROBIN_HOOD OVERFLOW
ROBIN_HOOD OVERFLOW
ROBIN_HOOD OVERFLOW
ROBIN_HOOD OVERFLOW
ROBIN_HOOD OVERFLOW
ROBIN_HOOD OVERFLOW
ROBIN_HOOD OVERFLOW
ROBIN_HOOD OVERFLOW
ROBIN_HOOD OVERFLOW
ROBIN_HOOD OVERFLOW
ROBIN_HOOD OVERFLOW
ROBIN_HOOD OVERFLOW
ROBIN_HOOD OVERFLOW
ROBIN_HOOD OVERFLOW
ROBIN_HOOD OVERFLOW
ROBIN_HOOD OVERFLOW
ROBIN_HOOD OVERFLOW
ROBIN_HOOD OVERFLOW
ROBIN_HOOD OVERFLOW
ROBIN_HOOD OVERFLOW
ROBIN_HOOD OVERFLOW
ROBIN_HOOD OVERFLOW
ROBIN_HOOD OVERFLOW
ROBIN_HOOD OVERFLOW
ROBIN_HOOD OVERFLOW
ROBIN_HOOD OVERFLOW
ROBIN_HOOD OVERFLOW
ROBIN_HOOD OVERFLOW
ROBIN_HOOD OVERFLOW
ROBIN_HOOD OVERFLOW
ROBIN_HOOD OVERFLOW
ROBIN_HOOD OVERFLOW
ROBIN_HOOD OVERFLOW
ROBIN_HOOD OVERFLOW
ROBIN_HOOD OVERFLOW
ROBIN_HOOD OVERFLOW
ROBIN_HOOD OVERFLOW
ROBIN_HOOD OVERFLOW
ROBIN_HOOD OVERFLOW
ROBIN_HOOD OVERFLOW
ROBIN_HOOD OVERFLOW
ROBIN_HOOD OVERFLOW
ROBIN_HOOD OVERFLOW
ROBIN_HOOD OVERFLOW
444.174 Collected 64 relevant facts at this layer
444.174 Encoding ...
455.547 Attempting to solve formula with 17196 clauses (43728 literals) and 80 assumptions
455.548 Unsolvable at layer 6 -- expanding.
455.548 Iteration 7.
455.548 New layer size: 163
455.548 Instantiating ...
ROBIN_HOOD OVERFLOW
ROBIN_HOOD OVERFLOW
ROBIN_HOOD OVERFLOW
ROBIN_HOOD OVERFLOW
ROBIN_HOOD OVERFLOW
ROBIN_HOOD OVERFLOW
ROBIN_HOOD OVERFLOW
ROBIN_HOOD OVERFLOW
ROBIN_HOOD OVERFLOW
ROBIN_HOOD OVERFLOW
ROBIN_HOOD OVERFLOW
ROBIN_HOOD OVERFLOW
ROBIN_HOOD OVERFLOW
ROBIN_HOOD OVERFLOW
ROBIN_HOOD OVERFLOW
ROBIN_HOOD OVERFLOW
ROBIN_HOOD OVERFLOW
ROBIN_HOOD OVERFLOW
ROBIN_HOOD OVERFLOW
ROBIN_HOOD OVERFLOW
ROBIN_HOOD OVERFLOW
ROBIN_HOOD OVERFLOW
ROBIN_HOOD OVERFLOW
ROBIN_HOOD OVERFLOW
ROBIN_HOOD OVERFLOW
ROBIN_HOOD OVERFLOW
ROBIN_HOOD OVERFLOW
ROBIN_HOOD OVERFLOW
ROBIN_HOOD OVERFLOW
ROBIN_HOOD OVERFLOW
ROBIN_HOOD OVERFLOW
ROBIN_HOOD OVERFLOW
ROBIN_HOOD OVERFLOW
ROBIN_HOOD OVERFLOW
ROBIN_HOOD OVERFLOW
ROBIN_HOOD OVERFLOW
ROBIN_HOOD OVERFLOW
ROBIN_HOOD OVERFLOW
ROBIN_HOOD OVERFLOW
ROBIN_HOOD OVERFLOW
ROBIN_HOOD OVERFLOW
ROBIN_HOOD OVERFLOW
ROBIN_HOOD OVERFLOW
ROBIN_HOOD OVERFLOW
ROBIN_HOOD OVERFLOW
ROBIN_HOOD OVERFLOW
ROBIN_HOOD OVERFLOW
ROBIN_HOOD OVERFLOW
ROBIN_HOOD OVERFLOW
ROBIN_HOOD OVERFLOW
ROBIN_HOOD OVERFLOW
ROBIN_HOOD OVERFLOW
ROBIN_HOOD OVERFLOW
ROBIN_HOOD OVERFLOW
ROBIN_HOOD OVERFLOW
ROBIN_HOOD OVERFLOW
ROBIN_HOOD OVERFLOW
ROBIN_HOOD OVERFLOW
ROBIN_HOOD OVERFLOW
ROBIN_HOOD OVERFLOW
ROBIN_HOOD OVERFLOW
ROBIN_HOOD OVERFLOW
ROBIN_HOOD OVERFLOW
ROBIN_HOOD OVERFLOW
ROBIN_HOOD OVERFLOW
ROBIN_HOOD OVERFLOW
ROBIN_HOOD OVERFLOW
ROBIN_HOOD OVERFLOW
ROBIN_HOOD OVERFLOW
ROBIN_HOOD OVERFLOW
ROBIN_HOOD OVERFLOW
ROBIN_HOOD OVERFLOW
ROBIN_HOOD OVERFLOW
ROBIN_HOOD OVERFLOW
ROBIN_HOOD OVERFLOW
ROBIN_HOOD OVERFLOW
ROBIN_HOOD OVERFLOW
ROBIN_HOOD OVERFLOW
ROBIN_HOOD OVERFLOW
ROBIN_HOOD OVERFLOW
ROBIN_HOOD OVERFLOW
ROBIN_HOOD OVERFLOW
ROBIN_HOOD OVERFLOW
ROBIN_HOOD OVERFLOW
ROBIN_HOOD OVERFLOW
ROBIN_HOOD OVERFLOW
ROBIN_HOOD OVERFLOW
ROBIN_HOOD OVERFLOW
ROBIN_HOOD OVERFLOW
ROBIN_HOOD OVERFLOW
ROBIN_HOOD OVERFLOW
ROBIN_HOOD OVERFLOW
ROBIN_HOOD OVERFLOW
ROBIN_HOOD OVERFLOW
ROBIN_HOOD OVERFLOW
ROBIN_HOOD OVERFLOW
ROBIN_HOOD OVERFLOW
ROBIN_HOOD OVERFLOW
ROBIN_HOOD OVERFLOW
ROBIN_HOOD OVERFLOW
ROBIN_HOOD OVERFLOW
ROBIN_HOOD OVERFLOW
ROBIN_HOOD OVERFLOW
ROBIN_HOOD OVERFLOW
ROBIN_HOOD OVERFLOW
ROBIN_HOOD OVERFLOW
ROBIN_HOOD OVERFLOW
ROBIN_HOOD OVERFLOW
ROBIN_HOOD OVERFLOW
ROBIN_HOOD OVERFLOW
ROBIN_HOOD OVERFLOW
ROBIN_HOOD OVERFLOW
ROBIN_HOOD OVERFLOW
ROBIN_HOOD OVERFLOW
ROBIN_HOOD OVERFLOW
ROBIN_HOOD OVERFLOW
ROBIN_HOOD OVERFLOW
ROBIN_HOOD OVERFLOW
ROBIN_HOOD OVERFLOW
ROBIN_HOOD OVERFLOW
ROBIN_HOOD OVERFLOW
ROBIN_HOOD OVERFLOW
ROBIN_HOOD OVERFLOW
ROBIN_HOOD OVERFLOW
ROBIN_HOOD OVERFLOW
ROBIN_HOOD OVERFLOW
ROBIN_HOOD OVERFLOW
ROBIN_HOOD OVERFLOW
ROBIN_HOOD OVERFLOW
ROBIN_HOOD OVERFLOW
ROBIN_HOOD OVERFLOW
ROBIN_HOOD OVERFLOW
ROBIN_HOOD OVERFLOW
ROBIN_HOOD OVERFLOW
ROBIN_HOOD OVERFLOW
ROBIN_HOOD OVERFLOW
ROBIN_HOOD OVERFLOW
ROBIN_HOOD OVERFLOW
ROBIN_HOOD OVERFLOW
ROBIN_HOOD OVERFLOW
ROBIN_HOOD OVERFLOW
ROBIN_HOOD OVERFLOW
ROBIN_HOOD OVERFLOW
ROBIN_HOOD OVERFLOW
ROBIN_HOOD OVERFLOW
ROBIN_HOOD OVERFLOW
ROBIN_HOOD OVERFLOW
ROBIN_HOOD OVERFLOW
ROBIN_HOOD OVERFLOW
ROBIN_HOOD OVERFLOW
ROBIN_HOOD OVERFLOW
ROBIN_HOOD OVERFLOW
ROBIN_HOOD OVERFLOW
ROBIN_HOOD OVERFLOW
ROBIN_HOOD OVERFLOW
ROBIN_HOOD OVERFLOW
ROBIN_HOOD OVERFLOW
ROBIN_HOOD OVERFLOW
ROBIN_HOOD OVERFLOW
ROBIN_HOOD OVERFLOW
ROBIN_HOOD OVERFLOW
ROBIN_HOOD OVERFLOW
ROBIN_HOOD OVERFLOW
ROBIN_HOOD OVERFLOW
ROBIN_HOOD OVERFLOW
ROBIN_HOOD OVERFLOW
ROBIN_HOOD OVERFLOW
ROBIN_HOOD OVERFLOW
ROBIN_HOOD OVERFLOW
ROBIN_HOOD OVERFLOW
ROBIN_HOOD OVERFLOW
ROBIN_HOOD OVERFLOW
ROBIN_HOOD OVERFLOW
ROBIN_HOOD OVERFLOW
ROBIN_HOOD OVERFLOW
ROBIN_HOOD OVERFLOW
ROBIN_HOOD OVERFLOW
ROBIN_HOOD OVERFLOW
ROBIN_HOOD OVERFLOW
ROBIN_HOOD OVERFLOW
ROBIN_HOOD OVERFLOW
ROBIN_HOOD OVERFLOW
ROBIN_HOOD OVERFLOW
ROBIN_HOOD OVERFLOW
ROBIN_HOOD OVERFLOW
ROBIN_HOOD OVERFLOW
ROBIN_HOOD OVERFLOW
ROBIN_HOOD OVERFLOW
ROBIN_HOOD OVERFLOW
ROBIN_HOOD OVERFLOW
ROBIN_HOOD OVERFLOW
ROBIN_HOOD OVERFLOW
ROBIN_HOOD OVERFLOW
ROBIN_HOOD OVERFLOW
ROBIN_HOOD OVERFLOW
ROBIN_HOOD OVERFLOW
ROBIN_HOOD OVERFLOW
ROBIN_HOOD OVERFLOW
ROBIN_HOOD OVERFLOW
ROBIN_HOOD OVERFLOW
ROBIN_HOOD OVERFLOW
ROBIN_HOOD OVERFLOW
ROBIN_HOOD OVERFLOW
ROBIN_HOOD OVERFLOW
ROBIN_HOOD OVERFLOW
ROBIN_HOOD OVERFLOW
ROBIN_HOOD OVERFLOW
ROBIN_HOOD OVERFLOW
ROBIN_HOOD OVERFLOW
ROBIN_HOOD OVERFLOW
ROBIN_HOOD OVERFLOW
ROBIN_HOOD OVERFLOW
ROBIN_HOOD OVERFLOW
ROBIN_HOOD OVERFLOW
ROBIN_HOOD OVERFLOW
ROBIN_HOOD OVERFLOW
ROBIN_HOOD OVERFLOW
ROBIN_HOOD OVERFLOW
ROBIN_HOOD OVERFLOW
ROBIN_HOOD OVERFLOW
ROBIN_HOOD OVERFLOW
ROBIN_HOOD OVERFLOW
ROBIN_HOOD OVERFLOW
ROBIN_HOOD OVERFLOW
ROBIN_HOOD OVERFLOW
ROBIN_HOOD OVERFLOW
ROBIN_HOOD OVERFLOW
ROBIN_HOOD OVERFLOW
ROBIN_HOOD OVERFLOW
ROBIN_HOOD OVERFLOW
ROBIN_HOOD OVERFLOW
ROBIN_HOOD OVERFLOW
ROBIN_HOOD OVERFLOW
ROBIN_HOOD OVERFLOW
ROBIN_HOOD OVERFLOW
ROBIN_HOOD OVERFLOW
ROBIN_HOOD OVERFLOW
ROBIN_HOOD OVERFLOW
ROBIN_HOOD OVERFLOW
ROBIN_HOOD OVERFLOW
ROBIN_HOOD OVERFLOW
ROBIN_HOOD OVERFLOW
ROBIN_HOOD OVERFLOW
ROBIN_HOOD OVERFLOW
ROBIN_HOOD OVERFLOW
ROBIN_HOOD OVERFLOW
ROBIN_HOOD OVERFLOW
ROBIN_HOOD OVERFLOW
ROBIN_HOOD OVERFLOW
ROBIN_HOOD OVERFLOW
ROBIN_HOOD OVERFLOW
ROBIN_HOOD OVERFLOW
ROBIN_HOOD OVERFLOW
ROBIN_HOOD OVERFLOW
ROBIN_HOOD OVERFLOW
ROBIN_HOOD OVERFLOW
ROBIN_HOOD OVERFLOW
ROBIN_HOOD OVERFLOW
ROBIN_HOOD OVERFLOW
ROBIN_HOOD OVERFLOW
ROBIN_HOOD OVERFLOW
ROBIN_HOOD OVERFLOW
ROBIN_HOOD OVERFLOW
ROBIN_HOOD OVERFLOW
ROBIN_HOOD OVERFLOW
ROBIN_HOOD OVERFLOW
ROBIN_HOOD OVERFLOW
ROBIN_HOOD OVERFLOW
ROBIN_HOOD OVERFLOW
ROBIN_HOOD OVERFLOW
ROBIN_HOOD OVERFLOW
ROBIN_HOOD OVERFLOW
ROBIN_HOOD OVERFLOW
ROBIN_HOOD OVERFLOW
ROBIN_HOOD OVERFLOW
ROBIN_HOOD OVERFLOW
ROBIN_HOOD OVERFLOW
ROBIN_HOOD OVERFLOW
ROBIN_HOOD OVERFLOW
ROBIN_HOOD OVERFLOW
ROBIN_HOOD OVERFLOW
ROBIN_HOOD OVERFLOW
ROBIN_HOOD OVERFLOW
ROBIN_HOOD OVERFLOW
ROBIN_HOOD OVERFLOW
ROBIN_HOOD OVERFLOW
ROBIN_HOOD OVERFLOW
ROBIN_HOOD OVERFLOW
ROBIN_HOOD OVERFLOW
ROBIN_HOOD OVERFLOW
ROBIN_HOOD OVERFLOW
ROBIN_HOOD OVERFLOW
ROBIN_HOOD OVERFLOW
ROBIN_HOOD OVERFLOW
ROBIN_HOOD OVERFLOW
ROBIN_HOOD OVERFLOW
ROBIN_HOOD OVERFLOW
ROBIN_HOOD OVERFLOW
ROBIN_HOOD OVERFLOW
ROBIN_HOOD OVERFLOW
ROBIN_HOOD OVERFLOW
ROBIN_HOOD OVERFLOW
ROBIN_HOOD OVERFLOW
ROBIN_HOOD OVERFLOW
ROBIN_HOOD OVERFLOW
ROBIN_HOOD OVERFLOW
ROBIN_HOOD OVERFLOW
ROBIN_HOOD OVERFLOW
ROBIN_HOOD OVERFLOW
ROBIN_HOOD OVERFLOW
ROBIN_HOOD OVERFLOW
ROBIN_HOOD OVERFLOW
ROBIN_HOOD OVERFLOW
ROBIN_HOOD OVERFLOW
ROBIN_HOOD OVERFLOW
915.309 Collected 104 relevant facts at this layer
915.309 Encoding ...
936.777 Attempting to solve formula with 58544 clauses (151564 literals) and 160 assumptions
936.778 Unsolvable at layer 7 -- expanding.
936.778 Iteration 8.
936.778 New layer size: 323
936.778 Instantiating ...
ROBIN_HOOD OVERFLOW
ROBIN_HOOD OVERFLOW
ROBIN_HOOD OVERFLOW
ROBIN_HOOD OVERFLOW
ROBIN_HOOD OVERFLOW
ROBIN_HOOD OVERFLOW
ROBIN_HOOD OVERFLOW
ROBIN_HOOD OVERFLOW
ROBIN_HOOD OVERFLOW
ROBIN_HOOD OVERFLOW
ROBIN_HOOD OVERFLOW
ROBIN_HOOD OVERFLOW
ROBIN_HOOD OVERFLOW
ROBIN_HOOD OVERFLOW
ROBIN_HOOD OVERFLOW
ROBIN_HOOD OVERFLOW
ROBIN_HOOD OVERFLOW
ROBIN_HOOD OVERFLOW
ROBIN_HOOD OVERFLOW
ROBIN_HOOD OVERFLOW
ROBIN_HOOD OVERFLOW
ROBIN_HOOD OVERFLOW
ROBIN_HOOD OVERFLOW
ROBIN_HOOD OVERFLOW
ROBIN_HOOD OVERFLOW
ROBIN_HOOD OVERFLOW
ROBIN_HOOD OVERFLOW
ROBIN_HOOD OVERFLOW
ROBIN_HOOD OVERFLOW
ROBIN_HOOD OVERFLOW
ROBIN_HOOD OVERFLOW
ROBIN_HOOD OVERFLOW
ROBIN_HOOD OVERFLOW
ROBIN_HOOD OVERFLOW
ROBIN_HOOD OVERFLOW
ROBIN_HOOD OVERFLOW
ROBIN_HOOD OVERFLOW
ROBIN_HOOD OVERFLOW
ROBIN_HOOD OVERFLOW
ROBIN_HOOD OVERFLOW
ROBIN_HOOD OVERFLOW
ROBIN_HOOD OVERFLOW
ROBIN_HOOD OVERFLOW
ROBIN_HOOD OVERFLOW
ROBIN_HOOD OVERFLOW
ROBIN_HOOD OVERFLOW
ROBIN_HOOD OVERFLOW
ROBIN_HOOD OVERFLOW
ROBIN_HOOD OVERFLOW
ROBIN_HOOD OVERFLOW
ROBIN_HOOD OVERFLOW
ROBIN_HOOD OVERFLOW
ROBIN_HOOD OVERFLOW
ROBIN_HOOD OVERFLOW
ROBIN_HOOD OVERFLOW
ROBIN_HOOD OVERFLOW
ROBIN_HOOD OVERFLOW
ROBIN_HOOD OVERFLOW
ROBIN_HOOD OVERFLOW
ROBIN_HOOD OVERFLOW
ROBIN_HOOD OVERFLOW
ROBIN_HOOD OVERFLOW
ROBIN_HOOD OVERFLOW
ROBIN_HOOD OVERFLOW
ROBIN_HOOD OVERFLOW
ROBIN_HOOD OVERFLOW
ROBIN_HOOD OVERFLOW
ROBIN_HOOD OVERFLOW
ROBIN_HOOD OVERFLOW
ROBIN_HOOD OVERFLOW
ROBIN_HOOD OVERFLOW
ROBIN_HOOD OVERFLOW
ROBIN_HOOD OVERFLOW
ROBIN_HOOD OVERFLOW
ROBIN_HOOD OVERFLOW
ROBIN_HOOD OVERFLOW
ROBIN_HOOD OVERFLOW
ROBIN_HOOD OVERFLOW
ROBIN_HOOD OVERFLOW
ROBIN_HOOD OVERFLOW
ROBIN_HOOD OVERFLOW
ROBIN_HOOD OVERFLOW
ROBIN_HOOD OVERFLOW
ROBIN_HOOD OVERFLOW
ROBIN_HOOD OVERFLOW
ROBIN_HOOD OVERFLOW
ROBIN_HOOD OVERFLOW
ROBIN_HOOD OVERFLOW
ROBIN_HOOD OVERFLOW
ROBIN_HOOD OVERFLOW
ROBIN_HOOD OVERFLOW
ROBIN_HOOD OVERFLOW
ROBIN_HOOD OVERFLOW
ROBIN_HOOD OVERFLOW
ROBIN_HOOD OVERFLOW
ROBIN_HOOD OVERFLOW
ROBIN_HOOD OVERFLOW
ROBIN_HOOD OVERFLOW
ROBIN_HOOD OVERFLOW
ROBIN_HOOD OVERFLOW
ROBIN_HOOD OVERFLOW
ROBIN_HOOD OVERFLOW
ROBIN_HOOD OVERFLOW
ROBIN_HOOD OVERFLOW
ROBIN_HOOD OVERFLOW
ROBIN_HOOD OVERFLOW
ROBIN_HOOD OVERFLOW
ROBIN_HOOD OVERFLOW
ROBIN_HOOD OVERFLOW
ROBIN_HOOD OVERFLOW
ROBIN_HOOD OVERFLOW
ROBIN_HOOD OVERFLOW
ROBIN_HOOD OVERFLOW
ROBIN_HOOD OVERFLOW
ROBIN_HOOD OVERFLOW
ROBIN_HOOD OVERFLOW
ROBIN_HOOD OVERFLOW
ROBIN_HOOD OVERFLOW
ROBIN_HOOD OVERFLOW
ROBIN_HOOD OVERFLOW
ROBIN_HOOD OVERFLOW
ROBIN_HOOD OVERFLOW
ROBIN_HOOD OVERFLOW
ROBIN_HOOD OVERFLOW
ROBIN_HOOD OVERFLOW
ROBIN_HOOD OVERFLOW
ROBIN_HOOD OVERFLOW
ROBIN_HOOD OVERFLOW
ROBIN_HOOD OVERFLOW
ROBIN_HOOD OVERFLOW
ROBIN_HOOD OVERFLOW
ROBIN_HOOD OVERFLOW
ROBIN_HOOD OVERFLOW
ROBIN_HOOD OVERFLOW
ROBIN_HOOD OVERFLOW
ROBIN_HOOD OVERFLOW
ROBIN_HOOD OVERFLOW
ROBIN_HOOD OVERFLOW
ROBIN_HOOD OVERFLOW
ROBIN_HOOD OVERFLOW
ROBIN_HOOD OVERFLOW
ROBIN_HOOD OVERFLOW
ROBIN_HOOD OVERFLOW
ROBIN_HOOD OVERFLOW
ROBIN_HOOD OVERFLOW
ROBIN_HOOD OVERFLOW
ROBIN_HOOD OVERFLOW
ROBIN_HOOD OVERFLOW
ROBIN_HOOD OVERFLOW
ROBIN_HOOD OVERFLOW
ROBIN_HOOD OVERFLOW
ROBIN_HOOD OVERFLOW
ROBIN_HOOD OVERFLOW
ROBIN_HOOD OVERFLOW
ROBIN_HOOD OVERFLOW
ROBIN_HOOD OVERFLOW
ROBIN_HOOD OVERFLOW
ROBIN_HOOD OVERFLOW
ROBIN_HOOD OVERFLOW
ROBIN_HOOD OVERFLOW
ROBIN_HOOD OVERFLOW
ROBIN_HOOD OVERFLOW
ROBIN_HOOD OVERFLOW
ROBIN_HOOD OVERFLOW
ROBIN_HOOD OVERFLOW
ROBIN_HOOD OVERFLOW
ROBIN_HOOD OVERFLOW
ROBIN_HOOD OVERFLOW
ROBIN_HOOD OVERFLOW
ROBIN_HOOD OVERFLOW
ROBIN_HOOD OVERFLOW
ROBIN_HOOD OVERFLOW
ROBIN_HOOD OVERFLOW
ROBIN_HOOD OVERFLOW
ROBIN_HOOD OVERFLOW
ROBIN_HOOD OVERFLOW
ROBIN_HOOD OVERFLOW
ROBIN_HOOD OVERFLOW
ROBIN_HOOD OVERFLOW
ROBIN_HOOD OVERFLOW
ROBIN_HOOD OVERFLOW
ROBIN_HOOD OVERFLOW
ROBIN_HOOD OVERFLOW
ROBIN_HOOD OVERFLOW
ROBIN_HOOD OVERFLOW
ROBIN_HOOD OVERFLOW
ROBIN_HOOD OVERFLOW
ROBIN_HOOD OVERFLOW
ROBIN_HOOD OVERFLOW
ROBIN_HOOD OVERFLOW
ROBIN_HOOD OVERFLOW
ROBIN_HOOD OVERFLOW
ROBIN_HOOD OVERFLOW
ROBIN_HOOD OVERFLOW
ROBIN_HOOD OVERFLOW
ROBIN_HOOD OVERFLOW
ROBIN_HOOD OVERFLOW
ROBIN_HOOD OVERFLOW
ROBIN_HOOD OVERFLOW
ROBIN_HOOD OVERFLOW
ROBIN_HOOD OVERFLOW
ROBIN_HOOD OVERFLOW
ROBIN_HOOD OVERFLOW
ROBIN_HOOD OVERFLOW
ROBIN_HOOD OVERFLOW
ROBIN_HOOD OVERFLOW
ROBIN_HOOD OVERFLOW
ROBIN_HOOD OVERFLOW
ROBIN_HOOD OVERFLOW
ROBIN_HOOD OVERFLOW
ROBIN_HOOD OVERFLOW
ROBIN_HOOD OVERFLOW
ROBIN_HOOD OVERFLOW
ROBIN_HOOD OVERFLOW
ROBIN_HOOD OVERFLOW
ROBIN_HOOD OVERFLOW
ROBIN_HOOD OVERFLOW
ROBIN_HOOD OVERFLOW
ROBIN_HOOD OVERFLOW
ROBIN_HOOD OVERFLOW
ROBIN_HOOD OVERFLOW
ROBIN_HOOD OVERFLOW
ROBIN_HOOD OVERFLOW
ROBIN_HOOD OVERFLOW
ROBIN_HOOD OVERFLOW
ROBIN_HOOD OVERFLOW
ROBIN_HOOD OVERFLOW
ROBIN_HOOD OVERFLOW
ROBIN_HOOD OVERFLOW
ROBIN_HOOD OVERFLOW
ROBIN_HOOD OVERFLOW
ROBIN_HOOD OVERFLOW
ROBIN_HOOD OVERFLOW
ROBIN_HOOD OVERFLOW
ROBIN_HOOD OVERFLOW
ROBIN_HOOD OVERFLOW
ROBIN_HOOD OVERFLOW
ROBIN_HOOD OVERFLOW
ROBIN_HOOD OVERFLOW
ROBIN_HOOD OVERFLOW
ROBIN_HOOD OVERFLOW
ROBIN_HOOD OVERFLOW
ROBIN_HOOD OVERFLOW
ROBIN_HOOD OVERFLOW
ROBIN_HOOD OVERFLOW
ROBIN_HOOD OVERFLOW
ROBIN_HOOD OVERFLOW
ROBIN_HOOD OVERFLOW
ROBIN_HOOD OVERFLOW
ROBIN_HOOD OVERFLOW
ROBIN_HOOD OVERFLOW
ROBIN_HOOD OVERFLOW
ROBIN_HOOD OVERFLOW
ROBIN_HOOD OVERFLOW
ROBIN_HOOD OVERFLOW
ROBIN_HOOD OVERFLOW
ROBIN_HOOD OVERFLOW
ROBIN_HOOD OVERFLOW
ROBIN_HOOD OVERFLOW
ROBIN_HOOD OVERFLOW
ROBIN_HOOD OVERFLOW
ROBIN_HOOD OVERFLOW
ROBIN_HOOD OVERFLOW
ROBIN_HOOD OVERFLOW
ROBIN_HOOD OVERFLOW
ROBIN_HOOD OVERFLOW
ROBIN_HOOD OVERFLOW
ROBIN_HOOD OVERFLOW
ROBIN_HOOD OVERFLOW
ROBIN_HOOD OVERFLOW
ROBIN_HOOD OVERFLOW
ROBIN_HOOD OVERFLOW
ROBIN_HOOD OVERFLOW
ROBIN_HOOD OVERFLOW
ROBIN_HOOD OVERFLOW
ROBIN_HOOD OVERFLOW
ROBIN_HOOD OVERFLOW
ROBIN_HOOD OVERFLOW
ROBIN_HOOD OVERFLOW
ROBIN_HOOD OVERFLOW
ROBIN_HOOD OVERFLOW
ROBIN_HOOD OVERFLOW
ROBIN_HOOD OVERFLOW
ROBIN_HOOD OVERFLOW
ROBIN_HOOD OVERFLOW
ROBIN_HOOD OVERFLOW
ROBIN_HOOD OVERFLOW
ROBIN_HOOD OVERFLOW
ROBIN_HOOD OVERFLOW
ROBIN_HOOD OVERFLOW
ROBIN_HOOD OVERFLOW
ROBIN_HOOD OVERFLOW
ROBIN_HOOD OVERFLOW
ROBIN_HOOD OVERFLOW
ROBIN_HOOD OVERFLOW
ROBIN_HOOD OVERFLOW
ROBIN_HOOD OVERFLOW
ROBIN_HOOD OVERFLOW
ROBIN_HOOD OVERFLOW
ROBIN_HOOD OVERFLOW
ROBIN_HOOD OVERFLOW
ROBIN_HOOD OVERFLOW
ROBIN_HOOD OVERFLOW
ROBIN_HOOD OVERFLOW
ROBIN_HOOD OVERFLOW
ROBIN_HOOD OVERFLOW
ROBIN_HOOD OVERFLOW
ROBIN_HOOD OVERFLOW
ROBIN_HOOD OVERFLOW
ROBIN_HOOD OVERFLOW
ROBIN_HOOD OVERFLOW
ROBIN_HOOD OVERFLOW
ROBIN_HOOD OVERFLOW
ROBIN_HOOD OVERFLOW
ROBIN_HOOD OVERFLOW
ROBIN_HOOD OVERFLOW
ROBIN_HOOD OVERFLOW
ROBIN_HOOD OVERFLOW
ROBIN_HOOD OVERFLOW
ROBIN_HOOD OVERFLOW
ROBIN_HOOD OVERFLOW
ROBIN_HOOD OVERFLOW
ROBIN_HOOD OVERFLOW
ROBIN_HOOD OVERFLOW
ROBIN_HOOD OVERFLOW
ROBIN_HOOD OVERFLOW
ROBIN_HOOD OVERFLOW
ROBIN_HOOD OVERFLOW
ROBIN_HOOD OVERFLOW
ROBIN_HOOD OVERFLOW
ROBIN_HOOD OVERFLOW
ROBIN_HOOD OVERFLOW
ROBIN_HOOD OVERFLOW
ROBIN_HOOD OVERFLOW
ROBIN_HOOD OVERFLOW
ROBIN_HOOD OVERFLOW
ROBIN_HOOD OVERFLOW
ROBIN_HOOD OVERFLOW
ROBIN_HOOD OVERFLOW
ROBIN_HOOD OVERFLOW
ROBIN_HOOD OVERFLOW
ROBIN_HOOD OVERFLOW
ROBIN_HOOD OVERFLOW
ROBIN_HOOD OVERFLOW
ROBIN_HOOD OVERFLOW
ROBIN_HOOD OVERFLOW
ROBIN_HOOD OVERFLOW
ROBIN_HOOD OVERFLOW
ROBIN_HOOD OVERFLOW
ROBIN_HOOD OVERFLOW
ROBIN_HOOD OVERFLOW
ROBIN_HOOD OVERFLOW
ROBIN_HOOD OVERFLOW
ROBIN_HOOD OVERFLOW
ROBIN_HOOD OVERFLOW
ROBIN_HOOD OVERFLOW
ROBIN_HOOD OVERFLOW
ROBIN_HOOD OVERFLOW
ROBIN_HOOD OVERFLOW
ROBIN_HOOD OVERFLOW
ROBIN_HOOD OVERFLOW
ROBIN_HOOD OVERFLOW
ROBIN_HOOD OVERFLOW
ROBIN_HOOD OVERFLOW
ROBIN_HOOD OVERFLOW
ROBIN_HOOD OVERFLOW
ROBIN_HOOD OVERFLOW
ROBIN_HOOD OVERFLOW
ROBIN_HOOD OVERFLOW
ROBIN_HOOD OVERFLOW
ROBIN_HOOD OVERFLOW
ROBIN_HOOD OVERFLOW
ROBIN_HOOD OVERFLOW
ROBIN_HOOD OVERFLOW
ROBIN_HOOD OVERFLOW
ROBIN_HOOD OVERFLOW
ROBIN_HOOD OVERFLOW
ROBIN_HOOD OVERFLOW
ROBIN_HOOD OVERFLOW
ROBIN_HOOD OVERFLOW
ROBIN_HOOD OVERFLOW
ROBIN_HOOD OVERFLOW
ROBIN_HOOD OVERFLOW
ROBIN_HOOD OVERFLOW
ROBIN_HOOD OVERFLOW
ROBIN_HOOD OVERFLOW
ROBIN_HOOD OVERFLOW
ROBIN_HOOD OVERFLOW
ROBIN_HOOD OVERFLOW
ROBIN_HOOD OVERFLOW
ROBIN_HOOD OVERFLOW
ROBIN_HOOD OVERFLOW
ROBIN_HOOD OVERFLOW
ROBIN_HOOD OVERFLOW
ROBIN_HOOD OVERFLOW
ROBIN_HOOD OVERFLOW
ROBIN_HOOD OVERFLOW
ROBIN_HOOD OVERFLOW
ROBIN_HOOD OVERFLOW
ROBIN_HOOD OVERFLOW
ROBIN_HOOD OVERFLOW
ROBIN_HOOD OVERFLOW
ROBIN_HOOD OVERFLOW
ROBIN_HOOD OVERFLOW
ROBIN_HOOD OVERFLOW
ROBIN_HOOD OVERFLOW
ROBIN_HOOD OVERFLOW
ROBIN_HOOD OVERFLOW
ROBIN_HOOD OVERFLOW
ROBIN_HOOD OVERFLOW
ROBIN_HOOD OVERFLOW
ROBIN_HOOD OVERFLOW
ROBIN_HOOD OVERFLOW
ROBIN_HOOD OVERFLOW
ROBIN_HOOD OVERFLOW
ROBIN_HOOD OVERFLOW
ROBIN_HOOD OVERFLOW
ROBIN_HOOD OVERFLOW
ROBIN_HOOD OVERFLOW
ROBIN_HOOD OVERFLOW
ROBIN_HOOD OVERFLOW
ROBIN_HOOD OVERFLOW
ROBIN_HOOD OVERFLOW
ROBIN_HOOD OVERFLOW
ROBIN_HOOD OVERFLOW
ROBIN_HOOD OVERFLOW
ROBIN_HOOD OVERFLOW
ROBIN_HOOD OVERFLOW
ROBIN_HOOD OVERFLOW
ROBIN_HOOD OVERFLOW
ROBIN_HOOD OVERFLOW
ROBIN_HOOD OVERFLOW
ROBIN_HOOD OVERFLOW
ROBIN_HOOD OVERFLOW
ROBIN_HOOD OVERFLOW
ROBIN_HOOD OVERFLOW
ROBIN_HOOD OVERFLOW
ROBIN_HOOD OVERFLOW
ROBIN_HOOD OVERFLOW
ROBIN_HOOD OVERFLOW
ROBIN_HOOD OVERFLOW
ROBIN_HOOD OVERFLOW
ROBIN_HOOD OVERFLOW
ROBIN_HOOD OVERFLOW
ROBIN_HOOD OVERFLOW
ROBIN_HOOD OVERFLOW
ROBIN_HOOD OVERFLOW
ROBIN_HOOD OVERFLOW
ROBIN_HOOD OVERFLOW
ROBIN_HOOD OVERFLOW
ROBIN_HOOD OVERFLOW
ROBIN_HOOD OVERFLOW
ROBIN_HOOD OVERFLOW
ROBIN_HOOD OVERFLOW
ROBIN_HOOD OVERFLOW
ROBIN_HOOD OVERFLOW
ROBIN_HOOD OVERFLOW
ROBIN_HOOD OVERFLOW
ROBIN_HOOD OVERFLOW
ROBIN_HOOD OVERFLOW
ROBIN_HOOD OVERFLOW
ROBIN_HOOD OVERFLOW
ROBIN_HOOD OVERFLOW
ROBIN_HOOD OVERFLOW
ROBIN_HOOD OVERFLOW
ROBIN_HOOD OVERFLOW
ROBIN_HOOD OVERFLOW
ROBIN_HOOD OVERFLOW
ROBIN_HOOD OVERFLOW
ROBIN_HOOD OVERFLOW
ROBIN_HOOD OVERFLOW
ROBIN_HOOD OVERFLOW
ROBIN_HOOD OVERFLOW
ROBIN_HOOD OVERFLOW
ROBIN_HOOD OVERFLOW
ROBIN_HOOD OVERFLOW
ROBIN_HOOD OVERFLOW
ROBIN_HOOD OVERFLOW
ROBIN_HOOD OVERFLOW
ROBIN_HOOD OVERFLOW
ROBIN_HOOD OVERFLOW
ROBIN_HOOD OVERFLOW
ROBIN_HOOD OVERFLOW
ROBIN_HOOD OVERFLOW
ROBIN_HOOD OVERFLOW
ROBIN_HOOD OVERFLOW
ROBIN_HOOD OVERFLOW
ROBIN_HOOD OVERFLOW
ROBIN_HOOD OVERFLOW
ROBIN_HOOD OVERFLOW
ROBIN_HOOD OVERFLOW
ROBIN_HOOD OVERFLOW
ROBIN_HOOD OVERFLOW
ROBIN_HOOD OVERFLOW
ROBIN_HOOD OVERFLOW
ROBIN_HOOD OVERFLOW
ROBIN_HOOD OVERFLOW
ROBIN_HOOD OVERFLOW
ROBIN_HOOD OVERFLOW
ROBIN_HOOD OVERFLOW
ROBIN_HOOD OVERFLOW
ROBIN_HOOD OVERFLOW
ROBIN_HOOD OVERFLOW
ROBIN_HOOD OVERFLOW
ROBIN_HOOD OVERFLOW
ROBIN_HOOD OVERFLOW
ROBIN_HOOD OVERFLOW
ROBIN_HOOD OVERFLOW
ROBIN_HOOD OVERFLOW
ROBIN_HOOD OVERFLOW
ROBIN_HOOD OVERFLOW
ROBIN_HOOD OVERFLOW
ROBIN_HOOD OVERFLOW
ROBIN_HOOD OVERFLOW
ROBIN_HOOD OVERFLOW
ROBIN_HOOD OVERFLOW
ROBIN_HOOD OVERFLOW
ROBIN_HOOD OVERFLOW
ROBIN_HOOD OVERFLOW
ROBIN_HOOD OVERFLOW
ROBIN_HOOD OVERFLOW
ROBIN_HOOD OVERFLOW
ROBIN_HOOD OVERFLOW
ROBIN_HOOD OVERFLOW
ROBIN_HOOD OVERFLOW
ROBIN_HOOD OVERFLOW
ROBIN_HOOD OVERFLOW
ROBIN_HOOD OVERFLOW
ROBIN_HOOD OVERFLOW
ROBIN_HOOD OVERFLOW
ROBIN_HOOD OVERFLOW
ROBIN_HOOD OVERFLOW
ROBIN_HOOD OVERFLOW
ROBIN_HOOD OVERFLOW
ROBIN_HOOD OVERFLOW
ROBIN_HOOD OVERFLOW
ROBIN_HOOD OVERFLOW
ROBIN_HOOD OVERFLOW
ROBIN_HOOD OVERFLOW
ROBIN_HOOD OVERFLOW
ROBIN_HOOD OVERFLOW
ROBIN_HOOD OVERFLOW
ROBIN_HOOD OVERFLOW
ROBIN_HOOD OVERFLOW
ROBIN_HOOD OVERFLOW
ROBIN_HOOD OVERFLOW
ROBIN_HOOD OVERFLOW
ROBIN_HOOD OVERFLOW
ROBIN_HOOD OVERFLOW
ROBIN_HOOD OVERFLOW
ROBIN_HOOD OVERFLOW
ROBIN_HOOD OVERFLOW
ROBIN_HOOD OVERFLOW
ROBIN_HOOD OVERFLOW
ROBIN_HOOD OVERFLOW
ROBIN_HOOD OVERFLOW
ROBIN_HOOD OVERFLOW
ROBIN_HOOD OVERFLOW
ROBIN_HOOD OVERFLOW
ROBIN_HOOD OVERFLOW
ROBIN_HOOD OVERFLOW
ROBIN_HOOD OVERFLOW
ROBIN_HOOD OVERFLOW
ROBIN_HOOD OVERFLOW
ROBIN_HOOD OVERFLOW
ROBIN_HOOD OVERFLOW
ROBIN_HOOD OVERFLOW
ROBIN_HOOD OVERFLOW
ROBIN_HOOD OVERFLOW
ROBIN_HOOD OVERFLOW
ROBIN_HOOD OVERFLOW
ROBIN_HOOD OVERFLOW
ROBIN_HOOD OVERFLOW
ROBIN_HOOD OVERFLOW
ROBIN_HOOD OVERFLOW
ROBIN_HOOD OVERFLOW
ROBIN_HOOD OVERFLOW
ROBIN_HOOD OVERFLOW
ROBIN_HOOD OVERFLOW
ROBIN_HOOD OVERFLOW
ROBIN_HOOD OVERFLOW
ROBIN_HOOD OVERFLOW
ROBIN_HOOD OVERFLOW
ROBIN_HOOD OVERFLOW
ROBIN_HOOD OVERFLOW
ROBIN_HOOD OVERFLOW
ROBIN_HOOD OVERFLOW
ROBIN_HOOD OVERFLOW
ROBIN_HOOD OVERFLOW
ROBIN_HOOD OVERFLOW
ROBIN_HOOD OVERFLOW
ROBIN_HOOD OVERFLOW
ROBIN_HOOD OVERFLOW
ROBIN_HOOD OVERFLOW
ROBIN_HOOD OVERFLOW
ROBIN_HOOD OVERFLOW
ROBIN_HOOD OVERFLOW
ROBIN_HOOD OVERFLOW
ROBIN_HOOD OVERFLOW
ROBIN_HOOD OVERFLOW
ROBIN_HOOD OVERFLOW
ROBIN_HOOD OVERFLOW
ROBIN_HOOD OVERFLOW
ROBIN_HOOD OVERFLOW
ROBIN_HOOD OVERFLOW
ROBIN_HOOD OVERFLOW
ROBIN_HOOD OVERFLOW
ROBIN_HOOD OVERFLOW
ROBIN_HOOD OVERFLOW
ROBIN_HOOD OVERFLOW
ROBIN_HOOD OVERFLOW
ROBIN_HOOD OVERFLOW
1803.158 Termination signal caught.
1803.158 Total amount of clauses encoded: 58544
1803.158 - directframeaxioms : 42488 cls
1803.158 - atmostoneelement : 7741 cls
1803.158 - predecessors : 2164 cls
1803.158 - actionconstraints : 1757 cls
1803.158 - expansions : 1732 cls
1803.158 - reductionconstraints : 1604 cls
1803.158 - actioneffects : 952 cls
1803.158 - truefacts : 104 cls
1803.158 - axiomaticops : 2 cls
1803.158 # instantiated positions: 645
1803.158 # instantiated actions: 2537
1803.158 # instantiated reductions: 2327
1803.158 # introduced pseudo-constants: 0
1803.158 # retroactive prunings: 0
1803.158 # retroactively pruned operations: 0
1803.158 # dominated operations: 0
1803.158 # total invalid rigid preconditions found in getPFC: 15858
1803.158 # invalid rigid preconditions found in getPFC: 15858
1803.158 # invalid rigid preconditions found in getPFC in varrestrictions: 0
1803.158 # total invalid fluent preconditions found in getPFC: 164
1803.158 # invalid fluent preconditions found in getPFC: 82
1803.158 # invalid fluent preconditions found in getPFC in varrestrictions: 82
1803.158 # invalid fluent preconditions found in getPFC via postconditions: 0
1803.158 # invalid operations found in getPFC via subtasks: 0
1803.158 # invalid operations found in getPFC via postconditions: 0
1803.158 # number effects in operation fact_frames: 120
1803.158 # number of variables restricted: 78802
1803.158 # number of nodes variables restricted: 47188
1803.158 Exiting happily.

RUNWATCH_RESULT TIMEOUT RETVAL 0 TIME_SECS 1804.3 MEMPEAK_KBS 15079640
