    _           _         _
   \ |         \ |       | |                       
   | |     __  | |      _| |______                
   | |     \/  | |     /_   ______\                
   | |      _  | |   __  | |  ___   ___   ___       
   | |___  | | | |  / .\ | | / , | |   \ / ·_\    
   \_____\ |_| |__\ \__/ |_| \___) |_|_| \___\  
[39mL i l o t a n e  version rls-glucose4
by Dominik Schreiber <dominik.schreiber@kit.edu> 2020-2021
using SAT solver glucose4

11.352 Parser finished.
11.426 Structures extracted.
11.431 18 operators and 15 methods created.
14.145 Mined 2 new reduction preconditions (+9.5%).
14.145 Iteration 0.
14.145 Creating initial layer of size 2
17.147 Attempting to solve formula with 3 clauses (3 literals) and 1 assumptions
17.147 Unsolvable at layer 0 -- expanding.
17.147 Iteration 1.
17.147 New layer size: 2
17.147 Instantiating ...
20.401 Collected 0 relevant facts at this layer
20.401 Encoding ...
20.760 Attempting to solve formula with 8 clauses (12 literals) and 1 assumptions
20.761 Unsolvable at layer 1 -- expanding.
20.761 Iteration 2.
20.816 New layer size: 7
20.816 Instantiating ...
31.758 Collected 0 relevant facts at this layer
31.758 Encoding ...
32.755 Attempting to solve formula with 28 clauses (46 literals) and 6 assumptions
32.755 Unsolvable at layer 2 -- expanding.
32.755 Iteration 3.
32.801 New layer size: 13
32.801 Instantiating ...
62.300 Collected 4 relevant facts at this layer
62.300 Encoding ...
64.251 Attempting to solve formula with 100 clauses (187 literals) and 10 assumptions
64.251 Unsolvable at layer 3 -- expanding.
64.251 Iteration 4.
64.251 New layer size: 23
64.251 Instantiating ...
126.583 Collected 14 relevant facts at this layer
126.583 Encoding ...
130.029 Attempting to solve formula with 708 clauses (1646 literals) and 20 assumptions
130.029 Unsolvable at layer 4 -- expanding.
130.029 Iteration 5.
130.029 New layer size: 43
130.029 Instantiating ...
260.904 Collected 34 relevant facts at this layer
260.904 Encoding ...
267.417 Attempting to solve formula with 4119 clauses (10195 literals) and 40 assumptions
267.417 Unsolvable at layer 5 -- expanding.
267.417 Iteration 6.
267.417 New layer size: 83
267.417 Instantiating ...
529.887 Collected 64 relevant facts at this layer
529.887 Encoding ...
543.025 Attempting to solve formula with 17196 clauses (43728 literals) and 80 assumptions
543.025 Unsolvable at layer 6 -- expanding.
543.025 Iteration 7.
543.026 New layer size: 163
543.026 Instantiating ...
1089.130 Collected 104 relevant facts at this layer
1089.130 Encoding ...
1113.832 Attempting to solve formula with 58544 clauses (151564 literals) and 160 assumptions
1113.832 Unsolvable at layer 7 -- expanding.
1113.832 Iteration 8.
1113.832 New layer size: 323
1113.832 Instantiating ...
1801.414 Termination signal caught.
1801.414 Total amount of clauses encoded: 58544
1801.414 - directframeaxioms : 42488 cls
1801.414 - atmostoneelement : 7741 cls
1801.414 - predecessors : 2164 cls
1801.414 - actionconstraints : 1757 cls
1801.414 - expansions : 1732 cls
1801.414 - reductionconstraints : 1604 cls
1801.414 - actioneffects : 952 cls
1801.414 - truefacts : 104 cls
1801.414 - axiomaticops : 2 cls
1801.414 # instantiated positions: 539
1801.414 # instantiated actions: 2021
1801.414 # instantiated reductions: 1916
1801.414 # introduced pseudo-constants: 0
1801.414 # retroactive prunings: 0
1801.414 # retroactively pruned operations: 0
1801.414 # dominated operations: 0
1801.414 # total invalid rigid preconditions found in getPFC: 52305
1801.414 # invalid rigid preconditions found in getPFC: 52305
1801.414 # invalid rigid preconditions found in getPFC in varrestrictions: 0
1801.414 # total invalid fluent preconditions found in getPFC: 678
1801.414 # invalid fluent preconditions found in getPFC: 339
1801.414 # invalid fluent preconditions found in getPFC in varrestrictions: 339
1801.414 # invalid fluent preconditions found in getPFC via postconditions: 0
1801.414 # invalid subtasks found in getPFC: 0
1801.414 # number effects in operation fact_frames: 120
1801.414 # number of variables restricted: 260540
1801.414 Exiting happily.

RUNWATCH_RESULT TIMEOUT RETVAL 0 TIME_SECS 1802.98 MEMPEAK_KBS 14753700
