    _           _         _
   \ |         \ |       | |                       
   | |     __  | |      _| |______                
   | |     \/  | |     /_   ______\                
   | |      _  | |   __  | |  ___   ___   ___       
   | |___  | | | |  / .\ | | / , | |   \ / ·_\    
   \_____\ |_| |__\ \__/ |_| \___) |_|_| \___\  
[39mL i l o t a n e  version rls-glucose4
by Dominik Schreiber <dominik.schreiber@kit.edu> 2020-2021
using SAT solver glucose4

0.019 Parser finished.
0.019 Structures extracted.
0.020 20 operators and 16 methods created.
0.107 Mined 11 new reduction preconditions (+8.5%).
0.107 Iteration 0.
0.107 Creating initial layer of size 2
0.678 Attempting to solve formula with 219 clauses (327 literals) and 1 assumptions
0.678 Unsolvable at layer 0 -- expanding.
0.678 Iteration 1.
0.678 New layer size: 3
0.678 Instantiating ...
2.042 Collected 10400 relevant facts at this layer
2.042 Encoding ...
2.116 Attempting to solve formula with 49474 clauses (136601 literals) and 2 assumptions
2.118 Unsolvable at layer 1 -- expanding.
2.118 Iteration 2.
2.118 New layer size: 5
2.118 Instantiating ...
7.328 Collected 10510 relevant facts at this layer
7.328 Encoding ...
7.480 Attempting to solve formula with 163891 clauses (528734 literals) and 2 assumptions
7.482 Unsolvable at layer 2 -- expanding.
7.482 Iteration 3.
7.482 New layer size: 11
7.482 Instantiating ...
10.407 Collected 10602 relevant facts at this layer
10.407 Encoding ...
10.839 Attempting to solve formula with 480881 clauses (1609150 literals) and 4 assumptions
10.856 Unsolvable at layer 3 -- expanding.
10.856 Iteration 4.
10.856 New layer size: 19
10.856 Instantiating ...
15.870 Collected 10602 relevant facts at this layer
15.870 Encoding ...
16.707 Attempting to solve formula with 1012359 clauses (3435620 literals) and 6 assumptions
16.738 Unsolvable at layer 4 -- expanding.
16.738 Iteration 5.
16.738 New layer size: 33
16.738 Instantiating ...
25.034 Collected 10602 relevant facts at this layer
25.034 Encoding ...
26.548 Attempting to solve formula with 1936821 clauses (6624065 literals) and 10 assumptions
26.750 Unsolvable at layer 5 -- expanding.
26.750 Iteration 6.
26.750 New layer size: 55
26.750 Instantiating ...
40.415 Collected 10602 relevant facts at this layer
40.415 Encoding ...
43.053 Attempting to solve formula with 3462330 clauses (11897344 literals) and 16 assumptions
43.390 Unsolvable at layer 6 -- expanding.
43.390 Iteration 7.
43.390 New layer size: 91
43.390 Instantiating ...
65.698 Collected 10602 relevant facts at this layer
65.698 Encoding ...
69.797 Attempting to solve formula with 5981271 clauses (20615206 literals) and 26 assumptions
71.018 Unsolvable at layer 7 -- expanding.
71.018 Iteration 8.
71.018 New layer size: 149
71.018 Instantiating ...
107.168 Collected 10602 relevant facts at this layer
107.168 Encoding ...
113.717 Attempting to solve formula with 10094690 clauses (34862482 literals) and 42 assumptions
115.309 Unsolvable at layer 8 -- expanding.
115.309 Iteration 9.
115.309 New layer size: 243
115.309 Instantiating ...
173.498 Collected 10602 relevant facts at this layer
173.498 Encoding ...
185.022 Attempting to solve formula with 16796019 clauses (58083755 literals) and 68 assumptions
189.474 Unsolvable at layer 9 -- expanding.
189.474 Iteration 10.
189.475 New layer size: 395
189.475 Instantiating ...
284.568 Collected 10602 relevant facts at this layer
284.568 Encoding ...
304.396 Attempting to solve formula with 27679736 clauses (95808439 literals) and 110 assumptions
311.460 Unsolvable at layer 10 -- expanding.
311.460 Iteration 11.
311.460 New layer size: 641
311.460 Instantiating ...
467.455 Collected 10602 relevant facts at this layer
467.455 Encoding ...
501.850 Attempting to solve formula with 45333751 clauses (157010531 literals) and 178 assumptions
527.395 Unsolvable at layer 11 -- expanding.
527.395 Iteration 12.
527.396 New layer size: 1039
527.396 Instantiating ...
740.198 Termination signal caught.
740.198 Total amount of clauses encoded: 45333751
740.198 - directframeaxioms : 19194626 cls
740.198 - qfactsemantics : 12455616 cls
740.198 - indirectframeaxioms : 9538944 cls
740.198 - reductionconstraints : 3586351 cls
740.198 - actionconstraints : 233731 cls
740.198 - qconstequality : 140496 cls
740.198 - substitutionconstraints : 115410 cls
740.198 - atmostoneelement : 30565 cls
740.198 - expansions : 11789 cls
740.198 - truefacts : 10602 cls
740.198 - predecessors : 9940 cls
740.198 - actioneffects : 5679 cls
740.198 - axiomaticops : 2 cls
740.198 # instantiated positions: 2502
740.198 # instantiated actions: 10355
740.198 # instantiated reductions: 4793
740.198 # introduced pseudo-constants: 2106
740.198 # retroactive prunings: 0
740.198 # retroactively pruned operations: 0
740.198 # dominated operations: 8
740.198 # total invalid rigid preconditions found in getPFC: 0
740.198 # invalid rigid preconditions found in getPFC: 0
740.198 # invalid rigid preconditions found in getPFC in varrestrictions: 0
740.198 # total invalid fluent preconditions found in getPFC: 28
740.198 # invalid fluent preconditions found in getPFC: 16
740.198 # invalid fluent preconditions found in getPFC in varrestrictions: 12
740.198 # invalid fluent preconditions found in getPFC via postconditions: 0
740.198 # invalid subtasks found in getPFC: 0
740.198 # number effects in operation fact_frames: 226
740.198 Exiting happily.

RUNWATCH_RESULT MEMOUT RETVAL 0 TIME_SECS 741.161 MEMPEAK_KBS 16009952
