    _           _         _
   \ |         \ |       | |                       
   | |     __  | |      _| |______                
   | |     \/  | |     /_   ______\                
   | |      _  | |   __  | |  ___   ___   ___       
   | |___  | | | |  / .\ | | / , | |   \ / ·_\    
   \_____\ |_| |__\ \__/ |_| \___) |_|_| \___\  
[39mL i l o t a n e  version rls-glucose4
by Dominik Schreiber <dominik.schreiber@kit.edu> 2020-2021
using SAT solver glucose4

0.012 Parser finished.
0.012 Structures extracted.
0.013 30 operators and 28 methods created.
0.015 Mined 124 new reduction preconditions (+inf%).
0.015 Iteration 0.
0.015 Creating initial layer of size 2
0.019 Attempting to solve formula with 25 clauses (36 literals) and 1 assumptions
0.019 Unsolvable at layer 0 -- expanding.
0.019 Iteration 1.
0.019 New layer size: 4
0.019 Instantiating ...
0.020 Collected 11 relevant facts at this layer
0.020 Encoding ...
0.020 Attempting to solve formula with 40 clauses (64 literals) and 3 assumptions
0.020 Unsolvable at layer 1 -- expanding.
0.020 Iteration 2.
0.021 New layer size: 8
0.021 Instantiating ...
0.022 Collected 12 relevant facts at this layer
0.022 Encoding ...
0.022 Attempting to solve formula with 130 clauses (260 literals) and 7 assumptions
0.022 Unsolvable at layer 2 -- expanding.
0.022 Iteration 3.
0.022 New layer size: 8
0.022 Instantiating ...
0.023 Collected 26 relevant facts at this layer
0.023 Encoding ...
0.024 Attempting to solve formula with 401 clauses (867 literals) and 0 assumptions
c last restart ## conflicts  :  0 32 
0.024 Found a solution at layer 3.
==>
104 do_saw_small b0 p1 walnut smooth s6 s5 small natural untreated
121 do_glaze p1 glazer0 blue untreated untreated glazed natural
137 do_plane p0 verysmooth natural glazed smooth untreated natural
143 do_spray_varnish p0 spray_varnisher0 blue smooth untreated untreated varnished natural
153 do_plane p2 rough blue glazed smooth untreated natural
159 do_glaze p2 glazer0 blue untreated untreated glazed natural
root 28 30 36
28 process p1 blue smooth smooth -> method11 42 120
30 process p0 blue verysmooth smooth -> method12 136 142
36 process p2 blue rough smooth -> method12 152 158
42 cut_and_saw b0 p1 walnut smooth -> method10 103
103 do_saw b0 p1 walnut smooth -> method5 104
120 do_colour p1 blue glazer0 untreated -> method2 121
136 grindNplane p0 verysmooth natural glazed smooth natural untreated -> method7 137
142 do_colour p0 blue spray_varnisher0 untreated -> method1 143
152 grindNplane p2 rough blue glazed smooth natural untreated -> method7 153
158 do_colour p2 blue glazer0 untreated -> method2 159
<==
0.025 End of solution plan. (counted length of 6)
0.025 Total amount of clauses encoded: 401
0.025 - directframeaxioms : 116 cls
0.025 - reductionconstraints : 60 cls
0.025 - actioneffects : 55 cls
0.025 - actionconstraints : 46 cls
0.025 - predecessors : 29 cls
0.025 - truefacts : 26 cls
0.025 - expansions : 25 cls
0.025 - qtypeconstraints : 11 cls
0.025 - qfactsemantics : 10 cls
0.025 - substitutionconstraints : 6 cls
0.025 - indirectframeaxioms : 4 cls
0.025 - axiomaticops : 2 cls
0.025 # instantiated positions: 21
0.025 # instantiated actions: 17
0.025 # instantiated reductions: 13
0.025 # introduced pseudo-constants: 13
0.025 # retroactive prunings: 0
0.025 # retroactively pruned operations: 0
0.025 # dominated operations: 0
0.025 Exiting happily (no cleaning up).

RUNWATCH_RESULT EXIT RETVAL 0 TIME_SECS 0.0317383 MEMPEAK_KBS 672
