    _           _         _
   \ |         \ |       | |                       
   | |     __  | |      _| |______                
   | |     \/  | |     /_   ______\                
   | |      _  | |   __  | |  ___   ___   ___       
   | |___  | | | |  / .\ | | / , | |   \ / ·_\    
   \_____\ |_| |__\ \__/ |_| \___) |_|_| \___\  
[39mL i l o t a n e  version rls-cadical
by Dominik Schreiber <dominik.schreiber@kit.edu> 2020-2021
using SAT solver cadical

0.012 Parser finished.
0.012 Structures extracted.
0.013 72 operators and 56 methods created.
0.035 Mined 44 new reduction preconditions (+64.7%).
0.035 Iteration 0.
0.035 Creating initial layer of size 2
0.043 Attempting to solve formula with 3 clauses (3 literals) and 1 assumptions
0.043 Unsolvable at layer 0 -- expanding.
0.043 Iteration 1.
0.043 New layer size: 19
0.043 Instantiating ...
0.099 Collected 51 relevant facts at this layer
0.099 Encoding ...
0.108 Attempting to solve formula with 2082 clauses (5911 literals) and 18 assumptions
0.108 Unsolvable at layer 1 -- expanding.
0.108 Iteration 2.
0.108 New layer size: 37
0.108 Instantiating ...
0.205 Collected 426 relevant facts at this layer
0.206 Encoding ...
0.229 Attempting to solve formula with 22240 clauses (61243 literals) and 18 assumptions
0.229 Unsolvable at layer 2 -- expanding.
0.229 Iteration 3.
0.229 New layer size: 55
0.229 Instantiating ...
0.365 Collected 571 relevant facts at this layer
0.365 Encoding ...
0.395 Attempting to solve formula with 42876 clauses (118996 literals) and 36 assumptions
0.395 Unsolvable at layer 3 -- expanding.
0.395 Iteration 4.
0.395 New layer size: 73
0.395 Instantiating ...
0.548 Collected 582 relevant facts at this layer
0.548 Encoding ...
0.589 Attempting to solve formula with 68480 clauses (189571 literals) and 54 assumptions
0.589 Unsolvable at layer 4 -- expanding.
0.589 Iteration 5.
0.589 New layer size: 127
0.589 Instantiating ...
0.799 Collected 870 relevant facts at this layer
0.799 Encoding ...
0.937 Attempting to solve formula with 172415 clauses (524219 literals) and 72 assumptions
0.937 Unsolvable at layer 5 -- expanding.
0.937 Iteration 6.
0.937 New layer size: 199
0.937 Instantiating ...
1.255 Collected 870 relevant facts at this layer
1.255 Encoding ...
1.528 Attempting to solve formula with 358019 clauses (1140166 literals) and 90 assumptions
1.539 Unsolvable at layer 6 -- expanding.
1.539 Iteration 7.
1.539 New layer size: 289
1.539 Instantiating ...
1.964 Collected 870 relevant facts at this layer
1.964 Encoding ...
2.337 Attempting to solve formula with 609119 clauses (1983010 literals) and 108 assumptions
3.141 Unsolvable at layer 7 -- expanding.
3.141 Iteration 8.
3.141 New layer size: 397
3.141 Instantiating ...
3.713 Collected 870 relevant facts at this layer
3.713 Encoding ...
4.285 Attempting to solve formula with 924164 clauses (3054896 literals) and 126 assumptions
11.996 Unsolvable at layer 8 -- expanding.
11.996 Iteration 9.
11.996 New layer size: 523
11.996 Instantiating ...
12.725 Collected 870 relevant facts at this layer
12.725 Encoding ...
13.536 Attempting to solve formula with 1296591 clauses (4322979 literals) and 144 assumptions
13.889 Unsolvable at layer 9 -- expanding.
13.889 Iteration 10.
13.889 New layer size: 667
13.889 Instantiating ...
14.731 Collected 870 relevant facts at this layer
14.731 Encoding ...
15.614 Attempting to solve formula with 1726745 clauses (5787949 literals) and 162 assumptions
17.311 Unsolvable at layer 10 -- expanding.
17.311 Iteration 11.
17.311 New layer size: 829
17.311 Instantiating ...
18.462 Collected 870 relevant facts at this layer
18.462 Encoding ...
19.732 Attempting to solve formula with 2214985 clauses (7450523 literals) and 180 assumptions
25.711 Unsolvable at layer 11 -- expanding.
25.711 Iteration 12.
25.712 New layer size: 1009
25.712 Instantiating ...
26.917 Collected 870 relevant facts at this layer
26.917 Encoding ...
28.405 Attempting to solve formula with 2761724 clauses (9311570 literals) and 198 assumptions
156.446 Found a solution at layer 12.
==>
239707 i-LOCK-AT TRU5 POS5
239881 i-UNLOCK-AT TRU5 POS5
239884 LOAD-TRUCK OBJ53 TRU5 POS5
239888 DRIVE-TRUCK TRU5 POS5 APT5 CIT5
240084 i-LOCK-AT TRU5 APT5
240094 i-UNLOCK-AT TRU5 APT5
240102 UNLOAD-TRUCK OBJ53 TRU5 APT5
240115 FLY-AIRPLANE APN1 APT2 APT2
240118 FLY-AIRPLANE APN1 APT2 APT5
240295 i-LOCK-AT APN1 APT5
240304 i-UNLOCK-AT APN1 APT5
240313 LOAD-AIRPLANE OBJ53 APN1 APT5
240325 FLY-AIRPLANE APN1 APT5 APT2
240502 i-LOCK-AT APN1 APT2
240508 i-UNLOCK-AT APN1 APT2
240518 UNLOAD-AIRPLANE OBJ53 APN1 APT2
240526 DRIVE-TRUCK TRU2 POS2 APT2 CIT2
240703 i-LOCK-AT TRU2 APT2
240715 i-UNLOCK-AT TRU2 APT2
240719 LOAD-TRUCK OBJ53 TRU2 APT2
240731 DRIVE-TRUCK TRU2 APT2 POS2 CIT2
241067 i-LOCK-AT TRU2 POS2
241074 i-UNLOCK-AT TRU2 POS2
241083 UNLOAD-TRUCK OBJ53 TRU2 POS2
242318 i-LOCK-AT OBJ53 POS2
242327 i-LOCK-AT TRU2 POS2
242502 i-UNLOCK-AT TRU2 POS2
242505 LOAD-TRUCK OBJ21 TRU2 POS2
242509 DRIVE-TRUCK TRU2 POS2 APT2 CIT2
242707 i-LOCK-AT TRU2 APT2
242719 i-UNLOCK-AT TRU2 APT2
242725 UNLOAD-TRUCK OBJ21 TRU2 APT2
242736 FLY-AIRPLANE APN2 APT6 APT6
242744 FLY-AIRPLANE APN2 APT6 APT2
242922 i-LOCK-AT APN2 APT2
242933 i-UNLOCK-AT APN2 APT2
242938 LOAD-AIRPLANE OBJ21 APN2 APT2
242941 FLY-AIRPLANE APN2 APT2 APT4
243126 i-LOCK-AT APN2 APT4
243138 i-UNLOCK-AT APN2 APT4
243143 UNLOAD-AIRPLANE OBJ21 APN2 APT4
243151 DRIVE-TRUCK TRU4 POS4 POS4 CIT4
243167 DRIVE-TRUCK TRU4 POS4 APT4 CIT4
243329 i-LOCK-AT TRU4 APT4
243333 i-UNLOCK-AT TRU4 APT4
243347 LOAD-TRUCK OBJ21 TRU4 APT4
243358 DRIVE-TRUCK TRU4 APT4 POS4 CIT4
243691 i-LOCK-AT TRU4 POS4
243704 i-UNLOCK-AT TRU4 POS4
243706 UNLOAD-TRUCK OBJ21 TRU4 POS4
244956 i-LOCK-AT OBJ21 POS4
244963 i-LOCK-AT TRU3 POS3
245141 i-UNLOCK-AT TRU3 POS3
245144 LOAD-TRUCK OBJ31 TRU3 POS3
245150 DRIVE-TRUCK TRU3 POS3 POS3 CIT3
245164 DRIVE-TRUCK TRU3 POS3 POS3 CIT3
245172 DRIVE-TRUCK TRU3 POS3 POS3 CIT3
245174 DRIVE-TRUCK TRU3 POS3 POS3 CIT3
245183 DRIVE-TRUCK TRU3 POS3 APT3 CIT3
245348 i-LOCK-AT TRU3 APT3
245353 i-UNLOCK-AT TRU3 APT3
245361 UNLOAD-TRUCK OBJ31 TRU3 APT3
245373 FLY-AIRPLANE APN2 APT4 APT3
245559 i-LOCK-AT APN2 APT3
245568 i-UNLOCK-AT APN2 APT3
245577 LOAD-AIRPLANE OBJ31 APN2 APT3
245585 FLY-AIRPLANE APN2 APT3 APT4
245769 i-LOCK-AT APN2 APT4
245772 i-UNLOCK-AT APN2 APT4
245785 UNLOAD-AIRPLANE OBJ31 APN2 APT4
245798 DRIVE-TRUCK TRU4 POS4 APT4 CIT4
245967 i-LOCK-AT TRU4 APT4
245974 i-UNLOCK-AT TRU4 APT4
245984 LOAD-TRUCK OBJ31 TRU4 APT4
245992 DRIVE-TRUCK TRU4 APT4 POS4 CIT4
246330 i-LOCK-AT TRU4 POS4
246335 i-UNLOCK-AT TRU4 POS4
246347 UNLOAD-TRUCK OBJ31 TRU4 POS4
247595 i-LOCK-AT OBJ31 POS4
247600 i-LOCK-AT TRU4 POS4
247777 i-UNLOCK-AT TRU4 POS4
247783 LOAD-TRUCK OBJ42 TRU4 POS4
247787 DRIVE-TRUCK TRU4 POS4 POS4 CIT4
247801 DRIVE-TRUCK TRU4 POS4 POS4 CIT4
247807 DRIVE-TRUCK TRU4 POS4 APT4 CIT4
247986 i-LOCK-AT TRU4 APT4
247997 i-UNLOCK-AT TRU4 APT4
248003 UNLOAD-TRUCK OBJ42 TRU4 APT4
248013 i-LOCK-AT APN2 APT4
248203 i-UNLOCK-AT APN2 APT4
248213 LOAD-AIRPLANE OBJ42 APN2 APT4
248225 FLY-AIRPLANE APN2 APT4 APT2
248404 i-LOCK-AT APN2 APT2
248415 i-UNLOCK-AT APN2 APT2
248422 UNLOAD-AIRPLANE OBJ42 APN2 APT2
248430 i-LOCK-AT TRU2 APT2
248619 i-UNLOCK-AT TRU2 APT2
248623 LOAD-TRUCK OBJ42 TRU2 APT2
248636 DRIVE-TRUCK TRU2 APT2 POS2 CIT2
248968 i-LOCK-AT TRU2 POS2
248978 i-UNLOCK-AT TRU2 POS2
248986 UNLOAD-TRUCK OBJ42 TRU2 POS2
250234 i-LOCK-AT OBJ42 POS2
250241 i-LOCK-AT TRU2 POS2
250418 i-UNLOCK-AT TRU2 POS2
250424 LOAD-TRUCK OBJ23 TRU2 POS2
250434 DRIVE-TRUCK TRU2 POS2 POS2 CIT2
250441 DRIVE-TRUCK TRU2 POS2 POS2 CIT2
250447 DRIVE-TRUCK TRU2 POS2 POS2 CIT2
250456 DRIVE-TRUCK TRU2 POS2 POS2 CIT2
250458 DRIVE-TRUCK TRU2 POS2 APT2 CIT2
250627 i-LOCK-AT TRU2 APT2
250629 i-UNLOCK-AT TRU2 APT2
250639 UNLOAD-TRUCK OBJ23 TRU2 APT2
250653 i-LOCK-AT APN2 APT2
250849 i-UNLOCK-AT APN2 APT2
250853 LOAD-AIRPLANE OBJ23 APN2 APT2
250865 FLY-AIRPLANE APN2 APT2 APT4
250873 FLY-AIRPLANE APN2 APT4 APT1
250881 FLY-AIRPLANE APN2 APT1 APT5
251047 i-LOCK-AT APN2 APT5
251054 i-UNLOCK-AT APN2 APT5
251062 UNLOAD-AIRPLANE OBJ23 APN2 APT5
251069 i-LOCK-AT TRU5 APT5
251254 i-UNLOCK-AT TRU5 APT5
251262 LOAD-TRUCK OBJ23 TRU5 APT5
251272 DRIVE-TRUCK TRU5 APT5 POS5 CIT5
251607 i-LOCK-AT TRU5 POS5
251616 i-UNLOCK-AT TRU5 POS5
251625 UNLOAD-TRUCK OBJ23 TRU5 POS5
252874 i-LOCK-AT OBJ23 POS5
252879 i-LOCK-AT TRU5 POS5
253058 i-UNLOCK-AT TRU5 POS5
253061 LOAD-TRUCK OBJ52 TRU5 POS5
253074 DRIVE-TRUCK TRU5 POS5 POS5 CIT5
253079 DRIVE-TRUCK TRU5 POS5 POS5 CIT5
253089 DRIVE-TRUCK TRU5 POS5 POS5 CIT5
253091 DRIVE-TRUCK TRU5 POS5 APT5 CIT5
253263 i-LOCK-AT TRU5 APT5
253269 i-UNLOCK-AT TRU5 APT5
253279 UNLOAD-TRUCK OBJ52 TRU5 APT5
253290 FLY-AIRPLANE APN1 APT2 APT5
253479 i-LOCK-AT APN1 APT5
253486 i-UNLOCK-AT APN1 APT5
253494 LOAD-AIRPLANE OBJ52 APN1 APT5
253500 FLY-AIRPLANE APN1 APT5 APT2
253683 i-LOCK-AT APN1 APT2
253695 i-UNLOCK-AT APN1 APT2
253701 UNLOAD-AIRPLANE OBJ52 APN1 APT2
253714 i-LOCK-AT TRU2 APT2
253890 i-UNLOCK-AT TRU2 APT2
253902 LOAD-TRUCK OBJ52 TRU2 APT2
253906 DRIVE-TRUCK TRU2 APT2 POS2 CIT2
254246 i-LOCK-AT TRU2 POS2
254258 i-UNLOCK-AT TRU2 POS2
254265 UNLOAD-TRUCK OBJ52 TRU2 POS2
255512 i-LOCK-AT OBJ52 POS2
255519 i-LOCK-AT TRU6 POS6
255696 i-UNLOCK-AT TRU6 POS6
255701 LOAD-TRUCK OBJ63 TRU6 POS6
255707 DRIVE-TRUCK TRU6 POS6 APT6 CIT6
255902 i-LOCK-AT TRU6 APT6
255909 i-UNLOCK-AT TRU6 APT6
255917 UNLOAD-TRUCK OBJ63 TRU6 APT6
255923 FLY-AIRPLANE APN1 APT2 APT5
255937 FLY-AIRPLANE APN1 APT5 APT6
256116 i-LOCK-AT APN1 APT6
256127 i-UNLOCK-AT APN1 APT6
256132 LOAD-AIRPLANE OBJ63 APN1 APT6
256142 FLY-AIRPLANE APN1 APT6 APT3
256324 i-LOCK-AT APN1 APT3
256327 i-UNLOCK-AT APN1 APT3
256340 UNLOAD-AIRPLANE OBJ63 APN1 APT3
256343 i-LOCK-AT TRU3 APT3
256533 i-UNLOCK-AT TRU3 APT3
256541 LOAD-TRUCK OBJ63 TRU3 APT3
256545 DRIVE-TRUCK TRU3 APT3 POS3 CIT3
256886 i-LOCK-AT TRU3 POS3
256895 i-UNLOCK-AT TRU3 POS3
256901 UNLOAD-TRUCK OBJ63 TRU3 POS3
258151 i-LOCK-AT OBJ63 POS3
258158 DRIVE-TRUCK TRU4 APT4 APT4 CIT4
258164 DRIVE-TRUCK TRU4 APT4 POS4 CIT4
258329 i-LOCK-AT TRU4 POS4
258334 i-UNLOCK-AT TRU4 POS4
258339 LOAD-TRUCK OBJ41 TRU4 POS4
258348 DRIVE-TRUCK TRU4 POS4 POS4 CIT4
258360 DRIVE-TRUCK TRU4 POS4 POS4 CIT4
258363 DRIVE-TRUCK TRU4 POS4 POS4 CIT4
258373 DRIVE-TRUCK TRU4 POS4 POS4 CIT4
258375 DRIVE-TRUCK TRU4 POS4 APT4 CIT4
258544 i-LOCK-AT TRU4 APT4
258546 i-UNLOCK-AT TRU4 APT4
258556 UNLOAD-TRUCK OBJ41 TRU4 APT4
258569 FLY-AIRPLANE APN1 APT3 APT1
258577 FLY-AIRPLANE APN1 APT1 APT1
258582 FLY-AIRPLANE APN1 APT1 APT1
258588 FLY-AIRPLANE APN1 APT1 APT4
258753 i-LOCK-AT APN1 APT4
258765 i-UNLOCK-AT APN1 APT4
258769 LOAD-AIRPLANE OBJ41 APN1 APT4
258787 FLY-AIRPLANE APN1 APT4 APT6
258791 FLY-AIRPLANE APN1 APT6 APT1
258963 i-LOCK-AT APN1 APT1
258973 i-UNLOCK-AT APN1 APT1
258978 UNLOAD-AIRPLANE OBJ41 APN1 APT1
258988 DRIVE-TRUCK TRU1 POS1 APT1 CIT1
259165 i-LOCK-AT TRU1 APT1
259170 i-UNLOCK-AT TRU1 APT1
259181 LOAD-TRUCK OBJ41 TRU1 APT1
259195 DRIVE-TRUCK TRU1 APT1 POS1 CIT1
259525 i-LOCK-AT TRU1 POS1
259530 i-UNLOCK-AT TRU1 POS1
259544 UNLOAD-TRUCK OBJ41 TRU1 POS1
260790 i-LOCK-AT OBJ41 POS1
260801 i-LOCK-AT TRU1 POS1
260972 i-UNLOCK-AT TRU1 POS1
260980 LOAD-TRUCK OBJ12 TRU1 POS1
260985 i-LOCK-AT TRU1 POS1
261193 i-UNLOCK-AT TRU1 POS1
261198 UNLOAD-TRUCK OBJ12 TRU1 POS1
261213 i-LOCK-AT TRU1 POS1
261399 i-UNLOCK-AT TRU1 POS1
261409 LOAD-TRUCK OBJ12 TRU1 POS1
261418 DRIVE-TRUCK TRU1 POS1 APT1 CIT1
261603 i-LOCK-AT TRU1 APT1
261609 i-UNLOCK-AT TRU1 APT1
261619 UNLOAD-TRUCK OBJ12 TRU1 APT1
263430 i-LOCK-AT OBJ12 APT1
263432 DRIVE-TRUCK TRU6 APT6 POS6 CIT6
263607 i-LOCK-AT TRU6 POS6
263614 i-UNLOCK-AT TRU6 POS6
263617 LOAD-TRUCK OBJ62 TRU6 POS6
263626 DRIVE-TRUCK TRU6 POS6 APT6 CIT6
263822 i-LOCK-AT TRU6 APT6
263827 i-UNLOCK-AT TRU6 APT6
263834 UNLOAD-TRUCK OBJ62 TRU6 APT6
263849 FLY-AIRPLANE APN2 APT5 APT6
264035 i-LOCK-AT APN2 APT6
264037 i-UNLOCK-AT APN2 APT6
264051 LOAD-AIRPLANE OBJ62 APN2 APT6
264063 i-LOCK-AT APN2 APT6
264251 i-UNLOCK-AT APN2 APT6
264258 UNLOAD-AIRPLANE OBJ62 APN2 APT6
264268 i-LOCK-AT APN2 APT6
264447 i-UNLOCK-AT APN2 APT6
264455 LOAD-AIRPLANE OBJ62 APN2 APT6
264472 FLY-AIRPLANE APN2 APT6 APT1
264806 i-LOCK-AT APN2 APT1
264814 i-UNLOCK-AT APN2 APT1
264819 UNLOAD-AIRPLANE OBJ62 APN2 APT1
266068 i-LOCK-AT OBJ62 APT1
266071 i-LOCK-AT TRU3 POS3
266250 i-UNLOCK-AT TRU3 POS3
266257 LOAD-TRUCK OBJ33 TRU3 POS3
266260 DRIVE-TRUCK TRU3 POS3 APT3 CIT3
266460 i-LOCK-AT TRU3 APT3
266470 i-UNLOCK-AT TRU3 APT3
266477 UNLOAD-TRUCK OBJ33 TRU3 APT3
266486 FLY-AIRPLANE APN2 APT1 APT1
266495 FLY-AIRPLANE APN2 APT1 APT6
266500 FLY-AIRPLANE APN2 APT6 APT2
266509 FLY-AIRPLANE APN2 APT2 APT3
266674 i-LOCK-AT APN2 APT3
266676 i-UNLOCK-AT APN2 APT3
266687 LOAD-AIRPLANE OBJ33 APN2 APT3
266695 FLY-AIRPLANE APN2 APT3 APT4
266708 FLY-AIRPLANE APN2 APT4 APT2
266716 FLY-AIRPLANE APN2 APT2 APT6
266879 i-LOCK-AT APN2 APT6
266890 i-UNLOCK-AT APN2 APT6
266897 UNLOAD-AIRPLANE OBJ33 APN2 APT6
266905 i-LOCK-AT TRU6 APT6
267086 i-UNLOCK-AT TRU6 APT6
267098 LOAD-TRUCK OBJ33 TRU6 APT6
267110 DRIVE-TRUCK TRU6 APT6 POS6 CIT6
267442 i-LOCK-AT TRU6 POS6
267454 i-UNLOCK-AT TRU6 POS6
267460 UNLOAD-TRUCK OBJ33 TRU6 POS6
268707 i-LOCK-AT OBJ33 POS6
268711 DRIVE-TRUCK TRU1 APT1 APT1 CIT1
268720 DRIVE-TRUCK TRU1 APT1 POS1 CIT1
268885 i-LOCK-AT TRU1 POS1
268889 i-UNLOCK-AT TRU1 POS1
268896 LOAD-TRUCK OBJ11 TRU1 POS1
268903 DRIVE-TRUCK TRU1 POS1 POS1 CIT1
268913 DRIVE-TRUCK TRU1 POS1 POS1 CIT1
268920 DRIVE-TRUCK TRU1 POS1 POS1 CIT1
268928 DRIVE-TRUCK TRU1 POS1 APT1 CIT1
269097 i-LOCK-AT TRU1 APT1
269108 i-UNLOCK-AT TRU1 APT1
269116 UNLOAD-TRUCK OBJ11 TRU1 APT1
269122 FLY-AIRPLANE APN2 APT6 APT5
269132 FLY-AIRPLANE APN2 APT5 APT4
269142 FLY-AIRPLANE APN2 APT4 APT5
269145 FLY-AIRPLANE APN2 APT5 APT1
269309 i-LOCK-AT APN2 APT1
269316 i-UNLOCK-AT APN2 APT1
269329 LOAD-AIRPLANE OBJ11 APN2 APT1
269341 FLY-AIRPLANE APN2 APT1 APT1
269346 FLY-AIRPLANE APN2 APT1 APT6
269353 FLY-AIRPLANE APN2 APT6 APT2
269517 i-LOCK-AT APN2 APT2
269523 i-UNLOCK-AT APN2 APT2
269536 UNLOAD-AIRPLANE OBJ11 APN2 APT2
269540 DRIVE-TRUCK TRU2 POS2 POS2 CIT2
269553 DRIVE-TRUCK TRU2 POS2 APT2 CIT2
269719 i-LOCK-AT TRU2 APT2
269730 i-UNLOCK-AT TRU2 APT2
269736 LOAD-TRUCK OBJ11 TRU2 APT2
269739 DRIVE-TRUCK TRU2 APT2 POS2 CIT2
270082 i-LOCK-AT TRU2 POS2
270086 i-UNLOCK-AT TRU2 POS2
270097 UNLOAD-TRUCK OBJ11 TRU2 POS2
271346 i-LOCK-AT OBJ11 POS2
271355 DRIVE-TRUCK TRU5 APT5 POS5 CIT5
271526 i-LOCK-AT TRU5 POS5
271528 i-UNLOCK-AT TRU5 POS5
271536 LOAD-TRUCK OBJ51 TRU5 POS5
271544 DRIVE-TRUCK TRU5 POS5 APT5 CIT5
271737 i-LOCK-AT TRU5 APT5
271748 i-UNLOCK-AT TRU5 APT5
271755 UNLOAD-TRUCK OBJ51 TRU5 APT5
271769 FLY-AIRPLANE APN2 APT2 APT2
271775 FLY-AIRPLANE APN2 APT2 APT5
271948 i-LOCK-AT APN2 APT5
271960 i-UNLOCK-AT APN2 APT5
271967 LOAD-AIRPLANE OBJ51 APN2 APT5
271971 FLY-AIRPLANE APN2 APT5 APT2
271988 FLY-AIRPLANE APN2 APT2 APT2
271990 FLY-AIRPLANE APN2 APT2 APT4
272156 i-LOCK-AT APN2 APT4
272162 i-UNLOCK-AT APN2 APT4
272172 UNLOAD-AIRPLANE OBJ51 APN2 APT4
272189 i-LOCK-AT TRU4 APT4
272368 i-UNLOCK-AT TRU4 APT4
272375 LOAD-TRUCK OBJ51 TRU4 APT4
272383 DRIVE-TRUCK TRU4 APT4 POS4 CIT4
272722 i-LOCK-AT TRU4 POS4
272726 i-UNLOCK-AT TRU4 POS4
272737 UNLOAD-TRUCK OBJ51 TRU4 POS4
273986 i-LOCK-AT OBJ51 POS4
273988 i-LOCK-AT TRU2 POS2
274167 i-UNLOCK-AT TRU2 POS2
274174 LOAD-TRUCK OBJ22 TRU2 POS2
274183 DRIVE-TRUCK TRU2 POS2 APT2 CIT2
274374 i-LOCK-AT TRU2 APT2
274388 i-UNLOCK-AT TRU2 APT2
274391 UNLOAD-TRUCK OBJ22 TRU2 APT2
274398 FLY-AIRPLANE APN1 APT1 APT1
274410 FLY-AIRPLANE APN1 APT1 APT6
274417 FLY-AIRPLANE APN1 APT6 APT2
274587 i-LOCK-AT APN1 APT2
274595 i-UNLOCK-AT APN1 APT2
274605 LOAD-AIRPLANE OBJ22 APN1 APT2
274613 FLY-AIRPLANE APN1 APT2 APT1
274623 FLY-AIRPLANE APN1 APT1 APT6
274795 i-LOCK-AT APN1 APT6
274800 i-UNLOCK-AT APN1 APT6
274810 UNLOAD-AIRPLANE OBJ22 APN1 APT6
274823 DRIVE-TRUCK TRU6 POS6 APT6 CIT6
274997 i-LOCK-AT TRU6 APT6
275009 i-UNLOCK-AT TRU6 APT6
275011 LOAD-TRUCK OBJ22 TRU6 APT6
275021 DRIVE-TRUCK TRU6 APT6 POS6 CIT6
275360 i-LOCK-AT TRU6 POS6
275366 i-UNLOCK-AT TRU6 POS6
275374 UNLOAD-TRUCK OBJ22 TRU6 POS6
276624 i-LOCK-AT OBJ22 POS6
276632 i-LOCK-AT TRU6 POS6
276810 i-UNLOCK-AT TRU6 POS6
276813 LOAD-TRUCK OBJ61 TRU6 POS6
276819 i-LOCK-AT TRU6 POS6
277021 i-UNLOCK-AT TRU6 POS6
277029 UNLOAD-TRUCK OBJ61 TRU6 POS6
277043 i-LOCK-AT TRU6 POS6
277234 i-UNLOCK-AT TRU6 POS6
277245 LOAD-TRUCK OBJ61 TRU6 POS6
277260 DRIVE-TRUCK TRU6 POS6 POS6 CIT6
277262 DRIVE-TRUCK TRU6 POS6 POS6 CIT6
277270 DRIVE-TRUCK TRU6 POS6 APT6 CIT6
277437 i-LOCK-AT TRU6 APT6
277443 i-UNLOCK-AT TRU6 APT6
277451 UNLOAD-TRUCK OBJ61 TRU6 APT6
277456 i-LOCK-AT APN1 APT6
277644 i-UNLOCK-AT APN1 APT6
277651 LOAD-AIRPLANE OBJ61 APN1 APT6
277668 FLY-AIRPLANE APN1 APT6 APT1
277998 i-LOCK-AT APN1 APT1
278003 i-UNLOCK-AT APN1 APT1
278016 UNLOAD-AIRPLANE OBJ61 APN1 APT1
279263 i-LOCK-AT OBJ61 APT1
279267 i-LOCK-AT TRU4 POS4
279446 i-UNLOCK-AT TRU4 POS4
279452 LOAD-TRUCK OBJ43 TRU4 POS4
279466 DRIVE-TRUCK TRU4 POS4 APT4 CIT4
279655 i-LOCK-AT TRU4 APT4
279658 i-UNLOCK-AT TRU4 APT4
279670 UNLOAD-TRUCK OBJ43 TRU4 APT4
279679 i-LOCK-AT APN2 APT4
279879 i-UNLOCK-AT APN2 APT4
279882 LOAD-AIRPLANE OBJ43 APN2 APT4
279887 FLY-AIRPLANE APN2 APT4 APT4
279902 FLY-AIRPLANE APN2 APT4 APT2
280073 i-LOCK-AT APN2 APT2
280080 i-UNLOCK-AT APN2 APT2
280089 UNLOAD-AIRPLANE OBJ43 APN2 APT2
280105 i-LOCK-AT TRU2 APT2
280287 i-UNLOCK-AT TRU2 APT2
280289 LOAD-TRUCK OBJ43 TRU2 APT2
280297 DRIVE-TRUCK TRU2 APT2 POS2 CIT2
280637 i-LOCK-AT TRU2 POS2
280647 i-UNLOCK-AT TRU2 POS2
280654 UNLOAD-TRUCK OBJ43 TRU2 POS2
281902 i-LOCK-AT OBJ43 POS2
281913 DRIVE-TRUCK TRU3 APT3 APT3 CIT3
281915 DRIVE-TRUCK TRU3 APT3 APT3 CIT3
281919 DRIVE-TRUCK TRU3 APT3 APT3 CIT3
281925 DRIVE-TRUCK TRU3 APT3 APT3 CIT3
281928 DRIVE-TRUCK TRU3 APT3 APT3 CIT3
281931 DRIVE-TRUCK TRU3 APT3 POS3 CIT3
282082 i-LOCK-AT TRU3 POS3
282087 i-UNLOCK-AT TRU3 POS3
282092 LOAD-TRUCK OBJ32 TRU3 POS3
282096 DRIVE-TRUCK TRU3 POS3 POS3 CIT3
282112 DRIVE-TRUCK TRU3 POS3 POS3 CIT3
282114 DRIVE-TRUCK TRU3 POS3 POS3 CIT3
282124 DRIVE-TRUCK TRU3 POS3 POS3 CIT3
282130 DRIVE-TRUCK TRU3 POS3 APT3 CIT3
282292 i-LOCK-AT TRU3 APT3
282299 i-UNLOCK-AT TRU3 APT3
282311 UNLOAD-TRUCK OBJ32 TRU3 APT3
282316 FLY-AIRPLANE APN1 APT1 APT2
282327 FLY-AIRPLANE APN1 APT2 APT2
282335 FLY-AIRPLANE APN1 APT2 APT1
282340 FLY-AIRPLANE APN1 APT1 APT3
282504 i-LOCK-AT APN1 APT3
282513 i-UNLOCK-AT APN1 APT3
282524 LOAD-AIRPLANE OBJ32 APN1 APT3
282532 FLY-AIRPLANE APN1 APT3 APT1
282543 FLY-AIRPLANE APN1 APT1 APT6
282714 i-LOCK-AT APN1 APT6
282723 i-UNLOCK-AT APN1 APT6
282728 UNLOAD-AIRPLANE OBJ32 APN1 APT6
282733 FLY-AIRPLANE APN2 APT2 APT2
282748 FLY-AIRPLANE APN2 APT2 APT6
282916 i-LOCK-AT APN2 APT6
282926 i-UNLOCK-AT APN2 APT6
282930 LOAD-AIRPLANE OBJ32 APN2 APT6
282938 FLY-AIRPLANE APN2 APT6 APT5
283275 i-LOCK-AT APN2 APT5
283288 i-UNLOCK-AT APN2 APT5
283291 UNLOAD-AIRPLANE OBJ32 APN2 APT5
284542 i-LOCK-AT OBJ32 APT5
284548 DRIVE-TRUCK TRU1 APT1 APT1 CIT1
284556 DRIVE-TRUCK TRU1 APT1 APT1 CIT1
284560 DRIVE-TRUCK TRU1 APT1 APT1 CIT1
284563 DRIVE-TRUCK TRU1 APT1 APT1 CIT1
284566 DRIVE-TRUCK TRU1 APT1 APT1 CIT1
284570 DRIVE-TRUCK TRU1 APT1 POS1 CIT1
284720 i-LOCK-AT TRU1 POS1
284727 i-UNLOCK-AT TRU1 POS1
284729 LOAD-TRUCK OBJ13 TRU1 POS1
284745 i-LOCK-AT TRU1 POS1
284943 i-UNLOCK-AT TRU1 POS1
284948 UNLOAD-TRUCK OBJ13 TRU1 POS1
284959 i-LOCK-AT TRU1 POS1
285155 i-UNLOCK-AT TRU1 POS1
285162 LOAD-TRUCK OBJ13 TRU1 POS1
285168 DRIVE-TRUCK TRU1 POS1 POS1 CIT1
285183 DRIVE-TRUCK TRU1 POS1 POS1 CIT1
285188 DRIVE-TRUCK TRU1 POS1 APT1 CIT1
285352 i-LOCK-AT TRU1 APT1
285358 i-UNLOCK-AT TRU1 APT1
285366 UNLOAD-TRUCK OBJ13 TRU1 APT1
285384 FLY-AIRPLANE APN2 APT5 APT5
285387 FLY-AIRPLANE APN2 APT5 APT1
285554 i-LOCK-AT APN2 APT1
285565 i-UNLOCK-AT APN2 APT1
285568 LOAD-AIRPLANE OBJ13 APN2 APT1
285578 FLY-AIRPLANE APN2 APT1 APT6
285916 i-LOCK-AT APN2 APT6
285920 i-UNLOCK-AT APN2 APT6
285934 UNLOAD-AIRPLANE OBJ13 APN2 APT6
287180 i-LOCK-AT OBJ13 APT6
root 5 60 115 170 225 280 335 390 445 500 555 610 665 720 775 830 885 940
5 ACHIEVE-AT OBJ53 POS2 -> M10-ACHIEVE-AT 1047 242318
60 ACHIEVE-AT OBJ21 POS4 -> M10-ACHIEVE-AT 1867 244956
115 ACHIEVE-AT OBJ31 POS4 -> M10-ACHIEVE-AT 2316 247595
170 ACHIEVE-AT OBJ42 POS2 -> M10-ACHIEVE-AT 2765 250234
225 ACHIEVE-AT OBJ23 POS5 -> M10-ACHIEVE-AT 3216 252874
280 ACHIEVE-AT OBJ52 POS2 -> M10-ACHIEVE-AT 3664 255512
335 ACHIEVE-AT OBJ63 POS3 -> M10-ACHIEVE-AT 4112 258151
390 ACHIEVE-AT OBJ41 POS1 -> M10-ACHIEVE-AT 4563 260790
445 ACHIEVE-AT OBJ12 APT1 -> M10-ACHIEVE-AT 5010 263430
500 ACHIEVE-AT OBJ62 APT1 -> M10-ACHIEVE-AT 5461 266068
555 ACHIEVE-AT OBJ33 POS6 -> M10-ACHIEVE-AT 5910 268707
610 ACHIEVE-AT OBJ11 POS2 -> M10-ACHIEVE-AT 6358 271346
665 ACHIEVE-AT OBJ51 POS4 -> M10-ACHIEVE-AT 6807 273986
720 ACHIEVE-AT OBJ22 POS6 -> M10-ACHIEVE-AT 7255 276624
775 ACHIEVE-AT OBJ61 APT1 -> M10-ACHIEVE-AT 7705 279263
830 ACHIEVE-AT OBJ43 POS2 -> M10-ACHIEVE-AT 8153 281902
885 ACHIEVE-AT OBJ32 APT5 -> M10-ACHIEVE-AT 8603 284542
940 ACHIEVE-AT OBJ13 APT6 -> M10-ACHIEVE-AT 9051 287180
1047 ACHIEVE-AT0 OBJ53 POS2 -> M12-ACHIEVE-AT0 11049 9658
1867 ACHIEVE-AT0 OBJ21 POS4 -> M12-ACHIEVE-AT0 11154 9720
2316 ACHIEVE-AT0 OBJ31 POS4 -> M12-ACHIEVE-AT0 11252 9798
2765 ACHIEVE-AT0 OBJ42 POS2 -> M12-ACHIEVE-AT0 11349 9880
3216 ACHIEVE-AT0 OBJ23 POS5 -> M12-ACHIEVE-AT0 11448 9956
3664 ACHIEVE-AT0 OBJ52 POS2 -> M12-ACHIEVE-AT0 11546 10038
4112 ACHIEVE-AT0 OBJ63 POS3 -> M12-ACHIEVE-AT0 11644 10116
4563 ACHIEVE-AT0 OBJ41 POS1 -> M12-ACHIEVE-AT0 11742 10194
5010 ACHIEVE-AT0 OBJ12 APT1 -> M12-ACHIEVE-AT0 11840 10273
5461 ACHIEVE-AT0 OBJ62 APT1 -> M12-ACHIEVE-AT0 11937 10353
5910 ACHIEVE-AT0 OBJ33 POS6 -> M12-ACHIEVE-AT0 12035 10434
6358 ACHIEVE-AT0 OBJ11 POS2 -> M12-ACHIEVE-AT0 12134 10510
6807 ACHIEVE-AT0 OBJ51 POS4 -> M12-ACHIEVE-AT0 12231 10588
7255 ACHIEVE-AT0 OBJ22 POS6 -> M12-ACHIEVE-AT0 12330 10670
7705 ACHIEVE-AT0 OBJ61 APT1 -> M12-ACHIEVE-AT0 12428 10746
8153 ACHIEVE-AT0 OBJ43 POS2 -> M12-ACHIEVE-AT0 12526 10828
8603 ACHIEVE-AT0 OBJ32 APT5 -> M12-ACHIEVE-AT0 12624 10906
9051 ACHIEVE-AT0 OBJ13 APT6 -> M12-ACHIEVE-AT0 12721 10984
9658 ACHIEVE-AT0 OBJ53 POS2 -> M14-ACHIEVE-AT0 13388 11091
9720 ACHIEVE-AT0 OBJ21 POS4 -> M14-ACHIEVE-AT0 14809 11184
9798 ACHIEVE-AT0 OBJ31 POS4 -> M14-ACHIEVE-AT0 16233 11286
9880 ACHIEVE-AT0 OBJ42 POS2 -> M14-ACHIEVE-AT0 17657 11384
9956 ACHIEVE-AT0 OBJ23 POS5 -> M14-ACHIEVE-AT0 19082 11481
10038 ACHIEVE-AT0 OBJ52 POS2 -> M14-ACHIEVE-AT0 20505 11577
10116 ACHIEVE-AT0 OBJ63 POS3 -> M14-ACHIEVE-AT0 21931 11674
10194 ACHIEVE-AT0 OBJ41 POS1 -> M14-ACHIEVE-AT0 23355 11775
10273 ACHIEVE-AT0 OBJ12 APT1 -> M14-ACHIEVE-AT0 24776 11873
10353 ACHIEVE-AT0 OBJ62 APT1 -> M14-ACHIEVE-AT0 26203 11970
10434 ACHIEVE-AT0 OBJ33 POS6 -> M14-ACHIEVE-AT0 27624 12066
10510 ACHIEVE-AT0 OBJ11 POS2 -> M14-ACHIEVE-AT0 29050 12168
10588 ACHIEVE-AT0 OBJ51 POS4 -> M14-ACHIEVE-AT0 30475 12263
10670 ACHIEVE-AT0 OBJ22 POS6 -> M14-ACHIEVE-AT0 31899 12363
10746 ACHIEVE-AT0 OBJ61 APT1 -> M14-ACHIEVE-AT0 33320 12458
10828 ACHIEVE-AT0 OBJ43 POS2 -> M14-ACHIEVE-AT0 34745 12559
10906 ACHIEVE-AT0 OBJ32 APT5 -> M14-ACHIEVE-AT0 36169 12657
10984 ACHIEVE-AT0 OBJ13 APT6 -> M14-ACHIEVE-AT0 37594 12754
11049 DO-AT-LOAD-TRUCK0 OBJ53 TRU5 POS5 -> M4-DO-AT-LOAD-TRUCK0 239706 239880 239884
11091 ACHIEVE-AT0 OBJ53 POS2 -> M13-ACHIEVE-AT0 39184 13686
11154 DO-AT-LOAD-TRUCK0 OBJ21 TRU2 POS2 -> M4-DO-AT-LOAD-TRUCK0 242326 242501 242505
11184 ACHIEVE-AT0 OBJ21 POS4 -> M13-ACHIEVE-AT0 40414 15109
11252 DO-AT-LOAD-TRUCK0 OBJ31 TRU3 POS3 -> M4-DO-AT-LOAD-TRUCK0 244962 245140 245144
11286 ACHIEVE-AT0 OBJ31 POS4 -> M13-ACHIEVE-AT0 41643 16533
11349 DO-AT-LOAD-TRUCK0 OBJ42 TRU4 POS4 -> M4-DO-AT-LOAD-TRUCK0 247599 247776 247783
11384 ACHIEVE-AT0 OBJ42 POS2 -> M13-ACHIEVE-AT0 42876 17960
11448 DO-AT-LOAD-TRUCK0 OBJ23 TRU2 POS2 -> M4-DO-AT-LOAD-TRUCK0 250240 250417 250424
11481 ACHIEVE-AT0 OBJ23 POS5 -> M13-ACHIEVE-AT0 44106 19380
11546 DO-AT-LOAD-TRUCK0 OBJ52 TRU5 POS5 -> M4-DO-AT-LOAD-TRUCK0 252878 253057 253061
11577 ACHIEVE-AT0 OBJ52 POS2 -> M13-ACHIEVE-AT0 45338 20804
11644 DO-AT-LOAD-TRUCK0 OBJ63 TRU6 POS6 -> M4-DO-AT-LOAD-TRUCK0 255518 255695 255701
11674 ACHIEVE-AT0 OBJ63 POS3 -> M13-ACHIEVE-AT0 46570 22230
11742 DO-AT-LOAD-TRUCK0 OBJ41 TRU4 POS4 -> M4-DO-AT-LOAD-TRUCK0 22864 258333 258339
11775 ACHIEVE-AT0 OBJ41 POS1 -> M13-ACHIEVE-AT0 47800 23654
11840 DO-AT-LOAD-TRUCK0 OBJ12 TRU1 POS1 -> M4-DO-AT-LOAD-TRUCK0 260800 260971 260980
11873 ACHIEVE-AT0 OBJ12 APT1 -> M12-ACHIEVE-AT0 49029 25080
11937 DO-AT-LOAD-TRUCK0 OBJ62 TRU6 POS6 -> M4-DO-AT-LOAD-TRUCK0 25713 263613 263617
11970 ACHIEVE-AT0 OBJ62 APT1 -> M13-ACHIEVE-AT0 50262 26504
12035 DO-AT-LOAD-TRUCK0 OBJ33 TRU3 POS3 -> M4-DO-AT-LOAD-TRUCK0 266070 266249 266257
12066 ACHIEVE-AT0 OBJ33 POS6 -> M13-ACHIEVE-AT0 51493 27924
12134 DO-AT-LOAD-TRUCK0 OBJ11 TRU1 POS1 -> M4-DO-AT-LOAD-TRUCK0 28561 268888 268896
12168 ACHIEVE-AT0 OBJ11 POS2 -> M13-ACHIEVE-AT0 52723 29349
12231 DO-AT-LOAD-TRUCK0 OBJ51 TRU5 POS5 -> M4-DO-AT-LOAD-TRUCK0 29984 271527 271536
12263 ACHIEVE-AT0 OBJ51 POS4 -> M13-ACHIEVE-AT0 53953 30775
12330 DO-AT-LOAD-TRUCK0 OBJ22 TRU2 POS2 -> M4-DO-AT-LOAD-TRUCK0 273987 274166 274174
12363 ACHIEVE-AT0 OBJ22 POS6 -> M13-ACHIEVE-AT0 55187 32199
12428 DO-AT-LOAD-TRUCK0 OBJ61 TRU6 POS6 -> M4-DO-AT-LOAD-TRUCK0 276631 276809 276813
12458 ACHIEVE-AT0 OBJ61 APT1 -> M12-ACHIEVE-AT0 56418 33620
12526 DO-AT-LOAD-TRUCK0 OBJ43 TRU4 POS4 -> M4-DO-AT-LOAD-TRUCK0 279266 279445 279452
12559 ACHIEVE-AT0 OBJ43 POS2 -> M13-ACHIEVE-AT0 57649 35046
12624 DO-AT-LOAD-TRUCK0 OBJ32 TRU3 POS3 -> M4-DO-AT-LOAD-TRUCK0 35680 282086 282092
12657 ACHIEVE-AT0 OBJ32 APT5 -> M13-ACHIEVE-AT0 58879 36468
12721 DO-AT-LOAD-TRUCK0 OBJ13 TRU1 POS1 -> M4-DO-AT-LOAD-TRUCK0 37105 284726 284729
12754 ACHIEVE-AT0 OBJ13 APT6 -> M12-ACHIEVE-AT0 60109 37892
13388 DO-IN-UNLOAD-TRUCK0 OBJ53 TRU5 APT5 -> M6-DO-IN-UNLOAD-TRUCK0 38689 240093 240102
13686 ACHIEVE-AT0 OBJ53 POS2 -> M15-ACHIEVE-AT0 61510 39223
14809 DO-IN-UNLOAD-TRUCK0 OBJ21 TRU2 APT2 -> M6-DO-IN-UNLOAD-TRUCK0 39904 242718 242725
15109 ACHIEVE-AT0 OBJ21 POS4 -> M15-ACHIEVE-AT0 63096 40451
16233 DO-IN-UNLOAD-TRUCK0 OBJ31 TRU3 APT3 -> M6-DO-IN-UNLOAD-TRUCK0 41134 245352 245361
16533 ACHIEVE-AT0 OBJ31 POS4 -> M15-ACHIEVE-AT0 64682 41682
17657 DO-IN-UNLOAD-TRUCK0 OBJ42 TRU4 APT4 -> M6-DO-IN-UNLOAD-TRUCK0 42367 247996 248003
17960 ACHIEVE-AT0 OBJ42 POS2 -> M15-ACHIEVE-AT0 66267 42917
19082 DO-IN-UNLOAD-TRUCK0 OBJ23 TRU2 APT2 -> M6-DO-IN-UNLOAD-TRUCK0 43596 250628 250639
19380 ACHIEVE-AT0 OBJ23 POS5 -> M15-ACHIEVE-AT0 67852 44145
20505 DO-IN-UNLOAD-TRUCK0 OBJ52 TRU5 APT5 -> M6-DO-IN-UNLOAD-TRUCK0 44829 253268 253279
20804 ACHIEVE-AT0 OBJ52 POS2 -> M15-ACHIEVE-AT0 69440 45377
21931 DO-IN-UNLOAD-TRUCK0 OBJ63 TRU6 APT6 -> M6-DO-IN-UNLOAD-TRUCK0 46057 255908 255917
22230 ACHIEVE-AT0 OBJ63 POS3 -> M15-ACHIEVE-AT0 71024 46609
22864 ACHIEVE-AT-TRK TRU4 POS4 -> M34-ACHIEVE-AT 46954 258329
23355 DO-IN-UNLOAD-TRUCK0 OBJ41 TRU4 APT4 -> M6-DO-IN-UNLOAD-TRUCK0 47290 258545 258556
23654 ACHIEVE-AT0 OBJ41 POS1 -> M15-ACHIEVE-AT0 72610 47841
24776 DO-IN-UNLOAD-TRUCK0 OBJ12 TRU1 POS1 -> M6-DO-IN-UNLOAD-TRUCK0 260984 261192 261198
25080 ACHIEVE-AT0 OBJ12 APT1 -> M14-ACHIEVE-AT0 74196 49069
25713 ACHIEVE-AT-TRK TRU6 POS6 -> M34-ACHIEVE-AT 49418 263607
26203 DO-IN-UNLOAD-TRUCK0 OBJ62 TRU6 APT6 -> M6-DO-IN-UNLOAD-TRUCK0 49752 263826 263834
26504 ACHIEVE-AT0 OBJ62 APT1 -> M15-ACHIEVE-AT0 75782 50302
27624 DO-IN-UNLOAD-TRUCK0 OBJ33 TRU3 APT3 -> M6-DO-IN-UNLOAD-TRUCK0 50981 266469 266477
27924 ACHIEVE-AT0 OBJ33 POS6 -> M15-ACHIEVE-AT0 77368 51534
28561 ACHIEVE-AT-TRK TRU1 POS1 -> M34-ACHIEVE-AT 51881 268885
29050 DO-IN-UNLOAD-TRUCK0 OBJ11 TRU1 APT1 -> M6-DO-IN-UNLOAD-TRUCK0 52212 269107 269116
29349 ACHIEVE-AT0 OBJ11 POS2 -> M15-ACHIEVE-AT0 78956 52765
29984 ACHIEVE-AT-TRK TRU5 POS5 -> M34-ACHIEVE-AT 53112 271526
30475 DO-IN-UNLOAD-TRUCK0 OBJ51 TRU5 APT5 -> M6-DO-IN-UNLOAD-TRUCK0 53444 271747 271755
30775 ACHIEVE-AT0 OBJ51 POS4 -> M15-ACHIEVE-AT0 80542 53992
31899 DO-IN-UNLOAD-TRUCK0 OBJ22 TRU2 APT2 -> M6-DO-IN-UNLOAD-TRUCK0 54675 274387 274391
32199 ACHIEVE-AT0 OBJ22 POS6 -> M15-ACHIEVE-AT0 82128 55224
33320 DO-IN-UNLOAD-TRUCK0 OBJ61 TRU6 POS6 -> M6-DO-IN-UNLOAD-TRUCK0 276818 277020 277029
33620 ACHIEVE-AT0 OBJ61 APT1 -> M14-ACHIEVE-AT0 83711 56456
34745 DO-IN-UNLOAD-TRUCK0 OBJ43 TRU4 APT4 -> M6-DO-IN-UNLOAD-TRUCK0 57136 279657 279670
35046 ACHIEVE-AT0 OBJ43 POS2 -> M15-ACHIEVE-AT0 85298 57687
35680 ACHIEVE-AT-TRK TRU3 POS3 -> M34-ACHIEVE-AT 58036 282082
36169 DO-IN-UNLOAD-TRUCK0 OBJ32 TRU3 APT3 -> M6-DO-IN-UNLOAD-TRUCK0 58367 282298 282311
36468 ACHIEVE-AT0 OBJ32 APT5 -> M15-ACHIEVE-AT0 86885 58919
37105 ACHIEVE-AT-TRK TRU1 POS1 -> M34-ACHIEVE-AT 59264 284720
37594 DO-IN-UNLOAD-TRUCK0 OBJ13 TRU1 POS1 -> M6-DO-IN-UNLOAD-TRUCK0 284744 284942 284948
37892 ACHIEVE-AT0 OBJ13 APT6 -> M14-ACHIEVE-AT0 88469 60151
38689 ACHIEVE-AT-TRK TRU5 APT5 -> M34-ACHIEVE-AT 60673 240084
39184 DO-AT-LOAD-AIRPLANE0 OBJ53 APN1 APT5 -> M5-DO-AT-LOAD-AIRPLANE0 61015 240303 240313
39223 ACHIEVE-AT0 OBJ53 POS2 -> M12-ACHIEVE-AT0 90231 61548
39904 ACHIEVE-AT-TRK TRU2 APT2 -> M34-ACHIEVE-AT 62235 242707
40414 DO-AT-LOAD-AIRPLANE0 OBJ21 APN2 APT2 -> M5-DO-AT-LOAD-AIRPLANE0 62584 242932 242938
40451 ACHIEVE-AT0 OBJ21 POS4 -> M12-ACHIEVE-AT0 92011 63135
41134 ACHIEVE-AT-TRK TRU3 APT3 -> M34-ACHIEVE-AT 63822 245348
41643 DO-AT-LOAD-AIRPLANE0 OBJ31 APN2 APT3 -> M5-DO-AT-LOAD-AIRPLANE0 64172 245567 245577
41682 ACHIEVE-AT0 OBJ31 POS4 -> M12-ACHIEVE-AT0 93797 64720
42367 ACHIEVE-AT-TRK TRU4 APT4 -> M34-ACHIEVE-AT 65407 247986
42876 DO-AT-LOAD-AIRPLANE0 OBJ42 APN2 APT4 -> M5-DO-AT-LOAD-AIRPLANE0 248012 248202 248213
42917 ACHIEVE-AT0 OBJ42 POS2 -> M12-ACHIEVE-AT0 95579 66306
43596 ACHIEVE-AT-TRK TRU2 APT2 -> M34-ACHIEVE-AT 66993 250627
44106 DO-AT-LOAD-AIRPLANE0 OBJ23 APN2 APT2 -> M5-DO-AT-LOAD-AIRPLANE0 250652 250848 250853
44145 ACHIEVE-AT0 OBJ23 POS5 -> M12-ACHIEVE-AT0 97360 67892
44829 ACHIEVE-AT-TRK TRU5 APT5 -> M34-ACHIEVE-AT 68585 253263
45338 DO-AT-LOAD-AIRPLANE0 OBJ52 APN1 APT5 -> M5-DO-AT-LOAD-AIRPLANE0 68929 253485 253494
45377 ACHIEVE-AT0 OBJ52 POS2 -> M12-ACHIEVE-AT0 99146 69479
46057 ACHIEVE-AT-TRK TRU6 APT6 -> M34-ACHIEVE-AT 70165 255902
46570 DO-AT-LOAD-AIRPLANE0 OBJ63 APN1 APT6 -> M5-DO-AT-LOAD-AIRPLANE0 70514 256126 256132
46609 ACHIEVE-AT0 OBJ63 POS3 -> M12-ACHIEVE-AT0 100926 71064
46954 ACHIEVE-AT1 TRU4 POS4 -> M36-ACHIEVE-AT1 258158 71421
47290 ACHIEVE-AT-TRK TRU4 APT4 -> M34-ACHIEVE-AT 71753 258544
47800 DO-AT-LOAD-AIRPLANE0 OBJ41 APN1 APT4 -> M5-DO-AT-LOAD-AIRPLANE0 72099 258764 258769
47841 ACHIEVE-AT0 OBJ41 POS1 -> M12-ACHIEVE-AT0 102710 72651
49029 DO-AT-LOAD-TRUCK0 OBJ12 TRU1 POS1 -> M4-DO-AT-LOAD-TRUCK0 261212 261398 261409
49069 ACHIEVE-AT0 OBJ12 APT1 -> M11-ACHIEVE-AT0
49418 ACHIEVE-AT1 TRU6 POS6 -> M36-ACHIEVE-AT1 263432 74596
49752 ACHIEVE-AT-TRK TRU6 APT6 -> M34-ACHIEVE-AT 74924 263822
50262 DO-AT-LOAD-AIRPLANE0 OBJ62 APN2 APT6 -> M5-DO-AT-LOAD-AIRPLANE0 75272 264036 264051
50302 ACHIEVE-AT0 OBJ62 APT1 -> M13-ACHIEVE-AT0 106277 75821
50981 ACHIEVE-AT-TRK TRU3 APT3 -> M34-ACHIEVE-AT 76509 266460
51493 DO-AT-LOAD-AIRPLANE0 OBJ33 APN2 APT3 -> M5-DO-AT-LOAD-AIRPLANE0 76859 266675 266687
51534 ACHIEVE-AT0 OBJ33 POS6 -> M12-ACHIEVE-AT0 108061 77410
51881 ACHIEVE-AT1 TRU1 POS1 -> M36-ACHIEVE-AT1 268711 77768
52212 ACHIEVE-AT-TRK TRU1 APT1 -> M34-ACHIEVE-AT 78099 269097
52723 DO-AT-LOAD-AIRPLANE0 OBJ11 APN2 APT1 -> M5-DO-AT-LOAD-AIRPLANE0 78444 269315 269329
52765 ACHIEVE-AT0 OBJ11 POS2 -> M12-ACHIEVE-AT0 109842 78996
53112 ACHIEVE-AT1 TRU5 POS5 -> M36-ACHIEVE-AT1 271355 79352
53444 ACHIEVE-AT-TRK TRU5 APT5 -> M34-ACHIEVE-AT 79688 271737
53953 DO-AT-LOAD-AIRPLANE0 OBJ51 APN2 APT5 -> M5-DO-AT-LOAD-AIRPLANE0 80032 271959 271967
53992 ACHIEVE-AT0 OBJ51 POS4 -> M12-ACHIEVE-AT0 111626 80578
54675 ACHIEVE-AT-TRK TRU2 APT2 -> M34-ACHIEVE-AT 81272 274374
55187 DO-AT-LOAD-AIRPLANE0 OBJ22 APN1 APT2 -> M5-DO-AT-LOAD-AIRPLANE0 81617 274594 274605
55224 ACHIEVE-AT0 OBJ22 POS6 -> M12-ACHIEVE-AT0 113410 82165
56418 DO-AT-LOAD-TRUCK0 OBJ61 TRU6 POS6 -> M4-DO-AT-LOAD-TRUCK0 277042 277233 277245
56456 ACHIEVE-AT0 OBJ61 APT1 -> M13-ACHIEVE-AT0 115193 83752
57136 ACHIEVE-AT-TRK TRU4 APT4 -> M34-ACHIEVE-AT 84446 279655
57649 DO-AT-LOAD-AIRPLANE0 OBJ43 APN2 APT4 -> M5-DO-AT-LOAD-AIRPLANE0 279678 279878 279882
57687 ACHIEVE-AT0 OBJ43 POS2 -> M12-ACHIEVE-AT0 116976 85337
58036 ACHIEVE-AT1 TRU3 POS3 -> M36-ACHIEVE-AT1 281913 85697
58367 ACHIEVE-AT-TRK TRU3 APT3 -> M34-ACHIEVE-AT 86026 282292
58879 DO-AT-LOAD-AIRPLANE0 OBJ32 APN1 APT3 -> M5-DO-AT-LOAD-AIRPLANE0 86376 282512 282524
58919 ACHIEVE-AT0 OBJ32 APT5 -> M13-ACHIEVE-AT0 118756 86925
59264 ACHIEVE-AT1 TRU1 POS1 -> M36-ACHIEVE-AT1 284548 87283
60109 DO-AT-LOAD-TRUCK0 OBJ13 TRU1 POS1 -> M4-DO-AT-LOAD-TRUCK0 284958 285154 285162
60151 ACHIEVE-AT0 OBJ13 APT6 -> M13-ACHIEVE-AT0 120539 88508
60673 ACHIEVE-AT1 TRU5 APT5 -> M36-ACHIEVE-AT1 239888 89041
61015 ACHIEVE-AT-AIR APN1 APT5 -> M39-ACHIEVE-AT 89392 240295
61510 DO-IN-UNLOAD-AIRPLANE0 OBJ53 APN1 APT2 -> M7-DO-IN-UNLOAD-AIRPLANE0 89736 240507 240518
61548 ACHIEVE-AT0 OBJ53 POS2 -> M14-ACHIEVE-AT0 122507 90273
62235 ACHIEVE-AT1 TRU2 APT2 -> M36-ACHIEVE-AT1 242509 90806
62584 ACHIEVE-AT-AIR APN2 APT2 -> M39-ACHIEVE-AT 91153 242922
63096 DO-IN-UNLOAD-AIRPLANE0 OBJ21 APN2 APT4 -> M7-DO-IN-UNLOAD-AIRPLANE0 91504 243137 243143
63135 ACHIEVE-AT0 OBJ21 POS4 -> M14-ACHIEVE-AT0 124494 92054
63822 ACHIEVE-AT1 TRU3 APT3 -> M36-ACHIEVE-AT1 245150 92589
64172 ACHIEVE-AT-AIR APN2 APT3 -> M39-ACHIEVE-AT 92942 245559
64682 DO-IN-UNLOAD-AIRPLANE0 OBJ31 APN2 APT4 -> M7-DO-IN-UNLOAD-AIRPLANE0 93284 245771 245785
64720 ACHIEVE-AT0 OBJ31 POS4 -> M14-ACHIEVE-AT0 126481 93836
65407 ACHIEVE-AT1 TRU4 APT4 -> M36-ACHIEVE-AT1 247787 94370
66267 DO-IN-UNLOAD-AIRPLANE0 OBJ42 APN2 APT2 -> M7-DO-IN-UNLOAD-AIRPLANE0 95069 248414 248422
66306 ACHIEVE-AT0 OBJ42 POS2 -> M14-ACHIEVE-AT0 128470 95618
66993 ACHIEVE-AT1 TRU2 APT2 -> M36-ACHIEVE-AT1 250434 96152
67852 DO-IN-UNLOAD-AIRPLANE0 OBJ23 APN2 APT5 -> M7-DO-IN-UNLOAD-AIRPLANE0 96852 251053 251062
67892 ACHIEVE-AT0 OBJ23 POS5 -> M14-ACHIEVE-AT0 130458 97399
68585 ACHIEVE-AT1 TRU5 APT5 -> M36-ACHIEVE-AT1 253074 97941
68929 ACHIEVE-AT-AIR APN1 APT5 -> M39-ACHIEVE-AT 98291 253479
69440 DO-IN-UNLOAD-AIRPLANE0 OBJ52 APN1 APT2 -> M7-DO-IN-UNLOAD-AIRPLANE0 98634 253694 253701
69479 ACHIEVE-AT0 OBJ52 POS2 -> M14-ACHIEVE-AT0 132444 99186
70165 ACHIEVE-AT1 TRU6 APT6 -> M36-ACHIEVE-AT1 255707 99720
70514 ACHIEVE-AT-AIR APN1 APT6 -> M39-ACHIEVE-AT 100071 256116
71024 DO-IN-UNLOAD-AIRPLANE0 OBJ63 APN1 APT3 -> M7-DO-IN-UNLOAD-AIRPLANE0 100417 256326 256340
71064 ACHIEVE-AT0 OBJ63 POS3 -> M14-ACHIEVE-AT0 134435 100969
71421 ACHIEVE-AT1 TRU4 POS4 -> M36-ACHIEVE-AT1 258164 101331
71753 ACHIEVE-AT1 TRU4 APT4 -> M36-ACHIEVE-AT1 258348 101506
72099 ACHIEVE-AT-AIR APN1 APT4 -> M39-ACHIEVE-AT 101858 258753
72610 DO-IN-UNLOAD-AIRPLANE0 OBJ41 APN1 APT1 -> M7-DO-IN-UNLOAD-AIRPLANE0 102202 258972 258978
72651 ACHIEVE-AT0 OBJ41 POS1 -> M14-ACHIEVE-AT0 136423 102749
74196 DO-IN-UNLOAD-TRUCK0 OBJ12 TRU1 APT1 -> M6-DO-IN-UNLOAD-TRUCK0 103983 261608 261619
74596 ACHIEVE-AT1 TRU6 POS6 -> M35-ACHIEVE-AT1
74924 ACHIEVE-AT1 TRU6 APT6 -> M36-ACHIEVE-AT1 263626 105074
75272 ACHIEVE-AT-AIR APN2 APT6 -> M39-ACHIEVE-AT 105417 264035
75782 DO-IN-UNLOAD-AIRPLANE0 OBJ62 APN2 APT6 -> M7-DO-IN-UNLOAD-AIRPLANE0 264062 264250 264258
75821 ACHIEVE-AT0 OBJ62 APT1 -> M15-ACHIEVE-AT0 140398 106315
76509 ACHIEVE-AT1 TRU3 APT3 -> M36-ACHIEVE-AT1 266260 106855
76859 ACHIEVE-AT-AIR APN2 APT3 -> M39-ACHIEVE-AT 107201 266674
77368 DO-IN-UNLOAD-AIRPLANE0 OBJ33 APN2 APT6 -> M7-DO-IN-UNLOAD-AIRPLANE0 107549 266889 266897
77410 ACHIEVE-AT0 OBJ33 POS6 -> M14-ACHIEVE-AT0 142387 108098
77768 ACHIEVE-AT1 TRU1 POS1 -> M36-ACHIEVE-AT1 268720 108463
78099 ACHIEVE-AT1 TRU1 APT1 -> M36-ACHIEVE-AT1 268903 108636
78444 ACHIEVE-AT-AIR APN2 APT1 -> M39-ACHIEVE-AT 108987 269309
78956 DO-IN-UNLOAD-AIRPLANE0 OBJ11 APN2 APT2 -> M7-DO-IN-UNLOAD-AIRPLANE0 109333 269522 269536
78996 ACHIEVE-AT0 OBJ11 POS2 -> M14-ACHIEVE-AT0 144375 109883
79352 ACHIEVE-AT1 TRU5 POS5 -> M35-ACHIEVE-AT1
79688 ACHIEVE-AT1 TRU5 APT5 -> M36-ACHIEVE-AT1 271544 110421
80032 ACHIEVE-AT-AIR APN2 APT5 -> M39-ACHIEVE-AT 110769 271948
80542 DO-IN-UNLOAD-AIRPLANE0 OBJ51 APN2 APT4 -> M7-DO-IN-UNLOAD-AIRPLANE0 111114 272161 272172
80578 ACHIEVE-AT0 OBJ51 POS4 -> M14-ACHIEVE-AT0 146361 111665
81272 ACHIEVE-AT1 TRU2 APT2 -> M36-ACHIEVE-AT1 274183 112205
81617 ACHIEVE-AT-AIR APN1 APT2 -> M39-ACHIEVE-AT 112551 274587
82128 DO-IN-UNLOAD-AIRPLANE0 OBJ22 APN1 APT6 -> M7-DO-IN-UNLOAD-AIRPLANE0 112900 274799 274810
82165 ACHIEVE-AT0 OBJ22 POS6 -> M14-ACHIEVE-AT0 148348 113450
83711 DO-IN-UNLOAD-TRUCK0 OBJ61 TRU6 APT6 -> M6-DO-IN-UNLOAD-TRUCK0 114681 277442 277451
83752 ACHIEVE-AT0 OBJ61 APT1 -> M15-ACHIEVE-AT0 150337 115232
84446 ACHIEVE-AT1 TRU4 APT4 -> M36-ACHIEVE-AT1 279466 115766
85298 DO-IN-UNLOAD-AIRPLANE0 OBJ43 APN2 APT2 -> M7-DO-IN-UNLOAD-AIRPLANE0 116463 280079 280089
85337 ACHIEVE-AT0 OBJ43 POS2 -> M14-ACHIEVE-AT0 152327 117016
85697 ACHIEVE-AT1 TRU3 POS3 -> M36-ACHIEVE-AT1 281915 117378
86026 ACHIEVE-AT1 TRU3 APT3 -> M36-ACHIEVE-AT1 282096 117551
86376 ACHIEVE-AT-AIR APN1 APT3 -> M39-ACHIEVE-AT 117902 282504
86885 DO-IN-UNLOAD-AIRPLANE0 OBJ32 APN1 APT6 -> M7-DO-IN-UNLOAD-AIRPLANE0 118249 282722 282728
86925 ACHIEVE-AT0 OBJ32 APT5 -> M15-ACHIEVE-AT0 154313 118796
87283 ACHIEVE-AT1 TRU1 POS1 -> M36-ACHIEVE-AT1 284556 119159
88469 DO-IN-UNLOAD-TRUCK0 OBJ13 TRU1 APT1 -> M6-DO-IN-UNLOAD-TRUCK0 120032 285357 285366
88508 ACHIEVE-AT0 OBJ13 APT6 -> M15-ACHIEVE-AT0 156303 120581
89041 ACHIEVE-AT1 TRU5 APT5 -> M35-ACHIEVE-AT1
89392 ACHIEVE-AT2 APN1 APT5 -> M41-ACHIEVE-AT2 240115 121313
89736 ACHIEVE-AT-AIR APN1 APT2 -> M39-ACHIEVE-AT 121663 240502
90231 DO-AT-LOAD-TRUCK0 OBJ53 TRU2 APT2 -> M4-DO-AT-LOAD-TRUCK0 122009 240714 240719
90273 ACHIEVE-AT0 OBJ53 POS2 -> M11-ACHIEVE-AT0
90806 ACHIEVE-AT1 TRU2 APT2 -> M35-ACHIEVE-AT1
91153 ACHIEVE-AT2 APN2 APT2 -> M41-ACHIEVE-AT2 242736 123288
91504 ACHIEVE-AT-AIR APN2 APT4 -> M39-ACHIEVE-AT 123637 243126
92011 DO-AT-LOAD-TRUCK0 OBJ21 TRU4 APT4 -> M4-DO-AT-LOAD-TRUCK0 123985 243332 243347
92054 ACHIEVE-AT0 OBJ21 POS4 -> M11-ACHIEVE-AT0
92589 ACHIEVE-AT1 TRU3 APT3 -> M36-ACHIEVE-AT1 245164 125082
92942 ACHIEVE-AT2 APN2 APT3 -> M41-ACHIEVE-AT2 245373 125278
93284 ACHIEVE-AT-AIR APN2 APT4 -> M39-ACHIEVE-AT 125622 245769
93797 DO-AT-LOAD-TRUCK0 OBJ31 TRU4 APT4 -> M4-DO-AT-LOAD-TRUCK0 125973 245973 245984
93836 ACHIEVE-AT0 OBJ31 POS4 -> M11-ACHIEVE-AT0
94370 ACHIEVE-AT1 TRU4 APT4 -> M36-ACHIEVE-AT1 247801 127068
95069 ACHIEVE-AT-AIR APN2 APT2 -> M39-ACHIEVE-AT 127614 248404
95579 DO-AT-LOAD-TRUCK0 OBJ42 TRU2 APT2 -> M4-DO-AT-LOAD-TRUCK0 248429 248618 248623
95618 ACHIEVE-AT0 OBJ42 POS2 -> M11-ACHIEVE-AT0
96152 ACHIEVE-AT1 TRU2 APT2 -> M36-ACHIEVE-AT1 250441 129060
96852 ACHIEVE-AT-AIR APN2 APT5 -> M39-ACHIEVE-AT 129601 251047
97360 DO-AT-LOAD-TRUCK0 OBJ23 TRU5 APT5 -> M4-DO-AT-LOAD-TRUCK0 251068 251253 251262
97399 ACHIEVE-AT0 OBJ23 POS5 -> M11-ACHIEVE-AT0
97941 ACHIEVE-AT1 TRU5 APT5 -> M36-ACHIEVE-AT1 253079 131047
98291 ACHIEVE-AT2 APN1 APT5 -> M41-ACHIEVE-AT2 253290 131242
98634 ACHIEVE-AT-AIR APN1 APT2 -> M39-ACHIEVE-AT 131593 253683
99146 DO-AT-LOAD-TRUCK0 OBJ52 TRU2 APT2 -> M4-DO-AT-LOAD-TRUCK0 253713 253889 253902
99186 ACHIEVE-AT0 OBJ52 POS2 -> M11-ACHIEVE-AT0
99720 ACHIEVE-AT1 TRU6 APT6 -> M35-ACHIEVE-AT1
100071 ACHIEVE-AT2 APN1 APT6 -> M41-ACHIEVE-AT2 255923 133225
100417 ACHIEVE-AT-AIR APN1 APT3 -> M39-ACHIEVE-AT 133574 256324
100926 DO-AT-LOAD-TRUCK0 OBJ63 TRU3 APT3 -> M4-DO-AT-LOAD-TRUCK0 256342 256532 256541
100969 ACHIEVE-AT0 OBJ63 POS3 -> M11-ACHIEVE-AT0
101331 ACHIEVE-AT1 TRU4 POS4 -> M35-ACHIEVE-AT1
101506 ACHIEVE-AT1 TRU4 APT4 -> M36-ACHIEVE-AT1 258360 135023
101858 ACHIEVE-AT2 APN1 APT4 -> M41-ACHIEVE-AT2 258569 135213
102202 ACHIEVE-AT-AIR APN1 APT1 -> M39-ACHIEVE-AT 135568 258963
102710 DO-AT-LOAD-TRUCK0 OBJ41 TRU1 APT1 -> M4-DO-AT-LOAD-TRUCK0 135911 259169 259181
102749 ACHIEVE-AT0 OBJ41 POS1 -> M11-ACHIEVE-AT0
103983 ACHIEVE-AT-TRK TRU1 APT1 -> M34-ACHIEVE-AT 137557 261603
105074 ACHIEVE-AT1 TRU6 APT6 -> M35-ACHIEVE-AT1
105417 ACHIEVE-AT2 APN2 APT6 -> M41-ACHIEVE-AT2 263849 139188
106277 DO-AT-LOAD-AIRPLANE0 OBJ62 APN2 APT6 -> M5-DO-AT-LOAD-AIRPLANE0 264267 264446 264455
106315 ACHIEVE-AT0 OBJ62 APT1 -> M11-ACHIEVE-AT0
106855 ACHIEVE-AT1 TRU3 APT3 -> M35-ACHIEVE-AT1
107201 ACHIEVE-AT2 APN2 APT3 -> M41-ACHIEVE-AT2 266486 141182
107549 ACHIEVE-AT-AIR APN2 APT6 -> M39-ACHIEVE-AT 141532 266879
108061 DO-AT-LOAD-TRUCK0 OBJ33 TRU6 APT6 -> M4-DO-AT-LOAD-TRUCK0 266904 267085 267098
108098 ACHIEVE-AT0 OBJ33 POS6 -> M11-ACHIEVE-AT0
108463 ACHIEVE-AT1 TRU1 POS1 -> M35-ACHIEVE-AT1
108636 ACHIEVE-AT1 TRU1 APT1 -> M36-ACHIEVE-AT1 268913 142974
108987 ACHIEVE-AT2 APN2 APT1 -> M41-ACHIEVE-AT2 269122 143166
109333 ACHIEVE-AT-AIR APN2 APT2 -> M39-ACHIEVE-AT 143515 269517
109842 DO-AT-LOAD-TRUCK0 OBJ11 TRU2 APT2 -> M4-DO-AT-LOAD-TRUCK0 143862 269729 269736
109883 ACHIEVE-AT0 OBJ11 POS2 -> M11-ACHIEVE-AT0
110421 ACHIEVE-AT1 TRU5 APT5 -> M35-ACHIEVE-AT1
110769 ACHIEVE-AT2 APN2 APT5 -> M41-ACHIEVE-AT2 271769 145159
111114 ACHIEVE-AT-AIR APN2 APT4 -> M39-ACHIEVE-AT 145502 272156
111626 DO-AT-LOAD-TRUCK0 OBJ51 TRU4 APT4 -> M4-DO-AT-LOAD-TRUCK0 272188 272367 272375
111665 ACHIEVE-AT0 OBJ51 POS4 -> M11-ACHIEVE-AT0
112205 ACHIEVE-AT1 TRU2 APT2 -> M35-ACHIEVE-AT1
112551 ACHIEVE-AT2 APN1 APT2 -> M41-ACHIEVE-AT2 274398 147145
112900 ACHIEVE-AT-AIR APN1 APT6 -> M39-ACHIEVE-AT 147494 274795
113410 DO-AT-LOAD-TRUCK0 OBJ22 TRU6 APT6 -> M4-DO-AT-LOAD-TRUCK0 147838 275008 275011
113450 ACHIEVE-AT0 OBJ22 POS6 -> M11-ACHIEVE-AT0
114681 ACHIEVE-AT-TRK TRU6 APT6 -> M34-ACHIEVE-AT 149482 277437
115193 DO-AT-LOAD-AIRPLANE0 OBJ61 APN1 APT6 -> M5-DO-AT-LOAD-AIRPLANE0 277455 277643 277651
115232 ACHIEVE-AT0 OBJ61 APT1 -> M11-ACHIEVE-AT0
115766 ACHIEVE-AT1 TRU4 APT4 -> M35-ACHIEVE-AT1
116463 ACHIEVE-AT-AIR APN2 APT2 -> M39-ACHIEVE-AT 151467 280073
116976 DO-AT-LOAD-TRUCK0 OBJ43 TRU2 APT2 -> M4-DO-AT-LOAD-TRUCK0 280104 280286 280289
117016 ACHIEVE-AT0 OBJ43 POS2 -> M11-ACHIEVE-AT0
117378 ACHIEVE-AT1 TRU3 POS3 -> M36-ACHIEVE-AT1 281919 152733
117551 ACHIEVE-AT1 TRU3 APT3 -> M36-ACHIEVE-AT1 282112 152916
117902 ACHIEVE-AT2 APN1 APT3 -> M41-ACHIEVE-AT2 282316 153104
118249 ACHIEVE-AT-AIR APN1 APT6 -> M39-ACHIEVE-AT 153461 282714
118756 DO-AT-LOAD-AIRPLANE0 OBJ32 APN2 APT6 -> M5-DO-AT-LOAD-AIRPLANE0 153804 282925 282930
118796 ACHIEVE-AT0 OBJ32 APT5 -> M11-ACHIEVE-AT0
119159 ACHIEVE-AT1 TRU1 POS1 -> M36-ACHIEVE-AT1 284560 154720
120032 ACHIEVE-AT-TRK TRU1 APT1 -> M34-ACHIEVE-AT 155448 285352
120539 DO-AT-LOAD-AIRPLANE0 OBJ13 APN2 APT1 -> M5-DO-AT-LOAD-AIRPLANE0 155792 285564 285568
120581 ACHIEVE-AT0 OBJ13 APT6 -> M11-ACHIEVE-AT0
121313 ACHIEVE-AT2 APN1 APT5 -> M41-ACHIEVE-AT2 240118 157089
121663 ACHIEVE-AT2 APN1 APT2 -> M41-ACHIEVE-AT2 240325 157285
122009 ACHIEVE-AT-TRK TRU2 APT2 -> M34-ACHIEVE-AT 157633 240703
122507 DO-IN-UNLOAD-TRUCK0 OBJ53 TRU2 POS2 -> M6-DO-IN-UNLOAD-TRUCK0 157982 241073 241083
123288 ACHIEVE-AT2 APN2 APT2 -> M41-ACHIEVE-AT2 242744 159272
123637 ACHIEVE-AT2 APN2 APT4 -> M41-ACHIEVE-AT2 242941 159472
123985 ACHIEVE-AT-TRK TRU4 APT4 -> M34-ACHIEVE-AT 159818 243329
124494 DO-IN-UNLOAD-TRUCK0 OBJ21 TRU4 POS4 -> M6-DO-IN-UNLOAD-TRUCK0 160168 243703 243706
125082 ACHIEVE-AT1 TRU3 APT3 -> M36-ACHIEVE-AT1 245172 161274
125278 ACHIEVE-AT2 APN2 APT3 -> M40-ACHIEVE-AT2
125622 ACHIEVE-AT2 APN2 APT4 -> M41-ACHIEVE-AT2 245585 161672
125973 ACHIEVE-AT-TRK TRU4 APT4 -> M34-ACHIEVE-AT 162020 245967
126481 DO-IN-UNLOAD-TRUCK0 OBJ31 TRU4 POS4 -> M6-DO-IN-UNLOAD-TRUCK0 162366 246334 246347
127068 ACHIEVE-AT1 TRU4 APT4 -> M36-ACHIEVE-AT1 247807 163470
127614 ACHIEVE-AT2 APN2 APT2 -> M41-ACHIEVE-AT2 248225 163870
128470 DO-IN-UNLOAD-TRUCK0 OBJ42 TRU2 POS2 -> M6-DO-IN-UNLOAD-TRUCK0 164564 248977 248986
129060 ACHIEVE-AT1 TRU2 APT2 -> M36-ACHIEVE-AT1 250447 165675
129601 ACHIEVE-AT2 APN2 APT5 -> M41-ACHIEVE-AT2 250865 166070
130458 DO-IN-UNLOAD-TRUCK0 OBJ23 TRU5 POS5 -> M6-DO-IN-UNLOAD-TRUCK0 166765 251615 251625
131047 ACHIEVE-AT1 TRU5 APT5 -> M36-ACHIEVE-AT1 253089 167870
131242 ACHIEVE-AT2 APN1 APT5 -> M40-ACHIEVE-AT2
131593 ACHIEVE-AT2 APN1 APT2 -> M41-ACHIEVE-AT2 253500 168267
132444 DO-IN-UNLOAD-TRUCK0 OBJ52 TRU2 POS2 -> M6-DO-IN-UNLOAD-TRUCK0 168963 254257 254265
133225 ACHIEVE-AT2 APN1 APT6 -> M41-ACHIEVE-AT2 255937 170273
133574 ACHIEVE-AT2 APN1 APT3 -> M41-ACHIEVE-AT2 256142 170468
134435 DO-IN-UNLOAD-TRUCK0 OBJ63 TRU3 POS3 -> M6-DO-IN-UNLOAD-TRUCK0 171161 256894 256901
135023 ACHIEVE-AT1 TRU4 APT4 -> M36-ACHIEVE-AT1 258363 172267
135213 ACHIEVE-AT2 APN1 APT4 -> M41-ACHIEVE-AT2 258577 172466
135568 ACHIEVE-AT2 APN1 APT1 -> M41-ACHIEVE-AT2 258787 172664
135911 ACHIEVE-AT-TRK TRU1 APT1 -> M34-ACHIEVE-AT 173016 259165
136423 DO-IN-UNLOAD-TRUCK0 OBJ41 TRU1 POS1 -> M6-DO-IN-UNLOAD-TRUCK0 173362 259529 259544
137557 ACHIEVE-AT1 TRU1 APT1 -> M36-ACHIEVE-AT1 261418 174863
139188 ACHIEVE-AT2 APN2 APT6 -> M40-ACHIEVE-AT2
140398 DO-IN-UNLOAD-AIRPLANE0 OBJ62 APN2 APT1 -> M7-DO-IN-UNLOAD-AIRPLANE0 177758 264813 264819
141182 ACHIEVE-AT2 APN2 APT3 -> M41-ACHIEVE-AT2 266495 179070
141532 ACHIEVE-AT2 APN2 APT6 -> M41-ACHIEVE-AT2 266695 179265
142387 DO-IN-UNLOAD-TRUCK0 OBJ33 TRU6 POS6 -> M6-DO-IN-UNLOAD-TRUCK0 179959 267453 267460
142974 ACHIEVE-AT1 TRU1 APT1 -> M36-ACHIEVE-AT1 268920 181062
143166 ACHIEVE-AT2 APN2 APT1 -> M41-ACHIEVE-AT2 269132 181264
143515 ACHIEVE-AT2 APN2 APT2 -> M41-ACHIEVE-AT2 269341 181464
143862 ACHIEVE-AT-TRK TRU2 APT2 -> M34-ACHIEVE-AT 181811 269719
144375 DO-IN-UNLOAD-TRUCK0 OBJ11 TRU2 POS2 -> M6-DO-IN-UNLOAD-TRUCK0 182156 270085 270097
145159 ACHIEVE-AT2 APN2 APT5 -> M41-ACHIEVE-AT2 271775 183464
145502 ACHIEVE-AT2 APN2 APT4 -> M41-ACHIEVE-AT2 271971 183656
146361 DO-IN-UNLOAD-TRUCK0 OBJ51 TRU4 POS4 -> M6-DO-IN-UNLOAD-TRUCK0 184354 272725 272737
147145 ACHIEVE-AT2 APN1 APT2 -> M41-ACHIEVE-AT2 274410 185663
147494 ACHIEVE-AT2 APN1 APT6 -> M41-ACHIEVE-AT2 274613 185862
147838 ACHIEVE-AT-TRK TRU6 APT6 -> M34-ACHIEVE-AT 186206 274997
148348 DO-IN-UNLOAD-TRUCK0 OBJ22 TRU6 POS6 -> M6-DO-IN-UNLOAD-TRUCK0 186556 275365 275374
149482 ACHIEVE-AT1 TRU6 APT6 -> M36-ACHIEVE-AT1 277260 188058
150337 DO-IN-UNLOAD-AIRPLANE0 OBJ61 APN1 APT1 -> M7-DO-IN-UNLOAD-AIRPLANE0 188752 278002 278016
151467 ACHIEVE-AT2 APN2 APT2 -> M41-ACHIEVE-AT2 279887 190256
152327 DO-IN-UNLOAD-TRUCK0 OBJ43 TRU2 POS2 -> M6-DO-IN-UNLOAD-TRUCK0 190954 280646 280654
152733 ACHIEVE-AT1 TRU3 POS3 -> M36-ACHIEVE-AT1 281925 191873
152916 ACHIEVE-AT1 TRU3 APT3 -> M36-ACHIEVE-AT1 282114 192062
153104 ACHIEVE-AT2 APN1 APT3 -> M41-ACHIEVE-AT2 282327 192259
153461 ACHIEVE-AT2 APN1 APT6 -> M41-ACHIEVE-AT2 282532 192459
153804 ACHIEVE-AT-AIR APN2 APT6 -> M39-ACHIEVE-AT 192809 282916
154313 DO-IN-UNLOAD-AIRPLANE0 OBJ32 APN2 APT5 -> M7-DO-IN-UNLOAD-AIRPLANE0 193153 283287 283291
154720 ACHIEVE-AT1 TRU1 POS1 -> M36-ACHIEVE-AT1 284563 194073
155448 ACHIEVE-AT1 TRU1 APT1 -> M36-ACHIEVE-AT1 285168 194655
155792 ACHIEVE-AT-AIR APN2 APT1 -> M39-ACHIEVE-AT 195007 285554
156303 DO-IN-UNLOAD-AIRPLANE0 OBJ13 APN2 APT6 -> M7-DO-IN-UNLOAD-AIRPLANE0 195349 285919 285934
157089 ACHIEVE-AT2 APN1 APT5 -> M40-ACHIEVE-AT2
157285 ACHIEVE-AT2 APN1 APT2 -> M40-ACHIEVE-AT2
157633 ACHIEVE-AT1 TRU2 APT2 -> M36-ACHIEVE-AT1 240526 197063
157982 ACHIEVE-AT-TRK TRU2 POS2 -> M34-ACHIEVE-AT 197413 241067
159272 ACHIEVE-AT2 APN2 APT2 -> M40-ACHIEVE-AT2
159472 ACHIEVE-AT2 APN2 APT4 -> M40-ACHIEVE-AT2
159818 ACHIEVE-AT1 TRU4 APT4 -> M36-ACHIEVE-AT1 243151 199466
160168 ACHIEVE-AT-TRK TRU4 POS4 -> M34-ACHIEVE-AT 199813 243691
161274 ACHIEVE-AT1 TRU3 APT3 -> M36-ACHIEVE-AT1 245174 201274
161672 ACHIEVE-AT2 APN2 APT4 -> M40-ACHIEVE-AT2
162020 ACHIEVE-AT1 TRU4 APT4 -> M36-ACHIEVE-AT1 245798 201882
162366 ACHIEVE-AT-TRK TRU4 POS4 -> M34-ACHIEVE-AT 202227 246330
163470 ACHIEVE-AT1 TRU4 APT4 -> M35-ACHIEVE-AT1
163870 ACHIEVE-AT2 APN2 APT2 -> M40-ACHIEVE-AT2
164564 ACHIEVE-AT-TRK TRU2 POS2 -> M34-ACHIEVE-AT 204643 248968
165675 ACHIEVE-AT1 TRU2 APT2 -> M36-ACHIEVE-AT1 250456 206106
166070 ACHIEVE-AT2 APN2 APT5 -> M41-ACHIEVE-AT2 250873 206519
166765 ACHIEVE-AT-TRK TRU5 POS5 -> M34-ACHIEVE-AT 207060 251607
167870 ACHIEVE-AT1 TRU5 APT5 -> M36-ACHIEVE-AT1 253091 208524
168267 ACHIEVE-AT2 APN1 APT2 -> M40-ACHIEVE-AT2
168963 ACHIEVE-AT-TRK TRU2 POS2 -> M34-ACHIEVE-AT 209481 254246
170273 ACHIEVE-AT2 APN1 APT6 -> M40-ACHIEVE-AT2
170468 ACHIEVE-AT2 APN1 APT3 -> M40-ACHIEVE-AT2
171161 ACHIEVE-AT-TRK TRU3 POS3 -> M34-ACHIEVE-AT 211893 256886
172267 ACHIEVE-AT1 TRU4 APT4 -> M36-ACHIEVE-AT1 258373 213355
172466 ACHIEVE-AT2 APN1 APT4 -> M41-ACHIEVE-AT2 258582 213561
172664 ACHIEVE-AT2 APN1 APT1 -> M41-ACHIEVE-AT2 258791 213765
173016 ACHIEVE-AT1 TRU1 APT1 -> M36-ACHIEVE-AT1 258988 213958
173362 ACHIEVE-AT-TRK TRU1 POS1 -> M34-ACHIEVE-AT 214311 259525
174863 ACHIEVE-AT1 TRU1 APT1 -> M35-ACHIEVE-AT1
177758 ACHIEVE-AT-AIR APN2 APT1 -> M39-ACHIEVE-AT 219143 264806
179070 ACHIEVE-AT2 APN2 APT3 -> M41-ACHIEVE-AT2 266500 220813
179265 ACHIEVE-AT2 APN2 APT6 -> M41-ACHIEVE-AT2 266708 221011
179959 ACHIEVE-AT-TRK TRU6 POS6 -> M34-ACHIEVE-AT 221557 267442
181062 ACHIEVE-AT1 TRU1 APT1 -> M36-ACHIEVE-AT1 268928 223018
181264 ACHIEVE-AT2 APN2 APT1 -> M41-ACHIEVE-AT2 269142 223227
181464 ACHIEVE-AT2 APN2 APT2 -> M41-ACHIEVE-AT2 269346 223428
181811 ACHIEVE-AT1 TRU2 APT2 -> M36-ACHIEVE-AT1 269540 223625
182156 ACHIEVE-AT-TRK TRU2 POS2 -> M34-ACHIEVE-AT 223973 270082
183464 ACHIEVE-AT2 APN2 APT5 -> M40-ACHIEVE-AT2
183656 ACHIEVE-AT2 APN2 APT4 -> M41-ACHIEVE-AT2 271988 225843
184354 ACHIEVE-AT-TRK TRU4 POS4 -> M34-ACHIEVE-AT 226386 272722
185663 ACHIEVE-AT2 APN1 APT2 -> M41-ACHIEVE-AT2 274417 228063
185862 ACHIEVE-AT2 APN1 APT6 -> M41-ACHIEVE-AT2 274623 228260
186206 ACHIEVE-AT1 TRU6 APT6 -> M36-ACHIEVE-AT1 274823 228457
186556 ACHIEVE-AT-TRK TRU6 POS6 -> M34-ACHIEVE-AT 228804 275360
188058 ACHIEVE-AT1 TRU6 APT6 -> M36-ACHIEVE-AT1 277262 230676
188752 ACHIEVE-AT-AIR APN1 APT1 -> M39-ACHIEVE-AT 231220 277998
190256 ACHIEVE-AT2 APN2 APT2 -> M41-ACHIEVE-AT2 279902 233096
190954 ACHIEVE-AT-TRK TRU2 POS2 -> M34-ACHIEVE-AT 233639 280637
191873 ACHIEVE-AT1 TRU3 POS3 -> M36-ACHIEVE-AT1 281928 234908
192062 ACHIEVE-AT1 TRU3 APT3 -> M36-ACHIEVE-AT1 282124 235104
192259 ACHIEVE-AT2 APN1 APT3 -> M41-ACHIEVE-AT2 282335 235309
192459 ACHIEVE-AT2 APN1 APT6 -> M41-ACHIEVE-AT2 282543 235508
192809 ACHIEVE-AT2 APN2 APT6 -> M41-ACHIEVE-AT2 282733 235704
193153 ACHIEVE-AT-AIR APN2 APT5 -> M39-ACHIEVE-AT 236052 283275
194073 ACHIEVE-AT1 TRU1 POS1 -> M36-ACHIEVE-AT1 284566 237322
194655 ACHIEVE-AT1 TRU1 APT1 -> M36-ACHIEVE-AT1 285183 237928
195007 ACHIEVE-AT2 APN2 APT1 -> M41-ACHIEVE-AT2 285384 238117
195349 ACHIEVE-AT-AIR APN2 APT6 -> M39-ACHIEVE-AT 238473 285916
197063 ACHIEVE-AT1 TRU2 APT2 -> M35-ACHIEVE-AT1
197413 ACHIEVE-AT1 TRU2 POS2 -> M36-ACHIEVE-AT1 240731 240753
199466 ACHIEVE-AT1 TRU4 APT4 -> M36-ACHIEVE-AT1 243167 243178
199813 ACHIEVE-AT1 TRU4 POS4 -> M36-ACHIEVE-AT1 243358 243376
201274 ACHIEVE-AT1 TRU3 APT3 -> M36-ACHIEVE-AT1 245183 245198
201882 ACHIEVE-AT1 TRU4 APT4 -> M35-ACHIEVE-AT1
202227 ACHIEVE-AT1 TRU4 POS4 -> M36-ACHIEVE-AT1 245992 246014
204643 ACHIEVE-AT1 TRU2 POS2 -> M36-ACHIEVE-AT1 248636 248650
206106 ACHIEVE-AT1 TRU2 APT2 -> M36-ACHIEVE-AT1 250458 250478
206519 ACHIEVE-AT2 APN2 APT5 -> M41-ACHIEVE-AT2 250881 250892
207060 ACHIEVE-AT1 TRU5 POS5 -> M36-ACHIEVE-AT1 251272 251294
208524 ACHIEVE-AT1 TRU5 APT5 -> M35-ACHIEVE-AT1
209481 ACHIEVE-AT1 TRU2 POS2 -> M36-ACHIEVE-AT1 253906 253931
211893 ACHIEVE-AT1 TRU3 POS3 -> M36-ACHIEVE-AT1 256545 256566
213355 ACHIEVE-AT1 TRU4 APT4 -> M36-ACHIEVE-AT1 258375 258395
213561 ACHIEVE-AT2 APN1 APT4 -> M41-ACHIEVE-AT2 258588 258608
213765 ACHIEVE-AT2 APN1 APT1 -> M40-ACHIEVE-AT2
213958 ACHIEVE-AT1 TRU1 APT1 -> M35-ACHIEVE-AT1
214311 ACHIEVE-AT1 TRU1 POS1 -> M36-ACHIEVE-AT1 259195 259212
219143 ACHIEVE-AT2 APN2 APT1 -> M41-ACHIEVE-AT2 264472 264483
220813 ACHIEVE-AT2 APN2 APT3 -> M41-ACHIEVE-AT2 266509 266526
221011 ACHIEVE-AT2 APN2 APT6 -> M41-ACHIEVE-AT2 266716 266732
221557 ACHIEVE-AT1 TRU6 POS6 -> M36-ACHIEVE-AT1 267110 267128
223018 ACHIEVE-AT1 TRU1 APT1 -> M35-ACHIEVE-AT1
223227 ACHIEVE-AT2 APN2 APT1 -> M41-ACHIEVE-AT2 269145 269165
223428 ACHIEVE-AT2 APN2 APT2 -> M41-ACHIEVE-AT2 269353 269365
223625 ACHIEVE-AT1 TRU2 APT2 -> M36-ACHIEVE-AT1 269553 269568
223973 ACHIEVE-AT1 TRU2 POS2 -> M36-ACHIEVE-AT1 269739 269764
225843 ACHIEVE-AT2 APN2 APT4 -> M41-ACHIEVE-AT2 271990 272009
226386 ACHIEVE-AT1 TRU4 POS4 -> M36-ACHIEVE-AT1 272383 272402
228063 ACHIEVE-AT2 APN1 APT2 -> M40-ACHIEVE-AT2
228260 ACHIEVE-AT2 APN1 APT6 -> M40-ACHIEVE-AT2
228457 ACHIEVE-AT1 TRU6 APT6 -> M35-ACHIEVE-AT1
228804 ACHIEVE-AT1 TRU6 POS6 -> M36-ACHIEVE-AT1 275021 275043
230676 ACHIEVE-AT1 TRU6 APT6 -> M36-ACHIEVE-AT1 277270 277282
231220 ACHIEVE-AT2 APN1 APT1 -> M41-ACHIEVE-AT2 277668 277678
233096 ACHIEVE-AT2 APN2 APT2 -> M40-ACHIEVE-AT2
233639 ACHIEVE-AT1 TRU2 POS2 -> M36-ACHIEVE-AT1 280297 280321
234908 ACHIEVE-AT1 TRU3 POS3 -> M36-ACHIEVE-AT1 281931 281943
235104 ACHIEVE-AT1 TRU3 APT3 -> M36-ACHIEVE-AT1 282130 282142
235309 ACHIEVE-AT2 APN1 APT3 -> M41-ACHIEVE-AT2 282340 282354
235508 ACHIEVE-AT2 APN1 APT6 -> M40-ACHIEVE-AT2
235704 ACHIEVE-AT2 APN2 APT6 -> M41-ACHIEVE-AT2 282748 282761
236052 ACHIEVE-AT2 APN2 APT5 -> M41-ACHIEVE-AT2 282938 282960
237322 ACHIEVE-AT1 TRU1 POS1 -> M36-ACHIEVE-AT1 284570 284584
237928 ACHIEVE-AT1 TRU1 APT1 -> M36-ACHIEVE-AT1 285188 285204
238117 ACHIEVE-AT2 APN2 APT1 -> M41-ACHIEVE-AT2 285387 285400
238473 ACHIEVE-AT2 APN2 APT6 -> M41-ACHIEVE-AT2 285578 285598
239706 ACHIEVE-AT-TRK TRU5 POS5 -> M33-ACHIEVE-AT 239707
239880 IFUNLOCK-AT TRU5 POS5 -> IFUNLOCK1-AT 239881
240093 IFUNLOCK-AT TRU5 APT5 -> IFUNLOCK1-AT 240094
240303 IFUNLOCK-AT APN1 APT5 -> IFUNLOCK1-AT 240304
240507 IFUNLOCK-AT APN1 APT2 -> IFUNLOCK1-AT 240508
240714 IFUNLOCK-AT TRU2 APT2 -> IFUNLOCK1-AT 240715
240753 ACHIEVE-AT1 TRU2 POS2 -> M35-ACHIEVE-AT1
241073 IFUNLOCK-AT TRU2 POS2 -> IFUNLOCK1-AT 241074
242326 ACHIEVE-AT-TRK TRU2 POS2 -> M33-ACHIEVE-AT 242327
242501 IFUNLOCK-AT TRU2 POS2 -> IFUNLOCK1-AT 242502
242718 IFUNLOCK-AT TRU2 APT2 -> IFUNLOCK1-AT 242719
242932 IFUNLOCK-AT APN2 APT2 -> IFUNLOCK1-AT 242933
243137 IFUNLOCK-AT APN2 APT4 -> IFUNLOCK1-AT 243138
243178 ACHIEVE-AT1 TRU4 APT4 -> M35-ACHIEVE-AT1
243332 IFUNLOCK-AT TRU4 APT4 -> IFUNLOCK1-AT 243333
243376 ACHIEVE-AT1 TRU4 POS4 -> M35-ACHIEVE-AT1
243703 IFUNLOCK-AT TRU4 POS4 -> IFUNLOCK1-AT 243704
244962 ACHIEVE-AT-TRK TRU3 POS3 -> M33-ACHIEVE-AT 244963
245140 IFUNLOCK-AT TRU3 POS3 -> IFUNLOCK1-AT 245141
245198 ACHIEVE-AT1 TRU3 APT3 -> M35-ACHIEVE-AT1
245352 IFUNLOCK-AT TRU3 APT3 -> IFUNLOCK1-AT 245353
245567 IFUNLOCK-AT APN2 APT3 -> IFUNLOCK1-AT 245568
245771 IFUNLOCK-AT APN2 APT4 -> IFUNLOCK1-AT 245772
245973 IFUNLOCK-AT TRU4 APT4 -> IFUNLOCK1-AT 245974
246014 ACHIEVE-AT1 TRU4 POS4 -> M35-ACHIEVE-AT1
246334 IFUNLOCK-AT TRU4 POS4 -> IFUNLOCK1-AT 246335
247599 ACHIEVE-AT-TRK TRU4 POS4 -> M33-ACHIEVE-AT 247600
247776 IFUNLOCK-AT TRU4 POS4 -> IFUNLOCK1-AT 247777
247996 IFUNLOCK-AT TRU4 APT4 -> IFUNLOCK1-AT 247997
248012 ACHIEVE-AT-AIR APN2 APT4 -> M38-ACHIEVE-AT 248013
248202 IFUNLOCK-AT APN2 APT4 -> IFUNLOCK1-AT 248203
248414 IFUNLOCK-AT APN2 APT2 -> IFUNLOCK1-AT 248415
248429 ACHIEVE-AT-TRK TRU2 APT2 -> M33-ACHIEVE-AT 248430
248618 IFUNLOCK-AT TRU2 APT2 -> IFUNLOCK1-AT 248619
248650 ACHIEVE-AT1 TRU2 POS2 -> M35-ACHIEVE-AT1
248977 IFUNLOCK-AT TRU2 POS2 -> IFUNLOCK1-AT 248978
250240 ACHIEVE-AT-TRK TRU2 POS2 -> M33-ACHIEVE-AT 250241
250417 IFUNLOCK-AT TRU2 POS2 -> IFUNLOCK1-AT 250418
250478 ACHIEVE-AT1 TRU2 APT2 -> M35-ACHIEVE-AT1
250628 IFUNLOCK-AT TRU2 APT2 -> IFUNLOCK1-AT 250629
250652 ACHIEVE-AT-AIR APN2 APT2 -> M38-ACHIEVE-AT 250653
250848 IFUNLOCK-AT APN2 APT2 -> IFUNLOCK1-AT 250849
250892 ACHIEVE-AT2 APN2 APT5 -> M40-ACHIEVE-AT2
251053 IFUNLOCK-AT APN2 APT5 -> IFUNLOCK1-AT 251054
251068 ACHIEVE-AT-TRK TRU5 APT5 -> M33-ACHIEVE-AT 251069
251253 IFUNLOCK-AT TRU5 APT5 -> IFUNLOCK1-AT 251254
251294 ACHIEVE-AT1 TRU5 POS5 -> M35-ACHIEVE-AT1
251615 IFUNLOCK-AT TRU5 POS5 -> IFUNLOCK1-AT 251616
252878 ACHIEVE-AT-TRK TRU5 POS5 -> M33-ACHIEVE-AT 252879
253057 IFUNLOCK-AT TRU5 POS5 -> IFUNLOCK1-AT 253058
253268 IFUNLOCK-AT TRU5 APT5 -> IFUNLOCK1-AT 253269
253485 IFUNLOCK-AT APN1 APT5 -> IFUNLOCK1-AT 253486
253694 IFUNLOCK-AT APN1 APT2 -> IFUNLOCK1-AT 253695
253713 ACHIEVE-AT-TRK TRU2 APT2 -> M33-ACHIEVE-AT 253714
253889 IFUNLOCK-AT TRU2 APT2 -> IFUNLOCK1-AT 253890
253931 ACHIEVE-AT1 TRU2 POS2 -> M35-ACHIEVE-AT1
254257 IFUNLOCK-AT TRU2 POS2 -> IFUNLOCK1-AT 254258
255518 ACHIEVE-AT-TRK TRU6 POS6 -> M33-ACHIEVE-AT 255519
255695 IFUNLOCK-AT TRU6 POS6 -> IFUNLOCK1-AT 255696
255908 IFUNLOCK-AT TRU6 APT6 -> IFUNLOCK1-AT 255909
256126 IFUNLOCK-AT APN1 APT6 -> IFUNLOCK1-AT 256127
256326 IFUNLOCK-AT APN1 APT3 -> IFUNLOCK1-AT 256327
256342 ACHIEVE-AT-TRK TRU3 APT3 -> M33-ACHIEVE-AT 256343
256532 IFUNLOCK-AT TRU3 APT3 -> IFUNLOCK1-AT 256533
256566 ACHIEVE-AT1 TRU3 POS3 -> M35-ACHIEVE-AT1
256894 IFUNLOCK-AT TRU3 POS3 -> IFUNLOCK1-AT 256895
258333 IFUNLOCK-AT TRU4 POS4 -> IFUNLOCK1-AT 258334
258395 ACHIEVE-AT1 TRU4 APT4 -> M35-ACHIEVE-AT1
258545 IFUNLOCK-AT TRU4 APT4 -> IFUNLOCK1-AT 258546
258608 ACHIEVE-AT2 APN1 APT4 -> M40-ACHIEVE-AT2
258764 IFUNLOCK-AT APN1 APT4 -> IFUNLOCK1-AT 258765
258972 IFUNLOCK-AT APN1 APT1 -> IFUNLOCK1-AT 258973
259169 IFUNLOCK-AT TRU1 APT1 -> IFUNLOCK1-AT 259170
259212 ACHIEVE-AT1 TRU1 POS1 -> M35-ACHIEVE-AT1
259529 IFUNLOCK-AT TRU1 POS1 -> IFUNLOCK1-AT 259530
260800 ACHIEVE-AT-TRK TRU1 POS1 -> M33-ACHIEVE-AT 260801
260971 IFUNLOCK-AT TRU1 POS1 -> IFUNLOCK1-AT 260972
260984 ACHIEVE-AT-TRK TRU1 POS1 -> M33-ACHIEVE-AT 260985
261192 IFUNLOCK-AT TRU1 POS1 -> IFUNLOCK1-AT 261193
261212 ACHIEVE-AT-TRK TRU1 POS1 -> M33-ACHIEVE-AT 261213
261398 IFUNLOCK-AT TRU1 POS1 -> IFUNLOCK1-AT 261399
261608 IFUNLOCK-AT TRU1 APT1 -> IFUNLOCK1-AT 261609
263613 IFUNLOCK-AT TRU6 POS6 -> IFUNLOCK1-AT 263614
263826 IFUNLOCK-AT TRU6 APT6 -> IFUNLOCK1-AT 263827
264036 IFUNLOCK-AT APN2 APT6 -> IFUNLOCK1-AT 264037
264062 ACHIEVE-AT-AIR APN2 APT6 -> M38-ACHIEVE-AT 264063
264250 IFUNLOCK-AT APN2 APT6 -> IFUNLOCK1-AT 264251
264267 ACHIEVE-AT-AIR APN2 APT6 -> M38-ACHIEVE-AT 264268
264446 IFUNLOCK-AT APN2 APT6 -> IFUNLOCK1-AT 264447
264483 ACHIEVE-AT2 APN2 APT1 -> M40-ACHIEVE-AT2
264813 IFUNLOCK-AT APN2 APT1 -> IFUNLOCK1-AT 264814
266070 ACHIEVE-AT-TRK TRU3 POS3 -> M33-ACHIEVE-AT 266071
266249 IFUNLOCK-AT TRU3 POS3 -> IFUNLOCK1-AT 266250
266469 IFUNLOCK-AT TRU3 APT3 -> IFUNLOCK1-AT 266470
266526 ACHIEVE-AT2 APN2 APT3 -> M40-ACHIEVE-AT2
266675 IFUNLOCK-AT APN2 APT3 -> IFUNLOCK1-AT 266676
266732 ACHIEVE-AT2 APN2 APT6 -> M40-ACHIEVE-AT2
266889 IFUNLOCK-AT APN2 APT6 -> IFUNLOCK1-AT 266890
266904 ACHIEVE-AT-TRK TRU6 APT6 -> M33-ACHIEVE-AT 266905
267085 IFUNLOCK-AT TRU6 APT6 -> IFUNLOCK1-AT 267086
267128 ACHIEVE-AT1 TRU6 POS6 -> M35-ACHIEVE-AT1
267453 IFUNLOCK-AT TRU6 POS6 -> IFUNLOCK1-AT 267454
268888 IFUNLOCK-AT TRU1 POS1 -> IFUNLOCK1-AT 268889
269107 IFUNLOCK-AT TRU1 APT1 -> IFUNLOCK1-AT 269108
269165 ACHIEVE-AT2 APN2 APT1 -> M40-ACHIEVE-AT2
269315 IFUNLOCK-AT APN2 APT1 -> IFUNLOCK1-AT 269316
269365 ACHIEVE-AT2 APN2 APT2 -> M40-ACHIEVE-AT2
269522 IFUNLOCK-AT APN2 APT2 -> IFUNLOCK1-AT 269523
269568 ACHIEVE-AT1 TRU2 APT2 -> M35-ACHIEVE-AT1
269729 IFUNLOCK-AT TRU2 APT2 -> IFUNLOCK1-AT 269730
269764 ACHIEVE-AT1 TRU2 POS2 -> M35-ACHIEVE-AT1
270085 IFUNLOCK-AT TRU2 POS2 -> IFUNLOCK1-AT 270086
271527 IFUNLOCK-AT TRU5 POS5 -> IFUNLOCK1-AT 271528
271747 IFUNLOCK-AT TRU5 APT5 -> IFUNLOCK1-AT 271748
271959 IFUNLOCK-AT APN2 APT5 -> IFUNLOCK1-AT 271960
272009 ACHIEVE-AT2 APN2 APT4 -> M40-ACHIEVE-AT2
272161 IFUNLOCK-AT APN2 APT4 -> IFUNLOCK1-AT 272162
272188 ACHIEVE-AT-TRK TRU4 APT4 -> M33-ACHIEVE-AT 272189
272367 IFUNLOCK-AT TRU4 APT4 -> IFUNLOCK1-AT 272368
272402 ACHIEVE-AT1 TRU4 POS4 -> M35-ACHIEVE-AT1
272725 IFUNLOCK-AT TRU4 POS4 -> IFUNLOCK1-AT 272726
273987 ACHIEVE-AT-TRK TRU2 POS2 -> M33-ACHIEVE-AT 273988
274166 IFUNLOCK-AT TRU2 POS2 -> IFUNLOCK1-AT 274167
274387 IFUNLOCK-AT TRU2 APT2 -> IFUNLOCK1-AT 274388
274594 IFUNLOCK-AT APN1 APT2 -> IFUNLOCK1-AT 274595
274799 IFUNLOCK-AT APN1 APT6 -> IFUNLOCK1-AT 274800
275008 IFUNLOCK-AT TRU6 APT6 -> IFUNLOCK1-AT 275009
275043 ACHIEVE-AT1 TRU6 POS6 -> M35-ACHIEVE-AT1
275365 IFUNLOCK-AT TRU6 POS6 -> IFUNLOCK1-AT 275366
276631 ACHIEVE-AT-TRK TRU6 POS6 -> M33-ACHIEVE-AT 276632
276809 IFUNLOCK-AT TRU6 POS6 -> IFUNLOCK1-AT 276810
276818 ACHIEVE-AT-TRK TRU6 POS6 -> M33-ACHIEVE-AT 276819
277020 IFUNLOCK-AT TRU6 POS6 -> IFUNLOCK1-AT 277021
277042 ACHIEVE-AT-TRK TRU6 POS6 -> M33-ACHIEVE-AT 277043
277233 IFUNLOCK-AT TRU6 POS6 -> IFUNLOCK1-AT 277234
277282 ACHIEVE-AT1 TRU6 APT6 -> M35-ACHIEVE-AT1
277442 IFUNLOCK-AT TRU6 APT6 -> IFUNLOCK1-AT 277443
277455 ACHIEVE-AT-AIR APN1 APT6 -> M38-ACHIEVE-AT 277456
277643 IFUNLOCK-AT APN1 APT6 -> IFUNLOCK1-AT 277644
277678 ACHIEVE-AT2 APN1 APT1 -> M40-ACHIEVE-AT2
278002 IFUNLOCK-AT APN1 APT1 -> IFUNLOCK1-AT 278003
279266 ACHIEVE-AT-TRK TRU4 POS4 -> M33-ACHIEVE-AT 279267
279445 IFUNLOCK-AT TRU4 POS4 -> IFUNLOCK1-AT 279446
279657 IFUNLOCK-AT TRU4 APT4 -> IFUNLOCK1-AT 279658
279678 ACHIEVE-AT-AIR APN2 APT4 -> M38-ACHIEVE-AT 279679
279878 IFUNLOCK-AT APN2 APT4 -> IFUNLOCK1-AT 279879
280079 IFUNLOCK-AT APN2 APT2 -> IFUNLOCK1-AT 280080
280104 ACHIEVE-AT-TRK TRU2 APT2 -> M33-ACHIEVE-AT 280105
280286 IFUNLOCK-AT TRU2 APT2 -> IFUNLOCK1-AT 280287
280321 ACHIEVE-AT1 TRU2 POS2 -> M35-ACHIEVE-AT1
280646 IFUNLOCK-AT TRU2 POS2 -> IFUNLOCK1-AT 280647
281943 ACHIEVE-AT1 TRU3 POS3 -> M35-ACHIEVE-AT1
282086 IFUNLOCK-AT TRU3 POS3 -> IFUNLOCK1-AT 282087
282142 ACHIEVE-AT1 TRU3 APT3 -> M35-ACHIEVE-AT1
282298 IFUNLOCK-AT TRU3 APT3 -> IFUNLOCK1-AT 282299
282354 ACHIEVE-AT2 APN1 APT3 -> M40-ACHIEVE-AT2
282512 IFUNLOCK-AT APN1 APT3 -> IFUNLOCK1-AT 282513
282722 IFUNLOCK-AT APN1 APT6 -> IFUNLOCK1-AT 282723
282761 ACHIEVE-AT2 APN2 APT6 -> M40-ACHIEVE-AT2
282925 IFUNLOCK-AT APN2 APT6 -> IFUNLOCK1-AT 282926
282960 ACHIEVE-AT2 APN2 APT5 -> M40-ACHIEVE-AT2
283287 IFUNLOCK-AT APN2 APT5 -> IFUNLOCK1-AT 283288
284584 ACHIEVE-AT1 TRU1 POS1 -> M35-ACHIEVE-AT1
284726 IFUNLOCK-AT TRU1 POS1 -> IFUNLOCK1-AT 284727
284744 ACHIEVE-AT-TRK TRU1 POS1 -> M33-ACHIEVE-AT 284745
284942 IFUNLOCK-AT TRU1 POS1 -> IFUNLOCK1-AT 284943
284958 ACHIEVE-AT-TRK TRU1 POS1 -> M33-ACHIEVE-AT 284959
285154 IFUNLOCK-AT TRU1 POS1 -> IFUNLOCK1-AT 285155
285204 ACHIEVE-AT1 TRU1 APT1 -> M35-ACHIEVE-AT1
285357 IFUNLOCK-AT TRU1 APT1 -> IFUNLOCK1-AT 285358
285400 ACHIEVE-AT2 APN2 APT1 -> M40-ACHIEVE-AT2
285564 IFUNLOCK-AT APN2 APT1 -> IFUNLOCK1-AT 285565
285598 ACHIEVE-AT2 APN2 APT6 -> M40-ACHIEVE-AT2
285919 IFUNLOCK-AT APN2 APT6 -> IFUNLOCK1-AT 285920
<==
157.023 End of solution plan. (counted length of 485)
157.023 Total amount of clauses encoded: 2761724
157.023 - directframeaxioms : 1077964 cls
157.023 - qfactsemantics : 625630 cls
157.023 - indirectframeaxioms : 603520 cls
157.023 - reductionconstraints : 217665 cls
157.023 - atmostoneelement : 104869 cls
157.023 - expansions : 29168 cls
157.023 - predecessors : 28141 cls
157.023 - actionconstraints : 22543 cls
157.023 - substitutionconstraints : 21713 cls
157.023 - qconstequality : 20412 cls
157.023 - actioneffects : 6348 cls
157.023 - qtypeconstraints : 2879 cls
157.023 - truefacts : 870 cls
157.023 - axiomaticops : 2 cls
157.023 # instantiated positions: 4225
157.023 # instantiated actions: 21807
157.023 # instantiated reductions: 6335
157.023 # introduced pseudo-constants: 3474
157.023 # retroactive prunings: 0
157.023 # retroactively pruned operations: 0
157.023 # dominated operations: 0
157.023 Exiting happily (no cleaning up).

RUNWATCH_RESULT EXIT RETVAL 0 TIME_SECS 157.124 MEMPEAK_KBS 1221928
