    _           _         _
   \ |         \ |       | |                       
   | |     __  | |      _| |______                
   | |     \/  | |     /_   ______\                
   | |      _  | |   __  | |  ___   ___   ___       
   | |___  | | | |  / .\ | | / , | |   \ / ·_\    
   \_____\ |_| |__\ \__/ |_| \___) |_|_| \___\  
[39mL i l o t a n e  version rls-glucose4
by Dominik Schreiber <dominik.schreiber@kit.edu> 2020-2021
using SAT solver glucose4

1.422 Parser finished.
1.428 Structures extracted.
1.429 18 operators and 15 methods created.
1.939 Mined 2 new reduction preconditions (+9.5%).
1.939 Iteration 0.
1.939 Creating initial layer of size 2
2.427 Attempting to solve formula with 3 clauses (3 literals) and 1 assumptions
2.427 Unsolvable at layer 0 -- expanding.
2.427 Iteration 1.
2.427 New layer size: 2
2.427 Instantiating ...
2.948 Collected 0 relevant facts at this layer
2.948 Encoding ...
2.985 Attempting to solve formula with 8 clauses (12 literals) and 1 assumptions
2.985 Unsolvable at layer 1 -- expanding.
2.985 Iteration 2.
2.992 New layer size: 7
2.992 Instantiating ...
5.101 Collected 0 relevant facts at this layer
5.101 Encoding ...
5.182 Attempting to solve formula with 28 clauses (46 literals) and 6 assumptions
5.182 Unsolvable at layer 2 -- expanding.
5.182 Iteration 3.
5.187 New layer size: 13
5.187 Instantiating ...
12.129 Collected 4 relevant facts at this layer
12.129 Encoding ...
12.335 Attempting to solve formula with 100 clauses (187 literals) and 10 assumptions
12.335 Unsolvable at layer 3 -- expanding.
12.335 Iteration 4.
12.335 New layer size: 23
12.335 Instantiating ...
30.172 Collected 14 relevant facts at this layer
30.172 Encoding ...
30.538 Attempting to solve formula with 708 clauses (1646 literals) and 20 assumptions
30.538 Unsolvable at layer 4 -- expanding.
30.538 Iteration 5.
30.538 New layer size: 43
30.538 Instantiating ...
70.782 Collected 34 relevant facts at this layer
70.782 Encoding ...
71.484 Attempting to solve formula with 4119 clauses (10195 literals) and 40 assumptions
71.485 Unsolvable at layer 5 -- expanding.
71.485 Iteration 6.
71.485 New layer size: 83
71.485 Instantiating ...
156.426 Collected 64 relevant facts at this layer
156.426 Encoding ...
157.690 Attempting to solve formula with 17196 clauses (43728 literals) and 80 assumptions
157.691 Unsolvable at layer 6 -- expanding.
157.691 Iteration 7.
157.691 New layer size: 163
157.691 Instantiating ...
341.740 Collected 104 relevant facts at this layer
341.740 Encoding ...
344.474 Attempting to solve formula with 58544 clauses (151564 literals) and 160 assumptions
344.474 Unsolvable at layer 7 -- expanding.
344.474 Iteration 8.
344.474 New layer size: 323
344.474 Instantiating ...
743.885 Collected 154 relevant facts at this layer
743.885 Encoding ...
749.305 Attempting to solve formula with 176780 clauses (463669 literals) and 320 assumptions
749.307 Unsolvable at layer 8 -- expanding.
749.307 Iteration 9.
749.307 New layer size: 643
749.307 Instantiating ...
1637.280 Collected 214 relevant facts at this layer
1637.280 Encoding ...
1649.111 Attempting to solve formula with 494999 clauses (1311043 literals) and 640 assumptions
1649.116 Unsolvable at layer 9 -- expanding.
1649.116 Iteration 10.
1649.116 New layer size: 1283
1649.116 Instantiating ...
1801.368 Termination signal caught.
1801.368 Total amount of clauses encoded: 494999
1801.368 - directframeaxioms : 407608 cls
1801.368 - atmostoneelement : 45350 cls
1801.368 - predecessors : 10728 cls
1801.368 - expansions : 9858 cls
1801.368 - actionconstraints : 9319 cls
1801.368 - reductionconstraints : 7256 cls
1801.368 - actioneffects : 4664 cls
1801.368 - truefacts : 214 cls
1801.368 - axiomaticops : 2 cls
1801.368 # instantiated positions: 1407
1801.368 # instantiated actions: 6395
1801.368 # instantiated reductions: 5325
1801.368 # introduced pseudo-constants: 0
1801.368 # retroactive prunings: 0
1801.368 # retroactively pruned operations: 0
1801.368 # dominated operations: 0
1801.368 # total invalid rigid preconditions found in getPFC: 285472
1801.368 # invalid rigid preconditions found in getPFC: 285472
1801.368 # invalid rigid preconditions found in getPFC in varrestrictions: 0
1801.368 # total invalid fluent preconditions found in getPFC: 1764
1801.368 # invalid fluent preconditions found in getPFC: 882
1801.368 # invalid fluent preconditions found in getPFC in varrestrictions: 882
1801.368 # invalid fluent preconditions found in getPFC via postconditions: 0
1801.368 # invalid subtasks found in getPFC: 0
1801.368 # number effects in operation fact_frames: 120
1801.368 Exiting happily.

RUNWATCH_RESULT TIMEOUT RETVAL 0 TIME_SECS 1801.9 MEMPEAK_KBS 6692124
