    _           _         _
   \ |         \ |       | |                       
   | |     __  | |      _| |______                
   | |     \/  | |     /_   ______\                
   | |      _  | |   __  | |  ___   ___   ___       
   | |___  | | | |  / .\ | | / , | |   \ / ·_\    
   \_____\ |_| |__\ \__/ |_| \___) |_|_| \___\  
[39mL i l o t a n e  version rls-glucose4
by Dominik Schreiber <dominik.schreiber@kit.edu> 2020-2021
using SAT solver glucose4

8.310 Parser finished.
8.347 Structures extracted.
8.350 18 operators and 15 methods created.
10.426 Mined 2 new reduction preconditions (+9.5%).
10.426 Iteration 0.
10.426 Creating initial layer of size 2
ROBIN_HOOD OVERFLOW
12.182 Attempting to solve formula with 3 clauses (3 literals) and 1 assumptions
12.182 Unsolvable at layer 0 -- expanding.
12.182 Iteration 1.
12.182 New layer size: 2
12.182 Instantiating ...
ROBIN_HOOD OVERFLOW
14.170 Collected 0 relevant facts at this layer
14.171 Encoding ...
14.417 Attempting to solve formula with 8 clauses (12 literals) and 1 assumptions
14.417 Unsolvable at layer 1 -- expanding.
14.417 Iteration 2.
14.457 New layer size: 7
14.457 Instantiating ...
ROBIN_HOOD OVERFLOW
ROBIN_HOOD OVERFLOW
ROBIN_HOOD OVERFLOW
ROBIN_HOOD OVERFLOW
ROBIN_HOOD OVERFLOW
21.359 Collected 0 relevant facts at this layer
21.359 Encoding ...
22.030 Attempting to solve formula with 28 clauses (46 literals) and 6 assumptions
22.030 Unsolvable at layer 2 -- expanding.
22.030 Iteration 3.
22.066 New layer size: 13
22.066 Instantiating ...
ROBIN_HOOD OVERFLOW
ROBIN_HOOD OVERFLOW
ROBIN_HOOD OVERFLOW
ROBIN_HOOD OVERFLOW
ROBIN_HOOD OVERFLOW
ROBIN_HOOD OVERFLOW
ROBIN_HOOD OVERFLOW
ROBIN_HOOD OVERFLOW
ROBIN_HOOD OVERFLOW
ROBIN_HOOD OVERFLOW
ROBIN_HOOD OVERFLOW
ROBIN_HOOD OVERFLOW
ROBIN_HOOD OVERFLOW
ROBIN_HOOD OVERFLOW
ROBIN_HOOD OVERFLOW
40.992 Collected 4 relevant facts at this layer
40.992 Encoding ...
42.459 Attempting to solve formula with 100 clauses (187 literals) and 10 assumptions
42.459 Unsolvable at layer 3 -- expanding.
42.459 Iteration 4.
42.459 New layer size: 23
42.459 Instantiating ...
ROBIN_HOOD OVERFLOW
ROBIN_HOOD OVERFLOW
ROBIN_HOOD OVERFLOW
ROBIN_HOOD OVERFLOW
ROBIN_HOOD OVERFLOW
ROBIN_HOOD OVERFLOW
ROBIN_HOOD OVERFLOW
ROBIN_HOOD OVERFLOW
ROBIN_HOOD OVERFLOW
ROBIN_HOOD OVERFLOW
ROBIN_HOOD OVERFLOW
ROBIN_HOOD OVERFLOW
ROBIN_HOOD OVERFLOW
ROBIN_HOOD OVERFLOW
ROBIN_HOOD OVERFLOW
ROBIN_HOOD OVERFLOW
ROBIN_HOOD OVERFLOW
ROBIN_HOOD OVERFLOW
ROBIN_HOOD OVERFLOW
ROBIN_HOOD OVERFLOW
ROBIN_HOOD OVERFLOW
ROBIN_HOOD OVERFLOW
ROBIN_HOOD OVERFLOW
ROBIN_HOOD OVERFLOW
ROBIN_HOOD OVERFLOW
ROBIN_HOOD OVERFLOW
ROBIN_HOOD OVERFLOW
ROBIN_HOOD OVERFLOW
ROBIN_HOOD OVERFLOW
ROBIN_HOOD OVERFLOW
ROBIN_HOOD OVERFLOW
ROBIN_HOOD OVERFLOW
ROBIN_HOOD OVERFLOW
ROBIN_HOOD OVERFLOW
ROBIN_HOOD OVERFLOW
83.398 Collected 14 relevant facts at this layer
83.398 Encoding ...
85.867 Attempting to solve formula with 708 clauses (1646 literals) and 20 assumptions
85.867 Unsolvable at layer 4 -- expanding.
85.867 Iteration 5.
85.867 New layer size: 43
85.867 Instantiating ...
ROBIN_HOOD OVERFLOW
ROBIN_HOOD OVERFLOW
ROBIN_HOOD OVERFLOW
ROBIN_HOOD OVERFLOW
ROBIN_HOOD OVERFLOW
ROBIN_HOOD OVERFLOW
ROBIN_HOOD OVERFLOW
ROBIN_HOOD OVERFLOW
ROBIN_HOOD OVERFLOW
ROBIN_HOOD OVERFLOW
ROBIN_HOOD OVERFLOW
ROBIN_HOOD OVERFLOW
ROBIN_HOOD OVERFLOW
ROBIN_HOOD OVERFLOW
ROBIN_HOOD OVERFLOW
ROBIN_HOOD OVERFLOW
ROBIN_HOOD OVERFLOW
ROBIN_HOOD OVERFLOW
ROBIN_HOOD OVERFLOW
ROBIN_HOOD OVERFLOW
ROBIN_HOOD OVERFLOW
ROBIN_HOOD OVERFLOW
ROBIN_HOOD OVERFLOW
ROBIN_HOOD OVERFLOW
ROBIN_HOOD OVERFLOW
ROBIN_HOOD OVERFLOW
ROBIN_HOOD OVERFLOW
ROBIN_HOOD OVERFLOW
ROBIN_HOOD OVERFLOW
ROBIN_HOOD OVERFLOW
ROBIN_HOOD OVERFLOW
ROBIN_HOOD OVERFLOW
ROBIN_HOOD OVERFLOW
ROBIN_HOOD OVERFLOW
ROBIN_HOOD OVERFLOW
ROBIN_HOOD OVERFLOW
ROBIN_HOOD OVERFLOW
ROBIN_HOOD OVERFLOW
ROBIN_HOOD OVERFLOW
ROBIN_HOOD OVERFLOW
ROBIN_HOOD OVERFLOW
ROBIN_HOOD OVERFLOW
ROBIN_HOOD OVERFLOW
ROBIN_HOOD OVERFLOW
ROBIN_HOOD OVERFLOW
ROBIN_HOOD OVERFLOW
ROBIN_HOOD OVERFLOW
ROBIN_HOOD OVERFLOW
ROBIN_HOOD OVERFLOW
ROBIN_HOOD OVERFLOW
ROBIN_HOOD OVERFLOW
ROBIN_HOOD OVERFLOW
ROBIN_HOOD OVERFLOW
ROBIN_HOOD OVERFLOW
ROBIN_HOOD OVERFLOW
ROBIN_HOOD OVERFLOW
ROBIN_HOOD OVERFLOW
ROBIN_HOOD OVERFLOW
ROBIN_HOOD OVERFLOW
ROBIN_HOOD OVERFLOW
ROBIN_HOOD OVERFLOW
ROBIN_HOOD OVERFLOW
ROBIN_HOOD OVERFLOW
ROBIN_HOOD OVERFLOW
ROBIN_HOOD OVERFLOW
ROBIN_HOOD OVERFLOW
ROBIN_HOOD OVERFLOW
ROBIN_HOOD OVERFLOW
ROBIN_HOOD OVERFLOW
ROBIN_HOOD OVERFLOW
ROBIN_HOOD OVERFLOW
ROBIN_HOOD OVERFLOW
ROBIN_HOOD OVERFLOW
ROBIN_HOOD OVERFLOW
ROBIN_HOOD OVERFLOW
174.962 Collected 34 relevant facts at this layer
174.962 Encoding ...
179.933 Attempting to solve formula with 4119 clauses (10195 literals) and 40 assumptions
179.933 Unsolvable at layer 5 -- expanding.
179.933 Iteration 6.
179.933 New layer size: 83
179.933 Instantiating ...
ROBIN_HOOD OVERFLOW
ROBIN_HOOD OVERFLOW
ROBIN_HOOD OVERFLOW
ROBIN_HOOD OVERFLOW
ROBIN_HOOD OVERFLOW
ROBIN_HOOD OVERFLOW
ROBIN_HOOD OVERFLOW
ROBIN_HOOD OVERFLOW
ROBIN_HOOD OVERFLOW
ROBIN_HOOD OVERFLOW
ROBIN_HOOD OVERFLOW
ROBIN_HOOD OVERFLOW
ROBIN_HOOD OVERFLOW
ROBIN_HOOD OVERFLOW
ROBIN_HOOD OVERFLOW
ROBIN_HOOD OVERFLOW
ROBIN_HOOD OVERFLOW
ROBIN_HOOD OVERFLOW
ROBIN_HOOD OVERFLOW
ROBIN_HOOD OVERFLOW
ROBIN_HOOD OVERFLOW
ROBIN_HOOD OVERFLOW
ROBIN_HOOD OVERFLOW
ROBIN_HOOD OVERFLOW
ROBIN_HOOD OVERFLOW
ROBIN_HOOD OVERFLOW
ROBIN_HOOD OVERFLOW
ROBIN_HOOD OVERFLOW
ROBIN_HOOD OVERFLOW
ROBIN_HOOD OVERFLOW
ROBIN_HOOD OVERFLOW
ROBIN_HOOD OVERFLOW
ROBIN_HOOD OVERFLOW
ROBIN_HOOD OVERFLOW
ROBIN_HOOD OVERFLOW
ROBIN_HOOD OVERFLOW
ROBIN_HOOD OVERFLOW
ROBIN_HOOD OVERFLOW
ROBIN_HOOD OVERFLOW
ROBIN_HOOD OVERFLOW
ROBIN_HOOD OVERFLOW
ROBIN_HOOD OVERFLOW
ROBIN_HOOD OVERFLOW
ROBIN_HOOD OVERFLOW
ROBIN_HOOD OVERFLOW
ROBIN_HOOD OVERFLOW
ROBIN_HOOD OVERFLOW
ROBIN_HOOD OVERFLOW
ROBIN_HOOD OVERFLOW
ROBIN_HOOD OVERFLOW
ROBIN_HOOD OVERFLOW
ROBIN_HOOD OVERFLOW
ROBIN_HOOD OVERFLOW
ROBIN_HOOD OVERFLOW
ROBIN_HOOD OVERFLOW
ROBIN_HOOD OVERFLOW
ROBIN_HOOD OVERFLOW
ROBIN_HOOD OVERFLOW
ROBIN_HOOD OVERFLOW
ROBIN_HOOD OVERFLOW
ROBIN_HOOD OVERFLOW
ROBIN_HOOD OVERFLOW
ROBIN_HOOD OVERFLOW
ROBIN_HOOD OVERFLOW
ROBIN_HOOD OVERFLOW
ROBIN_HOOD OVERFLOW
ROBIN_HOOD OVERFLOW
ROBIN_HOOD OVERFLOW
ROBIN_HOOD OVERFLOW
ROBIN_HOOD OVERFLOW
ROBIN_HOOD OVERFLOW
ROBIN_HOOD OVERFLOW
ROBIN_HOOD OVERFLOW
ROBIN_HOOD OVERFLOW
ROBIN_HOOD OVERFLOW
ROBIN_HOOD OVERFLOW
ROBIN_HOOD OVERFLOW
ROBIN_HOOD OVERFLOW
ROBIN_HOOD OVERFLOW
ROBIN_HOOD OVERFLOW
ROBIN_HOOD OVERFLOW
ROBIN_HOOD OVERFLOW
ROBIN_HOOD OVERFLOW
ROBIN_HOOD OVERFLOW
ROBIN_HOOD OVERFLOW
ROBIN_HOOD OVERFLOW
ROBIN_HOOD OVERFLOW
ROBIN_HOOD OVERFLOW
ROBIN_HOOD OVERFLOW
ROBIN_HOOD OVERFLOW
ROBIN_HOOD OVERFLOW
ROBIN_HOOD OVERFLOW
ROBIN_HOOD OVERFLOW
ROBIN_HOOD OVERFLOW
ROBIN_HOOD OVERFLOW
ROBIN_HOOD OVERFLOW
ROBIN_HOOD OVERFLOW
ROBIN_HOOD OVERFLOW
ROBIN_HOOD OVERFLOW
ROBIN_HOOD OVERFLOW
ROBIN_HOOD OVERFLOW
ROBIN_HOOD OVERFLOW
ROBIN_HOOD OVERFLOW
ROBIN_HOOD OVERFLOW
ROBIN_HOOD OVERFLOW
ROBIN_HOOD OVERFLOW
ROBIN_HOOD OVERFLOW
ROBIN_HOOD OVERFLOW
ROBIN_HOOD OVERFLOW
ROBIN_HOOD OVERFLOW
ROBIN_HOOD OVERFLOW
ROBIN_HOOD OVERFLOW
ROBIN_HOOD OVERFLOW
ROBIN_HOOD OVERFLOW
ROBIN_HOOD OVERFLOW
ROBIN_HOOD OVERFLOW
ROBIN_HOOD OVERFLOW
ROBIN_HOOD OVERFLOW
ROBIN_HOOD OVERFLOW
ROBIN_HOOD OVERFLOW
ROBIN_HOOD OVERFLOW
ROBIN_HOOD OVERFLOW
ROBIN_HOOD OVERFLOW
ROBIN_HOOD OVERFLOW
ROBIN_HOOD OVERFLOW
ROBIN_HOOD OVERFLOW
ROBIN_HOOD OVERFLOW
ROBIN_HOOD OVERFLOW
ROBIN_HOOD OVERFLOW
ROBIN_HOOD OVERFLOW
ROBIN_HOOD OVERFLOW
ROBIN_HOOD OVERFLOW
ROBIN_HOOD OVERFLOW
ROBIN_HOOD OVERFLOW
ROBIN_HOOD OVERFLOW
ROBIN_HOOD OVERFLOW
ROBIN_HOOD OVERFLOW
ROBIN_HOOD OVERFLOW
ROBIN_HOOD OVERFLOW
ROBIN_HOOD OVERFLOW
ROBIN_HOOD OVERFLOW
ROBIN_HOOD OVERFLOW
ROBIN_HOOD OVERFLOW
ROBIN_HOOD OVERFLOW
ROBIN_HOOD OVERFLOW
ROBIN_HOOD OVERFLOW
ROBIN_HOOD OVERFLOW
ROBIN_HOOD OVERFLOW
ROBIN_HOOD OVERFLOW
ROBIN_HOOD OVERFLOW
ROBIN_HOOD OVERFLOW
ROBIN_HOOD OVERFLOW
ROBIN_HOOD OVERFLOW
ROBIN_HOOD OVERFLOW
ROBIN_HOOD OVERFLOW
367.389 Collected 64 relevant facts at this layer
367.389 Encoding ...
377.119 Attempting to solve formula with 17196 clauses (43728 literals) and 80 assumptions
377.119 Unsolvable at layer 6 -- expanding.
377.119 Iteration 7.
377.119 New layer size: 163
377.119 Instantiating ...
ROBIN_HOOD OVERFLOW
ROBIN_HOOD OVERFLOW
ROBIN_HOOD OVERFLOW
ROBIN_HOOD OVERFLOW
ROBIN_HOOD OVERFLOW
ROBIN_HOOD OVERFLOW
ROBIN_HOOD OVERFLOW
ROBIN_HOOD OVERFLOW
ROBIN_HOOD OVERFLOW
ROBIN_HOOD OVERFLOW
ROBIN_HOOD OVERFLOW
ROBIN_HOOD OVERFLOW
ROBIN_HOOD OVERFLOW
ROBIN_HOOD OVERFLOW
ROBIN_HOOD OVERFLOW
ROBIN_HOOD OVERFLOW
ROBIN_HOOD OVERFLOW
ROBIN_HOOD OVERFLOW
ROBIN_HOOD OVERFLOW
ROBIN_HOOD OVERFLOW
ROBIN_HOOD OVERFLOW
ROBIN_HOOD OVERFLOW
ROBIN_HOOD OVERFLOW
ROBIN_HOOD OVERFLOW
ROBIN_HOOD OVERFLOW
ROBIN_HOOD OVERFLOW
ROBIN_HOOD OVERFLOW
ROBIN_HOOD OVERFLOW
ROBIN_HOOD OVERFLOW
ROBIN_HOOD OVERFLOW
ROBIN_HOOD OVERFLOW
ROBIN_HOOD OVERFLOW
ROBIN_HOOD OVERFLOW
ROBIN_HOOD OVERFLOW
ROBIN_HOOD OVERFLOW
ROBIN_HOOD OVERFLOW
ROBIN_HOOD OVERFLOW
ROBIN_HOOD OVERFLOW
ROBIN_HOOD OVERFLOW
ROBIN_HOOD OVERFLOW
ROBIN_HOOD OVERFLOW
ROBIN_HOOD OVERFLOW
ROBIN_HOOD OVERFLOW
ROBIN_HOOD OVERFLOW
ROBIN_HOOD OVERFLOW
ROBIN_HOOD OVERFLOW
ROBIN_HOOD OVERFLOW
ROBIN_HOOD OVERFLOW
ROBIN_HOOD OVERFLOW
ROBIN_HOOD OVERFLOW
ROBIN_HOOD OVERFLOW
ROBIN_HOOD OVERFLOW
ROBIN_HOOD OVERFLOW
ROBIN_HOOD OVERFLOW
ROBIN_HOOD OVERFLOW
ROBIN_HOOD OVERFLOW
ROBIN_HOOD OVERFLOW
ROBIN_HOOD OVERFLOW
ROBIN_HOOD OVERFLOW
ROBIN_HOOD OVERFLOW
ROBIN_HOOD OVERFLOW
ROBIN_HOOD OVERFLOW
ROBIN_HOOD OVERFLOW
ROBIN_HOOD OVERFLOW
ROBIN_HOOD OVERFLOW
ROBIN_HOOD OVERFLOW
ROBIN_HOOD OVERFLOW
ROBIN_HOOD OVERFLOW
ROBIN_HOOD OVERFLOW
ROBIN_HOOD OVERFLOW
ROBIN_HOOD OVERFLOW
ROBIN_HOOD OVERFLOW
ROBIN_HOOD OVERFLOW
ROBIN_HOOD OVERFLOW
ROBIN_HOOD OVERFLOW
ROBIN_HOOD OVERFLOW
ROBIN_HOOD OVERFLOW
ROBIN_HOOD OVERFLOW
ROBIN_HOOD OVERFLOW
ROBIN_HOOD OVERFLOW
ROBIN_HOOD OVERFLOW
ROBIN_HOOD OVERFLOW
ROBIN_HOOD OVERFLOW
ROBIN_HOOD OVERFLOW
ROBIN_HOOD OVERFLOW
ROBIN_HOOD OVERFLOW
ROBIN_HOOD OVERFLOW
ROBIN_HOOD OVERFLOW
ROBIN_HOOD OVERFLOW
ROBIN_HOOD OVERFLOW
ROBIN_HOOD OVERFLOW
ROBIN_HOOD OVERFLOW
ROBIN_HOOD OVERFLOW
ROBIN_HOOD OVERFLOW
ROBIN_HOOD OVERFLOW
ROBIN_HOOD OVERFLOW
ROBIN_HOOD OVERFLOW
ROBIN_HOOD OVERFLOW
ROBIN_HOOD OVERFLOW
ROBIN_HOOD OVERFLOW
ROBIN_HOOD OVERFLOW
ROBIN_HOOD OVERFLOW
ROBIN_HOOD OVERFLOW
ROBIN_HOOD OVERFLOW
ROBIN_HOOD OVERFLOW
ROBIN_HOOD OVERFLOW
ROBIN_HOOD OVERFLOW
ROBIN_HOOD OVERFLOW
ROBIN_HOOD OVERFLOW
ROBIN_HOOD OVERFLOW
ROBIN_HOOD OVERFLOW
ROBIN_HOOD OVERFLOW
ROBIN_HOOD OVERFLOW
ROBIN_HOOD OVERFLOW
ROBIN_HOOD OVERFLOW
ROBIN_HOOD OVERFLOW
ROBIN_HOOD OVERFLOW
ROBIN_HOOD OVERFLOW
ROBIN_HOOD OVERFLOW
ROBIN_HOOD OVERFLOW
ROBIN_HOOD OVERFLOW
ROBIN_HOOD OVERFLOW
ROBIN_HOOD OVERFLOW
ROBIN_HOOD OVERFLOW
ROBIN_HOOD OVERFLOW
ROBIN_HOOD OVERFLOW
ROBIN_HOOD OVERFLOW
ROBIN_HOOD OVERFLOW
ROBIN_HOOD OVERFLOW
ROBIN_HOOD OVERFLOW
ROBIN_HOOD OVERFLOW
ROBIN_HOOD OVERFLOW
ROBIN_HOOD OVERFLOW
ROBIN_HOOD OVERFLOW
ROBIN_HOOD OVERFLOW
ROBIN_HOOD OVERFLOW
ROBIN_HOOD OVERFLOW
ROBIN_HOOD OVERFLOW
ROBIN_HOOD OVERFLOW
ROBIN_HOOD OVERFLOW
ROBIN_HOOD OVERFLOW
ROBIN_HOOD OVERFLOW
ROBIN_HOOD OVERFLOW
ROBIN_HOOD OVERFLOW
ROBIN_HOOD OVERFLOW
ROBIN_HOOD OVERFLOW
ROBIN_HOOD OVERFLOW
ROBIN_HOOD OVERFLOW
ROBIN_HOOD OVERFLOW
ROBIN_HOOD OVERFLOW
ROBIN_HOOD OVERFLOW
ROBIN_HOOD OVERFLOW
ROBIN_HOOD OVERFLOW
ROBIN_HOOD OVERFLOW
ROBIN_HOOD OVERFLOW
ROBIN_HOOD OVERFLOW
ROBIN_HOOD OVERFLOW
ROBIN_HOOD OVERFLOW
ROBIN_HOOD OVERFLOW
ROBIN_HOOD OVERFLOW
ROBIN_HOOD OVERFLOW
ROBIN_HOOD OVERFLOW
ROBIN_HOOD OVERFLOW
ROBIN_HOOD OVERFLOW
ROBIN_HOOD OVERFLOW
ROBIN_HOOD OVERFLOW
ROBIN_HOOD OVERFLOW
ROBIN_HOOD OVERFLOW
ROBIN_HOOD OVERFLOW
ROBIN_HOOD OVERFLOW
ROBIN_HOOD OVERFLOW
ROBIN_HOOD OVERFLOW
ROBIN_HOOD OVERFLOW
ROBIN_HOOD OVERFLOW
ROBIN_HOOD OVERFLOW
ROBIN_HOOD OVERFLOW
ROBIN_HOOD OVERFLOW
ROBIN_HOOD OVERFLOW
ROBIN_HOOD OVERFLOW
ROBIN_HOOD OVERFLOW
ROBIN_HOOD OVERFLOW
ROBIN_HOOD OVERFLOW
ROBIN_HOOD OVERFLOW
ROBIN_HOOD OVERFLOW
ROBIN_HOOD OVERFLOW
ROBIN_HOOD OVERFLOW
ROBIN_HOOD OVERFLOW
ROBIN_HOOD OVERFLOW
ROBIN_HOOD OVERFLOW
ROBIN_HOOD OVERFLOW
ROBIN_HOOD OVERFLOW
ROBIN_HOOD OVERFLOW
ROBIN_HOOD OVERFLOW
ROBIN_HOOD OVERFLOW
ROBIN_HOOD OVERFLOW
ROBIN_HOOD OVERFLOW
ROBIN_HOOD OVERFLOW
ROBIN_HOOD OVERFLOW
ROBIN_HOOD OVERFLOW
ROBIN_HOOD OVERFLOW
ROBIN_HOOD OVERFLOW
ROBIN_HOOD OVERFLOW
ROBIN_HOOD OVERFLOW
ROBIN_HOOD OVERFLOW
ROBIN_HOOD OVERFLOW
ROBIN_HOOD OVERFLOW
ROBIN_HOOD OVERFLOW
ROBIN_HOOD OVERFLOW
ROBIN_HOOD OVERFLOW
ROBIN_HOOD OVERFLOW
ROBIN_HOOD OVERFLOW
ROBIN_HOOD OVERFLOW
ROBIN_HOOD OVERFLOW
ROBIN_HOOD OVERFLOW
ROBIN_HOOD OVERFLOW
ROBIN_HOOD OVERFLOW
ROBIN_HOOD OVERFLOW
ROBIN_HOOD OVERFLOW
ROBIN_HOOD OVERFLOW
ROBIN_HOOD OVERFLOW
ROBIN_HOOD OVERFLOW
ROBIN_HOOD OVERFLOW
ROBIN_HOOD OVERFLOW
ROBIN_HOOD OVERFLOW
ROBIN_HOOD OVERFLOW
ROBIN_HOOD OVERFLOW
ROBIN_HOOD OVERFLOW
ROBIN_HOOD OVERFLOW
ROBIN_HOOD OVERFLOW
ROBIN_HOOD OVERFLOW
ROBIN_HOOD OVERFLOW
ROBIN_HOOD OVERFLOW
ROBIN_HOOD OVERFLOW
ROBIN_HOOD OVERFLOW
ROBIN_HOOD OVERFLOW
ROBIN_HOOD OVERFLOW
ROBIN_HOOD OVERFLOW
ROBIN_HOOD OVERFLOW
ROBIN_HOOD OVERFLOW
ROBIN_HOOD OVERFLOW
ROBIN_HOOD OVERFLOW
ROBIN_HOOD OVERFLOW
ROBIN_HOOD OVERFLOW
ROBIN_HOOD OVERFLOW
ROBIN_HOOD OVERFLOW
ROBIN_HOOD OVERFLOW
ROBIN_HOOD OVERFLOW
ROBIN_HOOD OVERFLOW
ROBIN_HOOD OVERFLOW
ROBIN_HOOD OVERFLOW
ROBIN_HOOD OVERFLOW
ROBIN_HOOD OVERFLOW
ROBIN_HOOD OVERFLOW
ROBIN_HOOD OVERFLOW
ROBIN_HOOD OVERFLOW
ROBIN_HOOD OVERFLOW
ROBIN_HOOD OVERFLOW
ROBIN_HOOD OVERFLOW
ROBIN_HOOD OVERFLOW
ROBIN_HOOD OVERFLOW
ROBIN_HOOD OVERFLOW
ROBIN_HOOD OVERFLOW
ROBIN_HOOD OVERFLOW
ROBIN_HOOD OVERFLOW
ROBIN_HOOD OVERFLOW
ROBIN_HOOD OVERFLOW
ROBIN_HOOD OVERFLOW
ROBIN_HOOD OVERFLOW
ROBIN_HOOD OVERFLOW
ROBIN_HOOD OVERFLOW
ROBIN_HOOD OVERFLOW
ROBIN_HOOD OVERFLOW
ROBIN_HOOD OVERFLOW
ROBIN_HOOD OVERFLOW
ROBIN_HOOD OVERFLOW
ROBIN_HOOD OVERFLOW
ROBIN_HOOD OVERFLOW
ROBIN_HOOD OVERFLOW
ROBIN_HOOD OVERFLOW
ROBIN_HOOD OVERFLOW
ROBIN_HOOD OVERFLOW
ROBIN_HOOD OVERFLOW
ROBIN_HOOD OVERFLOW
ROBIN_HOOD OVERFLOW
ROBIN_HOOD OVERFLOW
ROBIN_HOOD OVERFLOW
ROBIN_HOOD OVERFLOW
ROBIN_HOOD OVERFLOW
ROBIN_HOOD OVERFLOW
ROBIN_HOOD OVERFLOW
ROBIN_HOOD OVERFLOW
ROBIN_HOOD OVERFLOW
ROBIN_HOOD OVERFLOW
ROBIN_HOOD OVERFLOW
ROBIN_HOOD OVERFLOW
ROBIN_HOOD OVERFLOW
ROBIN_HOOD OVERFLOW
ROBIN_HOOD OVERFLOW
ROBIN_HOOD OVERFLOW
ROBIN_HOOD OVERFLOW
ROBIN_HOOD OVERFLOW
ROBIN_HOOD OVERFLOW
ROBIN_HOOD OVERFLOW
ROBIN_HOOD OVERFLOW
ROBIN_HOOD OVERFLOW
ROBIN_HOOD OVERFLOW
ROBIN_HOOD OVERFLOW
ROBIN_HOOD OVERFLOW
ROBIN_HOOD OVERFLOW
ROBIN_HOOD OVERFLOW
ROBIN_HOOD OVERFLOW
ROBIN_HOOD OVERFLOW
ROBIN_HOOD OVERFLOW
ROBIN_HOOD OVERFLOW
ROBIN_HOOD OVERFLOW
772.908 Collected 104 relevant facts at this layer
772.908 Encoding ...
793.644 Attempting to solve formula with 58544 clauses (151564 literals) and 160 assumptions
793.645 Unsolvable at layer 7 -- expanding.
793.645 Iteration 8.
793.645 New layer size: 323
793.645 Instantiating ...
ROBIN_HOOD OVERFLOW
ROBIN_HOOD OVERFLOW
ROBIN_HOOD OVERFLOW
ROBIN_HOOD OVERFLOW
ROBIN_HOOD OVERFLOW
ROBIN_HOOD OVERFLOW
ROBIN_HOOD OVERFLOW
ROBIN_HOOD OVERFLOW
ROBIN_HOOD OVERFLOW
ROBIN_HOOD OVERFLOW
ROBIN_HOOD OVERFLOW
ROBIN_HOOD OVERFLOW
ROBIN_HOOD OVERFLOW
ROBIN_HOOD OVERFLOW
ROBIN_HOOD OVERFLOW
ROBIN_HOOD OVERFLOW
ROBIN_HOOD OVERFLOW
ROBIN_HOOD OVERFLOW
ROBIN_HOOD OVERFLOW
ROBIN_HOOD OVERFLOW
ROBIN_HOOD OVERFLOW
ROBIN_HOOD OVERFLOW
ROBIN_HOOD OVERFLOW
ROBIN_HOOD OVERFLOW
ROBIN_HOOD OVERFLOW
ROBIN_HOOD OVERFLOW
ROBIN_HOOD OVERFLOW
ROBIN_HOOD OVERFLOW
ROBIN_HOOD OVERFLOW
ROBIN_HOOD OVERFLOW
ROBIN_HOOD OVERFLOW
ROBIN_HOOD OVERFLOW
ROBIN_HOOD OVERFLOW
ROBIN_HOOD OVERFLOW
ROBIN_HOOD OVERFLOW
ROBIN_HOOD OVERFLOW
ROBIN_HOOD OVERFLOW
ROBIN_HOOD OVERFLOW
ROBIN_HOOD OVERFLOW
ROBIN_HOOD OVERFLOW
ROBIN_HOOD OVERFLOW
ROBIN_HOOD OVERFLOW
ROBIN_HOOD OVERFLOW
ROBIN_HOOD OVERFLOW
ROBIN_HOOD OVERFLOW
ROBIN_HOOD OVERFLOW
ROBIN_HOOD OVERFLOW
ROBIN_HOOD OVERFLOW
ROBIN_HOOD OVERFLOW
ROBIN_HOOD OVERFLOW
ROBIN_HOOD OVERFLOW
ROBIN_HOOD OVERFLOW
ROBIN_HOOD OVERFLOW
ROBIN_HOOD OVERFLOW
ROBIN_HOOD OVERFLOW
ROBIN_HOOD OVERFLOW
ROBIN_HOOD OVERFLOW
ROBIN_HOOD OVERFLOW
ROBIN_HOOD OVERFLOW
ROBIN_HOOD OVERFLOW
ROBIN_HOOD OVERFLOW
ROBIN_HOOD OVERFLOW
ROBIN_HOOD OVERFLOW
ROBIN_HOOD OVERFLOW
ROBIN_HOOD OVERFLOW
ROBIN_HOOD OVERFLOW
ROBIN_HOOD OVERFLOW
ROBIN_HOOD OVERFLOW
ROBIN_HOOD OVERFLOW
ROBIN_HOOD OVERFLOW
ROBIN_HOOD OVERFLOW
ROBIN_HOOD OVERFLOW
ROBIN_HOOD OVERFLOW
ROBIN_HOOD OVERFLOW
ROBIN_HOOD OVERFLOW
ROBIN_HOOD OVERFLOW
ROBIN_HOOD OVERFLOW
ROBIN_HOOD OVERFLOW
ROBIN_HOOD OVERFLOW
ROBIN_HOOD OVERFLOW
ROBIN_HOOD OVERFLOW
ROBIN_HOOD OVERFLOW
ROBIN_HOOD OVERFLOW
ROBIN_HOOD OVERFLOW
ROBIN_HOOD OVERFLOW
ROBIN_HOOD OVERFLOW
ROBIN_HOOD OVERFLOW
ROBIN_HOOD OVERFLOW
ROBIN_HOOD OVERFLOW
ROBIN_HOOD OVERFLOW
ROBIN_HOOD OVERFLOW
ROBIN_HOOD OVERFLOW
ROBIN_HOOD OVERFLOW
ROBIN_HOOD OVERFLOW
ROBIN_HOOD OVERFLOW
ROBIN_HOOD OVERFLOW
ROBIN_HOOD OVERFLOW
ROBIN_HOOD OVERFLOW
ROBIN_HOOD OVERFLOW
ROBIN_HOOD OVERFLOW
ROBIN_HOOD OVERFLOW
ROBIN_HOOD OVERFLOW
ROBIN_HOOD OVERFLOW
ROBIN_HOOD OVERFLOW
ROBIN_HOOD OVERFLOW
ROBIN_HOOD OVERFLOW
ROBIN_HOOD OVERFLOW
ROBIN_HOOD OVERFLOW
ROBIN_HOOD OVERFLOW
ROBIN_HOOD OVERFLOW
ROBIN_HOOD OVERFLOW
ROBIN_HOOD OVERFLOW
ROBIN_HOOD OVERFLOW
ROBIN_HOOD OVERFLOW
ROBIN_HOOD OVERFLOW
ROBIN_HOOD OVERFLOW
ROBIN_HOOD OVERFLOW
ROBIN_HOOD OVERFLOW
ROBIN_HOOD OVERFLOW
ROBIN_HOOD OVERFLOW
ROBIN_HOOD OVERFLOW
ROBIN_HOOD OVERFLOW
ROBIN_HOOD OVERFLOW
ROBIN_HOOD OVERFLOW
ROBIN_HOOD OVERFLOW
ROBIN_HOOD OVERFLOW
ROBIN_HOOD OVERFLOW
ROBIN_HOOD OVERFLOW
ROBIN_HOOD OVERFLOW
ROBIN_HOOD OVERFLOW
ROBIN_HOOD OVERFLOW
ROBIN_HOOD OVERFLOW
ROBIN_HOOD OVERFLOW
ROBIN_HOOD OVERFLOW
ROBIN_HOOD OVERFLOW
ROBIN_HOOD OVERFLOW
ROBIN_HOOD OVERFLOW
ROBIN_HOOD OVERFLOW
ROBIN_HOOD OVERFLOW
ROBIN_HOOD OVERFLOW
ROBIN_HOOD OVERFLOW
ROBIN_HOOD OVERFLOW
ROBIN_HOOD OVERFLOW
ROBIN_HOOD OVERFLOW
ROBIN_HOOD OVERFLOW
ROBIN_HOOD OVERFLOW
ROBIN_HOOD OVERFLOW
ROBIN_HOOD OVERFLOW
ROBIN_HOOD OVERFLOW
ROBIN_HOOD OVERFLOW
ROBIN_HOOD OVERFLOW
ROBIN_HOOD OVERFLOW
ROBIN_HOOD OVERFLOW
ROBIN_HOOD OVERFLOW
ROBIN_HOOD OVERFLOW
ROBIN_HOOD OVERFLOW
ROBIN_HOOD OVERFLOW
ROBIN_HOOD OVERFLOW
ROBIN_HOOD OVERFLOW
ROBIN_HOOD OVERFLOW
ROBIN_HOOD OVERFLOW
ROBIN_HOOD OVERFLOW
ROBIN_HOOD OVERFLOW
ROBIN_HOOD OVERFLOW
ROBIN_HOOD OVERFLOW
ROBIN_HOOD OVERFLOW
ROBIN_HOOD OVERFLOW
ROBIN_HOOD OVERFLOW
ROBIN_HOOD OVERFLOW
ROBIN_HOOD OVERFLOW
ROBIN_HOOD OVERFLOW
ROBIN_HOOD OVERFLOW
ROBIN_HOOD OVERFLOW
ROBIN_HOOD OVERFLOW
ROBIN_HOOD OVERFLOW
ROBIN_HOOD OVERFLOW
ROBIN_HOOD OVERFLOW
ROBIN_HOOD OVERFLOW
ROBIN_HOOD OVERFLOW
ROBIN_HOOD OVERFLOW
ROBIN_HOOD OVERFLOW
ROBIN_HOOD OVERFLOW
ROBIN_HOOD OVERFLOW
ROBIN_HOOD OVERFLOW
ROBIN_HOOD OVERFLOW
ROBIN_HOOD OVERFLOW
ROBIN_HOOD OVERFLOW
ROBIN_HOOD OVERFLOW
ROBIN_HOOD OVERFLOW
ROBIN_HOOD OVERFLOW
ROBIN_HOOD OVERFLOW
ROBIN_HOOD OVERFLOW
ROBIN_HOOD OVERFLOW
ROBIN_HOOD OVERFLOW
ROBIN_HOOD OVERFLOW
ROBIN_HOOD OVERFLOW
ROBIN_HOOD OVERFLOW
ROBIN_HOOD OVERFLOW
ROBIN_HOOD OVERFLOW
ROBIN_HOOD OVERFLOW
ROBIN_HOOD OVERFLOW
ROBIN_HOOD OVERFLOW
ROBIN_HOOD OVERFLOW
ROBIN_HOOD OVERFLOW
ROBIN_HOOD OVERFLOW
ROBIN_HOOD OVERFLOW
ROBIN_HOOD OVERFLOW
ROBIN_HOOD OVERFLOW
ROBIN_HOOD OVERFLOW
ROBIN_HOOD OVERFLOW
ROBIN_HOOD OVERFLOW
ROBIN_HOOD OVERFLOW
ROBIN_HOOD OVERFLOW
ROBIN_HOOD OVERFLOW
ROBIN_HOOD OVERFLOW
ROBIN_HOOD OVERFLOW
ROBIN_HOOD OVERFLOW
ROBIN_HOOD OVERFLOW
ROBIN_HOOD OVERFLOW
ROBIN_HOOD OVERFLOW
ROBIN_HOOD OVERFLOW
ROBIN_HOOD OVERFLOW
ROBIN_HOOD OVERFLOW
ROBIN_HOOD OVERFLOW
ROBIN_HOOD OVERFLOW
ROBIN_HOOD OVERFLOW
ROBIN_HOOD OVERFLOW
ROBIN_HOOD OVERFLOW
ROBIN_HOOD OVERFLOW
ROBIN_HOOD OVERFLOW
ROBIN_HOOD OVERFLOW
ROBIN_HOOD OVERFLOW
ROBIN_HOOD OVERFLOW
ROBIN_HOOD OVERFLOW
ROBIN_HOOD OVERFLOW
ROBIN_HOOD OVERFLOW
ROBIN_HOOD OVERFLOW
ROBIN_HOOD OVERFLOW
ROBIN_HOOD OVERFLOW
ROBIN_HOOD OVERFLOW
ROBIN_HOOD OVERFLOW
ROBIN_HOOD OVERFLOW
ROBIN_HOOD OVERFLOW
ROBIN_HOOD OVERFLOW
ROBIN_HOOD OVERFLOW
ROBIN_HOOD OVERFLOW
ROBIN_HOOD OVERFLOW
ROBIN_HOOD OVERFLOW
ROBIN_HOOD OVERFLOW
ROBIN_HOOD OVERFLOW
ROBIN_HOOD OVERFLOW
ROBIN_HOOD OVERFLOW
ROBIN_HOOD OVERFLOW
ROBIN_HOOD OVERFLOW
ROBIN_HOOD OVERFLOW
ROBIN_HOOD OVERFLOW
ROBIN_HOOD OVERFLOW
ROBIN_HOOD OVERFLOW
ROBIN_HOOD OVERFLOW
ROBIN_HOOD OVERFLOW
ROBIN_HOOD OVERFLOW
ROBIN_HOOD OVERFLOW
ROBIN_HOOD OVERFLOW
ROBIN_HOOD OVERFLOW
ROBIN_HOOD OVERFLOW
ROBIN_HOOD OVERFLOW
ROBIN_HOOD OVERFLOW
ROBIN_HOOD OVERFLOW
ROBIN_HOOD OVERFLOW
ROBIN_HOOD OVERFLOW
ROBIN_HOOD OVERFLOW
ROBIN_HOOD OVERFLOW
ROBIN_HOOD OVERFLOW
ROBIN_HOOD OVERFLOW
ROBIN_HOOD OVERFLOW
ROBIN_HOOD OVERFLOW
ROBIN_HOOD OVERFLOW
ROBIN_HOOD OVERFLOW
ROBIN_HOOD OVERFLOW
ROBIN_HOOD OVERFLOW
ROBIN_HOOD OVERFLOW
ROBIN_HOOD OVERFLOW
ROBIN_HOOD OVERFLOW
ROBIN_HOOD OVERFLOW
ROBIN_HOOD OVERFLOW
ROBIN_HOOD OVERFLOW
ROBIN_HOOD OVERFLOW
ROBIN_HOOD OVERFLOW
ROBIN_HOOD OVERFLOW
ROBIN_HOOD OVERFLOW
ROBIN_HOOD OVERFLOW
ROBIN_HOOD OVERFLOW
ROBIN_HOOD OVERFLOW
ROBIN_HOOD OVERFLOW
ROBIN_HOOD OVERFLOW
ROBIN_HOOD OVERFLOW
ROBIN_HOOD OVERFLOW
ROBIN_HOOD OVERFLOW
ROBIN_HOOD OVERFLOW
ROBIN_HOOD OVERFLOW
ROBIN_HOOD OVERFLOW
ROBIN_HOOD OVERFLOW
ROBIN_HOOD OVERFLOW
ROBIN_HOOD OVERFLOW
ROBIN_HOOD OVERFLOW
ROBIN_HOOD OVERFLOW
ROBIN_HOOD OVERFLOW
ROBIN_HOOD OVERFLOW
ROBIN_HOOD OVERFLOW
ROBIN_HOOD OVERFLOW
ROBIN_HOOD OVERFLOW
ROBIN_HOOD OVERFLOW
ROBIN_HOOD OVERFLOW
ROBIN_HOOD OVERFLOW
ROBIN_HOOD OVERFLOW
ROBIN_HOOD OVERFLOW
ROBIN_HOOD OVERFLOW
ROBIN_HOOD OVERFLOW
ROBIN_HOOD OVERFLOW
ROBIN_HOOD OVERFLOW
ROBIN_HOOD OVERFLOW
ROBIN_HOOD OVERFLOW
ROBIN_HOOD OVERFLOW
ROBIN_HOOD OVERFLOW
ROBIN_HOOD OVERFLOW
ROBIN_HOOD OVERFLOW
ROBIN_HOOD OVERFLOW
ROBIN_HOOD OVERFLOW
ROBIN_HOOD OVERFLOW
ROBIN_HOOD OVERFLOW
ROBIN_HOOD OVERFLOW
ROBIN_HOOD OVERFLOW
ROBIN_HOOD OVERFLOW
ROBIN_HOOD OVERFLOW
ROBIN_HOOD OVERFLOW
ROBIN_HOOD OVERFLOW
ROBIN_HOOD OVERFLOW
ROBIN_HOOD OVERFLOW
ROBIN_HOOD OVERFLOW
ROBIN_HOOD OVERFLOW
ROBIN_HOOD OVERFLOW
ROBIN_HOOD OVERFLOW
ROBIN_HOOD OVERFLOW
ROBIN_HOOD OVERFLOW
ROBIN_HOOD OVERFLOW
ROBIN_HOOD OVERFLOW
ROBIN_HOOD OVERFLOW
ROBIN_HOOD OVERFLOW
ROBIN_HOOD OVERFLOW
ROBIN_HOOD OVERFLOW
ROBIN_HOOD OVERFLOW
ROBIN_HOOD OVERFLOW
ROBIN_HOOD OVERFLOW
ROBIN_HOOD OVERFLOW
ROBIN_HOOD OVERFLOW
ROBIN_HOOD OVERFLOW
ROBIN_HOOD OVERFLOW
ROBIN_HOOD OVERFLOW
ROBIN_HOOD OVERFLOW
ROBIN_HOOD OVERFLOW
ROBIN_HOOD OVERFLOW
ROBIN_HOOD OVERFLOW
ROBIN_HOOD OVERFLOW
ROBIN_HOOD OVERFLOW
ROBIN_HOOD OVERFLOW
ROBIN_HOOD OVERFLOW
ROBIN_HOOD OVERFLOW
ROBIN_HOOD OVERFLOW
ROBIN_HOOD OVERFLOW
ROBIN_HOOD OVERFLOW
ROBIN_HOOD OVERFLOW
ROBIN_HOOD OVERFLOW
ROBIN_HOOD OVERFLOW
ROBIN_HOOD OVERFLOW
ROBIN_HOOD OVERFLOW
ROBIN_HOOD OVERFLOW
ROBIN_HOOD OVERFLOW
ROBIN_HOOD OVERFLOW
ROBIN_HOOD OVERFLOW
ROBIN_HOOD OVERFLOW
ROBIN_HOOD OVERFLOW
ROBIN_HOOD OVERFLOW
ROBIN_HOOD OVERFLOW
ROBIN_HOOD OVERFLOW
ROBIN_HOOD OVERFLOW
ROBIN_HOOD OVERFLOW
ROBIN_HOOD OVERFLOW
ROBIN_HOOD OVERFLOW
ROBIN_HOOD OVERFLOW
ROBIN_HOOD OVERFLOW
ROBIN_HOOD OVERFLOW
ROBIN_HOOD OVERFLOW
ROBIN_HOOD OVERFLOW
ROBIN_HOOD OVERFLOW
ROBIN_HOOD OVERFLOW
ROBIN_HOOD OVERFLOW
ROBIN_HOOD OVERFLOW
ROBIN_HOOD OVERFLOW
ROBIN_HOOD OVERFLOW
ROBIN_HOOD OVERFLOW
ROBIN_HOOD OVERFLOW
ROBIN_HOOD OVERFLOW
ROBIN_HOOD OVERFLOW
ROBIN_HOOD OVERFLOW
ROBIN_HOOD OVERFLOW
ROBIN_HOOD OVERFLOW
ROBIN_HOOD OVERFLOW
ROBIN_HOOD OVERFLOW
ROBIN_HOOD OVERFLOW
ROBIN_HOOD OVERFLOW
ROBIN_HOOD OVERFLOW
ROBIN_HOOD OVERFLOW
ROBIN_HOOD OVERFLOW
ROBIN_HOOD OVERFLOW
ROBIN_HOOD OVERFLOW
ROBIN_HOOD OVERFLOW
ROBIN_HOOD OVERFLOW
ROBIN_HOOD OVERFLOW
ROBIN_HOOD OVERFLOW
ROBIN_HOOD OVERFLOW
ROBIN_HOOD OVERFLOW
ROBIN_HOOD OVERFLOW
ROBIN_HOOD OVERFLOW
ROBIN_HOOD OVERFLOW
ROBIN_HOOD OVERFLOW
ROBIN_HOOD OVERFLOW
ROBIN_HOOD OVERFLOW
ROBIN_HOOD OVERFLOW
ROBIN_HOOD OVERFLOW
ROBIN_HOOD OVERFLOW
ROBIN_HOOD OVERFLOW
ROBIN_HOOD OVERFLOW
ROBIN_HOOD OVERFLOW
ROBIN_HOOD OVERFLOW
ROBIN_HOOD OVERFLOW
ROBIN_HOOD OVERFLOW
ROBIN_HOOD OVERFLOW
ROBIN_HOOD OVERFLOW
ROBIN_HOOD OVERFLOW
ROBIN_HOOD OVERFLOW
ROBIN_HOOD OVERFLOW
ROBIN_HOOD OVERFLOW
ROBIN_HOOD OVERFLOW
ROBIN_HOOD OVERFLOW
ROBIN_HOOD OVERFLOW
ROBIN_HOOD OVERFLOW
ROBIN_HOOD OVERFLOW
ROBIN_HOOD OVERFLOW
ROBIN_HOOD OVERFLOW
ROBIN_HOOD OVERFLOW
ROBIN_HOOD OVERFLOW
ROBIN_HOOD OVERFLOW
ROBIN_HOOD OVERFLOW
ROBIN_HOOD OVERFLOW
ROBIN_HOOD OVERFLOW
ROBIN_HOOD OVERFLOW
ROBIN_HOOD OVERFLOW
ROBIN_HOOD OVERFLOW
ROBIN_HOOD OVERFLOW
ROBIN_HOOD OVERFLOW
ROBIN_HOOD OVERFLOW
ROBIN_HOOD OVERFLOW
ROBIN_HOOD OVERFLOW
ROBIN_HOOD OVERFLOW
ROBIN_HOOD OVERFLOW
ROBIN_HOOD OVERFLOW
ROBIN_HOOD OVERFLOW
ROBIN_HOOD OVERFLOW
ROBIN_HOOD OVERFLOW
ROBIN_HOOD OVERFLOW
ROBIN_HOOD OVERFLOW
ROBIN_HOOD OVERFLOW
ROBIN_HOOD OVERFLOW
ROBIN_HOOD OVERFLOW
ROBIN_HOOD OVERFLOW
ROBIN_HOOD OVERFLOW
ROBIN_HOOD OVERFLOW
ROBIN_HOOD OVERFLOW
ROBIN_HOOD OVERFLOW
ROBIN_HOOD OVERFLOW
ROBIN_HOOD OVERFLOW
ROBIN_HOOD OVERFLOW
ROBIN_HOOD OVERFLOW
ROBIN_HOOD OVERFLOW
ROBIN_HOOD OVERFLOW
ROBIN_HOOD OVERFLOW
ROBIN_HOOD OVERFLOW
ROBIN_HOOD OVERFLOW
ROBIN_HOOD OVERFLOW
ROBIN_HOOD OVERFLOW
ROBIN_HOOD OVERFLOW
ROBIN_HOOD OVERFLOW
ROBIN_HOOD OVERFLOW
ROBIN_HOOD OVERFLOW
ROBIN_HOOD OVERFLOW
ROBIN_HOOD OVERFLOW
ROBIN_HOOD OVERFLOW
ROBIN_HOOD OVERFLOW
ROBIN_HOOD OVERFLOW
ROBIN_HOOD OVERFLOW
ROBIN_HOOD OVERFLOW
ROBIN_HOOD OVERFLOW
ROBIN_HOOD OVERFLOW
ROBIN_HOOD OVERFLOW
ROBIN_HOOD OVERFLOW
ROBIN_HOOD OVERFLOW
ROBIN_HOOD OVERFLOW
ROBIN_HOOD OVERFLOW
ROBIN_HOOD OVERFLOW
ROBIN_HOOD OVERFLOW
ROBIN_HOOD OVERFLOW
ROBIN_HOOD OVERFLOW
ROBIN_HOOD OVERFLOW
ROBIN_HOOD OVERFLOW
ROBIN_HOOD OVERFLOW
ROBIN_HOOD OVERFLOW
ROBIN_HOOD OVERFLOW
ROBIN_HOOD OVERFLOW
ROBIN_HOOD OVERFLOW
ROBIN_HOOD OVERFLOW
ROBIN_HOOD OVERFLOW
ROBIN_HOOD OVERFLOW
ROBIN_HOOD OVERFLOW
ROBIN_HOOD OVERFLOW
ROBIN_HOOD OVERFLOW
ROBIN_HOOD OVERFLOW
ROBIN_HOOD OVERFLOW
ROBIN_HOOD OVERFLOW
ROBIN_HOOD OVERFLOW
ROBIN_HOOD OVERFLOW
ROBIN_HOOD OVERFLOW
ROBIN_HOOD OVERFLOW
ROBIN_HOOD OVERFLOW
ROBIN_HOOD OVERFLOW
ROBIN_HOOD OVERFLOW
ROBIN_HOOD OVERFLOW
ROBIN_HOOD OVERFLOW
ROBIN_HOOD OVERFLOW
ROBIN_HOOD OVERFLOW
ROBIN_HOOD OVERFLOW
ROBIN_HOOD OVERFLOW
ROBIN_HOOD OVERFLOW
ROBIN_HOOD OVERFLOW
ROBIN_HOOD OVERFLOW
ROBIN_HOOD OVERFLOW
ROBIN_HOOD OVERFLOW
ROBIN_HOOD OVERFLOW
ROBIN_HOOD OVERFLOW
ROBIN_HOOD OVERFLOW
ROBIN_HOOD OVERFLOW
ROBIN_HOOD OVERFLOW
ROBIN_HOOD OVERFLOW
ROBIN_HOOD OVERFLOW
ROBIN_HOOD OVERFLOW
ROBIN_HOOD OVERFLOW
ROBIN_HOOD OVERFLOW
ROBIN_HOOD OVERFLOW
ROBIN_HOOD OVERFLOW
ROBIN_HOOD OVERFLOW
ROBIN_HOOD OVERFLOW
ROBIN_HOOD OVERFLOW
ROBIN_HOOD OVERFLOW
ROBIN_HOOD OVERFLOW
ROBIN_HOOD OVERFLOW
ROBIN_HOOD OVERFLOW
ROBIN_HOOD OVERFLOW
ROBIN_HOOD OVERFLOW
ROBIN_HOOD OVERFLOW
ROBIN_HOOD OVERFLOW
ROBIN_HOOD OVERFLOW
ROBIN_HOOD OVERFLOW
ROBIN_HOOD OVERFLOW
ROBIN_HOOD OVERFLOW
ROBIN_HOOD OVERFLOW
ROBIN_HOOD OVERFLOW
ROBIN_HOOD OVERFLOW
ROBIN_HOOD OVERFLOW
ROBIN_HOOD OVERFLOW
ROBIN_HOOD OVERFLOW
ROBIN_HOOD OVERFLOW
ROBIN_HOOD OVERFLOW
ROBIN_HOOD OVERFLOW
ROBIN_HOOD OVERFLOW
ROBIN_HOOD OVERFLOW
ROBIN_HOOD OVERFLOW
ROBIN_HOOD OVERFLOW
ROBIN_HOOD OVERFLOW
ROBIN_HOOD OVERFLOW
ROBIN_HOOD OVERFLOW
ROBIN_HOOD OVERFLOW
ROBIN_HOOD OVERFLOW
ROBIN_HOOD OVERFLOW
ROBIN_HOOD OVERFLOW
ROBIN_HOOD OVERFLOW
ROBIN_HOOD OVERFLOW
ROBIN_HOOD OVERFLOW
ROBIN_HOOD OVERFLOW
ROBIN_HOOD OVERFLOW
ROBIN_HOOD OVERFLOW
ROBIN_HOOD OVERFLOW
ROBIN_HOOD OVERFLOW
ROBIN_HOOD OVERFLOW
ROBIN_HOOD OVERFLOW
ROBIN_HOOD OVERFLOW
ROBIN_HOOD OVERFLOW
ROBIN_HOOD OVERFLOW
ROBIN_HOOD OVERFLOW
ROBIN_HOOD OVERFLOW
ROBIN_HOOD OVERFLOW
ROBIN_HOOD OVERFLOW
ROBIN_HOOD OVERFLOW
ROBIN_HOOD OVERFLOW
ROBIN_HOOD OVERFLOW
ROBIN_HOOD OVERFLOW
ROBIN_HOOD OVERFLOW
ROBIN_HOOD OVERFLOW
ROBIN_HOOD OVERFLOW
ROBIN_HOOD OVERFLOW
ROBIN_HOOD OVERFLOW
ROBIN_HOOD OVERFLOW
ROBIN_HOOD OVERFLOW
ROBIN_HOOD OVERFLOW
ROBIN_HOOD OVERFLOW
ROBIN_HOOD OVERFLOW
ROBIN_HOOD OVERFLOW
ROBIN_HOOD OVERFLOW
ROBIN_HOOD OVERFLOW
ROBIN_HOOD OVERFLOW
ROBIN_HOOD OVERFLOW
ROBIN_HOOD OVERFLOW
ROBIN_HOOD OVERFLOW
ROBIN_HOOD OVERFLOW
ROBIN_HOOD OVERFLOW
ROBIN_HOOD OVERFLOW
ROBIN_HOOD OVERFLOW
1593.736 Collected 154 relevant facts at this layer
1593.736 Encoding ...
1635.280 Attempting to solve formula with 176780 clauses (463669 literals) and 320 assumptions
1635.283 Unsolvable at layer 8 -- expanding.
1635.283 Iteration 9.
1635.283 New layer size: 643
1635.283 Instantiating ...
ROBIN_HOOD OVERFLOW
ROBIN_HOOD OVERFLOW
ROBIN_HOOD OVERFLOW
ROBIN_HOOD OVERFLOW
ROBIN_HOOD OVERFLOW
ROBIN_HOOD OVERFLOW
ROBIN_HOOD OVERFLOW
ROBIN_HOOD OVERFLOW
ROBIN_HOOD OVERFLOW
ROBIN_HOOD OVERFLOW
ROBIN_HOOD OVERFLOW
ROBIN_HOOD OVERFLOW
ROBIN_HOOD OVERFLOW
ROBIN_HOOD OVERFLOW
ROBIN_HOOD OVERFLOW
ROBIN_HOOD OVERFLOW
ROBIN_HOOD OVERFLOW
ROBIN_HOOD OVERFLOW
ROBIN_HOOD OVERFLOW
ROBIN_HOOD OVERFLOW
ROBIN_HOOD OVERFLOW
ROBIN_HOOD OVERFLOW
ROBIN_HOOD OVERFLOW
ROBIN_HOOD OVERFLOW
ROBIN_HOOD OVERFLOW
ROBIN_HOOD OVERFLOW
ROBIN_HOOD OVERFLOW
ROBIN_HOOD OVERFLOW
ROBIN_HOOD OVERFLOW
ROBIN_HOOD OVERFLOW
ROBIN_HOOD OVERFLOW
ROBIN_HOOD OVERFLOW
ROBIN_HOOD OVERFLOW
ROBIN_HOOD OVERFLOW
ROBIN_HOOD OVERFLOW
ROBIN_HOOD OVERFLOW
ROBIN_HOOD OVERFLOW
ROBIN_HOOD OVERFLOW
ROBIN_HOOD OVERFLOW
ROBIN_HOOD OVERFLOW
ROBIN_HOOD OVERFLOW
ROBIN_HOOD OVERFLOW
ROBIN_HOOD OVERFLOW
ROBIN_HOOD OVERFLOW
ROBIN_HOOD OVERFLOW
ROBIN_HOOD OVERFLOW
ROBIN_HOOD OVERFLOW
ROBIN_HOOD OVERFLOW
ROBIN_HOOD OVERFLOW
ROBIN_HOOD OVERFLOW
ROBIN_HOOD OVERFLOW
ROBIN_HOOD OVERFLOW
ROBIN_HOOD OVERFLOW
ROBIN_HOOD OVERFLOW
ROBIN_HOOD OVERFLOW
ROBIN_HOOD OVERFLOW
ROBIN_HOOD OVERFLOW
ROBIN_HOOD OVERFLOW
ROBIN_HOOD OVERFLOW
ROBIN_HOOD OVERFLOW
ROBIN_HOOD OVERFLOW
ROBIN_HOOD OVERFLOW
ROBIN_HOOD OVERFLOW
ROBIN_HOOD OVERFLOW
ROBIN_HOOD OVERFLOW
ROBIN_HOOD OVERFLOW
ROBIN_HOOD OVERFLOW
ROBIN_HOOD OVERFLOW
ROBIN_HOOD OVERFLOW
ROBIN_HOOD OVERFLOW
ROBIN_HOOD OVERFLOW
ROBIN_HOOD OVERFLOW
ROBIN_HOOD OVERFLOW
ROBIN_HOOD OVERFLOW
ROBIN_HOOD OVERFLOW
ROBIN_HOOD OVERFLOW
ROBIN_HOOD OVERFLOW
ROBIN_HOOD OVERFLOW
ROBIN_HOOD OVERFLOW
ROBIN_HOOD OVERFLOW
ROBIN_HOOD OVERFLOW
ROBIN_HOOD OVERFLOW
ROBIN_HOOD OVERFLOW
ROBIN_HOOD OVERFLOW
ROBIN_HOOD OVERFLOW
ROBIN_HOOD OVERFLOW
ROBIN_HOOD OVERFLOW
ROBIN_HOOD OVERFLOW
ROBIN_HOOD OVERFLOW
ROBIN_HOOD OVERFLOW
ROBIN_HOOD OVERFLOW
ROBIN_HOOD OVERFLOW
ROBIN_HOOD OVERFLOW
ROBIN_HOOD OVERFLOW
ROBIN_HOOD OVERFLOW
ROBIN_HOOD OVERFLOW
ROBIN_HOOD OVERFLOW
ROBIN_HOOD OVERFLOW
ROBIN_HOOD OVERFLOW
ROBIN_HOOD OVERFLOW
ROBIN_HOOD OVERFLOW
ROBIN_HOOD OVERFLOW
ROBIN_HOOD OVERFLOW
ROBIN_HOOD OVERFLOW
ROBIN_HOOD OVERFLOW
ROBIN_HOOD OVERFLOW
ROBIN_HOOD OVERFLOW
ROBIN_HOOD OVERFLOW
ROBIN_HOOD OVERFLOW
ROBIN_HOOD OVERFLOW
ROBIN_HOOD OVERFLOW
ROBIN_HOOD OVERFLOW
ROBIN_HOOD OVERFLOW
ROBIN_HOOD OVERFLOW
ROBIN_HOOD OVERFLOW
ROBIN_HOOD OVERFLOW
ROBIN_HOOD OVERFLOW
ROBIN_HOOD OVERFLOW
ROBIN_HOOD OVERFLOW
ROBIN_HOOD OVERFLOW
ROBIN_HOOD OVERFLOW
ROBIN_HOOD OVERFLOW
ROBIN_HOOD OVERFLOW
ROBIN_HOOD OVERFLOW
ROBIN_HOOD OVERFLOW
ROBIN_HOOD OVERFLOW
ROBIN_HOOD OVERFLOW
ROBIN_HOOD OVERFLOW
ROBIN_HOOD OVERFLOW
ROBIN_HOOD OVERFLOW
1802.245 Termination signal caught.
1802.245 Total amount of clauses encoded: 176780
1802.245 - directframeaxioms : 137968 cls
1802.245 - atmostoneelement : 19575 cls
1802.245 - predecessors : 4942 cls
1802.245 - expansions : 4307 cls
1802.245 - actionconstraints : 4194 cls
1802.245 - reductionconstraints : 3470 cls
1802.245 - actioneffects : 2168 cls
1802.245 - truefacts : 154 cls
1802.245 - axiomaticops : 2 cls
1802.245 # instantiated positions: 723
1802.245 # instantiated actions: 2918
1802.245 # instantiated reductions: 2628
1802.245 # introduced pseudo-constants: 0
1802.245 # retroactive prunings: 0
1802.245 # retroactively pruned operations: 0
1802.245 # dominated operations: 0
1802.245 # total invalid rigid preconditions found in getPFC: 17896
1802.245 # invalid rigid preconditions found in getPFC: 17896
1802.245 # invalid rigid preconditions found in getPFC in varrestrictions: 0
1802.245 # total invalid fluent preconditions found in getPFC: 194
1802.245 # invalid fluent preconditions found in getPFC: 97
1802.245 # invalid fluent preconditions found in getPFC in varrestrictions: 97
1802.245 # invalid fluent preconditions found in getPFC via postconditions: 0
1802.245 # invalid subtasks found in getPFC: 0
1802.245 # number effects in operation fact_frames: 120
1802.245 # number of variables restricted: 88885
1802.245 Exiting happily.

RUNWATCH_RESULT TIMEOUT RETVAL 0 TIME_SECS 1803.47 MEMPEAK_KBS 15601184
