    _           _         _
   \ |         \ |       | |                       
   | |     __  | |      _| |______                
   | |     \/  | |     /_   ______\                
   | |      _  | |   __  | |  ___   ___   ___       
   | |___  | | | |  / .\ | | / , | |   \ / ·_\    
   \_____\ |_| |__\ \__/ |_| \___) |_|_| \___\  
[39mL i l o t a n e  version rls-cadical
by Dominik Schreiber <dominik.schreiber@kit.edu> 2020-2021
using SAT solver cadical

0.130 Parser finished.
0.131 Structures extracted.
0.131 11 operators and 14 methods created.
0.334 Mined 13 new reduction preconditions (+108.3%).
0.334 Iteration 0.
0.334 Creating initial layer of size 2
0.538 Attempting to solve formula with 563 clauses (843 literals) and 1 assumptions
0.539 Unsolvable at layer 0 -- expanding.
0.539 Iteration 1.
0.539 New layer size: 2
0.539 Instantiating ...
0.924 Collected 280 relevant facts at this layer
0.924 Encoding ...
0.960 Attempting to solve formula with 5623 clauses (15779 literals) and 1 assumptions
0.960 Unsolvable at layer 1 -- expanding.
0.960 Iteration 2.
0.961 New layer size: 3
0.961 Instantiating ...
1.919 Collected 1045 relevant facts at this layer
1.919 Encoding ...
1.976 Attempting to solve formula with 31344 clauses (92600 literals) and 1 assumptions
1.976 Unsolvable at layer 2 -- expanding.
1.976 Iteration 3.
1.977 New layer size: 4
1.977 Instantiating ...
3.342 Collected 1045 relevant facts at this layer
3.342 Encoding ...
3.427 Attempting to solve formula with 64207 clauses (194653 literals) and 1 assumptions
3.428 Unsolvable at layer 3 -- expanding.
3.428 Iteration 4.
3.428 New layer size: 5
3.428 Instantiating ...
5.022 Collected 1045 relevant facts at this layer
5.022 Encoding ...
5.114 Attempting to solve formula with 98227 clauses (302117 literals) and 1 assumptions
5.115 Unsolvable at layer 4 -- expanding.
5.115 Iteration 5.
5.115 New layer size: 6
5.115 Instantiating ...
7.045 Collected 1045 relevant facts at this layer
7.045 Encoding ...
7.146 Attempting to solve formula with 132191 clauses (409531 literals) and 1 assumptions
7.157 Unsolvable at layer 5 -- expanding.
7.157 Iteration 6.
7.157 New layer size: 7
7.157 Instantiating ...
9.290 Collected 1045 relevant facts at this layer
9.290 Encoding ...
9.392 Attempting to solve formula with 166251 clauses (517075 literals) and 1 assumptions
9.397 Unsolvable at layer 6 -- expanding.
9.397 Iteration 7.
9.397 New layer size: 8
9.397 Instantiating ...
11.766 Collected 1045 relevant facts at this layer
11.766 Encoding ...
11.879 Attempting to solve formula with 200255 clauses (624569 literals) and 1 assumptions
11.885 Unsolvable at layer 7 -- expanding.
11.885 Iteration 8.
11.885 New layer size: 9
11.885 Instantiating ...
14.446 Collected 1045 relevant facts at this layer
14.446 Encoding ...
14.552 Attempting to solve formula with 234355 clauses (732193 literals) and 1 assumptions
14.561 Unsolvable at layer 8 -- expanding.
14.561 Iteration 9.
14.561 New layer size: 10
14.561 Instantiating ...
17.401 Collected 1045 relevant facts at this layer
17.401 Encoding ...
17.523 Attempting to solve formula with 268475 clauses (839857 literals) and 1 assumptions
17.586 Unsolvable at layer 9 -- expanding.
17.586 Iteration 10.
17.586 New layer size: 11
17.586 Instantiating ...
20.683 Collected 1045 relevant facts at this layer
20.683 Encoding ...
20.809 Attempting to solve formula with 302539 clauses (947471 literals) and 1 assumptions
20.828 Unsolvable at layer 10 -- expanding.
20.828 Iteration 11.
20.828 New layer size: 12
20.828 Instantiating ...
24.200 Collected 1045 relevant facts at this layer
24.200 Encoding ...
24.334 Attempting to solve formula with 336623 clauses (1055125 literals) and 1 assumptions
24.369 Unsolvable at layer 11 -- expanding.
24.369 Iteration 12.
24.369 New layer size: 13
24.369 Instantiating ...
27.908 Collected 1045 relevant facts at this layer
27.908 Encoding ...
28.043 Attempting to solve formula with 370727 clauses (1162819 literals) and 1 assumptions
28.586 Unsolvable at layer 12 -- expanding.
28.586 Iteration 13.
28.586 New layer size: 14
28.586 Instantiating ...
32.454 Collected 1045 relevant facts at this layer
32.454 Encoding ...
32.610 Attempting to solve formula with 404851 clauses (1270553 literals) and 1 assumptions
34.003 Unsolvable at layer 13 -- expanding.
34.003 Iteration 14.
34.003 New layer size: 15
34.003 Instantiating ...
37.964 Collected 1045 relevant facts at this layer
37.964 Encoding ...
38.102 Attempting to solve formula with 439071 clauses (1378417 literals) and 1 assumptions
38.275 Unsolvable at layer 14 -- expanding.
38.275 Iteration 15.
38.275 New layer size: 16
38.275 Instantiating ...
42.521 Collected 1045 relevant facts at this layer
42.521 Encoding ...
42.665 Attempting to solve formula with 473235 clauses (1486231 literals) and 1 assumptions
42.836 Unsolvable at layer 15 -- expanding.
42.836 Iteration 16.
42.836 New layer size: 17
42.836 Instantiating ...
47.305 Collected 1045 relevant facts at this layer
47.305 Encoding ...
47.460 Attempting to solve formula with 507419 clauses (1594085 literals) and 1 assumptions
48.664 Unsolvable at layer 16 -- expanding.
48.664 Iteration 17.
48.664 New layer size: 18
48.664 Instantiating ...
53.505 Collected 1045 relevant facts at this layer
53.505 Encoding ...
53.670 Attempting to solve formula with 541699 clauses (1702069 literals) and 1 assumptions
54.460 Unsolvable at layer 17 -- expanding.
54.460 Iteration 18.
54.460 New layer size: 19
54.460 Instantiating ...
59.504 Collected 1045 relevant facts at this layer
59.504 Encoding ...
59.670 Attempting to solve formula with 575923 clauses (1810003 literals) and 1 assumptions
60.670 Unsolvable at layer 18 -- expanding.
60.670 Iteration 19.
60.670 New layer size: 20
60.670 Instantiating ...
66.020 Collected 1045 relevant facts at this layer
66.020 Encoding ...
66.205 Attempting to solve formula with 610243 clauses (1918067 literals) and 1 assumptions
70.368 Unsolvable at layer 19 -- expanding.
70.368 Iteration 20.
70.368 New layer size: 21
70.368 Instantiating ...
75.899 Collected 1045 relevant facts at this layer
75.899 Encoding ...
76.076 Attempting to solve formula with 644507 clauses (2026081 literals) and 1 assumptions
79.214 Unsolvable at layer 20 -- expanding.
79.214 Iteration 21.
79.214 New layer size: 22
79.214 Instantiating ...
84.982 Collected 1045 relevant facts at this layer
84.982 Encoding ...
85.164 Attempting to solve formula with 678791 clauses (2134135 literals) and 1 assumptions
87.921 Unsolvable at layer 21 -- expanding.
87.921 Iteration 22.
87.921 New layer size: 23
87.921 Instantiating ...
93.863 Collected 1045 relevant facts at this layer
93.863 Encoding ...
94.043 Attempting to solve formula with 713171 clauses (2242319 literals) and 1 assumptions
96.824 Unsolvable at layer 22 -- expanding.
96.824 Iteration 23.
96.824 New layer size: 24
96.824 Instantiating ...
103.038 Collected 1045 relevant facts at this layer
103.038 Encoding ...
103.231 Attempting to solve formula with 747495 clauses (2350453 literals) and 1 assumptions
106.656 Unsolvable at layer 23 -- expanding.
106.656 Iteration 24.
106.656 New layer size: 25
106.656 Instantiating ...
113.138 Collected 1045 relevant facts at this layer
113.138 Encoding ...
113.330 Attempting to solve formula with 781839 clauses (2458627 literals) and 1 assumptions
115.794 Unsolvable at layer 24 -- expanding.
115.794 Iteration 25.
115.794 New layer size: 26
115.794 Instantiating ...
122.535 Collected 1045 relevant facts at this layer
122.535 Encoding ...
122.738 Attempting to solve formula with 816203 clauses (2566841 literals) and 1 assumptions
131.625 Unsolvable at layer 25 -- expanding.
131.625 Iteration 26.
131.625 New layer size: 27
131.625 Instantiating ...
138.510 Collected 1045 relevant facts at this layer
138.510 Encoding ...
138.701 Attempting to solve formula with 850663 clauses (2675185 literals) and 1 assumptions
161.508 Unsolvable at layer 26 -- expanding.
161.508 Iteration 27.
161.508 New layer size: 28
161.508 Instantiating ...
168.545 Collected 1045 relevant facts at this layer
168.545 Encoding ...
168.731 Attempting to solve formula with 885067 clauses (2783479 literals) and 1 assumptions
202.433 Unsolvable at layer 27 -- expanding.
202.433 Iteration 28.
202.433 New layer size: 29
202.433 Instantiating ...
209.778 Collected 1045 relevant facts at this layer
209.778 Encoding ...
209.982 Attempting to solve formula with 919491 clauses (2891813 literals) and 1 assumptions
247.518 Unsolvable at layer 28 -- expanding.
247.518 Iteration 29.
247.518 New layer size: 30
247.518 Instantiating ...
255.214 Collected 1045 relevant facts at this layer
255.214 Encoding ...
255.442 Attempting to solve formula with 954011 clauses (3000277 literals) and 1 assumptions
291.404 Unsolvable at layer 29 -- expanding.
291.404 Iteration 30.
291.404 New layer size: 31
291.404 Instantiating ...
299.300 Collected 1045 relevant facts at this layer
299.300 Encoding ...
299.539 Attempting to solve formula with 988475 clauses (3108691 literals) and 1 assumptions
379.521 Unsolvable at layer 30 -- expanding.
379.521 Iteration 31.
379.521 New layer size: 32
379.521 Instantiating ...
387.666 Collected 1045 relevant facts at this layer
387.666 Encoding ...
387.900 Attempting to solve formula with 1022959 clauses (3217145 literals) and 1 assumptions
458.219 Unsolvable at layer 31 -- expanding.
458.219 Iteration 32.
458.219 New layer size: 33
458.219 Instantiating ...
466.572 Collected 1045 relevant facts at this layer
466.572 Encoding ...
466.793 Attempting to solve formula with 1057539 clauses (3325729 literals) and 1 assumptions
559.506 Unsolvable at layer 32 -- expanding.
559.506 Iteration 33.
559.506 New layer size: 34
559.506 Instantiating ...
568.035 Collected 1045 relevant facts at this layer
568.035 Encoding ...
568.261 Attempting to solve formula with 1092139 clauses (3434353 literals) and 1 assumptions
747.604 Unsolvable at layer 33 -- expanding.
747.604 Iteration 34.
747.604 New layer size: 35
747.604 Instantiating ...
756.445 Collected 1045 relevant facts at this layer
756.445 Encoding ...
756.674 Attempting to solve formula with 1126759 clauses (3543017 literals) and 1 assumptions
777.076 Unsolvable at layer 34 -- expanding.
777.076 Iteration 35.
777.076 New layer size: 36
777.076 Instantiating ...
786.157 Collected 1045 relevant facts at this layer
786.157 Encoding ...
786.396 Attempting to solve formula with 1161323 clauses (3651631 literals) and 1 assumptions
836.630 Unsolvable at layer 35 -- expanding.
836.630 Iteration 36.
836.630 New layer size: 37
836.630 Instantiating ...
845.912 Collected 1045 relevant facts at this layer
845.912 Encoding ...
846.146 Attempting to solve formula with 1195983 clauses (3760375 literals) and 1 assumptions
864.487 Unsolvable at layer 36 -- expanding.
864.487 Iteration 37.
864.487 New layer size: 38
864.487 Instantiating ...
874.062 Collected 1045 relevant facts at this layer
874.062 Encoding ...
874.320 Attempting to solve formula with 1230663 clauses (3869159 literals) and 1 assumptions
889.592 Unsolvable at layer 37 -- expanding.
889.592 Iteration 38.
889.592 New layer size: 39
889.592 Instantiating ...
899.445 Collected 1045 relevant facts at this layer
899.445 Encoding ...
899.705 Attempting to solve formula with 1265287 clauses (3977893 literals) and 1 assumptions
964.507 Unsolvable at layer 38 -- expanding.
964.507 Iteration 39.
964.507 New layer size: 40
964.507 Instantiating ...
974.571 Collected 1045 relevant facts at this layer
974.571 Encoding ...
974.838 Attempting to solve formula with 1299931 clauses (4086667 literals) and 1 assumptions
990.610 Unsolvable at layer 39 -- expanding.
990.610 Iteration 40.
990.610 New layer size: 41
990.610 Instantiating ...
1000.897 Collected 1045 relevant facts at this layer
1000.897 Encoding ...
1001.163 Attempting to solve formula with 1334595 clauses (4195481 literals) and 1 assumptions
1044.912 Unsolvable at layer 40 -- expanding.
1044.912 Iteration 41.
1044.912 New layer size: 42
1044.912 Instantiating ...
1055.408 Collected 1045 relevant facts at this layer
1055.408 Encoding ...
1055.669 Attempting to solve formula with 1369279 clauses (4304335 literals) and 1 assumptions
1163.621 Unsolvable at layer 41 -- expanding.
1163.622 Iteration 42.
1163.622 New layer size: 43
1163.622 Instantiating ...
1174.406 Collected 1045 relevant facts at this layer
1174.407 Encoding ...
1174.706 Attempting to solve formula with 1403983 clauses (4413229 literals) and 1 assumptions
1265.083 Unsolvable at layer 42 -- expanding.
1265.083 Iteration 43.
1265.083 New layer size: 44
1265.083 Instantiating ...
1276.253 Collected 1045 relevant facts at this layer
1276.253 Encoding ...
1276.538 Attempting to solve formula with 1438783 clauses (4522253 literals) and 1 assumptions
1473.838 Unsolvable at layer 43 -- expanding.
1473.838 Iteration 44.
1473.838 New layer size: 45
1473.838 Instantiating ...
1485.123 Collected 1045 relevant facts at this layer
1485.123 Encoding ...
1485.431 Attempting to solve formula with 1473527 clauses (4631227 literals) and 1 assumptions
1760.000 Unsolvable at layer 44 -- expanding.
1760.000 Iteration 45.
1760.000 New layer size: 46
1760.000 Instantiating ...
1771.621 Collected 1045 relevant facts at this layer
1771.621 Encoding ...
1771.911 Attempting to solve formula with 1508367 clauses (4740331 literals) and 1 assumptions
1800.001 Termination signal caught.
1800.001 Total amount of clauses encoded: 1508367
1800.001 - actionconstraints : 567625 cls
1800.001 - reductionconstraints : 363697 cls
1800.001 - directframeaxioms : 183920 cls
1800.001 - qfactsemantics : 165725 cls
1800.001 - indirectframeaxioms : 111640 cls
1800.001 - substitutionconstraints : 73710 cls
1800.001 - qconstequality : 18612 cls
1800.001 - atmostoneelement : 11177 cls
1800.001 - expansions : 5471 cls
1800.001 - predecessors : 5350 cls
1800.001 - truefacts : 1045 cls
1800.001 - actioneffects : 393 cls
1800.001 - axiomaticops : 2 cls
1800.001 # instantiated positions: 1081
1800.001 # instantiated actions: 5038
1800.001 # instantiated reductions: 313
1800.001 # introduced pseudo-constants: 266
1800.001 # retroactive prunings: 0
1800.001 # retroactively pruned operations: 0
1800.001 # dominated operations: 0
1800.001 Exiting happily.

RUNWATCH_RESULT TIMEOUT RETVAL 0 TIME_SECS 1800.04 MEMPEAK_KBS 675556
