    _           _         _
   \ |         \ |       | |                       
   | |     __  | |      _| |______                
   | |     \/  | |     /_   ______\                
   | |      _  | |   __  | |  ___   ___   ___       
   | |___  | | | |  / .\ | | / , | |   \ / ·_\    
   \_____\ |_| |__\ \__/ |_| \___) |_|_| \___\  
[39mL i l o t a n e  version rls-glucose4
by Dominik Schreiber <dominik.schreiber@kit.edu> 2020-2021
using SAT solver glucose4

0.021 Parser finished.
0.022 Structures extracted.
0.023 87 operators and 84 methods created.
0.069 Mined 93 new reduction preconditions (+9300.0%).
0.069 Iteration 0.
0.069 Creating initial layer of size 2
0.088 Attempting to solve formula with 5 clauses (6 literals) and 1 assumptions
0.088 Unsolvable at layer 0 -- expanding.
0.088 Iteration 1.
0.088 New layer size: 2
0.088 Instantiating ...
0.213 Collected 1 relevant facts at this layer
0.213 Encoding ...
0.214 Attempting to solve formula with 424 clauses (906 literals) and 1 assumptions
0.214 Unsolvable at layer 1 -- expanding.
0.214 Iteration 2.
0.214 New layer size: 2
0.214 Instantiating ...
0.342 Collected 1 relevant facts at this layer
0.342 Encoding ...
0.343 Attempting to solve formula with 488 clauses (1066 literals) and 1 assumptions
0.343 Unsolvable at layer 2 -- expanding.
0.343 Iteration 3.
0.343 New layer size: 4
0.343 Instantiating ...
0.395 Collected 25 relevant facts at this layer
0.395 Encoding ...
0.398 Attempting to solve formula with 802 clauses (1878 literals) and 3 assumptions
0.398 Unsolvable at layer 3 -- expanding.
0.398 Iteration 4.
0.398 New layer size: 18
0.398 Instantiating ...
0.508 Collected 147 relevant facts at this layer
0.508 Encoding ...
0.517 Attempting to solve formula with 6047 clauses (15642 literals) and 12 assumptions
0.517 Unsolvable at layer 4 -- expanding.
0.517 Iteration 5.
0.517 New layer size: 41
0.518 Instantiating ...
0.684 Collected 303 relevant facts at this layer
0.684 Encoding ...
0.705 Attempting to solve formula with 23793 clauses (66847 literals) and 18 assumptions
0.707 Unsolvable at layer 5 -- expanding.
0.707 Iteration 6.
0.707 New layer size: 80
0.707 Instantiating ...
0.980 Collected 499 relevant facts at this layer
0.980 Encoding ...
1.037 Attempting to solve formula with 72164 clauses (212599 literals) and 30 assumptions
1.040 Unsolvable at layer 6 -- expanding.
1.040 Iteration 7.
1.040 New layer size: 153
1.040 Instantiating ...
1.563 Collected 556 relevant facts at this layer
1.563 Encoding ...
1.707 Attempting to solve formula with 189352 clauses (573864 literals) and 57 assumptions
1.714 Unsolvable at layer 7 -- expanding.
1.714 Iteration 8.
1.714 New layer size: 268
1.714 Instantiating ...
1.717 Retroactively prune reduction (m_drive_to Q_5,11_point:0_dab2ed775ebbd766 Q_6,14_adult:0_dc67e203d82cff36 Q_5,11_vehicle:0_16f63aa2c55cc971 Q_7,15_point:0_9edfaf8c739e17f2)@(7,15): no children at offset 1
2.458 Collected 567 relevant facts at this layer
2.458 Encoding ...
2.756 Attempting to solve formula with 391946 clauses (1177065 literals) and 97 assumptions
c last restart ## conflicts  :  24 5342 
2.791 Found a solution at layer 8.
==>
44918 SHOP_methodm_shut_off_water_precondition airport gates roch_water
44931 p_1Call
44958 SHOP_methodm_get_to_person_drives_themself_precondition wcrew1 airport wtruck1 marketplace
49247 SHOP_methodm_drive_to_precondition wtruck1 marketplace wcrew1
49254 p_2Navegate_vehicle
54772 SHOP_methodm_get_to_as_cargo_precondition ht2 airport marketplace ttruck1
54776 SHOP_methodm_get_to_already_there_precondition ttruck1 marketplace
54904 SHOP_methodm_get_in_ambulatory_person_precondition ht2 marketplace ttruck1
55521 p_3Climb_in
57776 SHOP_methodm_get_to_vehicle_gets_driven_precondition ttruck1 airport marketplace tdriver1
57779 SHOP_methodm_drive_to_precondition ttruck1 marketplace tdriver1
57804 p_4Navegate_vehicle
59987 p_5Climb_out
64231 place_cones ht2
70938 SHOP_methodm_get_to_vehicle_gets_driven_precondition backhoe1 airport texaco1 ccrew1
70943 SHOP_methodm_drive_to_precondition backhoe1 texaco1 ccrew1
70945 navegate_vehicle ccrew1 backhoe1 airport texaco1
70949 dig backhoe1 airport
70953 replace_pipe wcrew1 airport brighton_high
70955 SHOP_methodm_get_to_already_there_precondition backhoe1 airport
70965 fill_in backhoe1 airport
70969 SHOP_methodm_get_to_as_cargo_precondition pcrew1 airport henrietta_dump pvan2
70975 SHOP_methodm_get_to_vehicle_gets_driven_precondition pvan2 henrietta_dump strong pu2
70979 SHOP_methodm_drive_to_precondition pvan2 strong pu2
70985 navegate_vehicle pu2 pvan2 henrietta_dump strong
71103 SHOP_methodm_get_in_load_in_precondition pcrew1 henrietta_dump pvan2 emt1
71718 SHOP_methodm_get_to_already_there_precondition emt1 henrietta_dump
73956 load emt1 pcrew1 pvan2 henrietta_dump
73970 SHOP_methodm_get_to_vehicle_gets_driven_precondition pvan2 airport henrietta_dump pu2
73978 SHOP_methodm_drive_to_precondition pvan2 henrietta_dump pu2
73999 navegate_vehicle pu2 pvan2 airport henrietta_dump
76182 climb_out pcrew1 pvan2 airport
80425 pickup_cones pcrew1
80430 SHOP_methodm_turn_on_water_precondition airport gates roch_water
87144 call roch_water
root 7
7 tlt -> m_tlt_fix_water_main 56
56 fix_water_main airport brighton_high -> m_fix_water_main 74 108 142
74 shut_off_water airport brighton_high -> m_shut_off_water 44918 44930
108 repair_pipe airport brighton_high -> m_repair_pipe 754 915 1098 70953 1300 1303
142 turn_on_water airport brighton_high -> m_turn_on_water 80430 87143
754 get_to wcrew1 airport -> m_get_to_person_drives_themself 44958 1924
915 set_up_cones airport brighton_high -> m_set_up_cones 3434 64231
1098 open_hole airport brighton_high -> m_open_hole 4653 70949
1300 close_hole airport brighton_high -> m_close_hole 70954 70965
1303 take_down_cones airport brighton_high -> m_take_down_cones 5171 80425
1924 drive_to wcrew1 wtruck1 airport -> m_drive_to 49247 49253
3434 get_to ht2 airport -> m_get_to_as_cargo 54772 54775 11203 11526 12054
4653 get_to backhoe1 airport -> m_get_to_vehicle_gets_driven 70938 14721
5171 get_to pcrew1 airport -> m_get_to_as_cargo 70969 14999 15029 15353 15881
11203 get_in ht2 ttruck1 -> m_get_in_ambulatory_person 54904 55520
11526 get_to ttruck1 airport -> m_get_to_vehicle_gets_driven 57776 30571
12054 get_out ht2 ttruck1 -> m_get_out_ambulatory_person 59986
14721 drive_to ccrew1 backhoe1 airport -> m_drive_to 70943 70944
14999 get_to pvan2 henrietta_dump -> m_get_to_vehicle_gets_driven 70975 37123
15029 get_in pcrew1 pvan2 -> m_get_in_load_in 71103 71717 73956
15353 get_to pvan2 airport -> m_get_to_vehicle_gets_driven 73970 38401
15881 get_out pcrew1 pvan2 -> m_get_out_ambulatory_person 76181
30571 drive_to tdriver1 ttruck1 airport -> m_drive_to 57779 57803
37123 drive_to pu2 pvan2 henrietta_dump -> m_drive_to 70979 70984
38401 drive_to pu2 pvan2 airport -> m_drive_to 73978 73998
44930 ccall roch_water -> prefix_1 44931
49253 cnavegate_vehicle wcrew1 wtruck1 airport marketplace -> prefix_2 49254
54775 get_to ttruck1 marketplace -> m_get_to_already_there 54776
55520 cclimb_in ht2 ttruck1 marketplace -> prefix_3 55521
57803 cnavegate_vehicle tdriver1 ttruck1 airport marketplace -> prefix_4 57804
59986 cclimb_out ht2 ttruck1 airport -> prefix_5 59987
70944 cnavegate_vehicle ccrew1 backhoe1 airport texaco1 -> regular_4 70945
70954 get_to backhoe1 airport -> m_get_to_already_there 70955
70984 cnavegate_vehicle pu2 pvan2 henrietta_dump strong -> regular_4 70985
71717 get_to emt1 henrietta_dump -> m_get_to_already_there 71718
73998 cnavegate_vehicle pu2 pvan2 airport henrietta_dump -> regular_4 73999
76181 cclimb_out pcrew1 pvan2 airport -> regular_1 76182
87143 ccall roch_water -> regular_3 87144
<==
2.800 End of solution plan. (counted length of 35)
2.800 Total amount of clauses encoded: 391946
2.800 - directframeaxioms : 250448 cls
2.800 - qfactsemantics : 64625 cls
2.800 - indirectframeaxioms : 29546 cls
2.800 - reductionconstraints : 27167 cls
2.800 - actionconstraints : 7148 cls
2.800 - atmostoneelement : 3468 cls
2.800 - expansions : 2386 cls
2.800 - predecessors : 1986 cls
2.800 - substitutionconstraints : 1828 cls
2.800 - qtypeconstraints : 1268 cls
2.800 - qconstequality : 1000 cls
2.800 - truefacts : 567 cls
2.800 - actioneffects : 494 cls
2.800 - forbiddenoperations : 13 cls
2.800 - axiomaticops : 2 cls
2.800 # instantiated positions: 569
2.800 # instantiated actions: 1523
2.800 # instantiated reductions: 476
2.800 # introduced pseudo-constants: 388
2.800 # retroactive prunings: 9
2.800 # retroactively pruned operations: 25
2.800 # dominated operations: 42
2.800 # total invalid rigid preconditions found in getPFC: 2320
2.800 # invalid rigid preconditions found in getPFC: 7
2.800 # invalid rigid preconditions found in getPFC in varrestrictions: 2313
2.800 # total invalid fluent preconditions found in getPFC: 59
2.800 # invalid fluent preconditions found in getPFC: 56
2.800 # invalid fluent preconditions found in getPFC in varrestrictions: 0
2.800 # invalid fluent preconditions found in getPFC via postconditions: 3
2.800 # invalid subtasks found in getPFC: 8
2.800 # number effects in operation fact_frames: 1069
2.800 # number of variables restricted: 6280
2.800 Exiting happily.

RUNWATCH_RESULT EXIT RETVAL 0 TIME_SECS 2.82715 MEMPEAK_KBS 138376
