pandaPIparser is configured as follows
  Colors in output: true
  Mode: parsing mode
  Parameter splitting: true
  Conditional effects: exponential encoding
  Disjunctive preconditions as HTN: false
  Replace goal with action: false
  Output: pandaPI format
General Options
  Print timings: false
  Quiet mode: false
Inference Options
  H2 mutexes: false
  FAM groups: false
Transformation Options
  Add zero-cost no-op to empty methods: true
  Remove duplicate actions: true
  Remove useless literals: true
  Expand abstract tasks with one method: true
  Remove empty method preconditions: true
  Two regularisation: false
  Compile negative SAS variables: false
Runtime Optimisations
  Hierarchy Typing: true
  Future Caching: false
  Static Precondition Checking: false
Output Options
  Panda planner format: true
  HDDL: false
  SAS for Fast Downward (without hierarchy): false
Output Formatting Options
  Output only SAS+ variables: false
  SAS+ delete mode: as input
Reading input from /home/schnell/lilotane/sotaevaluation//PandaSAT_runwatchtime_timeout1800_2021-11-16_15:47:18/runwatch_log/6/6.parsed.
Writing output to /home/schnell/lilotane/sotaevaluation//PandaSAT_runwatchtime_timeout1800_2021-11-16_15:47:18/runwatch_log/6/6.sas.
Writing output to standard output.
Parsing done.
Conditional Effects expanded
done.
Starting Hierarchy Typing
Total 0.128ms
Contains 0.013ms
Restrict 0.023ms
MPrep 0.019ms
Finished Hierarchy Typing
Running PG.
Process actions without preconditions
Done.
Returning from runGpg().
PG done. Postprocessing
PG postprocessing done.
Calculated [61] grounded tasks and [111] reachable facts.
Running TDG.
Process actions without preconditions
Done.
Returning from runGpg().
TDG done.
Calculated [87] grounded tasks and [74] grounded decomposition methods.
Performing DFS.
DFS done.
After DFS: 81 tasks, 71 methods.
Grounded PG:
Input was [58, 81], output was [52, 108].
Grounded TDG:
Input was [71, 52], output was [65, 52].
Simplifying instance.
Removing useless facts/literals
Removing method precondition actions whose precondition is empty
Expanding abstract tasks with only one method
Starting duplicate elimination.
Data structure build.
0 duplicates found.
Duplicates replaced in methods.
Further Mutex Groups: 0 strict 0 non strict
Writing instance to output.
Final Statistics: F 32 S 0 SC 0 SM 0 NSM 0 I 0 P 35 S 15 A 15 M 57
Exiting.
Random seed: 42
Time limit: 1800 seconds
Reading input from /home/schnell/lilotane/sotaevaluation//PandaSAT_runwatchtime_timeout1800_2021-11-16_15:47:18/runwatch_log/6/6.sas.
- State has 32 bits divided into 32 mutex groups.
- Domain contains 50 actions.
- Domain contains 65 tasks.
- Domain contains 57 methods.
- The initial state contains 11 set bits.
- The initial task is "__top[]".
- State-based goal contains 7 bits.
- Instance is totally-ordered: yes
- Instance has unique paths: yes
- Instance is parallel sequences: yes
Calculate SCCs...
- Number of SCCs: 64
- The problem is cyclic
- Number of cyclic SCCs: 1
- Number of cyclic SCCs of size 1: 0

Extracting invariants from parsed model
Extracted 0 invariants.
Starting resolution.
After resolution we have 0 invariants, taking 0.005ms.

Computing invariants [Rintanen]
Initial candidates build (1488)
Round 1: 1488 invariants remaining
Round 2: 982 invariants remaining
Round 3: 567 invariants remaining
Round 4: 359 invariants remaining
Round 5: 178 invariants remaining
Round 6: 123 invariants remaining
Round 7: 103 invariants remaining
Round 8: 98 invariants remaining
Found 98 invariants in 0.458ms
Calculate SCCs...
- Number of SCCs: 64
- The problem is cyclic
- Number of cyclic SCCs: 1
- Number of cyclic SCCs of size 1: 0
Hallo


Instance is totally ordered: yes
[33mStarting SAT-based planner[m
Using SAT solver: cryptominisat-5.8.0
Encode Mutexes:    yes
Block Compression: yes
Pruning:           ff




[33mGenerating formula for depth 1[m
Computing PDT took: 0.028 ms
Computed PDT. Extracting leafs ... 1 leafs
Clear pruning tables ... done.
[34mPruning round [m1 Phase: 1
FF Pruning: removed 0 of 0
Pruning: 2 of 2
Leaf Primitive Pruning: 0 of 0
Initial abstract task is pruned: [31mUNSAT[m


[33mGenerating formula for depth 2[m
Computing PDT took: 0.024 ms
Computed PDT. Extracting leafs ... 2 leafs
Clear pruning tables ... done.
[34mPruning round [m1 Phase: 1
FF Pruning: removed 0 of 1
Pruning: 5 of 8
Leaf Primitive Pruning: 0 of 1
Pruning gave 0 new invariants
Assigning variable IDs for PDT ... done. 9 new variables.
Decomposition Clauses generated.
Pruned clauses.
Block compression leads to 1 timesteps.
Decomp formula generated
State atoms
State formula
Matching
Invar time: 0.018ms SM: 0 M: 0 I: 0 SI: 98
[34mFormula: [m14 decomposition 104 state 98 mutex
Formula has 73 vars and 216 clauses.
Formula time: 0.261ms
Starting solver
Solver time: 0.015ms
Solver state: [31mUNSAT[m


[33mGenerating formula for depth 3[m
Computing PDT took: 0.062 ms
Computed PDT. Extracting leafs ... 5 leafs
Clear pruning tables ... done.
[34mPruning round [m1 Phase: 1
FF Pruning: removed 11 of 15
[34mPruning round [m2 Phase: 1
FF Pruning: removed 0 of 4
Pruning: 34 of 44
Leaf Primitive Pruning: 18 of 22
Pruning gave 0 new invariants
Assigning variable IDs for PDT ... done. 20 new variables.
Decomposition Clauses generated.
Pruned clauses.
Block compression leads to 1 timesteps.
Decomp formula generated
State atoms
State formula
Matching
Invar time: 0.015ms SM: 0 M: 0 I: 0 SI: 98
[34mFormula: [m63 decomposition 114 state 98 mutex
Formula has 157 vars and 491 clauses.
Formula time: 0.334ms
Starting solver
Solver time: 0.004ms
Solver state: [31mUNSAT[m


[33mGenerating formula for depth 4[m
Computing PDT took: 0.105 ms
Computed PDT. Extracting leafs ... 8 leafs
Clear pruning tables ... done.
[34mPruning round [m1 Phase: 1
FF Pruning: removed 53 of 64
[34mPruning round [m2 Phase: 1
FF Pruning: removed 0 of 11
Pruning: 98 of 122
Leaf Primitive Pruning: 60 of 71
Pruning gave 0 new invariants
Assigning variable IDs for PDT ... done. 39 new variables.
Decomposition Clauses generated.
Pruned clauses.
Block compression leads to 2 timesteps.
Decomp formula generated
State atoms
State formula
Matching
Invar time: 0.029ms SM: 0 M: 0 I: 0 SI: 98
[34mFormula: [m161 decomposition 202 state 196 mutex
Formula has 292 vars and 1050 clauses.
Formula time: 0.457ms
Starting solver
Solver time: 0.006ms
Solver state: [31mUNSAT[m


[33mGenerating formula for depth 5[m
Computing PDT took: 0.103 ms
Computed PDT. Extracting leafs ... 11 leafs
Clear pruning tables ... done.
[34mPruning round [m1 Phase: 1
FF Pruning: removed 77 of 113
[34mPruning round [m2 Phase: 1
FF Pruning: removed 0 of 36
Pruning: 139 of 207
Leaf Primitive Pruning: 84 of 120
Pruning gave 0 new invariants
Assigning variable IDs for PDT ... done. 99 new variables.
Decomposition Clauses generated.
Pruned clauses.
Block compression leads to 3 timesteps.
Decomp formula generated
State atoms
State formula
Matching
Invar time: 0.041ms SM: 0 M: 0 I: 0 SI: 98
[34mFormula: [m546 decomposition 358 state 294 mutex
Formula has 519 vars and 2248 clauses.
Formula time: 0.766ms
Starting solver
Solver time: 0.007ms
Solver state: [31mUNSAT[m


[33mGenerating formula for depth 6[m
Computing PDT took: 0.109 ms
Computed PDT. Extracting leafs ... 14 leafs
Clear pruning tables ... done.
[34mPruning round [m1 Phase: 1
FF Pruning: removed 92 of 162
[34mPruning round [m2 Phase: 1
FF Pruning: removed 0 of 70
Pruning: 163 of 292
Leaf Primitive Pruning: 99 of 169
Pruning gave 0 new invariants
Assigning variable IDs for PDT ... done. 157 new variables.
Decomposition Clauses generated.
Pruned clauses.
Block compression leads to 4 timesteps.
Decomp formula generated
State atoms
State formula
Matching
Invar time: 0.057ms SM: 0 M: 0 I: 0 SI: 98
[34mFormula: [m1262 decomposition 547 state 392 mutex
Formula has 836 vars and 4449 clauses.
Formula time: 1.074ms
Starting solver
Solver time: 0.010ms
Solver state: [31mUNSAT[m


[33mGenerating formula for depth 7[m
Computing PDT took: 0.112 ms
Computed PDT. Extracting leafs ... 17 leafs
Clear pruning tables ... done.
[34mPruning round [m1 Phase: 1
FF Pruning: removed 96 of 211
[34mPruning round [m2 Phase: 1
FF Pruning: removed 0 of 115
Pruning: 169 of 377
Leaf Primitive Pruning: 103 of 218
Pruning gave 0 new invariants
Assigning variable IDs for PDT ... done. 227 new variables.
Decomposition Clauses generated.
Pruned clauses.
Block compression leads to 5 timesteps.
Decomp formula generated
State atoms
State formula
Matching
Invar time: 0.073ms SM: 0 M: 0 I: 0 SI: 98
[34mFormula: [m2349 decomposition 784 state 490 mutex
Formula has 1255 vars and 8072 clauses.
Formula time: 1.559ms
Starting solver
Solver time: 0.013ms
Solver state: [31mUNSAT[m


[33mGenerating formula for depth 8[m
Computing PDT took: 0.127 ms
Computed PDT. Extracting leafs ... 20 leafs
Clear pruning tables ... done.
[34mPruning round [m1 Phase: 1
FF Pruning: removed 98 of 260
[34mPruning round [m2 Phase: 1
FF Pruning: removed 0 of 162
Pruning: 171 of 462
Leaf Primitive Pruning: 105 of 267
Pruning gave 0 new invariants
Assigning variable IDs for PDT ... done. 285 new variables.
Decomposition Clauses generated.
Pruned clauses.
Block compression leads to 6 timesteps.
Decomp formula generated
State atoms
State formula
Matching
Invar time: 0.164ms SM: 0 M: 0 I: 0 SI: 98
[34mFormula: [m3536 decomposition 1033 state 588 mutex
Formula has 1764 vars and 13229 clauses.
Formula time: 2.016ms
Starting solver
Solver time: 0.118ms
Solver state: [31mUNSAT[m


[33mGenerating formula for depth 9[m
Computing PDT took: 0.130 ms
Computed PDT. Extracting leafs ... 23 leafs
Clear pruning tables ... done.
[34mPruning round [m1 Phase: 1
FF Pruning: removed 98 of 309
[34mPruning round [m2 Phase: 1
FF Pruning: removed 0 of 211
Pruning: 171 of 547
Leaf Primitive Pruning: 105 of 316
Pruning gave 0 new invariants
Assigning variable IDs for PDT ... done. 343 new variables.
Decomposition Clauses generated.
Pruned clauses.
Block compression leads to 7 timesteps.
Decomp formula generated
State atoms
State formula
Matching
Invar time: 0.193ms SM: 0 M: 0 I: 0 SI: 98
[34mFormula: [m4754 decomposition 1294 state 686 mutex
Formula has 2363 vars and 19963 clauses.
Formula time: 2.521ms
Starting solver
Solver time: 0.145ms
Solver state: [31mUNSAT[m


[33mGenerating formula for depth 10[m
Computing PDT took: 0.135 ms
Computed PDT. Extracting leafs ... 26 leafs
Clear pruning tables ... done.
[34mPruning round [m1 Phase: 1
FF Pruning: removed 98 of 358
[34mPruning round [m2 Phase: 1
FF Pruning: removed 0 of 260
Pruning: 171 of 632
Leaf Primitive Pruning: 105 of 365
Pruning gave 0 new invariants
Assigning variable IDs for PDT ... done. 399 new variables.
Decomposition Clauses generated.
Pruned clauses.
Block compression leads to 8 timesteps.
Decomp formula generated
State atoms
State formula
Matching
Invar time: 0.265ms SM: 0 M: 0 I: 0 SI: 98
[34mFormula: [m5972 decomposition 1555 state 784 mutex
Formula has 3050 vars and 28274 clauses.
Formula time: 3.107ms
Starting solver
Solver time: 0.308ms
Solver state: [31mUNSAT[m


[33mGenerating formula for depth 11[m
Computing PDT took: 0.134 ms
Computed PDT. Extracting leafs ... 29 leafs
Clear pruning tables ... done.
[34mPruning round [m1 Phase: 1
FF Pruning: removed 98 of 407
[34mPruning round [m2 Phase: 1
FF Pruning: removed 0 of 309
Pruning: 171 of 717
Leaf Primitive Pruning: 105 of 414
Pruning gave 0 new invariants
Assigning variable IDs for PDT ... done. 455 new variables.
Decomposition Clauses generated.
Pruned clauses.
Block compression leads to 9 timesteps.
Decomp formula generated
State atoms
State formula
Matching
Invar time: 0.284ms SM: 0 M: 0 I: 0 SI: 98
[34mFormula: [m7190 decomposition 1816 state 882 mutex
Formula has 3825 vars and 38162 clauses.
Formula time: 3.355ms
Starting solver
Solver time: 0.418ms
Solver state: [31mUNSAT[m


[33mGenerating formula for depth 12[m
Computing PDT took: 0.138 ms
Computed PDT. Extracting leafs ... 32 leafs
Clear pruning tables ... done.
[34mPruning round [m1 Phase: 1
FF Pruning: removed 98 of 456
[34mPruning round [m2 Phase: 1
FF Pruning: removed 0 of 358
Pruning: 171 of 802
Leaf Primitive Pruning: 105 of 463
Pruning gave 0 new invariants
Assigning variable IDs for PDT ... done. 511 new variables.
Decomposition Clauses generated.
Pruned clauses.
Block compression leads to 10 timesteps.
Decomp formula generated
State atoms
State formula
Matching
Invar time: 0.283ms SM: 0 M: 0 I: 0 SI: 98
[34mFormula: [m8408 decomposition 2077 state 980 mutex
Formula has 4688 vars and 49627 clauses.
Formula time: 4.206ms
Starting solver
Solver time: 0.616ms
Solver state: [31mUNSAT[m


[33mGenerating formula for depth 13[m
Computing PDT took: 0.141 ms
Computed PDT. Extracting leafs ... 35 leafs
Clear pruning tables ... done.
[34mPruning round [m1 Phase: 1
FF Pruning: removed 98 of 505
[34mPruning round [m2 Phase: 1
FF Pruning: removed 0 of 407
Pruning: 171 of 887
Leaf Primitive Pruning: 105 of 512
Pruning gave 0 new invariants
Assigning variable IDs for PDT ... done. 567 new variables.
Decomposition Clauses generated.
Pruned clauses.
Block compression leads to 11 timesteps.
Decomp formula generated
State atoms
State formula
Matching
Invar time: 0.320ms SM: 0 M: 0 I: 0 SI: 98
[34mFormula: [m9626 decomposition 2338 state 1078 mutex
Formula has 5639 vars and 62669 clauses.
Formula time: 4.846ms
Starting solver
Solver time: 2.093ms
Solver state: [31mUNSAT[m


[33mGenerating formula for depth 14[m
Computing PDT took: 0.147 ms
Computed PDT. Extracting leafs ... 38 leafs
Clear pruning tables ... done.
[34mPruning round [m1 Phase: 1
FF Pruning: removed 98 of 554
[34mPruning round [m2 Phase: 1
FF Pruning: removed 0 of 456
Pruning: 171 of 972
Leaf Primitive Pruning: 105 of 561
Pruning gave 0 new invariants
Assigning variable IDs for PDT ... done. 623 new variables.
Decomposition Clauses generated.
Pruned clauses.
Block compression leads to 12 timesteps.
Decomp formula generated
State atoms
State formula
Matching
Invar time: 0.345ms SM: 0 M: 0 I: 0 SI: 98
[34mFormula: [m10844 decomposition 2599 state 1176 mutex
Formula has 6678 vars and 77288 clauses.
Formula time: 5.019ms
Starting solver
Solver time: 2.726ms
Solver state: [31mUNSAT[m


[33mGenerating formula for depth 15[m
Computing PDT took: 0.146 ms
Computed PDT. Extracting leafs ... 41 leafs
Clear pruning tables ... done.
[34mPruning round [m1 Phase: 1
FF Pruning: removed 98 of 603
[34mPruning round [m2 Phase: 1
FF Pruning: removed 0 of 505
Pruning: 171 of 1057
Leaf Primitive Pruning: 105 of 610
Pruning gave 0 new invariants
Assigning variable IDs for PDT ... done. 679 new variables.
Decomposition Clauses generated.
Pruned clauses.
Block compression leads to 13 timesteps.
Decomp formula generated
State atoms
State formula
Matching
Invar time: 0.375ms SM: 0 M: 0 I: 0 SI: 98
[34mFormula: [m12062 decomposition 2860 state 1274 mutex
Formula has 7805 vars and 93484 clauses.
Formula time: 5.630ms
Starting solver
Solver time: 1.828ms
Solver state: [31mUNSAT[m


[33mGenerating formula for depth 16[m
Computing PDT took: 0.152 ms
Computed PDT. Extracting leafs ... 44 leafs
Clear pruning tables ... done.
[34mPruning round [m1 Phase: 1
FF Pruning: removed 98 of 652
[34mPruning round [m2 Phase: 1
FF Pruning: removed 0 of 554
Pruning: 171 of 1142
Leaf Primitive Pruning: 105 of 659
Pruning gave 0 new invariants
Assigning variable IDs for PDT ... done. 735 new variables.
Decomposition Clauses generated.
Pruned clauses.
Block compression leads to 14 timesteps.
Decomp formula generated
State atoms
State formula
Matching
Invar time: 0.402ms SM: 0 M: 0 I: 0 SI: 98
[34mFormula: [m13280 decomposition 3121 state 1372 mutex
Formula has 9020 vars and 111257 clauses.
Formula time: 6.703ms
Starting solver
Solver time: 4.942ms
Solver state: [31mUNSAT[m


[33mGenerating formula for depth 17[m
Computing PDT took: 0.154 ms
Computed PDT. Extracting leafs ... 47 leafs
Clear pruning tables ... done.
[34mPruning round [m1 Phase: 1
FF Pruning: removed 98 of 701
[34mPruning round [m2 Phase: 1
FF Pruning: removed 0 of 603
Pruning: 171 of 1227
Leaf Primitive Pruning: 105 of 708
Pruning gave 0 new invariants
Assigning variable IDs for PDT ... done. 791 new variables.
Decomposition Clauses generated.
Pruned clauses.
Block compression leads to 15 timesteps.
Decomp formula generated
State atoms
State formula
Matching
Invar time: 0.434ms SM: 0 M: 0 I: 0 SI: 98
[34mFormula: [m14498 decomposition 3382 state 1470 mutex
Formula has 10323 vars and 130607 clauses.
Formula time: 7.318ms
Starting solver
Solver time: 4.540ms
Solver state: [31mUNSAT[m


[33mGenerating formula for depth 18[m
Computing PDT took: 0.151 ms
Computed PDT. Extracting leafs ... 50 leafs
Clear pruning tables ... done.
[34mPruning round [m1 Phase: 1
FF Pruning: removed 98 of 750
[34mPruning round [m2 Phase: 1
FF Pruning: removed 0 of 652
Pruning: 171 of 1312
Leaf Primitive Pruning: 105 of 757
Pruning gave 0 new invariants
Assigning variable IDs for PDT ... done. 847 new variables.
Decomposition Clauses generated.
Pruned clauses.
Block compression leads to 16 timesteps.
Decomp formula generated
State atoms
State formula
Matching
Invar time: 0.465ms SM: 0 M: 0 I: 0 SI: 98
[34mFormula: [m15716 decomposition 3643 state 1568 mutex
Formula has 11714 vars and 151534 clauses.
Formula time: 8.604ms
Starting solver
Solver time: 3.577ms
Solver state: [31mUNSAT[m


[33mGenerating formula for depth 19[m
Computing PDT took: 0.156 ms
Computed PDT. Extracting leafs ... 53 leafs
Clear pruning tables ... done.
[34mPruning round [m1 Phase: 1
FF Pruning: removed 98 of 799
[34mPruning round [m2 Phase: 1
FF Pruning: removed 0 of 701
Pruning: 171 of 1397
Leaf Primitive Pruning: 105 of 806
Pruning gave 0 new invariants
Assigning variable IDs for PDT ... done. 903 new variables.
Decomposition Clauses generated.
Pruned clauses.
Block compression leads to 17 timesteps.
Decomp formula generated
State atoms
State formula
Matching
Invar time: 0.484ms SM: 0 M: 0 I: 0 SI: 98
[34mFormula: [m16934 decomposition 3904 state 1666 mutex
Formula has 13193 vars and 174038 clauses.
Formula time: 8.685ms
Starting solver
Solver time: 10.676ms
Solver state: [31mUNSAT[m


[33mGenerating formula for depth 20[m
Computing PDT took: 0.154 ms
Computed PDT. Extracting leafs ... 56 leafs
Clear pruning tables ... done.
[34mPruning round [m1 Phase: 1
FF Pruning: removed 98 of 848
[34mPruning round [m2 Phase: 1
FF Pruning: removed 0 of 750
Pruning: 171 of 1482
Leaf Primitive Pruning: 105 of 855
Pruning gave 0 new invariants
Assigning variable IDs for PDT ... done. 959 new variables.
Decomposition Clauses generated.
Pruned clauses.
Block compression leads to 18 timesteps.
Decomp formula generated
State atoms
State formula
Matching
Invar time: 0.526ms SM: 0 M: 0 I: 0 SI: 98
[34mFormula: [m18152 decomposition 4165 state 1764 mutex
Formula has 14760 vars and 198119 clauses.
Formula time: 9.088ms
Starting solver
Solver time: 15.305ms
Solver state: [31mUNSAT[m


[33mGenerating formula for depth 21[m
Computing PDT took: 0.152 ms
Computed PDT. Extracting leafs ... 59 leafs
Clear pruning tables ... done.
[34mPruning round [m1 Phase: 1
FF Pruning: removed 98 of 897
[34mPruning round [m2 Phase: 1
FF Pruning: removed 0 of 799
Pruning: 171 of 1567
Leaf Primitive Pruning: 105 of 904
Pruning gave 0 new invariants
Assigning variable IDs for PDT ... done. 1015 new variables.
Decomposition Clauses generated.
Pruned clauses.
Block compression leads to 19 timesteps.
Decomp formula generated
State atoms
State formula
Matching
Invar time: 0.575ms SM: 0 M: 0 I: 0 SI: 98
[34mFormula: [m19370 decomposition 4426 state 1862 mutex
Formula has 16415 vars and 223777 clauses.
Formula time: 11.459ms
Starting solver
Solver time: 19.295ms
Solver state: [31mUNSAT[m


[33mGenerating formula for depth 22[m
Computing PDT took: 0.162 ms
Computed PDT. Extracting leafs ... 62 leafs
Clear pruning tables ... done.
[34mPruning round [m1 Phase: 1
FF Pruning: removed 98 of 946
[34mPruning round [m2 Phase: 1
FF Pruning: removed 0 of 848
Pruning: 171 of 1652
Leaf Primitive Pruning: 105 of 953
Pruning gave 0 new invariants
Assigning variable IDs for PDT ... done. 1071 new variables.
Decomposition Clauses generated.
Pruned clauses.
Block compression leads to 20 timesteps.
Decomp formula generated
State atoms
State formula
Matching
Invar time: 0.577ms SM: 0 M: 0 I: 0 SI: 98
[34mFormula: [m20588 decomposition 4687 state 1960 mutex
Formula has 18158 vars and 251012 clauses.
Formula time: 11.865ms
Starting solver
Solver time: 26.309ms
Solver state: [31mUNSAT[m


[33mGenerating formula for depth 23[m
Computing PDT took: 0.158 ms
Computed PDT. Extracting leafs ... 65 leafs
Clear pruning tables ... done.
[34mPruning round [m1 Phase: 1
FF Pruning: removed 98 of 995
[34mPruning round [m2 Phase: 1
FF Pruning: removed 0 of 897
Pruning: 171 of 1737
Leaf Primitive Pruning: 105 of 1002
Pruning gave 0 new invariants
Assigning variable IDs for PDT ... done. 1127 new variables.
Decomposition Clauses generated.
Pruned clauses.
Block compression leads to 21 timesteps.
Decomp formula generated
State atoms
State formula
Matching
Invar time: 0.617ms SM: 0 M: 0 I: 0 SI: 98
[34mFormula: [m21806 decomposition 4948 state 2058 mutex
Formula has 19989 vars and 279824 clauses.
Formula time: 12.612ms
Starting solver
Solver time: 24.583ms
Solver state: [31mUNSAT[m


[33mGenerating formula for depth 24[m
Computing PDT took: 0.161 ms
Computed PDT. Extracting leafs ... 68 leafs
Clear pruning tables ... done.
[34mPruning round [m1 Phase: 1
FF Pruning: removed 98 of 1044
[34mPruning round [m2 Phase: 1
FF Pruning: removed 0 of 946
Pruning: 171 of 1822
Leaf Primitive Pruning: 105 of 1051
Pruning gave 0 new invariants
Assigning variable IDs for PDT ... done. 1183 new variables.
Decomposition Clauses generated.
Pruned clauses.
Block compression leads to 22 timesteps.
Decomp formula generated
State atoms
State formula
Matching
Invar time: 0.672ms SM: 0 M: 0 I: 0 SI: 98
[34mFormula: [m23024 decomposition 5209 state 2156 mutex
Formula has 21908 vars and 310213 clauses.
Formula time: 14.830ms
Starting solver
Solver time: 40.474ms
Solver state: [31mUNSAT[m


[33mGenerating formula for depth 25[m
Computing PDT took: 0.159 ms
Computed PDT. Extracting leafs ... 71 leafs
Clear pruning tables ... done.
[34mPruning round [m1 Phase: 1
FF Pruning: removed 98 of 1093
[34mPruning round [m2 Phase: 1
FF Pruning: removed 0 of 995
Pruning: 171 of 1907
Leaf Primitive Pruning: 105 of 1100
Pruning gave 0 new invariants
Assigning variable IDs for PDT ... done. 1239 new variables.
Decomposition Clauses generated.
Pruned clauses.
Block compression leads to 23 timesteps.
Decomp formula generated
State atoms
State formula
Matching
Invar time: 0.679ms SM: 0 M: 0 I: 0 SI: 98
[34mFormula: [m24242 decomposition 5470 state 2254 mutex
Formula has 23915 vars and 342179 clauses.
Formula time: 14.364ms
Starting solver
Solver time: 47.602ms
Solver state: [31mUNSAT[m


[33mGenerating formula for depth 26[m
Computing PDT took: 0.166 ms
Computed PDT. Extracting leafs ... 74 leafs
Clear pruning tables ... done.
[34mPruning round [m1 Phase: 1
FF Pruning: removed 98 of 1142
[34mPruning round [m2 Phase: 1
FF Pruning: removed 0 of 1044
Pruning: 171 of 1992
Leaf Primitive Pruning: 105 of 1149
Pruning gave 0 new invariants
Assigning variable IDs for PDT ... done. 1295 new variables.
Decomposition Clauses generated.
Pruned clauses.
Block compression leads to 24 timesteps.
Decomp formula generated
State atoms
State formula
Matching
Invar time: 0.801ms SM: 0 M: 0 I: 0 SI: 98
[34mFormula: [m25460 decomposition 5731 state 2352 mutex
Formula has 26010 vars and 375722 clauses.
Formula time: 15.465ms
Starting solver
Solver time: 63.711ms
Solver state: [31mUNSAT[m


[33mGenerating formula for depth 27[m
Computing PDT took: 0.164 ms
Computed PDT. Extracting leafs ... 77 leafs
Clear pruning tables ... done.
[34mPruning round [m1 Phase: 1
FF Pruning: removed 98 of 1191
[34mPruning round [m2 Phase: 1
FF Pruning: removed 0 of 1093
Pruning: 171 of 2077
Leaf Primitive Pruning: 105 of 1198
Pruning gave 0 new invariants
Assigning variable IDs for PDT ... done. 1351 new variables.
Decomposition Clauses generated.
Pruned clauses.
Block compression leads to 25 timesteps.
Decomp formula generated
State atoms
State formula
Matching
Invar time: 0.748ms SM: 0 M: 0 I: 0 SI: 98
[34mFormula: [m26678 decomposition 5992 state 2450 mutex
Formula has 28193 vars and 410842 clauses.
Formula time: 14.398ms
Starting solver
Solver time: 71.831ms
Solver state: [31mUNSAT[m


[33mGenerating formula for depth 28[m
Computing PDT took: 0.162 ms
Computed PDT. Extracting leafs ... 80 leafs
Clear pruning tables ... done.
[34mPruning round [m1 Phase: 1
FF Pruning: removed 98 of 1240
[34mPruning round [m2 Phase: 1
FF Pruning: removed 0 of 1142
Pruning: 171 of 2162
Leaf Primitive Pruning: 105 of 1247
Pruning gave 0 new invariants
Assigning variable IDs for PDT ... done. 1407 new variables.
Decomposition Clauses generated.
Pruned clauses.
Block compression leads to 26 timesteps.
Decomp formula generated
State atoms
State formula
Matching
Invar time: 0.817ms SM: 0 M: 0 I: 0 SI: 98
[34mFormula: [m27896 decomposition 6253 state 2548 mutex
Formula has 30464 vars and 447539 clauses.
Formula time: 15.270ms
Starting solver
Solver time: 120.629ms
Solver state: [31mUNSAT[m


[33mGenerating formula for depth 29[m
Computing PDT took: 0.167 ms
Computed PDT. Extracting leafs ... 83 leafs
Clear pruning tables ... done.
[34mPruning round [m1 Phase: 1
FF Pruning: removed 98 of 1289
[34mPruning round [m2 Phase: 1
FF Pruning: removed 0 of 1191
Pruning: 171 of 2247
Leaf Primitive Pruning: 105 of 1296
Pruning gave 0 new invariants
Assigning variable IDs for PDT ... done. 1463 new variables.
Decomposition Clauses generated.
Pruned clauses.
Block compression leads to 27 timesteps.
Decomp formula generated
State atoms
State formula
Matching
Invar time: 0.876ms SM: 0 M: 0 I: 0 SI: 98
[34mFormula: [m29114 decomposition 6514 state 2646 mutex
Formula has 32823 vars and 485813 clauses.
Formula time: 17.738ms
Starting solver
Solver time: 144.419ms
Solver state: [31mUNSAT[m


[33mGenerating formula for depth 30[m
Computing PDT took: 0.164 ms
Computed PDT. Extracting leafs ... 86 leafs
Clear pruning tables ... done.
[34mPruning round [m1 Phase: 1
FF Pruning: removed 98 of 1338
[34mPruning round [m2 Phase: 1
FF Pruning: removed 0 of 1240
Pruning: 171 of 2332
Leaf Primitive Pruning: 105 of 1345
Pruning gave 0 new invariants
Assigning variable IDs for PDT ... done. 1519 new variables.
Decomposition Clauses generated.
Pruned clauses.
Block compression leads to 28 timesteps.
Decomp formula generated
State atoms
State formula
Matching
Invar time: 0.833ms SM: 0 M: 0 I: 0 SI: 98
[34mFormula: [m30332 decomposition 6775 state 2744 mutex
Formula has 35270 vars and 525664 clauses.
Formula time: 17.829ms
Starting solver
Solver time: 230.178ms
Solver state: [31mUNSAT[m


[33mGenerating formula for depth 31[m
Computing PDT took: 0.168 ms
Computed PDT. Extracting leafs ... 89 leafs
Clear pruning tables ... done.
[34mPruning round [m1 Phase: 1
FF Pruning: removed 98 of 1387
[34mPruning round [m2 Phase: 1
FF Pruning: removed 0 of 1289
Pruning: 171 of 2417
Leaf Primitive Pruning: 105 of 1394
Pruning gave 0 new invariants
Assigning variable IDs for PDT ... done. 1575 new variables.
Decomposition Clauses generated.
Pruned clauses.
Block compression leads to 29 timesteps.
Decomp formula generated
State atoms
State formula
Matching
Invar time: 0.873ms SM: 0 M: 0 I: 0 SI: 98
[34mFormula: [m31550 decomposition 7036 state 2842 mutex
Formula has 37805 vars and 567092 clauses.
Formula time: 18.374ms
Starting solver
Solver time: 219.745ms
Solver state: [31mUNSAT[m


[33mGenerating formula for depth 32[m
Computing PDT took: 0.176 ms
Computed PDT. Extracting leafs ... 92 leafs
Clear pruning tables ... done.
[34mPruning round [m1 Phase: 1
FF Pruning: removed 98 of 1436
[34mPruning round [m2 Phase: 1
FF Pruning: removed 0 of 1338
Pruning: 171 of 2502
Leaf Primitive Pruning: 105 of 1443
Pruning gave 0 new invariants
Assigning variable IDs for PDT ... done. 1631 new variables.
Decomposition Clauses generated.
Pruned clauses.
Block compression leads to 30 timesteps.
Decomp formula generated
State atoms
State formula
Matching
Invar time: 1.001ms SM: 0 M: 0 I: 0 SI: 98
[34mFormula: [m32768 decomposition 7297 state 2940 mutex
Formula has 40428 vars and 610097 clauses.
Formula time: 18.904ms
Starting solver
Solver time: 290.284ms
Solver state: [31mUNSAT[m


[33mGenerating formula for depth 33[m
Computing PDT took: 0.170 ms
Computed PDT. Extracting leafs ... 95 leafs
Clear pruning tables ... done.
[34mPruning round [m1 Phase: 1
FF Pruning: removed 98 of 1485
[34mPruning round [m2 Phase: 1
FF Pruning: removed 0 of 1387
Pruning: 171 of 2587
Leaf Primitive Pruning: 105 of 1492
Pruning gave 0 new invariants
Assigning variable IDs for PDT ... done. 1687 new variables.
Decomposition Clauses generated.
Pruned clauses.
Block compression leads to 31 timesteps.
Decomp formula generated
State atoms
State formula
Matching
Invar time: 0.921ms SM: 0 M: 0 I: 0 SI: 98
[34mFormula: [m33986 decomposition 7558 state 3038 mutex
Formula has 43139 vars and 654679 clauses.
Formula time: 18.954ms
Starting solver
Solver time: 438.034ms
Solver state: [31mUNSAT[m


[33mGenerating formula for depth 34[m
Computing PDT took: 0.165 ms
Computed PDT. Extracting leafs ... 98 leafs
Clear pruning tables ... done.
[34mPruning round [m1 Phase: 1
FF Pruning: removed 98 of 1534
[34mPruning round [m2 Phase: 1
FF Pruning: removed 0 of 1436
Pruning: 171 of 2672
Leaf Primitive Pruning: 105 of 1541
Pruning gave 0 new invariants
Assigning variable IDs for PDT ... done. 1743 new variables.
Decomposition Clauses generated.
Pruned clauses.
Block compression leads to 32 timesteps.
Decomp formula generated
State atoms
State formula
Matching
Invar time: 0.947ms SM: 0 M: 0 I: 0 SI: 98
[34mFormula: [m35204 decomposition 7819 state 3136 mutex
Formula has 45938 vars and 700838 clauses.
Formula time: 21.573ms
Starting solver
Solver time: 470.797ms
Solver state: [31mUNSAT[m


[33mGenerating formula for depth 35[m
Computing PDT took: 0.171 ms
Computed PDT. Extracting leafs ... 101 leafs
Clear pruning tables ... done.
[34mPruning round [m1 Phase: 1
FF Pruning: removed 98 of 1583
[34mPruning round [m2 Phase: 1
FF Pruning: removed 0 of 1485
Pruning: 171 of 2757
Leaf Primitive Pruning: 105 of 1590
Pruning gave 0 new invariants
Assigning variable IDs for PDT ... done. 1799 new variables.
Decomposition Clauses generated.
Pruned clauses.
Block compression leads to 33 timesteps.
Decomp formula generated
State atoms
State formula
Matching
Invar time: 1.001ms SM: 0 M: 0 I: 0 SI: 98
[34mFormula: [m36422 decomposition 8080 state 3234 mutex
Formula has 48825 vars and 748574 clauses.
Formula time: 22.013ms
Starting solver
Solver time: 549.651ms
Solver state: [31mUNSAT[m


[33mGenerating formula for depth 36[m
Computing PDT took: 0.169 ms
Computed PDT. Extracting leafs ... 104 leafs
Clear pruning tables ... done.
[34mPruning round [m1 Phase: 1
FF Pruning: removed 98 of 1632
[34mPruning round [m2 Phase: 1
FF Pruning: removed 0 of 1534
Pruning: 171 of 2842
Leaf Primitive Pruning: 105 of 1639
Pruning gave 0 new invariants
Assigning variable IDs for PDT ... done. 1855 new variables.
Decomposition Clauses generated.
Pruned clauses.
Block compression leads to 34 timesteps.
Decomp formula generated
State atoms
State formula
Matching
Invar time: 1.038ms SM: 0 M: 0 I: 0 SI: 98
[34mFormula: [m37640 decomposition 8341 state 3332 mutex
Formula has 51800 vars and 797887 clauses.
Formula time: 21.202ms
Starting solver
Solver time: 933.813ms
Solver state: [31mUNSAT[m


[33mGenerating formula for depth 37[m
Computing PDT took: 0.174 ms
Computed PDT. Extracting leafs ... 107 leafs
Clear pruning tables ... done.
[34mPruning round [m1 Phase: 1
FF Pruning: removed 98 of 1681
[34mPruning round [m2 Phase: 1
FF Pruning: removed 0 of 1583
Pruning: 171 of 2927
Leaf Primitive Pruning: 105 of 1688
Pruning gave 0 new invariants
Assigning variable IDs for PDT ... done. 1911 new variables.
Decomposition Clauses generated.
Pruned clauses.
Block compression leads to 35 timesteps.
Decomp formula generated
State atoms
State formula
Matching
Invar time: 1.117ms SM: 0 M: 0 I: 0 SI: 98
[34mFormula: [m38858 decomposition 8602 state 3430 mutex
Formula has 54863 vars and 848777 clauses.
Formula time: 21.862ms
Starting solver
Solver time: 1157.102ms
Solver state: [31mUNSAT[m


[33mGenerating formula for depth 38[m
Computing PDT took: 0.173 ms
Computed PDT. Extracting leafs ... 110 leafs
Clear pruning tables ... done.
[34mPruning round [m1 Phase: 1
FF Pruning: removed 98 of 1730
[34mPruning round [m2 Phase: 1
FF Pruning: removed 0 of 1632
Pruning: 171 of 3012
Leaf Primitive Pruning: 105 of 1737
Pruning gave 0 new invariants
Assigning variable IDs for PDT ... done. 1967 new variables.
Decomposition Clauses generated.
Pruned clauses.
Block compression leads to 36 timesteps.
Decomp formula generated
State atoms
State formula
Matching
Invar time: 1.148ms SM: 0 M: 0 I: 0 SI: 98
[34mFormula: [m40076 decomposition 8863 state 3528 mutex
Formula has 58014 vars and 901244 clauses.
Formula time: 23.555ms
Starting solver
Solver time: 1677.374ms
Solver state: [31mUNSAT[m


[33mGenerating formula for depth 39[m
Computing PDT took: 0.180 ms
Computed PDT. Extracting leafs ... 113 leafs
Clear pruning tables ... done.
[34mPruning round [m1 Phase: 1
FF Pruning: removed 98 of 1779
[34mPruning round [m2 Phase: 1
FF Pruning: removed 0 of 1681
Pruning: 171 of 3097
Leaf Primitive Pruning: 105 of 1786
Pruning gave 0 new invariants
Assigning variable IDs for PDT ... done. 2023 new variables.
Decomposition Clauses generated.
Pruned clauses.
Block compression leads to 37 timesteps.
Decomp formula generated
State atoms
State formula
Matching
Invar time: 1.160ms SM: 0 M: 0 I: 0 SI: 98
[34mFormula: [m41294 decomposition 9124 state 3626 mutex
Formula has 61253 vars and 955288 clauses.
Formula time: 24.520ms
Starting solver
Solver time: 158.962ms
Solver state: [32mSAT[m
==>
0 move[c,r1,d01]
1 open[r1,r4,d14]
2 __method_precondition_achieve-goals-pickup_split_split[r1,o7]
3 pickup[o7,r1]
4 move[r1,r4,d14]
5 __method_precondition_release-putdown_abstract_split[r4,o7]
6 putdown[o7,r4]
7 __method_precondition_achieve-goals-pickup_split_split[r4,o1]
8 pickup[o1,r4]
9 move[r4,r1,d14]
10 move[r1,c,d01]
11 open[c,r3,d03]
12 move[c,r3,d03]
13 __method_precondition_release-putdown_abstract_split[r3,o1]
14 putdown[o1,r3]
15 __method_precondition_achieve-goals-pickup_split_split[r3,o5]
16 pickup[o5,r3]
17 move[r3,c,d03]
18 move[c,r5,d05]
19 __method_precondition_release-putdown_abstract_split[r5,o5]
20 putdown[o5,r5]
21 move[r5,c,d05]
22 move[c,r1,d01]
23 __method_precondition_achieve-goals-pickup_split_split[r1,o8]
24 pickup[o8,r1]
25 move[r1,c,d01]
26 move[c,r5,d05]
27 __method_precondition_release-putdown_abstract_split[r5,o8]
28 putdown[o8,r5]
29 __method_precondition_achieve-goals-pickup_split_split[r5,o3]
30 pickup[o3,r5]
31 move[r5,c,d05]
32 move[c,r1,d01]
33 __method_precondition_release-putdown_abstract_split[r1,o3]
34 putdown[o3,r1]
35 __method_precondition_achieve-goals-pickup_split_split[r1,o4]
36 pickup[o4,r1]
37 move[r1,c,d01]
38 move[c,r3,d03]
39 __method_precondition_release-putdown_abstract_split[r3,o4]
40 putdown[o4,r3]
41 move[r3,c,d03]
42 move[c,r1,d01]
43 move[r1,r4,d14]
44 __method_precondition_achieve-goals-pickup_split_split[r4,o10]
45 pickup[o10,r4]
46 move[r4,r1,d14]
47 move[r1,c,d01]
48 move[c,r5,d05]
49 __method_precondition_release-putdown_abstract_split[r5,o10]
50 putdown[o10,r5]
51 __noop
root 52
52 __top[] -> __top_method 53
53 achieve-goals[] -> achieve-goals-move 54 55
54 move_abstract[] -> newMethod24 0
55 achieve-goals[] -> achieve-goals-open 56 57
56 open_abstract[] -> newMethod25 1
57 achieve-goals[] -> <achieve-goals-pickup;achieve-goals-pickup_splitted_1[];_splitting_method_achieve-goals-pickup_splitted_1;0;-1,1> 58 60
58 _splitting_method_achieve-goals-pickup_splitted_1_splitted_4[] -> <_splitting_method__splitting_method_achieve-goals-pickup_splitted_1_splitted_4;_splitting_method_achieve-goals-pickup_splitted_1_splitted_3[o7];_splitting_method__splitting_method_achieve-goals-pickup_splitted_1_splitted_3;0;-1,1> 2 59
59 pickup_abstract[o7] -> newMethod22 3
60 release[] -> release-move 61 62
61 move_abstract[] -> newMethod24 4
62 release[] -> release-putdown_abstract 63 64 65
63 release-putdown_abstract_splitted_2[] -> _splitting_method_release-putdown_abstract_splitted_2 5
64 putdown_abstract[] -> newMethod23 6
65 achieve-goals[] -> <achieve-goals-pickup;achieve-goals-pickup_splitted_1[];_splitting_method_achieve-goals-pickup_splitted_1;0;-1,1> 66 68
66 _splitting_method_achieve-goals-pickup_splitted_1_splitted_4[] -> <_splitting_method__splitting_method_achieve-goals-pickup_splitted_1_splitted_4;_splitting_method_achieve-goals-pickup_splitted_1_splitted_3[o1];_splitting_method__splitting_method_achieve-goals-pickup_splitted_1_splitted_3;0;-1,1> 7 67
67 pickup_abstract[o1] -> newMethod22 8
68 release[] -> release-move 69 70
69 move_abstract[] -> newMethod24 9
70 release[] -> release-move 71 72
71 move_abstract[] -> newMethod24 10
72 release[] -> release-open 73 74
73 open_abstract[] -> newMethod25 11
74 release[] -> release-move 75 76
75 move_abstract[] -> newMethod24 12
76 release[] -> release-putdown_abstract 77 78 79
77 release-putdown_abstract_splitted_2[] -> _splitting_method_release-putdown_abstract_splitted_2 13
78 putdown_abstract[] -> newMethod23 14
79 achieve-goals[] -> <achieve-goals-pickup;achieve-goals-pickup_splitted_1[];_splitting_method_achieve-goals-pickup_splitted_1;0;-1,1> 80 82
80 _splitting_method_achieve-goals-pickup_splitted_1_splitted_4[] -> <_splitting_method__splitting_method_achieve-goals-pickup_splitted_1_splitted_4;_splitting_method_achieve-goals-pickup_splitted_1_splitted_3[o5];_splitting_method__splitting_method_achieve-goals-pickup_splitted_1_splitted_3;0;-1,1> 15 81
81 pickup_abstract[o5] -> newMethod22 16
82 release[] -> release-move 83 84
83 move_abstract[] -> newMethod24 17
84 release[] -> release-move 85 86
85 move_abstract[] -> newMethod24 18
86 release[] -> release-putdown_abstract 87 88 89
87 release-putdown_abstract_splitted_2[] -> _splitting_method_release-putdown_abstract_splitted_2 19
88 putdown_abstract[] -> newMethod23 20
89 achieve-goals[] -> achieve-goals-move 90 91
90 move_abstract[] -> newMethod24 21
91 achieve-goals[] -> achieve-goals-move 92 93
92 move_abstract[] -> newMethod24 22
93 achieve-goals[] -> <achieve-goals-pickup;achieve-goals-pickup_splitted_1[];_splitting_method_achieve-goals-pickup_splitted_1;0;-1,1> 94 96
94 _splitting_method_achieve-goals-pickup_splitted_1_splitted_4[] -> <_splitting_method__splitting_method_achieve-goals-pickup_splitted_1_splitted_4;_splitting_method_achieve-goals-pickup_splitted_1_splitted_3[o8];_splitting_method__splitting_method_achieve-goals-pickup_splitted_1_splitted_3;0;-1,1> 23 95
95 pickup_abstract[o8] -> newMethod22 24
96 release[] -> release-move 97 98
97 move_abstract[] -> newMethod24 25
98 release[] -> release-move 99 100
99 move_abstract[] -> newMethod24 26
100 release[] -> release-putdown_abstract 101 102 103
101 release-putdown_abstract_splitted_2[] -> _splitting_method_release-putdown_abstract_splitted_2 27
102 putdown_abstract[] -> newMethod23 28
103 achieve-goals[] -> <achieve-goals-pickup;achieve-goals-pickup_splitted_1[];_splitting_method_achieve-goals-pickup_splitted_1;0;-1,1> 104 106
104 _splitting_method_achieve-goals-pickup_splitted_1_splitted_4[] -> <_splitting_method__splitting_method_achieve-goals-pickup_splitted_1_splitted_4;_splitting_method_achieve-goals-pickup_splitted_1_splitted_3[o3];_splitting_method__splitting_method_achieve-goals-pickup_splitted_1_splitted_3;0;-1,1> 29 105
105 pickup_abstract[o3] -> newMethod22 30
106 release[] -> release-move 107 108
107 move_abstract[] -> newMethod24 31
108 release[] -> release-move 109 110
109 move_abstract[] -> newMethod24 32
110 release[] -> release-putdown_abstract 111 112 113
111 release-putdown_abstract_splitted_2[] -> _splitting_method_release-putdown_abstract_splitted_2 33
112 putdown_abstract[] -> newMethod23 34
113 achieve-goals[] -> <achieve-goals-pickup;achieve-goals-pickup_splitted_1[];_splitting_method_achieve-goals-pickup_splitted_1;0;-1,1> 114 116
114 _splitting_method_achieve-goals-pickup_splitted_1_splitted_4[] -> <_splitting_method__splitting_method_achieve-goals-pickup_splitted_1_splitted_4;_splitting_method_achieve-goals-pickup_splitted_1_splitted_3[o4];_splitting_method__splitting_method_achieve-goals-pickup_splitted_1_splitted_3;0;-1,1> 35 115
115 pickup_abstract[o4] -> newMethod22 36
116 release[] -> release-move 117 118
117 move_abstract[] -> newMethod24 37
118 release[] -> release-move 119 120
119 move_abstract[] -> newMethod24 38
120 release[] -> release-putdown_abstract 121 122 123
121 release-putdown_abstract_splitted_2[] -> _splitting_method_release-putdown_abstract_splitted_2 39
122 putdown_abstract[] -> newMethod23 40
123 achieve-goals[] -> achieve-goals-move 124 125
124 move_abstract[] -> newMethod24 41
125 achieve-goals[] -> achieve-goals-move 126 127
126 move_abstract[] -> newMethod24 42
127 achieve-goals[] -> achieve-goals-move 128 129
128 move_abstract[] -> newMethod24 43
129 achieve-goals[] -> <achieve-goals-pickup;achieve-goals-pickup_splitted_1[];_splitting_method_achieve-goals-pickup_splitted_1;0;-1,1> 130 132
130 _splitting_method_achieve-goals-pickup_splitted_1_splitted_4[] -> <_splitting_method__splitting_method_achieve-goals-pickup_splitted_1_splitted_4;_splitting_method_achieve-goals-pickup_splitted_1_splitted_3[o10];_splitting_method__splitting_method_achieve-goals-pickup_splitted_1_splitted_3;0;-1,1> 44 131
131 pickup_abstract[o10] -> newMethod22 45
132 release[] -> release-move 133 134
133 move_abstract[] -> newMethod24 46
134 release[] -> release-move 135 136
135 move_abstract[] -> newMethod24 47
136 release[] -> release-move 137 138
137 move_abstract[] -> newMethod24 48
138 release[] -> release-putdown_abstract 139 140 141
139 release-putdown_abstract_splitted_2[] -> _splitting_method_release-putdown_abstract_splitted_2 49
140 putdown_abstract[] -> newMethod23 50
141 achieve-goals[] -> finished 51
<==

RUNWATCH_RESULT EXIT RETVAL 0 TIME_SECS 7.22852 MEMPEAK_KBS 3780
