    _           _         _
   \ |         \ |       | |                       
   | |     __  | |      _| |______                
   | |     \/  | |     /_   ______\                
   | |      _  | |   __  | |  ___   ___   ___       
   | |___  | | | |  / .\ | | / , | |   \ / ·_\    
   \_____\ |_| |__\ \__/ |_| \___) |_|_| \___\  
[39mL i l o t a n e  version rls-glucose4
by Dominik Schreiber <dominik.schreiber@kit.edu> 2020-2021
using SAT solver glucose4

0.016 Parser finished.
0.016 Structures extracted.
0.017 20 operators and 16 methods created.
0.062 Mined 11 new reduction preconditions (+9.2%).
0.062 Iteration 0.
0.062 Creating initial layer of size 2
0.133 Attempting to solve formula with 201 clauses (300 literals) and 1 assumptions
0.133 Unsolvable at layer 0 -- expanding.
0.133 Iteration 1.
0.133 New layer size: 10
0.133 Instantiating ...
3.038 Collected 8460 relevant facts at this layer
3.038 Encoding ...
3.300 Attempting to solve formula with 256762 clauses (812532 literals) and 9 assumptions
3.305 Unsolvable at layer 1 -- expanding.
3.305 Iteration 2.
3.305 New layer size: 19
3.305 Instantiating ...
9.030 Collected 9198 relevant facts at this layer
9.030 Encoding ...
9.907 Attempting to solve formula with 956543 clauses (3227121 literals) and 9 assumptions
9.907 Unsolvable at layer 2 -- expanding.
9.907 Iteration 3.
9.907 New layer size: 46
9.907 Instantiating ...
18.309 Collected 9279 relevant facts at this layer
18.309 Encoding ...
20.269 Attempting to solve formula with 2398903 clauses (8207860 literals) and 18 assumptions
20.360 Unsolvable at layer 3 -- expanding.
20.360 Iteration 4.
20.360 New layer size: 82
20.360 Instantiating ...
34.717 Collected 9279 relevant facts at this layer
34.717 Encoding ...
38.113 Attempting to solve formula with 4624832 clauses (15900315 literals) and 27 assumptions
38.181 Unsolvable at layer 4 -- expanding.
38.181 Iteration 5.
38.181 New layer size: 145
38.181 Instantiating ...
61.465 Collected 9279 relevant facts at this layer
61.465 Encoding ...
67.660 Attempting to solve formula with 8355597 clauses (28804848 literals) and 45 assumptions
67.771 Unsolvable at layer 5 -- expanding.
67.771 Iteration 6.
67.771 New layer size: 244
67.771 Instantiating ...
106.071 Collected 9279 relevant facts at this layer
106.071 Encoding ...
115.936 Attempting to solve formula with 14369025 clauses (49612017 literals) and 72 assumptions
116.525 Unsolvable at layer 6 -- expanding.
116.525 Iteration 7.
116.525 New layer size: 406
116.525 Instantiating ...
179.777 Collected 9279 relevant facts at this layer
179.777 Encoding ...
196.766 Attempting to solve formula with 24169790 clauses (83532939 literals) and 117 assumptions
197.115 Unsolvable at layer 7 -- expanding.
197.115 Iteration 8.
197.115 New layer size: 667
197.115 Instantiating ...
308.266 Collected 9279 relevant facts at this layer
308.266 Encoding ...
343.240 Attempting to solve formula with 40040554 clauses (138470247 literals) and 189 assumptions
344.568 Unsolvable at layer 8 -- expanding.
344.568 Iteration 9.
344.568 New layer size: 1090
344.568 Instantiating ...
533.042 Termination signal caught.
533.042 Total amount of clauses encoded: 40040554
533.042 - directframeaxioms : 16841086 cls
533.042 - qfactsemantics : 10862861 cls
533.042 - indirectframeaxioms : 8436165 cls
533.042 - reductionconstraints : 3372873 cls
533.042 - actionconstraints : 225948 cls
533.042 - qconstequality : 128898 cls
533.042 - substitutionconstraints : 105917 cls
533.042 - atmostoneelement : 30202 cls
533.042 - expansions : 11651 cls
533.042 - predecessors : 9821 cls
533.042 - truefacts : 9279 cls
533.042 - actioneffects : 5851 cls
533.042 - axiomaticops : 2 cls
533.042 # instantiated positions: 2660
533.042 # instantiated actions: 10824
533.042 # instantiated reductions: 5318
533.042 # introduced pseudo-constants: 2565
533.042 # retroactive prunings: 0
533.042 # retroactively pruned operations: 0
533.042 # dominated operations: 2
533.042 # total invalid rigid preconditions found in getPFC: 0
533.042 # invalid rigid preconditions found in getPFC: 0
533.042 # invalid rigid preconditions found in getPFC in varrestrictions: 0
533.042 # total invalid fluent preconditions found in getPFC: 69
533.042 # invalid fluent preconditions found in getPFC: 67
533.042 # invalid fluent preconditions found in getPFC in varrestrictions: 2
533.042 # invalid fluent preconditions found in getPFC via postconditions: 0
533.042 # invalid subtasks found in getPFC: 0
533.042 # number effects in operation fact_frames: 240
533.042 # number of variables restricted: 5628639
533.042 # number of nodes variables restricted: 385141
533.042 Exiting happily.

RUNWATCH_RESULT MEMOUT RETVAL 0 TIME_SECS 534.1 MEMPEAK_KBS 16029620
