    _           _         _
   \ |         \ |       | |                       
   | |     __  | |      _| |______                
   | |     \/  | |     /_   ______\                
   | |      _  | |   __  | |  ___   ___   ___       
   | |___  | | | |  / .\ | | / , | |   \ / ·_\    
   \_____\ |_| |__\ \__/ |_| \___) |_|_| \___\  
[39mL i l o t a n e  version rls-glucose4
by Dominik Schreiber <dominik.schreiber@kit.edu> 2020-2021
using SAT solver glucose4

0.011 Parser finished.
0.011 Structures extracted.
0.012 20 operators and 16 methods created.
0.040 Mined 11 new reduction preconditions (+11.6%).
0.040 Iteration 0.
0.040 Creating initial layer of size 2
0.068 Attempting to solve formula with 151 clauses (225 literals) and 1 assumptions
0.069 Unsolvable at layer 0 -- expanding.
0.069 Iteration 1.
0.069 New layer size: 3
0.069 Instantiating ...
0.427 Collected 4485 relevant facts at this layer
0.427 Encoding ...
0.452 Attempting to solve formula with 22969 clauses (63425 literals) and 2 assumptions
0.452 Unsolvable at layer 1 -- expanding.
0.452 Iteration 2.
0.452 New layer size: 5
0.452 Instantiating ...
1.498 Collected 4561 relevant facts at this layer
1.499 Encoding ...
1.557 Attempting to solve formula with 76610 clauses (244548 literals) and 2 assumptions
1.558 Unsolvable at layer 2 -- expanding.
1.558 Iteration 3.
1.558 New layer size: 11
1.558 Instantiating ...
2.474 Collected 4617 relevant facts at this layer
2.474 Encoding ...
2.655 Attempting to solve formula with 221417 clauses (733226 literals) and 4 assumptions
2.661 Unsolvable at layer 3 -- expanding.
2.661 Iteration 4.
2.661 New layer size: 19
2.661 Instantiating ...
4.163 Collected 4617 relevant facts at this layer
4.164 Encoding ...
4.462 Attempting to solve formula with 464682 clauses (1561176 literals) and 6 assumptions
4.486 Unsolvable at layer 4 -- expanding.
4.486 Iteration 5.
4.486 New layer size: 33
4.486 Instantiating ...
7.086 Collected 4617 relevant facts at this layer
7.086 Encoding ...
7.701 Attempting to solve formula with 886287 clauses (3001805 literals) and 10 assumptions
7.836 Unsolvable at layer 5 -- expanding.
7.836 Iteration 6.
7.836 New layer size: 55
7.836 Instantiating ...
12.106 Collected 4617 relevant facts at this layer
12.106 Encoding ...
13.132 Attempting to solve formula with 1580757 clauses (5380013 literals) and 16 assumptions
13.478 Unsolvable at layer 6 -- expanding.
13.478 Iteration 7.
13.478 New layer size: 91
13.478 Instantiating ...
20.413 Collected 4617 relevant facts at this layer
20.413 Encoding ...
22.069 Attempting to solve formula with 2726095 clauses (9307275 literals) and 26 assumptions
23.817 Unsolvable at layer 7 -- expanding.
23.817 Iteration 8.
23.817 New layer size: 149
23.817 Instantiating ...
35.508 Collected 4617 relevant facts at this layer
35.508 Encoding ...
38.576 Attempting to solve formula with 4595165 clauses (15721167 literals) and 42 assumptions
40.264 Unsolvable at layer 8 -- expanding.
40.264 Iteration 9.
40.265 New layer size: 243
40.265 Instantiating ...
59.363 Collected 4617 relevant facts at this layer
59.363 Encoding ...
64.346 Attempting to solve formula with 7638835 clauses (26170743 literals) and 68 assumptions
69.721 Unsolvable at layer 9 -- expanding.
69.721 Iteration 10.
69.721 New layer size: 395
69.721 Instantiating ...
102.420 Collected 4617 relevant facts at this layer
102.420 Encoding ...
110.394 Attempting to solve formula with 12580837 clauses (43142633 literals) and 110 assumptions
121.590 Unsolvable at layer 10 -- expanding.
121.590 Iteration 11.
121.590 New layer size: 641
121.590 Instantiating ...
174.323 Collected 4617 relevant facts at this layer
174.323 Encoding ...
187.763 Attempting to solve formula with 20595771 clauses (70672521 literals) and 178 assumptions
208.342 Unsolvable at layer 11 -- expanding.
208.342 Iteration 12.
208.342 New layer size: 1039
208.342 Instantiating ...
306.076 Collected 4617 relevant facts at this layer
306.077 Encoding ...
337.550 Attempting to solve formula with 33581969 clauses (115282721 literals) and 288 assumptions
398.053 Unsolvable at layer 12 -- expanding.
398.053 Iteration 13.
398.054 New layer size: 1683
398.054 Instantiating ...
564.045 Collected 4617 relevant facts at this layer
564.045 Encoding ...
578.004 Termination signal caught.
578.004 Total amount of clauses encoded: 38795104
578.004 - directframeaxioms : 15646438 cls
578.004 - qfactsemantics : 10224459 cls
578.004 - indirectframeaxioms : 7820663 cls
578.004 - reductionconstraints : 4398551 cls
578.004 - actionconstraints : 287906 cls
578.004 - qconstequality : 170534 cls
578.004 - substitutionconstraints : 132310 cls
578.004 - atmostoneelement : 57839 cls
578.004 - expansions : 22315 cls
578.004 - predecessors : 18815 cls
578.004 - actioneffects : 10655 cls
578.004 - truefacts : 4617 cls
578.004 - axiomaticops : 2 cls
578.004 # instantiated positions: 4368
578.004 # instantiated actions: 18092
578.004 # instantiated reductions: 8343
578.004 # introduced pseudo-constants: 3682
578.004 # retroactive prunings: 0
578.005 # retroactively pruned operations: 0
578.005 # dominated operations: 9
578.005 # total invalid rigid preconditions found in getPFC: 0
578.005 # invalid rigid preconditions found in getPFC: 0
578.005 # invalid rigid preconditions found in getPFC in varrestrictions: 0
578.005 # total invalid fluent preconditions found in getPFC: 16
578.005 # invalid fluent preconditions found in getPFC: 13
578.005 # invalid fluent preconditions found in getPFC in varrestrictions: 3
578.005 # invalid fluent preconditions found in getPFC via postconditions: 0
578.005 # invalid subtasks found in getPFC: 0
578.005 # number effects in operation fact_frames: 226
578.005 # number of variables restricted: 6561884
578.005 # number of nodes variables restricted: 648394
578.005 Exiting happily.

RUNWATCH_RESULT MEMOUT RETVAL 0 TIME_SECS 579.137 MEMPEAK_KBS 16006304
