    _           _         _
   \ |         \ |       | |                       
   | |     __  | |      _| |______                
   | |     \/  | |     /_   ______\                
   | |      _  | |   __  | |  ___   ___   ___       
   | |___  | | | |  / .\ | | / , | |   \ / ·_\    
   \_____\ |_| |__\ \__/ |_| \___) |_|_| \___\  
[39mL i l o t a n e  version rls-glucose4
by Dominik Schreiber <dominik.schreiber@kit.edu> 2020-2021
using SAT solver glucose4

0.006 Parser finished.
0.006 Structures extracted.
0.007 27 operators and 21 methods created.
0.060 Mined 7 new reduction preconditions (+11.5%).
0.060 Iteration 0.
0.060 Creating initial layer of size 2
0.084 Attempting to solve formula with 9 clauses (12 literals) and 1 assumptions
0.084 Unsolvable at layer 0 -- expanding.
0.084 Iteration 1.
0.084 New layer size: 2
0.084 Instantiating ...
0.114 Collected 3 relevant facts at this layer
0.114 Encoding ...
0.114 Attempting to solve formula with 63 clauses (148 literals) and 1 assumptions
0.114 Unsolvable at layer 1 -- expanding.
0.114 Iteration 2.
0.114 New layer size: 3
0.114 Instantiating ...
0.169 Collected 9 relevant facts at this layer
0.169 Encoding ...
0.169 Attempting to solve formula with 130 clauses (307 literals) and 2 assumptions
0.169 Unsolvable at layer 2 -- expanding.
0.169 Iteration 3.
0.169 New layer size: 4
0.169 Instantiating ...
0.170 Retroactively prune action (__SURROGATE*m7_bring_tent*drive_tent* place0 Q_3,0_person:0_fb9f54bc1ee2c388 Q_3,0_place:0_ecfd459c64821f2 Q_3,0_car:0_4008a4c4dc32060f Q_3,0_tent:0_a4f044aaee541d13) due to impossible effect !(at_car Q_3,0_car:0_4008a4c4dc32060f Q_3,0_place:0_ecfd459c64821f2)
0.228 Collected 11 relevant facts at this layer
0.228 Encoding ...
0.228 Attempting to solve formula with 323 clauses (813 literals) and 3 assumptions
0.228 Unsolvable at layer 3 -- expanding.
0.228 Iteration 4.
0.228 New layer size: 7
0.228 Instantiating ...
0.329 Collected 18 relevant facts at this layer
0.329 Encoding ...
0.329 Attempting to solve formula with 787 clauses (2227 literals) and 3 assumptions
0.329 Unsolvable at layer 4 -- expanding.
0.329 Iteration 5.
0.329 New layer size: 17
0.329 Instantiating ...
0.510 Collected 51 relevant facts at this layer
0.510 Encoding ...
0.512 Attempting to solve formula with 2304 clauses (6493 literals) and 5 assumptions
0.512 Unsolvable at layer 5 -- expanding.
0.512 Iteration 6.
0.512 New layer size: 44
0.512 Instantiating ...
0.750 Collected 70 relevant facts at this layer
0.750 Encoding ...
0.755 Attempting to solve formula with 6392 clauses (18082 literals) and 8 assumptions
0.756 Unsolvable at layer 6 -- expanding.
0.756 Iteration 7.
0.756 New layer size: 75
0.756 Instantiating ...
1.050 Collected 70 relevant facts at this layer
1.050 Encoding ...
1.058 Attempting to solve formula with 11645 clauses (32903 literals) and 11 assumptions
1.058 Unsolvable at layer 7 -- expanding.
1.058 Iteration 8.
1.058 New layer size: 109
1.058 Instantiating ...
1.408 Collected 70 relevant facts at this layer
1.408 Encoding ...
1.420 Attempting to solve formula with 17962 clauses (50677 literals) and 14 assumptions
1.420 Unsolvable at layer 8 -- expanding.
1.420 Iteration 9.
1.420 New layer size: 146
1.420 Instantiating ...
1.827 Collected 70 relevant facts at this layer
1.827 Encoding ...
1.842 Attempting to solve formula with 25373 clauses (71464 literals) and 17 assumptions
c last restart ## conflicts  :  47 1669 
1.847 Found a solution at layer 9.
==>
4781 put_down girl0 place0 tent2
4788 nop
4851 drive_tent guy0 place0 place1 car2 tent2
5417 drive girl0 place0 place1 car0
5423 put_up guy0 place1 tent2
5426 drive_passenger girl0 place1 place0 car0 guy0
5430 walk_together tent2 place1 guy0 place0 girl0 couple0
5432 walk_together tent2 place1 guy2 place0 girl2 couple2
5438 walk_together tent2 place1 guy1 place0 girl1 couple1
5441 nop
5493 put_down girl0 place1 tent2
5496 drive_passenger guy0 place1 place0 car2 girl0
5499 drive guy0 place0 place1 car2
5502 drive girl0 place0 place1 car0
5506 drive_tent guy0 place1 place2 car2 tent2
5986 drive girl0 place1 place2 car0
5992 put_up guy0 place2 tent2
5995 drive_passenger girl0 place2 place1 car0 guy0
5998 walk_together tent2 place2 guy2 place1 girl2 couple2
6002 walk_together tent2 place2 guy1 place1 girl1 couple1
6006 walk_together tent2 place2 guy0 place1 girl0 couple0
6009 nop
6058 put_down girl0 place2 tent2
6061 drive_passenger guy0 place2 place1 car2 girl0
6064 drive guy0 place1 place2 car2
6067 drive girl0 place1 place2 car0
6069 drive_tent guy0 place2 place3 car2 tent2
6527 drive girl0 place2 place3 car0
6531 put_up guy0 place3 tent2
6534 drive_passenger girl0 place3 place2 car0 guy0
6538 walk_together tent2 place3 guy0 place2 girl0 couple0
6542 walk_together tent2 place3 guy1 place2 girl1 couple1
6546 walk_together tent2 place3 guy2 place2 girl2 couple2
6548 nop
6597 put_down girl0 place3 tent2
6600 drive_passenger guy0 place3 place2 car2 girl0
6603 drive guy0 place2 place3 car2
6605 drive girl0 place2 place3 car0
root 11
11 everyone_go_hiking place3 -> m14_everyone_go_hiking 30 38
30 prepare_trip place0 -> m6_prepare_trip 4780 4787
38 trip_to1 couple0 place3 -> m0_trip_to1 123
123 trip_to2 couple0 place0 place3 -> m2_trip_to2 205 240
205 trip_to2 couple0 place0 place1 -> m3_trip_to2 4851 5417 5423 5426 493 5493 5496 5499 5502
240 trip_to2 couple0 place1 place3 -> m2_trip_to2 633 679
493 walk_everyone tent2 place1 place0 -> m5_walk_everyone 5430 1214
633 trip_to2 couple0 place1 place2 -> m3_trip_to2 5506 5986 5992 5995 1431 6058 6061 6064 6067
679 trip_to2 couple0 place2 place3 -> m3_trip_to2 6069 6527 6531 6534 1733 6597 6600 6603 6605
1214 walk_everyone tent2 place1 place0 -> m5_walk_everyone 5432 2375
1431 walk_everyone tent2 place2 place1 -> m5_walk_everyone 5998 2774
1733 walk_everyone tent2 place3 place2 -> m5_walk_everyone 6538 3151
2375 walk_everyone tent2 place1 place0 -> m5_walk_everyone 5438 5440
2774 walk_everyone tent2 place2 place1 -> m5_walk_everyone 6002 4264
3151 walk_everyone tent2 place3 place2 -> m5_walk_everyone 6542 4720
4264 walk_everyone tent2 place2 place1 -> m5_walk_everyone 6006 6008
4720 walk_everyone tent2 place3 place2 -> m5_walk_everyone 6546 6547
4780 bring_tent place0 -> m10_bring_tent 4781
4787 bring_cars place0 -> m11_bring_cars 4788
5440 walk_everyone tent2 place1 place0 -> m4_walk_everyone 5441
6008 walk_everyone tent2 place2 place1 -> m4_walk_everyone 6009
6547 walk_everyone tent2 place3 place2 -> m4_walk_everyone 6548
<==
1.850 End of solution plan. (counted length of 38)
1.850 Total amount of clauses encoded: 25373
1.850 - directframeaxioms : 8444 cls
1.850 - qfactsemantics : 4335 cls
1.850 - indirectframeaxioms : 3127 cls
1.850 - reductionconstraints : 2736 cls
1.850 - substitutionconstraints : 1380 cls
1.850 - qconstequality : 1260 cls
1.850 - expansions : 1071 cls
1.850 - predecessors : 937 cls
1.850 - atmostoneelement : 737 cls
1.850 - actionconstraints : 666 cls
1.850 - actioneffects : 608 cls
1.850 - truefacts : 70 cls
1.850 - axiomaticops : 2 cls
1.850 # instantiated positions: 408
1.850 # instantiated actions: 865
1.850 # instantiated reductions: 81
1.850 # introduced pseudo-constants: 222
1.850 # retroactive prunings: 10
1.850 # retroactively pruned operations: 10
1.850 # dominated operations: 0
1.850 # total invalid rigid preconditions found in getPFC: 1761
1.850 # invalid rigid preconditions found in getPFC: 1391
1.850 # invalid rigid preconditions found in getPFC in varrestrictions: 370
1.850 # total invalid fluent preconditions found in getPFC: 0
1.850 # invalid fluent preconditions found in getPFC: 0
1.850 # invalid fluent preconditions found in getPFC in varrestrictions: 0
1.850 # invalid fluent preconditions found in getPFC via postconditions: 0
1.850 # invalid subtasks found in getPFC: 9
1.850 # number effects in operation fact_frames: 242
1.850 Exiting happily.

RUNWATCH_RESULT EXIT RETVAL 0 TIME_SECS 1.85938 MEMPEAK_KBS 23504
