    _           _         _
   \ |         \ |       | |                       
   | |     __  | |      _| |______                
   | |     \/  | |     /_   ______\                
   | |      _  | |   __  | |  ___   ___   ___       
   | |___  | | | |  / .\ | | / , | |   \ / ·_\    
   \_____\ |_| |__\ \__/ |_| \___) |_|_| \___\  
[39mL i l o t a n e  version rls-cadical
by Dominik Schreiber <dominik.schreiber@kit.edu> 2020-2021
using SAT solver cadical

0.012 Parser finished.
0.012 Structures extracted.
0.013 54 operators and 26 methods created.
0.026 Mined 7 new reduction preconditions (+18.9%).
0.026 Iteration 0.
0.026 Creating initial layer of size 2
0.027 Attempting to solve formula with 3 clauses (3 literals) and 1 assumptions
0.027 Unsolvable at layer 0 -- expanding.
0.027 Iteration 1.
0.027 New layer size: 22
0.027 Instantiating ...
0.038 Collected 0 relevant facts at this layer
0.038 Encoding ...
0.038 Attempting to solve formula with 68 clauses (112 literals) and 21 assumptions
0.038 Unsolvable at layer 1 -- expanding.
0.038 Iteration 2.
0.039 New layer size: 43
0.039 Instantiating ...
0.048 Collected 21 relevant facts at this layer
0.048 Encoding ...
0.049 Attempting to solve formula with 259 clauses (473 literals) and 21 assumptions
0.049 Unsolvable at layer 2 -- expanding.
0.049 Iteration 3.
0.049 New layer size: 64
0.049 Instantiating ...
0.059 Collected 42 relevant facts at this layer
0.059 Encoding ...
0.061 Attempting to solve formula with 471 clauses (855 literals) and 21 assumptions
0.061 Unsolvable at layer 3 -- expanding.
0.061 Iteration 4.
0.061 New layer size: 169
0.061 Instantiating ...
0.314 Collected 114 relevant facts at this layer
0.314 Encoding ...
0.324 Attempting to solve formula with 2036 clauses (4669 literals) and 42 assumptions
0.324 Unsolvable at layer 4 -- expanding.
0.324 Iteration 5.
0.324 New layer size: 211
0.324 Instantiating ...
0.704 Collected 151 relevant facts at this layer
0.704 Encoding ...
0.764 Attempting to solve formula with 99416 clauses (242568 literals) and 42 assumptions
0.764 Unsolvable at layer 5 -- expanding.
0.764 Iteration 6.
0.764 New layer size: 253
0.764 Instantiating ...
1.353 Collected 151 relevant facts at this layer
1.353 Encoding ...
1.444 Attempting to solve formula with 235357 clauses (612516 literals) and 42 assumptions
1.445 Unsolvable at layer 6 -- expanding.
1.445 Iteration 7.
1.445 New layer size: 337
1.445 Instantiating ...
2.074 Collected 151 relevant facts at this layer
2.074 Encoding ...
2.183 Attempting to solve formula with 376037 clauses (993606 literals) and 42 assumptions
2.184 Unsolvable at layer 7 -- expanding.
2.184 Iteration 8.
2.184 New layer size: 379
2.184 Instantiating ...
3.077 Collected 151 relevant facts at this layer
3.077 Encoding ...
3.245 Attempting to solve formula with 617506 clauses (1617055 literals) and 42 assumptions
3.245 Unsolvable at layer 8 -- expanding.
3.245 Iteration 9.
3.246 New layer size: 421
3.246 Instantiating ...
4.220 Collected 151 relevant facts at this layer
4.220 Encoding ...
4.424 Attempting to solve formula with 887451 clauses (2352746 literals) and 42 assumptions
57.305 Found a solution at layer 9.
==>
25471 UP F0 F23
25650 i-LOCK-LIFT-AT F23
25652 i-UNLOCK-LIFT-AT F23
25654 BOARD F23 P20
25660 i-LOCK-BOARDED P20
25662 UP F23 F41
25669 DOWN F41 F28
25673 DOWN F28 F12
25858 i-LOCK-LIFT-AT F12
25861 i-UNLOCK-LIFT-AT F12
25863 i-UNLOCK-BOARDED P20
25865 DEPART F12 P20
25871 i-LOCK-SERVED P20
25874 UP F12 F34
26058 i-LOCK-LIFT-AT F34
26060 i-UNLOCK-LIFT-AT F34
26062 BOARD F34 P19
26068 i-LOCK-BOARDED P19
26073 UP F34 F37
26077 UP F37 F38
26079 DOWN F38 F18
26084 DOWN F18 F13
26267 i-LOCK-LIFT-AT F13
26269 i-UNLOCK-LIFT-AT F13
26271 i-UNLOCK-BOARDED P19
26273 DEPART F13 P19
26279 i-LOCK-SERVED P19
26281 UP F13 F27
26465 i-LOCK-LIFT-AT F27
26468 i-UNLOCK-LIFT-AT F27
26470 BOARD F27 P18
26476 i-LOCK-BOARDED P18
26479 DOWN F27 F1
26484 DOWN F1 F0
26487 UP F0 F6
26491 UP F6 F39
26675 i-LOCK-LIFT-AT F39
26677 i-UNLOCK-LIFT-AT F39
26679 i-UNLOCK-BOARDED P18
26681 DEPART F39 P18
26687 i-LOCK-SERVED P18
26690 DOWN F39 F4
26873 i-LOCK-LIFT-AT F4
26876 i-UNLOCK-LIFT-AT F4
26878 BOARD F4 P17
26884 i-LOCK-BOARDED P17
26887 UP F4 F34
26891 DOWN F34 F2
26895 DOWN F2 F1
26899 UP F1 F6
27083 i-LOCK-LIFT-AT F6
27085 i-UNLOCK-LIFT-AT F6
27087 i-UNLOCK-BOARDED P17
27089 DEPART F6 P17
27095 i-LOCK-SERVED P17
27098 UP F6 F40
27281 i-LOCK-LIFT-AT F40
27284 i-UNLOCK-LIFT-AT F40
27286 BOARD F40 P16
27292 i-LOCK-BOARDED P16
27295 DOWN F40 F39
27299 DOWN F39 F6
27304 DOWN F6 F0
27307 UP F0 F21
27490 i-LOCK-LIFT-AT F21
27493 i-UNLOCK-LIFT-AT F21
27495 i-UNLOCK-BOARDED P16
27497 DEPART F21 P16
27503 i-LOCK-SERVED P16
27505 UP F21 F23
27690 i-LOCK-LIFT-AT F23
27692 i-UNLOCK-LIFT-AT F23
27694 BOARD F23 P15
27700 i-LOCK-BOARDED P15
27702 UP F23 F28
27709 DOWN F28 F26
27711 DOWN F26 F0
27717 UP F0 F34
27899 i-LOCK-LIFT-AT F34
27901 i-UNLOCK-LIFT-AT F34
27903 i-UNLOCK-BOARDED P15
27905 DEPART F34 P15
27911 i-LOCK-SERVED P15
27914 UP F34 F41
28097 i-LOCK-LIFT-AT F41
28100 i-UNLOCK-LIFT-AT F41
28102 BOARD F41 P14
28108 i-LOCK-BOARDED P14
28111 DOWN F41 F33
28116 DOWN F33 F1
28119 UP F1 F7
28123 UP F7 F35
28307 i-LOCK-LIFT-AT F35
28309 i-UNLOCK-LIFT-AT F35
28311 i-UNLOCK-BOARDED P14
28313 DEPART F35 P14
28319 i-LOCK-SERVED P14
28321 DOWN F35 F4
28505 i-LOCK-LIFT-AT F4
28508 i-UNLOCK-LIFT-AT F4
28510 BOARD F4 P13
28516 i-LOCK-BOARDED P13
28519 UP F4 F32
28523 DOWN F32 F30
28527 UP F30 F33
28532 DOWN F33 F0
28714 i-LOCK-LIFT-AT F0
28717 i-UNLOCK-LIFT-AT F0
28719 i-UNLOCK-BOARDED P13
28721 DEPART F0 P13
28727 i-LOCK-SERVED P13
28729 UP F0 F40
28913 i-LOCK-LIFT-AT F40
28916 i-UNLOCK-LIFT-AT F40
28918 BOARD F40 P12
28924 i-LOCK-BOARDED P12
28926 DOWN F40 F37
28931 UP F37 F38
28935 DOWN F38 F4
28939 UP F4 F10
29123 i-LOCK-LIFT-AT F10
29125 i-UNLOCK-LIFT-AT F10
29127 i-UNLOCK-BOARDED P12
29129 DEPART F10 P12
29135 i-LOCK-SERVED P12
29138 UP F10 F36
29321 i-LOCK-LIFT-AT F36
29324 i-UNLOCK-LIFT-AT F36
29326 BOARD F36 P11
29332 i-LOCK-BOARDED P11
29337 DOWN F36 F29
29341 DOWN F29 F13
29344 DOWN F13 F9
29349 UP F9 F41
29530 i-LOCK-LIFT-AT F41
29533 i-UNLOCK-LIFT-AT F41
29535 i-UNLOCK-BOARDED P11
29537 DEPART F41 P11
29543 i-LOCK-SERVED P11
29546 DOWN F41 F22
29729 i-LOCK-LIFT-AT F22
29732 i-UNLOCK-LIFT-AT F22
29734 BOARD F22 P10
29740 i-LOCK-BOARDED P10
29744 UP F22 F41
29748 DOWN F41 F5
29751 UP F5 F14
29758 UP F14 F35
29939 i-LOCK-LIFT-AT F35
29941 i-UNLOCK-LIFT-AT F35
29943 i-UNLOCK-BOARDED P10
29945 DEPART F35 P10
29951 i-LOCK-SERVED P10
29955 DOWN F35 F32
30138 i-LOCK-LIFT-AT F32
30140 i-UNLOCK-LIFT-AT F32
30142 BOARD F32 P9
30148 i-LOCK-BOARDED P9
30153 DOWN F32 F1
30157 UP F1 F2
30159 DOWN F2 F1
30165 UP F1 F30
30347 i-LOCK-LIFT-AT F30
30349 i-UNLOCK-LIFT-AT F30
30351 i-UNLOCK-BOARDED P9
30353 DEPART F30 P9
30359 i-LOCK-SERVED P9
30363 DOWN F30 F20
30545 i-LOCK-LIFT-AT F20
30548 i-UNLOCK-LIFT-AT F20
30550 BOARD F20 P8
30556 i-LOCK-BOARDED P8
30560 UP F20 F37
30565 UP F37 F41
30567 DOWN F41 F15
30573 DOWN F15 F1
30754 i-LOCK-LIFT-AT F1
30757 i-UNLOCK-LIFT-AT F1
30759 i-UNLOCK-BOARDED P8
30761 DEPART F1 P8
30767 i-LOCK-SERVED P8
30770 UP F1 F22
30953 i-LOCK-LIFT-AT F22
30956 i-UNLOCK-LIFT-AT F22
30958 BOARD F22 P7
30964 i-LOCK-BOARDED P7
30967 UP F22 F38
30971 DOWN F38 F1
31162 i-LOCK-LIFT-AT F1
31165 i-UNLOCK-LIFT-AT F1
31167 i-UNLOCK-BOARDED P7
31169 DEPART F1 P7
31175 i-LOCK-SERVED P7
31177 UP F1 F28
31362 i-LOCK-LIFT-AT F28
31364 i-UNLOCK-LIFT-AT F28
31366 BOARD F28 P6
31372 i-LOCK-BOARDED P6
31377 UP F28 F38
31381 UP F38 F39
31383 DOWN F39 F37
31388 DOWN F37 F36
31570 i-LOCK-LIFT-AT F36
31573 i-UNLOCK-LIFT-AT F36
31575 i-UNLOCK-BOARDED P6
31577 DEPART F36 P6
31583 i-LOCK-SERVED P6
31586 DOWN F36 F19
31770 i-LOCK-LIFT-AT F19
31772 i-UNLOCK-LIFT-AT F19
31774 BOARD F19 P5
31780 i-LOCK-BOARDED P5
31783 DOWN F19 F3
31787 UP F3 F19
31791 UP F19 F40
31796 DOWN F40 F12
31978 i-LOCK-LIFT-AT F12
31981 i-UNLOCK-LIFT-AT F12
31983 i-UNLOCK-BOARDED P5
31985 DEPART F12 P5
31991 i-LOCK-SERVED P5
31993 UP F12 F27
32177 i-LOCK-LIFT-AT F27
32180 i-UNLOCK-LIFT-AT F27
32182 BOARD F27 P4
32188 i-LOCK-BOARDED P4
32193 DOWN F27 F25
32196 UP F25 F37
32199 UP F37 F38
32203 DOWN F38 F26
32386 i-LOCK-LIFT-AT F26
32389 i-UNLOCK-LIFT-AT F26
32391 i-UNLOCK-BOARDED P4
32393 DEPART F26 P4
32399 i-LOCK-SERVED P4
32403 UP F26 F35
32586 i-LOCK-LIFT-AT F35
32588 i-UNLOCK-LIFT-AT F35
32590 BOARD F35 P3
32596 i-LOCK-BOARDED P3
32600 DOWN F35 F13
32603 DOWN F13 F6
32609 UP F6 F38
32611 DOWN F38 F30
32795 i-LOCK-LIFT-AT F30
32797 i-UNLOCK-LIFT-AT F30
32799 i-UNLOCK-BOARDED P3
32801 DEPART F30 P3
32807 i-LOCK-SERVED P3
32809 DOWN F30 F9
32993 i-LOCK-LIFT-AT F9
32996 i-UNLOCK-LIFT-AT F9
32998 BOARD F9 P2
33004 i-LOCK-BOARDED P2
33009 UP F9 F23
33011 UP F23 F30
33015 UP F30 F41
33019 DOWN F41 F6
33203 i-LOCK-LIFT-AT F6
33205 i-UNLOCK-LIFT-AT F6
33207 i-UNLOCK-BOARDED P2
33209 DEPART F6 P2
33215 i-LOCK-SERVED P2
33218 DOWN F6 F0
33401 i-LOCK-LIFT-AT F0
33404 i-UNLOCK-LIFT-AT F0
33406 BOARD F0 P1
33412 i-LOCK-BOARDED P1
33415 UP F0 F29
33419 DOWN F29 F0
33423 UP F0 F41
33427 DOWN F41 F13
33611 i-LOCK-LIFT-AT F13
33613 i-UNLOCK-LIFT-AT F13
33615 i-UNLOCK-BOARDED P1
33617 DEPART F13 P1
33623 i-LOCK-SERVED P1
33628 UP F13 F35
33810 i-LOCK-LIFT-AT F35
33812 i-UNLOCK-LIFT-AT F35
33814 BOARD F35 P0
33820 i-LOCK-BOARDED P0
33822 UP F35 F39
33829 DOWN F39 F35
33832 DOWN F35 F5
34018 i-LOCK-LIFT-AT F5
34021 i-UNLOCK-LIFT-AT F5
34023 i-UNLOCK-BOARDED P0
34025 DEPART F5 P0
34031 i-LOCK-SERVED P0
root 5 7 9 11 13 15 17 19 21 23 25 27 29 31 33 35 37 39 41 43 45
5 ACHIEVE-SERVED P20 -> M22-ACHIEVE-SERVED 49 25871
7 ACHIEVE-SERVED P19 -> M22-ACHIEVE-SERVED 74 26279
9 ACHIEVE-SERVED P18 -> M22-ACHIEVE-SERVED 79 26687
11 ACHIEVE-SERVED P17 -> M22-ACHIEVE-SERVED 84 27095
13 ACHIEVE-SERVED P16 -> M22-ACHIEVE-SERVED 89 27503
15 ACHIEVE-SERVED P15 -> M22-ACHIEVE-SERVED 94 27911
17 ACHIEVE-SERVED P14 -> M22-ACHIEVE-SERVED 99 28319
19 ACHIEVE-SERVED P13 -> M22-ACHIEVE-SERVED 104 28727
21 ACHIEVE-SERVED P12 -> M22-ACHIEVE-SERVED 109 29135
23 ACHIEVE-SERVED P11 -> M22-ACHIEVE-SERVED 114 29543
25 ACHIEVE-SERVED P10 -> M22-ACHIEVE-SERVED 119 29951
27 ACHIEVE-SERVED P9 -> M22-ACHIEVE-SERVED 124 30359
29 ACHIEVE-SERVED P8 -> M22-ACHIEVE-SERVED 129 30767
31 ACHIEVE-SERVED P7 -> M22-ACHIEVE-SERVED 134 31175
33 ACHIEVE-SERVED P6 -> M22-ACHIEVE-SERVED 139 31583
35 ACHIEVE-SERVED P5 -> M22-ACHIEVE-SERVED 144 31991
37 ACHIEVE-SERVED P4 -> M22-ACHIEVE-SERVED 149 32399
39 ACHIEVE-SERVED P3 -> M22-ACHIEVE-SERVED 154 32807
41 ACHIEVE-SERVED P2 -> M22-ACHIEVE-SERVED 159 33215
43 ACHIEVE-SERVED P1 -> M22-ACHIEVE-SERVED 164 33623
45 ACHIEVE-SERVED P0 -> M22-ACHIEVE-SERVED 169 34031
49 ACHIEVE-SERVED2 P20 -> M24-ACHIEVE-SERVED2 177 200
74 ACHIEVE-SERVED2 P19 -> M24-ACHIEVE-SERVED2 205 207
79 ACHIEVE-SERVED2 P18 -> M24-ACHIEVE-SERVED2 212 214
84 ACHIEVE-SERVED2 P17 -> M24-ACHIEVE-SERVED2 219 221
89 ACHIEVE-SERVED2 P16 -> M24-ACHIEVE-SERVED2 226 228
94 ACHIEVE-SERVED2 P15 -> M24-ACHIEVE-SERVED2 233 235
99 ACHIEVE-SERVED2 P14 -> M24-ACHIEVE-SERVED2 240 242
104 ACHIEVE-SERVED2 P13 -> M24-ACHIEVE-SERVED2 247 249
109 ACHIEVE-SERVED2 P12 -> M24-ACHIEVE-SERVED2 254 256
114 ACHIEVE-SERVED2 P11 -> M24-ACHIEVE-SERVED2 261 263
119 ACHIEVE-SERVED2 P10 -> M24-ACHIEVE-SERVED2 268 270
124 ACHIEVE-SERVED2 P9 -> M24-ACHIEVE-SERVED2 275 277
129 ACHIEVE-SERVED2 P8 -> M24-ACHIEVE-SERVED2 282 284
134 ACHIEVE-SERVED2 P7 -> M24-ACHIEVE-SERVED2 289 291
139 ACHIEVE-SERVED2 P6 -> M24-ACHIEVE-SERVED2 296 298
144 ACHIEVE-SERVED2 P5 -> M24-ACHIEVE-SERVED2 303 305
149 ACHIEVE-SERVED2 P4 -> M24-ACHIEVE-SERVED2 310 312
154 ACHIEVE-SERVED2 P3 -> M24-ACHIEVE-SERVED2 317 319
159 ACHIEVE-SERVED2 P2 -> M24-ACHIEVE-SERVED2 324 326
164 ACHIEVE-SERVED2 P1 -> M24-ACHIEVE-SERVED2 331 333
169 ACHIEVE-SERVED2 P0 -> M24-ACHIEVE-SERVED2 338 340
177 DO-SERVED-DEPART2 F12 P20 -> M8-DO-SERVED-DEPART2 347 422 25860 25862 25865
200 ACHIEVE-SERVED2 P20 -> M23-ACHIEVE-SERVED2
205 DO-SERVED-DEPART2 F13 P19 -> M8-DO-SERVED-DEPART2 472 475 26268 26270 26273
207 ACHIEVE-SERVED2 P19 -> M23-ACHIEVE-SERVED2
212 DO-SERVED-DEPART2 F39 P18 -> M8-DO-SERVED-DEPART2 525 528 26676 26678 26681
214 ACHIEVE-SERVED2 P18 -> M23-ACHIEVE-SERVED2
219 DO-SERVED-DEPART2 F6 P17 -> M8-DO-SERVED-DEPART2 578 581 27084 27086 27089
221 ACHIEVE-SERVED2 P17 -> M23-ACHIEVE-SERVED2
226 DO-SERVED-DEPART2 F21 P16 -> M8-DO-SERVED-DEPART2 631 634 27492 27494 27497
228 ACHIEVE-SERVED2 P16 -> M23-ACHIEVE-SERVED2
233 DO-SERVED-DEPART2 F34 P15 -> M8-DO-SERVED-DEPART2 684 687 27900 27902 27905
235 ACHIEVE-SERVED2 P15 -> M23-ACHIEVE-SERVED2
240 DO-SERVED-DEPART2 F35 P14 -> M8-DO-SERVED-DEPART2 737 740 28308 28310 28313
242 ACHIEVE-SERVED2 P14 -> M23-ACHIEVE-SERVED2
247 DO-SERVED-DEPART2 F0 P13 -> M8-DO-SERVED-DEPART2 790 793 28716 28718 28721
249 ACHIEVE-SERVED2 P13 -> M23-ACHIEVE-SERVED2
254 DO-SERVED-DEPART2 F10 P12 -> M8-DO-SERVED-DEPART2 843 846 29124 29126 29129
256 ACHIEVE-SERVED2 P12 -> M23-ACHIEVE-SERVED2
261 DO-SERVED-DEPART2 F41 P11 -> M8-DO-SERVED-DEPART2 896 899 29532 29534 29537
263 ACHIEVE-SERVED2 P11 -> M23-ACHIEVE-SERVED2
268 DO-SERVED-DEPART2 F35 P10 -> M8-DO-SERVED-DEPART2 949 952 29940 29942 29945
270 ACHIEVE-SERVED2 P10 -> M23-ACHIEVE-SERVED2
275 DO-SERVED-DEPART2 F30 P9 -> M8-DO-SERVED-DEPART2 1002 1005 30348 30350 30353
277 ACHIEVE-SERVED2 P9 -> M23-ACHIEVE-SERVED2
282 DO-SERVED-DEPART2 F1 P8 -> M8-DO-SERVED-DEPART2 1055 1058 30756 30758 30761
284 ACHIEVE-SERVED2 P8 -> M23-ACHIEVE-SERVED2
289 DO-SERVED-DEPART2 F1 P7 -> M8-DO-SERVED-DEPART2 1108 1111 31164 31166 31169
291 ACHIEVE-SERVED2 P7 -> M23-ACHIEVE-SERVED2
296 DO-SERVED-DEPART2 F36 P6 -> M8-DO-SERVED-DEPART2 1161 1164 31572 31574 31577
298 ACHIEVE-SERVED2 P6 -> M23-ACHIEVE-SERVED2
303 DO-SERVED-DEPART2 F12 P5 -> M8-DO-SERVED-DEPART2 1214 1217 31980 31982 31985
305 ACHIEVE-SERVED2 P5 -> M23-ACHIEVE-SERVED2
310 DO-SERVED-DEPART2 F26 P4 -> M8-DO-SERVED-DEPART2 1267 1270 32388 32390 32393
312 ACHIEVE-SERVED2 P4 -> M23-ACHIEVE-SERVED2
317 DO-SERVED-DEPART2 F30 P3 -> M8-DO-SERVED-DEPART2 1320 1323 32796 32798 32801
319 ACHIEVE-SERVED2 P3 -> M23-ACHIEVE-SERVED2
324 DO-SERVED-DEPART2 F6 P2 -> M8-DO-SERVED-DEPART2 1373 1376 33204 33206 33209
326 ACHIEVE-SERVED2 P2 -> M23-ACHIEVE-SERVED2
331 DO-SERVED-DEPART2 F13 P1 -> M8-DO-SERVED-DEPART2 1426 1429 33612 33614 33617
333 ACHIEVE-SERVED2 P1 -> M23-ACHIEVE-SERVED2
338 DO-SERVED-DEPART2 F5 P0 -> M8-DO-SERVED-DEPART2 1479 1482 34020 34022 34025
340 ACHIEVE-SERVED2 P0 -> M23-ACHIEVE-SERVED2
347 ACHIEVE-BOARDED P20 -> M17-ACHIEVE-BOARDED 1534 25660
422 ACHIEVE-LIFT-AT F12 -> M11-ACHIEVE-LIFT-AT 1620 25858
472 ACHIEVE-BOARDED P19 -> M17-ACHIEVE-BOARDED 1808 26068
475 ACHIEVE-LIFT-AT F13 -> M11-ACHIEVE-LIFT-AT 1859 26267
525 ACHIEVE-BOARDED P18 -> M17-ACHIEVE-BOARDED 2045 26476
528 ACHIEVE-LIFT-AT F39 -> M11-ACHIEVE-LIFT-AT 2094 26675
578 ACHIEVE-BOARDED P17 -> M17-ACHIEVE-BOARDED 2282 26884
581 ACHIEVE-LIFT-AT F6 -> M11-ACHIEVE-LIFT-AT 2332 27083
631 ACHIEVE-BOARDED P16 -> M17-ACHIEVE-BOARDED 2519 27292
634 ACHIEVE-LIFT-AT F21 -> M11-ACHIEVE-LIFT-AT 2568 27490
684 ACHIEVE-BOARDED P15 -> M17-ACHIEVE-BOARDED 2756 27700
687 ACHIEVE-LIFT-AT F34 -> M11-ACHIEVE-LIFT-AT 2807 27899
737 ACHIEVE-BOARDED P14 -> M17-ACHIEVE-BOARDED 2993 28108
740 ACHIEVE-LIFT-AT F35 -> M11-ACHIEVE-LIFT-AT 3042 28307
790 ACHIEVE-BOARDED P13 -> M17-ACHIEVE-BOARDED 3230 28516
793 ACHIEVE-LIFT-AT F0 -> M11-ACHIEVE-LIFT-AT 3279 28714
843 ACHIEVE-BOARDED P12 -> M17-ACHIEVE-BOARDED 3467 28924
846 ACHIEVE-LIFT-AT F10 -> M11-ACHIEVE-LIFT-AT 3516 29123
896 ACHIEVE-BOARDED P11 -> M17-ACHIEVE-BOARDED 3704 29332
899 ACHIEVE-LIFT-AT F41 -> M11-ACHIEVE-LIFT-AT 3754 29530
949 ACHIEVE-BOARDED P10 -> M17-ACHIEVE-BOARDED 3941 29740
952 ACHIEVE-LIFT-AT F35 -> M11-ACHIEVE-LIFT-AT 3991 29939
1002 ACHIEVE-BOARDED P9 -> M17-ACHIEVE-BOARDED 4178 30148
1005 ACHIEVE-LIFT-AT F30 -> M11-ACHIEVE-LIFT-AT 4229 30347
1055 ACHIEVE-BOARDED P8 -> M17-ACHIEVE-BOARDED 4415 30556
1058 ACHIEVE-LIFT-AT F1 -> M11-ACHIEVE-LIFT-AT 4466 30754
1108 ACHIEVE-BOARDED P7 -> M17-ACHIEVE-BOARDED 4652 30964
1111 ACHIEVE-LIFT-AT F1 -> M11-ACHIEVE-LIFT-AT 4702 31162
1161 ACHIEVE-BOARDED P6 -> M17-ACHIEVE-BOARDED 4889 31372
1164 ACHIEVE-LIFT-AT F36 -> M11-ACHIEVE-LIFT-AT 4938 31570
1214 ACHIEVE-BOARDED P5 -> M17-ACHIEVE-BOARDED 5126 31780
1217 ACHIEVE-LIFT-AT F12 -> M11-ACHIEVE-LIFT-AT 5176 31978
1267 ACHIEVE-BOARDED P4 -> M17-ACHIEVE-BOARDED 5363 32188
1270 ACHIEVE-LIFT-AT F26 -> M11-ACHIEVE-LIFT-AT 5412 32386
1320 ACHIEVE-BOARDED P3 -> M17-ACHIEVE-BOARDED 5600 32596
1323 ACHIEVE-LIFT-AT F30 -> M11-ACHIEVE-LIFT-AT 5650 32795
1373 ACHIEVE-BOARDED P2 -> M17-ACHIEVE-BOARDED 5837 33004
1376 ACHIEVE-LIFT-AT F6 -> M11-ACHIEVE-LIFT-AT 5888 33203
1426 ACHIEVE-BOARDED P1 -> M17-ACHIEVE-BOARDED 6074 33412
1429 ACHIEVE-LIFT-AT F13 -> M11-ACHIEVE-LIFT-AT 6124 33611
1479 ACHIEVE-BOARDED P0 -> M17-ACHIEVE-BOARDED 6311 33820
1482 ACHIEVE-LIFT-AT F5 -> M11-ACHIEVE-LIFT-AT 6361 34018
1534 ACHIEVE-BOARDED1 P20 -> M19-ACHIEVE-BOARDED1 6550 6552
1620 ACHIEVE-LIFT-AT0 F12 -> M13-ACHIEVE-LIFT-AT0 25662 6606
1808 ACHIEVE-BOARDED1 P19 -> M19-ACHIEVE-BOARDED1 6798 6800
1859 ACHIEVE-LIFT-AT0 F13 -> M13-ACHIEVE-LIFT-AT0 26073 6854
2045 ACHIEVE-BOARDED1 P18 -> M19-ACHIEVE-BOARDED1 7046 7048
2094 ACHIEVE-LIFT-AT0 F39 -> M14-ACHIEVE-LIFT-AT0 26479 7103
2282 ACHIEVE-BOARDED1 P17 -> M19-ACHIEVE-BOARDED1 7294 7296
2332 ACHIEVE-LIFT-AT0 F6 -> M13-ACHIEVE-LIFT-AT0 26887 7349
2519 ACHIEVE-BOARDED1 P16 -> M19-ACHIEVE-BOARDED1 7542 7544
2568 ACHIEVE-LIFT-AT0 F21 -> M14-ACHIEVE-LIFT-AT0 27295 7599
2756 ACHIEVE-BOARDED1 P15 -> M19-ACHIEVE-BOARDED1 7790 7792
2807 ACHIEVE-LIFT-AT0 F34 -> M13-ACHIEVE-LIFT-AT0 27702 7847
2993 ACHIEVE-BOARDED1 P14 -> M19-ACHIEVE-BOARDED1 8038 8040
3042 ACHIEVE-LIFT-AT0 F35 -> M14-ACHIEVE-LIFT-AT0 28111 8093
3230 ACHIEVE-BOARDED1 P13 -> M19-ACHIEVE-BOARDED1 8286 8288
3279 ACHIEVE-LIFT-AT0 F0 -> M13-ACHIEVE-LIFT-AT0 28519 8341
3467 ACHIEVE-BOARDED1 P12 -> M19-ACHIEVE-BOARDED1 8534 8536
3516 ACHIEVE-LIFT-AT0 F10 -> M14-ACHIEVE-LIFT-AT0 28926 8589
3704 ACHIEVE-BOARDED1 P11 -> M19-ACHIEVE-BOARDED1 8782 8784
3754 ACHIEVE-LIFT-AT0 F41 -> M14-ACHIEVE-LIFT-AT0 29337 8837
3941 ACHIEVE-BOARDED1 P10 -> M19-ACHIEVE-BOARDED1 9030 9032
3991 ACHIEVE-LIFT-AT0 F35 -> M13-ACHIEVE-LIFT-AT0 29744 9085
4178 ACHIEVE-BOARDED1 P9 -> M19-ACHIEVE-BOARDED1 9278 9280
4229 ACHIEVE-LIFT-AT0 F30 -> M14-ACHIEVE-LIFT-AT0 30153 9333
4415 ACHIEVE-BOARDED1 P8 -> M19-ACHIEVE-BOARDED1 9526 9528
4466 ACHIEVE-LIFT-AT0 F1 -> M13-ACHIEVE-LIFT-AT0 30560 9581
4652 ACHIEVE-BOARDED1 P7 -> M19-ACHIEVE-BOARDED1 9774 9776
4702 ACHIEVE-LIFT-AT0 F1 -> M13-ACHIEVE-LIFT-AT0 30967 9829
4889 ACHIEVE-BOARDED1 P6 -> M19-ACHIEVE-BOARDED1 10022 10024
4938 ACHIEVE-LIFT-AT0 F36 -> M13-ACHIEVE-LIFT-AT0 31377 10079
5126 ACHIEVE-BOARDED1 P5 -> M19-ACHIEVE-BOARDED1 10270 10272
5176 ACHIEVE-LIFT-AT0 F12 -> M14-ACHIEVE-LIFT-AT0 31783 10327
5363 ACHIEVE-BOARDED1 P4 -> M19-ACHIEVE-BOARDED1 10518 10520
5412 ACHIEVE-LIFT-AT0 F26 -> M14-ACHIEVE-LIFT-AT0 32193 10575
5600 ACHIEVE-BOARDED1 P3 -> M19-ACHIEVE-BOARDED1 10766 10768
5650 ACHIEVE-LIFT-AT0 F30 -> M14-ACHIEVE-LIFT-AT0 32600 10821
5837 ACHIEVE-BOARDED1 P2 -> M19-ACHIEVE-BOARDED1 11014 11016
5888 ACHIEVE-LIFT-AT0 F6 -> M13-ACHIEVE-LIFT-AT0 33009 11070
6074 ACHIEVE-BOARDED1 P1 -> M19-ACHIEVE-BOARDED1 11262 11264
6124 ACHIEVE-LIFT-AT0 F13 -> M13-ACHIEVE-LIFT-AT0 33415 11318
6311 ACHIEVE-BOARDED1 P0 -> M19-ACHIEVE-BOARDED1 11510 11512
6361 ACHIEVE-LIFT-AT0 F5 -> M13-ACHIEVE-LIFT-AT0 33822 11565
6550 DO-BOARDED-BOARD1 F23 P20 -> M7-DO-BOARDED-BOARD1 11760 25651 25654
6552 ACHIEVE-BOARDED1 P20 -> M18-ACHIEVE-BOARDED1
6606 ACHIEVE-LIFT-AT0 F12 -> M14-ACHIEVE-LIFT-AT0 25669 11829
6798 DO-BOARDED-BOARD1 F34 P19 -> M7-DO-BOARDED-BOARD1 12020 26059 26062
6800 ACHIEVE-BOARDED1 P19 -> M18-ACHIEVE-BOARDED1
6854 ACHIEVE-LIFT-AT0 F13 -> M13-ACHIEVE-LIFT-AT0 26077 12088
7046 DO-BOARDED-BOARD1 F27 P18 -> M7-DO-BOARDED-BOARD1 12280 26467 26470
7048 ACHIEVE-BOARDED1 P18 -> M18-ACHIEVE-BOARDED1
7103 ACHIEVE-LIFT-AT0 F39 -> M14-ACHIEVE-LIFT-AT0 26484 12348
7294 DO-BOARDED-BOARD1 F4 P17 -> M7-DO-BOARDED-BOARD1 12540 26875 26878
7296 ACHIEVE-BOARDED1 P17 -> M18-ACHIEVE-BOARDED1
7349 ACHIEVE-LIFT-AT0 F6 -> M14-ACHIEVE-LIFT-AT0 26891 12609
7542 DO-BOARDED-BOARD1 F40 P16 -> M7-DO-BOARDED-BOARD1 12800 27283 27286
7544 ACHIEVE-BOARDED1 P16 -> M18-ACHIEVE-BOARDED1
7599 ACHIEVE-LIFT-AT0 F21 -> M14-ACHIEVE-LIFT-AT0 27299 12867
7790 DO-BOARDED-BOARD1 F23 P15 -> M7-DO-BOARDED-BOARD1 13060 27691 27694
7792 ACHIEVE-BOARDED1 P15 -> M18-ACHIEVE-BOARDED1
7847 ACHIEVE-LIFT-AT0 F34 -> M14-ACHIEVE-LIFT-AT0 27709 13128
8038 DO-BOARDED-BOARD1 F41 P14 -> M7-DO-BOARDED-BOARD1 13320 28099 28102
8040 ACHIEVE-BOARDED1 P14 -> M18-ACHIEVE-BOARDED1
8093 ACHIEVE-LIFT-AT0 F35 -> M14-ACHIEVE-LIFT-AT0 28116 13387
8286 DO-BOARDED-BOARD1 F4 P13 -> M7-DO-BOARDED-BOARD1 13580 28507 28510
8288 ACHIEVE-BOARDED1 P13 -> M18-ACHIEVE-BOARDED1
8341 ACHIEVE-LIFT-AT0 F0 -> M14-ACHIEVE-LIFT-AT0 28523 13647
8534 DO-BOARDED-BOARD1 F40 P12 -> M7-DO-BOARDED-BOARD1 13840 28915 28918
8536 ACHIEVE-BOARDED1 P12 -> M18-ACHIEVE-BOARDED1
8589 ACHIEVE-LIFT-AT0 F10 -> M13-ACHIEVE-LIFT-AT0 28931 13909
8782 DO-BOARDED-BOARD1 F36 P11 -> M7-DO-BOARDED-BOARD1 14100 29323 29326
8784 ACHIEVE-BOARDED1 P11 -> M18-ACHIEVE-BOARDED1
8837 ACHIEVE-LIFT-AT0 F41 -> M14-ACHIEVE-LIFT-AT0 29341 14168
9030 DO-BOARDED-BOARD1 F22 P10 -> M7-DO-BOARDED-BOARD1 14360 29731 29734
9032 ACHIEVE-BOARDED1 P10 -> M18-ACHIEVE-BOARDED1
9085 ACHIEVE-LIFT-AT0 F35 -> M14-ACHIEVE-LIFT-AT0 29748 14428
9278 DO-BOARDED-BOARD1 F32 P9 -> M7-DO-BOARDED-BOARD1 14620 30139 30142
9280 ACHIEVE-BOARDED1 P9 -> M18-ACHIEVE-BOARDED1
9333 ACHIEVE-LIFT-AT0 F30 -> M13-ACHIEVE-LIFT-AT0 30157 14687
9526 DO-BOARDED-BOARD1 F20 P8 -> M7-DO-BOARDED-BOARD1 14880 30547 30550
9528 ACHIEVE-BOARDED1 P8 -> M18-ACHIEVE-BOARDED1
9581 ACHIEVE-LIFT-AT0 F1 -> M13-ACHIEVE-LIFT-AT0 30565 14949
9774 DO-BOARDED-BOARD1 F22 P7 -> M7-DO-BOARDED-BOARD1 15140 30955 30958
9776 ACHIEVE-BOARDED1 P7 -> M18-ACHIEVE-BOARDED1
9829 ACHIEVE-LIFT-AT0 F1 -> M14-ACHIEVE-LIFT-AT0 30971 15208
10022 DO-BOARDED-BOARD1 F28 P6 -> M7-DO-BOARDED-BOARD1 15400 31363 31366
10024 ACHIEVE-BOARDED1 P6 -> M18-ACHIEVE-BOARDED1
10079 ACHIEVE-LIFT-AT0 F36 -> M13-ACHIEVE-LIFT-AT0 31381 15469
10270 DO-BOARDED-BOARD1 F19 P5 -> M7-DO-BOARDED-BOARD1 15660 31771 31774
10272 ACHIEVE-BOARDED1 P5 -> M18-ACHIEVE-BOARDED1
10327 ACHIEVE-LIFT-AT0 F12 -> M13-ACHIEVE-LIFT-AT0 31787 15727
10518 DO-BOARDED-BOARD1 F27 P4 -> M7-DO-BOARDED-BOARD1 15920 32179 32182
10520 ACHIEVE-BOARDED1 P4 -> M18-ACHIEVE-BOARDED1
10575 ACHIEVE-LIFT-AT0 F26 -> M13-ACHIEVE-LIFT-AT0 32196 15987
10766 DO-BOARDED-BOARD1 F35 P3 -> M7-DO-BOARDED-BOARD1 16180 32587 32590
10768 ACHIEVE-BOARDED1 P3 -> M18-ACHIEVE-BOARDED1
10821 ACHIEVE-LIFT-AT0 F30 -> M14-ACHIEVE-LIFT-AT0 32603 16248
11014 DO-BOARDED-BOARD1 F9 P2 -> M7-DO-BOARDED-BOARD1 16440 32995 32998
11016 ACHIEVE-BOARDED1 P2 -> M18-ACHIEVE-BOARDED1
11070 ACHIEVE-LIFT-AT0 F6 -> M13-ACHIEVE-LIFT-AT0 33011 16509
11262 DO-BOARDED-BOARD1 F0 P1 -> M7-DO-BOARDED-BOARD1 16700 33403 33406
11264 ACHIEVE-BOARDED1 P1 -> M18-ACHIEVE-BOARDED1
11318 ACHIEVE-LIFT-AT0 F13 -> M14-ACHIEVE-LIFT-AT0 33419 16769
11510 DO-BOARDED-BOARD1 F35 P0 -> M7-DO-BOARDED-BOARD1 16960 33811 33814
11512 ACHIEVE-BOARDED1 P0 -> M18-ACHIEVE-BOARDED1
11565 ACHIEVE-LIFT-AT0 F5 -> M14-ACHIEVE-LIFT-AT0 33829 17029
11760 ACHIEVE-LIFT-AT F23 -> M11-ACHIEVE-LIFT-AT 17221 25650
11829 ACHIEVE-LIFT-AT0 F12 -> M14-ACHIEVE-LIFT-AT0 25673 17417
12020 ACHIEVE-LIFT-AT F34 -> M11-ACHIEVE-LIFT-AT 17612 26058
12088 ACHIEVE-LIFT-AT0 F13 -> M14-ACHIEVE-LIFT-AT0 26079 17812
12280 ACHIEVE-LIFT-AT F27 -> M11-ACHIEVE-LIFT-AT 18003 26465
12348 ACHIEVE-LIFT-AT0 F39 -> M13-ACHIEVE-LIFT-AT0 26487 18203
12540 ACHIEVE-LIFT-AT F4 -> M11-ACHIEVE-LIFT-AT 18397 26873
12609 ACHIEVE-LIFT-AT0 F6 -> M14-ACHIEVE-LIFT-AT0 26895 18597
12800 ACHIEVE-LIFT-AT F40 -> M11-ACHIEVE-LIFT-AT 18789 27281
12867 ACHIEVE-LIFT-AT0 F21 -> M14-ACHIEVE-LIFT-AT0 27304 18991
13060 ACHIEVE-LIFT-AT F23 -> M11-ACHIEVE-LIFT-AT 19183 27690
13128 ACHIEVE-LIFT-AT0 F34 -> M14-ACHIEVE-LIFT-AT0 27711 19384
13320 ACHIEVE-LIFT-AT F41 -> M11-ACHIEVE-LIFT-AT 19575 28097
13387 ACHIEVE-LIFT-AT0 F35 -> M13-ACHIEVE-LIFT-AT0 28119 19775
13580 ACHIEVE-LIFT-AT F4 -> M11-ACHIEVE-LIFT-AT 19969 28505
13647 ACHIEVE-LIFT-AT0 F0 -> M13-ACHIEVE-LIFT-AT0 28527 20169
13840 ACHIEVE-LIFT-AT F40 -> M11-ACHIEVE-LIFT-AT 20363 28913
13909 ACHIEVE-LIFT-AT0 F10 -> M14-ACHIEVE-LIFT-AT0 28935 20562
14100 ACHIEVE-LIFT-AT F36 -> M11-ACHIEVE-LIFT-AT 20756 29321
14168 ACHIEVE-LIFT-AT0 F41 -> M14-ACHIEVE-LIFT-AT0 29344 20956
14360 ACHIEVE-LIFT-AT F22 -> M11-ACHIEVE-LIFT-AT 21149 29729
14428 ACHIEVE-LIFT-AT0 F35 -> M13-ACHIEVE-LIFT-AT0 29751 21348
14620 ACHIEVE-LIFT-AT F32 -> M11-ACHIEVE-LIFT-AT 21542 30138
14687 ACHIEVE-LIFT-AT0 F30 -> M14-ACHIEVE-LIFT-AT0 30159 21740
14880 ACHIEVE-LIFT-AT F20 -> M11-ACHIEVE-LIFT-AT 21933 30545
14949 ACHIEVE-LIFT-AT0 F1 -> M14-ACHIEVE-LIFT-AT0 30567 22133
15140 ACHIEVE-LIFT-AT F22 -> M11-ACHIEVE-LIFT-AT 22327 30953
15208 ACHIEVE-LIFT-AT0 F1 -> M12-ACHIEVE-LIFT-AT0
15400 ACHIEVE-LIFT-AT F28 -> M11-ACHIEVE-LIFT-AT 22720 31362
15469 ACHIEVE-LIFT-AT0 F36 -> M14-ACHIEVE-LIFT-AT0 31383 22920
15660 ACHIEVE-LIFT-AT F19 -> M11-ACHIEVE-LIFT-AT 23114 31770
15727 ACHIEVE-LIFT-AT0 F12 -> M13-ACHIEVE-LIFT-AT0 31791 23314
15920 ACHIEVE-LIFT-AT F27 -> M11-ACHIEVE-LIFT-AT 23505 32177
15987 ACHIEVE-LIFT-AT0 F26 -> M13-ACHIEVE-LIFT-AT0 32199 23706
16180 ACHIEVE-LIFT-AT F35 -> M11-ACHIEVE-LIFT-AT 23898 32586
16248 ACHIEVE-LIFT-AT0 F30 -> M13-ACHIEVE-LIFT-AT0 32609 24100
16440 ACHIEVE-LIFT-AT F9 -> M11-ACHIEVE-LIFT-AT 24293 32993
16509 ACHIEVE-LIFT-AT0 F6 -> M13-ACHIEVE-LIFT-AT0 33015 24492
16700 ACHIEVE-LIFT-AT F0 -> M11-ACHIEVE-LIFT-AT 24684 33401
16769 ACHIEVE-LIFT-AT0 F13 -> M13-ACHIEVE-LIFT-AT0 33423 24885
16960 ACHIEVE-LIFT-AT F35 -> M11-ACHIEVE-LIFT-AT 25078 33810
17029 ACHIEVE-LIFT-AT0 F5 -> M14-ACHIEVE-LIFT-AT0 33832 25278
17221 ACHIEVE-LIFT-AT0 F23 -> M13-ACHIEVE-LIFT-AT0 25471 25475
17417 ACHIEVE-LIFT-AT0 F12 -> M12-ACHIEVE-LIFT-AT0
17612 ACHIEVE-LIFT-AT0 F34 -> M13-ACHIEVE-LIFT-AT0 25874 25880
17812 ACHIEVE-LIFT-AT0 F13 -> M14-ACHIEVE-LIFT-AT0 26084 26089
18003 ACHIEVE-LIFT-AT0 F27 -> M13-ACHIEVE-LIFT-AT0 26281 26287
18203 ACHIEVE-LIFT-AT0 F39 -> M13-ACHIEVE-LIFT-AT0 26491 26498
18397 ACHIEVE-LIFT-AT0 F4 -> M14-ACHIEVE-LIFT-AT0 26690 26696
18597 ACHIEVE-LIFT-AT0 F6 -> M13-ACHIEVE-LIFT-AT0 26899 26906
18789 ACHIEVE-LIFT-AT0 F40 -> M13-ACHIEVE-LIFT-AT0 27098 27105
18991 ACHIEVE-LIFT-AT0 F21 -> M13-ACHIEVE-LIFT-AT0 27307 27314
19183 ACHIEVE-LIFT-AT0 F23 -> M13-ACHIEVE-LIFT-AT0 27505 27513
19384 ACHIEVE-LIFT-AT0 F34 -> M13-ACHIEVE-LIFT-AT0 27717 27721
19575 ACHIEVE-LIFT-AT0 F41 -> M13-ACHIEVE-LIFT-AT0 27914 27919
19775 ACHIEVE-LIFT-AT0 F35 -> M13-ACHIEVE-LIFT-AT0 28123 28131
19969 ACHIEVE-LIFT-AT0 F4 -> M14-ACHIEVE-LIFT-AT0 28321 28328
20169 ACHIEVE-LIFT-AT0 F0 -> M14-ACHIEVE-LIFT-AT0 28532 28539
20363 ACHIEVE-LIFT-AT0 F40 -> M13-ACHIEVE-LIFT-AT0 28729 28735
20562 ACHIEVE-LIFT-AT0 F10 -> M13-ACHIEVE-LIFT-AT0 28939 28947
20756 ACHIEVE-LIFT-AT0 F36 -> M13-ACHIEVE-LIFT-AT0 29138 29144
20956 ACHIEVE-LIFT-AT0 F41 -> M13-ACHIEVE-LIFT-AT0 29349 29354
21149 ACHIEVE-LIFT-AT0 F22 -> M14-ACHIEVE-LIFT-AT0 29546 29553
21348 ACHIEVE-LIFT-AT0 F35 -> M13-ACHIEVE-LIFT-AT0 29758 29763
21542 ACHIEVE-LIFT-AT0 F32 -> M14-ACHIEVE-LIFT-AT0 29955 29961
21740 ACHIEVE-LIFT-AT0 F30 -> M13-ACHIEVE-LIFT-AT0 30165 30171
21933 ACHIEVE-LIFT-AT0 F20 -> M14-ACHIEVE-LIFT-AT0 30363 30369
22133 ACHIEVE-LIFT-AT0 F1 -> M14-ACHIEVE-LIFT-AT0 30573 30579
22327 ACHIEVE-LIFT-AT0 F22 -> M13-ACHIEVE-LIFT-AT0 30770 30775
22720 ACHIEVE-LIFT-AT0 F28 -> M13-ACHIEVE-LIFT-AT0 31177 31184
22920 ACHIEVE-LIFT-AT0 F36 -> M14-ACHIEVE-LIFT-AT0 31388 31394
23114 ACHIEVE-LIFT-AT0 F19 -> M14-ACHIEVE-LIFT-AT0 31586 31591
23314 ACHIEVE-LIFT-AT0 F12 -> M14-ACHIEVE-LIFT-AT0 31796 31803
23505 ACHIEVE-LIFT-AT0 F27 -> M13-ACHIEVE-LIFT-AT0 31993 32000
23706 ACHIEVE-LIFT-AT0 F26 -> M14-ACHIEVE-LIFT-AT0 32203 32210
23898 ACHIEVE-LIFT-AT0 F35 -> M13-ACHIEVE-LIFT-AT0 32403 32409
24100 ACHIEVE-LIFT-AT0 F30 -> M14-ACHIEVE-LIFT-AT0 32611 32618
24293 ACHIEVE-LIFT-AT0 F9 -> M14-ACHIEVE-LIFT-AT0 32809 32815
24492 ACHIEVE-LIFT-AT0 F6 -> M14-ACHIEVE-LIFT-AT0 33019 33025
24684 ACHIEVE-LIFT-AT0 F0 -> M14-ACHIEVE-LIFT-AT0 33218 33225
24885 ACHIEVE-LIFT-AT0 F13 -> M14-ACHIEVE-LIFT-AT0 33427 33433
25078 ACHIEVE-LIFT-AT0 F35 -> M13-ACHIEVE-LIFT-AT0 33628 33633
25278 ACHIEVE-LIFT-AT0 F5 -> M12-ACHIEVE-LIFT-AT0
25475 ACHIEVE-LIFT-AT0 F23 -> M12-ACHIEVE-LIFT-AT0
25651 IFUNLOCK-LIFT-AT F23 -> IFUNLOCK5-LIFT-AT 25652
25860 IFUNLOCK-LIFT-AT F12 -> IFUNLOCK5-LIFT-AT 25861
25862 IFUNLOCK-BOARDED P20 -> IFUNLOCK1-BOARDED 25863
25880 ACHIEVE-LIFT-AT0 F34 -> M12-ACHIEVE-LIFT-AT0
26059 IFUNLOCK-LIFT-AT F34 -> IFUNLOCK5-LIFT-AT 26060
26089 ACHIEVE-LIFT-AT0 F13 -> M12-ACHIEVE-LIFT-AT0
26268 IFUNLOCK-LIFT-AT F13 -> IFUNLOCK5-LIFT-AT 26269
26270 IFUNLOCK-BOARDED P19 -> IFUNLOCK1-BOARDED 26271
26287 ACHIEVE-LIFT-AT0 F27 -> M12-ACHIEVE-LIFT-AT0
26467 IFUNLOCK-LIFT-AT F27 -> IFUNLOCK5-LIFT-AT 26468
26498 ACHIEVE-LIFT-AT0 F39 -> M12-ACHIEVE-LIFT-AT0
26676 IFUNLOCK-LIFT-AT F39 -> IFUNLOCK5-LIFT-AT 26677
26678 IFUNLOCK-BOARDED P18 -> IFUNLOCK1-BOARDED 26679
26696 ACHIEVE-LIFT-AT0 F4 -> M12-ACHIEVE-LIFT-AT0
26875 IFUNLOCK-LIFT-AT F4 -> IFUNLOCK5-LIFT-AT 26876
26906 ACHIEVE-LIFT-AT0 F6 -> M12-ACHIEVE-LIFT-AT0
27084 IFUNLOCK-LIFT-AT F6 -> IFUNLOCK5-LIFT-AT 27085
27086 IFUNLOCK-BOARDED P17 -> IFUNLOCK1-BOARDED 27087
27105 ACHIEVE-LIFT-AT0 F40 -> M12-ACHIEVE-LIFT-AT0
27283 IFUNLOCK-LIFT-AT F40 -> IFUNLOCK5-LIFT-AT 27284
27314 ACHIEVE-LIFT-AT0 F21 -> M12-ACHIEVE-LIFT-AT0
27492 IFUNLOCK-LIFT-AT F21 -> IFUNLOCK5-LIFT-AT 27493
27494 IFUNLOCK-BOARDED P16 -> IFUNLOCK1-BOARDED 27495
27513 ACHIEVE-LIFT-AT0 F23 -> M12-ACHIEVE-LIFT-AT0
27691 IFUNLOCK-LIFT-AT F23 -> IFUNLOCK5-LIFT-AT 27692
27721 ACHIEVE-LIFT-AT0 F34 -> M12-ACHIEVE-LIFT-AT0
27900 IFUNLOCK-LIFT-AT F34 -> IFUNLOCK5-LIFT-AT 27901
27902 IFUNLOCK-BOARDED P15 -> IFUNLOCK1-BOARDED 27903
27919 ACHIEVE-LIFT-AT0 F41 -> M12-ACHIEVE-LIFT-AT0
28099 IFUNLOCK-LIFT-AT F41 -> IFUNLOCK5-LIFT-AT 28100
28131 ACHIEVE-LIFT-AT0 F35 -> M12-ACHIEVE-LIFT-AT0
28308 IFUNLOCK-LIFT-AT F35 -> IFUNLOCK5-LIFT-AT 28309
28310 IFUNLOCK-BOARDED P14 -> IFUNLOCK1-BOARDED 28311
28328 ACHIEVE-LIFT-AT0 F4 -> M12-ACHIEVE-LIFT-AT0
28507 IFUNLOCK-LIFT-AT F4 -> IFUNLOCK5-LIFT-AT 28508
28539 ACHIEVE-LIFT-AT0 F0 -> M12-ACHIEVE-LIFT-AT0
28716 IFUNLOCK-LIFT-AT F0 -> IFUNLOCK5-LIFT-AT 28717
28718 IFUNLOCK-BOARDED P13 -> IFUNLOCK1-BOARDED 28719
28735 ACHIEVE-LIFT-AT0 F40 -> M12-ACHIEVE-LIFT-AT0
28915 IFUNLOCK-LIFT-AT F40 -> IFUNLOCK5-LIFT-AT 28916
28947 ACHIEVE-LIFT-AT0 F10 -> M12-ACHIEVE-LIFT-AT0
29124 IFUNLOCK-LIFT-AT F10 -> IFUNLOCK5-LIFT-AT 29125
29126 IFUNLOCK-BOARDED P12 -> IFUNLOCK1-BOARDED 29127
29144 ACHIEVE-LIFT-AT0 F36 -> M12-ACHIEVE-LIFT-AT0
29323 IFUNLOCK-LIFT-AT F36 -> IFUNLOCK5-LIFT-AT 29324
29354 ACHIEVE-LIFT-AT0 F41 -> M12-ACHIEVE-LIFT-AT0
29532 IFUNLOCK-LIFT-AT F41 -> IFUNLOCK5-LIFT-AT 29533
29534 IFUNLOCK-BOARDED P11 -> IFUNLOCK1-BOARDED 29535
29553 ACHIEVE-LIFT-AT0 F22 -> M12-ACHIEVE-LIFT-AT0
29731 IFUNLOCK-LIFT-AT F22 -> IFUNLOCK5-LIFT-AT 29732
29763 ACHIEVE-LIFT-AT0 F35 -> M12-ACHIEVE-LIFT-AT0
29940 IFUNLOCK-LIFT-AT F35 -> IFUNLOCK5-LIFT-AT 29941
29942 IFUNLOCK-BOARDED P10 -> IFUNLOCK1-BOARDED 29943
29961 ACHIEVE-LIFT-AT0 F32 -> M12-ACHIEVE-LIFT-AT0
30139 IFUNLOCK-LIFT-AT F32 -> IFUNLOCK5-LIFT-AT 30140
30171 ACHIEVE-LIFT-AT0 F30 -> M12-ACHIEVE-LIFT-AT0
30348 IFUNLOCK-LIFT-AT F30 -> IFUNLOCK5-LIFT-AT 30349
30350 IFUNLOCK-BOARDED P9 -> IFUNLOCK1-BOARDED 30351
30369 ACHIEVE-LIFT-AT0 F20 -> M12-ACHIEVE-LIFT-AT0
30547 IFUNLOCK-LIFT-AT F20 -> IFUNLOCK5-LIFT-AT 30548
30579 ACHIEVE-LIFT-AT0 F1 -> M12-ACHIEVE-LIFT-AT0
30756 IFUNLOCK-LIFT-AT F1 -> IFUNLOCK5-LIFT-AT 30757
30758 IFUNLOCK-BOARDED P8 -> IFUNLOCK1-BOARDED 30759
30775 ACHIEVE-LIFT-AT0 F22 -> M12-ACHIEVE-LIFT-AT0
30955 IFUNLOCK-LIFT-AT F22 -> IFUNLOCK5-LIFT-AT 30956
31164 IFUNLOCK-LIFT-AT F1 -> IFUNLOCK5-LIFT-AT 31165
31166 IFUNLOCK-BOARDED P7 -> IFUNLOCK1-BOARDED 31167
31184 ACHIEVE-LIFT-AT0 F28 -> M12-ACHIEVE-LIFT-AT0
31363 IFUNLOCK-LIFT-AT F28 -> IFUNLOCK5-LIFT-AT 31364
31394 ACHIEVE-LIFT-AT0 F36 -> M12-ACHIEVE-LIFT-AT0
31572 IFUNLOCK-LIFT-AT F36 -> IFUNLOCK5-LIFT-AT 31573
31574 IFUNLOCK-BOARDED P6 -> IFUNLOCK1-BOARDED 31575
31591 ACHIEVE-LIFT-AT0 F19 -> M12-ACHIEVE-LIFT-AT0
31771 IFUNLOCK-LIFT-AT F19 -> IFUNLOCK5-LIFT-AT 31772
31803 ACHIEVE-LIFT-AT0 F12 -> M12-ACHIEVE-LIFT-AT0
31980 IFUNLOCK-LIFT-AT F12 -> IFUNLOCK5-LIFT-AT 31981
31982 IFUNLOCK-BOARDED P5 -> IFUNLOCK1-BOARDED 31983
32000 ACHIEVE-LIFT-AT0 F27 -> M12-ACHIEVE-LIFT-AT0
32179 IFUNLOCK-LIFT-AT F27 -> IFUNLOCK5-LIFT-AT 32180
32210 ACHIEVE-LIFT-AT0 F26 -> M12-ACHIEVE-LIFT-AT0
32388 IFUNLOCK-LIFT-AT F26 -> IFUNLOCK5-LIFT-AT 32389
32390 IFUNLOCK-BOARDED P4 -> IFUNLOCK1-BOARDED 32391
32409 ACHIEVE-LIFT-AT0 F35 -> M12-ACHIEVE-LIFT-AT0
32587 IFUNLOCK-LIFT-AT F35 -> IFUNLOCK5-LIFT-AT 32588
32618 ACHIEVE-LIFT-AT0 F30 -> M12-ACHIEVE-LIFT-AT0
32796 IFUNLOCK-LIFT-AT F30 -> IFUNLOCK5-LIFT-AT 32797
32798 IFUNLOCK-BOARDED P3 -> IFUNLOCK1-BOARDED 32799
32815 ACHIEVE-LIFT-AT0 F9 -> M12-ACHIEVE-LIFT-AT0
32995 IFUNLOCK-LIFT-AT F9 -> IFUNLOCK5-LIFT-AT 32996
33025 ACHIEVE-LIFT-AT0 F6 -> M12-ACHIEVE-LIFT-AT0
33204 IFUNLOCK-LIFT-AT F6 -> IFUNLOCK5-LIFT-AT 33205
33206 IFUNLOCK-BOARDED P2 -> IFUNLOCK1-BOARDED 33207
33225 ACHIEVE-LIFT-AT0 F0 -> M12-ACHIEVE-LIFT-AT0
33403 IFUNLOCK-LIFT-AT F0 -> IFUNLOCK5-LIFT-AT 33404
33433 ACHIEVE-LIFT-AT0 F13 -> M12-ACHIEVE-LIFT-AT0
33612 IFUNLOCK-LIFT-AT F13 -> IFUNLOCK5-LIFT-AT 33613
33614 IFUNLOCK-BOARDED P1 -> IFUNLOCK1-BOARDED 33615
33633 ACHIEVE-LIFT-AT0 F35 -> M12-ACHIEVE-LIFT-AT0
33811 IFUNLOCK-LIFT-AT F35 -> IFUNLOCK5-LIFT-AT 33812
34020 IFUNLOCK-LIFT-AT F5 -> IFUNLOCK5-LIFT-AT 34021
34022 IFUNLOCK-BOARDED P0 -> IFUNLOCK1-BOARDED 34023
<==
57.333 End of solution plan. (counted length of 290)
57.333 Total amount of clauses encoded: 887451
57.333 - reductionconstraints : 496477 cls
57.333 - substitutionconstraints : 287347 cls
57.333 - directframeaxioms : 31000 cls
57.333 - qconstequality : 26040 cls
57.333 - qfactsemantics : 19355 cls
57.333 - indirectframeaxioms : 17273 cls
57.333 - predecessors : 3067 cls
57.333 - expansions : 2984 cls
57.333 - atmostoneelement : 2252 cls
57.333 - actionconstraints : 832 cls
57.333 - actioneffects : 671 cls
57.333 - truefacts : 151 cls
57.333 - axiomaticops : 2 cls
57.333 # instantiated positions: 1900
57.333 # instantiated actions: 2501
57.333 # instantiated reductions: 651
57.333 # introduced pseudo-constants: 441
57.333 # retroactive prunings: 42
57.333 # retroactively pruned operations: 42
57.333 # dominated operations: 0
57.333 # total invalid rigid preconditions found in getPFC: 0
57.333 # invalid rigid preconditions found in getPFC: 0
57.333 # invalid rigid preconditions found in getPFC in varrestrictions: 0
57.333 # total invalid fluent preconditions found in getPFC: 341
57.333 # invalid fluent preconditions found in getPFC: 73
57.333 # invalid fluent preconditions found in getPFC in varrestrictions: 0
57.333 # invalid fluent preconditions found in getPFC via postconditions: 268
57.333 # invalid operations found in getPFC via subtasks: 0
57.333 # invalid operations found in getPFC via postconditions: 42
57.333 # number effects in operation fact_frames: 279
57.333 # number of variables restricted: 45266
57.333 # number of nodes variables restricted: 22609
57.333 Exiting happily.

RUNWATCH_RESULT EXIT RETVAL 0 TIME_SECS 57.3621 MEMPEAK_KBS 232924
