    _           _         _
   \ |         \ |       | |                       
   | |     __  | |      _| |______                
   | |     \/  | |     /_   ______\                
   | |      _  | |   __  | |  ___   ___   ___       
   | |___  | | | |  / .\ | | / , | |   \ / ·_\    
   \_____\ |_| |__\ \__/ |_| \___) |_|_| \___\  
[39mL i l o t a n e  version rls-glucose4
by Dominik Schreiber <dominik.schreiber@kit.edu> 2020-2021
using SAT solver glucose4

0.072 Parser finished.
0.073 Structures extracted.
0.088 312 operators and 305 methods created.
0.728 Mined 582 new reduction preconditions (+90.1%).
0.728 Iteration 0.
0.728 Creating initial layer of size 2
0.752 Attempting to solve formula with 3 clauses (3 literals) and 1 assumptions
0.752 Unsolvable at layer 0 -- expanding.
0.752 Iteration 1.
0.752 New layer size: 5
0.752 Instantiating ...
0.853 Collected 6 relevant facts at this layer
0.853 Encoding ...
0.859 Attempting to solve formula with 97 clauses (221 literals) and 4 assumptions
0.859 Unsolvable at layer 1 -- expanding.
0.859 Iteration 2.
0.859 New layer size: 9
0.859 Instantiating ...
1.780 Collected 357 relevant facts at this layer
1.780 Encoding ...
1.802 Attempting to solve formula with 68653 clauses (147783 literals) and 4 assumptions
1.802 Unsolvable at layer 2 -- expanding.
1.802 Iteration 3.
1.802 New layer size: 13
1.802 Instantiating ...
3.675 Collected 732 relevant facts at this layer
3.675 Encoding ...
3.721 Attempting to solve formula with 183204 clauses (406374 literals) and 8 assumptions
3.721 Unsolvable at layer 3 -- expanding.
3.721 Iteration 4.
3.721 New layer size: 41
3.721 Instantiating ...
7.060 Collected 1044 relevant facts at this layer
7.060 Encoding ...
7.206 Attempting to solve formula with 368826 clauses (875357 literals) and 20 assumptions
7.207 Unsolvable at layer 4 -- expanding.
7.207 Iteration 5.
7.207 New layer size: 93
7.207 Instantiating ...
18.531 Collected 2916 relevant facts at this layer
18.531 Encoding ...
19.138 Attempting to solve formula with 1198080 clauses (2977632 literals) and 36 assumptions
19.162 Unsolvable at layer 5 -- expanding.
19.162 Iteration 6.
19.162 New layer size: 161
19.162 Instantiating ...
50.380 Collected 3108 relevant facts at this layer
50.380 Encoding ...
51.678 Attempting to solve formula with 3288815 clauses (8190377 literals) and 64 assumptions
51.682 Unsolvable at layer 6 -- expanding.
51.682 Iteration 7.
51.682 New layer size: 299
51.682 Instantiating ...
113.082 Collected 3156 relevant facts at this layer
113.082 Encoding ...
115.933 Attempting to solve formula with 7347391 clauses (18903182 literals) and 123 assumptions
116.148 Unsolvable at layer 7 -- expanding.
116.148 Iteration 8.
116.148 New layer size: 600
116.148 Instantiating ...
249.909 Collected 7476 relevant facts at this layer
249.909 Encoding ...
259.730 Attempting to solve formula with 17516296 clauses (47539400 literals) and 239 assumptions
260.845 Unsolvable at layer 8 -- expanding.
260.845 Iteration 9.
260.845 New layer size: 1155
260.845 Instantiating ...
577.739 Collected 7476 relevant facts at this layer
577.739 Encoding ...
603.068 Attempting to solve formula with 41656754 clauses (116564469 literals) and 446 assumptions
604.863 Unsolvable at layer 9 -- expanding.
604.863 Iteration 10.
604.863 New layer size: 2139
604.863 Instantiating ...
1312.392 Collected 7476 relevant facts at this layer
1312.392 Encoding ...
1364.839 Attempting to solve formula with 89783807 clauses (254771335 literals) and 831 assumptions
1372.182 Unsolvable at layer 10 -- expanding.
1372.182 Iteration 11.
1372.187 New layer size: 4029
1372.187 Instantiating ...
1697.083 Termination signal caught.
1697.083 Total amount of clauses encoded: 89783807
1697.083 - reductionconstraints : 34985911 cls
1697.083 - directframeaxioms : 29412794 cls
1697.083 - qfactsemantics : 13075242 cls
1697.083 - indirectframeaxioms : 9370770 cls
1697.083 - substitutionconstraints : 1370022 cls
1697.083 - atmostoneelement : 840702 cls
1697.083 - qconstequality : 385449 cls
1697.083 - expansions : 152084 cls
1697.083 - predecessors : 90133 cls
1697.083 - actionconstraints : 60887 cls
1697.083 - actioneffects : 32335 cls
1697.083 - truefacts : 7476 cls
1697.083 - axiomaticops : 2 cls
1697.083 # instantiated positions: 5595
1697.083 # instantiated actions: 49652
1697.083 # instantiated reductions: 62722
1697.083 # introduced pseudo-constants: 18479
1697.083 # retroactive prunings: 8
1697.083 # retroactively pruned operations: 8
1697.083 # dominated operations: 7231
1697.083 # total invalid rigid preconditions found in getPFC: 838
1697.083 # invalid rigid preconditions found in getPFC: 0
1697.083 # invalid rigid preconditions found in getPFC in varrestrictions: 838
1697.083 # total invalid fluent preconditions found in getPFC: 79967
1697.083 # invalid fluent preconditions found in getPFC: 4009
1697.083 # invalid fluent preconditions found in getPFC in varrestrictions: 4
1697.083 # invalid fluent preconditions found in getPFC via postconditions: 75954
1697.083 # invalid operations found in getPFC via subtasks: 8
1697.083 # invalid operations found in getPFC via postconditions: 0
1697.083 # number effects in operation fact_frames: 11189
1697.083 # number of variables restricted: 2048287
1697.083 # number of nodes variables restricted: 714679
1697.083 Exiting happily.

RUNWATCH_RESULT MEMOUT RETVAL 0 TIME_SECS 1698.05 MEMPEAK_KBS 16005756
