    _           _         _
   \ |         \ |       | |                       
   | |     __  | |      _| |______                
   | |     \/  | |     /_   ______\                
   | |      _  | |   __  | |  ___   ___   ___       
   | |___  | | | |  / .\ | | / , | |   \ / ·_\    
   \_____\ |_| |__\ \__/ |_| \___) |_|_| \___\  
[39mL i l o t a n e  version rls-glucose4
by Dominik Schreiber <dominik.schreiber@kit.edu> 2020-2021
using SAT solver glucose4

0.006 Parser finished.
0.006 Structures extracted.
0.007 27 operators and 21 methods created.
0.012 Mined 7 new reduction preconditions (+11.5%).
0.012 Iteration 0.
0.012 Creating initial layer of size 2
0.013 Attempting to solve formula with 9 clauses (12 literals) and 1 assumptions
0.013 Unsolvable at layer 0 -- expanding.
0.013 Iteration 1.
0.013 New layer size: 2
0.013 Instantiating ...
0.014 Collected 3 relevant facts at this layer
0.014 Encoding ...
0.014 Attempting to solve formula with 63 clauses (148 literals) and 1 assumptions
0.014 Unsolvable at layer 1 -- expanding.
0.014 Iteration 2.
0.014 New layer size: 3
0.014 Instantiating ...
0.014 Collected 9 relevant facts at this layer
0.014 Encoding ...
0.015 Attempting to solve formula with 130 clauses (307 literals) and 2 assumptions
0.015 Unsolvable at layer 2 -- expanding.
0.015 Iteration 3.
0.015 New layer size: 4
0.015 Instantiating ...
0.015 Retroactively prune action (__SURROGATE*m7_bring_tent*drive_tent* place0 Q_3,0_person:0_fb9f54bc1ee2c388 Q_3,0_place:0_9b783fe292d786f5 Q_3,0_car:0_4008a4c4dc32060f Q_3,0_tent:0_b0be579e6f775fd8) due to impossible effect !(at_car Q_3,0_car:0_4008a4c4dc32060f Q_3,0_place:0_9b783fe292d786f5)
0.016 Collected 11 relevant facts at this layer
0.016 Encoding ...
0.016 Attempting to solve formula with 344 clauses (835 literals) and 3 assumptions
0.016 Unsolvable at layer 3 -- expanding.
0.016 Iteration 4.
0.016 New layer size: 7
0.016 Instantiating ...
0.019 Collected 18 relevant facts at this layer
0.019 Encoding ...
0.020 Attempting to solve formula with 819 clauses (2242 literals) and 3 assumptions
0.020 Unsolvable at layer 4 -- expanding.
0.020 Iteration 5.
0.020 New layer size: 17
0.020 Instantiating ...
0.025 Collected 38 relevant facts at this layer
0.025 Encoding ...
0.027 Attempting to solve formula with 2246 clauses (6314 literals) and 6 assumptions
0.027 Unsolvable at layer 5 -- expanding.
0.027 Iteration 6.
0.027 New layer size: 37
0.027 Instantiating ...
0.040 Collected 54 relevant facts at this layer
0.040 Encoding ...
0.044 Attempting to solve formula with 5637 clauses (16024 literals) and 12 assumptions
0.044 Unsolvable at layer 6 -- expanding.
0.044 Iteration 7.
0.045 New layer size: 77
0.045 Instantiating ...
0.069 Collected 70 relevant facts at this layer
0.069 Encoding ...
0.080 Attempting to solve formula with 13363 clauses (38139 literals) and 24 assumptions
0.080 Unsolvable at layer 7 -- expanding.
0.080 Iteration 8.
0.080 New layer size: 157
0.080 Instantiating ...
0.129 Collected 99 relevant facts at this layer
0.130 Encoding ...
0.155 Attempting to solve formula with 31392 clauses (89771 literals) and 48 assumptions
0.156 Unsolvable at layer 8 -- expanding.
0.156 Iteration 9.
0.156 New layer size: 324
0.156 Instantiating ...
0.256 Collected 118 relevant facts at this layer
0.256 Encoding ...
0.315 Attempting to solve formula with 72351 clauses (206668 literals) and 96 assumptions
0.317 Unsolvable at layer 9 -- expanding.
0.317 Iteration 10.
0.317 New layer size: 644
0.317 Instantiating ...
0.410 Retroactively prune reduction (m2_trip_to2 Q_1,0_couple:0_27ca04ed8b064588 place5 place1 place6)@(9,156): no children at offset 1
0.464 Retroactively prune reduction (m2_trip_to2 Q_1,0_couple:0_27ca04ed8b064588 place5 place2 place6)@(9,236): no children at offset 1
0.491 Retroactively prune reduction (m2_trip_to2 Q_1,0_couple:0_27ca04ed8b064588 place5 place3 place6)@(9,276): no children at offset 1
0.504 Retroactively prune reduction (m2_trip_to2 Q_1,0_couple:0_27ca04ed8b064588 place5 place4 place6)@(9,296): no children at offset 1
0.511 Retroactively prune reduction (m2_trip_to2 Q_1,0_couple:0_27ca04ed8b064588 place5 place5 place6)@(9,306): no children at offset 1
0.517 Collected 118 relevant facts at this layer
0.517 Encoding ...
0.625 Attempting to solve formula with 143108 clauses (389294 literals) and 102 assumptions
0.629 Unsolvable at layer 10 -- expanding.
0.629 Iteration 11.
0.630 New layer size: 1270
0.630 Instantiating ...
0.714 Retroactively prune reduction (m2_trip_to2 Q_1,0_couple:0_27ca04ed8b064588 place5 place1 place6)@(10,157): no children at offset 1
0.769 Retroactively prune reduction (m2_trip_to2 Q_1,0_couple:0_27ca04ed8b064588 place5 place2 place6)@(10,397): no children at offset 1
0.800 Retroactively prune reduction (m2_trip_to2 Q_1,0_couple:0_27ca04ed8b064588 place5 place3 place6)@(10,517): no children at offset 1
0.815 Retroactively prune reduction (m2_trip_to2 Q_1,0_couple:0_27ca04ed8b064588 place5 place4 place6)@(10,577): no children at offset 1
0.824 Retroactively prune reduction (m2_trip_to2 Q_1,0_couple:0_27ca04ed8b064588 place5 place5 place6)@(10,607): no children at offset 1
0.835 Collected 118 relevant facts at this layer
0.835 Encoding ...
0.977 Attempting to solve formula with 216866 clauses (579872 literals) and 108 assumptions
0.986 Unsolvable at layer 11 -- expanding.
0.986 Iteration 12.
0.987 New layer size: 1902
0.987 Instantiating ...
1.077 Retroactively prune reduction (m2_trip_to2 Q_1,0_couple:0_27ca04ed8b064588 place5 place1 place6)@(11,158): no children at offset 1
1.141 Retroactively prune reduction (m2_trip_to2 Q_1,0_couple:0_27ca04ed8b064588 place5 place2 place6)@(11,717): no children at offset 1
1.174 Retroactively prune reduction (m2_trip_to2 Q_1,0_couple:0_27ca04ed8b064588 place5 place3 place6)@(11,996): no children at offset 1
1.192 Retroactively prune reduction (m2_trip_to2 Q_1,0_couple:0_27ca04ed8b064588 place5 place4 place6)@(11,1135): no children at offset 1
1.203 Retroactively prune reduction (m2_trip_to2 Q_1,0_couple:0_27ca04ed8b064588 place5 place5 place6)@(11,1204): no children at offset 1
1.217 Collected 118 relevant facts at this layer
1.217 Encoding ...
1.394 Attempting to solve formula with 293985 clauses (778822 literals) and 114 assumptions
c last restart ## conflicts  :  50 22146 
1.437 Found a solution at layer 12.
==>
64712 nop
64718 nop
64797 drive_tent guy0 place0 place1 car0 tent1
76172 drive girl0 place0 place1 car2
76785 put_up guy0 place1 tent1
76787 drive_passenger girl0 place1 place0 car2 guy0
76792 walk_together tent1 place1 guy1 place0 girl1 couple1
76794 walk_together tent1 place1 guy0 place0 girl0 couple0
76800 walk_together tent1 place1 guy2 place0 girl2 couple2
76803 nop
76867 put_down girl0 place1 tent1
76870 drive_passenger guy0 place1 place0 car0 girl0
76872 drive guy0 place0 place1 car0
76876 drive girl0 place0 place1 car2
76884 drive_tent guy0 place1 place2 car0 tent1
82618 drive girl0 place1 place2 car2
82914 put_up guy0 place2 tent1
82917 drive_passenger girl0 place2 place1 car2 guy0
82921 walk_together tent1 place2 guy0 place1 girl0 couple0
82925 walk_together tent1 place2 guy2 place1 girl2 couple2
82928 walk_together tent1 place2 guy1 place1 girl1 couple1
82933 nop
82992 put_down girl0 place2 tent1
82995 drive_passenger guy0 place2 place1 car0 girl0
82998 drive guy0 place1 place2 car0
83001 drive girl0 place1 place2 car2
83008 drive_tent guy0 place2 place3 car2 tent1
85920 drive girl0 place2 place3 car0
86057 put_up guy0 place3 tent1
86060 drive_passenger girl0 place3 place2 car0 guy0
86063 walk_together tent1 place3 guy1 place2 girl1 couple1
86067 walk_together tent1 place3 guy0 place2 girl0 couple0
86070 walk_together tent1 place3 guy2 place2 girl2 couple2
86075 nop
86131 put_down girl0 place3 tent1
86134 drive_passenger guy0 place3 place2 car2 girl0
86137 drive guy0 place2 place3 car2
86140 drive girl0 place2 place3 car0
86146 drive_tent guy0 place3 place4 car2 tent1
87644 drive girl0 place3 place4 car0
87704 put_up guy0 place4 tent1
87707 drive_passenger girl0 place4 place3 car0 guy0
87710 walk_together tent1 place4 guy2 place3 girl2 couple2
87714 walk_together tent1 place4 guy0 place3 girl0 couple0
87717 walk_together tent1 place4 guy1 place3 girl1 couple1
87723 nop
87774 put_down girl0 place4 tent1
87777 drive_passenger guy0 place4 place3 car2 girl0
87780 drive guy0 place3 place4 car2
87783 drive girl0 place3 place4 car0
87786 drive_tent guy0 place4 place5 car0 tent1
88579 drive girl0 place4 place5 car2
88600 put_up guy0 place5 tent1
88603 drive_passenger girl0 place5 place4 car2 guy0
88606 walk_together tent1 place5 guy2 place4 girl2 couple2
88610 walk_together tent1 place5 guy1 place4 girl1 couple1
88614 walk_together tent1 place5 guy0 place4 girl0 couple0
88617 nop
88666 put_down girl0 place5 tent1
88669 drive_passenger guy0 place5 place4 car0 girl0
88672 drive guy0 place4 place5 car0
88675 drive girl0 place4 place5 car2
88679 drive_tent guy0 place5 place6 car2 tent1
89184 drive girl0 place5 place6 car0
89187 put_up guy0 place6 tent1
89190 drive_passenger girl0 place6 place5 car0 guy0
89194 walk_together tent1 place6 guy2 place5 girl2 couple2
89198 walk_together tent1 place6 guy1 place5 girl1 couple1
89202 walk_together tent1 place6 guy0 place5 girl0 couple0
89204 nop
89253 put_down girl0 place6 tent1
89256 drive_passenger guy0 place6 place5 car2 girl0
89259 drive guy0 place5 place6 car2
89262 drive girl0 place5 place6 car0
root 11
11 everyone_go_hiking place6 -> m14_everyone_go_hiking 30 38
30 prepare_trip place0 -> m6_prepare_trip 64711 64717
38 trip_to1 couple0 place6 -> m0_trip_to1 122
122 trip_to2 couple0 place0 place6 -> m2_trip_to2 208 243
208 trip_to2 couple0 place0 place1 -> m3_trip_to2 64797 76172 76785 76787 485 76867 76870 76872 76876
243 trip_to2 couple0 place1 place6 -> m2_trip_to2 625 670
485 walk_everyone tent1 place1 place0 -> m5_walk_everyone 76792 1244
625 trip_to2 couple0 place1 place2 -> m3_trip_to2 76884 82618 82914 82917 1481 82992 82995 82998 83001
670 trip_to2 couple0 place2 place6 -> m2_trip_to2 1621 1666
1244 walk_everyone tent1 place1 place0 -> m5_walk_everyone 76794 2859
1481 walk_everyone tent1 place2 place1 -> m5_walk_everyone 82921 3408
1621 trip_to2 couple0 place2 place3 -> m3_trip_to2 83008 85920 86057 86060 3677 86131 86134 86137 86140
1666 trip_to2 couple0 place3 place6 -> m2_trip_to2 3816 3862
2859 walk_everyone tent1 place1 place0 -> m5_walk_everyone 76800 76802
3408 walk_everyone tent1 place2 place1 -> m5_walk_everyone 82925 7902
3677 walk_everyone tent1 place3 place2 -> m5_walk_everyone 86063 8551
3816 trip_to2 couple0 place3 place4 -> m3_trip_to2 86146 87644 87704 87707 8878 87774 87777 87780 87783
3862 trip_to2 couple0 place4 place6 -> m2_trip_to2 9017 9064
7902 walk_everyone tent1 place2 place1 -> m5_walk_everyone 82928 82932
8551 walk_everyone tent1 place3 place2 -> m5_walk_everyone 86067 19061
8878 walk_everyone tent1 place4 place3 -> m5_walk_everyone 87710 19757
9017 trip_to2 couple0 place4 place5 -> m3_trip_to2 87786 88579 88600 88603 20122 88666 88669 88672 88675
9064 trip_to2 couple0 place5 place6 -> m3_trip_to2 88679 89184 89187 89190 20472 89253 89256 89259 89262
19061 walk_everyone tent1 place3 place2 -> m5_walk_everyone 86070 86074
19757 walk_everyone tent1 place4 place3 -> m5_walk_everyone 87714 40647
20122 walk_everyone tent1 place5 place4 -> m5_walk_everyone 88606 41321
20472 walk_everyone tent1 place6 place5 -> m5_walk_everyone 89194 41746
40647 walk_everyone tent1 place4 place3 -> m5_walk_everyone 87717 87722
41321 walk_everyone tent1 place5 place4 -> m5_walk_everyone 88610 64146
41746 walk_everyone tent1 place6 place5 -> m5_walk_everyone 89198 64650
64146 walk_everyone tent1 place5 place4 -> m5_walk_everyone 88614 88616
64650 walk_everyone tent1 place6 place5 -> m5_walk_everyone 89202 89203
64711 bring_tent place0 -> m9_bring_tent 64712
64717 bring_cars place0 -> m11_bring_cars 64718
76802 walk_everyone tent1 place1 place0 -> m4_walk_everyone 76803
82932 walk_everyone tent1 place2 place1 -> m4_walk_everyone 82933
86074 walk_everyone tent1 place3 place2 -> m4_walk_everyone 86075
87722 walk_everyone tent1 place4 place3 -> m4_walk_everyone 87723
88616 walk_everyone tent1 place5 place4 -> m4_walk_everyone 88617
89203 walk_everyone tent1 place6 place5 -> m4_walk_everyone 89204
<==
1.469 End of solution plan. (counted length of 74)
1.469 Total amount of clauses encoded: 293985
1.469 - directframeaxioms : 173856 cls
1.469 - qfactsemantics : 40730 cls
1.469 - indirectframeaxioms : 18379 cls
1.469 - reductionconstraints : 18011 cls
1.469 - expansions : 8413 cls
1.469 - substitutionconstraints : 8243 cls
1.469 - qconstequality : 6840 cls
1.469 - predecessors : 6498 cls
1.469 - atmostoneelement : 4861 cls
1.469 - actionconstraints : 3711 cls
1.469 - actioneffects : 3510 cls
1.469 - forbiddenoperations : 813 cls
1.469 - truefacts : 118 cls
1.469 - axiomaticops : 2 cls
1.469 # instantiated positions: 4445
1.469 # instantiated actions: 7737
1.469 # instantiated reductions: 1022
1.469 # introduced pseudo-constants: 2118
1.469 # retroactive prunings: 16
1.469 # retroactively pruned operations: 2032
1.469 # dominated operations: 0
1.469 # total invalid rigid preconditions found in getPFC: 12
1.469 # invalid rigid preconditions found in getPFC: 12
1.469 # invalid rigid preconditions found in getPFC in varrestrictions: 0
1.469 # total invalid fluent preconditions found in getPFC: 0
1.469 # invalid fluent preconditions found in getPFC: 0
1.469 # invalid fluent preconditions found in getPFC in varrestrictions: 0
1.469 # invalid fluent preconditions found in getPFC via postconditions: 0
1.469 # invalid subtasks found in getPFC: 0
1.469 # number effects in operation fact_frames: 242
1.469 Exiting happily.

RUNWATCH_RESULT EXIT RETVAL 0 TIME_SECS 1.48975 MEMPEAK_KBS 112480
