pandaPIparser is configured as follows
  Colors in output: true
  Mode: parsing mode
  Parameter splitting: true
  Conditional effects: exponential encoding
  Disjunctive preconditions as HTN: false
  Replace goal with action: false
  Output: pandaPI format
TUUP sort_for_b1
TUUP sort_for_b10
TUUP sort_for_b11
TUUP sort_for_b12
TUUP sort_for_b13
TUUP sort_for_b14
TUUP sort_for_b15
TUUP sort_for_b16
TUUP sort_for_b17
TUUP sort_for_b18
TUUP sort_for_b19
TUUP sort_for_b2
TUUP sort_for_b20
TUUP sort_for_b21
TUUP sort_for_b22
TUUP sort_for_b23
TUUP sort_for_b24
TUUP sort_for_b25
TUUP sort_for_b26
TUUP sort_for_b27
TUUP sort_for_b28
TUUP sort_for_b29
TUUP sort_for_b3
TUUP sort_for_b30
TUUP sort_for_b31
TUUP sort_for_b32
TUUP sort_for_b33
TUUP sort_for_b34
TUUP sort_for_b35
TUUP sort_for_b36
TUUP sort_for_b37
TUUP sort_for_b38
TUUP sort_for_b39
TUUP sort_for_b4
TUUP sort_for_b40
TUUP sort_for_b5
TUUP sort_for_b6
TUUP sort_for_b7
TUUP sort_for_b8
TUUP sort_for_b9
General Options
  Print timings: false
  Quiet mode: false
Inference Options
  H2 mutexes: false
  FAM groups: false
Transformation Options
  Add zero-cost no-op to empty methods: true
  Remove duplicate actions: true
  Remove useless literals: true
  Expand abstract tasks with one method: true
  Remove empty method preconditions: true
  Two regularisation: false
  Compile negative SAS variables: false
Runtime Optimisations
  Hierarchy Typing: true
  Future Caching: false
  Static Precondition Checking: false
Output Options
  Panda planner format: true
  HDDL: false
  SAS for Fast Downward (without hierarchy): false
Output Formatting Options
  Output only SAS+ variables: false
  SAS+ delete mode: as input
Reading input from /home/schnell/lilotane/sotaevaluation//PandaSAT_runwatchtime_timeout1800_2021-11-16_15:47:18/runwatch_log/52/52.parsed.
Writing output to /home/schnell/lilotane/sotaevaluation//PandaSAT_runwatchtime_timeout1800_2021-11-16_15:47:18/runwatch_log/52/52.sas.
Writing output to standard output.
Parsing done.
Conditional Effects expanded
done.
Starting Hierarchy Typing
Total 0.421ms
Contains 0.025ms
Restrict 0.065ms
MPrep 0.06ms
Finished Hierarchy Typing
Running PG.
Process actions without preconditions
Done.
 ---> Disabling potentially consistent extension checking for action:           5 (unstack)
 ---> Disabling potentially consistent extension checking for action:           4 (stack)
 ---> Disabling potentially consistent extension checking for action:           7 (__method_precondition_mark-done-on)
 ---> Disabling potentially consistent extension checking for action:           2 (pickup)
Returning from runGpg().
PG done. Postprocessing
PG postprocessing done.
Calculated [5116] grounded tasks and [1917] reachable facts.
Running TDG.
Process actions without preconditions
Done.
Returning from runGpg().
TDG done.
Calculated [6878] grounded tasks and [3553] grounded decomposition methods.
Performing DFS.
DFS done.
After DFS: 2186 tasks, 1989 methods.
Grounded PG:
Input was [1988, 2186], output was [454, 383].
Grounded TDG:
Input was [1989, 454], output was [455, 454].
Simplifying instance.
Removing useless facts/literals
Removing method precondition actions whose precondition is empty
Expanding abstract tasks with only one method
Starting duplicate elimination.
Data structure build.
0 duplicates found.
Duplicates replaced in methods.
Further Mutex Groups: 0 strict 0 non strict
Writing instance to output.
Final Statistics: F 343 S 0 SC 0 SM 0 NSM 0 I 0 P 258 S 193 A 48 M 305
Exiting.
Random seed: 42
Time limit: 1800 seconds
Reading input from /home/schnell/lilotane/sotaevaluation//PandaSAT_runwatchtime_timeout1800_2021-11-16_15:47:18/runwatch_log/52/52.sas.
- State has 343 bits divided into 343 mutex groups.
- Domain contains 451 actions.
- Domain contains 499 tasks.
- Domain contains 305 methods.
- The initial state contains 157 set bits.
- The initial task is "__top[]".
- State-based goal contains 44 bits.
- Instance is totally-ordered: yes
- Instance has unique paths: yes
- Instance is parallel sequences: yes
Calculate SCCs...
- Number of SCCs: 498
- The problem is cyclic
- Number of cyclic SCCs: 1
- Number of cyclic SCCs of size 1: 0

Extracting invariants from parsed model
Extracted 0 invariants.
Starting resolution.
After resolution we have 0 invariants, taking 0.008ms.

Computing invariants [Rintanen]
Initial candidates build (175959)
Round 1: 175959 invariants remaining
Round 2: 87973 invariants remaining
Round 3: 77100 invariants remaining
Round 4: 67029 invariants remaining
Round 5: 59499 invariants remaining
Round 6: 49847 invariants remaining
Round 7: 42833 invariants remaining
Round 8: 33847 invariants remaining
Round 9: 22798 invariants remaining
Round 10: 16594 invariants remaining
Round 11: 12621 invariants remaining
Round 12: 7365 invariants remaining
Round 13: 5585 invariants remaining
Round 14: 2795 invariants remaining
Round 15: 2530 invariants remaining
Found 2530 invariants in 33.87ms
Calculate SCCs...
- Number of SCCs: 498
- The problem is cyclic
- Number of cyclic SCCs: 1
- Number of cyclic SCCs of size 1: 0
Hallo


Instance is totally ordered: yes
[33mStarting SAT-based planner[m
Using SAT solver: cryptominisat-5.8.0
Encode Mutexes:    yes
Block Compression: yes
Pruning:           ff




[33mGenerating formula for depth 1[m
Computing PDT took: 0.028 ms
Computed PDT. Extracting leafs ... 1 leafs
Clear pruning tables ... done.
[34mPruning round [m1 Phase: 1
FF Pruning: removed 0 of 0
Pruning: 2 of 2
Leaf Primitive Pruning: 0 of 0
Initial abstract task is pruned: [31mUNSAT[m


[33mGenerating formula for depth 2[m
Computing PDT took: 0.02 ms
Computed PDT. Extracting leafs ... 2 leafs
Clear pruning tables ... done.
[34mPruning round [m1 Phase: 1
FF Pruning: removed 1 of 1
[34mPruning round [m2 Phase: 1
FF Pruning: removed 0 of 0
Pruning: 9 of 9
Leaf Primitive Pruning: 1 of 1
Initial abstract task is pruned: [31mUNSAT[m


[33mGenerating formula for depth 3[m
Computing PDT took: 0.237 ms
Computed PDT. Extracting leafs ... 4 leafs
Clear pruning tables ... done.
[34mPruning round [m1 Phase: 1
FF Pruning: removed 38 of 81
[34mPruning round [m2 Phase: 1
FF Pruning: removed 0 of 43
Pruning: 205 of 215
Leaf Primitive Pruning: 154 of 159
Pruning gave 0 new invariants
Assigning variable IDs for PDT ... done. 24 new variables.
Decomposition Clauses generated.
Pruned clauses.
Block compression leads to 2 timesteps.
Decomp formula generated
State atoms
State formula
Matching
Invar time: 0.775ms SM: 0 M: 0 I: 0 SI: 2530
[34mFormula: [m47 decomposition 1806 state 5060 mutex
Formula has 1053 vars and 6913 clauses.
Formula time: 1.891ms
Starting solver
Solver time: 0.034ms
Solver state: [31mUNSAT[m


[33mGenerating formula for depth 4[m
Computing PDT took: 0.655 ms
Computed PDT. Extracting leafs ... 8 leafs
Clear pruning tables ... done.
[34mPruning round [m1 Phase: 1
FF Pruning: removed 374 of 531
[34mPruning round [m2 Phase: 1
FF Pruning: removed 0 of 157
Pruning: 682 of 755
Leaf Primitive Pruning: 557 of 609
Pruning gave 0 new invariants
Assigning variable IDs for PDT ... done. 109 new variables.
Decomposition Clauses generated.
Pruned clauses.
Block compression leads to 3 timesteps.
Decomp formula generated
State atoms
State formula
Matching
Invar time: 1.115ms SM: 0 M: 0 I: 0 SI: 2530
[34mFormula: [m470 decomposition 2668 state 7590 mutex
Formula has 2534 vars and 17641 clauses.
Formula time: 3.355ms
Starting solver
Solver time: 0.020ms
Solver state: [31mUNSAT[m


[33mGenerating formula for depth 5[m
Computing PDT took: 0.681 ms
Computed PDT. Extracting leafs ... 12 leafs
Clear pruning tables ... done.
[34mPruning round [m1 Phase: 1
FF Pruning: removed 671 of 981
[34mPruning round [m2 Phase: 1
FF Pruning: removed 0 of 310
Pruning: 1132 of 1331
Leaf Primitive Pruning: 913 of 1059
Pruning gave 0 new invariants
Assigning variable IDs for PDT ... done. 236 new variables.
Decomposition Clauses generated.
Pruned clauses.
Block compression leads to 5 timesteps.
Decomp formula generated
State atoms
State formula
Matching
Invar time: 1.800ms SM: 0 M: 0 I: 0 SI: 2530
[34mFormula: [m2023 decomposition 4411 state 12650 mutex
Formula has 4828 vars and 36725 clauses.
Formula time: 5.207ms
Starting solver
Solver time: 0.026ms
Solver state: [31mUNSAT[m


[33mGenerating formula for depth 6[m
Computing PDT took: 0.742 ms
Computed PDT. Extracting leafs ... 16 leafs
Clear pruning tables ... done.
[34mPruning round [m1 Phase: 1
FF Pruning: removed 927 of 1431
[34mPruning round [m2 Phase: 1
FF Pruning: removed 0 of 504
Pruning: 1522 of 1907
Leaf Primitive Pruning: 1223 of 1509
Pruning gave 0 new invariants
Assigning variable IDs for PDT ... done. 391 new variables.
Decomposition Clauses generated.
Pruned clauses.
Block compression leads to 7 timesteps.
Decomp formula generated
State atoms
State formula
Matching
Invar time: 2.471ms SM: 0 M: 0 I: 0 SI: 2530
[34mFormula: [m5350 decomposition 6371 state 17710 mutex
Formula has 7963 vars and 66156 clauses.
Formula time: 7.657ms
Starting solver
Solver time: 0.029ms
Solver state: [31mUNSAT[m


[33mGenerating formula for depth 7[m
Computing PDT took: 0.711 ms
Computed PDT. Extracting leafs ... 20 leafs
Clear pruning tables ... done.
[34mPruning round [m1 Phase: 1
FF Pruning: removed 1150 of 1881
[34mPruning round [m2 Phase: 1
FF Pruning: removed 0 of 731
Pruning: 1859 of 2483
Leaf Primitive Pruning: 1493 of 1959
Pruning gave 0 new invariants
Assigning variable IDs for PDT ... done. 568 new variables.
Decomposition Clauses generated.
Pruned clauses.
Block compression leads to 9 timesteps.
Decomp formula generated
State atoms
State formula
Matching
Invar time: 3.141ms SM: 0 M: 0 I: 0 SI: 2530
[34mFormula: [m10904 decomposition 8533 state 22770 mutex
Formula has 11961 vars and 108363 clauses.
Formula time: 11.269ms
Starting solver
Solver time: 0.042ms
Solver state: [31mUNSAT[m


[33mGenerating formula for depth 8[m
Computing PDT took: 0.713 ms
Computed PDT. Extracting leafs ... 24 leafs
Clear pruning tables ... done.
[34mPruning round [m1 Phase: 1
FF Pruning: removed 1340 of 2331
[34mPruning round [m2 Phase: 1
FF Pruning: removed 0 of 991
Pruning: 2146 of 3059
Leaf Primitive Pruning: 1722 of 2409
Pruning gave 0 new invariants
Assigning variable IDs for PDT ... done. 768 new variables.
Decomposition Clauses generated.
Pruned clauses.
Block compression leads to 11 timesteps.
Decomp formula generated
State atoms
State formula
Matching
Invar time: 3.778ms SM: 0 M: 0 I: 0 SI: 2530
[34mFormula: [m18882 decomposition 10884 state 27830 mutex
Formula has 16845 vars and 165959 clauses.
Formula time: 15.878ms
Starting solver
Solver time: 0.054ms
Solver state: [31mUNSAT[m


[33mGenerating formula for depth 9[m
Computing PDT took: 0.717 ms
Computed PDT. Extracting leafs ... 28 leafs
Clear pruning tables ... done.
[34mPruning round [m1 Phase: 1
FF Pruning: removed 1503 of 2781
[34mPruning round [m2 Phase: 1
FF Pruning: removed 0 of 1278
Pruning: 2391 of 3635
Leaf Primitive Pruning: 1919 of 2859
Pruning gave 0 new invariants
Assigning variable IDs for PDT ... done. 982 new variables.
Decomposition Clauses generated.
Pruned clauses.
Block compression leads to 13 timesteps.
Decomp formula generated
State atoms
State formula
Matching
Invar time: 4.455ms SM: 0 M: 0 I: 0 SI: 2530
[34mFormula: [m29419 decomposition 13381 state 32890 mutex
Formula has 22629 vars and 241649 clauses.
Formula time: 21.527ms
Starting solver
Solver time: 0.061ms
Solver state: [31mUNSAT[m


[33mGenerating formula for depth 10[m
Computing PDT took: 0.714 ms
Computed PDT. Extracting leafs ... 32 leafs
Clear pruning tables ... done.
[34mPruning round [m1 Phase: 1
FF Pruning: removed 1632 of 3231
[34mPruning round [m2 Phase: 1
FF Pruning: removed 0 of 1599
Pruning: 2586 of 4211
Leaf Primitive Pruning: 2074 of 3309
Pruning gave 0 new invariants
Assigning variable IDs for PDT ... done. 1231 new variables.
Decomposition Clauses generated.
Pruned clauses.
Block compression leads to 15 timesteps.
Decomp formula generated
State atoms
State formula
Matching
Invar time: 5.106ms SM: 0 M: 0 I: 0 SI: 2530
[34mFormula: [m43176 decomposition 16071 state 37950 mutex
Formula has 29348 vars and 338846 clauses.
Formula time: 25.485ms
Starting solver
Solver time: 0.084ms
Solver state: [31mUNSAT[m


[33mGenerating formula for depth 11[m
Computing PDT took: 0.775 ms
Computed PDT. Extracting leafs ... 36 leafs
Clear pruning tables ... done.
[34mPruning round [m1 Phase: 1
FF Pruning: removed 1728 of 3681
[34mPruning round [m2 Phase: 1
FF Pruning: removed 0 of 1953
Pruning: 2731 of 4787
Leaf Primitive Pruning: 2189 of 3759
Pruning gave 0 new invariants
Assigning variable IDs for PDT ... done. 1506 new variables.
Decomposition Clauses generated.
Pruned clauses.
Block compression leads to 17 timesteps.
Decomp formula generated
State atoms
State formula
Matching
Invar time: 5.789ms SM: 0 M: 0 I: 0 SI: 2530
[34mFormula: [m60765 decomposition 18941 state 43010 mutex
Formula has 37028 vars and 461562 clauses.
Formula time: 33.699ms
Starting solver
Solver time: 0.058ms
Solver state: [31mUNSAT[m


[33mGenerating formula for depth 12[m
Computing PDT took: 0.777 ms
Computed PDT. Extracting leafs ... 40 leafs
Clear pruning tables ... done.
[34mPruning round [m1 Phase: 1
FF Pruning: removed 1794 of 4131
[34mPruning round [m2 Phase: 1
FF Pruning: removed 0 of 2337
Pruning: 2832 of 5363
Leaf Primitive Pruning: 2269 of 4209
Pruning gave 0 new invariants
Assigning variable IDs for PDT ... done. 1798 new variables.
Decomposition Clauses generated.
Pruned clauses.
Block compression leads to 19 timesteps.
Decomp formula generated
State atoms
State formula
Matching
Invar time: 6.342ms SM: 0 M: 0 I: 0 SI: 2530
[34mFormula: [m82190 decomposition 21978 state 48070 mutex
Formula has 45686 vars and 613800 clauses.
Formula time: 41.899ms
Starting solver
Solver time: 0.075ms
Solver state: [31mUNSAT[m


[33mGenerating formula for depth 13[m
Computing PDT took: 0.735 ms
Computed PDT. Extracting leafs ... 44 leafs
Clear pruning tables ... done.
[34mPruning round [m1 Phase: 1
FF Pruning: removed 1839 of 4581
[34mPruning round [m2 Phase: 1
FF Pruning: removed 0 of 2742
Pruning: 2899 of 5939
Leaf Primitive Pruning: 2323 of 4659
Pruning gave 0 new invariants
Assigning variable IDs for PDT ... done. 2098 new variables.
Decomposition Clauses generated.
Pruned clauses.
Block compression leads to 21 timesteps.
Decomp formula generated
State atoms
State formula
Matching
Invar time: 7.069ms SM: 0 M: 0 I: 0 SI: 2530
[34mFormula: [m107073 decomposition 25142 state 53130 mutex
Formula has 55330 vars and 799145 clauses.
Formula time: 47.730ms
Starting solver
Solver time: 0.103ms
Solver state: [31mUNSAT[m


[33mGenerating formula for depth 14[m
Computing PDT took: 0.746 ms
Computed PDT. Extracting leafs ... 48 leafs
Clear pruning tables ... done.
[34mPruning round [m1 Phase: 1
FF Pruning: removed 1868 of 5031
[34mPruning round [m2 Phase: 1
FF Pruning: removed 0 of 3163
Pruning: 2942 of 6515
Leaf Primitive Pruning: 2357 of 5109
Pruning gave 0 new invariants
Assigning variable IDs for PDT ... done. 2401 new variables.
Decomposition Clauses generated.
Pruned clauses.
Block compression leads to 23 timesteps.
Decomp formula generated
State atoms
State formula
Matching
Invar time: 7.619ms SM: 0 M: 0 I: 0 SI: 2530
[34mFormula: [m134347 decomposition 28400 state 58190 mutex
Formula has 65963 vars and 1020082 clauses.
Formula time: 58.342ms
Starting solver
Solver time: 0.133ms
Solver state: [31mUNSAT[m


[33mGenerating formula for depth 15[m
Computing PDT took: 0.733 ms
Computed PDT. Extracting leafs ... 52 leafs
Clear pruning tables ... done.
[34mPruning round [m1 Phase: 1
FF Pruning: removed 1885 of 5481
[34mPruning round [m2 Phase: 1
FF Pruning: removed 0 of 3596
Pruning: 2966 of 7091
Leaf Primitive Pruning: 2376 of 5559
Pruning gave 0 new invariants
Assigning variable IDs for PDT ... done. 2709 new variables.
Decomposition Clauses generated.
Pruned clauses.
Block compression leads to 25 timesteps.
Decomp formula generated
State atoms
State formula
Matching
Invar time: 8.336ms SM: 0 M: 0 I: 0 SI: 2530
[34mFormula: [m163644 decomposition 31727 state 63250 mutex
Formula has 77590 vars and 1278703 clauses.
Formula time: 64.928ms
Starting solver
Solver time: 0.055ms
Solver state: [31mUNSAT[m


[33mGenerating formula for depth 16[m
Computing PDT took: 0.744 ms
Computed PDT. Extracting leafs ... 56 leafs
Clear pruning tables ... done.
[34mPruning round [m1 Phase: 1
FF Pruning: removed 1890 of 5931
[34mPruning round [m2 Phase: 1
FF Pruning: removed 0 of 4041
Pruning: 2973 of 7667
Leaf Primitive Pruning: 2381 of 6009
Pruning gave 0 new invariants
Assigning variable IDs for PDT ... done. 3025 new variables.
Decomposition Clauses generated.
Pruned clauses.
Block compression leads to 27 timesteps.
Decomp formula generated
State atoms
State formula
Matching
Invar time: 8.981ms SM: 0 M: 0 I: 0 SI: 2530
[34mFormula: [m194843 decomposition 35121 state 68310 mutex
Formula has 90219 vars and 1576977 clauses.
Formula time: 75.152ms
Starting solver
Solver time: 0.098ms
Solver state: [31mUNSAT[m


[33mGenerating formula for depth 17[m
Computing PDT took: 0.765 ms
Computed PDT. Extracting leafs ... 60 leafs
Clear pruning tables ... done.
[34mPruning round [m1 Phase: 1
FF Pruning: removed 1891 of 6381
[34mPruning round [m2 Phase: 1
FF Pruning: removed 0 of 4490
Pruning: 2974 of 8243
Leaf Primitive Pruning: 2382 of 6459
Pruning gave 0 new invariants
Assigning variable IDs for PDT ... done. 3334 new variables.
Decomposition Clauses generated.
Pruned clauses.
Block compression leads to 29 timesteps.
Decomp formula generated
State atoms
State formula
Matching
Invar time: 9.579ms SM: 0 M: 0 I: 0 SI: 2530
[34mFormula: [m227103 decomposition 38537 state 73370 mutex
Formula has 103843 vars and 1915987 clauses.
Formula time: 82.567ms
Starting solver
Solver time: 0.122ms
Solver state: [31mUNSAT[m


[33mGenerating formula for depth 18[m
Computing PDT took: 0.749 ms
Computed PDT. Extracting leafs ... 64 leafs
Clear pruning tables ... done.
[34mPruning round [m1 Phase: 1
FF Pruning: removed 1891 of 6831
[34mPruning round [m2 Phase: 1
FF Pruning: removed 0 of 4940
Pruning: 2974 of 8819
Leaf Primitive Pruning: 2382 of 6909
Pruning gave 0 new invariants
Assigning variable IDs for PDT ... done. 3639 new variables.
Decomposition Clauses generated.
Pruned clauses.
Block compression leads to 31 timesteps.
Decomp formula generated
State atoms
State formula
Matching
Invar time: 10.271ms SM: 0 M: 0 I: 0 SI: 2530
[34mFormula: [m259545 decomposition 41961 state 78430 mutex
Formula has 118458 vars and 2295923 clauses.
Formula time: 93.476ms
Starting solver
Solver time: 0.156ms
Solver state: [31mUNSAT[m


[33mGenerating formula for depth 19[m
Computing PDT took: 0.746 ms
Computed PDT. Extracting leafs ... 68 leafs
Clear pruning tables ... done.
[34mPruning round [m1 Phase: 1
FF Pruning: removed 1891 of 7281
[34mPruning round [m2 Phase: 1
FF Pruning: removed 0 of 5390
Pruning: 2974 of 9395
Leaf Primitive Pruning: 2382 of 7359
Pruning gave 0 new invariants
Assigning variable IDs for PDT ... done. 3943 new variables.
Decomposition Clauses generated.
Pruned clauses.
Block compression leads to 33 timesteps.
Decomp formula generated
State atoms
State formula
Matching
Invar time: 10.922ms SM: 0 M: 0 I: 0 SI: 2530
[34mFormula: [m291987 decomposition 45385 state 83490 mutex
Formula has 134063 vars and 2716785 clauses.
Formula time: 109.493ms
Starting solver
Solver time: 0.073ms
Solver state: [31mUNSAT[m


[33mGenerating formula for depth 20[m
Computing PDT took: 0.766 ms
Computed PDT. Extracting leafs ... 72 leafs
Clear pruning tables ... done.
[34mPruning round [m1 Phase: 1
FF Pruning: removed 1891 of 7731
[34mPruning round [m2 Phase: 1
FF Pruning: removed 0 of 5840
Pruning: 2974 of 9971
Leaf Primitive Pruning: 2382 of 7809
Pruning gave 0 new invariants
Assigning variable IDs for PDT ... done. 4247 new variables.
Decomposition Clauses generated.
Pruned clauses.
Block compression leads to 35 timesteps.
Decomp formula generated
State atoms
State formula
Matching
Invar time: 11.547ms SM: 0 M: 0 I: 0 SI: 2530
[34mFormula: [m324429 decomposition 48809 state 88550 mutex
Formula has 150658 vars and 3178573 clauses.
Formula time: 117.778ms
Starting solver
Solver time: 0.227ms
Solver state: [31mUNSAT[m


[33mGenerating formula for depth 21[m
Computing PDT took: 0.748 ms
Computed PDT. Extracting leafs ... 76 leafs
Clear pruning tables ... done.
[34mPruning round [m1 Phase: 1
FF Pruning: removed 1891 of 8181
[34mPruning round [m2 Phase: 1
FF Pruning: removed 0 of 6290
Pruning: 2974 of 10547
Leaf Primitive Pruning: 2382 of 8259
Pruning gave 0 new invariants
Assigning variable IDs for PDT ... done. 4551 new variables.
Decomposition Clauses generated.
Pruned clauses.
Block compression leads to 37 timesteps.
Decomp formula generated
State atoms
State formula
Matching
Invar time: 12.154ms SM: 0 M: 0 I: 0 SI: 2530
[34mFormula: [m356871 decomposition 52233 state 93610 mutex
Formula has 168243 vars and 3681287 clauses.
Formula time: 122.483ms
Starting solver
Solver time: 0.063ms
Solver state: [31mUNSAT[m


[33mGenerating formula for depth 22[m
Computing PDT took: 0.754 ms
Computed PDT. Extracting leafs ... 80 leafs
Clear pruning tables ... done.
[34mPruning round [m1 Phase: 1
FF Pruning: removed 1891 of 8631
[34mPruning round [m2 Phase: 1
FF Pruning: removed 0 of 6740
Pruning: 2974 of 11123
Leaf Primitive Pruning: 2382 of 8709
Pruning gave 0 new invariants
Assigning variable IDs for PDT ... done. 4855 new variables.
Decomposition Clauses generated.
Pruned clauses.
Block compression leads to 39 timesteps.
Decomp formula generated
State atoms
State formula
Matching
Invar time: 12.563ms SM: 0 M: 0 I: 0 SI: 2530
[34mFormula: [m389313 decomposition 55657 state 98670 mutex
Formula has 186818 vars and 4224927 clauses.
Formula time: 150.639ms
Starting solver
Solver time: 0.096ms
Solver state: [31mUNSAT[m


[33mGenerating formula for depth 23[m
Computing PDT took: 0.773 ms
Computed PDT. Extracting leafs ... 84 leafs
Clear pruning tables ... done.
[34mPruning round [m1 Phase: 1
FF Pruning: removed 1891 of 9081
[34mPruning round [m2 Phase: 1
FF Pruning: removed 0 of 7190
Pruning: 2974 of 11699
Leaf Primitive Pruning: 2382 of 9159
Pruning gave 0 new invariants
Assigning variable IDs for PDT ... done. 5159 new variables.
Decomposition Clauses generated.
Pruned clauses.
Block compression leads to 41 timesteps.
Decomp formula generated
State atoms
State formula
Matching
Invar time: 13.490ms SM: 0 M: 0 I: 0 SI: 2530
[34mFormula: [m421755 decomposition 59081 state 103730 mutex
Formula has 206383 vars and 4809493 clauses.
Formula time: 146.419ms
Starting solver
Solver time: 0.123ms
Solver state: [31mUNSAT[m


[33mGenerating formula for depth 24[m
Computing PDT took: 0.762 ms
Computed PDT. Extracting leafs ... 88 leafs
Clear pruning tables ... done.
[34mPruning round [m1 Phase: 1
FF Pruning: removed 1891 of 9531
[34mPruning round [m2 Phase: 1
FF Pruning: removed 0 of 7640
Pruning: 2974 of 12275
Leaf Primitive Pruning: 2382 of 9609
Pruning gave 0 new invariants
Assigning variable IDs for PDT ... done. 5463 new variables.
Decomposition Clauses generated.
Pruned clauses.
Block compression leads to 43 timesteps.
Decomp formula generated
State atoms
State formula
Matching
Invar time: 14.127ms SM: 0 M: 0 I: 0 SI: 2530
[34mFormula: [m454197 decomposition 62505 state 108790 mutex
Formula has 226938 vars and 5434985 clauses.
Formula time: 168.201ms
Starting solver
Solver time: 0.150ms
Solver state: [31mUNSAT[m


[33mGenerating formula for depth 25[m
Computing PDT took: 0.764 ms
Computed PDT. Extracting leafs ... 92 leafs
Clear pruning tables ... done.
[34mPruning round [m1 Phase: 1
FF Pruning: removed 1891 of 9981
[34mPruning round [m2 Phase: 1
FF Pruning: removed 0 of 8090
Pruning: 2974 of 12851
Leaf Primitive Pruning: 2382 of 10059
Pruning gave 0 new invariants
Assigning variable IDs for PDT ... done. 5767 new variables.
Decomposition Clauses generated.
Pruned clauses.
Block compression leads to 45 timesteps.
Decomp formula generated
State atoms
State formula
Matching
Invar time: 14.793ms SM: 0 M: 0 I: 0 SI: 2530
[34mFormula: [m486639 decomposition 65929 state 113850 mutex
Formula has 248483 vars and 6101403 clauses.
Formula time: 175.101ms
Starting solver
Solver time: 0.186ms
Solver state: [31mUNSAT[m


[33mGenerating formula for depth 26[m
Computing PDT took: 0.768 ms
Computed PDT. Extracting leafs ... 96 leafs
Clear pruning tables ... done.
[34mPruning round [m1 Phase: 1
FF Pruning: removed 1891 of 10431
[34mPruning round [m2 Phase: 1
FF Pruning: removed 0 of 8540
Pruning: 2974 of 13427
Leaf Primitive Pruning: 2382 of 10509
Pruning gave 0 new invariants
Assigning variable IDs for PDT ... done. 6071 new variables.
Decomposition Clauses generated.
Pruned clauses.
Block compression leads to 47 timesteps.
Decomp formula generated
State atoms
State formula
Matching
Invar time: 15.467ms SM: 0 M: 0 I: 0 SI: 2530
[34mFormula: [m519081 decomposition 69353 state 118910 mutex
Formula has 271018 vars and 6808747 clauses.
Formula time: 207.389ms
Starting solver
Solver time: 0.215ms
Solver state: [31mUNSAT[m


[33mGenerating formula for depth 27[m
Computing PDT took: 0.764 ms
Computed PDT. Extracting leafs ... 100 leafs
Clear pruning tables ... done.
[34mPruning round [m1 Phase: 1
FF Pruning: removed 1891 of 10881
[34mPruning round [m2 Phase: 1
FF Pruning: removed 0 of 8990
Pruning: 2974 of 14003
Leaf Primitive Pruning: 2382 of 10959
Pruning gave 0 new invariants
Assigning variable IDs for PDT ... done. 6375 new variables.
Decomposition Clauses generated.
Pruned clauses.
Block compression leads to 49 timesteps.
Decomp formula generated
State atoms
State formula
Matching
Invar time: 15.991ms SM: 0 M: 0 I: 0 SI: 2530
[34mFormula: [m551523 decomposition 72777 state 123970 mutex
Formula has 294543 vars and 7557017 clauses.
Formula time: 210.117ms
Starting solver
Solver time: 0.115ms
Solver state: [31mUNSAT[m


[33mGenerating formula for depth 28[m
Computing PDT took: 0.791 ms
Computed PDT. Extracting leafs ... 104 leafs
Clear pruning tables ... done.
[34mPruning round [m1 Phase: 1
FF Pruning: removed 1891 of 11331
[34mPruning round [m2 Phase: 1
FF Pruning: removed 0 of 9440
Pruning: 2974 of 14579
Leaf Primitive Pruning: 2382 of 11409
Pruning gave 0 new invariants
Assigning variable IDs for PDT ... done. 6679 new variables.
Decomposition Clauses generated.
Pruned clauses.
Block compression leads to 51 timesteps.
Decomp formula generated
State atoms
State formula
Matching
Invar time: 16.697ms SM: 0 M: 0 I: 0 SI: 2530
[34mFormula: [m583965 decomposition 76201 state 129030 mutex
Formula has 319058 vars and 8346213 clauses.
Formula time: 195.007ms
Starting solver
Solver time: 0.315ms
Solver state: [31mUNSAT[m


[33mGenerating formula for depth 29[m
Computing PDT took: 0.770 ms
Computed PDT. Extracting leafs ... 108 leafs
Clear pruning tables ... done.
[34mPruning round [m1 Phase: 1
FF Pruning: removed 1891 of 11781
[34mPruning round [m2 Phase: 1
FF Pruning: removed 0 of 9890
Pruning: 2974 of 15155
Leaf Primitive Pruning: 2382 of 11859
Pruning gave 0 new invariants
Assigning variable IDs for PDT ... done. 6983 new variables.
Decomposition Clauses generated.
Pruned clauses.
Block compression leads to 53 timesteps.
Decomp formula generated
State atoms
State formula
Matching
Invar time: 17.429ms SM: 0 M: 0 I: 0 SI: 2530
[34mFormula: [m616407 decomposition 79625 state 134090 mutex
Formula has 344563 vars and 9176335 clauses.
Formula time: 215.818ms
Starting solver
Solver time: 0.355ms
Solver state: [31mUNSAT[m


[33mGenerating formula for depth 30[m
Computing PDT took: 0.820 ms
Computed PDT. Extracting leafs ... 112 leafs
Clear pruning tables ... done.
[34mPruning round [m1 Phase: 1
FF Pruning: removed 1891 of 12231
[34mPruning round [m2 Phase: 1
FF Pruning: removed 0 of 10340
Pruning: 2974 of 15731
Leaf Primitive Pruning: 2382 of 12309
Pruning gave 0 new invariants
Assigning variable IDs for PDT ... done. 7287 new variables.
Decomposition Clauses generated.
Pruned clauses.
Block compression leads to 55 timesteps.
Decomp formula generated
State atoms
State formula
Matching
Invar time: 17.966ms SM: 0 M: 0 I: 0 SI: 2530
[34mFormula: [m648849 decomposition 83049 state 139150 mutex
Formula has 371058 vars and 10047383 clauses.
Formula time: 245.011ms
Starting solver
Solver time: 0.398ms
Solver state: [31mUNSAT[m


[33mGenerating formula for depth 31[m
Computing PDT took: 0.778 ms
Computed PDT. Extracting leafs ... 116 leafs
Clear pruning tables ... done.
[34mPruning round [m1 Phase: 1
FF Pruning: removed 1891 of 12681
[34mPruning round [m2 Phase: 1
FF Pruning: removed 0 of 10790
Pruning: 2974 of 16307
Leaf Primitive Pruning: 2382 of 12759
Pruning gave 0 new invariants
Assigning variable IDs for PDT ... done. 7591 new variables.
Decomposition Clauses generated.
Pruned clauses.
Block compression leads to 57 timesteps.
Decomp formula generated
State atoms
State formula
Matching
Invar time: 18.592ms SM: 0 M: 0 I: 0 SI: 2530
[34mFormula: [m681291 decomposition 86473 state 144210 mutex
Formula has 398543 vars and 10959357 clauses.
Formula time: 263.453ms
Starting solver
Solver time: 0.416ms
Solver state: [31mUNSAT[m


[33mGenerating formula for depth 32[m
Computing PDT took: 0.779 ms
Computed PDT. Extracting leafs ... 120 leafs
Clear pruning tables ... done.
[34mPruning round [m1 Phase: 1
FF Pruning: removed 1891 of 13131
[34mPruning round [m2 Phase: 1
FF Pruning: removed 0 of 11240
Pruning: 2974 of 16883
Leaf Primitive Pruning: 2382 of 13209
Pruning gave 0 new invariants
Assigning variable IDs for PDT ... done. 7895 new variables.
Decomposition Clauses generated.
Pruned clauses.
Block compression leads to 59 timesteps.
Decomp formula generated
State atoms
State formula
Matching
Invar time: 20.206ms SM: 0 M: 0 I: 0 SI: 2530
[34mFormula: [m713733 decomposition 89897 state 149270 mutex
Formula has 427018 vars and 11912257 clauses.
Formula time: 263.126ms
Starting solver
Solver time: 0.181ms
Solver state: [31mUNSAT[m


[33mGenerating formula for depth 33[m
Computing PDT took: 0.766 ms
Computed PDT. Extracting leafs ... 124 leafs
Clear pruning tables ... done.
[34mPruning round [m1 Phase: 1
FF Pruning: removed 1891 of 13581
[34mPruning round [m2 Phase: 1
FF Pruning: removed 0 of 11690
Pruning: 2974 of 17459
Leaf Primitive Pruning: 2382 of 13659
Pruning gave 0 new invariants
Assigning variable IDs for PDT ... done. 8199 new variables.
Decomposition Clauses generated.
Pruned clauses.
Block compression leads to 61 timesteps.
Decomp formula generated
State atoms
State formula
Matching
Invar time: 19.956ms SM: 0 M: 0 I: 0 SI: 2530
[34mFormula: [m746175 decomposition 93321 state 154330 mutex
Formula has 456483 vars and 12906083 clauses.
Formula time: 249.738ms
Starting solver
Solver time: 0.500ms
Solver state: [31mUNSAT[m


[33mGenerating formula for depth 34[m
Computing PDT took: 0.769 ms
Computed PDT. Extracting leafs ... 128 leafs
Clear pruning tables ... done.
[34mPruning round [m1 Phase: 1
FF Pruning: removed 1891 of 14031
[34mPruning round [m2 Phase: 1
FF Pruning: removed 0 of 12140
Pruning: 2974 of 18035
Leaf Primitive Pruning: 2382 of 14109
Pruning gave 0 new invariants
Assigning variable IDs for PDT ... done. 8503 new variables.
Decomposition Clauses generated.
Pruned clauses.
Block compression leads to 63 timesteps.
Decomp formula generated
State atoms
State formula
Matching
Invar time: 20.540ms SM: 0 M: 0 I: 0 SI: 2530
[34mFormula: [m778617 decomposition 96745 state 159390 mutex
Formula has 486938 vars and 13940835 clauses.
Formula time: 289.057ms
Starting solver
Solver time: 0.501ms
Solver state: [31mUNSAT[m


[33mGenerating formula for depth 35[m
Computing PDT took: 0.815 ms
Computed PDT. Extracting leafs ... 132 leafs
Clear pruning tables ... done.
[34mPruning round [m1 Phase: 1
FF Pruning: removed 1891 of 14481
[34mPruning round [m2 Phase: 1
FF Pruning: removed 0 of 12590
Pruning: 2974 of 18611
Leaf Primitive Pruning: 2382 of 14559
Pruning gave 0 new invariants
Assigning variable IDs for PDT ... done. 8807 new variables.
Decomposition Clauses generated.
Pruned clauses.
Block compression leads to 65 timesteps.
Decomp formula generated
State atoms
State formula
Matching
Invar time: 21.183ms SM: 0 M: 0 I: 0 SI: 2530
[34mFormula: [m811059 decomposition 100169 state 164450 mutex
Formula has 518383 vars and 15016513 clauses.
Formula time: 299.382ms
Starting solver
Solver time: 0.575ms
Solver state: [31mUNSAT[m


[33mGenerating formula for depth 36[m
Computing PDT took: 0.807 ms
Computed PDT. Extracting leafs ... 136 leafs
Clear pruning tables ... done.
[34mPruning round [m1 Phase: 1
FF Pruning: removed 1891 of 14931
[34mPruning round [m2 Phase: 1
FF Pruning: removed 0 of 13040
Pruning: 2974 of 19187
Leaf Primitive Pruning: 2382 of 15009
Pruning gave 0 new invariants
Assigning variable IDs for PDT ... done. 9111 new variables.
Decomposition Clauses generated.
Pruned clauses.
Block compression leads to 67 timesteps.
Decomp formula generated
State atoms
State formula
Matching
Invar time: 21.851ms SM: 0 M: 0 I: 0 SI: 2530
[34mFormula: [m843501 decomposition 103593 state 169510 mutex
Formula has 550818 vars and 16133117 clauses.
Formula time: 344.576ms
Starting solver
Solver time: 0.590ms
Solver state: [31mUNSAT[m


[33mGenerating formula for depth 37[m
Computing PDT took: 0.778 ms
Computed PDT. Extracting leafs ... 140 leafs
Clear pruning tables ... done.
[34mPruning round [m1 Phase: 1
FF Pruning: removed 1891 of 15381
[34mPruning round [m2 Phase: 1
FF Pruning: removed 0 of 13490
Pruning: 2974 of 19763
Leaf Primitive Pruning: 2382 of 15459
Pruning gave 0 new invariants
Assigning variable IDs for PDT ... done. 9415 new variables.
Decomposition Clauses generated.
Pruned clauses.
Block compression leads to 69 timesteps.
Decomp formula generated
State atoms
State formula
Matching
Invar time: 25.321ms SM: 0 M: 0 I: 0 SI: 2530
[34mFormula: [m875943 decomposition 107017 state 174570 mutex
Formula has 584243 vars and 17290647 clauses.
Formula time: 338.985ms
Starting solver
Solver time: 0.253ms
Solver state: [31mUNSAT[m


[33mGenerating formula for depth 38[m
Computing PDT took: 0.821 ms
Computed PDT. Extracting leafs ... 144 leafs
Clear pruning tables ... done.
[34mPruning round [m1 Phase: 1
FF Pruning: removed 1891 of 15831
[34mPruning round [m2 Phase: 1
FF Pruning: removed 0 of 13940
Pruning: 2974 of 20339
Leaf Primitive Pruning: 2382 of 15909
Pruning gave 0 new invariants
Assigning variable IDs for PDT ... done. 9719 new variables.
Decomposition Clauses generated.
Pruned clauses.
Block compression leads to 71 timesteps.
Decomp formula generated
State atoms
State formula
Matching
Invar time: 23.147ms SM: 0 M: 0 I: 0 SI: 2530
[34mFormula: [m908385 decomposition 110441 state 179630 mutex
Formula has 618658 vars and 18489103 clauses.
Formula time: 307.161ms
Starting solver
Solver time: 0.238ms
Solver state: [31mUNSAT[m


[33mGenerating formula for depth 39[m
Computing PDT took: 0.837 ms
Computed PDT. Extracting leafs ... 148 leafs
Clear pruning tables ... done.
[34mPruning round [m1 Phase: 1
FF Pruning: removed 1891 of 16281
[34mPruning round [m2 Phase: 1
FF Pruning: removed 0 of 14390
Pruning: 2974 of 20915
Leaf Primitive Pruning: 2382 of 16359
Pruning gave 0 new invariants
Assigning variable IDs for PDT ... done. 10023 new variables.
Decomposition Clauses generated.
Pruned clauses.
Block compression leads to 73 timesteps.
Decomp formula generated
State atoms
State formula
Matching
Invar time: 23.671ms SM: 0 M: 0 I: 0 SI: 2530
[34mFormula: [m940827 decomposition 113865 state 184690 mutex
Formula has 654063 vars and 19728485 clauses.
Formula time: 310.487ms
Starting solver
Solver time: 0.333ms
Solver state: [31mUNSAT[m


[33mGenerating formula for depth 40[m
Computing PDT took: 0.836 ms
Computed PDT. Extracting leafs ... 152 leafs
Clear pruning tables ... done.
[34mPruning round [m1 Phase: 1
FF Pruning: removed 1891 of 16731
[34mPruning round [m2 Phase: 1
FF Pruning: removed 0 of 14840
Pruning: 2974 of 21491
Leaf Primitive Pruning: 2382 of 16809
Pruning gave 0 new invariants
Assigning variable IDs for PDT ... done. 10327 new variables.
Decomposition Clauses generated.
Pruned clauses.
Block compression leads to 75 timesteps.
Decomp formula generated
State atoms
State formula
Matching
Invar time: 27.298ms SM: 0 M: 0 I: 0 SI: 2530
[34mFormula: [m973269 decomposition 117289 state 189750 mutex
Formula has 690458 vars and 21008793 clauses.
Formula time: 347.252ms
Starting solver
Solver time: 0.370ms
Solver state: [31mUNSAT[m


[33mGenerating formula for depth 41[m
Computing PDT took: 0.782 ms
Computed PDT. Extracting leafs ... 156 leafs
Clear pruning tables ... done.
[34mPruning round [m1 Phase: 1
FF Pruning: removed 1891 of 17181
[34mPruning round [m2 Phase: 1
FF Pruning: removed 0 of 15290
Pruning: 2974 of 22067
Leaf Primitive Pruning: 2382 of 17259
Pruning gave 0 new invariants
Assigning variable IDs for PDT ... done. 10631 new variables.
Decomposition Clauses generated.
Pruned clauses.
Block compression leads to 77 timesteps.
Decomp formula generated
State atoms
State formula
Matching
Invar time: 25.034ms SM: 0 M: 0 I: 0 SI: 2530
[34mFormula: [m1005711 decomposition 120713 state 194810 mutex
Formula has 727843 vars and 22330027 clauses.
Formula time: 396.975ms
Starting solver
Solver time: 0.214ms
Solver state: [31mUNSAT[m


[33mGenerating formula for depth 42[m
Computing PDT took: 0.775 ms
Computed PDT. Extracting leafs ... 160 leafs
Clear pruning tables ... done.
[34mPruning round [m1 Phase: 1
FF Pruning: removed 1891 of 17631
[34mPruning round [m2 Phase: 1
FF Pruning: removed 0 of 15740
Pruning: 2974 of 22643
Leaf Primitive Pruning: 2382 of 17709
Pruning gave 0 new invariants
Assigning variable IDs for PDT ... done. 10935 new variables.
Decomposition Clauses generated.
Pruned clauses.
Block compression leads to 79 timesteps.
Decomp formula generated
State atoms
State formula
Matching
Invar time: 59.753ms SM: 0 M: 0 I: 0 SI: 2530
[34mFormula: [m1038153 decomposition 124137 state 199870 mutex
Formula has 766218 vars and 23692187 clauses.
Formula time: 411.248ms
Starting solver
Solver time: 1.083ms
Solver state: [31mUNSAT[m


[33mGenerating formula for depth 43[m
Computing PDT took: 0.797 ms
Computed PDT. Extracting leafs ... 164 leafs
Clear pruning tables ... done.
[34mPruning round [m1 Phase: 1
FF Pruning: removed 1891 of 18081
[34mPruning round [m2 Phase: 1
FF Pruning: removed 0 of 16190
Pruning: 2974 of 23219
Leaf Primitive Pruning: 2382 of 18159
Pruning gave 0 new invariants
Assigning variable IDs for PDT ... done. 11239 new variables.
Decomposition Clauses generated.
Pruned clauses.
Block compression leads to 81 timesteps.
Decomp formula generated
State atoms
State formula
Matching
Invar time: 61.364ms SM: 0 M: 0 I: 0 SI: 2530
[34mFormula: [m1070595 decomposition 127561 state 204930 mutex
Formula has 805583 vars and 25095273 clauses.
Formula time: 399.441ms
Starting solver
Solver time: 1.706ms
Solver state: [31mUNSAT[m


[33mGenerating formula for depth 44[m
Computing PDT took: 0.797 ms
Computed PDT. Extracting leafs ... 168 leafs
Clear pruning tables ... done.
[34mPruning round [m1 Phase: 1
FF Pruning: removed 1891 of 18531
[34mPruning round [m2 Phase: 1
FF Pruning: removed 0 of 16640
Pruning: 2974 of 23795
Leaf Primitive Pruning: 2382 of 18609
Pruning gave 0 new invariants
Assigning variable IDs for PDT ... done. 11543 new variables.
Decomposition Clauses generated.
Pruned clauses.
Block compression leads to 83 timesteps.
Decomp formula generated
State atoms
State formula
Matching
Invar time: 63.772ms SM: 0 M: 0 I: 0 SI: 2530
[34mFormula: [m1103037 decomposition 130985 state 209990 mutex
Formula has 845938 vars and 26539285 clauses.
Formula time: 453.855ms
Starting solver
Solver time: 3.273ms
Solver state: [31mUNSAT[m


[33mGenerating formula for depth 45[m
Computing PDT took: 0.781 ms
Computed PDT. Extracting leafs ... 172 leafs
Clear pruning tables ... done.
[34mPruning round [m1 Phase: 1
FF Pruning: removed 1891 of 18981
[34mPruning round [m2 Phase: 1
FF Pruning: removed 0 of 17090
Pruning: 2974 of 24371
Leaf Primitive Pruning: 2382 of 19059
Pruning gave 0 new invariants
Assigning variable IDs for PDT ... done. 11847 new variables.
Decomposition Clauses generated.
Pruned clauses.
Block compression leads to 85 timesteps.
Decomp formula generated
State atoms
State formula
Matching
Invar time: 66.626ms SM: 0 M: 0 I: 0 SI: 2530
[34mFormula: [m1135479 decomposition 134409 state 215050 mutex
Formula has 887283 vars and 28024223 clauses.
Formula time: 467.506ms
Starting solver
Solver time: 5.207ms
Solver state: [31mUNSAT[m


[33mGenerating formula for depth 46[m
Computing PDT took: 0.787 ms
Computed PDT. Extracting leafs ... 176 leafs
Clear pruning tables ... done.
[34mPruning round [m1 Phase: 1
FF Pruning: removed 1891 of 19431
[34mPruning round [m2 Phase: 1
FF Pruning: removed 0 of 17540
Pruning: 2974 of 24947
Leaf Primitive Pruning: 2382 of 19509
Pruning gave 0 new invariants
Assigning variable IDs for PDT ... done. 12151 new variables.
Decomposition Clauses generated.
Pruned clauses.
Block compression leads to 87 timesteps.
Decomp formula generated
State atoms
State formula
Matching
Invar time: 67.378ms SM: 0 M: 0 I: 0 SI: 2530
[34mFormula: [m1167921 decomposition 137833 state 220110 mutex
Formula has 929618 vars and 29550087 clauses.
Formula time: 497.622ms
Starting solver
Solver time: 7.798ms
Solver state: [31mUNSAT[m


[33mGenerating formula for depth 47[m
Computing PDT took: 0.805 ms
Computed PDT. Extracting leafs ... 180 leafs
Clear pruning tables ... done.
[34mPruning round [m1 Phase: 1
FF Pruning: removed 1891 of 19881
[34mPruning round [m2 Phase: 1
FF Pruning: removed 0 of 17990
Pruning: 2974 of 25523
Leaf Primitive Pruning: 2382 of 19959
Pruning gave 0 new invariants
Assigning variable IDs for PDT ... done. 12455 new variables.
Decomposition Clauses generated.
Pruned clauses.
Block compression leads to 89 timesteps.
Decomp formula generated
State atoms
State formula
Matching
Invar time: 67.636ms SM: 0 M: 0 I: 0 SI: 2530
[34mFormula: [m1200363 decomposition 141257 state 225170 mutex
Formula has 972943 vars and 31116877 clauses.
Formula time: 512.767ms
Starting solver
Solver time: 8.810ms
Solver state: [31mUNSAT[m


[33mGenerating formula for depth 48[m
Computing PDT took: 0.794 ms
Computed PDT. Extracting leafs ... 184 leafs
Clear pruning tables ... done.
[34mPruning round [m1 Phase: 1
FF Pruning: removed 1891 of 20331
[34mPruning round [m2 Phase: 1
FF Pruning: removed 0 of 18440
Pruning: 2974 of 26099
Leaf Primitive Pruning: 2382 of 20409
Pruning gave 0 new invariants
Assigning variable IDs for PDT ... done. 12759 new variables.
Decomposition Clauses generated.
Pruned clauses.
Block compression leads to 91 timesteps.
Decomp formula generated
State atoms
State formula
Matching
Invar time: 69.561ms SM: 0 M: 0 I: 0 SI: 2530
[34mFormula: [m1232805 decomposition 144681 state 230230 mutex
Formula has 1017258 vars and 32724593 clauses.
Formula time: 530.172ms
Starting solver
Solver time: 15.697ms
Solver state: [31mUNSAT[m


[33mGenerating formula for depth 49[m
Computing PDT took: 0.794 ms
Computed PDT. Extracting leafs ... 188 leafs
Clear pruning tables ... done.
[34mPruning round [m1 Phase: 1
FF Pruning: removed 1891 of 20781
[34mPruning round [m2 Phase: 1
FF Pruning: removed 0 of 18890
Pruning: 2974 of 26675
Leaf Primitive Pruning: 2382 of 20859
Pruning gave 0 new invariants
Assigning variable IDs for PDT ... done. 13063 new variables.
Decomposition Clauses generated.
Pruned clauses.
Block compression leads to 93 timesteps.
Decomp formula generated
State atoms
State formula
Matching
Invar time: 70.943ms SM: 0 M: 0 I: 0 SI: 2530
[34mFormula: [m1265247 decomposition 148105 state 235290 mutex
Formula has 1062563 vars and 34373235 clauses.
Formula time: 609.880ms
Starting solver
Solver time: 32.374ms
Solver state: [31mUNSAT[m


[33mGenerating formula for depth 50[m
Computing PDT took: 0.785 ms
Computed PDT. Extracting leafs ... 192 leafs
Clear pruning tables ... done.
[34mPruning round [m1 Phase: 1
FF Pruning: removed 1891 of 21231
[34mPruning round [m2 Phase: 1
FF Pruning: removed 0 of 19340
Pruning: 2974 of 27251
Leaf Primitive Pruning: 2382 of 21309
Pruning gave 0 new invariants
Assigning variable IDs for PDT ... done. 13367 new variables.
Decomposition Clauses generated.
Pruned clauses.
Block compression leads to 95 timesteps.
Decomp formula generated
State atoms
State formula
Matching
Invar time: 72.367ms SM: 0 M: 0 I: 0 SI: 2530
[34mFormula: [m1297689 decomposition 151529 state 240350 mutex
Formula has 1108858 vars and 36062803 clauses.
Formula time: 586.081ms
Starting solver
Solver time: 35.863ms
Solver state: [31mUNSAT[m


[33mGenerating formula for depth 51[m
Computing PDT took: 0.792 ms
Computed PDT. Extracting leafs ... 196 leafs
Clear pruning tables ... done.
[34mPruning round [m1 Phase: 1
FF Pruning: removed 1891 of 21681
[34mPruning round [m2 Phase: 1
FF Pruning: removed 0 of 19790
Pruning: 2974 of 27827
Leaf Primitive Pruning: 2382 of 21759
Pruning gave 0 new invariants
Assigning variable IDs for PDT ... done. 13671 new variables.
Decomposition Clauses generated.
Pruned clauses.
Block compression leads to 97 timesteps.
Decomp formula generated
State atoms
State formula
Matching
Invar time: 73.883ms SM: 0 M: 0 I: 0 SI: 2530
[34mFormula: [m1330131 decomposition 154953 state 245410 mutex
Formula has 1156143 vars and 37793297 clauses.
Formula time: 602.633ms
Starting solver
Solver time: 27.545ms
Solver state: [31mUNSAT[m


[33mGenerating formula for depth 52[m
Computing PDT took: 0.794 ms
Computed PDT. Extracting leafs ... 200 leafs
Clear pruning tables ... done.
[34mPruning round [m1 Phase: 1
FF Pruning: removed 1891 of 22131
[34mPruning round [m2 Phase: 1
FF Pruning: removed 0 of 20240
Pruning: 2974 of 28403
Leaf Primitive Pruning: 2382 of 22209
Pruning gave 0 new invariants
Assigning variable IDs for PDT ... done. 13975 new variables.
Decomposition Clauses generated.
Pruned clauses.
Block compression leads to 99 timesteps.
Decomp formula generated
State atoms
State formula
Matching
Invar time: 75.672ms SM: 0 M: 0 I: 0 SI: 2530
[34mFormula: [m1362573 decomposition 158377 state 250470 mutex
Formula has 1204418 vars and 39564717 clauses.
Formula time: 630.317ms
Starting solver
Solver time: 85.349ms
Solver state: [31mUNSAT[m


[33mGenerating formula for depth 53[m
Computing PDT took: 0.796 ms
Computed PDT. Extracting leafs ... 204 leafs
Clear pruning tables ... done.
[34mPruning round [m1 Phase: 1
FF Pruning: removed 1891 of 22581
[34mPruning round [m2 Phase: 1
FF Pruning: removed 0 of 20690
Pruning: 2974 of 28979
Leaf Primitive Pruning: 2382 of 22659
Pruning gave 0 new invariants
Assigning variable IDs for PDT ... done. 14279 new variables.
Decomposition Clauses generated.
Pruned clauses.
Block compression leads to 101 timesteps.
Decomp formula generated
State atoms
State formula
Matching
Invar time: 78.681ms SM: 0 M: 0 I: 0 SI: 2530
[34mFormula: [m1395015 decomposition 161801 state 255530 mutex
Formula has 1253683 vars and 41377063 clauses.
Formula time: 625.261ms
Starting solver
Solver time: 111.417ms
Solver state: [31mUNSAT[m


[33mGenerating formula for depth 54[m
Computing PDT took: 0.812 ms
Computed PDT. Extracting leafs ... 208 leafs
Clear pruning tables ... done.
[34mPruning round [m1 Phase: 1
FF Pruning: removed 1891 of 23031
[34mPruning round [m2 Phase: 1
FF Pruning: removed 0 of 21140
Pruning: 2974 of 29555
Leaf Primitive Pruning: 2382 of 23109
Pruning gave 0 new invariants
Assigning variable IDs for PDT ... done. 14583 new variables.
Decomposition Clauses generated.
Pruned clauses.
Block compression leads to 103 timesteps.
Decomp formula generated
State atoms
State formula
Matching
Invar time: 79.716ms SM: 0 M: 0 I: 0 SI: 2530
[34mFormula: [m1427457 decomposition 165225 state 260590 mutex
Formula has 1303938 vars and 43230335 clauses.
Formula time: 591.219ms
Starting solver
Solver time: 68.248ms
Solver state: [31mUNSAT[m


[33mGenerating formula for depth 55[m
Computing PDT took: 0.802 ms
Computed PDT. Extracting leafs ... 212 leafs
Clear pruning tables ... done.
[34mPruning round [m1 Phase: 1
FF Pruning: removed 1891 of 23481
[34mPruning round [m2 Phase: 1
FF Pruning: removed 0 of 21590
Pruning: 2974 of 30131
Leaf Primitive Pruning: 2382 of 23559
Pruning gave 0 new invariants
Assigning variable IDs for PDT ... done. 14887 new variables.
Decomposition Clauses generated.
Pruned clauses.
Block compression leads to 105 timesteps.
Decomp formula generated
State atoms
State formula
Matching
Invar time: 82.293ms SM: 0 M: 0 I: 0 SI: 2530
[34mFormula: [m1459899 decomposition 168649 state 265650 mutex
Formula has 1355183 vars and 45124533 clauses.
Formula time: 632.540ms
Starting solver
Solver time: 138.391ms
Solver state: [31mUNSAT[m


[33mGenerating formula for depth 56[m
Computing PDT took: 0.797 ms
Computed PDT. Extracting leafs ... 216 leafs
Clear pruning tables ... done.
[34mPruning round [m1 Phase: 1
FF Pruning: removed 1891 of 23931
[34mPruning round [m2 Phase: 1
FF Pruning: removed 0 of 22040
Pruning: 2974 of 30707
Leaf Primitive Pruning: 2382 of 24009
Pruning gave 0 new invariants
Assigning variable IDs for PDT ... done. 15191 new variables.
Decomposition Clauses generated.
Pruned clauses.
Block compression leads to 107 timesteps.
Decomp formula generated
State atoms
State formula
Matching
Invar time: 82.335ms SM: 0 M: 0 I: 0 SI: 2530
[34mFormula: [m1492341 decomposition 172073 state 270710 mutex
Formula has 1407418 vars and 47059657 clauses.
Formula time: 732.713ms
Starting solver
Solver time: 156.869ms
Solver state: [31mUNSAT[m


[33mGenerating formula for depth 57[m
Computing PDT took: 0.808 ms
Computed PDT. Extracting leafs ... 220 leafs
Clear pruning tables ... done.
[34mPruning round [m1 Phase: 1
FF Pruning: removed 1891 of 24381
[34mPruning round [m2 Phase: 1
FF Pruning: removed 0 of 22490
Pruning: 2974 of 31283
Leaf Primitive Pruning: 2382 of 24459
Pruning gave 0 new invariants
Assigning variable IDs for PDT ... done. 15495 new variables.
Decomposition Clauses generated.
Pruned clauses.
Block compression leads to 109 timesteps.
Decomp formula generated
State atoms
State formula
Matching
Invar time: 84.264ms SM: 0 M: 0 I: 0 SI: 2530
[34mFormula: [m1524783 decomposition 175497 state 275770 mutex
Formula has 1460643 vars and 49035707 clauses.
Formula time: 695.768ms
Starting solver
Solver time: 203.463ms
Solver state: [31mUNSAT[m


[33mGenerating formula for depth 58[m
Computing PDT took: 0.801 ms
Computed PDT. Extracting leafs ... 224 leafs
Clear pruning tables ... done.
[34mPruning round [m1 Phase: 1
FF Pruning: removed 1891 of 24831
[34mPruning round [m2 Phase: 1
FF Pruning: removed 0 of 22940
Pruning: 2974 of 31859
Leaf Primitive Pruning: 2382 of 24909
Pruning gave 0 new invariants
Assigning variable IDs for PDT ... done. 15799 new variables.
Decomposition Clauses generated.
Pruned clauses.
Block compression leads to 111 timesteps.
Decomp formula generated
State atoms
State formula
Matching
Invar time: 86.180ms SM: 0 M: 0 I: 0 SI: 2530
[34mFormula: [m1557225 decomposition 178921 state 280830 mutex
Formula has 1514858 vars and 51052683 clauses.
Formula time: 671.632ms
Starting solver
Solver time: 83.916ms
Solver state: [31mUNSAT[m


[33mGenerating formula for depth 59[m
Computing PDT took: 0.848 ms
Computed PDT. Extracting leafs ... 228 leafs
Clear pruning tables ... done.
[34mPruning round [m1 Phase: 1
FF Pruning: removed 1891 of 25281
[34mPruning round [m2 Phase: 1
FF Pruning: removed 0 of 23390
Pruning: 2974 of 32435
Leaf Primitive Pruning: 2382 of 25359
Pruning gave 0 new invariants
Assigning variable IDs for PDT ... done. 16103 new variables.
Decomposition Clauses generated.
Pruned clauses.
Block compression leads to 113 timesteps.
Decomp formula generated
State atoms
State formula
Matching
Invar time: 87.781ms SM: 0 M: 0 I: 0 SI: 2530
[34mFormula: [m1589667 decomposition 182345 state 285890 mutex
Formula has 1570063 vars and 53110585 clauses.
Formula time: 739.616ms
Starting solver
Solver time: 124.773ms
Solver state: [31mUNSAT[m


[33mGenerating formula for depth 60[m
Computing PDT took: 0.806 ms
Computed PDT. Extracting leafs ... 232 leafs
Clear pruning tables ... done.
[34mPruning round [m1 Phase: 1
FF Pruning: removed 1891 of 25731
[34mPruning round [m2 Phase: 1
FF Pruning: removed 0 of 23840
Pruning: 2974 of 33011
Leaf Primitive Pruning: 2382 of 25809
Pruning gave 0 new invariants
Assigning variable IDs for PDT ... done. 16407 new variables.
Decomposition Clauses generated.
Pruned clauses.
Block compression leads to 115 timesteps.
Decomp formula generated
State atoms
State formula
Matching
Invar time: 89.055ms SM: 0 M: 0 I: 0 SI: 2530
[34mFormula: [m1622109 decomposition 185769 state 290950 mutex
Formula has 1626258 vars and 55209413 clauses.
Formula time: 706.776ms
Starting solver
Solver time: 128.377ms
Solver state: [31mUNSAT[m


[33mGenerating formula for depth 61[m
Computing PDT took: 0.806 ms
Computed PDT. Extracting leafs ... 236 leafs
Clear pruning tables ... done.
[34mPruning round [m1 Phase: 1
FF Pruning: removed 1891 of 26181
[34mPruning round [m2 Phase: 1
FF Pruning: removed 0 of 24290
Pruning: 2974 of 33587
Leaf Primitive Pruning: 2382 of 26259
Pruning gave 0 new invariants
Assigning variable IDs for PDT ... done. 16711 new variables.
Decomposition Clauses generated.
Pruned clauses.
Block compression leads to 117 timesteps.
Decomp formula generated
State atoms
State formula
Matching
Invar time: 96.208ms SM: 0 M: 0 I: 0 SI: 2530
[34mFormula: [m1654551 decomposition 189193 state 296010 mutex
Formula has 1683443 vars and 57349167 clauses.
Formula time: 781.457ms
Starting solver
Solver time: 253.483ms
Solver state: [31mUNSAT[m


[33mGenerating formula for depth 62[m
Computing PDT took: 0.851 ms
Computed PDT. Extracting leafs ... 240 leafs
Clear pruning tables ... done.
[34mPruning round [m1 Phase: 1
FF Pruning: removed 1891 of 26631
[34mPruning round [m2 Phase: 1
FF Pruning: removed 0 of 24740
Pruning: 2974 of 34163
Leaf Primitive Pruning: 2382 of 26709
Pruning gave 0 new invariants
Assigning variable IDs for PDT ... done. 17015 new variables.
Decomposition Clauses generated.
Pruned clauses.
Block compression leads to 119 timesteps.
Decomp formula generated
State atoms
State formula
Matching
Invar time: 91.517ms SM: 0 M: 0 I: 0 SI: 2530
[34mFormula: [m1686993 decomposition 192617 state 301070 mutex
Formula has 1741618 vars and 59529847 clauses.
Formula time: 749.744ms
Starting solver
Solver time: 331.233ms
Solver state: [31mUNSAT[m


[33mGenerating formula for depth 63[m
Computing PDT took: 0.813 ms
Computed PDT. Extracting leafs ... 244 leafs
Clear pruning tables ... done.
[34mPruning round [m1 Phase: 1
FF Pruning: removed 1891 of 27081
[34mPruning round [m2 Phase: 1
FF Pruning: removed 0 of 25190
Pruning: 2974 of 34739
Leaf Primitive Pruning: 2382 of 27159
Pruning gave 0 new invariants
Assigning variable IDs for PDT ... done. 17319 new variables.
Decomposition Clauses generated.
Pruned clauses.
Block compression leads to 121 timesteps.
Decomp formula generated
State atoms
State formula
Matching
Invar time: 99.934ms SM: 0 M: 0 I: 0 SI: 2530
[34mFormula: [m1719435 decomposition 196041 state 306130 mutex
Formula has 1800783 vars and 61751453 clauses.
Formula time: 818.583ms
Starting solver
Solver time: 167.755ms
Solver state: [31mUNSAT[m


[33mGenerating formula for depth 64[m
Computing PDT took: 0.815 ms
Computed PDT. Extracting leafs ... 248 leafs
Clear pruning tables ... done.
[34mPruning round [m1 Phase: 1
FF Pruning: removed 1891 of 27531
[34mPruning round [m2 Phase: 1
FF Pruning: removed 0 of 25640
Pruning: 2974 of 35315
Leaf Primitive Pruning: 2382 of 27609
Pruning gave 0 new invariants
Assigning variable IDs for PDT ... done. 17623 new variables.
Decomposition Clauses generated.
Pruned clauses.
Block compression leads to 123 timesteps.
Decomp formula generated
State atoms
State formula
Matching
Invar time: 105.098ms SM: 0 M: 0 I: 0 SI: 2530
[34mFormula: [m1751877 decomposition 199465 state 311190 mutex
Formula has 1860938 vars and 64013985 clauses.
Formula time: 893.353ms
Starting solver
Solver time: 336.836ms
Solver state: [31mUNSAT[m


[33mGenerating formula for depth 65[m
Computing PDT took: 0.819 ms
Computed PDT. Extracting leafs ... 252 leafs
Clear pruning tables ... done.
[34mPruning round [m1 Phase: 1
FF Pruning: removed 1891 of 27981
[34mPruning round [m2 Phase: 1
FF Pruning: removed 0 of 26090
Pruning: 2974 of 35891
Leaf Primitive Pruning: 2382 of 28059
Pruning gave 0 new invariants
Assigning variable IDs for PDT ... done. 17927 new variables.
Decomposition Clauses generated.
Pruned clauses.
Block compression leads to 125 timesteps.
Decomp formula generated
State atoms
State formula
Matching
Invar time: 98.097ms SM: 0 M: 0 I: 0 SI: 2530
[34mFormula: [m1784319 decomposition 202889 state 316250 mutex
Formula has 1922083 vars and 66317443 clauses.
Formula time: 940.438ms
Starting solver
Solver time: 430.367ms
Solver state: [31mUNSAT[m


[33mGenerating formula for depth 66[m
Computing PDT took: 0.829 ms
Computed PDT. Extracting leafs ... 256 leafs
Clear pruning tables ... done.
[34mPruning round [m1 Phase: 1
FF Pruning: removed 1891 of 28431
[34mPruning round [m2 Phase: 1
FF Pruning: removed 0 of 26540
Pruning: 2974 of 36467
Leaf Primitive Pruning: 2382 of 28509
Pruning gave 0 new invariants
Assigning variable IDs for PDT ... done. 18231 new variables.
Decomposition Clauses generated.
Pruned clauses.
Block compression leads to 127 timesteps.
Decomp formula generated
State atoms
State formula
Matching
Invar time: 100.279ms SM: 0 M: 0 I: 0 SI: 2530
[34mFormula: [m1816761 decomposition 206313 state 321310 mutex
Formula has 1984218 vars and 68661827 clauses.
Formula time: 1071.835ms
Starting solver
Solver time: 474.259ms
Solver state: [31mUNSAT[m


[33mGenerating formula for depth 67[m
Computing PDT took: 0.911 ms
Computed PDT. Extracting leafs ... 260 leafs
Clear pruning tables ... done.
[34mPruning round [m1 Phase: 1
FF Pruning: removed 1891 of 28881
[34mPruning round [m2 Phase: 1
FF Pruning: removed 0 of 26990
Pruning: 2974 of 37043
Leaf Primitive Pruning: 2382 of 28959
Pruning gave 0 new invariants
Assigning variable IDs for PDT ... done. 18535 new variables.
Decomposition Clauses generated.
Pruned clauses.
Block compression leads to 129 timesteps.
Decomp formula generated
State atoms
State formula
Matching
Invar time: 102.773ms SM: 0 M: 0 I: 0 SI: 2530
[34mFormula: [m1849203 decomposition 209737 state 326370 mutex
Formula has 2047343 vars and 71047137 clauses.
Formula time: 953.448ms
Starting solver
Solver time: 509.071ms
Solver state: [31mUNSAT[m


[33mGenerating formula for depth 68[m
Computing PDT took: 0.826 ms
Computed PDT. Extracting leafs ... 264 leafs
Clear pruning tables ... done.
[34mPruning round [m1 Phase: 1
FF Pruning: removed 1891 of 29331
[34mPruning round [m2 Phase: 1
FF Pruning: removed 0 of 27440
Pruning: 2974 of 37619
Leaf Primitive Pruning: 2382 of 29409
Pruning gave 0 new invariants
Assigning variable IDs for PDT ... done. 18839 new variables.
Decomposition Clauses generated.
Pruned clauses.
Block compression leads to 131 timesteps.
Decomp formula generated
State atoms
State formula
Matching
Invar time: 102.386ms SM: 0 M: 0 I: 0 SI: 2530
[34mFormula: [m1881645 decomposition 213161 state 331430 mutex
Formula has 2111458 vars and 73473373 clauses.
Formula time: 1091.629ms
Starting solver
Solver time: 301.311ms
Solver state: [31mUNSAT[m


[33mGenerating formula for depth 69[m
Computing PDT took: 0.821 ms
Computed PDT. Extracting leafs ... 268 leafs
Clear pruning tables ... done.
[34mPruning round [m1 Phase: 1
FF Pruning: removed 1891 of 29781
[34mPruning round [m2 Phase: 1
FF Pruning: removed 0 of 27890
Pruning: 2974 of 38195
Leaf Primitive Pruning: 2382 of 29859
Pruning gave 0 new invariants
Assigning variable IDs for PDT ... done. 19143 new variables.
Decomposition Clauses generated.
Pruned clauses.
Block compression leads to 133 timesteps.
Decomp formula generated
State atoms
State formula
Matching
Invar time: 104.724ms SM: 0 M: 0 I: 0 SI: 2530
[34mFormula: [m1914087 decomposition 216585 state 336490 mutex
Formula has 2176563 vars and 75940535 clauses.
Formula time: 1029.286ms
Starting solver
Solver time: 628.384ms
Solver state: [31mUNSAT[m


[33mGenerating formula for depth 70[m
Computing PDT took: 0.859 ms
Computed PDT. Extracting leafs ... 272 leafs
Clear pruning tables ... done.
[34mPruning round [m1 Phase: 1
FF Pruning: removed 1891 of 30231
[34mPruning round [m2 Phase: 1
FF Pruning: removed 0 of 28340
Pruning: 2974 of 38771
Leaf Primitive Pruning: 2382 of 30309
Pruning gave 0 new invariants
Assigning variable IDs for PDT ... done. 19447 new variables.
Decomposition Clauses generated.
Pruned clauses.
Block compression leads to 135 timesteps.
Decomp formula generated
State atoms
State formula
Matching
Invar time: 107.457ms SM: 0 M: 0 I: 0 SI: 2530
[34mFormula: [m1946529 decomposition 220009 state 341550 mutex
Formula has 2242658 vars and 78448623 clauses.
Formula time: 1166.092ms
Starting solver
Solver time: 934.073ms
Solver state: [31mUNSAT[m


[33mGenerating formula for depth 71[m
Computing PDT took: 0.813 ms
Computed PDT. Extracting leafs ... 276 leafs
Clear pruning tables ... done.
[34mPruning round [m1 Phase: 1
FF Pruning: removed 1891 of 30681
[34mPruning round [m2 Phase: 1
FF Pruning: removed 0 of 28790
Pruning: 2974 of 39347
Leaf Primitive Pruning: 2382 of 30759
Pruning gave 0 new invariants
Assigning variable IDs for PDT ... done. 19751 new variables.
Decomposition Clauses generated.
Pruned clauses.
Block compression leads to 137 timesteps.
Decomp formula generated
State atoms
State formula
Matching
Invar time: 106.577ms SM: 0 M: 0 I: 0 SI: 2530
[34mFormula: [m1978971 decomposition 223433 state 346610 mutex
Formula has 2309743 vars and 80997637 clauses.
Formula time: 3489.232ms
Starting solver
Solver time: 982.209ms
Solver state: [31mUNSAT[m


[33mGenerating formula for depth 72[m
Computing PDT took: 1.320 ms
Computed PDT. Extracting leafs ... 280 leafs
Clear pruning tables ... done.
[34mPruning round [m1 Phase: 1
FF Pruning: removed 1891 of 31131
[34mPruning round [m2 Phase: 1
FF Pruning: removed 0 of 29240
Pruning: 2974 of 39923
Leaf Primitive Pruning: 2382 of 31209
Pruning gave 0 new invariants
Assigning variable IDs for PDT ... done. 20055 new variables.
Decomposition Clauses generated.
Pruned clauses.
Block compression leads to 139 timesteps.
Decomp formula generated
State atoms
State formula
Matching
Invar time: 177.225ms SM: 0 M: 0 I: 0 SI: 2530
[34mFormula: [m2011413 decomposition 226857 state 351670 mutex
Formula has 2377818 vars and 83587577 clauses.
Formula time: 1853.777ms
Starting solver
Solver time: 868.268ms
Solver state: [31mUNSAT[m


[33mGenerating formula for depth 73[m
Computing PDT took: 1.151 ms
Computed PDT. Extracting leafs ... 284 leafs
Clear pruning tables ... done.
[34mPruning round [m1 Phase: 1
FF Pruning: removed 1891 of 31581
[34mPruning round [m2 Phase: 1
FF Pruning: removed 0 of 29690
Pruning: 2974 of 40499
Leaf Primitive Pruning: 2382 of 31659
Pruning gave 0 new invariants
Assigning variable IDs for PDT ... done. 20359 new variables.
Decomposition Clauses generated.
Pruned clauses.
Block compression leads to 141 timesteps.
Decomp formula generated
State atoms
State formula
Matching
Invar time: 181.502ms SM: 0 M: 0 I: 0 SI: 2530
[34mFormula: [m2043855 decomposition 230281 state 356730 mutex
Formula has 2446883 vars and 86218443 clauses.
Formula time: 1679.333ms
Starting solver
Solver time: 846.484ms
Solver state: [31mUNSAT[m


[33mGenerating formula for depth 74[m
Computing PDT took: 0.815 ms
Computed PDT. Extracting leafs ... 288 leafs
Clear pruning tables ... done.
[34mPruning round [m1 Phase: 1
FF Pruning: removed 1891 of 32031
[34mPruning round [m2 Phase: 1
FF Pruning: removed 0 of 30140
Pruning: 2974 of 41075
Leaf Primitive Pruning: 2382 of 32109
Pruning gave 0 new invariants
Assigning variable IDs for PDT ... done. 20663 new variables.
Decomposition Clauses generated.
Pruned clauses.
Block compression leads to 143 timesteps.
Decomp formula generated
State atoms
State formula
Matching
Invar time: 110.032ms SM: 0 M: 0 I: 0 SI: 2530
[34mFormula: [m2076297 decomposition 233705 state 361790 mutex
Formula has 2516938 vars and 88890235 clauses.
Formula time: 1109.764ms
Starting solver
Solver time: 962.997ms
Solver state: [31mUNSAT[m


[33mGenerating formula for depth 75[m
Computing PDT took: 0.864 ms
Computed PDT. Extracting leafs ... 292 leafs
Clear pruning tables ... done.
[34mPruning round [m1 Phase: 1
FF Pruning: removed 1891 of 32481
[34mPruning round [m2 Phase: 1
FF Pruning: removed 0 of 30590
Pruning: 2974 of 41651
Leaf Primitive Pruning: 2382 of 32559
Pruning gave 0 new invariants
Assigning variable IDs for PDT ... done. 20967 new variables.
Decomposition Clauses generated.
Pruned clauses.
Block compression leads to 145 timesteps.
Decomp formula generated
State atoms
State formula
Matching
Invar time: 112.738ms SM: 0 M: 0 I: 0 SI: 2530
[34mFormula: [m2108739 decomposition 237129 state 366850 mutex
Formula has 2587983 vars and 91602953 clauses.
Formula time: 1160.242ms
Starting solver
Solver time: 1138.493ms
Solver state: [31mUNSAT[m


[33mGenerating formula for depth 76[m
Computing PDT took: 0.831 ms
Computed PDT. Extracting leafs ... 296 leafs
Clear pruning tables ... done.
[34mPruning round [m1 Phase: 1
FF Pruning: removed 1891 of 32931
[34mPruning round [m2 Phase: 1
FF Pruning: removed 0 of 31040
Pruning: 2974 of 42227
Leaf Primitive Pruning: 2382 of 33009
Pruning gave 0 new invariants
Assigning variable IDs for PDT ... done. 21271 new variables.
Decomposition Clauses generated.
Pruned clauses.
Block compression leads to 147 timesteps.
Decomp formula generated
State atoms
State formula
Matching
Invar time: 116.007ms SM: 0 M: 0 I: 0 SI: 2530
[34mFormula: [m2141181 decomposition 240553 state 371910 mutex
Formula has 2660018 vars and 94356597 clauses.
Formula time: 1168.015ms
Starting solver
Solver time: 829.042ms
Solver state: [31mUNSAT[m


[33mGenerating formula for depth 77[m
Computing PDT took: 0.827 ms
Computed PDT. Extracting leafs ... 300 leafs
Clear pruning tables ... done.
[34mPruning round [m1 Phase: 1
FF Pruning: removed 1891 of 33381
[34mPruning round [m2 Phase: 1
FF Pruning: removed 0 of 31490
Pruning: 2974 of 42803
Leaf Primitive Pruning: 2382 of 33459
Pruning gave 0 new invariants
Assigning variable IDs for PDT ... done. 21575 new variables.
Decomposition Clauses generated.
Pruned clauses.
Block compression leads to 149 timesteps.
Decomp formula generated
State atoms
State formula
Matching
Invar time: 117.057ms SM: 0 M: 0 I: 0 SI: 2530
[34mFormula: [m2173623 decomposition 243977 state 376970 mutex
Formula has 2733043 vars and 97151167 clauses.
Formula time: 1218.054ms
Starting solver
Solver time: 2524.562ms
Solver state: [31mUNSAT[m


[33mGenerating formula for depth 78[m
Computing PDT took: 0.835 ms
Computed PDT. Extracting leafs ... 304 leafs
Clear pruning tables ... done.
[34mPruning round [m1 Phase: 1
FF Pruning: removed 1891 of 33831
[34mPruning round [m2 Phase: 1
FF Pruning: removed 0 of 31940
Pruning: 2974 of 43379
Leaf Primitive Pruning: 2382 of 33909
Pruning gave 0 new invariants
Assigning variable IDs for PDT ... done. 21879 new variables.
Decomposition Clauses generated.
Pruned clauses.
Block compression leads to 151 timesteps.
Decomp formula generated
State atoms
State formula
Matching
Invar time: 122.353ms SM: 0 M: 0 I: 0 SI: 2530
[34mFormula: [m2206065 decomposition 247401 state 382030 mutex
Formula has 2807058 vars and 99986663 clauses.
Formula time: 1774.381ms
Starting solver
Solver time: 5147.647ms
Solver state: [31mUNSAT[m


[33mGenerating formula for depth 79[m
Computing PDT took: 0.837 ms
Computed PDT. Extracting leafs ... 308 leafs
Clear pruning tables ... done.
[34mPruning round [m1 Phase: 1
FF Pruning: removed 1891 of 34281
[34mPruning round [m2 Phase: 1
FF Pruning: removed 0 of 32390
Pruning: 2974 of 43955
Leaf Primitive Pruning: 2382 of 34359
Pruning gave 0 new invariants
Assigning variable IDs for PDT ... done. 22183 new variables.
Decomposition Clauses generated.
Pruned clauses.
Block compression leads to 153 timesteps.
Decomp formula generated
State atoms
State formula
Matching
Invar time: 124.251ms SM: 0 M: 0 I: 0 SI: 2530
[34mFormula: [m2238507 decomposition 250825 state 387090 mutex
Formula has 2882063 vars and 102863085 clauses.
Formula time: 1921.188ms
Starting solver
Solver time: 5690.916ms
Solver state: [31mUNSAT[m


[33mGenerating formula for depth 80[m
Computing PDT took: 0.905 ms
Computed PDT. Extracting leafs ... 312 leafs
Clear pruning tables ... done.
[34mPruning round [m1 Phase: 1
FF Pruning: removed 1891 of 34731
[34mPruning round [m2 Phase: 1
FF Pruning: removed 0 of 32840
Pruning: 2974 of 44531
Leaf Primitive Pruning: 2382 of 34809
Pruning gave 0 new invariants
Assigning variable IDs for PDT ... done. 22487 new variables.
Decomposition Clauses generated.
Pruned clauses.
Block compression leads to 155 timesteps.
Decomp formula generated
State atoms
State formula
Matching
Invar time: 126.538ms SM: 0 M: 0 I: 0 SI: 2530
[34mFormula: [m2270949 decomposition 254249 state 392150 mutex
Formula has 2958058 vars and 105780433 clauses.
Formula time: 1915.815ms
Starting solver
Solver time: 7348.519ms
Solver state: [31mUNSAT[m


[33mGenerating formula for depth 81[m
Computing PDT took: 0.836 ms
Computed PDT. Extracting leafs ... 316 leafs
Clear pruning tables ... done.
[34mPruning round [m1 Phase: 1
FF Pruning: removed 1891 of 35181
[34mPruning round [m2 Phase: 1
FF Pruning: removed 0 of 33290
Pruning: 2974 of 45107
Leaf Primitive Pruning: 2382 of 35259
Pruning gave 0 new invariants
Assigning variable IDs for PDT ... done. 22791 new variables.
Decomposition Clauses generated.
Pruned clauses.
Block compression leads to 157 timesteps.
Decomp formula generated
State atoms
State formula
Matching
Invar time: 131.512ms SM: 0 M: 0 I: 0 SI: 2530
[34mFormula: [m2303391 decomposition 257673 state 397210 mutex
Formula has 3035043 vars and 108738707 clauses.
Formula time: 2354.232ms
Starting solver
Solver time: 11603.245ms
Solver state: [31mUNSAT[m


[33mGenerating formula for depth 82[m
Computing PDT took: 0.838 ms
Computed PDT. Extracting leafs ... 320 leafs
Clear pruning tables ... done.
[34mPruning round [m1 Phase: 1
FF Pruning: removed 1891 of 35631
[34mPruning round [m2 Phase: 1
FF Pruning: removed 0 of 33740
Pruning: 2974 of 45683
Leaf Primitive Pruning: 2382 of 35709
Pruning gave 0 new invariants
Assigning variable IDs for PDT ... done. 23095 new variables.
Decomposition Clauses generated.
Pruned clauses.
Block compression leads to 159 timesteps.
Decomp formula generated
State atoms
State formula
Matching
Invar time: 128.602ms SM: 0 M: 0 I: 0 SI: 2530
[34mFormula: [m2335833 decomposition 261097 state 402270 mutex
Formula has 3113018 vars and 111737907 clauses.
Formula time: 1896.409ms
Starting solver
Solver time: 14239.771ms
Solver state: [31mUNSAT[m


[33mGenerating formula for depth 83[m
Computing PDT took: 1.247 ms
Computed PDT. Extracting leafs ... 324 leafs
Clear pruning tables ... done.
[34mPruning round [m1 Phase: 1
FF Pruning: removed 1891 of 36081
[34mPruning round [m2 Phase: 1
FF Pruning: removed 0 of 34190
Pruning: 2974 of 46259
Leaf Primitive Pruning: 2382 of 36159
Pruning gave 0 new invariants
Assigning variable IDs for PDT ... done. 23399 new variables.
Decomposition Clauses generated.
Pruned clauses.
Block compression leads to 161 timesteps.
Decomp formula generated
State atoms
State formula
Matching
Invar time: 125.182ms SM: 0 M: 0 I: 0 SI: 2530
[34mFormula: [m2368275 decomposition 264521 state 407330 mutex
Formula has 3191983 vars and 114778033 clauses.
Formula time: 2057.219ms
Starting solver
Solver time: 9589.330ms
Solver state: [31mUNSAT[m


[33mGenerating formula for depth 84[m
Computing PDT took: 0.826 ms
Computed PDT. Extracting leafs ... 328 leafs
Clear pruning tables ... done.
[34mPruning round [m1 Phase: 1
FF Pruning: removed 1891 of 36531
[34mPruning round [m2 Phase: 1
FF Pruning: removed 0 of 34640
Pruning: 2974 of 46835
Leaf Primitive Pruning: 2382 of 36609
Pruning gave 0 new invariants
Assigning variable IDs for PDT ... done. 23703 new variables.
Decomposition Clauses generated.
Pruned clauses.
Block compression leads to 163 timesteps.
Decomp formula generated
State atoms
State formula
Matching
Invar time: 131.452ms SM: 0 M: 0 I: 0 SI: 2530
[34mFormula: [m2400717 decomposition 267945 state 412390 mutex
Formula has 3271938 vars and 117859085 clauses.
Formula time: 1454.084ms
Starting solver
Solver time: 10649.956ms
Solver state: [31mUNSAT[m


[33mGenerating formula for depth 85[m
Computing PDT took: 0.859 ms
Computed PDT. Extracting leafs ... 332 leafs
Clear pruning tables ... done.
[34mPruning round [m1 Phase: 1
FF Pruning: removed 1891 of 36981
[34mPruning round [m2 Phase: 1
FF Pruning: removed 0 of 35090
Pruning: 2974 of 47411
Leaf Primitive Pruning: 2382 of 37059
Pruning gave 0 new invariants
Assigning variable IDs for PDT ... done. 24007 new variables.
Decomposition Clauses generated.
Pruned clauses.
Block compression leads to 165 timesteps.
Decomp formula generated
State atoms
State formula
Matching
Invar time: 131.743ms SM: 0 M: 0 I: 0 SI: 2530
[34mFormula: [m2433159 decomposition 271369 state 417450 mutex
Formula has 3352883 vars and 120981063 clauses.
Formula time: 1492.700ms
Starting solver
Solver time: 11822.969ms
Solver state: [31mUNSAT[m


[33mGenerating formula for depth 86[m
Computing PDT took: 0.836 ms
Computed PDT. Extracting leafs ... 336 leafs
Clear pruning tables ... done.
[34mPruning round [m1 Phase: 1
FF Pruning: removed 1891 of 37431
[34mPruning round [m2 Phase: 1
FF Pruning: removed 0 of 35540
Pruning: 2974 of 47987
Leaf Primitive Pruning: 2382 of 37509
Pruning gave 0 new invariants
Assigning variable IDs for PDT ... done. 24311 new variables.
Decomposition Clauses generated.
Pruned clauses.
Block compression leads to 167 timesteps.
Decomp formula generated
State atoms
State formula
Matching
Invar time: 132.975ms SM: 0 M: 0 I: 0 SI: 2530
[34mFormula: [m2465601 decomposition 274793 state 422510 mutex
Formula has 3434818 vars and 124143967 clauses.
Formula time: 1517.911ms
Starting solver
Solver time: 18703.916ms
Solver state: [31mUNSAT[m


[33mGenerating formula for depth 87[m
Computing PDT took: 0.860 ms
Computed PDT. Extracting leafs ... 340 leafs
Clear pruning tables ... done.
[34mPruning round [m1 Phase: 1
FF Pruning: removed 1891 of 37881
[34mPruning round [m2 Phase: 1
FF Pruning: removed 0 of 35990
Pruning: 2974 of 48563
Leaf Primitive Pruning: 2382 of 37959
Pruning gave 0 new invariants
Assigning variable IDs for PDT ... done. 24615 new variables.
Decomposition Clauses generated.
Pruned clauses.
Block compression leads to 169 timesteps.
Decomp formula generated
State atoms
State formula
Matching
Invar time: 135.652ms SM: 0 M: 0 I: 0 SI: 2530
[34mFormula: [m2498043 decomposition 278217 state 427570 mutex
Formula has 3517743 vars and 127347797 clauses.
Formula time: 1568.507ms
Starting solver
Solver time: 14814.199ms
Solver state: [31mUNSAT[m


[33mGenerating formula for depth 88[m
Computing PDT took: 0.844 ms
Computed PDT. Extracting leafs ... 344 leafs
Clear pruning tables ... done.
[34mPruning round [m1 Phase: 1
FF Pruning: removed 1891 of 38331
[34mPruning round [m2 Phase: 1
FF Pruning: removed 0 of 36440
Pruning: 2974 of 49139
Leaf Primitive Pruning: 2382 of 38409
Pruning gave 0 new invariants
Assigning variable IDs for PDT ... done. 24919 new variables.
Decomposition Clauses generated.
Pruned clauses.
Block compression leads to 171 timesteps.
Decomp formula generated
State atoms
State formula
Matching
Invar time: 134.110ms SM: 0 M: 0 I: 0 SI: 2530
[34mFormula: [m2530485 decomposition 281641 state 432630 mutex
Formula has 3601658 vars and 130592553 clauses.
Formula time: 1571.444ms
Starting solver
Solver time: 19183.340ms
Solver state: [31mUNSAT[m


[33mGenerating formula for depth 89[m
Computing PDT took: 0.844 ms
Computed PDT. Extracting leafs ... 348 leafs
Clear pruning tables ... done.
[34mPruning round [m1 Phase: 1
FF Pruning: removed 1891 of 38781
[34mPruning round [m2 Phase: 1
FF Pruning: removed 0 of 36890
Pruning: 2974 of 49715
Leaf Primitive Pruning: 2382 of 38859
Pruning gave 0 new invariants
Assigning variable IDs for PDT ... done. 25223 new variables.
Decomposition Clauses generated.
Pruned clauses.
Block compression leads to 173 timesteps.
Decomp formula generated
State atoms
State formula
Matching
Invar time: 135.074ms SM: 0 M: 0 I: 0 SI: 2530
[34mFormula: [m2562927 decomposition 285065 state 437690 mutex
Formula has 3686563 vars and 133878235 clauses.
Formula time: 1601.333ms
Starting solver
Solver time: 22295.588ms
Solver state: [31mUNSAT[m


[33mGenerating formula for depth 90[m
Computing PDT took: 0.811 ms
Computed PDT. Extracting leafs ... 352 leafs
Clear pruning tables ... done.
[34mPruning round [m1 Phase: 1
FF Pruning: removed 1891 of 39231
[34mPruning round [m2 Phase: 1
FF Pruning: removed 0 of 37340
Pruning: 2974 of 50291
Leaf Primitive Pruning: 2382 of 39309
Pruning gave 0 new invariants
Assigning variable IDs for PDT ... done. 25527 new variables.
Decomposition Clauses generated.
Pruned clauses.
Block compression leads to 175 timesteps.
Decomp formula generated
State atoms
State formula
Matching
Invar time: 138.738ms SM: 0 M: 0 I: 0 SI: 2530
[34mFormula: [m2595369 decomposition 288489 state 442750 mutex
Formula has 3772458 vars and 137204843 clauses.
Formula time: 1686.574ms
Starting solver
Solver time: 21185.216ms
Solver state: [31mUNSAT[m


[33mGenerating formula for depth 91[m
Computing PDT took: 0.830 ms
Computed PDT. Extracting leafs ... 356 leafs
Clear pruning tables ... done.
[34mPruning round [m1 Phase: 1
FF Pruning: removed 1891 of 39681
[34mPruning round [m2 Phase: 1
FF Pruning: removed 0 of 37790
Pruning: 2974 of 50867
Leaf Primitive Pruning: 2382 of 39759
Pruning gave 0 new invariants
Assigning variable IDs for PDT ... done. 25831 new variables.
Decomposition Clauses generated.
Pruned clauses.
Block compression leads to 177 timesteps.
Decomp formula generated
State atoms
State formula
Matching
Invar time: 136.408ms SM: 0 M: 0 I: 0 SI: 2530
[34mFormula: [m2627811 decomposition 291913 state 447810 mutex
Formula has 3859343 vars and 140572377 clauses.
Formula time: 1701.409ms
Starting solver
Solver time: 29318.617ms
Solver state: [31mUNSAT[m


[33mGenerating formula for depth 92[m
Computing PDT took: 0.834 ms
Computed PDT. Extracting leafs ... 360 leafs
Clear pruning tables ... done.
[34mPruning round [m1 Phase: 1
FF Pruning: removed 1891 of 40131
[34mPruning round [m2 Phase: 1
FF Pruning: removed 0 of 38240
Pruning: 2974 of 51443
Leaf Primitive Pruning: 2382 of 40209
Pruning gave 0 new invariants
Assigning variable IDs for PDT ... done. 26135 new variables.
Decomposition Clauses generated.
Pruned clauses.
Block compression leads to 179 timesteps.
Decomp formula generated
State atoms
State formula
Matching
Invar time: 137.137ms SM: 0 M: 0 I: 0 SI: 2530
[34mFormula: [m2660253 decomposition 295337 state 452870 mutex
Formula has 3947218 vars and 143980837 clauses.
Formula time: 1658.900ms
Starting solver
Solver time: 32291.009ms
Solver state: [31mUNSAT[m


[33mGenerating formula for depth 93[m
Computing PDT took: 0.855 ms
Computed PDT. Extracting leafs ... 364 leafs
Clear pruning tables ... done.
[34mPruning round [m1 Phase: 1
FF Pruning: removed 1891 of 40581
[34mPruning round [m2 Phase: 1
FF Pruning: removed 0 of 38690
Pruning: 2974 of 52019
Leaf Primitive Pruning: 2382 of 40659
Pruning gave 0 new invariants
Assigning variable IDs for PDT ... done. 26439 new variables.
Decomposition Clauses generated.
Pruned clauses.
Block compression leads to 181 timesteps.
Decomp formula generated
State atoms
State formula
Matching
Invar time: 139.004ms SM: 0 M: 0 I: 0 SI: 2530
[34mFormula: [m2692695 decomposition 298761 state 457930 mutex
Formula has 4036083 vars and 147430223 clauses.
Formula time: 1719.845ms
Starting solver
Solver time: 28580.800ms
Solver state: [31mUNSAT[m


[33mGenerating formula for depth 94[m
Computing PDT took: 0.830 ms
Computed PDT. Extracting leafs ... 368 leafs
Clear pruning tables ... done.
[34mPruning round [m1 Phase: 1
FF Pruning: removed 1891 of 41031
[34mPruning round [m2 Phase: 1
FF Pruning: removed 0 of 39140
Pruning: 2974 of 52595
Leaf Primitive Pruning: 2382 of 41109
Pruning gave 0 new invariants
Assigning variable IDs for PDT ... done. 26743 new variables.
Decomposition Clauses generated.
Pruned clauses.
Block compression leads to 183 timesteps.
Decomp formula generated
State atoms
State formula
Matching
Invar time: 139.685ms SM: 0 M: 0 I: 0 SI: 2530
[34mFormula: [m2725137 decomposition 302185 state 462990 mutex
Formula has 4125938 vars and 150920535 clauses.
Formula time: 1781.707ms
Starting solver
Solver time: 40785.697ms
Solver state: [31mUNSAT[m


[33mGenerating formula for depth 95[m
Computing PDT took: 1.231 ms
Computed PDT. Extracting leafs ... 372 leafs
Clear pruning tables ... done.
[34mPruning round [m1 Phase: 1
FF Pruning: removed 1891 of 41481
[34mPruning round [m2 Phase: 1
FF Pruning: removed 0 of 39590
Pruning: 2974 of 53171
Leaf Primitive Pruning: 2382 of 41559
Pruning gave 0 new invariants
Assigning variable IDs for PDT ... done. 27047 new variables.
Decomposition Clauses generated.
Pruned clauses.
Block compression leads to 185 timesteps.
Decomp formula generated
State atoms
State formula
Matching
Invar time: 238.424ms SM: 0 M: 0 I: 0 SI: 2530
[34mFormula: [m2757579 decomposition 305609 state 468050 mutex
Formula has 4216783 vars and 154451773 clauses.
Formula time: 2787.465ms
Starting solver
Solver time: 35819.485ms
Solver state: [31mUNSAT[m


[33mGenerating formula for depth 96[m
Computing PDT took: 0.866 ms
Computed PDT. Extracting leafs ... 376 leafs
Clear pruning tables ... done.
[34mPruning round [m1 Phase: 1
FF Pruning: removed 1891 of 41931
[34mPruning round [m2 Phase: 1
FF Pruning: removed 0 of 40040
Pruning: 2974 of 53747
Leaf Primitive Pruning: 2382 of 42009
Pruning gave 0 new invariants
Assigning variable IDs for PDT ... done. 27351 new variables.
Decomposition Clauses generated.
Pruned clauses.
Block compression leads to 187 timesteps.
Decomp formula generated
State atoms
State formula
Matching
Invar time: 149.738ms SM: 0 M: 0 I: 0 SI: 2530
[34mFormula: [m2790021 decomposition 309033 state 473110 mutex
Formula has 4308618 vars and 158023937 clauses.
Formula time: 1919.918ms
Starting solver
Solver time: 51985.978ms
Solver state: [31mUNSAT[m


[33mGenerating formula for depth 97[m
Computing PDT took: 0.885 ms
Computed PDT. Extracting leafs ... 380 leafs
Clear pruning tables ... done.
[34mPruning round [m1 Phase: 1
FF Pruning: removed 1891 of 42381
[34mPruning round [m2 Phase: 1
FF Pruning: removed 0 of 40490
Pruning: 2974 of 54323
Leaf Primitive Pruning: 2382 of 42459
Pruning gave 0 new invariants
Assigning variable IDs for PDT ... done. 27655 new variables.
Decomposition Clauses generated.
Pruned clauses.
Block compression leads to 189 timesteps.
Decomp formula generated
State atoms
State formula
Matching
Invar time: 145.091ms SM: 0 M: 0 I: 0 SI: 2530
[34mFormula: [m2822463 decomposition 312457 state 478170 mutex
Formula has 4401443 vars and 161637027 clauses.
Formula time: 1843.164ms
Starting solver
Solver time: 39154.163ms
Solver state: [31mUNSAT[m


[33mGenerating formula for depth 98[m
Computing PDT took: 0.925 ms
Computed PDT. Extracting leafs ... 384 leafs
Clear pruning tables ... done.
[34mPruning round [m1 Phase: 1
FF Pruning: removed 1891 of 42831
[34mPruning round [m2 Phase: 1
FF Pruning: removed 0 of 40940
Pruning: 2974 of 54899
Leaf Primitive Pruning: 2382 of 42909
Pruning gave 0 new invariants
Assigning variable IDs for PDT ... done. 27959 new variables.
Decomposition Clauses generated.
Pruned clauses.
Block compression leads to 191 timesteps.
Decomp formula generated
State atoms
State formula
Matching
Invar time: 149.153ms SM: 0 M: 0 I: 0 SI: 2530
[34mFormula: [m2854905 decomposition 315881 state 483230 mutex
Formula has 4495258 vars and 165291043 clauses.
Formula time: 1987.154ms
Starting solver
Solver time: 63693.211ms
Solver state: [31mUNSAT[m


[33mGenerating formula for depth 99[m
Computing PDT took: 0.850 ms
Computed PDT. Extracting leafs ... 388 leafs
Clear pruning tables ... done.
[34mPruning round [m1 Phase: 1
FF Pruning: removed 1891 of 43281
[34mPruning round [m2 Phase: 1
FF Pruning: removed 0 of 41390
Pruning: 2974 of 55475
Leaf Primitive Pruning: 2382 of 43359
Pruning gave 0 new invariants
Assigning variable IDs for PDT ... done. 28263 new variables.
Decomposition Clauses generated.
Pruned clauses.
Block compression leads to 193 timesteps.
Decomp formula generated
State atoms
State formula
Matching
Invar time: 158.467ms SM: 0 M: 0 I: 0 SI: 2530
[34mFormula: [m2887347 decomposition 319305 state 488290 mutex
Formula has 4590063 vars and 168985985 clauses.
Formula time: 2057.092ms
Starting solver
Solver time: 81657.857ms
Solver state: [31mUNSAT[m


[33mGenerating formula for depth 100[m
Computing PDT took: 0.881 ms
Computed PDT. Extracting leafs ... 392 leafs
Clear pruning tables ... done.
[34mPruning round [m1 Phase: 1
FF Pruning: removed 1891 of 43731
[34mPruning round [m2 Phase: 1
FF Pruning: removed 0 of 41840
Pruning: 2974 of 56051
Leaf Primitive Pruning: 2382 of 43809
Pruning gave 0 new invariants
Assigning variable IDs for PDT ... done. 28567 new variables.
Decomposition Clauses generated.
Pruned clauses.
Block compression leads to 195 timesteps.
Decomp formula generated
State atoms
State formula
Matching
Invar time: 152.435ms SM: 0 M: 0 I: 0 SI: 2530
[34mFormula: [m2919789 decomposition 322729 state 493350 mutex
Formula has 4685858 vars and 172721853 clauses.
Formula time: 1945.501ms
Starting solver
Solver time: 116759.628ms
Solver state: [31mUNSAT[m


[33mGenerating formula for depth 101[m
Computing PDT took: 0.875 ms
Computed PDT. Extracting leafs ... 396 leafs
Clear pruning tables ... done.
[34mPruning round [m1 Phase: 1
FF Pruning: removed 1891 of 44181
[34mPruning round [m2 Phase: 1
FF Pruning: removed 0 of 42290
Pruning: 2974 of 56627
Leaf Primitive Pruning: 2382 of 44259
Pruning gave 0 new invariants
Assigning variable IDs for PDT ... done. 28871 new variables.
Decomposition Clauses generated.
Pruned clauses.
Block compression leads to 197 timesteps.
Decomp formula generated
State atoms
State formula
Matching
Invar time: 152.267ms SM: 0 M: 0 I: 0 SI: 2530
[34mFormula: [m2952231 decomposition 326153 state 498410 mutex
Formula has 4782643 vars and 176498647 clauses.
Formula time: 2098.324ms
Starting solver
Solver time: 171022.485ms
Solver state: [31mUNSAT[m


[33mGenerating formula for depth 102[m
Computing PDT took: 0.907 ms
Computed PDT. Extracting leafs ... 400 leafs
Clear pruning tables ... done.
[34mPruning round [m1 Phase: 1
FF Pruning: removed 1891 of 44631
[34mPruning round [m2 Phase: 1
FF Pruning: removed 0 of 42740
Pruning: 2974 of 57203
Leaf Primitive Pruning: 2382 of 44709
Pruning gave 0 new invariants
Assigning variable IDs for PDT ... done. 29175 new variables.
Decomposition Clauses generated.
Pruned clauses.
Block compression leads to 199 timesteps.
Decomp formula generated
State atoms
State formula
Matching
Invar time: 153.576ms SM: 0 M: 0 I: 0 SI: 2530
[34mFormula: [m2984673 decomposition 329577 state 503470 mutex
Formula has 4880418 vars and 180316367 clauses.
Formula time: 2004.896ms
Starting solver
Solver time: 180994.189ms
Solver state: [31mUNSAT[m


[33mGenerating formula for depth 103[m
Computing PDT took: 0.933 ms
Computed PDT. Extracting leafs ... 404 leafs
Clear pruning tables ... done.
[34mPruning round [m1 Phase: 1
FF Pruning: removed 1891 of 45081
[34mPruning round [m2 Phase: 1
FF Pruning: removed 0 of 43190
Pruning: 2974 of 57779
Leaf Primitive Pruning: 2382 of 45159
Pruning gave 0 new invariants
Assigning variable IDs for PDT ... done. 29479 new variables.
Decomposition Clauses generated.
Pruned clauses.
Block compression leads to 201 timesteps.
Decomp formula generated
State atoms
State formula
Matching
Invar time: 160.752ms SM: 0 M: 0 I: 0 SI: 2530
[34mFormula: [m3017115 decomposition 333001 state 508530 mutex
Formula has 4979183 vars and 184175013 clauses.
Formula time: 2303.913ms
Starting solver
Solver time: 234576.663ms
Solver state: [31mUNSAT[m


[33mGenerating formula for depth 104[m
Computing PDT took: 0.912 ms
Computed PDT. Extracting leafs ... 408 leafs
Clear pruning tables ... done.
[34mPruning round [m1 Phase: 1
FF Pruning: removed 1891 of 45531
[34mPruning round [m2 Phase: 1
FF Pruning: removed 0 of 43640
Pruning: 2974 of 58355
Leaf Primitive Pruning: 2382 of 45609
Pruning gave 0 new invariants
Assigning variable IDs for PDT ... done. 29783 new variables.
Decomposition Clauses generated.
Pruned clauses.
Block compression leads to 203 timesteps.
Decomp formula generated
State atoms
State formula
Matching
Invar time: 161.875ms SM: 0 M: 0 I: 0 SI: 2530
[34mFormula: [m3049557 decomposition 336425 state 513590 mutex
Formula has 5078938 vars and 188074585 clauses.
Formula time: 1836.256ms
Starting solver
Solver time: 211508.277ms
Solver state: [31mUNSAT[m


[33mGenerating formula for depth 105[m
Computing PDT took: 0.927 ms
Computed PDT. Extracting leafs ... 412 leafs
Clear pruning tables ... done.
[34mPruning round [m1 Phase: 1
FF Pruning: removed 1891 of 45981
[34mPruning round [m2 Phase: 1
FF Pruning: removed 0 of 44090
Pruning: 2974 of 58931
Leaf Primitive Pruning: 2382 of 46059
Pruning gave 0 new invariants
Assigning variable IDs for PDT ... done. 30087 new variables.
Decomposition Clauses generated.
Pruned clauses.
Block compression leads to 205 timesteps.
Decomp formula generated
State atoms
State formula
Matching
Invar time: 161.755ms SM: 0 M: 0 I: 0 SI: 2530
[34mFormula: [m3081999 decomposition 339849 state 518650 mutex
Formula has 5179683 vars and 192015083 clauses.
Formula time: 1838.804ms
Starting solver
Caught SIGTERM signal!

RUNWATCH_RESULT TIMEOUT RETVAL 33280 TIME_SECS 1800.93 MEMPEAK_KBS 3796
