    _           _         _
   \ |         \ |       | |                       
   | |     __  | |      _| |______                
   | |     \/  | |     /_   ______\                
   | |      _  | |   __  | |  ___   ___   ___       
   | |___  | | | |  / .\ | | / , | |   \ / ·_\    
   \_____\ |_| |__\ \__/ |_| \___) |_|_| \___\  
[39mL i l o t a n e  version rls-glucose4
by Dominik Schreiber <dominik.schreiber@kit.edu> 2020-2021
using SAT solver glucose4

0.016 Parser finished.
0.016 Structures extracted.
0.018 72 operators and 56 methods created.
0.053 Mined 27 new reduction preconditions (+39.7%).
0.053 Iteration 0.
0.053 Creating initial layer of size 2
0.066 Attempting to solve formula with 3 clauses (3 literals) and 1 assumptions
0.066 Unsolvable at layer 0 -- expanding.
0.066 Iteration 1.
0.066 New layer size: 27
0.066 Instantiating ...
0.317 Collected 75 relevant facts at this layer
0.317 Encoding ...
0.343 Attempting to solve formula with 4258 clauses (12287 literals) and 26 assumptions
0.343 Unsolvable at layer 1 -- expanding.
0.343 Iteration 2.
0.343 New layer size: 53
0.343 Instantiating ...
1.021 Collected 501 relevant facts at this layer
1.021 Encoding ...
1.072 Attempting to solve formula with 42671 clauses (115188 literals) and 26 assumptions
1.072 Unsolvable at layer 2 -- expanding.
1.072 Iteration 3.
1.072 New layer size: 79
1.072 Instantiating ...
2.390 Collected 814 relevant facts at this layer
2.390 Encoding ...
2.474 Attempting to solve formula with 82723 clauses (224038 literals) and 52 assumptions
2.474 Unsolvable at layer 3 -- expanding.
2.474 Iteration 4.
2.474 New layer size: 105
2.474 Instantiating ...
2.477 Retroactively prune reduction (_splitting_method_DO-AT-LOAD-AIRPLANE0_splitted_2 OBJ82 Q_3,0_AIRPLANE:0_8f66cca5f7e84d39 POS8)@(3,0): no children at offset 0
2.497 Retroactively prune reduction (M15-ACHIEVE-AT0 Q_3,1_AIRPLANE:0_8f66cca5f7e84d39 OBJ82 POS5)@(3,1): no children at offset 0
4.172 Collected 831 relevant facts at this layer
4.172 Encoding ...
4.268 Attempting to solve formula with 135015 clauses (362601 literals) and 78 assumptions
4.268 Unsolvable at layer 4 -- expanding.
4.268 Iteration 5.
4.268 New layer size: 183
4.268 Instantiating ...
6.524 Collected 1904 relevant facts at this layer
6.524 Encoding ...
7.024 Attempting to solve formula with 457993 clauses (1410890 literals) and 104 assumptions
7.024 Unsolvable at layer 5 -- expanding.
7.024 Iteration 6.
7.024 New layer size: 287
7.024 Instantiating ...
9.939 Collected 1904 relevant facts at this layer
9.939 Encoding ...
10.898 Attempting to solve formula with 1028577 clauses (3317896 literals) and 130 assumptions
10.899 Unsolvable at layer 6 -- expanding.
10.899 Iteration 7.
10.899 New layer size: 417
10.899 Instantiating ...
14.487 Collected 1904 relevant facts at this layer
14.487 Encoding ...
15.783 Attempting to solve formula with 1802530 clauses (5943914 literals) and 156 assumptions
17.466 Unsolvable at layer 7 -- expanding.
17.466 Iteration 8.
17.467 New layer size: 573
17.467 Instantiating ...
21.849 Collected 1904 relevant facts at this layer
21.849 Encoding ...
23.554 Attempting to solve formula with 2771198 clauses (9280040 literals) and 182 assumptions
23.775 Unsolvable at layer 8 -- expanding.
23.775 Iteration 9.
23.775 New layer size: 755
23.775 Instantiating ...
28.913 Collected 1904 relevant facts at this layer
28.913 Encoding ...
31.273 Attempting to solve formula with 3914924 clauses (13228212 literals) and 208 assumptions
31.437 Unsolvable at layer 9 -- expanding.
31.437 Iteration 10.
31.438 New layer size: 963
31.438 Instantiating ...
37.530 Collected 1904 relevant facts at this layer
37.530 Encoding ...
40.395 Attempting to solve formula with 5233292 clauses (17785387 literals) and 234 assumptions
40.572 Unsolvable at layer 10 -- expanding.
40.572 Iteration 11.
40.573 New layer size: 1197
40.573 Instantiating ...
47.446 Collected 1904 relevant facts at this layer
47.446 Encoding ...
50.964 Attempting to solve formula with 6726407 clauses (22950938 literals) and 260 assumptions
51.145 Unsolvable at layer 11 -- expanding.
51.145 Iteration 12.
51.145 New layer size: 1457
51.145 Instantiating ...
59.063 Collected 1904 relevant facts at this layer
59.063 Encoding ...
63.393 Attempting to solve formula with 8394806 clauses (28725931 literals) and 286 assumptions
c
c Try to adapt solver strategies
c 
c Nothing extreme in this problem, continue with glucose default strategies.
c
1800.063 Termination signal caught.
1800.063 Total amount of clauses encoded: 8394806
1800.063 - directframeaxioms : 3382026 cls
1800.063 - qfactsemantics : 1998350 cls
1800.063 - indirectframeaxioms : 1941318 cls
1800.063 - reductionconstraints : 686469 cls
1800.063 - atmostoneelement : 149883 cls
1800.063 - actionconstraints : 51374 cls
1800.063 - substitutionconstraints : 44223 cls
1800.063 - qconstequality : 43929 cls
1800.063 - expansions : 41804 cls
1800.063 - predecessors : 40339 cls
1800.063 - actioneffects : 9087 cls
1800.063 - qtypeconstraints : 4095 cls
1800.063 - truefacts : 1904 cls
1800.063 - forbiddenoperations : 3 cls
1800.063 - axiomaticops : 2 cls
1800.063 # instantiated positions: 6097
1800.063 # instantiated actions: 31266
1800.063 # instantiated reductions: 9074
1800.063 # introduced pseudo-constants: 4989
1800.063 # retroactive prunings: 4
1800.063 # retroactively pruned operations: 5
1800.063 # dominated operations: 0
1800.063 # total invalid rigid preconditions found in getPFC: 0
1800.063 # invalid rigid preconditions found in getPFC: 0
1800.063 # invalid rigid preconditions found in getPFC in varrestrictions: 0
1800.063 # total invalid fluent preconditions found in getPFC: 89
1800.063 # invalid fluent preconditions found in getPFC: 37
1800.063 # invalid fluent preconditions found in getPFC in varrestrictions: 52
1800.063 # invalid fluent preconditions found in getPFC via postconditions: 0
1800.063 # invalid subtasks found in getPFC: 0
1800.063 # number effects in operation fact_frames: 634
1800.063 # number of variables restricted: 479626
1800.063 Exiting happily.

RUNWATCH_RESULT TIMEOUT RETVAL 0 TIME_SECS 1800.26 MEMPEAK_KBS 2616628
