    _           _         _
   \ |         \ |       | |                       
   | |     __  | |      _| |______                
   | |     \/  | |     /_   ______\                
   | |      _  | |   __  | |  ___   ___   ___       
   | |___  | | | |  / .\ | | / , | |   \ / ·_\    
   \_____\ |_| |__\ \__/ |_| \___) |_|_| \___\  
[39mL i l o t a n e  version rls-glucose4
by Dominik Schreiber <dominik.schreiber@kit.edu> 2020-2021
using SAT solver glucose4

0.010 Parser finished.
0.010 Structures extracted.
0.011 72 operators and 56 methods created.
0.028 Mined 44 new reduction preconditions (+64.7%).
0.028 Iteration 0.
0.028 Creating initial layer of size 2
0.033 Attempting to solve formula with 3 clauses (3 literals) and 1 assumptions
0.033 Unsolvable at layer 0 -- expanding.
0.033 Iteration 1.
0.033 New layer size: 14
0.033 Instantiating ...
0.045 Collected 34 relevant facts at this layer
0.046 Encoding ...
0.048 Attempting to solve formula with 983 clauses (2721 literals) and 12 assumptions
0.048 Unsolvable at layer 1 -- expanding.
0.048 Iteration 2.
0.048 New layer size: 26
0.048 Instantiating ...
0.080 Collected 233 relevant facts at this layer
0.080 Encoding ...
0.089 Attempting to solve formula with 8871 clauses (23927 literals) and 12 assumptions
0.090 Unsolvable at layer 2 -- expanding.
0.090 Iteration 3.
0.090 New layer size: 38
0.090 Instantiating ...
0.152 Collected 318 relevant facts at this layer
0.152 Encoding ...
0.164 Attempting to solve formula with 17277 clauses (47001 literals) and 24 assumptions
0.164 Unsolvable at layer 3 -- expanding.
0.164 Iteration 4.
0.164 New layer size: 50
0.164 Instantiating ...
0.238 Collected 327 relevant facts at this layer
0.239 Encoding ...
0.254 Attempting to solve formula with 28279 clauses (76895 literals) and 36 assumptions
0.254 Unsolvable at layer 4 -- expanding.
0.254 Iteration 5.
0.255 New layer size: 86
0.255 Instantiating ...
0.361 Collected 537 relevant facts at this layer
0.361 Encoding ...
0.417 Attempting to solve formula with 77217 clauses (233767 literals) and 48 assumptions
0.417 Unsolvable at layer 5 -- expanding.
0.417 Iteration 6.
0.417 New layer size: 134
0.417 Instantiating ...
0.576 Collected 537 relevant facts at this layer
0.576 Encoding ...
0.681 Attempting to solve formula with 166643 clauses (529170 literals) and 60 assumptions
0.686 Unsolvable at layer 6 -- expanding.
0.686 Iteration 7.
0.686 New layer size: 194
0.686 Instantiating ...
0.903 Collected 537 relevant facts at this layer
0.903 Encoding ...
1.059 Attempting to solve formula with 288371 clauses (935190 literals) and 72 assumptions
1.140 Unsolvable at layer 7 -- expanding.
1.140 Iteration 8.
1.140 New layer size: 266
1.140 Instantiating ...
1.432 Collected 537 relevant facts at this layer
1.432 Encoding ...
1.645 Attempting to solve formula with 441943 clauses (1453902 literals) and 84 assumptions
1.753 Unsolvable at layer 8 -- expanding.
1.753 Iteration 9.
1.753 New layer size: 350
1.753 Instantiating ...
2.137 Collected 537 relevant facts at this layer
2.138 Encoding ...
2.499 Attempting to solve formula with 624091 clauses (2068995 literals) and 96 assumptions
2.739 Unsolvable at layer 9 -- expanding.
2.739 Iteration 10.
2.740 New layer size: 446
2.740 Instantiating ...
3.198 Collected 537 relevant facts at this layer
3.198 Encoding ...
3.552 Attempting to solve formula with 835040 clauses (2780919 literals) and 108 assumptions
4.257 Unsolvable at layer 10 -- expanding.
4.257 Iteration 11.
4.258 New layer size: 554
4.258 Instantiating ...
4.860 Collected 537 relevant facts at this layer
4.860 Encoding ...
5.375 Attempting to solve formula with 1075029 clauses (3590151 literals) and 120 assumptions
6.633 Unsolvable at layer 11 -- expanding.
6.633 Iteration 12.
6.634 New layer size: 674
6.634 Instantiating ...
7.344 Collected 537 relevant facts at this layer
7.344 Encoding ...
8.002 Attempting to solve formula with 1344298 clauses (4497171 literals) and 132 assumptions
c
c Try to adapt solver strategies
c 
c Nothing extreme in this problem, continue with glucose default strategies.
c
c last restart ## conflicts  :  68 17968 
46.224 Found a solution at layer 12.
==>
123000 i-LOCK-AT OBJ22 POS2
123005 i-LOCK-AT TRU5 POS5
123147 i-UNLOCK-AT TRU5 POS5
123150 LOAD-TRUCK OBJ51 TRU5 POS5
123152 i-LOCK-AT TRU5 POS5
123328 i-UNLOCK-AT TRU5 POS5
123336 UNLOAD-TRUCK OBJ51 TRU5 POS5
123343 i-LOCK-AT TRU5 POS5
123510 i-UNLOCK-AT TRU5 POS5
123517 LOAD-TRUCK OBJ51 TRU5 POS5
123527 i-LOCK-AT TRU5 POS5
123683 i-UNLOCK-AT TRU5 POS5
123690 UNLOAD-TRUCK OBJ51 TRU5 POS5
123700 i-LOCK-AT TRU5 POS5
123851 i-UNLOCK-AT TRU5 POS5
123864 LOAD-TRUCK OBJ51 TRU5 POS5
123874 DRIVE-TRUCK TRU5 POS5 APT5 CIT5
124128 i-LOCK-AT TRU5 APT5
124135 i-UNLOCK-AT TRU5 APT5
124148 UNLOAD-TRUCK OBJ51 TRU5 APT5
125089 i-LOCK-AT OBJ51 APT5
125091 i-LOCK-AT TRU4 POS4
125243 i-UNLOCK-AT TRU4 POS4
125246 LOAD-TRUCK OBJ41 TRU4 POS4
125256 DRIVE-TRUCK TRU4 POS4 APT4 CIT4
125415 i-LOCK-AT TRU4 APT4
125425 i-UNLOCK-AT TRU4 APT4
125434 UNLOAD-TRUCK OBJ41 TRU4 APT4
125437 i-LOCK-AT TRU4 APT4
125609 i-UNLOCK-AT TRU4 APT4
125616 LOAD-TRUCK OBJ41 TRU4 APT4
125631 i-LOCK-AT TRU4 APT4
125783 i-UNLOCK-AT TRU4 APT4
125789 UNLOAD-TRUCK OBJ41 TRU4 APT4
125798 FLY-AIRPLANE APN1 APT2 APT4
125945 i-LOCK-AT APN1 APT4
125956 i-UNLOCK-AT APN1 APT4
125963 LOAD-AIRPLANE OBJ41 APN1 APT4
125969 FLY-AIRPLANE APN1 APT4 APT3
126229 i-LOCK-AT APN1 APT3
126235 i-UNLOCK-AT APN1 APT3
126247 UNLOAD-AIRPLANE OBJ41 APN1 APT3
127201 i-LOCK-AT OBJ41 APT3
127208 i-LOCK-AT TRU3 POS3
127355 i-UNLOCK-AT TRU3 POS3
127357 LOAD-TRUCK OBJ32 TRU3 POS3
127361 DRIVE-TRUCK TRU3 POS3 APT3 CIT3
127531 i-LOCK-AT TRU3 APT3
127533 i-UNLOCK-AT TRU3 APT3
127545 UNLOAD-TRUCK OBJ32 TRU3 APT3
127549 i-LOCK-AT TRU3 APT3
127719 i-UNLOCK-AT TRU3 APT3
127727 LOAD-TRUCK OBJ32 TRU3 APT3
127737 i-LOCK-AT TRU3 APT3
127898 i-UNLOCK-AT TRU3 APT3
127901 UNLOAD-TRUCK OBJ32 TRU3 APT3
127907 i-LOCK-AT APN1 APT3
128065 i-UNLOCK-AT APN1 APT3
128073 LOAD-AIRPLANE OBJ32 APN1 APT3
128079 FLY-AIRPLANE APN1 APT3 APT2
128340 i-LOCK-AT APN1 APT2
128350 i-UNLOCK-AT APN1 APT2
128358 UNLOAD-AIRPLANE OBJ32 APN1 APT2
129313 i-LOCK-AT OBJ32 APT2
129322 DRIVE-TRUCK TRU3 APT3 APT3 CIT3
129325 DRIVE-TRUCK TRU3 APT3 APT3 CIT3
129331 DRIVE-TRUCK TRU3 APT3 APT3 CIT3
129333 DRIVE-TRUCK TRU3 APT3 APT3 CIT3
129339 DRIVE-TRUCK TRU3 APT3 POS3 CIT3
129460 i-LOCK-AT TRU3 POS3
129467 i-UNLOCK-AT TRU3 POS3
129469 LOAD-TRUCK OBJ33 TRU3 POS3
129477 DRIVE-TRUCK TRU3 POS3 POS3 CIT3
129489 DRIVE-TRUCK TRU3 POS3 POS3 CIT3
129495 DRIVE-TRUCK TRU3 POS3 POS3 CIT3
129500 DRIVE-TRUCK TRU3 POS3 APT3 CIT3
129640 i-LOCK-AT TRU3 APT3
129652 i-UNLOCK-AT TRU3 APT3
129655 UNLOAD-TRUCK OBJ33 TRU3 APT3
129665 FLY-AIRPLANE APN1 APT2 APT5
129678 FLY-AIRPLANE APN1 APT5 APT5
129684 FLY-AIRPLANE APN1 APT5 APT2
129691 FLY-AIRPLANE APN1 APT2 APT3
129821 i-LOCK-AT APN1 APT3
129833 i-UNLOCK-AT APN1 APT3
129838 LOAD-AIRPLANE OBJ33 APN1 APT3
129855 FLY-AIRPLANE APN1 APT3 APT2
129861 FLY-AIRPLANE APN1 APT2 APT2
129867 FLY-AIRPLANE APN1 APT2 APT1
130000 i-LOCK-AT APN1 APT1
130010 i-UNLOCK-AT APN1 APT1
130014 UNLOAD-AIRPLANE OBJ33 APN1 APT1
130031 DRIVE-TRUCK TRU1 POS1 APT1 CIT1
130169 i-LOCK-AT TRU1 APT1
130177 i-UNLOCK-AT TRU1 APT1
130186 LOAD-TRUCK OBJ33 TRU1 APT1
130197 DRIVE-TRUCK TRU1 APT1 POS1 CIT1
130454 i-LOCK-AT TRU1 POS1
130460 i-UNLOCK-AT TRU1 POS1
130469 UNLOAD-TRUCK OBJ33 TRU1 POS1
131424 i-LOCK-AT OBJ33 POS1
131433 DRIVE-TRUCK TRU5 APT5 APT5 CIT5
131439 DRIVE-TRUCK TRU5 APT5 APT5 CIT5
131441 DRIVE-TRUCK TRU5 APT5 POS5 CIT5
131573 i-LOCK-AT TRU5 POS5
131575 i-UNLOCK-AT TRU5 POS5
131583 LOAD-TRUCK OBJ53 TRU5 POS5
131588 DRIVE-TRUCK TRU5 POS5 POS5 CIT5
131599 DRIVE-TRUCK TRU5 POS5 APT5 CIT5
131755 i-LOCK-AT TRU5 APT5
131757 i-UNLOCK-AT TRU5 APT5
131771 UNLOAD-TRUCK OBJ53 TRU5 APT5
131777 FLY-AIRPLANE APN2 APT1 APT2
131788 FLY-AIRPLANE APN2 APT2 APT5
131935 i-LOCK-AT APN2 APT5
131940 i-UNLOCK-AT APN2 APT5
131953 LOAD-AIRPLANE OBJ53 APN2 APT5
131965 FLY-AIRPLANE APN2 APT5 APT5
131972 FLY-AIRPLANE APN2 APT5 APT2
131976 FLY-AIRPLANE APN2 APT2 APT1
132113 i-LOCK-AT APN2 APT1
132121 i-UNLOCK-AT APN2 APT1
132129 UNLOAD-AIRPLANE OBJ53 APN2 APT1
132134 DRIVE-TRUCK TRU1 POS1 POS1 CIT1
132145 DRIVE-TRUCK TRU1 POS1 APT1 CIT1
132283 i-LOCK-AT TRU1 APT1
132288 i-UNLOCK-AT TRU1 APT1
132296 LOAD-TRUCK OBJ53 TRU1 APT1
132305 DRIVE-TRUCK TRU1 APT1 POS1 CIT1
132563 i-LOCK-AT TRU1 POS1
132573 i-UNLOCK-AT TRU1 POS1
132582 UNLOAD-TRUCK OBJ53 TRU1 POS1
133536 i-LOCK-AT OBJ53 POS1
133546 i-LOCK-AT TRU1 POS1
133690 i-UNLOCK-AT TRU1 POS1
133694 LOAD-TRUCK OBJ13 TRU1 POS1
133708 DRIVE-TRUCK TRU1 POS1 POS1 CIT1
133715 DRIVE-TRUCK TRU1 POS1 POS1 CIT1
133719 DRIVE-TRUCK TRU1 POS1 POS1 CIT1
133725 DRIVE-TRUCK TRU1 POS1 APT1 CIT1
133866 i-LOCK-AT TRU1 APT1
133877 i-UNLOCK-AT TRU1 APT1
133880 UNLOAD-TRUCK OBJ13 TRU1 APT1
133890 i-LOCK-AT APN1 APT1
134053 i-UNLOCK-AT APN1 APT1
134062 LOAD-AIRPLANE OBJ13 APN1 APT1
134070 FLY-AIRPLANE APN1 APT1 APT1
134081 FLY-AIRPLANE APN1 APT1 APT4
134222 i-LOCK-AT APN1 APT4
134231 i-UNLOCK-AT APN1 APT4
134240 UNLOAD-AIRPLANE OBJ13 APN1 APT4
134247 i-LOCK-AT TRU4 APT4
134399 i-UNLOCK-AT TRU4 APT4
134411 LOAD-TRUCK OBJ13 TRU4 APT4
134413 DRIVE-TRUCK TRU4 APT4 POS4 CIT4
134676 i-LOCK-AT TRU4 POS4
134689 i-UNLOCK-AT TRU4 POS4
134693 UNLOAD-TRUCK OBJ13 TRU4 POS4
135648 i-LOCK-AT OBJ13 POS4
135659 DRIVE-TRUCK TRU5 APT5 APT5 CIT5
135662 DRIVE-TRUCK TRU5 APT5 POS5 CIT5
135797 i-LOCK-AT TRU5 POS5
135801 i-UNLOCK-AT TRU5 POS5
135805 LOAD-TRUCK OBJ52 TRU5 POS5
135820 DRIVE-TRUCK TRU5 POS5 APT5 CIT5
135979 i-LOCK-AT TRU5 APT5
135987 i-UNLOCK-AT TRU5 APT5
135991 UNLOAD-TRUCK OBJ52 TRU5 APT5
136008 FLY-AIRPLANE APN2 APT1 APT3
136014 FLY-AIRPLANE APN2 APT3 APT1
136020 FLY-AIRPLANE APN2 APT1 APT3
136026 FLY-AIRPLANE APN2 APT3 APT5
136160 i-LOCK-AT APN2 APT5
136169 i-UNLOCK-AT APN2 APT5
136173 LOAD-AIRPLANE OBJ52 APN2 APT5
136186 FLY-AIRPLANE APN2 APT5 APT5
136195 FLY-AIRPLANE APN2 APT5 APT2
136199 FLY-AIRPLANE APN2 APT2 APT4
136335 i-LOCK-AT APN2 APT4
136341 i-UNLOCK-AT APN2 APT4
136353 UNLOAD-AIRPLANE OBJ52 APN2 APT4
137760 i-LOCK-AT OBJ52 APT4
137770 i-LOCK-AT TRU4 POS4
137915 i-UNLOCK-AT TRU4 POS4
137919 LOAD-TRUCK OBJ43 TRU4 POS4
137925 DRIVE-TRUCK TRU4 POS4 APT4 CIT4
138087 i-LOCK-AT TRU4 APT4
138095 i-UNLOCK-AT TRU4 APT4
138105 UNLOAD-TRUCK OBJ43 TRU4 APT4
138117 i-LOCK-AT APN2 APT4
138283 i-UNLOCK-AT APN2 APT4
138286 LOAD-AIRPLANE OBJ43 APN2 APT4
138296 FLY-AIRPLANE APN2 APT4 APT5
138448 i-LOCK-AT APN2 APT5
138454 i-UNLOCK-AT APN2 APT5
138461 UNLOAD-AIRPLANE OBJ43 APN2 APT5
138478 FLY-AIRPLANE APN1 APT4 APT2
138482 FLY-AIRPLANE APN1 APT2 APT5
138619 i-LOCK-AT APN1 APT5
138624 i-UNLOCK-AT APN1 APT5
138633 LOAD-AIRPLANE OBJ43 APN1 APT5
138639 FLY-AIRPLANE APN1 APT5 APT2
138901 i-LOCK-AT APN1 APT2
138909 i-UNLOCK-AT APN1 APT2
138918 UNLOAD-AIRPLANE OBJ43 APN1 APT2
139873 i-LOCK-AT OBJ43 APT2
139876 DRIVE-TRUCK TRU1 APT1 APT1 CIT1
139887 DRIVE-TRUCK TRU1 APT1 APT1 CIT1
139889 DRIVE-TRUCK TRU1 APT1 APT1 CIT1
139894 DRIVE-TRUCK TRU1 APT1 APT1 CIT1
139897 DRIVE-TRUCK TRU1 APT1 POS1 CIT1
140021 i-LOCK-AT TRU1 POS1
140027 i-UNLOCK-AT TRU1 POS1
140031 LOAD-TRUCK OBJ11 TRU1 POS1
140036 DRIVE-TRUCK TRU1 POS1 POS1 CIT1
140050 DRIVE-TRUCK TRU1 POS1 APT1 CIT1
140202 i-LOCK-AT TRU1 APT1
140210 i-UNLOCK-AT TRU1 APT1
140217 UNLOAD-TRUCK OBJ11 TRU1 APT1
140233 FLY-AIRPLANE APN1 APT2 APT2
140238 FLY-AIRPLANE APN1 APT2 APT2
140242 FLY-AIRPLANE APN1 APT2 APT2
140247 FLY-AIRPLANE APN1 APT2 APT1
140383 i-LOCK-AT APN1 APT1
140391 i-UNLOCK-AT APN1 APT1
140400 LOAD-AIRPLANE OBJ11 APN1 APT1
140415 FLY-AIRPLANE APN1 APT1 APT5
140560 i-LOCK-AT APN1 APT5
140568 i-UNLOCK-AT APN1 APT5
140576 UNLOAD-AIRPLANE OBJ11 APN1 APT5
140591 i-LOCK-AT TRU5 APT5
140739 i-UNLOCK-AT TRU5 APT5
140747 LOAD-TRUCK OBJ11 TRU5 APT5
140754 DRIVE-TRUCK TRU5 APT5 POS5 CIT5
141012 i-LOCK-AT TRU5 POS5
141019 i-UNLOCK-AT TRU5 POS5
141030 UNLOAD-TRUCK OBJ11 TRU5 POS5
141985 i-LOCK-AT OBJ11 POS5
141995 i-LOCK-AT TRU2 POS2
142135 i-UNLOCK-AT TRU2 POS2
142142 LOAD-TRUCK OBJ23 TRU2 POS2
142151 DRIVE-TRUCK TRU2 POS2 POS2 CIT2
142162 DRIVE-TRUCK TRU2 POS2 POS2 CIT2
142168 DRIVE-TRUCK TRU2 POS2 POS2 CIT2
142173 DRIVE-TRUCK TRU2 POS2 POS2 CIT2
142179 DRIVE-TRUCK TRU2 POS2 APT2 CIT2
142315 i-LOCK-AT TRU2 APT2
142322 i-UNLOCK-AT TRU2 APT2
142328 UNLOAD-TRUCK OBJ23 TRU2 APT2
142341 FLY-AIRPLANE APN1 APT5 APT1
142351 FLY-AIRPLANE APN1 APT1 APT1
142353 FLY-AIRPLANE APN1 APT1 APT1
142361 FLY-AIRPLANE APN1 APT1 APT2
142497 i-LOCK-AT APN1 APT2
142507 i-UNLOCK-AT APN1 APT2
142511 LOAD-AIRPLANE OBJ23 APN1 APT2
142519 FLY-AIRPLANE APN1 APT2 APT3
142530 FLY-AIRPLANE APN1 APT3 APT1
142536 FLY-AIRPLANE APN1 APT1 APT5
142669 i-LOCK-AT APN1 APT5
142682 i-UNLOCK-AT APN1 APT5
142689 UNLOAD-AIRPLANE OBJ23 APN1 APT5
142694 DRIVE-TRUCK TRU5 POS5 POS5 CIT5
142709 DRIVE-TRUCK TRU5 POS5 APT5 CIT5
142843 i-LOCK-AT TRU5 APT5
142851 i-UNLOCK-AT TRU5 APT5
142858 LOAD-TRUCK OBJ23 TRU5 APT5
142870 DRIVE-TRUCK TRU5 APT5 POS5 CIT5
143123 i-LOCK-AT TRU5 POS5
143135 i-UNLOCK-AT TRU5 POS5
143140 UNLOAD-TRUCK OBJ23 TRU5 POS5
144096 i-LOCK-AT OBJ23 POS5
144102 DRIVE-TRUCK TRU1 APT1 APT1 CIT1
144111 DRIVE-TRUCK TRU1 APT1 APT1 CIT1
144115 DRIVE-TRUCK TRU1 APT1 APT1 CIT1
144118 DRIVE-TRUCK TRU1 APT1 POS1 CIT1
144245 i-LOCK-AT TRU1 POS1
144251 i-UNLOCK-AT TRU1 POS1
144254 LOAD-TRUCK OBJ12 TRU1 POS1
144266 DRIVE-TRUCK TRU1 POS1 POS1 CIT1
144273 DRIVE-TRUCK TRU1 POS1 POS1 CIT1
144280 DRIVE-TRUCK TRU1 POS1 POS1 CIT1
144287 DRIVE-TRUCK TRU1 POS1 POS1 CIT1
144291 DRIVE-TRUCK TRU1 POS1 APT1 CIT1
144426 i-LOCK-AT TRU1 APT1
144435 i-UNLOCK-AT TRU1 APT1
144443 UNLOAD-TRUCK OBJ12 TRU1 APT1
144447 FLY-AIRPLANE APN2 APT5 APT2
144463 FLY-AIRPLANE APN2 APT2 APT2
144468 FLY-AIRPLANE APN2 APT2 APT2
144471 FLY-AIRPLANE APN2 APT2 APT1
144606 i-LOCK-AT APN2 APT1
144611 i-UNLOCK-AT APN2 APT1
144624 LOAD-AIRPLANE OBJ12 APN2 APT1
144630 FLY-AIRPLANE APN2 APT1 APT4
144642 FLY-AIRPLANE APN2 APT4 APT3
144781 i-LOCK-AT APN2 APT3
144791 i-UNLOCK-AT APN2 APT3
144797 UNLOAD-AIRPLANE OBJ12 APN2 APT3
144810 i-LOCK-AT TRU3 APT3
144965 i-UNLOCK-AT TRU3 APT3
144971 LOAD-TRUCK OBJ12 TRU3 APT3
144977 DRIVE-TRUCK TRU3 APT3 POS3 CIT3
145239 i-LOCK-AT TRU3 POS3
145249 i-UNLOCK-AT TRU3 POS3
145252 UNLOAD-TRUCK OBJ12 TRU3 POS3
146209 i-LOCK-AT OBJ12 POS3
146212 i-LOCK-AT TRU3 POS3
146361 i-UNLOCK-AT TRU3 POS3
146367 LOAD-TRUCK OBJ31 TRU3 POS3
146369 i-LOCK-AT TRU3 POS3
146547 i-UNLOCK-AT TRU3 POS3
146552 UNLOAD-TRUCK OBJ31 TRU3 POS3
146565 i-LOCK-AT TRU3 POS3
146729 i-UNLOCK-AT TRU3 POS3
146735 LOAD-TRUCK OBJ31 TRU3 POS3
146747 DRIVE-TRUCK TRU3 POS3 APT3 CIT3
146896 i-LOCK-AT TRU3 APT3
146902 i-UNLOCK-AT TRU3 APT3
146910 UNLOAD-TRUCK OBJ31 TRU3 APT3
146921 FLY-AIRPLANE APN1 APT5 APT5
146932 FLY-AIRPLANE APN1 APT5 APT3
147063 i-LOCK-AT APN1 APT3
147075 i-UNLOCK-AT APN1 APT3
147082 LOAD-AIRPLANE OBJ31 APN1 APT3
147085 FLY-AIRPLANE APN1 APT3 APT1
147350 i-LOCK-AT APN1 APT1
147358 i-UNLOCK-AT APN1 APT1
147366 UNLOAD-AIRPLANE OBJ31 APN1 APT1
148321 i-LOCK-AT OBJ31 APT1
root 122999 41 46 84 122 160 198 236 274 312 350 388 426
41 ACHIEVE-AT OBJ51 APT5 -> M10-ACHIEVE-AT 699 125089
46 ACHIEVE-AT OBJ41 APT3 -> M10-ACHIEVE-AT 951 127201
84 ACHIEVE-AT OBJ32 APT2 -> M10-ACHIEVE-AT 1205 129313
122 ACHIEVE-AT OBJ33 POS1 -> M10-ACHIEVE-AT 1460 131424
160 ACHIEVE-AT OBJ53 POS1 -> M10-ACHIEVE-AT 1712 133536
198 ACHIEVE-AT OBJ13 POS4 -> M10-ACHIEVE-AT 1966 135648
236 ACHIEVE-AT OBJ52 APT4 -> M10-ACHIEVE-AT 2221 137760
274 ACHIEVE-AT OBJ43 APT2 -> M10-ACHIEVE-AT 2474 139873
312 ACHIEVE-AT OBJ11 POS5 -> M10-ACHIEVE-AT 2728 141985
350 ACHIEVE-AT OBJ23 POS5 -> M10-ACHIEVE-AT 2982 144096
388 ACHIEVE-AT OBJ12 POS3 -> M10-ACHIEVE-AT 3236 146209
426 ACHIEVE-AT OBJ31 APT1 -> M10-ACHIEVE-AT 3491 148321
699 ACHIEVE-AT0 OBJ51 APT5 -> M12-ACHIEVE-AT0 4678 3844
951 ACHIEVE-AT0 OBJ41 APT3 -> M12-ACHIEVE-AT0 4761 3902
1205 ACHIEVE-AT0 OBJ32 APT2 -> M12-ACHIEVE-AT0 4848 3970
1460 ACHIEVE-AT0 OBJ33 POS1 -> M12-ACHIEVE-AT0 4935 4043
1712 ACHIEVE-AT0 OBJ53 POS1 -> M12-ACHIEVE-AT0 5022 4112
1966 ACHIEVE-AT0 OBJ13 POS4 -> M12-ACHIEVE-AT0 5109 4186
2221 ACHIEVE-AT0 OBJ52 APT4 -> M12-ACHIEVE-AT0 5196 4253
2474 ACHIEVE-AT0 OBJ43 APT2 -> M12-ACHIEVE-AT0 5282 4324
2728 ACHIEVE-AT0 OBJ11 POS5 -> M12-ACHIEVE-AT0 5370 4396
2982 ACHIEVE-AT0 OBJ23 POS5 -> M12-ACHIEVE-AT0 5456 4466
3236 ACHIEVE-AT0 OBJ12 POS3 -> M12-ACHIEVE-AT0 5544 4540
3491 ACHIEVE-AT0 OBJ31 APT1 -> M12-ACHIEVE-AT0 5630 4609
3844 ACHIEVE-AT0 OBJ51 APT5 -> M14-ACHIEVE-AT0 6135 4705
3902 ACHIEVE-AT0 OBJ41 APT3 -> M14-ACHIEVE-AT0 7191 4791
3970 ACHIEVE-AT0 OBJ32 APT2 -> M14-ACHIEVE-AT0 8251 4879
4043 ACHIEVE-AT0 OBJ33 POS1 -> M14-ACHIEVE-AT0 9309 4966
4112 ACHIEVE-AT0 OBJ53 POS1 -> M14-ACHIEVE-AT0 10371 5053
4186 ACHIEVE-AT0 OBJ13 POS4 -> M14-ACHIEVE-AT0 11428 5136
4253 ACHIEVE-AT0 OBJ52 APT4 -> M14-ACHIEVE-AT0 12489 5225
4324 ACHIEVE-AT0 OBJ43 APT2 -> M14-ACHIEVE-AT0 13545 5313
4396 ACHIEVE-AT0 OBJ11 POS5 -> M14-ACHIEVE-AT0 14606 5400
4466 ACHIEVE-AT0 OBJ23 POS5 -> M14-ACHIEVE-AT0 15666 5484
4540 ACHIEVE-AT0 OBJ12 POS3 -> M14-ACHIEVE-AT0 16723 5572
4609 ACHIEVE-AT0 OBJ31 APT1 -> M14-ACHIEVE-AT0 17781 5662
4678 DO-AT-LOAD-TRUCK0 OBJ51 TRU5 POS5 -> M4-DO-AT-LOAD-TRUCK0 123004 123146 123150
4705 ACHIEVE-AT0 OBJ51 APT5 -> M12-ACHIEVE-AT0 18978 6360
4761 DO-AT-LOAD-TRUCK0 OBJ41 TRU4 POS4 -> M4-DO-AT-LOAD-TRUCK0 125090 125242 125246
4791 ACHIEVE-AT0 OBJ41 APT3 -> M12-ACHIEVE-AT0 19915 7414
4848 DO-AT-LOAD-TRUCK0 OBJ32 TRU3 POS3 -> M4-DO-AT-LOAD-TRUCK0 127207 127354 127357
4879 ACHIEVE-AT0 OBJ32 APT2 -> M12-ACHIEVE-AT0 20852 8477
4935 DO-AT-LOAD-TRUCK0 OBJ33 TRU3 POS3 -> M4-DO-AT-LOAD-TRUCK0 8948 129466 129469
4966 ACHIEVE-AT0 OBJ33 POS1 -> M13-ACHIEVE-AT0 21792 9536
5022 DO-AT-LOAD-TRUCK0 OBJ53 TRU5 POS5 -> M4-DO-AT-LOAD-TRUCK0 10006 131574 131583
5053 ACHIEVE-AT0 OBJ53 POS1 -> M13-ACHIEVE-AT0 22731 10594
5109 DO-AT-LOAD-TRUCK0 OBJ13 TRU1 POS1 -> M4-DO-AT-LOAD-TRUCK0 133545 133689 133694
5136 ACHIEVE-AT0 OBJ13 POS4 -> M13-ACHIEVE-AT0 23666 11654
5196 DO-AT-LOAD-TRUCK0 OBJ52 TRU5 POS5 -> M4-DO-AT-LOAD-TRUCK0 12124 135800 135805
5225 ACHIEVE-AT0 OBJ52 APT4 -> M13-ACHIEVE-AT0 24604 12712
5282 DO-AT-LOAD-TRUCK0 OBJ43 TRU4 POS4 -> M4-DO-AT-LOAD-TRUCK0 137769 137914 137919
5313 ACHIEVE-AT0 OBJ43 APT2 -> M13-ACHIEVE-AT0 25542 13770
5370 DO-AT-LOAD-TRUCK0 OBJ11 TRU1 POS1 -> M4-DO-AT-LOAD-TRUCK0 14242 140026 140031
5400 ACHIEVE-AT0 OBJ11 POS5 -> M13-ACHIEVE-AT0 26483 14831
5456 DO-AT-LOAD-TRUCK0 OBJ23 TRU2 POS2 -> M4-DO-AT-LOAD-TRUCK0 141994 142134 142142
5484 ACHIEVE-AT0 OBJ23 POS5 -> M13-ACHIEVE-AT0 27419 15888
5544 DO-AT-LOAD-TRUCK0 OBJ12 TRU1 POS1 -> M4-DO-AT-LOAD-TRUCK0 16361 144250 144254
5572 ACHIEVE-AT0 OBJ12 POS3 -> M13-ACHIEVE-AT0 28358 16947
5630 DO-AT-LOAD-TRUCK0 OBJ31 TRU3 POS3 -> M4-DO-AT-LOAD-TRUCK0 146211 146360 146367
5662 ACHIEVE-AT0 OBJ31 APT1 -> M12-ACHIEVE-AT0 29295 18004
6135 DO-IN-UNLOAD-TRUCK0 OBJ51 TRU5 POS5 -> M6-DO-IN-UNLOAD-TRUCK0 123151 123327 123336
6360 ACHIEVE-AT0 OBJ51 APT5 -> M14-ACHIEVE-AT0 30375 19017
7191 DO-IN-UNLOAD-TRUCK0 OBJ41 TRU4 APT4 -> M6-DO-IN-UNLOAD-TRUCK0 19532 125424 125434
7414 ACHIEVE-AT0 OBJ41 APT3 -> M14-ACHIEVE-AT0 31586 19950
8251 DO-IN-UNLOAD-TRUCK0 OBJ32 TRU3 APT3 -> M6-DO-IN-UNLOAD-TRUCK0 20469 127532 127545
8477 ACHIEVE-AT0 OBJ32 APT2 -> M14-ACHIEVE-AT0 32800 20891
8948 ACHIEVE-AT-TRK TRU3 POS3 -> M34-ACHIEVE-AT 21153 129460
9309 DO-IN-UNLOAD-TRUCK0 OBJ33 TRU3 APT3 -> M6-DO-IN-UNLOAD-TRUCK0 21406 129651 129655
9536 ACHIEVE-AT0 OBJ33 POS1 -> M15-ACHIEVE-AT0 34015 21830
10006 ACHIEVE-AT-TRK TRU5 POS5 -> M34-ACHIEVE-AT 22092 131573
10371 DO-IN-UNLOAD-TRUCK0 OBJ53 TRU5 APT5 -> M6-DO-IN-UNLOAD-TRUCK0 22347 131756 131771
10594 ACHIEVE-AT0 OBJ53 POS1 -> M15-ACHIEVE-AT0 35229 22765
11428 DO-IN-UNLOAD-TRUCK0 OBJ13 TRU1 APT1 -> M6-DO-IN-UNLOAD-TRUCK0 23282 133876 133880
11654 ACHIEVE-AT0 OBJ13 POS4 -> M15-ACHIEVE-AT0 36445 23706
12124 ACHIEVE-AT-TRK TRU5 POS5 -> M34-ACHIEVE-AT 23968 135797
12489 DO-IN-UNLOAD-TRUCK0 OBJ52 TRU5 APT5 -> M6-DO-IN-UNLOAD-TRUCK0 24223 135986 135991
12712 ACHIEVE-AT0 OBJ52 APT4 -> M15-ACHIEVE-AT0 37657 24643
13545 DO-IN-UNLOAD-TRUCK0 OBJ43 TRU4 APT4 -> M6-DO-IN-UNLOAD-TRUCK0 25160 138094 138105
13770 ACHIEVE-AT0 OBJ43 APT2 -> M15-ACHIEVE-AT0 38870 25578
14242 ACHIEVE-AT-TRK TRU1 POS1 -> M34-ACHIEVE-AT 25842 140021
14606 DO-IN-UNLOAD-TRUCK0 OBJ11 TRU1 APT1 -> M6-DO-IN-UNLOAD-TRUCK0 26098 140209 140217
14831 ACHIEVE-AT0 OBJ11 POS5 -> M15-ACHIEVE-AT0 40087 26517
15666 DO-IN-UNLOAD-TRUCK0 OBJ23 TRU2 APT2 -> M6-DO-IN-UNLOAD-TRUCK0 27036 142321 142328
15888 ACHIEVE-AT0 OBJ23 POS5 -> M15-ACHIEVE-AT0 41298 27455
16361 ACHIEVE-AT-TRK TRU1 POS1 -> M34-ACHIEVE-AT 27721 144245
16723 DO-IN-UNLOAD-TRUCK0 OBJ12 TRU1 APT1 -> M6-DO-IN-UNLOAD-TRUCK0 27975 144434 144443
16947 ACHIEVE-AT0 OBJ12 POS3 -> M15-ACHIEVE-AT0 42514 28395
17781 DO-IN-UNLOAD-TRUCK0 OBJ31 TRU3 POS3 -> M6-DO-IN-UNLOAD-TRUCK0 146368 146546 146552
18004 ACHIEVE-AT0 OBJ31 APT1 -> M14-ACHIEVE-AT0 43726 29333
18978 DO-AT-LOAD-TRUCK0 OBJ51 TRU5 POS5 -> M4-DO-AT-LOAD-TRUCK0 123342 123509 123517
19017 ACHIEVE-AT0 OBJ51 APT5 -> M12-ACHIEVE-AT0 45088 30414
19532 ACHIEVE-AT-TRK TRU4 APT4 -> M34-ACHIEVE-AT 30941 125415
19915 DO-AT-LOAD-TRUCK0 OBJ41 TRU4 APT4 -> M4-DO-AT-LOAD-TRUCK0 125436 125608 125616
19950 ACHIEVE-AT0 OBJ41 APT3 -> M13-ACHIEVE-AT0 46468 31622
20469 ACHIEVE-AT-TRK TRU3 APT3 -> M34-ACHIEVE-AT 32154 127531
20852 DO-AT-LOAD-TRUCK0 OBJ32 TRU3 APT3 -> M4-DO-AT-LOAD-TRUCK0 127548 127718 127727
20891 ACHIEVE-AT0 OBJ32 APT2 -> M13-ACHIEVE-AT0 47848 32840
21153 ACHIEVE-AT1 TRU3 POS3 -> M36-ACHIEVE-AT1 129322 33112
21406 ACHIEVE-AT-TRK TRU3 APT3 -> M34-ACHIEVE-AT 33367 129640
21792 DO-AT-LOAD-AIRPLANE0 OBJ33 APN1 APT3 -> M5-DO-AT-LOAD-AIRPLANE0 33633 129832 129838
21830 ACHIEVE-AT0 OBJ33 POS1 -> M12-ACHIEVE-AT0 49228 34053
22092 ACHIEVE-AT1 TRU5 POS5 -> M36-ACHIEVE-AT1 131433 34325
22347 ACHIEVE-AT-TRK TRU5 APT5 -> M34-ACHIEVE-AT 34583 131755
22731 DO-AT-LOAD-AIRPLANE0 OBJ53 APN2 APT5 -> M5-DO-AT-LOAD-AIRPLANE0 34844 131939 131953
22765 ACHIEVE-AT0 OBJ53 POS1 -> M12-ACHIEVE-AT0 50609 35267
23282 ACHIEVE-AT-TRK TRU1 APT1 -> M34-ACHIEVE-AT 35790 133866
23666 DO-AT-LOAD-AIRPLANE0 OBJ13 APN1 APT1 -> M5-DO-AT-LOAD-AIRPLANE0 133889 134052 134062
23706 ACHIEVE-AT0 OBJ13 POS4 -> M12-ACHIEVE-AT0 51986 36482
23968 ACHIEVE-AT1 TRU5 POS5 -> M36-ACHIEVE-AT1 135659 36752
24223 ACHIEVE-AT-TRK TRU5 APT5 -> M34-ACHIEVE-AT 37011 135979
24604 DO-AT-LOAD-AIRPLANE0 OBJ52 APN2 APT5 -> M5-DO-AT-LOAD-AIRPLANE0 37273 136168 136173
24643 ACHIEVE-AT0 OBJ52 APT4 -> M11-ACHIEVE-AT0
25160 ACHIEVE-AT-TRK TRU4 APT4 -> M34-ACHIEVE-AT 38225 138087
25542 DO-AT-LOAD-AIRPLANE0 OBJ43 APN2 APT4 -> M5-DO-AT-LOAD-AIRPLANE0 138116 138282 138286
25578 ACHIEVE-AT0 OBJ43 APT2 -> M13-ACHIEVE-AT0 54748 38908
25842 ACHIEVE-AT1 TRU1 POS1 -> M36-ACHIEVE-AT1 139876 39182
26098 ACHIEVE-AT-TRK TRU1 APT1 -> M34-ACHIEVE-AT 39436 140202
26483 DO-AT-LOAD-AIRPLANE0 OBJ11 APN1 APT1 -> M5-DO-AT-LOAD-AIRPLANE0 39703 140390 140400
26517 ACHIEVE-AT0 OBJ11 POS5 -> M12-ACHIEVE-AT0 56126 40120
27036 ACHIEVE-AT-TRK TRU2 APT2 -> M34-ACHIEVE-AT 40647 142315
27419 DO-AT-LOAD-AIRPLANE0 OBJ23 APN1 APT2 -> M5-DO-AT-LOAD-AIRPLANE0 40915 142506 142511
27455 ACHIEVE-AT0 OBJ23 POS5 -> M12-ACHIEVE-AT0 57508 41335
27721 ACHIEVE-AT1 TRU1 POS1 -> M36-ACHIEVE-AT1 144102 41611
27975 ACHIEVE-AT-TRK TRU1 APT1 -> M34-ACHIEVE-AT 41863 144426
28358 DO-AT-LOAD-AIRPLANE0 OBJ12 APN2 APT1 -> M5-DO-AT-LOAD-AIRPLANE0 42129 144610 144624
28395 ACHIEVE-AT0 OBJ12 POS3 -> M12-ACHIEVE-AT0 58886 42551
29295 DO-AT-LOAD-TRUCK0 OBJ31 TRU3 POS3 -> M4-DO-AT-LOAD-TRUCK0 146564 146728 146735
29333 ACHIEVE-AT0 OBJ31 APT1 -> M13-ACHIEVE-AT0 60268 43764
30375 DO-IN-UNLOAD-TRUCK0 OBJ51 TRU5 POS5 -> M6-DO-IN-UNLOAD-TRUCK0 123526 123682 123690
30414 ACHIEVE-AT0 OBJ51 APT5 -> M14-ACHIEVE-AT0 61805 45127
30941 ACHIEVE-AT1 TRU4 APT4 -> M36-ACHIEVE-AT1 125256 45546
31586 DO-IN-UNLOAD-TRUCK0 OBJ41 TRU4 APT4 -> M6-DO-IN-UNLOAD-TRUCK0 125630 125782 125789
31622 ACHIEVE-AT0 OBJ41 APT3 -> M15-ACHIEVE-AT0 63355 46506
32154 ACHIEVE-AT1 TRU3 APT3 -> M36-ACHIEVE-AT1 127361 46926
32800 DO-IN-UNLOAD-TRUCK0 OBJ32 TRU3 APT3 -> M6-DO-IN-UNLOAD-TRUCK0 127736 127897 127901
32840 ACHIEVE-AT0 OBJ32 APT2 -> M15-ACHIEVE-AT0 64910 47884
33112 ACHIEVE-AT1 TRU3 POS3 -> M36-ACHIEVE-AT1 129325 48161
33367 ACHIEVE-AT1 TRU3 APT3 -> M36-ACHIEVE-AT1 129477 48302
33633 ACHIEVE-AT-AIR APN1 APT3 -> M39-ACHIEVE-AT 48576 129821
34015 DO-IN-UNLOAD-AIRPLANE0 OBJ33 APN1 APT1 -> M7-DO-IN-UNLOAD-AIRPLANE0 48843 130009 130014
34053 ACHIEVE-AT0 OBJ33 POS1 -> M14-ACHIEVE-AT0 66465 49263
34325 ACHIEVE-AT1 TRU5 POS5 -> M36-ACHIEVE-AT1 131439 49540
34583 ACHIEVE-AT1 TRU5 APT5 -> M36-ACHIEVE-AT1 131588 49688
34844 ACHIEVE-AT-AIR APN2 APT5 -> M39-ACHIEVE-AT 49958 131935
35229 DO-IN-UNLOAD-AIRPLANE0 OBJ53 APN2 APT1 -> M7-DO-IN-UNLOAD-AIRPLANE0 50223 132120 132129
35267 ACHIEVE-AT0 OBJ53 POS1 -> M14-ACHIEVE-AT0 68019 50644
35790 ACHIEVE-AT1 TRU1 APT1 -> M36-ACHIEVE-AT1 133708 51066
36445 DO-IN-UNLOAD-AIRPLANE0 OBJ13 APN1 APT4 -> M7-DO-IN-UNLOAD-AIRPLANE0 51605 134230 134240
36482 ACHIEVE-AT0 OBJ13 POS4 -> M14-ACHIEVE-AT0 69573 52024
36752 ACHIEVE-AT1 TRU5 POS5 -> M36-ACHIEVE-AT1 135662 52302
37011 ACHIEVE-AT1 TRU5 APT5 -> M36-ACHIEVE-AT1 135820 52446
37273 ACHIEVE-AT-AIR APN2 APT5 -> M39-ACHIEVE-AT 52720 136160
37657 DO-IN-UNLOAD-AIRPLANE0 OBJ52 APN2 APT4 -> M7-DO-IN-UNLOAD-AIRPLANE0 52982 136340 136353
38225 ACHIEVE-AT1 TRU4 APT4 -> M36-ACHIEVE-AT1 137925 53826
38870 DO-IN-UNLOAD-AIRPLANE0 OBJ43 APN2 APT5 -> M7-DO-IN-UNLOAD-AIRPLANE0 54362 138453 138461
38908 ACHIEVE-AT0 OBJ43 APT2 -> M15-ACHIEVE-AT0 72679 54784
39182 ACHIEVE-AT1 TRU1 POS1 -> M36-ACHIEVE-AT1 139887 55063
39436 ACHIEVE-AT1 TRU1 APT1 -> M36-ACHIEVE-AT1 140036 55206
39703 ACHIEVE-AT-AIR APN1 APT1 -> M39-ACHIEVE-AT 55478 140383
40087 DO-IN-UNLOAD-AIRPLANE0 OBJ11 APN1 APT5 -> M7-DO-IN-UNLOAD-AIRPLANE0 55743 140567 140576
40120 ACHIEVE-AT0 OBJ11 POS5 -> M14-ACHIEVE-AT0 74235 56165
40647 ACHIEVE-AT1 TRU2 APT2 -> M36-ACHIEVE-AT1 142151 56587
40915 ACHIEVE-AT-AIR APN1 APT2 -> M39-ACHIEVE-AT 56860 142497
41298 DO-IN-UNLOAD-AIRPLANE0 OBJ23 APN1 APT5 -> M7-DO-IN-UNLOAD-AIRPLANE0 57125 142681 142689
41335 ACHIEVE-AT0 OBJ23 POS5 -> M14-ACHIEVE-AT0 75787 57544
41611 ACHIEVE-AT1 TRU1 POS1 -> M36-ACHIEVE-AT1 144111 57823
41863 ACHIEVE-AT1 TRU1 APT1 -> M36-ACHIEVE-AT1 144266 57965
42129 ACHIEVE-AT-AIR APN2 APT1 -> M39-ACHIEVE-AT 58240 144606
42514 DO-IN-UNLOAD-AIRPLANE0 OBJ12 APN2 APT3 -> M7-DO-IN-UNLOAD-AIRPLANE0 58502 144790 144797
42551 ACHIEVE-AT0 OBJ12 POS3 -> M14-ACHIEVE-AT0 77342 58925
43726 DO-IN-UNLOAD-TRUCK0 OBJ31 TRU3 APT3 -> M6-DO-IN-UNLOAD-TRUCK0 59882 146901 146910
43764 ACHIEVE-AT0 OBJ31 APT1 -> M15-ACHIEVE-AT0 78895 60305
45088 DO-AT-LOAD-TRUCK0 OBJ51 TRU5 POS5 -> M4-DO-AT-LOAD-TRUCK0 123699 123850 123864
45127 ACHIEVE-AT0 OBJ51 APT5 -> M11-ACHIEVE-AT0
45546 ACHIEVE-AT1 TRU4 APT4 -> M35-ACHIEVE-AT1
46468 DO-AT-LOAD-AIRPLANE0 OBJ41 APN1 APT4 -> M5-DO-AT-LOAD-AIRPLANE0 62973 125955 125963
46506 ACHIEVE-AT0 OBJ41 APT3 -> M11-ACHIEVE-AT0
46926 ACHIEVE-AT1 TRU3 APT3 -> M35-ACHIEVE-AT1
47848 DO-AT-LOAD-AIRPLANE0 OBJ32 APN1 APT3 -> M5-DO-AT-LOAD-AIRPLANE0 127906 128064 128073
47884 ACHIEVE-AT0 OBJ32 APT2 -> M11-ACHIEVE-AT0
48161 ACHIEVE-AT1 TRU3 POS3 -> M36-ACHIEVE-AT1 129331 65227
48302 ACHIEVE-AT1 TRU3 APT3 -> M36-ACHIEVE-AT1 129489 65380
48576 ACHIEVE-AT2 APN1 APT3 -> M41-ACHIEVE-AT2 129665 65540
48843 ACHIEVE-AT-AIR APN1 APT1 -> M39-ACHIEVE-AT 65814 130000
49228 DO-AT-LOAD-TRUCK0 OBJ33 TRU1 APT1 -> M4-DO-AT-LOAD-TRUCK0 66081 130176 130186
49263 ACHIEVE-AT0 OBJ33 POS1 -> M11-ACHIEVE-AT0
49540 ACHIEVE-AT1 TRU5 POS5 -> M36-ACHIEVE-AT1 131441 66784
49688 ACHIEVE-AT1 TRU5 APT5 -> M36-ACHIEVE-AT1 131599 66935
49958 ACHIEVE-AT2 APN2 APT5 -> M41-ACHIEVE-AT2 131777 67096
50223 ACHIEVE-AT-AIR APN2 APT1 -> M39-ACHIEVE-AT 67372 132113
50609 DO-AT-LOAD-TRUCK0 OBJ53 TRU1 APT1 -> M4-DO-AT-LOAD-TRUCK0 67634 132287 132296
50644 ACHIEVE-AT0 OBJ53 POS1 -> M11-ACHIEVE-AT0
51066 ACHIEVE-AT1 TRU1 APT1 -> M36-ACHIEVE-AT1 133715 68490
51605 ACHIEVE-AT-AIR APN1 APT4 -> M39-ACHIEVE-AT 68920 134222
51986 DO-AT-LOAD-TRUCK0 OBJ13 TRU4 APT4 -> M4-DO-AT-LOAD-TRUCK0 134246 134398 134411
52024 ACHIEVE-AT0 OBJ13 POS4 -> M11-ACHIEVE-AT0
52302 ACHIEVE-AT1 TRU5 POS5 -> M35-ACHIEVE-AT1
52446 ACHIEVE-AT1 TRU5 APT5 -> M35-ACHIEVE-AT1
52720 ACHIEVE-AT2 APN2 APT5 -> M41-ACHIEVE-AT2 136008 70203
52982 ACHIEVE-AT-AIR APN2 APT4 -> M39-ACHIEVE-AT 70473 136335
53826 ACHIEVE-AT1 TRU4 APT4 -> M35-ACHIEVE-AT1
54362 ACHIEVE-AT-AIR APN2 APT5 -> M39-ACHIEVE-AT 72028 138448
54748 DO-AT-LOAD-AIRPLANE0 OBJ43 APN1 APT5 -> M5-DO-AT-LOAD-AIRPLANE0 72296 138623 138633
54784 ACHIEVE-AT0 OBJ43 APT2 -> M11-ACHIEVE-AT0
55063 ACHIEVE-AT1 TRU1 POS1 -> M36-ACHIEVE-AT1 139889 72999
55206 ACHIEVE-AT1 TRU1 APT1 -> M36-ACHIEVE-AT1 140050 73146
55478 ACHIEVE-AT2 APN1 APT1 -> M41-ACHIEVE-AT2 140233 73314
55743 ACHIEVE-AT-AIR APN1 APT5 -> M39-ACHIEVE-AT 73582 140560
56126 DO-AT-LOAD-TRUCK0 OBJ11 TRU5 APT5 -> M4-DO-AT-LOAD-TRUCK0 140590 140738 140747
56165 ACHIEVE-AT0 OBJ11 POS5 -> M11-ACHIEVE-AT0
56587 ACHIEVE-AT1 TRU2 APT2 -> M36-ACHIEVE-AT1 142162 74704
56860 ACHIEVE-AT2 APN1 APT2 -> M41-ACHIEVE-AT2 142341 74869
57125 ACHIEVE-AT-AIR APN1 APT5 -> M39-ACHIEVE-AT 75141 142669
57508 DO-AT-LOAD-TRUCK0 OBJ23 TRU5 APT5 -> M4-DO-AT-LOAD-TRUCK0 75406 142850 142858
57544 ACHIEVE-AT0 OBJ23 POS5 -> M11-ACHIEVE-AT0
57823 ACHIEVE-AT1 TRU1 POS1 -> M36-ACHIEVE-AT1 144115 76107
57965 ACHIEVE-AT1 TRU1 APT1 -> M36-ACHIEVE-AT1 144273 76255
58240 ACHIEVE-AT2 APN2 APT1 -> M41-ACHIEVE-AT2 144447 76421
58502 ACHIEVE-AT-AIR APN2 APT3 -> M39-ACHIEVE-AT 76689 144781
58886 DO-AT-LOAD-TRUCK0 OBJ12 TRU3 APT3 -> M4-DO-AT-LOAD-TRUCK0 144809 144964 144971
58925 ACHIEVE-AT0 OBJ12 POS3 -> M11-ACHIEVE-AT0
59882 ACHIEVE-AT-TRK TRU3 APT3 -> M34-ACHIEVE-AT 78243 146896
60268 DO-AT-LOAD-AIRPLANE0 OBJ31 APN1 APT3 -> M5-DO-AT-LOAD-AIRPLANE0 78513 147074 147082
60305 ACHIEVE-AT0 OBJ31 APT1 -> M11-ACHIEVE-AT0
61805 DO-IN-UNLOAD-TRUCK0 OBJ51 TRU5 APT5 -> M6-DO-IN-UNLOAD-TRUCK0 80239 124134 124148
62973 ACHIEVE-AT-AIR APN1 APT4 -> M39-ACHIEVE-AT 81693 125945
63355 DO-IN-UNLOAD-AIRPLANE0 OBJ41 APN1 APT3 -> M7-DO-IN-UNLOAD-AIRPLANE0 81961 126234 126247
64910 DO-IN-UNLOAD-AIRPLANE0 OBJ32 APN1 APT2 -> M7-DO-IN-UNLOAD-AIRPLANE0 83696 128349 128358
65227 ACHIEVE-AT1 TRU3 POS3 -> M36-ACHIEVE-AT1 129333 84403
65380 ACHIEVE-AT1 TRU3 APT3 -> M36-ACHIEVE-AT1 129495 84556
65540 ACHIEVE-AT2 APN1 APT3 -> M41-ACHIEVE-AT2 129678 84728
65814 ACHIEVE-AT2 APN1 APT1 -> M41-ACHIEVE-AT2 129855 84894
66081 ACHIEVE-AT-TRK TRU1 APT1 -> M34-ACHIEVE-AT 85163 130169
66465 DO-IN-UNLOAD-TRUCK0 OBJ33 TRU1 POS1 -> M6-DO-IN-UNLOAD-TRUCK0 85430 130459 130469
66784 ACHIEVE-AT1 TRU5 POS5 -> M35-ACHIEVE-AT1
66935 ACHIEVE-AT1 TRU5 APT5 -> M35-ACHIEVE-AT1
67096 ACHIEVE-AT2 APN2 APT5 -> M41-ACHIEVE-AT2 131788 86465
67372 ACHIEVE-AT2 APN2 APT1 -> M41-ACHIEVE-AT2 131965 86629
67634 ACHIEVE-AT-TRK TRU1 APT1 -> M34-ACHIEVE-AT 86894 132283
68019 DO-IN-UNLOAD-TRUCK0 OBJ53 TRU1 POS1 -> M6-DO-IN-UNLOAD-TRUCK0 87164 132572 132582
68490 ACHIEVE-AT1 TRU1 APT1 -> M36-ACHIEVE-AT1 133719 88026
68920 ACHIEVE-AT2 APN1 APT4 -> M41-ACHIEVE-AT2 134070 88357
69573 DO-IN-UNLOAD-TRUCK0 OBJ13 TRU4 POS4 -> M6-DO-IN-UNLOAD-TRUCK0 88897 134688 134693
70203 ACHIEVE-AT2 APN2 APT5 -> M41-ACHIEVE-AT2 136014 89933
70473 ACHIEVE-AT2 APN2 APT4 -> M41-ACHIEVE-AT2 136186 90090
72028 ACHIEVE-AT2 APN2 APT5 -> M41-ACHIEVE-AT2 138296 91830
72296 ACHIEVE-AT-AIR APN1 APT5 -> M39-ACHIEVE-AT 92096 138619
72679 DO-IN-UNLOAD-AIRPLANE0 OBJ43 APN1 APT2 -> M7-DO-IN-UNLOAD-AIRPLANE0 92367 138908 138918
72999 ACHIEVE-AT1 TRU1 POS1 -> M36-ACHIEVE-AT1 139894 93071
73146 ACHIEVE-AT1 TRU1 APT1 -> M35-ACHIEVE-AT1
73314 ACHIEVE-AT2 APN1 APT1 -> M41-ACHIEVE-AT2 140238 93400
73582 ACHIEVE-AT2 APN1 APT5 -> M41-ACHIEVE-AT2 140415 93565
74235 DO-IN-UNLOAD-TRUCK0 OBJ11 TRU5 POS5 -> M6-DO-IN-UNLOAD-TRUCK0 94100 141018 141030
74704 ACHIEVE-AT1 TRU2 APT2 -> M36-ACHIEVE-AT1 142168 94962
74869 ACHIEVE-AT2 APN1 APT2 -> M41-ACHIEVE-AT2 142351 95132
75141 ACHIEVE-AT2 APN1 APT5 -> M41-ACHIEVE-AT2 142519 95299
75406 ACHIEVE-AT-TRK TRU5 APT5 -> M34-ACHIEVE-AT 95569 142843
75787 DO-IN-UNLOAD-TRUCK0 OBJ23 TRU5 POS5 -> M6-DO-IN-UNLOAD-TRUCK0 95832 143134 143140
76107 ACHIEVE-AT1 TRU1 POS1 -> M36-ACHIEVE-AT1 144118 96541
76255 ACHIEVE-AT1 TRU1 APT1 -> M36-ACHIEVE-AT1 144280 96693
76421 ACHIEVE-AT2 APN2 APT1 -> M41-ACHIEVE-AT2 144463 96868
76689 ACHIEVE-AT2 APN2 APT3 -> M41-ACHIEVE-AT2 144630 97026
77342 DO-IN-UNLOAD-TRUCK0 OBJ12 TRU3 POS3 -> M6-DO-IN-UNLOAD-TRUCK0 97567 145248 145252
78243 ACHIEVE-AT1 TRU3 APT3 -> M36-ACHIEVE-AT1 146747 98761
78513 ACHIEVE-AT-AIR APN1 APT3 -> M39-ACHIEVE-AT 99034 147063
78895 DO-IN-UNLOAD-AIRPLANE0 OBJ31 APN1 APT1 -> M7-DO-IN-UNLOAD-AIRPLANE0 99302 147357 147366
80239 ACHIEVE-AT-TRK TRU5 APT5 -> M34-ACHIEVE-AT 100947 124128
81693 ACHIEVE-AT2 APN1 APT4 -> M41-ACHIEVE-AT2 125798 102584
81961 ACHIEVE-AT-AIR APN1 APT3 -> M39-ACHIEVE-AT 102859 126229
83696 ACHIEVE-AT-AIR APN1 APT2 -> M39-ACHIEVE-AT 104773 128340
84403 ACHIEVE-AT1 TRU3 POS3 -> M36-ACHIEVE-AT1 129339 105753
84556 ACHIEVE-AT1 TRU3 APT3 -> M36-ACHIEVE-AT1 129500 105917
84728 ACHIEVE-AT2 APN1 APT3 -> M41-ACHIEVE-AT2 129684 106092
84894 ACHIEVE-AT2 APN1 APT1 -> M41-ACHIEVE-AT2 129861 106262
85163 ACHIEVE-AT1 TRU1 APT1 -> M36-ACHIEVE-AT1 130031 106421
85430 ACHIEVE-AT-TRK TRU1 POS1 -> M34-ACHIEVE-AT 106700 130454
86465 ACHIEVE-AT2 APN2 APT5 -> M40-ACHIEVE-AT2
86629 ACHIEVE-AT2 APN2 APT1 -> M41-ACHIEVE-AT2 131972 108184
86894 ACHIEVE-AT1 TRU1 APT1 -> M36-ACHIEVE-AT1 132134 108342
87164 ACHIEVE-AT-TRK TRU1 POS1 -> M34-ACHIEVE-AT 108617 132563
88026 ACHIEVE-AT1 TRU1 APT1 -> M36-ACHIEVE-AT1 133725 109757
88357 ACHIEVE-AT2 APN1 APT4 -> M41-ACHIEVE-AT2 134081 110100
88897 ACHIEVE-AT-TRK TRU4 POS4 -> M34-ACHIEVE-AT 110540 134676
89933 ACHIEVE-AT2 APN2 APT5 -> M41-ACHIEVE-AT2 136020 111854
90090 ACHIEVE-AT2 APN2 APT4 -> M41-ACHIEVE-AT2 136195 112022
91830 ACHIEVE-AT2 APN2 APT5 -> M40-ACHIEVE-AT2
92096 ACHIEVE-AT2 APN1 APT5 -> M41-ACHIEVE-AT2 138478 114101
92367 ACHIEVE-AT-AIR APN1 APT2 -> M39-ACHIEVE-AT 114375 138901
93071 ACHIEVE-AT1 TRU1 POS1 -> M36-ACHIEVE-AT1 139897 115351
93400 ACHIEVE-AT2 APN1 APT1 -> M41-ACHIEVE-AT2 140242 115693
93565 ACHIEVE-AT2 APN1 APT5 -> M40-ACHIEVE-AT2
94100 ACHIEVE-AT-TRK TRU5 POS5 -> M34-ACHIEVE-AT 116293 141012
94962 ACHIEVE-AT1 TRU2 APT2 -> M36-ACHIEVE-AT1 142173 117434
95132 ACHIEVE-AT2 APN1 APT2 -> M41-ACHIEVE-AT2 142353 117614
95299 ACHIEVE-AT2 APN1 APT5 -> M41-ACHIEVE-AT2 142530 117782
95569 ACHIEVE-AT1 TRU5 APT5 -> M36-ACHIEVE-AT1 142694 117946
95832 ACHIEVE-AT-TRK TRU5 POS5 -> M34-ACHIEVE-AT 118218 143123
96541 ACHIEVE-AT1 TRU1 POS1 -> M35-ACHIEVE-AT1
96693 ACHIEVE-AT1 TRU1 APT1 -> M36-ACHIEVE-AT1 144287 119354
96868 ACHIEVE-AT2 APN2 APT1 -> M41-ACHIEVE-AT2 144468 119530
97026 ACHIEVE-AT2 APN2 APT3 -> M41-ACHIEVE-AT2 144642 119704
97567 ACHIEVE-AT-TRK TRU3 POS3 -> M34-ACHIEVE-AT 120138 145239
98761 ACHIEVE-AT1 TRU3 APT3 -> M35-ACHIEVE-AT1
99034 ACHIEVE-AT2 APN1 APT3 -> M41-ACHIEVE-AT2 146921 121788
99302 ACHIEVE-AT-AIR APN1 APT1 -> M39-ACHIEVE-AT 122059 147350
100947 ACHIEVE-AT1 TRU5 APT5 -> M36-ACHIEVE-AT1 123874 123894
102584 ACHIEVE-AT2 APN1 APT4 -> M40-ACHIEVE-AT2
102859 ACHIEVE-AT2 APN1 APT3 -> M41-ACHIEVE-AT2 125969 125989
104773 ACHIEVE-AT2 APN1 APT2 -> M41-ACHIEVE-AT2 128079 128098
105753 ACHIEVE-AT1 TRU3 POS3 -> M35-ACHIEVE-AT1
105917 ACHIEVE-AT1 TRU3 APT3 -> M35-ACHIEVE-AT1
106092 ACHIEVE-AT2 APN1 APT3 -> M41-ACHIEVE-AT2 129691 129707
106262 ACHIEVE-AT2 APN1 APT1 -> M41-ACHIEVE-AT2 129867 129879
106421 ACHIEVE-AT1 TRU1 APT1 -> M35-ACHIEVE-AT1
106700 ACHIEVE-AT1 TRU1 POS1 -> M36-ACHIEVE-AT1 130197 130210
108184 ACHIEVE-AT2 APN2 APT1 -> M41-ACHIEVE-AT2 131976 131993
108342 ACHIEVE-AT1 TRU1 APT1 -> M36-ACHIEVE-AT1 132145 132160
108617 ACHIEVE-AT1 TRU1 POS1 -> M36-ACHIEVE-AT1 132305 132325
109757 ACHIEVE-AT1 TRU1 APT1 -> M35-ACHIEVE-AT1
110100 ACHIEVE-AT2 APN1 APT4 -> M40-ACHIEVE-AT2
110540 ACHIEVE-AT1 TRU4 POS4 -> M36-ACHIEVE-AT1 134413 134438
111854 ACHIEVE-AT2 APN2 APT5 -> M41-ACHIEVE-AT2 136026 136038
112022 ACHIEVE-AT2 APN2 APT4 -> M41-ACHIEVE-AT2 136199 136218
114101 ACHIEVE-AT2 APN1 APT5 -> M41-ACHIEVE-AT2 138482 138499
114375 ACHIEVE-AT2 APN1 APT2 -> M41-ACHIEVE-AT2 138639 138659
115351 ACHIEVE-AT1 TRU1 POS1 -> M35-ACHIEVE-AT1
115693 ACHIEVE-AT2 APN1 APT1 -> M41-ACHIEVE-AT2 140247 140266
116293 ACHIEVE-AT1 TRU5 POS5 -> M36-ACHIEVE-AT1 140754 140772
117434 ACHIEVE-AT1 TRU2 APT2 -> M36-ACHIEVE-AT1 142179 142195
117614 ACHIEVE-AT2 APN1 APT2 -> M41-ACHIEVE-AT2 142361 142376
117782 ACHIEVE-AT2 APN1 APT5 -> M41-ACHIEVE-AT2 142536 142553
117946 ACHIEVE-AT1 TRU5 APT5 -> M36-ACHIEVE-AT1 142709 142723
118218 ACHIEVE-AT1 TRU5 POS5 -> M36-ACHIEVE-AT1 142870 142882
119354 ACHIEVE-AT1 TRU1 APT1 -> M36-ACHIEVE-AT1 144291 144306
119530 ACHIEVE-AT2 APN2 APT1 -> M41-ACHIEVE-AT2 144471 144484
119704 ACHIEVE-AT2 APN2 APT3 -> M40-ACHIEVE-AT2
120138 ACHIEVE-AT1 TRU3 POS3 -> M36-ACHIEVE-AT1 144977 144997
121788 ACHIEVE-AT2 APN1 APT3 -> M41-ACHIEVE-AT2 146932 146947
122059 ACHIEVE-AT2 APN1 APT1 -> M41-ACHIEVE-AT2 147085 147107
122999 ACHIEVE-AT OBJ22 POS2 -> M9-ACHIEVE-AT 123000
123004 ACHIEVE-AT-TRK TRU5 POS5 -> M33-ACHIEVE-AT 123005
123146 IFUNLOCK-AT TRU5 POS5 -> IFUNLOCK1-AT 123147
123151 ACHIEVE-AT-TRK TRU5 POS5 -> M33-ACHIEVE-AT 123152
123327 IFUNLOCK-AT TRU5 POS5 -> IFUNLOCK1-AT 123328
123342 ACHIEVE-AT-TRK TRU5 POS5 -> M33-ACHIEVE-AT 123343
123509 IFUNLOCK-AT TRU5 POS5 -> IFUNLOCK1-AT 123510
123526 ACHIEVE-AT-TRK TRU5 POS5 -> M33-ACHIEVE-AT 123527
123682 IFUNLOCK-AT TRU5 POS5 -> IFUNLOCK1-AT 123683
123699 ACHIEVE-AT-TRK TRU5 POS5 -> M33-ACHIEVE-AT 123700
123850 IFUNLOCK-AT TRU5 POS5 -> IFUNLOCK1-AT 123851
123894 ACHIEVE-AT1 TRU5 APT5 -> M35-ACHIEVE-AT1
124134 IFUNLOCK-AT TRU5 APT5 -> IFUNLOCK1-AT 124135
125090 ACHIEVE-AT-TRK TRU4 POS4 -> M33-ACHIEVE-AT 125091
125242 IFUNLOCK-AT TRU4 POS4 -> IFUNLOCK1-AT 125243
125424 IFUNLOCK-AT TRU4 APT4 -> IFUNLOCK1-AT 125425
125436 ACHIEVE-AT-TRK TRU4 APT4 -> M33-ACHIEVE-AT 125437
125608 IFUNLOCK-AT TRU4 APT4 -> IFUNLOCK1-AT 125609
125630 ACHIEVE-AT-TRK TRU4 APT4 -> M33-ACHIEVE-AT 125631
125782 IFUNLOCK-AT TRU4 APT4 -> IFUNLOCK1-AT 125783
125955 IFUNLOCK-AT APN1 APT4 -> IFUNLOCK1-AT 125956
125989 ACHIEVE-AT2 APN1 APT3 -> M40-ACHIEVE-AT2
126234 IFUNLOCK-AT APN1 APT3 -> IFUNLOCK1-AT 126235
127207 ACHIEVE-AT-TRK TRU3 POS3 -> M33-ACHIEVE-AT 127208
127354 IFUNLOCK-AT TRU3 POS3 -> IFUNLOCK1-AT 127355
127532 IFUNLOCK-AT TRU3 APT3 -> IFUNLOCK1-AT 127533
127548 ACHIEVE-AT-TRK TRU3 APT3 -> M33-ACHIEVE-AT 127549
127718 IFUNLOCK-AT TRU3 APT3 -> IFUNLOCK1-AT 127719
127736 ACHIEVE-AT-TRK TRU3 APT3 -> M33-ACHIEVE-AT 127737
127897 IFUNLOCK-AT TRU3 APT3 -> IFUNLOCK1-AT 127898
127906 ACHIEVE-AT-AIR APN1 APT3 -> M38-ACHIEVE-AT 127907
128064 IFUNLOCK-AT APN1 APT3 -> IFUNLOCK1-AT 128065
128098 ACHIEVE-AT2 APN1 APT2 -> M40-ACHIEVE-AT2
128349 IFUNLOCK-AT APN1 APT2 -> IFUNLOCK1-AT 128350
129466 IFUNLOCK-AT TRU3 POS3 -> IFUNLOCK1-AT 129467
129651 IFUNLOCK-AT TRU3 APT3 -> IFUNLOCK1-AT 129652
129707 ACHIEVE-AT2 APN1 APT3 -> M40-ACHIEVE-AT2
129832 IFUNLOCK-AT APN1 APT3 -> IFUNLOCK1-AT 129833
129879 ACHIEVE-AT2 APN1 APT1 -> M40-ACHIEVE-AT2
130009 IFUNLOCK-AT APN1 APT1 -> IFUNLOCK1-AT 130010
130176 IFUNLOCK-AT TRU1 APT1 -> IFUNLOCK1-AT 130177
130210 ACHIEVE-AT1 TRU1 POS1 -> M35-ACHIEVE-AT1
130459 IFUNLOCK-AT TRU1 POS1 -> IFUNLOCK1-AT 130460
131574 IFUNLOCK-AT TRU5 POS5 -> IFUNLOCK1-AT 131575
131756 IFUNLOCK-AT TRU5 APT5 -> IFUNLOCK1-AT 131757
131939 IFUNLOCK-AT APN2 APT5 -> IFUNLOCK1-AT 131940
131993 ACHIEVE-AT2 APN2 APT1 -> M40-ACHIEVE-AT2
132120 IFUNLOCK-AT APN2 APT1 -> IFUNLOCK1-AT 132121
132160 ACHIEVE-AT1 TRU1 APT1 -> M35-ACHIEVE-AT1
132287 IFUNLOCK-AT TRU1 APT1 -> IFUNLOCK1-AT 132288
132325 ACHIEVE-AT1 TRU1 POS1 -> M35-ACHIEVE-AT1
132572 IFUNLOCK-AT TRU1 POS1 -> IFUNLOCK1-AT 132573
133545 ACHIEVE-AT-TRK TRU1 POS1 -> M33-ACHIEVE-AT 133546
133689 IFUNLOCK-AT TRU1 POS1 -> IFUNLOCK1-AT 133690
133876 IFUNLOCK-AT TRU1 APT1 -> IFUNLOCK1-AT 133877
133889 ACHIEVE-AT-AIR APN1 APT1 -> M38-ACHIEVE-AT 133890
134052 IFUNLOCK-AT APN1 APT1 -> IFUNLOCK1-AT 134053
134230 IFUNLOCK-AT APN1 APT4 -> IFUNLOCK1-AT 134231
134246 ACHIEVE-AT-TRK TRU4 APT4 -> M33-ACHIEVE-AT 134247
134398 IFUNLOCK-AT TRU4 APT4 -> IFUNLOCK1-AT 134399
134438 ACHIEVE-AT1 TRU4 POS4 -> M35-ACHIEVE-AT1
134688 IFUNLOCK-AT TRU4 POS4 -> IFUNLOCK1-AT 134689
135800 IFUNLOCK-AT TRU5 POS5 -> IFUNLOCK1-AT 135801
135986 IFUNLOCK-AT TRU5 APT5 -> IFUNLOCK1-AT 135987
136038 ACHIEVE-AT2 APN2 APT5 -> M40-ACHIEVE-AT2
136168 IFUNLOCK-AT APN2 APT5 -> IFUNLOCK1-AT 136169
136218 ACHIEVE-AT2 APN2 APT4 -> M40-ACHIEVE-AT2
136340 IFUNLOCK-AT APN2 APT4 -> IFUNLOCK1-AT 136341
137769 ACHIEVE-AT-TRK TRU4 POS4 -> M33-ACHIEVE-AT 137770
137914 IFUNLOCK-AT TRU4 POS4 -> IFUNLOCK1-AT 137915
138094 IFUNLOCK-AT TRU4 APT4 -> IFUNLOCK1-AT 138095
138116 ACHIEVE-AT-AIR APN2 APT4 -> M38-ACHIEVE-AT 138117
138282 IFUNLOCK-AT APN2 APT4 -> IFUNLOCK1-AT 138283
138453 IFUNLOCK-AT APN2 APT5 -> IFUNLOCK1-AT 138454
138499 ACHIEVE-AT2 APN1 APT5 -> M40-ACHIEVE-AT2
138623 IFUNLOCK-AT APN1 APT5 -> IFUNLOCK1-AT 138624
138659 ACHIEVE-AT2 APN1 APT2 -> M40-ACHIEVE-AT2
138908 IFUNLOCK-AT APN1 APT2 -> IFUNLOCK1-AT 138909
140026 IFUNLOCK-AT TRU1 POS1 -> IFUNLOCK1-AT 140027
140209 IFUNLOCK-AT TRU1 APT1 -> IFUNLOCK1-AT 140210
140266 ACHIEVE-AT2 APN1 APT1 -> M40-ACHIEVE-AT2
140390 IFUNLOCK-AT APN1 APT1 -> IFUNLOCK1-AT 140391
140567 IFUNLOCK-AT APN1 APT5 -> IFUNLOCK1-AT 140568
140590 ACHIEVE-AT-TRK TRU5 APT5 -> M33-ACHIEVE-AT 140591
140738 IFUNLOCK-AT TRU5 APT5 -> IFUNLOCK1-AT 140739
140772 ACHIEVE-AT1 TRU5 POS5 -> M35-ACHIEVE-AT1
141018 IFUNLOCK-AT TRU5 POS5 -> IFUNLOCK1-AT 141019
141994 ACHIEVE-AT-TRK TRU2 POS2 -> M33-ACHIEVE-AT 141995
142134 IFUNLOCK-AT TRU2 POS2 -> IFUNLOCK1-AT 142135
142195 ACHIEVE-AT1 TRU2 APT2 -> M35-ACHIEVE-AT1
142321 IFUNLOCK-AT TRU2 APT2 -> IFUNLOCK1-AT 142322
142376 ACHIEVE-AT2 APN1 APT2 -> M40-ACHIEVE-AT2
142506 IFUNLOCK-AT APN1 APT2 -> IFUNLOCK1-AT 142507
142553 ACHIEVE-AT2 APN1 APT5 -> M40-ACHIEVE-AT2
142681 IFUNLOCK-AT APN1 APT5 -> IFUNLOCK1-AT 142682
142723 ACHIEVE-AT1 TRU5 APT5 -> M35-ACHIEVE-AT1
142850 IFUNLOCK-AT TRU5 APT5 -> IFUNLOCK1-AT 142851
142882 ACHIEVE-AT1 TRU5 POS5 -> M35-ACHIEVE-AT1
143134 IFUNLOCK-AT TRU5 POS5 -> IFUNLOCK1-AT 143135
144250 IFUNLOCK-AT TRU1 POS1 -> IFUNLOCK1-AT 144251
144306 ACHIEVE-AT1 TRU1 APT1 -> M35-ACHIEVE-AT1
144434 IFUNLOCK-AT TRU1 APT1 -> IFUNLOCK1-AT 144435
144484 ACHIEVE-AT2 APN2 APT1 -> M40-ACHIEVE-AT2
144610 IFUNLOCK-AT APN2 APT1 -> IFUNLOCK1-AT 144611
144790 IFUNLOCK-AT APN2 APT3 -> IFUNLOCK1-AT 144791
144809 ACHIEVE-AT-TRK TRU3 APT3 -> M33-ACHIEVE-AT 144810
144964 IFUNLOCK-AT TRU3 APT3 -> IFUNLOCK1-AT 144965
144997 ACHIEVE-AT1 TRU3 POS3 -> M35-ACHIEVE-AT1
145248 IFUNLOCK-AT TRU3 POS3 -> IFUNLOCK1-AT 145249
146211 ACHIEVE-AT-TRK TRU3 POS3 -> M33-ACHIEVE-AT 146212
146360 IFUNLOCK-AT TRU3 POS3 -> IFUNLOCK1-AT 146361
146368 ACHIEVE-AT-TRK TRU3 POS3 -> M33-ACHIEVE-AT 146369
146546 IFUNLOCK-AT TRU3 POS3 -> IFUNLOCK1-AT 146547
146564 ACHIEVE-AT-TRK TRU3 POS3 -> M33-ACHIEVE-AT 146565
146728 IFUNLOCK-AT TRU3 POS3 -> IFUNLOCK1-AT 146729
146901 IFUNLOCK-AT TRU3 APT3 -> IFUNLOCK1-AT 146902
146947 ACHIEVE-AT2 APN1 APT3 -> M40-ACHIEVE-AT2
147074 IFUNLOCK-AT APN1 APT3 -> IFUNLOCK1-AT 147075
147107 ACHIEVE-AT2 APN1 APT1 -> M40-ACHIEVE-AT2
147357 IFUNLOCK-AT APN1 APT1 -> IFUNLOCK1-AT 147358
<==
46.443 End of solution plan. (counted length of 330)
46.443 Total amount of clauses encoded: 1344298
46.443 - directframeaxioms : 500922 cls
46.443 - qfactsemantics : 300226 cls
46.443 - indirectframeaxioms : 288710 cls
46.443 - reductionconstraints : 103221 cls
46.443 - atmostoneelement : 69739 cls
46.443 - expansions : 19418 cls
46.443 - predecessors : 18739 cls
46.443 - actionconstraints : 12848 cls
46.443 - substitutionconstraints : 12446 cls
46.443 - qconstequality : 11340 cls
46.443 - actioneffects : 4231 cls
46.443 - qtypeconstraints : 1919 cls
46.443 - truefacts : 537 cls
46.443 - axiomaticops : 2 cls
46.443 # instantiated positions: 2833
46.443 # instantiated actions: 14517
46.443 # instantiated reductions: 4223
46.443 # introduced pseudo-constants: 2316
46.443 # retroactive prunings: 0
46.443 # retroactively pruned operations: 0
46.443 # dominated operations: 0
46.443 Exiting happily (no cleaning up).

RUNWATCH_RESULT EXIT RETVAL 0 TIME_SECS 46.4946 MEMPEAK_KBS 594840
