    _           _         _
   \ |         \ |       | |                       
   | |     __  | |      _| |______                
   | |     \/  | |     /_   ______\                
   | |      _  | |   __  | |  ___   ___   ___       
   | |___  | | | |  / .\ | | / , | |   \ / ·_\    
   \_____\ |_| |__\ \__/ |_| \___) |_|_| \___\  
[39mL i l o t a n e  version rls-glucose4
by Dominik Schreiber <dominik.schreiber@kit.edu> 2020-2021
using SAT solver glucose4

0.004 Parser finished.
0.004 Structures extracted.
0.005 20 operators and 16 methods created.
0.009 Mined 11 new reduction preconditions (+31.4%).
0.009 Iteration 0.
0.009 Creating initial layer of size 2
0.010 Attempting to solve formula with 17 clauses (24 literals) and 1 assumptions
0.010 Unsolvable at layer 0 -- expanding.
0.010 Iteration 1.
0.010 New layer size: 2
0.010 Instantiating ...
0.011 Collected 7 relevant facts at this layer
0.011 Encoding ...
0.011 Attempting to solve formula with 47 clauses (98 literals) and 1 assumptions
0.011 Unsolvable at layer 1 -- expanding.
0.011 Iteration 2.
0.011 New layer size: 3
0.011 Instantiating ...
0.014 Collected 18 relevant facts at this layer
0.014 Encoding ...
0.015 Attempting to solve formula with 325 clauses (817 literals) and 1 assumptions
0.015 Unsolvable at layer 2 -- expanding.
0.015 Iteration 3.
0.015 New layer size: 6
0.015 Instantiating ...
0.020 Collected 51 relevant facts at this layer
0.020 Encoding ...
0.021 Attempting to solve formula with 1448 clauses (3945 literals) and 2 assumptions
0.021 Unsolvable at layer 3 -- expanding.
0.021 Iteration 4.
0.021 New layer size: 10
0.021 Instantiating ...
0.030 Collected 51 relevant facts at this layer
0.030 Encoding ...
0.032 Attempting to solve formula with 3427 clauses (9686 literals) and 3 assumptions
0.032 Unsolvable at layer 4 -- expanding.
0.032 Iteration 5.
0.032 New layer size: 17
0.032 Instantiating ...
0.047 Collected 51 relevant facts at this layer
0.047 Encoding ...
0.051 Attempting to solve formula with 6861 clauses (19731 literals) and 5 assumptions
0.051 Unsolvable at layer 5 -- expanding.
0.051 Iteration 6.
0.051 New layer size: 28
0.051 Instantiating ...
0.075 Collected 51 relevant facts at this layer
0.075 Encoding ...
0.082 Attempting to solve formula with 12479 clauses (36191 literals) and 8 assumptions
0.082 Unsolvable at layer 6 -- expanding.
0.082 Iteration 7.
0.082 New layer size: 46
0.082 Instantiating ...
0.122 Collected 51 relevant facts at this layer
0.122 Encoding ...
0.133 Attempting to solve formula with 21705 clauses (63275 literals) and 13 assumptions
0.133 Unsolvable at layer 7 -- expanding.
0.133 Iteration 8.
0.133 New layer size: 75
0.133 Instantiating ...
0.197 Collected 51 relevant facts at this layer
0.197 Encoding ...
0.215 Attempting to solve formula with 36722 clauses (107395 literals) and 21 assumptions
0.218 Unsolvable at layer 8 -- expanding.
0.218 Iteration 9.
0.218 New layer size: 122
0.218 Instantiating ...
0.324 Collected 51 relevant facts at this layer
0.324 Encoding ...
0.353 Attempting to solve formula with 61138 clauses (179175 literals) and 34 assumptions
0.357 Unsolvable at layer 9 -- expanding.
0.357 Iteration 10.
0.357 New layer size: 198
0.357 Instantiating ...
0.526 Collected 51 relevant facts at this layer
0.526 Encoding ...
0.575 Attempting to solve formula with 100744 clauses (295651 literals) and 55 assumptions
0.587 Unsolvable at layer 10 -- expanding.
0.587 Iteration 11.
0.587 New layer size: 321
0.587 Instantiating ...
0.861 Collected 51 relevant facts at this layer
0.861 Encoding ...
0.937 Attempting to solve formula with 164939 clauses (484483 literals) and 89 assumptions
0.964 Unsolvable at layer 11 -- expanding.
0.964 Iteration 12.
0.964 New layer size: 520
0.964 Instantiating ...
1.409 Collected 51 relevant facts at this layer
1.409 Encoding ...
1.534 Attempting to solve formula with 268913 clauses (790367 literals) and 144 assumptions
1.550 Unsolvable at layer 12 -- expanding.
1.550 Iteration 13.
1.550 New layer size: 842
1.550 Instantiating ...
2.316 Collected 51 relevant facts at this layer
2.316 Encoding ...
2.568 Attempting to solve formula with 437255 clauses (1285659 literals) and 233 assumptions
2.596 Unsolvable at layer 13 -- expanding.
2.596 Iteration 14.
2.598 New layer size: 1363
2.598 Instantiating ...
3.771 Collected 51 relevant facts at this layer
3.771 Encoding ...
4.098 Attempting to solve formula with 709744 clauses (2087411 literals) and 377 assumptions
4.240 Unsolvable at layer 14 -- expanding.
4.240 Iteration 15.
4.242 New layer size: 2206
4.242 Instantiating ...
6.267 Collected 51 relevant facts at this layer
6.267 Encoding ...
6.859 Attempting to solve formula with 1150748 clauses (3385031 literals) and 610 assumptions
7.144 Unsolvable at layer 15 -- expanding.
7.144 Iteration 16.
7.148 New layer size: 3570
7.148 Instantiating ...
10.361 Collected 51 relevant facts at this layer
10.361 Encoding ...
11.451 Attempting to solve formula with 1864414 clauses (5484979 literals) and 987 assumptions
c last restart ## conflicts  :  3 75764 
11.718 Found a solution at layer 16.
==>
192615 unstack b5 b1 arm1
192620 putdown b5 arm1
192631 unstack b1 b3 arm1
192638 putdown b1 arm1
192646 unstack b3 b4 arm1
192659 putdown b3 arm1
192664 unstack b4 b2 arm1
192674 delete_goal_on_table b4
192682 mark_done b4
196766 putdown b4 arm1
196768 pickup b1 arm1
196774 delete_goal_on b1 b4
196786 mark_done b1
198339 stack b1 b4 arm1
198344 mark_done b2
198348 pickup b3 arm1
198357 delete_goal_on b3 b2
198366 mark_done b3
198705 stack b3 b2 arm1
198710 pickup b5 arm1
198712 delete_goal_on b5 b3
198727 mark_done b5
198816 stack b5 b3 arm1
root 19
19 achieve-goals arm1 -> unstack-block 192614 55
55 release arm1 -> release-table 192619 180
180 achieve-goals arm1 -> unstack-block 192630 446
446 release arm1 -> release-table 192637 793
793 achieve-goals arm1 -> unstack-block 192645 1389
1389 release arm1 -> release-table 192658 2337
2337 achieve-goals arm1 -> unstack-block 192663 3897
3897 release arm1 -> release-table-done 192674 192682 196765 6559
6559 achieve-goals arm1 -> pickup-ready-block 196767 10746
10746 release arm1 -> release-stack 196774 196786 198338 17630
17630 achieve-goals arm1 -> mark-done-table 198344 28718
28718 achieve-goals arm1 -> pickup-ready-block 198347 46573
46573 release arm1 -> release-stack 198357 198366 198704 75734
75734 achieve-goals arm1 -> pickup-ready-block 198709 122714
122714 release arm1 -> release-stack 198712 198727 198815 198877
192614 acquire_abstract b5 arm1 -> newMethod16 192615
192619 putdown_abstract b5 -> newMethod14 192620
192630 acquire_abstract b1 arm1 -> newMethod16 192631
192637 putdown_abstract b1 -> newMethod14 192638
192645 acquire_abstract b3 arm1 -> newMethod16 192646
192658 putdown_abstract b3 -> newMethod14 192659
192663 acquire_abstract b4 arm1 -> newMethod16 192664
196765 putdown_abstract b4 -> newMethod14 196766
196767 acquire_abstract b1 arm1 -> newMethod13 196768
198338 stack_abstract b1 b4 -> newMethod15 198339
198347 acquire_abstract b3 arm1 -> newMethod13 198348
198704 stack_abstract b3 b2 -> newMethod15 198705
198709 acquire_abstract b5 arm1 -> newMethod13 198710
198815 stack_abstract b5 b3 -> newMethod15 198816
198877 achieve-goals arm1 -> set_done
<==
11.812 End of solution plan. (counted length of 23)
11.812 Total amount of clauses encoded: 1864414
11.812 - directframeaxioms : 500122 cls
11.812 - reductionconstraints : 345818 cls
11.812 - qfactsemantics : 337935 cls
11.812 - indirectframeaxioms : 244436 cls
11.812 - atmostoneelement : 173435 cls
11.812 - expansions : 66970 cls
11.812 - predecessors : 56506 cls
11.812 - qconstequality : 38850 cls
11.812 - actionconstraints : 37165 cls
11.812 - actioneffects : 31735 cls
11.812 - substitutionconstraints : 31389 cls
11.812 - truefacts : 51 cls
11.812 - axiomaticops : 2 cls
11.812 # instantiated positions: 9330
11.812 # instantiated actions: 38807
11.812 # instantiated reductions: 17700
11.812 # introduced pseudo-constants: 6797
11.812 # retroactive prunings: 0
11.812 # retroactively pruned operations: 0
11.812 # dominated operations: 12
11.812 # total invalid rigid preconditions found in getPFC: 0
11.812 # invalid rigid preconditions found in getPFC: 0
11.812 # invalid rigid preconditions found in getPFC in varrestrictions: 0
11.812 # total invalid fluent preconditions found in getPFC: 8
11.812 # invalid fluent preconditions found in getPFC: 5
11.812 # invalid fluent preconditions found in getPFC in varrestrictions: 3
11.812 # invalid fluent preconditions found in getPFC via postconditions: 0
11.812 # invalid subtasks found in getPFC: 0
11.812 # number effects in operation fact_frames: 224
11.812 Exiting happily.

RUNWATCH_RESULT EXIT RETVAL 0 TIME_SECS 11.8716 MEMPEAK_KBS 633276
