    _           _         _
   \ |         \ |       | |                       
   | |     __  | |      _| |______                
   | |     \/  | |     /_   ______\                
   | |      _  | |   __  | |  ___   ___   ___       
   | |___  | | | |  / .\ | | / , | |   \ / ·_\    
   \_____\ |_| |__\ \__/ |_| \___) |_|_| \___\  
[39mL i l o t a n e  version rls-glucose4
by Dominik Schreiber <dominik.schreiber@kit.edu> 2020-2021
using SAT solver glucose4

0.009 Parser finished.
0.009 Structures extracted.
0.010 20 operators and 16 methods created.
0.019 Mined 11 new reduction preconditions (+13.8%).
0.019 Iteration 0.
0.019 Creating initial layer of size 2
0.040 Attempting to solve formula with 123 clauses (183 literals) and 1 assumptions
0.040 Unsolvable at layer 0 -- expanding.
0.040 Iteration 1.
0.040 New layer size: 6
0.040 Instantiating ...
0.304 Collected 2700 relevant facts at this layer
0.304 Encoding ...
0.346 Attempting to solve formula with 47962 clauses (145031 literals) and 5 assumptions
0.347 Unsolvable at layer 1 -- expanding.
0.347 Iteration 2.
0.347 New layer size: 11
0.347 Instantiating ...
0.834 Collected 2913 relevant facts at this layer
0.834 Encoding ...
0.958 Attempting to solve formula with 172641 clauses (562456 literals) and 5 assumptions
0.958 Unsolvable at layer 2 -- expanding.
0.958 Iteration 3.
0.958 New layer size: 26
0.958 Instantiating ...
1.840 Collected 2955 relevant facts at this layer
1.840 Encoding ...
2.207 Attempting to solve formula with 434603 clauses (1451843 literals) and 10 assumptions
2.228 Unsolvable at layer 3 -- expanding.
2.228 Iteration 4.
2.228 New layer size: 46
2.228 Instantiating ...
3.753 Collected 2955 relevant facts at this layer
3.753 Encoding ...
4.356 Attempting to solve formula with 846037 clauses (2852131 literals) and 15 assumptions
4.382 Unsolvable at layer 4 -- expanding.
4.382 Iteration 5.
4.382 New layer size: 81
4.382 Instantiating ...
6.963 Collected 2955 relevant facts at this layer
6.963 Encoding ...
8.029 Attempting to solve formula with 1538801 clauses (5215869 literals) and 25 assumptions
8.120 Unsolvable at layer 5 -- expanding.
8.120 Iteration 6.
8.120 New layer size: 136
8.120 Instantiating ...
12.398 Collected 2955 relevant facts at this layer
12.398 Encoding ...
14.206 Attempting to solve formula with 2659433 clauses (9042946 literals) and 40 assumptions
14.311 Unsolvable at layer 6 -- expanding.
14.311 Iteration 7.
14.312 New layer size: 226
14.312 Instantiating ...
21.424 Collected 2955 relevant facts at this layer
21.424 Encoding ...
24.380 Attempting to solve formula with 4489214 clauses (15296460 literals) and 65 assumptions
24.611 Unsolvable at layer 7 -- expanding.
24.611 Iteration 8.
24.611 New layer size: 371
24.611 Instantiating ...
36.385 Collected 2955 relevant facts at this layer
36.385 Encoding ...
41.164 Attempting to solve formula with 7456011 clauses (25439747 literals) and 105 assumptions
41.654 Unsolvable at layer 8 -- expanding.
41.654 Iteration 9.
41.654 New layer size: 606
41.654 Instantiating ...
60.530 Collected 2955 relevant facts at this layer
60.530 Encoding ...
68.822 Attempting to solve formula with 12268973 clauses (41899244 literals) and 170 assumptions
69.929 Unsolvable at layer 9 -- expanding.
69.929 Iteration 10.
69.929 New layer size: 986
69.929 Instantiating ...
100.779 Collected 2955 relevant facts at this layer
100.779 Encoding ...
113.517 Attempting to solve formula with 20065116 clauses (68564724 literals) and 275 assumptions
117.128 Unsolvable at layer 10 -- expanding.
117.128 Iteration 11.
117.129 New layer size: 1601
117.129 Instantiating ...
167.222 Collected 2955 relevant facts at this layer
167.222 Encoding ...
188.947 Attempting to solve formula with 32690605 clauses (111752397 literals) and 445 assumptions
196.187 Unsolvable at layer 11 -- expanding.
196.187 Iteration 12.
196.188 New layer size: 2596
196.188 Instantiating ...
277.002 Termination signal caught.
277.002 Total amount of clauses encoded: 32690605
277.002 - directframeaxioms : 12974580 cls
277.002 - qfactsemantics : 8447537 cls
277.002 - indirectframeaxioms : 6567837 cls
277.002 - reductionconstraints : 3979334 cls
277.002 - actionconstraints : 273384 cls
277.002 - qconstequality : 173242 cls
277.002 - substitutionconstraints : 127097 cls
277.002 - atmostoneelement : 76186 cls
277.002 - expansions : 29442 cls
277.002 - predecessors : 24818 cls
277.002 - actioneffects : 14191 cls
277.002 - truefacts : 2955 cls
277.002 - axiomaticops : 2 cls
277.002 # instantiated positions: 6603
277.002 # instantiated actions: 27324
277.002 # instantiated reductions: 12699
277.002 # introduced pseudo-constants: 5993
277.002 # retroactive prunings: 0
277.002 # retroactively pruned operations: 0
277.002 # dominated operations: 2
277.002 # total invalid rigid preconditions found in getPFC: 0
277.002 # invalid rigid preconditions found in getPFC: 0
277.002 # invalid rigid preconditions found in getPFC in varrestrictions: 0
277.002 # total invalid fluent preconditions found in getPFC: 3
277.002 # invalid fluent preconditions found in getPFC: 3
277.002 # invalid fluent preconditions found in getPFC in varrestrictions: 0
277.002 # invalid fluent preconditions found in getPFC via postconditions: 0
277.002 # invalid subtasks found in getPFC: 0
277.002 # number effects in operation fact_frames: 232
277.002 Exiting happily.

RUNWATCH_RESULT MEMOUT RETVAL 0 TIME_SECS 277.94 MEMPEAK_KBS 16074184
