    _           _         _
   \ |         \ |       | |                       
   | |     __  | |      _| |______                
   | |     \/  | |     /_   ______\                
   | |      _  | |   __  | |  ___   ___   ___       
   | |___  | | | |  / .\ | | / , | |   \ / ·_\    
   \_____\ |_| |__\ \__/ |_| \___) |_|_| \___\  
[39mL i l o t a n e  version rls-glucose4
by Dominik Schreiber <dominik.schreiber@kit.edu> 2020-2021
using SAT solver glucose4

0.006 Parser finished.
0.006 Structures extracted.
0.007 23 operators and 15 methods created.
0.015 Mined 9 new reduction preconditions (+36.0%).
0.015 Iteration 0.
0.015 Creating initial layer of size 2
0.017 Attempting to solve formula with 25 clauses (36 literals) and 1 assumptions
0.017 Unsolvable at layer 0 -- expanding.
0.017 Iteration 1.
0.017 New layer size: 12
0.017 Instantiating ...
0.039 Collected 61 relevant facts at this layer
0.039 Encoding ...
0.040 Attempting to solve formula with 532 clauses (1205 literals) and 11 assumptions
0.040 Unsolvable at layer 1 -- expanding.
0.040 Iteration 2.
0.040 New layer size: 45
0.040 Instantiating ...
0.085 Collected 168 relevant facts at this layer
0.085 Encoding ...
0.104 Attempting to solve formula with 22477 clauses (62053 literals) and 32 assumptions
0.104 Unsolvable at layer 2 -- expanding.
0.104 Iteration 3.
0.104 New layer size: 124
0.104 Instantiating ...
0.180 Collected 191 relevant facts at this layer
0.180 Encoding ...
0.230 Attempting to solve formula with 69309 clauses (202959 literals) and 51 assumptions
0.230 Unsolvable at layer 3 -- expanding.
0.230 Iteration 4.
0.230 New layer size: 217
0.230 Instantiating ...
0.349 Collected 191 relevant facts at this layer
0.349 Encoding ...
0.433 Attempting to solve formula with 134743 clauses (409627 literals) and 69 assumptions
0.434 Unsolvable at layer 4 -- expanding.
0.434 Iteration 5.
0.434 New layer size: 331
0.434 Instantiating ...
0.591 Collected 191 relevant facts at this layer
0.591 Encoding ...
0.712 Attempting to solve formula with 217322 clauses (673907 literals) and 76 assumptions
0.716 Unsolvable at layer 5 -- expanding.
0.716 Iteration 6.
0.716 New layer size: 445
0.716 Instantiating ...
0.911 Collected 191 relevant facts at this layer
0.911 Encoding ...
1.060 Attempting to solve formula with 302794 clauses (946843 literals) and 76 assumptions
1.061 Unsolvable at layer 6 -- expanding.
1.061 Iteration 7.
1.061 New layer size: 559
1.061 Instantiating ...
1.294 Collected 191 relevant facts at this layer
1.294 Encoding ...
1.467 Attempting to solve formula with 389431 clauses (1222179 literals) and 76 assumptions
1.468 Unsolvable at layer 7 -- expanding.
1.468 Iteration 8.
1.469 New layer size: 673
1.469 Instantiating ...
1.737 Collected 191 relevant facts at this layer
1.737 Encoding ...
1.942 Attempting to solve formula with 477316 clauses (1500126 literals) and 76 assumptions
c last restart ## conflicts  :  32 10751 
2.370 Found a solution at layer 8.
==>
74252 Drive truck0 distributor1 distributor0
74508 nop
74540 Lift hoist1 crate14 crate13 distributor0
74695 nop
74794 Load hoist1 crate14 truck0 distributor0
74803 Lift hoist1 crate13 crate12 distributor0
74809 nop
74818 Load hoist1 crate13 truck0 distributor0
74822 Lift hoist1 crate12 crate9 distributor0
74825 Drive truck1 depot0 distributor0
74828 Load hoist1 crate12 truck1 distributor0
74832 Lift hoist1 crate9 crate8 distributor0
74834 nop
74838 Load hoist1 crate9 truck1 distributor0
74844 Lift hoist1 crate8 crate7 distributor0
74848 Load hoist1 crate8 truck0 distributor0
74866 Drive truck0 distributor0 depot0
75224 nop
75605 Lift hoist0 crate11 crate6 depot0
75608 Drive truck1 distributor0 depot0
75611 Load hoist0 crate11 truck1 depot0
75615 Lift hoist0 crate6 crate1 depot0
75619 nop
75621 Load hoist0 crate6 truck0 depot0
75624 Lift hoist0 crate1 pallet0 depot0
75628 nop
75631 Load hoist0 crate1 truck1 depot0
75636 Unload hoist0 crate8 truck0 depot0
75638 Drop hoist0 crate8 pallet0 depot0
75649 Drive truck0 depot0 distributor1
76055 nop
76414 Lift hoist2 crate10 crate5 distributor1
76421 nop
76428 Load hoist2 crate10 truck0 distributor1
76433 Lift hoist2 crate5 crate2 distributor1
76437 nop
76440 Load hoist2 crate5 truck0 distributor1
76444 Lift hoist2 crate2 crate0 distributor1
76447 nop
76451 Load hoist2 crate2 truck0 distributor1
76453 Lift hoist2 crate0 pallet2 distributor1
76458 Load hoist2 crate0 truck0 distributor1
76472 Drive truck0 distributor1 depot0
76903 nop
77314 Unload hoist0 crate0 truck0 depot0
77317 Drop hoist0 crate0 crate8 depot0
77326 nop
78160 nop
78582 Unload hoist0 crate5 truck0 depot0
79005 Drop hoist0 crate5 crate0 depot0
79009 nop
79028 nop
79457 Unload hoist0 crate11 truck1 depot0
79877 Drop hoist0 crate11 crate5 depot0
79882 Drive truck0 depot0 distributor0
80295 nop
80692 Lift hoist1 crate7 crate4 distributor0
80694 Drive truck1 depot0 distributor0
80698 Load hoist1 crate7 truck1 distributor0
80703 Lift hoist1 crate4 crate3 distributor0
80706 Load hoist1 crate4 truck0 distributor0
80721 Drive truck0 distributor0 depot0
80723 nop
80731 Unload hoist0 crate4 truck0 depot0
80733 Drop hoist0 crate4 crate11 depot0
80742 nop
80757 nop
81192 Unload hoist0 crate10 truck0 depot0
81616 Drop hoist0 crate10 crate4 depot0
81624 nop
82471 nop
82892 Lift hoist1 crate3 pallet1 distributor0
82895 nop
82899 Load hoist1 crate3 truck1 distributor0
82911 Unload hoist1 crate9 truck1 distributor0
83337 Drop hoist1 crate9 pallet1 distributor0
83345 nop
84189 nop
84631 Unload hoist1 crate1 truck1 distributor0
85058 Drop hoist1 crate1 crate9 distributor0
85069 Drive truck0 depot0 distributor0
85916 nop
86356 Unload hoist1 crate2 truck0 distributor0
86789 Drop hoist1 crate2 crate1 distributor0
86798 Drive truck1 distributor0 distributor1
87650 nop
88089 Unload hoist2 crate12 truck1 distributor1
88529 Drop hoist2 crate12 pallet2 distributor1
88539 nop
89396 nop
89839 Unload hoist2 crate3 truck1 distributor1
90270 Drop hoist2 crate3 crate12 distributor1
root 27 88 157 227 295 367 440 513 587 660 737
27 do_put_on crate8 pallet0 -> m3_do_put_on 7542 74866 1147
88 do_put_on crate0 crate8 -> m3_do_put_on 8283 76472 1710
157 do_put_on crate5 crate0 -> m2_do_put_on 77325 78159 78582 79005
227 do_put_on crate11 crate5 -> m2_do_put_on 79008 79027 79457 79877
295 do_put_on crate4 crate11 -> m3_do_put_on 10881 80721 3522
367 do_put_on crate10 crate4 -> m2_do_put_on 80741 80756 81192 81616
440 do_put_on crate9 pallet1 -> m2_do_put_on 81623 4406 82911 83337
513 do_put_on crate1 crate9 -> m2_do_put_on 83344 84188 84631 85058
587 do_put_on crate2 crate1 -> m2_do_put_on 5611 85915 86356 86789
660 do_put_on crate12 pallet2 -> m2_do_put_on 6249 87649 88089 88529
737 do_put_on crate3 crate12 -> m2_do_put_on 88538 89395 89839 90270
1147 do_unload_truck crate8 pallet0 depot0 truck0 -> m11_do_unload_truck 8029 75636 75638
1710 do_unload_truck crate0 crate8 depot0 truck0 -> m11_do_unload_truck 76902 77314 77317
3522 do_unload_truck crate4 crate11 depot0 truck0 -> m11_do_unload_truck 80722 80731 80733
4406 do_clear pallet1 distributor0 -> m5_do_clear 82470 82892 82894 82899
5611 do_get_truck truck0 distributor0 -> m7_do_get_truck 85069
6249 do_get_truck truck1 distributor1 -> m7_do_get_truck 86798
7542 do_load_truck crate8 crate7 distributor0 truck0 -> m10_do_load_truck 16939 16954 74844 74848
8029 do_clear pallet0 depot0 -> m5_do_clear 17646 75624 75627 75631
8283 do_load_truck crate0 pallet2 distributor1 truck0 -> m10_do_load_truck 18002 18032 76453 76458
10881 do_load_truck crate4 crate3 distributor0 truck0 -> m10_do_load_truck 21265 21296 80703 80706
16939 do_get_truck truck0 distributor0 -> m7_do_get_truck 74252
16954 do_clear crate8 distributor0 -> m5_do_clear 29155 74832 74833 74838
17646 do_clear crate1 depot0 -> m5_do_clear 29768 75615 75618 75621
18002 do_get_truck truck0 distributor1 -> m7_do_get_truck 75649
18032 do_clear crate0 distributor1 -> m5_do_clear 30529 76444 76446 76451
21265 do_get_truck truck0 distributor0 -> m7_do_get_truck 79882
21296 do_clear crate4 distributor0 -> m5_do_clear 80294 80692 34622 80698
29155 do_clear crate9 distributor0 -> m5_do_clear 43692 74822 43875 74828
29768 do_clear crate6 depot0 -> m5_do_clear 75223 75605 44578 75611
30529 do_clear crate2 distributor1 -> m5_do_clear 45146 76433 76436 76440
34622 do_get_truck truck1 distributor0 -> m7_do_get_truck 80694
43692 do_clear crate12 distributor0 -> m5_do_clear 58894 74803 74808 74818
43875 do_get_truck truck1 distributor0 -> m7_do_get_truck 74825
44578 do_get_truck truck1 depot0 -> m7_do_get_truck 75608
45146 do_clear crate5 distributor1 -> m5_do_clear 76054 76414 76420 76428
58894 do_clear crate13 distributor0 -> m5_do_clear 74507 74540 74694 74794
74507 do_clear crate14 distributor0 -> m4_do_clear 74508
74694 do_get_truck truck0 distributor0 -> m6_do_get_truck 74695
74808 do_get_truck truck0 distributor0 -> m6_do_get_truck 74809
74833 do_get_truck truck1 distributor0 -> m6_do_get_truck 74834
75223 do_clear crate11 depot0 -> m4_do_clear 75224
75618 do_get_truck truck0 depot0 -> m6_do_get_truck 75619
75627 do_get_truck truck1 depot0 -> m6_do_get_truck 75628
76054 do_clear crate10 distributor1 -> m4_do_clear 76055
76420 do_get_truck truck0 distributor1 -> m6_do_get_truck 76421
76436 do_get_truck truck0 distributor1 -> m6_do_get_truck 76437
76446 do_get_truck truck0 distributor1 -> m6_do_get_truck 76447
76902 do_clear crate8 depot0 -> m4_do_clear 76903
77325 do_get_truck truck0 depot0 -> m6_do_get_truck 77326
78159 do_clear crate0 depot0 -> m4_do_clear 78160
79008 do_get_truck truck1 depot0 -> m6_do_get_truck 79009
79027 do_clear crate5 depot0 -> m4_do_clear 79028
80294 do_clear crate7 distributor0 -> m4_do_clear 80295
80722 do_clear crate11 depot0 -> m4_do_clear 80723
80741 do_get_truck truck0 depot0 -> m6_do_get_truck 80742
80756 do_clear crate4 depot0 -> m4_do_clear 80757
81623 do_get_truck truck1 distributor0 -> m6_do_get_truck 81624
82470 do_clear crate3 distributor0 -> m4_do_clear 82471
82894 do_get_truck truck1 distributor0 -> m6_do_get_truck 82895
83344 do_get_truck truck1 distributor0 -> m6_do_get_truck 83345
84188 do_clear crate9 distributor0 -> m4_do_clear 84189
85915 do_clear crate1 distributor0 -> m4_do_clear 85916
87649 do_clear pallet2 distributor1 -> m4_do_clear 87650
88538 do_get_truck truck1 distributor1 -> m6_do_get_truck 88539
89395 do_clear crate12 distributor1 -> m4_do_clear 89396
<==
2.405 End of solution plan. (counted length of 92)
2.405 Total amount of clauses encoded: 477316
2.405 - directframeaxioms : 217886 cls
2.405 - indirectframeaxioms : 92455 cls
2.405 - qfactsemantics : 88347 cls
2.405 - reductionconstraints : 30162 cls
2.405 - qconstequality : 8886 cls
2.405 - expansions : 8822 cls
2.405 - atmostoneelement : 8746 cls
2.405 - actionconstraints : 7082 cls
2.405 - predecessors : 6757 cls
2.405 - substitutionconstraints : 5377 cls
2.405 - actioneffects : 2603 cls
2.405 - truefacts : 191 cls
2.405 - axiomaticops : 2 cls
2.405 # instantiated positions: 2407
2.405 # instantiated actions: 6211
2.405 # instantiated reductions: 547
2.405 # introduced pseudo-constants: 990
2.405 # retroactive prunings: 0
2.405 # retroactively pruned operations: 0
2.405 # dominated operations: 31
2.405 # total invalid rigid preconditions found in getPFC: 0
2.405 # invalid rigid preconditions found in getPFC: 0
2.405 # invalid rigid preconditions found in getPFC in varrestrictions: 0
2.405 # total invalid fluent preconditions found in getPFC: 0
2.405 # invalid fluent preconditions found in getPFC: 0
2.405 # invalid fluent preconditions found in getPFC in varrestrictions: 0
2.405 # invalid fluent preconditions found in getPFC via postconditions: 0
2.405 # invalid operations found in getPFC via subtasks: 0
2.405 # invalid operations found in getPFC via postconditions: 0
2.405 # number effects in operation fact_frames: 408
2.405 # number of variables restricted: 0
2.405 # number of nodes variables restricted: 0
2.405 Exiting happily.

RUNWATCH_RESULT EXIT RETVAL 0 TIME_SECS 2.43066 MEMPEAK_KBS 260972
