    _           _         _
   \ |         \ |       | |                       
   | |     __  | |      _| |______                
   | |     \/  | |     /_   ______\                
   | |      _  | |   __  | |  ___   ___   ___       
   | |___  | | | |  / .\ | | / , | |   \ / ·_\    
   \_____\ |_| |__\ \__/ |_| \___) |_|_| \___\  
[39mL i l o t a n e  version rls-glucose4
by Dominik Schreiber <dominik.schreiber@kit.edu> 2020-2021
using SAT solver glucose4

0.003 Parser finished.
0.003 Structures extracted.
0.003 11 operators and 14 methods created.
0.048 Mined 13 new reduction preconditions (+108.3%).
0.048 Iteration 0.
0.048 Creating initial layer of size 2
0.091 Attempting to solve formula with 7 clauses (9 literals) and 1 assumptions
0.091 Unsolvable at layer 0 -- expanding.
0.091 Iteration 1.
0.091 New layer size: 2
0.091 Instantiating ...
0.255 Collected 2 relevant facts at this layer
0.255 Encoding ...
0.255 Attempting to solve formula with 23 clauses (47 literals) and 1 assumptions
0.255 Unsolvable at layer 1 -- expanding.
0.255 Iteration 2.
0.255 New layer size: 3
0.255 Instantiating ...
0.549 Collected 8 relevant facts at this layer
0.549 Encoding ...
0.549 Attempting to solve formula with 199 clauses (527 literals) and 1 assumptions
0.549 Unsolvable at layer 2 -- expanding.
0.549 Iteration 3.
0.549 New layer size: 4
0.549 Instantiating ...
1.015 Collected 13 relevant facts at this layer
1.015 Encoding ...
1.015 Attempting to solve formula with 500 clauses (1335 literals) and 1 assumptions
1.016 Unsolvable at layer 3 -- expanding.
1.016 Iteration 4.
1.016 New layer size: 5
1.016 Instantiating ...
1.355 Collected 13 relevant facts at this layer
1.355 Encoding ...
1.355 Attempting to solve formula with 862 clauses (2333 literals) and 1 assumptions
1.355 Unsolvable at layer 4 -- expanding.
1.355 Iteration 5.
1.356 New layer size: 6
1.356 Instantiating ...
1.695 Collected 13 relevant facts at this layer
1.695 Encoding ...
1.695 Attempting to solve formula with 1253 clauses (3410 literals) and 1 assumptions
1.695 Unsolvable at layer 5 -- expanding.
1.695 Iteration 6.
1.695 New layer size: 7
1.695 Instantiating ...
2.037 Collected 13 relevant facts at this layer
2.037 Encoding ...
2.038 Attempting to solve formula with 1664 clauses (4527 literals) and 1 assumptions
2.039 Unsolvable at layer 6 -- expanding.
2.039 Iteration 7.
2.039 New layer size: 8
2.039 Instantiating ...
2.385 Collected 13 relevant facts at this layer
2.385 Encoding ...
2.386 Attempting to solve formula with 2095 clauses (5684 literals) and 1 assumptions
2.386 Unsolvable at layer 7 -- expanding.
2.386 Iteration 8.
2.386 New layer size: 9
2.386 Instantiating ...
2.728 Collected 13 relevant facts at this layer
2.728 Encoding ...
2.729 Attempting to solve formula with 2546 clauses (6881 literals) and 1 assumptions
2.729 Unsolvable at layer 8 -- expanding.
2.729 Iteration 9.
2.729 New layer size: 10
2.729 Instantiating ...
3.071 Collected 13 relevant facts at this layer
3.071 Encoding ...
3.071 Attempting to solve formula with 3017 clauses (8118 literals) and 1 assumptions
3.072 Unsolvable at layer 9 -- expanding.
3.072 Iteration 10.
3.072 New layer size: 11
3.072 Instantiating ...
3.416 Collected 13 relevant facts at this layer
3.416 Encoding ...
3.417 Attempting to solve formula with 3508 clauses (9395 literals) and 1 assumptions
3.418 Unsolvable at layer 10 -- expanding.
3.418 Iteration 11.
3.418 New layer size: 12
3.418 Instantiating ...
3.758 Collected 13 relevant facts at this layer
3.758 Encoding ...
3.759 Attempting to solve formula with 4019 clauses (10712 literals) and 1 assumptions
3.762 Unsolvable at layer 11 -- expanding.
3.762 Iteration 12.
3.762 New layer size: 13
3.762 Instantiating ...
4.104 Collected 13 relevant facts at this layer
4.104 Encoding ...
4.105 Attempting to solve formula with 4550 clauses (12069 literals) and 1 assumptions
c last restart ## conflicts  :  57 195 
4.106 Found a solution at layer 12.
==>
897 move c r3 d03
903 open r3 r1 d13
907 move r3 r1 d13
912 open r1 r2 d12
921 pickup o2 r1
927 move r1 r2 d12
934 putdown o2 r2
939 move r2 r1 d12
942 pickup o1 r1
950 move r1 r3 d13
954 putdown o1 r3
root 11
11 achieve-goals -> achieve-goals-move 896 37
37 achieve-goals -> achieve-goals-open 902 102
102 achieve-goals -> achieve-goals-move 906 171
171 achieve-goals -> achieve-goals-open 911 256
256 achieve-goals -> achieve-goals-pickup 920 340
340 release -> release-move 926 430
430 release -> release-putdown_abstract 933 533
533 achieve-goals -> achieve-goals-move 938 636
636 achieve-goals -> achieve-goals-pickup 941 744
744 release -> release-move 949 861
861 release -> release-putdown_abstract 953 981
896 move_abstract -> newMethod24 897
902 open_abstract -> newMethod25 903
906 move_abstract -> newMethod24 907
911 open_abstract -> newMethod25 912
920 pickup_abstract o2 -> newMethod22 921
926 move_abstract -> newMethod24 927
933 putdown_abstract -> newMethod23 934
938 move_abstract -> newMethod24 939
941 pickup_abstract o1 -> newMethod22 942
949 move_abstract -> newMethod24 950
953 putdown_abstract -> newMethod23 954
981 achieve-goals -> finished
<==
4.107 End of solution plan. (counted length of 11)
4.107 Total amount of clauses encoded: 4550
4.107 - atmostoneelement : 885 cls
4.107 - actionconstraints : 659 cls
4.107 - directframeaxioms : 548 cls
4.107 - qfactsemantics : 433 cls
4.107 - expansions : 428 cls
4.107 - predecessors : 408 cls
4.107 - substitutionconstraints : 393 cls
4.107 - reductionconstraints : 306 cls
4.107 - indirectframeaxioms : 253 cls
4.107 - qconstequality : 132 cls
4.107 - actioneffects : 90 cls
4.107 - truefacts : 13 cls
4.107 - axiomaticops : 2 cls
4.107 # instantiated positions: 91
4.107 # instantiated actions: 331
4.107 # instantiated reductions: 78
4.107 # introduced pseudo-constants: 66
4.107 # retroactive prunings: 1
4.107 # retroactively pruned operations: 1
4.107 # dominated operations: 0
4.107 # total invalid rigid preconditions found in getPFC: 0
4.107 # invalid rigid preconditions found in getPFC: 0
4.107 # invalid rigid preconditions found in getPFC in varrestrictions: 0
4.107 # total invalid fluent preconditions found in getPFC: 13
4.107 # invalid fluent preconditions found in getPFC: 13
4.107 # invalid fluent preconditions found in getPFC in varrestrictions: 0
4.107 # invalid fluent preconditions found in getPFC via postconditions: 0
4.107 # invalid subtasks found in getPFC: 1
4.107 # number effects in operation fact_frames: 110
4.107 Exiting happily.

RUNWATCH_RESULT EXIT RETVAL 0 TIME_SECS 4.11426 MEMPEAK_KBS 18276
