    _           _         _
   \ |         \ |       | |                       
   | |     __  | |      _| |______                
   | |     \/  | |     /_   ______\                
   | |      _  | |   __  | |  ___   ___   ___       
   | |___  | | | |  / .\ | | / , | |   \ / ·_\    
   \_____\ |_| |__\ \__/ |_| \___) |_|_| \___\  
[39mL i l o t a n e  version rls-cadical
by Dominik Schreiber <dominik.schreiber@kit.edu> 2020-2021
using SAT solver cadical

0.006 Parser finished.
0.006 Structures extracted.
0.006 19 operators and 11 methods created.
0.007 Mined 6 new reduction preconditions (+33.3%).
0.007 Iteration 0.
0.007 Creating initial layer of size 2
0.017 Attempting to solve formula with 59 clauses (87 literals) and 1 assumptions
0.017 Unsolvable at layer 0 -- expanding.
0.017 Iteration 1.
0.017 New layer size: 30
0.017 Instantiating ...
0.035 Collected 29 relevant facts at this layer
0.035 Encoding ...
0.036 Attempting to solve formula with 250 clauses (479 literals) and 29 assumptions
0.036 Unsolvable at layer 1 -- expanding.
0.036 Iteration 2.
0.036 New layer size: 117
0.036 Instantiating ...
0.066 Collected 122 relevant facts at this layer
0.066 Encoding ...
0.083 Attempting to solve formula with 13894 clauses (35606 literals) and 104 assumptions
0.083 Unsolvable at layer 2 -- expanding.
0.083 Iteration 3.
0.084 New layer size: 269
0.084 Instantiating ...
0.122 Collected 157 relevant facts at this layer
0.122 Encoding ...
0.162 Attempting to solve formula with 47236 clauses (113428 literals) and 47 assumptions
0.162 Unsolvable at layer 3 -- expanding.
0.162 Iteration 4.
0.162 New layer size: 363
0.162 Instantiating ...
0.205 Collected 157 relevant facts at this layer
0.205 Encoding ...
0.248 Attempting to solve formula with 77429 clauses (184416 literals) and 46 assumptions
0.248 Unsolvable at layer 4 -- expanding.
0.248 Iteration 5.
0.249 New layer size: 455
0.249 Instantiating ...
0.294 Collected 157 relevant facts at this layer
0.294 Encoding ...
0.352 Attempting to solve formula with 108213 clauses (257261 literals) and 43 assumptions
0.352 Unsolvable at layer 5 -- expanding.
0.352 Iteration 6.
0.353 New layer size: 541
0.353 Instantiating ...
0.404 Collected 157 relevant facts at this layer
0.404 Encoding ...
0.464 Attempting to solve formula with 139125 clauses (331162 literals) and 40 assumptions
0.464 Unsolvable at layer 6 -- expanding.
0.464 Iteration 7.
0.465 New layer size: 621
0.465 Instantiating ...
0.519 Collected 157 relevant facts at this layer
0.519 Encoding ...
0.598 Attempting to solve formula with 171100 clauses (408656 literals) and 40 assumptions
0.598 Unsolvable at layer 7 -- expanding.
0.598 Iteration 8.
0.599 New layer size: 701
0.599 Instantiating ...
0.660 Collected 157 relevant facts at this layer
0.660 Encoding ...
0.737 Attempting to solve formula with 205222 clauses (492065 literals) and 40 assumptions
0.737 Unsolvable at layer 8 -- expanding.
0.737 Iteration 9.
0.738 New layer size: 781
0.738 Instantiating ...
0.740 Retroactively prune action (__REPEATED___SURROGATE*m6_do_clear*nop* b28)@(8,13): no children at offset 0
0.740 Retroactively prune action (__REPEATED___SURROGATE*m6_do_clear*nop* b27)@(8,13): no children at offset 0
0.740 Retroactively prune action (__REPEATED___SURROGATE*m6_do_clear*nop* b14)@(8,13): no children at offset 0
0.740 Retroactively prune action (__REPEATED___SURROGATE*m6_do_clear*nop* b12)@(8,13): no children at offset 0
0.740 Retroactively prune action (__REPEATED___SURROGATE*m6_do_clear*nop* b25)@(8,13): no children at offset 0
0.740 Retroactively prune action (__REPEATED___SURROGATE*m6_do_clear*nop* b32)@(8,13): no children at offset 0
0.811 Collected 157 relevant facts at this layer
0.811 Encoding ...
0.900 Attempting to solve formula with 241234 clauses (580569 literals) and 38 assumptions
1.050 Found a solution at layer 9.
==>
58806 nop
58808 unstack b2 b22
58810 put-down b2
58817 unstack b22 b30
58819 put-down b22
58821 unstack b30 b13
58823 put-down b30
58825 unstack b13 b26
58827 put-down b13
58829 unstack b26 b33
58831 put-down b26
58833 unstack b33 b15
58835 put-down b33
58837 unstack b15 b29
58839 put-down b15
58841 nop
58984 unstack b29 b32
58986 put-down b29
58988 unstack b32 b25
58990 put-down b32
58992 unstack b25 b12
58994 put-down b25
58996 unstack b12 b27
58998 put-down b12
59000 unstack b27 b28
59002 put-down b27
59004 unstack b28 b14
59006 put-down b28
59009 unstack b14 b31
59012 put-down b14
59015 pick-up b29
59017 stack b29 b14
59020 nop
59051 nop
59106 nop
59111 pick-up b26
59114 stack b26 b29
59118 nop
59321 unstack b31 b8
59324 put-down b31
59327 nop
59357 nop
59363 unstack b8 b6
59365 stack b8 b26
59373 nop
59592 nop
59807 nop
59814 pick-up b32
59816 stack b32 b8
59821 nop
59848 nop
60082 nop
60087 pick-up b13
60090 stack b13 b32
60092 nop
60097 nop
60118 nop
60124 pick-up b2
60126 stack b2 b13
60128 nop
60130 nop
60133 nop
60139 unstack b1 b35
60141 stack b1 b2
60143 nop
60145 nop
60148 nop
60154 unstack b24 b4
60156 stack b24 b1
60158 nop
60188 nop
60191 nop
60196 pick-up b30
60199 stack b30 b24
60203 nop
60206 unstack b7 b11
60210 put-down b7
60212 unstack b11 b21
60215 put-down b11
60218 unstack b21 b18
60221 put-down b21
60226 nop
60240 nop
60247 unstack b18 b5
60249 stack b18 b21
60253 nop
60435 unstack b4 b20
60437 put-down b4
60440 unstack b20 b10
60443 put-down b20
60451 nop
60658 nop
60664 unstack b10 b3
60666 stack b10 b18
60673 nop
60866 nop
61064 nop
61071 pick-up b20
61073 stack b20 b10
61079 nop
61261 unstack b3 b23
61264 put-down b3
61267 unstack b23 b34
61270 put-down b23
61276 nop
61468 nop
61474 unstack b34 b16
61477 stack b34 b20
61485 nop
61701 nop
61886 unstack b35 b9
61888 put-down b35
61891 nop
61893 pick-up b23
61896 stack b23 b9
61898 nop
61907 nop
62117 nop
62123 unstack b17 b19
62125 stack b17 b23
62130 nop
62365 nop
62367 nop
62374 pick-up b27
62376 stack b27 b17
62381 nop
62627 nop
62866 nop
62873 pick-up b12
62876 stack b12 b27
62884 nop
63081 nop
63323 nop
63328 pick-up b35
63331 stack b35 b12
63333 nop
63588 nop
63783 nop
63788 pick-up b15
63791 stack b15 b35
63799 nop
64035 nop
64288 nop
64294 pick-up b16
64296 stack b16 b33
64300 nop
64548 nop
64780 nop
64785 pick-up b28
64788 stack b28 b16
64792 nop
64996 nop
65248 nop
65250 pick-up b4
65253 stack b4 b5
65256 nop
65487 nop
65691 nop
65697 pick-up b3
65699 stack b3 b4
65702 nop
65977 nop
66216 nop
66221 pick-up b31
66224 stack b31 b3
66228 nop
66471 nop
66747 nop
66753 pick-up b19
66755 stack b19 b31
66757 nop
66760 nop
67006 nop
67012 pick-up b7
67014 stack b7 b19
67016 nop
67025 nop
67028 nop
67034 pick-up b11
67036 stack b11 b7
67044 nop
67325 nop
67532 nop
67538 pick-up b25
67540 stack b25 b11
67546 nop
67758 nop
68040 nop
68046 pick-up b22
68049 stack b22 b25
root 61 64 70 77 85 94 104 115 127 140 154 170 186 202 219 237 257 277 297 317 338 360 383 407 432 458 485 513 542
61 do_put_on b29 b14 -> m1_do_put_on 575 671 768 864
64 do_put_on b26 b29 -> m1_do_put_on 59019 59050 59105 1139
70 do_put_on b8 b26 -> m1_do_put_on 1181 59326 59356 1417
77 do_put_on b32 b8 -> m1_do_put_on 59372 59591 59806 1696
85 do_put_on b13 b32 -> m1_do_put_on 59820 59847 60081 1978
94 do_put_on b2 b13 -> m1_do_put_on 60091 60096 60117 2162
104 do_put_on b1 b2 -> m1_do_put_on 60127 60129 60132 2245
115 do_put_on b24 b1 -> m1_do_put_on 60142 60144 60147 2329
127 do_put_on b30 b24 -> m1_do_put_on 60157 60187 60190 2517
140 do_put_on b18 b21 -> m1_do_put_on 2558 60225 60239 2808
154 do_put_on b10 b18 -> m1_do_put_on 2849 60450 60657 3101
170 do_put_on b20 b10 -> m1_do_put_on 60672 60865 61063 3402
186 do_put_on b34 b20 -> m1_do_put_on 3443 61275 61467 3696
202 do_put_on b23 b9 -> m1_do_put_on 61484 3776 61890 3992
219 do_put_on b17 b23 -> m1_do_put_on 61897 61906 62116 4147
237 do_put_on b27 b17 -> m1_do_put_on 62129 62364 62366 4339
257 do_put_on b12 b27 -> m1_do_put_on 62380 62626 62865 4648
277 do_put_on b35 b12 -> m1_do_put_on 62883 63080 63322 4950
297 do_put_on b15 b35 -> m1_do_put_on 63332 63587 63782 5253
317 do_put_on b16 b33 -> m1_do_put_on 63798 64034 64287 5558
338 do_put_on b28 b16 -> m1_do_put_on 64299 64547 64779 5834
360 do_put_on b4 b5 -> m1_do_put_on 64791 64995 65247 6143
383 do_put_on b3 b4 -> m1_do_put_on 65255 65486 65690 6420
407 do_put_on b31 b3 -> m1_do_put_on 65701 65976 66215 6735
432 do_put_on b19 b31 -> m1_do_put_on 66227 66470 66746 7053
458 do_put_on b7 b19 -> m1_do_put_on 66756 66759 67005 7222
485 do_put_on b11 b7 -> m1_do_put_on 67015 67024 67027 7425
513 do_put_on b25 b11 -> m1_do_put_on 67043 67324 67531 7751
542 do_put_on b22 b25 -> m1_do_put_on 67545 67757 68039 8080
575 do_clear b29 -> m7_do_clear 8158 58837 58839
671 do_clear b14 -> m7_do_clear 8334 59004 59006
768 do_on_table b14 -> m2_do_on_table 59009 59012
864 do_move b29 b14 -> m4_do_move 59015 59017
1139 do_move b26 b29 -> m4_do_move 59111 59114
1181 do_clear b8 -> m7_do_clear 59117 59321 59324
1417 do_move b8 b26 -> m5_do_move 59363 59365
1696 do_move b32 b8 -> m4_do_move 59814 59816
1978 do_move b13 b32 -> m4_do_move 60087 60090
2162 do_move b2 b13 -> m4_do_move 60124 60126
2245 do_move b1 b2 -> m5_do_move 60139 60141
2329 do_move b24 b1 -> m5_do_move 60154 60156
2517 do_move b30 b24 -> m4_do_move 60196 60199
2558 do_clear b18 -> m7_do_clear 10241 60218 60221
2808 do_move b18 b21 -> m5_do_move 60247 60249
2849 do_clear b10 -> m7_do_clear 10571 60440 60443
3101 do_move b10 b18 -> m5_do_move 60664 60666
3402 do_move b20 b10 -> m4_do_move 61071 61073
3443 do_clear b34 -> m7_do_clear 11259 61267 61270
3696 do_move b34 b20 -> m5_do_move 61474 61477
3776 do_clear b9 -> m7_do_clear 61700 61886 61888
3992 do_move b23 b9 -> m4_do_move 61893 61896
4147 do_move b17 b23 -> m5_do_move 62123 62125
4339 do_move b27 b17 -> m4_do_move 62374 62376
4648 do_move b12 b27 -> m4_do_move 62873 62876
4950 do_move b35 b12 -> m4_do_move 63328 63331
5253 do_move b15 b35 -> m4_do_move 63788 63791
5558 do_move b16 b33 -> m4_do_move 64294 64296
5834 do_move b28 b16 -> m4_do_move 64785 64788
6143 do_move b4 b5 -> m4_do_move 65250 65253
6420 do_move b3 b4 -> m4_do_move 65697 65699
6735 do_move b31 b3 -> m4_do_move 66221 66224
7053 do_move b19 b31 -> m4_do_move 66753 66755
7222 do_move b7 b19 -> m4_do_move 67012 67014
7425 do_move b11 b7 -> m4_do_move 67034 67036
7751 do_move b25 b11 -> m4_do_move 67538 67540
8080 do_move b22 b25 -> m4_do_move 68046 68049
8158 do_clear b15 -> m7_do_clear 16479 58833 58835
8334 do_clear b28 -> m7_do_clear 16625 59000 59002
10241 do_clear b21 -> m7_do_clear 18457 60212 60215
10571 do_clear b20 -> m7_do_clear 60252 60435 60437
11259 do_clear b23 -> m7_do_clear 61078 61261 61264
16479 do_clear b33 -> m7_do_clear 24547 58829 58831
16625 do_clear b27 -> m7_do_clear 24698 58996 58998
18457 do_clear b11 -> m7_do_clear 60202 60206 60210
24547 do_clear b26 -> m7_do_clear 32738 58825 58827
24698 do_clear b12 -> m7_do_clear 32894 58992 58994
32738 do_clear b13 -> m7_do_clear 41008 58821 58823
32894 do_clear b25 -> m7_do_clear 41169 58988 58990
41008 do_clear b30 -> m7_do_clear 49694 58817 58819
41169 do_clear b32 -> m7_do_clear 58840 58984 58986
49694 do_clear b22 -> m7_do_clear 58805 58808 58810
58805 do_clear b2 -> m6_do_clear 58806
58840 do_clear b29 -> m6_do_clear 58841
59019 do_clear b26 -> m6_do_clear 59020
59050 do_clear b29 -> m6_do_clear 59051
59105 do_on_table b29 -> m3_do_on_table 59106
59117 do_clear b31 -> m6_do_clear 59118
59326 do_clear b26 -> m6_do_clear 59327
59356 do_on_table b26 -> m3_do_on_table 59357
59372 do_clear b32 -> m6_do_clear 59373
59591 do_clear b8 -> m6_do_clear 59592
59806 do_on_table b8 -> m3_do_on_table 59807
59820 do_clear b13 -> m6_do_clear 59821
59847 do_clear b32 -> m6_do_clear 59848
60081 do_on_table b32 -> m3_do_on_table 60082
60091 do_clear b2 -> m6_do_clear 60092
60096 do_clear b13 -> m6_do_clear 60097
60117 do_on_table b13 -> m3_do_on_table 60118
60127 do_clear b1 -> m6_do_clear 60128
60129 do_clear b2 -> m6_do_clear 60130
60132 do_on_table b2 -> m3_do_on_table 60133
60142 do_clear b24 -> m6_do_clear 60143
60144 do_clear b1 -> m6_do_clear 60145
60147 do_on_table b1 -> m3_do_on_table 60148
60157 do_clear b30 -> m6_do_clear 60158
60187 do_clear b24 -> m6_do_clear 60188
60190 do_on_table b24 -> m3_do_on_table 60191
60202 do_clear b7 -> m6_do_clear 60203
60225 do_clear b21 -> m6_do_clear 60226
60239 do_on_table b21 -> m3_do_on_table 60240
60252 do_clear b4 -> m6_do_clear 60253
60450 do_clear b18 -> m6_do_clear 60451
60657 do_on_table b18 -> m3_do_on_table 60658
60672 do_clear b20 -> m6_do_clear 60673
60865 do_clear b10 -> m6_do_clear 60866
61063 do_on_table b10 -> m3_do_on_table 61064
61078 do_clear b3 -> m6_do_clear 61079
61275 do_clear b20 -> m6_do_clear 61276
61467 do_on_table b20 -> m3_do_on_table 61468
61484 do_clear b23 -> m6_do_clear 61485
61700 do_clear b35 -> m6_do_clear 61701
61890 do_on_table b9 -> m3_do_on_table 61891
61897 do_clear b17 -> m6_do_clear 61898
61906 do_clear b23 -> m6_do_clear 61907
62116 do_on_table b23 -> m3_do_on_table 62117
62129 do_clear b27 -> m6_do_clear 62130
62364 do_clear b17 -> m6_do_clear 62365
62366 do_on_table b17 -> m3_do_on_table 62367
62380 do_clear b12 -> m6_do_clear 62381
62626 do_clear b27 -> m6_do_clear 62627
62865 do_on_table b27 -> m3_do_on_table 62866
62883 do_clear b35 -> m6_do_clear 62884
63080 do_clear b12 -> m6_do_clear 63081
63322 do_on_table b12 -> m3_do_on_table 63323
63332 do_clear b15 -> m6_do_clear 63333
63587 do_clear b35 -> m6_do_clear 63588
63782 do_on_table b35 -> m3_do_on_table 63783
63798 do_clear b16 -> m6_do_clear 63799
64034 do_clear b33 -> m6_do_clear 64035
64287 do_on_table b33 -> m3_do_on_table 64288
64299 do_clear b28 -> m6_do_clear 64300
64547 do_clear b16 -> m6_do_clear 64548
64779 do_on_table b16 -> m3_do_on_table 64780
64791 do_clear b4 -> m6_do_clear 64792
64995 do_clear b5 -> m6_do_clear 64996
65247 do_on_table b5 -> m3_do_on_table 65248
65255 do_clear b3 -> m6_do_clear 65256
65486 do_clear b4 -> m6_do_clear 65487
65690 do_on_table b4 -> m3_do_on_table 65691
65701 do_clear b31 -> m6_do_clear 65702
65976 do_clear b3 -> m6_do_clear 65977
66215 do_on_table b3 -> m3_do_on_table 66216
66227 do_clear b19 -> m6_do_clear 66228
66470 do_clear b31 -> m6_do_clear 66471
66746 do_on_table b31 -> m3_do_on_table 66747
66756 do_clear b7 -> m6_do_clear 66757
66759 do_clear b19 -> m6_do_clear 66760
67005 do_on_table b19 -> m3_do_on_table 67006
67015 do_clear b11 -> m6_do_clear 67016
67024 do_clear b7 -> m6_do_clear 67025
67027 do_on_table b7 -> m3_do_on_table 67028
67043 do_clear b25 -> m6_do_clear 67044
67324 do_clear b11 -> m6_do_clear 67325
67531 do_on_table b11 -> m3_do_on_table 67532
67545 do_clear b22 -> m6_do_clear 67546
67757 do_clear b25 -> m6_do_clear 67758
68039 do_on_table b25 -> m3_do_on_table 68040
<==
1.080 End of solution plan. (counted length of 190)
1.080 Total amount of clauses encoded: 241234
1.080 - directframeaxioms : 189920 cls
1.080 - expansions : 9912 cls
1.080 - predecessors : 8545 cls
1.080 - atmostoneelement : 7993 cls
1.080 - qfactsemantics : 7039 cls
1.080 - reductionconstraints : 4471 cls
1.080 - indirectframeaxioms : 4426 cls
1.080 - actionconstraints : 3464 cls
1.080 - actioneffects : 3375 cls
1.080 - substitutionconstraints : 1397 cls
1.080 - qconstequality : 464 cls
1.080 - truefacts : 157 cls
1.080 - forbiddenoperations : 69 cls
1.080 - axiomaticops : 2 cls
1.080 # instantiated positions: 3879
1.080 # instantiated actions: 8091
1.080 # instantiated reductions: 455
1.080 # introduced pseudo-constants: 173
1.080 # retroactive prunings: 6
1.080 # retroactively pruned operations: 69
1.080 # dominated operations: 13
1.080 Exiting happily (no cleaning up).

RUNWATCH_RESULT EXIT RETVAL 0 TIME_SECS 1.10034 MEMPEAK_KBS 124296
