    _           _         _
   \ |         \ |       | |                       
   | |     __  | |      _| |______                
   | |     \/  | |     /_   ______\                
   | |      _  | |   __  | |  ___   ___   ___       
   | |___  | | | |  / .\ | | / , | |   \ / ·_\    
   \_____\ |_| |__\ \__/ |_| \___) |_|_| \___\  
[39mL i l o t a n e  version rls-cadical
by Dominik Schreiber <dominik.schreiber@kit.edu> 2020-2021
using SAT solver cadical

0.002 Parser finished.
0.003 Structures extracted.
0.003 9 operators and 7 methods created.
0.005 Mined 12 new reduction preconditions (+inf%).
0.006 Iteration 0.
0.006 Creating initial layer of size 2
0.010 Attempting to solve formula with 3 clauses (3 literals) and 1 assumptions
0.010 Unsolvable at layer 0 -- expanding.
0.010 Iteration 1.
0.010 New layer size: 5
0.010 Instantiating ...
0.020 Collected 0 relevant facts at this layer
0.020 Encoding ...
0.020 Attempting to solve formula with 69 clauses (151 literals) and 4 assumptions
0.020 Unsolvable at layer 1 -- expanding.
0.020 Iteration 2.
0.020 New layer size: 17
0.020 Instantiating ...
0.038 Collected 32 relevant facts at this layer
0.038 Encoding ...
0.040 Attempting to solve formula with 1737 clauses (5890 literals) and 8 assumptions
0.041 Unsolvable at layer 2 -- expanding.
0.041 Iteration 3.
0.041 New layer size: 25
0.041 Instantiating ...
0.060 Collected 32 relevant facts at this layer
0.060 Encoding ...
0.063 Attempting to solve formula with 3638 clauses (12784 literals) and 8 assumptions
0.065 Unsolvable at layer 3 -- expanding.
0.065 Iteration 4.
0.065 New layer size: 33
0.065 Instantiating ...
0.086 Collected 32 relevant facts at this layer
0.086 Encoding ...
0.090 Attempting to solve formula with 6228 clauses (22287 literals) and 8 assumptions
0.091 Found a solution at layer 4.
==>
705 drive truck_0 city_loc_1 city_loc_1
718 drive truck_0 city_loc_1 city_loc_2
735 drive truck_0 city_loc_2 city_loc_3
737 pick_up truck_0 city_loc_3 package_2 capacity_1 capacity_2
744 drive truck_0 city_loc_3 city_loc_2
775 drop truck_0 city_loc_2 package_2 capacity_1 capacity_2
780 drive truck_1 city_loc_1 city_loc_4
791 drive truck_1 city_loc_4 city_loc_1
808 drive truck_1 city_loc_1 city_loc_1
810 pick_up truck_1 city_loc_1 package_1 capacity_1 capacity_2
812 drive truck_1 city_loc_1 city_loc_2
848 drop truck_1 city_loc_2 package_1 capacity_1 capacity_2
850 drive truck_0 city_loc_2 city_loc_1
864 drive truck_0 city_loc_1 city_loc_1
881 drive truck_0 city_loc_1 city_loc_3
883 pick_up truck_0 city_loc_3 package_0 capacity_1 capacity_2
888 drive truck_0 city_loc_3 city_loc_1
899 drive truck_0 city_loc_1 city_loc_4
916 drive truck_0 city_loc_4 city_loc_0
920 drop truck_0 city_loc_0 package_0 capacity_1 capacity_2
927 drive truck_1 city_loc_2 city_loc_1
953 drive truck_1 city_loc_1 city_loc_1
955 pick_up truck_1 city_loc_1 package_3 capacity_1 capacity_2
960 drive truck_1 city_loc_1 city_loc_3
993 drop truck_1 city_loc_3 package_3 capacity_1 capacity_2
root 5 14 23 32
5 deliver package_2 city_loc_2 -> m_deliver_ordering_0 45 736 743 774
14 deliver package_1 city_loc_2 -> m_deliver_ordering_0 152 809 811 847
23 deliver package_0 city_loc_0 -> m_deliver_ordering_0 244 882 289 919
32 deliver package_3 city_loc_3 -> m_deliver_ordering_0 336 954 959 992
45 get_to truck_0 city_loc_3 -> m_drive_to_via_ordering_0 445 735
152 get_to truck_1 city_loc_1 -> m_drive_to_via_ordering_0 510 808
244 get_to truck_0 city_loc_3 -> m_drive_to_via_ordering_0 576 881
289 get_to truck_0 city_loc_0 -> m_drive_to_via_ordering_0 606 916
336 get_to truck_1 city_loc_1 -> m_drive_to_via_ordering_0 926 953
445 get_to truck_0 city_loc_2 -> m_drive_to_via_ordering_0 704 718
510 get_to truck_1 city_loc_1 -> m_drive_to_via_ordering_0 779 791
576 get_to truck_0 city_loc_1 -> m_drive_to_via_ordering_0 849 864
606 get_to truck_0 city_loc_4 -> m_drive_to_via_ordering_0 887 899
704 get_to truck_0 city_loc_1 -> m_drive_to_ordering_0 705
736 load truck_0 city_loc_3 package_2 -> m_load_ordering_0 737
743 get_to truck_0 city_loc_2 -> m_drive_to_ordering_0 744
774 unload truck_0 city_loc_2 package_2 -> m_unload_ordering_0 775
779 get_to truck_1 city_loc_4 -> m_drive_to_ordering_0 780
809 load truck_1 city_loc_1 package_1 -> m_load_ordering_0 810
811 get_to truck_1 city_loc_2 -> m_drive_to_ordering_0 812
847 unload truck_1 city_loc_2 package_1 -> m_unload_ordering_0 848
849 get_to truck_0 city_loc_1 -> m_drive_to_ordering_0 850
882 load truck_0 city_loc_3 package_0 -> m_load_ordering_0 883
887 get_to truck_0 city_loc_1 -> m_drive_to_ordering_0 888
919 unload truck_0 city_loc_0 package_0 -> m_unload_ordering_0 920
926 get_to truck_1 city_loc_1 -> m_drive_to_ordering_0 927
954 load truck_1 city_loc_1 package_3 -> m_load_ordering_0 955
959 get_to truck_1 city_loc_3 -> m_drive_to_ordering_0 960
992 unload truck_1 city_loc_3 package_3 -> m_unload_ordering_0 993
<==
0.093 End of solution plan. (counted length of 25)
0.093 Total amount of clauses encoded: 6228
0.093 - indirectframeaxioms : 2108 cls
0.093 - directframeaxioms : 944 cls
0.093 - qfactsemantics : 884 cls
0.093 - actionconstraints : 482 cls
0.093 - qconstequality : 351 cls
0.093 - substitutionconstraints : 349 cls
0.093 - reductionconstraints : 290 cls
0.093 - predecessors : 199 cls
0.093 - expansions : 185 cls
0.093 - actioneffects : 112 cls
0.093 - truefacts : 32 cls
0.093 - axiomaticops : 2 cls
0.093 # instantiated positions: 81
0.093 # instantiated actions: 171
0.093 # instantiated reductions: 29
0.093 # introduced pseudo-constants: 56
0.093 # retroactive prunings: 0
0.093 # retroactively pruned operations: 0
0.093 # dominated operations: 1
0.093 # total invalid rigid preconditions found in getPFC: 0
0.093 # invalid rigid preconditions found in getPFC: 0
0.093 # invalid rigid preconditions found in getPFC in varrestrictions: 0
0.093 # total invalid fluent preconditions found in getPFC: 0
0.093 # invalid fluent preconditions found in getPFC: 0
0.093 # invalid fluent preconditions found in getPFC in varrestrictions: 0
0.093 # invalid fluent preconditions found in getPFC via postconditions: 0
0.093 # invalid operations found in getPFC via subtasks: 0
0.093 # invalid operations found in getPFC via postconditions: 0
0.093 # number effects in operation fact_frames: 84
0.093 # number of variables restricted: 1256
0.093 # number of nodes variables restricted: 1240
0.093 Exiting happily.

RUNWATCH_RESULT EXIT RETVAL 0 TIME_SECS 0.0981445 MEMPEAK_KBS 680
