    _           _         _
   \ |         \ |       | |                       
   | |     __  | |      _| |______                
   | |     \/  | |     /_   ______\                
   | |      _  | |   __  | |  ___   ___   ___       
   | |___  | | | |  / .\ | | / , | |   \ / ·_\    
   \_____\ |_| |__\ \__/ |_| \___) |_|_| \___\  
[39mL i l o t a n e  version rls-glucose4
by Dominik Schreiber <dominik.schreiber@kit.edu> 2020-2021
using SAT solver glucose4

0.014 Parser finished.
0.014 Structures extracted.
0.015 9 operators and 7 methods created.
0.023 Mined 12 new reduction preconditions (+inf%).
0.023 Iteration 0.
0.023 Creating initial layer of size 2
0.216 Attempting to solve formula with 3 clauses (3 literals) and 1 assumptions
0.216 Unsolvable at layer 0 -- expanding.
0.216 Iteration 1.
0.216 New layer size: 71
0.216 Instantiating ...
1.424 Collected 0 relevant facts at this layer
1.424 Encoding ...
1.446 Attempting to solve formula with 28845 clauses (81137 literals) and 70 assumptions
1.446 Unsolvable at layer 1 -- expanding.
1.446 Iteration 2.
1.447 New layer size: 281
1.447 Instantiating ...
2.897 Collected 1043 relevant facts at this layer
2.897 Encoding ...
3.480 Attempting to solve formula with 605625 clauses (2343351 literals) and 140 assumptions
3.493 Unsolvable at layer 2 -- expanding.
3.493 Iteration 3.
3.494 New layer size: 421
3.494 Instantiating ...
5.299 Collected 1043 relevant facts at this layer
5.299 Encoding ...
6.470 Attempting to solve formula with 1533995 clauses (6067744 literals) and 140 assumptions
6.473 Unsolvable at layer 3 -- expanding.
6.473 Iteration 4.
6.473 New layer size: 561
6.473 Instantiating ...
8.736 Collected 1043 relevant facts at this layer
8.736 Encoding ...
10.520 Attempting to solve formula with 2724197 clauses (10977510 literals) and 140 assumptions
c
c Try to adapt solver strategies
c 
c Nothing extreme in this problem, continue with glucose default strategies.
c
122.636 Unsolvable at layer 4 -- expanding.
122.636 Iteration 5.
122.636 New layer size: 701
122.636 Instantiating ...
125.524 Collected 1043 relevant facts at this layer
125.524 Encoding ...
127.763 Attempting to solve formula with 4180149 clauses (17248085 literals) and 140 assumptions
1801.320 Termination signal caught.
1801.320 Total amount of clauses encoded: 4180149
1801.320 - indirectframeaxioms : 2131871 cls
1801.320 - directframeaxioms : 764680 cls
1801.320 - qfactsemantics : 671062 cls
1801.320 - reductionconstraints : 224738 cls
1801.320 - actionconstraints : 222886 cls
1801.320 - qconstequality : 74535 cls
1801.320 - substitutionconstraints : 65099 cls
1801.320 - atmostoneelement : 10226 cls
1801.320 - expansions : 5864 cls
1801.320 - predecessors : 5623 cls
1801.320 - actioneffects : 2520 cls
1801.320 - truefacts : 1043 cls
1801.320 - axiomaticops : 2 cls
1801.320 # instantiated positions: 2036
1801.320 # instantiated actions: 4993
1801.320 # instantiated reductions: 631
1801.320 # introduced pseudo-constants: 1208
1801.320 # retroactive prunings: 0
1801.320 # retroactively pruned operations: 0
1801.320 # dominated operations: 51
1801.320 # total invalid rigid preconditions found in getPFC: 0
1801.320 # invalid rigid preconditions found in getPFC: 0
1801.320 # invalid rigid preconditions found in getPFC in varrestrictions: 0
1801.320 # total invalid fluent preconditions found in getPFC: 0
1801.320 # invalid fluent preconditions found in getPFC: 0
1801.320 # invalid fluent preconditions found in getPFC in varrestrictions: 0
1801.320 # invalid fluent preconditions found in getPFC via postconditions: 0
1801.320 # invalid subtasks found in getPFC: 0
1801.320 # number effects in operation fact_frames: 348
1801.320 Exiting happily.

RUNWATCH_RESULT TIMEOUT RETVAL 0 TIME_SECS 1801.41 MEMPEAK_KBS 1305552
