    _           _         _
   \ |         \ |       | |                       
   | |     __  | |      _| |______                
   | |     \/  | |     /_   ______\                
   | |      _  | |   __  | |  ___   ___   ___       
   | |___  | | | |  / .\ | | / , | |   \ / ·_\    
   \_____\ |_| |__\ \__/ |_| \___) |_|_| \___\  
[39mL i l o t a n e  version rls-glucose4
by Dominik Schreiber <dominik.schreiber@kit.edu> 2020-2021
using SAT solver glucose4

3.873 Parser finished.
3.888 Structures extracted.
3.890 18 operators and 15 methods created.
4.989 Mined 2 new reduction preconditions (+9.5%).
4.989 Iteration 0.
4.989 Creating initial layer of size 2
ROBIN_HOOD OVERFLOW
6.192 Attempting to solve formula with 3 clauses (3 literals) and 1 assumptions
6.192 Unsolvable at layer 0 -- expanding.
6.192 Iteration 1.
6.192 New layer size: 2
6.192 Instantiating ...
ROBIN_HOOD OVERFLOW
7.436 Collected 0 relevant facts at this layer
7.436 Encoding ...
7.548 Attempting to solve formula with 8 clauses (12 literals) and 1 assumptions
7.548 Unsolvable at layer 1 -- expanding.
7.548 Iteration 2.
7.566 New layer size: 7
7.566 Instantiating ...
ROBIN_HOOD OVERFLOW
ROBIN_HOOD OVERFLOW
ROBIN_HOOD OVERFLOW
ROBIN_HOOD OVERFLOW
ROBIN_HOOD OVERFLOW
12.116 Collected 0 relevant facts at this layer
12.116 Encoding ...
12.434 Attempting to solve formula with 28 clauses (46 literals) and 6 assumptions
12.434 Unsolvable at layer 2 -- expanding.
12.434 Iteration 3.
12.451 New layer size: 13
12.451 Instantiating ...
ROBIN_HOOD OVERFLOW
ROBIN_HOOD OVERFLOW
ROBIN_HOOD OVERFLOW
ROBIN_HOOD OVERFLOW
ROBIN_HOOD OVERFLOW
ROBIN_HOOD OVERFLOW
ROBIN_HOOD OVERFLOW
ROBIN_HOOD OVERFLOW
ROBIN_HOOD OVERFLOW
ROBIN_HOOD OVERFLOW
ROBIN_HOOD OVERFLOW
ROBIN_HOOD OVERFLOW
ROBIN_HOOD OVERFLOW
ROBIN_HOOD OVERFLOW
ROBIN_HOOD OVERFLOW
25.927 Collected 4 relevant facts at this layer
25.927 Encoding ...
26.570 Attempting to solve formula with 100 clauses (187 literals) and 10 assumptions
26.570 Unsolvable at layer 3 -- expanding.
26.570 Iteration 4.
26.570 New layer size: 23
26.570 Instantiating ...
ROBIN_HOOD OVERFLOW
ROBIN_HOOD OVERFLOW
ROBIN_HOOD OVERFLOW
ROBIN_HOOD OVERFLOW
ROBIN_HOOD OVERFLOW
ROBIN_HOOD OVERFLOW
ROBIN_HOOD OVERFLOW
ROBIN_HOOD OVERFLOW
ROBIN_HOOD OVERFLOW
ROBIN_HOOD OVERFLOW
ROBIN_HOOD OVERFLOW
ROBIN_HOOD OVERFLOW
ROBIN_HOOD OVERFLOW
ROBIN_HOOD OVERFLOW
ROBIN_HOOD OVERFLOW
ROBIN_HOOD OVERFLOW
ROBIN_HOOD OVERFLOW
ROBIN_HOOD OVERFLOW
ROBIN_HOOD OVERFLOW
ROBIN_HOOD OVERFLOW
ROBIN_HOOD OVERFLOW
ROBIN_HOOD OVERFLOW
ROBIN_HOOD OVERFLOW
ROBIN_HOOD OVERFLOW
ROBIN_HOOD OVERFLOW
ROBIN_HOOD OVERFLOW
ROBIN_HOOD OVERFLOW
ROBIN_HOOD OVERFLOW
ROBIN_HOOD OVERFLOW
ROBIN_HOOD OVERFLOW
ROBIN_HOOD OVERFLOW
ROBIN_HOOD OVERFLOW
ROBIN_HOOD OVERFLOW
ROBIN_HOOD OVERFLOW
ROBIN_HOOD OVERFLOW
59.268 Collected 14 relevant facts at this layer
59.268 Encoding ...
60.375 Attempting to solve formula with 708 clauses (1646 literals) and 20 assumptions
60.375 Unsolvable at layer 4 -- expanding.
60.375 Iteration 5.
60.375 New layer size: 43
60.375 Instantiating ...
ROBIN_HOOD OVERFLOW
ROBIN_HOOD OVERFLOW
ROBIN_HOOD OVERFLOW
ROBIN_HOOD OVERFLOW
ROBIN_HOOD OVERFLOW
ROBIN_HOOD OVERFLOW
ROBIN_HOOD OVERFLOW
ROBIN_HOOD OVERFLOW
ROBIN_HOOD OVERFLOW
ROBIN_HOOD OVERFLOW
ROBIN_HOOD OVERFLOW
ROBIN_HOOD OVERFLOW
ROBIN_HOOD OVERFLOW
ROBIN_HOOD OVERFLOW
ROBIN_HOOD OVERFLOW
ROBIN_HOOD OVERFLOW
ROBIN_HOOD OVERFLOW
ROBIN_HOOD OVERFLOW
ROBIN_HOOD OVERFLOW
ROBIN_HOOD OVERFLOW
ROBIN_HOOD OVERFLOW
ROBIN_HOOD OVERFLOW
ROBIN_HOOD OVERFLOW
ROBIN_HOOD OVERFLOW
ROBIN_HOOD OVERFLOW
ROBIN_HOOD OVERFLOW
ROBIN_HOOD OVERFLOW
ROBIN_HOOD OVERFLOW
ROBIN_HOOD OVERFLOW
ROBIN_HOOD OVERFLOW
ROBIN_HOOD OVERFLOW
ROBIN_HOOD OVERFLOW
ROBIN_HOOD OVERFLOW
ROBIN_HOOD OVERFLOW
ROBIN_HOOD OVERFLOW
ROBIN_HOOD OVERFLOW
ROBIN_HOOD OVERFLOW
ROBIN_HOOD OVERFLOW
ROBIN_HOOD OVERFLOW
ROBIN_HOOD OVERFLOW
ROBIN_HOOD OVERFLOW
ROBIN_HOOD OVERFLOW
ROBIN_HOOD OVERFLOW
ROBIN_HOOD OVERFLOW
ROBIN_HOOD OVERFLOW
ROBIN_HOOD OVERFLOW
ROBIN_HOOD OVERFLOW
ROBIN_HOOD OVERFLOW
ROBIN_HOOD OVERFLOW
ROBIN_HOOD OVERFLOW
ROBIN_HOOD OVERFLOW
ROBIN_HOOD OVERFLOW
ROBIN_HOOD OVERFLOW
ROBIN_HOOD OVERFLOW
ROBIN_HOOD OVERFLOW
ROBIN_HOOD OVERFLOW
ROBIN_HOOD OVERFLOW
ROBIN_HOOD OVERFLOW
ROBIN_HOOD OVERFLOW
ROBIN_HOOD OVERFLOW
ROBIN_HOOD OVERFLOW
ROBIN_HOOD OVERFLOW
ROBIN_HOOD OVERFLOW
ROBIN_HOOD OVERFLOW
ROBIN_HOOD OVERFLOW
ROBIN_HOOD OVERFLOW
ROBIN_HOOD OVERFLOW
ROBIN_HOOD OVERFLOW
ROBIN_HOOD OVERFLOW
ROBIN_HOOD OVERFLOW
ROBIN_HOOD OVERFLOW
ROBIN_HOOD OVERFLOW
ROBIN_HOOD OVERFLOW
ROBIN_HOOD OVERFLOW
ROBIN_HOOD OVERFLOW
131.075 Collected 34 relevant facts at this layer
131.075 Encoding ...
133.236 Attempting to solve formula with 4119 clauses (10195 literals) and 40 assumptions
133.236 Unsolvable at layer 5 -- expanding.
133.236 Iteration 6.
133.236 New layer size: 83
133.236 Instantiating ...
ROBIN_HOOD OVERFLOW
ROBIN_HOOD OVERFLOW
ROBIN_HOOD OVERFLOW
ROBIN_HOOD OVERFLOW
ROBIN_HOOD OVERFLOW
ROBIN_HOOD OVERFLOW
ROBIN_HOOD OVERFLOW
ROBIN_HOOD OVERFLOW
ROBIN_HOOD OVERFLOW
ROBIN_HOOD OVERFLOW
ROBIN_HOOD OVERFLOW
ROBIN_HOOD OVERFLOW
ROBIN_HOOD OVERFLOW
ROBIN_HOOD OVERFLOW
ROBIN_HOOD OVERFLOW
ROBIN_HOOD OVERFLOW
ROBIN_HOOD OVERFLOW
ROBIN_HOOD OVERFLOW
ROBIN_HOOD OVERFLOW
ROBIN_HOOD OVERFLOW
ROBIN_HOOD OVERFLOW
ROBIN_HOOD OVERFLOW
ROBIN_HOOD OVERFLOW
ROBIN_HOOD OVERFLOW
ROBIN_HOOD OVERFLOW
ROBIN_HOOD OVERFLOW
ROBIN_HOOD OVERFLOW
ROBIN_HOOD OVERFLOW
ROBIN_HOOD OVERFLOW
ROBIN_HOOD OVERFLOW
ROBIN_HOOD OVERFLOW
ROBIN_HOOD OVERFLOW
ROBIN_HOOD OVERFLOW
ROBIN_HOOD OVERFLOW
ROBIN_HOOD OVERFLOW
ROBIN_HOOD OVERFLOW
ROBIN_HOOD OVERFLOW
ROBIN_HOOD OVERFLOW
ROBIN_HOOD OVERFLOW
ROBIN_HOOD OVERFLOW
ROBIN_HOOD OVERFLOW
ROBIN_HOOD OVERFLOW
ROBIN_HOOD OVERFLOW
ROBIN_HOOD OVERFLOW
ROBIN_HOOD OVERFLOW
ROBIN_HOOD OVERFLOW
ROBIN_HOOD OVERFLOW
ROBIN_HOOD OVERFLOW
ROBIN_HOOD OVERFLOW
ROBIN_HOOD OVERFLOW
ROBIN_HOOD OVERFLOW
ROBIN_HOOD OVERFLOW
ROBIN_HOOD OVERFLOW
ROBIN_HOOD OVERFLOW
ROBIN_HOOD OVERFLOW
ROBIN_HOOD OVERFLOW
ROBIN_HOOD OVERFLOW
ROBIN_HOOD OVERFLOW
ROBIN_HOOD OVERFLOW
ROBIN_HOOD OVERFLOW
ROBIN_HOOD OVERFLOW
ROBIN_HOOD OVERFLOW
ROBIN_HOOD OVERFLOW
ROBIN_HOOD OVERFLOW
ROBIN_HOOD OVERFLOW
ROBIN_HOOD OVERFLOW
ROBIN_HOOD OVERFLOW
ROBIN_HOOD OVERFLOW
ROBIN_HOOD OVERFLOW
ROBIN_HOOD OVERFLOW
ROBIN_HOOD OVERFLOW
ROBIN_HOOD OVERFLOW
ROBIN_HOOD OVERFLOW
ROBIN_HOOD OVERFLOW
ROBIN_HOOD OVERFLOW
ROBIN_HOOD OVERFLOW
ROBIN_HOOD OVERFLOW
ROBIN_HOOD OVERFLOW
ROBIN_HOOD OVERFLOW
ROBIN_HOOD OVERFLOW
ROBIN_HOOD OVERFLOW
ROBIN_HOOD OVERFLOW
ROBIN_HOOD OVERFLOW
ROBIN_HOOD OVERFLOW
ROBIN_HOOD OVERFLOW
ROBIN_HOOD OVERFLOW
ROBIN_HOOD OVERFLOW
ROBIN_HOOD OVERFLOW
ROBIN_HOOD OVERFLOW
ROBIN_HOOD OVERFLOW
ROBIN_HOOD OVERFLOW
ROBIN_HOOD OVERFLOW
ROBIN_HOOD OVERFLOW
ROBIN_HOOD OVERFLOW
ROBIN_HOOD OVERFLOW
ROBIN_HOOD OVERFLOW
ROBIN_HOOD OVERFLOW
ROBIN_HOOD OVERFLOW
ROBIN_HOOD OVERFLOW
ROBIN_HOOD OVERFLOW
ROBIN_HOOD OVERFLOW
ROBIN_HOOD OVERFLOW
ROBIN_HOOD OVERFLOW
ROBIN_HOOD OVERFLOW
ROBIN_HOOD OVERFLOW
ROBIN_HOOD OVERFLOW
ROBIN_HOOD OVERFLOW
ROBIN_HOOD OVERFLOW
ROBIN_HOOD OVERFLOW
ROBIN_HOOD OVERFLOW
ROBIN_HOOD OVERFLOW
ROBIN_HOOD OVERFLOW
ROBIN_HOOD OVERFLOW
ROBIN_HOOD OVERFLOW
ROBIN_HOOD OVERFLOW
ROBIN_HOOD OVERFLOW
ROBIN_HOOD OVERFLOW
ROBIN_HOOD OVERFLOW
ROBIN_HOOD OVERFLOW
ROBIN_HOOD OVERFLOW
ROBIN_HOOD OVERFLOW
ROBIN_HOOD OVERFLOW
ROBIN_HOOD OVERFLOW
ROBIN_HOOD OVERFLOW
ROBIN_HOOD OVERFLOW
ROBIN_HOOD OVERFLOW
ROBIN_HOOD OVERFLOW
ROBIN_HOOD OVERFLOW
ROBIN_HOOD OVERFLOW
ROBIN_HOOD OVERFLOW
ROBIN_HOOD OVERFLOW
ROBIN_HOOD OVERFLOW
ROBIN_HOOD OVERFLOW
ROBIN_HOOD OVERFLOW
ROBIN_HOOD OVERFLOW
ROBIN_HOOD OVERFLOW
ROBIN_HOOD OVERFLOW
ROBIN_HOOD OVERFLOW
ROBIN_HOOD OVERFLOW
ROBIN_HOOD OVERFLOW
ROBIN_HOOD OVERFLOW
ROBIN_HOOD OVERFLOW
ROBIN_HOOD OVERFLOW
ROBIN_HOOD OVERFLOW
ROBIN_HOOD OVERFLOW
ROBIN_HOOD OVERFLOW
ROBIN_HOOD OVERFLOW
ROBIN_HOOD OVERFLOW
ROBIN_HOOD OVERFLOW
ROBIN_HOOD OVERFLOW
ROBIN_HOOD OVERFLOW
ROBIN_HOOD OVERFLOW
ROBIN_HOOD OVERFLOW
ROBIN_HOOD OVERFLOW
ROBIN_HOOD OVERFLOW
280.409 Collected 64 relevant facts at this layer
280.409 Encoding ...
284.821 Attempting to solve formula with 17196 clauses (43728 literals) and 80 assumptions
284.822 Unsolvable at layer 6 -- expanding.
284.822 Iteration 7.
284.822 New layer size: 163
284.822 Instantiating ...
ROBIN_HOOD OVERFLOW
ROBIN_HOOD OVERFLOW
ROBIN_HOOD OVERFLOW
ROBIN_HOOD OVERFLOW
ROBIN_HOOD OVERFLOW
ROBIN_HOOD OVERFLOW
ROBIN_HOOD OVERFLOW
ROBIN_HOOD OVERFLOW
ROBIN_HOOD OVERFLOW
ROBIN_HOOD OVERFLOW
ROBIN_HOOD OVERFLOW
ROBIN_HOOD OVERFLOW
ROBIN_HOOD OVERFLOW
ROBIN_HOOD OVERFLOW
ROBIN_HOOD OVERFLOW
ROBIN_HOOD OVERFLOW
ROBIN_HOOD OVERFLOW
ROBIN_HOOD OVERFLOW
ROBIN_HOOD OVERFLOW
ROBIN_HOOD OVERFLOW
ROBIN_HOOD OVERFLOW
ROBIN_HOOD OVERFLOW
ROBIN_HOOD OVERFLOW
ROBIN_HOOD OVERFLOW
ROBIN_HOOD OVERFLOW
ROBIN_HOOD OVERFLOW
ROBIN_HOOD OVERFLOW
ROBIN_HOOD OVERFLOW
ROBIN_HOOD OVERFLOW
ROBIN_HOOD OVERFLOW
ROBIN_HOOD OVERFLOW
ROBIN_HOOD OVERFLOW
ROBIN_HOOD OVERFLOW
ROBIN_HOOD OVERFLOW
ROBIN_HOOD OVERFLOW
ROBIN_HOOD OVERFLOW
ROBIN_HOOD OVERFLOW
ROBIN_HOOD OVERFLOW
ROBIN_HOOD OVERFLOW
ROBIN_HOOD OVERFLOW
ROBIN_HOOD OVERFLOW
ROBIN_HOOD OVERFLOW
ROBIN_HOOD OVERFLOW
ROBIN_HOOD OVERFLOW
ROBIN_HOOD OVERFLOW
ROBIN_HOOD OVERFLOW
ROBIN_HOOD OVERFLOW
ROBIN_HOOD OVERFLOW
ROBIN_HOOD OVERFLOW
ROBIN_HOOD OVERFLOW
ROBIN_HOOD OVERFLOW
ROBIN_HOOD OVERFLOW
ROBIN_HOOD OVERFLOW
ROBIN_HOOD OVERFLOW
ROBIN_HOOD OVERFLOW
ROBIN_HOOD OVERFLOW
ROBIN_HOOD OVERFLOW
ROBIN_HOOD OVERFLOW
ROBIN_HOOD OVERFLOW
ROBIN_HOOD OVERFLOW
ROBIN_HOOD OVERFLOW
ROBIN_HOOD OVERFLOW
ROBIN_HOOD OVERFLOW
ROBIN_HOOD OVERFLOW
ROBIN_HOOD OVERFLOW
ROBIN_HOOD OVERFLOW
ROBIN_HOOD OVERFLOW
ROBIN_HOOD OVERFLOW
ROBIN_HOOD OVERFLOW
ROBIN_HOOD OVERFLOW
ROBIN_HOOD OVERFLOW
ROBIN_HOOD OVERFLOW
ROBIN_HOOD OVERFLOW
ROBIN_HOOD OVERFLOW
ROBIN_HOOD OVERFLOW
ROBIN_HOOD OVERFLOW
ROBIN_HOOD OVERFLOW
ROBIN_HOOD OVERFLOW
ROBIN_HOOD OVERFLOW
ROBIN_HOOD OVERFLOW
ROBIN_HOOD OVERFLOW
ROBIN_HOOD OVERFLOW
ROBIN_HOOD OVERFLOW
ROBIN_HOOD OVERFLOW
ROBIN_HOOD OVERFLOW
ROBIN_HOOD OVERFLOW
ROBIN_HOOD OVERFLOW
ROBIN_HOOD OVERFLOW
ROBIN_HOOD OVERFLOW
ROBIN_HOOD OVERFLOW
ROBIN_HOOD OVERFLOW
ROBIN_HOOD OVERFLOW
ROBIN_HOOD OVERFLOW
ROBIN_HOOD OVERFLOW
ROBIN_HOOD OVERFLOW
ROBIN_HOOD OVERFLOW
ROBIN_HOOD OVERFLOW
ROBIN_HOOD OVERFLOW
ROBIN_HOOD OVERFLOW
ROBIN_HOOD OVERFLOW
ROBIN_HOOD OVERFLOW
ROBIN_HOOD OVERFLOW
ROBIN_HOOD OVERFLOW
ROBIN_HOOD OVERFLOW
ROBIN_HOOD OVERFLOW
ROBIN_HOOD OVERFLOW
ROBIN_HOOD OVERFLOW
ROBIN_HOOD OVERFLOW
ROBIN_HOOD OVERFLOW
ROBIN_HOOD OVERFLOW
ROBIN_HOOD OVERFLOW
ROBIN_HOOD OVERFLOW
ROBIN_HOOD OVERFLOW
ROBIN_HOOD OVERFLOW
ROBIN_HOOD OVERFLOW
ROBIN_HOOD OVERFLOW
ROBIN_HOOD OVERFLOW
ROBIN_HOOD OVERFLOW
ROBIN_HOOD OVERFLOW
ROBIN_HOOD OVERFLOW
ROBIN_HOOD OVERFLOW
ROBIN_HOOD OVERFLOW
ROBIN_HOOD OVERFLOW
ROBIN_HOOD OVERFLOW
ROBIN_HOOD OVERFLOW
ROBIN_HOOD OVERFLOW
ROBIN_HOOD OVERFLOW
ROBIN_HOOD OVERFLOW
ROBIN_HOOD OVERFLOW
ROBIN_HOOD OVERFLOW
ROBIN_HOOD OVERFLOW
ROBIN_HOOD OVERFLOW
ROBIN_HOOD OVERFLOW
ROBIN_HOOD OVERFLOW
ROBIN_HOOD OVERFLOW
ROBIN_HOOD OVERFLOW
ROBIN_HOOD OVERFLOW
ROBIN_HOOD OVERFLOW
ROBIN_HOOD OVERFLOW
ROBIN_HOOD OVERFLOW
ROBIN_HOOD OVERFLOW
ROBIN_HOOD OVERFLOW
ROBIN_HOOD OVERFLOW
ROBIN_HOOD OVERFLOW
ROBIN_HOOD OVERFLOW
ROBIN_HOOD OVERFLOW
ROBIN_HOOD OVERFLOW
ROBIN_HOOD OVERFLOW
ROBIN_HOOD OVERFLOW
ROBIN_HOOD OVERFLOW
ROBIN_HOOD OVERFLOW
ROBIN_HOOD OVERFLOW
ROBIN_HOOD OVERFLOW
ROBIN_HOOD OVERFLOW
ROBIN_HOOD OVERFLOW
ROBIN_HOOD OVERFLOW
ROBIN_HOOD OVERFLOW
ROBIN_HOOD OVERFLOW
ROBIN_HOOD OVERFLOW
ROBIN_HOOD OVERFLOW
ROBIN_HOOD OVERFLOW
ROBIN_HOOD OVERFLOW
ROBIN_HOOD OVERFLOW
ROBIN_HOOD OVERFLOW
ROBIN_HOOD OVERFLOW
ROBIN_HOOD OVERFLOW
ROBIN_HOOD OVERFLOW
ROBIN_HOOD OVERFLOW
ROBIN_HOOD OVERFLOW
ROBIN_HOOD OVERFLOW
ROBIN_HOOD OVERFLOW
ROBIN_HOOD OVERFLOW
ROBIN_HOOD OVERFLOW
ROBIN_HOOD OVERFLOW
ROBIN_HOOD OVERFLOW
ROBIN_HOOD OVERFLOW
ROBIN_HOOD OVERFLOW
ROBIN_HOOD OVERFLOW
ROBIN_HOOD OVERFLOW
ROBIN_HOOD OVERFLOW
ROBIN_HOOD OVERFLOW
ROBIN_HOOD OVERFLOW
ROBIN_HOOD OVERFLOW
ROBIN_HOOD OVERFLOW
ROBIN_HOOD OVERFLOW
ROBIN_HOOD OVERFLOW
ROBIN_HOOD OVERFLOW
ROBIN_HOOD OVERFLOW
ROBIN_HOOD OVERFLOW
ROBIN_HOOD OVERFLOW
ROBIN_HOOD OVERFLOW
ROBIN_HOOD OVERFLOW
ROBIN_HOOD OVERFLOW
ROBIN_HOOD OVERFLOW
ROBIN_HOOD OVERFLOW
ROBIN_HOOD OVERFLOW
ROBIN_HOOD OVERFLOW
ROBIN_HOOD OVERFLOW
ROBIN_HOOD OVERFLOW
ROBIN_HOOD OVERFLOW
ROBIN_HOOD OVERFLOW
ROBIN_HOOD OVERFLOW
ROBIN_HOOD OVERFLOW
ROBIN_HOOD OVERFLOW
ROBIN_HOOD OVERFLOW
ROBIN_HOOD OVERFLOW
ROBIN_HOOD OVERFLOW
ROBIN_HOOD OVERFLOW
ROBIN_HOOD OVERFLOW
ROBIN_HOOD OVERFLOW
ROBIN_HOOD OVERFLOW
ROBIN_HOOD OVERFLOW
ROBIN_HOOD OVERFLOW
ROBIN_HOOD OVERFLOW
ROBIN_HOOD OVERFLOW
ROBIN_HOOD OVERFLOW
ROBIN_HOOD OVERFLOW
ROBIN_HOOD OVERFLOW
ROBIN_HOOD OVERFLOW
ROBIN_HOOD OVERFLOW
ROBIN_HOOD OVERFLOW
ROBIN_HOOD OVERFLOW
ROBIN_HOOD OVERFLOW
ROBIN_HOOD OVERFLOW
ROBIN_HOOD OVERFLOW
ROBIN_HOOD OVERFLOW
ROBIN_HOOD OVERFLOW
ROBIN_HOOD OVERFLOW
ROBIN_HOOD OVERFLOW
ROBIN_HOOD OVERFLOW
ROBIN_HOOD OVERFLOW
ROBIN_HOOD OVERFLOW
ROBIN_HOOD OVERFLOW
ROBIN_HOOD OVERFLOW
ROBIN_HOOD OVERFLOW
ROBIN_HOOD OVERFLOW
ROBIN_HOOD OVERFLOW
ROBIN_HOOD OVERFLOW
ROBIN_HOOD OVERFLOW
ROBIN_HOOD OVERFLOW
ROBIN_HOOD OVERFLOW
ROBIN_HOOD OVERFLOW
ROBIN_HOOD OVERFLOW
ROBIN_HOOD OVERFLOW
ROBIN_HOOD OVERFLOW
ROBIN_HOOD OVERFLOW
ROBIN_HOOD OVERFLOW
ROBIN_HOOD OVERFLOW
ROBIN_HOOD OVERFLOW
ROBIN_HOOD OVERFLOW
ROBIN_HOOD OVERFLOW
ROBIN_HOOD OVERFLOW
ROBIN_HOOD OVERFLOW
ROBIN_HOOD OVERFLOW
ROBIN_HOOD OVERFLOW
ROBIN_HOOD OVERFLOW
ROBIN_HOOD OVERFLOW
ROBIN_HOOD OVERFLOW
ROBIN_HOOD OVERFLOW
ROBIN_HOOD OVERFLOW
ROBIN_HOOD OVERFLOW
ROBIN_HOOD OVERFLOW
ROBIN_HOOD OVERFLOW
ROBIN_HOOD OVERFLOW
ROBIN_HOOD OVERFLOW
ROBIN_HOOD OVERFLOW
ROBIN_HOOD OVERFLOW
ROBIN_HOOD OVERFLOW
ROBIN_HOOD OVERFLOW
ROBIN_HOOD OVERFLOW
ROBIN_HOOD OVERFLOW
ROBIN_HOOD OVERFLOW
ROBIN_HOOD OVERFLOW
ROBIN_HOOD OVERFLOW
ROBIN_HOOD OVERFLOW
ROBIN_HOOD OVERFLOW
ROBIN_HOOD OVERFLOW
ROBIN_HOOD OVERFLOW
ROBIN_HOOD OVERFLOW
ROBIN_HOOD OVERFLOW
ROBIN_HOOD OVERFLOW
ROBIN_HOOD OVERFLOW
ROBIN_HOOD OVERFLOW
ROBIN_HOOD OVERFLOW
ROBIN_HOOD OVERFLOW
ROBIN_HOOD OVERFLOW
ROBIN_HOOD OVERFLOW
ROBIN_HOOD OVERFLOW
ROBIN_HOOD OVERFLOW
ROBIN_HOOD OVERFLOW
ROBIN_HOOD OVERFLOW
ROBIN_HOOD OVERFLOW
ROBIN_HOOD OVERFLOW
ROBIN_HOOD OVERFLOW
ROBIN_HOOD OVERFLOW
ROBIN_HOOD OVERFLOW
ROBIN_HOOD OVERFLOW
ROBIN_HOOD OVERFLOW
ROBIN_HOOD OVERFLOW
ROBIN_HOOD OVERFLOW
ROBIN_HOOD OVERFLOW
ROBIN_HOOD OVERFLOW
ROBIN_HOOD OVERFLOW
ROBIN_HOOD OVERFLOW
ROBIN_HOOD OVERFLOW
ROBIN_HOOD OVERFLOW
ROBIN_HOOD OVERFLOW
ROBIN_HOOD OVERFLOW
ROBIN_HOOD OVERFLOW
ROBIN_HOOD OVERFLOW
ROBIN_HOOD OVERFLOW
ROBIN_HOOD OVERFLOW
ROBIN_HOOD OVERFLOW
ROBIN_HOOD OVERFLOW
ROBIN_HOOD OVERFLOW
591.367 Collected 104 relevant facts at this layer
591.367 Encoding ...
599.788 Attempting to solve formula with 58544 clauses (151564 literals) and 160 assumptions
599.789 Unsolvable at layer 7 -- expanding.
599.789 Iteration 8.
599.789 New layer size: 323
599.789 Instantiating ...
ROBIN_HOOD OVERFLOW
ROBIN_HOOD OVERFLOW
ROBIN_HOOD OVERFLOW
ROBIN_HOOD OVERFLOW
ROBIN_HOOD OVERFLOW
ROBIN_HOOD OVERFLOW
ROBIN_HOOD OVERFLOW
ROBIN_HOOD OVERFLOW
ROBIN_HOOD OVERFLOW
ROBIN_HOOD OVERFLOW
ROBIN_HOOD OVERFLOW
ROBIN_HOOD OVERFLOW
ROBIN_HOOD OVERFLOW
ROBIN_HOOD OVERFLOW
ROBIN_HOOD OVERFLOW
ROBIN_HOOD OVERFLOW
ROBIN_HOOD OVERFLOW
ROBIN_HOOD OVERFLOW
ROBIN_HOOD OVERFLOW
ROBIN_HOOD OVERFLOW
ROBIN_HOOD OVERFLOW
ROBIN_HOOD OVERFLOW
ROBIN_HOOD OVERFLOW
ROBIN_HOOD OVERFLOW
ROBIN_HOOD OVERFLOW
ROBIN_HOOD OVERFLOW
ROBIN_HOOD OVERFLOW
ROBIN_HOOD OVERFLOW
ROBIN_HOOD OVERFLOW
ROBIN_HOOD OVERFLOW
ROBIN_HOOD OVERFLOW
ROBIN_HOOD OVERFLOW
ROBIN_HOOD OVERFLOW
ROBIN_HOOD OVERFLOW
ROBIN_HOOD OVERFLOW
ROBIN_HOOD OVERFLOW
ROBIN_HOOD OVERFLOW
ROBIN_HOOD OVERFLOW
ROBIN_HOOD OVERFLOW
ROBIN_HOOD OVERFLOW
ROBIN_HOOD OVERFLOW
ROBIN_HOOD OVERFLOW
ROBIN_HOOD OVERFLOW
ROBIN_HOOD OVERFLOW
ROBIN_HOOD OVERFLOW
ROBIN_HOOD OVERFLOW
ROBIN_HOOD OVERFLOW
ROBIN_HOOD OVERFLOW
ROBIN_HOOD OVERFLOW
ROBIN_HOOD OVERFLOW
ROBIN_HOOD OVERFLOW
ROBIN_HOOD OVERFLOW
ROBIN_HOOD OVERFLOW
ROBIN_HOOD OVERFLOW
ROBIN_HOOD OVERFLOW
ROBIN_HOOD OVERFLOW
ROBIN_HOOD OVERFLOW
ROBIN_HOOD OVERFLOW
ROBIN_HOOD OVERFLOW
ROBIN_HOOD OVERFLOW
ROBIN_HOOD OVERFLOW
ROBIN_HOOD OVERFLOW
ROBIN_HOOD OVERFLOW
ROBIN_HOOD OVERFLOW
ROBIN_HOOD OVERFLOW
ROBIN_HOOD OVERFLOW
ROBIN_HOOD OVERFLOW
ROBIN_HOOD OVERFLOW
ROBIN_HOOD OVERFLOW
ROBIN_HOOD OVERFLOW
ROBIN_HOOD OVERFLOW
ROBIN_HOOD OVERFLOW
ROBIN_HOOD OVERFLOW
ROBIN_HOOD OVERFLOW
ROBIN_HOOD OVERFLOW
ROBIN_HOOD OVERFLOW
ROBIN_HOOD OVERFLOW
ROBIN_HOOD OVERFLOW
ROBIN_HOOD OVERFLOW
ROBIN_HOOD OVERFLOW
ROBIN_HOOD OVERFLOW
ROBIN_HOOD OVERFLOW
ROBIN_HOOD OVERFLOW
ROBIN_HOOD OVERFLOW
ROBIN_HOOD OVERFLOW
ROBIN_HOOD OVERFLOW
ROBIN_HOOD OVERFLOW
ROBIN_HOOD OVERFLOW
ROBIN_HOOD OVERFLOW
ROBIN_HOOD OVERFLOW
ROBIN_HOOD OVERFLOW
ROBIN_HOOD OVERFLOW
ROBIN_HOOD OVERFLOW
ROBIN_HOOD OVERFLOW
ROBIN_HOOD OVERFLOW
ROBIN_HOOD OVERFLOW
ROBIN_HOOD OVERFLOW
ROBIN_HOOD OVERFLOW
ROBIN_HOOD OVERFLOW
ROBIN_HOOD OVERFLOW
ROBIN_HOOD OVERFLOW
ROBIN_HOOD OVERFLOW
ROBIN_HOOD OVERFLOW
ROBIN_HOOD OVERFLOW
ROBIN_HOOD OVERFLOW
ROBIN_HOOD OVERFLOW
ROBIN_HOOD OVERFLOW
ROBIN_HOOD OVERFLOW
ROBIN_HOOD OVERFLOW
ROBIN_HOOD OVERFLOW
ROBIN_HOOD OVERFLOW
ROBIN_HOOD OVERFLOW
ROBIN_HOOD OVERFLOW
ROBIN_HOOD OVERFLOW
ROBIN_HOOD OVERFLOW
ROBIN_HOOD OVERFLOW
ROBIN_HOOD OVERFLOW
ROBIN_HOOD OVERFLOW
ROBIN_HOOD OVERFLOW
ROBIN_HOOD OVERFLOW
ROBIN_HOOD OVERFLOW
ROBIN_HOOD OVERFLOW
ROBIN_HOOD OVERFLOW
ROBIN_HOOD OVERFLOW
ROBIN_HOOD OVERFLOW
ROBIN_HOOD OVERFLOW
ROBIN_HOOD OVERFLOW
ROBIN_HOOD OVERFLOW
ROBIN_HOOD OVERFLOW
ROBIN_HOOD OVERFLOW
ROBIN_HOOD OVERFLOW
ROBIN_HOOD OVERFLOW
ROBIN_HOOD OVERFLOW
ROBIN_HOOD OVERFLOW
ROBIN_HOOD OVERFLOW
ROBIN_HOOD OVERFLOW
ROBIN_HOOD OVERFLOW
ROBIN_HOOD OVERFLOW
ROBIN_HOOD OVERFLOW
ROBIN_HOOD OVERFLOW
ROBIN_HOOD OVERFLOW
ROBIN_HOOD OVERFLOW
ROBIN_HOOD OVERFLOW
ROBIN_HOOD OVERFLOW
ROBIN_HOOD OVERFLOW
ROBIN_HOOD OVERFLOW
ROBIN_HOOD OVERFLOW
ROBIN_HOOD OVERFLOW
ROBIN_HOOD OVERFLOW
ROBIN_HOOD OVERFLOW
ROBIN_HOOD OVERFLOW
ROBIN_HOOD OVERFLOW
ROBIN_HOOD OVERFLOW
ROBIN_HOOD OVERFLOW
ROBIN_HOOD OVERFLOW
ROBIN_HOOD OVERFLOW
ROBIN_HOOD OVERFLOW
ROBIN_HOOD OVERFLOW
ROBIN_HOOD OVERFLOW
ROBIN_HOOD OVERFLOW
ROBIN_HOOD OVERFLOW
ROBIN_HOOD OVERFLOW
ROBIN_HOOD OVERFLOW
ROBIN_HOOD OVERFLOW
ROBIN_HOOD OVERFLOW
ROBIN_HOOD OVERFLOW
ROBIN_HOOD OVERFLOW
ROBIN_HOOD OVERFLOW
ROBIN_HOOD OVERFLOW
ROBIN_HOOD OVERFLOW
ROBIN_HOOD OVERFLOW
ROBIN_HOOD OVERFLOW
ROBIN_HOOD OVERFLOW
ROBIN_HOOD OVERFLOW
ROBIN_HOOD OVERFLOW
ROBIN_HOOD OVERFLOW
ROBIN_HOOD OVERFLOW
ROBIN_HOOD OVERFLOW
ROBIN_HOOD OVERFLOW
ROBIN_HOOD OVERFLOW
ROBIN_HOOD OVERFLOW
ROBIN_HOOD OVERFLOW
ROBIN_HOOD OVERFLOW
ROBIN_HOOD OVERFLOW
ROBIN_HOOD OVERFLOW
ROBIN_HOOD OVERFLOW
ROBIN_HOOD OVERFLOW
ROBIN_HOOD OVERFLOW
ROBIN_HOOD OVERFLOW
ROBIN_HOOD OVERFLOW
ROBIN_HOOD OVERFLOW
ROBIN_HOOD OVERFLOW
ROBIN_HOOD OVERFLOW
ROBIN_HOOD OVERFLOW
ROBIN_HOOD OVERFLOW
ROBIN_HOOD OVERFLOW
ROBIN_HOOD OVERFLOW
ROBIN_HOOD OVERFLOW
ROBIN_HOOD OVERFLOW
ROBIN_HOOD OVERFLOW
ROBIN_HOOD OVERFLOW
ROBIN_HOOD OVERFLOW
ROBIN_HOOD OVERFLOW
ROBIN_HOOD OVERFLOW
ROBIN_HOOD OVERFLOW
ROBIN_HOOD OVERFLOW
ROBIN_HOOD OVERFLOW
ROBIN_HOOD OVERFLOW
ROBIN_HOOD OVERFLOW
ROBIN_HOOD OVERFLOW
ROBIN_HOOD OVERFLOW
ROBIN_HOOD OVERFLOW
ROBIN_HOOD OVERFLOW
ROBIN_HOOD OVERFLOW
ROBIN_HOOD OVERFLOW
ROBIN_HOOD OVERFLOW
ROBIN_HOOD OVERFLOW
ROBIN_HOOD OVERFLOW
ROBIN_HOOD OVERFLOW
ROBIN_HOOD OVERFLOW
ROBIN_HOOD OVERFLOW
ROBIN_HOOD OVERFLOW
ROBIN_HOOD OVERFLOW
ROBIN_HOOD OVERFLOW
ROBIN_HOOD OVERFLOW
ROBIN_HOOD OVERFLOW
ROBIN_HOOD OVERFLOW
ROBIN_HOOD OVERFLOW
ROBIN_HOOD OVERFLOW
ROBIN_HOOD OVERFLOW
ROBIN_HOOD OVERFLOW
ROBIN_HOOD OVERFLOW
ROBIN_HOOD OVERFLOW
ROBIN_HOOD OVERFLOW
ROBIN_HOOD OVERFLOW
ROBIN_HOOD OVERFLOW
ROBIN_HOOD OVERFLOW
ROBIN_HOOD OVERFLOW
ROBIN_HOOD OVERFLOW
ROBIN_HOOD OVERFLOW
ROBIN_HOOD OVERFLOW
ROBIN_HOOD OVERFLOW
ROBIN_HOOD OVERFLOW
ROBIN_HOOD OVERFLOW
ROBIN_HOOD OVERFLOW
ROBIN_HOOD OVERFLOW
ROBIN_HOOD OVERFLOW
ROBIN_HOOD OVERFLOW
ROBIN_HOOD OVERFLOW
ROBIN_HOOD OVERFLOW
ROBIN_HOOD OVERFLOW
ROBIN_HOOD OVERFLOW
ROBIN_HOOD OVERFLOW
ROBIN_HOOD OVERFLOW
ROBIN_HOOD OVERFLOW
ROBIN_HOOD OVERFLOW
ROBIN_HOOD OVERFLOW
ROBIN_HOOD OVERFLOW
ROBIN_HOOD OVERFLOW
ROBIN_HOOD OVERFLOW
ROBIN_HOOD OVERFLOW
ROBIN_HOOD OVERFLOW
ROBIN_HOOD OVERFLOW
ROBIN_HOOD OVERFLOW
ROBIN_HOOD OVERFLOW
ROBIN_HOOD OVERFLOW
ROBIN_HOOD OVERFLOW
ROBIN_HOOD OVERFLOW
ROBIN_HOOD OVERFLOW
ROBIN_HOOD OVERFLOW
ROBIN_HOOD OVERFLOW
ROBIN_HOOD OVERFLOW
ROBIN_HOOD OVERFLOW
ROBIN_HOOD OVERFLOW
ROBIN_HOOD OVERFLOW
ROBIN_HOOD OVERFLOW
ROBIN_HOOD OVERFLOW
ROBIN_HOOD OVERFLOW
ROBIN_HOOD OVERFLOW
ROBIN_HOOD OVERFLOW
ROBIN_HOOD OVERFLOW
ROBIN_HOOD OVERFLOW
ROBIN_HOOD OVERFLOW
ROBIN_HOOD OVERFLOW
ROBIN_HOOD OVERFLOW
ROBIN_HOOD OVERFLOW
ROBIN_HOOD OVERFLOW
ROBIN_HOOD OVERFLOW
ROBIN_HOOD OVERFLOW
ROBIN_HOOD OVERFLOW
ROBIN_HOOD OVERFLOW
ROBIN_HOOD OVERFLOW
ROBIN_HOOD OVERFLOW
ROBIN_HOOD OVERFLOW
ROBIN_HOOD OVERFLOW
ROBIN_HOOD OVERFLOW
ROBIN_HOOD OVERFLOW
ROBIN_HOOD OVERFLOW
ROBIN_HOOD OVERFLOW
ROBIN_HOOD OVERFLOW
ROBIN_HOOD OVERFLOW
ROBIN_HOOD OVERFLOW
ROBIN_HOOD OVERFLOW
ROBIN_HOOD OVERFLOW
ROBIN_HOOD OVERFLOW
ROBIN_HOOD OVERFLOW
ROBIN_HOOD OVERFLOW
ROBIN_HOOD OVERFLOW
ROBIN_HOOD OVERFLOW
ROBIN_HOOD OVERFLOW
ROBIN_HOOD OVERFLOW
ROBIN_HOOD OVERFLOW
ROBIN_HOOD OVERFLOW
ROBIN_HOOD OVERFLOW
ROBIN_HOOD OVERFLOW
ROBIN_HOOD OVERFLOW
ROBIN_HOOD OVERFLOW
ROBIN_HOOD OVERFLOW
ROBIN_HOOD OVERFLOW
ROBIN_HOOD OVERFLOW
ROBIN_HOOD OVERFLOW
ROBIN_HOOD OVERFLOW
ROBIN_HOOD OVERFLOW
ROBIN_HOOD OVERFLOW
ROBIN_HOOD OVERFLOW
ROBIN_HOOD OVERFLOW
ROBIN_HOOD OVERFLOW
ROBIN_HOOD OVERFLOW
ROBIN_HOOD OVERFLOW
ROBIN_HOOD OVERFLOW
ROBIN_HOOD OVERFLOW
ROBIN_HOOD OVERFLOW
ROBIN_HOOD OVERFLOW
ROBIN_HOOD OVERFLOW
ROBIN_HOOD OVERFLOW
ROBIN_HOOD OVERFLOW
ROBIN_HOOD OVERFLOW
ROBIN_HOOD OVERFLOW
ROBIN_HOOD OVERFLOW
ROBIN_HOOD OVERFLOW
ROBIN_HOOD OVERFLOW
ROBIN_HOOD OVERFLOW
ROBIN_HOOD OVERFLOW
ROBIN_HOOD OVERFLOW
ROBIN_HOOD OVERFLOW
ROBIN_HOOD OVERFLOW
ROBIN_HOOD OVERFLOW
ROBIN_HOOD OVERFLOW
ROBIN_HOOD OVERFLOW
ROBIN_HOOD OVERFLOW
ROBIN_HOOD OVERFLOW
ROBIN_HOOD OVERFLOW
ROBIN_HOOD OVERFLOW
ROBIN_HOOD OVERFLOW
ROBIN_HOOD OVERFLOW
ROBIN_HOOD OVERFLOW
ROBIN_HOOD OVERFLOW
ROBIN_HOOD OVERFLOW
ROBIN_HOOD OVERFLOW
ROBIN_HOOD OVERFLOW
ROBIN_HOOD OVERFLOW
ROBIN_HOOD OVERFLOW
ROBIN_HOOD OVERFLOW
ROBIN_HOOD OVERFLOW
ROBIN_HOOD OVERFLOW
ROBIN_HOOD OVERFLOW
ROBIN_HOOD OVERFLOW
ROBIN_HOOD OVERFLOW
ROBIN_HOOD OVERFLOW
ROBIN_HOOD OVERFLOW
ROBIN_HOOD OVERFLOW
ROBIN_HOOD OVERFLOW
ROBIN_HOOD OVERFLOW
ROBIN_HOOD OVERFLOW
ROBIN_HOOD OVERFLOW
ROBIN_HOOD OVERFLOW
ROBIN_HOOD OVERFLOW
ROBIN_HOOD OVERFLOW
ROBIN_HOOD OVERFLOW
ROBIN_HOOD OVERFLOW
ROBIN_HOOD OVERFLOW
ROBIN_HOOD OVERFLOW
ROBIN_HOOD OVERFLOW
ROBIN_HOOD OVERFLOW
ROBIN_HOOD OVERFLOW
ROBIN_HOOD OVERFLOW
ROBIN_HOOD OVERFLOW
ROBIN_HOOD OVERFLOW
ROBIN_HOOD OVERFLOW
ROBIN_HOOD OVERFLOW
ROBIN_HOOD OVERFLOW
ROBIN_HOOD OVERFLOW
ROBIN_HOOD OVERFLOW
ROBIN_HOOD OVERFLOW
ROBIN_HOOD OVERFLOW
ROBIN_HOOD OVERFLOW
ROBIN_HOOD OVERFLOW
ROBIN_HOOD OVERFLOW
ROBIN_HOOD OVERFLOW
ROBIN_HOOD OVERFLOW
ROBIN_HOOD OVERFLOW
ROBIN_HOOD OVERFLOW
ROBIN_HOOD OVERFLOW
ROBIN_HOOD OVERFLOW
ROBIN_HOOD OVERFLOW
ROBIN_HOOD OVERFLOW
ROBIN_HOOD OVERFLOW
ROBIN_HOOD OVERFLOW
ROBIN_HOOD OVERFLOW
ROBIN_HOOD OVERFLOW
ROBIN_HOOD OVERFLOW
ROBIN_HOOD OVERFLOW
ROBIN_HOOD OVERFLOW
ROBIN_HOOD OVERFLOW
ROBIN_HOOD OVERFLOW
ROBIN_HOOD OVERFLOW
ROBIN_HOOD OVERFLOW
ROBIN_HOOD OVERFLOW
ROBIN_HOOD OVERFLOW
ROBIN_HOOD OVERFLOW
ROBIN_HOOD OVERFLOW
ROBIN_HOOD OVERFLOW
ROBIN_HOOD OVERFLOW
ROBIN_HOOD OVERFLOW
ROBIN_HOOD OVERFLOW
ROBIN_HOOD OVERFLOW
ROBIN_HOOD OVERFLOW
ROBIN_HOOD OVERFLOW
ROBIN_HOOD OVERFLOW
ROBIN_HOOD OVERFLOW
ROBIN_HOOD OVERFLOW
ROBIN_HOOD OVERFLOW
ROBIN_HOOD OVERFLOW
ROBIN_HOOD OVERFLOW
ROBIN_HOOD OVERFLOW
ROBIN_HOOD OVERFLOW
ROBIN_HOOD OVERFLOW
ROBIN_HOOD OVERFLOW
ROBIN_HOOD OVERFLOW
ROBIN_HOOD OVERFLOW
ROBIN_HOOD OVERFLOW
ROBIN_HOOD OVERFLOW
ROBIN_HOOD OVERFLOW
ROBIN_HOOD OVERFLOW
ROBIN_HOOD OVERFLOW
ROBIN_HOOD OVERFLOW
ROBIN_HOOD OVERFLOW
ROBIN_HOOD OVERFLOW
ROBIN_HOOD OVERFLOW
ROBIN_HOOD OVERFLOW
ROBIN_HOOD OVERFLOW
ROBIN_HOOD OVERFLOW
ROBIN_HOOD OVERFLOW
ROBIN_HOOD OVERFLOW
ROBIN_HOOD OVERFLOW
ROBIN_HOOD OVERFLOW
ROBIN_HOOD OVERFLOW
ROBIN_HOOD OVERFLOW
ROBIN_HOOD OVERFLOW
ROBIN_HOOD OVERFLOW
ROBIN_HOOD OVERFLOW
ROBIN_HOOD OVERFLOW
ROBIN_HOOD OVERFLOW
ROBIN_HOOD OVERFLOW
ROBIN_HOOD OVERFLOW
ROBIN_HOOD OVERFLOW
ROBIN_HOOD OVERFLOW
ROBIN_HOOD OVERFLOW
ROBIN_HOOD OVERFLOW
ROBIN_HOOD OVERFLOW
ROBIN_HOOD OVERFLOW
ROBIN_HOOD OVERFLOW
ROBIN_HOOD OVERFLOW
ROBIN_HOOD OVERFLOW
ROBIN_HOOD OVERFLOW
ROBIN_HOOD OVERFLOW
ROBIN_HOOD OVERFLOW
ROBIN_HOOD OVERFLOW
ROBIN_HOOD OVERFLOW
ROBIN_HOOD OVERFLOW
ROBIN_HOOD OVERFLOW
ROBIN_HOOD OVERFLOW
ROBIN_HOOD OVERFLOW
ROBIN_HOOD OVERFLOW
ROBIN_HOOD OVERFLOW
ROBIN_HOOD OVERFLOW
ROBIN_HOOD OVERFLOW
ROBIN_HOOD OVERFLOW
ROBIN_HOOD OVERFLOW
ROBIN_HOOD OVERFLOW
ROBIN_HOOD OVERFLOW
ROBIN_HOOD OVERFLOW
ROBIN_HOOD OVERFLOW
ROBIN_HOOD OVERFLOW
ROBIN_HOOD OVERFLOW
ROBIN_HOOD OVERFLOW
ROBIN_HOOD OVERFLOW
ROBIN_HOOD OVERFLOW
ROBIN_HOOD OVERFLOW
ROBIN_HOOD OVERFLOW
ROBIN_HOOD OVERFLOW
ROBIN_HOOD OVERFLOW
ROBIN_HOOD OVERFLOW
ROBIN_HOOD OVERFLOW
ROBIN_HOOD OVERFLOW
ROBIN_HOOD OVERFLOW
ROBIN_HOOD OVERFLOW
ROBIN_HOOD OVERFLOW
ROBIN_HOOD OVERFLOW
ROBIN_HOOD OVERFLOW
ROBIN_HOOD OVERFLOW
ROBIN_HOOD OVERFLOW
ROBIN_HOOD OVERFLOW
ROBIN_HOOD OVERFLOW
ROBIN_HOOD OVERFLOW
ROBIN_HOOD OVERFLOW
ROBIN_HOOD OVERFLOW
ROBIN_HOOD OVERFLOW
ROBIN_HOOD OVERFLOW
ROBIN_HOOD OVERFLOW
ROBIN_HOOD OVERFLOW
ROBIN_HOOD OVERFLOW
ROBIN_HOOD OVERFLOW
ROBIN_HOOD OVERFLOW
ROBIN_HOOD OVERFLOW
ROBIN_HOOD OVERFLOW
ROBIN_HOOD OVERFLOW
ROBIN_HOOD OVERFLOW
ROBIN_HOOD OVERFLOW
ROBIN_HOOD OVERFLOW
ROBIN_HOOD OVERFLOW
ROBIN_HOOD OVERFLOW
ROBIN_HOOD OVERFLOW
ROBIN_HOOD OVERFLOW
ROBIN_HOOD OVERFLOW
ROBIN_HOOD OVERFLOW
ROBIN_HOOD OVERFLOW
ROBIN_HOOD OVERFLOW
ROBIN_HOOD OVERFLOW
ROBIN_HOOD OVERFLOW
ROBIN_HOOD OVERFLOW
ROBIN_HOOD OVERFLOW
ROBIN_HOOD OVERFLOW
ROBIN_HOOD OVERFLOW
ROBIN_HOOD OVERFLOW
ROBIN_HOOD OVERFLOW
ROBIN_HOOD OVERFLOW
ROBIN_HOOD OVERFLOW
ROBIN_HOOD OVERFLOW
ROBIN_HOOD OVERFLOW
ROBIN_HOOD OVERFLOW
ROBIN_HOOD OVERFLOW
ROBIN_HOOD OVERFLOW
ROBIN_HOOD OVERFLOW
ROBIN_HOOD OVERFLOW
ROBIN_HOOD OVERFLOW
ROBIN_HOOD OVERFLOW
ROBIN_HOOD OVERFLOW
ROBIN_HOOD OVERFLOW
ROBIN_HOOD OVERFLOW
ROBIN_HOOD OVERFLOW
ROBIN_HOOD OVERFLOW
ROBIN_HOOD OVERFLOW
ROBIN_HOOD OVERFLOW
ROBIN_HOOD OVERFLOW
ROBIN_HOOD OVERFLOW
ROBIN_HOOD OVERFLOW
ROBIN_HOOD OVERFLOW
ROBIN_HOOD OVERFLOW
ROBIN_HOOD OVERFLOW
ROBIN_HOOD OVERFLOW
ROBIN_HOOD OVERFLOW
ROBIN_HOOD OVERFLOW
ROBIN_HOOD OVERFLOW
ROBIN_HOOD OVERFLOW
ROBIN_HOOD OVERFLOW
ROBIN_HOOD OVERFLOW
ROBIN_HOOD OVERFLOW
ROBIN_HOOD OVERFLOW
ROBIN_HOOD OVERFLOW
ROBIN_HOOD OVERFLOW
ROBIN_HOOD OVERFLOW
ROBIN_HOOD OVERFLOW
ROBIN_HOOD OVERFLOW
ROBIN_HOOD OVERFLOW
ROBIN_HOOD OVERFLOW
ROBIN_HOOD OVERFLOW
ROBIN_HOOD OVERFLOW
ROBIN_HOOD OVERFLOW
ROBIN_HOOD OVERFLOW
ROBIN_HOOD OVERFLOW
ROBIN_HOOD OVERFLOW
ROBIN_HOOD OVERFLOW
ROBIN_HOOD OVERFLOW
ROBIN_HOOD OVERFLOW
ROBIN_HOOD OVERFLOW
ROBIN_HOOD OVERFLOW
ROBIN_HOOD OVERFLOW
ROBIN_HOOD OVERFLOW
ROBIN_HOOD OVERFLOW
ROBIN_HOOD OVERFLOW
ROBIN_HOOD OVERFLOW
ROBIN_HOOD OVERFLOW
ROBIN_HOOD OVERFLOW
ROBIN_HOOD OVERFLOW
ROBIN_HOOD OVERFLOW
ROBIN_HOOD OVERFLOW
ROBIN_HOOD OVERFLOW
ROBIN_HOOD OVERFLOW
ROBIN_HOOD OVERFLOW
ROBIN_HOOD OVERFLOW
ROBIN_HOOD OVERFLOW
ROBIN_HOOD OVERFLOW
ROBIN_HOOD OVERFLOW
ROBIN_HOOD OVERFLOW
ROBIN_HOOD OVERFLOW
ROBIN_HOOD OVERFLOW
ROBIN_HOOD OVERFLOW
ROBIN_HOOD OVERFLOW
ROBIN_HOOD OVERFLOW
ROBIN_HOOD OVERFLOW
ROBIN_HOOD OVERFLOW
ROBIN_HOOD OVERFLOW
ROBIN_HOOD OVERFLOW
ROBIN_HOOD OVERFLOW
ROBIN_HOOD OVERFLOW
ROBIN_HOOD OVERFLOW
ROBIN_HOOD OVERFLOW
ROBIN_HOOD OVERFLOW
ROBIN_HOOD OVERFLOW
ROBIN_HOOD OVERFLOW
ROBIN_HOOD OVERFLOW
ROBIN_HOOD OVERFLOW
ROBIN_HOOD OVERFLOW
ROBIN_HOOD OVERFLOW
1233.056 Collected 154 relevant facts at this layer
1233.056 Encoding ...
1252.857 Attempting to solve formula with 176780 clauses (463669 literals) and 320 assumptions
1252.861 Unsolvable at layer 8 -- expanding.
1252.861 Iteration 9.
1252.861 New layer size: 643
1252.861 Instantiating ...
ROBIN_HOOD OVERFLOW
ROBIN_HOOD OVERFLOW
ROBIN_HOOD OVERFLOW
ROBIN_HOOD OVERFLOW
ROBIN_HOOD OVERFLOW
ROBIN_HOOD OVERFLOW
ROBIN_HOOD OVERFLOW
ROBIN_HOOD OVERFLOW
ROBIN_HOOD OVERFLOW
ROBIN_HOOD OVERFLOW
ROBIN_HOOD OVERFLOW
ROBIN_HOOD OVERFLOW
ROBIN_HOOD OVERFLOW
ROBIN_HOOD OVERFLOW
ROBIN_HOOD OVERFLOW
ROBIN_HOOD OVERFLOW
ROBIN_HOOD OVERFLOW
ROBIN_HOOD OVERFLOW
ROBIN_HOOD OVERFLOW
ROBIN_HOOD OVERFLOW
ROBIN_HOOD OVERFLOW
ROBIN_HOOD OVERFLOW
ROBIN_HOOD OVERFLOW
ROBIN_HOOD OVERFLOW
ROBIN_HOOD OVERFLOW
ROBIN_HOOD OVERFLOW
ROBIN_HOOD OVERFLOW
ROBIN_HOOD OVERFLOW
ROBIN_HOOD OVERFLOW
ROBIN_HOOD OVERFLOW
ROBIN_HOOD OVERFLOW
ROBIN_HOOD OVERFLOW
ROBIN_HOOD OVERFLOW
ROBIN_HOOD OVERFLOW
ROBIN_HOOD OVERFLOW
ROBIN_HOOD OVERFLOW
ROBIN_HOOD OVERFLOW
ROBIN_HOOD OVERFLOW
ROBIN_HOOD OVERFLOW
ROBIN_HOOD OVERFLOW
ROBIN_HOOD OVERFLOW
ROBIN_HOOD OVERFLOW
ROBIN_HOOD OVERFLOW
ROBIN_HOOD OVERFLOW
ROBIN_HOOD OVERFLOW
ROBIN_HOOD OVERFLOW
ROBIN_HOOD OVERFLOW
ROBIN_HOOD OVERFLOW
ROBIN_HOOD OVERFLOW
ROBIN_HOOD OVERFLOW
ROBIN_HOOD OVERFLOW
ROBIN_HOOD OVERFLOW
ROBIN_HOOD OVERFLOW
ROBIN_HOOD OVERFLOW
ROBIN_HOOD OVERFLOW
ROBIN_HOOD OVERFLOW
ROBIN_HOOD OVERFLOW
ROBIN_HOOD OVERFLOW
ROBIN_HOOD OVERFLOW
ROBIN_HOOD OVERFLOW
ROBIN_HOOD OVERFLOW
ROBIN_HOOD OVERFLOW
ROBIN_HOOD OVERFLOW
ROBIN_HOOD OVERFLOW
ROBIN_HOOD OVERFLOW
ROBIN_HOOD OVERFLOW
ROBIN_HOOD OVERFLOW
ROBIN_HOOD OVERFLOW
ROBIN_HOOD OVERFLOW
ROBIN_HOOD OVERFLOW
ROBIN_HOOD OVERFLOW
ROBIN_HOOD OVERFLOW
ROBIN_HOOD OVERFLOW
ROBIN_HOOD OVERFLOW
ROBIN_HOOD OVERFLOW
ROBIN_HOOD OVERFLOW
ROBIN_HOOD OVERFLOW
ROBIN_HOOD OVERFLOW
ROBIN_HOOD OVERFLOW
ROBIN_HOOD OVERFLOW
ROBIN_HOOD OVERFLOW
ROBIN_HOOD OVERFLOW
ROBIN_HOOD OVERFLOW
ROBIN_HOOD OVERFLOW
ROBIN_HOOD OVERFLOW
ROBIN_HOOD OVERFLOW
ROBIN_HOOD OVERFLOW
ROBIN_HOOD OVERFLOW
ROBIN_HOOD OVERFLOW
ROBIN_HOOD OVERFLOW
ROBIN_HOOD OVERFLOW
ROBIN_HOOD OVERFLOW
ROBIN_HOOD OVERFLOW
ROBIN_HOOD OVERFLOW
ROBIN_HOOD OVERFLOW
ROBIN_HOOD OVERFLOW
ROBIN_HOOD OVERFLOW
ROBIN_HOOD OVERFLOW
ROBIN_HOOD OVERFLOW
ROBIN_HOOD OVERFLOW
ROBIN_HOOD OVERFLOW
ROBIN_HOOD OVERFLOW
ROBIN_HOOD OVERFLOW
ROBIN_HOOD OVERFLOW
ROBIN_HOOD OVERFLOW
ROBIN_HOOD OVERFLOW
ROBIN_HOOD OVERFLOW
ROBIN_HOOD OVERFLOW
ROBIN_HOOD OVERFLOW
ROBIN_HOOD OVERFLOW
ROBIN_HOOD OVERFLOW
ROBIN_HOOD OVERFLOW
ROBIN_HOOD OVERFLOW
ROBIN_HOOD OVERFLOW
ROBIN_HOOD OVERFLOW
ROBIN_HOOD OVERFLOW
ROBIN_HOOD OVERFLOW
ROBIN_HOOD OVERFLOW
ROBIN_HOOD OVERFLOW
ROBIN_HOOD OVERFLOW
ROBIN_HOOD OVERFLOW
ROBIN_HOOD OVERFLOW
ROBIN_HOOD OVERFLOW
ROBIN_HOOD OVERFLOW
ROBIN_HOOD OVERFLOW
ROBIN_HOOD OVERFLOW
ROBIN_HOOD OVERFLOW
ROBIN_HOOD OVERFLOW
ROBIN_HOOD OVERFLOW
ROBIN_HOOD OVERFLOW
ROBIN_HOOD OVERFLOW
ROBIN_HOOD OVERFLOW
ROBIN_HOOD OVERFLOW
ROBIN_HOOD OVERFLOW
ROBIN_HOOD OVERFLOW
ROBIN_HOOD OVERFLOW
ROBIN_HOOD OVERFLOW
ROBIN_HOOD OVERFLOW
ROBIN_HOOD OVERFLOW
ROBIN_HOOD OVERFLOW
ROBIN_HOOD OVERFLOW
ROBIN_HOOD OVERFLOW
ROBIN_HOOD OVERFLOW
ROBIN_HOOD OVERFLOW
ROBIN_HOOD OVERFLOW
ROBIN_HOOD OVERFLOW
ROBIN_HOOD OVERFLOW
ROBIN_HOOD OVERFLOW
ROBIN_HOOD OVERFLOW
ROBIN_HOOD OVERFLOW
ROBIN_HOOD OVERFLOW
ROBIN_HOOD OVERFLOW
ROBIN_HOOD OVERFLOW
ROBIN_HOOD OVERFLOW
ROBIN_HOOD OVERFLOW
ROBIN_HOOD OVERFLOW
ROBIN_HOOD OVERFLOW
ROBIN_HOOD OVERFLOW
ROBIN_HOOD OVERFLOW
ROBIN_HOOD OVERFLOW
ROBIN_HOOD OVERFLOW
ROBIN_HOOD OVERFLOW
ROBIN_HOOD OVERFLOW
ROBIN_HOOD OVERFLOW
ROBIN_HOOD OVERFLOW
ROBIN_HOOD OVERFLOW
ROBIN_HOOD OVERFLOW
ROBIN_HOOD OVERFLOW
ROBIN_HOOD OVERFLOW
ROBIN_HOOD OVERFLOW
ROBIN_HOOD OVERFLOW
ROBIN_HOOD OVERFLOW
ROBIN_HOOD OVERFLOW
ROBIN_HOOD OVERFLOW
ROBIN_HOOD OVERFLOW
ROBIN_HOOD OVERFLOW
ROBIN_HOOD OVERFLOW
ROBIN_HOOD OVERFLOW
ROBIN_HOOD OVERFLOW
ROBIN_HOOD OVERFLOW
ROBIN_HOOD OVERFLOW
ROBIN_HOOD OVERFLOW
ROBIN_HOOD OVERFLOW
ROBIN_HOOD OVERFLOW
ROBIN_HOOD OVERFLOW
ROBIN_HOOD OVERFLOW
ROBIN_HOOD OVERFLOW
ROBIN_HOOD OVERFLOW
ROBIN_HOOD OVERFLOW
ROBIN_HOOD OVERFLOW
ROBIN_HOOD OVERFLOW
ROBIN_HOOD OVERFLOW
ROBIN_HOOD OVERFLOW
ROBIN_HOOD OVERFLOW
ROBIN_HOOD OVERFLOW
ROBIN_HOOD OVERFLOW
ROBIN_HOOD OVERFLOW
ROBIN_HOOD OVERFLOW
ROBIN_HOOD OVERFLOW
ROBIN_HOOD OVERFLOW
ROBIN_HOOD OVERFLOW
ROBIN_HOOD OVERFLOW
ROBIN_HOOD OVERFLOW
ROBIN_HOOD OVERFLOW
ROBIN_HOOD OVERFLOW
ROBIN_HOOD OVERFLOW
ROBIN_HOOD OVERFLOW
ROBIN_HOOD OVERFLOW
ROBIN_HOOD OVERFLOW
ROBIN_HOOD OVERFLOW
ROBIN_HOOD OVERFLOW
ROBIN_HOOD OVERFLOW
ROBIN_HOOD OVERFLOW
ROBIN_HOOD OVERFLOW
ROBIN_HOOD OVERFLOW
ROBIN_HOOD OVERFLOW
ROBIN_HOOD OVERFLOW
ROBIN_HOOD OVERFLOW
ROBIN_HOOD OVERFLOW
ROBIN_HOOD OVERFLOW
ROBIN_HOOD OVERFLOW
ROBIN_HOOD OVERFLOW
ROBIN_HOOD OVERFLOW
ROBIN_HOOD OVERFLOW
ROBIN_HOOD OVERFLOW
ROBIN_HOOD OVERFLOW
ROBIN_HOOD OVERFLOW
ROBIN_HOOD OVERFLOW
ROBIN_HOOD OVERFLOW
ROBIN_HOOD OVERFLOW
ROBIN_HOOD OVERFLOW
ROBIN_HOOD OVERFLOW
ROBIN_HOOD OVERFLOW
ROBIN_HOOD OVERFLOW
ROBIN_HOOD OVERFLOW
ROBIN_HOOD OVERFLOW
ROBIN_HOOD OVERFLOW
ROBIN_HOOD OVERFLOW
ROBIN_HOOD OVERFLOW
ROBIN_HOOD OVERFLOW
ROBIN_HOOD OVERFLOW
ROBIN_HOOD OVERFLOW
ROBIN_HOOD OVERFLOW
ROBIN_HOOD OVERFLOW
ROBIN_HOOD OVERFLOW
ROBIN_HOOD OVERFLOW
ROBIN_HOOD OVERFLOW
ROBIN_HOOD OVERFLOW
ROBIN_HOOD OVERFLOW
ROBIN_HOOD OVERFLOW
ROBIN_HOOD OVERFLOW
ROBIN_HOOD OVERFLOW
ROBIN_HOOD OVERFLOW
ROBIN_HOOD OVERFLOW
ROBIN_HOOD OVERFLOW
ROBIN_HOOD OVERFLOW
ROBIN_HOOD OVERFLOW
ROBIN_HOOD OVERFLOW
ROBIN_HOOD OVERFLOW
ROBIN_HOOD OVERFLOW
ROBIN_HOOD OVERFLOW
ROBIN_HOOD OVERFLOW
ROBIN_HOOD OVERFLOW
ROBIN_HOOD OVERFLOW
ROBIN_HOOD OVERFLOW
ROBIN_HOOD OVERFLOW
ROBIN_HOOD OVERFLOW
ROBIN_HOOD OVERFLOW
ROBIN_HOOD OVERFLOW
ROBIN_HOOD OVERFLOW
ROBIN_HOOD OVERFLOW
ROBIN_HOOD OVERFLOW
ROBIN_HOOD OVERFLOW
ROBIN_HOOD OVERFLOW
ROBIN_HOOD OVERFLOW
ROBIN_HOOD OVERFLOW
ROBIN_HOOD OVERFLOW
ROBIN_HOOD OVERFLOW
ROBIN_HOOD OVERFLOW
ROBIN_HOOD OVERFLOW
ROBIN_HOOD OVERFLOW
ROBIN_HOOD OVERFLOW
ROBIN_HOOD OVERFLOW
ROBIN_HOOD OVERFLOW
ROBIN_HOOD OVERFLOW
ROBIN_HOOD OVERFLOW
ROBIN_HOOD OVERFLOW
ROBIN_HOOD OVERFLOW
ROBIN_HOOD OVERFLOW
ROBIN_HOOD OVERFLOW
ROBIN_HOOD OVERFLOW
ROBIN_HOOD OVERFLOW
ROBIN_HOOD OVERFLOW
ROBIN_HOOD OVERFLOW
ROBIN_HOOD OVERFLOW
ROBIN_HOOD OVERFLOW
ROBIN_HOOD OVERFLOW
ROBIN_HOOD OVERFLOW
ROBIN_HOOD OVERFLOW
ROBIN_HOOD OVERFLOW
ROBIN_HOOD OVERFLOW
ROBIN_HOOD OVERFLOW
ROBIN_HOOD OVERFLOW
ROBIN_HOOD OVERFLOW
ROBIN_HOOD OVERFLOW
ROBIN_HOOD OVERFLOW
ROBIN_HOOD OVERFLOW
ROBIN_HOOD OVERFLOW
ROBIN_HOOD OVERFLOW
ROBIN_HOOD OVERFLOW
ROBIN_HOOD OVERFLOW
ROBIN_HOOD OVERFLOW
ROBIN_HOOD OVERFLOW
ROBIN_HOOD OVERFLOW
ROBIN_HOOD OVERFLOW
ROBIN_HOOD OVERFLOW
ROBIN_HOOD OVERFLOW
ROBIN_HOOD OVERFLOW
ROBIN_HOOD OVERFLOW
ROBIN_HOOD OVERFLOW
ROBIN_HOOD OVERFLOW
ROBIN_HOOD OVERFLOW
ROBIN_HOOD OVERFLOW
ROBIN_HOOD OVERFLOW
ROBIN_HOOD OVERFLOW
ROBIN_HOOD OVERFLOW
ROBIN_HOOD OVERFLOW
ROBIN_HOOD OVERFLOW
ROBIN_HOOD OVERFLOW
ROBIN_HOOD OVERFLOW
ROBIN_HOOD OVERFLOW
ROBIN_HOOD OVERFLOW
ROBIN_HOOD OVERFLOW
ROBIN_HOOD OVERFLOW
ROBIN_HOOD OVERFLOW
ROBIN_HOOD OVERFLOW
ROBIN_HOOD OVERFLOW
ROBIN_HOOD OVERFLOW
ROBIN_HOOD OVERFLOW
ROBIN_HOOD OVERFLOW
ROBIN_HOOD OVERFLOW
ROBIN_HOOD OVERFLOW
ROBIN_HOOD OVERFLOW
ROBIN_HOOD OVERFLOW
ROBIN_HOOD OVERFLOW
ROBIN_HOOD OVERFLOW
ROBIN_HOOD OVERFLOW
ROBIN_HOOD OVERFLOW
ROBIN_HOOD OVERFLOW
ROBIN_HOOD OVERFLOW
ROBIN_HOOD OVERFLOW
ROBIN_HOOD OVERFLOW
ROBIN_HOOD OVERFLOW
ROBIN_HOOD OVERFLOW
ROBIN_HOOD OVERFLOW
ROBIN_HOOD OVERFLOW
ROBIN_HOOD OVERFLOW
ROBIN_HOOD OVERFLOW
ROBIN_HOOD OVERFLOW
ROBIN_HOOD OVERFLOW
ROBIN_HOOD OVERFLOW
ROBIN_HOOD OVERFLOW
ROBIN_HOOD OVERFLOW
ROBIN_HOOD OVERFLOW
ROBIN_HOOD OVERFLOW
ROBIN_HOOD OVERFLOW
ROBIN_HOOD OVERFLOW
ROBIN_HOOD OVERFLOW
ROBIN_HOOD OVERFLOW
ROBIN_HOOD OVERFLOW
ROBIN_HOOD OVERFLOW
ROBIN_HOOD OVERFLOW
ROBIN_HOOD OVERFLOW
ROBIN_HOOD OVERFLOW
ROBIN_HOOD OVERFLOW
ROBIN_HOOD OVERFLOW
ROBIN_HOOD OVERFLOW
ROBIN_HOOD OVERFLOW
ROBIN_HOOD OVERFLOW
ROBIN_HOOD OVERFLOW
ROBIN_HOOD OVERFLOW
ROBIN_HOOD OVERFLOW
ROBIN_HOOD OVERFLOW
ROBIN_HOOD OVERFLOW
ROBIN_HOOD OVERFLOW
ROBIN_HOOD OVERFLOW
ROBIN_HOOD OVERFLOW
ROBIN_HOOD OVERFLOW
ROBIN_HOOD OVERFLOW
ROBIN_HOOD OVERFLOW
ROBIN_HOOD OVERFLOW
ROBIN_HOOD OVERFLOW
ROBIN_HOOD OVERFLOW
ROBIN_HOOD OVERFLOW
ROBIN_HOOD OVERFLOW
ROBIN_HOOD OVERFLOW
ROBIN_HOOD OVERFLOW
ROBIN_HOOD OVERFLOW
ROBIN_HOOD OVERFLOW
ROBIN_HOOD OVERFLOW
ROBIN_HOOD OVERFLOW
ROBIN_HOOD OVERFLOW
ROBIN_HOOD OVERFLOW
ROBIN_HOOD OVERFLOW
ROBIN_HOOD OVERFLOW
ROBIN_HOOD OVERFLOW
ROBIN_HOOD OVERFLOW
ROBIN_HOOD OVERFLOW
ROBIN_HOOD OVERFLOW
ROBIN_HOOD OVERFLOW
ROBIN_HOOD OVERFLOW
ROBIN_HOOD OVERFLOW
ROBIN_HOOD OVERFLOW
ROBIN_HOOD OVERFLOW
ROBIN_HOOD OVERFLOW
ROBIN_HOOD OVERFLOW
ROBIN_HOOD OVERFLOW
ROBIN_HOOD OVERFLOW
ROBIN_HOOD OVERFLOW
ROBIN_HOOD OVERFLOW
ROBIN_HOOD OVERFLOW
ROBIN_HOOD OVERFLOW
ROBIN_HOOD OVERFLOW
ROBIN_HOOD OVERFLOW
ROBIN_HOOD OVERFLOW
ROBIN_HOOD OVERFLOW
ROBIN_HOOD OVERFLOW
ROBIN_HOOD OVERFLOW
ROBIN_HOOD OVERFLOW
ROBIN_HOOD OVERFLOW
ROBIN_HOOD OVERFLOW
ROBIN_HOOD OVERFLOW
ROBIN_HOOD OVERFLOW
ROBIN_HOOD OVERFLOW
ROBIN_HOOD OVERFLOW
ROBIN_HOOD OVERFLOW
ROBIN_HOOD OVERFLOW
ROBIN_HOOD OVERFLOW
ROBIN_HOOD OVERFLOW
ROBIN_HOOD OVERFLOW
ROBIN_HOOD OVERFLOW
ROBIN_HOOD OVERFLOW
ROBIN_HOOD OVERFLOW
ROBIN_HOOD OVERFLOW
ROBIN_HOOD OVERFLOW
ROBIN_HOOD OVERFLOW
ROBIN_HOOD OVERFLOW
ROBIN_HOOD OVERFLOW
ROBIN_HOOD OVERFLOW
ROBIN_HOOD OVERFLOW
ROBIN_HOOD OVERFLOW
ROBIN_HOOD OVERFLOW
ROBIN_HOOD OVERFLOW
ROBIN_HOOD OVERFLOW
ROBIN_HOOD OVERFLOW
ROBIN_HOOD OVERFLOW
ROBIN_HOOD OVERFLOW
ROBIN_HOOD OVERFLOW
ROBIN_HOOD OVERFLOW
ROBIN_HOOD OVERFLOW
ROBIN_HOOD OVERFLOW
ROBIN_HOOD OVERFLOW
ROBIN_HOOD OVERFLOW
ROBIN_HOOD OVERFLOW
ROBIN_HOOD OVERFLOW
ROBIN_HOOD OVERFLOW
ROBIN_HOOD OVERFLOW
ROBIN_HOOD OVERFLOW
ROBIN_HOOD OVERFLOW
ROBIN_HOOD OVERFLOW
ROBIN_HOOD OVERFLOW
ROBIN_HOOD OVERFLOW
ROBIN_HOOD OVERFLOW
ROBIN_HOOD OVERFLOW
ROBIN_HOOD OVERFLOW
ROBIN_HOOD OVERFLOW
ROBIN_HOOD OVERFLOW
ROBIN_HOOD OVERFLOW
ROBIN_HOOD OVERFLOW
ROBIN_HOOD OVERFLOW
ROBIN_HOOD OVERFLOW
ROBIN_HOOD OVERFLOW
ROBIN_HOOD OVERFLOW
ROBIN_HOOD OVERFLOW
ROBIN_HOOD OVERFLOW
ROBIN_HOOD OVERFLOW
ROBIN_HOOD OVERFLOW
ROBIN_HOOD OVERFLOW
ROBIN_HOOD OVERFLOW
ROBIN_HOOD OVERFLOW
ROBIN_HOOD OVERFLOW
ROBIN_HOOD OVERFLOW
ROBIN_HOOD OVERFLOW
ROBIN_HOOD OVERFLOW
ROBIN_HOOD OVERFLOW
ROBIN_HOOD OVERFLOW
ROBIN_HOOD OVERFLOW
ROBIN_HOOD OVERFLOW
ROBIN_HOOD OVERFLOW
ROBIN_HOOD OVERFLOW
ROBIN_HOOD OVERFLOW
ROBIN_HOOD OVERFLOW
ROBIN_HOOD OVERFLOW
ROBIN_HOOD OVERFLOW
ROBIN_HOOD OVERFLOW
1801.430 Termination signal caught.
1801.430 Total amount of clauses encoded: 176780
1801.430 - directframeaxioms : 137968 cls
1801.430 - atmostoneelement : 19575 cls
1801.430 - predecessors : 4942 cls
1801.430 - expansions : 4307 cls
1801.430 - actionconstraints : 4194 cls
1801.430 - reductionconstraints : 3470 cls
1801.430 - actioneffects : 2168 cls
1801.430 - truefacts : 154 cls
1801.430 - axiomaticops : 2 cls
1801.430 # instantiated positions: 911
1801.430 # instantiated actions: 3864
1801.430 # instantiated reductions: 3375
1801.430 # introduced pseudo-constants: 0
1801.430 # retroactive prunings: 0
1801.430 # retroactively pruned operations: 0
1801.430 # dominated operations: 0
1801.430 # total invalid rigid preconditions found in getPFC: 182414
1801.430 # invalid rigid preconditions found in getPFC: 182414
1801.430 # invalid rigid preconditions found in getPFC in varrestrictions: 0
1801.430 # total invalid fluent preconditions found in getPFC: 1554
1801.430 # invalid fluent preconditions found in getPFC: 777
1801.430 # invalid fluent preconditions found in getPFC in varrestrictions: 777
1801.430 # invalid fluent preconditions found in getPFC via postconditions: 0
1801.430 # invalid subtasks found in getPFC: 0
1801.430 # number effects in operation fact_frames: 120
1801.430 Exiting happily.

RUNWATCH_RESULT TIMEOUT RETVAL 0 TIME_SECS 1802.3 MEMPEAK_KBS 8008656
