    _           _         _
   \ |         \ |       | |                       
   | |     __  | |      _| |______                
   | |     \/  | |     /_   ______\                
   | |      _  | |   __  | |  ___   ___   ___       
   | |___  | | | |  / .\ | | / , | |   \ / ·_\    
   \_____\ |_| |__\ \__/ |_| \___) |_|_| \___\  
[39mL i l o t a n e  version rls-glucose4
by Dominik Schreiber <dominik.schreiber@kit.edu> 2020-2021
using SAT solver glucose4

0.006 Parser finished.
0.006 Structures extracted.
0.007 27 operators and 21 methods created.
0.017 Mined 7 new reduction preconditions (+11.5%).
0.017 Iteration 0.
0.017 Creating initial layer of size 2
0.021 Attempting to solve formula with 11 clauses (15 literals) and 1 assumptions
0.021 Unsolvable at layer 0 -- expanding.
0.021 Iteration 1.
0.021 New layer size: 2
0.021 Instantiating ...
0.025 Collected 4 relevant facts at this layer
0.025 Encoding ...
0.025 Attempting to solve formula with 98 clauses (228 literals) and 1 assumptions
0.025 Unsolvable at layer 1 -- expanding.
0.025 Iteration 2.
0.025 New layer size: 3
0.025 Instantiating ...
0.031 Collected 4 relevant facts at this layer
0.031 Encoding ...
0.031 Attempting to solve formula with 173 clauses (405 literals) and 2 assumptions
0.031 Unsolvable at layer 2 -- expanding.
0.031 Iteration 3.
0.031 New layer size: 4
0.031 Instantiating ...
0.032 Retroactively prune action (__SURROGATE*m7_bring_tent*drive_tent* place0 Q_3,0_person:0_1123ee45dc5c9c5d Q_3,0_place:0_4935266376d521ae Q_3,0_car:0_ff8da3aefa9629ac Q_3,0_tent:0_45231640fc84823) due to impossible effect !(at_car Q_3,0_car:0_ff8da3aefa9629ac Q_3,0_place:0_4935266376d521ae)
0.039 Collected 16 relevant facts at this layer
0.039 Encoding ...
0.039 Attempting to solve formula with 483 clauses (1177 literals) and 3 assumptions
0.039 Unsolvable at layer 3 -- expanding.
0.039 Iteration 4.
0.039 New layer size: 7
0.039 Instantiating ...
0.052 Collected 25 relevant facts at this layer
0.052 Encoding ...
0.053 Attempting to solve formula with 1116 clauses (3085 literals) and 3 assumptions
0.053 Unsolvable at layer 4 -- expanding.
0.053 Iteration 5.
0.053 New layer size: 17
0.053 Instantiating ...
0.087 Collected 50 relevant facts at this layer
0.087 Encoding ...
0.090 Attempting to solve formula with 2996 clauses (8473 literals) and 6 assumptions
0.090 Unsolvable at layer 5 -- expanding.
0.090 Iteration 6.
0.090 New layer size: 37
0.090 Instantiating ...
0.160 Collected 71 relevant facts at this layer
0.160 Encoding ...
0.166 Attempting to solve formula with 7176 clauses (20236 literals) and 9 assumptions
0.166 Unsolvable at layer 6 -- expanding.
0.166 Iteration 7.
0.167 New layer size: 77
0.167 Instantiating ...
0.268 Collected 109 relevant facts at this layer
0.268 Encoding ...
0.280 Attempting to solve formula with 14542 clauses (40836 literals) and 13 assumptions
0.281 Unsolvable at layer 7 -- expanding.
0.281 Iteration 8.
0.281 New layer size: 136
0.281 Instantiating ...
0.428 Collected 134 relevant facts at this layer
0.428 Encoding ...
0.450 Attempting to solve formula with 26916 clauses (75353 literals) and 18 assumptions
0.451 Unsolvable at layer 8 -- expanding.
0.451 Iteration 9.
0.451 New layer size: 201
0.451 Instantiating ...
0.644 Collected 134 relevant facts at this layer
0.644 Encoding ...
0.674 Attempting to solve formula with 41883 clauses (116972 literals) and 23 assumptions
0.675 Unsolvable at layer 9 -- expanding.
0.675 Iteration 10.
0.675 New layer size: 271
0.675 Instantiating ...
0.916 Collected 134 relevant facts at this layer
0.916 Encoding ...
0.955 Attempting to solve formula with 59170 clauses (165046 literals) and 28 assumptions
0.956 Unsolvable at layer 10 -- expanding.
0.956 Iteration 11.
0.956 New layer size: 346
0.956 Instantiating ...
1.244 Collected 134 relevant facts at this layer
1.244 Encoding ...
1.293 Attempting to solve formula with 78827 clauses (219675 literals) and 33 assumptions
1.293 Unsolvable at layer 11 -- expanding.
1.293 Iteration 12.
1.294 New layer size: 426
1.294 Instantiating ...
1.632 Collected 134 relevant facts at this layer
1.632 Encoding ...
1.693 Attempting to solve formula with 100904 clauses (280959 literals) and 38 assumptions
c last restart ## conflicts  :  213 6013 
1.740 Found a solution at layer 12.
==>
19564 put_down girl0 place0 tent2
19571 nop
19654 drive_tent guy2 place0 place1 car2 tent3
20691 drive girl2 place0 place1 car3
20713 put_up guy2 place1 tent3
20717 drive_passenger girl2 place1 place0 car3 guy2
20720 walk_together tent3 place1 guy0 place0 girl0 couple0
20725 walk_together tent3 place1 guy1 place0 girl1 couple1
20729 walk_together tent3 place1 guy2 place0 girl2 couple2
20733 walk_together tent3 place1 guy3 place0 girl3 couple3
20735 nop
20794 put_down girl2 place1 tent3
20798 drive_passenger guy2 place1 place0 car2 girl2
20800 drive guy2 place0 place1 car2
20804 drive girl2 place0 place1 car3
20807 nop
20927 nop
21053 nop
21181 drive_tent guy2 place1 place2 car3 tent3
22100 drive girl2 place1 place2 car2
22105 put_up guy2 place2 tent3
22108 drive_passenger girl2 place2 place1 car2 guy2
22111 walk_together tent3 place2 guy3 place1 girl3 couple3
22115 walk_together tent3 place2 guy2 place1 girl2 couple2
22119 walk_together tent3 place2 guy1 place1 girl1 couple1
22124 walk_together tent3 place2 guy0 place1 girl0 couple0
22129 nop
22194 put_down girl2 place2 tent3
22197 drive_passenger guy2 place2 place1 car3 girl2
22201 drive guy2 place1 place2 car3
22203 drive girl2 place1 place2 car2
22210 drive_tent guy2 place2 place3 car2 tent3
23022 drive girl2 place2 place3 car3
23027 put_up guy2 place3 tent3
23030 drive_passenger girl2 place3 place2 car3 guy2
23035 walk_together tent3 place3 guy1 place2 girl1 couple1
23038 walk_together tent3 place3 guy2 place2 girl2 couple2
23043 walk_together tent3 place3 guy3 place2 girl3 couple3
23045 walk_together tent3 place3 guy0 place2 girl0 couple0
23049 nop
23112 put_down girl2 place3 tent3
23115 drive_passenger guy2 place3 place2 car2 girl2
23118 drive guy2 place2 place3 car2
23121 drive girl2 place2 place3 car3
23127 drive_tent guy2 place3 place4 car3 tent3
23840 drive girl2 place3 place4 car2
23846 put_up guy2 place4 tent3
23848 drive_passenger girl2 place4 place3 car2 guy2
23851 walk_together tent3 place4 guy1 place3 girl1 couple1
23855 walk_together tent3 place4 guy0 place3 girl0 couple0
23859 walk_together tent3 place4 guy2 place3 girl2 couple2
23865 walk_together tent3 place4 guy3 place3 girl3 couple3
23867 nop
23927 put_down girl2 place4 tent3
23929 drive_passenger guy2 place4 place3 car3 girl2
23933 drive guy2 place3 place4 car3
23935 drive girl2 place3 place4 car2
23938 drive_tent guy2 place4 place5 car3 tent3
24623 drive girl2 place4 place5 car2
24625 put_up guy2 place5 tent3
24628 drive_passenger girl2 place5 place4 car2 guy2
24631 walk_together tent3 place5 guy3 place4 girl3 couple3
24635 walk_together tent3 place5 guy1 place4 girl1 couple1
24639 walk_together tent3 place5 guy2 place4 girl2 couple2
24643 walk_together tent3 place5 guy0 place4 girl0 couple0
24647 nop
24706 put_down girl2 place5 tent3
24709 drive_passenger guy2 place5 place4 car3 girl2
24712 drive guy2 place4 place5 car3
24715 drive girl2 place4 place5 car2
root 13
13 everyone_go_hiking place5 -> m14_everyone_go_hiking 37 39
37 prepare_trip place0 -> m6_prepare_trip 19563 19570
39 trip_to1 couple2 place5 -> m0_trip_to1 140
140 trip_to2 couple2 place0 place5 -> m2_trip_to2 254 298
254 trip_to2 couple2 place0 place1 -> m2_trip_to2 426 21052
298 trip_to2 couple2 place1 place5 -> m2_trip_to2 771 826
426 trip_to2 couple2 place0 place1 -> m2_trip_to2 995 20926
771 trip_to2 couple2 place1 place2 -> m3_trip_to2 21181 22100 22105 22108 1760 22194 22197 22201 22203
826 trip_to2 couple2 place2 place5 -> m2_trip_to2 1929 1985
995 trip_to2 couple2 place0 place1 -> m2_trip_to2 2194 20806
1760 walk_everyone tent3 place2 place1 -> m5_walk_everyone 22111 3463
1929 trip_to2 couple2 place2 place3 -> m3_trip_to2 22210 23022 23027 23030 3746 23112 23115 23118 23121
1985 trip_to2 couple2 place3 place5 -> m2_trip_to2 3916 3971
2194 trip_to2 couple2 place0 place1 -> m3_trip_to2 19654 20691 20713 20717 4608 20794 20798 20800 20804
3463 walk_everyone tent3 place2 place1 -> m5_walk_everyone 22115 5838
3746 walk_everyone tent3 place3 place2 -> m5_walk_everyone 23035 6364
3916 trip_to2 couple2 place3 place4 -> m3_trip_to2 23127 23840 23846 23848 6672 23927 23929 23933 23935
3971 trip_to2 couple2 place4 place5 -> m3_trip_to2 23938 24623 24625 24628 7084 24706 24709 24712 24715
4608 walk_everyone tent3 place1 place0 -> m5_walk_everyone 20720 8070
5838 walk_everyone tent3 place2 place1 -> m5_walk_everyone 22119 9148
6364 walk_everyone tent3 place3 place2 -> m5_walk_everyone 23038 9766
6672 walk_everyone tent3 place4 place3 -> m5_walk_everyone 23851 10292
7084 walk_everyone tent3 place5 place4 -> m5_walk_everyone 24631 10790
8070 walk_everyone tent3 place1 place0 -> m5_walk_everyone 20725 11795
9148 walk_everyone tent3 place2 place1 -> m5_walk_everyone 22124 22128
9766 walk_everyone tent3 place3 place2 -> m5_walk_everyone 23043 13673
10292 walk_everyone tent3 place4 place3 -> m5_walk_everyone 23855 14291
10790 walk_everyone tent3 place5 place4 -> m5_walk_everyone 24635 14879
11795 walk_everyone tent3 place1 place0 -> m5_walk_everyone 20729 16002
13673 walk_everyone tent3 place3 place2 -> m5_walk_everyone 23045 23048
14291 walk_everyone tent3 place4 place3 -> m5_walk_everyone 23859 18810
14879 walk_everyone tent3 place5 place4 -> m5_walk_everyone 24639 19492
16002 walk_everyone tent3 place1 place0 -> m5_walk_everyone 20733 20734
18810 walk_everyone tent3 place4 place3 -> m5_walk_everyone 23865 23866
19492 walk_everyone tent3 place5 place4 -> m5_walk_everyone 24643 24646
19563 bring_tent place0 -> m10_bring_tent 19564
19570 bring_cars place0 -> m11_bring_cars 19571
20734 walk_everyone tent3 place1 place0 -> m4_walk_everyone 20735
20806 trip_to2 couple2 place1 place1 -> m1_trip_to2 20807
20926 trip_to2 couple2 place1 place1 -> m1_trip_to2 20927
21052 trip_to2 couple2 place1 place1 -> m1_trip_to2 21053
22128 walk_everyone tent3 place2 place1 -> m4_walk_everyone 22129
23048 walk_everyone tent3 place3 place2 -> m4_walk_everyone 23049
23866 walk_everyone tent3 place4 place3 -> m4_walk_everyone 23867
24646 walk_everyone tent3 place5 place4 -> m4_walk_everyone 24647
<==
1.750 End of solution plan. (counted length of 70)
1.750 Total amount of clauses encoded: 100904
1.750 - directframeaxioms : 38202 cls
1.750 - qfactsemantics : 14813 cls
1.750 - reductionconstraints : 12372 cls
1.750 - indirectframeaxioms : 11594 cls
1.750 - qconstequality : 5520 cls
1.750 - substitutionconstraints : 5059 cls
1.750 - expansions : 3863 cls
1.750 - predecessors : 3288 cls
1.750 - atmostoneelement : 2651 cls
1.750 - actionconstraints : 1795 cls
1.750 - actioneffects : 1604 cls
1.750 - truefacts : 134 cls
1.750 - forbiddenoperations : 7 cls
1.750 - axiomaticops : 2 cls
1.750 # instantiated positions: 1528
1.750 # instantiated actions: 3152
1.750 # instantiated reductions: 228
1.750 # introduced pseudo-constants: 609
1.750 # retroactive prunings: 26
1.750 # retroactively pruned operations: 47
1.750 # dominated operations: 0
1.750 # total invalid rigid preconditions found in getPFC: 1566
1.750 # invalid rigid preconditions found in getPFC: 1461
1.750 # invalid rigid preconditions found in getPFC in varrestrictions: 105
1.750 # total invalid fluent preconditions found in getPFC: 0
1.750 # invalid fluent preconditions found in getPFC: 0
1.750 # invalid fluent preconditions found in getPFC in varrestrictions: 0
1.750 # invalid fluent preconditions found in getPFC via postconditions: 0
1.750 # invalid subtasks found in getPFC: 25
1.750 # number effects in operation fact_frames: 268
1.750 # number of variables restricted: 19227
1.750 # number of nodes variables restricted: 5725
1.750 Exiting happily.

RUNWATCH_RESULT EXIT RETVAL 0 TIME_SECS 1.76221 MEMPEAK_KBS 36664
