    _           _         _
   \ |         \ |       | |                       
   | |     __  | |      _| |______                
   | |     \/  | |     /_   ______\                
   | |      _  | |   __  | |  ___   ___   ___       
   | |___  | | | |  / .\ | | / , | |   \ / ·_\    
   \_____\ |_| |__\ \__/ |_| \___) |_|_| \___\  
[39mL i l o t a n e  version rls-glucose4
by Dominik Schreiber <dominik.schreiber@kit.edu> 2020-2021
using SAT solver glucose4

0.039 Parser finished.
0.040 Structures extracted.
0.041 30 operators and 80 methods created.
0.076 Mined 125 new reduction preconditions (+inf%).
0.076 Iteration 0.
0.076 Creating initial layer of size 2
0.084 Attempting to solve formula with 337 clauses (504 literals) and 1 assumptions
0.084 Unsolvable at layer 0 -- expanding.
0.084 Iteration 1.
0.084 New layer size: 51
0.084 Instantiating ...
0.188 Collected 167 relevant facts at this layer
0.188 Encoding ...
0.197 Attempting to solve formula with 1989 clauses (4258 literals) and 50 assumptions
0.197 Unsolvable at layer 1 -- expanding.
0.197 Iteration 2.
0.197 New layer size: 51
0.197 Instantiating ...
0.307 Collected 167 relevant facts at this layer
0.307 Encoding ...
0.315 Attempting to solve formula with 2213 clauses (4668 literals) and 50 assumptions
0.315 Unsolvable at layer 2 -- expanding.
0.315 Iteration 3.
0.315 New layer size: 151
0.315 Instantiating ...
0.430 Collected 579 relevant facts at this layer
0.430 Encoding ...
0.504 Attempting to solve formula with 79788 clauses (216451 literals) and 150 assumptions
0.504 Unsolvable at layer 3 -- expanding.
0.504 Iteration 4.
0.504 New layer size: 151
0.504 Instantiating ...
0.528 Retroactively prune action (__SURROGATE*method3*do_grind* Q_1,9_surface:0_1be24ba10ebddf1a red Q_3,27_treatmentstatus:0_f52616304b09c05b Q_3,27_surface:0_1be24ba10ebddf1a Q_3,27_acolour:0_2e154a9a083d0e13 untreated p9 natural verysmooth) due to impossible effect !(treatment p9 Q_3,27_treatmentstatus:0_f52616304b09c05b)
0.528 Retroactively prune action (__SURROGATE*method3*do_grind* Q_1,9_surface:0_1be24ba10ebddf1a red Q_3,27_treatmentstatus:0_f52616304b09c05b Q_1,9_surface:1_1be24ba10ebddf1a Q_3,27_acolour:0_2e154a9a083d0e13 untreated p9 natural verysmooth) due to impossible effect !(treatment p9 Q_3,27_treatmentstatus:0_f52616304b09c05b)
0.550 Retroactively prune action (__SURROGATE*method3*do_grind* Q_1,18_surface:0_1be24ba10ebddf1a Q_3,54_acolour:0_2e154a9a083d0e13 Q_3,54_treatmentstatus:0_f52616304b09c05b Q_1,18_surface:1_1be24ba10ebddf1a Q_3,54_acolour:1_2e154a9a083d0e13 untreated p18 natural verysmooth) due to impossible effect !(surface_condition p18 Q_1,18_surface:0_1be24ba10ebddf1a)
0.551 Retroactively prune action (__SURROGATE*method3*do_grind* Q_1,18_surface:0_1be24ba10ebddf1a Q_3,54_acolour:0_2e154a9a083d0e13 Q_3,54_treatmentstatus:0_f52616304b09c05b Q_3,54_surface:0_1be24ba10ebddf1a Q_3,54_acolour:1_2e154a9a083d0e13 untreated p18 natural verysmooth) due to impossible effect !(surface_condition p18 Q_1,18_surface:0_1be24ba10ebddf1a)
0.573 Retroactively prune action (__SURROGATE*method3*do_grind* Q_1,24_surface:0_1be24ba10ebddf1a Q_3,72_acolour:0_2e154a9a083d0e13 Q_3,72_treatmentstatus:0_f52616304b09c05b Q_3,72_surface:0_1be24ba10ebddf1a Q_3,72_acolour:1_2e154a9a083d0e13 untreated p24 natural verysmooth) due to impossible effect !(treatment p24 Q_3,72_treatmentstatus:0_f52616304b09c05b)
0.573 Retroactively prune action (__SURROGATE*method3*do_grind* Q_1,24_surface:0_1be24ba10ebddf1a Q_3,72_acolour:0_2e154a9a083d0e13 Q_3,72_treatmentstatus:0_f52616304b09c05b Q_1,24_surface:1_1be24ba10ebddf1a Q_3,72_acolour:1_2e154a9a083d0e13 untreated p24 natural verysmooth) due to impossible effect !(treatment p24 Q_3,72_treatmentstatus:0_f52616304b09c05b)
0.637 Retroactively prune action (__SURROGATE*method3*do_grind* Q_1,43_surface:0_1be24ba10ebddf1a Q_3,129_acolour:0_2e154a9a083d0e13 Q_3,129_treatmentstatus:0_f52616304b09c05b Q_1,43_surface:1_1be24ba10ebddf1a Q_3,129_acolour:1_2e154a9a083d0e13 untreated p43 natural verysmooth) due to impossible effect !(surface_condition p43 Q_1,43_surface:0_1be24ba10ebddf1a)
0.637 Retroactively prune action (__SURROGATE*method3*do_grind* Q_1,43_surface:0_1be24ba10ebddf1a Q_3,129_acolour:0_2e154a9a083d0e13 Q_3,129_treatmentstatus:0_f52616304b09c05b Q_3,129_surface:0_1be24ba10ebddf1a Q_3,129_acolour:1_2e154a9a083d0e13 untreated p43 natural verysmooth) due to impossible effect !(surface_condition p43 Q_1,43_surface:0_1be24ba10ebddf1a)
0.664 Collected 760 relevant facts at this layer
0.664 Encoding ...
0.785 Attempting to solve formula with 178367 clauses (500191 literals) and 38 assumptions
0.785 Unsolvable at layer 4 -- expanding.
0.785 Iteration 5.
0.785 New layer size: 151
0.785 Instantiating ...
0.902 Collected 1138 relevant facts at this layer
0.902 Encoding ...
1.016 Attempting to solve formula with 211182 clauses (608858 literals) and 0 assumptions
c last restart ## conflicts  :  48 5403 
1.160 Found a solution at layer 5.
==>
23170 do_saw_large b6 p0 beech rough s8 s6 s7 s5 large natural untreated
23584 do_plane_untreated p0 planer14 rough natural untreated untreated untreated smooth natural
23701 do_spray_varnish p0 spray_varnisher10 mauve smooth untreated untreated varnished natural
23704 do_saw_small b8 p1 pine rough s6 s5 small natural untreated
23726 do_grind_untreated p1 grinder4 rough natural untreated untreated untreated untreated untreated verysmooth natural
23840 do_immersion_varnish p1 immersion_varnisher3 blue verysmooth untreated untreated varnished natural
23844 do_saw_small b4 p2 walnut rough s7 s6 small natural untreated
23864 do_grind_untreated p2 grinder4 rough natural untreated untreated untreated untreated untreated verysmooth natural
23981 do_glaze p2 glazer6 white untreated untreated glazed natural
23983 do_saw_medium b0 p3 mahogany rough s6 s5 s4 medium natural untreated
24012 do_plane p3 rough natural untreated smooth untreated natural
24127 do_glaze p3 glazer6 mauve untreated untreated glazed natural
24131 do_saw_medium b7 p4 beech rough s8 s7 s6 medium natural untreated
24163 do_grind_untreated p4 grinder4 rough natural untreated untreated untreated untreated untreated verysmooth natural
24277 do_glaze p4 glazer6 mauve untreated untreated glazed natural
24280 do_saw_small b2 p5 oak smooth s7 s6 small natural untreated
24300 do_plane p5 smooth natural untreated smooth untreated natural
24417 do_glaze p5 glazer3 black untreated untreated glazed natural
24419 do_saw_medium b9 p6 pine rough s4 s3 s2 medium natural untreated
24448 do_plane_untreated p6 planer14 rough natural untreated untreated untreated smooth natural
24565 do_glaze p6 glazer6 natural untreated untreated glazed natural
24567 do_saw_large b6 p7 beech rough s8 s6 s7 s5 large natural untreated
24606 do_grind_untreated p7 grinder4 rough natural untreated untreated untreated untreated untreated verysmooth natural
24721 do_immersion_varnish p7 immersion_varnisher13 red verysmooth untreated untreated varnished natural
24725 do_saw_medium b2 p8 oak smooth s6 s5 s4 medium natural untreated
24754 do_plane_untreated p8 planer14 smooth natural untreated untreated untreated smooth natural
24870 do_immersion_varnish p8 immersion_varnisher3 white smooth untreated untreated varnished natural
24874 do_plane p9 verysmooth red varnished smooth untreated natural
24880 do_grind_untreated p9 grinder4 smooth natural untreated untreated untreated untreated untreated verysmooth natural
24884 do_immersion_varnish p9 immersion_varnisher3 black verysmooth untreated untreated varnished natural
24887 do_saw_medium b12 p10 teak rough s8 s7 s6 medium natural untreated
24918 do_plane_untreated p10 planer14 rough natural untreated untreated untreated smooth natural
25031 do_immersion_varnish p10 immersion_varnisher3 blue smooth untreated untreated varnished natural
25035 do_saw_large b6 p11 beech rough s5 s3 s4 s2 large natural untreated
25074 do_grind_untreated p11 grinder4 rough natural untreated untreated untreated untreated untreated verysmooth natural
25190 do_spray_varnish p11 spray_varnisher10 green verysmooth untreated untreated varnished natural
25192 do_saw_medium b4 p12 walnut rough s6 s5 s4 medium natural untreated
25221 do_grind_untreated p12 grinder4 rough natural untreated untreated untreated untreated untreated verysmooth natural
25338 do_spray_varnish p12 spray_varnisher10 white verysmooth untreated untreated varnished natural
25341 do_saw_medium b9 p13 pine rough s2 s1 s0 medium natural untreated
25370 do_plane_untreated p13 planer14 rough natural untreated untreated untreated smooth natural
25486 do_spray_varnish p13 spray_varnisher7 blue smooth untreated untreated varnished natural
25490 do_saw_small b12 p14 teak rough s8 s7 small natural untreated
25510 do_grind_untreated p14 grinder4 rough natural untreated untreated untreated untreated untreated verysmooth natural
25626 do_glaze p14 glazer6 green untreated untreated glazed natural
25630 do_saw_large b9 p15 pine rough s4 s2 s3 s1 large natural untreated
25669 do_grind_untreated p15 grinder4 rough natural untreated untreated untreated untreated untreated verysmooth natural
25785 do_spray_varnish p15 spray_varnisher10 green verysmooth untreated untreated varnished natural
25788 do_saw_medium b11 p16 cherry rough s7 s6 s5 medium natural untreated
25817 do_plane p16 rough natural untreated smooth untreated natural
25933 do_spray_varnish p16 spray_varnisher10 white smooth untreated untreated varnished natural
25936 do_saw_large b5 p17 walnut rough s5 s3 s4 s2 large natural untreated
25974 do_plane p17 rough natural untreated smooth untreated natural
26089 do_glaze p17 glazer6 green untreated untreated glazed natural
26093 do_plane p18 rough blue colourfragments smooth untreated natural
26097 do_spray_varnish p18 spray_varnisher10 black smooth untreated untreated varnished natural
26106 do_plane p19 verysmooth white glazed smooth untreated natural
26112 do_glaze p19 glazer6 blue untreated untreated glazed natural
26121 do_grind p20 smooth blue colourfragments untreated verysmooth natural
26129 do_immersion_varnish p20 immersion_varnisher3 white verysmooth untreated untreated varnished natural
26136 do_saw_small b7 p21 beech rough s6 s5 small natural untreated
26159 do_grind_untreated p21 grinder4 rough natural untreated untreated untreated untreated untreated verysmooth natural
26271 do_immersion_varnish p21 immersion_varnisher3 white verysmooth untreated untreated varnished natural
26275 do_saw_medium b7 p22 beech rough s8 s7 s6 medium natural untreated
26306 do_grind_untreated p22 grinder4 rough natural untreated untreated untreated untreated untreated verysmooth natural
26420 do_glaze p22 glazer6 natural untreated untreated glazed natural
26426 do_plane p23 smooth mauve colourfragments smooth untreated natural
26428 do_grind_untreated p23 grinder10 smooth natural untreated untreated untreated untreated untreated verysmooth natural
26435 do_glaze p23 glazer6 white untreated untreated glazed natural
26438 do_plane p24 smooth white varnished smooth untreated natural
26443 do_grind_untreated p24 grinder14 smooth natural untreated untreated untreated untreated untreated verysmooth natural
26446 do_glaze p24 glazer3 black untreated untreated glazed natural
26451 do_saw_small b2 p25 oak smooth s7 s6 small natural untreated
26473 do_plane p25 smooth natural untreated smooth untreated natural
26588 do_spray_varnish p25 spray_varnisher10 mauve smooth untreated untreated varnished natural
26590 do_saw_medium b11 p26 cherry rough s7 s6 s5 medium natural untreated
26619 do_plane p26 rough natural untreated smooth untreated natural
26736 do_spray_varnish p26 spray_varnisher10 white smooth untreated untreated varnished natural
26738 do_plane p27 verysmooth green colourfragments smooth untreated natural
26744 do_spray_varnish p27 spray_varnisher10 white smooth untreated untreated varnished natural
26753 do_saw_medium b9 p28 pine rough s2 s1 s0 medium natural untreated
26782 do_grind_untreated p28 grinder4 rough natural untreated untreated untreated untreated untreated verysmooth natural
26898 do_spray_varnish p28 spray_varnisher10 green verysmooth untreated untreated varnished natural
26904 do_plane p29 smooth green colourfragments smooth untreated natural
26907 do_glaze p29 glazer3 black untreated untreated glazed natural
26916 do_saw_small b0 p30 mahogany rough s6 s5 small natural untreated
26937 do_plane p30 rough natural untreated smooth untreated natural
27054 do_spray_varnish p30 spray_varnisher10 mauve smooth untreated untreated varnished natural
27056 do_saw_small b12 p31 teak rough s8 s7 small natural untreated
27079 do_plane p31 rough natural untreated smooth untreated natural
27193 do_glaze p31 glazer6 mauve untreated untreated glazed natural
27196 do_grind p32 verysmooth red glazed untreated verysmooth natural
27203 do_spray_varnish p32 spray_varnisher10 white verysmooth untreated untreated varnished natural
27210 do_saw_large b9 p33 pine rough s4 s2 s3 s1 large natural untreated
27249 do_grind_untreated p33 grinder4 rough natural untreated untreated untreated untreated untreated verysmooth natural
27363 do_glaze p33 glazer6 natural untreated untreated glazed natural
27367 do_saw_medium b8 p34 pine rough s6 s5 s4 medium natural untreated
27397 do_plane p34 rough natural untreated smooth untreated natural
27512 do_spray_varnish p34 spray_varnisher10 white smooth untreated untreated varnished natural
27515 do_saw_small b4 p35 walnut rough s6 s5 small natural untreated
27535 do_plane p35 rough natural untreated smooth untreated natural
27653 do_glaze p35 glazer6 blue untreated untreated glazed natural
27655 do_saw_large b12 p36 teak rough s7 s5 s6 s4 large natural untreated
27694 do_plane_untreated p36 planer14 rough natural untreated untreated untreated smooth natural
27808 do_immersion_varnish p36 immersion_varnisher3 natural smooth untreated untreated varnished natural
27812 do_saw_large b10 p37 cherry rough s7 s5 s6 s4 large natural untreated
27850 do_plane p37 rough natural untreated smooth untreated natural
27965 do_immersion_varnish p37 immersion_varnisher3 black smooth untreated untreated varnished natural
27969 do_saw_small b8 p38 pine rough s5 s4 small natural untreated
27990 do_grind_untreated p38 grinder4 rough natural untreated untreated untreated untreated untreated verysmooth natural
28104 do_spray_varnish p38 spray_varnisher4 red verysmooth untreated untreated varnished natural
28108 do_saw_medium b0 p39 mahogany rough s5 s4 s3 medium natural untreated
28138 do_grind_untreated p39 grinder4 rough natural untreated untreated untreated untreated untreated verysmooth natural
28254 do_immersion_varnish p39 immersion_varnisher3 natural verysmooth untreated untreated varnished natural
28256 do_saw_medium b10 p40 cherry rough s4 s3 s2 medium natural untreated
28285 do_grind_untreated p40 grinder4 rough natural untreated untreated untreated untreated untreated verysmooth natural
28400 do_immersion_varnish p40 immersion_varnisher3 blue verysmooth untreated untreated varnished natural
28404 do_saw_large b5 p41 walnut rough s5 s3 s4 s2 large natural untreated
28443 do_grind_untreated p41 grinder4 rough natural untreated untreated untreated untreated untreated verysmooth natural
28557 do_immersion_varnish p41 immersion_varnisher3 natural verysmooth untreated untreated varnished natural
28562 do_grind p42 verysmooth mauve colourfragments untreated verysmooth natural
28567 do_spray_varnish p42 spray_varnisher7 blue verysmooth untreated untreated varnished natural
28576 do_plane p43 rough black glazed smooth untreated natural
28581 do_spray_varnish p43 spray_varnisher7 blue smooth untreated untreated varnished natural
28589 do_saw_small b11 p44 cherry rough s5 s4 small natural untreated
28609 do_plane p44 rough natural untreated smooth untreated natural
28724 do_immersion_varnish p44 immersion_varnisher3 white smooth untreated untreated varnished natural
28728 do_saw_large b4 p45 walnut rough s4 s2 s3 s1 large natural untreated
28766 do_plane p45 rough natural untreated smooth untreated natural
28883 do_glaze p45 glazer6 natural untreated untreated glazed natural
28887 do_plane p46 smooth white colourfragments smooth untreated natural
28892 do_glaze p46 glazer6 mauve untreated untreated glazed natural
28900 do_saw_large b6 p47 beech rough s8 s6 s7 s5 large natural untreated
28938 do_grind_untreated p47 grinder4 rough natural untreated untreated untreated untreated untreated verysmooth natural
29053 do_glaze p47 glazer6 blue untreated untreated glazed natural
29057 do_saw_large b2 p48 oak smooth s4 s2 s3 s1 large natural untreated
29098 do_grind p48 smooth natural untreated untreated verysmooth natural
29211 do_immersion_varnish p48 immersion_varnisher13 red verysmooth untreated untreated varnished natural
29214 do_saw_medium b2 p49 oak smooth s7 s6 s5 medium natural untreated
29243 do_grind p49 smooth natural untreated untreated verysmooth natural
29359 do_immersion_varnish p49 immersion_varnisher3 blue verysmooth untreated untreated varnished natural
root 2465 2467 2469 2471 2473 2475 2477 2479 2481 2483 2486 2488 2490 2492 2494 2496 2498 2500 2502 2506 2509 2511 2513 2515 2518 2521 2523 2526 2528 2530 2533 2535 2537 2540 2542 2544 2546 2548 2550 2552 2554 2556 2559 2562 2564 2566 2569 2571 2573 2575
2465 process p0 mauve rough smooth -> method14 16732 23583 23700
2467 process p1 blue rough verysmooth -> method14 17014 23725 23839
2469 process p2 white rough verysmooth -> method14 17117 23863 23980
2471 process p3 mauve rough smooth -> method14 17220 24011 24126
2473 process p4 mauve rough verysmooth -> method14 17324 24162 24276
2475 process p5 black smooth smooth -> method14 17427 24299 24416
2477 process p6 natural rough smooth -> method14 17531 24447 24564
2479 process p7 red rough verysmooth -> method14 17635 24605 24720
2481 process p8 white smooth smooth -> method14 17740 24753 24869
2483 process p9 black verysmooth verysmooth -> method16 24873 24880 24883
2486 process p10 blue rough smooth -> method14 17972 24917 25030
2488 process p11 green rough verysmooth -> method14 18106 25073 25189
2490 process p12 white rough verysmooth -> method14 18212 25220 25337
2492 process p13 blue rough smooth -> method14 18317 25369 25485
2494 process p14 green rough verysmooth -> method14 18423 25509 25625
2496 process p15 green rough verysmooth -> method14 18527 25668 25784
2498 process p16 white rough smooth -> method14 18630 25816 25932
2500 process p17 green rough smooth -> method14 18734 25973 26088
2502 process p18 black rough smooth -> method12 26092 26096
2506 process p19 blue verysmooth smooth -> method12 26105 26111
2509 process p20 white smooth verysmooth -> method12 26120 26128
2511 process p21 white rough verysmooth -> method14 19302 26158 26270
2513 process p22 natural rough verysmooth -> method14 19458 26305 26419
2515 process p23 white smooth verysmooth -> method16 26425 26428 26434
2518 process p24 black smooth verysmooth -> method16 26437 26443 26445
2521 process p25 mauve smooth smooth -> method14 19861 26472 26587
2523 process p26 white rough smooth -> method14 20025 26618 26735
2526 process p27 white verysmooth smooth -> method12 26737 26743
2528 process p28 green rough verysmooth -> method14 20253 26781 26897
2530 process p29 black smooth smooth -> method12 26903 26906
2533 process p30 mauve rough smooth -> method14 20543 26936 27053
2535 process p31 mauve rough smooth -> method14 20717 27078 27192
2537 process p32 white verysmooth verysmooth -> method12 27195 27202
2540 process p33 natural rough verysmooth -> method14 20944 27248 27362
2542 process p34 white rough smooth -> method14 21124 27396 27511
2544 process p35 blue rough smooth -> method14 21231 27534 27652
2546 process p36 natural rough smooth -> method14 21336 27693 27807
2548 process p37 black rough smooth -> method14 21440 27849 27964
2550 process p38 red rough verysmooth -> method14 21544 27989 28103
2552 process p39 natural rough verysmooth -> method14 21649 28137 28253
2554 process p40 blue rough verysmooth -> method14 21756 28284 28399
2556 process p41 natural rough verysmooth -> method14 21862 28442 28556
2559 process p42 blue verysmooth verysmooth -> method12 28561 28566
2562 process p43 blue rough smooth -> method12 28575 28580
2564 process p44 white rough smooth -> method14 22310 28608 28723
2566 process p45 natural rough smooth -> method14 22517 28765 28882
2569 process p46 mauve smooth smooth -> method12 28886 28891
2571 process p47 blue rough verysmooth -> method14 22744 28937 29052
2573 process p48 red smooth verysmooth -> method14 22954 29097 29210
2575 process p49 blue smooth verysmooth -> method14 23060 29242 29358
16732 cut_and_saw b6 p0 beech rough -> method10 23169
17014 cut_and_saw b8 p1 pine rough -> method10 23703
17117 cut_and_saw b4 p2 walnut rough -> method10 23843
17220 cut_and_saw b0 p3 mahogany rough -> method10 23982
17324 cut_and_saw b7 p4 beech rough -> method10 24130
17427 cut_and_saw b2 p5 oak smooth -> method10 24279
17531 cut_and_saw b9 p6 pine rough -> method10 24418
17635 cut_and_saw b6 p7 beech rough -> method10 24566
17740 cut_and_saw b2 p8 oak smooth -> method10 24724
17972 cut_and_saw b12 p10 teak rough -> method10 24886
18106 cut_and_saw b6 p11 beech rough -> method10 25034
18212 cut_and_saw b4 p12 walnut rough -> method10 25191
18317 cut_and_saw b9 p13 pine rough -> method10 25340
18423 cut_and_saw b12 p14 teak rough -> method10 25489
18527 cut_and_saw b9 p15 pine rough -> method10 25629
18630 cut_and_saw b11 p16 cherry rough -> method10 25787
18734 cut_and_saw b5 p17 walnut rough -> method10 25935
19302 cut_and_saw b7 p21 beech rough -> method10 26135
19458 cut_and_saw b7 p22 beech rough -> method10 26274
19861 cut_and_saw b2 p25 oak smooth -> method10 26450
20025 cut_and_saw b11 p26 cherry rough -> method10 26589
20253 cut_and_saw b9 p28 pine rough -> method10 26752
20543 cut_and_saw b0 p30 mahogany rough -> method10 26915
20717 cut_and_saw b12 p31 teak rough -> method10 27055
20944 cut_and_saw b9 p33 pine rough -> method10 27209
21124 cut_and_saw b8 p34 pine rough -> method10 27366
21231 cut_and_saw b4 p35 walnut rough -> method10 27514
21336 cut_and_saw b12 p36 teak rough -> method10 27654
21440 cut_and_saw b10 p37 cherry rough -> method10 27811
21544 cut_and_saw b8 p38 pine rough -> method10 27968
21649 cut_and_saw b0 p39 mahogany rough -> method10 28107
21756 cut_and_saw b10 p40 cherry rough -> method10 28255
21862 cut_and_saw b5 p41 walnut rough -> method10 28403
22310 cut_and_saw b11 p44 cherry rough -> method10 28588
22517 cut_and_saw b4 p45 walnut rough -> method10 28727
22744 cut_and_saw b6 p47 beech rough -> method10 28899
22954 cut_and_saw b2 p48 oak smooth -> method10 29056
23060 cut_and_saw b2 p49 oak smooth -> method10 29213
23169 do_saw b6 p0 beech rough -> method9 23170
23583 grindNplane p0 rough natural untreated smooth natural untreated -> method15 23584
23700 do_colour p0 mauve spray_varnisher4 untreated -> method1 23701
23703 do_saw b8 p1 pine rough -> method5 23704
23725 grindNplane p1 rough natural untreated verysmooth natural untreated -> method13 23726
23839 do_colour p1 blue immersion_varnisher3 untreated -> method0 23840
23843 do_saw b4 p2 walnut rough -> method5 23844
23863 grindNplane p2 rough natural untreated verysmooth natural untreated -> method13 23864
23980 do_colour p2 white glazer14 untreated -> method2 23981
23982 do_saw b0 p3 mahogany rough -> method8 23983
24011 grindNplane p3 rough natural untreated smooth natural untreated -> method7 24012
24126 do_colour p3 mauve glazer14 untreated -> method2 24127
24130 do_saw b7 p4 beech rough -> method8 24131
24162 grindNplane p4 rough natural untreated verysmooth natural untreated -> method13 24163
24276 do_colour p4 mauve glazer14 untreated -> method2 24277
24279 do_saw b2 p5 oak smooth -> method5 24280
24299 grindNplane p5 smooth natural untreated smooth natural untreated -> method7 24300
24416 do_colour p5 black glazer1 untreated -> method2 24417
24418 do_saw b9 p6 pine rough -> method8 24419
24447 grindNplane p6 rough natural untreated smooth natural untreated -> method15 24448
24564 do_colour p6 natural glazer13 untreated -> method2 24565
24566 do_saw b6 p7 beech rough -> method9 24567
24605 grindNplane p7 rough natural untreated verysmooth natural untreated -> method13 24606
24720 do_colour p7 red immersion_varnisher3 untreated -> method0 24721
24724 do_saw b2 p8 oak smooth -> method8 24725
24753 grindNplane p8 smooth natural untreated smooth natural untreated -> method15 24754
24869 do_colour p8 white immersion_varnisher2 untreated -> method0 24870
24873 grindNplane p9 verysmooth red varnished smooth natural untreated -> method7 24874
24883 do_colour p9 black immersion_varnisher0 untreated -> method0 24884
24886 do_saw b12 p10 teak rough -> method8 24887
24917 grindNplane p10 rough natural untreated smooth natural untreated -> method15 24918
25030 do_colour p10 blue immersion_varnisher5 untreated -> method0 25031
25034 do_saw b6 p11 beech rough -> method9 25035
25073 grindNplane p11 rough natural untreated verysmooth natural untreated -> method13 25074
25189 do_colour p11 green spray_varnisher7 untreated -> method1 25190
25191 do_saw b4 p12 walnut rough -> method8 25192
25220 grindNplane p12 rough natural untreated verysmooth natural untreated -> method13 25221
25337 do_colour p12 white spray_varnisher4 untreated -> method1 25338
25340 do_saw b9 p13 pine rough -> method8 25341
25369 grindNplane p13 rough natural untreated smooth natural untreated -> method15 25370
25485 do_colour p13 blue spray_varnisher2 untreated -> method1 25486
25489 do_saw b12 p14 teak rough -> method5 25490
25509 grindNplane p14 rough natural untreated verysmooth natural untreated -> method13 25510
25625 do_colour p14 green glazer12 untreated -> method2 25626
25629 do_saw b9 p15 pine rough -> method9 25630
25668 grindNplane p15 rough natural untreated verysmooth natural untreated -> method13 25669
25784 do_colour p15 green spray_varnisher4 untreated -> method1 25785
25787 do_saw b11 p16 cherry rough -> method8 25788
25816 grindNplane p16 rough natural untreated smooth natural untreated -> method7 25817
25932 do_colour p16 white spray_varnisher4 untreated -> method1 25933
25935 do_saw b5 p17 walnut rough -> method9 25936
25973 grindNplane p17 rough natural untreated smooth natural untreated -> method7 25974
26088 do_colour p17 green glazer14 untreated -> method2 26089
26092 grindNplane p18 rough blue colourfragments smooth natural untreated -> method7 26093
26096 do_colour p18 black spray_varnisher4 untreated -> method1 26097
26105 grindNplane p19 verysmooth white glazed smooth natural untreated -> method7 26106
26111 do_colour p19 blue glazer14 untreated -> method2 26112
26120 grindNplane p20 smooth blue colourfragments verysmooth natural untreated -> method3 26121
26128 do_colour p20 white immersion_varnisher3 untreated -> method0 26129
26135 do_saw b7 p21 beech rough -> method5 26136
26158 grindNplane p21 rough natural untreated verysmooth natural untreated -> method13 26159
26270 do_colour p21 white immersion_varnisher3 untreated -> method0 26271
26274 do_saw b7 p22 beech rough -> method8 26275
26305 grindNplane p22 rough natural untreated verysmooth natural untreated -> method13 26306
26419 do_colour p22 natural glazer5 untreated -> method2 26420
26425 grindNplane p23 smooth mauve colourfragments smooth natural untreated -> method7 26426
26434 do_colour p23 white glazer12 untreated -> method2 26435
26437 grindNplane p24 smooth white varnished smooth natural untreated -> method7 26438
26445 do_colour p24 black glazer14 untreated -> method2 26446
26450 do_saw b2 p25 oak smooth -> method5 26451
26472 grindNplane p25 smooth natural untreated smooth natural untreated -> method7 26473
26587 do_colour p25 mauve spray_varnisher4 untreated -> method1 26588
26589 do_saw b11 p26 cherry rough -> method8 26590
26618 grindNplane p26 rough natural untreated smooth natural untreated -> method7 26619
26735 do_colour p26 white spray_varnisher4 untreated -> method1 26736
26737 grindNplane p27 verysmooth green colourfragments smooth natural untreated -> method7 26738
26743 do_colour p27 white spray_varnisher4 untreated -> method1 26744
26752 do_saw b9 p28 pine rough -> method8 26753
26781 grindNplane p28 rough natural untreated verysmooth natural untreated -> method13 26782
26897 do_colour p28 green spray_varnisher4 untreated -> method1 26898
26903 grindNplane p29 smooth green colourfragments smooth natural untreated -> method7 26904
26906 do_colour p29 black glazer14 untreated -> method2 26907
26915 do_saw b0 p30 mahogany rough -> method5 26916
26936 grindNplane p30 rough natural untreated smooth natural untreated -> method7 26937
27053 do_colour p30 mauve spray_varnisher4 untreated -> method1 27054
27055 do_saw b12 p31 teak rough -> method5 27056
27078 grindNplane p31 rough natural untreated smooth natural untreated -> method7 27079
27192 do_colour p31 mauve glazer14 untreated -> method2 27193
27195 grindNplane p32 verysmooth red glazed verysmooth natural untreated -> method3 27196
27202 do_colour p32 white spray_varnisher4 untreated -> method1 27203
27209 do_saw b9 p33 pine rough -> method9 27210
27248 grindNplane p33 rough natural untreated verysmooth natural untreated -> method13 27249
27362 do_colour p33 natural glazer14 untreated -> method2 27363
27366 do_saw b8 p34 pine rough -> method8 27367
27396 grindNplane p34 rough natural untreated smooth natural untreated -> method7 27397
27511 do_colour p34 white spray_varnisher7 untreated -> method1 27512
27514 do_saw b4 p35 walnut rough -> method5 27515
27534 grindNplane p35 rough natural untreated smooth natural untreated -> method7 27535
27652 do_colour p35 blue glazer14 untreated -> method2 27653
27654 do_saw b12 p36 teak rough -> method9 27655
27693 grindNplane p36 rough natural untreated smooth natural untreated -> method15 27694
27807 do_colour p36 natural immersion_varnisher3 untreated -> method0 27808
27811 do_saw b10 p37 cherry rough -> method9 27812
27849 grindNplane p37 rough natural untreated smooth natural untreated -> method7 27850
27964 do_colour p37 black immersion_varnisher3 untreated -> method0 27965
27968 do_saw b8 p38 pine rough -> method5 27969
27989 grindNplane p38 rough natural untreated verysmooth natural untreated -> method13 27990
28103 do_colour p38 red spray_varnisher4 untreated -> method1 28104
28107 do_saw b0 p39 mahogany rough -> method8 28108
28137 grindNplane p39 rough natural untreated verysmooth natural untreated -> method13 28138
28253 do_colour p39 natural immersion_varnisher3 untreated -> method0 28254
28255 do_saw b10 p40 cherry rough -> method8 28256
28284 grindNplane p40 rough natural untreated verysmooth natural untreated -> method13 28285
28399 do_colour p40 blue immersion_varnisher3 untreated -> method0 28400
28403 do_saw b5 p41 walnut rough -> method9 28404
28442 grindNplane p41 rough natural untreated verysmooth natural untreated -> method13 28443
28556 do_colour p41 natural immersion_varnisher3 untreated -> method0 28557
28561 grindNplane p42 verysmooth mauve colourfragments verysmooth natural untreated -> method3 28562
28566 do_colour p42 blue spray_varnisher12 untreated -> method1 28567
28575 grindNplane p43 rough black glazed smooth natural untreated -> method7 28576
28580 do_colour p43 blue spray_varnisher2 untreated -> method1 28581
28588 do_saw b11 p44 cherry rough -> method5 28589
28608 grindNplane p44 rough natural untreated smooth natural untreated -> method7 28609
28723 do_colour p44 white immersion_varnisher3 untreated -> method0 28724
28727 do_saw b4 p45 walnut rough -> method9 28728
28765 grindNplane p45 rough natural untreated smooth natural untreated -> method7 28766
28882 do_colour p45 natural glazer6 untreated -> method2 28883
28886 grindNplane p46 smooth white colourfragments smooth natural untreated -> method7 28887
28891 do_colour p46 mauve glazer14 untreated -> method2 28892
28899 do_saw b6 p47 beech rough -> method9 28900
28937 grindNplane p47 rough natural untreated verysmooth natural untreated -> method13 28938
29052 do_colour p47 blue glazer14 untreated -> method2 29053
29056 do_saw b2 p48 oak smooth -> method9 29057
29097 grindNplane p48 smooth natural untreated verysmooth natural untreated -> method3 29098
29210 do_colour p48 red immersion_varnisher3 untreated -> method0 29211
29213 do_saw b2 p49 oak smooth -> method8 29214
29242 grindNplane p49 smooth natural untreated verysmooth natural untreated -> method3 29243
29358 do_colour p49 blue immersion_varnisher3 untreated -> method0 29359
<==
1.312 End of solution plan. (counted length of 141)
1.312 Total amount of clauses encoded: 211182
1.312 - reductionconstraints : 68951 cls
1.312 - actionconstraints : 34901 cls
1.312 - indirectframeaxioms : 29010 cls
1.312 - directframeaxioms : 28394 cls
1.312 - qtypeconstraints : 18528 cls
1.312 - qfactsemantics : 14994 cls
1.312 - substitutionconstraints : 9906 cls
1.312 - actioneffects : 2134 cls
1.312 - predecessors : 1183 cls
1.312 - truefacts : 1138 cls
1.312 - atmostoneelement : 1124 cls
1.312 - expansions : 917 cls
1.312 - axiomaticops : 2 cls
1.312 # instantiated positions: 556
1.312 # instantiated actions: 879
1.312 # instantiated reductions: 313
1.312 # introduced pseudo-constants: 924
1.312 # retroactive prunings: 8
1.312 # retroactively pruned operations: 8
1.312 # dominated operations: 0
1.312 # total invalid rigid preconditions found in getPFC: 0
1.312 # invalid rigid preconditions found in getPFC: 0
1.312 # invalid rigid preconditions found in getPFC in varrestrictions: 0
1.312 # total invalid fluent preconditions found in getPFC: 176
1.312 # invalid fluent preconditions found in getPFC: 100
1.312 # invalid fluent preconditions found in getPFC in varrestrictions: 76
1.312 # invalid fluent preconditions found in getPFC via postconditions: 0
1.312 # invalid subtasks found in getPFC: 0
1.312 # number effects in operation fact_frames: 2042
1.312 Exiting happily.

RUNWATCH_RESULT EXIT RETVAL 0 TIME_SECS 1.32935 MEMPEAK_KBS 92276
