    _           _         _
   \ |         \ |       | |                       
   | |     __  | |      _| |______                
   | |     \/  | |     /_   ______\                
   | |      _  | |   __  | |  ___   ___   ___       
   | |___  | | | |  / .\ | | / , | |   \ / ·_\    
   \_____\ |_| |__\ \__/ |_| \___) |_|_| \___\  
[39mL i l o t a n e  version rls-glucose4
by Dominik Schreiber <dominik.schreiber@kit.edu> 2020-2021
using SAT solver glucose4

0.010 Parser finished.
0.010 Structures extracted.
0.011 72 operators and 56 methods created.
0.043 Mined 27 new reduction preconditions (+39.7%).
0.043 Iteration 0.
0.043 Creating initial layer of size 2
0.046 Attempting to solve formula with 3 clauses (3 literals) and 1 assumptions
0.046 Unsolvable at layer 0 -- expanding.
0.046 Iteration 1.
0.046 New layer size: 14
0.046 Instantiating ...
0.081 Collected 32 relevant facts at this layer
0.082 Encoding ...
0.084 Attempting to solve formula with 862 clauses (2370 literals) and 11 assumptions
0.084 Unsolvable at layer 1 -- expanding.
0.084 Iteration 2.
0.084 New layer size: 25
0.084 Instantiating ...
0.186 Collected 123 relevant facts at this layer
0.186 Encoding ...
0.192 Attempting to solve formula with 5503 clauses (14362 literals) and 11 assumptions
0.192 Unsolvable at layer 2 -- expanding.
0.192 Iteration 3.
0.192 New layer size: 36
0.192 Instantiating ...
0.385 Collected 201 relevant facts at this layer
0.385 Encoding ...
0.394 Attempting to solve formula with 10727 clauses (28187 literals) and 22 assumptions
0.394 Unsolvable at layer 3 -- expanding.
0.394 Iteration 4.
0.394 New layer size: 47
0.394 Instantiating ...
0.395 Retroactively prune reduction (_splitting_method_DO-AT-LOAD-AIRPLANE0_splitted_2 OBJ21 Q_3,2_AIRPLANE:0_193eb53130b57b2d POS2)@(3,2): no children at offset 0
0.395 Retroactively prune reduction (M15-ACHIEVE-AT0 Q_3,3_AIRPLANE:0_193eb53130b57b2d OBJ21 APT2)@(3,3): no children at offset 0
0.596 Collected 210 relevant facts at this layer
0.596 Encoding ...
0.608 Attempting to solve formula with 18167 clauses (47749 literals) and 33 assumptions
0.608 Unsolvable at layer 4 -- expanding.
0.608 Iteration 5.
0.608 New layer size: 80
0.608 Instantiating ...
0.616 Retroactively prune reduction (_splitting_method_DO-AT-LOAD-AIRPLANE0_splitted_2 OBJ21 Q_4,3_AIRPLANE:0_193eb53130b57b2d POS2)@(4,3): no children at offset 0
0.617 Retroactively prune reduction (M15-ACHIEVE-AT0 Q_4,4_AIRPLANE:0_193eb53130b57b2d OBJ21 APT2)@(4,4): no children at offset 0
0.903 Collected 510 relevant facts at this layer
0.903 Encoding ...
0.955 Attempting to solve formula with 61702 clauses (187150 literals) and 44 assumptions
0.955 Unsolvable at layer 5 -- expanding.
0.955 Iteration 6.
0.955 New layer size: 124
0.955 Instantiating ...
1.416 Collected 510 relevant facts at this layer
1.416 Encoding ...
1.508 Attempting to solve formula with 140230 clauses (445415 literals) and 55 assumptions
1.508 Unsolvable at layer 6 -- expanding.
1.508 Iteration 7.
1.508 New layer size: 179
1.508 Instantiating ...
2.150 Collected 510 relevant facts at this layer
2.150 Encoding ...
2.320 Attempting to solve formula with 248964 clauses (807802 literals) and 66 assumptions
2.393 Unsolvable at layer 7 -- expanding.
2.393 Iteration 8.
2.393 New layer size: 245
2.393 Instantiating ...
3.212 Collected 510 relevant facts at this layer
3.212 Encoding ...
3.406 Attempting to solve formula with 387208 clauses (1274906 literals) and 77 assumptions
3.511 Unsolvable at layer 8 -- expanding.
3.511 Iteration 9.
3.511 New layer size: 322
3.511 Instantiating ...
4.522 Collected 510 relevant facts at this layer
4.522 Encoding ...
4.778 Attempting to solve formula with 552030 clauses (1832044 literals) and 88 assumptions
4.847 Unsolvable at layer 9 -- expanding.
4.847 Iteration 10.
4.848 New layer size: 410
4.848 Instantiating ...
6.083 Collected 510 relevant facts at this layer
6.083 Encoding ...
6.521 Attempting to solve formula with 743373 clauses (2478476 literals) and 99 assumptions
7.220 Unsolvable at layer 10 -- expanding.
7.220 Iteration 11.
7.221 New layer size: 509
7.221 Instantiating ...
8.658 Collected 510 relevant facts at this layer
8.658 Encoding ...
9.058 Attempting to solve formula with 961315 clauses (3214065 literals) and 110 assumptions
10.650 Unsolvable at layer 11 -- expanding.
10.650 Iteration 12.
10.651 New layer size: 619
10.651 Instantiating ...
12.367 Collected 510 relevant facts at this layer
12.368 Encoding ...
12.913 Attempting to solve formula with 1206076 clauses (4039251 literals) and 121 assumptions
c last restart ## conflicts  :  122 17414 
30.333 Found a solution at layer 12.
==>
111225 i-LOCK-AT OBJ31 POS3
111227 i-LOCK-AT OBJ41 POS4
111231 i-LOCK-AT TRU2 POS2
111337 i-UNLOCK-AT TRU2 POS2
111339 LOAD-TRUCK OBJ21 TRU2 POS2
111343 i-LOCK-AT TRU2 POS2
111463 i-UNLOCK-AT TRU2 POS2
111467 UNLOAD-TRUCK OBJ21 TRU2 POS2
111472 i-LOCK-AT TRU2 POS2
111623 i-UNLOCK-AT TRU2 POS2
111631 LOAD-TRUCK OBJ21 TRU2 POS2
111637 i-LOCK-AT TRU2 POS2
111797 i-UNLOCK-AT TRU2 POS2
111805 UNLOAD-TRUCK OBJ21 TRU2 POS2
111809 i-LOCK-AT TRU2 POS2
111969 i-UNLOCK-AT TRU2 POS2
111974 LOAD-TRUCK OBJ21 TRU2 POS2
111984 DRIVE-TRUCK TRU2 POS2 APT2 CIT2
112243 i-LOCK-AT TRU2 APT2
112247 i-UNLOCK-AT TRU2 APT2
112258 UNLOAD-TRUCK OBJ21 TRU2 APT2
113202 i-LOCK-AT OBJ21 APT2
113207 i-LOCK-AT TRU3 POS3
113352 i-UNLOCK-AT TRU3 POS3
113360 LOAD-TRUCK OBJ33 TRU3 POS3
113367 DRIVE-TRUCK TRU3 POS3 POS3 CIT3
113378 DRIVE-TRUCK TRU3 POS3 POS3 CIT3
113384 DRIVE-TRUCK TRU3 POS3 APT3 CIT3
113529 i-LOCK-AT TRU3 APT3
113541 i-UNLOCK-AT TRU3 APT3
113547 UNLOAD-TRUCK OBJ33 TRU3 APT3
113561 FLY-AIRPLANE APN2 APT2 APT2
113568 FLY-AIRPLANE APN2 APT2 APT2
113570 FLY-AIRPLANE APN2 APT2 APT2
113577 FLY-AIRPLANE APN2 APT2 APT3
113714 i-LOCK-AT APN2 APT3
113720 i-UNLOCK-AT APN2 APT3
113726 LOAD-AIRPLANE OBJ33 APN2 APT3
113742 FLY-AIRPLANE APN2 APT3 APT2
113886 i-LOCK-AT APN2 APT2
113897 i-UNLOCK-AT APN2 APT2
113903 UNLOAD-AIRPLANE OBJ33 APN2 APT2
113908 FLY-AIRPLANE APN1 APT4 APT2
114060 i-LOCK-AT APN1 APT2
114063 i-UNLOCK-AT APN1 APT2
114076 LOAD-AIRPLANE OBJ33 APN1 APT2
114078 FLY-AIRPLANE APN1 APT2 APT4
114340 i-LOCK-AT APN1 APT4
114349 i-UNLOCK-AT APN1 APT4
114360 UNLOAD-AIRPLANE OBJ33 APN1 APT4
115313 i-LOCK-AT OBJ33 APT4
115323 DRIVE-TRUCK TRU2 APT2 APT2 CIT2
115326 DRIVE-TRUCK TRU2 APT2 POS2 CIT2
115459 i-LOCK-AT TRU2 POS2
115464 i-UNLOCK-AT TRU2 POS2
115469 LOAD-TRUCK OBJ22 TRU2 POS2
115474 DRIVE-TRUCK TRU2 POS2 APT2 CIT2
115639 i-LOCK-AT TRU2 APT2
115650 i-UNLOCK-AT TRU2 APT2
115655 UNLOAD-TRUCK OBJ22 TRU2 APT2
115661 i-LOCK-AT APN2 APT2
115834 i-UNLOCK-AT APN2 APT2
115838 LOAD-AIRPLANE OBJ22 APN2 APT2
115848 FLY-AIRPLANE APN2 APT2 APT1
116000 i-LOCK-AT APN2 APT1
116004 i-UNLOCK-AT APN2 APT1
116014 UNLOAD-AIRPLANE OBJ22 APN2 APT1
116024 DRIVE-TRUCK TRU1 POS1 APT1 CIT1
116169 i-LOCK-AT TRU1 APT1
116176 i-UNLOCK-AT TRU1 APT1
116184 LOAD-TRUCK OBJ22 TRU1 APT1
116198 DRIVE-TRUCK TRU1 APT1 POS1 CIT1
116452 i-LOCK-AT TRU1 POS1
116460 i-UNLOCK-AT TRU1 POS1
116471 UNLOAD-TRUCK OBJ22 TRU1 POS1
117423 i-LOCK-AT OBJ22 POS1
117434 i-LOCK-AT TRU4 POS4
117578 i-UNLOCK-AT TRU4 POS4
117581 LOAD-TRUCK OBJ42 TRU4 POS4
117591 DRIVE-TRUCK TRU4 POS4 POS4 CIT4
117600 DRIVE-TRUCK TRU4 POS4 POS4 CIT4
117605 DRIVE-TRUCK TRU4 POS4 APT4 CIT4
117750 i-LOCK-AT TRU4 APT4
117758 i-UNLOCK-AT TRU4 APT4
117766 UNLOAD-TRUCK OBJ42 TRU4 APT4
117781 FLY-AIRPLANE APN2 APT1 APT4
117933 i-LOCK-AT APN2 APT4
117939 i-UNLOCK-AT APN2 APT4
117950 LOAD-AIRPLANE OBJ42 APN2 APT4
117954 FLY-AIRPLANE APN2 APT4 APT5
117968 FLY-AIRPLANE APN2 APT5 APT2
117977 FLY-AIRPLANE APN2 APT2 APT3
118108 i-LOCK-AT APN2 APT3
118114 i-UNLOCK-AT APN2 APT3
118124 UNLOAD-AIRPLANE OBJ42 APN2 APT3
118139 i-LOCK-AT TRU3 APT3
118286 i-UNLOCK-AT TRU3 APT3
118295 LOAD-TRUCK OBJ42 TRU3 APT3
118305 DRIVE-TRUCK TRU3 APT3 POS3 CIT3
118563 i-LOCK-AT TRU3 POS3
118569 i-UNLOCK-AT TRU3 POS3
118580 UNLOAD-TRUCK OBJ42 TRU3 POS3
119534 i-LOCK-AT OBJ42 POS3
119538 i-LOCK-AT TRU5 POS5
119688 i-UNLOCK-AT TRU5 POS5
119693 LOAD-TRUCK OBJ52 TRU5 POS5
119700 DRIVE-TRUCK TRU5 POS5 APT5 CIT5
119861 i-LOCK-AT TRU5 APT5
119867 i-UNLOCK-AT TRU5 APT5
119878 UNLOAD-TRUCK OBJ52 TRU5 APT5
119886 i-LOCK-AT TRU5 APT5
120049 i-UNLOCK-AT TRU5 APT5
120063 LOAD-TRUCK OBJ52 TRU5 APT5
120074 i-LOCK-AT TRU5 APT5
120229 i-UNLOCK-AT TRU5 APT5
120237 UNLOAD-TRUCK OBJ52 TRU5 APT5
120252 FLY-AIRPLANE APN1 APT4 APT2
120259 FLY-AIRPLANE APN1 APT2 APT5
120393 i-LOCK-AT APN1 APT5
120395 i-UNLOCK-AT APN1 APT5
120406 LOAD-AIRPLANE OBJ52 APN1 APT5
120415 FLY-AIRPLANE APN1 APT5 APT4
120677 i-LOCK-AT APN1 APT4
120680 i-UNLOCK-AT APN1 APT4
120689 UNLOAD-AIRPLANE OBJ52 APN1 APT4
121645 i-LOCK-AT OBJ52 APT4
121649 i-LOCK-AT TRU1 POS1
121796 i-UNLOCK-AT TRU1 POS1
121802 LOAD-TRUCK OBJ13 TRU1 POS1
121816 DRIVE-TRUCK TRU1 POS1 POS1 CIT1
121824 DRIVE-TRUCK TRU1 POS1 APT1 CIT1
121975 i-LOCK-AT TRU1 APT1
121978 i-UNLOCK-AT TRU1 APT1
121991 UNLOAD-TRUCK OBJ13 TRU1 APT1
121999 FLY-AIRPLANE APN1 APT4 APT2
122012 FLY-AIRPLANE APN1 APT2 APT4
122018 FLY-AIRPLANE APN1 APT4 APT1
122158 i-LOCK-AT APN1 APT1
122160 i-UNLOCK-AT APN1 APT1
122174 LOAD-AIRPLANE OBJ13 APN1 APT1
122180 FLY-AIRPLANE APN1 APT1 APT2
122190 FLY-AIRPLANE APN1 APT2 APT2
122196 FLY-AIRPLANE APN1 APT2 APT5
122332 i-LOCK-AT APN1 APT5
122336 i-UNLOCK-AT APN1 APT5
122346 UNLOAD-AIRPLANE OBJ13 APN1 APT5
122360 i-LOCK-AT TRU5 APT5
122509 i-UNLOCK-AT TRU5 APT5
122517 LOAD-TRUCK OBJ13 TRU5 APT5
122523 DRIVE-TRUCK TRU5 APT5 POS5 CIT5
122787 i-LOCK-AT TRU5 POS5
122792 i-UNLOCK-AT TRU5 POS5
122800 UNLOAD-TRUCK OBJ13 TRU5 POS5
123756 i-LOCK-AT OBJ13 POS5
123763 DRIVE-TRUCK TRU2 APT2 POS2 CIT2
123903 i-LOCK-AT TRU2 POS2
123907 i-UNLOCK-AT TRU2 POS2
123915 LOAD-TRUCK OBJ23 TRU2 POS2
123927 DRIVE-TRUCK TRU2 POS2 APT2 CIT2
124083 i-LOCK-AT TRU2 APT2
124089 i-UNLOCK-AT TRU2 APT2
124101 UNLOAD-TRUCK OBJ23 TRU2 APT2
124110 FLY-AIRPLANE APN2 APT3 APT4
124120 FLY-AIRPLANE APN2 APT4 APT5
124125 FLY-AIRPLANE APN2 APT5 APT3
124133 FLY-AIRPLANE APN2 APT3 APT2
124266 i-LOCK-AT APN2 APT2
124277 i-UNLOCK-AT APN2 APT2
124285 LOAD-AIRPLANE OBJ23 APN2 APT2
124287 FLY-AIRPLANE APN2 APT2 APT1
124301 FLY-AIRPLANE APN2 APT1 APT5
124308 FLY-AIRPLANE APN2 APT5 APT3
124445 i-LOCK-AT APN2 APT3
124451 i-UNLOCK-AT APN2 APT3
124459 UNLOAD-AIRPLANE OBJ23 APN2 APT3
124473 i-LOCK-AT APN2 APT3
124623 i-UNLOCK-AT APN2 APT3
124628 LOAD-AIRPLANE OBJ23 APN2 APT3
124638 FLY-AIRPLANE APN2 APT3 APT1
124899 i-LOCK-AT APN2 APT1
124903 i-UNLOCK-AT APN2 APT1
124914 UNLOAD-AIRPLANE OBJ23 APN2 APT1
125868 i-LOCK-AT OBJ23 APT1
125875 i-LOCK-AT OBJ11 POS1
127984 i-LOCK-AT TRU5 POS5
128131 i-UNLOCK-AT TRU5 POS5
128136 LOAD-TRUCK OBJ51 TRU5 POS5
128150 DRIVE-TRUCK TRU5 POS5 APT5 CIT5
128307 i-LOCK-AT TRU5 APT5
128314 i-UNLOCK-AT TRU5 APT5
128325 UNLOAD-TRUCK OBJ51 TRU5 APT5
128331 i-LOCK-AT APN1 APT5
128501 i-UNLOCK-AT APN1 APT5
128503 LOAD-AIRPLANE OBJ51 APN1 APT5
128519 FLY-AIRPLANE APN1 APT5 APT4
128665 i-LOCK-AT APN1 APT4
128677 i-UNLOCK-AT APN1 APT4
128683 UNLOAD-AIRPLANE OBJ51 APN1 APT4
128690 i-LOCK-AT TRU4 APT4
128846 i-UNLOCK-AT TRU4 APT4
128850 LOAD-TRUCK OBJ51 TRU4 APT4
128858 DRIVE-TRUCK TRU4 APT4 POS4 CIT4
129117 i-LOCK-AT TRU4 POS4
129124 i-UNLOCK-AT TRU4 POS4
129137 UNLOAD-TRUCK OBJ51 TRU4 POS4
130090 i-LOCK-AT OBJ51 POS4
130094 DRIVE-TRUCK TRU5 APT5 APT5 CIT5
130104 DRIVE-TRUCK TRU5 APT5 APT5 CIT5
130107 DRIVE-TRUCK TRU5 APT5 APT5 CIT5
130112 DRIVE-TRUCK TRU5 APT5 APT5 CIT5
130114 DRIVE-TRUCK TRU5 APT5 POS5 CIT5
130237 i-LOCK-AT TRU5 POS5
130241 i-UNLOCK-AT TRU5 POS5
130246 LOAD-TRUCK OBJ53 TRU5 POS5
130251 DRIVE-TRUCK TRU5 POS5 POS5 CIT5
130266 DRIVE-TRUCK TRU5 POS5 POS5 CIT5
130271 DRIVE-TRUCK TRU5 POS5 POS5 CIT5
130279 DRIVE-TRUCK TRU5 POS5 POS5 CIT5
130285 DRIVE-TRUCK TRU5 POS5 APT5 CIT5
130419 i-LOCK-AT TRU5 APT5
130428 i-UNLOCK-AT TRU5 APT5
130433 UNLOAD-TRUCK OBJ53 TRU5 APT5
130450 FLY-AIRPLANE APN2 APT1 APT1
130455 FLY-AIRPLANE APN2 APT1 APT4
130460 FLY-AIRPLANE APN2 APT4 APT4
130467 FLY-AIRPLANE APN2 APT4 APT5
130602 i-LOCK-AT APN2 APT5
130607 i-UNLOCK-AT APN2 APT5
130614 LOAD-AIRPLANE OBJ53 APN2 APT5
130632 FLY-AIRPLANE APN2 APT5 APT4
130637 FLY-AIRPLANE APN2 APT4 APT1
130776 i-LOCK-AT APN2 APT1
130781 i-UNLOCK-AT APN2 APT1
130794 UNLOAD-AIRPLANE OBJ53 APN2 APT1
130801 FLY-AIRPLANE APN1 APT4 APT1
130944 i-LOCK-AT APN1 APT1
130954 i-UNLOCK-AT APN1 APT1
130964 LOAD-AIRPLANE OBJ53 APN1 APT1
130974 FLY-AIRPLANE APN1 APT1 APT2
131230 i-LOCK-AT APN1 APT2
131241 i-UNLOCK-AT APN1 APT2
131247 UNLOAD-AIRPLANE OBJ53 APN1 APT2
132200 i-LOCK-AT OBJ53 APT2
132211 DRIVE-TRUCK TRU1 APT1 APT1 CIT1
132215 DRIVE-TRUCK TRU1 APT1 POS1 CIT1
132348 i-LOCK-AT TRU1 POS1
132353 i-UNLOCK-AT TRU1 POS1
132357 LOAD-TRUCK OBJ12 TRU1 POS1
132367 DRIVE-TRUCK TRU1 POS1 POS1 CIT1
132379 DRIVE-TRUCK TRU1 POS1 POS1 CIT1
132384 DRIVE-TRUCK TRU1 POS1 POS1 CIT1
132391 DRIVE-TRUCK TRU1 POS1 POS1 CIT1
132397 DRIVE-TRUCK TRU1 POS1 APT1 CIT1
132531 i-LOCK-AT TRU1 APT1
132539 i-UNLOCK-AT TRU1 APT1
132547 UNLOAD-TRUCK OBJ12 TRU1 APT1
132557 i-LOCK-AT APN2 APT1
132718 i-UNLOCK-AT APN2 APT1
132729 LOAD-AIRPLANE OBJ12 APN2 APT1
132732 FLY-AIRPLANE APN2 APT1 APT2
132887 i-LOCK-AT APN2 APT2
132892 i-UNLOCK-AT APN2 APT2
132903 UNLOAD-AIRPLANE OBJ12 APN2 APT2
132908 i-LOCK-AT TRU2 APT2
133061 i-UNLOCK-AT TRU2 APT2
133074 LOAD-TRUCK OBJ12 TRU2 APT2
133082 DRIVE-TRUCK TRU2 APT2 POS2 CIT2
133340 i-LOCK-AT TRU2 POS2
133349 i-UNLOCK-AT TRU2 POS2
133358 UNLOAD-TRUCK OBJ12 TRU2 POS2
134311 i-LOCK-AT OBJ12 POS2
root 111224 111226 42 47 83 119 155 191 227 125874 299 335 371
42 ACHIEVE-AT OBJ21 APT2 -> M10-ACHIEVE-AT 534 113202
47 ACHIEVE-AT OBJ33 APT4 -> M10-ACHIEVE-AT 665 115313
83 ACHIEVE-AT OBJ22 POS1 -> M10-ACHIEVE-AT 809 117423
119 ACHIEVE-AT OBJ42 POS3 -> M10-ACHIEVE-AT 951 119534
155 ACHIEVE-AT OBJ52 APT4 -> M10-ACHIEVE-AT 1095 121645
191 ACHIEVE-AT OBJ13 POS5 -> M10-ACHIEVE-AT 1239 123756
227 ACHIEVE-AT OBJ23 APT1 -> M10-ACHIEVE-AT 1380 125868
299 ACHIEVE-AT OBJ51 POS4 -> M10-ACHIEVE-AT 1668 130090
335 ACHIEVE-AT OBJ53 APT2 -> M10-ACHIEVE-AT 1811 132200
371 ACHIEVE-AT OBJ12 POS2 -> M10-ACHIEVE-AT 1954 134311
534 ACHIEVE-AT0 OBJ21 APT2 -> M12-ACHIEVE-AT0 2934 2187
665 ACHIEVE-AT0 OBJ33 APT4 -> M12-ACHIEVE-AT0 3015 2233
809 ACHIEVE-AT0 OBJ22 POS1 -> M12-ACHIEVE-AT0 3100 2304
951 ACHIEVE-AT0 OBJ42 POS3 -> M12-ACHIEVE-AT0 3187 2374
1095 ACHIEVE-AT0 OBJ52 APT4 -> M12-ACHIEVE-AT0 3273 2447
1239 ACHIEVE-AT0 OBJ13 POS5 -> M12-ACHIEVE-AT0 3358 2514
1380 ACHIEVE-AT0 OBJ23 APT1 -> M12-ACHIEVE-AT0 3444 2583
1668 ACHIEVE-AT0 OBJ51 POS4 -> M12-ACHIEVE-AT0 3617 2726
1811 ACHIEVE-AT0 OBJ53 APT2 -> M12-ACHIEVE-AT0 3702 2794
1954 ACHIEVE-AT0 OBJ12 POS2 -> M12-ACHIEVE-AT0 3789 2865
2187 ACHIEVE-AT0 OBJ21 APT2 -> M14-ACHIEVE-AT0 4238 2957
2233 ACHIEVE-AT0 OBJ33 APT4 -> M14-ACHIEVE-AT0 5318 3046
2304 ACHIEVE-AT0 OBJ22 POS1 -> M14-ACHIEVE-AT0 6468 3130
2374 ACHIEVE-AT0 OBJ42 POS3 -> M14-ACHIEVE-AT0 7616 3216
2447 ACHIEVE-AT0 OBJ52 APT4 -> M14-ACHIEVE-AT0 8765 3303
2514 ACHIEVE-AT0 OBJ13 POS5 -> M14-ACHIEVE-AT0 9912 3388
2583 ACHIEVE-AT0 OBJ23 APT1 -> M14-ACHIEVE-AT0 11059 3472
2726 ACHIEVE-AT0 OBJ51 POS4 -> M14-ACHIEVE-AT0 13357 3648
2794 ACHIEVE-AT0 OBJ53 APT2 -> M14-ACHIEVE-AT0 14503 3733
2865 ACHIEVE-AT0 OBJ12 POS2 -> M14-ACHIEVE-AT0 15652 3818
2934 DO-AT-LOAD-TRUCK0 OBJ21 TRU2 POS2 -> M4-DO-AT-LOAD-TRUCK0 111230 111336 111339
2957 ACHIEVE-AT0 OBJ21 APT2 -> M12-ACHIEVE-AT0 16715 4417
3015 DO-AT-LOAD-TRUCK0 OBJ33 TRU3 POS3 -> M4-DO-AT-LOAD-TRUCK0 113206 113351 113360
3046 ACHIEVE-AT0 OBJ33 APT4 -> M13-ACHIEVE-AT0 17646 5542
3100 DO-AT-LOAD-TRUCK0 OBJ22 TRU2 POS2 -> M4-DO-AT-LOAD-TRUCK0 6104 115463 115469
3130 ACHIEVE-AT0 OBJ22 POS1 -> M13-ACHIEVE-AT0 18585 6691
3187 DO-AT-LOAD-TRUCK0 OBJ42 TRU4 POS4 -> M4-DO-AT-LOAD-TRUCK0 117433 117577 117581
3216 ACHIEVE-AT0 OBJ42 POS3 -> M13-ACHIEVE-AT0 19520 7841
3273 DO-AT-LOAD-TRUCK0 OBJ52 TRU5 POS5 -> M4-DO-AT-LOAD-TRUCK0 119537 119687 119693
3303 ACHIEVE-AT0 OBJ52 APT4 -> M12-ACHIEVE-AT0 20458 8986
3358 DO-AT-LOAD-TRUCK0 OBJ13 TRU1 POS1 -> M4-DO-AT-LOAD-TRUCK0 121648 121795 121802
3388 ACHIEVE-AT0 OBJ13 POS5 -> M13-ACHIEVE-AT0 21394 10135
3444 DO-AT-LOAD-TRUCK0 OBJ23 TRU2 POS2 -> M4-DO-AT-LOAD-TRUCK0 10697 123906 123915
3472 ACHIEVE-AT0 OBJ23 APT1 -> M13-ACHIEVE-AT0 22330 11284
3617 DO-AT-LOAD-TRUCK0 OBJ51 TRU5 POS5 -> M4-DO-AT-LOAD-TRUCK0 127983 128130 128136
3648 ACHIEVE-AT0 OBJ51 POS4 -> M13-ACHIEVE-AT0 24206 13580
3702 DO-AT-LOAD-TRUCK0 OBJ53 TRU5 POS5 -> M4-DO-AT-LOAD-TRUCK0 14140 130240 130246
3733 ACHIEVE-AT0 OBJ53 APT2 -> M13-ACHIEVE-AT0 25141 14727
3789 DO-AT-LOAD-TRUCK0 OBJ12 TRU1 POS1 -> M4-DO-AT-LOAD-TRUCK0 15289 132352 132357
3818 ACHIEVE-AT0 OBJ12 POS2 -> M13-ACHIEVE-AT0 26079 15876
4238 DO-IN-UNLOAD-TRUCK0 OBJ21 TRU2 POS2 -> M6-DO-IN-UNLOAD-TRUCK0 111342 111462 111467
4417 ACHIEVE-AT0 OBJ21 APT2 -> M14-ACHIEVE-AT0 26963 16749
5318 DO-IN-UNLOAD-TRUCK0 OBJ33 TRU3 APT3 -> M6-DO-IN-UNLOAD-TRUCK0 17264 113540 113547
5542 ACHIEVE-AT0 OBJ33 APT4 -> M15-ACHIEVE-AT0 28174 17683
6104 ACHIEVE-AT-TRK TRU2 POS2 -> M34-ACHIEVE-AT 17944 115459
6468 DO-IN-UNLOAD-TRUCK0 OBJ22 TRU2 APT2 -> M6-DO-IN-UNLOAD-TRUCK0 18198 115649 115655
6691 ACHIEVE-AT0 OBJ22 POS1 -> M15-ACHIEVE-AT0 29384 18622
7616 DO-IN-UNLOAD-TRUCK0 OBJ42 TRU4 APT4 -> M6-DO-IN-UNLOAD-TRUCK0 19138 117757 117766
7841 ACHIEVE-AT0 OBJ42 POS3 -> M15-ACHIEVE-AT0 30600 19559
8765 DO-IN-UNLOAD-TRUCK0 OBJ52 TRU5 APT5 -> M6-DO-IN-UNLOAD-TRUCK0 20074 119866 119878
8986 ACHIEVE-AT0 OBJ52 APT4 -> M14-ACHIEVE-AT0 31810 20493
9912 DO-IN-UNLOAD-TRUCK0 OBJ13 TRU1 APT1 -> M6-DO-IN-UNLOAD-TRUCK0 21010 121977 121991
10135 ACHIEVE-AT0 OBJ13 POS5 -> M15-ACHIEVE-AT0 33026 21433
10697 ACHIEVE-AT-TRK TRU2 POS2 -> M34-ACHIEVE-AT 21694 123903
11059 DO-IN-UNLOAD-TRUCK0 OBJ23 TRU2 APT2 -> M6-DO-IN-UNLOAD-TRUCK0 21947 124088 124101
11284 ACHIEVE-AT0 OBJ23 APT1 -> M15-ACHIEVE-AT0 34237 22366
13357 DO-IN-UNLOAD-TRUCK0 OBJ51 TRU5 APT5 -> M6-DO-IN-UNLOAD-TRUCK0 23823 128313 128325
13580 ACHIEVE-AT0 OBJ51 POS4 -> M15-ACHIEVE-AT0 36662 24243
14140 ACHIEVE-AT-TRK TRU5 POS5 -> M34-ACHIEVE-AT 24504 130237
14503 DO-IN-UNLOAD-TRUCK0 OBJ53 TRU5 APT5 -> M6-DO-IN-UNLOAD-TRUCK0 24757 130427 130433
14727 ACHIEVE-AT0 OBJ53 APT2 -> M15-ACHIEVE-AT0 37875 25179
15289 ACHIEVE-AT-TRK TRU1 POS1 -> M34-ACHIEVE-AT 25440 132348
15652 DO-IN-UNLOAD-TRUCK0 OBJ12 TRU1 APT1 -> M6-DO-IN-UNLOAD-TRUCK0 25695 132538 132547
15876 ACHIEVE-AT0 OBJ12 POS2 -> M15-ACHIEVE-AT0 39089 26116
16715 DO-AT-LOAD-TRUCK0 OBJ21 TRU2 POS2 -> M4-DO-AT-LOAD-TRUCK0 111471 111622 111631
16749 ACHIEVE-AT0 OBJ21 APT2 -> M12-ACHIEVE-AT0 40274 26995
17264 ACHIEVE-AT-TRK TRU3 APT3 -> M34-ACHIEVE-AT 27525 113529
17646 DO-AT-LOAD-AIRPLANE0 OBJ33 APN2 APT3 -> M5-DO-AT-LOAD-AIRPLANE0 27790 113719 113726
17683 ACHIEVE-AT0 OBJ33 APT4 -> M13-ACHIEVE-AT0 41649 28211
17944 ACHIEVE-AT1 TRU2 POS2 -> M36-ACHIEVE-AT1 115323 28481
18198 ACHIEVE-AT-TRK TRU2 APT2 -> M34-ACHIEVE-AT 28739 115639
18585 DO-AT-LOAD-AIRPLANE0 OBJ22 APN2 APT2 -> M5-DO-AT-LOAD-AIRPLANE0 115660 115833 115838
18622 ACHIEVE-AT0 OBJ22 POS1 -> M12-ACHIEVE-AT0 43030 29420
19138 ACHIEVE-AT-TRK TRU4 APT4 -> M34-ACHIEVE-AT 29950 117750
19520 DO-AT-LOAD-AIRPLANE0 OBJ42 APN2 APT4 -> M5-DO-AT-LOAD-AIRPLANE0 30215 117938 117950
19559 ACHIEVE-AT0 OBJ42 POS3 -> M12-ACHIEVE-AT0 44407 30634
20074 ACHIEVE-AT-TRK TRU5 APT5 -> M34-ACHIEVE-AT 31163 119861
20458 DO-AT-LOAD-TRUCK0 OBJ52 TRU5 APT5 -> M4-DO-AT-LOAD-TRUCK0 119885 120048 120063
20493 ACHIEVE-AT0 OBJ52 APT4 -> M13-ACHIEVE-AT0 45786 31846
21010 ACHIEVE-AT-TRK TRU1 APT1 -> M34-ACHIEVE-AT 32377 121975
21394 DO-AT-LOAD-AIRPLANE0 OBJ13 APN1 APT1 -> M5-DO-AT-LOAD-AIRPLANE0 32641 122159 122174
21433 ACHIEVE-AT0 OBJ13 POS5 -> M12-ACHIEVE-AT0 47165 33059
21694 ACHIEVE-AT1 TRU2 POS2 -> M36-ACHIEVE-AT1 123763 33332
21947 ACHIEVE-AT-TRK TRU2 APT2 -> M34-ACHIEVE-AT 33586 124083
22330 DO-AT-LOAD-AIRPLANE0 OBJ23 APN2 APT2 -> M5-DO-AT-LOAD-AIRPLANE0 33854 124276 124285
22366 ACHIEVE-AT0 OBJ23 APT1 -> M13-ACHIEVE-AT0 48544 34276
23823 ACHIEVE-AT-TRK TRU5 APT5 -> M34-ACHIEVE-AT 36011 128307
24206 DO-AT-LOAD-AIRPLANE0 OBJ51 APN1 APT5 -> M5-DO-AT-LOAD-AIRPLANE0 128330 128500 128503
24243 ACHIEVE-AT0 OBJ51 POS4 -> M12-ACHIEVE-AT0 51302 36699
24504 ACHIEVE-AT1 TRU5 POS5 -> M36-ACHIEVE-AT1 130094 36973
24757 ACHIEVE-AT-TRK TRU5 APT5 -> M34-ACHIEVE-AT 37226 130419
25141 DO-AT-LOAD-AIRPLANE0 OBJ53 APN2 APT5 -> M5-DO-AT-LOAD-AIRPLANE0 37494 130606 130614
25179 ACHIEVE-AT0 OBJ53 APT2 -> M13-ACHIEVE-AT0 52681 37911
25440 ACHIEVE-AT1 TRU1 POS1 -> M36-ACHIEVE-AT1 132211 38187
25695 ACHIEVE-AT-TRK TRU1 APT1 -> M34-ACHIEVE-AT 38440 132531
26079 DO-AT-LOAD-AIRPLANE0 OBJ12 APN2 APT1 -> M5-DO-AT-LOAD-AIRPLANE0 132556 132717 132729
26116 ACHIEVE-AT0 OBJ12 POS2 -> M12-ACHIEVE-AT0 54062 39127
26963 DO-IN-UNLOAD-TRUCK0 OBJ21 TRU2 POS2 -> M6-DO-IN-UNLOAD-TRUCK0 111636 111796 111805
26995 ACHIEVE-AT0 OBJ21 APT2 -> M14-ACHIEVE-AT0 55479 40311
27525 ACHIEVE-AT1 TRU3 APT3 -> M36-ACHIEVE-AT1 113367 40730
27790 ACHIEVE-AT-AIR APN2 APT3 -> M39-ACHIEVE-AT 41004 113714
28174 DO-IN-UNLOAD-AIRPLANE0 OBJ33 APN2 APT2 -> M7-DO-IN-UNLOAD-AIRPLANE0 41265 113896 113903
28211 ACHIEVE-AT0 OBJ33 APT4 -> M15-ACHIEVE-AT0 57033 41686
28481 ACHIEVE-AT1 TRU2 POS2 -> M36-ACHIEVE-AT1 115326 41964
28739 ACHIEVE-AT1 TRU2 APT2 -> M36-ACHIEVE-AT1 115474 42104
29384 DO-IN-UNLOAD-AIRPLANE0 OBJ22 APN2 APT1 -> M7-DO-IN-UNLOAD-AIRPLANE0 42644 116003 116014
29420 ACHIEVE-AT0 OBJ22 POS1 -> M14-ACHIEVE-AT0 58584 43066
29950 ACHIEVE-AT1 TRU4 APT4 -> M36-ACHIEVE-AT1 117591 43487
30215 ACHIEVE-AT-AIR APN2 APT4 -> M39-ACHIEVE-AT 43759 117933
30600 DO-IN-UNLOAD-AIRPLANE0 OBJ42 APN2 APT3 -> M7-DO-IN-UNLOAD-AIRPLANE0 44024 118113 118124
30634 ACHIEVE-AT0 OBJ42 POS3 -> M14-ACHIEVE-AT0 60136 44444
31163 ACHIEVE-AT1 TRU5 APT5 -> M36-ACHIEVE-AT1 119700 44866
31810 DO-IN-UNLOAD-TRUCK0 OBJ52 TRU5 APT5 -> M6-DO-IN-UNLOAD-TRUCK0 120073 120228 120237
31846 ACHIEVE-AT0 OBJ52 APT4 -> M15-ACHIEVE-AT0 61689 45824
32377 ACHIEVE-AT1 TRU1 APT1 -> M36-ACHIEVE-AT1 121816 46242
32641 ACHIEVE-AT-AIR APN1 APT1 -> M39-ACHIEVE-AT 46518 122158
33026 DO-IN-UNLOAD-AIRPLANE0 OBJ13 APN1 APT5 -> M7-DO-IN-UNLOAD-AIRPLANE0 46783 122335 122346
33059 ACHIEVE-AT0 OBJ13 POS5 -> M14-ACHIEVE-AT0 63243 47204
33332 ACHIEVE-AT1 TRU2 POS2 -> M35-ACHIEVE-AT1
33586 ACHIEVE-AT1 TRU2 APT2 -> M36-ACHIEVE-AT1 123927 47620
33854 ACHIEVE-AT-AIR APN2 APT2 -> M39-ACHIEVE-AT 47896 124266
34237 DO-IN-UNLOAD-AIRPLANE0 OBJ23 APN2 APT3 -> M7-DO-IN-UNLOAD-AIRPLANE0 48161 124450 124459
34276 ACHIEVE-AT0 OBJ23 APT1 -> M15-ACHIEVE-AT0 64797 48584
36011 ACHIEVE-AT1 TRU5 APT5 -> M36-ACHIEVE-AT1 128150 50378
36662 DO-IN-UNLOAD-AIRPLANE0 OBJ51 APN1 APT4 -> M7-DO-IN-UNLOAD-AIRPLANE0 50919 128676 128683
36699 ACHIEVE-AT0 OBJ51 POS4 -> M14-ACHIEVE-AT0 67904 51339
36973 ACHIEVE-AT1 TRU5 POS5 -> M36-ACHIEVE-AT1 130104 51616
37226 ACHIEVE-AT1 TRU5 APT5 -> M36-ACHIEVE-AT1 130251 51762
37494 ACHIEVE-AT-AIR APN2 APT5 -> M39-ACHIEVE-AT 52035 130602
37875 DO-IN-UNLOAD-AIRPLANE0 OBJ53 APN2 APT1 -> M7-DO-IN-UNLOAD-AIRPLANE0 52297 130780 130794
37911 ACHIEVE-AT0 OBJ53 APT2 -> M15-ACHIEVE-AT0 69457 52719
38187 ACHIEVE-AT1 TRU1 POS1 -> M36-ACHIEVE-AT1 132215 52994
38440 ACHIEVE-AT1 TRU1 APT1 -> M36-ACHIEVE-AT1 132367 53136
39089 DO-IN-UNLOAD-AIRPLANE0 OBJ12 APN2 APT2 -> M7-DO-IN-UNLOAD-AIRPLANE0 53678 132891 132903
39127 ACHIEVE-AT0 OBJ12 POS2 -> M14-ACHIEVE-AT0 71007 54098
40274 DO-AT-LOAD-TRUCK0 OBJ21 TRU2 POS2 -> M4-DO-AT-LOAD-TRUCK0 111808 111968 111974
40311 ACHIEVE-AT0 OBJ21 APT2 -> M11-ACHIEVE-AT0
40730 ACHIEVE-AT1 TRU3 APT3 -> M36-ACHIEVE-AT1 113378 55949
41004 ACHIEVE-AT2 APN2 APT3 -> M41-ACHIEVE-AT2 113561 56111
41265 ACHIEVE-AT-AIR APN2 APT2 -> M39-ACHIEVE-AT 56380 113886
41649 DO-AT-LOAD-AIRPLANE0 OBJ33 APN1 APT2 -> M5-DO-AT-LOAD-AIRPLANE0 56647 114062 114076
41686 ACHIEVE-AT0 OBJ33 APT4 -> M11-ACHIEVE-AT0
41964 ACHIEVE-AT1 TRU2 POS2 -> M35-ACHIEVE-AT1
42104 ACHIEVE-AT1 TRU2 APT2 -> M35-ACHIEVE-AT1
42644 ACHIEVE-AT-AIR APN2 APT1 -> M39-ACHIEVE-AT 57931 116000
43030 DO-AT-LOAD-TRUCK0 OBJ22 TRU1 APT1 -> M4-DO-AT-LOAD-TRUCK0 58202 116175 116184
43066 ACHIEVE-AT0 OBJ22 POS1 -> M11-ACHIEVE-AT0
43487 ACHIEVE-AT1 TRU4 APT4 -> M36-ACHIEVE-AT1 117600 59052
43759 ACHIEVE-AT2 APN2 APT4 -> M41-ACHIEVE-AT2 117781 59216
44024 ACHIEVE-AT-AIR APN2 APT3 -> M39-ACHIEVE-AT 59488 118108
44407 DO-AT-LOAD-TRUCK0 OBJ42 TRU3 APT3 -> M4-DO-AT-LOAD-TRUCK0 118138 118285 118295
44444 ACHIEVE-AT0 OBJ42 POS3 -> M11-ACHIEVE-AT0
44866 ACHIEVE-AT1 TRU5 APT5 -> M35-ACHIEVE-AT1
45786 DO-AT-LOAD-AIRPLANE0 OBJ52 APN1 APT5 -> M5-DO-AT-LOAD-AIRPLANE0 61307 120394 120406
45824 ACHIEVE-AT0 OBJ52 APT4 -> M11-ACHIEVE-AT0
46242 ACHIEVE-AT1 TRU1 APT1 -> M36-ACHIEVE-AT1 121824 62157
46518 ACHIEVE-AT2 APN1 APT1 -> M41-ACHIEVE-AT2 121999 62322
46783 ACHIEVE-AT-AIR APN1 APT5 -> M39-ACHIEVE-AT 62591 122332
47165 DO-AT-LOAD-TRUCK0 OBJ13 TRU5 APT5 -> M4-DO-AT-LOAD-TRUCK0 122359 122508 122517
47204 ACHIEVE-AT0 OBJ13 POS5 -> M11-ACHIEVE-AT0
47620 ACHIEVE-AT1 TRU2 APT2 -> M35-ACHIEVE-AT1
47896 ACHIEVE-AT2 APN2 APT2 -> M41-ACHIEVE-AT2 124110 63878
48161 ACHIEVE-AT-AIR APN2 APT3 -> M39-ACHIEVE-AT 64143 124445
48544 DO-AT-LOAD-AIRPLANE0 OBJ23 APN2 APT3 -> M5-DO-AT-LOAD-AIRPLANE0 124472 124622 124628
48584 ACHIEVE-AT0 OBJ23 APT1 -> M11-ACHIEVE-AT0
50378 ACHIEVE-AT1 TRU5 APT5 -> M35-ACHIEVE-AT1
50919 ACHIEVE-AT-AIR APN1 APT4 -> M39-ACHIEVE-AT 67250 128665
51302 DO-AT-LOAD-TRUCK0 OBJ51 TRU4 APT4 -> M4-DO-AT-LOAD-TRUCK0 128689 128845 128850
51339 ACHIEVE-AT0 OBJ51 POS4 -> M11-ACHIEVE-AT0
51616 ACHIEVE-AT1 TRU5 POS5 -> M36-ACHIEVE-AT1 130107 68219
51762 ACHIEVE-AT1 TRU5 APT5 -> M36-ACHIEVE-AT1 130266 68366
52035 ACHIEVE-AT2 APN2 APT5 -> M41-ACHIEVE-AT2 130450 68536
52297 ACHIEVE-AT-AIR APN2 APT1 -> M39-ACHIEVE-AT 68804 130776
52681 DO-AT-LOAD-AIRPLANE0 OBJ53 APN1 APT1 -> M5-DO-AT-LOAD-AIRPLANE0 69072 130953 130964
52719 ACHIEVE-AT0 OBJ53 APT2 -> M11-ACHIEVE-AT0
52994 ACHIEVE-AT1 TRU1 POS1 -> M35-ACHIEVE-AT1
53136 ACHIEVE-AT1 TRU1 APT1 -> M36-ACHIEVE-AT1 132379 69926
53678 ACHIEVE-AT-AIR APN2 APT2 -> M39-ACHIEVE-AT 70360 132887
54062 DO-AT-LOAD-TRUCK0 OBJ12 TRU2 APT2 -> M4-DO-AT-LOAD-TRUCK0 132907 133060 133074
54098 ACHIEVE-AT0 OBJ12 POS2 -> M11-ACHIEVE-AT0
55479 DO-IN-UNLOAD-TRUCK0 OBJ21 TRU2 APT2 -> M6-DO-IN-UNLOAD-TRUCK0 72246 112246 112258
55949 ACHIEVE-AT1 TRU3 APT3 -> M36-ACHIEVE-AT1 113384 73098
56111 ACHIEVE-AT2 APN2 APT3 -> M41-ACHIEVE-AT2 113568 73267
56380 ACHIEVE-AT2 APN2 APT2 -> M41-ACHIEVE-AT2 113742 73428
56647 ACHIEVE-AT-AIR APN1 APT2 -> M39-ACHIEVE-AT 73705 114060
57033 DO-IN-UNLOAD-AIRPLANE0 OBJ33 APN1 APT4 -> M7-DO-IN-UNLOAD-AIRPLANE0 73967 114348 114360
57931 ACHIEVE-AT2 APN2 APT1 -> M41-ACHIEVE-AT2 115848 75162
58202 ACHIEVE-AT-TRK TRU1 APT1 -> M34-ACHIEVE-AT 75438 116169
58584 DO-IN-UNLOAD-TRUCK0 OBJ22 TRU1 POS1 -> M6-DO-IN-UNLOAD-TRUCK0 75702 116459 116471
59052 ACHIEVE-AT1 TRU4 APT4 -> M36-ACHIEVE-AT1 117605 76566
59216 ACHIEVE-AT2 APN2 APT4 -> M40-ACHIEVE-AT2
59488 ACHIEVE-AT2 APN2 APT3 -> M41-ACHIEVE-AT2 117954 76900
60136 DO-IN-UNLOAD-TRUCK0 OBJ42 TRU3 POS3 -> M6-DO-IN-UNLOAD-TRUCK0 77434 118568 118580
61307 ACHIEVE-AT-AIR APN1 APT5 -> M39-ACHIEVE-AT 78903 120393
61689 DO-IN-UNLOAD-AIRPLANE0 OBJ52 APN1 APT4 -> M7-DO-IN-UNLOAD-AIRPLANE0 79167 120679 120689
62157 ACHIEVE-AT1 TRU1 APT1 -> M35-ACHIEVE-AT1
62322 ACHIEVE-AT2 APN1 APT1 -> M41-ACHIEVE-AT2 122012 80198
62591 ACHIEVE-AT2 APN1 APT5 -> M41-ACHIEVE-AT2 122180 80366
63243 DO-IN-UNLOAD-TRUCK0 OBJ13 TRU5 POS5 -> M6-DO-IN-UNLOAD-TRUCK0 80901 122791 122800
63878 ACHIEVE-AT2 APN2 APT2 -> M41-ACHIEVE-AT2 124120 81931
64143 ACHIEVE-AT2 APN2 APT3 -> M41-ACHIEVE-AT2 124287 82097
64797 DO-IN-UNLOAD-AIRPLANE0 OBJ23 APN2 APT1 -> M7-DO-IN-UNLOAD-AIRPLANE0 82632 124902 124914
67250 ACHIEVE-AT2 APN1 APT4 -> M41-ACHIEVE-AT2 128519 85560
67904 DO-IN-UNLOAD-TRUCK0 OBJ51 TRU4 POS4 -> M6-DO-IN-UNLOAD-TRUCK0 86098 129123 129137
68219 ACHIEVE-AT1 TRU5 POS5 -> M36-ACHIEVE-AT1 130112 86805
68366 ACHIEVE-AT1 TRU5 APT5 -> M36-ACHIEVE-AT1 130271 86964
68536 ACHIEVE-AT2 APN2 APT5 -> M41-ACHIEVE-AT2 130455 87131
68804 ACHIEVE-AT2 APN2 APT1 -> M41-ACHIEVE-AT2 130632 87295
69072 ACHIEVE-AT-AIR APN1 APT1 -> M39-ACHIEVE-AT 87568 130944
69457 DO-IN-UNLOAD-AIRPLANE0 OBJ53 APN1 APT2 -> M7-DO-IN-UNLOAD-AIRPLANE0 87833 131240 131247
69926 ACHIEVE-AT1 TRU1 APT1 -> M36-ACHIEVE-AT1 132384 88690
70360 ACHIEVE-AT2 APN2 APT2 -> M41-ACHIEVE-AT2 132732 89028
71007 DO-IN-UNLOAD-TRUCK0 OBJ12 TRU2 POS2 -> M6-DO-IN-UNLOAD-TRUCK0 89567 133348 133358
72246 ACHIEVE-AT-TRK TRU2 APT2 -> M34-ACHIEVE-AT 91108 112243
73098 ACHIEVE-AT1 TRU3 APT3 -> M35-ACHIEVE-AT1
73267 ACHIEVE-AT2 APN2 APT3 -> M41-ACHIEVE-AT2 113570 92403
73428 ACHIEVE-AT2 APN2 APT2 -> M40-ACHIEVE-AT2
73705 ACHIEVE-AT2 APN1 APT2 -> M41-ACHIEVE-AT2 113908 92740
73967 ACHIEVE-AT-AIR APN1 APT4 -> M39-ACHIEVE-AT 93008 114340
75162 ACHIEVE-AT2 APN2 APT1 -> M40-ACHIEVE-AT2
75438 ACHIEVE-AT1 TRU1 APT1 -> M36-ACHIEVE-AT1 116024 94659
75702 ACHIEVE-AT-TRK TRU1 POS1 -> M34-ACHIEVE-AT 94934 116452
76566 ACHIEVE-AT1 TRU4 APT4 -> M35-ACHIEVE-AT1
76900 ACHIEVE-AT2 APN2 APT3 -> M41-ACHIEVE-AT2 117968 96416
77434 ACHIEVE-AT-TRK TRU3 POS3 -> M34-ACHIEVE-AT 96847 118563
78903 ACHIEVE-AT2 APN1 APT5 -> M41-ACHIEVE-AT2 120252 98494
79167 ACHIEVE-AT-AIR APN1 APT4 -> M39-ACHIEVE-AT 98767 120677
80198 ACHIEVE-AT2 APN1 APT1 -> M41-ACHIEVE-AT2 122018 100084
80366 ACHIEVE-AT2 APN1 APT5 -> M41-ACHIEVE-AT2 122190 100255
80901 ACHIEVE-AT-TRK TRU5 POS5 -> M34-ACHIEVE-AT 100689 122787
81931 ACHIEVE-AT2 APN2 APT2 -> M41-ACHIEVE-AT2 124125 102003
82097 ACHIEVE-AT2 APN2 APT3 -> M41-ACHIEVE-AT2 124301 102170
82632 ACHIEVE-AT-AIR APN2 APT1 -> M39-ACHIEVE-AT 102609 124899
85560 ACHIEVE-AT2 APN1 APT4 -> M40-ACHIEVE-AT2
86098 ACHIEVE-AT-TRK TRU4 POS4 -> M34-ACHIEVE-AT 106444 129117
86805 ACHIEVE-AT1 TRU5 POS5 -> M36-ACHIEVE-AT1 130114 107421
86964 ACHIEVE-AT1 TRU5 APT5 -> M36-ACHIEVE-AT1 130279 107580
87131 ACHIEVE-AT2 APN2 APT5 -> M41-ACHIEVE-AT2 130460 107761
87295 ACHIEVE-AT2 APN2 APT1 -> M41-ACHIEVE-AT2 130637 107930
87568 ACHIEVE-AT2 APN1 APT1 -> M41-ACHIEVE-AT2 130801 108091
87833 ACHIEVE-AT-AIR APN1 APT2 -> M39-ACHIEVE-AT 108364 131230
88690 ACHIEVE-AT1 TRU1 APT1 -> M36-ACHIEVE-AT1 132391 109501
89028 ACHIEVE-AT2 APN2 APT2 -> M40-ACHIEVE-AT2
89567 ACHIEVE-AT-TRK TRU2 POS2 -> M34-ACHIEVE-AT 110285 133340
91108 ACHIEVE-AT1 TRU2 APT2 -> M36-ACHIEVE-AT1 111984 112003
92403 ACHIEVE-AT2 APN2 APT3 -> M41-ACHIEVE-AT2 113577 113592
92740 ACHIEVE-AT2 APN1 APT2 -> M40-ACHIEVE-AT2
93008 ACHIEVE-AT2 APN1 APT4 -> M41-ACHIEVE-AT2 114078 114104
94659 ACHIEVE-AT1 TRU1 APT1 -> M35-ACHIEVE-AT1
94934 ACHIEVE-AT1 TRU1 POS1 -> M36-ACHIEVE-AT1 116198 116212
96416 ACHIEVE-AT2 APN2 APT3 -> M41-ACHIEVE-AT2 117977 117990
96847 ACHIEVE-AT1 TRU3 POS3 -> M36-ACHIEVE-AT1 118305 118327
98494 ACHIEVE-AT2 APN1 APT5 -> M41-ACHIEVE-AT2 120259 120268
98767 ACHIEVE-AT2 APN1 APT4 -> M41-ACHIEVE-AT2 120415 120434
100084 ACHIEVE-AT2 APN1 APT1 -> M40-ACHIEVE-AT2
100255 ACHIEVE-AT2 APN1 APT5 -> M41-ACHIEVE-AT2 122196 122213
100689 ACHIEVE-AT1 TRU5 POS5 -> M36-ACHIEVE-AT1 122523 122549
102003 ACHIEVE-AT2 APN2 APT2 -> M41-ACHIEVE-AT2 124133 124151
102170 ACHIEVE-AT2 APN2 APT3 -> M41-ACHIEVE-AT2 124308 124327
102609 ACHIEVE-AT2 APN2 APT1 -> M41-ACHIEVE-AT2 124638 124655
106444 ACHIEVE-AT1 TRU4 POS4 -> M36-ACHIEVE-AT1 128858 128876
107421 ACHIEVE-AT1 TRU5 POS5 -> M35-ACHIEVE-AT1
107580 ACHIEVE-AT1 TRU5 APT5 -> M36-ACHIEVE-AT1 130285 130296
107761 ACHIEVE-AT2 APN2 APT5 -> M41-ACHIEVE-AT2 130467 130483
107930 ACHIEVE-AT2 APN2 APT1 -> M40-ACHIEVE-AT2
108091 ACHIEVE-AT2 APN1 APT1 -> M40-ACHIEVE-AT2
108364 ACHIEVE-AT2 APN1 APT2 -> M41-ACHIEVE-AT2 130974 130990
109501 ACHIEVE-AT1 TRU1 APT1 -> M36-ACHIEVE-AT1 132397 132409
110285 ACHIEVE-AT1 TRU2 POS2 -> M36-ACHIEVE-AT1 133082 133099
111224 ACHIEVE-AT OBJ31 POS3 -> M9-ACHIEVE-AT 111225
111226 ACHIEVE-AT OBJ41 POS4 -> M9-ACHIEVE-AT 111227
111230 ACHIEVE-AT-TRK TRU2 POS2 -> M33-ACHIEVE-AT 111231
111336 IFUNLOCK-AT TRU2 POS2 -> IFUNLOCK1-AT 111337
111342 ACHIEVE-AT-TRK TRU2 POS2 -> M33-ACHIEVE-AT 111343
111462 IFUNLOCK-AT TRU2 POS2 -> IFUNLOCK1-AT 111463
111471 ACHIEVE-AT-TRK TRU2 POS2 -> M33-ACHIEVE-AT 111472
111622 IFUNLOCK-AT TRU2 POS2 -> IFUNLOCK1-AT 111623
111636 ACHIEVE-AT-TRK TRU2 POS2 -> M33-ACHIEVE-AT 111637
111796 IFUNLOCK-AT TRU2 POS2 -> IFUNLOCK1-AT 111797
111808 ACHIEVE-AT-TRK TRU2 POS2 -> M33-ACHIEVE-AT 111809
111968 IFUNLOCK-AT TRU2 POS2 -> IFUNLOCK1-AT 111969
112003 ACHIEVE-AT1 TRU2 APT2 -> M35-ACHIEVE-AT1
112246 IFUNLOCK-AT TRU2 APT2 -> IFUNLOCK1-AT 112247
113206 ACHIEVE-AT-TRK TRU3 POS3 -> M33-ACHIEVE-AT 113207
113351 IFUNLOCK-AT TRU3 POS3 -> IFUNLOCK1-AT 113352
113540 IFUNLOCK-AT TRU3 APT3 -> IFUNLOCK1-AT 113541
113592 ACHIEVE-AT2 APN2 APT3 -> M40-ACHIEVE-AT2
113719 IFUNLOCK-AT APN2 APT3 -> IFUNLOCK1-AT 113720
113896 IFUNLOCK-AT APN2 APT2 -> IFUNLOCK1-AT 113897
114062 IFUNLOCK-AT APN1 APT2 -> IFUNLOCK1-AT 114063
114104 ACHIEVE-AT2 APN1 APT4 -> M40-ACHIEVE-AT2
114348 IFUNLOCK-AT APN1 APT4 -> IFUNLOCK1-AT 114349
115463 IFUNLOCK-AT TRU2 POS2 -> IFUNLOCK1-AT 115464
115649 IFUNLOCK-AT TRU2 APT2 -> IFUNLOCK1-AT 115650
115660 ACHIEVE-AT-AIR APN2 APT2 -> M38-ACHIEVE-AT 115661
115833 IFUNLOCK-AT APN2 APT2 -> IFUNLOCK1-AT 115834
116003 IFUNLOCK-AT APN2 APT1 -> IFUNLOCK1-AT 116004
116175 IFUNLOCK-AT TRU1 APT1 -> IFUNLOCK1-AT 116176
116212 ACHIEVE-AT1 TRU1 POS1 -> M35-ACHIEVE-AT1
116459 IFUNLOCK-AT TRU1 POS1 -> IFUNLOCK1-AT 116460
117433 ACHIEVE-AT-TRK TRU4 POS4 -> M33-ACHIEVE-AT 117434
117577 IFUNLOCK-AT TRU4 POS4 -> IFUNLOCK1-AT 117578
117757 IFUNLOCK-AT TRU4 APT4 -> IFUNLOCK1-AT 117758
117938 IFUNLOCK-AT APN2 APT4 -> IFUNLOCK1-AT 117939
117990 ACHIEVE-AT2 APN2 APT3 -> M40-ACHIEVE-AT2
118113 IFUNLOCK-AT APN2 APT3 -> IFUNLOCK1-AT 118114
118138 ACHIEVE-AT-TRK TRU3 APT3 -> M33-ACHIEVE-AT 118139
118285 IFUNLOCK-AT TRU3 APT3 -> IFUNLOCK1-AT 118286
118327 ACHIEVE-AT1 TRU3 POS3 -> M35-ACHIEVE-AT1
118568 IFUNLOCK-AT TRU3 POS3 -> IFUNLOCK1-AT 118569
119537 ACHIEVE-AT-TRK TRU5 POS5 -> M33-ACHIEVE-AT 119538
119687 IFUNLOCK-AT TRU5 POS5 -> IFUNLOCK1-AT 119688
119866 IFUNLOCK-AT TRU5 APT5 -> IFUNLOCK1-AT 119867
119885 ACHIEVE-AT-TRK TRU5 APT5 -> M33-ACHIEVE-AT 119886
120048 IFUNLOCK-AT TRU5 APT5 -> IFUNLOCK1-AT 120049
120073 ACHIEVE-AT-TRK TRU5 APT5 -> M33-ACHIEVE-AT 120074
120228 IFUNLOCK-AT TRU5 APT5 -> IFUNLOCK1-AT 120229
120268 ACHIEVE-AT2 APN1 APT5 -> M40-ACHIEVE-AT2
120394 IFUNLOCK-AT APN1 APT5 -> IFUNLOCK1-AT 120395
120434 ACHIEVE-AT2 APN1 APT4 -> M40-ACHIEVE-AT2
120679 IFUNLOCK-AT APN1 APT4 -> IFUNLOCK1-AT 120680
121648 ACHIEVE-AT-TRK TRU1 POS1 -> M33-ACHIEVE-AT 121649
121795 IFUNLOCK-AT TRU1 POS1 -> IFUNLOCK1-AT 121796
121977 IFUNLOCK-AT TRU1 APT1 -> IFUNLOCK1-AT 121978
122159 IFUNLOCK-AT APN1 APT1 -> IFUNLOCK1-AT 122160
122213 ACHIEVE-AT2 APN1 APT5 -> M40-ACHIEVE-AT2
122335 IFUNLOCK-AT APN1 APT5 -> IFUNLOCK1-AT 122336
122359 ACHIEVE-AT-TRK TRU5 APT5 -> M33-ACHIEVE-AT 122360
122508 IFUNLOCK-AT TRU5 APT5 -> IFUNLOCK1-AT 122509
122549 ACHIEVE-AT1 TRU5 POS5 -> M35-ACHIEVE-AT1
122791 IFUNLOCK-AT TRU5 POS5 -> IFUNLOCK1-AT 122792
123906 IFUNLOCK-AT TRU2 POS2 -> IFUNLOCK1-AT 123907
124088 IFUNLOCK-AT TRU2 APT2 -> IFUNLOCK1-AT 124089
124151 ACHIEVE-AT2 APN2 APT2 -> M40-ACHIEVE-AT2
124276 IFUNLOCK-AT APN2 APT2 -> IFUNLOCK1-AT 124277
124327 ACHIEVE-AT2 APN2 APT3 -> M40-ACHIEVE-AT2
124450 IFUNLOCK-AT APN2 APT3 -> IFUNLOCK1-AT 124451
124472 ACHIEVE-AT-AIR APN2 APT3 -> M38-ACHIEVE-AT 124473
124622 IFUNLOCK-AT APN2 APT3 -> IFUNLOCK1-AT 124623
124655 ACHIEVE-AT2 APN2 APT1 -> M40-ACHIEVE-AT2
124902 IFUNLOCK-AT APN2 APT1 -> IFUNLOCK1-AT 124903
125874 ACHIEVE-AT OBJ11 POS1 -> M9-ACHIEVE-AT 125875
127983 ACHIEVE-AT-TRK TRU5 POS5 -> M33-ACHIEVE-AT 127984
128130 IFUNLOCK-AT TRU5 POS5 -> IFUNLOCK1-AT 128131
128313 IFUNLOCK-AT TRU5 APT5 -> IFUNLOCK1-AT 128314
128330 ACHIEVE-AT-AIR APN1 APT5 -> M38-ACHIEVE-AT 128331
128500 IFUNLOCK-AT APN1 APT5 -> IFUNLOCK1-AT 128501
128676 IFUNLOCK-AT APN1 APT4 -> IFUNLOCK1-AT 128677
128689 ACHIEVE-AT-TRK TRU4 APT4 -> M33-ACHIEVE-AT 128690
128845 IFUNLOCK-AT TRU4 APT4 -> IFUNLOCK1-AT 128846
128876 ACHIEVE-AT1 TRU4 POS4 -> M35-ACHIEVE-AT1
129123 IFUNLOCK-AT TRU4 POS4 -> IFUNLOCK1-AT 129124
130240 IFUNLOCK-AT TRU5 POS5 -> IFUNLOCK1-AT 130241
130296 ACHIEVE-AT1 TRU5 APT5 -> M35-ACHIEVE-AT1
130427 IFUNLOCK-AT TRU5 APT5 -> IFUNLOCK1-AT 130428
130483 ACHIEVE-AT2 APN2 APT5 -> M40-ACHIEVE-AT2
130606 IFUNLOCK-AT APN2 APT5 -> IFUNLOCK1-AT 130607
130780 IFUNLOCK-AT APN2 APT1 -> IFUNLOCK1-AT 130781
130953 IFUNLOCK-AT APN1 APT1 -> IFUNLOCK1-AT 130954
130990 ACHIEVE-AT2 APN1 APT2 -> M40-ACHIEVE-AT2
131240 IFUNLOCK-AT APN1 APT2 -> IFUNLOCK1-AT 131241
132352 IFUNLOCK-AT TRU1 POS1 -> IFUNLOCK1-AT 132353
132409 ACHIEVE-AT1 TRU1 APT1 -> M35-ACHIEVE-AT1
132538 IFUNLOCK-AT TRU1 APT1 -> IFUNLOCK1-AT 132539
132556 ACHIEVE-AT-AIR APN2 APT1 -> M38-ACHIEVE-AT 132557
132717 IFUNLOCK-AT APN2 APT1 -> IFUNLOCK1-AT 132718
132891 IFUNLOCK-AT APN2 APT2 -> IFUNLOCK1-AT 132892
132907 ACHIEVE-AT-TRK TRU2 APT2 -> M33-ACHIEVE-AT 132908
133060 IFUNLOCK-AT TRU2 APT2 -> IFUNLOCK1-AT 133061
133099 ACHIEVE-AT1 TRU2 POS2 -> M35-ACHIEVE-AT1
133348 IFUNLOCK-AT TRU2 POS2 -> IFUNLOCK1-AT 133349
<==
30.504 End of solution plan. (counted length of 271)
30.504 Total amount of clauses encoded: 1206076
30.504 - directframeaxioms : 445244 cls
30.504 - qfactsemantics : 270257 cls
30.504 - indirectframeaxioms : 261481 cls
30.504 - reductionconstraints : 93335 cls
30.504 - atmostoneelement : 62293 cls
30.504 - expansions : 17502 cls
30.504 - predecessors : 16903 cls
30.504 - actionconstraints : 11447 cls
30.504 - substitutionconstraints : 11360 cls
30.504 - qconstequality : 10230 cls
30.504 - actioneffects : 3811 cls
30.504 - qtypeconstraints : 1695 cls
30.504 - truefacts : 510 cls
30.504 - forbiddenoperations : 6 cls
30.504 - axiomaticops : 2 cls
30.504 # instantiated positions: 2611
30.504 # instantiated actions: 13091
30.504 # instantiated reductions: 3813
30.504 # introduced pseudo-constants: 2097
30.504 # retroactive prunings: 4
30.504 # retroactively pruned operations: 6
30.504 # dominated operations: 0
30.504 # total invalid rigid preconditions found in getPFC: 0
30.504 # invalid rigid preconditions found in getPFC: 0
30.504 # invalid rigid preconditions found in getPFC in varrestrictions: 0
30.504 # total invalid fluent preconditions found in getPFC: 39
30.504 # invalid fluent preconditions found in getPFC: 17
30.504 # invalid fluent preconditions found in getPFC in varrestrictions: 22
30.504 # invalid fluent preconditions found in getPFC via postconditions: 0
30.504 # invalid subtasks found in getPFC: 0
30.504 # number effects in operation fact_frames: 556
30.504 # number of variables restricted: 136742
30.504 # number of nodes variables restricted: 77606
30.504 Exiting happily.

RUNWATCH_RESULT EXIT RETVAL 0 TIME_SECS 30.543 MEMPEAK_KBS 536540
