    _           _         _
   \ |         \ |       | |                       
   | |     __  | |      _| |______                
   | |     \/  | |     /_   ______\                
   | |      _  | |   __  | |  ___   ___   ___       
   | |___  | | | |  / .\ | | / , | |   \ / ·_\    
   \_____\ |_| |__\ \__/ |_| \___) |_|_| \___\  
[39mL i l o t a n e  version rls-glucose4
by Dominik Schreiber <dominik.schreiber@kit.edu> 2020-2021
using SAT solver glucose4

0.004 Parser finished.
0.004 Structures extracted.
0.004 19 operators and 12 methods created.
0.011 Mined 0 new reduction preconditions (+0.0%).
0.011 Iteration 0.
0.011 Creating initial layer of size 2
0.013 Attempting to solve formula with 3 clauses (3 literals) and 1 assumptions
0.013 Unsolvable at layer 0 -- expanding.
0.013 Iteration 1.
0.013 New layer size: 2
0.013 Instantiating ...
0.015 Collected 0 relevant facts at this layer
0.015 Encoding ...
0.015 Attempting to solve formula with 8 clauses (12 literals) and 1 assumptions
0.016 Unsolvable at layer 1 -- expanding.
0.016 Iteration 2.
0.016 New layer size: 3
0.016 Instantiating ...
0.021 Collected 4 relevant facts at this layer
0.021 Encoding ...
0.021 Attempting to solve formula with 33 clauses (61 literals) and 1 assumptions
0.021 Unsolvable at layer 2 -- expanding.
0.021 Iteration 3.
0.021 New layer size: 5
0.021 Instantiating ...
0.032 Collected 43 relevant facts at this layer
0.032 Encoding ...
0.032 Attempting to solve formula with 346 clauses (838 literals) and 3 assumptions
0.032 Unsolvable at layer 3 -- expanding.
0.032 Iteration 4.
0.032 New layer size: 9
0.032 Instantiating ...
0.051 Collected 74 relevant facts at this layer
0.051 Encoding ...
0.052 Attempting to solve formula with 1119 clauses (3090 literals) and 4 assumptions
0.052 Unsolvable at layer 4 -- expanding.
0.052 Iteration 5.
0.052 New layer size: 14
0.052 Instantiating ...
0.080 Collected 103 relevant facts at this layer
0.080 Encoding ...
0.082 Attempting to solve formula with 2852 clauses (8290 literals) and 6 assumptions
0.082 Unsolvable at layer 5 -- expanding.
0.082 Iteration 6.
0.082 New layer size: 25
0.082 Instantiating ...
0.132 Collected 125 relevant facts at this layer
0.132 Encoding ...
0.136 Attempting to solve formula with 6754 clauses (20010 literals) and 11 assumptions
0.136 Unsolvable at layer 6 -- expanding.
0.136 Iteration 7.
0.136 New layer size: 43
0.136 Instantiating ...
0.234 Collected 133 relevant facts at this layer
0.234 Encoding ...
0.243 Attempting to solve formula with 14152 clauses (41438 literals) and 21 assumptions
0.243 Unsolvable at layer 7 -- expanding.
0.243 Iteration 8.
0.243 New layer size: 77
0.243 Instantiating ...
0.427 Collected 137 relevant facts at this layer
0.427 Encoding ...
0.443 Attempting to solve formula with 27823 clauses (81182 literals) and 36 assumptions
0.443 Unsolvable at layer 8 -- expanding.
0.443 Iteration 9.
0.443 New layer size: 134
0.443 Instantiating ...
0.761 Collected 139 relevant facts at this layer
0.761 Encoding ...
0.790 Attempting to solve formula with 51299 clauses (149953 literals) and 63 assumptions
0.790 Unsolvable at layer 9 -- expanding.
0.790 Iteration 10.
0.790 New layer size: 234
0.790 Instantiating ...
1.318 Collected 139 relevant facts at this layer
1.318 Encoding ...
1.371 Attempting to solve formula with 94468 clauses (276628 literals) and 106 assumptions
1.371 Unsolvable at layer 10 -- expanding.
1.371 Iteration 11.
1.371 New layer size: 403
1.371 Instantiating ...
2.278 Collected 139 relevant facts at this layer
2.278 Encoding ...
2.382 Attempting to solve formula with 169394 clauses (496250 literals) and 186 assumptions
2.392 Unsolvable at layer 11 -- expanding.
2.392 Iteration 12.
2.392 New layer size: 702
2.392 Instantiating ...
3.953 Collected 139 relevant facts at this layer
3.954 Encoding ...
4.115 Attempting to solve formula with 301181 clauses (881969 literals) and 322 assumptions
4.121 Unsolvable at layer 12 -- expanding.
4.121 Iteration 13.
4.121 New layer size: 1217
4.121 Instantiating ...
6.883 Collected 139 relevant facts at this layer
6.883 Encoding ...
7.205 Attempting to solve formula with 529196 clauses (1549493 literals) and 562 assumptions
7.206 Unsolvable at layer 13 -- expanding.
7.206 Iteration 14.
7.206 New layer size: 2121
7.206 Instantiating ...
12.064 Collected 139 relevant facts at this layer
12.064 Encoding ...
12.616 Attempting to solve formula with 928754 clauses (2720006 literals) and 975 assumptions
12.654 Unsolvable at layer 14 -- expanding.
12.654 Iteration 15.
12.656 New layer size: 3678
12.656 Instantiating ...
21.081 Collected 139 relevant facts at this layer
21.082 Encoding ...
22.046 Attempting to solve formula with 1620076 clauses (4746010 literals) and 1688 assumptions
22.075 Unsolvable at layer 15 -- expanding.
22.075 Iteration 16.
22.079 New layer size: 6381
22.079 Instantiating ...
36.672 Collected 139 relevant facts at this layer
36.672 Encoding ...
38.348 Attempting to solve formula with 2822353 clauses (8271809 literals) and 2926 assumptions
47.258 Unsolvable at layer 16 -- expanding.
47.258 Iteration 17.
47.265 New layer size: 11059
47.265 Instantiating ...
72.889 Collected 139 relevant facts at this layer
72.890 Encoding ...
75.850 Attempting to solve formula with 4905325 clauses (14378833 literals) and 5069 assumptions
78.268 Unsolvable at layer 17 -- expanding.
78.268 Iteration 18.
78.279 New layer size: 19177
78.279 Instantiating ...
122.394 Collected 139 relevant facts at this layer
122.394 Encoding ...
127.691 Attempting to solve formula with 8519977 clauses (24977984 literals) and 8788 assumptions
134.611 Unsolvable at layer 18 -- expanding.
134.611 Iteration 19.
134.631 New layer size: 33247
134.631 Instantiating ...
211.458 Collected 139 relevant facts at this layer
211.458 Encoding ...
221.644 Attempting to solve formula with 14785678 clauses (43348377 literals) and 15239 assumptions
230.623 Unsolvable at layer 19 -- expanding.
230.623 Iteration 20.
230.658 New layer size: 57651
230.658 Instantiating ...
365.170 Collected 139 relevant facts at this layer
365.170 Encoding ...
385.329 Attempting to solve formula with 25652112 clauses (75207457 literals) and 26421 assumptions
c
c Try to adapt solver strategies
c 
c Nothing extreme in this problem, continue with glucose default strategies.
c
806.255 Unsolvable at layer 20 -- expanding.
806.255 Iteration 21.
806.315 New layer size: 99943
806.315 Instantiating ...
1049.615 Collected 139 relevant facts at this layer
1049.615 Encoding ...
1092.863 Attempting to solve formula with 44487330 clauses (130429274 literals) and 45811 assumptions
1802.467 Termination signal caught.
1802.467 Total amount of clauses encoded: 44487330
1802.467 - directframeaxioms : 25297652 cls
1802.467 - indirectframeaxioms : 5660919 cls
1802.467 - qfactsemantics : 5044162 cls
1802.467 - reductionconstraints : 3115041 cls
1802.467 - atmostoneelement : 1087119 cls
1802.467 - substitutionconstraints : 986536 cls
1802.467 - actionconstraints : 942596 cls
1802.467 - expansions : 853363 cls
1802.467 - predecessors : 735399 cls
1802.467 - qconstequality : 585239 cls
1802.467 - actioneffects : 179163 cls
1802.467 - truefacts : 139 cls
1802.467 - axiomaticops : 2 cls
1802.467 # instantiated positions: 236126
1802.467 # instantiated actions: 488346
1802.467 # instantiated reductions: 247055
1802.467 # introduced pseudo-constants: 214310
1802.467 # retroactive prunings: 0
1802.467 # retroactively pruned operations: 0
1802.467 # dominated operations: 1579
1802.467 # total invalid rigid preconditions found in getPFC: 643812
1802.467 # invalid rigid preconditions found in getPFC: 127948
1802.467 # invalid rigid preconditions found in getPFC in varrestrictions: 515864
1802.467 # total invalid fluent preconditions found in getPFC: 92
1802.467 # invalid fluent preconditions found in getPFC: 78
1802.467 # invalid fluent preconditions found in getPFC in varrestrictions: 12
1802.467 # invalid fluent preconditions found in getPFC via postconditions: 2
1802.467 # invalid operations found in getPFC via subtasks: 0
1802.467 # invalid operations found in getPFC via postconditions: 0
1802.467 # number effects in operation fact_frames: 138
1802.467 # number of variables restricted: 9000713
1802.467 # number of nodes variables restricted: 4661646
1802.467 Exiting happily.

RUNWATCH_RESULT TIMEOUT RETVAL 0 TIME_SECS 1803.32 MEMPEAK_KBS 15483276
