    _           _         _
   \ |         \ |       | |                       
   | |     __  | |      _| |______                
   | |     \/  | |     /_   ______\                
   | |      _  | |   __  | |  ___   ___   ___       
   | |___  | | | |  / .\ | | / , | |   \ / ·_\    
   \_____\ |_| |__\ \__/ |_| \___) |_|_| \___\  
[39mL i l o t a n e  version rls-glucose4
by Dominik Schreiber <dominik.schreiber@kit.edu> 2020-2021
using SAT solver glucose4

0.005 Parser finished.
0.005 Structures extracted.
0.006 27 operators and 21 methods created.
0.009 Mined 7 new reduction preconditions (+11.5%).
0.009 Iteration 0.
0.009 Creating initial layer of size 2
0.010 Attempting to solve formula with 9 clauses (12 literals) and 1 assumptions
0.010 Unsolvable at layer 0 -- expanding.
0.010 Iteration 1.
0.010 New layer size: 2
0.010 Instantiating ...
0.010 Collected 3 relevant facts at this layer
0.010 Encoding ...
0.010 Attempting to solve formula with 63 clauses (148 literals) and 1 assumptions
0.010 Unsolvable at layer 1 -- expanding.
0.010 Iteration 2.
0.010 New layer size: 3
0.010 Instantiating ...
0.011 Collected 9 relevant facts at this layer
0.011 Encoding ...
0.011 Attempting to solve formula with 130 clauses (307 literals) and 2 assumptions
0.011 Unsolvable at layer 2 -- expanding.
0.011 Iteration 3.
0.011 New layer size: 4
0.011 Instantiating ...
0.012 Retroactively prune action (__SURROGATE*m7_bring_tent*drive_tent* place0 Q_3,0_person:0_fb9f54bc1ee2c388 Q_3,0_place:0_ecfd459c64821f2 Q_3,0_car:0_4008a4c4dc32060f Q_3,0_tent:0_a4f044aaee541d13) due to impossible effect !(at_car Q_3,0_car:0_4008a4c4dc32060f Q_3,0_place:0_ecfd459c64821f2)
0.012 Collected 11 relevant facts at this layer
0.012 Encoding ...
0.012 Attempting to solve formula with 323 clauses (813 literals) and 3 assumptions
0.012 Unsolvable at layer 3 -- expanding.
0.012 Iteration 4.
0.012 New layer size: 7
0.012 Instantiating ...
0.014 Collected 18 relevant facts at this layer
0.014 Encoding ...
0.015 Attempting to solve formula with 787 clauses (2227 literals) and 3 assumptions
0.015 Unsolvable at layer 4 -- expanding.
0.015 Iteration 5.
0.015 New layer size: 17
0.015 Instantiating ...
0.019 Collected 51 relevant facts at this layer
0.019 Encoding ...
0.021 Attempting to solve formula with 2357 clauses (6683 literals) and 6 assumptions
0.021 Unsolvable at layer 5 -- expanding.
0.021 Iteration 6.
0.021 New layer size: 44
0.021 Instantiating ...
0.031 Collected 70 relevant facts at this layer
0.031 Encoding ...
0.036 Attempting to solve formula with 7008 clauses (19983 literals) and 12 assumptions
0.036 Unsolvable at layer 6 -- expanding.
0.036 Iteration 7.
0.036 New layer size: 84
0.036 Instantiating ...
0.045 Retroactively prune reduction (m2_trip_to2 Q_1,0_couple:0_27ca04ed8b064588 place2 place1 place3)@(6,16): no children at offset 1
0.049 Retroactively prune reduction (m2_trip_to2 Q_1,0_couple:0_27ca04ed8b064588 place2 place2 place3)@(6,26): no children at offset 1
0.054 Collected 70 relevant facts at this layer
0.054 Encoding ...
0.063 Attempting to solve formula with 14285 clauses (39795 literals) and 15 assumptions
0.064 Unsolvable at layer 7 -- expanding.
0.064 Iteration 8.
0.064 New layer size: 153
0.064 Instantiating ...
0.072 Retroactively prune reduction (m2_trip_to2 Q_1,0_couple:0_27ca04ed8b064588 place2 place1 place3)@(7,17): no children at offset 1
0.079 Retroactively prune reduction (m2_trip_to2 Q_1,0_couple:0_27ca04ed8b064588 place2 place2 place3)@(7,47): no children at offset 1
0.087 Collected 70 relevant facts at this layer
0.087 Encoding ...
0.100 Attempting to solve formula with 22764 clauses (62956 literals) and 18 assumptions
0.100 Unsolvable at layer 8 -- expanding.
0.100 Iteration 9.
0.100 New layer size: 225
0.100 Instantiating ...
0.110 Retroactively prune reduction (m2_trip_to2 Q_1,0_couple:0_27ca04ed8b064588 place2 place1 place3)@(8,18): no children at offset 1
0.118 Retroactively prune reduction (m2_trip_to2 Q_1,0_couple:0_27ca04ed8b064588 place2 place2 place3)@(8,87): no children at offset 1
0.129 Collected 70 relevant facts at this layer
0.129 Encoding ...
0.146 Attempting to solve formula with 32407 clauses (89270 literals) and 21 assumptions
c last restart ## conflicts  :  17 2448 
0.150 Found a solution at layer 9.
==>
6505 put_down girl1 place0 tent2
6512 nop
6576 drive_tent guy1 place0 place1 car1 tent1
7780 drive girl1 place0 place1 car2
7840 put_up guy1 place1 tent1
7843 drive_passenger girl1 place1 place0 car2 guy1
7847 walk_together tent1 place1 guy2 place0 girl2 couple2
7851 walk_together tent1 place1 guy1 place0 girl1 couple1
7854 walk_together tent1 place1 guy0 place0 girl0 couple0
7859 nop
7910 put_down girl1 place1 tent1
7913 drive_passenger guy1 place1 place0 car1 girl1
7916 drive guy1 place0 place1 car1
7919 drive girl1 place0 place1 car2
7923 drive_tent guy1 place1 place2 car2 tent1
8570 drive girl1 place1 place2 car1
8592 put_up guy1 place2 tent1
8595 drive_passenger girl1 place2 place1 car1 guy1
8598 walk_together tent1 place2 guy2 place1 girl2 couple2
8602 walk_together tent1 place2 guy1 place1 girl1 couple1
8606 walk_together tent1 place2 guy0 place1 girl0 couple0
8609 nop
8658 put_down girl1 place2 tent1
8661 drive_passenger guy1 place2 place1 car2 girl1
8664 drive guy1 place1 place2 car2
8667 drive girl1 place1 place2 car1
8669 drive_tent guy1 place2 place3 car2 tent1
9127 drive girl1 place2 place3 car1
9131 put_up guy1 place3 tent1
9134 drive_passenger girl1 place3 place2 car1 guy1
9138 walk_together tent1 place3 guy1 place2 girl1 couple1
9142 walk_together tent1 place3 guy2 place2 girl2 couple2
9146 walk_together tent1 place3 guy0 place2 girl0 couple0
9148 nop
9197 put_down girl1 place3 tent1
9200 drive_passenger guy1 place3 place2 car2 girl1
9203 drive guy1 place2 place3 car2
9205 drive girl1 place2 place3 car1
root 11
11 everyone_go_hiking place3 -> m14_everyone_go_hiking 30 38
30 prepare_trip place0 -> m6_prepare_trip 6504 6511
38 trip_to1 couple1 place3 -> m0_trip_to1 123
123 trip_to2 couple1 place0 place3 -> m2_trip_to2 205 240
205 trip_to2 couple1 place0 place1 -> m3_trip_to2 6576 7780 7840 7843 518 7910 7913 7916 7919
240 trip_to2 couple1 place1 place3 -> m2_trip_to2 658 704
518 walk_everyone tent1 place1 place0 -> m5_walk_everyone 7847 1384
658 trip_to2 couple1 place1 place2 -> m3_trip_to2 7923 8570 8592 8595 1653 8658 8661 8664 8667
704 trip_to2 couple1 place2 place3 -> m3_trip_to2 8669 9127 9131 9134 1955 9197 9200 9203 9205
1384 walk_everyone tent1 place1 place0 -> m5_walk_everyone 7851 3162
1653 walk_everyone tent1 place2 place1 -> m5_walk_everyone 8598 3692
1955 walk_everyone tent1 place3 place2 -> m5_walk_everyone 9138 4069
3162 walk_everyone tent1 place1 place0 -> m5_walk_everyone 7854 7858
3692 walk_everyone tent1 place2 place1 -> m5_walk_everyone 8602 5988
4069 walk_everyone tent1 place3 place2 -> m5_walk_everyone 9142 6444
5988 walk_everyone tent1 place2 place1 -> m5_walk_everyone 8606 8608
6444 walk_everyone tent1 place3 place2 -> m5_walk_everyone 9146 9147
6504 bring_tent place0 -> m10_bring_tent 6505
6511 bring_cars place0 -> m11_bring_cars 6512
7858 walk_everyone tent1 place1 place0 -> m4_walk_everyone 7859
8608 walk_everyone tent1 place2 place1 -> m4_walk_everyone 8609
9147 walk_everyone tent1 place3 place2 -> m4_walk_everyone 9148
<==
0.153 End of solution plan. (counted length of 38)
0.153 Total amount of clauses encoded: 32407
0.153 - directframeaxioms : 13706 cls
0.153 - qfactsemantics : 5374 cls
0.153 - indirectframeaxioms : 3267 cls
0.153 - reductionconstraints : 2981 cls
0.153 - substitutionconstraints : 1456 cls
0.153 - qconstequality : 1260 cls
0.153 - expansions : 1155 cls
0.153 - predecessors : 1015 cls
0.153 - atmostoneelement : 792 cls
0.153 - actionconstraints : 706 cls
0.153 - actioneffects : 608 cls
0.153 - truefacts : 70 cls
0.153 - forbiddenoperations : 15 cls
0.153 - axiomaticops : 2 cls
0.153 # instantiated positions: 540
0.153 # instantiated actions: 1027
0.153 # instantiated reductions: 126
0.153 # introduced pseudo-constants: 296
0.153 # retroactive prunings: 7
0.153 # retroactively pruned operations: 70
0.153 # dominated operations: 0
0.153 # total invalid rigid preconditions found in getPFC: 0
0.153 # invalid rigid preconditions found in getPFC: 0
0.153 # invalid rigid preconditions found in getPFC in varrestrictions: 0
0.153 # total invalid fluent preconditions found in getPFC: 0
0.153 # invalid fluent preconditions found in getPFC: 0
0.153 # invalid fluent preconditions found in getPFC in varrestrictions: 0
0.153 # invalid fluent preconditions found in getPFC via postconditions: 0
0.153 # invalid subtasks found in getPFC: 0
0.153 # number effects in operation fact_frames: 242
0.153 Exiting happily.

RUNWATCH_RESULT EXIT RETVAL 0 TIME_SECS 0.159668 MEMPEAK_KBS 848
