    _           _         _
   \ |         \ |       | |                       
   | |     __  | |      _| |______                
   | |     \/  | |     /_   ______\                
   | |      _  | |   __  | |  ___   ___   ___       
   | |___  | | | |  / .\ | | / , | |   \ / ·_\    
   \_____\ |_| |__\ \__/ |_| \___) |_|_| \___\  
[39mL i l o t a n e  version rls-glucose4
by Dominik Schreiber <dominik.schreiber@kit.edu> 2020-2021
using SAT solver glucose4

0.006 Parser finished.
0.006 Structures extracted.
0.007 19 operators and 11 methods created.
0.015 Mined 6 new reduction preconditions (+33.3%).
0.015 Iteration 0.
0.015 Creating initial layer of size 2
0.019 Attempting to solve formula with 73 clauses (108 literals) and 1 assumptions
0.020 Unsolvable at layer 0 -- expanding.
0.020 Iteration 1.
0.020 New layer size: 49
0.020 Instantiating ...
0.092 Collected 35 relevant facts at this layer
0.092 Encoding ...
0.094 Attempting to solve formula with 867 clauses (1984 literals) and 48 assumptions
0.095 Unsolvable at layer 1 -- expanding.
0.095 Iteration 2.
0.095 New layer size: 193
0.095 Instantiating ...
0.201 Collected 134 relevant facts at this layer
0.201 Encoding ...
0.220 Attempting to solve formula with 17049 clauses (41258 literals) and 162 assumptions
0.220 Unsolvable at layer 2 -- expanding.
0.220 Iteration 3.
0.221 New layer size: 431
0.221 Instantiating ...
0.232 Retroactively prune reduction (m7_do_clear b1 b25)@(2,36): no children at offset 1
0.234 Retroactively prune reduction (m7_do_clear b1 b25)@(2,41): no children at offset 1
0.310 Retroactively prune reduction (m5_do_move b25 b34)@(2,151): no children at offset 0
0.339 Collected 185 relevant facts at this layer
0.339 Encoding ...
0.401 Attempting to solve formula with 58558 clauses (135788 literals) and 63 assumptions
0.402 Unsolvable at layer 3 -- expanding.
0.402 Iteration 4.
0.402 New layer size: 561
0.402 Instantiating ...
0.404 Retroactively prune action (__REPEATED___SURROGATE*m6_do_clear*nop* b21)@(3,3): no children at offset 0
0.404 Retroactively prune action (__SURROGATE*m6_do_clear*nop* b38)@(3,3): no children at offset 0
0.405 Retroactively prune action (pick-up b36)@(3,7): no children at offset 0
0.406 Retroactively prune action (pick-up b35)@(3,13): no children at offset 0
0.406 Retroactively prune action (__SURROGATE*m6_do_clear*nop* b24)@(3,21): no children at offset 0
0.406 Retroactively prune action (__REPEATED___SURROGATE*m6_do_clear*nop* b29)@(3,21): no children at offset 0
0.407 Retroactively prune action (pick-up b29)@(3,27): no children at offset 0
0.407 Retroactively prune action (__SURROGATE*m6_do_clear*nop* b37)@(3,37): no children at offset 0
0.407 Retroactively prune action (__REPEATED___SURROGATE*m6_do_clear*nop* b33)@(3,37): no children at offset 0
0.408 Retroactively prune action (pick-up b33)@(3,43): no children at offset 0
0.408 Retroactively prune reduction (m7_do_clear b19 b28)@(3,45): no children at offset 1
0.408 Retroactively prune action (unstack b19 b38)@(3,46): no children at offset 0
0.408 Retroactively prune reduction (m7_do_clear b37 b8)@(3,48): no children at offset 1
0.408 Retroactively prune action (unstack b37 b33)@(3,49): no children at offset 0
0.408 Retroactively prune action (__SURROGATE*_splitting_method_unstack_splitted_1*unstack* b38 b21)@(3,53): no children at offset 0
0.408 Retroactively prune action (__REPEATED___SURROGATE*m6_do_clear*nop* b14)@(3,55): no children at offset 0
0.409 Retroactively prune reduction (m7_do_clear b15 b33)@(3,55): no children at offset 1
0.409 Retroactively prune reduction (m7_do_clear b19 b28)@(3,58): no children at offset 1
0.409 Retroactively prune action (unstack b19 b38)@(3,59): no children at offset 0
0.409 Retroactively prune action (pick-up b14)@(3,63): no children at offset 0
0.409 Retroactively prune action (__REPEATED___SURROGATE*m6_do_clear*nop* b31)@(3,65): no children at offset 0
0.410 Retroactively prune reduction (m7_do_clear b7 b35)@(3,65): no children at offset 1
0.410 Retroactively prune reduction (m7_do_clear b15 b33)@(3,68): no children at offset 1
0.410 Retroactively prune action (unstack b15 b14)@(3,69): no children at offset 0
0.412 Retroactively prune reduction (m7_do_clear b7 b35)@(3,78): no children at offset 1
0.413 Retroactively prune action (unstack b7 b31)@(3,79): no children at offset 0
0.413 Retroactively prune reduction (m7_do_clear b32 b12)@(3,95): no children at offset 1
0.413 Retroactively prune action (unstack b32 b34)@(3,96): no children at offset 0
0.413 Retroactively prune action (__SURROGATE*_splitting_method_unstack_splitted_1*unstack* b34 b11)@(3,103): no children at offset 0
0.413 Retroactively prune reduction (m7_do_clear b11 b34)@(3,106): no children at offset 1
0.414 Retroactively prune action (unstack b11 b24)@(3,107): no children at offset 0
0.414 Retroactively prune action (__SURROGATE*_splitting_method_unstack_splitted_2*unstack* b24 b29)@(3,109): no children at offset 0
0.414 Retroactively prune action (__SURROGATE*_splitting_method_unstack_splitted_1*unstack* b26 b12)@(3,117): no children at offset 0
0.414 Retroactively prune action (__SURROGATE*_splitting_method_unstack_splitted_1*unstack* b28 b19)@(3,123): no children at offset 0
0.416 Retroactively prune action (unstack b36 b30)@(3,126): no children at offset 0
0.418 Retroactively prune reduction (m7_do_clear b13 b29)@(3,133): no children at offset 1
0.420 Retroactively prune action (unstack b36 b30)@(3,137): no children at offset 0
0.420 Retroactively prune action (__SURROGATE*_splitting_method_unstack_splitted_1*unstack* b5 b25)@(3,149): no children at offset 0
0.421 Retroactively prune action (unstack b33 b15)@(3,158): no children at offset 0
0.421 Retroactively prune action (__SURROGATE*_splitting_method_unstack_splitted_1*unstack* b15 b14)@(3,163): no children at offset 0
0.423 Retroactively prune action (unstack b35 b7)@(3,172): no children at offset 0
0.423 Retroactively prune action (__SURROGATE*_splitting_method_unstack_splitted_1*unstack* b7 b31)@(3,177): no children at offset 0
0.424 Retroactively prune reduction (m7_do_clear b34 b32)@(3,179): no children at offset 1
0.424 Retroactively prune action (unstack b34 b11)@(3,180): no children at offset 0
0.425 Retroactively prune action (unstack b35 b7)@(3,183): no children at offset 0
0.426 Retroactively prune action (__SURROGATE*_splitting_method_unstack_splitted_1*unstack* b11 b24)@(3,187): no children at offset 0
0.426 Retroactively prune action (unstack b28 b19)@(3,190): no children at offset 0
0.426 Retroactively prune reduction (m7_do_clear b34 b32)@(3,192): no children at offset 1
0.426 Retroactively prune action (unstack b34 b11)@(3,193): no children at offset 0
0.427 Retroactively prune action (__SURROGATE*_splitting_method_unstack_splitted_1*unstack* b19 b38)@(3,197): no children at offset 0
0.427 Retroactively prune action (unstack b28 b19)@(3,203): no children at offset 0
0.458 Retroactively prune reduction (m7_do_clear Q_2,140_block:0_11c9a3e69dddb146 b32)@(3,308): no children at offset 1
0.458 Retroactively prune reduction (m7_do_clear b32 b12)@(3,318): no children at offset 1
0.459 Retroactively prune action (unstack b32 b34)@(3,319): no children at offset 0
0.459 Retroactively prune reduction (m7_do_clear Q_2,145_block:0_11c9a3e69dddb146 b32)@(3,321): no children at offset 1
0.459 Retroactively prune action (unstack b5 b25)@(3,329): no children at offset 0
0.459 Retroactively prune reduction (m7_do_clear b32 b12)@(3,331): no children at offset 1
0.459 Retroactively prune action (unstack b32 b34)@(3,332): no children at offset 0
0.462 Retroactively prune reduction (m7_do_clear b12 b26)@(3,364): no children at offset 1
0.462 Retroactively prune action (unstack b12 b32)@(3,365): no children at offset 0
0.464 Retroactively prune action (__SURROGATE*_splitting_method_unstack_splitted_1*unstack* b32 b34)@(3,372): no children at offset 0
0.467 Retroactively prune action (unstack b14 b16)@(3,375): no children at offset 0
0.467 Retroactively prune reduction (m7_do_clear b12 b26)@(3,377): no children at offset 1
0.467 Retroactively prune action (unstack b12 b32)@(3,378): no children at offset 0
0.471 Retroactively prune action (unstack b14 b16)@(3,388): no children at offset 0
0.472 Retroactively prune action (unstack b26 b12)@(3,395): no children at offset 0
0.474 Retroactively prune action (__SURROGATE*_splitting_method_unstack_splitted_1*unstack* b12 b32)@(3,402): no children at offset 0
0.476 Retroactively prune action (unstack b26 b12)@(3,408): no children at offset 0
0.479 Retroactively prune action (unstack b29 b13)@(3,415): no children at offset 0
0.479 Retroactively prune action (unstack b8 b37)@(3,423): no children at offset 0
0.479 Retroactively prune action (__SURROGATE*_splitting_method_unstack_splitted_2*unstack* b8 b37)@(3,426): no children at offset 0
0.479 Retroactively prune action (__SURROGATE*_splitting_method_unstack_splitted_1*unstack* b37 b33)@(3,428): no children at offset 0
0.479 Collected 186 relevant facts at this layer
0.479 Encoding ...
0.546 Attempting to solve formula with 87915 clauses (198566 literals) and 31 assumptions
0.546 Unsolvable at layer 4 -- expanding.
0.546 Iteration 5.
0.547 New layer size: 663
0.547 Instantiating ...
0.552 Retroactively prune action (__REPEATED___SURROGATE*m6_do_clear*nop* b18)@(4,109): no children at offset 0
0.552 Retroactively prune action (__REPEATED_unstack b9 b18)@(4,127): no children at offset 0
0.553 Retroactively prune action (__REPEATED___SURROGATE*m6_do_clear*nop* b39)@(4,165): no children at offset 0
0.554 Retroactively prune action (__REPEATED_pick-up b39)@(4,177): no children at offset 0
0.554 Retroactively prune action (__REPEATED_pick-up b6)@(4,207): no children at offset 0
0.555 Retroactively prune action (__REPEATED___SURROGATE*m6_do_clear*nop* b20)@(4,247): no children at offset 0
0.586 Retroactively prune action (__REPEATED___SURROGATE*_splitting_method_unstack_splitted_1*unstack* b27 b20)@(4,446): no children at offset 0
0.587 Retroactively prune action (__REPEATED_unstack b39 b41)@(4,451): no children at offset 0
0.587 Retroactively prune action (unstack b6 b40)@(4,459): no children at offset 0
0.588 Retroactively prune action (__REPEATED_unstack b39 b41)@(4,466): no children at offset 0
0.589 Retroactively prune action (unstack b6 b40)@(4,478): no children at offset 0
0.590 Retroactively prune action (__REPEATED_unstack b6 b40)@(4,503): no children at offset 0
0.590 Retroactively prune action (__REPEATED_unstack b6 b40)@(4,522): no children at offset 0
0.592 Retroactively prune action (__REPEATED___SURROGATE*_splitting_method_unstack_splitted_2*unstack* b9 b18)@(4,548): no children at offset 0
0.592 Retroactively prune action (__REPEATED___SURROGATE*_splitting_method_unstack_splitted_1*unstack* b13 b39)@(4,550): no children at offset 0
0.592 Collected 187 relevant facts at this layer
0.592 Encoding ...
0.664 Attempting to solve formula with 100661 clauses (227181 literals) and 24 assumptions
0.664 Unsolvable at layer 5 -- expanding.
0.664 Iteration 6.
0.665 New layer size: 723
0.665 Instantiating ...
0.704 Collected 189 relevant facts at this layer
0.704 Encoding ...
0.782 Attempting to solve formula with 110438 clauses (249246 literals) and 22 assumptions
0.782 Unsolvable at layer 6 -- expanding.
0.782 Iteration 7.
0.783 New layer size: 767
0.783 Instantiating ...
0.820 Collected 190 relevant facts at this layer
0.820 Encoding ...
0.904 Attempting to solve formula with 118819 clauses (267854 literals) and 22 assumptions
0.904 Unsolvable at layer 7 -- expanding.
0.904 Iteration 8.
0.904 New layer size: 811
0.904 Instantiating ...
0.935 Retroactively prune action (__REPEATED_pick-up b41)@(7,622): no children at offset 0
0.935 Retroactively prune action (__REPEATED___SURROGATE*m6_do_clear*nop* b17)@(7,624): no children at offset 0
0.936 Retroactively prune action (__REPEATED_unstack b40 b17)@(7,660): no children at offset 0
0.937 Retroactively prune action (__REPEATED___SURROGATE*_splitting_method_unstack_splitted_1*unstack* b40 b17)@(7,702): no children at offset 0
0.938 Retroactively prune action (__REPEATED_unstack b41 b22)@(7,733): no children at offset 0
0.939 Collected 191 relevant facts at this layer
0.939 Encoding ...
1.027 Attempting to solve formula with 125989 clauses (283220 literals) and 18 assumptions
1.028 Unsolvable at layer 8 -- expanding.
1.028 Iteration 9.
1.028 New layer size: 847
1.028 Instantiating ...
1.061 Collected 191 relevant facts at this layer
1.061 Encoding ...
1.154 Attempting to solve formula with 132213 clauses (296600 literals) and 14 assumptions
1.154 Unsolvable at layer 9 -- expanding.
1.154 Iteration 10.
1.155 New layer size: 875
1.155 Instantiating ...
1.187 Collected 191 relevant facts at this layer
1.187 Encoding ...
1.283 Attempting to solve formula with 138204 clauses (309356 literals) and 11 assumptions
c last restart ## conflicts  :  31 6856 
1.298 Found a solution at layer 10.
==>
41507 nop
41509 unstack b5 b25
41511 put-down b5
41518 unstack b25 b1
41520 put-down b25
41522 unstack b1 b4
41524 put-down b1
41526 unstack b4 b10
41528 put-down b4
41530 unstack b10 b23
41532 put-down b10
41534 unstack b23 b3
41536 put-down b23
41538 unstack b3 b2
41540 put-down b3
41542 unstack b2 b36
41544 put-down b2
41546 nop
41548 unstack b28 b19
41550 put-down b28
41552 unstack b19 b38
41554 put-down b19
41556 unstack b38 b21
41558 put-down b38
41560 nop
41562 unstack b36 b30
41564 stack b36 b21
41566 nop
41568 nop
41570 nop
41576 unstack b35 b7
41578 stack b35 b36
41580 nop
41582 nop
41585 unstack b35 b36
41587 put-down b35
41590 pick-up b2
41592 stack b2 b35
41594 nop
41596 unstack b26 b12
41598 put-down b26
41600 unstack b12 b32
41602 put-down b12
41604 unstack b32 b34
41606 put-down b32
41608 unstack b34 b11
41610 put-down b34
41612 unstack b11 b24
41614 put-down b11
41616 unstack b24 b29
41618 put-down b24
41620 nop
41623 nop
41628 unstack b29 b13
41630 stack b29 b2
41632 nop
41634 nop
41641 unstack b29 b2
41643 put-down b29
41646 pick-up b3
41648 stack b3 b29
41650 nop
41652 unstack b8 b37
41654 put-down b8
41656 unstack b37 b33
41658 put-down b37
41660 nop
41663 nop
41668 unstack b33 b15
41670 stack b33 b3
41672 nop
41682 nop
41692 unstack b33 b3
41695 put-down b33
41698 pick-up b38
41700 stack b38 b33
41702 nop
41712 unstack b15 b14
41714 put-down b15
41716 nop
41726 nop
41732 unstack b14 b16
41734 stack b14 b38
41736 nop
41746 unstack b7 b31
41748 put-down b7
41750 nop
41764 nop
41770 pick-up b31
41772 stack b31 b14
41774 nop
41784 nop
41798 unstack b31 b14
41802 put-down b31
41804 pick-up b1
41806 stack b1 b31
41808 nop
41810 unstack b9 b18
41812 put-down b9
41814 nop
41824 nop
41830 pick-up b18
41832 stack b18 b1
41834 nop
41844 nop
41851 unstack b18 b1
41853 put-down b18
41856 pick-up b34
41858 stack b34 b18
41860 nop
41862 nop
41872 nop
41876 pick-up b23
41878 stack b23 b24
41880 nop
41882 nop
41885 nop
41890 pick-up b26
41892 stack b26 b23
41894 nop
41896 nop
41899 nop
41904 pick-up b28
41906 stack b28 b26
41908 nop
41922 nop
41925 nop
41930 pick-up b30
41932 stack b30 b28
41934 nop
41944 unstack b13 b39
41946 put-down b13
41948 nop
41963 nop
41968 unstack b39 b41
41970 stack b39 b30
41972 nop
41974 nop
41980 nop
41986 pick-up b5
41988 stack b5 b39
41990 nop
41992 nop
41994 nop
42000 pick-up b4
42002 stack b4 b5
42004 nop
42018 nop
42020 nop
42026 pick-up b15
42028 stack b15 b4
42030 nop
42032 nop
42034 nop
42038 unstack b6 b40
42040 stack b6 b10
42042 nop
42056 nop
42059 nop
42064 pick-up b7
42066 stack b7 b6
42068 nop
42078 nop
42092 nop
42098 pick-up b11
42100 stack b11 b7
42102 nop
42116 nop
42126 nop
42132 pick-up b19
42134 stack b19 b11
42136 nop
42138 unstack b27 b20
42140 put-down b27
42142 nop
42157 nop
42162 pick-up b20
42164 stack b20 b19
42170 nop
42249 nop
42320 unstack b36 b21
42323 put-down b36
42325 nop
42328 pick-up b36
42332 stack b36 b21
42336 nop
42405 unstack b2 b35
42408 put-down b2
42415 nop
42490 nop
42497 pick-up b35
42501 stack b35 b36
42506 nop
42603 nop
42675 nop
42682 pick-up b2
42687 stack b2 b35
42696 nop
42770 unstack b3 b29
42772 put-down b3
42777 nop
42874 nop
42880 pick-up b29
42883 stack b29 b2
42886 nop
42942 nop
43024 nop
43033 pick-up b3
43036 stack b3 b29
43039 nop
43072 unstack b14 b38
43074 put-down b14
43078 unstack b38 b33
43080 put-down b38
43083 nop
43137 nop
43143 pick-up b33
43147 stack b33 b3
43156 nop
43208 nop
43247 nop
43253 pick-up b38
43257 stack b38 b33
43268 nop
43329 nop
43375 nop
43384 pick-up b14
43387 stack b14 b38
43390 nop
43466 unstack b1 b31
43470 put-down b1
43472 nop
43537 nop
43542 pick-up b31
43547 stack b31 b14
43552 nop
43589 nop
43665 nop
43671 pick-up b1
43675 stack b1 b31
43679 nop
43685 unstack b34 b18
43689 put-down b34
43694 nop
43722 nop
43730 pick-up b18
43733 stack b18 b1
43736 nop
43748 nop
43762 nop
43768 pick-up b34
43773 stack b34 b18
43775 nop
43789 nop
43800 nop
43805 pick-up b25
43807 stack b25 b34
43809 nop
43811 nop
43817 nop
43823 pick-up b27
43825 stack b27 b25
43827 nop
43845 nop
43848 nop
43853 unstack b41 b22
43855 stack b41 b27
43857 nop
43871 unstack b40 b17
43873 put-down b40
43875 nop
43894 unstack b41 b27
43896 put-down b41
43899 pick-up b17
43901 stack b17 b41
43903 nop
43917 nop
43935 nop
43941 pick-up b32
43943 stack b32 b17
43945 nop
43959 nop
43973 nop
43979 pick-up b16
43981 stack b16 b32
43983 nop
44001 nop
44016 nop
44021 pick-up b40
44023 stack b40 b16
44025 nop
44039 nop
44057 nop
44063 pick-up b12
44065 stack b12 b40
44067 nop
44093 nop
44108 nop
44113 pick-up b22
44115 stack b22 b12
44117 nop
44131 nop
44133 nop
44137 pick-up b13
44139 stack b13 b9
44141 nop
44147 nop
44149 nop
44153 pick-up b37
44155 stack b37 b8
root 75 77 80 84 89 95 102 110 119 129 140 152 165 179 194 198 202 220 239 243 264 286 309 333 358 385 413 441 469 497 525 553 581 609 637 665 693 720 747 775 779 808 838 869 901 934 968 1003
75 do_put_on b36 b21 -> m1_do_put_on 1041 1143 41559 1250
77 do_put_on b35 b36 -> m1_do_put_on 41565 41567 41569 1264
80 do_put_on b2 b35 -> m1_do_put_on 41579 41581 1282 1284
84 do_put_on b29 b2 -> m1_do_put_on 1292 41619 41622 1321
89 do_put_on b3 b29 -> m1_do_put_on 41631 41633 1337 1339
95 do_put_on b33 b3 -> m1_do_put_on 1348 41659 41662 1365
102 do_put_on b38 b33 -> m1_do_put_on 41671 41681 1389 1397
110 do_put_on b14 b38 -> m1_do_put_on 1407 41715 41725 1447
119 do_put_on b31 b14 -> m1_do_put_on 1456 41749 41763 1673
129 do_put_on b1 b31 -> m1_do_put_on 41773 41783 1697 1803
140 do_put_on b18 b1 -> m1_do_put_on 1810 41813 41823 1830
152 do_put_on b34 b18 -> m1_do_put_on 41833 41843 1855 1860
165 do_put_on b23 b24 -> m1_do_put_on 41859 41861 41871 1887
179 do_put_on b26 b23 -> m1_do_put_on 41879 41881 41884 1904
194 do_put_on b28 b26 -> m1_do_put_on 41893 41895 41898 1922
198 do_put_on b30 b28 -> m1_do_put_on 41907 41921 41924 2051
202 do_put_on b39 b30 -> m1_do_put_on 2058 41947 41962 2294
220 do_put_on b5 b39 -> m1_do_put_on 41971 41973 41979 2312
239 do_put_on b4 b5 -> m1_do_put_on 41989 41991 41993 2332
243 do_put_on b15 b4 -> m1_do_put_on 42003 42017 42019 2465
264 do_put_on b6 b10 -> m1_do_put_on 42029 42031 42033 2483
286 do_put_on b7 b6 -> m1_do_put_on 42041 42055 42058 2615
309 do_put_on b11 b7 -> m1_do_put_on 42067 42077 42091 2874
333 do_put_on b19 b11 -> m1_do_put_on 42101 42115 42125 3137
358 do_put_on b20 b19 -> m1_do_put_on 3146 42141 42156 3283
385 do_put_on b36 b21 -> m1_do_put_on 42169 3299 42324 3552
413 do_put_on b35 b36 -> m1_do_put_on 3557 42414 42489 3818
441 do_put_on b2 b35 -> m1_do_put_on 42505 42602 42674 4089
469 do_put_on b29 b2 -> m1_do_put_on 4099 42776 42873 4360
497 do_put_on b3 b29 -> m1_do_put_on 42885 42941 43023 4632
525 do_put_on b33 b3 -> m1_do_put_on 4643 43082 43136 4904
553 do_put_on b38 b33 -> m1_do_put_on 43155 43207 43246 5179
581 do_put_on b14 b38 -> m1_do_put_on 43267 43328 43374 5456
609 do_put_on b31 b14 -> m1_do_put_on 5467 43471 43536 5734
637 do_put_on b1 b31 -> m1_do_put_on 43551 43588 43664 6009
665 do_put_on b18 b1 -> m1_do_put_on 6017 43693 43721 6281
693 do_put_on b34 b18 -> m1_do_put_on 43735 43747 43761 6551
720 do_put_on b25 b34 -> m1_do_put_on 43774 43788 43799 6816
747 do_put_on b27 b25 -> m1_do_put_on 43808 43810 43816 6838
775 do_put_on b41 b27 -> m1_do_put_on 43826 43844 43847 6982
779 do_put_on b17 b41 -> m1_do_put_on 6991 43874 7125 7251
808 do_put_on b32 b17 -> m1_do_put_on 43902 43916 43934 7521
838 do_put_on b16 b32 -> m1_do_put_on 43944 43958 43972 7796
869 do_put_on b40 b16 -> m1_do_put_on 43982 44000 44015 8075
901 do_put_on b12 b40 -> m1_do_put_on 44024 44038 44056 8355
934 do_put_on b22 b12 -> m1_do_put_on 44066 44092 44107 8640
968 do_put_on b13 b9 -> m1_do_put_on 44116 44130 44132 8790
1003 do_put_on b37 b8 -> m1_do_put_on 44140 44146 44148 8811
1041 do_clear b36 -> m7_do_clear 8823 41542 41544
1143 do_clear b21 -> m7_do_clear 8981 41556 41558
1250 do_move b36 b21 -> m5_do_move 41562 41564
1264 do_move b35 b36 -> m5_do_move 41576 41578
1282 do_on_table b35 -> m2_do_on_table 41585 41587
1284 do_move b2 b35 -> m4_do_move 41590 41592
1292 do_clear b29 -> m7_do_clear 9090 41616 41618
1321 do_move b29 b2 -> m5_do_move 41628 41630
1337 do_on_table b29 -> m2_do_on_table 41641 41643
1339 do_move b3 b29 -> m4_do_move 41646 41648
1348 do_clear b33 -> m7_do_clear 9188 41656 41658
1365 do_move b33 b3 -> m5_do_move 41668 41670
1389 do_on_table b33 -> m2_do_on_table 41692 41695
1397 do_move b38 b33 -> m4_do_move 41698 41700
1407 do_clear b14 -> m7_do_clear 41701 41712 41714
1447 do_move b14 b38 -> m5_do_move 41732 41734
1456 do_clear b31 -> m7_do_clear 41735 41746 41748
1673 do_move b31 b14 -> m4_do_move 41770 41772
1697 do_on_table b31 -> m2_do_on_table 41798 41802
1803 do_move b1 b31 -> m4_do_move 41804 41806
1810 do_clear b18 -> m7_do_clear 41807 41810 41812
1830 do_move b18 b1 -> m4_do_move 41830 41832
1855 do_on_table b18 -> m2_do_on_table 41851 41853
1860 do_move b34 b18 -> m4_do_move 41856 41858
1887 do_move b23 b24 -> m4_do_move 41876 41878
1904 do_move b26 b23 -> m4_do_move 41890 41892
1922 do_move b28 b26 -> m4_do_move 41904 41906
2051 do_move b30 b28 -> m4_do_move 41930 41932
2058 do_clear b39 -> m7_do_clear 41933 41944 41946
2294 do_move b39 b30 -> m5_do_move 41968 41970
2312 do_move b5 b39 -> m4_do_move 41986 41988
2332 do_move b4 b5 -> m4_do_move 42000 42002
2465 do_move b15 b4 -> m4_do_move 42026 42028
2483 do_move b6 b10 -> m5_do_move 42038 42040
2615 do_move b7 b6 -> m4_do_move 42064 42066
2874 do_move b11 b7 -> m4_do_move 42098 42100
3137 do_move b19 b11 -> m4_do_move 42132 42134
3146 do_clear b20 -> m7_do_clear 42135 42138 42140
3283 do_move b20 b19 -> m4_do_move 42162 42164
3299 do_clear b21 -> m7_do_clear 42248 42320 42323
3552 do_move b36 b21 -> m4_do_move 42328 42332
3557 do_clear b35 -> m7_do_clear 42335 42405 42408
3818 do_move b35 b36 -> m4_do_move 42497 42501
4089 do_move b2 b35 -> m4_do_move 42682 42687
4099 do_clear b29 -> m7_do_clear 42695 42770 42772
4360 do_move b29 b2 -> m4_do_move 42880 42883
4632 do_move b3 b29 -> m4_do_move 43033 43036
4643 do_clear b33 -> m7_do_clear 14057 43078 43080
4904 do_move b33 b3 -> m4_do_move 43143 43147
5179 do_move b38 b33 -> m4_do_move 43253 43257
5456 do_move b14 b38 -> m4_do_move 43384 43387
5467 do_clear b31 -> m7_do_clear 43389 43466 43470
5734 do_move b31 b14 -> m4_do_move 43542 43547
6009 do_move b1 b31 -> m4_do_move 43671 43675
6017 do_clear b18 -> m7_do_clear 43678 43685 43689
6281 do_move b18 b1 -> m4_do_move 43730 43733
6551 do_move b34 b18 -> m4_do_move 43768 43773
6816 do_move b25 b34 -> m4_do_move 43805 43807
6838 do_move b27 b25 -> m4_do_move 43823 43825
6982 do_move b41 b27 -> m5_do_move 43853 43855
6991 do_clear b17 -> m7_do_clear 43856 43871 43873
7125 do_on_table b41 -> m2_do_on_table 43894 43896
7251 do_move b17 b41 -> m4_do_move 43899 43901
7521 do_move b32 b17 -> m4_do_move 43941 43943
7796 do_move b16 b32 -> m4_do_move 43979 43981
8075 do_move b40 b16 -> m4_do_move 44021 44023
8355 do_move b12 b40 -> m4_do_move 44063 44065
8640 do_move b22 b12 -> m4_do_move 44113 44115
8790 do_move b13 b9 -> m4_do_move 44137 44139
8811 do_move b37 b8 -> m4_do_move 44153 44155
8823 do_clear b2 -> m7_do_clear 20315 41538 41540
8981 do_clear b38 -> m7_do_clear 20345 41552 41554
9090 do_clear b24 -> m7_do_clear 20397 41612 41614
9188 do_clear b37 -> m7_do_clear 41649 41652 41654
14057 do_clear b38 -> m7_do_clear 43038 43072 43074
20315 do_clear b3 -> m7_do_clear 26190 41534 41536
20345 do_clear b19 -> m7_do_clear 41545 41548 41550
20397 do_clear b11 -> m7_do_clear 26275 41608 41610
26190 do_clear b23 -> m7_do_clear 29871 41530 41532
26275 do_clear b34 -> m7_do_clear 29955 41604 41606
29871 do_clear b10 -> m7_do_clear 33129 41526 41528
29955 do_clear b32 -> m7_do_clear 33213 41600 41602
33129 do_clear b4 -> m7_do_clear 36156 41522 41524
33213 do_clear b12 -> m7_do_clear 41593 41596 41598
36156 do_clear b1 -> m7_do_clear 38843 41518 41520
38843 do_clear b25 -> m7_do_clear 41506 41509 41511
41506 do_clear b5 -> m6_do_clear 41507
41545 do_clear b28 -> m6_do_clear 41546
41559 do_on_table b21 -> m3_do_on_table 41560
41565 do_clear b35 -> m6_do_clear 41566
41567 do_clear b36 -> m6_do_clear 41568
41569 do_on_table b36 -> m3_do_on_table 41570
41579 do_clear b2 -> m6_do_clear 41580
41581 do_clear b35 -> m6_do_clear 41582
41593 do_clear b26 -> m6_do_clear 41594
41619 do_clear b2 -> m6_do_clear 41620
41622 do_on_table b2 -> m3_do_on_table 41623
41631 do_clear b3 -> m6_do_clear 41632
41633 do_clear b29 -> m6_do_clear 41634
41649 do_clear b8 -> m6_do_clear 41650
41659 do_clear b3 -> m6_do_clear 41660
41662 do_on_table b3 -> m3_do_on_table 41663
41671 do_clear b38 -> m6_do_clear 41672
41681 do_clear b33 -> m6_do_clear 41682
41701 do_clear b15 -> m6_do_clear 41702
41715 do_clear b38 -> m6_do_clear 41716
41725 do_on_table b38 -> m3_do_on_table 41726
41735 do_clear b7 -> m6_do_clear 41736
41749 do_clear b14 -> m6_do_clear 41750
41763 do_on_table b14 -> m3_do_on_table 41764
41773 do_clear b1 -> m6_do_clear 41774
41783 do_clear b31 -> m6_do_clear 41784
41807 do_clear b9 -> m6_do_clear 41808
41813 do_clear b1 -> m6_do_clear 41814
41823 do_on_table b1 -> m3_do_on_table 41824
41833 do_clear b34 -> m6_do_clear 41834
41843 do_clear b18 -> m6_do_clear 41844
41859 do_clear b23 -> m6_do_clear 41860
41861 do_clear b24 -> m6_do_clear 41862
41871 do_on_table b24 -> m3_do_on_table 41872
41879 do_clear b26 -> m6_do_clear 41880
41881 do_clear b23 -> m6_do_clear 41882
41884 do_on_table b23 -> m3_do_on_table 41885
41893 do_clear b28 -> m6_do_clear 41894
41895 do_clear b26 -> m6_do_clear 41896
41898 do_on_table b26 -> m3_do_on_table 41899
41907 do_clear b30 -> m6_do_clear 41908
41921 do_clear b28 -> m6_do_clear 41922
41924 do_on_table b28 -> m3_do_on_table 41925
41933 do_clear b13 -> m6_do_clear 41934
41947 do_clear b30 -> m6_do_clear 41948
41962 do_on_table b30 -> m3_do_on_table 41963
41971 do_clear b5 -> m6_do_clear 41972
41973 do_clear b39 -> m6_do_clear 41974
41979 do_on_table b39 -> m3_do_on_table 41980
41989 do_clear b4 -> m6_do_clear 41990
41991 do_clear b5 -> m6_do_clear 41992
41993 do_on_table b5 -> m3_do_on_table 41994
42003 do_clear b15 -> m6_do_clear 42004
42017 do_clear b4 -> m6_do_clear 42018
42019 do_on_table b4 -> m3_do_on_table 42020
42029 do_clear b6 -> m6_do_clear 42030
42031 do_clear b10 -> m6_do_clear 42032
42033 do_on_table b10 -> m3_do_on_table 42034
42041 do_clear b7 -> m6_do_clear 42042
42055 do_clear b6 -> m6_do_clear 42056
42058 do_on_table b6 -> m3_do_on_table 42059
42067 do_clear b11 -> m6_do_clear 42068
42077 do_clear b7 -> m6_do_clear 42078
42091 do_on_table b7 -> m3_do_on_table 42092
42101 do_clear b19 -> m6_do_clear 42102
42115 do_clear b11 -> m6_do_clear 42116
42125 do_on_table b11 -> m3_do_on_table 42126
42135 do_clear b27 -> m6_do_clear 42136
42141 do_clear b19 -> m6_do_clear 42142
42156 do_on_table b19 -> m3_do_on_table 42157
42169 do_clear b36 -> m6_do_clear 42170
42248 do_clear b36 -> m6_do_clear 42249
42324 do_on_table b21 -> m3_do_on_table 42325
42335 do_clear b2 -> m6_do_clear 42336
42414 do_clear b36 -> m6_do_clear 42415
42489 do_on_table b36 -> m3_do_on_table 42490
42505 do_clear b2 -> m6_do_clear 42506
42602 do_clear b35 -> m6_do_clear 42603
42674 do_on_table b35 -> m3_do_on_table 42675
42695 do_clear b3 -> m6_do_clear 42696
42776 do_clear b2 -> m6_do_clear 42777
42873 do_on_table b2 -> m3_do_on_table 42874
42885 do_clear b3 -> m6_do_clear 42886
42941 do_clear b29 -> m6_do_clear 42942
43023 do_on_table b29 -> m3_do_on_table 43024
43038 do_clear b14 -> m6_do_clear 43039
43082 do_clear b3 -> m6_do_clear 43083
43136 do_on_table b3 -> m3_do_on_table 43137
43155 do_clear b38 -> m6_do_clear 43156
43207 do_clear b33 -> m6_do_clear 43208
43246 do_on_table b33 -> m3_do_on_table 43247
43267 do_clear b14 -> m6_do_clear 43268
43328 do_clear b38 -> m6_do_clear 43329
43374 do_on_table b38 -> m3_do_on_table 43375
43389 do_clear b1 -> m6_do_clear 43390
43471 do_clear b14 -> m6_do_clear 43472
43536 do_on_table b14 -> m3_do_on_table 43537
43551 do_clear b1 -> m6_do_clear 43552
43588 do_clear b31 -> m6_do_clear 43589
43664 do_on_table b31 -> m3_do_on_table 43665
43678 do_clear b34 -> m6_do_clear 43679
43693 do_clear b1 -> m6_do_clear 43694
43721 do_on_table b1 -> m3_do_on_table 43722
43735 do_clear b34 -> m6_do_clear 43736
43747 do_clear b18 -> m6_do_clear 43748
43761 do_on_table b18 -> m3_do_on_table 43762
43774 do_clear b25 -> m6_do_clear 43775
43788 do_clear b34 -> m6_do_clear 43789
43799 do_on_table b34 -> m3_do_on_table 43800
43808 do_clear b27 -> m6_do_clear 43809
43810 do_clear b25 -> m6_do_clear 43811
43816 do_on_table b25 -> m3_do_on_table 43817
43826 do_clear b41 -> m6_do_clear 43827
43844 do_clear b27 -> m6_do_clear 43845
43847 do_on_table b27 -> m3_do_on_table 43848
43856 do_clear b40 -> m6_do_clear 43857
43874 do_clear b41 -> m6_do_clear 43875
43902 do_clear b32 -> m6_do_clear 43903
43916 do_clear b17 -> m6_do_clear 43917
43934 do_on_table b17 -> m3_do_on_table 43935
43944 do_clear b16 -> m6_do_clear 43945
43958 do_clear b32 -> m6_do_clear 43959
43972 do_on_table b32 -> m3_do_on_table 43973
43982 do_clear b40 -> m6_do_clear 43983
44000 do_clear b16 -> m6_do_clear 44001
44015 do_on_table b16 -> m3_do_on_table 44016
44024 do_clear b12 -> m6_do_clear 44025
44038 do_clear b40 -> m6_do_clear 44039
44056 do_on_table b40 -> m3_do_on_table 44057
44066 do_clear b22 -> m6_do_clear 44067
44092 do_clear b12 -> m6_do_clear 44093
44107 do_on_table b12 -> m3_do_on_table 44108
44116 do_clear b13 -> m6_do_clear 44117
44130 do_clear b9 -> m6_do_clear 44131
44132 do_on_table b9 -> m3_do_on_table 44133
44140 do_clear b37 -> m6_do_clear 44141
44146 do_clear b8 -> m6_do_clear 44147
44148 do_on_table b8 -> m3_do_on_table 44149
<==
1.338 End of solution plan. (counted length of 310)
1.338 Total amount of clauses encoded: 138204
1.338 - directframeaxioms : 96882 cls
1.338 - expansions : 11040 cls
1.338 - predecessors : 9928 cls
1.338 - atmostoneelement : 7503 cls
1.338 - actioneffects : 3019 cls
1.338 - actionconstraints : 3017 cls
1.338 - qfactsemantics : 2508 cls
1.338 - reductionconstraints : 1737 cls
1.338 - indirectframeaxioms : 1492 cls
1.338 - substitutionconstraints : 420 cls
1.338 - forbiddenoperations : 403 cls
1.338 - truefacts : 191 cls
1.338 - qconstequality : 62 cls
1.338 - axiomaticops : 2 cls
1.338 # instantiated positions: 5921
1.338 # instantiated actions: 9760
1.338 # instantiated reductions: 480
1.338 # introduced pseudo-constants: 124
1.338 # retroactive prunings: 104
1.338 # retroactively pruned operations: 580
1.338 # dominated operations: 2
1.338 # total invalid rigid preconditions found in getPFC: 0
1.338 # invalid rigid preconditions found in getPFC: 0
1.338 # invalid rigid preconditions found in getPFC in varrestrictions: 0
1.338 # total invalid fluent preconditions found in getPFC: 229
1.338 # invalid fluent preconditions found in getPFC: 45
1.338 # invalid fluent preconditions found in getPFC in varrestrictions: 177
1.338 # invalid fluent preconditions found in getPFC via postconditions: 7
1.338 # invalid subtasks found in getPFC: 6
1.338 # number effects in operation fact_frames: 694
1.338 Exiting happily.

RUNWATCH_RESULT EXIT RETVAL 0 TIME_SECS 1.37256 MEMPEAK_KBS 240956
