    _           _         _
   \ |         \ |       | |                       
   | |     __  | |      _| |______                
   | |     \/  | |     /_   ______\                
   | |      _  | |   __  | |  ___   ___   ___       
   | |___  | | | |  / .\ | | / , | |   \ / ·_\    
   \_____\ |_| |__\ \__/ |_| \___) |_|_| \___\  
[39mL i l o t a n e  version rls-glucose4
by Dominik Schreiber <dominik.schreiber@kit.edu> 2020-2021
using SAT solver glucose4

0.004 Parser finished.
0.004 Structures extracted.
0.004 19 operators and 15 methods created.
0.016 Mined 11 new reduction preconditions (+32.4%).
0.016 Iteration 0.
0.016 Creating initial layer of size 2
0.018 Attempting to solve formula with 17 clauses (24 literals) and 1 assumptions
0.018 Unsolvable at layer 0 -- expanding.
0.018 Iteration 1.
0.018 New layer size: 2
0.018 Instantiating ...
0.026 Collected 7 relevant facts at this layer
0.026 Encoding ...
0.026 Attempting to solve formula with 49 clauses (96 literals) and 1 assumptions
0.026 Unsolvable at layer 1 -- expanding.
0.026 Iteration 2.
0.026 New layer size: 3
0.026 Instantiating ...
0.070 Collected 20 relevant facts at this layer
0.070 Encoding ...
0.070 Attempting to solve formula with 361 clauses (880 literals) and 1 assumptions
0.071 Unsolvable at layer 2 -- expanding.
0.071 Iteration 3.
0.071 New layer size: 6
0.071 Instantiating ...
0.191 Collected 49 relevant facts at this layer
0.191 Encoding ...
0.192 Attempting to solve formula with 1697 clauses (4672 literals) and 3 assumptions
0.193 Unsolvable at layer 3 -- expanding.
0.193 Iteration 4.
0.193 New layer size: 11
0.193 Instantiating ...
0.421 Collected 49 relevant facts at this layer
0.421 Encoding ...
0.424 Attempting to solve formula with 4571 clauses (13228 literals) and 5 assumptions
0.424 Unsolvable at layer 4 -- expanding.
0.424 Iteration 5.
0.424 New layer size: 22
0.424 Instantiating ...
0.889 Collected 49 relevant facts at this layer
0.889 Encoding ...
0.895 Attempting to solve formula with 10632 clauses (31362 literals) and 11 assumptions
0.895 Unsolvable at layer 5 -- expanding.
0.895 Iteration 6.
0.895 New layer size: 43
0.895 Instantiating ...
1.823 Collected 49 relevant facts at this layer
1.823 Encoding ...
1.836 Attempting to solve formula with 22898 clauses (68235 literals) and 21 assumptions
1.839 Unsolvable at layer 6 -- expanding.
1.839 Iteration 7.
1.839 New layer size: 86
1.839 Instantiating ...
3.701 Collected 49 relevant facts at this layer
3.701 Encoding ...
3.728 Attempting to solve formula with 47700 clauses (142788 literals) and 43 assumptions
3.729 Unsolvable at layer 7 -- expanding.
3.729 Iteration 8.
3.729 New layer size: 171
3.729 Instantiating ...
7.415 Collected 49 relevant facts at this layer
7.415 Encoding ...
7.478 Attempting to solve formula with 97446 clauses (292493 literals) and 85 assumptions
7.480 Unsolvable at layer 8 -- expanding.
7.480 Iteration 9.
7.480 New layer size: 342
7.480 Instantiating ...
14.931 Collected 49 relevant facts at this layer
14.931 Encoding ...
15.061 Attempting to solve formula with 197208 clauses (592710 literals) and 171 assumptions
15.071 Unsolvable at layer 9 -- expanding.
15.071 Iteration 10.
15.072 New layer size: 683
15.072 Instantiating ...
29.986 Collected 49 relevant facts at this layer
29.986 Encoding ...
30.280 Attempting to solve formula with 396874 clauses (1193743 literals) and 341 assumptions
30.300 Unsolvable at layer 10 -- expanding.
30.301 Iteration 11.
30.301 New layer size: 1366
30.301 Instantiating ...
60.085 Collected 49 relevant facts at this layer
60.085 Encoding ...
60.601 Attempting to solve formula with 796476 clauses (2396616 literals) and 683 assumptions
60.680 Unsolvable at layer 11 -- expanding.
60.680 Iteration 12.
60.681 New layer size: 2731
60.681 Instantiating ...
120.170 Collected 49 relevant facts at this layer
120.170 Encoding ...
121.172 Attempting to solve formula with 1595822 clauses (4802961 literals) and 1365 assumptions
121.383 Unsolvable at layer 12 -- expanding.
121.383 Iteration 13.
121.384 New layer size: 5462
121.384 Instantiating ...
240.509 Collected 49 relevant facts at this layer
240.509 Encoding ...
242.751 Attempting to solve formula with 3194784 clauses (9616458 literals) and 2731 assumptions
c last restart ## conflicts  :  18 138643 
243.116 Found a solution at layer 13.
==>
249518 unstack b3 b5
249523 mark_done b3
249530 putdown b3
374399 unstack b5 b4
374409 putdown b5
374417 pickup b1
374426 delete_goal_on b1 b3
374430 mark_done b1
382207 stack b1 b3
386132 unstack b4 b2
386140 mark_done b4
386148 putdown b4
388066 pickup b5
388071 delete_goal_on b5 b4
388079 mark_done b5
388535 stack b5 b4
388795 pickup b2
388805 delete_goal_on b2 b5
388815 mark_done b2
388901 stack b2 b5
root 20
20 achieve-goals -> unstack-block 249517 59
59 release -> release-table-done 249523 249529 247
247 achieve-goals -> unstack-block 374398 696
696 release -> release-table 374408 1339
1339 achieve-goals -> pickup-ready-block 374416 2850
2850 release -> release-stack 374426 374430 382206 5854
5854 achieve-goals -> unstack-block 386131 11949
11949 release -> release-table-done 386140 386147 24016
24016 achieve-goals -> pickup-ready-block 388065 48394
48394 release -> release-stack 388071 388079 388534 96972
96972 achieve-goals -> pickup-ready-block 388794 194371
194371 release -> release-stack 388805 388815 388900 388984
249517 acquire_abstract b3 -> newMethod12 249518
249529 putdown_abstract b3 -> newMethod10 249530
374398 acquire_abstract b5 -> newMethod12 374399
374408 putdown_abstract b5 -> newMethod10 374409
374416 acquire_abstract b1 -> newMethod9 374417
382206 stack_abstract b1 b3 -> newMethod11 382207
386131 acquire_abstract b4 -> newMethod12 386132
386147 putdown_abstract b4 -> newMethod10 386148
388065 acquire_abstract b5 -> newMethod9 388066
388534 stack_abstract b5 b4 -> newMethod11 388535
388794 acquire_abstract b2 -> newMethod9 388795
388900 stack_abstract b2 b5 -> newMethod11 388901
388984 achieve-goals -> setdone
<==
243.220 End of solution plan. (counted length of 20)
243.220 Total amount of clauses encoded: 3194784
243.220 - directframeaxioms : 793784 cls
243.220 - qfactsemantics : 654330 cls
243.220 - reductionconstraints : 630613 cls
243.220 - indirectframeaxioms : 434031 cls
243.220 - atmostoneelement : 269261 cls
243.220 - expansions : 89323 cls
243.220 - predecessors : 79102 cls
243.220 - substitutionconstraints : 68301 cls
243.220 - actionconstraints : 66801 cls
243.220 - qconstequality : 61412 cls
243.220 - actioneffects : 47775 cls
243.220 - truefacts : 49 cls
243.220 - axiomaticops : 2 cls
243.220 # instantiated positions: 10929
243.220 # instantiated actions: 43611
243.220 # instantiated reductions: 35492
243.220 # introduced pseudo-constants: 13656
243.220 # retroactive prunings: 0
243.220 # retroactively pruned operations: 0
243.220 # dominated operations: 3
243.220 # total invalid rigid preconditions found in getPFC: 0
243.220 # invalid rigid preconditions found in getPFC: 0
243.220 # invalid rigid preconditions found in getPFC in varrestrictions: 0
243.220 # total invalid fluent preconditions found in getPFC: 54
243.220 # invalid fluent preconditions found in getPFC: 48
243.220 # invalid fluent preconditions found in getPFC in varrestrictions: 5
243.220 # invalid fluent preconditions found in getPFC via postconditions: 1
243.220 # invalid subtasks found in getPFC: 0
243.220 # number effects in operation fact_frames: 205
243.220 Exiting happily.

RUNWATCH_RESULT EXIT RETVAL 0 TIME_SECS 243.301 MEMPEAK_KBS 1016720
