    _           _         _
   \ |         \ |       | |                       
   | |     __  | |      _| |______                
   | |     \/  | |     /_   ______\                
   | |      _  | |   __  | |  ___   ___   ___       
   | |___  | | | |  / .\ | | / , | |   \ / ·_\    
   \_____\ |_| |__\ \__/ |_| \___) |_|_| \___\  
[39mL i l o t a n e  version rls-glucose4
by Dominik Schreiber <dominik.schreiber@kit.edu> 2020-2021
using SAT solver glucose4

0.006 Parser finished.
0.006 Structures extracted.
0.007 27 operators and 21 methods created.
0.011 Mined 7 new reduction preconditions (+11.5%).
0.011 Iteration 0.
0.011 Creating initial layer of size 2
0.012 Attempting to solve formula with 11 clauses (15 literals) and 1 assumptions
0.012 Unsolvable at layer 0 -- expanding.
0.012 Iteration 1.
0.012 New layer size: 2
0.012 Instantiating ...
0.013 Collected 4 relevant facts at this layer
0.013 Encoding ...
0.013 Attempting to solve formula with 98 clauses (228 literals) and 1 assumptions
0.013 Unsolvable at layer 1 -- expanding.
0.013 Iteration 2.
0.013 New layer size: 3
0.013 Instantiating ...
0.013 Collected 12 relevant facts at this layer
0.014 Encoding ...
0.014 Attempting to solve formula with 199 clauses (465 literals) and 2 assumptions
0.014 Unsolvable at layer 2 -- expanding.
0.014 Iteration 3.
0.014 New layer size: 4
0.014 Instantiating ...
0.014 Retroactively prune action (__SURROGATE*m7_bring_tent*drive_tent* place0 Q_3,0_person:0_1123ee45dc5c9c5d Q_3,0_place:0_4935266376d521ae Q_3,0_car:0_ff8da3aefa9629ac Q_3,0_tent:0_45231640fc84823) due to impossible effect !(at_car Q_3,0_car:0_ff8da3aefa9629ac Q_3,0_place:0_4935266376d521ae)
0.015 Collected 16 relevant facts at this layer
0.015 Encoding ...
0.015 Attempting to solve formula with 501 clauses (1229 literals) and 3 assumptions
0.015 Unsolvable at layer 3 -- expanding.
0.015 Iteration 4.
0.015 New layer size: 7
0.015 Instantiating ...
0.018 Collected 25 relevant facts at this layer
0.018 Encoding ...
0.019 Attempting to solve formula with 1134 clauses (3142 literals) and 3 assumptions
0.019 Unsolvable at layer 4 -- expanding.
0.019 Iteration 5.
0.019 New layer size: 17
0.019 Instantiating ...
0.025 Collected 50 relevant facts at this layer
0.025 Encoding ...
0.027 Attempting to solve formula with 2996 clauses (8473 literals) and 6 assumptions
0.027 Unsolvable at layer 5 -- expanding.
0.027 Iteration 6.
0.027 New layer size: 37
0.027 Instantiating ...
0.040 Collected 71 relevant facts at this layer
0.040 Encoding ...
0.045 Attempting to solve formula with 7436 clauses (21194 literals) and 12 assumptions
0.046 Unsolvable at layer 6 -- expanding.
0.046 Iteration 7.
0.046 New layer size: 77
0.046 Instantiating ...
0.072 Collected 109 relevant facts at this layer
0.072 Encoding ...
0.086 Attempting to solve formula with 18206 clauses (52026 literals) and 24 assumptions
0.086 Unsolvable at layer 7 -- expanding.
0.086 Iteration 8.
0.087 New layer size: 164
0.087 Instantiating ...
0.140 Collected 134 relevant facts at this layer
0.140 Encoding ...
0.173 Attempting to solve formula with 43701 clauses (124884 literals) and 48 assumptions
0.175 Unsolvable at layer 8 -- expanding.
0.175 Iteration 9.
0.175 New layer size: 324
0.175 Instantiating ...
0.224 Retroactively prune reduction (m2_trip_to2 Q_1,0_couple:0_7c2ba552d3012b49 place4 place1 place5)@(8,76): no children at offset 1
0.252 Retroactively prune reduction (m2_trip_to2 Q_1,0_couple:0_7c2ba552d3012b49 place4 place2 place5)@(8,116): no children at offset 1
0.266 Retroactively prune reduction (m2_trip_to2 Q_1,0_couple:0_7c2ba552d3012b49 place4 place3 place5)@(8,136): no children at offset 1
0.272 Retroactively prune reduction (m2_trip_to2 Q_1,0_couple:0_7c2ba552d3012b49 place4 place4 place5)@(8,146): no children at offset 1
0.279 Collected 134 relevant facts at this layer
0.279 Encoding ...
0.340 Attempting to solve formula with 86945 clauses (238024 literals) and 53 assumptions
0.342 Unsolvable at layer 9 -- expanding.
0.342 Iteration 10.
0.342 New layer size: 631
0.342 Instantiating ...
0.388 Retroactively prune reduction (m2_trip_to2 Q_1,0_couple:0_7c2ba552d3012b49 place4 place1 place5)@(9,77): no children at offset 1
0.418 Retroactively prune reduction (m2_trip_to2 Q_1,0_couple:0_7c2ba552d3012b49 place4 place2 place5)@(9,197): no children at offset 1
0.435 Retroactively prune reduction (m2_trip_to2 Q_1,0_couple:0_7c2ba552d3012b49 place4 place3 place5)@(9,257): no children at offset 1
0.444 Retroactively prune reduction (m2_trip_to2 Q_1,0_couple:0_7c2ba552d3012b49 place4 place4 place5)@(9,287): no children at offset 1
0.454 Collected 134 relevant facts at this layer
0.454 Encoding ...
0.534 Attempting to solve formula with 133011 clauses (358935 literals) and 58 assumptions
0.537 Unsolvable at layer 10 -- expanding.
0.537 Iteration 11.
0.538 New layer size: 943
0.538 Instantiating ...
0.586 Retroactively prune reduction (m2_trip_to2 Q_1,0_couple:0_7c2ba552d3012b49 place4 place1 place5)@(10,78): no children at offset 1
0.622 Retroactively prune reduction (m2_trip_to2 Q_1,0_couple:0_7c2ba552d3012b49 place4 place2 place5)@(10,357): no children at offset 1
0.641 Retroactively prune reduction (m2_trip_to2 Q_1,0_couple:0_7c2ba552d3012b49 place4 place3 place5)@(10,496): no children at offset 1
0.653 Retroactively prune reduction (m2_trip_to2 Q_1,0_couple:0_7c2ba552d3012b49 place4 place4 place5)@(10,565): no children at offset 1
0.667 Collected 134 relevant facts at this layer
0.667 Encoding ...
0.773 Attempting to solve formula with 181921 clauses (487349 literals) and 63 assumptions
0.780 Unsolvable at layer 11 -- expanding.
0.780 Iteration 12.
0.781 New layer size: 1260
0.781 Instantiating ...
0.826 Retroactively prune reduction (m2_trip_to2 Q_1,0_couple:0_7c2ba552d3012b49 place4 place1 place5)@(11,79): no children at offset 1
0.865 Retroactively prune reduction (m2_trip_to2 Q_1,0_couple:0_7c2ba552d3012b49 place4 place2 place5)@(11,518): no children at offset 1
0.888 Retroactively prune reduction (m2_trip_to2 Q_1,0_couple:0_7c2ba552d3012b49 place4 place3 place5)@(11,737): no children at offset 1
0.903 Retroactively prune reduction (m2_trip_to2 Q_1,0_couple:0_7c2ba552d3012b49 place4 place4 place5)@(11,846): no children at offset 1
0.923 Collected 134 relevant facts at this layer
0.923 Encoding ...
1.049 Attempting to solve formula with 233725 clauses (623366 literals) and 68 assumptions
c last restart ## conflicts  :  118 15999 
1.123 Found a solution at layer 12.
==>
51635 put_down guy3 place0 tent1
51642 nop
51729 drive_tent guy0 place0 place1 car0 tent0
58720 drive girl0 place0 place1 car2
59015 put_up guy0 place1 tent0
59018 drive_passenger girl0 place1 place0 car2 guy0
59022 walk_together tent0 place1 guy3 place0 girl3 couple3
59027 walk_together tent0 place1 guy0 place0 girl0 couple0
59030 walk_together tent0 place1 guy1 place0 girl1 couple1
59034 walk_together tent0 place1 guy2 place0 girl2 couple2
59037 nop
59108 put_down girl0 place1 tent0
59111 drive_passenger guy0 place1 place0 car0 girl0
59114 drive guy0 place0 place1 car0
59117 drive girl0 place0 place1 car2
59126 drive_tent guy0 place1 place2 car0 tent0
62479 drive girl0 place1 place2 car2
62616 put_up guy0 place2 tent0
62620 drive_passenger girl0 place2 place1 car2 guy0
62623 walk_together tent0 place2 guy0 place1 girl0 couple0
62627 walk_together tent0 place2 guy3 place1 girl3 couple3
62631 walk_together tent0 place2 guy2 place1 girl2 couple2
62635 walk_together tent0 place2 guy1 place1 girl1 couple1
62638 nop
62701 put_down girl0 place2 tent0
62705 drive_passenger guy0 place2 place1 car0 girl0
62707 drive guy0 place1 place2 car0
62711 drive girl0 place1 place2 car2
62714 nop
62952 drive_tent guy0 place2 place3 car2 tent0
64836 drive girl0 place2 place3 car0
64895 put_up guy0 place3 tent0
64898 drive_passenger girl0 place3 place2 car0 guy0
64901 walk_together tent0 place3 guy0 place2 girl0 couple0
64905 walk_together tent0 place3 guy1 place2 girl1 couple1
64911 walk_together tent0 place3 guy3 place2 girl3 couple3
64915 walk_together tent0 place3 guy2 place2 girl2 couple2
64918 nop
64980 put_down girl0 place3 tent0
64983 drive_passenger guy0 place3 place2 car2 girl0
64986 drive guy0 place2 place3 car2
64989 drive girl0 place2 place3 car0
64993 drive_tent guy0 place3 place4 car0 tent0
66020 drive girl0 place3 place4 car2
66042 put_up guy0 place4 tent0
66044 drive_passenger girl0 place4 place3 car2 guy0
66048 walk_together tent0 place4 guy3 place3 girl3 couple3
66051 walk_together tent0 place4 guy1 place3 girl1 couple1
66055 walk_together tent0 place4 guy2 place3 girl2 couple2
66059 walk_together tent0 place4 guy0 place3 girl0 couple0
66063 nop
66122 put_down girl0 place4 tent0
66126 drive_passenger guy0 place4 place3 car0 girl0
66129 drive guy0 place3 place4 car0
66131 drive girl0 place3 place4 car2
66138 drive_tent guy0 place4 place5 car2 tent0
66819 drive girl0 place4 place5 car0
66821 put_up guy0 place5 tent0
66824 drive_passenger girl0 place5 place4 car0 guy0
66827 walk_together tent0 place5 guy0 place4 girl0 couple0
66831 walk_together tent0 place5 guy3 place4 girl3 couple3
66835 walk_together tent0 place5 guy2 place4 girl2 couple2
66839 walk_together tent0 place5 guy1 place4 girl1 couple1
66843 nop
66902 put_down girl0 place5 tent0
66906 drive_passenger guy0 place5 place4 car2 girl0
66908 drive guy0 place4 place5 car2
66911 drive girl0 place4 place5 car0
root 13
13 everyone_go_hiking place5 -> m14_everyone_go_hiking 37 47
37 prepare_trip place0 -> m6_prepare_trip 51634 51641
47 trip_to1 couple0 place5 -> m0_trip_to1 158
158 trip_to2 couple0 place0 place5 -> m2_trip_to2 257 300
257 trip_to2 couple0 place0 place1 -> m3_trip_to2 51729 58720 59015 59018 595 59108 59111 59114 59117
300 trip_to2 couple0 place1 place5 -> m2_trip_to2 764 820
595 walk_everyone tent0 place1 place0 -> m5_walk_everyone 59022 1525
764 trip_to2 couple0 place1 place2 -> m2_trip_to2 1599 62713
820 trip_to2 couple0 place2 place5 -> m2_trip_to2 1986 2042
1525 walk_everyone tent0 place1 place0 -> m5_walk_everyone 59027 3668
1599 trip_to2 couple0 place1 place2 -> m3_trip_to2 59126 62479 62616 62620 4034 62701 62705 62707 62711
1986 trip_to2 couple0 place2 place3 -> m3_trip_to2 62952 64836 64895 64898 4782 64980 64983 64986 64989
2042 trip_to2 couple0 place3 place5 -> m2_trip_to2 4952 5007
3668 walk_everyone tent0 place1 place0 -> m5_walk_everyone 59030 8468
4034 walk_everyone tent0 place2 place1 -> m5_walk_everyone 62623 9278
4782 walk_everyone tent0 place3 place2 -> m5_walk_everyone 64901 10898
4952 trip_to2 couple0 place3 place4 -> m3_trip_to2 64993 66020 66042 66044 11316 66122 66126 66129 66131
5007 trip_to2 couple0 place4 place5 -> m3_trip_to2 66138 66819 66821 66824 11728 66902 66906 66908 66911
8468 walk_everyone tent0 place1 place0 -> m5_walk_everyone 59034 59036
9278 walk_everyone tent0 place2 place1 -> m5_walk_everyone 62627 19679
10898 walk_everyone tent0 place3 place2 -> m5_walk_everyone 64905 22755
11316 walk_everyone tent0 place4 place3 -> m5_walk_everyone 66048 23535
11728 walk_everyone tent0 place5 place4 -> m5_walk_everyone 66827 24033
19679 walk_everyone tent0 place2 place1 -> m5_walk_everyone 62631 33812
22755 walk_everyone tent0 place3 place2 -> m5_walk_everyone 64911 35797
23535 walk_everyone tent0 place4 place3 -> m5_walk_everyone 66051 36711
24033 walk_everyone tent0 place5 place4 -> m5_walk_everyone 66831 37299
33812 walk_everyone tent0 place2 place1 -> m5_walk_everyone 62635 62637
35797 walk_everyone tent0 place3 place2 -> m5_walk_everyone 64915 64917
36711 walk_everyone tent0 place4 place3 -> m5_walk_everyone 66055 50881
37299 walk_everyone tent0 place5 place4 -> m5_walk_everyone 66835 51563
50881 walk_everyone tent0 place4 place3 -> m5_walk_everyone 66059 66062
51563 walk_everyone tent0 place5 place4 -> m5_walk_everyone 66839 66842
51634 bring_tent place0 -> m10_bring_tent 51635
51641 bring_cars place0 -> m11_bring_cars 51642
59036 walk_everyone tent0 place1 place0 -> m4_walk_everyone 59037
62637 walk_everyone tent0 place2 place1 -> m4_walk_everyone 62638
62713 trip_to2 couple0 place2 place2 -> m1_trip_to2 62714
64917 walk_everyone tent0 place3 place2 -> m4_walk_everyone 64918
66062 walk_everyone tent0 place4 place3 -> m4_walk_everyone 66063
66842 walk_everyone tent0 place5 place4 -> m4_walk_everyone 66843
<==
1.147 End of solution plan. (counted length of 68)
1.147 Total amount of clauses encoded: 233725
1.147 - directframeaxioms : 128090 cls
1.147 - qfactsemantics : 34302 cls
1.147 - reductionconstraints : 19998 cls
1.147 - indirectframeaxioms : 16678 cls
1.147 - substitutionconstraints : 7422 cls
1.147 - qconstequality : 6768 cls
1.147 - expansions : 6284 cls
1.147 - predecessors : 5102 cls
1.147 - atmostoneelement : 3576 cls
1.147 - actionconstraints : 2645 cls
1.147 - actioneffects : 2348 cls
1.147 - forbiddenoperations : 376 cls
1.147 - truefacts : 134 cls
1.147 - axiomaticops : 2 cls
1.147 # instantiated positions: 3470
1.147 # instantiated actions: 5844
1.147 # instantiated reductions: 646
1.147 # introduced pseudo-constants: 1384
1.147 # retroactive prunings: 17
1.147 # retroactively pruned operations: 1065
1.147 # dominated operations: 0
1.147 # total invalid rigid preconditions found in getPFC: 0
1.147 # invalid rigid preconditions found in getPFC: 0
1.147 # invalid rigid preconditions found in getPFC in varrestrictions: 0
1.147 # total invalid fluent preconditions found in getPFC: 0
1.147 # invalid fluent preconditions found in getPFC: 0
1.147 # invalid fluent preconditions found in getPFC in varrestrictions: 0
1.147 # invalid fluent preconditions found in getPFC via postconditions: 0
1.147 # invalid subtasks found in getPFC: 0
1.147 # number effects in operation fact_frames: 242
1.147 Exiting happily.

RUNWATCH_RESULT EXIT RETVAL 0 TIME_SECS 1.1626 MEMPEAK_KBS 109884
