    _           _         _
   \ |         \ |       | |                       
   | |     __  | |      _| |______                
   | |     \/  | |     /_   ______\                
   | |      _  | |   __  | |  ___   ___   ___       
   | |___  | | | |  / .\ | | / , | |   \ / ·_\    
   \_____\ |_| |__\ \__/ |_| \___) |_|_| \___\  
[39mL i l o t a n e  version rls-glucose4
by Dominik Schreiber <dominik.schreiber@kit.edu> 2020-2021
using SAT solver glucose4

0.004 Parser finished.
0.005 Structures extracted.
0.005 54 operators and 26 methods created.
0.011 Mined 7 new reduction preconditions (+18.9%).
0.011 Iteration 0.
0.011 Creating initial layer of size 2
0.013 Attempting to solve formula with 3 clauses (3 literals) and 1 assumptions
0.013 Unsolvable at layer 0 -- expanding.
0.013 Iteration 1.
0.013 New layer size: 3
0.013 Instantiating ...
0.014 Collected 0 relevant facts at this layer
0.014 Encoding ...
0.014 Attempting to solve formula with 11 clauses (17 literals) and 2 assumptions
0.014 Unsolvable at layer 1 -- expanding.
0.014 Iteration 2.
0.014 New layer size: 5
0.014 Instantiating ...
0.016 Collected 2 relevant facts at this layer
0.016 Encoding ...
0.016 Attempting to solve formula with 31 clauses (55 literals) and 2 assumptions
0.016 Unsolvable at layer 2 -- expanding.
0.016 Iteration 3.
0.016 New layer size: 7
0.016 Instantiating ...
0.018 Collected 4 relevant facts at this layer
0.018 Encoding ...
0.018 Attempting to solve formula with 53 clauses (95 literals) and 2 assumptions
0.018 Unsolvable at layer 3 -- expanding.
0.018 Iteration 4.
0.018 New layer size: 17
0.018 Instantiating ...
0.021 Collected 12 relevant facts at this layer
0.021 Encoding ...
0.021 Attempting to solve formula with 141 clauses (275 literals) and 4 assumptions
0.021 Unsolvable at layer 4 -- expanding.
0.021 Iteration 5.
0.021 New layer size: 21
0.021 Instantiating ...
0.028 Collected 14 relevant facts at this layer
0.028 Encoding ...
0.028 Attempting to solve formula with 328 clauses (709 literals) and 4 assumptions
0.028 Unsolvable at layer 5 -- expanding.
0.028 Iteration 6.
0.028 New layer size: 25
0.028 Instantiating ...
0.035 Collected 14 relevant facts at this layer
0.035 Encoding ...
0.036 Attempting to solve formula with 677 clauses (1633 literals) and 4 assumptions
0.036 Unsolvable at layer 6 -- expanding.
0.036 Iteration 7.
0.036 New layer size: 33
0.036 Instantiating ...
0.044 Collected 15 relevant facts at this layer
0.044 Encoding ...
0.045 Attempting to solve formula with 1101 clauses (2748 literals) and 3 assumptions
0.045 Unsolvable at layer 7 -- expanding.
0.045 Iteration 8.
0.045 New layer size: 36
0.045 Instantiating ...
0.054 Collected 15 relevant facts at this layer
0.054 Encoding ...
0.055 Attempting to solve formula with 1592 clauses (4023 literals) and 3 assumptions
0.055 Unsolvable at layer 8 -- expanding.
0.055 Iteration 9.
0.055 New layer size: 39
0.055 Instantiating ...
0.064 Collected 15 relevant facts at this layer
0.064 Encoding ...
0.066 Attempting to solve formula with 2182 clauses (5586 literals) and 3 assumptions
c last restart ## conflicts  :  2 272 
0.066 Found a solution at layer 9.
==>
584 i-LOCK-LIFT-AT F0
586 i-UNLOCK-LIFT-AT F0
588 BOARD F0 P1
594 i-LOCK-BOARDED P1
597 UP F0 F1
599 DOWN F1 F0
603 UP F0 F2
637 i-LOCK-LIFT-AT F2
639 i-UNLOCK-LIFT-AT F2
641 i-UNLOCK-BOARDED P1
643 DEPART F2 P1
649 i-LOCK-SERVED P1
653 UP F2 F3
683 i-LOCK-LIFT-AT F3
686 i-UNLOCK-LIFT-AT F3
688 BOARD F3 P0
694 i-LOCK-BOARDED P0
698 DOWN F3 F2
701 DOWN F2 F1
705 DOWN F1 F0
740 i-LOCK-LIFT-AT F0
743 i-UNLOCK-LIFT-AT F0
745 i-UNLOCK-BOARDED P0
747 DEPART F0 P0
753 i-LOCK-SERVED P0
root 5 7
5 ACHIEVE-SERVED P1 -> M22-ACHIEVE-SERVED 11 649
7 ACHIEVE-SERVED P0 -> M22-ACHIEVE-SERVED 17 753
11 ACHIEVE-SERVED2 P1 -> M24-ACHIEVE-SERVED2 25 29
17 ACHIEVE-SERVED2 P0 -> M24-ACHIEVE-SERVED2 34 36
25 DO-SERVED-DEPART2 F2 P1 -> M8-DO-SERVED-DEPART2 43 53 638 640 643
29 ACHIEVE-SERVED2 P1 -> M23-ACHIEVE-SERVED2
34 DO-SERVED-DEPART2 F0 P0 -> M8-DO-SERVED-DEPART2 75 78 742 744 747
36 ACHIEVE-SERVED2 P0 -> M23-ACHIEVE-SERVED2
43 ACHIEVE-BOARDED P1 -> M17-ACHIEVE-BOARDED 104 594
53 ACHIEVE-LIFT-AT F2 -> M11-ACHIEVE-LIFT-AT 112 637
75 ACHIEVE-BOARDED P0 -> M17-ACHIEVE-BOARDED 142 694
78 ACHIEVE-LIFT-AT F0 -> M11-ACHIEVE-LIFT-AT 153 740
104 ACHIEVE-BOARDED1 P1 -> M19-ACHIEVE-BOARDED1 189 191
112 ACHIEVE-LIFT-AT0 F2 -> M13-ACHIEVE-LIFT-AT0 597 199
142 ACHIEVE-BOARDED1 P0 -> M19-ACHIEVE-BOARDED1 237 239
153 ACHIEVE-LIFT-AT0 F0 -> M14-ACHIEVE-LIFT-AT0 698 256
189 DO-BOARDED-BOARD1 F0 P1 -> M7-DO-BOARDED-BOARD1 583 585 588
191 ACHIEVE-BOARDED1 P1 -> M18-ACHIEVE-BOARDED1
199 ACHIEVE-LIFT-AT0 F2 -> M14-ACHIEVE-LIFT-AT0 599 322
237 DO-BOARDED-BOARD1 F3 P0 -> M7-DO-BOARDED-BOARD1 359 685 688
239 ACHIEVE-BOARDED1 P0 -> M18-ACHIEVE-BOARDED1
256 ACHIEVE-LIFT-AT0 F0 -> M14-ACHIEVE-LIFT-AT0 701 389
322 ACHIEVE-LIFT-AT0 F2 -> M13-ACHIEVE-LIFT-AT0 603 455
359 ACHIEVE-LIFT-AT F3 -> M11-ACHIEVE-LIFT-AT 496 683
389 ACHIEVE-LIFT-AT0 F0 -> M14-ACHIEVE-LIFT-AT0 705 542
455 ACHIEVE-LIFT-AT0 F2 -> M12-ACHIEVE-LIFT-AT0
496 ACHIEVE-LIFT-AT0 F3 -> M13-ACHIEVE-LIFT-AT0 653 658
542 ACHIEVE-LIFT-AT0 F0 -> M12-ACHIEVE-LIFT-AT0
583 ACHIEVE-LIFT-AT F0 -> M10-ACHIEVE-LIFT-AT 584
585 IFUNLOCK-LIFT-AT F0 -> IFUNLOCK5-LIFT-AT 586
638 IFUNLOCK-LIFT-AT F2 -> IFUNLOCK5-LIFT-AT 639
640 IFUNLOCK-BOARDED P1 -> IFUNLOCK1-BOARDED 641
658 ACHIEVE-LIFT-AT0 F3 -> M12-ACHIEVE-LIFT-AT0
685 IFUNLOCK-LIFT-AT F3 -> IFUNLOCK5-LIFT-AT 686
742 IFUNLOCK-LIFT-AT F0 -> IFUNLOCK5-LIFT-AT 743
744 IFUNLOCK-BOARDED P0 -> IFUNLOCK1-BOARDED 745
<==
0.067 End of solution plan. (counted length of 25)
0.067 Total amount of clauses encoded: 2182
0.067 - reductionconstraints : 390 cls
0.067 - directframeaxioms : 280 cls
0.067 - predecessors : 268 cls
0.067 - expansions : 262 cls
0.067 - substitutionconstraints : 256 cls
0.067 - qconstequality : 180 cls
0.067 - atmostoneelement : 158 cls
0.067 - qfactsemantics : 135 cls
0.067 - indirectframeaxioms : 119 cls
0.067 - actionconstraints : 59 cls
0.067 - actioneffects : 58 cls
0.067 - truefacts : 15 cls
0.067 - axiomaticops : 2 cls
0.067 # instantiated positions: 187
0.067 # instantiated actions: 222
0.067 # instantiated reductions: 55
0.067 # introduced pseudo-constants: 36
0.067 # retroactive prunings: 4
0.067 # retroactively pruned operations: 4
0.067 # dominated operations: 0
0.067 # total invalid rigid preconditions found in getPFC: 0
0.067 # invalid rigid preconditions found in getPFC: 0
0.067 # invalid rigid preconditions found in getPFC in varrestrictions: 0
0.067 # total invalid fluent preconditions found in getPFC: 90
0.067 # invalid fluent preconditions found in getPFC: 74
0.067 # invalid fluent preconditions found in getPFC in varrestrictions: 0
0.067 # invalid fluent preconditions found in getPFC via postconditions: 16
0.067 # invalid subtasks found in getPFC: 0
0.067 # number effects in operation fact_frames: 186
0.067 Exiting happily.

RUNWATCH_RESULT EXIT RETVAL 0 TIME_SECS 0.0727539 MEMPEAK_KBS 848
