    _           _         _
   \ |         \ |       | |                       
   | |     __  | |      _| |______                
   | |     \/  | |     /_   ______\                
   | |      _  | |   __  | |  ___   ___   ___       
   | |___  | | | |  / .\ | | / , | |   \ / ·_\    
   \_____\ |_| |__\ \__/ |_| \___) |_|_| \___\  
[39mL i l o t a n e  version rls-glucose4
by Dominik Schreiber <dominik.schreiber@kit.edu> 2020-2021
using SAT solver glucose4

0.014 Parser finished.
0.014 Structures extracted.
0.015 20 operators and 16 methods created.
0.049 Mined 11 new reduction preconditions (+10.5%).
0.049 Iteration 0.
0.049 Creating initial layer of size 2
0.089 Attempting to solve formula with 177 clauses (264 literals) and 1 assumptions
0.090 Unsolvable at layer 0 -- expanding.
0.090 Iteration 1.
0.090 New layer size: 3
0.090 Instantiating ...
0.290 Collected 5925 relevant facts at this layer
0.290 Encoding ...
0.326 Attempting to solve formula with 29653 clauses (81836 literals) and 2 assumptions
0.327 Unsolvable at layer 1 -- expanding.
0.327 Iteration 2.
0.327 New layer size: 5
0.327 Instantiating ...
0.755 Collected 6011 relevant facts at this layer
0.755 Encoding ...
0.837 Attempting to solve formula with 98684 clauses (315948 literals) and 2 assumptions
0.838 Unsolvable at layer 2 -- expanding.
0.838 Iteration 3.
0.838 New layer size: 11
0.838 Instantiating ...
1.606 Collected 6077 relevant facts at this layer
1.606 Encoding ...
1.837 Attempting to solve formula with 286003 clauses (950161 literals) and 4 assumptions
1.847 Unsolvable at layer 3 -- expanding.
1.847 Iteration 4.
1.847 New layer size: 19
1.847 Instantiating ...
3.213 Collected 6077 relevant facts at this layer
3.213 Encoding ...
3.651 Attempting to solve formula with 600338 clauses (2023484 literals) and 6 assumptions
3.688 Unsolvable at layer 4 -- expanding.
3.688 Iteration 5.
3.688 New layer size: 33
3.688 Instantiating ...
6.021 Collected 6077 relevant facts at this layer
6.021 Encoding ...
6.846 Attempting to solve formula with 1145737 clauses (3893024 literals) and 10 assumptions
7.029 Unsolvable at layer 5 -- expanding.
7.029 Iteration 6.
7.029 New layer size: 55
7.029 Instantiating ...
10.899 Collected 6077 relevant facts at this layer
10.899 Encoding ...
12.290 Attempting to solve formula with 2044615 clauses (6981113 literals) and 16 assumptions
12.934 Unsolvable at layer 6 -- expanding.
12.934 Iteration 7.
12.934 New layer size: 91
12.934 Instantiating ...
19.361 Collected 6077 relevant facts at this layer
19.361 Encoding ...
21.866 Attempting to solve formula with 3527629 clauses (12082494 literals) and 26 assumptions
23.195 Unsolvable at layer 7 -- expanding.
23.195 Iteration 8.
23.195 New layer size: 149
23.195 Instantiating ...
33.733 Collected 6077 relevant facts at this layer
33.733 Encoding ...
37.693 Attempting to solve formula with 5948257 clauses (20415713 literals) and 42 assumptions
39.956 Unsolvable at layer 8 -- expanding.
39.956 Iteration 9.
39.956 New layer size: 243
39.956 Instantiating ...
57.344 Collected 6077 relevant facts at this layer
57.344 Encoding ...
63.723 Attempting to solve formula with 9890635 clauses (33994062 literals) and 68 assumptions
74.877 Unsolvable at layer 9 -- expanding.
74.877 Iteration 10.
74.877 New layer size: 395
74.877 Instantiating ...
103.535 Collected 6077 relevant facts at this layer
103.535 Encoding ...
114.352 Attempting to solve formula with 16292377 clauses (56049379 literals) and 110 assumptions
132.922 Unsolvable at layer 10 -- expanding.
132.922 Iteration 11.
132.922 New layer size: 641
132.922 Instantiating ...
179.851 Collected 6077 relevant facts at this layer
179.851 Encoding ...
197.774 Attempting to solve formula with 26675233 clauses (91826794 literals) and 178 assumptions
237.431 Unsolvable at layer 11 -- expanding.
237.431 Iteration 12.
237.431 New layer size: 1039
237.431 Instantiating ...
315.113 Collected 6077 relevant facts at this layer
315.113 Encoding ...
347.105 Attempting to solve formula with 43498629 clauses (149803388 literals) and 288 assumptions
454.322 Unsolvable at layer 12 -- expanding.
454.322 Iteration 13.
454.323 New layer size: 1683
454.323 Instantiating ...
556.030 Termination signal caught.
556.030 Total amount of clauses encoded: 43498629
556.030 - directframeaxioms : 17866566 cls
556.030 - qfactsemantics : 11655540 cls
556.030 - indirectframeaxioms : 8920761 cls
556.030 - reductionconstraints : 4370063 cls
556.030 - actionconstraints : 286138 cls
556.030 - qconstequality : 170286 cls
556.030 - substitutionconstraints : 128625 cls
556.030 - atmostoneelement : 49879 cls
556.030 - expansions : 19248 cls
556.030 - predecessors : 16229 cls
556.030 - actioneffects : 9215 cls
556.030 - truefacts : 6077 cls
556.030 - axiomaticops : 2 cls
556.030 # instantiated positions: 3983
556.030 # instantiated actions: 16511
556.030 # instantiated reductions: 7602
556.030 # introduced pseudo-constants: 3316
556.030 # retroactive prunings: 0
556.030 # retroactively pruned operations: 0
556.030 # dominated operations: 9
556.030 # total invalid rigid preconditions found in getPFC: 0
556.030 # invalid rigid preconditions found in getPFC: 0
556.030 # invalid rigid preconditions found in getPFC in varrestrictions: 0
556.030 # total invalid fluent preconditions found in getPFC: 0
556.030 # invalid fluent preconditions found in getPFC: 0
556.030 # invalid fluent preconditions found in getPFC in varrestrictions: 0
556.030 # invalid fluent preconditions found in getPFC via postconditions: 0
556.030 # invalid subtasks found in getPFC: 0
556.030 # number effects in operation fact_frames: 226
556.030 # number of variables restricted: 0
556.030 # number of nodes variables restricted: 0
556.030 Exiting happily.

RUNWATCH_RESULT MEMOUT RETVAL 0 TIME_SECS 556.976 MEMPEAK_KBS 16039068
