pandaPIparser is configured as follows
  Colors in output: true
  Mode: parsing mode
  Parameter splitting: true
  Conditional effects: exponential encoding
  Disjunctive preconditions as HTN: false
  Replace goal with action: false
  Output: pandaPI format
General Options
  Print timings: false
  Quiet mode: false
Inference Options
  H2 mutexes: false
  FAM groups: false
Transformation Options
  Add zero-cost no-op to empty methods: true
  Remove duplicate actions: true
  Remove useless literals: true
  Expand abstract tasks with one method: true
  Remove empty method preconditions: true
  Two regularisation: false
  Compile negative SAS variables: false
Runtime Optimisations
  Hierarchy Typing: true
  Future Caching: false
  Static Precondition Checking: false
Output Options
  Panda planner format: true
  HDDL: false
  SAS for Fast Downward (without hierarchy): false
Output Formatting Options
  Output only SAS+ variables: false
  SAS+ delete mode: as input
Reading input from /home/schnell/lilotane/sotaevaluation//PandaSAT_runwatchtime_timeout1800_2021-11-16_15:47:18/runwatch_log/411/411.parsed.
Writing output to /home/schnell/lilotane/sotaevaluation//PandaSAT_runwatchtime_timeout1800_2021-11-16_15:47:18/runwatch_log/411/411.sas.
Writing output to standard output.
Parsing done.
Conditional Effects expanded
done.
Starting Hierarchy Typing
Total 1.568ms
Contains 0.037ms
Restrict 0.205ms
MPrep 0.286ms
Finished Hierarchy Typing
Running PG.
Process actions without preconditions
Done.
 ---> Disabling potentially consistent extension checking for action:           8 (__method_precondition_m_construct_factory)
 ---> Disabling potentially consistent extension checking for action:           5 (drop)
 ---> Disabling potentially consistent extension checking for action:           16 (__method_precondition_m_get_and_produce_resource)
Returning from runGpg().
PG done. Postprocessing
PG postprocessing done.
Calculated [14134] grounded tasks and [3256] reachable facts.
Running TDG.
Process actions without preconditions
Done.
 ---> Disabling potentially consistent extension checking for action:           2 (m_construct_factory)
 ---> Disabling potentially consistent extension checking for action:           16 (m_get_and_produce_resource)
 ---> Disabling potentially consistent extension checking for action:           6 (_splitting_method_m_get_resources_and_fuse_splitted_2)
 ---> Disabling potentially consistent extension checking for action:           3 (_splitting_method_m_deliver_resource_splitted_1)
 ---> Disabling potentially consistent extension checking for action:           4 (m_deliver_resource)
 ---> Disabling potentially consistent extension checking for action:           11 (m_get_resource)
Returning from runGpg().
TDG done.
Calculated [23619] grounded tasks and [15582] grounded decomposition methods.
Performing DFS.
DFS done.
After DFS: 6129 tasks, 4504 methods.
Grounded PG:
Input was [3352, 6129], output was [3334, 1376].
Grounded TDG:
Input was [4504, 3334], output was [4495, 3334].
Simplifying instance.
Removing useless facts/literals
Removing method precondition actions whose precondition is empty
Expanding abstract tasks with only one method
Starting duplicate elimination.
Data structure build.
421 duplicates found.
Duplicates replaced in methods.
Further Mutex Groups: 0 strict 0 non strict
Writing instance to output.
Final Statistics: F 1178 S 0 SC 0 SM 0 NSM 0 I 0 P 1537 S 1327 A 1146 M 2864
Exiting.
Random seed: 42
Time limit: 1800 seconds
Reading input from /home/schnell/lilotane/sotaevaluation//PandaSAT_runwatchtime_timeout1800_2021-11-16_15:47:18/runwatch_log/411/411.sas.
- State has 1178 bits divided into 1178 mutex groups.
- Domain contains 2864 actions.
- Domain contains 4010 tasks.
- Domain contains 2864 methods.
- The initial state contains 32 set bits.
- The initial task is "__top[]".
- State-based goal contains 0 bits.
- Instance is totally-ordered: yes
- Instance has unique paths: yes
- Instance is parallel sequences: yes
Calculate SCCs...
- Number of SCCs: 4010
- The problem is cyclic
- Number of cyclic SCCs: 22
- Number of cyclic SCCs of size 1: 22

Extracting invariants from parsed model
Extracted 0 invariants.
Starting resolution.
After resolution we have 0 invariants, taking 0.013ms.

Computing invariants [Rintanen]
Initial candidates build (2079759)
Round 1: 2079759 invariants remaining
Round 2: 2073874 invariants remaining
Round 3: 2069166 invariants remaining
Round 4: 2060924 invariants remaining
Round 5: 2043152 invariants remaining
Round 6: 2024042 invariants remaining
Round 7: 2003450 invariants remaining
Round 8: 1972467 invariants remaining
Round 9: 1924548 invariants remaining
Round 10: 1869894 invariants remaining
Round 11: 1823418 invariants remaining
Round 12: 1789511 invariants remaining
Round 13: 1738030 invariants remaining
Round 14: 1670923 invariants remaining
Round 15: 1609403 invariants remaining
Round 16: 1569266 invariants remaining
Round 17: 1541043 invariants remaining
Round 18: 1472895 invariants remaining
Round 19: 1392769 invariants remaining
Round 20: 1323884 invariants remaining
Round 21: 1280976 invariants remaining
Round 22: 1230572 invariants remaining
Round 23: 1141931 invariants remaining
Round 24: 1059928 invariants remaining
Round 25: 1007756 invariants remaining
Round 26: 983178 invariants remaining
Round 27: 909043 invariants remaining
Round 28: 833329 invariants remaining
Round 29: 773950 invariants remaining
Round 30: 703645 invariants remaining
Round 31: 611558 invariants remaining
Round 32: 525779 invariants remaining
Round 33: 461822 invariants remaining
Round 34: 373155 invariants remaining
Round 35: 289480 invariants remaining
Round 36: 229064 invariants remaining
Round 37: 174771 invariants remaining
Round 38: 124562 invariants remaining
Round 39: 90024 invariants remaining
Round 40: 69171 invariants remaining
Round 41: 41340 invariants remaining
Round 42: 25040 invariants remaining
Round 43: 15711 invariants remaining
Round 44: 11044 invariants remaining
Round 45: 11042 invariants remaining
Round 46: 11032 invariants remaining
Round 47: 6367 invariants remaining
Found 6367 invariants in 2049.57ms
Calculate SCCs...
- Number of SCCs: 4010
- The problem is cyclic
- Number of cyclic SCCs: 22
- Number of cyclic SCCs of size 1: 22
Hallo


Instance is totally ordered: yes
[33mStarting SAT-based planner[m
Using SAT solver: cryptominisat-5.8.0
Encode Mutexes:    yes
Block Compression: yes
Pruning:           ff




[33mGenerating formula for depth 1[m
Computing PDT took: 0.01 ms
Computed PDT. Extracting leafs ... 1 leafs
Clear pruning tables ... done.
[34mPruning round [m1 Phase: 1
FF Pruning: removed 0 of 0
Pruning: 2 of 2
Leaf Primitive Pruning: 0 of 0
Initial abstract task is pruned: [31mUNSAT[m


[33mGenerating formula for depth 2[m
Computing PDT took: 0.017 ms
Computed PDT. Extracting leafs ... 3 leafs
Clear pruning tables ... done.
[34mPruning round [m1 Phase: 1
FF Pruning: removed 1 of 1
[34mPruning round [m2 Phase: 1
FF Pruning: removed 0 of 0
Pruning: 6 of 6
Leaf Primitive Pruning: 3 of 3
Initial abstract task is pruned: [31mUNSAT[m


[33mGenerating formula for depth 3[m
Computing PDT took: 0.019 ms
Computed PDT. Extracting leafs ... 7 leafs
Clear pruning tables ... done.
[34mPruning round [m1 Phase: 1
FF Pruning: removed 3 of 4
[34mPruning round [m2 Phase: 1
FF Pruning: removed 0 of 1
Pruning: 12 of 12
Leaf Primitive Pruning: 5 of 5
Initial abstract task is pruned: [31mUNSAT[m


[33mGenerating formula for depth 4[m
Computing PDT took: 0.157 ms
Computed PDT. Extracting leafs ... 12 leafs
Clear pruning tables ... done.
[34mPruning round [m1 Phase: 1
FF Pruning: removed 3 of 4
[34mPruning round [m2 Phase: 1
FF Pruning: removed 0 of 1
Pruning: 162 of 162
Leaf Primitive Pruning: 90 of 90
Initial abstract task is pruned: [31mUNSAT[m


[33mGenerating formula for depth 5[m
Computing PDT took: 0.34 ms
Computed PDT. Extracting leafs ... 19 leafs
Clear pruning tables ... done.
[34mPruning round [m1 Phase: 1
FF Pruning: removed 214 of 217
[34mPruning round [m2 Phase: 1
FF Pruning: removed 0 of 3
Pruning: 440 of 440
Leaf Primitive Pruning: 280 of 280
Initial abstract task is pruned: [31mUNSAT[m


[33mGenerating formula for depth 6[m
Computing PDT took: 0.514 ms
Computed PDT. Extracting leafs ... 31 leafs
Clear pruning tables ... done.
[34mPruning round [m1 Phase: 1
FF Pruning: removed 433 of 471
[34mPruning round [m2 Phase: 1
FF Pruning: removed 0 of 38
Pruning: 848 of 848
Leaf Primitive Pruning: 534 of 534
Initial abstract task is pruned: [31mUNSAT[m


[33mGenerating formula for depth 7[m
Computing PDT took: 0.8 ms
Computed PDT. Extracting leafs ... 52 leafs
Clear pruning tables ... done.
[34mPruning round [m1 Phase: 1
FF Pruning: removed 661 of 725
[34mPruning round [m2 Phase: 1
FF Pruning: removed 0 of 64
Pruning: 1512 of 1512
Leaf Primitive Pruning: 935 of 935
Initial abstract task is pruned: [31mUNSAT[m


[33mGenerating formula for depth 8[m
Computing PDT took: 1.37 ms
Computed PDT. Extracting leafs ... 85 leafs
Clear pruning tables ... done.
[34mPruning round [m1 Phase: 1
FF Pruning: removed 1105 of 1232
[34mPruning round [m2 Phase: 1
FF Pruning: removed 0 of 127
Pruning: 2684 of 2684
Leaf Primitive Pruning: 1631 of 1631
Initial abstract task is pruned: [31mUNSAT[m


[33mGenerating formula for depth 9[m
Computing PDT took: 2.28 ms
Computed PDT. Extracting leafs ... 137 leafs
Clear pruning tables ... done.
[34mPruning round [m1 Phase: 1
FF Pruning: removed 1881 of 2246
[34mPruning round [m2 Phase: 1
FF Pruning: removed 0 of 365
Pruning: 4622 of 4622
Leaf Primitive Pruning: 2771 of 2771
Initial abstract task is pruned: [31mUNSAT[m


[33mGenerating formula for depth 10[m
Computing PDT took: 3.72 ms
Computed PDT. Extracting leafs ... 223 leafs
Clear pruning tables ... done.
[34mPruning round [m1 Phase: 1
FF Pruning: removed 2747 of 3768
[34mPruning round [m2 Phase: 1
FF Pruning: removed 0 of 1021
Pruning: 7693 of 7693
Leaf Primitive Pruning: 4567 of 4567
Initial abstract task is pruned: [31mUNSAT[m


[33mGenerating formula for depth 11[m
Computing PDT took: 5.86 ms
Computed PDT. Extracting leafs ... 359 leafs
Clear pruning tables ... done.
[34mPruning round [m1 Phase: 1
FF Pruning: removed 3838 of 5988
[34mPruning round [m2 Phase: 1
FF Pruning: removed 0 of 2150
Pruning: 12618 of 12618
Leaf Primitive Pruning: 7444 of 7444
Initial abstract task is pruned: [31mUNSAT[m


[33mGenerating formula for depth 12[m
Computing PDT took: 9.62 ms
Computed PDT. Extracting leafs ... 564 leafs
Clear pruning tables ... done.
[34mPruning round [m1 Phase: 1
FF Pruning: removed 5460 of 9776
[34mPruning round [m2 Phase: 1
FF Pruning: removed 0 of 4316
Pruning: 20321 of 20321
Leaf Primitive Pruning: 11958 of 11958
Initial abstract task is pruned: [31mUNSAT[m


[33mGenerating formula for depth 13[m
Computing PDT took: 14.2 ms
Computed PDT. Extracting leafs ... 871 leafs
Clear pruning tables ... done.
[34mPruning round [m1 Phase: 1
FF Pruning: removed 7538 of 15799
[34mPruning round [m2 Phase: 1
FF Pruning: removed 0 of 8261
Pruning: 31929 of 31929
Leaf Primitive Pruning: 18748 of 18748
Initial abstract task is pruned: [31mUNSAT[m


[33mGenerating formula for depth 14[m
Computing PDT took: 21.6 ms
Computed PDT. Extracting leafs ... 1325 leafs
Clear pruning tables ... done.
[34mPruning round [m1 Phase: 1
FF Pruning: removed 8867 of 24569
[34mPruning round [m2 Phase: 1
FF Pruning: removed 0 of 15702
Pruning: 49236 of 49236
Leaf Primitive Pruning: 28875 of 28875
Initial abstract task is pruned: [31mUNSAT[m


[33mGenerating formula for depth 15[m
Computing PDT took: 31.4 ms
Computed PDT. Extracting leafs ... 1977 leafs
Clear pruning tables ... done.
[34mPruning round [m1 Phase: 1
FF Pruning: removed 10203 of 37564
[34mPruning round [m2 Phase: 1
FF Pruning: removed 0 of 27361
Pruning: 74522 of 74522
Leaf Primitive Pruning: 43770 of 43770
Initial abstract task is pruned: [31mUNSAT[m


[33mGenerating formula for depth 16[m
Computing PDT took: 46.1 ms
Computed PDT. Extracting leafs ... 2875 leafs
Clear pruning tables ... done.
[34mPruning round [m1 Phase: 1
FF Pruning: removed 12460 of 56672
[34mPruning round [m2 Phase: 1
FF Pruning: removed 0 of 44212
Pruning: 110392 of 110392
Leaf Primitive Pruning: 64909 of 64909
Initial abstract task is pruned: [31mUNSAT[m


[33mGenerating formula for depth 17[m
Computing PDT took: 63 ms
Computed PDT. Extracting leafs ... 4079 leafs
Clear pruning tables ... done.
[34mPruning round [m1 Phase: 1
FF Pruning: removed 12720 of 83947
[34mPruning round [m2 Phase: 1
FF Pruning: removed 0 of 71227
Pruning: 160095 of 160095
Leaf Primitive Pruning: 94118 of 94118
Initial abstract task is pruned: [31mUNSAT[m


[33mGenerating formula for depth 18[m
Computing PDT took: 84.5 ms
Computed PDT. Extracting leafs ... 5691 leafs
Clear pruning tables ... done.
[34mPruning round [m1 Phase: 1
FF Pruning: removed 11357 of 121246
[34mPruning round [m2 Phase: 1
FF Pruning: removed 0 of 109889
Pruning: 227456 of 227456
Leaf Primitive Pruning: 133688 of 133688
Initial abstract task is pruned: [31mUNSAT[m


[33mGenerating formula for depth 19[m
Computing PDT took: 111 ms
Computed PDT. Extracting leafs ... 7852 leafs
Clear pruning tables ... done.
[34mPruning round [m1 Phase: 1
FF Pruning: removed 14026 of 170245
[34mPruning round [m2 Phase: 1
FF Pruning: removed 0 of 156219
Pruning: 317419 of 317419
Leaf Primitive Pruning: 186599 of 186599
Initial abstract task is pruned: [31mUNSAT[m


[33mGenerating formula for depth 20[m
Computing PDT took: 149 ms
Computed PDT. Extracting leafs ... 10715 leafs
Clear pruning tables ... done.
[34mPruning round [m1 Phase: 1
FF Pruning: removed 12383 of 234688
[34mPruning round [m2 Phase: 1
FF Pruning: removed 0 of 222305
Pruning: 436752 of 436752
Leaf Primitive Pruning: 256976 of 256976
Initial abstract task is pruned: [31mUNSAT[m


[33mGenerating formula for depth 21[m
Computing PDT took: 201 ms
Computed PDT. Extracting leafs ... 14427 leafs
Clear pruning tables ... done.
[34mPruning round [m1 Phase: 1
FF Pruning: removed 10862 of 320858
[34mPruning round [m2 Phase: 1
FF Pruning: removed 0 of 309996
Pruning: 593597 of 593597
Leaf Primitive Pruning: 349591 of 349591
Initial abstract task is pruned: [31mUNSAT[m


[33mGenerating formula for depth 22[m
Computing PDT took: 266 ms
Computed PDT. Extracting leafs ... 19164 leafs
Clear pruning tables ... done.
[34mPruning round [m1 Phase: 1
FF Pruning: removed 7272 of 435250
[34mPruning round [m2 Phase: 1
FF Pruning: removed 0 of 427978
Pruning: 797341 of 797341
Leaf Primitive Pruning: 469744 of 469744
Initial abstract task is pruned: [31mUNSAT[m


[33mGenerating formula for depth 23[m
Computing PDT took: 336 ms
Computed PDT. Extracting leafs ... 25196 leafs
Clear pruning tables ... done.
[34mPruning round [m1 Phase: 1
FF Pruning: removed 8478 of 582932
[34mPruning round [m2 Phase: 1
FF Pruning: removed 0 of 574454
Pruning: 1058900 of 1058900
Leaf Primitive Pruning: 624004 of 624004
Initial abstract task is pruned: [31mUNSAT[m


[33mGenerating formula for depth 24[m
Computing PDT took: 432 ms
Computed PDT. Extracting leafs ... 32854 leafs
Clear pruning tables ... done.
[34mPruning round [m1 Phase: 1
FF Pruning: removed 9800 of 768789
[34mPruning round [m2 Phase: 1
FF Pruning: removed 0 of 758989
Pruning: 1390627 of 1390627
Leaf Primitive Pruning: 820162 of 820162
Initial abstract task is pruned: [31mUNSAT[m


[33mGenerating formula for depth 25[m
Computing PDT took: 541 ms
Computed PDT. Extracting leafs ... 42395 leafs
Clear pruning tables ... done.
[34mPruning round [m1 Phase: 1
FF Pruning: removed 3877 of 1002073
[34mPruning round [m2 Phase: 1
FF Pruning: removed 0 of 998196
Pruning: 1806714 of 1806714
Leaf Primitive Pruning: 1066772 of 1066772
Initial abstract task is pruned: [31mUNSAT[m


[33mGenerating formula for depth 26[m
Computing PDT took: 682 ms
Computed PDT. Extracting leafs ... 53958 leafs
Clear pruning tables ... done.
[34mPruning round [m1 Phase: 1
FF Pruning: removed 3897 of 1297340
[34mPruning round [m2 Phase: 1
FF Pruning: removed 0 of 1293443
Pruning: 2322437 of 2322437
Leaf Primitive Pruning: 1372503 of 1372503
Initial abstract task is pruned: [31mUNSAT[m


[33mGenerating formula for depth 27[m
Computing PDT took: 814 ms
Computed PDT. Extracting leafs ... 67705 leafs
Clear pruning tables ... done.
[34mPruning round [m1 Phase: 1
FF Pruning: removed 3707 of 1665720
[34mPruning round [m2 Phase: 1
FF Pruning: removed 0 of 1662013
Pruning: 2951064 of 2951064
Leaf Primitive Pruning: 1744784 of 1744784
Initial abstract task is pruned: [31mUNSAT[m


[33mGenerating formula for depth 28[m
Computing PDT took: 992 ms
Computed PDT. Extracting leafs ... 83939 leafs
Clear pruning tables ... done.
[34mPruning round [m1 Phase: 1
FF Pruning: removed 3265 of 2107853
[34mPruning round [m2 Phase: 1
FF Pruning: removed 0 of 2104588
Pruning: 3703360 of 3703360
Leaf Primitive Pruning: 2190033 of 2190033
Initial abstract task is pruned: [31mUNSAT[m


[33mGenerating formula for depth 29[m
Computing PDT took: 1.18e+03 ms
Computed PDT. Extracting leafs ... 103013 leafs
Clear pruning tables ... done.
[34mPruning round [m1 Phase: 1
FF Pruning: removed 2949 of 2623495
[34mPruning round [m2 Phase: 1
FF Pruning: removed 0 of 2620546
Pruning: 4590694 of 4590694
Leaf Primitive Pruning: 2715690 of 2715690
Initial abstract task is pruned: [31mUNSAT[m


[33mGenerating formula for depth 30[m
Computing PDT took: 1.36e+03 ms
Computed PDT. Extracting leafs ... 125155 leafs
Clear pruning tables ... done.
[34mPruning round [m1 Phase: 1
FF Pruning: removed 3053 of 3223316
[34mPruning round [m2 Phase: 1
FF Pruning: removed 0 of 3220263
Pruning: 5625799 of 5625799
Leaf Primitive Pruning: 3330021 of 3330021
Initial abstract task is pruned: [31mUNSAT[m


[33mGenerating formula for depth 31[m
Computing PDT took: 1.59e+03 ms
Computed PDT. Extracting leafs ... 150383 leafs
Clear pruning tables ... done.
[34mPruning round [m1 Phase: 1
FF Pruning: removed 2989 of 3923077
[34mPruning round [m2 Phase: 1
FF Pruning: removed 0 of 3920088
Pruning: 6820172 of 6820172
Leaf Primitive Pruning: 4039565 of 4039565
Initial abstract task is pruned: [31mUNSAT[m


[33mGenerating formula for depth 32[m
Computing PDT took: 1.82e+03 ms
Computed PDT. Extracting leafs ... 178577 leafs
Clear pruning tables ... done.
[34mPruning round [m1 Phase: 1
FF Pruning: removed 1641 of 4732091
[34mPruning round [m2 Phase: 1
FF Pruning: removed 0 of 4730450
Pruning: 468581 of 8180919
Leaf Primitive Pruning: 117150 of 4847581
Pruning gave 0 new invariants
Assigning variable IDs for PDT ... done. 13764075 new variables.
Decomposition Clauses generated.
Pruned clauses.
Block compression leads to 70757 timesteps.
Decomp formula generated
State atoms
State formula
Matching
Invar time: 1.48e+05ms SM: 0 M: 0 I: 0 SI: 6367
[34mFormula: [m201281948 decomposition 177527319 state 450509819 mutex
Formula has 97116999 vars and 829319086 clauses.
Formula time: 277600.629ms
Starting solver
Solver time: 92086.038ms
Solver state: [31mUNSAT[m


[33mGenerating formula for depth 33[m
Computing PDT took: 2056.894 ms
Computed PDT. Extracting leafs ... 209650 leafs
Clear pruning tables ... done.
[34mPruning round [m1 Phase: 1
FF Pruning: removed 1640 of 5647913
[34mPruning round [m2 Phase: 1
FF Pruning: removed 0 of 5646273
Pruning: 490104 of 9708399
Leaf Primitive Pruning: 107716 of 5753969
Pruning gave 0 new invariants
Assigning variable IDs for PDT ... done. 8429616 new variables.
Decomposition Clauses generated.
Pruned clauses.
Block compression leads to 84673 timesteps.
Decomp formula generated
State atoms
State formula
Matching
Invar time: 175418.735ms SM: 0 M: 0 I: 0 SI: 6367
[34mFormula: [m242073140 decomposition 212417378 state 539112991 mutex
Formula has 205292587 vars and 1822922595 clauses.
Formula time: 365103.590ms
Starting solver

RUNWATCH_RESULT EXIT RETVAL 35072 TIME_SECS 883.318 MEMPEAK_KBS 3888
