    _           _         _
   \ |         \ |       | |                       
   | |     __  | |      _| |______                
   | |     \/  | |     /_   ______\                
   | |      _  | |   __  | |  ___   ___   ___       
   | |___  | | | |  / .\ | | / , | |   \ / ·_\    
   \_____\ |_| |__\ \__/ |_| \___) |_|_| \___\  
[39mL i l o t a n e  version rls-glucose4
by Dominik Schreiber <dominik.schreiber@kit.edu> 2020-2021
using SAT solver glucose4

0.024 Parser finished.
0.025 Structures extracted.
0.025 23 operators and 15 methods created.
0.098 Mined 9 new reduction preconditions (+36.0%).
0.099 Iteration 0.
0.099 Creating initial layer of size 2
0.891 Attempting to solve formula with 145 clauses (216 literals) and 1 assumptions
0.892 Unsolvable at layer 0 -- expanding.
0.892 Iteration 1.
0.892 New layer size: 72
0.892 Instantiating ...
4.534 Collected 1044 relevant facts at this layer
4.534 Encoding ...
4.641 Attempting to solve formula with 26465 clauses (59107 literals) and 71 assumptions
4.643 Unsolvable at layer 1 -- expanding.
4.643 Iteration 2.
4.643 New layer size: 285
4.643 Instantiating ...
11.924 Collected 2499 relevant facts at this layer
11.924 Encoding ...
13.423 Attempting to solve formula with 1361817 clauses (4091562 literals) and 202 assumptions
13.425 Unsolvable at layer 2 -- expanding.
13.425 Iteration 3.
13.425 New layer size: 772
13.425 Instantiating ...
24.741 Collected 2654 relevant facts at this layer
24.741 Encoding ...
29.446 Attempting to solve formula with 5155862 clauses (16189190 literals) and 317 assumptions
29.451 Unsolvable at layer 3 -- expanding.
29.451 Iteration 4.
29.452 New layer size: 1345
29.452 Instantiating ...
45.529 Collected 2654 relevant facts at this layer
45.529 Encoding ...
53.193 Attempting to solve formula with 10212522 clauses (33181373 literals) and 421 assumptions
53.766 Unsolvable at layer 4 -- expanding.
53.766 Iteration 5.
53.767 New layer size: 2035
53.767 Instantiating ...
74.198 Collected 2654 relevant facts at this layer
74.198 Encoding ...
85.778 Attempting to solve formula with 16757908 clauses (55260754 literals) and 460 assumptions
86.102 Unsolvable at layer 5 -- expanding.
86.102 Iteration 6.
86.102 New layer size: 2725
86.102 Instantiating ...
110.643 Collected 2654 relevant facts at this layer
110.643 Encoding ...
125.445 Attempting to solve formula with 23372133 clauses (77568960 literals) and 460 assumptions
125.877 Unsolvable at layer 6 -- expanding.
125.877 Iteration 7.
125.878 New layer size: 3415
125.878 Instantiating ...
154.194 Collected 2654 relevant facts at this layer
154.194 Encoding ...
171.369 Attempting to solve formula with 29993428 clauses (99891717 literals) and 460 assumptions
173.370 Unsolvable at layer 7 -- expanding.
173.370 Iteration 8.
173.371 New layer size: 4105
173.371 Instantiating ...
191.028 Termination signal caught.
191.028 Total amount of clauses encoded: 29993428
191.028 - directframeaxioms : 15426276 cls
191.028 - indirectframeaxioms : 7116569 cls
191.028 - qfactsemantics : 5900289 cls
191.028 - reductionconstraints : 970451 cls
191.028 - qconstequality : 206635 cls
191.028 - substitutionconstraints : 132714 cls
191.028 - actionconstraints : 114811 cls
191.028 - expansions : 39743 cls
191.028 - atmostoneelement : 39422 cls
191.028 - predecessors : 30423 cls
191.028 - actioneffects : 13439 cls
191.028 - truefacts : 2654 cls
191.028 - axiomaticops : 2 cls
191.028 # instantiated positions: 12942
191.028 # instantiated actions: 33579
191.028 # instantiated reductions: 3158
191.028 # introduced pseudo-constants: 5695
191.028 # retroactive prunings: 0
191.028 # retroactively pruned operations: 0
191.028 # dominated operations: 197
191.028 # total invalid rigid preconditions found in getPFC: 0
191.028 # invalid rigid preconditions found in getPFC: 0
191.028 # invalid rigid preconditions found in getPFC in varrestrictions: 0
191.028 # total invalid fluent preconditions found in getPFC: 572
191.028 # invalid fluent preconditions found in getPFC: 74
191.028 # invalid fluent preconditions found in getPFC in varrestrictions: 479
191.028 # invalid fluent preconditions found in getPFC via postconditions: 19
191.028 # invalid subtasks found in getPFC: 0
191.028 # number effects in operation fact_frames: 1003
191.028 Exiting happily.

RUNWATCH_RESULT MEMOUT RETVAL 0 TIME_SECS 191.971 MEMPEAK_KBS 16020120
