    _           _         _
   \ |         \ |       | |                       
   | |     __  | |      _| |______                
   | |     \/  | |     /_   ______\                
   | |      _  | |   __  | |  ___   ___   ___       
   | |___  | | | |  / .\ | | / , | |   \ / ·_\    
   \_____\ |_| |__\ \__/ |_| \___) |_|_| \___\  
[39mL i l o t a n e  version rls-glucose4
by Dominik Schreiber <dominik.schreiber@kit.edu> 2020-2021
using SAT solver glucose4

0.013 Parser finished.
0.014 Structures extracted.
0.014 20 operators and 16 methods created.
0.152 Mined 11 new reduction preconditions (+13.8%).
0.152 Iteration 0.
0.152 Creating initial layer of size 2
0.219 Attempting to solve formula with 123 clauses (183 literals) and 1 assumptions
0.219 Unsolvable at layer 0 -- expanding.
0.219 Iteration 1.
0.219 New layer size: 6
0.219 Instantiating ...
1.327 Collected 2700 relevant facts at this layer
1.327 Encoding ...
1.366 Attempting to solve formula with 47962 clauses (145031 literals) and 5 assumptions
1.367 Unsolvable at layer 1 -- expanding.
1.367 Iteration 2.
1.367 New layer size: 11
1.367 Instantiating ...
3.991 Collected 2913 relevant facts at this layer
3.991 Encoding ...
4.114 Attempting to solve formula with 172641 clauses (562456 literals) and 5 assumptions
4.114 Unsolvable at layer 2 -- expanding.
4.114 Iteration 3.
4.114 New layer size: 26
4.114 Instantiating ...
8.362 Collected 2955 relevant facts at this layer
8.363 Encoding ...
8.718 Attempting to solve formula with 434603 clauses (1451843 literals) and 10 assumptions
8.733 Unsolvable at layer 3 -- expanding.
8.733 Iteration 4.
8.733 New layer size: 46
8.733 Instantiating ...
15.728 Collected 2955 relevant facts at this layer
15.728 Encoding ...
16.294 Attempting to solve formula with 846037 clauses (2852131 literals) and 15 assumptions
16.309 Unsolvable at layer 4 -- expanding.
16.309 Iteration 5.
16.309 New layer size: 81
16.309 Instantiating ...
27.758 Collected 2955 relevant facts at this layer
27.758 Encoding ...
28.771 Attempting to solve formula with 1538801 clauses (5215869 literals) and 25 assumptions
28.837 Unsolvable at layer 5 -- expanding.
28.837 Iteration 6.
28.837 New layer size: 136
28.837 Instantiating ...
47.273 Collected 2955 relevant facts at this layer
47.273 Encoding ...
48.901 Attempting to solve formula with 2659433 clauses (9042946 literals) and 40 assumptions
49.014 Unsolvable at layer 6 -- expanding.
49.014 Iteration 7.
49.014 New layer size: 226
49.014 Instantiating ...
78.889 Collected 2955 relevant facts at this layer
78.889 Encoding ...
81.678 Attempting to solve formula with 4489214 clauses (15296460 literals) and 65 assumptions
81.899 Unsolvable at layer 7 -- expanding.
81.899 Iteration 8.
81.900 New layer size: 371
81.900 Instantiating ...
130.629 Collected 2955 relevant facts at this layer
130.629 Encoding ...
135.048 Attempting to solve formula with 7456011 clauses (25439747 literals) and 105 assumptions
135.487 Unsolvable at layer 8 -- expanding.
135.487 Iteration 9.
135.487 New layer size: 606
135.487 Instantiating ...
214.191 Collected 2955 relevant facts at this layer
214.191 Encoding ...
221.451 Attempting to solve formula with 12268973 clauses (41899244 literals) and 170 assumptions
222.362 Unsolvable at layer 9 -- expanding.
222.362 Iteration 10.
222.362 New layer size: 986
222.362 Instantiating ...
349.102 Collected 2955 relevant facts at this layer
349.102 Encoding ...
362.377 Attempting to solve formula with 20065116 clauses (68564724 literals) and 275 assumptions
365.765 Unsolvable at layer 10 -- expanding.
365.765 Iteration 11.
365.766 New layer size: 1601
365.766 Instantiating ...
573.503 Collected 2955 relevant facts at this layer
573.503 Encoding ...
595.796 Attempting to solve formula with 32690605 clauses (111752397 literals) and 445 assumptions
602.902 Unsolvable at layer 11 -- expanding.
602.902 Iteration 12.
602.903 New layer size: 2596
602.903 Instantiating ...
933.314 Termination signal caught.
933.314 Total amount of clauses encoded: 32690605
933.314 - directframeaxioms : 12974580 cls
933.314 - qfactsemantics : 8447537 cls
933.314 - indirectframeaxioms : 6567837 cls
933.314 - reductionconstraints : 3979334 cls
933.314 - actionconstraints : 273384 cls
933.314 - qconstequality : 173242 cls
933.314 - substitutionconstraints : 127097 cls
933.314 - atmostoneelement : 76186 cls
933.314 - expansions : 29442 cls
933.314 - predecessors : 24818 cls
933.314 - actioneffects : 14191 cls
933.314 - truefacts : 2955 cls
933.314 - axiomaticops : 2 cls
933.314 # instantiated positions: 6595
933.314 # instantiated actions: 27297
933.314 # instantiated reductions: 12686
933.314 # introduced pseudo-constants: 5987
933.314 # retroactive prunings: 0
933.314 # retroactively pruned operations: 0
933.314 # dominated operations: 2
933.314 # total invalid rigid preconditions found in getPFC: 0
933.314 # invalid rigid preconditions found in getPFC: 0
933.314 # invalid rigid preconditions found in getPFC in varrestrictions: 0
933.314 # total invalid fluent preconditions found in getPFC: 16
933.314 # invalid fluent preconditions found in getPFC: 16
933.314 # invalid fluent preconditions found in getPFC in varrestrictions: 0
933.314 # invalid fluent preconditions found in getPFC via postconditions: 0
933.314 # invalid subtasks found in getPFC: 0
933.314 # number effects in operation fact_frames: 232
933.314 Exiting happily.

RUNWATCH_RESULT MEMOUT RETVAL 0 TIME_SECS 934.297 MEMPEAK_KBS 16039952
