    _           _         _
   \ |         \ |       | |                       
   | |     __  | |      _| |______                
   | |     \/  | |     /_   ______\                
   | |      _  | |   __  | |  ___   ___   ___       
   | |___  | | | |  / .\ | | / , | |   \ / ·_\    
   \_____\ |_| |__\ \__/ |_| \___) |_|_| \___\  
[39mL i l o t a n e  version rls-glucose4
by Dominik Schreiber <dominik.schreiber@kit.edu> 2020-2021
using SAT solver glucose4

0.006 Parser finished.
0.006 Structures extracted.
0.007 20 operators and 16 methods created.
0.015 Mined 11 new reduction preconditions (+20.0%).
0.015 Iteration 0.
0.015 Creating initial layer of size 2
0.022 Attempting to solve formula with 61 clauses (90 literals) and 1 assumptions
0.023 Unsolvable at layer 0 -- expanding.
0.023 Iteration 1.
0.023 New layer size: 4
0.023 Instantiating ...
0.069 Collected 725 relevant facts at this layer
0.069 Encoding ...
0.076 Attempting to solve formula with 10066 clauses (25601 literals) and 3 assumptions
0.076 Unsolvable at layer 1 -- expanding.
0.076 Iteration 2.
0.076 New layer size: 7
0.076 Instantiating ...
0.176 Collected 782 relevant facts at this layer
0.176 Encoding ...
0.194 Attempting to solve formula with 34381 clauses (95790 literals) and 3 assumptions
0.194 Unsolvable at layer 2 -- expanding.
0.194 Iteration 3.
0.194 New layer size: 16
0.194 Instantiating ...
0.357 Collected 803 relevant facts at this layer
0.357 Encoding ...
0.405 Attempting to solve formula with 87610 clauses (255749 literals) and 6 assumptions
0.407 Unsolvable at layer 3 -- expanding.
0.407 Iteration 4.
0.407 New layer size: 28
0.407 Instantiating ...
0.675 Collected 803 relevant facts at this layer
0.675 Encoding ...
0.756 Attempting to solve formula with 173439 clauses (513248 literals) and 9 assumptions
0.760 Unsolvable at layer 4 -- expanding.
0.760 Iteration 5.
0.760 New layer size: 49
0.760 Instantiating ...
1.204 Collected 803 relevant facts at this layer
1.204 Encoding ...
1.351 Attempting to solve formula with 317985 clauses (950256 literals) and 15 assumptions
1.359 Unsolvable at layer 5 -- expanding.
1.359 Iteration 6.
1.359 New layer size: 82
1.359 Instantiating ...
2.098 Collected 803 relevant facts at this layer
2.098 Encoding ...
2.394 Attempting to solve formula with 552922 clauses (1661211 literals) and 24 assumptions
2.420 Unsolvable at layer 6 -- expanding.
2.420 Iteration 7.
2.420 New layer size: 136
2.420 Instantiating ...
3.646 Collected 803 relevant facts at this layer
3.646 Encoding ...
4.045 Attempting to solve formula with 936941 clauses (2825452 literals) and 39 assumptions
4.079 Unsolvable at layer 7 -- expanding.
4.079 Iteration 8.
4.079 New layer size: 223
4.079 Instantiating ...
6.107 Collected 803 relevant facts at this layer
6.107 Encoding ...
6.851 Attempting to solve formula with 1560432 clauses (4716923 literals) and 63 assumptions
6.911 Unsolvable at layer 8 -- expanding.
6.911 Iteration 9.
6.911 New layer size: 364
6.911 Instantiating ...
10.261 Collected 803 relevant facts at this layer
10.261 Encoding ...
11.571 Attempting to solve formula with 2572477 clauses (7788910 literals) and 102 assumptions
11.760 Unsolvable at layer 9 -- expanding.
11.760 Iteration 10.
11.760 New layer size: 592
11.760 Instantiating ...
17.004 Collected 803 relevant facts at this layer
17.004 Encoding ...
18.944 Attempting to solve formula with 4212548 clauses (12768643 literals) and 165 assumptions
19.391 Unsolvable at layer 10 -- expanding.
19.391 Iteration 11.
19.392 New layer size: 961
19.392 Instantiating ...
27.892 Collected 803 relevant facts at this layer
27.892 Encoding ...
30.959 Attempting to solve formula with 6869199 clauses (20836638 literals) and 267 assumptions
32.201 Unsolvable at layer 11 -- expanding.
32.201 Iteration 12.
32.201 New layer size: 1558
32.201 Instantiating ...
45.991 Collected 803 relevant facts at this layer
45.991 Encoding ...
51.294 Attempting to solve formula with 11170456 clauses (33900641 literals) and 432 assumptions
53.672 Unsolvable at layer 12 -- expanding.
53.673 Iteration 13.
53.673 New layer size: 2524
53.673 Instantiating ...
75.723 Collected 803 relevant facts at this layer
75.723 Encoding ...
84.217 Attempting to solve formula with 18132899 clauses (55048914 literals) and 699 assumptions
89.167 Unsolvable at layer 13 -- expanding.
89.167 Iteration 14.
89.168 New layer size: 4087
89.168 Instantiating ...
125.523 Collected 803 relevant facts at this layer
125.523 Encoding ...
139.631 Attempting to solve formula with 29401134 clauses (89277465 literals) and 1131 assumptions
152.174 Unsolvable at layer 14 -- expanding.
152.174 Iteration 15.
152.176 New layer size: 6616
152.176 Instantiating ...
211.131 Collected 803 relevant facts at this layer
211.131 Encoding ...
236.043 Attempting to solve formula with 47636347 clauses (144670564 literals) and 1830 assumptions
262.214 Unsolvable at layer 15 -- expanding.
262.214 Iteration 16.
262.225 New layer size: 10708
262.225 Instantiating ...
346.007 Termination signal caught.
346.007 Total amount of clauses encoded: 47636347
346.007 - directframeaxioms : 14557774 cls
346.007 - reductionconstraints : 13884212 cls
346.007 - qfactsemantics : 9581324 cls
346.007 - indirectframeaxioms : 7424842 cls
346.007 - actionconstraints : 936536 cls
346.007 - qconstequality : 358837 cls
346.007 - atmostoneelement : 320696 cls
346.007 - substitutionconstraints : 284067 cls
346.007 - expansions : 123907 cls
346.007 - predecessors : 104538 cls
346.007 - actioneffects : 58809 cls
346.007 - truefacts : 803 cls
346.007 - axiomaticops : 2 cls
346.007 # instantiated positions: 26105
346.007 # instantiated actions: 108682
346.007 # instantiated reductions: 49590
346.007 # introduced pseudo-constants: 22516
346.007 # retroactive prunings: 0
346.007 # retroactively pruned operations: 0
346.007 # dominated operations: 2
346.007 # total invalid rigid preconditions found in getPFC: 0
346.007 # invalid rigid preconditions found in getPFC: 0
346.007 # invalid rigid preconditions found in getPFC in varrestrictions: 0
346.007 # total invalid fluent preconditions found in getPFC: 26
346.007 # invalid fluent preconditions found in getPFC: 16
346.007 # invalid fluent preconditions found in getPFC in varrestrictions: 10
346.007 # invalid fluent preconditions found in getPFC via postconditions: 0
346.007 # invalid subtasks found in getPFC: 0
346.007 # number effects in operation fact_frames: 228
346.007 Exiting happily.

RUNWATCH_RESULT MEMOUT RETVAL 0 TIME_SECS 347.098 MEMPEAK_KBS 16010312
