    _           _         _
   \ |         \ |       | |                       
   | |     __  | |      _| |______                
   | |     \/  | |     /_   ______\                
   | |      _  | |   __  | |  ___   ___   ___       
   | |___  | | | |  / .\ | | / , | |   \ / ·_\    
   \_____\ |_| |__\ \__/ |_| \___) |_|_| \___\  
[39mL i l o t a n e  version rls-glucose4
by Dominik Schreiber <dominik.schreiber@kit.edu> 2020-2021
using SAT solver glucose4

2.211 Parser finished.
2.211 Structures extracted.
2.212 25 operators and 25 methods created.
2.450 Mined 5 new reduction preconditions (+10.2%).
2.450 Iteration 0.
2.450 Creating initial layer of size 2
2.694 Attempting to solve formula with 3 clauses (3 literals) and 1 assumptions
2.695 Unsolvable at layer 0 -- expanding.
2.695 Iteration 1.
2.695 New layer size: 2
2.695 Instantiating ...
2.969 Collected 0 relevant facts at this layer
2.969 Encoding ...
2.970 Attempting to solve formula with 8 clauses (12 literals) and 1 assumptions
2.970 Unsolvable at layer 1 -- expanding.
2.970 Iteration 2.
2.970 New layer size: 7
2.970 Instantiating ...
3.494 Collected 0 relevant facts at this layer
3.494 Encoding ...
3.496 Attempting to solve formula with 28 clauses (46 literals) and 6 assumptions
3.496 Unsolvable at layer 2 -- expanding.
3.496 Iteration 3.
3.496 New layer size: 13
3.496 Instantiating ...
4.562 Collected 396 relevant facts at this layer
4.562 Encoding ...
4.577 Attempting to solve formula with 18731 clauses (54164 literals) and 12 assumptions
4.577 Unsolvable at layer 3 -- expanding.
4.577 Iteration 4.
4.577 New layer size: 25
4.577 Instantiating ...
11.275 Collected 406 relevant facts at this layer
11.275 Encoding ...
11.359 Attempting to solve formula with 145632 clauses (422048 literals) and 22 assumptions
11.359 Unsolvable at layer 4 -- expanding.
11.359 Iteration 5.
11.359 New layer size: 44
11.359 Instantiating ...
42.756 Collected 751 relevant facts at this layer
42.756 Encoding ...
43.059 Attempting to solve formula with 702548 clauses (2055091 literals) and 41 assumptions
43.059 Unsolvable at layer 5 -- expanding.
43.059 Iteration 6.
43.059 New layer size: 85
43.059 Instantiating ...
61.574 Retroactively prune reduction (place-block-abstract-3 l-1-1-2 stone stone Q_5,8_location:0_8dc2d42e5c798d50)@(5,8): no children at offset 0
74.407 Retroactively prune reduction (place-block-abstract-3 l-1-2-1 stone stone Q_5,16_location:0_8dc2d42e5c798d50)@(5,16): no children at offset 0
87.200 Retroactively prune reduction (place-block-abstract-3 l-1-1-0 stone stone Q_5,24_location:0_8dc2d42e5c798d50)@(5,24): no children at offset 0
103.082 Retroactively prune action (removeblock l-7-0-0 stone)@(5,36): no children at offset 0
103.180 Retroactively prune reduction (place-block-abstract-3 l-7-0-1 stone stone Q_5,36_location:0_8dc2d42e5c798d50)@(5,36): no children at offset 0
110.290 Retroactively prune reduction (place-block-abstract-3 l-7-1-0 stone stone Q_5,40_location:0_8dc2d42e5c798d50)@(5,40): no children at offset 0
115.729 Collected 761 relevant facts at this layer
115.729 Encoding ...
116.645 Attempting to solve formula with 2146567 clauses (6365100 literals) and 82 assumptions
116.647 Unsolvable at layer 6 -- expanding.
116.647 Iteration 7.
116.647 New layer size: 167
116.647 Instantiating ...
264.840 Collected 771 relevant facts at this layer
264.840 Encoding ...
267.259 Attempting to solve formula with 5500710 clauses (16703332 literals) and 164 assumptions
267.263 Unsolvable at layer 7 -- expanding.
267.263 Iteration 8.
267.263 New layer size: 307
267.263 Instantiating ...
553.192 Collected 780 relevant facts at this layer
553.192 Encoding ...
558.809 Attempting to solve formula with 13180546 clauses (41072233 literals) and 304 assumptions
558.815 Unsolvable at layer 8 -- expanding.
558.815 Iteration 9.
558.815 New layer size: 561
558.815 Instantiating ...
1122.433 Collected 788 relevant facts at this layer
1122.433 Encoding ...
1134.444 Attempting to solve formula with 30076507 clauses (95714744 literals) and 558 assumptions
1134.461 Unsolvable at layer 9 -- expanding.
1134.461 Iteration 10.
1134.461 New layer size: 1039
1134.461 Instantiating ...
1800.193 Termination signal caught.
1800.193 Total amount of clauses encoded: 30076507
1800.193 - reductionconstraints : 15784910 cls
1800.193 - actionconstraints : 6188660 cls
1800.193 - substitutionconstraints : 4077647 cls
1800.193 - qfactsemantics : 1089754 cls
1800.193 - qconstequality : 999552 cls
1800.193 - indirectframeaxioms : 948567 cls
1800.193 - directframeaxioms : 903924 cls
1800.193 - atmostoneelement : 56152 cls
1800.193 - predecessors : 10851 cls
1800.193 - expansions : 10352 cls
1800.193 - actioneffects : 5340 cls
1800.193 - truefacts : 788 cls
1800.193 - forbiddenoperations : 8 cls
1800.193 - axiomaticops : 2 cls
1800.193 # instantiated positions: 1831
1800.193 # instantiated actions: 10162
1800.193 # instantiated reductions: 6806
1800.193 # introduced pseudo-constants: 3842
1800.193 # retroactive prunings: 6
1800.193 # retroactively pruned operations: 8
1800.193 # dominated operations: 3
1800.193 # total invalid rigid preconditions found in getPFC: 1374
1800.193 # invalid rigid preconditions found in getPFC: 990
1800.193 # invalid rigid preconditions found in getPFC in varrestrictions: 384
1800.193 # total invalid fluent preconditions found in getPFC: 3225
1800.193 # invalid fluent preconditions found in getPFC: 1633
1800.193 # invalid fluent preconditions found in getPFC in varrestrictions: 1582
1800.193 # invalid fluent preconditions found in getPFC via postconditions: 10
1800.193 # invalid subtasks found in getPFC: 0
1800.193 # number effects in operation fact_frames: 175
1800.193 Exiting happily.

RUNWATCH_RESULT TIMEOUT RETVAL 0 TIME_SECS 1800.69 MEMPEAK_KBS 4602916
