    _           _         _
   \ |         \ |       | |                       
   | |     __  | |      _| |______                
   | |     \/  | |     /_   ______\                
   | |      _  | |   __  | |  ___   ___   ___       
   | |___  | | | |  / .\ | | / , | |   \ / ·_\    
   \_____\ |_| |__\ \__/ |_| \___) |_|_| \___\  
[39mL i l o t a n e  version rls-glucose4
by Dominik Schreiber <dominik.schreiber@kit.edu> 2020-2021
using SAT solver glucose4

0.005 Parser finished.
0.005 Structures extracted.
0.006 20 operators and 16 methods created.
0.020 Mined 11 new reduction preconditions (+22.0%).
0.020 Iteration 0.
0.020 Creating initial layer of size 2
0.023 Attempting to solve formula with 59 clauses (87 literals) and 1 assumptions
0.023 Unsolvable at layer 0 -- expanding.
0.023 Iteration 1.
0.023 New layer size: 7
0.023 Instantiating ...
0.296 Collected 480 relevant facts at this layer
0.296 Encoding ...
0.305 Attempting to solve formula with 15181 clauses (40058 literals) and 6 assumptions
0.306 Unsolvable at layer 1 -- expanding.
0.306 Iteration 2.
0.306 New layer size: 13
0.306 Instantiating ...
0.998 Collected 592 relevant facts at this layer
0.998 Encoding ...
1.027 Attempting to solve formula with 52165 clauses (149005 literals) and 6 assumptions
1.028 Unsolvable at layer 2 -- expanding.
1.028 Iteration 3.
1.028 New layer size: 31
1.028 Instantiating ...
2.028 Collected 606 relevant facts at this layer
2.028 Encoding ...
2.115 Attempting to solve formula with 129893 clauses (387220 literals) and 12 assumptions
2.123 Unsolvable at layer 3 -- expanding.
2.123 Iteration 4.
2.123 New layer size: 55
2.123 Instantiating ...
3.645 Collected 606 relevant facts at this layer
3.645 Encoding ...
3.774 Attempting to solve formula with 250754 clauses (754647 literals) and 18 assumptions
3.782 Unsolvable at layer 4 -- expanding.
3.782 Iteration 5.
3.782 New layer size: 97
3.782 Instantiating ...
6.153 Collected 606 relevant facts at this layer
6.154 Encoding ...
6.436 Attempting to solve formula with 453507 clauses (1374675 literals) and 30 assumptions
6.455 Unsolvable at layer 5 -- expanding.
6.455 Iteration 6.
6.455 New layer size: 163
6.455 Instantiating ...
10.209 Collected 606 relevant facts at this layer
10.209 Encoding ...
10.658 Attempting to solve formula with 780367 clauses (2373283 literals) and 48 assumptions
10.688 Unsolvable at layer 6 -- expanding.
10.688 Iteration 7.
10.688 New layer size: 271
10.688 Instantiating ...
16.677 Collected 606 relevant facts at this layer
16.677 Encoding ...
17.411 Attempting to solve formula with 1313163 clauses (4002868 literals) and 78 assumptions
17.502 Unsolvable at layer 7 -- expanding.
17.502 Iteration 8.
17.502 New layer size: 445
17.502 Instantiating ...
27.199 Collected 606 relevant facts at this layer
27.199 Encoding ...
28.328 Attempting to solve formula with 2176001 clauses (6642007 literals) and 126 assumptions
28.543 Unsolvable at layer 8 -- expanding.
28.543 Iteration 9.
28.544 New layer size: 727
28.544 Instantiating ...
43.912 Collected 606 relevant facts at this layer
43.912 Encoding ...
45.654 Attempting to solve formula with 3574817 clauses (10921677 literals) and 204 assumptions
46.034 Unsolvable at layer 9 -- expanding.
46.034 Iteration 10.
46.035 New layer size: 1183
46.035 Instantiating ...
71.401 Collected 606 relevant facts at this layer
71.401 Encoding ...
74.654 Attempting to solve formula with 5839653 clauses (17851432 literals) and 330 assumptions
75.574 Unsolvable at layer 10 -- expanding.
75.574 Iteration 11.
75.576 New layer size: 1921
75.576 Instantiating ...
116.516 Collected 606 relevant facts at this layer
116.516 Encoding ...
121.492 Attempting to solve formula with 9506487 clauses (29071803 literals) and 534 assumptions
123.684 Unsolvable at layer 11 -- expanding.
123.684 Iteration 12.
123.685 New layer size: 3115
123.685 Instantiating ...
190.045 Collected 606 relevant facts at this layer
190.045 Encoding ...
198.133 Attempting to solve formula with 15441339 clauses (47232875 literals) and 864 assumptions
205.125 Unsolvable at layer 12 -- expanding.
205.125 Iteration 13.
205.130 New layer size: 5047
205.130 Instantiating ...
314.128 Collected 606 relevant facts at this layer
314.128 Encoding ...
328.560 Attempting to solve formula with 25046207 clauses (76625264 literals) and 1398 assumptions
346.600 Unsolvable at layer 13 -- expanding.
346.600 Iteration 14.
346.608 New layer size: 8173
346.608 Instantiating ...
523.755 Collected 606 relevant facts at this layer
523.755 Encoding ...
549.053 Attempting to solve formula with 40589109 clauses (124189671 literals) and 2262 assumptions
592.002 Unsolvable at layer 14 -- expanding.
592.002 Iteration 15.
592.006 New layer size: 13231
592.006 Instantiating ...
887.777 Collected 606 relevant facts at this layer
887.777 Encoding ...
932.785 Attempting to solve formula with 65740061 clauses (201157413 literals) and 3660 assumptions
1052.645 Unsolvable at layer 15 -- expanding.
1052.645 Iteration 16.
1052.661 New layer size: 21415
1052.661 Instantiating ...
1323.068 Termination signal caught.
1323.068 Total amount of clauses encoded: 65740061
1323.068 - directframeaxioms : 20560162 cls
1323.068 - reductionconstraints : 17748018 cls
1323.068 - qfactsemantics : 13342883 cls
1323.068 - indirectframeaxioms : 10681029 cls
1323.068 - actionconstraints : 1274583 cls
1323.068 - atmostoneelement : 641697 cls
1323.068 - qconstequality : 574604 cls
1323.068 - substitutionconstraints : 341829 cls
1323.068 - expansions : 247885 cls
1323.068 - predecessors : 209136 cls
1323.068 - actioneffects : 117627 cls
1323.068 - truefacts : 606 cls
1323.068 - axiomaticops : 2 cls
1323.068 # instantiated positions: 45298
1323.068 # instantiated actions: 188653
1323.068 # instantiated reductions: 86119
1323.068 # introduced pseudo-constants: 40552
1323.068 # retroactive prunings: 0
1323.068 # retroactively pruned operations: 0
1323.068 # dominated operations: 12
1323.068 # total invalid rigid preconditions found in getPFC: 0
1323.068 # invalid rigid preconditions found in getPFC: 0
1323.068 # invalid rigid preconditions found in getPFC in varrestrictions: 0
1323.068 # total invalid fluent preconditions found in getPFC: 52
1323.068 # invalid fluent preconditions found in getPFC: 49
1323.068 # invalid fluent preconditions found in getPFC in varrestrictions: 3
1323.068 # invalid fluent preconditions found in getPFC via postconditions: 0
1323.068 # invalid operations found in getPFC via subtasks: 0
1323.068 # invalid operations found in getPFC via postconditions: 0
1323.068 # number effects in operation fact_frames: 234
1323.068 # number of variables restricted: 27396009
1323.068 # number of nodes variables restricted: 6966406
1323.068 Exiting happily.

RUNWATCH_RESULT MEMOUT RETVAL 0 TIME_SECS 1323.98 MEMPEAK_KBS 16019124
