    _           _         _
   \ |         \ |       | |                       
   | |     __  | |      _| |______                
   | |     \/  | |     /_   ______\                
   | |      _  | |   __  | |  ___   ___   ___       
   | |___  | | | |  / .\ | | / , | |   \ / ·_\    
   \_____\ |_| |__\ \__/ |_| \___) |_|_| \___\  
[39mL i l o t a n e  version rls-glucose4
by Dominik Schreiber <dominik.schreiber@kit.edu> 2020-2021
using SAT solver glucose4

0.006 Parser finished.
0.006 Structures extracted.
0.007 54 operators and 26 methods created.
0.033 Mined 7 new reduction preconditions (+18.9%).
0.033 Iteration 0.
0.033 Creating initial layer of size 2
0.034 Attempting to solve formula with 3 clauses (3 literals) and 1 assumptions
0.034 Unsolvable at layer 0 -- expanding.
0.034 Iteration 1.
0.034 New layer size: 10
0.034 Instantiating ...
0.037 Collected 0 relevant facts at this layer
0.037 Encoding ...
0.037 Attempting to solve formula with 32 clauses (52 literals) and 9 assumptions
0.037 Unsolvable at layer 1 -- expanding.
0.037 Iteration 2.
0.037 New layer size: 19
0.037 Instantiating ...
0.039 Collected 9 relevant facts at this layer
0.039 Encoding ...
0.040 Attempting to solve formula with 115 clauses (209 literals) and 9 assumptions
0.040 Unsolvable at layer 2 -- expanding.
0.040 Iteration 3.
0.040 New layer size: 28
0.040 Instantiating ...
0.042 Collected 18 relevant facts at this layer
0.042 Encoding ...
0.043 Attempting to solve formula with 207 clauses (375 literals) and 9 assumptions
0.043 Unsolvable at layer 3 -- expanding.
0.043 Iteration 4.
0.043 New layer size: 73
0.043 Instantiating ...
0.228 Collected 52 relevant facts at this layer
0.228 Encoding ...
0.230 Attempting to solve formula with 756 clauses (1637 literals) and 18 assumptions
0.230 Unsolvable at layer 4 -- expanding.
0.230 Iteration 5.
0.230 New layer size: 91
0.230 Instantiating ...
0.468 Collected 68 relevant facts at this layer
0.468 Encoding ...
0.475 Attempting to solve formula with 9279 clauses (22679 literals) and 18 assumptions
0.475 Unsolvable at layer 5 -- expanding.
0.475 Iteration 6.
0.475 New layer size: 109
0.475 Instantiating ...
0.838 Collected 68 relevant facts at this layer
0.838 Encoding ...
0.850 Attempting to solve formula with 22698 clauses (59606 literals) and 18 assumptions
0.850 Unsolvable at layer 6 -- expanding.
0.850 Iteration 7.
0.850 New layer size: 145
0.850 Instantiating ...
1.215 Collected 68 relevant facts at this layer
1.215 Encoding ...
1.230 Attempting to solve formula with 36113 clauses (96909 literals) and 18 assumptions
1.230 Unsolvable at layer 7 -- expanding.
1.230 Iteration 8.
1.230 New layer size: 163
1.230 Instantiating ...
1.738 Collected 68 relevant facts at this layer
1.738 Encoding ...
1.758 Attempting to solve formula with 56511 clauses (151842 literals) and 18 assumptions
1.758 Unsolvable at layer 8 -- expanding.
1.758 Iteration 9.
1.758 New layer size: 181
1.758 Instantiating ...
2.268 Collected 68 relevant facts at this layer
2.268 Encoding ...
2.300 Attempting to solve formula with 81714 clauses (222436 literals) and 18 assumptions
c last restart ## conflicts  :  24 2809 
2.317 Found a solution at layer 9.
==>
5837 UP F0 F6
5919 i-LOCK-LIFT-AT F6
5921 i-UNLOCK-LIFT-AT F6
5923 BOARD F6 P8
5929 i-LOCK-BOARDED P8
5932 DOWN F6 F5
5936 UP F5 F7
5941 UP F7 F9
5944 UP F9 F12
6031 i-LOCK-LIFT-AT F12
6034 i-UNLOCK-LIFT-AT F12
6036 i-UNLOCK-BOARDED P8
6038 DEPART F12 P8
6044 i-LOCK-SERVED P8
6046 DOWN F12 F7
6134 i-LOCK-LIFT-AT F7
6137 i-UNLOCK-LIFT-AT F7
6139 BOARD F7 P7
6145 i-LOCK-BOARDED P7
6149 DOWN F7 F6
6154 DOWN F6 F5
6158 UP F5 F9
6160 UP F9 F10
6247 i-LOCK-LIFT-AT F10
6250 i-UNLOCK-LIFT-AT F10
6252 i-UNLOCK-BOARDED P7
6254 DEPART F10 P7
6260 i-LOCK-SERVED P7
6264 UP F10 F17
6350 i-LOCK-LIFT-AT F17
6353 i-UNLOCK-LIFT-AT F17
6355 BOARD F17 P6
6361 i-LOCK-BOARDED P6
6364 DOWN F17 F3
6368 UP F3 F8
6372 UP F8 F14
6377 DOWN F14 F0
6464 i-LOCK-LIFT-AT F0
6466 i-UNLOCK-LIFT-AT F0
6468 i-UNLOCK-BOARDED P6
6470 DEPART F0 P6
6476 i-LOCK-SERVED P6
6478 i-LOCK-LIFT-AT F0
6569 i-UNLOCK-LIFT-AT F0
6571 BOARD F0 P5
6577 i-LOCK-BOARDED P5
6581 UP F0 F3
6585 UP F3 F4
6679 i-LOCK-LIFT-AT F4
6682 i-UNLOCK-LIFT-AT F4
6684 i-UNLOCK-BOARDED P5
6686 DEPART F4 P5
6692 i-LOCK-SERVED P5
6694 UP F4 F13
6782 i-LOCK-LIFT-AT F13
6785 i-UNLOCK-LIFT-AT F13
6787 BOARD F13 P4
6793 i-LOCK-BOARDED P4
6795 DOWN F13 F10
6802 DOWN F10 F8
6806 UP F8 F17
6808 DOWN F17 F7
6895 i-LOCK-LIFT-AT F7
6898 i-UNLOCK-LIFT-AT F7
6900 i-UNLOCK-BOARDED P4
6902 DEPART F7 P4
6908 i-LOCK-SERVED P4
6911 DOWN F7 F1
6998 i-LOCK-LIFT-AT F1
7001 i-UNLOCK-LIFT-AT F1
7003 BOARD F1 P3
7009 i-LOCK-BOARDED P3
7012 UP F1 F17
7017 DOWN F17 F16
7022 DOWN F16 F10
7111 i-LOCK-LIFT-AT F10
7114 i-UNLOCK-LIFT-AT F10
7116 i-UNLOCK-BOARDED P3
7118 DEPART F10 P3
7124 i-LOCK-SERVED P3
7126 UP F10 F16
7215 i-LOCK-LIFT-AT F16
7217 i-UNLOCK-LIFT-AT F16
7219 BOARD F16 P2
7225 i-LOCK-BOARDED P2
7229 DOWN F16 F11
7232 DOWN F11 F0
7237 UP F0 F1
7327 i-LOCK-LIFT-AT F1
7330 i-UNLOCK-LIFT-AT F1
7332 i-UNLOCK-BOARDED P2
7334 DEPART F1 P2
7340 i-LOCK-SERVED P2
7344 UP F1 F17
7430 i-LOCK-LIFT-AT F17
7433 i-UNLOCK-LIFT-AT F17
7435 BOARD F17 P1
7441 i-LOCK-BOARDED P1
7444 DOWN F17 F3
7449 DOWN F3 F0
7454 UP F0 F2
7543 i-LOCK-LIFT-AT F2
7546 i-UNLOCK-LIFT-AT F2
7548 i-UNLOCK-BOARDED P1
7550 DEPART F2 P1
7556 i-LOCK-SERVED P1
7558 i-LOCK-LIFT-AT F2
7649 i-UNLOCK-LIFT-AT F2
7651 BOARD F2 P0
7657 i-LOCK-BOARDED P0
7659 UP F2 F4
7664 UP F4 F7
7668 DOWN F7 F5
7759 i-LOCK-LIFT-AT F5
7762 i-UNLOCK-LIFT-AT F5
7764 i-UNLOCK-BOARDED P0
7766 DEPART F5 P0
7772 i-LOCK-SERVED P0
root 5 7 9 11 13 15 17 19 21
5 ACHIEVE-SERVED P8 -> M22-ACHIEVE-SERVED 25 6044
7 ACHIEVE-SERVED P7 -> M22-ACHIEVE-SERVED 38 6260
9 ACHIEVE-SERVED P6 -> M22-ACHIEVE-SERVED 43 6476
11 ACHIEVE-SERVED P5 -> M22-ACHIEVE-SERVED 48 6692
13 ACHIEVE-SERVED P4 -> M22-ACHIEVE-SERVED 53 6908
15 ACHIEVE-SERVED P3 -> M22-ACHIEVE-SERVED 58 7124
17 ACHIEVE-SERVED P2 -> M22-ACHIEVE-SERVED 63 7340
19 ACHIEVE-SERVED P1 -> M22-ACHIEVE-SERVED 68 7556
21 ACHIEVE-SERVED P0 -> M22-ACHIEVE-SERVED 73 7772
25 ACHIEVE-SERVED2 P8 -> M24-ACHIEVE-SERVED2 81 92
38 ACHIEVE-SERVED2 P7 -> M24-ACHIEVE-SERVED2 97 99
43 ACHIEVE-SERVED2 P6 -> M24-ACHIEVE-SERVED2 104 106
48 ACHIEVE-SERVED2 P5 -> M24-ACHIEVE-SERVED2 111 113
53 ACHIEVE-SERVED2 P4 -> M24-ACHIEVE-SERVED2 118 120
58 ACHIEVE-SERVED2 P3 -> M24-ACHIEVE-SERVED2 125 127
63 ACHIEVE-SERVED2 P2 -> M24-ACHIEVE-SERVED2 132 134
68 ACHIEVE-SERVED2 P1 -> M24-ACHIEVE-SERVED2 139 141
73 ACHIEVE-SERVED2 P0 -> M24-ACHIEVE-SERVED2 146 148
81 DO-SERVED-DEPART2 F12 P8 -> M8-DO-SERVED-DEPART2 155 192 6033 6035 6038
92 ACHIEVE-SERVED2 P8 -> M23-ACHIEVE-SERVED2
97 DO-SERVED-DEPART2 F10 P7 -> M8-DO-SERVED-DEPART2 228 231 6249 6251 6254
99 ACHIEVE-SERVED2 P7 -> M23-ACHIEVE-SERVED2
104 DO-SERVED-DEPART2 F0 P6 -> M8-DO-SERVED-DEPART2 267 270 6465 6467 6470
106 ACHIEVE-SERVED2 P6 -> M23-ACHIEVE-SERVED2
111 DO-SERVED-DEPART2 F4 P5 -> M8-DO-SERVED-DEPART2 306 309 6681 6683 6686
113 ACHIEVE-SERVED2 P5 -> M23-ACHIEVE-SERVED2
118 DO-SERVED-DEPART2 F7 P4 -> M8-DO-SERVED-DEPART2 345 348 6897 6899 6902
120 ACHIEVE-SERVED2 P4 -> M23-ACHIEVE-SERVED2
125 DO-SERVED-DEPART2 F10 P3 -> M8-DO-SERVED-DEPART2 384 387 7113 7115 7118
127 ACHIEVE-SERVED2 P3 -> M23-ACHIEVE-SERVED2
132 DO-SERVED-DEPART2 F1 P2 -> M8-DO-SERVED-DEPART2 423 426 7329 7331 7334
134 ACHIEVE-SERVED2 P2 -> M23-ACHIEVE-SERVED2
139 DO-SERVED-DEPART2 F2 P1 -> M8-DO-SERVED-DEPART2 462 465 7545 7547 7550
141 ACHIEVE-SERVED2 P1 -> M23-ACHIEVE-SERVED2
146 DO-SERVED-DEPART2 F5 P0 -> M8-DO-SERVED-DEPART2 501 504 7761 7763 7766
148 ACHIEVE-SERVED2 P0 -> M23-ACHIEVE-SERVED2
155 ACHIEVE-BOARDED P8 -> M17-ACHIEVE-BOARDED 542 5929
192 ACHIEVE-LIFT-AT F12 -> M11-ACHIEVE-LIFT-AT 585 6031
228 ACHIEVE-BOARDED P7 -> M17-ACHIEVE-BOARDED 675 6145
231 ACHIEVE-LIFT-AT F10 -> M11-ACHIEVE-LIFT-AT 702 6247
267 ACHIEVE-BOARDED P6 -> M17-ACHIEVE-BOARDED 793 6361
270 ACHIEVE-LIFT-AT F0 -> M11-ACHIEVE-LIFT-AT 820 6464
306 ACHIEVE-BOARDED P5 -> M17-ACHIEVE-BOARDED 910 6577
309 ACHIEVE-LIFT-AT F4 -> M11-ACHIEVE-LIFT-AT 936 6679
345 ACHIEVE-BOARDED P4 -> M17-ACHIEVE-BOARDED 1027 6793
348 ACHIEVE-LIFT-AT F7 -> M11-ACHIEVE-LIFT-AT 1053 6895
384 ACHIEVE-BOARDED P3 -> M17-ACHIEVE-BOARDED 1144 7009
387 ACHIEVE-LIFT-AT F10 -> M11-ACHIEVE-LIFT-AT 1172 7111
423 ACHIEVE-BOARDED P2 -> M17-ACHIEVE-BOARDED 1262 7225
426 ACHIEVE-LIFT-AT F1 -> M11-ACHIEVE-LIFT-AT 1287 7327
462 ACHIEVE-BOARDED P1 -> M17-ACHIEVE-BOARDED 1379 7441
465 ACHIEVE-LIFT-AT F2 -> M11-ACHIEVE-LIFT-AT 1404 7543
501 ACHIEVE-BOARDED P0 -> M17-ACHIEVE-BOARDED 1496 7657
504 ACHIEVE-LIFT-AT F5 -> M11-ACHIEVE-LIFT-AT 1522 7759
542 ACHIEVE-BOARDED1 P8 -> M19-ACHIEVE-BOARDED1 1615 1617
585 ACHIEVE-LIFT-AT0 F12 -> M14-ACHIEVE-LIFT-AT0 5932 1647
675 ACHIEVE-BOARDED1 P7 -> M19-ACHIEVE-BOARDED1 1743 1745
702 ACHIEVE-LIFT-AT0 F10 -> M14-ACHIEVE-LIFT-AT0 6149 1776
793 ACHIEVE-BOARDED1 P6 -> M19-ACHIEVE-BOARDED1 1871 1873
820 ACHIEVE-LIFT-AT0 F0 -> M14-ACHIEVE-LIFT-AT0 6364 1903
910 ACHIEVE-BOARDED1 P5 -> M19-ACHIEVE-BOARDED1 1999 2001
936 ACHIEVE-LIFT-AT0 F4 -> M13-ACHIEVE-LIFT-AT0 6581 2030
1027 ACHIEVE-BOARDED1 P4 -> M19-ACHIEVE-BOARDED1 2127 2129
1053 ACHIEVE-LIFT-AT0 F7 -> M14-ACHIEVE-LIFT-AT0 6795 2160
1144 ACHIEVE-BOARDED1 P3 -> M19-ACHIEVE-BOARDED1 2255 2257
1172 ACHIEVE-LIFT-AT0 F10 -> M13-ACHIEVE-LIFT-AT0 7012 2288
1262 ACHIEVE-BOARDED1 P2 -> M19-ACHIEVE-BOARDED1 2383 2385
1287 ACHIEVE-LIFT-AT0 F1 -> M14-ACHIEVE-LIFT-AT0 7229 2416
1379 ACHIEVE-BOARDED1 P1 -> M19-ACHIEVE-BOARDED1 2511 2513
1404 ACHIEVE-LIFT-AT0 F2 -> M14-ACHIEVE-LIFT-AT0 7444 2544
1496 ACHIEVE-BOARDED1 P0 -> M19-ACHIEVE-BOARDED1 2639 2641
1522 ACHIEVE-LIFT-AT0 F5 -> M13-ACHIEVE-LIFT-AT0 7659 2672
1615 DO-BOARDED-BOARD1 F6 P8 -> M7-DO-BOARDED-BOARD1 2769 5920 5923
1617 ACHIEVE-BOARDED1 P8 -> M18-ACHIEVE-BOARDED1
1647 ACHIEVE-LIFT-AT0 F12 -> M13-ACHIEVE-LIFT-AT0 5936 2813
1743 DO-BOARDED-BOARD1 F7 P7 -> M7-DO-BOARDED-BOARD1 2909 6136 6139
1745 ACHIEVE-BOARDED1 P7 -> M18-ACHIEVE-BOARDED1
1776 ACHIEVE-LIFT-AT0 F10 -> M14-ACHIEVE-LIFT-AT0 6154 2953
1871 DO-BOARDED-BOARD1 F17 P6 -> M7-DO-BOARDED-BOARD1 3049 6352 6355
1873 ACHIEVE-BOARDED1 P6 -> M18-ACHIEVE-BOARDED1
1903 ACHIEVE-LIFT-AT0 F0 -> M13-ACHIEVE-LIFT-AT0 6368 3094
1999 DO-BOARDED-BOARD1 F0 P5 -> M7-DO-BOARDED-BOARD1 6477 6568 6571
2001 ACHIEVE-BOARDED1 P5 -> M18-ACHIEVE-BOARDED1
2030 ACHIEVE-LIFT-AT0 F4 -> M13-ACHIEVE-LIFT-AT0 6585 3234
2127 DO-BOARDED-BOARD1 F13 P4 -> M7-DO-BOARDED-BOARD1 3329 6784 6787
2129 ACHIEVE-BOARDED1 P4 -> M18-ACHIEVE-BOARDED1
2160 ACHIEVE-LIFT-AT0 F7 -> M14-ACHIEVE-LIFT-AT0 6802 3372
2255 DO-BOARDED-BOARD1 F1 P3 -> M7-DO-BOARDED-BOARD1 3469 7000 7003
2257 ACHIEVE-BOARDED1 P3 -> M18-ACHIEVE-BOARDED1
2288 ACHIEVE-LIFT-AT0 F10 -> M14-ACHIEVE-LIFT-AT0 7017 3513
2383 DO-BOARDED-BOARD1 F16 P2 -> M7-DO-BOARDED-BOARD1 3609 7216 7219
2385 ACHIEVE-BOARDED1 P2 -> M18-ACHIEVE-BOARDED1
2416 ACHIEVE-LIFT-AT0 F1 -> M14-ACHIEVE-LIFT-AT0 7232 3654
2511 DO-BOARDED-BOARD1 F17 P1 -> M7-DO-BOARDED-BOARD1 3749 7432 7435
2513 ACHIEVE-BOARDED1 P1 -> M18-ACHIEVE-BOARDED1
2544 ACHIEVE-LIFT-AT0 F2 -> M14-ACHIEVE-LIFT-AT0 7449 3794
2639 DO-BOARDED-BOARD1 F2 P0 -> M7-DO-BOARDED-BOARD1 7557 7648 7651
2641 ACHIEVE-BOARDED1 P0 -> M18-ACHIEVE-BOARDED1
2672 ACHIEVE-LIFT-AT0 F5 -> M13-ACHIEVE-LIFT-AT0 7664 3934
2769 ACHIEVE-LIFT-AT F6 -> M11-ACHIEVE-LIFT-AT 4031 5919
2813 ACHIEVE-LIFT-AT0 F12 -> M13-ACHIEVE-LIFT-AT0 5941 4131
2909 ACHIEVE-LIFT-AT F7 -> M11-ACHIEVE-LIFT-AT 4228 6134
2953 ACHIEVE-LIFT-AT0 F10 -> M13-ACHIEVE-LIFT-AT0 6158 4331
3049 ACHIEVE-LIFT-AT F17 -> M11-ACHIEVE-LIFT-AT 4429 6350
3094 ACHIEVE-LIFT-AT0 F0 -> M13-ACHIEVE-LIFT-AT0 6372 4532
3234 ACHIEVE-LIFT-AT0 F4 -> M12-ACHIEVE-LIFT-AT0
3329 ACHIEVE-LIFT-AT F13 -> M11-ACHIEVE-LIFT-AT 4830 6782
3372 ACHIEVE-LIFT-AT0 F7 -> M13-ACHIEVE-LIFT-AT0 6806 4935
3469 ACHIEVE-LIFT-AT F1 -> M11-ACHIEVE-LIFT-AT 5031 6998
3513 ACHIEVE-LIFT-AT0 F10 -> M14-ACHIEVE-LIFT-AT0 7022 5135
3609 ACHIEVE-LIFT-AT F16 -> M11-ACHIEVE-LIFT-AT 5234 7215
3654 ACHIEVE-LIFT-AT0 F1 -> M13-ACHIEVE-LIFT-AT0 7237 5338
3749 ACHIEVE-LIFT-AT F17 -> M11-ACHIEVE-LIFT-AT 5434 7430
3794 ACHIEVE-LIFT-AT0 F2 -> M13-ACHIEVE-LIFT-AT0 7454 5538
3934 ACHIEVE-LIFT-AT0 F5 -> M14-ACHIEVE-LIFT-AT0 7668 5738
4031 ACHIEVE-LIFT-AT0 F6 -> M13-ACHIEVE-LIFT-AT0 5837 5840
4131 ACHIEVE-LIFT-AT0 F12 -> M13-ACHIEVE-LIFT-AT0 5944 5950
4228 ACHIEVE-LIFT-AT0 F7 -> M14-ACHIEVE-LIFT-AT0 6046 6054
4331 ACHIEVE-LIFT-AT0 F10 -> M13-ACHIEVE-LIFT-AT0 6160 6167
4429 ACHIEVE-LIFT-AT0 F17 -> M13-ACHIEVE-LIFT-AT0 6264 6268
4532 ACHIEVE-LIFT-AT0 F0 -> M14-ACHIEVE-LIFT-AT0 6377 6382
4830 ACHIEVE-LIFT-AT0 F13 -> M13-ACHIEVE-LIFT-AT0 6694 6701
4935 ACHIEVE-LIFT-AT0 F7 -> M14-ACHIEVE-LIFT-AT0 6808 6814
5031 ACHIEVE-LIFT-AT0 F1 -> M14-ACHIEVE-LIFT-AT0 6911 6917
5135 ACHIEVE-LIFT-AT0 F10 -> M12-ACHIEVE-LIFT-AT0
5234 ACHIEVE-LIFT-AT0 F16 -> M13-ACHIEVE-LIFT-AT0 7126 7132
5338 ACHIEVE-LIFT-AT0 F1 -> M12-ACHIEVE-LIFT-AT0
5434 ACHIEVE-LIFT-AT0 F17 -> M13-ACHIEVE-LIFT-AT0 7344 7348
5538 ACHIEVE-LIFT-AT0 F2 -> M12-ACHIEVE-LIFT-AT0
5738 ACHIEVE-LIFT-AT0 F5 -> M12-ACHIEVE-LIFT-AT0
5840 ACHIEVE-LIFT-AT0 F6 -> M12-ACHIEVE-LIFT-AT0
5920 IFUNLOCK-LIFT-AT F6 -> IFUNLOCK5-LIFT-AT 5921
5950 ACHIEVE-LIFT-AT0 F12 -> M12-ACHIEVE-LIFT-AT0
6033 IFUNLOCK-LIFT-AT F12 -> IFUNLOCK5-LIFT-AT 6034
6035 IFUNLOCK-BOARDED P8 -> IFUNLOCK1-BOARDED 6036
6054 ACHIEVE-LIFT-AT0 F7 -> M12-ACHIEVE-LIFT-AT0
6136 IFUNLOCK-LIFT-AT F7 -> IFUNLOCK5-LIFT-AT 6137
6167 ACHIEVE-LIFT-AT0 F10 -> M12-ACHIEVE-LIFT-AT0
6249 IFUNLOCK-LIFT-AT F10 -> IFUNLOCK5-LIFT-AT 6250
6251 IFUNLOCK-BOARDED P7 -> IFUNLOCK1-BOARDED 6252
6268 ACHIEVE-LIFT-AT0 F17 -> M12-ACHIEVE-LIFT-AT0
6352 IFUNLOCK-LIFT-AT F17 -> IFUNLOCK5-LIFT-AT 6353
6382 ACHIEVE-LIFT-AT0 F0 -> M12-ACHIEVE-LIFT-AT0
6465 IFUNLOCK-LIFT-AT F0 -> IFUNLOCK5-LIFT-AT 6466
6467 IFUNLOCK-BOARDED P6 -> IFUNLOCK1-BOARDED 6468
6477 ACHIEVE-LIFT-AT F0 -> M10-ACHIEVE-LIFT-AT 6478
6568 IFUNLOCK-LIFT-AT F0 -> IFUNLOCK5-LIFT-AT 6569
6681 IFUNLOCK-LIFT-AT F4 -> IFUNLOCK5-LIFT-AT 6682
6683 IFUNLOCK-BOARDED P5 -> IFUNLOCK1-BOARDED 6684
6701 ACHIEVE-LIFT-AT0 F13 -> M12-ACHIEVE-LIFT-AT0
6784 IFUNLOCK-LIFT-AT F13 -> IFUNLOCK5-LIFT-AT 6785
6814 ACHIEVE-LIFT-AT0 F7 -> M12-ACHIEVE-LIFT-AT0
6897 IFUNLOCK-LIFT-AT F7 -> IFUNLOCK5-LIFT-AT 6898
6899 IFUNLOCK-BOARDED P4 -> IFUNLOCK1-BOARDED 6900
6917 ACHIEVE-LIFT-AT0 F1 -> M12-ACHIEVE-LIFT-AT0
7000 IFUNLOCK-LIFT-AT F1 -> IFUNLOCK5-LIFT-AT 7001
7113 IFUNLOCK-LIFT-AT F10 -> IFUNLOCK5-LIFT-AT 7114
7115 IFUNLOCK-BOARDED P3 -> IFUNLOCK1-BOARDED 7116
7132 ACHIEVE-LIFT-AT0 F16 -> M12-ACHIEVE-LIFT-AT0
7216 IFUNLOCK-LIFT-AT F16 -> IFUNLOCK5-LIFT-AT 7217
7329 IFUNLOCK-LIFT-AT F1 -> IFUNLOCK5-LIFT-AT 7330
7331 IFUNLOCK-BOARDED P2 -> IFUNLOCK1-BOARDED 7332
7348 ACHIEVE-LIFT-AT0 F17 -> M12-ACHIEVE-LIFT-AT0
7432 IFUNLOCK-LIFT-AT F17 -> IFUNLOCK5-LIFT-AT 7433
7545 IFUNLOCK-LIFT-AT F2 -> IFUNLOCK5-LIFT-AT 7546
7547 IFUNLOCK-BOARDED P1 -> IFUNLOCK1-BOARDED 7548
7557 ACHIEVE-LIFT-AT F2 -> M10-ACHIEVE-LIFT-AT 7558
7648 IFUNLOCK-LIFT-AT F2 -> IFUNLOCK5-LIFT-AT 7649
7761 IFUNLOCK-LIFT-AT F5 -> IFUNLOCK5-LIFT-AT 7762
7763 IFUNLOCK-BOARDED P0 -> IFUNLOCK1-BOARDED 7764
<==
2.324 End of solution plan. (counted length of 118)
2.324 Total amount of clauses encoded: 81714
2.324 - reductionconstraints : 37381 cls
2.324 - substitutionconstraints : 22792 cls
2.324 - directframeaxioms : 5998 cls
2.324 - qconstequality : 4680 cls
2.324 - qfactsemantics : 3519 cls
2.324 - indirectframeaxioms : 3082 cls
2.324 - predecessors : 1315 cls
2.324 - expansions : 1280 cls
2.324 - atmostoneelement : 956 cls
2.324 - actionconstraints : 354 cls
2.324 - actioneffects : 287 cls
2.324 - truefacts : 68 cls
2.324 - axiomaticops : 2 cls
2.324 # instantiated positions: 820
2.324 # instantiated actions: 1073
2.324 # instantiated reductions: 279
2.324 # introduced pseudo-constants: 189
2.324 # retroactive prunings: 18
2.324 # retroactively pruned operations: 18
2.324 # dominated operations: 0
2.324 # total invalid rigid preconditions found in getPFC: 0
2.324 # invalid rigid preconditions found in getPFC: 0
2.324 # invalid rigid preconditions found in getPFC in varrestrictions: 0
2.324 # total invalid fluent preconditions found in getPFC: 98
2.324 # invalid fluent preconditions found in getPFC: 58
2.324 # invalid fluent preconditions found in getPFC in varrestrictions: 0
2.324 # invalid fluent preconditions found in getPFC via postconditions: 40
2.324 # invalid subtasks found in getPFC: 0
2.324 # number effects in operation fact_frames: 242
2.324 # number of variables restricted: 79354
2.324 # number of nodes variables restricted: 39665
2.324 Exiting happily.

RUNWATCH_RESULT EXIT RETVAL 0 TIME_SECS 2.33301 MEMPEAK_KBS 28176
