    _           _         _
   \ |         \ |       | |                       
   | |     __  | |      _| |______                
   | |     \/  | |     /_   ______\                
   | |      _  | |   __  | |  ___   ___   ___       
   | |___  | | | |  / .\ | | / , | |   \ / ·_\    
   \_____\ |_| |__\ \__/ |_| \___) |_|_| \___\  
[39mL i l o t a n e  version rls-glucose4
by Dominik Schreiber <dominik.schreiber@kit.edu> 2020-2021
using SAT solver glucose4

0.005 Parser finished.
0.005 Structures extracted.
0.006 19 operators and 12 methods created.
0.010 Mined 0 new reduction preconditions (+0.0%).
0.010 Iteration 0.
0.010 Creating initial layer of size 2
0.013 Attempting to solve formula with 3 clauses (3 literals) and 1 assumptions
0.013 Unsolvable at layer 0 -- expanding.
0.013 Iteration 1.
0.013 New layer size: 2
0.013 Instantiating ...
0.015 Collected 0 relevant facts at this layer
0.015 Encoding ...
0.016 Attempting to solve formula with 8 clauses (12 literals) and 1 assumptions
0.016 Unsolvable at layer 1 -- expanding.
0.016 Iteration 2.
0.016 New layer size: 3
0.016 Instantiating ...
0.020 Collected 4 relevant facts at this layer
0.020 Encoding ...
0.020 Attempting to solve formula with 33 clauses (61 literals) and 1 assumptions
0.020 Unsolvable at layer 2 -- expanding.
0.020 Iteration 3.
0.020 New layer size: 5
0.020 Instantiating ...
0.026 Collected 111 relevant facts at this layer
0.026 Encoding ...
0.027 Attempting to solve formula with 836 clauses (2006 literals) and 3 assumptions
0.027 Unsolvable at layer 3 -- expanding.
0.027 Iteration 4.
0.027 New layer size: 9
0.027 Instantiating ...
0.036 Collected 202 relevant facts at this layer
0.036 Encoding ...
0.039 Attempting to solve formula with 2772 clauses (7711 literals) and 4 assumptions
0.039 Unsolvable at layer 4 -- expanding.
0.039 Iteration 5.
0.039 New layer size: 14
0.039 Instantiating ...
0.056 Collected 321 relevant facts at this layer
0.057 Encoding ...
0.063 Attempting to solve formula with 7574 clauses (22409 literals) and 6 assumptions
0.063 Unsolvable at layer 5 -- expanding.
0.063 Iteration 6.
0.063 New layer size: 25
0.063 Instantiating ...
0.094 Collected 399 relevant facts at this layer
0.094 Encoding ...
0.109 Attempting to solve formula with 19607 clauses (59089 literals) and 11 assumptions
0.109 Unsolvable at layer 6 -- expanding.
0.109 Iteration 7.
0.109 New layer size: 43
0.109 Instantiating ...
0.165 Collected 457 relevant facts at this layer
0.165 Encoding ...
0.194 Attempting to solve formula with 42496 clauses (126834 literals) and 21 assumptions
0.194 Unsolvable at layer 7 -- expanding.
0.194 Iteration 8.
0.194 New layer size: 77
0.194 Instantiating ...
0.294 Collected 465 relevant facts at this layer
0.294 Encoding ...
0.347 Attempting to solve formula with 84971 clauses (252928 literals) and 37 assumptions
0.347 Unsolvable at layer 8 -- expanding.
0.347 Iteration 9.
0.347 New layer size: 135
0.347 Instantiating ...
0.536 Collected 470 relevant facts at this layer
0.536 Encoding ...
0.631 Attempting to solve formula with 160562 clauses (478670 literals) and 64 assumptions
0.634 Unsolvable at layer 9 -- expanding.
0.634 Iteration 10.
0.634 New layer size: 240
0.634 Instantiating ...
0.960 Collected 470 relevant facts at this layer
0.960 Encoding ...
1.137 Attempting to solve formula with 298481 clauses (894468 literals) and 114 assumptions
1.137 Unsolvable at layer 10 -- expanding.
1.137 Iteration 11.
1.137 New layer size: 423
1.137 Instantiating ...
1.727 Collected 470 relevant facts at this layer
1.727 Encoding ...
2.057 Attempting to solve formula with 545803 clauses (1637232 literals) and 196 assumptions
2.058 Unsolvable at layer 11 -- expanding.
2.058 Iteration 12.
2.058 New layer size: 739
2.058 Instantiating ...
3.149 Collected 470 relevant facts at this layer
3.149 Encoding ...
3.721 Attempting to solve formula with 984559 clauses (2962721 literals) and 347 assumptions
3.808 Unsolvable at layer 12 -- expanding.
3.808 Iteration 13.
3.808 New layer size: 1304
3.808 Instantiating ...
5.724 Collected 470 relevant facts at this layer
5.724 Encoding ...
6.892 Attempting to solve formula with 1765967 clauses (5320627 literals) and 608 assumptions
6.961 Unsolvable at layer 13 -- expanding.
6.961 Iteration 14.
6.963 New layer size: 2291
6.963 Instantiating ...
10.348 Collected 470 relevant facts at this layer
10.348 Encoding ...
12.272 Attempting to solve formula with 3144627 clauses (9487401 literals) and 1077 assumptions
12.274 Unsolvable at layer 14 -- expanding.
12.274 Iteration 15.
12.278 New layer size: 4046
12.278 Instantiating ...
18.341 Collected 470 relevant facts at this layer
18.341 Encoding ...
21.795 Attempting to solve formula with 5589650 clauses (16878331 literals) and 1897 assumptions
21.799 Unsolvable at layer 15 -- expanding.
21.799 Iteration 16.
21.806 New layer size: 7126
21.806 Instantiating ...
32.502 Collected 470 relevant facts at this layer
32.502 Encoding ...
38.812 Attempting to solve formula with 9903791 clauses (29923570 literals) and 3350 assumptions
38.818 Unsolvable at layer 16 -- expanding.
38.818 Iteration 17.
38.831 New layer size: 12580
38.831 Instantiating ...
57.676 Collected 470 relevant facts at this layer
57.676 Encoding ...
68.486 Attempting to solve formula with 17524564 clauses (52975562 literals) and 5909 assumptions
68.910 Unsolvable at layer 17 -- expanding.
68.910 Iteration 18.
68.933 New layer size: 22189
68.933 Instantiating ...
102.741 Collected 470 relevant facts at this layer
102.741 Encoding ...
121.952 Attempting to solve formula with 30973300 clauses (93655458 literals) and 10430 assumptions
123.749 Unsolvable at layer 18 -- expanding.
123.749 Iteration 19.
123.789 New layer size: 39164
123.789 Instantiating ...
182.924 Collected 470 relevant facts at this layer
182.924 Encoding ...
220.267 Attempting to solve formula with 54722758 clauses (165511719 literals) and 18406 assumptions
226.972 Unsolvable at layer 19 -- expanding.
226.972 Iteration 20.
227.043 New layer size: 69103
227.043 Instantiating ...
253.001 Termination signal caught.
253.001 Total amount of clauses encoded: 54722758
253.001 - directframeaxioms : 33125108 cls
253.001 - indirectframeaxioms : 8324557 cls
253.001 - qfactsemantics : 6269253 cls
253.001 - reductionconstraints : 3733154 cls
253.001 - actionconstraints : 849019 cls
253.001 - substitutionconstraints : 735183 cls
253.001 - atmostoneelement : 528055 cls
253.001 - qconstequality : 420877 cls
253.001 - expansions : 356730 cls
253.001 - predecessors : 302905 cls
253.001 - actioneffects : 77445 cls
253.001 - truefacts : 470 cls
253.001 - axiomaticops : 2 cls
253.001 # instantiated positions: 108342
253.001 # instantiated actions: 233171
253.001 # instantiated reductions: 129791
253.001 # introduced pseudo-constants: 114667
253.001 # retroactive prunings: 0
253.001 # retroactively pruned operations: 0
253.001 # dominated operations: 1561
253.001 # total invalid rigid preconditions found in getPFC: 127264
253.001 # invalid rigid preconditions found in getPFC: 23270
253.001 # invalid rigid preconditions found in getPFC in varrestrictions: 103994
253.001 # total invalid fluent preconditions found in getPFC: 59
253.001 # invalid fluent preconditions found in getPFC: 49
253.001 # invalid fluent preconditions found in getPFC in varrestrictions: 10
253.001 # invalid fluent preconditions found in getPFC via postconditions: 0
253.001 # invalid subtasks found in getPFC: 0
253.001 # number effects in operation fact_frames: 138
253.001 Exiting happily.

RUNWATCH_RESULT MEMOUT RETVAL 0 TIME_SECS 254.133 MEMPEAK_KBS 16056824
