    _           _         _
   \ |         \ |       | |                       
   | |     __  | |      _| |______                
   | |     \/  | |     /_   ______\                
   | |      _  | |   __  | |  ___   ___   ___       
   | |___  | | | |  / .\ | | / , | |   \ / ·_\    
   \_____\ |_| |__\ \__/ |_| \___) |_|_| \___\  
[39mL i l o t a n e  version rls-glucose4
by Dominik Schreiber <dominik.schreiber@kit.edu> 2020-2021
using SAT solver glucose4

0.022 Parser finished.
0.023 Structures extracted.
0.024 72 operators and 56 methods created.
0.060 Mined 27 new reduction preconditions (+39.7%).
0.060 Iteration 0.
0.060 Creating initial layer of size 2
0.091 Attempting to solve formula with 3 clauses (3 literals) and 1 assumptions
0.091 Unsolvable at layer 0 -- expanding.
0.091 Iteration 1.
0.091 New layer size: 39
0.091 Instantiating ...
0.698 Collected 109 relevant facts at this layer
0.698 Encoding ...
0.768 Attempting to solve formula with 8583 clauses (25046 literals) and 37 assumptions
0.768 Unsolvable at layer 1 -- expanding.
0.768 Iteration 2.
0.768 New layer size: 76
0.768 Instantiating ...
2.383 Collected 1010 relevant facts at this layer
2.383 Encoding ...
2.558 Attempting to solve formula with 115952 clauses (314556 literals) and 37 assumptions
2.558 Unsolvable at layer 2 -- expanding.
2.558 Iteration 3.
2.558 New layer size: 113
2.558 Instantiating ...
5.766 Collected 1640 relevant facts at this layer
5.766 Encoding ...
5.999 Attempting to solve formula with 227889 clauses (618525 literals) and 74 assumptions
5.999 Unsolvable at layer 3 -- expanding.
5.999 Iteration 4.
5.999 New layer size: 150
5.999 Instantiating ...
6.005 Retroactively prune reduction (_splitting_method_DO-AT-LOAD-AIRPLANE0_splitted_2 OBJ121 Q_3,1_AIRPLANE:0_bd5921c24238659b POS12)@(3,1): no children at offset 0
6.060 Retroactively prune reduction (M15-ACHIEVE-AT0 Q_3,2_AIRPLANE:0_bd5921c24238659b OBJ121 POS3)@(3,2): no children at offset 0
9.957 Collected 1665 relevant facts at this layer
9.957 Encoding ...
10.319 Attempting to solve formula with 372023 clauses (997414 literals) and 111 assumptions
10.319 Unsolvable at layer 4 -- expanding.
10.319 Iteration 5.
10.319 New layer size: 261
10.319 Instantiating ...
15.410 Collected 3891 relevant facts at this layer
15.410 Encoding ...
16.755 Attempting to solve formula with 1304773 clauses (4035820 literals) and 148 assumptions
16.756 Unsolvable at layer 5 -- expanding.
16.756 Iteration 6.
16.756 New layer size: 409
16.756 Instantiating ...
23.410 Collected 3891 relevant facts at this layer
23.410 Encoding ...
25.956 Attempting to solve formula with 2953874 clauses (9569687 literals) and 185 assumptions
25.957 Unsolvable at layer 6 -- expanding.
25.957 Iteration 7.
25.958 New layer size: 594
25.958 Instantiating ...
34.186 Collected 3891 relevant facts at this layer
34.186 Encoding ...
38.085 Attempting to solve formula with 5184577 clauses (17170682 literals) and 222 assumptions
61.956 Unsolvable at layer 7 -- expanding.
61.956 Iteration 8.
61.957 New layer size: 816
61.957 Instantiating ...
72.285 Collected 3891 relevant facts at this layer
72.285 Encoding ...
77.482 Attempting to solve formula with 7970629 clauses (26810890 literals) and 259 assumptions
78.004 Unsolvable at layer 8 -- expanding.
78.004 Iteration 9.
78.004 New layer size: 1075
78.004 Instantiating ...
90.054 Collected 3891 relevant facts at this layer
90.054 Encoding ...
96.904 Attempting to solve formula with 11254016 clauses (38201782 literals) and 296 assumptions
97.281 Unsolvable at layer 9 -- expanding.
97.281 Iteration 10.
97.282 New layer size: 1371
97.282 Instantiating ...
111.604 Collected 3891 relevant facts at this layer
111.604 Encoding ...
120.307 Attempting to solve formula with 15033540 clauses (51336230 literals) and 333 assumptions
120.702 Unsolvable at layer 10 -- expanding.
120.702 Iteration 11.
120.704 New layer size: 1704
120.704 Instantiating ...
137.357 Collected 3891 relevant facts at this layer
137.357 Encoding ...
148.060 Attempting to solve formula with 19309173 clauses (66212541 literals) and 370 assumptions
149.284 Unsolvable at layer 11 -- expanding.
149.284 Iteration 12.
149.286 New layer size: 2074
149.286 Instantiating ...
168.201 Collected 3891 relevant facts at this layer
168.201 Encoding ...
181.233 Attempting to solve formula with 24081579 clauses (82832067 literals) and 407 assumptions
c
c Try to adapt solver strategies
c 
c Nothing extreme in this problem, continue with glucose default strategies.
c
1803.695 Termination signal caught.
1803.695 Total amount of clauses encoded: 24081579
1803.695 - directframeaxioms : 9844214 cls
1803.695 - qfactsemantics : 5847111 cls
1803.695 - indirectframeaxioms : 5690563 cls
1803.695 - reductionconstraints : 2038071 cls
1803.695 - atmostoneelement : 214288 cls
1803.695 - actionconstraints : 128611 cls
1803.695 - qconstequality : 90480 cls
1803.695 - substitutionconstraints : 88196 cls
1803.695 - expansions : 59713 cls
1803.695 - predecessors : 57610 cls
1803.695 - actioneffects : 12971 cls
1803.695 - qtypeconstraints : 5855 cls
1803.695 - truefacts : 3891 cls
1803.695 - forbiddenoperations : 3 cls
1803.695 - axiomaticops : 2 cls
1803.695 # instantiated positions: 8683
1803.695 # instantiated actions: 44665
1803.695 # instantiated reductions: 12946
1803.695 # introduced pseudo-constants: 7112
1803.695 # retroactive prunings: 4
1803.695 # retroactively pruned operations: 5
1803.695 # dominated operations: 0
1803.695 # total invalid rigid preconditions found in getPFC: 0
1803.695 # invalid rigid preconditions found in getPFC: 0
1803.695 # invalid rigid preconditions found in getPFC in varrestrictions: 0
1803.695 # total invalid fluent preconditions found in getPFC: 111
1803.695 # invalid fluent preconditions found in getPFC: 37
1803.695 # invalid fluent preconditions found in getPFC in varrestrictions: 74
1803.695 # invalid fluent preconditions found in getPFC via postconditions: 0
1803.695 # invalid subtasks found in getPFC: 0
1803.695 # number effects in operation fact_frames: 706
1803.695 # number of variables restricted: 683577
1803.695 # number of nodes variables restricted: 382917
1803.695 Exiting happily.

RUNWATCH_RESULT TIMEOUT RETVAL 0 TIME_SECS 1804.43 MEMPEAK_KBS 11281576
