    _           _         _
   \ |         \ |       | |                       
   | |     __  | |      _| |______                
   | |     \/  | |     /_   ______\                
   | |      _  | |   __  | |  ___   ___   ___       
   | |___  | | | |  / .\ | | / , | |   \ / ·_\    
   \_____\ |_| |__\ \__/ |_| \___) |_|_| \___\  
[39mL i l o t a n e  version rls-cadical
by Dominik Schreiber <dominik.schreiber@kit.edu> 2020-2021
using SAT solver cadical

0.006 Parser finished.
0.006 Structures extracted.
0.007 27 operators and 21 methods created.
0.018 Mined 7 new reduction preconditions (+11.5%).
0.018 Iteration 0.
0.018 Creating initial layer of size 2
0.022 Attempting to solve formula with 13 clauses (18 literals) and 1 assumptions
0.022 Unsolvable at layer 0 -- expanding.
0.022 Iteration 1.
0.022 New layer size: 2
0.022 Instantiating ...
0.027 Collected 5 relevant facts at this layer
0.027 Encoding ...
0.027 Attempting to solve formula with 142 clauses (326 literals) and 1 assumptions
0.027 Unsolvable at layer 1 -- expanding.
0.027 Iteration 2.
0.027 New layer size: 3
0.027 Instantiating ...
0.032 Collected 5 relevant facts at this layer
0.032 Encoding ...
0.032 Attempting to solve formula with 253 clauses (583 literals) and 2 assumptions
0.032 Unsolvable at layer 2 -- expanding.
0.032 Iteration 3.
0.032 New layer size: 4
0.032 Instantiating ...
0.039 Collected 28 relevant facts at this layer
0.039 Encoding ...
0.040 Attempting to solve formula with 867 clauses (2289 literals) and 3 assumptions
0.040 Unsolvable at layer 3 -- expanding.
0.040 Iteration 4.
0.040 New layer size: 7
0.040 Instantiating ...
0.049 Collected 51 relevant facts at this layer
0.049 Encoding ...
0.050 Attempting to solve formula with 1926 clauses (5399 literals) and 3 assumptions
0.051 Unsolvable at layer 4 -- expanding.
0.051 Iteration 5.
0.051 New layer size: 24
0.051 Instantiating ...
0.085 Collected 88 relevant facts at this layer
0.085 Encoding ...
0.090 Attempting to solve formula with 5836 clauses (16522 literals) and 5 assumptions
0.090 Unsolvable at layer 5 -- expanding.
0.090 Iteration 6.
0.090 New layer size: 44
0.090 Instantiating ...
0.145 Collected 88 relevant facts at this layer
0.145 Encoding ...
0.153 Attempting to solve formula with 11009 clauses (31201 literals) and 7 assumptions
0.153 Unsolvable at layer 6 -- expanding.
0.153 Iteration 7.
0.153 New layer size: 66
0.153 Instantiating ...
0.232 Collected 88 relevant facts at this layer
0.232 Encoding ...
0.243 Attempting to solve formula with 17297 clauses (49012 literals) and 9 assumptions
0.243 Unsolvable at layer 7 -- expanding.
0.243 Iteration 8.
0.243 New layer size: 90
0.243 Instantiating ...
0.345 Collected 88 relevant facts at this layer
0.345 Encoding ...
0.357 Attempting to solve formula with 24720 clauses (69995 literals) and 11 assumptions
0.358 Unsolvable at layer 8 -- expanding.
0.358 Iteration 9.
0.358 New layer size: 116
0.358 Instantiating ...
0.483 Collected 88 relevant facts at this layer
0.483 Encoding ...
0.500 Attempting to solve formula with 33298 clauses (94184 literals) and 13 assumptions
0.502 Unsolvable at layer 9 -- expanding.
0.502 Iteration 10.
0.502 New layer size: 144
0.502 Instantiating ...
0.653 Collected 88 relevant facts at this layer
0.653 Encoding ...
0.673 Attempting to solve formula with 43051 clauses (121631 literals) and 15 assumptions
0.682 Found a solution at layer 10.
==>
7215 put_down guy2 place0 tent1
7223 nop
7303 drive_tent guy4 place0 place1 car4 tent1
8162 drive girl4 place0 place1 car2
8168 put_up guy4 place1 tent1
8171 drive_passenger girl4 place1 place0 car2 guy4
8175 walk_together tent1 place1 guy3 place0 girl3 couple3
8179 walk_together tent1 place1 guy1 place0 girl1 couple1
8182 walk_together tent1 place1 guy4 place0 girl4 couple4
8187 walk_together tent1 place1 guy0 place0 girl0 couple0
8191 walk_together tent1 place1 guy2 place0 girl2 couple2
8193 nop
8264 put_down girl4 place1 tent1
8267 drive_passenger guy4 place1 place0 car4 girl4
8270 drive guy4 place0 place1 car4
8273 drive girl4 place0 place1 car2
8276 drive_tent guy4 place1 place2 car4 tent1
9101 drive girl4 place1 place2 car2
9105 put_up guy4 place2 tent1
9108 drive_passenger girl4 place2 place1 car2 guy4
9111 walk_together tent1 place2 guy0 place1 girl0 couple0
9115 walk_together tent1 place2 guy1 place1 girl1 couple1
9120 walk_together tent1 place2 guy4 place1 girl4 couple4
9124 walk_together tent1 place2 guy2 place1 girl2 couple2
9128 walk_together tent1 place2 guy3 place1 girl3 couple3
9130 nop
9200 put_down girl4 place2 tent1
9204 drive_passenger guy4 place2 place1 car4 girl4
9207 drive guy4 place1 place2 car4
9210 drive girl4 place1 place2 car2
root 15
15 everyone_go_hiking place2 -> m14_everyone_go_hiking 44 46
44 prepare_trip place0 -> m6_prepare_trip 7214 7222
46 trip_to1 couple4 place2 -> m0_trip_to1 184
184 trip_to2 couple4 place0 place2 -> m2_trip_to2 345 391
345 trip_to2 couple4 place0 place1 -> m3_trip_to2 7303 8162 8168 8171 816 8264 8267 8270 8273
391 trip_to2 couple4 place1 place2 -> m3_trip_to2 8276 9101 9105 9108 1228 9200 9204 9207 9210
816 walk_everyone tent1 place1 place0 -> m5_walk_everyone 8175 1983
1228 walk_everyone tent1 place2 place1 -> m5_walk_everyone 9111 2492
1983 walk_everyone tent1 place1 place0 -> m5_walk_everyone 8179 3210
2492 walk_everyone tent1 place2 place1 -> m5_walk_everyone 9115 3820
3210 walk_everyone tent1 place1 place0 -> m5_walk_everyone 8182 4649
3820 walk_everyone tent1 place2 place1 -> m5_walk_everyone 9120 5364
4649 walk_everyone tent1 place1 place0 -> m5_walk_everyone 8187 6308
5364 walk_everyone tent1 place2 place1 -> m5_walk_everyone 9124 7132
6308 walk_everyone tent1 place1 place0 -> m5_walk_everyone 8191 8192
7132 walk_everyone tent1 place2 place1 -> m5_walk_everyone 9128 9129
7214 bring_tent place0 -> m10_bring_tent 7215
7222 bring_cars place0 -> m11_bring_cars 7223
8192 walk_everyone tent1 place1 place0 -> m4_walk_everyone 8193
9129 walk_everyone tent1 place2 place1 -> m4_walk_everyone 9130
<==
0.686 End of solution plan. (counted length of 30)
0.686 Total amount of clauses encoded: 43051
0.686 - directframeaxioms : 12850 cls
0.686 - reductionconstraints : 7408 cls
0.686 - qfactsemantics : 7094 cls
0.686 - indirectframeaxioms : 5501 cls
0.686 - qconstequality : 2520 cls
0.686 - substitutionconstraints : 2365 cls
0.686 - expansions : 1395 cls
0.686 - predecessors : 1194 cls
0.686 - atmostoneelement : 1005 cls
0.686 - actionconstraints : 998 cls
0.686 - actioneffects : 631 cls
0.686 - truefacts : 88 cls
0.686 - axiomaticops : 2 cls
0.686 # instantiated positions: 501
0.686 # instantiated actions: 1116
0.686 # instantiated reductions: 84
0.686 # introduced pseudo-constants: 237
0.686 # retroactive prunings: 6
0.686 # retroactively pruned operations: 6
0.686 # dominated operations: 0
0.686 # total invalid rigid preconditions found in getPFC: 378
0.686 # invalid rigid preconditions found in getPFC: 295
0.686 # invalid rigid preconditions found in getPFC in varrestrictions: 83
0.686 # total invalid fluent preconditions found in getPFC: 0
0.686 # invalid fluent preconditions found in getPFC: 0
0.686 # invalid fluent preconditions found in getPFC in varrestrictions: 0
0.686 # invalid fluent preconditions found in getPFC via postconditions: 0
0.686 # invalid operations found in getPFC via subtasks: 6
0.686 # invalid operations found in getPFC via postconditions: 0
0.686 # number effects in operation fact_frames: 242
0.686 # number of variables restricted: 5811
0.686 # number of nodes variables restricted: 1746
0.686 Exiting happily.

RUNWATCH_RESULT EXIT RETVAL 0 TIME_SECS 0.694824 MEMPEAK_KBS 680
