    _           _         _
   \ |         \ |       | |                       
   | |     __  | |      _| |______                
   | |     \/  | |     /_   ______\                
   | |      _  | |   __  | |  ___   ___   ___       
   | |___  | | | |  / .\ | | / , | |   \ / ·_\    
   \_____\ |_| |__\ \__/ |_| \___) |_|_| \___\  
[39mL i l o t a n e  version rls-glucose4
by Dominik Schreiber <dominik.schreiber@kit.edu> 2020-2021
using SAT solver glucose4

0.008 Parser finished.
0.008 Structures extracted.
0.008 11 operators and 14 methods created.
0.094 Mined 13 new reduction preconditions (+108.3%).
0.094 Iteration 0.
0.094 Creating initial layer of size 2
0.226 Attempting to solve formula with 103 clauses (153 literals) and 1 assumptions
0.226 Unsolvable at layer 0 -- expanding.
0.226 Iteration 1.
0.226 New layer size: 2
0.226 Instantiating ...
0.596 Collected 50 relevant facts at this layer
0.596 Encoding ...
0.597 Attempting to solve formula with 215 clauses (479 literals) and 1 assumptions
0.597 Unsolvable at layer 1 -- expanding.
0.597 Iteration 2.
0.597 New layer size: 3
0.597 Instantiating ...
1.125 Collected 91 relevant facts at this layer
1.125 Encoding ...
1.127 Attempting to solve formula with 3570 clauses (8555 literals) and 1 assumptions
1.127 Unsolvable at layer 2 -- expanding.
1.127 Iteration 3.
1.127 New layer size: 4
1.127 Instantiating ...
1.913 Collected 190 relevant facts at this layer
1.913 Encoding ...
1.916 Attempting to solve formula with 8945 clauses (22208 literals) and 1 assumptions
1.916 Unsolvable at layer 3 -- expanding.
1.916 Iteration 4.
1.916 New layer size: 5
1.916 Instantiating ...
2.722 Collected 190 relevant facts at this layer
2.723 Encoding ...
2.727 Attempting to solve formula with 15452 clauses (39542 literals) and 1 assumptions
2.728 Unsolvable at layer 4 -- expanding.
2.728 Iteration 5.
2.728 New layer size: 6
2.728 Instantiating ...
3.523 Collected 190 relevant facts at this layer
3.523 Encoding ...
3.528 Attempting to solve formula with 22174 clauses (57837 literals) and 1 assumptions
3.528 Unsolvable at layer 5 -- expanding.
3.528 Iteration 6.
3.528 New layer size: 7
3.528 Instantiating ...
4.316 Collected 190 relevant facts at this layer
4.316 Encoding ...
4.322 Attempting to solve formula with 28916 clauses (76172 literals) and 1 assumptions
4.322 Unsolvable at layer 6 -- expanding.
4.322 Iteration 7.
4.322 New layer size: 8
4.322 Instantiating ...
5.128 Collected 190 relevant facts at this layer
5.128 Encoding ...
5.136 Attempting to solve formula with 35678 clauses (94547 literals) and 1 assumptions
5.137 Unsolvable at layer 7 -- expanding.
5.137 Iteration 8.
5.137 New layer size: 9
5.137 Instantiating ...
5.940 Collected 190 relevant facts at this layer
5.940 Encoding ...
5.948 Attempting to solve formula with 42460 clauses (112962 literals) and 1 assumptions
5.949 Unsolvable at layer 8 -- expanding.
5.949 Iteration 9.
5.949 New layer size: 10
5.949 Instantiating ...
6.768 Collected 190 relevant facts at this layer
6.768 Encoding ...
6.778 Attempting to solve formula with 49262 clauses (131417 literals) and 1 assumptions
6.780 Unsolvable at layer 9 -- expanding.
6.780 Iteration 10.
6.780 New layer size: 11
6.780 Instantiating ...
7.593 Collected 190 relevant facts at this layer
7.593 Encoding ...
7.602 Attempting to solve formula with 56084 clauses (149912 literals) and 1 assumptions
7.605 Unsolvable at layer 10 -- expanding.
7.605 Iteration 11.
7.605 New layer size: 12
7.605 Instantiating ...
8.423 Collected 190 relevant facts at this layer
8.423 Encoding ...
8.436 Attempting to solve formula with 62926 clauses (168447 literals) and 1 assumptions
8.439 Unsolvable at layer 11 -- expanding.
8.439 Iteration 12.
8.439 New layer size: 13
8.439 Instantiating ...
9.268 Collected 190 relevant facts at this layer
9.268 Encoding ...
9.278 Attempting to solve formula with 69788 clauses (187022 literals) and 1 assumptions
9.285 Unsolvable at layer 12 -- expanding.
9.285 Iteration 13.
9.285 New layer size: 14
9.285 Instantiating ...
10.101 Collected 190 relevant facts at this layer
10.101 Encoding ...
10.112 Attempting to solve formula with 76670 clauses (205637 literals) and 1 assumptions
10.127 Unsolvable at layer 13 -- expanding.
10.127 Iteration 14.
10.127 New layer size: 15
10.127 Instantiating ...
10.942 Collected 190 relevant facts at this layer
10.942 Encoding ...
10.953 Attempting to solve formula with 83572 clauses (224292 literals) and 1 assumptions
10.981 Unsolvable at layer 14 -- expanding.
10.981 Iteration 15.
10.981 New layer size: 16
10.981 Instantiating ...
11.823 Collected 190 relevant facts at this layer
11.823 Encoding ...
11.839 Attempting to solve formula with 90494 clauses (242987 literals) and 1 assumptions
11.930 Unsolvable at layer 15 -- expanding.
11.930 Iteration 16.
11.930 New layer size: 17
11.930 Instantiating ...
12.748 Collected 190 relevant facts at this layer
12.748 Encoding ...
12.761 Attempting to solve formula with 97436 clauses (261722 literals) and 1 assumptions
12.957 Unsolvable at layer 16 -- expanding.
12.957 Iteration 17.
12.957 New layer size: 18
12.957 Instantiating ...
13.777 Collected 190 relevant facts at this layer
13.777 Encoding ...
13.789 Attempting to solve formula with 104398 clauses (280497 literals) and 1 assumptions
14.225 Unsolvable at layer 17 -- expanding.
14.225 Iteration 18.
14.225 New layer size: 19
14.225 Instantiating ...
15.069 Collected 190 relevant facts at this layer
15.069 Encoding ...
15.086 Attempting to solve formula with 111380 clauses (299312 literals) and 1 assumptions
16.015 Unsolvable at layer 18 -- expanding.
16.015 Iteration 19.
16.015 New layer size: 20
16.015 Instantiating ...
16.840 Collected 190 relevant facts at this layer
16.841 Encoding ...
16.855 Attempting to solve formula with 118382 clauses (318167 literals) and 1 assumptions
18.200 Unsolvable at layer 19 -- expanding.
18.200 Iteration 20.
18.200 New layer size: 21
18.200 Instantiating ...
19.052 Collected 190 relevant facts at this layer
19.052 Encoding ...
19.067 Attempting to solve formula with 125404 clauses (337062 literals) and 1 assumptions
20.163 Unsolvable at layer 20 -- expanding.
20.163 Iteration 21.
20.163 New layer size: 22
20.163 Instantiating ...
20.998 Collected 190 relevant facts at this layer
20.998 Encoding ...
21.014 Attempting to solve formula with 132446 clauses (355997 literals) and 1 assumptions
c
c Try to adapt solver strategies
c 
c Nothing extreme in this problem, continue with glucose default strategies.
c
22.492 Unsolvable at layer 21 -- expanding.
22.492 Iteration 22.
22.492 New layer size: 23
22.492 Instantiating ...
23.342 Collected 190 relevant facts at this layer
23.342 Encoding ...
23.367 Attempting to solve formula with 139508 clauses (374972 literals) and 1 assumptions
26.342 Unsolvable at layer 22 -- expanding.
26.342 Iteration 23.
26.342 New layer size: 24
26.342 Instantiating ...
27.191 Collected 190 relevant facts at this layer
27.191 Encoding ...
27.208 Attempting to solve formula with 146590 clauses (393987 literals) and 1 assumptions
34.498 Unsolvable at layer 23 -- expanding.
34.498 Iteration 24.
34.498 New layer size: 25
34.498 Instantiating ...
35.358 Collected 190 relevant facts at this layer
35.358 Encoding ...
35.376 Attempting to solve formula with 153692 clauses (413042 literals) and 1 assumptions
55.187 Unsolvable at layer 24 -- expanding.
55.187 Iteration 25.
55.187 New layer size: 26
55.187 Instantiating ...
56.050 Collected 190 relevant facts at this layer
56.050 Encoding ...
56.069 Attempting to solve formula with 160814 clauses (432137 literals) and 1 assumptions
86.070 Unsolvable at layer 25 -- expanding.
86.070 Iteration 26.
86.070 New layer size: 27
86.070 Instantiating ...
86.942 Collected 190 relevant facts at this layer
86.942 Encoding ...
86.962 Attempting to solve formula with 167956 clauses (451272 literals) and 1 assumptions
139.104 Unsolvable at layer 26 -- expanding.
139.104 Iteration 27.
139.104 New layer size: 28
139.104 Instantiating ...
139.981 Collected 190 relevant facts at this layer
139.981 Encoding ...
140.002 Attempting to solve formula with 175118 clauses (470447 literals) and 1 assumptions
340.552 Unsolvable at layer 27 -- expanding.
340.552 Iteration 28.
340.552 New layer size: 29
340.552 Instantiating ...
341.427 Collected 190 relevant facts at this layer
341.427 Encoding ...
341.448 Attempting to solve formula with 182300 clauses (489662 literals) and 1 assumptions
1090.443 Unsolvable at layer 28 -- expanding.
1090.443 Iteration 29.
1090.443 New layer size: 30
1090.443 Instantiating ...
1091.329 Collected 190 relevant facts at this layer
1091.330 Encoding ...
1091.352 Attempting to solve formula with 189502 clauses (508917 literals) and 1 assumptions
1717.786 Unsolvable at layer 29 -- expanding.
1717.786 Iteration 30.
1717.786 New layer size: 31
1717.786 Instantiating ...
1718.668 Collected 190 relevant facts at this layer
1718.668 Encoding ...
1718.691 Attempting to solve formula with 196724 clauses (528212 literals) and 1 assumptions
1801.157 Termination signal caught.
1801.157 Total amount of clauses encoded: 196724
1801.157 - actionconstraints : 83120 cls
1801.157 - reductionconstraints : 39075 cls
1801.157 - directframeaxioms : 21548 cls
1801.157 - qfactsemantics : 19032 cls
1801.157 - indirectframeaxioms : 12664 cls
1801.157 - substitutionconstraints : 8776 cls
1801.157 - atmostoneelement : 4971 cls
1801.157 - expansions : 2453 cls
1801.157 - predecessors : 2379 cls
1801.157 - qconstequality : 2262 cls
1801.157 - actioneffects : 252 cls
1801.157 - truefacts : 190 cls
1801.157 - axiomaticops : 2 cls
1801.157 # instantiated positions: 496
1801.157 # instantiated actions: 2176
1801.157 # instantiated reductions: 204
1801.157 # introduced pseudo-constants: 174
1801.157 # retroactive prunings: 1
1801.157 # retroactively pruned operations: 1
1801.157 # dominated operations: 0
1801.157 # total invalid rigid preconditions found in getPFC: 0
1801.157 # invalid rigid preconditions found in getPFC: 0
1801.157 # invalid rigid preconditions found in getPFC in varrestrictions: 0
1801.157 # total invalid fluent preconditions found in getPFC: 15
1801.157 # invalid fluent preconditions found in getPFC: 15
1801.157 # invalid fluent preconditions found in getPFC in varrestrictions: 0
1801.157 # invalid fluent preconditions found in getPFC via postconditions: 0
1801.157 # invalid subtasks found in getPFC: 1
1801.157 # number effects in operation fact_frames: 110
1801.157 Exiting happily.

RUNWATCH_RESULT TIMEOUT RETVAL 0 TIME_SECS 1801.18 MEMPEAK_KBS 235536
