    _           _         _
   \ |         \ |       | |                       
   | |     __  | |      _| |______                
   | |     \/  | |     /_   ______\                
   | |      _  | |   __  | |  ___   ___   ___       
   | |___  | | | |  / .\ | | / , | |   \ / ·_\    
   \_____\ |_| |__\ \__/ |_| \___) |_|_| \___\  
[39mL i l o t a n e  version rls-glucose4
by Dominik Schreiber <dominik.schreiber@kit.edu> 2020-2021
using SAT solver glucose4

0.007 Parser finished.
0.007 Structures extracted.
0.008 37 operators and 24 methods created.
0.013 Mined 2 new reduction preconditions (+4.3%).
0.013 Iteration 0.
0.013 Creating initial layer of size 2
0.014 Attempting to solve formula with 3 clauses (3 literals) and 1 assumptions
0.014 Unsolvable at layer 0 -- expanding.
0.014 Iteration 1.
0.014 New layer size: 6
0.014 Instantiating ...
0.018 Collected 4 relevant facts at this layer
0.018 Encoding ...
0.019 Attempting to solve formula with 76 clauses (180 literals) and 5 assumptions
0.019 Unsolvable at layer 1 -- expanding.
0.019 Iteration 2.
0.019 New layer size: 21
0.019 Instantiating ...
0.026 Collected 69 relevant facts at this layer
0.026 Encoding ...
0.028 Attempting to solve formula with 1445 clauses (3616 literals) and 15 assumptions
0.028 Unsolvable at layer 2 -- expanding.
0.028 Iteration 3.
0.028 New layer size: 61
0.028 Instantiating ...
0.049 Collected 110 relevant facts at this layer
0.049 Encoding ...
0.060 Attempting to solve formula with 11041 clauses (29776 literals) and 29 assumptions
0.060 Unsolvable at layer 3 -- expanding.
0.060 Iteration 4.
0.060 New layer size: 123
0.060 Instantiating ...
0.088 Collected 146 relevant facts at this layer
0.088 Encoding ...
0.108 Attempting to solve formula with 26798 clauses (74108 literals) and 24 assumptions
0.108 Unsolvable at layer 4 -- expanding.
0.108 Iteration 5.
0.109 New layer size: 181
0.109 Instantiating ...
0.146 Collected 182 relevant facts at this layer
0.146 Encoding ...
0.185 Attempting to solve formula with 46469 clauses (131740 literals) and 19 assumptions
0.185 Unsolvable at layer 5 -- expanding.
0.185 Iteration 6.
0.185 New layer size: 228
0.185 Instantiating ...
0.228 Collected 182 relevant facts at this layer
0.228 Encoding ...
0.281 Attempting to solve formula with 68818 clauses (202501 literals) and 9 assumptions
c last restart ## conflicts  :  220 1721 
0.510 Found a solution at layer 6.
==>
11614 grasp right shot10
11622 fill-shot shot10 ingredient6 right left dispenser6
11630 drop right shot10
11632 grasp left shot10
11635 pour-shot-to-clean-shaker shot10 ingredient6 shaker1 left level1 level1
11696 clean-shot shot10 ingredient6 left right
11942 fill-shot shot10 ingredient7 left right dispenser7
11948 drop left shot10
11952 grasp right shot10
11956 pour-shot-to-used-shaker shot10 ingredient7 shaker1 right level1 level1
11959 drop right shot10
11963 grasp right shaker1
11968 shake cocktail1 ingredient6 ingredient7 shaker1 right left
11970 drop right shaker1
11976 grasp right shot10
11984 clean-shot shot10 ingredient7 right left
11990 drop right shot10
11997 grasp right shaker1
11999 pour-shaker-to-shot cocktail1 shot10 right shaker1 level1 level1
12006 drop right shaker1
12010 grasp left shaker1
12014 empty-shaker left shaker1 cocktail1 level1 level1
12021 clean-shaker shaker1 left right
12322 grasp right shot4
12361 drop left shaker1
12368 fill-shot shot4 ingredient3 right left dispenser3
12375 drop right shot4
12380 grasp left shot4
12384 pour-shot-to-clean-shaker shot4 ingredient3 shaker1 left level1 level1
12450 clean-shot shot4 ingredient3 left right
12660 drop left shot4
12705 grasp right shot4
12751 fill-shot shot4 ingredient6 right left dispenser6
12766 pour-shot-to-used-shaker shot4 ingredient6 shaker1 right level1 level1
12775 grasp left shaker1
12778 drop right shot4
12781 shake cocktail2 ingredient3 ingredient6 shaker1 left right
12807 drop left shaker1
12811 grasp right shaker1
12813 pour-shaker-to-shot cocktail2 shot3 right shaker1 level1 level1
12827 empty-shaker right shaker1 cocktail2 level1 level1
12836 clean-shaker shaker1 right left
13091 drop right shaker1
13159 grasp right shot2
13205 fill-shot shot2 ingredient8 right left dispenser8
13212 drop right shot2
13216 grasp left shot2
13219 pour-shot-to-clean-shaker shot2 ingredient8 shaker1 left level1 level1
13564 grasp right shot6
13603 drop left shot2
13610 fill-shot shot6 ingredient6 right left dispenser6
13617 drop right shot6
13621 grasp left shot6
13624 pour-shot-to-used-shaker shot6 ingredient6 shaker1 left level1 level1
13634 grasp right shaker1
13637 drop left shot6
13640 shake cocktail3 ingredient8 ingredient6 shaker1 right left
13672 pour-shaker-to-shot cocktail3 shot9 right shaker1 level1 level1
13686 empty-shaker right shaker1 cocktail3 level1 level1
13694 clean-shaker shaker1 right left
14040 grasp left shot1
14079 drop right shaker1
14086 fill-shot shot1 ingredient3 left right dispenser3
14093 drop left shot1
14098 grasp right shot1
14102 pour-shot-to-clean-shaker shot1 ingredient3 shaker1 right level1 level1
14379 drop right shot1
14447 grasp right shot8
14493 fill-shot shot8 ingredient9 right left dispenser9
14500 drop right shot8
14504 grasp left shot8
14509 pour-shot-to-used-shaker shot8 ingredient9 shaker1 left level1 level1
14517 grasp right shaker1
14520 drop left shot8
14523 shake cocktail4 ingredient3 ingredient9 shaker1 right left
14549 drop right shaker1
14552 grasp left shaker1
14555 pour-shaker-to-shot cocktail4 shot5 left shaker1 level1 level1
14571 empty-shaker left shaker1 cocktail4 level1 level1
14577 clean-shaker shaker1 left right
14945 grasp right shot7
14984 drop left shaker1
14991 fill-shot shot7 ingredient9 right left dispenser9
15007 pour-shot-to-clean-shaker shot7 ingredient9 shaker1 right level1 level1
15072 clean-shot shot7 ingredient9 right left
15329 drop right shot7
15374 grasp left shot7
15421 fill-shot shot7 ingredient7 left right dispenser7
15427 drop left shot7
15431 grasp right shot7
15435 pour-shot-to-used-shaker shot7 ingredient7 shaker1 right level1 level1
15438 drop right shot7
15444 grasp right shaker1
15451 shake cocktail5 ingredient9 ingredient7 shaker1 right left
15454 drop right shaker1
15459 grasp right shot8
15467 clean-shot shot8 ingredient9 right left
15479 grasp left shaker1
15482 pour-shaker-to-shot cocktail5 shot8 left shaker1 level1 level1
root 5 12 18 26 33
5 AchieveContainsShotCocktail shot10 cocktail1 -> MakeAndPourCocktail 45 117 1163 11998
12 AchieveContainsShotCocktail shot3 cocktail2 -> MakeAndPourCocktail 191 209 1742 12812
18 AchieveContainsShotCocktail shot9 cocktail3 -> MakeAndPourCocktail 298 313 2344 13671
26 AchieveContainsShotCocktail shot5 cocktail4 -> MakeAndPourCocktail 416 431 2958 14554
33 AchieveContainsShotCocktail shot8 cocktail5 -> MakeAndPourCocktail 544 560 3582 15481
45 AchieveContainsShakerCocktail shaker1 cocktail1 -> MakeCocktail 684 727 745 823 894 11968
117 AchieveCleanShot shot10 -> CleanEmptyShot 989 998 11984
191 AchieveContainsShakerCocktail shaker1 cocktail2 -> MakeCocktail 1203 1216 1278 1381 12777 12781
209 AchieveCleanShot shot3 -> CleanShotNull
298 AchieveContainsShakerCocktail shaker1 cocktail3 -> MakeCocktail 1783 1798 1863 1974 13636 13640
313 AchieveCleanShot shot9 -> CleanShotNull
416 AchieveContainsShakerCocktail shaker1 cocktail4 -> MakeCocktail 2387 2402 2467 2580 14519 14523
431 AchieveCleanShot shot5 -> CleanShotNull
544 AchieveContainsShakerCocktail shaker1 cocktail5 -> MakeCocktail 3000 3018 3085 3202 3305 15451
560 AchieveCleanShot shot8 -> CleanEmptyShot 3402 3411 15467
684 AchieveCleanShaker shaker1 -> CleanShakerNull
727 AchieveContainsShakerIngredient shaker1 ingredient6 -> AddIngredientToEmptyShaker 3663 3669 11635
745 AchieveContainsShakerIngredient shaker1 ingredient7 -> AddIngredientToUsedShaker 3771 3792 11956
823 AchieveHolding right shaker1 -> PickUp 11958 3943 11963
894 AchieveHandEmpty left -> HandEmptyNull
989 AchieveHolding right shot10 -> PickUp 11969 4011 11976
998 AchieveHandEmpty left -> HandEmptyNull
1163 AchieveHolding right shaker1 -> PickUp 11989 4100 11997
1203 AchieveCleanShaker shaker1 -> CleanFullShaker 4161 12014 4224 12021
1216 AchieveContainsShakerIngredient shaker1 ingredient3 -> AddIngredientToEmptyShaker 4331 4339 12384
1278 AchieveContainsShakerIngredient shaker1 ingredient6 -> AddIngredientToUsedShaker 4483 4508 12766
1381 AchieveHolding left shaker1 -> PickUp 4652 4686 12775
1742 AchieveHolding right shaker1 -> PickUp 4842 12806 12811
1783 AchieveCleanShaker shaker1 -> CleanFullShaker 4922 12827 4987 12836
1798 AchieveContainsShakerIngredient shaker1 ingredient8 -> AddIngredientToEmptyShaker 5096 5103 13219
1863 AchieveContainsShakerIngredient shaker1 ingredient6 -> AddIngredientToUsedShaker 5262 5288 13624
1974 AchieveHolding right shaker1 -> PickUp 5448 5482 13634
2344 AchieveHolding right shaker1 -> HoldingNull
2387 AchieveCleanShaker shaker1 -> CleanFullShaker 5719 13686 5783 13694
2402 AchieveContainsShakerIngredient shaker1 ingredient3 -> AddIngredientToEmptyShaker 5894 5903 14102
2467 AchieveContainsShakerIngredient shaker1 ingredient9 -> AddIngredientToUsedShaker 6063 6087 14509
2580 AchieveHolding right shaker1 -> PickUp 6260 6297 14517
2958 AchieveHolding left shaker1 -> PickUp 6453 14548 14552
3000 AchieveCleanShaker shaker1 -> CleanFullShaker 6533 14571 6598 14577
3018 AchieveContainsShakerIngredient shaker1 ingredient9 -> AddIngredientToEmptyShaker 6711 6720 15007
3085 AchieveContainsShakerIngredient shaker1 ingredient7 -> AddIngredientToUsedShaker 6895 6921 15435
3202 AchieveHolding right shaker1 -> PickUp 15437 7131 15444
3305 AchieveHandEmpty left -> HandEmptyNull
3402 AchieveHolding right shot8 -> PickUp 15453 7216 15459
3411 AchieveHandEmpty left -> HandEmptyNull
3582 AchieveHolding left shaker1 -> PickUp 7287 7306 15479
3663 AchieveContainsShotIngredient shot10 ingredient6 -> AddIngredientToShot 7405 7407 7410 11622
3669 AchieveHolding left shot10 -> PickUp 7498 11629 11632
3771 AchieveContainsShotIngredient shot10 ingredient7 -> AddIngredientToShot 7614 7627 7703 11942
3792 AchieveHolding right shot10 -> PickUp 7793 11947 11952
3943 AchieveOnTable shaker1 -> OnTableNull
4011 AchieveOnTable shot10 -> OnTableNull
4100 AchieveOnTable shaker1 -> OnTableNull
4161 AchieveHolding left shaker1 -> PickUp 7960 12005 12010
4224 AchieveHandEmpty right -> HandEmptyNull
4331 AchieveContainsShotIngredient shot4 ingredient3 -> AddIngredientToShot 8049 8064 12360 12368
4339 AchieveHolding left shot4 -> PickUp 8266 12374 12380
4483 AchieveContainsShotIngredient shot4 ingredient6 -> AddIngredientToShot 8393 8408 8531 12751
4508 AchieveHolding right shot4 -> HoldingNull
4652 AchieveHandEmpty left -> HandEmptyNull
4686 AchieveOnTable shaker1 -> OnTableNull
4842 AchieveHandEmpty right -> HandEmptyNull
4922 AchieveHolding right shaker1 -> HoldingNull
4987 AchieveHandEmpty left -> HandEmptyNull
5096 AchieveContainsShotIngredient shot2 ingredient8 -> AddIngredientToShot 8898 8915 9039 13205
5103 AchieveHolding left shot2 -> PickUp 9138 13211 13216
5262 AchieveContainsShotIngredient shot6 ingredient6 -> AddIngredientToShot 9266 9283 13602 13610
5288 AchieveHolding left shot6 -> PickUp 9527 13616 13621
5448 AchieveHandEmpty right -> HandEmptyNull
5482 AchieveOnTable shaker1 -> OnTableNull
5719 AchieveHolding right shaker1 -> HoldingNull
5783 AchieveHandEmpty left -> HandEmptyNull
5894 AchieveContainsShotIngredient shot1 ingredient3 -> AddIngredientToShot 9795 9815 14078 14086
5903 AchieveHolding right shot1 -> PickUp 10060 14092 14098
6063 AchieveContainsShotIngredient shot8 ingredient9 -> AddIngredientToShot 10185 10204 10351 14493
6087 AchieveHolding left shot8 -> PickUp 10450 14499 14504
6260 AchieveHandEmpty right -> HandEmptyNull
6297 AchieveOnTable shaker1 -> OnTableNull
6453 AchieveHandEmpty left -> HandEmptyNull
6533 AchieveHolding left shaker1 -> HoldingNull
6598 AchieveHandEmpty right -> HandEmptyNull
6711 AchieveContainsShotIngredient shot7 ingredient9 -> AddIngredientToShot 10721 10742 14983 14991
6720 AchieveHolding right shot7 -> HoldingNull
6895 AchieveContainsShotIngredient shot7 ingredient7 -> AddIngredientToShot 11137 11159 11328 15421
6921 AchieveHolding right shot7 -> PickUp 11427 15426 15431
7131 AchieveOnTable shaker1 -> OnTableNull
7216 AchieveOnTable shot8 -> OnTableNull
7287 AchieveHandEmpty left -> HandEmptyNull
7306 AchieveOnTable shaker1 -> OnTableNull
7405 AchieveCleanShot shot10 -> CleanShotNull
7407 AchieveHolding right shot10 -> PickUp 11608 11612 11614
7410 AchieveHandEmpty left -> HandEmptyNull
7498 AchieveHandEmpty left -> HandEmptyNull
7614 AchieveCleanShot shot10 -> CleanEmptyShot 11639 11645 11696
7627 AchieveHolding left shot10 -> HoldingNull
7703 AchieveHandEmpty right -> HandEmptyNull
7793 AchieveHandEmpty right -> HandEmptyNull
7960 AchieveHandEmpty left -> HandEmptyNull
8049 AchieveCleanShot shot4 -> CleanShotNull
8064 AchieveHolding right shot4 -> PickUp 12257 12278 12322
8266 AchieveHandEmpty left -> HandEmptyNull
8393 AchieveCleanShot shot4 -> CleanEmptyShot 12388 12395 12450
8408 AchieveHolding right shot4 -> PickUp 12640 12659 12705
8531 AchieveHandEmpty left -> HandEmptyNull
8898 AchieveCleanShot shot2 -> CleanShotNull
8915 AchieveHolding right shot2 -> PickUp 13090 13115 13159
9039 AchieveHandEmpty left -> HandEmptyNull
9138 AchieveHandEmpty left -> HandEmptyNull
9266 AchieveCleanShot shot6 -> CleanShotNull
9283 AchieveHolding right shot6 -> PickUp 13499 13520 13564
9527 AchieveHandEmpty left -> HandEmptyNull
9795 AchieveCleanShot shot1 -> CleanShotNull
9815 AchieveHolding left shot1 -> PickUp 13975 13996 14040
10060 AchieveHandEmpty right -> HandEmptyNull
10185 AchieveCleanShot shot8 -> CleanShotNull
10204 AchieveHolding right shot8 -> PickUp 14378 14403 14447
10351 AchieveHandEmpty left -> HandEmptyNull
10450 AchieveHandEmpty left -> HandEmptyNull
10721 AchieveCleanShot shot7 -> CleanShotNull
10742 AchieveHolding right shot7 -> PickUp 14880 14901 14945
11137 AchieveCleanShot shot7 -> CleanEmptyShot 15012 15018 15072
11159 AchieveHolding left shot7 -> PickUp 15309 15328 15374
11328 AchieveHandEmpty right -> HandEmptyNull
11427 AchieveHandEmpty right -> HandEmptyNull
11608 AchieveHandEmpty right -> HandEmptyNull
11612 AchieveOnTable shot10 -> OnTableNull
11629 AchieveOnTable shot10 -> PutDown 11630
11639 AchieveHolding left shot10 -> HoldingNull
11645 AchieveHandEmpty right -> HandEmptyNull
11947 AchieveOnTable shot10 -> PutDown 11948
11958 AchieveHandEmpty right -> EmptyHand 11959
11969 AchieveHandEmpty right -> EmptyHand 11970
11989 AchieveHandEmpty right -> EmptyHand 11990
11998 DoPourShakerToShot shaker1 shot10 cocktail1 -> pour_shaker_to_shot_action 11999
12005 AchieveOnTable shaker1 -> PutDown 12006
12257 AchieveHandEmpty right -> HandEmptyNull
12278 AchieveOnTable shot4 -> OnTableNull
12360 AchieveHandEmpty left -> EmptyHand 12361
12374 AchieveOnTable shot4 -> PutDown 12375
12388 AchieveHolding left shot4 -> HoldingNull
12395 AchieveHandEmpty right -> HandEmptyNull
12640 AchieveHandEmpty right -> HandEmptyNull
12659 AchieveOnTable shot4 -> PutDown 12660
12777 AchieveHandEmpty right -> EmptyHand 12778
12806 AchieveOnTable shaker1 -> PutDown 12807
12812 DoPourShakerToShot shaker1 shot3 cocktail2 -> pour_shaker_to_shot_action 12813
13090 AchieveHandEmpty right -> EmptyHand 13091
13115 AchieveOnTable shot2 -> OnTableNull
13211 AchieveOnTable shot2 -> PutDown 13212
13499 AchieveHandEmpty right -> HandEmptyNull
13520 AchieveOnTable shot6 -> OnTableNull
13602 AchieveHandEmpty left -> EmptyHand 13603
13616 AchieveOnTable shot6 -> PutDown 13617
13636 AchieveHandEmpty left -> EmptyHand 13637
13671 DoPourShakerToShot shaker1 shot9 cocktail3 -> pour_shaker_to_shot_action 13672
13975 AchieveHandEmpty left -> HandEmptyNull
13996 AchieveOnTable shot1 -> OnTableNull
14078 AchieveHandEmpty right -> EmptyHand 14079
14092 AchieveOnTable shot1 -> PutDown 14093
14378 AchieveHandEmpty right -> EmptyHand 14379
14403 AchieveOnTable shot8 -> OnTableNull
14499 AchieveOnTable shot8 -> PutDown 14500
14519 AchieveHandEmpty left -> EmptyHand 14520
14548 AchieveOnTable shaker1 -> PutDown 14549
14554 DoPourShakerToShot shaker1 shot5 cocktail4 -> pour_shaker_to_shot_action 14555
14880 AchieveHandEmpty right -> HandEmptyNull
14901 AchieveOnTable shot7 -> OnTableNull
14983 AchieveHandEmpty left -> EmptyHand 14984
15012 AchieveHolding right shot7 -> HoldingNull
15018 AchieveHandEmpty left -> HandEmptyNull
15309 AchieveHandEmpty left -> HandEmptyNull
15328 AchieveOnTable shot7 -> PutDown 15329
15426 AchieveOnTable shot7 -> PutDown 15427
15437 AchieveHandEmpty right -> EmptyHand 15438
15453 AchieveHandEmpty right -> EmptyHand 15454
15481 DoPourShakerToShot shaker1 shot8 cocktail5 -> pour_shaker_to_shot_action 15482
<==
0.521 End of solution plan. (counted length of 99)
0.521 Total amount of clauses encoded: 68818
0.521 - directframeaxioms : 29522 cls
0.521 - qfactsemantics : 13658 cls
0.521 - indirectframeaxioms : 10378 cls
0.521 - actionconstraints : 5764 cls
0.521 - reductionconstraints : 2306 cls
0.521 - expansions : 1760 cls
0.521 - predecessors : 1659 cls
0.521 - atmostoneelement : 1648 cls
0.521 - substitutionconstraints : 1013 cls
0.521 - actioneffects : 831 cls
0.521 - truefacts : 182 cls
0.521 - qconstequality : 95 cls
0.521 - axiomaticops : 2 cls
0.521 # instantiated positions: 621
0.521 # instantiated actions: 1325
0.521 # instantiated reductions: 338
0.521 # introduced pseudo-constants: 362
0.521 # retroactive prunings: 0
0.521 # retroactively pruned operations: 0
0.521 # dominated operations: 0
0.521 # total invalid rigid preconditions found in getPFC: 0
0.521 # invalid rigid preconditions found in getPFC: 0
0.521 # invalid rigid preconditions found in getPFC in varrestrictions: 0
0.521 # total invalid fluent preconditions found in getPFC: 0
0.521 # invalid fluent preconditions found in getPFC: 0
0.521 # invalid fluent preconditions found in getPFC in varrestrictions: 0
0.521 # invalid fluent preconditions found in getPFC via postconditions: 0
0.521 # invalid operations found in getPFC via subtasks: 0
0.521 # invalid operations found in getPFC via postconditions: 0
0.521 # number effects in operation fact_frames: 447
0.521 # number of variables restricted: 0
0.521 # number of nodes variables restricted: 0
0.521 Exiting happily.

RUNWATCH_RESULT EXIT RETVAL 0 TIME_SECS 0.53125 MEMPEAK_KBS 816
