    _           _         _
   \ |         \ |       | |                       
   | |     __  | |      _| |______                
   | |     \/  | |     /_   ______\                
   | |      _  | |   __  | |  ___   ___   ___       
   | |___  | | | |  / .\ | | / , | |   \ / ·_\    
   \_____\ |_| |__\ \__/ |_| \___) |_|_| \___\  
[39mL i l o t a n e  version rls-glucose4
by Dominik Schreiber <dominik.schreiber@kit.edu> 2020-2021
using SAT solver glucose4

0.058 Parser finished.
0.059 Structures extracted.
0.074 312 operators and 305 methods created.
1.781 Mined 582 new reduction preconditions (+90.1%).
1.781 Iteration 0.
1.781 Creating initial layer of size 2
2.100 Attempting to solve formula with 3 clauses (3 literals) and 1 assumptions
2.100 Unsolvable at layer 0 -- expanding.
2.100 Iteration 1.
2.100 New layer size: 5
2.100 Instantiating ...
2.479 Collected 9 relevant facts at this layer
2.479 Encoding ...
2.485 Attempting to solve formula with 145 clauses (347 literals) and 4 assumptions
2.485 Unsolvable at layer 1 -- expanding.
2.485 Iteration 2.
2.485 New layer size: 9
2.485 Instantiating ...
6.310 Collected 251 relevant facts at this layer
6.310 Encoding ...
6.331 Attempting to solve formula with 37893 clauses (83900 literals) and 4 assumptions
6.331 Unsolvable at layer 2 -- expanding.
6.331 Iteration 3.
6.331 New layer size: 13
6.331 Instantiating ...
20.680 Collected 499 relevant facts at this layer
20.680 Encoding ...
20.720 Attempting to solve formula with 103442 clauses (237552 literals) and 8 assumptions
20.721 Unsolvable at layer 3 -- expanding.
20.721 Iteration 4.
20.721 New layer size: 39
20.721 Instantiating ...
47.219 Collected 920 relevant facts at this layer
47.220 Encoding ...
47.357 Attempting to solve formula with 228602 clauses (569810 literals) and 19 assumptions
47.358 Unsolvable at layer 4 -- expanding.
47.358 Iteration 5.
47.358 New layer size: 90
47.358 Instantiating ...
135.835 Collected 1976 relevant facts at this layer
135.835 Encoding ...
136.258 Attempting to solve formula with 732011 clauses (1884789 literals) and 35 assumptions
136.259 Unsolvable at layer 5 -- expanding.
136.259 Iteration 6.
136.259 New layer size: 157
136.259 Instantiating ...
315.816 Collected 2008 relevant facts at this layer
315.816 Encoding ...
316.812 Attempting to solve formula with 1930520 clauses (4957827 literals) and 62 assumptions
316.814 Unsolvable at layer 6 -- expanding.
316.814 Iteration 7.
316.815 New layer size: 292
316.815 Instantiating ...
670.183 Collected 2680 relevant facts at this layer
670.183 Encoding ...
672.443 Attempting to solve formula with 4424065 clauses (11750709 literals) and 120 assumptions
672.744 Unsolvable at layer 7 -- expanding.
672.744 Iteration 8.
672.744 New layer size: 586
672.744 Instantiating ...
1328.708 Collected 3476 relevant facts at this layer
1328.708 Encoding ...
1334.715 Attempting to solve formula with 10229654 clauses (28605791 literals) and 234 assumptions
1335.833 Unsolvable at layer 8 -- expanding.
1335.833 Iteration 9.
1335.833 New layer size: 1132
1335.833 Instantiating ...
1803.990 Termination signal caught.
1803.990 Total amount of clauses encoded: 10229654
1803.990 - reductionconstraints : 4258142 cls
1803.990 - directframeaxioms : 3433282 cls
1803.990 - qfactsemantics : 1240778 cls
1803.990 - indirectframeaxioms : 665243 cls
1803.990 - substitutionconstraints : 276324 cls
1803.990 - atmostoneelement : 209399 cls
1803.990 - qconstequality : 61015 cls
1803.990 - expansions : 35962 cls
1803.990 - predecessors : 22285 cls
1803.990 - actionconstraints : 15513 cls
1803.990 - actioneffects : 8233 cls
1803.990 - truefacts : 3476 cls
1803.990 - axiomaticops : 2 cls
1803.990 # instantiated positions: 1582
1803.990 # instantiated actions: 13497
1803.990 # instantiated reductions: 16968
1803.990 # introduced pseudo-constants: 5133
1803.990 # retroactive prunings: 8
1803.990 # retroactively pruned operations: 8
1803.990 # dominated operations: 1972
1803.990 # total invalid rigid preconditions found in getPFC: 48354
1803.990 # invalid rigid preconditions found in getPFC: 0
1803.990 # invalid rigid preconditions found in getPFC in varrestrictions: 48354
1803.990 # total invalid fluent preconditions found in getPFC: 1024267
1803.990 # invalid fluent preconditions found in getPFC: 13210
1803.990 # invalid fluent preconditions found in getPFC in varrestrictions: 5
1803.990 # invalid fluent preconditions found in getPFC via postconditions: 1011052
1803.990 # invalid subtasks found in getPFC: 8
1803.990 # number effects in operation fact_frames: 14208
1803.990 Exiting happily.

RUNWATCH_RESULT TIMEOUT RETVAL 0 TIME_SECS 1804.19 MEMPEAK_KBS 2951528
