    _           _         _
   \ |         \ |       | |                       
   | |     __  | |      _| |______                
   | |     \/  | |     /_   ______\                
   | |      _  | |   __  | |  ___   ___   ___       
   | |___  | | | |  / .\ | | / , | |   \ / ·_\    
   \_____\ |_| |__\ \__/ |_| \___) |_|_| \___\  
[39mL i l o t a n e  version rls-glucose4
by Dominik Schreiber <dominik.schreiber@kit.edu> 2020-2021
using SAT solver glucose4

0.056 Parser finished.
0.057 Structures extracted.
0.071 312 operators and 305 methods created.
1.787 Mined 582 new reduction preconditions (+90.1%).
1.787 Iteration 0.
1.787 Creating initial layer of size 2
2.132 Attempting to solve formula with 3 clauses (3 literals) and 1 assumptions
2.132 Unsolvable at layer 0 -- expanding.
2.132 Iteration 1.
2.132 New layer size: 5
2.132 Instantiating ...
2.686 Collected 9 relevant facts at this layer
2.686 Encoding ...
2.690 Attempting to solve formula with 145 clauses (347 literals) and 4 assumptions
2.690 Unsolvable at layer 1 -- expanding.
2.690 Iteration 2.
2.690 New layer size: 9
2.690 Instantiating ...
7.431 Collected 195 relevant facts at this layer
7.431 Encoding ...
7.446 Attempting to solve formula with 27095 clauses (61106 literals) and 4 assumptions
7.446 Unsolvable at layer 2 -- expanding.
7.446 Iteration 3.
7.446 New layer size: 13
7.446 Instantiating ...
22.443 Collected 379 relevant facts at this layer
22.443 Encoding ...
22.473 Attempting to solve formula with 74815 clauses (175477 literals) and 8 assumptions
22.474 Unsolvable at layer 3 -- expanding.
22.474 Iteration 4.
22.474 New layer size: 39
22.474 Instantiating ...
48.798 Collected 696 relevant facts at this layer
48.798 Encoding ...
48.898 Attempting to solve formula with 170431 clauses (433493 literals) and 19 assumptions
48.899 Unsolvable at layer 4 -- expanding.
48.899 Iteration 5.
48.899 New layer size: 90
48.899 Instantiating ...
120.246 Collected 1304 relevant facts at this layer
120.246 Encoding ...
120.554 Attempting to solve formula with 515219 clauses (1345594 literals) and 35 assumptions
120.569 Unsolvable at layer 5 -- expanding.
120.569 Iteration 6.
120.569 New layer size: 157
120.569 Instantiating ...
294.204 Collected 1328 relevant facts at this layer
294.204 Encoding ...
294.835 Attempting to solve formula with 1327669 clauses (3448861 literals) and 62 assumptions
294.906 Unsolvable at layer 6 -- expanding.
294.906 Iteration 7.
294.906 New layer size: 292
294.906 Instantiating ...
649.393 Collected 1648 relevant facts at this layer
649.393 Encoding ...
650.939 Attempting to solve formula with 2983987 clauses (7956617 literals) and 120 assumptions
651.202 Unsolvable at layer 7 -- expanding.
651.202 Iteration 8.
651.202 New layer size: 586
651.202 Instantiating ...
1297.747 Collected 2052 relevant facts at this layer
1297.747 Encoding ...
1301.500 Attempting to solve formula with 6726569 clauses (18754281 literals) and 234 assumptions
1302.577 Unsolvable at layer 8 -- expanding.
1302.577 Iteration 9.
1302.577 New layer size: 1132
1302.577 Instantiating ...
1801.334 Termination signal caught.
1801.334 Total amount of clauses encoded: 6726569
1801.335 - reductionconstraints : 2824490 cls
1801.335 - directframeaxioms : 2117068 cls
1801.335 - qfactsemantics : 777397 cls
1801.335 - indirectframeaxioms : 423123 cls
1801.335 - substitutionconstraints : 243760 cls
1801.335 - atmostoneelement : 205651 cls
1801.335 - qconstequality : 51686 cls
1801.335 - expansions : 35679 cls
1801.335 - predecessors : 22131 cls
1801.335 - actionconstraints : 15393 cls
1801.335 - actioneffects : 8137 cls
1801.335 - truefacts : 2052 cls
1801.335 - axiomaticops : 2 cls
1801.335 # instantiated positions: 1620
1801.335 # instantiated actions: 13902
1801.335 # instantiated reductions: 17268
1801.335 # introduced pseudo-constants: 5241
1801.335 # retroactive prunings: 8
1801.335 # retroactively pruned operations: 8
1801.335 # dominated operations: 2024
1801.335 # total invalid rigid preconditions found in getPFC: 49323
1801.335 # invalid rigid preconditions found in getPFC: 0
1801.335 # invalid rigid preconditions found in getPFC in varrestrictions: 49323
1801.335 # total invalid fluent preconditions found in getPFC: 1036495
1801.335 # invalid fluent preconditions found in getPFC: 13409
1801.335 # invalid fluent preconditions found in getPFC in varrestrictions: 5
1801.335 # invalid fluent preconditions found in getPFC via postconditions: 1023081
1801.335 # invalid subtasks found in getPFC: 8
1801.335 # number effects in operation fact_frames: 14208
1801.335 Exiting happily.

RUNWATCH_RESULT TIMEOUT RETVAL 0 TIME_SECS 1801.49 MEMPEAK_KBS 1870400
