    _           _         _
   \ |         \ |       | |                       
   | |     __  | |      _| |______                
   | |     \/  | |     /_   ______\                
   | |      _  | |   __  | |  ___   ___   ___       
   | |___  | | | |  / .\ | | / , | |   \ / ·_\    
   \_____\ |_| |__\ \__/ |_| \___) |_|_| \___\  
[39mL i l o t a n e  version rls-glucose4
by Dominik Schreiber <dominik.schreiber@kit.edu> 2020-2021
using SAT solver glucose4

0.004 Parser finished.
0.004 Structures extracted.
0.004 8 operators and 6 methods created.
0.027 Mined 7 new reduction preconditions (+25.9%).
0.027 Iteration 0.
0.027 Creating initial layer of size 2
0.836 Attempting to solve formula with 3 clauses (3 literals) and 1 assumptions
0.836 Unsolvable at layer 0 -- expanding.
0.836 Iteration 1.
0.836 New layer size: 2
0.836 Instantiating ...
1.727 Collected 0 relevant facts at this layer
1.727 Encoding ...
1.727 Attempting to solve formula with 284 clauses (677 literals) and 1 assumptions
1.727 Unsolvable at layer 1 -- expanding.
1.727 Iteration 2.
1.727 New layer size: 4
1.727 Instantiating ...
2.709 Collected 69 relevant facts at this layer
2.709 Encoding ...
2.711 Attempting to solve formula with 1901 clauses (4945 literals) and 2 assumptions
2.711 Unsolvable at layer 2 -- expanding.
2.711 Iteration 3.
2.711 New layer size: 7
2.711 Instantiating ...
4.562 Collected 309 relevant facts at this layer
4.562 Encoding ...
4.566 Attempting to solve formula with 6682 clauses (18318 literals) and 3 assumptions
4.566 Unsolvable at layer 3 -- expanding.
4.566 Iteration 4.
4.566 New layer size: 11
4.566 Instantiating ...
6.595 Collected 309 relevant facts at this layer
6.595 Encoding ...
6.603 Attempting to solve formula with 14583 clauses (42613 literals) and 4 assumptions
6.604 Unsolvable at layer 4 -- expanding.
6.604 Iteration 5.
6.604 New layer size: 16
6.604 Instantiating ...
8.967 Collected 309 relevant facts at this layer
8.967 Encoding ...
8.980 Attempting to solve formula with 25398 clauses (76630 literals) and 5 assumptions
8.981 Unsolvable at layer 5 -- expanding.
8.981 Iteration 6.
8.981 New layer size: 22
8.981 Instantiating ...
11.643 Collected 309 relevant facts at this layer
11.643 Encoding ...
11.663 Attempting to solve formula with 39072 clauses (120063 literals) and 6 assumptions
11.669 Unsolvable at layer 6 -- expanding.
11.669 Iteration 7.
11.669 New layer size: 29
11.669 Instantiating ...
14.654 Collected 309 relevant facts at this layer
14.654 Encoding ...
14.676 Attempting to solve formula with 55525 clauses (172602 literals) and 7 assumptions
c last restart ## conflicts  :  128 677 
14.697 Found a solution at layer 7.
==>
4792 move-long viper px2y0 px1y0 px1y2 px1y3
4796 move-long viper px2y1 px2y0 px1y1 px1y2
4799 move-long viper px2y2 px2y1 px1y0 px1y1
4804 move-long viper px3y2 px2y2 px2y0 px1y0
4806 move-long viper px3y1 px3y2 px2y1 px2y0
4979 strike viper px3y1 px3y0
4981 move-long viper px2y0 px3y0 px2y2 px2y1
4986 move-long viper px1y0 px2y0 px3y2 px2y2
5167 strike viper px1y0 px0y0
5350 strike viper px0y0 px0y1
5531 strike viper px0y1 px0y2
5707 strike viper px0y2 px0y3
root 5
5 hunt -> hunt_all 42 4979 229
42 move viper px1y0 px3y1 -> move-long-snake 4792 672
229 hunt -> hunt_all 992 5167 1357
672 move viper px2y0 px3y1 -> move-long-snake 4796 1735
992 move viper px3y0 px1y0 -> move-long-snake 4981 1893
1357 hunt -> hunt_all 2065 5350 2432
1735 move viper px2y1 px3y1 -> move-long-snake 4799 2574
1893 move viper px2y0 px1y0 -> move-long-snake 4986 2730
2065 move viper px0y0 px0y0 -> move-base
2432 hunt -> hunt_all 3078 5531 3444
2574 move viper px2y2 px3y1 -> move-long-snake 4804 3592
2730 move viper px1y0 px1y0 -> move-base
3078 move viper px0y1 px0y1 -> move-base
3444 hunt -> hunt_all 4298 5707 4662
3592 move viper px3y2 px3y1 -> move-long-snake 4806 4813
4298 move viper px0y2 px0y2 -> move-base
4662 hunt -> hunt_done
4813 move viper px3y1 px3y1 -> move-base
<==
14.699 End of solution plan. (counted length of 12)
14.699 Total amount of clauses encoded: 55525
14.699 - directframeaxioms : 18968 cls
14.699 - reductionconstraints : 12695 cls
14.699 - qfactsemantics : 8501 cls
14.699 - indirectframeaxioms : 5659 cls
14.699 - substitutionconstraints : 4359 cls
14.699 - qconstequality : 3792 cls
14.699 - truefacts : 309 cls
14.699 - atmostoneelement : 305 cls
14.699 - expansions : 265 cls
14.699 - predecessors : 261 cls
14.699 - actioneffects : 243 cls
14.699 - actionconstraints : 166 cls
14.699 - axiomaticops : 2 cls
14.699 # instantiated positions: 92
14.699 # instantiated actions: 186
14.699 # instantiated reductions: 76
14.699 # introduced pseudo-constants: 83
14.699 # retroactive prunings: 0
14.699 # retroactively pruned operations: 0
14.699 # dominated operations: 0
14.699 # total invalid rigid preconditions found in getPFC: 0
14.699 # invalid rigid preconditions found in getPFC: 0
14.699 # invalid rigid preconditions found in getPFC in varrestrictions: 0
14.699 # total invalid fluent preconditions found in getPFC: 2
14.699 # invalid fluent preconditions found in getPFC: 2
14.699 # invalid fluent preconditions found in getPFC in varrestrictions: 0
14.699 # invalid fluent preconditions found in getPFC via postconditions: 0
14.699 # invalid subtasks found in getPFC: 0
14.699 # number effects in operation fact_frames: 106
14.699 Exiting happily.

RUNWATCH_RESULT EXIT RETVAL 0 TIME_SECS 14.707 MEMPEAK_KBS 26968
