    _           _         _
   \ |         \ |       | |                       
   | |     __  | |      _| |______                
   | |     \/  | |     /_   ______\                
   | |      _  | |   __  | |  ___   ___   ___       
   | |___  | | | |  / .\ | | / , | |   \ / ·_\    
   \_____\ |_| |__\ \__/ |_| \___) |_|_| \___\  
[39mL i l o t a n e  version rls-glucose4
by Dominik Schreiber <dominik.schreiber@kit.edu> 2020-2021
using SAT solver glucose4

0.005 Parser finished.
0.005 Structures extracted.
0.005 8 operators and 6 methods created.
0.014 Mined 7 new reduction preconditions (+19.4%).
0.014 Iteration 0.
0.014 Creating initial layer of size 2
0.044 Attempting to solve formula with 3 clauses (3 literals) and 1 assumptions
0.044 Unsolvable at layer 0 -- expanding.
0.044 Iteration 1.
0.044 New layer size: 2
0.044 Instantiating ...
0.078 Collected 0 relevant facts at this layer
0.078 Encoding ...
0.078 Attempting to solve formula with 662 clauses (1498 literals) and 1 assumptions
0.078 Unsolvable at layer 1 -- expanding.
0.078 Iteration 2.
0.078 New layer size: 4
0.078 Instantiating ...
0.149 Collected 107 relevant facts at this layer
0.149 Encoding ...
0.152 Attempting to solve formula with 3831 clauses (9460 literals) and 2 assumptions
0.152 Unsolvable at layer 2 -- expanding.
0.152 Iteration 3.
0.152 New layer size: 7
0.152 Instantiating ...
0.295 Collected 702 relevant facts at this layer
0.295 Encoding ...
0.304 Attempting to solve formula with 14250 clauses (37930 literals) and 3 assumptions
0.304 Unsolvable at layer 3 -- expanding.
0.304 Iteration 4.
0.304 New layer size: 11
0.304 Instantiating ...
0.500 Collected 702 relevant facts at this layer
0.500 Encoding ...
0.516 Attempting to solve formula with 30419 clauses (86504 literals) and 4 assumptions
0.517 Unsolvable at layer 4 -- expanding.
0.517 Iteration 5.
0.517 New layer size: 16
0.517 Instantiating ...
0.770 Collected 702 relevant facts at this layer
0.770 Encoding ...
0.793 Attempting to solve formula with 52400 clauses (154029 literals) and 5 assumptions
0.795 Unsolvable at layer 5 -- expanding.
0.795 Iteration 6.
0.795 New layer size: 22
0.795 Instantiating ...
1.106 Collected 702 relevant facts at this layer
1.106 Encoding ...
1.138 Attempting to solve formula with 79853 clauses (239052 literals) and 6 assumptions
1.143 Unsolvable at layer 6 -- expanding.
1.143 Iteration 7.
1.143 New layer size: 29
1.143 Instantiating ...
1.517 Collected 702 relevant facts at this layer
1.517 Encoding ...
1.558 Attempting to solve formula with 112740 clauses (341462 literals) and 7 assumptions
1.566 Unsolvable at layer 7 -- expanding.
1.566 Iteration 8.
1.566 New layer size: 37
1.566 Instantiating ...
2.006 Collected 702 relevant facts at this layer
2.006 Encoding ...
2.074 Attempting to solve formula with 151127 clauses (461531 literals) and 8 assumptions
c last restart ## conflicts  :  4 1923 
2.081 Found a solution at layer 8.
==>
11184 move-long viper px1y3 px2y3 px0y0 px1y0
11186 move-long viper px1y2 px1y3 px0y1 px0y0
11192 move-long viper px1y1 px1y2 px0y2 px0y1
11196 move-long viper px1y0 px1y1 px0y3 px0y2
11461 strike viper px1y0 px2y0
11464 move-long viper px2y1 px2y0 px0y4 px0y3
11468 move-long viper px2y2 px2y1 px1y4 px0y4
11471 move-long viper px3y2 px2y2 px2y4 px1y4
11476 move-long viper px4y2 px3y2 px2y3 px2y4
11479 move-long viper px4y3 px4y2 px1y3 px2y3
11739 strike viper px4y3 px4y4
root 5
5 hunt -> hunt_all 60 11461 353
60 move viper px2y3 px1y0 -> move-long-snake 11184 1253
353 hunt -> hunt_all 1969 11739 2758
1253 move viper px1y3 px1y0 -> move-long-snake 11186 3556
1969 move viper px2y0 px4y3 -> move-long-snake 11464 3793
2758 hunt -> hunt_done
3556 move viper px1y2 px1y0 -> move-long-snake 11192 5046
3793 move viper px2y1 px4y3 -> move-long-snake 11468 5299
5046 move viper px1y1 px1y0 -> move-long-snake 11196 6819
5299 move viper px2y2 px4y3 -> move-long-snake 11471 7081
6819 move viper px1y0 px1y0 -> move-base
7081 move viper px3y2 px4y3 -> move-long-snake 11476 9146
9146 move viper px4y2 px4y3 -> move-long-snake 11479 11486
11486 move viper px4y3 px4y3 -> move-base
<==
2.083 End of solution plan. (counted length of 11)
2.083 Total amount of clauses encoded: 151127
2.083 - directframeaxioms : 54310 cls
2.083 - reductionconstraints : 40616 cls
2.083 - qfactsemantics : 23464 cls
2.083 - indirectframeaxioms : 13118 cls
2.083 - substitutionconstraints : 8902 cls
2.083 - qconstequality : 8250 cls
2.083 - truefacts : 702 cls
2.083 - atmostoneelement : 439 cls
2.083 - expansions : 385 cls
2.083 - predecessors : 375 cls
2.083 - actioneffects : 337 cls
2.083 - actionconstraints : 227 cls
2.083 - axiomaticops : 2 cls
2.083 # instantiated positions: 129
2.083 # instantiated actions: 277
2.083 # instantiated reductions: 99
2.083 # introduced pseudo-constants: 107
2.083 # retroactive prunings: 0
2.083 # retroactively pruned operations: 0
2.083 # dominated operations: 0
2.083 # total invalid rigid preconditions found in getPFC: 0
2.083 # invalid rigid preconditions found in getPFC: 0
2.083 # invalid rigid preconditions found in getPFC in varrestrictions: 0
2.083 # total invalid fluent preconditions found in getPFC: 2
2.083 # invalid fluent preconditions found in getPFC: 2
2.083 # invalid fluent preconditions found in getPFC in varrestrictions: 0
2.083 # invalid fluent preconditions found in getPFC via postconditions: 0
2.083 # invalid subtasks found in getPFC: 0
2.083 # number effects in operation fact_frames: 106
2.083 Exiting happily.

RUNWATCH_RESULT EXIT RETVAL 0 TIME_SECS 2.09277 MEMPEAK_KBS 43080
