pandaPIparser is configured as follows
  Colors in output: true
  Mode: parsing mode
  Parameter splitting: true
  Conditional effects: exponential encoding
  Disjunctive preconditions as HTN: false
  Replace goal with action: false
  Output: pandaPI format
General Options
  Print timings: false
  Quiet mode: false
Inference Options
  H2 mutexes: false
  FAM groups: false
Transformation Options
  Add zero-cost no-op to empty methods: true
  Remove duplicate actions: true
  Remove useless literals: true
  Expand abstract tasks with one method: true
  Remove empty method preconditions: true
  Two regularisation: false
  Compile negative SAS variables: false
Runtime Optimisations
  Hierarchy Typing: true
  Future Caching: false
  Static Precondition Checking: false
Output Options
  Panda planner format: true
  HDDL: false
  SAS for Fast Downward (without hierarchy): false
Output Formatting Options
  Output only SAS+ variables: false
  SAS+ delete mode: as input
Reading input from /home/schnell/lilotane/sotaevaluation//PandaSAT_runwatchtime_timeout1800_2021-11-16_15:47:18/runwatch_log/762/762.parsed.
Writing output to /home/schnell/lilotane/sotaevaluation//PandaSAT_runwatchtime_timeout1800_2021-11-16_15:47:18/runwatch_log/762/762.sas.
Writing output to standard output.
Parsing done.
Conditional Effects expanded
done.
Starting Hierarchy Typing
Total 4.283ms
Contains 0.157ms
Restrict 0.6ms
MPrep 0.762ms
Finished Hierarchy Typing
Running PG.
Process actions without preconditions
Done.
Returning from runGpg().
PG done. Postprocessing
PG postprocessing done.
Calculated [6241] grounded tasks and [1089] reachable facts.
Running TDG.
Process actions without preconditions
Done.
 ---> Disabling potentially consistent extension checking for action:           15 (place-block-abstract-1)
 ---> Disabling potentially consistent extension checking for action:           18 (place-block-abstract-3)
 ---> Disabling potentially consistent extension checking for action:           8 (_splitting_method_build-row-2_splitted_3)
 ---> Disabling potentially consistent extension checking for action:           10 (_splitting_method_build-row-3_splitted_4)
 ---> Disabling potentially consistent extension checking for action:           9 (build-row-2)
 ---> Disabling potentially consistent extension checking for action:           11 (build-row-3)
 ---> Disabling potentially consistent extension checking for action:           14 (build-wall-2)
 ---> Disabling potentially consistent extension checking for action:           6 (build-roof-2)
Returning from runGpg().
TDG done.
Calculated [12011] grounded tasks and [7350] grounded decomposition methods.
Performing DFS.
DFS done.
After DFS: 845 tasks, 559 methods.
Grounded PG:
Input was [476, 845], output was [476, 917].
Simplifying instance.
Removing useless facts/literals
Removing method precondition actions whose precondition is empty
Expanding abstract tasks with only one method
Starting duplicate elimination.
Data structure build.
68 duplicates found.
Duplicates replaced in methods.
Further Mutex Groups: 0 strict 0 non strict
Writing instance to output.
Final Statistics: F 192 S 0 SC 0 SM 0 NSM 0 I 0 P 128 S 128 A 127 M 317
Exiting.
Random seed: 42
Time limit: 1800 seconds
Reading input from /home/schnell/lilotane/sotaevaluation//PandaSAT_runwatchtime_timeout1800_2021-11-16_15:47:18/runwatch_log/762/762.sas.
- State has 192 bits divided into 192 mutex groups.
- Domain contains 256 actions.
- Domain contains 383 tasks.
- Domain contains 317 methods.
- The initial state contains 64 set bits.
- The initial task is "__top[]".
- State-based goal contains 0 bits.
- Instance is totally-ordered: yes
- Instance has unique paths: yes
- Instance is parallel sequences: yes
Calculate SCCs...
- Number of SCCs: 383
- The problem is acyclic

Extracting invariants from parsed model
Extracted 0 invariants.
Starting resolution.
After resolution we have 0 invariants, taking 0.005ms.

Computing invariants [Rintanen]
Initial candidates build (55008)
Round 1: 55008 invariants remaining
Round 2: 384 invariants remaining
Found 384 invariants in 3.051ms
Calculate SCCs...
- Number of SCCs: 383
- The problem is acyclic
Hallo


Instance is totally ordered: yes
[33mStarting SAT-based planner[m
Using SAT solver: cryptominisat-5.8.0
Encode Mutexes:    yes
Block Compression: yes
Pruning:           ff




[33mGenerating formula for depth 1[m
Computing PDT took: 0.105 ms
Computed PDT. Extracting leafs ... 22 leafs
Clear pruning tables ... done.
[34mPruning round [m1 Phase: 1
FF Pruning: removed 0 of 0
Pruning: 23 of 23
Leaf Primitive Pruning: 0 of 0
Initial abstract task is pruned: [31mUNSAT[m


[33mGenerating formula for depth 2[m
Computing PDT took: 0.124 ms
Computed PDT. Extracting leafs ... 44 leafs
Clear pruning tables ... done.
[34mPruning round [m1 Phase: 1
FF Pruning: removed 0 of 0
Pruning: 109 of 109
Leaf Primitive Pruning: 6 of 6
Initial abstract task is pruned: [31mUNSAT[m


[33mGenerating formula for depth 3[m
Computing PDT took: 0.418 ms
Computed PDT. Extracting leafs ... 124 leafs
Clear pruning tables ... done.
[34mPruning round [m1 Phase: 1
FF Pruning: removed 0 of 0
Pruning: 389 of 389
Leaf Primitive Pruning: 166 of 166
Initial abstract task is pruned: [31mUNSAT[m


[33mGenerating formula for depth 4[m
Computing PDT took: 0.94 ms
Computed PDT. Extracting leafs ... 284 leafs
Clear pruning tables ... done.
[34mPruning round [m1 Phase: 1
FF Pruning: removed 0 of 0
Pruning: 1029 of 1029
Leaf Primitive Pruning: 326 of 326
Initial abstract task is pruned: [31mUNSAT[m


[33mGenerating formula for depth 5[m
Computing PDT took: 2.13 ms
Computed PDT. Extracting leafs ... 604 leafs
Clear pruning tables ... done.
[34mPruning round [m1 Phase: 1
FF Pruning: removed 128 of 1606
[34mPruning round [m2 Phase: 1
FF Pruning: removed 0 of 1478
Pruning: 152 of 2389
Leaf Primitive Pruning: 128 of 1606
Pruning gave 0 new invariants
Assigning variable IDs for PDT ... done. 4541 new variables.
Decomposition Clauses generated.
Pruned clauses.
Block compression leads to 285 timesteps.
Decomp formula generated
State atoms
State formula
Matching
Invar time: 30.9ms SM: 0 M: 0 I: 0 SI: 384
[34mFormula: [m13469 decomposition 113325 state 109440 mutex
Formula has 59453 vars and 236234 clauses.
Formula time: 88.938ms
Starting solver
Solver time: 15.743ms
Solver state: [32mSAT[m
==>
0 __method_precondition_place-block-abstract-1[l-1-0-2]
1 placeblock[l-1-0-2,stone]
2 __method_precondition_place-block-abstract-1[l-1-0-3]
3 placeblock[l-1-0-3,stone]
4 __method_precondition_place-block-abstract-1[l-1-0-1]
5 placeblock[l-1-0-1,stone]
6 __method_precondition_place-block-abstract-1[l-1-0-0]
7 placeblock[l-1-0-0,stone]
8 __method_precondition_place-block-abstract-1[l-2-0-0]
9 placeblock[l-2-0-0,stone]
10 __method_precondition_place-block-abstract-1[l-2-0-3]
11 placeblock[l-2-0-3,stone]
12 __method_precondition_place-block-abstract-1[l-2-0-2]
13 placeblock[l-2-0-2,stone]
14 __method_precondition_place-block-abstract-1[l-2-0-1]
15 placeblock[l-2-0-1,stone]
16 __method_precondition_place-block-abstract-1[l-3-0-2]
17 placeblock[l-3-0-2,stone]
18 __method_precondition_place-block-abstract-1[l-3-0-3]
19 placeblock[l-3-0-3,stone]
20 __method_precondition_place-block-abstract-1[l-3-0-1]
21 placeblock[l-3-0-1,stone]
22 __method_precondition_place-block-abstract-1[l-3-0-0]
23 placeblock[l-3-0-0,stone]
24 __method_precondition_place-block-abstract-1[l-4-0-1]
25 placeblock[l-4-0-1,stone]
26 __method_precondition_place-block-abstract-1[l-4-0-3]
27 placeblock[l-4-0-3,stone]
28 __method_precondition_place-block-abstract-1[l-4-0-2]
29 placeblock[l-4-0-2,stone]
30 __method_precondition_place-block-abstract-1[l-4-0-0]
31 placeblock[l-4-0-0,stone]
32 __method_precondition_place-block-abstract-2[l-1-0-3,stone]
33 __method_precondition_place-block-abstract-1[l-1-3-3]
34 placeblock[l-1-3-3,stone]
35 __method_precondition_place-block-abstract-1[l-1-2-3]
36 placeblock[l-1-2-3,stone]
37 __method_precondition_place-block-abstract-1[l-1-1-3]
38 placeblock[l-1-1-3,stone]
39 __method_precondition_place-block-abstract-1[l-2-3-3]
40 placeblock[l-2-3-3,stone]
41 __method_precondition_place-block-abstract-1[l-2-2-3]
42 placeblock[l-2-2-3,stone]
43 __method_precondition_place-block-abstract-1[l-2-1-3]
44 placeblock[l-2-1-3,stone]
45 __method_precondition_place-block-abstract-2[l-2-0-3,stone]
46 removeblock[l-2-0-3,stone]
47 placeblock[l-2-0-3,stone]
48 __method_precondition_place-block-abstract-1[l-3-3-3]
49 placeblock[l-3-3-3,stone]
50 __method_precondition_place-block-abstract-1[l-3-2-3]
51 placeblock[l-3-2-3,stone]
52 __method_precondition_place-block-abstract-1[l-3-1-3]
53 placeblock[l-3-1-3,stone]
54 __method_precondition_place-block-abstract-2[l-3-0-3,stone]
55 removeblock[l-3-0-3,stone]
56 placeblock[l-3-0-3,stone]
57 __method_precondition_place-block-abstract-1[l-4-2-3]
58 placeblock[l-4-2-3,stone]
59 __method_precondition_place-block-abstract-1[l-4-3-3]
60 placeblock[l-4-3-3,stone]
61 __method_precondition_place-block-abstract-1[l-4-1-3]
62 placeblock[l-4-1-3,stone]
63 __method_precondition_place-block-abstract-2[l-4-0-3,stone]
64 removeblock[l-4-0-3,stone]
65 placeblock[l-4-0-3,stone]
66 __method_precondition_place-block-abstract-1[l-1-3-0]
67 placeblock[l-1-3-0,stone]
68 __method_precondition_place-block-abstract-1[l-1-3-1]
69 placeblock[l-1-3-1,stone]
70 __method_precondition_place-block-abstract-1[l-1-3-2]
71 placeblock[l-1-3-2,stone]
72 __method_precondition_place-block-abstract-2[l-1-3-3,stone]
73 __method_precondition_place-block-abstract-1[l-2-3-0]
74 placeblock[l-2-3-0,stone]
75 __method_precondition_place-block-abstract-1[l-2-3-1]
76 placeblock[l-2-3-1,stone]
77 __method_precondition_place-block-abstract-1[l-2-3-2]
78 placeblock[l-2-3-2,stone]
79 __method_precondition_place-block-abstract-2[l-2-3-3,stone]
80 removeblock[l-2-3-3,stone]
81 placeblock[l-2-3-3,stone]
82 __method_precondition_place-block-abstract-1[l-3-3-0]
83 placeblock[l-3-3-0,stone]
84 __method_precondition_place-block-abstract-1[l-3-3-1]
85 placeblock[l-3-3-1,stone]
86 __method_precondition_place-block-abstract-1[l-3-3-2]
87 placeblock[l-3-3-2,stone]
88 __method_precondition_place-block-abstract-2[l-3-3-3,stone]
89 removeblock[l-3-3-3,stone]
90 placeblock[l-3-3-3,stone]
91 __method_precondition_place-block-abstract-1[l-4-3-0]
92 placeblock[l-4-3-0,stone]
93 __method_precondition_place-block-abstract-1[l-4-3-1]
94 placeblock[l-4-3-1,stone]
95 __method_precondition_place-block-abstract-1[l-4-3-2]
96 placeblock[l-4-3-2,stone]
97 __method_precondition_place-block-abstract-2[l-4-3-3,stone]
98 removeblock[l-4-3-3,stone]
99 placeblock[l-4-3-3,stone]
100 __method_precondition_place-block-abstract-2[l-1-0-0,stone]
101 removeblock[l-1-0-0,stone]
102 placeblock[l-1-0-0,stone]
103 __method_precondition_place-block-abstract-1[l-1-1-0]
104 placeblock[l-1-1-0,stone]
105 __method_precondition_place-block-abstract-1[l-1-2-0]
106 placeblock[l-1-2-0,stone]
107 __method_precondition_place-block-abstract-2[l-1-3-0,stone]
108 removeblock[l-1-3-0,stone]
109 placeblock[l-1-3-0,stone]
110 __method_precondition_place-block-abstract-2[l-2-0-0,stone]
111 removeblock[l-2-0-0,stone]
112 placeblock[l-2-0-0,stone]
113 __method_precondition_place-block-abstract-1[l-2-1-0]
114 placeblock[l-2-1-0,stone]
115 __method_precondition_place-block-abstract-1[l-2-2-0]
116 placeblock[l-2-2-0,stone]
117 __method_precondition_place-block-abstract-2[l-2-3-0,stone]
118 removeblock[l-2-3-0,stone]
119 placeblock[l-2-3-0,stone]
120 __method_precondition_place-block-abstract-2[l-3-3-0,stone]
121 removeblock[l-3-3-0,stone]
122 placeblock[l-3-3-0,stone]
123 __method_precondition_place-block-abstract-1[l-3-2-0]
124 placeblock[l-3-2-0,stone]
125 __method_precondition_place-block-abstract-2[l-3-0-0,stone]
126 removeblock[l-3-0-0,stone]
127 placeblock[l-3-0-0,stone]
128 __method_precondition_place-block-abstract-1[l-3-1-0]
129 placeblock[l-3-1-0,stone]
130 __method_precondition_place-block-abstract-2[l-4-3-0,stone]
131 removeblock[l-4-3-0,stone]
132 placeblock[l-4-3-0,stone]
133 __method_precondition_place-block-abstract-1[l-4-2-0]
134 placeblock[l-4-2-0,stone]
135 __method_precondition_place-block-abstract-2[l-4-0-0,stone]
136 removeblock[l-4-0-0,stone]
137 placeblock[l-4-0-0,stone]
138 __method_precondition_place-block-abstract-1[l-4-1-0]
139 placeblock[l-4-1-0,stone]
140 __method_precondition_place-block-abstract-2[l-1-1-0,stone]
141 removeblock[l-1-1-0,stone]
142 __method_precondition_place-block-abstract-2[l-2-1-0,stone]
143 removeblock[l-2-1-0,stone]
144 __method_precondition_place-block-abstract-1[l-5-0-0]
145 placeblock[l-5-0-0,stone]
146 __method_precondition_place-block-abstract-1[l-5-0-1]
147 placeblock[l-5-0-1,stone]
148 __method_precondition_place-block-abstract-1[l-5-0-2]
149 placeblock[l-5-0-2,stone]
150 __method_precondition_place-block-abstract-1[l-5-0-3]
151 placeblock[l-5-0-3,stone]
152 __method_precondition_place-block-abstract-1[l-5-1-0]
153 placeblock[l-5-1-0,stone]
154 __method_precondition_place-block-abstract-1[l-5-1-1]
155 placeblock[l-5-1-1,stone]
156 __method_precondition_place-block-abstract-1[l-5-1-2]
157 placeblock[l-5-1-2,stone]
158 __method_precondition_place-block-abstract-1[l-5-1-3]
159 placeblock[l-5-1-3,stone]
160 __method_precondition_place-block-abstract-1[l-5-2-0]
161 placeblock[l-5-2-0,stone]
162 __method_precondition_place-block-abstract-1[l-5-2-1]
163 placeblock[l-5-2-1,stone]
164 __method_precondition_place-block-abstract-1[l-5-2-2]
165 placeblock[l-5-2-2,stone]
166 __method_precondition_place-block-abstract-1[l-5-2-3]
167 placeblock[l-5-2-3,stone]
168 __method_precondition_place-block-abstract-1[l-5-3-3]
169 placeblock[l-5-3-3,stone]
170 __method_precondition_place-block-abstract-1[l-5-3-2]
171 placeblock[l-5-3-2,stone]
172 __method_precondition_place-block-abstract-1[l-5-3-1]
173 placeblock[l-5-3-1,stone]
174 __method_precondition_place-block-abstract-1[l-5-3-0]
175 placeblock[l-5-3-0,stone]
root 176
176 __top[] -> <<<<<<<<<<<<<<<<<<<<<<<<<<<<<<<<<<<<<<__top_method;buildhouse[l-1-0-0,l-1-0-3,l-1-3-3,l-1-3-0,l-1-1-0,l-5-0-0,n4,n4,n4,stone];build-house-1;0;-1,-2,-3,-4,-5,-6>;buildroof[l-5-0-0,n4,n4,e,n,stone];build-roof-2;5;0,1,2,3,4,-1,-2>;build-roof-2_splitted_2[n4,e,n,stone,l-5-0-0,n4];_splitting_method_build-roof-2_splitted_2;6;0,1,2,3,4,5,-1>;buildroof[l-5-1-0,n4,n3,e,n,stone];build-roof-2;6;0,1,2,3,4,5,-1,-2>;build-roof-2_splitted_2[n4,e,n,stone,l-5-1-0,n3];_splitting_method_build-roof-2_splitted_2;7;0,1,2,3,4,5,6,-1>;buildroof[l-5-2-0,n4,n2,e,n,stone];build-roof-2;7;0,1,2,3,4,5,6,-1,-2>;build-roof-2_splitted_2[n4,e,n,stone,l-5-2-0,n2];_splitting_method_build-roof-2_splitted_2;8;0,1,2,3,4,5,6,7,-1>;buildroof[l-5-3-0,n4,n1,e,n,stone];build-roof-1;8;0,1,2,3,4,5,6,7,-1>;buildwall[l-1-3-0,n4,n4,s,stone];build-wall-2;3;0,1,2,-1,-2,4,5,6,7,8>;build-wall-2_splitted_5[n4,s,stone,l-1-3-0,n4];_splitting_method_build-wall-2_splitted_5;4;0,1,2,3,-1,5,6,7,8,9>;buildwall[l-2-3-0,n4,n3,s,stone];build-wall-2;4;0,1,2,3,-1,-2,5,6,7,8,9>;build-wall-2_splitted_5[n4,s,stone,l-2-3-0,n3];_splitting_method_build-wall-2_splitted_5;5;0,1,2,3,4,-1,6,7,8,9,10>;buildwall[l-3-3-0,n4,n2,s,stone];build-wall-2;5;0,1,2,3,4,-1,-2,6,7,8,9,10>;build-wall-2_splitted_5[n4,s,stone,l-3-3-0,n2];_splitting_method_build-wall-2_splitted_5;6;0,1,2,3,4,5,-1,7,8,9,10,11>;buildwall[l-4-3-0,n4,n1,s,stone];build-wall-1;6;0,1,2,3,4,5,-1,7,8,9,10,11>;buildwall[l-1-3-3,n4,n4,w,stone];build-wall-2;2;0,1,-1,-2,3,4,5,6,7,8,9,10,11>;build-wall-2_splitted_5[n4,w,stone,l-1-3-3,n4];_splitting_method_build-wall-2_splitted_5;3;0,1,2,-1,4,5,6,7,8,9,10,11,12>;buildwall[l-2-3-3,n4,n3,w,stone];build-wall-2;3;0,1,2,-1,-2,4,5,6,7,8,9,10,11,12>;build-wall-2_splitted_5[n4,w,stone,l-2-3-3,n3];_splitting_method_build-wall-2_splitted_5;4;0,1,2,3,-1,5,6,7,8,9,10,11,12,13>;buildwall[l-3-3-3,n4,n2,w,stone];build-wall-2;4;0,1,2,3,-1,-2,5,6,7,8,9,10,11,12,13>;build-wall-2_splitted_5[n4,w,stone,l-3-3-3,n2];_splitting_method_build-wall-2_splitted_5;5;0,1,2,3,4,-1,6,7,8,9,10,11,12,13,14>;buildwall[l-4-3-3,n4,n1,w,stone];build-wall-1;5;0,1,2,3,4,-1,6,7,8,9,10,11,12,13,14>;buildwall[l-1-0-3,n4,n4,n,stone];build-wall-2;1;0,-1,-2,2,3,4,5,6,7,8,9,10,11,12,13,14>;build-wall-2_splitted_5[n4,n,stone,l-1-0-3,n4];_splitting_method_build-wall-2_splitted_5;2;0,1,-1,3,4,5,6,7,8,9,10,11,12,13,14,15>;buildwall[l-2-0-3,n4,n3,n,stone];build-wall-2;2;0,1,-1,-2,3,4,5,6,7,8,9,10,11,12,13,14,15>;build-wall-2_splitted_5[n4,n,stone,l-2-0-3,n3];_splitting_method_build-wall-2_splitted_5;3;0,1,2,-1,4,5,6,7,8,9,10,11,12,13,14,15,16>;buildwall[l-3-0-3,n4,n2,n,stone];build-wall-2;3;0,1,2,-1,-2,4,5,6,7,8,9,10,11,12,13,14,15,16>;build-wall-2_splitted_5[n4,n,stone,l-3-0-3,n2];_splitting_method_build-wall-2_splitted_5;4;0,1,2,3,-1,5,6,7,8,9,10,11,12,13,14,15,16,17>;buildwall[l-4-0-3,n4,n1,n,stone];build-wall-1;4;0,1,2,3,-1,5,6,7,8,9,10,11,12,13,14,15,16,17>;buildwall[l-1-0-0,n4,n4,e,stone];build-wall-2;0;-1,-2,1,2,3,4,5,6,7,8,9,10,11,12,13,14,15,16,17>;build-wall-2_splitted_5[n4,e,stone,l-1-0-0,n4];_splitting_method_build-wall-2_splitted_5;1;0,-1,2,3,4,5,6,7,8,9,10,11,12,13,14,15,16,17,18>;buildwall[l-2-0-0,n4,n3,e,stone];build-wall-2;1;0,-1,-2,2,3,4,5,6,7,8,9,10,11,12,13,14,15,16,17,18>;build-wall-2_splitted_5[n4,e,stone,l-2-0-0,n3];_splitting_method_build-wall-2_splitted_5;2;0,1,-1,3,4,5,6,7,8,9,10,11,12,13,14,15,16,17,18,19>;buildwall[l-3-0-0,n4,n2,e,stone];build-wall-2;2;0,1,-1,-2,3,4,5,6,7,8,9,10,11,12,13,14,15,16,17,18,19>;build-wall-2_splitted_5[n4,e,stone,l-3-0-0,n2];_splitting_method_build-wall-2_splitted_5;3;0,1,2,-1,4,5,6,7,8,9,10,11,12,13,14,15,16,17,18,19,20>;buildwall[l-4-0-0,n4,n1,e,stone];build-wall-1;3;0,1,2,-1,4,5,6,7,8,9,10,11,12,13,14,15,16,17,18,19,20>;builddoor[l-1-1-0];build-door-1;16;0,1,2,3,4,5,6,7,8,9,10,11,12,13,14,15,-1,-2,17,18,19,20>;build-door-1_splitted_1[l-1-1-0];_splitting_method_build-door-1_splitted_1;17;0,1,2,3,4,5,6,7,8,9,10,11,12,13,14,15,16,-1,18,19,20,21> 177 184 191 198 205 212 219 226 233 240 247 254 261 268 275 282 289 290 291 298 305 312
177 buildrow[l-1-0-0,n4,e,stone] -> <build-row-3;build-row-3_splitted_4[e,stone,l-1-0-0,n4];_splitting_method_build-row-3_splitted_4;0;-1,1> 178 183
178 buildrow[l-1-0-1,n3,e,stone] -> <build-row-3;build-row-3_splitted_4[e,stone,l-1-0-1,n3];_splitting_method_build-row-3_splitted_4;0;-1,1> 179 182
179 buildrow[l-1-0-2,n2,e,stone] -> <<build-row-2;build-row-2_splitted_3[e,stone,l-1-0-2,n2];_splitting_method_build-row-2_splitted_3;1;0,-1>;buildrow[l-1-0-3,n1,e,stone];build-row-1;1;0,-1> 180 181
180 placeblockabstract[l-1-0-2,stone] -> place-block-abstract-1 0 1
181 placeblockabstract[l-1-0-3,stone] -> place-block-abstract-1 2 3
182 placeblockabstract[l-1-0-1,stone] -> place-block-abstract-1 4 5
183 placeblockabstract[l-1-0-0,stone] -> place-block-abstract-1 6 7
184 buildrow[l-2-0-0,n4,e,stone] -> <build-row-2;build-row-2_splitted_3[e,stone,l-2-0-0,n4];_splitting_method_build-row-2_splitted_3;1;0,-1> 185 186
185 placeblockabstract[l-2-0-0,stone] -> place-block-abstract-1 8 9
186 buildrow[l-2-0-1,n3,e,stone] -> <build-row-3;build-row-3_splitted_4[e,stone,l-2-0-1,n3];_splitting_method_build-row-3_splitted_4;0;-1,1> 187 190
187 buildrow[l-2-0-2,n2,e,stone] -> <build-row-3;build-row-3_splitted_4[e,stone,l-2-0-2,n2];<_splitting_method_build-row-3_splitted_4;buildrow[l-2-0-3,n1,e,stone];build-row-1;0;-1>;0;-1,1> 188 189
188 placeblockabstract[l-2-0-3,stone] -> place-block-abstract-1 10 11
189 placeblockabstract[l-2-0-2,stone] -> place-block-abstract-1 12 13
190 placeblockabstract[l-2-0-1,stone] -> place-block-abstract-1 14 15
191 buildrow[l-3-0-0,n4,e,stone] -> <build-row-3;build-row-3_splitted_4[e,stone,l-3-0-0,n4];_splitting_method_build-row-3_splitted_4;0;-1,1> 192 197
192 buildrow[l-3-0-1,n3,e,stone] -> <build-row-3;build-row-3_splitted_4[e,stone,l-3-0-1,n3];_splitting_method_build-row-3_splitted_4;0;-1,1> 193 196
193 buildrow[l-3-0-2,n2,e,stone] -> <<build-row-2;build-row-2_splitted_3[e,stone,l-3-0-2,n2];_splitting_method_build-row-2_splitted_3;1;0,-1>;buildrow[l-3-0-3,n1,e,stone];build-row-1;1;0,-1> 194 195
194 placeblockabstract[l-3-0-2,stone] -> place-block-abstract-1 16 17
195 placeblockabstract[l-3-0-3,stone] -> place-block-abstract-1 18 19
196 placeblockabstract[l-3-0-1,stone] -> place-block-abstract-1 20 21
197 placeblockabstract[l-3-0-0,stone] -> place-block-abstract-1 22 23
198 buildrow[l-4-0-0,n4,e,stone] -> <build-row-3;build-row-3_splitted_4[e,stone,l-4-0-0,n4];_splitting_method_build-row-3_splitted_4;0;-1,1> 199 204
199 buildrow[l-4-0-1,n3,e,stone] -> <build-row-2;build-row-2_splitted_3[e,stone,l-4-0-1,n3];_splitting_method_build-row-2_splitted_3;1;0,-1> 200 201
200 placeblockabstract[l-4-0-1,stone] -> place-block-abstract-1 24 25
201 buildrow[l-4-0-2,n2,e,stone] -> <build-row-3;build-row-3_splitted_4[e,stone,l-4-0-2,n2];<_splitting_method_build-row-3_splitted_4;buildrow[l-4-0-3,n1,e,stone];build-row-1;0;-1>;0;-1,1> 202 203
202 placeblockabstract[l-4-0-3,stone] -> place-block-abstract-1 26 27
203 placeblockabstract[l-4-0-2,stone] -> place-block-abstract-1 28 29
204 placeblockabstract[l-4-0-0,stone] -> place-block-abstract-1 30 31
205 buildrow[l-1-0-3,n4,n,stone] -> <build-row-2;build-row-2_splitted_3[n,stone,l-1-0-3,n4];_splitting_method_build-row-2_splitted_3;1;0,-1> 206 207
206 placeblockabstract[l-1-0-3,stone] -> place-block-abstract-2 32
207 buildrow[l-1-1-3,n3,n,stone] -> <build-row-3;build-row-3_splitted_4[n,stone,l-1-1-3,n3];_splitting_method_build-row-3_splitted_4;0;-1,1> 208 211
208 buildrow[l-1-2-3,n2,n,stone] -> <build-row-3;build-row-3_splitted_4[n,stone,l-1-2-3,n2];<_splitting_method_build-row-3_splitted_4;buildrow[l-1-3-3,n1,n,stone];build-row-1;0;-1>;0;-1,1> 209 210
209 placeblockabstract[l-1-3-3,stone] -> place-block-abstract-1 33 34
210 placeblockabstract[l-1-2-3,stone] -> place-block-abstract-1 35 36
211 placeblockabstract[l-1-1-3,stone] -> place-block-abstract-1 37 38
212 buildrow[l-2-0-3,n4,n,stone] -> <build-row-3;build-row-3_splitted_4[n,stone,l-2-0-3,n4];_splitting_method_build-row-3_splitted_4;0;-1,1> 213 218
213 buildrow[l-2-1-3,n3,n,stone] -> <build-row-3;build-row-3_splitted_4[n,stone,l-2-1-3,n3];_splitting_method_build-row-3_splitted_4;0;-1,1> 214 217
214 buildrow[l-2-2-3,n2,n,stone] -> <build-row-3;build-row-3_splitted_4[n,stone,l-2-2-3,n2];<_splitting_method_build-row-3_splitted_4;buildrow[l-2-3-3,n1,n,stone];build-row-1;0;-1>;0;-1,1> 215 216
215 placeblockabstract[l-2-3-3,stone] -> place-block-abstract-1 39 40
216 placeblockabstract[l-2-2-3,stone] -> place-block-abstract-1 41 42
217 placeblockabstract[l-2-1-3,stone] -> place-block-abstract-1 43 44
218 placeblockabstract[l-2-0-3,stone] -> <place-block-abstract-3;place-block-abstract-3_splitted_6[l-2-0-3];_splitting_method_place-block-abstract-3_splitted_6;0;-1,-2,1> 45 46 47
219 buildrow[l-3-0-3,n4,n,stone] -> <build-row-3;build-row-3_splitted_4[n,stone,l-3-0-3,n4];_splitting_method_build-row-3_splitted_4;0;-1,1> 220 225
220 buildrow[l-3-1-3,n3,n,stone] -> <build-row-3;build-row-3_splitted_4[n,stone,l-3-1-3,n3];_splitting_method_build-row-3_splitted_4;0;-1,1> 221 224
221 buildrow[l-3-2-3,n2,n,stone] -> <build-row-3;build-row-3_splitted_4[n,stone,l-3-2-3,n2];<_splitting_method_build-row-3_splitted_4;buildrow[l-3-3-3,n1,n,stone];build-row-1;0;-1>;0;-1,1> 222 223
222 placeblockabstract[l-3-3-3,stone] -> place-block-abstract-1 48 49
223 placeblockabstract[l-3-2-3,stone] -> place-block-abstract-1 50 51
224 placeblockabstract[l-3-1-3,stone] -> place-block-abstract-1 52 53
225 placeblockabstract[l-3-0-3,stone] -> <place-block-abstract-3;place-block-abstract-3_splitted_6[l-3-0-3];_splitting_method_place-block-abstract-3_splitted_6;0;-1,-2,1> 54 55 56
226 buildrow[l-4-0-3,n4,n,stone] -> <build-row-3;build-row-3_splitted_4[n,stone,l-4-0-3,n4];_splitting_method_build-row-3_splitted_4;0;-1,1> 227 232
227 buildrow[l-4-1-3,n3,n,stone] -> <build-row-3;build-row-3_splitted_4[n,stone,l-4-1-3,n3];_splitting_method_build-row-3_splitted_4;0;-1,1> 228 231
228 buildrow[l-4-2-3,n2,n,stone] -> <<build-row-2;build-row-2_splitted_3[n,stone,l-4-2-3,n2];_splitting_method_build-row-2_splitted_3;1;0,-1>;buildrow[l-4-3-3,n1,n,stone];build-row-1;1;0,-1> 229 230
229 placeblockabstract[l-4-2-3,stone] -> place-block-abstract-1 57 58
230 placeblockabstract[l-4-3-3,stone] -> place-block-abstract-1 59 60
231 placeblockabstract[l-4-1-3,stone] -> place-block-abstract-1 61 62
232 placeblockabstract[l-4-0-3,stone] -> <place-block-abstract-3;place-block-abstract-3_splitted_6[l-4-0-3];_splitting_method_place-block-abstract-3_splitted_6;0;-1,-2,1> 63 64 65
233 buildrow[l-1-3-3,n4,w,stone] -> <build-row-3;build-row-3_splitted_4[w,stone,l-1-3-3,n4];_splitting_method_build-row-3_splitted_4;0;-1,1> 234 239
234 buildrow[l-1-3-2,n3,w,stone] -> <build-row-3;build-row-3_splitted_4[w,stone,l-1-3-2,n3];_splitting_method_build-row-3_splitted_4;0;-1,1> 235 238
235 buildrow[l-1-3-1,n2,w,stone] -> <build-row-3;build-row-3_splitted_4[w,stone,l-1-3-1,n2];<_splitting_method_build-row-3_splitted_4;buildrow[l-1-3-0,n1,w,stone];build-row-1;0;-1>;0;-1,1> 236 237
236 placeblockabstract[l-1-3-0,stone] -> place-block-abstract-1 66 67
237 placeblockabstract[l-1-3-1,stone] -> place-block-abstract-1 68 69
238 placeblockabstract[l-1-3-2,stone] -> place-block-abstract-1 70 71
239 placeblockabstract[l-1-3-3,stone] -> place-block-abstract-2 72
240 buildrow[l-2-3-3,n4,w,stone] -> <build-row-3;build-row-3_splitted_4[w,stone,l-2-3-3,n4];_splitting_method_build-row-3_splitted_4;0;-1,1> 241 246
241 buildrow[l-2-3-2,n3,w,stone] -> <build-row-3;build-row-3_splitted_4[w,stone,l-2-3-2,n3];_splitting_method_build-row-3_splitted_4;0;-1,1> 242 245
242 buildrow[l-2-3-1,n2,w,stone] -> <build-row-3;build-row-3_splitted_4[w,stone,l-2-3-1,n2];<_splitting_method_build-row-3_splitted_4;buildrow[l-2-3-0,n1,w,stone];build-row-1;0;-1>;0;-1,1> 243 244
243 placeblockabstract[l-2-3-0,stone] -> place-block-abstract-1 73 74
244 placeblockabstract[l-2-3-1,stone] -> place-block-abstract-1 75 76
245 placeblockabstract[l-2-3-2,stone] -> place-block-abstract-1 77 78
246 placeblockabstract[l-2-3-3,stone] -> <place-block-abstract-3;place-block-abstract-3_splitted_6[l-2-3-3];_splitting_method_place-block-abstract-3_splitted_6;0;-1,-2,1> 79 80 81
247 buildrow[l-3-3-3,n4,w,stone] -> <build-row-3;build-row-3_splitted_4[w,stone,l-3-3-3,n4];_splitting_method_build-row-3_splitted_4;0;-1,1> 248 253
248 buildrow[l-3-3-2,n3,w,stone] -> <build-row-3;build-row-3_splitted_4[w,stone,l-3-3-2,n3];_splitting_method_build-row-3_splitted_4;0;-1,1> 249 252
249 buildrow[l-3-3-1,n2,w,stone] -> <build-row-3;build-row-3_splitted_4[w,stone,l-3-3-1,n2];<_splitting_method_build-row-3_splitted_4;buildrow[l-3-3-0,n1,w,stone];build-row-1;0;-1>;0;-1,1> 250 251
250 placeblockabstract[l-3-3-0,stone] -> place-block-abstract-1 82 83
251 placeblockabstract[l-3-3-1,stone] -> place-block-abstract-1 84 85
252 placeblockabstract[l-3-3-2,stone] -> place-block-abstract-1 86 87
253 placeblockabstract[l-3-3-3,stone] -> <place-block-abstract-3;place-block-abstract-3_splitted_6[l-3-3-3];_splitting_method_place-block-abstract-3_splitted_6;0;-1,-2,1> 88 89 90
254 buildrow[l-4-3-3,n4,w,stone] -> <build-row-3;build-row-3_splitted_4[w,stone,l-4-3-3,n4];_splitting_method_build-row-3_splitted_4;0;-1,1> 255 260
255 buildrow[l-4-3-2,n3,w,stone] -> <build-row-3;build-row-3_splitted_4[w,stone,l-4-3-2,n3];_splitting_method_build-row-3_splitted_4;0;-1,1> 256 259
256 buildrow[l-4-3-1,n2,w,stone] -> <build-row-3;build-row-3_splitted_4[w,stone,l-4-3-1,n2];<_splitting_method_build-row-3_splitted_4;buildrow[l-4-3-0,n1,w,stone];build-row-1;0;-1>;0;-1,1> 257 258
257 placeblockabstract[l-4-3-0,stone] -> place-block-abstract-1 91 92
258 placeblockabstract[l-4-3-1,stone] -> place-block-abstract-1 93 94
259 placeblockabstract[l-4-3-2,stone] -> place-block-abstract-1 95 96
260 placeblockabstract[l-4-3-3,stone] -> <place-block-abstract-3;place-block-abstract-3_splitted_6[l-4-3-3];_splitting_method_place-block-abstract-3_splitted_6;0;-1,-2,1> 97 98 99
261 buildrow[l-1-3-0,n4,s,stone] -> <build-row-3;build-row-3_splitted_4[s,stone,l-1-3-0,n4];_splitting_method_build-row-3_splitted_4;0;-1,1> 262 267
262 buildrow[l-1-2-0,n3,s,stone] -> <build-row-3;build-row-3_splitted_4[s,stone,l-1-2-0,n3];_splitting_method_build-row-3_splitted_4;0;-1,1> 263 266
263 buildrow[l-1-1-0,n2,s,stone] -> <build-row-3;build-row-3_splitted_4[s,stone,l-1-1-0,n2];<_splitting_method_build-row-3_splitted_4;buildrow[l-1-0-0,n1,s,stone];build-row-1;0;-1>;0;-1,1> 264 265
264 placeblockabstract[l-1-0-0,stone] -> <place-block-abstract-3;place-block-abstract-3_splitted_6[l-1-0-0];_splitting_method_place-block-abstract-3_splitted_6;0;-1,-2,1> 100 101 102
265 placeblockabstract[l-1-1-0,stone] -> place-block-abstract-1 103 104
266 placeblockabstract[l-1-2-0,stone] -> place-block-abstract-1 105 106
267 placeblockabstract[l-1-3-0,stone] -> <place-block-abstract-3;place-block-abstract-3_splitted_6[l-1-3-0];_splitting_method_place-block-abstract-3_splitted_6;0;-1,-2,1> 107 108 109
268 buildrow[l-2-3-0,n4,s,stone] -> <build-row-3;build-row-3_splitted_4[s,stone,l-2-3-0,n4];_splitting_method_build-row-3_splitted_4;0;-1,1> 269 274
269 buildrow[l-2-2-0,n3,s,stone] -> <build-row-3;build-row-3_splitted_4[s,stone,l-2-2-0,n3];_splitting_method_build-row-3_splitted_4;0;-1,1> 270 273
270 buildrow[l-2-1-0,n2,s,stone] -> <build-row-3;build-row-3_splitted_4[s,stone,l-2-1-0,n2];<_splitting_method_build-row-3_splitted_4;buildrow[l-2-0-0,n1,s,stone];build-row-1;0;-1>;0;-1,1> 271 272
271 placeblockabstract[l-2-0-0,stone] -> <place-block-abstract-3;place-block-abstract-3_splitted_6[l-2-0-0];_splitting_method_place-block-abstract-3_splitted_6;0;-1,-2,1> 110 111 112
272 placeblockabstract[l-2-1-0,stone] -> place-block-abstract-1 113 114
273 placeblockabstract[l-2-2-0,stone] -> place-block-abstract-1 115 116
274 placeblockabstract[l-2-3-0,stone] -> <place-block-abstract-3;place-block-abstract-3_splitted_6[l-2-3-0];_splitting_method_place-block-abstract-3_splitted_6;0;-1,-2,1> 117 118 119
275 buildrow[l-3-3-0,n4,s,stone] -> <build-row-2;build-row-2_splitted_3[s,stone,l-3-3-0,n4];_splitting_method_build-row-2_splitted_3;1;0,-1> 276 277
276 placeblockabstract[l-3-3-0,stone] -> <place-block-abstract-3;place-block-abstract-3_splitted_6[l-3-3-0];_splitting_method_place-block-abstract-3_splitted_6;0;-1,-2,1> 120 121 122
277 buildrow[l-3-2-0,n3,s,stone] -> <build-row-2;build-row-2_splitted_3[s,stone,l-3-2-0,n3];_splitting_method_build-row-2_splitted_3;1;0,-1> 278 279
278 placeblockabstract[l-3-2-0,stone] -> place-block-abstract-1 123 124
279 buildrow[l-3-1-0,n2,s,stone] -> <build-row-3;build-row-3_splitted_4[s,stone,l-3-1-0,n2];<_splitting_method_build-row-3_splitted_4;buildrow[l-3-0-0,n1,s,stone];build-row-1;0;-1>;0;-1,1> 280 281
280 placeblockabstract[l-3-0-0,stone] -> <place-block-abstract-3;place-block-abstract-3_splitted_6[l-3-0-0];_splitting_method_place-block-abstract-3_splitted_6;0;-1,-2,1> 125 126 127
281 placeblockabstract[l-3-1-0,stone] -> place-block-abstract-1 128 129
282 buildrow[l-4-3-0,n4,s,stone] -> <build-row-2;build-row-2_splitted_3[s,stone,l-4-3-0,n4];_splitting_method_build-row-2_splitted_3;1;0,-1> 283 284
283 placeblockabstract[l-4-3-0,stone] -> <place-block-abstract-3;place-block-abstract-3_splitted_6[l-4-3-0];_splitting_method_place-block-abstract-3_splitted_6;0;-1,-2,1> 130 131 132
284 buildrow[l-4-2-0,n3,s,stone] -> <build-row-2;build-row-2_splitted_3[s,stone,l-4-2-0,n3];_splitting_method_build-row-2_splitted_3;1;0,-1> 285 286
285 placeblockabstract[l-4-2-0,stone] -> place-block-abstract-1 133 134
286 buildrow[l-4-1-0,n2,s,stone] -> <build-row-3;build-row-3_splitted_4[s,stone,l-4-1-0,n2];<_splitting_method_build-row-3_splitted_4;buildrow[l-4-0-0,n1,s,stone];build-row-1;0;-1>;0;-1,1> 287 288
287 placeblockabstract[l-4-0-0,stone] -> <place-block-abstract-3;place-block-abstract-3_splitted_6[l-4-0-0];_splitting_method_place-block-abstract-3_splitted_6;0;-1,-2,1> 135 136 137
288 placeblockabstract[l-4-1-0,stone] -> place-block-abstract-1 138 139
289 removeblockabstract[l-1-1-0] -> remove-block-abstract-2 140 141
290 removeblockabstract[l-2-1-0] -> remove-block-abstract-2 142 143
291 buildrow[l-5-0-0,n4,e,stone] -> <build-row-2;build-row-2_splitted_3[e,stone,l-5-0-0,n4];_splitting_method_build-row-2_splitted_3;1;0,-1> 292 293
292 placeblockabstract[l-5-0-0,stone] -> place-block-abstract-1 144 145
293 buildrow[l-5-0-1,n3,e,stone] -> <build-row-2;build-row-2_splitted_3[e,stone,l-5-0-1,n3];_splitting_method_build-row-2_splitted_3;1;0,-1> 294 295
294 placeblockabstract[l-5-0-1,stone] -> place-block-abstract-1 146 147
295 buildrow[l-5-0-2,n2,e,stone] -> <<build-row-2;build-row-2_splitted_3[e,stone,l-5-0-2,n2];_splitting_method_build-row-2_splitted_3;1;0,-1>;buildrow[l-5-0-3,n1,e,stone];build-row-1;1;0,-1> 296 297
296 placeblockabstract[l-5-0-2,stone] -> place-block-abstract-1 148 149
297 placeblockabstract[l-5-0-3,stone] -> place-block-abstract-1 150 151
298 buildrow[l-5-1-0,n4,e,stone] -> <build-row-2;build-row-2_splitted_3[e,stone,l-5-1-0,n4];_splitting_method_build-row-2_splitted_3;1;0,-1> 299 300
299 placeblockabstract[l-5-1-0,stone] -> place-block-abstract-1 152 153
300 buildrow[l-5-1-1,n3,e,stone] -> <build-row-2;build-row-2_splitted_3[e,stone,l-5-1-1,n3];_splitting_method_build-row-2_splitted_3;1;0,-1> 301 302
301 placeblockabstract[l-5-1-1,stone] -> place-block-abstract-1 154 155
302 buildrow[l-5-1-2,n2,e,stone] -> <<build-row-2;build-row-2_splitted_3[e,stone,l-5-1-2,n2];_splitting_method_build-row-2_splitted_3;1;0,-1>;buildrow[l-5-1-3,n1,e,stone];build-row-1;1;0,-1> 303 304
303 placeblockabstract[l-5-1-2,stone] -> place-block-abstract-1 156 157
304 placeblockabstract[l-5-1-3,stone] -> place-block-abstract-1 158 159
305 buildrow[l-5-2-0,n4,e,stone] -> <build-row-2;build-row-2_splitted_3[e,stone,l-5-2-0,n4];_splitting_method_build-row-2_splitted_3;1;0,-1> 306 307
306 placeblockabstract[l-5-2-0,stone] -> place-block-abstract-1 160 161
307 buildrow[l-5-2-1,n3,e,stone] -> <build-row-2;build-row-2_splitted_3[e,stone,l-5-2-1,n3];_splitting_method_build-row-2_splitted_3;1;0,-1> 308 309
308 placeblockabstract[l-5-2-1,stone] -> place-block-abstract-1 162 163
309 buildrow[l-5-2-2,n2,e,stone] -> <<build-row-2;build-row-2_splitted_3[e,stone,l-5-2-2,n2];_splitting_method_build-row-2_splitted_3;1;0,-1>;buildrow[l-5-2-3,n1,e,stone];build-row-1;1;0,-1> 310 311
310 placeblockabstract[l-5-2-2,stone] -> place-block-abstract-1 164 165
311 placeblockabstract[l-5-2-3,stone] -> place-block-abstract-1 166 167
312 buildrow[l-5-3-0,n4,e,stone] -> <build-row-3;build-row-3_splitted_4[e,stone,l-5-3-0,n4];_splitting_method_build-row-3_splitted_4;0;-1,1> 313 318
313 buildrow[l-5-3-1,n3,e,stone] -> <build-row-3;build-row-3_splitted_4[e,stone,l-5-3-1,n3];_splitting_method_build-row-3_splitted_4;0;-1,1> 314 317
314 buildrow[l-5-3-2,n2,e,stone] -> <build-row-3;build-row-3_splitted_4[e,stone,l-5-3-2,n2];<_splitting_method_build-row-3_splitted_4;buildrow[l-5-3-3,n1,e,stone];build-row-1;0;-1>;0;-1,1> 315 316
315 placeblockabstract[l-5-3-3,stone] -> place-block-abstract-1 168 169
316 placeblockabstract[l-5-3-2,stone] -> place-block-abstract-1 170 171
317 placeblockabstract[l-5-3-1,stone] -> place-block-abstract-1 172 173
318 placeblockabstract[l-5-3-0,stone] -> place-block-abstract-1 174 175
<==

RUNWATCH_RESULT EXIT RETVAL 0 TIME_SECS 0.297197 MEMPEAK_KBS 924
