    _           _         _
   \ |         \ |       | |                       
   | |     __  | |      _| |______                
   | |     \/  | |     /_   ______\                
   | |      _  | |   __  | |  ___   ___   ___       
   | |___  | | | |  / .\ | | / , | |   \ / ·_\    
   \_____\ |_| |__\ \__/ |_| \___) |_|_| \___\  
[39mL i l o t a n e  version rls-glucose4
by Dominik Schreiber <dominik.schreiber@kit.edu> 2020-2021
using SAT solver glucose4

0.006 Parser finished.
0.006 Structures extracted.
0.006 20 operators and 16 methods created.
0.029 Mined 11 new reduction preconditions (+20.0%).
0.029 Iteration 0.
0.029 Creating initial layer of size 2
0.115 Attempting to solve formula with 65 clauses (96 literals) and 1 assumptions
0.115 Unsolvable at layer 0 -- expanding.
0.115 Iteration 1.
0.115 New layer size: 5
0.115 Instantiating ...
0.430 Collected 725 relevant facts at this layer
0.430 Encoding ...
0.440 Attempting to solve formula with 14454 clauses (37405 literals) and 4 assumptions
0.440 Unsolvable at layer 1 -- expanding.
0.440 Iteration 2.
0.440 New layer size: 9
0.440 Instantiating ...
1.128 Collected 810 relevant facts at this layer
1.128 Encoding ...
1.154 Attempting to solve formula with 49272 clauses (138916 literals) and 4 assumptions
1.155 Unsolvable at layer 2 -- expanding.
1.155 Iteration 3.
1.155 New layer size: 21
1.155 Instantiating ...
2.090 Collected 829 relevant facts at this layer
2.090 Encoding ...
2.166 Attempting to solve formula with 122772 clauses (361401 literals) and 8 assumptions
2.175 Unsolvable at layer 3 -- expanding.
2.175 Iteration 4.
2.175 New layer size: 37
2.175 Instantiating ...
3.707 Collected 829 relevant facts at this layer
3.707 Encoding ...
3.829 Attempting to solve formula with 239595 clauses (713427 literals) and 12 assumptions
3.837 Unsolvable at layer 4 -- expanding.
3.837 Iteration 5.
3.837 New layer size: 65
3.837 Instantiating ...
6.340 Collected 829 relevant facts at this layer
6.340 Encoding ...
6.590 Attempting to solve formula with 435723 clauses (1308278 literals) and 20 assumptions
6.600 Unsolvable at layer 5 -- expanding.
6.600 Iteration 6.
6.600 New layer size: 109
6.600 Instantiating ...
10.723 Collected 829 relevant facts at this layer
10.723 Encoding ...
11.130 Attempting to solve formula with 753396 clauses (2271914 literals) and 32 assumptions
11.175 Unsolvable at layer 6 -- expanding.
11.175 Iteration 7.
11.175 New layer size: 181
11.175 Instantiating ...
17.888 Collected 829 relevant facts at this layer
17.888 Encoding ...
18.571 Attempting to solve formula with 1271805 clauses (3846782 literals) and 52 assumptions
18.650 Unsolvable at layer 7 -- expanding.
18.650 Iteration 8.
18.650 New layer size: 297
18.650 Instantiating ...
29.599 Collected 829 relevant facts at this layer
29.599 Encoding ...
30.678 Attempting to solve formula with 2112494 clauses (6401664 literals) and 84 assumptions
31.052 Unsolvable at layer 8 -- expanding.
31.052 Iteration 9.
31.052 New layer size: 485
31.052 Instantiating ...
48.725 Collected 829 relevant facts at this layer
48.725 Encoding ...
50.403 Attempting to solve formula with 3476199 clauses (10547792 literals) and 136 assumptions
51.111 Unsolvable at layer 9 -- expanding.
51.111 Iteration 10.
51.112 New layer size: 789
51.112 Instantiating ...
79.902 Collected 829 relevant facts at this layer
79.902 Encoding ...
82.706 Attempting to solve formula with 5685200 clauses (17265180 literals) and 220 assumptions
84.677 Unsolvable at layer 10 -- expanding.
84.677 Iteration 11.
84.677 New layer size: 1281
84.677 Instantiating ...
131.366 Collected 829 relevant facts at this layer
131.366 Encoding ...
135.953 Attempting to solve formula with 9262513 clauses (28145074 literals) and 356 assumptions
141.651 Unsolvable at layer 11 -- expanding.
141.651 Iteration 12.
141.651 New layer size: 2077
141.651 Instantiating ...
217.410 Collected 829 relevant facts at this layer
217.410 Encoding ...
225.356 Attempting to solve formula with 15053434 clauses (45758734 literals) and 576 assumptions
234.285 Unsolvable at layer 12 -- expanding.
234.285 Iteration 13.
234.286 New layer size: 3365
234.286 Instantiating ...
356.408 Collected 829 relevant facts at this layer
356.408 Encoding ...
369.494 Attempting to solve formula with 24426275 clauses (74268666 literals) and 932 assumptions
392.331 Unsolvable at layer 13 -- expanding.
392.331 Iteration 14.
392.332 New layer size: 5449
392.332 Instantiating ...
590.513 Collected 829 relevant facts at this layer
590.513 Encoding ...
613.531 Attempting to solve formula with 39594644 clauses (120408636 literals) and 1508 assumptions
666.903 Unsolvable at layer 14 -- expanding.
666.903 Iteration 15.
666.905 New layer size: 8821
666.905 Instantiating ...
989.030 Termination signal caught.
989.030 Total amount of clauses encoded: 39594644
989.030 - directframeaxioms : 12167310 cls
989.030 - reductionconstraints : 11434673 cls
989.030 - qfactsemantics : 7972876 cls
989.030 - indirectframeaxioms : 6233347 cls
989.030 - actionconstraints : 776267 cls
989.030 - qconstequality : 296058 cls
989.030 - atmostoneelement : 263725 cls
989.030 - substitutionconstraints : 213338 cls
989.030 - expansions : 101864 cls
989.030 - predecessors : 85928 cls
989.030 - actioneffects : 48427 cls
989.030 - truefacts : 829 cls
989.030 - axiomaticops : 2 cls
989.030 # instantiated positions: 22971
989.030 # instantiated actions: 95605
989.030 # instantiated reductions: 43707
989.030 # introduced pseudo-constants: 20380
989.030 # retroactive prunings: 0
989.030 # retroactively pruned operations: 0
989.030 # dominated operations: 11
989.030 # total invalid rigid preconditions found in getPFC: 0
989.030 # invalid rigid preconditions found in getPFC: 0
989.030 # invalid rigid preconditions found in getPFC in varrestrictions: 0
989.030 # total invalid fluent preconditions found in getPFC: 32
989.030 # invalid fluent preconditions found in getPFC: 24
989.030 # invalid fluent preconditions found in getPFC in varrestrictions: 8
989.030 # invalid fluent preconditions found in getPFC via postconditions: 0
989.030 # invalid subtasks found in getPFC: 0
989.030 # number effects in operation fact_frames: 230
989.030 # number of variables restricted: 31617478
989.030 Exiting happily.

RUNWATCH_RESULT MEMOUT RETVAL 0 TIME_SECS 990.119 MEMPEAK_KBS 16043956
