    _           _         _
   \ |         \ |       | |                       
   | |     __  | |      _| |______                
   | |     \/  | |     /_   ______\                
   | |      _  | |   __  | |  ___   ___   ___       
   | |___  | | | |  / .\ | | / , | |   \ / ·_\    
   \_____\ |_| |__\ \__/ |_| \___) |_|_| \___\  
[39mL i l o t a n e  version rls-glucose4
by Dominik Schreiber <dominik.schreiber@kit.edu> 2020-2021
using SAT solver glucose4

0.012 Parser finished.
0.012 Structures extracted.
0.013 28 operators and 21 methods created.
0.024 Mined 76 new reduction preconditions (+262.1%).
0.024 Iteration 0.
0.024 Creating initial layer of size 2
0.047 Attempting to solve formula with 5 clauses (6 literals) and 1 assumptions
0.047 Unsolvable at layer 0 -- expanding.
0.047 Iteration 1.
0.047 New layer size: 2
0.047 Instantiating ...
0.065 Collected 1 relevant facts at this layer
0.065 Encoding ...
0.067 Attempting to solve formula with 12 clauses (20 literals) and 1 assumptions
0.067 Unsolvable at layer 1 -- expanding.
0.067 Iteration 2.
0.067 New layer size: 3
0.067 Instantiating ...
0.108 Collected 2 relevant facts at this layer
0.108 Encoding ...
0.112 Attempting to solve formula with 4265 clauses (10795 literals) and 2 assumptions
0.112 Unsolvable at layer 2 -- expanding.
0.112 Iteration 3.
0.112 New layer size: 4
0.112 Instantiating ...
0.135 Retroactively prune action (__SURROGATE*c2*connect_2* Q_2,0_Port:0_34a6d45b98d80f5 Q_2,0_Port:1_34a6d45b98d80f5 Q_3,0_PlugType:0_90f4d2661a65aa6c female in male out) due to impossible effect (isOccupied Q_2,0_Port:0_34a6d45b98d80f5)
0.140 Retroactively prune action (__SURROGATE*c6*connect_6* Q_2,0_Port:0_34a6d45b98d80f5 Q_2,0_Port:1_34a6d45b98d80f5 Q_3,0_PlugType:0_90f4d2661a65aa6c female in male out) due to impossible effect (isOccupied Q_2,0_Port:1_34a6d45b98d80f5)
0.153 Retroactively prune action (__SURROGATE*c1*connect_1* Q_2,0_Port:0_34a6d45b98d80f5 Q_2,0_Port:1_34a6d45b98d80f5 Q_3,0_PlugType:0_90f4d2661a65aa6c female in male out) due to impossible effect (isOccupied Q_2,0_Port:0_34a6d45b98d80f5)
0.162 Retroactively prune action (__SURROGATE*c5*connect_5* Q_2,0_Port:0_34a6d45b98d80f5 Q_2,0_Port:1_34a6d45b98d80f5 Q_3,0_PlugType:0_90f4d2661a65aa6c female in male out) due to impossible effect (isOccupied Q_2,0_Port:1_34a6d45b98d80f5)
0.266 Collected 3662 relevant facts at this layer
0.266 Encoding ...
0.380 Attempting to solve formula with 87236 clauses (317191 literals) and 2 assumptions
0.385 Unsolvable at layer 3 -- expanding.
0.385 Iteration 4.
0.385 New layer size: 5
0.385 Instantiating ...
0.477 Retroactively prune action (__SURROGATE*c1*connect_1* Q_3,1_Port:0_34a6d45b98d80f5 Q_3,1_Port:1_34a6d45b98d80f5 Q_4,1_PlugType:0_90f4d2661a65aa6c female in male out) due to impossible effect (isOccupied Q_3,1_Port:0_34a6d45b98d80f5)
0.483 Retroactively prune action (__SURROGATE*c2*connect_2* Q_3,1_Port:0_34a6d45b98d80f5 Q_3,1_Port:1_34a6d45b98d80f5 Q_4,1_PlugType:0_90f4d2661a65aa6c female in male out) due to impossible effect (isOccupied Q_3,1_Port:0_34a6d45b98d80f5)
0.483 Retroactively prune action (__SURROGATE*c6*connect_6* Q_3,1_Port:0_34a6d45b98d80f5 Q_3,1_Port:1_34a6d45b98d80f5 Q_4,1_PlugType:0_90f4d2661a65aa6c female in male out) due to impossible effect (isOccupied Q_3,1_Port:1_34a6d45b98d80f5)
0.483 Retroactively prune action (__SURROGATE*c5*connect_5* Q_3,1_Port:0_34a6d45b98d80f5 Q_3,1_Port:1_34a6d45b98d80f5 Q_4,1_PlugType:0_90f4d2661a65aa6c female in male out) due to impossible effect (isOccupied Q_3,1_Port:1_34a6d45b98d80f5)
0.583 Collected 3662 relevant facts at this layer
0.583 Encoding ...
0.717 Attempting to solve formula with 182498 clauses (698177 literals) and 3 assumptions
0.724 Unsolvable at layer 4 -- expanding.
0.724 Iteration 5.
0.724 New layer size: 6
0.724 Instantiating ...
0.850 Retroactively prune action (__SURROGATE*c5*connect_5* Q_4,2_Port:0_34a6d45b98d80f5 Q_4,2_Port:1_34a6d45b98d80f5 Q_5,2_PlugType:0_90f4d2661a65aa6c female in male out) due to impossible effect (isOccupied Q_4,2_Port:1_34a6d45b98d80f5)
0.859 Retroactively prune action (__SURROGATE*c6*connect_6* Q_4,2_Port:0_34a6d45b98d80f5 Q_4,2_Port:1_34a6d45b98d80f5 Q_5,2_PlugType:0_90f4d2661a65aa6c female in male out) due to impossible effect (isOccupied Q_4,2_Port:1_34a6d45b98d80f5)
0.877 Retroactively prune action (__SURROGATE*c1*connect_1* Q_4,2_Port:0_34a6d45b98d80f5 Q_4,2_Port:1_34a6d45b98d80f5 Q_5,2_PlugType:0_90f4d2661a65aa6c female in male out) due to impossible effect (isOccupied Q_4,2_Port:0_34a6d45b98d80f5)
0.882 Retroactively prune action (__SURROGATE*c2*connect_2* Q_4,2_Port:0_34a6d45b98d80f5 Q_4,2_Port:1_34a6d45b98d80f5 Q_5,2_PlugType:0_90f4d2661a65aa6c female in male out) due to impossible effect (isOccupied Q_4,2_Port:0_34a6d45b98d80f5)
1.010 Collected 3662 relevant facts at this layer
1.010 Encoding ...
1.229 Attempting to solve formula with 316332 clauses (1249948 literals) and 4 assumptions
1.235 Unsolvable at layer 5 -- expanding.
1.235 Iteration 6.
1.235 New layer size: 7
1.235 Instantiating ...
1.445 Retroactively prune action (__SURROGATE*c1*connect_1* Q_5,3_Port:0_34a6d45b98d80f5 Q_5,3_Port:1_34a6d45b98d80f5 Q_6,3_PlugType:0_90f4d2661a65aa6c female in male out) due to impossible effect (isOccupied Q_5,3_Port:0_34a6d45b98d80f5)
1.453 Retroactively prune action (__SURROGATE*c2*connect_2* Q_5,3_Port:0_34a6d45b98d80f5 Q_5,3_Port:1_34a6d45b98d80f5 Q_6,3_PlugType:0_90f4d2661a65aa6c female in male out) due to impossible effect (isOccupied Q_5,3_Port:0_34a6d45b98d80f5)
1.461 Retroactively prune action (__SURROGATE*c5*connect_5* Q_5,3_Port:0_34a6d45b98d80f5 Q_5,3_Port:1_34a6d45b98d80f5 Q_6,3_PlugType:0_90f4d2661a65aa6c female in male out) due to impossible effect (isOccupied Q_5,3_Port:1_34a6d45b98d80f5)
1.472 Retroactively prune action (__SURROGATE*c6*connect_6* Q_5,3_Port:0_34a6d45b98d80f5 Q_5,3_Port:1_34a6d45b98d80f5 Q_6,3_PlugType:0_90f4d2661a65aa6c female in male out) due to impossible effect (isOccupied Q_5,3_Port:1_34a6d45b98d80f5)
1.592 Collected 3662 relevant facts at this layer
1.592 Encoding ...
1.889 Attempting to solve formula with 498525 clauses (2017975 literals) and 5 assumptions
2.044 Unsolvable at layer 6 -- expanding.
2.044 Iteration 7.
2.044 New layer size: 8
2.044 Instantiating ...
2.383 Retroactively prune action (__SURROGATE*c6*connect_6* Q_6,4_Port:0_34a6d45b98d80f5 Q_6,4_Port:1_34a6d45b98d80f5 Q_7,4_PlugType:0_90f4d2661a65aa6c female in male out) due to impossible effect (isOccupied Q_6,4_Port:1_34a6d45b98d80f5)
2.383 Retroactively prune action (__SURROGATE*c5*connect_5* Q_6,4_Port:0_34a6d45b98d80f5 Q_6,4_Port:1_34a6d45b98d80f5 Q_7,4_PlugType:0_90f4d2661a65aa6c female in male out) due to impossible effect (isOccupied Q_6,4_Port:1_34a6d45b98d80f5)
2.402 Retroactively prune action (__SURROGATE*c2*connect_2* Q_6,4_Port:0_34a6d45b98d80f5 Q_6,4_Port:1_34a6d45b98d80f5 Q_7,4_PlugType:0_90f4d2661a65aa6c female in male out) due to impossible effect (isOccupied Q_6,4_Port:0_34a6d45b98d80f5)
2.402 Retroactively prune action (__SURROGATE*c1*connect_1* Q_6,4_Port:0_34a6d45b98d80f5 Q_6,4_Port:1_34a6d45b98d80f5 Q_7,4_PlugType:0_90f4d2661a65aa6c female in male out) due to impossible effect (isOccupied Q_6,4_Port:0_34a6d45b98d80f5)
2.498 Collected 3662 relevant facts at this layer
2.498 Encoding ...
2.848 Attempting to solve formula with 719479 clauses (2954574 literals) and 6 assumptions
3.511 Unsolvable at layer 7 -- expanding.
3.511 Iteration 8.
3.511 New layer size: 9
3.511 Instantiating ...
3.862 Retroactively prune action (__SURROGATE*c1*connect_1* Q_7,5_Port:0_34a6d45b98d80f5 Q_7,5_Port:1_34a6d45b98d80f5 Q_8,5_PlugType:0_90f4d2661a65aa6c female in male out) due to impossible effect (isOccupied Q_7,5_Port:0_34a6d45b98d80f5)
3.873 Retroactively prune action (__SURROGATE*c2*connect_2* Q_7,5_Port:0_34a6d45b98d80f5 Q_7,5_Port:1_34a6d45b98d80f5 Q_8,5_PlugType:0_90f4d2661a65aa6c female in male out) due to impossible effect (isOccupied Q_7,5_Port:0_34a6d45b98d80f5)
3.878 Retroactively prune action (__SURROGATE*c5*connect_5* Q_7,5_Port:0_34a6d45b98d80f5 Q_7,5_Port:1_34a6d45b98d80f5 Q_8,5_PlugType:0_90f4d2661a65aa6c female in male out) due to impossible effect (isOccupied Q_7,5_Port:1_34a6d45b98d80f5)
3.896 Retroactively prune action (__SURROGATE*c6*connect_6* Q_7,5_Port:0_34a6d45b98d80f5 Q_7,5_Port:1_34a6d45b98d80f5 Q_8,5_PlugType:0_90f4d2661a65aa6c female in male out) due to impossible effect (isOccupied Q_7,5_Port:1_34a6d45b98d80f5)
3.992 Collected 3662 relevant facts at this layer
3.992 Encoding ...
4.461 Attempting to solve formula with 973766 clauses (4034040 literals) and 7 assumptions
7.038 Unsolvable at layer 8 -- expanding.
7.038 Iteration 9.
7.038 New layer size: 10
7.038 Instantiating ...
7.609 Retroactively prune action (__SURROGATE*c6*connect_6* Q_8,6_Port:0_34a6d45b98d80f5 Q_8,6_Port:1_34a6d45b98d80f5 Q_9,6_PlugType:0_90f4d2661a65aa6c female in male out) due to impossible effect (isOccupied Q_8,6_Port:1_34a6d45b98d80f5)
7.614 Retroactively prune action (__SURROGATE*c5*connect_5* Q_8,6_Port:0_34a6d45b98d80f5 Q_8,6_Port:1_34a6d45b98d80f5 Q_9,6_PlugType:0_90f4d2661a65aa6c female in male out) due to impossible effect (isOccupied Q_8,6_Port:1_34a6d45b98d80f5)
7.636 Retroactively prune action (__SURROGATE*c1*connect_1* Q_8,6_Port:0_34a6d45b98d80f5 Q_8,6_Port:1_34a6d45b98d80f5 Q_9,6_PlugType:0_90f4d2661a65aa6c female in male out) due to impossible effect (isOccupied Q_8,6_Port:0_34a6d45b98d80f5)
7.642 Retroactively prune action (__SURROGATE*c2*connect_2* Q_8,6_Port:0_34a6d45b98d80f5 Q_8,6_Port:1_34a6d45b98d80f5 Q_9,6_PlugType:0_90f4d2661a65aa6c female in male out) due to impossible effect (isOccupied Q_8,6_Port:0_34a6d45b98d80f5)
7.753 Collected 3662 relevant facts at this layer
7.753 Encoding ...
8.297 Attempting to solve formula with 1286009 clauses (5379888 literals) and 8 assumptions
12.867 Unsolvable at layer 9 -- expanding.
12.867 Iteration 10.
12.867 New layer size: 11
12.867 Instantiating ...
13.481 Retroactively prune action (__SURROGATE*c1*connect_1* Q_9,7_Port:0_34a6d45b98d80f5 Q_9,7_Port:1_34a6d45b98d80f5 Q_10,7_PlugType:0_90f4d2661a65aa6c female in male out) due to impossible effect (isOccupied Q_9,7_Port:0_34a6d45b98d80f5)
13.494 Retroactively prune action (__SURROGATE*c2*connect_2* Q_9,7_Port:0_34a6d45b98d80f5 Q_9,7_Port:1_34a6d45b98d80f5 Q_10,7_PlugType:0_90f4d2661a65aa6c female in male out) due to impossible effect (isOccupied Q_9,7_Port:0_34a6d45b98d80f5)
13.533 Retroactively prune action (__SURROGATE*c5*connect_5* Q_9,7_Port:0_34a6d45b98d80f5 Q_9,7_Port:1_34a6d45b98d80f5 Q_10,7_PlugType:0_90f4d2661a65aa6c female in male out) due to impossible effect (isOccupied Q_9,7_Port:1_34a6d45b98d80f5)
13.551 Retroactively prune action (__SURROGATE*c6*connect_6* Q_9,7_Port:0_34a6d45b98d80f5 Q_9,7_Port:1_34a6d45b98d80f5 Q_10,7_PlugType:0_90f4d2661a65aa6c female in male out) due to impossible effect (isOccupied Q_9,7_Port:1_34a6d45b98d80f5)
13.655 Collected 3662 relevant facts at this layer
13.655 Encoding ...
14.242 Attempting to solve formula with 1649479 clauses (6957550 literals) and 9 assumptions
25.216 Unsolvable at layer 10 -- expanding.
25.216 Iteration 11.
25.216 New layer size: 12
25.216 Instantiating ...
25.955 Retroactively prune action (__SURROGATE*c5*connect_5* Q_10,8_Port:0_34a6d45b98d80f5 Q_10,8_Port:1_34a6d45b98d80f5 Q_11,8_PlugType:0_90f4d2661a65aa6c female in male out) due to impossible effect (isOccupied Q_10,8_Port:1_34a6d45b98d80f5)
25.955 Retroactively prune action (__SURROGATE*c1*connect_1* Q_10,8_Port:0_34a6d45b98d80f5 Q_10,8_Port:1_34a6d45b98d80f5 Q_11,8_PlugType:0_90f4d2661a65aa6c female in male out) due to impossible effect (isOccupied Q_10,8_Port:0_34a6d45b98d80f5)
25.981 Retroactively prune action (__SURROGATE*c6*connect_6* Q_10,8_Port:0_34a6d45b98d80f5 Q_10,8_Port:1_34a6d45b98d80f5 Q_11,8_PlugType:0_90f4d2661a65aa6c female in male out) due to impossible effect (isOccupied Q_10,8_Port:1_34a6d45b98d80f5)
25.981 Retroactively prune action (__SURROGATE*c2*connect_2* Q_10,8_Port:0_34a6d45b98d80f5 Q_10,8_Port:1_34a6d45b98d80f5 Q_11,8_PlugType:0_90f4d2661a65aa6c female in male out) due to impossible effect (isOccupied Q_10,8_Port:0_34a6d45b98d80f5)
26.117 Collected 3662 relevant facts at this layer
26.117 Encoding ...
26.752 Attempting to solve formula with 2053844 clauses (8716392 literals) and 10 assumptions
57.148 Unsolvable at layer 11 -- expanding.
57.148 Iteration 12.
57.148 New layer size: 13
57.148 Instantiating ...
57.999 Retroactively prune action (__SURROGATE*c2*connect_2* Q_11,9_Port:0_34a6d45b98d80f5 Q_11,9_Port:1_34a6d45b98d80f5 Q_12,9_PlugType:0_90f4d2661a65aa6c female in male out) due to impossible effect (isOccupied Q_11,9_Port:0_34a6d45b98d80f5)
58.010 Retroactively prune action (__SURROGATE*c1*connect_1* Q_11,9_Port:0_34a6d45b98d80f5 Q_11,9_Port:1_34a6d45b98d80f5 Q_12,9_PlugType:0_90f4d2661a65aa6c female in male out) due to impossible effect (isOccupied Q_11,9_Port:0_34a6d45b98d80f5)
58.010 Retroactively prune action (__SURROGATE*c6*connect_6* Q_11,9_Port:0_34a6d45b98d80f5 Q_11,9_Port:1_34a6d45b98d80f5 Q_12,9_PlugType:0_90f4d2661a65aa6c female in male out) due to impossible effect (isOccupied Q_11,9_Port:1_34a6d45b98d80f5)
58.010 Retroactively prune action (__SURROGATE*c5*connect_5* Q_11,9_Port:0_34a6d45b98d80f5 Q_11,9_Port:1_34a6d45b98d80f5 Q_12,9_PlugType:0_90f4d2661a65aa6c female in male out) due to impossible effect (isOccupied Q_11,9_Port:1_34a6d45b98d80f5)
58.130 Collected 3662 relevant facts at this layer
58.130 Encoding ...
58.851 Attempting to solve formula with 2504403 clauses (10683938 literals) and 11 assumptions
134.532 Unsolvable at layer 12 -- expanding.
134.532 Iteration 13.
134.532 New layer size: 14
134.532 Instantiating ...
135.426 Retroactively prune action (__SURROGATE*c6*connect_6* Q_12,10_Port:0_34a6d45b98d80f5 Q_12,10_Port:1_34a6d45b98d80f5 Q_13,10_PlugType:0_90f4d2661a65aa6c female in male out) due to impossible effect (isOccupied Q_12,10_Port:1_34a6d45b98d80f5)
135.438 Retroactively prune action (__SURROGATE*c1*connect_1* Q_12,10_Port:0_34a6d45b98d80f5 Q_12,10_Port:1_34a6d45b98d80f5 Q_13,10_PlugType:0_90f4d2661a65aa6c female in male out) due to impossible effect (isOccupied Q_12,10_Port:0_34a6d45b98d80f5)
135.468 Retroactively prune action (__SURROGATE*c2*connect_2* Q_12,10_Port:0_34a6d45b98d80f5 Q_12,10_Port:1_34a6d45b98d80f5 Q_13,10_PlugType:0_90f4d2661a65aa6c female in male out) due to impossible effect (isOccupied Q_12,10_Port:0_34a6d45b98d80f5)
135.493 Retroactively prune action (__SURROGATE*c5*connect_5* Q_12,10_Port:0_34a6d45b98d80f5 Q_12,10_Port:1_34a6d45b98d80f5 Q_13,10_PlugType:0_90f4d2661a65aa6c female in male out) due to impossible effect (isOccupied Q_12,10_Port:1_34a6d45b98d80f5)
135.604 Collected 3662 relevant facts at this layer
135.604 Encoding ...
136.358 Attempting to solve formula with 2972133 clauses (12714713 literals) and 12 assumptions
188.134 Unsolvable at layer 13 -- expanding.
188.134 Iteration 14.
188.134 New layer size: 15
188.134 Instantiating ...
189.123 Retroactively prune action (__SURROGATE*c5*connect_5* Q_13,11_Port:0_34a6d45b98d80f5 Q_13,11_Port:1_34a6d45b98d80f5 Q_14,11_PlugType:0_90f4d2661a65aa6c female in male out) due to impossible effect (isOccupied Q_13,11_Port:1_34a6d45b98d80f5)
189.149 Retroactively prune action (__SURROGATE*c1*connect_1* Q_13,11_Port:0_34a6d45b98d80f5 Q_13,11_Port:1_34a6d45b98d80f5 Q_14,11_PlugType:0_90f4d2661a65aa6c female in male out) due to impossible effect (isOccupied Q_13,11_Port:0_34a6d45b98d80f5)
189.169 Retroactively prune action (__SURROGATE*c6*connect_6* Q_13,11_Port:0_34a6d45b98d80f5 Q_13,11_Port:1_34a6d45b98d80f5 Q_14,11_PlugType:0_90f4d2661a65aa6c female in male out) due to impossible effect (isOccupied Q_13,11_Port:1_34a6d45b98d80f5)
189.188 Retroactively prune action (__SURROGATE*c2*connect_2* Q_13,11_Port:0_34a6d45b98d80f5 Q_13,11_Port:1_34a6d45b98d80f5 Q_14,11_PlugType:0_90f4d2661a65aa6c female in male out) due to impossible effect (isOccupied Q_13,11_Port:0_34a6d45b98d80f5)
189.304 Collected 3662 relevant facts at this layer
189.304 Encoding ...
190.089 Attempting to solve formula with 3464570 clauses (14843163 literals) and 13 assumptions
238.761 Unsolvable at layer 14 -- expanding.
238.761 Iteration 15.
238.761 New layer size: 16
238.761 Instantiating ...
239.946 Retroactively prune action (__SURROGATE*c5*connect_5* Q_14,12_Port:0_34a6d45b98d80f5 Q_14,12_Port:1_34a6d45b98d80f5 Q_15,12_PlugType:0_90f4d2661a65aa6c female in male out) due to impossible effect (isOccupied Q_14,12_Port:1_34a6d45b98d80f5)
239.959 Retroactively prune action (__SURROGATE*c2*connect_2* Q_14,12_Port:0_34a6d45b98d80f5 Q_14,12_Port:1_34a6d45b98d80f5 Q_15,12_PlugType:0_90f4d2661a65aa6c female in male out) due to impossible effect (isOccupied Q_14,12_Port:0_34a6d45b98d80f5)
239.964 Retroactively prune action (__SURROGATE*c6*connect_6* Q_14,12_Port:0_34a6d45b98d80f5 Q_14,12_Port:1_34a6d45b98d80f5 Q_15,12_PlugType:0_90f4d2661a65aa6c female in male out) due to impossible effect (isOccupied Q_14,12_Port:1_34a6d45b98d80f5)
239.964 Retroactively prune action (__SURROGATE*c1*connect_1* Q_14,12_Port:0_34a6d45b98d80f5 Q_14,12_Port:1_34a6d45b98d80f5 Q_15,12_PlugType:0_90f4d2661a65aa6c female in male out) due to impossible effect (isOccupied Q_14,12_Port:0_34a6d45b98d80f5)
240.087 Collected 3662 relevant facts at this layer
240.087 Encoding ...
240.956 Attempting to solve formula with 4025293 clauses (17288737 literals) and 14 assumptions
268.178 Unsolvable at layer 15 -- expanding.
268.178 Iteration 16.
268.178 New layer size: 17
268.178 Instantiating ...
269.368 Retroactively prune action (__SURROGATE*c5*connect_5* Q_15,13_Port:0_34a6d45b98d80f5 Q_15,13_Port:1_34a6d45b98d80f5 Q_16,13_PlugType:0_90f4d2661a65aa6c female in male out) due to impossible effect (isOccupied Q_15,13_Port:1_34a6d45b98d80f5)
269.375 Retroactively prune action (__SURROGATE*c6*connect_6* Q_15,13_Port:0_34a6d45b98d80f5 Q_15,13_Port:1_34a6d45b98d80f5 Q_16,13_PlugType:0_90f4d2661a65aa6c female in male out) due to impossible effect (isOccupied Q_15,13_Port:1_34a6d45b98d80f5)
269.399 Retroactively prune action (__SURROGATE*c2*connect_2* Q_15,13_Port:0_34a6d45b98d80f5 Q_15,13_Port:1_34a6d45b98d80f5 Q_16,13_PlugType:0_90f4d2661a65aa6c female in male out) due to impossible effect (isOccupied Q_15,13_Port:0_34a6d45b98d80f5)
269.422 Retroactively prune action (__SURROGATE*c1*connect_1* Q_15,13_Port:0_34a6d45b98d80f5 Q_15,13_Port:1_34a6d45b98d80f5 Q_16,13_PlugType:0_90f4d2661a65aa6c female in male out) due to impossible effect (isOccupied Q_15,13_Port:0_34a6d45b98d80f5)
269.523 Collected 3662 relevant facts at this layer
269.523 Encoding ...
270.421 Attempting to solve formula with 4620393 clauses (19882607 literals) and 15 assumptions
c
c Try to adapt solver strategies
c 
c Nothing extreme in this problem, continue with glucose default strategies.
c
377.112 Unsolvable at layer 16 -- expanding.
377.112 Iteration 17.
377.112 New layer size: 18
377.112 Instantiating ...
378.589 Retroactively prune action (__SURROGATE*c1*connect_1* Q_16,14_Port:0_34a6d45b98d80f5 Q_16,14_Port:1_34a6d45b98d80f5 Q_17,14_PlugType:0_90f4d2661a65aa6c female in male out) due to impossible effect (isOccupied Q_16,14_Port:0_34a6d45b98d80f5)
378.589 Retroactively prune action (__SURROGATE*c6*connect_6* Q_16,14_Port:0_34a6d45b98d80f5 Q_16,14_Port:1_34a6d45b98d80f5 Q_17,14_PlugType:0_90f4d2661a65aa6c female in male out) due to impossible effect (isOccupied Q_16,14_Port:1_34a6d45b98d80f5)
378.589 Retroactively prune action (__SURROGATE*c5*connect_5* Q_16,14_Port:0_34a6d45b98d80f5 Q_16,14_Port:1_34a6d45b98d80f5 Q_17,14_PlugType:0_90f4d2661a65aa6c female in male out) due to impossible effect (isOccupied Q_16,14_Port:1_34a6d45b98d80f5)
378.594 Retroactively prune action (__SURROGATE*c2*connect_2* Q_16,14_Port:0_34a6d45b98d80f5 Q_16,14_Port:1_34a6d45b98d80f5 Q_17,14_PlugType:0_90f4d2661a65aa6c female in male out) due to impossible effect (isOccupied Q_16,14_Port:0_34a6d45b98d80f5)
378.697 Collected 3662 relevant facts at this layer
378.697 Encoding ...
379.680 Attempting to solve formula with 5257751 clauses (22664700 literals) and 16 assumptions
496.237 Unsolvable at layer 17 -- expanding.
496.237 Iteration 18.
496.237 New layer size: 19
496.237 Instantiating ...
497.771 Retroactively prune action (__SURROGATE*c2*connect_2* Q_17,15_Port:0_34a6d45b98d80f5 Q_17,15_Port:1_34a6d45b98d80f5 Q_18,15_PlugType:0_90f4d2661a65aa6c female in male out) due to impossible effect (isOccupied Q_17,15_Port:0_34a6d45b98d80f5)
497.776 Retroactively prune action (__SURROGATE*c1*connect_1* Q_17,15_Port:0_34a6d45b98d80f5 Q_17,15_Port:1_34a6d45b98d80f5 Q_18,15_PlugType:0_90f4d2661a65aa6c female in male out) due to impossible effect (isOccupied Q_17,15_Port:0_34a6d45b98d80f5)
497.796 Retroactively prune action (__SURROGATE*c6*connect_6* Q_17,15_Port:0_34a6d45b98d80f5 Q_17,15_Port:1_34a6d45b98d80f5 Q_18,15_PlugType:0_90f4d2661a65aa6c female in male out) due to impossible effect (isOccupied Q_17,15_Port:1_34a6d45b98d80f5)
497.828 Retroactively prune action (__SURROGATE*c5*connect_5* Q_17,15_Port:0_34a6d45b98d80f5 Q_17,15_Port:1_34a6d45b98d80f5 Q_18,15_PlugType:0_90f4d2661a65aa6c female in male out) due to impossible effect (isOccupied Q_17,15_Port:1_34a6d45b98d80f5)
497.937 Collected 3662 relevant facts at this layer
497.937 Encoding ...
499.005 Attempting to solve formula with 5936215 clauses (25628283 literals) and 17 assumptions
582.707 Unsolvable at layer 18 -- expanding.
582.707 Iteration 19.
582.707 New layer size: 20
582.707 Instantiating ...
584.405 Retroactively prune action (__SURROGATE*c1*connect_1* Q_18,16_Port:0_34a6d45b98d80f5 Q_18,16_Port:1_34a6d45b98d80f5 Q_19,16_PlugType:0_90f4d2661a65aa6c female in male out) due to impossible effect (isOccupied Q_18,16_Port:0_34a6d45b98d80f5)
584.433 Retroactively prune action (__SURROGATE*c2*connect_2* Q_18,16_Port:0_34a6d45b98d80f5 Q_18,16_Port:1_34a6d45b98d80f5 Q_19,16_PlugType:0_90f4d2661a65aa6c female in male out) due to impossible effect (isOccupied Q_18,16_Port:0_34a6d45b98d80f5)
584.449 Retroactively prune action (__SURROGATE*c6*connect_6* Q_18,16_Port:0_34a6d45b98d80f5 Q_18,16_Port:1_34a6d45b98d80f5 Q_19,16_PlugType:0_90f4d2661a65aa6c female in male out) due to impossible effect (isOccupied Q_18,16_Port:1_34a6d45b98d80f5)
584.460 Retroactively prune action (__SURROGATE*c5*connect_5* Q_18,16_Port:0_34a6d45b98d80f5 Q_18,16_Port:1_34a6d45b98d80f5 Q_19,16_PlugType:0_90f4d2661a65aa6c female in male out) due to impossible effect (isOccupied Q_18,16_Port:1_34a6d45b98d80f5)
584.578 Collected 3662 relevant facts at this layer
584.578 Encoding ...
585.680 Attempting to solve formula with 6645803 clauses (28721068 literals) and 18 assumptions
895.936 Unsolvable at layer 19 -- expanding.
895.936 Iteration 20.
895.936 New layer size: 21
895.936 Instantiating ...
897.676 Retroactively prune action (__SURROGATE*c2*connect_2* Q_19,17_Port:0_34a6d45b98d80f5 Q_19,17_Port:1_34a6d45b98d80f5 Q_20,17_PlugType:0_90f4d2661a65aa6c female in male out) due to impossible effect (isOccupied Q_19,17_Port:0_34a6d45b98d80f5)
897.676 Retroactively prune action (__SURROGATE*c6*connect_6* Q_19,17_Port:0_34a6d45b98d80f5 Q_19,17_Port:1_34a6d45b98d80f5 Q_20,17_PlugType:0_90f4d2661a65aa6c female in male out) due to impossible effect (isOccupied Q_19,17_Port:1_34a6d45b98d80f5)
897.690 Retroactively prune action (__SURROGATE*c1*connect_1* Q_19,17_Port:0_34a6d45b98d80f5 Q_19,17_Port:1_34a6d45b98d80f5 Q_20,17_PlugType:0_90f4d2661a65aa6c female in male out) due to impossible effect (isOccupied Q_19,17_Port:0_34a6d45b98d80f5)
897.690 Retroactively prune action (__SURROGATE*c5*connect_5* Q_19,17_Port:0_34a6d45b98d80f5 Q_19,17_Port:1_34a6d45b98d80f5 Q_20,17_PlugType:0_90f4d2661a65aa6c female in male out) due to impossible effect (isOccupied Q_19,17_Port:1_34a6d45b98d80f5)
897.813 Collected 3662 relevant facts at this layer
897.813 Encoding ...
898.920 Attempting to solve formula with 7386678 clauses (31945814 literals) and 19 assumptions
1800.962 Termination signal caught.
1800.962 Total amount of clauses encoded: 7386678
1800.962 - indirectframeaxioms : 4183244 cls
1800.962 - qfactsemantics : 1506456 cls
1800.962 - directframeaxioms : 1391560 cls
1800.962 - reductionconstraints : 229741 cls
1800.962 - actionconstraints : 25747 cls
1800.962 - atmostoneelement : 18929 cls
1800.962 - substitutionconstraints : 17244 cls
1800.962 - qconstequality : 4212 cls
1800.962 - truefacts : 3662 cls
1800.962 - predecessors : 2723 cls
1800.962 - expansions : 2687 cls
1800.962 - actioneffects : 471 cls
1800.962 - axiomaticops : 2 cls
1800.962 # instantiated positions: 231
1800.962 # instantiated actions: 2460
1800.962 # instantiated reductions: 336
1800.962 # introduced pseudo-constants: 456
1800.962 # retroactive prunings: 73
1800.962 # retroactively pruned operations: 73
1800.962 # dominated operations: 114
1800.962 # total invalid rigid preconditions found in getPFC: 0
1800.962 # invalid rigid preconditions found in getPFC: 0
1800.962 # invalid rigid preconditions found in getPFC in varrestrictions: 0
1800.962 # total invalid fluent preconditions found in getPFC: 10
1800.962 # invalid fluent preconditions found in getPFC: 10
1800.962 # invalid fluent preconditions found in getPFC in varrestrictions: 0
1800.962 # invalid fluent preconditions found in getPFC via postconditions: 0
1800.962 # invalid subtasks found in getPFC: 1
1800.962 # number effects in operation fact_frames: 170
1800.962 # number of variables restricted: 21662
1800.962 # number of nodes variables restricted: 10810
1800.962 Exiting happily.

RUNWATCH_RESULT TIMEOUT RETVAL 0 TIME_SECS 1801.04 MEMPEAK_KBS 1242012
