    _           _         _
   \ |         \ |       | |                       
   | |     __  | |      _| |______                
   | |     \/  | |     /_   ______\                
   | |      _  | |   __  | |  ___   ___   ___       
   | |___  | | | |  / .\ | | / , | |   \ / ·_\    
   \_____\ |_| |__\ \__/ |_| \___) |_|_| \___\  
[39mL i l o t a n e  version rls-glucose4
by Dominik Schreiber <dominik.schreiber@kit.edu> 2020-2021
using SAT solver glucose4

0.019 Parser finished.
0.020 Structures extracted.
0.020 19 operators and 11 methods created.
0.038 Mined 6 new reduction preconditions (+33.3%).
0.038 Iteration 0.
0.038 Creating initial layer of size 2
0.065 Attempting to solve formula with 183 clauses (273 literals) and 1 assumptions
0.065 Unsolvable at layer 0 -- expanding.
0.065 Iteration 1.
0.065 New layer size: 111
0.065 Instantiating ...
0.720 Collected 120 relevant facts at this layer
0.720 Encoding ...
0.739 Attempting to solve formula with 1776 clauses (3991 literals) and 110 assumptions
0.740 Unsolvable at layer 1 -- expanding.
0.740 Iteration 2.
0.741 New layer size: 411
0.741 Instantiating ...
1.907 Collected 400 relevant facts at this layer
1.907 Encoding ...
2.110 Attempting to solve formula with 149781 clauses (392509 literals) and 357 assumptions
2.110 Unsolvable at layer 2 -- expanding.
2.110 Iteration 3.
2.111 New layer size: 945
2.111 Instantiating ...
3.292 Collected 483 relevant facts at this layer
3.292 Encoding ...
3.696 Attempting to solve formula with 485586 clauses (1176976 literals) and 171 assumptions
3.705 Unsolvable at layer 3 -- expanding.
3.705 Iteration 4.
3.706 New layer size: 1287
3.706 Instantiating ...
4.876 Collected 483 relevant facts at this layer
4.876 Encoding ...
5.365 Attempting to solve formula with 791296 clauses (1898328 literals) and 165 assumptions
5.365 Unsolvable at layer 4 -- expanding.
5.365 Iteration 5.
5.367 New layer size: 1617
5.367 Instantiating ...
6.584 Collected 483 relevant facts at this layer
6.584 Encoding ...
7.256 Attempting to solve formula with 1098213 clauses (2627896 literals) and 162 assumptions
7.257 Unsolvable at layer 5 -- expanding.
7.257 Iteration 6.
7.259 New layer size: 1941
7.259 Instantiating ...
8.480 Collected 483 relevant facts at this layer
8.480 Encoding ...
9.260 Attempting to solve formula with 1409786 clauses (3373756 literals) and 156 assumptions
9.260 Unsolvable at layer 6 -- expanding.
9.260 Iteration 7.
9.262 New layer size: 2253
9.262 Instantiating ...
10.510 Collected 483 relevant facts at this layer
10.510 Encoding ...
11.320 Attempting to solve formula with 1732355 clauses (4154581 literals) and 153 assumptions
11.321 Unsolvable at layer 7 -- expanding.
11.321 Iteration 8.
11.323 New layer size: 2559
11.323 Instantiating ...
11.336 Retroactively prune action (__REPEATED___SURROGATE*m6_do_clear*nop* b3)@(7,15): no children at offset 0
11.336 Retroactively prune action (__REPEATED___SURROGATE*m6_do_clear*nop* b22)@(7,15): no children at offset 0
11.336 Retroactively prune action (__REPEATED___SURROGATE*m6_do_clear*nop* b34)@(7,15): no children at offset 0
11.336 Retroactively prune action (__REPEATED___SURROGATE*m6_do_clear*nop* b80)@(7,15): no children at offset 0
11.336 Retroactively prune action (__REPEATED___SURROGATE*m6_do_clear*nop* b9)@(7,15): no children at offset 0
11.336 Retroactively prune action (__REPEATED___SURROGATE*m6_do_clear*nop* b38)@(7,15): no children at offset 0
11.343 Retroactively prune action (__REPEATED___SURROGATE*m6_do_clear*nop* b25)@(7,30): no children at offset 0
11.344 Retroactively prune action (__REPEATED___SURROGATE*m6_do_clear*nop* b28)@(7,46): no children at offset 0
11.344 Retroactively prune action (__REPEATED___SURROGATE*m6_do_clear*nop* b46)@(7,46): no children at offset 0
11.344 Retroactively prune action (__REPEATED___SURROGATE*m6_do_clear*nop* b21)@(7,46): no children at offset 0
11.344 Retroactively prune action (__REPEATED___SURROGATE*m6_do_clear*nop* b55)@(7,46): no children at offset 0
11.344 Retroactively prune action (__REPEATED___SURROGATE*m6_do_clear*nop* b53)@(7,46): no children at offset 0
11.344 Retroactively prune action (__REPEATED___SURROGATE*m6_do_clear*nop* b24)@(7,46): no children at offset 0
12.682 Collected 483 relevant facts at this layer
12.682 Encoding ...
13.666 Attempting to solve formula with 2084706 clauses (5016864 literals) and 152 assumptions
13.678 Unsolvable at layer 8 -- expanding.
13.679 Iteration 9.
13.681 New layer size: 2863
13.681 Instantiating ...
15.192 Collected 483 relevant facts at this layer
15.192 Encoding ...
16.302 Attempting to solve formula with 2478421 clauses (5998734 literals) and 152 assumptions
c last restart ## conflicts  :  10 26115 
17.181 Found a solution at layer 9.
==>
564960 nop
564962 unstack b48 b44
564964 put-down b48
564966 unstack b44 b7
564968 put-down b44
564970 unstack b7 b8
564972 put-down b7
564974 unstack b8 b40
564976 put-down b8
564978 unstack b40 b65
564980 put-down b40
564982 unstack b65 b54
564984 put-down b65
564986 unstack b54 b1
564988 put-down b54
564990 unstack b1 b63
564993 put-down b1
564996 nop
564998 unstack b50 b34
565000 put-down b50
565002 unstack b34 b80
565004 put-down b34
565006 unstack b80 b22
565008 put-down b80
565010 unstack b22 b38
565012 put-down b22
565014 unstack b38 b9
565016 put-down b38
565018 unstack b9 b3
565020 put-down b9
565023 nop
565028 nop
565030 unstack b88 b25
565032 put-down b88
565035 unstack b25 b74
565038 put-down b25
565044 nop
565071 nop
565077 nop
565480 unstack b3 b60
565483 put-down b3
565485 unstack b60 b21
565487 put-down b60
565489 unstack b21 b28
565491 put-down b21
565493 unstack b28 b24
565495 put-down b28
565497 unstack b24 b55
565499 put-down b24
565501 unstack b55 b53
565503 put-down b55
565505 unstack b53 b46
565507 put-down b53
565510 unstack b46 b78
565513 put-down b46
565518 nop
565526 unstack b78 b69
565916 put-down b78
565924 unstack b69 b29
565927 put-down b69
565931 unstack b29 b85
565933 put-down b29
565937 unstack b85 b61
565940 put-down b85
565943 unstack b61 b91
565945 put-down b61
565948 unstack b91 b68
565951 put-down b91
565955 unstack b68 b12
565958 put-down b68
565961 unstack b12 b47
565963 put-down b12
565967 unstack b47 b35
565970 put-down b47
565972 nop
565980 unstack b2 b86
565983 put-down b2
565985 unstack b86 b36
565989 put-down b86
565991 unstack b36 b62
565995 put-down b36
565997 unstack b62 b14
566001 put-down b62
566003 unstack b14 b57
566006 put-down b14
566009 unstack b57 b67
566012 put-down b57
566018 nop
566059 nop
566065 nop
566505 unstack b35 b19
566507 put-down b35
566511 unstack b19 b73
566513 put-down b19
566516 unstack b73 b43
566519 put-down b73
566522 nop
566533 unstack b67 b33
566923 put-down b67
566931 unstack b33 b10
566934 put-down b33
566937 unstack b10 b83
566941 put-down b10
566944 unstack b83 b56
566947 put-down b83
566950 unstack b56 b71
566953 put-down b56
566956 unstack b71 b72
566958 put-down b71
566961 unstack b72 b39
566964 put-down b72
566967 unstack b39 b93
566971 put-down b39
566974 nop
566984 nop
567427 nop
567868 nop
567873 pick-up b12
567876 stack b12 b73
567878 nop
568290 unstack b43 b82
568293 put-down b43
568296 unstack b82 b87
568299 put-down b82
568303 unstack b87 b18
568305 put-down b87
568308 unstack b18 b49
568312 put-down b18
568315 unstack b49 b16
568318 put-down b49
568320 unstack b16 b32
568323 put-down b16
568330 nop
568357 nop
568362 unstack b32 b92
568365 stack b32 b38
568369 nop
568386 unstack b74 b42
568389 put-down b74
568392 unstack b42 b37
568394 put-down b42
568398 nop
568435 nop
568441 unstack b37 b13
568443 stack b37 b57
568448 nop
568886 unstack b92 b58
568889 put-down b92
568893 nop
569343 nop
569348 unstack b58 b17
569351 stack b58 b32
569355 nop
569802 nop
569810 nop
569816 pick-up b68
569819 stack b68 b25
569824 nop
570286 nop
570734 nop
570741 pick-up b71
570743 stack b71 b46
570750 nop
571190 unstack b63 b75
571192 put-down b63
571200 nop
571646 nop
571652 unstack b75 b89
571654 stack b75 b12
571657 nop
571660 unstack b76 b5
571664 put-down b76
571667 unstack b5 b81
571670 put-down b5
571677 nop
572141 nop
572147 pick-up b81
572149 stack b81 b47
572153 nop
572161 unstack b13 b70
572560 put-down b13
572568 unstack b70 b52
572572 put-down b70
572574 unstack b52 b77
572577 put-down b52
572581 unstack b77 b84
572584 put-down b77
572587 unstack b84 b94
572589 put-down b84
572592 unstack b94 b11
572596 put-down b94
572598 unstack b11 b98
572602 put-down b11
572606 nop
573057 unstack b93 b79
573061 put-down b93
573064 unstack b98 b100
573066 stack b98 b93
573068 nop
573095 nop
573545 nop
573552 pick-up b8
573554 stack b8 b75
573560 nop
574013 nop
574487 nop
574493 pick-up b13
574496 stack b13 b58
574498 nop
574986 nop
575438 nop
575443 pick-up b21
575446 stack b21 b37
575448 nop
575930 nop
575945 nop
575950 pick-up b28
575953 stack b28 b81
575958 nop
576389 unstack b100 b26
576392 put-down b100
576395 unstack b26 b59
576398 put-down b26
576401 unstack b59 b41
576404 put-down b59
576408 unstack b41 b30
576411 put-down b41
576416 nop
576888 nop
576894 unstack b30 b31
576896 stack b30 b71
576898 nop
577357 nop
577380 nop
577387 unstack b31 b97
577389 stack b31 b8
577392 nop
577902 nop
578385 nop
578391 pick-up b43
578394 stack b43 b28
578402 nop
578888 nop
579369 nop
579375 pick-up b53
579378 stack b53 b13
579385 nop
579845 nop
580308 nop
580314 pick-up b54
580316 stack b54 b31
580321 nop
580816 nop
581281 nop
581286 pick-up b60
581289 stack b60 b68
581291 nop
581294 nop
581785 nop
581791 unstack b64 b51
581794 stack b64 b21
581800 nop
582295 nop
582826 nop
582832 pick-up b70
582835 stack b70 b43
582838 nop
582860 nop
583338 nop
583343 pick-up b80
583346 stack b80 b54
583354 nop
583879 nop
584379 nop
584386 pick-up b87
584388 stack b87 b70
584392 nop
584859 unstack b79 b27
584862 put-down b79
584865 unstack b27 b6
584869 put-down b27
584871 unstack b6 b90
584875 put-down b6
584878 nop
584893 nop
584899 pick-up b90
584901 stack b90 b80
584903 nop
585388 unstack b89 b15
585391 put-down b89
585395 unstack b15 b96
585397 put-down b15
585401 nop
585871 nop
585876 pick-up b96
585878 stack b96 b30
585882 nop
586402 nop
586884 nop
586890 unstack b97 b20
586892 stack b97 b98
586894 nop
586903 nop
587446 nop
587452 pick-up b5
587454 stack b5 b87
587459 nop
587492 nop
588009 nop
588014 pick-up b14
588017 stack b14 b53
588022 nop
588510 nop
588512 nop
588519 pick-up b22
588521 stack b22 b64
588528 nop
589033 nop
589042 nop
589048 pick-up b29
589051 stack b29 b5
589057 nop
589558 nop
590071 nop
590077 pick-up b39
590079 stack b39 b60
590082 nop
590587 nop
590614 nop
590620 pick-up b42
590623 stack b42 b14
590625 nop
591107 nop
591608 nop
591614 pick-up b51
591616 stack b51 b42
591621 nop
592191 nop
592716 nop
592722 pick-up b55
592724 stack b55 b97
592729 nop
593238 nop
593736 nop
593741 pick-up b63
593744 stack b63 b22
593750 nop
594269 nop
594777 nop
594783 pick-up b74
594786 stack b74 b96
594791 nop
595348 nop
595861 nop
595866 pick-up b77
595869 stack b77 b90
595873 nop
595877 unstack b45 b95
595880 put-down b45
595884 unstack b95 b4
595886 put-down b95
595890 unstack b4 b23
595893 put-down b4
595896 unstack b23 b99
595898 put-down b23
595903 nop
596431 nop
596436 pick-up b99
596438 stack b99 b29
596440 nop
596462 nop
597024 nop
597029 pick-up b4
597032 stack b4 b77
597041 nop
597562 nop
598082 nop
598088 pick-up b10
598090 stack b10 b39
598093 nop
598612 nop
599142 nop
599149 pick-up b11
599151 stack b11 b74
599153 nop
599739 nop
600328 nop
600333 unstack b20 b66
600336 stack b20 b55
600343 nop
600886 nop
600903 nop
600909 pick-up b27
600911 stack b27 b4
600919 nop
601434 nop
601965 nop
601972 pick-up b56
601974 stack b56 b63
601977 nop
602560 nop
603090 nop
603096 pick-up b79
603098 stack b79 b10
603104 nop
603646 nop
604203 nop
604208 pick-up b85
604211 stack b85 b27
604213 nop
604219 nop
604751 nop
604758 pick-up b2
604760 stack b2 b11
604767 nop
605373 nop
605375 nop
605382 pick-up b9
605384 stack b9 b2
605386 nop
605940 nop
606491 nop
606497 pick-up b23
606500 stack b23 b56
606509 nop
607164 nop
607771 nop
607778 pick-up b24
607780 stack b24 b79
607787 nop
608368 nop
609022 nop
609027 pick-up b26
609030 stack b26 b24
609037 nop
609584 nop
610139 nop
610146 pick-up b65
610148 stack b65 b85
610154 nop
610747 nop
611365 nop
611370 pick-up b66
611372 stack b66 b9
611380 nop
612036 nop
612621 nop
612627 pick-up b82
612630 stack b82 b23
612636 nop
613220 nop
613809 nop
613816 pick-up b94
613818 stack b94 b26
613826 nop
614396 nop
614944 nop
614949 pick-up b15
614952 stack b15 b65
614956 nop
615503 nop
616089 nop
616096 pick-up b16
616098 stack b16 b94
616107 nop
616666 nop
617232 nop
617238 pick-up b36
617241 stack b36 b15
617243 nop
617251 nop
617807 nop
617812 pick-up b45
617815 stack b45 b36
617818 nop
618390 nop
619048 nop
619055 pick-up b49
619057 stack b49 b82
619059 nop
619724 nop
620339 nop
620346 pick-up b52
620348 stack b52 b66
620350 nop
620994 nop
621541 nop
621548 pick-up b78
621550 stack b78 b16
621552 nop
622201 nop
622770 nop
622775 pick-up b84
622778 stack b84 b49
622782 nop
623354 nop
624023 nop
624029 pick-up b33
624032 stack b33 b52
624034 nop
624039 nop
624691 nop
624698 pick-up b50
624700 stack b50 b84
624702 nop
625325 nop
625974 nop
625980 pick-up b61
625982 stack b61 b78
625984 nop
626698 nop
627274 nop
627279 pick-up b92
627282 stack b92 b33
627284 nop
627944 nop
628573 nop
628579 pick-up b35
628581 stack b35 b61
628587 nop
629206 nop
629927 nop
629933 pick-up b41
629936 stack b41 b92
629938 nop
629941 nop
630607 nop
630614 pick-up b48
630616 stack b48 b35
630621 nop
631304 nop
631925 nop
631930 pick-up b59
631934 stack b59 b41
631940 nop
632632 nop
632635 nop
632641 pick-up b100
632643 stack b100 b48
632648 nop
633288 nop
633967 nop
633973 pick-up b18
633976 stack b18 b59
633984 nop
634669 nop
635310 nop
635316 pick-up b69
635318 stack b69 b18
635327 nop
635956 nop
636660 nop
636666 pick-up b86
636668 stack b86 b100
636671 nop
636684 nop
637317 nop
637322 pick-up b95
637325 stack b95 b86
637332 nop
637987 nop
637996 nop
638002 pick-up b19
638004 stack b19 b95
638010 nop
638742 nop
639399 nop
639404 pick-up b17
639406 stack b17 b19
639415 nop
640118 nop
640847 nop
640854 pick-up b72
640856 stack b72 b17
640863 nop
641459 nop
642162 nop
642168 pick-up b7
642170 stack b7 b72
642172 nop
642833 nop
643425 nop
643432 pick-up b89
643434 stack b89 b7
643438 nop
644169 nop
644840 nop
644845 pick-up b6
644848 stack b6 b89
644850 nop
645538 nop
646266 nop
646272 pick-up b40
646275 stack b40 b6
646280 nop
646982 nop
647670 nop
647676 pick-up b91
647679 stack b91 b40
647681 nop
647686 nop
648389 nop
648394 pick-up b76
648397 stack b76 b91
648399 nop
649047 nop
649049 nop
649055 pick-up b44
649058 stack b44 b76
649062 nop
649679 nop
650327 nop
650334 pick-up b62
650336 stack b62 b44
650344 nop
651100 nop
651716 nop
651722 pick-up b83
651725 stack b83 b62
651727 nop
651734 nop
652494 nop
652500 pick-up b88
652502 stack b88 b83
652504 nop
652513 nop
652516 nop
652522 pick-up b34
652524 stack b34 b88
root 185 218 252 565022 301 316 565043 565070 399 414 448 463 497 512 566017 566058 596 611 645 566973 693 707 741 776 812 849 887 926 966 1007 1049 1092 1136 1181 1227 1274 1322 1371 1421 1472 1524 1577 1631 1686 1742 1799 1857 1916 1976 2037 2099 2162 2226 2291 2357 2424 2492 2561 2631 2702 2774 2847 2921 2996 3072 3149 3227 3306 3386 3467 3549 3632 3716 3801 3887 3974 4062 4151 4241 4332 4424 4517 4611 4706 4802 4899 4997 5096 5196 5297 5400 5503 5606 5710 5815 5921 6028 6136 6245 6355 6466 6578 6691 6805 6920 7036 7153 7271 7390 7510
185 do_clear b1 -> m7_do_clear 7663 564986 564988
218 do_on_table b1 -> m2_do_on_table 564990 564993
252 do_clear b3 -> m7_do_clear 8276 565018 565020
301 do_clear b25 -> m7_do_clear 565027 565030 565032
316 do_on_table b25 -> m2_do_on_table 565035 565038
399 do_clear b46 -> m7_do_clear 8977 565505 565507
414 do_on_table b46 -> m2_do_on_table 565510 565513
448 do_clear b47 -> m7_do_clear 9313 565961 565963
463 do_on_table b47 -> m2_do_on_table 565967 565970
497 do_clear b57 -> m7_do_clear 9649 566003 566006
512 do_on_table b57 -> m2_do_on_table 566009 566012
596 do_clear b73 -> m7_do_clear 10319 566511 566513
611 do_on_table b73 -> m2_do_on_table 566516 566519
645 do_clear b93 -> m7_do_clear 10655 566967 566971
693 do_put_on b12 b73 -> m1_do_put_on 566983 567426 567867 11611
707 do_put_on b32 b38 -> m1_do_put_on 11719 568329 568356 12434
741 do_put_on b37 b57 -> m1_do_put_on 12541 568397 568434 13257
776 do_put_on b58 b32 -> m1_do_put_on 13365 568892 569342 14084
812 do_put_on b68 b25 -> m1_do_put_on 569354 569801 569809 14912
849 do_put_on b71 b46 -> m1_do_put_on 569823 570285 570733 15742
887 do_put_on b75 b12 -> m1_do_put_on 15849 571199 571645 16574
926 do_put_on b81 b47 -> m1_do_put_on 16682 571676 572140 17408
966 do_put_on b98 b93 -> m1_do_put_on 17515 572605 17838 18156
1007 do_put_on b8 b75 -> m1_do_put_on 573067 573094 573544 18995
1049 do_put_on b13 b58 -> m1_do_put_on 573559 574012 574486 19837
1092 do_put_on b21 b37 -> m1_do_put_on 574497 574985 575437 20681
1136 do_put_on b28 b81 -> m1_do_put_on 575447 575929 575944 21527
1181 do_put_on b30 b71 -> m1_do_put_on 21634 576415 576887 22374
1227 do_put_on b31 b8 -> m1_do_put_on 576897 577356 577379 23224
1274 do_put_on b43 b28 -> m1_do_put_on 577391 577901 578384 24076
1322 do_put_on b53 b13 -> m1_do_put_on 578401 578887 579368 24931
1371 do_put_on b54 b31 -> m1_do_put_on 579384 579844 580307 25787
1421 do_put_on b60 b68 -> m1_do_put_on 580320 580815 581280 26645
1472 do_put_on b64 b21 -> m1_do_put_on 581290 581293 581784 27179
1524 do_put_on b70 b43 -> m1_do_put_on 581799 582294 582825 28040
1577 do_put_on b80 b54 -> m1_do_put_on 582837 582859 583337 28904
1631 do_put_on b87 b70 -> m1_do_put_on 583353 583878 584378 29771
1686 do_put_on b90 b80 -> m1_do_put_on 29879 584877 584892 30639
1742 do_put_on b96 b30 -> m1_do_put_on 30746 585400 585870 31421
1799 do_put_on b97 b98 -> m1_do_put_on 585881 586401 586883 32207
1857 do_put_on b5 b87 -> m1_do_put_on 586893 586902 587445 33085
1916 do_put_on b14 b53 -> m1_do_put_on 587458 587491 588008 33965
1976 do_put_on b22 b64 -> m1_do_put_on 588021 588509 588511 34511
2037 do_put_on b29 b5 -> m1_do_put_on 588527 589032 589041 35395
2099 do_put_on b39 b60 -> m1_do_put_on 589056 589557 590070 36280
2162 do_put_on b42 b14 -> m1_do_put_on 590081 590586 590613 37169
2226 do_put_on b51 b42 -> m1_do_put_on 590624 591106 591607 38059
2291 do_put_on b55 b97 -> m1_do_put_on 591620 592190 592715 38861
2357 do_put_on b63 b22 -> m1_do_put_on 592728 593237 593735 39755
2424 do_put_on b74 b96 -> m1_do_put_on 593749 594268 594776 40651
2492 do_put_on b77 b90 -> m1_do_put_on 594790 595347 595860 41549
2561 do_put_on b99 b29 -> m1_do_put_on 41655 595902 596430 42447
2631 do_put_on b4 b77 -> m1_do_put_on 596439 596461 597023 43258
2702 do_put_on b10 b39 -> m1_do_put_on 597040 597561 598081 44163
2774 do_put_on b11 b74 -> m1_do_put_on 598092 598611 599141 45070
2847 do_put_on b20 b55 -> m1_do_put_on 599152 599738 600327 45977
2921 do_put_on b27 b4 -> m1_do_put_on 600342 600885 600902 46888
2996 do_put_on b56 b63 -> m1_do_put_on 600918 601433 601964 47799
3072 do_put_on b79 b10 -> m1_do_put_on 601976 602559 603089 48714
3149 do_put_on b85 b27 -> m1_do_put_on 603103 603645 604202 49629
3227 do_put_on b2 b11 -> m1_do_put_on 604212 604218 604750 50191
3306 do_put_on b9 b2 -> m1_do_put_on 604766 605372 605374 50755
3386 do_put_on b23 b56 -> m1_do_put_on 605385 605939 606490 51676
3467 do_put_on b24 b79 -> m1_do_put_on 606508 607163 607770 52600
3549 do_put_on b26 b24 -> m1_do_put_on 607786 608367 609021 53526
3632 do_put_on b65 b85 -> m1_do_put_on 609036 609583 610138 54455
3716 do_put_on b66 b9 -> m1_do_put_on 610153 610746 611364 55384
3801 do_put_on b82 b23 -> m1_do_put_on 611379 612035 612620 56229
3887 do_put_on b94 b26 -> m1_do_put_on 612635 613219 613808 57166
3974 do_put_on b15 b65 -> m1_do_put_on 613825 614395 614943 58104
4062 do_put_on b16 b94 -> m1_do_put_on 614955 615502 616088 59043
4151 do_put_on b36 b15 -> m1_do_put_on 616106 616665 617231 59986
4241 do_put_on b45 b36 -> m1_do_put_on 617242 617250 617806 60561
4332 do_put_on b49 b82 -> m1_do_put_on 617817 618389 619047 61507
4424 do_put_on b52 b66 -> m1_do_put_on 619058 619723 620338 62454
4517 do_put_on b78 b16 -> m1_do_put_on 620349 620993 621540 63404
4611 do_put_on b84 b49 -> m1_do_put_on 621551 622200 622769 64355
4706 do_put_on b33 b52 -> m1_do_put_on 622781 623353 624022 65309
4802 do_put_on b50 b84 -> m1_do_put_on 624033 624038 624690 65890
4899 do_put_on b61 b78 -> m1_do_put_on 624701 625324 625973 66849
4997 do_put_on b92 b33 -> m1_do_put_on 625983 626697 627273 67808
5096 do_put_on b35 b61 -> m1_do_put_on 627283 627943 628572 68771
5196 do_put_on b41 b92 -> m1_do_put_on 628586 629205 629926 69734
5297 do_put_on b48 b35 -> m1_do_put_on 629937 629940 630606 70320
5400 do_put_on b59 b41 -> m1_do_put_on 630620 631303 631924 71293
5503 do_put_on b100 b48 -> m1_do_put_on 631939 632631 632634 71878
5606 do_put_on b18 b59 -> m1_do_put_on 632647 633287 633966 72848
5710 do_put_on b69 b18 -> m1_do_put_on 633983 634668 635309 73819
5815 do_put_on b86 b100 -> m1_do_put_on 635326 635955 636659 74793
5921 do_put_on b95 b86 -> m1_do_put_on 636670 636683 637316 75769
6028 do_put_on b19 b95 -> m1_do_put_on 637331 637986 637995 76747
6136 do_put_on b17 b19 -> m1_do_put_on 638009 638741 639398 77727
6245 do_put_on b72 b17 -> m1_do_put_on 639414 640117 640846 78622
6355 do_put_on b7 b72 -> m1_do_put_on 640862 641458 642161 79608
6466 do_put_on b89 b7 -> m1_do_put_on 642171 642832 643424 80595
6578 do_put_on b6 b89 -> m1_do_put_on 643437 644168 644839 81586
6691 do_put_on b40 b6 -> m1_do_put_on 644849 645537 646265 82577
6805 do_put_on b91 b40 -> m1_do_put_on 646279 646981 647669 83571
6920 do_put_on b76 b91 -> m1_do_put_on 647680 647685 648388 84173
7036 do_put_on b44 b76 -> m1_do_put_on 648398 649046 649048 84775
7153 do_put_on b62 b44 -> m1_do_put_on 649061 649678 650326 85774
7271 do_put_on b83 b62 -> m1_do_put_on 650343 651099 651715 86777
7390 do_put_on b88 b83 -> m1_do_put_on 651726 651733 652493 87382
7510 do_put_on b34 b88 -> m1_do_put_on 652503 652512 652515 87988
7663 do_clear b54 -> m7_do_clear 88189 564982 564984
8276 do_clear b9 -> m7_do_clear 88684 565014 565016
8977 do_clear b53 -> m7_do_clear 89530 565501 565503
9313 do_clear b12 -> m7_do_clear 89946 565955 565958
9649 do_clear b14 -> m7_do_clear 90362 565997 566001
10319 do_clear b19 -> m7_do_clear 566064 566505 566507
10655 do_clear b39 -> m7_do_clear 91609 566961 566964
11611 do_move b12 b73 -> m4_do_move 567873 567876
11719 do_clear b32 -> m7_do_clear 92851 568320 568323
12434 do_move b32 b38 -> m5_do_move 568362 568365
12541 do_clear b37 -> m7_do_clear 93680 568392 568394
13257 do_move b37 b57 -> m5_do_move 568441 568443
13365 do_clear b58 -> m7_do_clear 568447 568886 568889
14084 do_move b58 b32 -> m5_do_move 569348 569351
14912 do_move b68 b25 -> m4_do_move 569816 569819
15742 do_move b71 b46 -> m4_do_move 570741 570743
15849 do_clear b75 -> m7_do_clear 570749 571190 571192
16574 do_move b75 b12 -> m5_do_move 571652 571654
16682 do_clear b81 -> m7_do_clear 97485 571667 571670
17408 do_move b81 b47 -> m4_do_move 572147 572149
17515 do_clear b98 -> m7_do_clear 98327 572598 572602
17838 do_on_table b93 -> m2_do_on_table 573057 573061
18156 do_move b98 b93 -> m5_do_move 573064 573066
18995 do_move b8 b75 -> m4_do_move 573552 573554
19837 do_move b13 b58 -> m4_do_move 574493 574496
20681 do_move b21 b37 -> m4_do_move 575443 575446
21527 do_move b28 b81 -> m4_do_move 575950 575953
21634 do_clear b30 -> m7_do_clear 102606 576408 576411
22374 do_move b30 b71 -> m5_do_move 576894 576896
23224 do_move b31 b8 -> m5_do_move 577387 577389
24076 do_move b43 b28 -> m4_do_move 578391 578394
24931 do_move b53 b13 -> m4_do_move 579375 579378
25787 do_move b54 b31 -> m4_do_move 580314 580316
26645 do_move b60 b68 -> m4_do_move 581286 581289
27179 do_move b64 b21 -> m5_do_move 581791 581794
28040 do_move b70 b43 -> m4_do_move 582832 582835
28904 do_move b80 b54 -> m4_do_move 583343 583346
29771 do_move b87 b70 -> m4_do_move 584386 584388
29879 do_clear b90 -> m7_do_clear 110934 584871 584875
30639 do_move b90 b80 -> m4_do_move 584899 584901
30746 do_clear b96 -> m7_do_clear 111816 585395 585397
31421 do_move b96 b30 -> m4_do_move 585876 585878
32207 do_move b97 b98 -> m5_do_move 586890 586892
33085 do_move b5 b87 -> m4_do_move 587452 587454
33965 do_move b14 b53 -> m4_do_move 588014 588017
34511 do_move b22 b64 -> m4_do_move 588519 588521
35395 do_move b29 b5 -> m4_do_move 589048 589051
36280 do_move b39 b60 -> m4_do_move 590077 590079
37169 do_move b42 b14 -> m4_do_move 590620 590623
38059 do_move b51 b42 -> m4_do_move 591614 591616
38861 do_move b55 b97 -> m4_do_move 592722 592724
39755 do_move b63 b22 -> m4_do_move 593741 593744
40651 do_move b74 b96 -> m4_do_move 594783 594786
41549 do_move b77 b90 -> m4_do_move 595866 595869
41655 do_clear b99 -> m7_do_clear 122278 595896 595898
42447 do_move b99 b29 -> m4_do_move 596436 596438
43258 do_move b4 b77 -> m4_do_move 597029 597032
44163 do_move b10 b39 -> m4_do_move 598088 598090
45070 do_move b11 b74 -> m4_do_move 599149 599151
45977 do_move b20 b55 -> m5_do_move 600333 600336
46888 do_move b27 b4 -> m4_do_move 600909 600911
47799 do_move b56 b63 -> m4_do_move 601972 601974
48714 do_move b79 b10 -> m4_do_move 603096 603098
49629 do_move b85 b27 -> m4_do_move 604208 604211
50191 do_move b2 b11 -> m4_do_move 604758 604760
50755 do_move b9 b2 -> m4_do_move 605382 605384
51676 do_move b23 b56 -> m4_do_move 606497 606500
52600 do_move b24 b79 -> m4_do_move 607778 607780
53526 do_move b26 b24 -> m4_do_move 609027 609030
54455 do_move b65 b85 -> m4_do_move 610146 610148
55384 do_move b66 b9 -> m4_do_move 611370 611372
56229 do_move b82 b23 -> m4_do_move 612627 612630
57166 do_move b94 b26 -> m4_do_move 613816 613818
58104 do_move b15 b65 -> m4_do_move 614949 614952
59043 do_move b16 b94 -> m4_do_move 616096 616098
59986 do_move b36 b15 -> m4_do_move 617238 617241
60561 do_move b45 b36 -> m4_do_move 617812 617815
61507 do_move b49 b82 -> m4_do_move 619055 619057
62454 do_move b52 b66 -> m4_do_move 620346 620348
63404 do_move b78 b16 -> m4_do_move 621548 621550
64355 do_move b84 b49 -> m4_do_move 622775 622778
65309 do_move b33 b52 -> m4_do_move 624029 624032
65890 do_move b50 b84 -> m4_do_move 624698 624700
66849 do_move b61 b78 -> m4_do_move 625980 625982
67808 do_move b92 b33 -> m4_do_move 627279 627282
68771 do_move b35 b61 -> m4_do_move 628579 628581
69734 do_move b41 b92 -> m4_do_move 629933 629936
70320 do_move b48 b35 -> m4_do_move 630614 630616
71293 do_move b59 b41 -> m4_do_move 631930 631934
71878 do_move b100 b48 -> m4_do_move 632641 632643
72848 do_move b18 b59 -> m4_do_move 633973 633976
73819 do_move b69 b18 -> m4_do_move 635316 635318
74793 do_move b86 b100 -> m4_do_move 636666 636668
75769 do_move b95 b86 -> m4_do_move 637322 637325
76747 do_move b19 b95 -> m4_do_move 638002 638004
77727 do_move b17 b19 -> m4_do_move 639404 639406
78622 do_move b72 b17 -> m4_do_move 640854 640856
79608 do_move b7 b72 -> m4_do_move 642168 642170
80595 do_move b89 b7 -> m4_do_move 643432 643434
81586 do_move b6 b89 -> m4_do_move 644845 644848
82577 do_move b40 b6 -> m4_do_move 646272 646275
83571 do_move b91 b40 -> m4_do_move 647676 647679
84173 do_move b76 b91 -> m4_do_move 648394 648397
84775 do_move b44 b76 -> m4_do_move 649055 649058
85774 do_move b62 b44 -> m4_do_move 650334 650336
86777 do_move b83 b62 -> m4_do_move 651722 651725
87382 do_move b88 b83 -> m4_do_move 652500 652502
87988 do_move b34 b88 -> m4_do_move 652522 652524
88189 do_clear b65 -> m7_do_clear 167827 564978 564980
88684 do_clear b38 -> m7_do_clear 168243 565010 565012
89530 do_clear b55 -> m7_do_clear 169102 565497 565499
89946 do_clear b68 -> m7_do_clear 169524 565948 565951
90362 do_clear b62 -> m7_do_clear 169946 565991 565995
91609 do_clear b72 -> m7_do_clear 171212 566956 566958
92851 do_clear b16 -> m7_do_clear 172462 568315 568318
93680 do_clear b42 -> m7_do_clear 568368 568386 568389
97485 do_clear b5 -> m7_do_clear 571656 571660 571664
98327 do_clear b11 -> m7_do_clear 177536 572592 572596
102606 do_clear b41 -> m7_do_clear 181393 576401 576404
110934 do_clear b6 -> m7_do_clear 189298 584865 584869
111816 do_clear b15 -> m7_do_clear 584902 585388 585391
122278 do_clear b23 -> m7_do_clear 200202 595890 595893
167827 do_clear b40 -> m7_do_clear 245186 564974 564976
168243 do_clear b22 -> m7_do_clear 245607 565006 565008
169102 do_clear b24 -> m7_do_clear 246092 565493 565495
169524 do_clear b91 -> m7_do_clear 246521 565943 565945
169946 do_clear b36 -> m7_do_clear 246950 565985 565989
171212 do_clear b71 -> m7_do_clear 248237 566950 566953
172462 do_clear b49 -> m7_do_clear 249508 568308 568312
177536 do_clear b94 -> m7_do_clear 254664 572587 572589
181393 do_clear b59 -> m7_do_clear 258196 576395 576398
189298 do_clear b27 -> m7_do_clear 584391 584859 584862
200202 do_clear b4 -> m7_do_clear 277079 595884 595886
245186 do_clear b8 -> m7_do_clear 323620 564970 564972
245607 do_clear b80 -> m7_do_clear 324046 565002 565004
246092 do_clear b28 -> m7_do_clear 324533 565489 565491
246521 do_clear b61 -> m7_do_clear 324969 565937 565940
246950 do_clear b86 -> m7_do_clear 565971 565980 565983
248237 do_clear b56 -> m7_do_clear 326325 566944 566947
249508 do_clear b18 -> m7_do_clear 327617 568303 568305
254664 do_clear b84 -> m7_do_clear 332078 572581 572584
258196 do_clear b26 -> m7_do_clear 575957 576389 576392
277079 do_clear b95 -> m7_do_clear 595872 595877 595880
323620 do_clear b7 -> m7_do_clear 402041 564966 564968
324046 do_clear b34 -> m7_do_clear 564995 564998 565000
324533 do_clear b21 -> m7_do_clear 402578 565485 565487
324969 do_clear b85 -> m7_do_clear 403021 565931 565933
326325 do_clear b83 -> m7_do_clear 404005 566937 566941
327617 do_clear b87 -> m7_do_clear 405318 568296 568299
332078 do_clear b77 -> m7_do_clear 409449 572574 572577
402041 do_clear b44 -> m7_do_clear 564959 564962 564964
402578 do_clear b60 -> m7_do_clear 565076 565480 565483
403021 do_clear b29 -> m7_do_clear 482560 565924 565927
404005 do_clear b10 -> m7_do_clear 483553 566931 566934
405318 do_clear b82 -> m7_do_clear 567877 568290 568293
409449 do_clear b52 -> m7_do_clear 489079 572568 572572
482560 do_clear b69 -> m7_do_clear 565517 565526 565916
483553 do_clear b33 -> m7_do_clear 566521 566533 566923
489079 do_clear b70 -> m7_do_clear 572152 572161 572560
564959 do_clear b48 -> m6_do_clear 564960
564995 do_clear b50 -> m6_do_clear 564996
565022 do_on_table b3 -> m3_do_on_table 565023
565027 do_clear b88 -> m6_do_clear 565028
565043 do_clear b38 -> m6_do_clear 565044
565070 do_on_table b38 -> m3_do_on_table 565071
565076 do_clear b3 -> m6_do_clear 565077
565517 do_clear b78 -> m6_do_clear 565518
565971 do_clear b2 -> m6_do_clear 565972
566017 do_clear b67 -> m6_do_clear 566018
566058 do_on_table b67 -> m3_do_on_table 566059
566064 do_clear b35 -> m6_do_clear 566065
566521 do_clear b67 -> m6_do_clear 566522
566973 do_on_table b93 -> m3_do_on_table 566974
566983 do_clear b12 -> m6_do_clear 566984
567426 do_clear b73 -> m6_do_clear 567427
567867 do_on_table b73 -> m3_do_on_table 567868
567877 do_clear b43 -> m6_do_clear 567878
568329 do_clear b38 -> m6_do_clear 568330
568356 do_on_table b38 -> m3_do_on_table 568357
568368 do_clear b74 -> m6_do_clear 568369
568397 do_clear b57 -> m6_do_clear 568398
568434 do_on_table b57 -> m3_do_on_table 568435
568447 do_clear b92 -> m6_do_clear 568448
568892 do_clear b32 -> m6_do_clear 568893
569342 do_on_table b32 -> m3_do_on_table 569343
569354 do_clear b68 -> m6_do_clear 569355
569801 do_clear b25 -> m6_do_clear 569802
569809 do_on_table b25 -> m3_do_on_table 569810
569823 do_clear b71 -> m6_do_clear 569824
570285 do_clear b46 -> m6_do_clear 570286
570733 do_on_table b46 -> m3_do_on_table 570734
570749 do_clear b63 -> m6_do_clear 570750
571199 do_clear b12 -> m6_do_clear 571200
571645 do_on_table b12 -> m3_do_on_table 571646
571656 do_clear b76 -> m6_do_clear 571657
571676 do_clear b47 -> m6_do_clear 571677
572140 do_on_table b47 -> m3_do_on_table 572141
572152 do_clear b13 -> m6_do_clear 572153
572605 do_clear b93 -> m6_do_clear 572606
573067 do_clear b8 -> m6_do_clear 573068
573094 do_clear b75 -> m6_do_clear 573095
573544 do_on_table b75 -> m3_do_on_table 573545
573559 do_clear b13 -> m6_do_clear 573560
574012 do_clear b58 -> m6_do_clear 574013
574486 do_on_table b58 -> m3_do_on_table 574487
574497 do_clear b21 -> m6_do_clear 574498
574985 do_clear b37 -> m6_do_clear 574986
575437 do_on_table b37 -> m3_do_on_table 575438
575447 do_clear b28 -> m6_do_clear 575448
575929 do_clear b81 -> m6_do_clear 575930
575944 do_on_table b81 -> m3_do_on_table 575945
575957 do_clear b100 -> m6_do_clear 575958
576415 do_clear b71 -> m6_do_clear 576416
576887 do_on_table b71 -> m3_do_on_table 576888
576897 do_clear b31 -> m6_do_clear 576898
577356 do_clear b8 -> m6_do_clear 577357
577379 do_on_table b8 -> m3_do_on_table 577380
577391 do_clear b43 -> m6_do_clear 577392
577901 do_clear b28 -> m6_do_clear 577902
578384 do_on_table b28 -> m3_do_on_table 578385
578401 do_clear b53 -> m6_do_clear 578402
578887 do_clear b13 -> m6_do_clear 578888
579368 do_on_table b13 -> m3_do_on_table 579369
579384 do_clear b54 -> m6_do_clear 579385
579844 do_clear b31 -> m6_do_clear 579845
580307 do_on_table b31 -> m3_do_on_table 580308
580320 do_clear b60 -> m6_do_clear 580321
580815 do_clear b68 -> m6_do_clear 580816
581280 do_on_table b68 -> m3_do_on_table 581281
581290 do_clear b64 -> m6_do_clear 581291
581293 do_clear b21 -> m6_do_clear 581294
581784 do_on_table b21 -> m3_do_on_table 581785
581799 do_clear b70 -> m6_do_clear 581800
582294 do_clear b43 -> m6_do_clear 582295
582825 do_on_table b43 -> m3_do_on_table 582826
582837 do_clear b80 -> m6_do_clear 582838
582859 do_clear b54 -> m6_do_clear 582860
583337 do_on_table b54 -> m3_do_on_table 583338
583353 do_clear b87 -> m6_do_clear 583354
583878 do_clear b70 -> m6_do_clear 583879
584378 do_on_table b70 -> m3_do_on_table 584379
584391 do_clear b79 -> m6_do_clear 584392
584877 do_clear b80 -> m6_do_clear 584878
584892 do_on_table b80 -> m3_do_on_table 584893
584902 do_clear b89 -> m6_do_clear 584903
585400 do_clear b30 -> m6_do_clear 585401
585870 do_on_table b30 -> m3_do_on_table 585871
585881 do_clear b97 -> m6_do_clear 585882
586401 do_clear b98 -> m6_do_clear 586402
586883 do_on_table b98 -> m3_do_on_table 586884
586893 do_clear b5 -> m6_do_clear 586894
586902 do_clear b87 -> m6_do_clear 586903
587445 do_on_table b87 -> m3_do_on_table 587446
587458 do_clear b14 -> m6_do_clear 587459
587491 do_clear b53 -> m6_do_clear 587492
588008 do_on_table b53 -> m3_do_on_table 588009
588021 do_clear b22 -> m6_do_clear 588022
588509 do_clear b64 -> m6_do_clear 588510
588511 do_on_table b64 -> m3_do_on_table 588512
588527 do_clear b29 -> m6_do_clear 588528
589032 do_clear b5 -> m6_do_clear 589033
589041 do_on_table b5 -> m3_do_on_table 589042
589056 do_clear b39 -> m6_do_clear 589057
589557 do_clear b60 -> m6_do_clear 589558
590070 do_on_table b60 -> m3_do_on_table 590071
590081 do_clear b42 -> m6_do_clear 590082
590586 do_clear b14 -> m6_do_clear 590587
590613 do_on_table b14 -> m3_do_on_table 590614
590624 do_clear b51 -> m6_do_clear 590625
591106 do_clear b42 -> m6_do_clear 591107
591607 do_on_table b42 -> m3_do_on_table 591608
591620 do_clear b55 -> m6_do_clear 591621
592190 do_clear b97 -> m6_do_clear 592191
592715 do_on_table b97 -> m3_do_on_table 592716
592728 do_clear b63 -> m6_do_clear 592729
593237 do_clear b22 -> m6_do_clear 593238
593735 do_on_table b22 -> m3_do_on_table 593736
593749 do_clear b74 -> m6_do_clear 593750
594268 do_clear b96 -> m6_do_clear 594269
594776 do_on_table b96 -> m3_do_on_table 594777
594790 do_clear b77 -> m6_do_clear 594791
595347 do_clear b90 -> m6_do_clear 595348
595860 do_on_table b90 -> m3_do_on_table 595861
595872 do_clear b45 -> m6_do_clear 595873
595902 do_clear b29 -> m6_do_clear 595903
596430 do_on_table b29 -> m3_do_on_table 596431
596439 do_clear b4 -> m6_do_clear 596440
596461 do_clear b77 -> m6_do_clear 596462
597023 do_on_table b77 -> m3_do_on_table 597024
597040 do_clear b10 -> m6_do_clear 597041
597561 do_clear b39 -> m6_do_clear 597562
598081 do_on_table b39 -> m3_do_on_table 598082
598092 do_clear b11 -> m6_do_clear 598093
598611 do_clear b74 -> m6_do_clear 598612
599141 do_on_table b74 -> m3_do_on_table 599142
599152 do_clear b20 -> m6_do_clear 599153
599738 do_clear b55 -> m6_do_clear 599739
600327 do_on_table b55 -> m3_do_on_table 600328
600342 do_clear b27 -> m6_do_clear 600343
600885 do_clear b4 -> m6_do_clear 600886
600902 do_on_table b4 -> m3_do_on_table 600903
600918 do_clear b56 -> m6_do_clear 600919
601433 do_clear b63 -> m6_do_clear 601434
601964 do_on_table b63 -> m3_do_on_table 601965
601976 do_clear b79 -> m6_do_clear 601977
602559 do_clear b10 -> m6_do_clear 602560
603089 do_on_table b10 -> m3_do_on_table 603090
603103 do_clear b85 -> m6_do_clear 603104
603645 do_clear b27 -> m6_do_clear 603646
604202 do_on_table b27 -> m3_do_on_table 604203
604212 do_clear b2 -> m6_do_clear 604213
604218 do_clear b11 -> m6_do_clear 604219
604750 do_on_table b11 -> m3_do_on_table 604751
604766 do_clear b9 -> m6_do_clear 604767
605372 do_clear b2 -> m6_do_clear 605373
605374 do_on_table b2 -> m3_do_on_table 605375
605385 do_clear b23 -> m6_do_clear 605386
605939 do_clear b56 -> m6_do_clear 605940
606490 do_on_table b56 -> m3_do_on_table 606491
606508 do_clear b24 -> m6_do_clear 606509
607163 do_clear b79 -> m6_do_clear 607164
607770 do_on_table b79 -> m3_do_on_table 607771
607786 do_clear b26 -> m6_do_clear 607787
608367 do_clear b24 -> m6_do_clear 608368
609021 do_on_table b24 -> m3_do_on_table 609022
609036 do_clear b65 -> m6_do_clear 609037
609583 do_clear b85 -> m6_do_clear 609584
610138 do_on_table b85 -> m3_do_on_table 610139
610153 do_clear b66 -> m6_do_clear 610154
610746 do_clear b9 -> m6_do_clear 610747
611364 do_on_table b9 -> m3_do_on_table 611365
611379 do_clear b82 -> m6_do_clear 611380
612035 do_clear b23 -> m6_do_clear 612036
612620 do_on_table b23 -> m3_do_on_table 612621
612635 do_clear b94 -> m6_do_clear 612636
613219 do_clear b26 -> m6_do_clear 613220
613808 do_on_table b26 -> m3_do_on_table 613809
613825 do_clear b15 -> m6_do_clear 613826
614395 do_clear b65 -> m6_do_clear 614396
614943 do_on_table b65 -> m3_do_on_table 614944
614955 do_clear b16 -> m6_do_clear 614956
615502 do_clear b94 -> m6_do_clear 615503
616088 do_on_table b94 -> m3_do_on_table 616089
616106 do_clear b36 -> m6_do_clear 616107
616665 do_clear b15 -> m6_do_clear 616666
617231 do_on_table b15 -> m3_do_on_table 617232
617242 do_clear b45 -> m6_do_clear 617243
617250 do_clear b36 -> m6_do_clear 617251
617806 do_on_table b36 -> m3_do_on_table 617807
617817 do_clear b49 -> m6_do_clear 617818
618389 do_clear b82 -> m6_do_clear 618390
619047 do_on_table b82 -> m3_do_on_table 619048
619058 do_clear b52 -> m6_do_clear 619059
619723 do_clear b66 -> m6_do_clear 619724
620338 do_on_table b66 -> m3_do_on_table 620339
620349 do_clear b78 -> m6_do_clear 620350
620993 do_clear b16 -> m6_do_clear 620994
621540 do_on_table b16 -> m3_do_on_table 621541
621551 do_clear b84 -> m6_do_clear 621552
622200 do_clear b49 -> m6_do_clear 622201
622769 do_on_table b49 -> m3_do_on_table 622770
622781 do_clear b33 -> m6_do_clear 622782
623353 do_clear b52 -> m6_do_clear 623354
624022 do_on_table b52 -> m3_do_on_table 624023
624033 do_clear b50 -> m6_do_clear 624034
624038 do_clear b84 -> m6_do_clear 624039
624690 do_on_table b84 -> m3_do_on_table 624691
624701 do_clear b61 -> m6_do_clear 624702
625324 do_clear b78 -> m6_do_clear 625325
625973 do_on_table b78 -> m3_do_on_table 625974
625983 do_clear b92 -> m6_do_clear 625984
626697 do_clear b33 -> m6_do_clear 626698
627273 do_on_table b33 -> m3_do_on_table 627274
627283 do_clear b35 -> m6_do_clear 627284
627943 do_clear b61 -> m6_do_clear 627944
628572 do_on_table b61 -> m3_do_on_table 628573
628586 do_clear b41 -> m6_do_clear 628587
629205 do_clear b92 -> m6_do_clear 629206
629926 do_on_table b92 -> m3_do_on_table 629927
629937 do_clear b48 -> m6_do_clear 629938
629940 do_clear b35 -> m6_do_clear 629941
630606 do_on_table b35 -> m3_do_on_table 630607
630620 do_clear b59 -> m6_do_clear 630621
631303 do_clear b41 -> m6_do_clear 631304
631924 do_on_table b41 -> m3_do_on_table 631925
631939 do_clear b100 -> m6_do_clear 631940
632631 do_clear b48 -> m6_do_clear 632632
632634 do_on_table b48 -> m3_do_on_table 632635
632647 do_clear b18 -> m6_do_clear 632648
633287 do_clear b59 -> m6_do_clear 633288
633966 do_on_table b59 -> m3_do_on_table 633967
633983 do_clear b69 -> m6_do_clear 633984
634668 do_clear b18 -> m6_do_clear 634669
635309 do_on_table b18 -> m3_do_on_table 635310
635326 do_clear b86 -> m6_do_clear 635327
635955 do_clear b100 -> m6_do_clear 635956
636659 do_on_table b100 -> m3_do_on_table 636660
636670 do_clear b95 -> m6_do_clear 636671
636683 do_clear b86 -> m6_do_clear 636684
637316 do_on_table b86 -> m3_do_on_table 637317
637331 do_clear b19 -> m6_do_clear 637332
637986 do_clear b95 -> m6_do_clear 637987
637995 do_on_table b95 -> m3_do_on_table 637996
638009 do_clear b17 -> m6_do_clear 638010
638741 do_clear b19 -> m6_do_clear 638742
639398 do_on_table b19 -> m3_do_on_table 639399
639414 do_clear b72 -> m6_do_clear 639415
640117 do_clear b17 -> m6_do_clear 640118
640846 do_on_table b17 -> m3_do_on_table 640847
640862 do_clear b7 -> m6_do_clear 640863
641458 do_clear b72 -> m6_do_clear 641459
642161 do_on_table b72 -> m3_do_on_table 642162
642171 do_clear b89 -> m6_do_clear 642172
642832 do_clear b7 -> m6_do_clear 642833
643424 do_on_table b7 -> m3_do_on_table 643425
643437 do_clear b6 -> m6_do_clear 643438
644168 do_clear b89 -> m6_do_clear 644169
644839 do_on_table b89 -> m3_do_on_table 644840
644849 do_clear b40 -> m6_do_clear 644850
645537 do_clear b6 -> m6_do_clear 645538
646265 do_on_table b6 -> m3_do_on_table 646266
646279 do_clear b91 -> m6_do_clear 646280
646981 do_clear b40 -> m6_do_clear 646982
647669 do_on_table b40 -> m3_do_on_table 647670
647680 do_clear b76 -> m6_do_clear 647681
647685 do_clear b91 -> m6_do_clear 647686
648388 do_on_table b91 -> m3_do_on_table 648389
648398 do_clear b44 -> m6_do_clear 648399
649046 do_clear b76 -> m6_do_clear 649047
649048 do_on_table b76 -> m3_do_on_table 649049
649061 do_clear b62 -> m6_do_clear 649062
649678 do_clear b44 -> m6_do_clear 649679
650326 do_on_table b44 -> m3_do_on_table 650327
650343 do_clear b83 -> m6_do_clear 650344
651099 do_clear b62 -> m6_do_clear 651100
651715 do_on_table b62 -> m3_do_on_table 651716
651726 do_clear b88 -> m6_do_clear 651727
651733 do_clear b83 -> m6_do_clear 651734
652493 do_on_table b83 -> m3_do_on_table 652494
652503 do_clear b34 -> m6_do_clear 652504
652512 do_clear b88 -> m6_do_clear 652513
652515 do_on_table b88 -> m3_do_on_table 652516
<==
17.427 End of solution plan. (counted length of 629)
17.427 Total amount of clauses encoded: 2478421
17.427 - directframeaxioms : 2151100 cls
17.428 - reductionconstraints : 83169 cls
17.428 - qfactsemantics : 62708 cls
17.428 - indirectframeaxioms : 38653 cls
17.428 - expansions : 36728 cls
17.428 - predecessors : 31483 cls
17.428 - atmostoneelement : 30555 cls
17.428 - substitutionconstraints : 13359 cls
17.428 - actionconstraints : 13073 cls
17.428 - actioneffects : 12439 cls
17.428 - qconstequality : 4512 cls
17.428 - truefacts : 483 cls
17.428 - forbiddenoperations : 157 cls
17.428 - axiomaticops : 2 cls
17.428 # instantiated positions: 13988
17.428 # instantiated actions: 29822
17.428 # instantiated reductions: 1662
17.428 # introduced pseudo-constants: 857
17.428 # retroactive prunings: 13
17.428 # retroactively pruned operations: 157
17.428 # dominated operations: 33
17.428 # total invalid rigid preconditions found in getPFC: 0
17.428 # invalid rigid preconditions found in getPFC: 0
17.428 # invalid rigid preconditions found in getPFC in varrestrictions: 0
17.428 # total invalid fluent preconditions found in getPFC: 0
17.428 # invalid fluent preconditions found in getPFC: 0
17.428 # invalid fluent preconditions found in getPFC in varrestrictions: 0
17.428 # invalid fluent preconditions found in getPFC via postconditions: 0
17.428 # invalid operations found in getPFC via subtasks: 0
17.428 # invalid operations found in getPFC via postconditions: 0
17.428 # number effects in operation fact_frames: 1571
17.428 # number of variables restricted: 0
17.428 # number of nodes variables restricted: 0
17.428 Exiting happily.

RUNWATCH_RESULT EXIT RETVAL 0 TIME_SECS 17.543 MEMPEAK_KBS 1354212
