    _           _         _
   \ |         \ |       | |                       
   | |     __  | |      _| |______                
   | |     \/  | |     /_   ______\                
   | |      _  | |   __  | |  ___   ___   ___       
   | |___  | | | |  / .\ | | / , | |   \ / ·_\    
   \_____\ |_| |__\ \__/ |_| \___) |_|_| \___\  
[39mL i l o t a n e  version rls-glucose4
by Dominik Schreiber <dominik.schreiber@kit.edu> 2020-2021
using SAT solver glucose4

0.005 Parser finished.
0.005 Structures extracted.
0.005 20 operators and 16 methods created.
0.014 Mined 11 new reduction preconditions (+27.5%).
0.014 Iteration 0.
0.014 Creating initial layer of size 2
0.024 Attempting to solve formula with 29 clauses (42 literals) and 1 assumptions
0.024 Unsolvable at layer 0 -- expanding.
0.024 Iteration 1.
0.024 New layer size: 7
0.024 Instantiating ...
0.105 Collected 140 relevant facts at this layer
0.105 Encoding ...
0.107 Attempting to solve formula with 4305 clauses (11559 literals) and 6 assumptions
0.107 Unsolvable at layer 1 -- expanding.
0.107 Iteration 2.
0.107 New layer size: 13
0.107 Instantiating ...
0.263 Collected 200 relevant facts at this layer
0.263 Encoding ...
0.271 Attempting to solve formula with 15347 clauses (44204 literals) and 6 assumptions
0.271 Unsolvable at layer 2 -- expanding.
0.271 Iteration 3.
0.271 New layer size: 31
0.271 Instantiating ...
0.518 Collected 206 relevant facts at this layer
0.518 Encoding ...
0.542 Attempting to solve formula with 40394 clauses (122029 literals) and 12 assumptions
0.543 Unsolvable at layer 3 -- expanding.
0.543 Iteration 4.
0.543 New layer size: 55
0.543 Instantiating ...
0.946 Collected 206 relevant facts at this layer
0.946 Encoding ...
0.986 Attempting to solve formula with 78361 clauses (238408 literals) and 18 assumptions
0.988 Unsolvable at layer 4 -- expanding.
0.988 Iteration 5.
0.988 New layer size: 97
0.988 Instantiating ...
1.647 Collected 206 relevant facts at this layer
1.647 Encoding ...
1.722 Attempting to solve formula with 142618 clauses (436534 literals) and 30 assumptions
1.725 Unsolvable at layer 5 -- expanding.
1.725 Iteration 6.
1.725 New layer size: 163
1.725 Instantiating ...
2.795 Collected 206 relevant facts at this layer
2.795 Encoding ...
2.932 Attempting to solve formula with 245882 clauses (754290 literals) and 48 assumptions
2.943 Unsolvable at layer 6 -- expanding.
2.943 Iteration 7.
2.943 New layer size: 271
2.943 Instantiating ...
4.657 Collected 206 relevant facts at this layer
4.657 Encoding ...
4.852 Attempting to solve formula with 414402 clauses (1273293 literals) and 78 assumptions
4.870 Unsolvable at layer 7 -- expanding.
4.870 Iteration 8.
4.870 New layer size: 445
4.870 Instantiating ...
7.716 Collected 206 relevant facts at this layer
7.716 Encoding ...
8.155 Attempting to solve formula with 687184 clauses (2113170 literals) and 126 assumptions
8.220 Unsolvable at layer 8 -- expanding.
8.220 Iteration 9.
8.221 New layer size: 727
8.221 Instantiating ...
12.838 Collected 206 relevant facts at this layer
12.838 Encoding ...
13.498 Attempting to solve formula with 1129484 clauses (3475168 literals) and 204 assumptions
13.640 Unsolvable at layer 9 -- expanding.
13.640 Iteration 10.
13.640 New layer size: 1183
13.640 Instantiating ...
21.020 Collected 206 relevant facts at this layer
21.021 Encoding ...
22.160 Attempting to solve formula with 1845564 clauses (5680161 literals) and 330 assumptions
22.483 Unsolvable at layer 10 -- expanding.
22.483 Iteration 11.
22.483 New layer size: 1921
22.483 Instantiating ...
34.398 Collected 206 relevant facts at this layer
34.398 Encoding ...
36.088 Attempting to solve formula with 3004942 clauses (9250270 literals) and 534 assumptions
37.428 Unsolvable at layer 11 -- expanding.
37.428 Iteration 12.
37.428 New layer size: 3115
37.428 Instantiating ...
56.884 Collected 206 relevant facts at this layer
56.884 Encoding ...
59.496 Attempting to solve formula with 4881398 clauses (15028490 literals) and 864 assumptions
61.836 Unsolvable at layer 12 -- expanding.
61.836 Iteration 13.
61.840 New layer size: 5047
61.840 Instantiating ...
93.601 Collected 206 relevant facts at this layer
93.602 Encoding ...
97.964 Attempting to solve formula with 7918230 clauses (24379937 literals) and 1398 assumptions
103.243 Unsolvable at layer 13 -- expanding.
103.243 Iteration 14.
103.251 New layer size: 8173
103.251 Instantiating ...
154.941 Collected 206 relevant facts at this layer
154.941 Encoding ...
162.413 Attempting to solve formula with 12832516 clauses (39512722 literals) and 2262 assumptions
175.470 Unsolvable at layer 14 -- expanding.
175.470 Iteration 15.
175.483 New layer size: 13231
175.483 Instantiating ...
259.378 Collected 206 relevant facts at this layer
259.378 Encoding ...
272.279 Attempting to solve formula with 20784632 clauses (64000072 literals) and 3660 assumptions
298.937 Unsolvable at layer 15 -- expanding.
298.937 Iteration 16.
298.945 New layer size: 21415
298.945 Instantiating ...
434.487 Collected 206 relevant facts at this layer
434.487 Encoding ...
456.726 Attempting to solve formula with 33652032 clauses (103623325 literals) and 5922 assumptions
502.029 Unsolvable at layer 16 -- expanding.
502.029 Iteration 17.
502.053 New layer size: 34657
502.053 Instantiating ...
698.998 Termination signal caught.
698.998 Total amount of clauses encoded: 33652032
698.998 - directframeaxioms : 10548292 cls
698.998 - reductionconstraints : 7290611 cls
698.998 - qfactsemantics : 6761569 cls
698.998 - indirectframeaxioms : 5588787 cls
698.998 - atmostoneelement : 1040105 cls
698.998 - actionconstraints : 676398 cls
698.998 - qconstequality : 464972 cls
698.998 - expansions : 401794 cls
698.998 - substitutionconstraints : 349851 cls
698.998 - predecessors : 339026 cls
698.998 - actioneffects : 190419 cls
698.998 - truefacts : 206 cls
698.998 - axiomaticops : 2 cls
698.998 # instantiated positions: 85891
698.998 # instantiated actions: 357932
698.998 # instantiated reductions: 163050
698.998 # introduced pseudo-constants: 77293
698.998 # retroactive prunings: 0
698.998 # retroactively pruned operations: 0
698.998 # dominated operations: 13
698.998 # total invalid rigid preconditions found in getPFC: 0
698.998 # invalid rigid preconditions found in getPFC: 0
698.998 # invalid rigid preconditions found in getPFC in varrestrictions: 0
698.998 # total invalid fluent preconditions found in getPFC: 15
698.998 # invalid fluent preconditions found in getPFC: 5
698.998 # invalid fluent preconditions found in getPFC in varrestrictions: 10
698.998 # invalid fluent preconditions found in getPFC via postconditions: 0
698.998 # invalid subtasks found in getPFC: 0
698.998 # number effects in operation fact_frames: 234
698.998 Exiting happily.

RUNWATCH_RESULT MEMOUT RETVAL 0 TIME_SECS 700.034 MEMPEAK_KBS 16001756
