    _           _         _
   \ |         \ |       | |                       
   | |     __  | |      _| |______                
   | |     \/  | |     /_   ______\                
   | |      _  | |   __  | |  ___   ___   ___       
   | |___  | | | |  / .\ | | / , | |   \ / ·_\    
   \_____\ |_| |__\ \__/ |_| \___) |_|_| \___\  
[39mL i l o t a n e  version rls-glucose4
by Dominik Schreiber <dominik.schreiber@kit.edu> 2020-2021
using SAT solver glucose4

0.005 Parser finished.
0.005 Structures extracted.
0.006 20 operators and 16 methods created.
0.041 Mined 11 new reduction preconditions (+22.0%).
0.041 Iteration 0.
0.041 Creating initial layer of size 2
1.437 Attempting to solve formula with 53 clauses (78 literals) and 1 assumptions
1.437 Unsolvable at layer 0 -- expanding.
1.437 Iteration 1.
1.437 New layer size: 5
1.437 Instantiating ...
2.111 Collected 480 relevant facts at this layer
2.112 Encoding ...
2.117 Attempting to solve formula with 9464 clauses (24617 literals) and 4 assumptions
2.117 Unsolvable at layer 1 -- expanding.
2.117 Iteration 2.
2.117 New layer size: 9
2.117 Instantiating ...
4.336 Collected 550 relevant facts at this layer
4.336 Encoding ...
4.352 Attempting to solve formula with 32488 clauses (91951 literals) and 4 assumptions
4.352 Unsolvable at layer 2 -- expanding.
4.352 Iteration 3.
4.352 New layer size: 21
4.352 Instantiating ...
7.137 Collected 564 relevant facts at this layer
7.137 Encoding ...
7.182 Attempting to solve formula with 81728 clauses (241688 literals) and 8 assumptions
7.187 Unsolvable at layer 3 -- expanding.
7.187 Iteration 4.
7.187 New layer size: 37
7.187 Instantiating ...
11.195 Collected 564 relevant facts at this layer
11.195 Encoding ...
11.284 Attempting to solve formula with 159701 clauses (477584 literals) and 12 assumptions
11.289 Unsolvable at layer 4 -- expanding.
11.289 Iteration 5.
11.289 New layer size: 65
11.289 Instantiating ...
17.201 Collected 564 relevant facts at this layer
17.201 Encoding ...
17.364 Attempting to solve formula with 290808 clauses (876747 literals) and 20 assumptions
17.369 Unsolvable at layer 5 -- expanding.
17.369 Iteration 6.
17.369 New layer size: 109
17.369 Instantiating ...
26.413 Collected 564 relevant facts at this layer
26.413 Encoding ...
26.694 Attempting to solve formula with 503008 clauses (1522715 literals) and 32 assumptions
26.706 Unsolvable at layer 6 -- expanding.
26.706 Iteration 7.
26.706 New layer size: 181
26.706 Instantiating ...
40.790 Collected 564 relevant facts at this layer
40.790 Encoding ...
41.200 Attempting to solve formula with 849352 clauses (2578493 literals) and 52 assumptions
41.247 Unsolvable at layer 7 -- expanding.
41.247 Iteration 8.
41.247 New layer size: 297
41.247 Instantiating ...
63.613 Collected 564 relevant facts at this layer
63.613 Encoding ...
64.312 Attempting to solve formula with 1410932 clauses (4290883 literals) and 84 assumptions
64.471 Unsolvable at layer 8 -- expanding.
64.471 Iteration 9.
64.471 New layer size: 485
64.471 Instantiating ...
100.172 Collected 564 relevant facts at this layer
100.172 Encoding ...
101.331 Attempting to solve formula with 2321892 clauses (7069695 literals) and 136 assumptions
101.586 Unsolvable at layer 9 -- expanding.
101.586 Iteration 10.
101.586 New layer size: 789
101.586 Instantiating ...
158.890 Collected 564 relevant facts at this layer
158.890 Encoding ...
160.686 Attempting to solve formula with 3797468 clauses (11571541 literals) and 220 assumptions
161.250 Unsolvable at layer 10 -- expanding.
161.250 Iteration 11.
161.250 New layer size: 1281
161.250 Instantiating ...
253.764 Collected 564 relevant facts at this layer
253.764 Encoding ...
256.730 Attempting to solve formula with 6187040 clauses (18862843 literals) and 356 assumptions
258.345 Unsolvable at layer 11 -- expanding.
258.345 Iteration 12.
258.345 New layer size: 2077
258.345 Instantiating ...
407.714 Collected 564 relevant facts at this layer
407.714 Encoding ...
412.978 Attempting to solve formula with 10055224 clauses (30666635 literals) and 576 assumptions
416.783 Unsolvable at layer 12 -- expanding.
416.783 Iteration 13.
416.786 New layer size: 3365
416.786 Instantiating ...
657.965 Collected 564 relevant facts at this layer
657.965 Encoding ...
666.486 Attempting to solve formula with 16316016 clauses (49772373 literals) and 932 assumptions
674.604 Unsolvable at layer 13 -- expanding.
674.604 Iteration 14.
674.605 New layer size: 5449
674.605 Instantiating ...
1068.596 Collected 564 relevant facts at this layer
1068.596 Encoding ...
1084.139 Attempting to solve formula with 26448028 clauses (80692547 literals) and 1508 assumptions
1099.513 Unsolvable at layer 14 -- expanding.
1099.513 Iteration 15.
1099.515 New layer size: 8821
1099.515 Instantiating ...
1753.983 Collected 564 relevant facts at this layer
1753.983 Encoding ...
1780.401 Attempting to solve formula with 42843868 clauses (130729103 literals) and 2440 assumptions
1800.414 Termination signal caught.
1800.414 Total amount of clauses encoded: 42843868
1800.414 - directframeaxioms : 13229898 cls
1800.414 - reductionconstraints : 11831251 cls
1800.414 - qfactsemantics : 8673712 cls
1800.414 - indirectframeaxioms : 6811818 cls
1800.414 - actionconstraints : 824295 cls
1800.414 - atmostoneelement : 427839 cls
1800.414 - qconstequality : 383256 cls
1800.414 - substitutionconstraints : 278121 cls
1800.414 - expansions : 165263 cls
1800.414 - predecessors : 139430 cls
1800.414 - actioneffects : 78419 cls
1800.414 - truefacts : 564 cls
1800.414 - axiomaticops : 2 cls
1800.414 # instantiated positions: 22992
1800.414 # instantiated actions: 95682
1800.414 # instantiated reductions: 43749
1800.414 # introduced pseudo-constants: 20400
1800.414 # retroactive prunings: 0
1800.414 # retroactively pruned operations: 0
1800.414 # dominated operations: 11
1800.414 # total invalid rigid preconditions found in getPFC: 0
1800.414 # invalid rigid preconditions found in getPFC: 0
1800.414 # invalid rigid preconditions found in getPFC in varrestrictions: 0
1800.414 # total invalid fluent preconditions found in getPFC: 69
1800.414 # invalid fluent preconditions found in getPFC: 65
1800.414 # invalid fluent preconditions found in getPFC in varrestrictions: 4
1800.414 # invalid fluent preconditions found in getPFC via postconditions: 0
1800.414 # invalid subtasks found in getPFC: 0
1800.414 # number effects in operation fact_frames: 230
1800.414 # number of variables restricted: 58989958
1800.414 Exiting happily.

RUNWATCH_RESULT TIMEOUT RETVAL 0 TIME_SECS 1801.16 MEMPEAK_KBS 10182560
