    _           _         _
   \ |         \ |       | |                       
   | |     __  | |      _| |______                
   | |     \/  | |     /_   ______\                
   | |      _  | |   __  | |  ___   ___   ___       
   | |___  | | | |  / .\ | | / , | |   \ / ·_\    
   \_____\ |_| |__\ \__/ |_| \___) |_|_| \___\  
[39mL i l o t a n e  version rls-glucose4
by Dominik Schreiber <dominik.schreiber@kit.edu> 2020-2021
using SAT solver glucose4

0.005 Parser finished.
0.005 Structures extracted.
0.005 20 operators and 16 methods created.
0.036 Mined 11 new reduction preconditions (+24.4%).
0.036 Iteration 0.
0.036 Creating initial layer of size 2
0.245 Attempting to solve formula with 37 clauses (54 literals) and 1 assumptions
0.245 Unsolvable at layer 0 -- expanding.
0.245 Iteration 1.
0.245 New layer size: 5
0.245 Instantiating ...
0.730 Collected 285 relevant facts at this layer
0.730 Encoding ...
0.733 Attempting to solve formula with 5541 clauses (14539 literals) and 4 assumptions
0.733 Unsolvable at layer 1 -- expanding.
0.733 Iteration 2.
0.733 New layer size: 9
0.733 Instantiating ...
1.852 Collected 337 relevant facts at this layer
1.852 Encoding ...
1.863 Attempting to solve formula with 19220 clauses (54741 literals) and 4 assumptions
1.863 Unsolvable at layer 2 -- expanding.
1.863 Iteration 3.
1.863 New layer size: 21
1.863 Instantiating ...
3.609 Collected 349 relevant facts at this layer
3.609 Encoding ...
3.637 Attempting to solve formula with 49298 clauses (146784 literals) and 8 assumptions
3.638 Unsolvable at layer 3 -- expanding.
3.638 Iteration 4.
3.638 New layer size: 37
3.638 Instantiating ...
6.584 Collected 349 relevant facts at this layer
6.584 Encoding ...
6.642 Attempting to solve formula with 96514 clauses (290289 literals) and 12 assumptions
6.643 Unsolvable at layer 4 -- expanding.
6.643 Iteration 5.
6.643 New layer size: 65
6.643 Instantiating ...
11.121 Collected 349 relevant facts at this layer
11.121 Encoding ...
11.218 Attempting to solve formula with 175992 clauses (533407 literals) and 20 assumptions
11.220 Unsolvable at layer 5 -- expanding.
11.220 Iteration 6.
11.220 New layer size: 109
11.220 Instantiating ...
18.302 Collected 349 relevant facts at this layer
18.302 Encoding ...
18.470 Attempting to solve formula with 304467 clauses (926190 literals) and 32 assumptions
18.480 Unsolvable at layer 6 -- expanding.
18.480 Iteration 7.
18.480 New layer size: 181
18.480 Instantiating ...
29.646 Collected 349 relevant facts at this layer
29.646 Encoding ...
29.921 Attempting to solve formula with 514190 clauses (1568177 literals) and 52 assumptions
29.926 Unsolvable at layer 7 -- expanding.
29.926 Iteration 8.
29.926 New layer size: 297
29.926 Instantiating ...
47.730 Collected 349 relevant facts at this layer
47.730 Encoding ...
48.182 Attempting to solve formula with 854157 clauses (2609030 literals) and 84 assumptions
48.195 Unsolvable at layer 8 -- expanding.
48.195 Iteration 9.
48.195 New layer size: 485
48.195 Instantiating ...
76.919 Collected 349 relevant facts at this layer
76.919 Encoding ...
77.571 Attempting to solve formula with 1405616 clauses (4297953 literals) and 136 assumptions
77.592 Unsolvable at layer 9 -- expanding.
77.592 Iteration 10.
77.592 New layer size: 789
77.592 Instantiating ...
123.627 Collected 349 relevant facts at this layer
123.627 Encoding ...
124.691 Attempting to solve formula with 2298811 clauses (7033812 literals) and 220 assumptions
124.735 Unsolvable at layer 10 -- expanding.
124.735 Iteration 11.
124.736 New layer size: 1281
124.736 Instantiating ...
198.842 Collected 349 relevant facts at this layer
198.842 Encoding ...
200.539 Attempting to solve formula with 3745234 clauses (11464677 literals) and 356 assumptions
200.646 Unsolvable at layer 11 -- expanding.
200.646 Iteration 12.
200.648 New layer size: 2077
200.648 Instantiating ...
321.446 Collected 349 relevant facts at this layer
321.446 Encoding ...
324.322 Attempting to solve formula with 6086621 clauses (18637484 literals) and 576 assumptions
324.765 Unsolvable at layer 12 -- expanding.
324.765 Iteration 13.
324.766 New layer size: 3365
324.766 Instantiating ...
520.046 Collected 349 relevant facts at this layer
520.046 Encoding ...
525.075 Attempting to solve formula with 9876200 clauses (30247239 literals) and 932 assumptions
525.746 Unsolvable at layer 13 -- expanding.
525.746 Iteration 14.
525.751 New layer size: 5449
525.751 Instantiating ...
842.895 Collected 349 relevant facts at this layer
842.895 Encoding ...
851.333 Attempting to solve formula with 16008935 clauses (49035884 literals) and 1508 assumptions
853.045 Unsolvable at layer 14 -- expanding.
853.045 Iteration 15.
853.053 New layer size: 8821
853.053 Instantiating ...
1343.086 Collected 349 relevant facts at this layer
1343.086 Encoding ...
1356.047 Attempting to solve formula with 25933018 clauses (79440367 literals) and 2440 assumptions
1359.492 Unsolvable at layer 15 -- expanding.
1359.492 Iteration 16.
1359.504 New layer size: 14277
1359.504 Instantiating ...
1801.093 Termination signal caught.
1801.093 Total amount of clauses encoded: 25933018
1801.093 - directframeaxioms : 8025116 cls
1801.093 - reductionconstraints : 6661696 cls
1801.093 - qfactsemantics : 5251182 cls
1801.093 - indirectframeaxioms : 4162456 cls
1801.093 - actionconstraints : 489885 cls
1801.093 - atmostoneelement : 427625 cls
1801.093 - qconstequality : 287062 cls
1801.093 - substitutionconstraints : 244623 cls
1801.093 - expansions : 165218 cls
1801.093 - predecessors : 139391 cls
1801.093 - actioneffects : 78413 cls
1801.093 - truefacts : 349 cls
1801.093 - axiomaticops : 2 cls
1801.093 # instantiated positions: 30596
1801.093 # instantiated actions: 127379
1801.093 # instantiated reductions: 58151
1801.093 # introduced pseudo-constants: 26739
1801.093 # retroactive prunings: 0
1801.093 # retroactively pruned operations: 0
1801.093 # dominated operations: 2
1801.093 # total invalid rigid preconditions found in getPFC: 0
1801.093 # invalid rigid preconditions found in getPFC: 0
1801.093 # invalid rigid preconditions found in getPFC in varrestrictions: 0
1801.093 # total invalid fluent preconditions found in getPFC: 172
1801.093 # invalid fluent preconditions found in getPFC: 156
1801.093 # invalid fluent preconditions found in getPFC in varrestrictions: 16
1801.093 # invalid fluent preconditions found in getPFC via postconditions: 0
1801.093 # invalid subtasks found in getPFC: 0
1801.093 # number effects in operation fact_frames: 230
1801.093 # number of variables restricted: 64907677
1801.093 Exiting happily.

RUNWATCH_RESULT TIMEOUT RETVAL 0 TIME_SECS 1801.57 MEMPEAK_KBS 7680860
