    _           _         _
   \ |         \ |       | |                       
   | |     __  | |      _| |______                
   | |     \/  | |     /_   ______\                
   | |      _  | |   __  | |  ___   ___   ___       
   | |___  | | | |  / .\ | | / , | |   \ / ·_\    
   \_____\ |_| |__\ \__/ |_| \___) |_|_| \___\  
[39mL i l o t a n e  version rls-glucose4
by Dominik Schreiber <dominik.schreiber@kit.edu> 2020-2021
using SAT solver glucose4

0.005 Parser finished.
0.005 Structures extracted.
0.005 8 operators and 6 methods created.
0.013 Mined 7 new reduction preconditions (+15.2%).
0.013 Iteration 0.
0.013 Creating initial layer of size 2
0.048 Attempting to solve formula with 3 clauses (3 literals) and 1 assumptions
0.048 Unsolvable at layer 0 -- expanding.
0.048 Iteration 1.
0.048 New layer size: 2
0.048 Instantiating ...
0.086 Collected 0 relevant facts at this layer
0.086 Encoding ...
0.087 Attempting to solve formula with 1272 clauses (2796 literals) and 1 assumptions
0.087 Unsolvable at layer 1 -- expanding.
0.087 Iteration 2.
0.087 New layer size: 4
0.087 Instantiating ...
0.156 Collected 155 relevant facts at this layer
0.156 Encoding ...
0.159 Attempting to solve formula with 6796 clauses (16165 literals) and 2 assumptions
0.159 Unsolvable at layer 2 -- expanding.
0.159 Iteration 3.
0.159 New layer size: 7
0.159 Instantiating ...
0.296 Collected 1334 relevant facts at this layer
0.296 Encoding ...
0.310 Attempting to solve formula with 25961 clauses (67476 literals) and 3 assumptions
0.311 Unsolvable at layer 3 -- expanding.
0.311 Iteration 4.
0.311 New layer size: 11
0.311 Instantiating ...
0.497 Collected 1334 relevant facts at this layer
0.497 Encoding ...
0.518 Attempting to solve formula with 54760 clauses (152155 literals) and 4 assumptions
0.519 Unsolvable at layer 4 -- expanding.
0.519 Iteration 5.
0.519 New layer size: 16
0.519 Instantiating ...
0.761 Collected 1334 relevant facts at this layer
0.761 Encoding ...
0.795 Attempting to solve formula with 93491 clauses (268755 literals) and 5 assumptions
0.795 Unsolvable at layer 5 -- expanding.
0.795 Iteration 6.
0.795 New layer size: 22
0.795 Instantiating ...
1.094 Collected 1334 relevant facts at this layer
1.094 Encoding ...
1.141 Attempting to solve formula with 141627 clauses (414860 literals) and 6 assumptions
1.150 Unsolvable at layer 6 -- expanding.
1.150 Iteration 7.
1.150 New layer size: 29
1.150 Instantiating ...
1.512 Collected 1334 relevant facts at this layer
1.512 Encoding ...
1.575 Attempting to solve formula with 199085 clauses (590146 literals) and 7 assumptions
1.577 Unsolvable at layer 7 -- expanding.
1.577 Iteration 8.
1.577 New layer size: 37
1.577 Instantiating ...
2.014 Collected 1334 relevant facts at this layer
2.014 Encoding ...
2.108 Attempting to solve formula with 265913 clauses (794805 literals) and 8 assumptions
c last restart ## conflicts  :  385 1720 
2.152 Found a solution at layer 8.
==>
18261 move-long viper px5y4 px6y4 px5y3 px5y2
18265 move-long viper px4y4 px5y4 px6y3 px5y3
18267 move-long viper px4y3 px4y4 px6y4 px6y3
18272 move-long viper px4y2 px4y3 px5y4 px6y4
18276 move-long viper px5y2 px4y2 px4y4 px5y4
18280 move-long viper px5y1 px5y2 px4y3 px4y4
18634 strike viper px5y1 px5y0
18638 move-long viper px4y0 px5y0 px4y2 px4y3
18641 move-long viper px3y0 px4y0 px5y2 px4y2
18646 move-long viper px2y0 px3y0 px5y1 px5y2
18649 move-long viper px1y0 px2y0 px5y0 px5y1
19008 strike viper px1y0 px0y0
19011 move-long viper px0y1 px0y0 px4y0 px5y0
19015 move-long viper px0y2 px0y1 px3y0 px4y0
19020 move-long viper px0y3 px0y2 px2y0 px3y0
19023 move-long viper px1y3 px0y3 px1y0 px2y0
19378 strike viper px1y3 px1y2
19382 move-long viper px1y1 px1y2 px0y0 px1y0
19384 move-long viper px1y0 px1y1 px0y1 px0y0
19389 move-long viper px2y0 px1y0 px0y2 px0y1
19744 strike viper px2y0 px2y1
root 5
5 hunt -> hunt_all 79 18634 496
79 move viper px6y4 px5y1 -> move-long-snake 18261 2106
496 hunt -> hunt_all 3424 19008 4872
2106 move viper px5y4 px5y1 -> move-long-snake 18265 6333
3424 move viper px5y0 px1y0 -> move-long-snake 18638 6675
4872 hunt -> hunt_all 7030 19378 8478
6333 move viper px4y4 px5y1 -> move-long-snake 18267 8764
6675 move viper px4y0 px1y0 -> move-long-snake 18641 9104
7030 move viper px0y0 px1y3 -> move-long-snake 19011 9461
8478 hunt -> hunt_all 9816 19744 11264
8764 move viper px4y3 px5y1 -> move-long-snake 18272 11553
9104 move viper px3y0 px1y0 -> move-long-snake 18646 11916
9461 move viper px0y1 px1y3 -> move-long-snake 19015 12277
9816 move viper px1y2 px2y0 -> move-long-snake 19382 12636
11264 hunt -> hunt_done
11553 move viper px4y2 px5y1 -> move-long-snake 18276 14730
11916 move viper px2y0 px1y0 -> move-long-snake 18649 15099
12277 move viper px0y2 px1y3 -> move-long-snake 19020 15467
12636 move viper px1y1 px2y0 -> move-long-snake 19384 15829
14730 move viper px5y2 px5y1 -> move-long-snake 18280 18285
15099 move viper px1y0 px1y0 -> move-base
15467 move viper px0y3 px1y3 -> move-long-snake 19023 19030
15829 move viper px1y0 px2y0 -> move-long-snake 19389 19395
18285 move viper px5y1 px5y1 -> move-base
19030 move viper px1y3 px1y3 -> move-base
19395 move viper px2y0 px2y0 -> move-base
<==
2.155 End of solution plan. (counted length of 21)
2.155 Total amount of clauses encoded: 265913
2.155 - directframeaxioms : 99396 cls
2.155 - reductionconstraints : 80160 cls
2.155 - qfactsemantics : 40496 cls
2.155 - indirectframeaxioms : 18910 cls
2.155 - substitutionconstraints : 12302 cls
2.155 - qconstequality : 11550 cls
2.155 - truefacts : 1334 cls
2.155 - atmostoneelement : 439 cls
2.155 - expansions : 385 cls
2.155 - predecessors : 375 cls
2.155 - actioneffects : 337 cls
2.155 - actionconstraints : 227 cls
2.155 - axiomaticops : 2 cls
2.155 # instantiated positions: 129
2.155 # instantiated actions: 277
2.155 # instantiated reductions: 99
2.155 # introduced pseudo-constants: 107
2.155 # retroactive prunings: 0
2.155 # retroactively pruned operations: 0
2.155 # dominated operations: 0
2.155 # total invalid rigid preconditions found in getPFC: 0
2.155 # invalid rigid preconditions found in getPFC: 0
2.155 # invalid rigid preconditions found in getPFC in varrestrictions: 0
2.155 # total invalid fluent preconditions found in getPFC: 2
2.155 # invalid fluent preconditions found in getPFC: 2
2.155 # invalid fluent preconditions found in getPFC in varrestrictions: 0
2.155 # invalid fluent preconditions found in getPFC via postconditions: 0
2.155 # invalid subtasks found in getPFC: 0
2.155 # number effects in operation fact_frames: 106
2.155 # number of variables restricted: 16088
2.155 Exiting happily.

RUNWATCH_RESULT EXIT RETVAL 0 TIME_SECS 2.16602 MEMPEAK_KBS 71408
