    _           _         _
   \ |         \ |       | |                       
   | |     __  | |      _| |______                
   | |     \/  | |     /_   ______\                
   | |      _  | |   __  | |  ___   ___   ___       
   | |___  | | | |  / .\ | | / , | |   \ / ·_\    
   \_____\ |_| |__\ \__/ |_| \___) |_|_| \___\  
[39mL i l o t a n e  version rls-glucose4
by Dominik Schreiber <dominik.schreiber@kit.edu> 2020-2021
using SAT solver glucose4

0.012 Parser finished.
0.012 Structures extracted.
0.013 54 operators and 26 methods created.
0.025 Mined 7 new reduction preconditions (+18.9%).
0.025 Iteration 0.
0.025 Creating initial layer of size 2
0.027 Attempting to solve formula with 3 clauses (3 literals) and 1 assumptions
0.027 Unsolvable at layer 0 -- expanding.
0.027 Iteration 1.
0.027 New layer size: 22
0.027 Instantiating ...
0.038 Collected 0 relevant facts at this layer
0.038 Encoding ...
0.039 Attempting to solve formula with 68 clauses (112 literals) and 21 assumptions
0.039 Unsolvable at layer 1 -- expanding.
0.039 Iteration 2.
0.039 New layer size: 43
0.039 Instantiating ...
0.049 Collected 21 relevant facts at this layer
0.049 Encoding ...
0.050 Attempting to solve formula with 259 clauses (473 literals) and 21 assumptions
0.050 Unsolvable at layer 2 -- expanding.
0.050 Iteration 3.
0.050 New layer size: 64
0.050 Instantiating ...
0.060 Collected 42 relevant facts at this layer
0.060 Encoding ...
0.062 Attempting to solve formula with 471 clauses (855 literals) and 21 assumptions
0.062 Unsolvable at layer 3 -- expanding.
0.062 Iteration 4.
0.062 New layer size: 169
0.062 Instantiating ...
0.332 Collected 122 relevant facts at this layer
0.332 Encoding ...
0.342 Attempting to solve formula with 2212 clauses (5181 literals) and 42 assumptions
0.342 Unsolvable at layer 4 -- expanding.
0.342 Iteration 5.
0.343 New layer size: 211
0.343 Instantiating ...
0.757 Collected 154 relevant facts at this layer
0.757 Encoding ...
0.805 Attempting to solve formula with 99962 clauses (243852 literals) and 42 assumptions
0.806 Unsolvable at layer 5 -- expanding.
0.806 Iteration 6.
0.806 New layer size: 253
0.806 Instantiating ...
1.425 Collected 154 relevant facts at this layer
1.425 Encoding ...
1.507 Attempting to solve formula with 235084 clauses (612202 literals) and 42 assumptions
1.507 Unsolvable at layer 6 -- expanding.
1.507 Iteration 7.
1.507 New layer size: 337
1.507 Instantiating ...
2.177 Collected 154 relevant facts at this layer
2.178 Encoding ...
2.305 Attempting to solve formula with 373133 clauses (988064 literals) and 41 assumptions
2.305 Unsolvable at layer 7 -- expanding.
2.305 Iteration 8.
2.305 New layer size: 379
2.305 Instantiating ...
3.261 Collected 154 relevant facts at this layer
3.261 Encoding ...
3.409 Attempting to solve formula with 610917 clauses (1602053 literals) and 41 assumptions
3.409 Unsolvable at layer 8 -- expanding.
3.409 Iteration 9.
3.409 New layer size: 420
3.409 Instantiating ...
3.412 Retroactively prune action (DOWN Q_8,0_FLOOR:0_af5ae64429644a79 Q_8,0_FLOOR:1_6f40970e1047e33f) due to impossible effect !(LIFT-AT Q_8,0_FLOOR:0_af5ae64429644a79)
4.451 Collected 154 relevant facts at this layer
4.451 Encoding ...
4.646 Attempting to solve formula with 879600 clauses (2329154 literals) and 41 assumptions
c
c Try to adapt solver strategies
c 
c Adjusting for high successive conflicts.
c
c Activating Chanseok Strategy: moved 6544 clauses to the permanent set.
c last restart ## conflicts  :  242 8709 
43.063 Found a solution at layer 9.
==>
25367 UP F0 F9
25544 i-LOCK-LIFT-AT F9
25546 i-UNLOCK-LIFT-AT F9
25548 BOARD F9 P20
25554 i-LOCK-BOARDED P20
25557 DOWN F9 F2
25561 UP F2 F25
25565 UP F25 F31
25569 UP F31 F36
25752 i-LOCK-LIFT-AT F36
25755 i-UNLOCK-LIFT-AT F36
25757 i-UNLOCK-BOARDED P20
25759 DEPART F36 P20
25765 i-LOCK-SERVED P20
25767 DOWN F36 F30
25952 i-LOCK-LIFT-AT F30
25954 i-UNLOCK-LIFT-AT F30
25956 BOARD F30 P19
25962 i-LOCK-BOARDED P19
25966 DOWN F30 F10
25971 UP F10 F14
25974 UP F14 F39
25978 DOWN F39 F31
26160 i-LOCK-LIFT-AT F31
26163 i-UNLOCK-LIFT-AT F31
26165 i-UNLOCK-BOARDED P19
26167 DEPART F31 P19
26173 i-LOCK-SERVED P19
26176 UP F31 F38
26360 i-LOCK-LIFT-AT F38
26362 i-UNLOCK-LIFT-AT F38
26364 BOARD F38 P18
26370 i-LOCK-BOARDED P18
26373 DOWN F38 F36
26378 DOWN F36 F32
26569 i-LOCK-LIFT-AT F32
26571 i-UNLOCK-LIFT-AT F32
26573 i-UNLOCK-BOARDED P18
26575 DEPART F32 P18
26581 i-LOCK-SERVED P18
26585 DOWN F32 F20
26767 i-LOCK-LIFT-AT F20
26770 i-UNLOCK-LIFT-AT F20
26772 BOARD F20 P17
26778 i-LOCK-BOARDED P17
26781 DOWN F20 F16
26785 DOWN F16 F13
26790 UP F13 F33
26794 DOWN F33 F15
26976 i-LOCK-LIFT-AT F15
26979 i-UNLOCK-LIFT-AT F15
26981 i-UNLOCK-BOARDED P17
26983 DEPART F15 P17
26989 i-LOCK-SERVED P17
26993 UP F15 F41
27175 i-LOCK-LIFT-AT F41
27178 i-UNLOCK-LIFT-AT F41
27180 BOARD F41 P16
27186 i-LOCK-BOARDED P16
27190 DOWN F41 F40
27193 DOWN F40 F39
27198 DOWN F39 F1
27201 UP F1 F31
27384 i-LOCK-LIFT-AT F31
27387 i-UNLOCK-LIFT-AT F31
27389 i-UNLOCK-BOARDED P16
27391 DEPART F31 P16
27397 i-LOCK-SERVED P16
27399 UP F31 F38
27584 i-LOCK-LIFT-AT F38
27586 i-UNLOCK-LIFT-AT F38
27588 BOARD F38 P15
27594 i-LOCK-BOARDED P15
27597 DOWN F38 F14
27603 DOWN F14 F8
27605 DOWN F8 F0
27611 UP F0 F26
27792 i-LOCK-LIFT-AT F26
27795 i-UNLOCK-LIFT-AT F26
27797 i-UNLOCK-BOARDED P15
27799 DEPART F26 P15
27805 i-LOCK-SERVED P15
27807 DOWN F26 F17
27991 i-LOCK-LIFT-AT F17
27994 i-UNLOCK-LIFT-AT F17
27996 BOARD F17 P14
28002 i-LOCK-BOARDED P14
28007 UP F17 F23
28009 UP F23 F31
28015 DOWN F31 F30
28019 DOWN F30 F14
28201 i-LOCK-LIFT-AT F14
28203 i-UNLOCK-LIFT-AT F14
28205 i-UNLOCK-BOARDED P14
28207 DEPART F14 P14
28213 i-LOCK-SERVED P14
28216 UP F14 F31
28399 i-LOCK-LIFT-AT F31
28402 i-UNLOCK-LIFT-AT F31
28404 BOARD F31 P13
28410 i-LOCK-BOARDED P13
28415 DOWN F31 F15
28418 UP F15 F34
28421 UP F34 F38
28426 DOWN F38 F9
28608 i-LOCK-LIFT-AT F9
28611 i-UNLOCK-LIFT-AT F9
28613 i-UNLOCK-BOARDED P13
28615 DEPART F9 P13
28621 i-LOCK-SERVED P13
28626 DOWN F9 F0
28807 i-LOCK-LIFT-AT F0
28810 i-UNLOCK-LIFT-AT F0
28812 BOARD F0 P12
28818 i-LOCK-BOARDED P12
28823 UP F0 F40
28827 DOWN F40 F39
28829 DOWN F39 F37
29017 i-LOCK-LIFT-AT F37
29019 i-UNLOCK-LIFT-AT F37
29021 i-UNLOCK-BOARDED P12
29023 DEPART F37 P12
29029 i-LOCK-SERVED P12
29032 DOWN F37 F16
29215 i-LOCK-LIFT-AT F16
29218 i-UNLOCK-LIFT-AT F16
29220 BOARD F16 P11
29226 i-LOCK-BOARDED P11
29231 DOWN F16 F1
29233 UP F1 F18
29238 DOWN F18 F16
29243 UP F16 F23
29425 i-LOCK-LIFT-AT F23
29427 i-UNLOCK-LIFT-AT F23
29429 i-UNLOCK-BOARDED P11
29431 DEPART F23 P11
29437 i-LOCK-SERVED P11
29440 DOWN F23 F16
29623 i-LOCK-LIFT-AT F16
29626 i-UNLOCK-LIFT-AT F16
29628 BOARD F16 P10
29634 i-LOCK-BOARDED P10
29636 DOWN F16 F15
29642 DOWN F15 F9
29645 UP F9 F17
29832 i-LOCK-LIFT-AT F17
29835 i-UNLOCK-LIFT-AT F17
29837 i-UNLOCK-BOARDED P10
29839 DEPART F17 P10
29845 i-LOCK-SERVED P10
29847 UP F17 F36
30031 i-LOCK-LIFT-AT F36
30034 i-UNLOCK-LIFT-AT F36
30036 BOARD F36 P9
30042 i-LOCK-BOARDED P9
30047 DOWN F36 F24
30049 DOWN F24 F0
30054 UP F0 F30
30059 UP F30 F33
30241 i-LOCK-LIFT-AT F33
30243 i-UNLOCK-LIFT-AT F33
30245 i-UNLOCK-BOARDED P9
30247 DEPART F33 P9
30253 i-LOCK-SERVED P9
30255 UP F33 F40
30439 i-LOCK-LIFT-AT F40
30442 i-UNLOCK-LIFT-AT F40
30444 BOARD F40 P8
30450 i-LOCK-BOARDED P8
30453 DOWN F40 F23
30459 UP F23 F25
30461 DOWN F25 F19
30467 DOWN F19 F12
30648 i-LOCK-LIFT-AT F12
30651 i-UNLOCK-LIFT-AT F12
30653 i-UNLOCK-BOARDED P8
30655 DEPART F12 P8
30661 i-LOCK-SERVED P8
30664 UP F12 F36
30847 i-LOCK-LIFT-AT F36
30850 i-UNLOCK-LIFT-AT F36
30852 BOARD F36 P7
30858 i-LOCK-BOARDED P7
30861 UP F36 F40
30865 DOWN F40 F19
30869 DOWN F19 F1
30874 UP F1 F7
31056 i-LOCK-LIFT-AT F7
31059 i-UNLOCK-LIFT-AT F7
31061 i-UNLOCK-BOARDED P7
31063 DEPART F7 P7
31069 i-LOCK-SERVED P7
31071 UP F7 F29
31255 i-LOCK-LIFT-AT F29
31258 i-UNLOCK-LIFT-AT F29
31260 BOARD F29 P6
31266 i-LOCK-BOARDED P6
31269 DOWN F29 F14
31275 UP F14 F31
31279 UP F31 F33
31282 DOWN F33 F5
31464 i-LOCK-LIFT-AT F5
31467 i-UNLOCK-LIFT-AT F5
31469 i-UNLOCK-BOARDED P6
31471 DEPART F5 P6
31477 i-LOCK-SERVED P6
31480 UP F5 F6
31664 i-LOCK-LIFT-AT F6
31666 i-UNLOCK-LIFT-AT F6
31668 BOARD F6 P5
31674 i-LOCK-BOARDED P5
31677 DOWN F6 F4
31872 i-LOCK-LIFT-AT F4
31875 i-UNLOCK-LIFT-AT F4
31877 i-UNLOCK-BOARDED P5
31879 DEPART F4 P5
31885 i-LOCK-SERVED P5
31887 UP F4 F37
32072 i-LOCK-LIFT-AT F37
32074 i-UNLOCK-LIFT-AT F37
32076 BOARD F37 P4
32082 i-LOCK-BOARDED P4
32087 DOWN F37 F11
32089 DOWN F11 F6
32093 UP F6 F41
32097 DOWN F41 F19
32281 i-LOCK-LIFT-AT F19
32283 i-UNLOCK-LIFT-AT F19
32285 i-UNLOCK-BOARDED P4
32287 DEPART F19 P4
32293 i-LOCK-SERVED P4
32296 DOWN F19 F13
32480 i-LOCK-LIFT-AT F13
32482 i-UNLOCK-LIFT-AT F13
32484 BOARD F13 P3
32490 i-LOCK-BOARDED P3
32492 UP F13 F41
32497 DOWN F41 F6
32503 UP F6 F41
32505 DOWN F41 F16
32688 i-LOCK-LIFT-AT F16
32691 i-UNLOCK-LIFT-AT F16
32693 i-UNLOCK-BOARDED P3
32695 DEPART F16 P3
32701 i-LOCK-SERVED P3
32703 i-LOCK-LIFT-AT F16
32707 i-UNLOCK-LIFT-AT F16
32709 BOARD F16 P2
32715 i-LOCK-BOARDED P2
32717 DOWN F16 F6
32722 UP F6 F41
32727 DOWN F41 F4
32731 UP F4 F7
32913 i-LOCK-LIFT-AT F7
32916 i-UNLOCK-LIFT-AT F7
32918 i-UNLOCK-BOARDED P2
32920 DEPART F7 P2
32926 i-LOCK-SERVED P2
32931 UP F7 F35
33113 i-LOCK-LIFT-AT F35
33115 i-UNLOCK-LIFT-AT F35
33117 BOARD F35 P1
33123 i-LOCK-BOARDED P1
33128 DOWN F35 F2
33132 UP F2 F30
33135 DOWN F30 F3
33141 UP F3 F38
33322 i-LOCK-LIFT-AT F38
33324 i-UNLOCK-LIFT-AT F38
33326 i-UNLOCK-BOARDED P1
33328 DEPART F38 P1
33334 i-LOCK-SERVED P1
33337 DOWN F38 F8
33520 i-LOCK-LIFT-AT F8
33523 i-UNLOCK-LIFT-AT F8
33525 BOARD F8 P0
33531 i-LOCK-BOARDED P0
33533 UP F8 F40
33540 DOWN F40 F35
33543 DOWN F35 F7
33549 UP F7 F29
33729 i-LOCK-LIFT-AT F29
33732 i-UNLOCK-LIFT-AT F29
33734 i-UNLOCK-BOARDED P0
33736 DEPART F29 P0
33742 i-LOCK-SERVED P0
root 5 7 9 11 13 15 17 19 21 23 25 27 29 31 33 35 37 39 41 43 45
5 ACHIEVE-SERVED P20 -> M22-ACHIEVE-SERVED 49 25765
7 ACHIEVE-SERVED P19 -> M22-ACHIEVE-SERVED 74 26173
9 ACHIEVE-SERVED P18 -> M22-ACHIEVE-SERVED 79 26581
11 ACHIEVE-SERVED P17 -> M22-ACHIEVE-SERVED 84 26989
13 ACHIEVE-SERVED P16 -> M22-ACHIEVE-SERVED 89 27397
15 ACHIEVE-SERVED P15 -> M22-ACHIEVE-SERVED 94 27805
17 ACHIEVE-SERVED P14 -> M22-ACHIEVE-SERVED 99 28213
19 ACHIEVE-SERVED P13 -> M22-ACHIEVE-SERVED 104 28621
21 ACHIEVE-SERVED P12 -> M22-ACHIEVE-SERVED 109 29029
23 ACHIEVE-SERVED P11 -> M22-ACHIEVE-SERVED 114 29437
25 ACHIEVE-SERVED P10 -> M22-ACHIEVE-SERVED 119 29845
27 ACHIEVE-SERVED P9 -> M22-ACHIEVE-SERVED 124 30253
29 ACHIEVE-SERVED P8 -> M22-ACHIEVE-SERVED 129 30661
31 ACHIEVE-SERVED P7 -> M22-ACHIEVE-SERVED 134 31069
33 ACHIEVE-SERVED P6 -> M22-ACHIEVE-SERVED 139 31477
35 ACHIEVE-SERVED P5 -> M22-ACHIEVE-SERVED 144 31885
37 ACHIEVE-SERVED P4 -> M22-ACHIEVE-SERVED 149 32293
39 ACHIEVE-SERVED P3 -> M22-ACHIEVE-SERVED 154 32701
41 ACHIEVE-SERVED P2 -> M22-ACHIEVE-SERVED 159 32926
43 ACHIEVE-SERVED P1 -> M22-ACHIEVE-SERVED 164 33334
45 ACHIEVE-SERVED P0 -> M22-ACHIEVE-SERVED 169 33742
49 ACHIEVE-SERVED2 P20 -> M24-ACHIEVE-SERVED2 177 200
74 ACHIEVE-SERVED2 P19 -> M24-ACHIEVE-SERVED2 205 207
79 ACHIEVE-SERVED2 P18 -> M24-ACHIEVE-SERVED2 212 214
84 ACHIEVE-SERVED2 P17 -> M24-ACHIEVE-SERVED2 219 221
89 ACHIEVE-SERVED2 P16 -> M24-ACHIEVE-SERVED2 226 228
94 ACHIEVE-SERVED2 P15 -> M24-ACHIEVE-SERVED2 233 235
99 ACHIEVE-SERVED2 P14 -> M24-ACHIEVE-SERVED2 240 242
104 ACHIEVE-SERVED2 P13 -> M24-ACHIEVE-SERVED2 247 249
109 ACHIEVE-SERVED2 P12 -> M24-ACHIEVE-SERVED2 254 256
114 ACHIEVE-SERVED2 P11 -> M24-ACHIEVE-SERVED2 261 263
119 ACHIEVE-SERVED2 P10 -> M24-ACHIEVE-SERVED2 268 270
124 ACHIEVE-SERVED2 P9 -> M24-ACHIEVE-SERVED2 275 277
129 ACHIEVE-SERVED2 P8 -> M24-ACHIEVE-SERVED2 282 284
134 ACHIEVE-SERVED2 P7 -> M24-ACHIEVE-SERVED2 289 291
139 ACHIEVE-SERVED2 P6 -> M24-ACHIEVE-SERVED2 296 298
144 ACHIEVE-SERVED2 P5 -> M24-ACHIEVE-SERVED2 303 305
149 ACHIEVE-SERVED2 P4 -> M24-ACHIEVE-SERVED2 310 312
154 ACHIEVE-SERVED2 P3 -> M24-ACHIEVE-SERVED2 317 319
159 ACHIEVE-SERVED2 P2 -> M24-ACHIEVE-SERVED2 324 326
164 ACHIEVE-SERVED2 P1 -> M24-ACHIEVE-SERVED2 331 333
169 ACHIEVE-SERVED2 P0 -> M24-ACHIEVE-SERVED2 338 340
177 DO-SERVED-DEPART2 F36 P20 -> M8-DO-SERVED-DEPART2 347 430 25754 25756 25759
200 ACHIEVE-SERVED2 P20 -> M23-ACHIEVE-SERVED2
205 DO-SERVED-DEPART2 F31 P19 -> M8-DO-SERVED-DEPART2 488 491 26162 26164 26167
207 ACHIEVE-SERVED2 P19 -> M23-ACHIEVE-SERVED2
212 DO-SERVED-DEPART2 F32 P18 -> M8-DO-SERVED-DEPART2 549 552 26570 26572 26575
214 ACHIEVE-SERVED2 P18 -> M23-ACHIEVE-SERVED2
219 DO-SERVED-DEPART2 F15 P17 -> M8-DO-SERVED-DEPART2 610 613 26978 26980 26983
221 ACHIEVE-SERVED2 P17 -> M23-ACHIEVE-SERVED2
226 DO-SERVED-DEPART2 F31 P16 -> M8-DO-SERVED-DEPART2 671 674 27386 27388 27391
228 ACHIEVE-SERVED2 P16 -> M23-ACHIEVE-SERVED2
233 DO-SERVED-DEPART2 F26 P15 -> M8-DO-SERVED-DEPART2 732 735 27794 27796 27799
235 ACHIEVE-SERVED2 P15 -> M23-ACHIEVE-SERVED2
240 DO-SERVED-DEPART2 F14 P14 -> M8-DO-SERVED-DEPART2 793 796 28202 28204 28207
242 ACHIEVE-SERVED2 P14 -> M23-ACHIEVE-SERVED2
247 DO-SERVED-DEPART2 F9 P13 -> M8-DO-SERVED-DEPART2 854 857 28610 28612 28615
249 ACHIEVE-SERVED2 P13 -> M23-ACHIEVE-SERVED2
254 DO-SERVED-DEPART2 F37 P12 -> M8-DO-SERVED-DEPART2 915 918 29018 29020 29023
256 ACHIEVE-SERVED2 P12 -> M23-ACHIEVE-SERVED2
261 DO-SERVED-DEPART2 F23 P11 -> M8-DO-SERVED-DEPART2 976 979 29426 29428 29431
263 ACHIEVE-SERVED2 P11 -> M23-ACHIEVE-SERVED2
268 DO-SERVED-DEPART2 F17 P10 -> M8-DO-SERVED-DEPART2 1037 1040 29834 29836 29839
270 ACHIEVE-SERVED2 P10 -> M23-ACHIEVE-SERVED2
275 DO-SERVED-DEPART2 F33 P9 -> M8-DO-SERVED-DEPART2 1098 1101 30242 30244 30247
277 ACHIEVE-SERVED2 P9 -> M23-ACHIEVE-SERVED2
282 DO-SERVED-DEPART2 F12 P8 -> M8-DO-SERVED-DEPART2 1159 1162 30650 30652 30655
284 ACHIEVE-SERVED2 P8 -> M23-ACHIEVE-SERVED2
289 DO-SERVED-DEPART2 F7 P7 -> M8-DO-SERVED-DEPART2 1220 1223 31058 31060 31063
291 ACHIEVE-SERVED2 P7 -> M23-ACHIEVE-SERVED2
296 DO-SERVED-DEPART2 F5 P6 -> M8-DO-SERVED-DEPART2 1281 1284 31466 31468 31471
298 ACHIEVE-SERVED2 P6 -> M23-ACHIEVE-SERVED2
303 DO-SERVED-DEPART2 F4 P5 -> M8-DO-SERVED-DEPART2 1342 1345 31874 31876 31879
305 ACHIEVE-SERVED2 P5 -> M23-ACHIEVE-SERVED2
310 DO-SERVED-DEPART2 F19 P4 -> M8-DO-SERVED-DEPART2 1403 1406 32282 32284 32287
312 ACHIEVE-SERVED2 P4 -> M23-ACHIEVE-SERVED2
317 DO-SERVED-DEPART2 F16 P3 -> M8-DO-SERVED-DEPART2 1464 1467 32690 32692 32695
319 ACHIEVE-SERVED2 P3 -> M23-ACHIEVE-SERVED2
324 DO-SERVED-DEPART2 F7 P2 -> M8-DO-SERVED-DEPART2 1525 1528 32915 32917 32920
326 ACHIEVE-SERVED2 P2 -> M23-ACHIEVE-SERVED2
331 DO-SERVED-DEPART2 F38 P1 -> M8-DO-SERVED-DEPART2 1567 1570 33323 33325 33328
333 ACHIEVE-SERVED2 P1 -> M23-ACHIEVE-SERVED2
338 DO-SERVED-DEPART2 F29 P0 -> M8-DO-SERVED-DEPART2 1628 1631 33731 33733 33736
340 ACHIEVE-SERVED2 P0 -> M23-ACHIEVE-SERVED2
347 ACHIEVE-BOARDED P20 -> M17-ACHIEVE-BOARDED 1691 25554
430 ACHIEVE-LIFT-AT F36 -> M11-ACHIEVE-LIFT-AT 1772 25752
488 ACHIEVE-BOARDED P19 -> M17-ACHIEVE-BOARDED 1960 25962
491 ACHIEVE-LIFT-AT F31 -> M11-ACHIEVE-LIFT-AT 2009 26160
549 ACHIEVE-BOARDED P18 -> M17-ACHIEVE-BOARDED 2197 26370
552 ACHIEVE-LIFT-AT F32 -> M11-ACHIEVE-LIFT-AT 2248 26569
610 ACHIEVE-BOARDED P17 -> M17-ACHIEVE-BOARDED 2434 26778
613 ACHIEVE-LIFT-AT F15 -> M11-ACHIEVE-LIFT-AT 2484 26976
671 ACHIEVE-BOARDED P16 -> M17-ACHIEVE-BOARDED 2671 27186
674 ACHIEVE-LIFT-AT F31 -> M11-ACHIEVE-LIFT-AT 2722 27384
732 ACHIEVE-BOARDED P15 -> M17-ACHIEVE-BOARDED 2908 27594
735 ACHIEVE-LIFT-AT F26 -> M11-ACHIEVE-LIFT-AT 2959 27792
793 ACHIEVE-BOARDED P14 -> M17-ACHIEVE-BOARDED 3145 28002
796 ACHIEVE-LIFT-AT F14 -> M11-ACHIEVE-LIFT-AT 3195 28201
854 ACHIEVE-BOARDED P13 -> M17-ACHIEVE-BOARDED 3382 28410
857 ACHIEVE-LIFT-AT F9 -> M11-ACHIEVE-LIFT-AT 3433 28608
915 ACHIEVE-BOARDED P12 -> M17-ACHIEVE-BOARDED 3619 28818
918 ACHIEVE-LIFT-AT F37 -> M11-ACHIEVE-LIFT-AT 3668 29017
976 ACHIEVE-BOARDED P11 -> M17-ACHIEVE-BOARDED 3856 29226
979 ACHIEVE-LIFT-AT F23 -> M11-ACHIEVE-LIFT-AT 3905 29425
1037 ACHIEVE-BOARDED P10 -> M17-ACHIEVE-BOARDED 4093 29634
1040 ACHIEVE-LIFT-AT F17 -> M11-ACHIEVE-LIFT-AT 4144 29832
1098 ACHIEVE-BOARDED P9 -> M17-ACHIEVE-BOARDED 4330 30042
1101 ACHIEVE-LIFT-AT F33 -> M11-ACHIEVE-LIFT-AT 4380 30241
1159 ACHIEVE-BOARDED P8 -> M17-ACHIEVE-BOARDED 4567 30450
1162 ACHIEVE-LIFT-AT F12 -> M11-ACHIEVE-LIFT-AT 4616 30648
1220 ACHIEVE-BOARDED P7 -> M17-ACHIEVE-BOARDED 4804 30858
1223 ACHIEVE-LIFT-AT F7 -> M11-ACHIEVE-LIFT-AT 4855 31056
1281 ACHIEVE-BOARDED P6 -> M17-ACHIEVE-BOARDED 5041 31266
1284 ACHIEVE-LIFT-AT F5 -> M11-ACHIEVE-LIFT-AT 5091 31464
1342 ACHIEVE-BOARDED P5 -> M17-ACHIEVE-BOARDED 5278 31674
1345 ACHIEVE-LIFT-AT F4 -> M11-ACHIEVE-LIFT-AT 5327 31872
1403 ACHIEVE-BOARDED P4 -> M17-ACHIEVE-BOARDED 5515 32082
1406 ACHIEVE-LIFT-AT F19 -> M11-ACHIEVE-LIFT-AT 5566 32281
1464 ACHIEVE-BOARDED P3 -> M17-ACHIEVE-BOARDED 5752 32490
1467 ACHIEVE-LIFT-AT F16 -> M11-ACHIEVE-LIFT-AT 5802 32688
1525 ACHIEVE-BOARDED P2 -> M17-ACHIEVE-BOARDED 5989 32715
1528 ACHIEVE-LIFT-AT F7 -> M11-ACHIEVE-LIFT-AT 6039 32913
1567 ACHIEVE-BOARDED P1 -> M17-ACHIEVE-BOARDED 6226 33123
1570 ACHIEVE-LIFT-AT F38 -> M11-ACHIEVE-LIFT-AT 6275 33322
1628 ACHIEVE-BOARDED P0 -> M17-ACHIEVE-BOARDED 6463 33531
1631 ACHIEVE-LIFT-AT F29 -> M11-ACHIEVE-LIFT-AT 6514 33729
1691 ACHIEVE-BOARDED1 P20 -> M19-ACHIEVE-BOARDED1 6702 6704
1772 ACHIEVE-LIFT-AT0 F36 -> M14-ACHIEVE-LIFT-AT0 25557 6758
1960 ACHIEVE-BOARDED1 P19 -> M19-ACHIEVE-BOARDED1 6950 6952
2009 ACHIEVE-LIFT-AT0 F31 -> M14-ACHIEVE-LIFT-AT0 25966 7005
2197 ACHIEVE-BOARDED1 P18 -> M19-ACHIEVE-BOARDED1 7198 7200
2248 ACHIEVE-LIFT-AT0 F32 -> M14-ACHIEVE-LIFT-AT0 26373 7254
2434 ACHIEVE-BOARDED1 P17 -> M19-ACHIEVE-BOARDED1 7446 7448
2484 ACHIEVE-LIFT-AT0 F15 -> M14-ACHIEVE-LIFT-AT0 26781 7502
2671 ACHIEVE-BOARDED1 P16 -> M19-ACHIEVE-BOARDED1 7694 7696
2722 ACHIEVE-LIFT-AT0 F31 -> M14-ACHIEVE-LIFT-AT0 27190 7750
2908 ACHIEVE-BOARDED1 P15 -> M19-ACHIEVE-BOARDED1 7942 7944
2959 ACHIEVE-LIFT-AT0 F26 -> M14-ACHIEVE-LIFT-AT0 27597 7999
3145 ACHIEVE-BOARDED1 P14 -> M19-ACHIEVE-BOARDED1 8190 8192
3195 ACHIEVE-LIFT-AT0 F14 -> M13-ACHIEVE-LIFT-AT0 28007 8247
3382 ACHIEVE-BOARDED1 P13 -> M19-ACHIEVE-BOARDED1 8438 8440
3433 ACHIEVE-LIFT-AT0 F9 -> M14-ACHIEVE-LIFT-AT0 28415 8494
3619 ACHIEVE-BOARDED1 P12 -> M19-ACHIEVE-BOARDED1 8686 8688
3668 ACHIEVE-LIFT-AT0 F37 -> M13-ACHIEVE-LIFT-AT0 28823 8741
3856 ACHIEVE-BOARDED1 P11 -> M19-ACHIEVE-BOARDED1 8934 8936
3905 ACHIEVE-LIFT-AT0 F23 -> M14-ACHIEVE-LIFT-AT0 29231 8991
4093 ACHIEVE-BOARDED1 P10 -> M19-ACHIEVE-BOARDED1 9182 9184
4144 ACHIEVE-LIFT-AT0 F17 -> M14-ACHIEVE-LIFT-AT0 29636 9237
4330 ACHIEVE-BOARDED1 P9 -> M19-ACHIEVE-BOARDED1 9430 9432
4380 ACHIEVE-LIFT-AT0 F33 -> M14-ACHIEVE-LIFT-AT0 30047 9486
4567 ACHIEVE-BOARDED1 P8 -> M19-ACHIEVE-BOARDED1 9678 9680
4616 ACHIEVE-LIFT-AT0 F12 -> M14-ACHIEVE-LIFT-AT0 30453 9734
4804 ACHIEVE-BOARDED1 P7 -> M19-ACHIEVE-BOARDED1 9926 9928
4855 ACHIEVE-LIFT-AT0 F7 -> M13-ACHIEVE-LIFT-AT0 30861 9983
5041 ACHIEVE-BOARDED1 P6 -> M19-ACHIEVE-BOARDED1 10174 10176
5091 ACHIEVE-LIFT-AT0 F5 -> M14-ACHIEVE-LIFT-AT0 31269 10231
5278 ACHIEVE-BOARDED1 P5 -> M19-ACHIEVE-BOARDED1 10422 10424
5327 ACHIEVE-LIFT-AT0 F4 -> M14-ACHIEVE-LIFT-AT0 31677 10478
5515 ACHIEVE-BOARDED1 P4 -> M19-ACHIEVE-BOARDED1 10670 10672
5566 ACHIEVE-LIFT-AT0 F19 -> M14-ACHIEVE-LIFT-AT0 32087 10727
5752 ACHIEVE-BOARDED1 P3 -> M19-ACHIEVE-BOARDED1 10918 10920
5802 ACHIEVE-LIFT-AT0 F16 -> M13-ACHIEVE-LIFT-AT0 32492 10974
5989 ACHIEVE-BOARDED1 P2 -> M19-ACHIEVE-BOARDED1 11166 11168
6039 ACHIEVE-LIFT-AT0 F7 -> M14-ACHIEVE-LIFT-AT0 32717 11179
6226 ACHIEVE-BOARDED1 P1 -> M19-ACHIEVE-BOARDED1 11372 11374
6275 ACHIEVE-LIFT-AT0 F38 -> M14-ACHIEVE-LIFT-AT0 33128 11428
6463 ACHIEVE-BOARDED1 P0 -> M19-ACHIEVE-BOARDED1 11620 11622
6514 ACHIEVE-LIFT-AT0 F29 -> M13-ACHIEVE-LIFT-AT0 33533 11677
6702 DO-BOARDED-BOARD1 F9 P20 -> M7-DO-BOARDED-BOARD1 11870 25545 25548
6704 ACHIEVE-BOARDED1 P20 -> M18-ACHIEVE-BOARDED1
6758 ACHIEVE-LIFT-AT0 F36 -> M13-ACHIEVE-LIFT-AT0 25561 11939
6950 DO-BOARDED-BOARD1 F30 P19 -> M7-DO-BOARDED-BOARD1 12130 25953 25956
6952 ACHIEVE-BOARDED1 P19 -> M18-ACHIEVE-BOARDED1
7005 ACHIEVE-LIFT-AT0 F31 -> M13-ACHIEVE-LIFT-AT0 25971 12199
7198 DO-BOARDED-BOARD1 F38 P18 -> M7-DO-BOARDED-BOARD1 12390 26361 26364
7200 ACHIEVE-BOARDED1 P18 -> M18-ACHIEVE-BOARDED1
7254 ACHIEVE-LIFT-AT0 F32 -> M14-ACHIEVE-LIFT-AT0 26378 12457
7446 DO-BOARDED-BOARD1 F20 P17 -> M7-DO-BOARDED-BOARD1 12650 26769 26772
7448 ACHIEVE-BOARDED1 P17 -> M18-ACHIEVE-BOARDED1
7502 ACHIEVE-LIFT-AT0 F15 -> M14-ACHIEVE-LIFT-AT0 26785 12718
7694 DO-BOARDED-BOARD1 F41 P16 -> M7-DO-BOARDED-BOARD1 12910 27177 27180
7696 ACHIEVE-BOARDED1 P16 -> M18-ACHIEVE-BOARDED1
7750 ACHIEVE-LIFT-AT0 F31 -> M14-ACHIEVE-LIFT-AT0 27193 12977
7942 DO-BOARDED-BOARD1 F38 P15 -> M7-DO-BOARDED-BOARD1 13170 27585 27588
7944 ACHIEVE-BOARDED1 P15 -> M18-ACHIEVE-BOARDED1
7999 ACHIEVE-LIFT-AT0 F26 -> M14-ACHIEVE-LIFT-AT0 27603 13238
8190 DO-BOARDED-BOARD1 F17 P14 -> M7-DO-BOARDED-BOARD1 13430 27993 27996
8192 ACHIEVE-BOARDED1 P14 -> M18-ACHIEVE-BOARDED1
8247 ACHIEVE-LIFT-AT0 F14 -> M13-ACHIEVE-LIFT-AT0 28009 13499
8438 DO-BOARDED-BOARD1 F31 P13 -> M7-DO-BOARDED-BOARD1 13690 28401 28404
8440 ACHIEVE-BOARDED1 P13 -> M18-ACHIEVE-BOARDED1
8494 ACHIEVE-LIFT-AT0 F9 -> M13-ACHIEVE-LIFT-AT0 28418 13759
8686 DO-BOARDED-BOARD1 F0 P12 -> M7-DO-BOARDED-BOARD1 13950 28809 28812
8688 ACHIEVE-BOARDED1 P12 -> M18-ACHIEVE-BOARDED1
8741 ACHIEVE-LIFT-AT0 F37 -> M14-ACHIEVE-LIFT-AT0 28827 14018
8934 DO-BOARDED-BOARD1 F16 P11 -> M7-DO-BOARDED-BOARD1 14210 29217 29220
8936 ACHIEVE-BOARDED1 P11 -> M18-ACHIEVE-BOARDED1
8991 ACHIEVE-LIFT-AT0 F23 -> M13-ACHIEVE-LIFT-AT0 29233 14279
9182 DO-BOARDED-BOARD1 F16 P10 -> M7-DO-BOARDED-BOARD1 14470 29625 29628
9184 ACHIEVE-BOARDED1 P10 -> M18-ACHIEVE-BOARDED1
9237 ACHIEVE-LIFT-AT0 F17 -> M14-ACHIEVE-LIFT-AT0 29642 14537
9430 DO-BOARDED-BOARD1 F36 P9 -> M7-DO-BOARDED-BOARD1 14730 30033 30036
9432 ACHIEVE-BOARDED1 P9 -> M18-ACHIEVE-BOARDED1
9486 ACHIEVE-LIFT-AT0 F33 -> M14-ACHIEVE-LIFT-AT0 30049 14798
9678 DO-BOARDED-BOARD1 F40 P8 -> M7-DO-BOARDED-BOARD1 14990 30441 30444
9680 ACHIEVE-BOARDED1 P8 -> M18-ACHIEVE-BOARDED1
9734 ACHIEVE-LIFT-AT0 F12 -> M13-ACHIEVE-LIFT-AT0 30459 15059
9926 DO-BOARDED-BOARD1 F36 P7 -> M7-DO-BOARDED-BOARD1 15250 30849 30852
9928 ACHIEVE-BOARDED1 P7 -> M18-ACHIEVE-BOARDED1
9983 ACHIEVE-LIFT-AT0 F7 -> M14-ACHIEVE-LIFT-AT0 30865 15318
10174 DO-BOARDED-BOARD1 F29 P6 -> M7-DO-BOARDED-BOARD1 15510 31257 31260
10176 ACHIEVE-BOARDED1 P6 -> M18-ACHIEVE-BOARDED1
10231 ACHIEVE-LIFT-AT0 F5 -> M13-ACHIEVE-LIFT-AT0 31275 15579
10422 DO-BOARDED-BOARD1 F6 P5 -> M7-DO-BOARDED-BOARD1 15770 31665 31668
10424 ACHIEVE-BOARDED1 P5 -> M18-ACHIEVE-BOARDED1
10478 ACHIEVE-LIFT-AT0 F4 -> M12-ACHIEVE-LIFT-AT0
10670 DO-BOARDED-BOARD1 F37 P4 -> M7-DO-BOARDED-BOARD1 16030 32073 32076
10672 ACHIEVE-BOARDED1 P4 -> M18-ACHIEVE-BOARDED1
10727 ACHIEVE-LIFT-AT0 F19 -> M14-ACHIEVE-LIFT-AT0 32089 16098
10918 DO-BOARDED-BOARD1 F13 P3 -> M7-DO-BOARDED-BOARD1 16290 32481 32484
10920 ACHIEVE-BOARDED1 P3 -> M18-ACHIEVE-BOARDED1
10974 ACHIEVE-LIFT-AT0 F16 -> M14-ACHIEVE-LIFT-AT0 32497 16357
11166 DO-BOARDED-BOARD1 F16 P2 -> M7-DO-BOARDED-BOARD1 32702 32706 32709
11168 ACHIEVE-BOARDED1 P2 -> M18-ACHIEVE-BOARDED1
11179 ACHIEVE-LIFT-AT0 F7 -> M13-ACHIEVE-LIFT-AT0 32722 16576
11372 DO-BOARDED-BOARD1 F35 P1 -> M7-DO-BOARDED-BOARD1 16767 33114 33117
11374 ACHIEVE-BOARDED1 P1 -> M18-ACHIEVE-BOARDED1
11428 ACHIEVE-LIFT-AT0 F38 -> M13-ACHIEVE-LIFT-AT0 33132 16834
11620 DO-BOARDED-BOARD1 F8 P0 -> M7-DO-BOARDED-BOARD1 17027 33522 33525
11622 ACHIEVE-BOARDED1 P0 -> M18-ACHIEVE-BOARDED1
11677 ACHIEVE-LIFT-AT0 F29 -> M14-ACHIEVE-LIFT-AT0 33540 17096
11870 ACHIEVE-LIFT-AT F9 -> M11-ACHIEVE-LIFT-AT 17289 25544
11939 ACHIEVE-LIFT-AT0 F36 -> M13-ACHIEVE-LIFT-AT0 25565 17484
12130 ACHIEVE-LIFT-AT F30 -> M11-ACHIEVE-LIFT-AT 17678 25952
12199 ACHIEVE-LIFT-AT0 F31 -> M13-ACHIEVE-LIFT-AT0 25974 17879
12390 ACHIEVE-LIFT-AT F38 -> M11-ACHIEVE-LIFT-AT 18072 26360
12457 ACHIEVE-LIFT-AT0 F32 -> M12-ACHIEVE-LIFT-AT0
12650 ACHIEVE-LIFT-AT F20 -> M11-ACHIEVE-LIFT-AT 18463 26767
12718 ACHIEVE-LIFT-AT0 F15 -> M13-ACHIEVE-LIFT-AT0 26790 18664
12910 ACHIEVE-LIFT-AT F41 -> M11-ACHIEVE-LIFT-AT 18856 27175
12977 ACHIEVE-LIFT-AT0 F31 -> M14-ACHIEVE-LIFT-AT0 27198 19058
13170 ACHIEVE-LIFT-AT F38 -> M11-ACHIEVE-LIFT-AT 19251 27584
13238 ACHIEVE-LIFT-AT0 F26 -> M14-ACHIEVE-LIFT-AT0 27605 19451
13430 ACHIEVE-LIFT-AT F17 -> M11-ACHIEVE-LIFT-AT 19642 27991
13499 ACHIEVE-LIFT-AT0 F14 -> M14-ACHIEVE-LIFT-AT0 28015 19844
13690 ACHIEVE-LIFT-AT F31 -> M11-ACHIEVE-LIFT-AT 20037 28399
13759 ACHIEVE-LIFT-AT0 F9 -> M13-ACHIEVE-LIFT-AT0 28421 20236
13950 ACHIEVE-LIFT-AT F0 -> M11-ACHIEVE-LIFT-AT 20428 28807
14018 ACHIEVE-LIFT-AT0 F37 -> M14-ACHIEVE-LIFT-AT0 28829 20630
14210 ACHIEVE-LIFT-AT F16 -> M11-ACHIEVE-LIFT-AT 20821 29215
14279 ACHIEVE-LIFT-AT0 F23 -> M14-ACHIEVE-LIFT-AT0 29238 21021
14470 ACHIEVE-LIFT-AT F16 -> M11-ACHIEVE-LIFT-AT 21214 29623
14537 ACHIEVE-LIFT-AT0 F17 -> M13-ACHIEVE-LIFT-AT0 29645 21415
14730 ACHIEVE-LIFT-AT F36 -> M11-ACHIEVE-LIFT-AT 21608 30031
14798 ACHIEVE-LIFT-AT0 F33 -> M13-ACHIEVE-LIFT-AT0 30054 21807
14990 ACHIEVE-LIFT-AT F40 -> M11-ACHIEVE-LIFT-AT 22001 30439
15059 ACHIEVE-LIFT-AT0 F12 -> M14-ACHIEVE-LIFT-AT0 30461 22201
15250 ACHIEVE-LIFT-AT F36 -> M11-ACHIEVE-LIFT-AT 22393 30847
15318 ACHIEVE-LIFT-AT0 F7 -> M14-ACHIEVE-LIFT-AT0 30869 22595
15510 ACHIEVE-LIFT-AT F29 -> M11-ACHIEVE-LIFT-AT 22788 31255
15579 ACHIEVE-LIFT-AT0 F5 -> M13-ACHIEVE-LIFT-AT0 31279 22986
15770 ACHIEVE-LIFT-AT F6 -> M11-ACHIEVE-LIFT-AT 23181 31664
16030 ACHIEVE-LIFT-AT F37 -> M11-ACHIEVE-LIFT-AT 23572 32072
16098 ACHIEVE-LIFT-AT0 F19 -> M13-ACHIEVE-LIFT-AT0 32093 23772
16290 ACHIEVE-LIFT-AT F13 -> M11-ACHIEVE-LIFT-AT 23966 32480
16357 ACHIEVE-LIFT-AT0 F16 -> M13-ACHIEVE-LIFT-AT0 32503 24167
16576 ACHIEVE-LIFT-AT0 F7 -> M14-ACHIEVE-LIFT-AT0 32727 24388
16767 ACHIEVE-LIFT-AT F35 -> M11-ACHIEVE-LIFT-AT 24580 33113
16834 ACHIEVE-LIFT-AT0 F38 -> M14-ACHIEVE-LIFT-AT0 33135 24780
17027 ACHIEVE-LIFT-AT F8 -> M11-ACHIEVE-LIFT-AT 24974 33520
17096 ACHIEVE-LIFT-AT0 F29 -> M14-ACHIEVE-LIFT-AT0 33543 25174
17289 ACHIEVE-LIFT-AT0 F9 -> M13-ACHIEVE-LIFT-AT0 25367 25369
17484 ACHIEVE-LIFT-AT0 F36 -> M13-ACHIEVE-LIFT-AT0 25569 25577
17678 ACHIEVE-LIFT-AT0 F30 -> M14-ACHIEVE-LIFT-AT0 25767 25773
17879 ACHIEVE-LIFT-AT0 F31 -> M14-ACHIEVE-LIFT-AT0 25978 25983
18072 ACHIEVE-LIFT-AT0 F38 -> M13-ACHIEVE-LIFT-AT0 26176 26182
18463 ACHIEVE-LIFT-AT0 F20 -> M14-ACHIEVE-LIFT-AT0 26585 26591
18664 ACHIEVE-LIFT-AT0 F15 -> M14-ACHIEVE-LIFT-AT0 26794 26800
18856 ACHIEVE-LIFT-AT0 F41 -> M13-ACHIEVE-LIFT-AT0 26993 26999
19058 ACHIEVE-LIFT-AT0 F31 -> M13-ACHIEVE-LIFT-AT0 27201 27209
19251 ACHIEVE-LIFT-AT0 F38 -> M13-ACHIEVE-LIFT-AT0 27399 27406
19451 ACHIEVE-LIFT-AT0 F26 -> M13-ACHIEVE-LIFT-AT0 27611 27616
19642 ACHIEVE-LIFT-AT0 F17 -> M14-ACHIEVE-LIFT-AT0 27807 27815
19844 ACHIEVE-LIFT-AT0 F14 -> M14-ACHIEVE-LIFT-AT0 28019 28023
20037 ACHIEVE-LIFT-AT0 F31 -> M13-ACHIEVE-LIFT-AT0 28216 28222
20236 ACHIEVE-LIFT-AT0 F9 -> M14-ACHIEVE-LIFT-AT0 28426 28431
20428 ACHIEVE-LIFT-AT0 F0 -> M14-ACHIEVE-LIFT-AT0 28626 28631
20630 ACHIEVE-LIFT-AT0 F37 -> M12-ACHIEVE-LIFT-AT0
20821 ACHIEVE-LIFT-AT0 F16 -> M14-ACHIEVE-LIFT-AT0 29032 29037
21021 ACHIEVE-LIFT-AT0 F23 -> M13-ACHIEVE-LIFT-AT0 29243 29247
21214 ACHIEVE-LIFT-AT0 F16 -> M14-ACHIEVE-LIFT-AT0 29440 29446
21415 ACHIEVE-LIFT-AT0 F17 -> M12-ACHIEVE-LIFT-AT0
21608 ACHIEVE-LIFT-AT0 F36 -> M13-ACHIEVE-LIFT-AT0 29847 29854
21807 ACHIEVE-LIFT-AT0 F33 -> M13-ACHIEVE-LIFT-AT0 30059 30065
22001 ACHIEVE-LIFT-AT0 F40 -> M13-ACHIEVE-LIFT-AT0 30255 30262
22201 ACHIEVE-LIFT-AT0 F12 -> M14-ACHIEVE-LIFT-AT0 30467 30472
22393 ACHIEVE-LIFT-AT0 F36 -> M13-ACHIEVE-LIFT-AT0 30664 30670
22595 ACHIEVE-LIFT-AT0 F7 -> M13-ACHIEVE-LIFT-AT0 30874 30879
22788 ACHIEVE-LIFT-AT0 F29 -> M13-ACHIEVE-LIFT-AT0 31071 31078
22986 ACHIEVE-LIFT-AT0 F5 -> M14-ACHIEVE-LIFT-AT0 31282 31288
23181 ACHIEVE-LIFT-AT0 F6 -> M13-ACHIEVE-LIFT-AT0 31480 31485
23572 ACHIEVE-LIFT-AT0 F37 -> M13-ACHIEVE-LIFT-AT0 31887 31894
23772 ACHIEVE-LIFT-AT0 F19 -> M14-ACHIEVE-LIFT-AT0 32097 32104
23966 ACHIEVE-LIFT-AT0 F13 -> M14-ACHIEVE-LIFT-AT0 32296 32301
24167 ACHIEVE-LIFT-AT0 F16 -> M14-ACHIEVE-LIFT-AT0 32505 32513
24388 ACHIEVE-LIFT-AT0 F7 -> M13-ACHIEVE-LIFT-AT0 32731 32736
24580 ACHIEVE-LIFT-AT0 F35 -> M13-ACHIEVE-LIFT-AT0 32931 32936
24780 ACHIEVE-LIFT-AT0 F38 -> M13-ACHIEVE-LIFT-AT0 33141 33146
24974 ACHIEVE-LIFT-AT0 F8 -> M14-ACHIEVE-LIFT-AT0 33337 33344
25174 ACHIEVE-LIFT-AT0 F29 -> M13-ACHIEVE-LIFT-AT0 33549 33552
25369 ACHIEVE-LIFT-AT0 F9 -> M12-ACHIEVE-LIFT-AT0
25545 IFUNLOCK-LIFT-AT F9 -> IFUNLOCK5-LIFT-AT 25546
25577 ACHIEVE-LIFT-AT0 F36 -> M12-ACHIEVE-LIFT-AT0
25754 IFUNLOCK-LIFT-AT F36 -> IFUNLOCK5-LIFT-AT 25755
25756 IFUNLOCK-BOARDED P20 -> IFUNLOCK1-BOARDED 25757
25773 ACHIEVE-LIFT-AT0 F30 -> M12-ACHIEVE-LIFT-AT0
25953 IFUNLOCK-LIFT-AT F30 -> IFUNLOCK5-LIFT-AT 25954
25983 ACHIEVE-LIFT-AT0 F31 -> M12-ACHIEVE-LIFT-AT0
26162 IFUNLOCK-LIFT-AT F31 -> IFUNLOCK5-LIFT-AT 26163
26164 IFUNLOCK-BOARDED P19 -> IFUNLOCK1-BOARDED 26165
26182 ACHIEVE-LIFT-AT0 F38 -> M12-ACHIEVE-LIFT-AT0
26361 IFUNLOCK-LIFT-AT F38 -> IFUNLOCK5-LIFT-AT 26362
26570 IFUNLOCK-LIFT-AT F32 -> IFUNLOCK5-LIFT-AT 26571
26572 IFUNLOCK-BOARDED P18 -> IFUNLOCK1-BOARDED 26573
26591 ACHIEVE-LIFT-AT0 F20 -> M12-ACHIEVE-LIFT-AT0
26769 IFUNLOCK-LIFT-AT F20 -> IFUNLOCK5-LIFT-AT 26770
26800 ACHIEVE-LIFT-AT0 F15 -> M12-ACHIEVE-LIFT-AT0
26978 IFUNLOCK-LIFT-AT F15 -> IFUNLOCK5-LIFT-AT 26979
26980 IFUNLOCK-BOARDED P17 -> IFUNLOCK1-BOARDED 26981
26999 ACHIEVE-LIFT-AT0 F41 -> M12-ACHIEVE-LIFT-AT0
27177 IFUNLOCK-LIFT-AT F41 -> IFUNLOCK5-LIFT-AT 27178
27209 ACHIEVE-LIFT-AT0 F31 -> M12-ACHIEVE-LIFT-AT0
27386 IFUNLOCK-LIFT-AT F31 -> IFUNLOCK5-LIFT-AT 27387
27388 IFUNLOCK-BOARDED P16 -> IFUNLOCK1-BOARDED 27389
27406 ACHIEVE-LIFT-AT0 F38 -> M12-ACHIEVE-LIFT-AT0
27585 IFUNLOCK-LIFT-AT F38 -> IFUNLOCK5-LIFT-AT 27586
27616 ACHIEVE-LIFT-AT0 F26 -> M12-ACHIEVE-LIFT-AT0
27794 IFUNLOCK-LIFT-AT F26 -> IFUNLOCK5-LIFT-AT 27795
27796 IFUNLOCK-BOARDED P15 -> IFUNLOCK1-BOARDED 27797
27815 ACHIEVE-LIFT-AT0 F17 -> M12-ACHIEVE-LIFT-AT0
27993 IFUNLOCK-LIFT-AT F17 -> IFUNLOCK5-LIFT-AT 27994
28023 ACHIEVE-LIFT-AT0 F14 -> M12-ACHIEVE-LIFT-AT0
28202 IFUNLOCK-LIFT-AT F14 -> IFUNLOCK5-LIFT-AT 28203
28204 IFUNLOCK-BOARDED P14 -> IFUNLOCK1-BOARDED 28205
28222 ACHIEVE-LIFT-AT0 F31 -> M12-ACHIEVE-LIFT-AT0
28401 IFUNLOCK-LIFT-AT F31 -> IFUNLOCK5-LIFT-AT 28402
28431 ACHIEVE-LIFT-AT0 F9 -> M12-ACHIEVE-LIFT-AT0
28610 IFUNLOCK-LIFT-AT F9 -> IFUNLOCK5-LIFT-AT 28611
28612 IFUNLOCK-BOARDED P13 -> IFUNLOCK1-BOARDED 28613
28631 ACHIEVE-LIFT-AT0 F0 -> M12-ACHIEVE-LIFT-AT0
28809 IFUNLOCK-LIFT-AT F0 -> IFUNLOCK5-LIFT-AT 28810
29018 IFUNLOCK-LIFT-AT F37 -> IFUNLOCK5-LIFT-AT 29019
29020 IFUNLOCK-BOARDED P12 -> IFUNLOCK1-BOARDED 29021
29037 ACHIEVE-LIFT-AT0 F16 -> M12-ACHIEVE-LIFT-AT0
29217 IFUNLOCK-LIFT-AT F16 -> IFUNLOCK5-LIFT-AT 29218
29247 ACHIEVE-LIFT-AT0 F23 -> M12-ACHIEVE-LIFT-AT0
29426 IFUNLOCK-LIFT-AT F23 -> IFUNLOCK5-LIFT-AT 29427
29428 IFUNLOCK-BOARDED P11 -> IFUNLOCK1-BOARDED 29429
29446 ACHIEVE-LIFT-AT0 F16 -> M12-ACHIEVE-LIFT-AT0
29625 IFUNLOCK-LIFT-AT F16 -> IFUNLOCK5-LIFT-AT 29626
29834 IFUNLOCK-LIFT-AT F17 -> IFUNLOCK5-LIFT-AT 29835
29836 IFUNLOCK-BOARDED P10 -> IFUNLOCK1-BOARDED 29837
29854 ACHIEVE-LIFT-AT0 F36 -> M12-ACHIEVE-LIFT-AT0
30033 IFUNLOCK-LIFT-AT F36 -> IFUNLOCK5-LIFT-AT 30034
30065 ACHIEVE-LIFT-AT0 F33 -> M12-ACHIEVE-LIFT-AT0
30242 IFUNLOCK-LIFT-AT F33 -> IFUNLOCK5-LIFT-AT 30243
30244 IFUNLOCK-BOARDED P9 -> IFUNLOCK1-BOARDED 30245
30262 ACHIEVE-LIFT-AT0 F40 -> M12-ACHIEVE-LIFT-AT0
30441 IFUNLOCK-LIFT-AT F40 -> IFUNLOCK5-LIFT-AT 30442
30472 ACHIEVE-LIFT-AT0 F12 -> M12-ACHIEVE-LIFT-AT0
30650 IFUNLOCK-LIFT-AT F12 -> IFUNLOCK5-LIFT-AT 30651
30652 IFUNLOCK-BOARDED P8 -> IFUNLOCK1-BOARDED 30653
30670 ACHIEVE-LIFT-AT0 F36 -> M12-ACHIEVE-LIFT-AT0
30849 IFUNLOCK-LIFT-AT F36 -> IFUNLOCK5-LIFT-AT 30850
30879 ACHIEVE-LIFT-AT0 F7 -> M12-ACHIEVE-LIFT-AT0
31058 IFUNLOCK-LIFT-AT F7 -> IFUNLOCK5-LIFT-AT 31059
31060 IFUNLOCK-BOARDED P7 -> IFUNLOCK1-BOARDED 31061
31078 ACHIEVE-LIFT-AT0 F29 -> M12-ACHIEVE-LIFT-AT0
31257 IFUNLOCK-LIFT-AT F29 -> IFUNLOCK5-LIFT-AT 31258
31288 ACHIEVE-LIFT-AT0 F5 -> M12-ACHIEVE-LIFT-AT0
31466 IFUNLOCK-LIFT-AT F5 -> IFUNLOCK5-LIFT-AT 31467
31468 IFUNLOCK-BOARDED P6 -> IFUNLOCK1-BOARDED 31469
31485 ACHIEVE-LIFT-AT0 F6 -> M12-ACHIEVE-LIFT-AT0
31665 IFUNLOCK-LIFT-AT F6 -> IFUNLOCK5-LIFT-AT 31666
31874 IFUNLOCK-LIFT-AT F4 -> IFUNLOCK5-LIFT-AT 31875
31876 IFUNLOCK-BOARDED P5 -> IFUNLOCK1-BOARDED 31877
31894 ACHIEVE-LIFT-AT0 F37 -> M12-ACHIEVE-LIFT-AT0
32073 IFUNLOCK-LIFT-AT F37 -> IFUNLOCK5-LIFT-AT 32074
32104 ACHIEVE-LIFT-AT0 F19 -> M12-ACHIEVE-LIFT-AT0
32282 IFUNLOCK-LIFT-AT F19 -> IFUNLOCK5-LIFT-AT 32283
32284 IFUNLOCK-BOARDED P4 -> IFUNLOCK1-BOARDED 32285
32301 ACHIEVE-LIFT-AT0 F13 -> M12-ACHIEVE-LIFT-AT0
32481 IFUNLOCK-LIFT-AT F13 -> IFUNLOCK5-LIFT-AT 32482
32513 ACHIEVE-LIFT-AT0 F16 -> M12-ACHIEVE-LIFT-AT0
32690 IFUNLOCK-LIFT-AT F16 -> IFUNLOCK5-LIFT-AT 32691
32692 IFUNLOCK-BOARDED P3 -> IFUNLOCK1-BOARDED 32693
32702 ACHIEVE-LIFT-AT F16 -> M10-ACHIEVE-LIFT-AT 32703
32706 IFUNLOCK-LIFT-AT F16 -> IFUNLOCK5-LIFT-AT 32707
32736 ACHIEVE-LIFT-AT0 F7 -> M12-ACHIEVE-LIFT-AT0
32915 IFUNLOCK-LIFT-AT F7 -> IFUNLOCK5-LIFT-AT 32916
32917 IFUNLOCK-BOARDED P2 -> IFUNLOCK1-BOARDED 32918
32936 ACHIEVE-LIFT-AT0 F35 -> M12-ACHIEVE-LIFT-AT0
33114 IFUNLOCK-LIFT-AT F35 -> IFUNLOCK5-LIFT-AT 33115
33146 ACHIEVE-LIFT-AT0 F38 -> M12-ACHIEVE-LIFT-AT0
33323 IFUNLOCK-LIFT-AT F38 -> IFUNLOCK5-LIFT-AT 33324
33325 IFUNLOCK-BOARDED P1 -> IFUNLOCK1-BOARDED 33326
33344 ACHIEVE-LIFT-AT0 F8 -> M12-ACHIEVE-LIFT-AT0
33522 IFUNLOCK-LIFT-AT F8 -> IFUNLOCK5-LIFT-AT 33523
33552 ACHIEVE-LIFT-AT0 F29 -> M12-ACHIEVE-LIFT-AT0
33731 IFUNLOCK-LIFT-AT F29 -> IFUNLOCK5-LIFT-AT 33732
33733 IFUNLOCK-BOARDED P0 -> IFUNLOCK1-BOARDED 33734
<==
43.093 End of solution plan. (counted length of 286)
43.093 Total amount of clauses encoded: 879600
43.093 - reductionconstraints : 489726 cls
43.093 - substitutionconstraints : 287052 cls
43.093 - directframeaxioms : 31006 cls
43.093 - qconstequality : 25668 cls
43.093 - qfactsemantics : 19174 cls
43.093 - indirectframeaxioms : 17074 cls
43.093 - predecessors : 3052 cls
43.093 - expansions : 2972 cls
43.093 - atmostoneelement : 2230 cls
43.093 - actionconstraints : 825 cls
43.093 - actioneffects : 664 cls
43.093 - truefacts : 154 cls
43.093 - axiomaticops : 2 cls
43.093 - forbiddenoperations : 1 cls
43.093 # instantiated positions: 1899
43.093 # instantiated actions: 2495
43.093 # instantiated reductions: 644
43.093 # introduced pseudo-constants: 435
43.093 # retroactive prunings: 44
43.093 # retroactively pruned operations: 45
43.093 # dominated operations: 0
43.093 # total invalid rigid preconditions found in getPFC: 0
43.093 # invalid rigid preconditions found in getPFC: 0
43.093 # invalid rigid preconditions found in getPFC in varrestrictions: 0
43.093 # total invalid fluent preconditions found in getPFC: 341
43.093 # invalid fluent preconditions found in getPFC: 73
43.093 # invalid fluent preconditions found in getPFC in varrestrictions: 0
43.093 # invalid fluent preconditions found in getPFC via postconditions: 268
43.093 # invalid operations found in getPFC via subtasks: 0
43.093 # invalid operations found in getPFC via postconditions: 43
43.093 # number effects in operation fact_frames: 279
43.093 # number of variables restricted: 44474
43.093 # number of nodes variables restricted: 22213
43.093 Exiting happily.

RUNWATCH_RESULT EXIT RETVAL 0 TIME_SECS 43.1113 MEMPEAK_KBS 181416
