pandaPIparser is configured as follows
  Colors in output: true
  Mode: parsing mode
  Parameter splitting: true
  Conditional effects: exponential encoding
  Disjunctive preconditions as HTN: false
  Replace goal with action: false
  Output: pandaPI format
General Options
  Print timings: false
  Quiet mode: false
Inference Options
  H2 mutexes: false
  FAM groups: false
Transformation Options
  Add zero-cost no-op to empty methods: true
  Remove duplicate actions: true
  Remove useless literals: true
  Expand abstract tasks with one method: true
  Remove empty method preconditions: true
  Two regularisation: false
  Compile negative SAS variables: false
Runtime Optimisations
  Hierarchy Typing: true
  Future Caching: false
  Static Precondition Checking: false
Output Options
  Panda planner format: true
  HDDL: false
  SAS for Fast Downward (without hierarchy): false
Output Formatting Options
  Output only SAS+ variables: false
  SAS+ delete mode: as input
Reading input from /home/schnell/lilotane/sotaevaluation//PandaSAT_runwatchtime_timeout1800_2021-11-16_15:47:18/runwatch_log/640/640.parsed.
Writing output to /home/schnell/lilotane/sotaevaluation//PandaSAT_runwatchtime_timeout1800_2021-11-16_15:47:18/runwatch_log/640/640.sas.
Writing output to standard output.
Parsing done.
Conditional Effects expanded
done.
Starting Hierarchy Typing
Total 1.834ms
Contains 0.148ms
Restrict 0.234ms
MPrep 0.303ms
Finished Hierarchy Typing
Running PG.
Process actions without preconditions
Done.
 ---> Disabling potentially consistent extension checking for action:           66 (SHOP_methodm_get_out_unload_precondition)
 ---> Disabling potentially consistent extension checking for action:           60 (SHOP_methodm_get_to_vehicle_gets_driven_precondition)
 ---> Disabling potentially consistent extension checking for action:           61 (SHOP_methodm_get_to_as_cargo_precondition)
 ---> Disabling potentially consistent extension checking for action:           62 (SHOP_methodm_get_to_with_ambulance_precondition)
 ---> Disabling potentially consistent extension checking for action:           4 (climb_in)
 ---> Disabling potentially consistent extension checking for action:           3 (navegate_vehicle)
 ---> Disabling potentially consistent extension checking for action:           64 (SHOP_methodm_get_in_ambulatory_person_precondition)
 ---> Disabling potentially consistent extension checking for action:           63 (SHOP_methodm_drive_to_precondition)
 ---> Disabling potentially consistent extension checking for action:           59 (SHOP_methodm_get_to_person_drives_themself_precondition)
 ---> Disabling potentially consistent extension checking for action:           5 (climb_out)
 ---> Disabling potentially consistent extension checking for action:           8 (treat)
Returning from runGpg().
PG done. Postprocessing
PG postprocessing done.
Calculated [127051] grounded tasks and [2565] reachable facts.
Running TDG.
Process actions without preconditions
Done.
 ---> Disabling potentially consistent extension checking for action:           42 (_splitting_method_m_get_to_as_cargo_splitted_7)
 ---> Disabling potentially consistent extension checking for action:           34 (m_get_in_load_in)
 ---> Disabling potentially consistent extension checking for action:           36 (m_get_out_unload)
 ---> Disabling potentially consistent extension checking for action:           44 (_splitting_method_m_get_to_with_ambulance_splitted_8)
 ---> Disabling potentially consistent extension checking for action:           27 (m_emt_treat)
 ---> Disabling potentially consistent extension checking for action:           85 (_splitting_method_m_tow_to_splitted_17)
 ---> Disabling potentially consistent extension checking for action:           39 (m_get_to_person_drives_themself)
 ---> Disabling potentially consistent extension checking for action:           41 (m_get_to_vehicle_gets_driven)
 ---> Disabling potentially consistent extension checking for action:           43 (m_get_to_as_cargo)
 ---> Disabling potentially consistent extension checking for action:           3 (m_block_road)
 ---> Disabling potentially consistent extension checking for action:           56 (m_provide_temp_heat_local_electricity)
 ---> Disabling potentially consistent extension checking for action:           29 (m_fix_water_main)
 ---> Disabling potentially consistent extension checking for action:           45 (m_get_to_with_ambulance)
Returning from runGpg().
TDG done.
Calculated [140419] grounded tasks and [121532] grounded decomposition methods.
Performing DFS.
DFS done.
After DFS: 71331 tasks, 58929 methods.
Grounded PG:
Input was [63381, 71331], output was [63381, 2510].
Simplifying instance.
Removing useless facts/literals
Removing method precondition actions whose precondition is empty
Expanding abstract tasks with only one method
Starting duplicate elimination.
Data structure build.
0 duplicates found.
Duplicates replaced in methods.
Further Mutex Groups: 0 strict 0 non strict
Writing instance to output.
Final Statistics: F 926 S 0 SC 0 SM 0 NSM 0 I 0 P 63381 S 0 A 4047 M 55026
Exiting.
Random seed: 42
Time limit: 1800 seconds
Reading input from /home/schnell/lilotane/sotaevaluation//PandaSAT_runwatchtime_timeout1800_2021-11-16_15:47:18/runwatch_log/640/640.sas.
- State has 926 bits divided into 926 mutex groups.
- Domain contains 63381 actions.
- Domain contains 67428 tasks.
- Domain contains 55026 methods.
- The initial state contains 342 set bits.
- The initial task is "__top[]".
- State-based goal contains 1 bits.
- Instance is totally-ordered: yes
- Instance has unique paths: yes
- Instance is parallel sequences: yes
Calculate SCCs...
- Number of SCCs: 67416
- The problem is cyclic
- Number of cyclic SCCs: 1
- Number of cyclic SCCs of size 1: 0

Extracting invariants from parsed model
Extracted 0 invariants.
Starting resolution.
After resolution we have 0 invariants, taking 0.01ms.

Computing invariants [Rintanen]
Initial candidates build (1284825)
Round 1: 1284825 invariants remaining
Round 2: 1282976 invariants remaining
Round 3: 1282050 invariants remaining
Round 4: 1273761 invariants remaining
Round 5: 1263606 invariants remaining
  1263383 / 1263606 remaining after 5000 of 63381
  1262967 / 1263606 remaining after 25000 of 63381
  1262528 / 1263606 remaining after 50000 of 63381
  1262518 / 1263606 remaining after 55000 of 63381
  1262486 / 1263606 remaining after 60000 of 63381
Round 6: 447008 invariants remaining
  446578 / 447008 remaining after 5000 of 63381
  446355 / 447008 remaining after 10000 of 63381
  446233 / 447008 remaining after 15000 of 63381
  446114 / 447008 remaining after 20000 of 63381
  446093 / 447008 remaining after 25000 of 63381
  446065 / 447008 remaining after 30000 of 63381
  445983 / 447008 remaining after 35000 of 63381
  445950 / 447008 remaining after 40000 of 63381
  445950 / 447008 remaining after 45000 of 63381
  445950 / 447008 remaining after 50000 of 63381
  445901 / 447008 remaining after 55000 of 63381
  445862 / 447008 remaining after 60000 of 63381
Round 7: 21007 invariants remaining
  20995 / 21007 remaining after 5000 of 63381
  20995 / 21007 remaining after 10000 of 63381
  20995 / 21007 remaining after 15000 of 63381
  20995 / 21007 remaining after 20000 of 63381
  20995 / 21007 remaining after 25000 of 63381
  20995 / 21007 remaining after 30000 of 63381
  20995 / 21007 remaining after 35000 of 63381
  20995 / 21007 remaining after 40000 of 63381
  20995 / 21007 remaining after 45000 of 63381
  20995 / 21007 remaining after 50000 of 63381
  20995 / 21007 remaining after 55000 of 63381
  20995 / 21007 remaining after 60000 of 63381
Round 8: 20567 invariants remaining
Found 20567 invariants in 2232.41ms
Calculate SCCs...
- Number of SCCs: 67416
- The problem is cyclic
- Number of cyclic SCCs: 1
- Number of cyclic SCCs of size 1: 0
Hallo


Instance is totally ordered: yes
[33mStarting SAT-based planner[m
Using SAT solver: cryptominisat-5.8.0
Encode Mutexes:    yes
Block Compression: yes
Pruning:           ff




[33mGenerating formula for depth 1[m
Computing PDT took: 0.033 ms
Computed PDT. Extracting leafs ... 1 leafs
Clear pruning tables ... done.
[34mPruning round [m1 Phase: 1
FF Pruning: removed 0 of 0
Pruning: 2 of 2
Leaf Primitive Pruning: 0 of 0
Initial abstract task is pruned: [31mUNSAT[m


[33mGenerating formula for depth 2[m
Computing PDT took: 1.51 ms
Computed PDT. Extracting leafs ... 12 leafs
Clear pruning tables ... done.
[34mPruning round [m1 Phase: 1
FF Pruning: removed 0 of 0
Pruning: 679 of 679
Leaf Primitive Pruning: 276 of 276
Initial abstract task is pruned: [31mUNSAT[m


[33mGenerating formula for depth 3[m
Computing PDT took: 4.44 ms
Computed PDT. Extracting leafs ... 29 leafs
Clear pruning tables ... done.
[34mPruning round [m1 Phase: 1
FF Pruning: removed 63 of 90
[34mPruning round [m2 Phase: 1
FF Pruning: removed 0 of 27
Pruning: 2084 of 2084
Leaf Primitive Pruning: 576 of 576
Initial abstract task is pruned: [31mUNSAT[m


[33mGenerating formula for depth 4[m
Computing PDT took: 24.7 ms
Computed PDT. Extracting leafs ... 74 leafs
Clear pruning tables ... done.
[34mPruning round [m1 Phase: 1
FF Pruning: removed 2574 of 2736
[34mPruning round [m2 Phase: 1
FF Pruning: removed 0 of 162
Pruning: 16500 of 16511
Leaf Primitive Pruning: 8594 of 8597
Pruning gave 0 new invariants
Assigning variable IDs for PDT ... done. 122 new variables.
Decomposition Clauses generated.
Pruned clauses.
Block compression leads to 1 timesteps.
Decomp formula generated
State atoms
State formula
Matching
Invar time: 4.48ms SM: 0 M: 0 I: 0 SI: 20567
[34mFormula: [m104 decomposition 2782 state 20567 mutex
Formula has 1974 vars and 23453 clauses.
Formula time: 34.550ms
Starting solver
Solver time: 0.041ms
Solver state: [31mUNSAT[m


[33mGenerating formula for depth 5[m
Computing PDT took: 152.974 ms
Computed PDT. Extracting leafs ... 155 leafs
Clear pruning tables ... done.
[34mPruning round [m1 Phase: 1
FF Pruning: removed 23846 of 24707
[34mPruning round [m2 Phase: 1
FF Pruning: removed 0 of 861
Pruning: 110590 of 110604
Leaf Primitive Pruning: 90596 of 90599
Pruning gave 0 new invariants
Assigning variable IDs for PDT ... done. 133 new variables.
Decomposition Clauses generated.
Pruned clauses.
Block compression leads to 1 timesteps.
Decomp formula generated
State atoms
State formula
Matching
Invar time: 4.387ms SM: 0 M: 0 I: 0 SI: 20567
[34mFormula: [m126 decomposition 2782 state 20567 mutex
Formula has 3959 vars and 46928 clauses.
Formula time: 176.465ms
Starting solver
Solver time: 0.024ms
Solver state: [31mUNSAT[m


[33mGenerating formula for depth 6[m
Computing PDT took: 170.730 ms
Computed PDT. Extracting leafs ... 292 leafs
Clear pruning tables ... done.
[34mPruning round [m1 Phase: 1
FF Pruning: removed 136520 of 142175
[34mPruning round [m2 Phase: 1
FF Pruning: removed 0 of 5655
Pruning: 259527 of 259570
Leaf Primitive Pruning: 172088 of 172102
Pruning gave 0 new invariants
Assigning variable IDs for PDT ... done. 276 new variables.
Decomposition Clauses generated.
Pruned clauses.
Block compression leads to 6 timesteps.
Decomp formula generated
State atoms
State formula
Matching
Invar time: 34.095ms SM: 0 M: 0 I: 0 SI: 20567
[34mFormula: [m320 decomposition 12090 state 123402 mutex
Formula has 10717 vars and 182740 clauses.
Formula time: 248.403ms
Starting solver
Solver time: 0.807ms
Solver state: [32mSAT[m
==>
0 SHOP_methodm_quell_riot_precondition[twelve_corners,brighton]
1 p_1Call[]
2 p_2Call[]
3 SHOP_methodm_get_to_person_drives_themself_precondition[pu2,twelve_corners,pvan2,texaco1]
4 SHOP_methodm_drive_to_precondition[pvan2,texaco1,pu2]
5 p_3Navegate_vehicle[]
6 SHOP_methodm_get_to_person_drives_themself_precondition[pu1,twelve_corners,pvan1,henrietta_dump]
7 SHOP_methodm_drive_to_precondition[pvan1,henrietta_dump,pu1]
8 p_4Navegate_vehicle[]
9 p_5Set_up_barricades[]
10 p_6Set_up_barricades[]
root 11
11 __top[] -> __top_method 12
12 tlt[] -> m_tlt_quell_riot 13
13 quell_riot[twelve_corners] -> <m_quell_riot;m_quell_riot_splitted_12[twelve_corners];<_splitting_method_m_quell_riot_splitted_12;declare_curfew[brighton];m_declare_curfew;1;0,-1,-2>;0;-1,-2,-3,1,2,3,4> 0 14 15 16 20 24 25
14 ccall[ebs] -> prefix_1 1
15 ccall[police_chief] -> prefix_2 2
16 get_to[pu2,twelve_corners] -> m_get_to_person_drives_themself 17 18
17 m_get_to_person_drives_themself_splitted_5[pu2,twelve_corners,pvan2] -> _splitting_method_m_get_to_person_drives_themself_splitted_5 3
18 drive_to[pu2,pvan2,twelve_corners] -> m_drive_to 4 19
19 cnavegate_vehicle[pu2,pvan2,twelve_corners,texaco1] -> prefix_3 5
20 get_to[pu1,twelve_corners] -> m_get_to_person_drives_themself 21 22
21 m_get_to_person_drives_themself_splitted_5[pu1,twelve_corners,pvan1] -> _splitting_method_m_get_to_person_drives_themself_splitted_5 6
22 drive_to[pu1,pvan1,twelve_corners] -> m_drive_to 7 23
23 cnavegate_vehicle[pu1,pvan1,twelve_corners,henrietta_dump] -> prefix_4 8
24 cset_up_barricades[pu2] -> prefix_5 9
25 cset_up_barricades[pu1] -> prefix_6 10
<==

RUNWATCH_RESULT EXIT RETVAL 0 TIME_SECS 24.3536 MEMPEAK_KBS 3828
