    _           _         _
   \ |         \ |       | |                       
   | |     __  | |      _| |______                
   | |     \/  | |     /_   ______\                
   | |      _  | |   __  | |  ___   ___   ___       
   | |___  | | | |  / .\ | | / , | |   \ / ·_\    
   \_____\ |_| |__\ \__/ |_| \___) |_|_| \___\  
[39mL i l o t a n e  version rls-cadical
by Dominik Schreiber <dominik.schreiber@kit.edu> 2020-2021
using SAT solver cadical

0.004 Parser finished.
0.004 Structures extracted.
0.004 9 operators and 7 methods created.
0.005 Mined 13 new reduction preconditions (+inf%).
0.005 Iteration 0.
0.005 Creating initial layer of size 2
0.007 Attempting to solve formula with 3 clauses (3 literals) and 1 assumptions
0.007 Unsolvable at layer 0 -- expanding.
0.007 Iteration 1.
0.007 New layer size: 11
0.007 Instantiating ...
0.009 Collected 0 relevant facts at this layer
0.009 Encoding ...
0.009 Attempting to solve formula with 55 clauses (107 literals) and 10 assumptions
0.009 Unsolvable at layer 1 -- expanding.
0.009 Iteration 2.
0.009 New layer size: 41
0.009 Instantiating ...
0.009 Retroactively prune action (__SURROGATE*m_drive_to_ordering_0*drive* Q_2,0_location:0_b75416cf69bfb22b city_loc_2 Q_1,0_vehicle:0_cdd3f8f7bc21a656) due to impossible effect !(at Q_1,0_vehicle:0_cdd3f8f7bc21a656 Q_2,0_location:0_b75416cf69bfb22b)
0.019 Collected 68 relevant facts at this layer
0.019 Encoding ...
0.026 Attempting to solve formula with 5920 clauses (19656 literals) and 20 assumptions
0.026 Unsolvable at layer 2 -- expanding.
0.026 Iteration 3.
0.026 New layer size: 61
0.026 Instantiating ...
0.041 Collected 68 relevant facts at this layer
0.041 Encoding ...
0.051 Attempting to solve formula with 14002 clauses (46943 literals) and 20 assumptions
0.067 Found a solution at layer 3.
==>
1437 drive truck_0 city_loc_3 city_loc_9
1449 drive truck_0 city_loc_9 city_loc_2
1474 pick_up truck_0 city_loc_2 package_8 capacity_2 capacity_3
1477 drive truck_0 city_loc_2 city_loc_6
1504 drive truck_0 city_loc_6 city_loc_9
1530 drop truck_0 city_loc_9 package_8 capacity_2 capacity_3
1536 drive truck_0 city_loc_9 city_loc_6
1560 drive truck_0 city_loc_6 city_loc_0
1586 pick_up truck_0 city_loc_0 package_4 capacity_2 capacity_3
1592 drive truck_0 city_loc_0 city_loc_6
1616 drive truck_0 city_loc_6 city_loc_2
1642 drop truck_0 city_loc_2 package_4 capacity_2 capacity_3
1647 noop truck_0 city_loc_2
1663 drive truck_0 city_loc_2 city_loc_7
1689 pick_up truck_0 city_loc_7 package_9 capacity_2 capacity_3
1692 drive truck_0 city_loc_7 city_loc_0
1719 drive truck_0 city_loc_0 city_loc_8
1745 drop truck_0 city_loc_8 package_9 capacity_2 capacity_3
1751 drive truck_0 city_loc_8 city_loc_6
1775 drive truck_0 city_loc_6 city_loc_9
1801 pick_up truck_0 city_loc_9 package_5 capacity_2 capacity_3
1806 drive truck_0 city_loc_9 city_loc_2
1831 drive truck_0 city_loc_2 city_loc_1
1857 drop truck_0 city_loc_1 package_5 capacity_2 capacity_3
1860 drive truck_0 city_loc_1 city_loc_0
1887 drive truck_0 city_loc_0 city_loc_8
1913 pick_up truck_0 city_loc_8 package_2 capacity_2 capacity_3
1916 drive truck_0 city_loc_8 city_loc_8
1942 drive truck_0 city_loc_8 city_loc_5
1968 drop truck_0 city_loc_5 package_2 capacity_2 capacity_3
1971 drive truck_0 city_loc_5 city_loc_2
1998 drive truck_0 city_loc_2 city_loc_9
2024 pick_up truck_0 city_loc_9 package_6 capacity_2 capacity_3
2029 drive truck_0 city_loc_9 city_loc_2
2054 drive truck_0 city_loc_2 city_loc_1
2080 drop truck_0 city_loc_1 package_6 capacity_2 capacity_3
2084 drive truck_0 city_loc_1 city_loc_2
2109 drive truck_0 city_loc_2 city_loc_5
2135 pick_up truck_0 city_loc_5 package_1 capacity_2 capacity_3
2139 drive truck_0 city_loc_5 city_loc_8
2165 drive truck_0 city_loc_8 city_loc_0
2191 drop truck_0 city_loc_0 package_1 capacity_2 capacity_3
2197 drive truck_1 city_loc_3 city_loc_9
2217 drive truck_1 city_loc_9 city_loc_3
2243 pick_up truck_1 city_loc_3 package_7 capacity_2 capacity_3
2246 drive truck_1 city_loc_3 city_loc_9
2273 drive truck_1 city_loc_9 city_loc_2
2299 drop truck_1 city_loc_2 package_7 capacity_2 capacity_3
2305 noop truck_0 city_loc_0
2320 drive truck_0 city_loc_0 city_loc_7
2346 pick_up truck_0 city_loc_7 package_0 capacity_2 capacity_3
2351 drive truck_0 city_loc_7 city_loc_2
2375 drive truck_0 city_loc_2 city_loc_5
2401 drop truck_0 city_loc_5 package_0 capacity_2 capacity_3
2407 drive truck_1 city_loc_2 city_loc_9
2427 drive truck_1 city_loc_9 city_loc_3
2453 pick_up truck_1 city_loc_3 package_3 capacity_2 capacity_3
2456 drive truck_1 city_loc_3 city_loc_9
2509 drop truck_1 city_loc_9 package_3 capacity_2 capacity_3
root 5 9 13 17 21 25 29 33 37 41
5 deliver package_8 city_loc_9 -> m_deliver_ordering_0 47 1473 154 1529
9 deliver package_4 city_loc_2 -> m_deliver_ordering_0 221 1585 290 1641
13 deliver package_9 city_loc_8 -> m_deliver_ordering_0 359 1688 425 1744
17 deliver package_5 city_loc_1 -> m_deliver_ordering_0 492 1800 559 1856
21 deliver package_2 city_loc_5 -> m_deliver_ordering_0 624 1912 691 1967
25 deliver package_6 city_loc_1 -> m_deliver_ordering_0 757 2023 824 2079
29 deliver package_1 city_loc_0 -> m_deliver_ordering_0 889 2134 955 2190
33 deliver package_7 city_loc_2 -> m_deliver_ordering_0 1024 2242 1089 2298
37 deliver package_0 city_loc_5 -> m_deliver_ordering_0 1158 2345 1224 2400
41 deliver package_3 city_loc_9 -> m_deliver_ordering_0 1290 2452 2455 2508
47 get_to truck_0 city_loc_2 -> m_drive_to_via_ordering_0 1436 1449
154 get_to truck_0 city_loc_9 -> m_drive_to_via_ordering_0 1476 1504
221 get_to truck_0 city_loc_0 -> m_drive_to_via_ordering_0 1535 1560
290 get_to truck_0 city_loc_2 -> m_drive_to_via_ordering_0 1591 1616
359 get_to truck_0 city_loc_7 -> m_drive_to_via_ordering_0 1646 1663
425 get_to truck_0 city_loc_8 -> m_drive_to_via_ordering_0 1691 1719
492 get_to truck_0 city_loc_9 -> m_drive_to_via_ordering_0 1750 1775
559 get_to truck_0 city_loc_1 -> m_drive_to_via_ordering_0 1805 1831
624 get_to truck_0 city_loc_8 -> m_drive_to_via_ordering_0 1859 1887
691 get_to truck_0 city_loc_5 -> m_drive_to_via_ordering_0 1915 1942
757 get_to truck_0 city_loc_9 -> m_drive_to_via_ordering_0 1970 1998
824 get_to truck_0 city_loc_1 -> m_drive_to_via_ordering_0 2028 2054
889 get_to truck_0 city_loc_5 -> m_drive_to_via_ordering_0 2083 2109
955 get_to truck_0 city_loc_0 -> m_drive_to_via_ordering_0 2138 2165
1024 get_to truck_1 city_loc_3 -> m_drive_to_via_ordering_0 2196 2217
1089 get_to truck_1 city_loc_2 -> m_drive_to_via_ordering_0 2245 2273
1158 get_to truck_0 city_loc_7 -> m_drive_to_via_ordering_0 2304 2320
1224 get_to truck_0 city_loc_5 -> m_drive_to_via_ordering_0 2350 2375
1290 get_to truck_1 city_loc_3 -> m_drive_to_via_ordering_0 2406 2427
1436 get_to truck_0 city_loc_9 -> m_drive_to_ordering_0 1437
1473 load truck_0 city_loc_2 package_8 -> m_load_ordering_0 1474
1476 get_to truck_0 city_loc_6 -> m_drive_to_ordering_0 1477
1529 unload truck_0 city_loc_9 package_8 -> m_unload_ordering_0 1530
1535 get_to truck_0 city_loc_6 -> m_drive_to_ordering_0 1536
1585 load truck_0 city_loc_0 package_4 -> m_load_ordering_0 1586
1591 get_to truck_0 city_loc_6 -> m_drive_to_ordering_0 1592
1641 unload truck_0 city_loc_2 package_4 -> m_unload_ordering_0 1642
1646 get_to truck_0 city_loc_2 -> m_i_am_there_ordering_0 1647
1688 load truck_0 city_loc_7 package_9 -> m_load_ordering_0 1689
1691 get_to truck_0 city_loc_0 -> m_drive_to_ordering_0 1692
1744 unload truck_0 city_loc_8 package_9 -> m_unload_ordering_0 1745
1750 get_to truck_0 city_loc_6 -> m_drive_to_ordering_0 1751
1800 load truck_0 city_loc_9 package_5 -> m_load_ordering_0 1801
1805 get_to truck_0 city_loc_2 -> m_drive_to_ordering_0 1806
1856 unload truck_0 city_loc_1 package_5 -> m_unload_ordering_0 1857
1859 get_to truck_0 city_loc_0 -> m_drive_to_ordering_0 1860
1912 load truck_0 city_loc_8 package_2 -> m_load_ordering_0 1913
1915 get_to truck_0 city_loc_8 -> m_drive_to_ordering_0 1916
1967 unload truck_0 city_loc_5 package_2 -> m_unload_ordering_0 1968
1970 get_to truck_0 city_loc_2 -> m_drive_to_ordering_0 1971
2023 load truck_0 city_loc_9 package_6 -> m_load_ordering_0 2024
2028 get_to truck_0 city_loc_2 -> m_drive_to_ordering_0 2029
2079 unload truck_0 city_loc_1 package_6 -> m_unload_ordering_0 2080
2083 get_to truck_0 city_loc_2 -> m_drive_to_ordering_0 2084
2134 load truck_0 city_loc_5 package_1 -> m_load_ordering_0 2135
2138 get_to truck_0 city_loc_8 -> m_drive_to_ordering_0 2139
2190 unload truck_0 city_loc_0 package_1 -> m_unload_ordering_0 2191
2196 get_to truck_1 city_loc_9 -> m_drive_to_ordering_0 2197
2242 load truck_1 city_loc_3 package_7 -> m_load_ordering_0 2243
2245 get_to truck_1 city_loc_9 -> m_drive_to_ordering_0 2246
2298 unload truck_1 city_loc_2 package_7 -> m_unload_ordering_0 2299
2304 get_to truck_0 city_loc_0 -> m_i_am_there_ordering_0 2305
2345 load truck_0 city_loc_7 package_0 -> m_load_ordering_0 2346
2350 get_to truck_0 city_loc_2 -> m_drive_to_ordering_0 2351
2400 unload truck_0 city_loc_5 package_0 -> m_unload_ordering_0 2401
2406 get_to truck_1 city_loc_9 -> m_drive_to_ordering_0 2407
2452 load truck_1 city_loc_3 package_3 -> m_load_ordering_0 2453
2455 get_to truck_1 city_loc_9 -> m_drive_to_ordering_0 2456
2508 unload truck_1 city_loc_9 package_3 -> m_unload_ordering_0 2509
<==
0.070 End of solution plan. (counted length of 59)
0.070 Total amount of clauses encoded: 14002
0.070 - indirectframeaxioms : 3476 cls
0.070 - directframeaxioms : 2800 cls
0.070 - qfactsemantics : 2484 cls
0.070 - actionconstraints : 2272 cls
0.070 - reductionconstraints : 903 cls
0.070 - qconstequality : 551 cls
0.070 - substitutionconstraints : 545 cls
0.070 - atmostoneelement : 267 cls
0.070 - predecessors : 247 cls
0.070 - actioneffects : 198 cls
0.070 - expansions : 189 cls
0.070 - truefacts : 68 cls
0.070 - axiomaticops : 2 cls
0.070 # instantiated positions: 114
0.070 # instantiated actions: 198
0.070 # instantiated reductions: 51
0.070 # introduced pseudo-constants: 127
0.070 # retroactive prunings: 1
0.070 # retroactively pruned operations: 1
0.070 # dominated operations: 0
0.070 Exiting happily (no cleaning up).

RUNWATCH_RESULT EXIT RETVAL 0 TIME_SECS 0.0761719 MEMPEAK_KBS 672
