    _           _         _
   \ |         \ |       | |                       
   | |     __  | |      _| |______                
   | |     \/  | |     /_   ______\                
   | |      _  | |   __  | |  ___   ___   ___       
   | |___  | | | |  / .\ | | / , | |   \ / ·_\    
   \_____\ |_| |__\ \__/ |_| \___) |_|_| \___\  
[39mL i l o t a n e  version rls-glucose4
by Dominik Schreiber <dominik.schreiber@kit.edu> 2020-2021
using SAT solver glucose4

0.056 Parser finished.
0.057 Structures extracted.
0.072 312 operators and 305 methods created.
1.817 Mined 582 new reduction preconditions (+90.1%).
1.817 Iteration 0.
1.817 Creating initial layer of size 2
2.164 Attempting to solve formula with 3 clauses (3 literals) and 1 assumptions
2.165 Unsolvable at layer 0 -- expanding.
2.165 Iteration 1.
2.165 New layer size: 5
2.165 Instantiating ...
2.725 Collected 9 relevant facts at this layer
2.725 Encoding ...
2.729 Attempting to solve formula with 145 clauses (347 literals) and 4 assumptions
2.729 Unsolvable at layer 1 -- expanding.
2.729 Iteration 2.
2.729 New layer size: 9
2.729 Instantiating ...
7.516 Collected 195 relevant facts at this layer
7.516 Encoding ...
7.530 Attempting to solve formula with 27095 clauses (61106 literals) and 4 assumptions
7.531 Unsolvable at layer 2 -- expanding.
7.531 Iteration 3.
7.531 New layer size: 13
7.531 Instantiating ...
22.674 Collected 379 relevant facts at this layer
22.674 Encoding ...
22.705 Attempting to solve formula with 74815 clauses (175477 literals) and 8 assumptions
22.706 Unsolvable at layer 3 -- expanding.
22.706 Iteration 4.
22.706 New layer size: 39
22.706 Instantiating ...
49.386 Collected 696 relevant facts at this layer
49.386 Encoding ...
49.485 Attempting to solve formula with 170431 clauses (433493 literals) and 19 assumptions
49.485 Unsolvable at layer 4 -- expanding.
49.485 Iteration 5.
49.485 New layer size: 90
49.485 Instantiating ...
121.860 Collected 1304 relevant facts at this layer
121.860 Encoding ...
122.183 Attempting to solve formula with 515219 clauses (1345594 literals) and 35 assumptions
122.198 Unsolvable at layer 5 -- expanding.
122.198 Iteration 6.
122.198 New layer size: 157
122.198 Instantiating ...
301.199 Collected 1328 relevant facts at this layer
301.199 Encoding ...
301.881 Attempting to solve formula with 1327669 clauses (3448861 literals) and 62 assumptions
301.956 Unsolvable at layer 6 -- expanding.
301.956 Iteration 7.
301.956 New layer size: 292
301.956 Instantiating ...
673.058 Collected 1648 relevant facts at this layer
673.058 Encoding ...
674.717 Attempting to solve formula with 2983987 clauses (7956617 literals) and 120 assumptions
674.990 Unsolvable at layer 7 -- expanding.
674.990 Iteration 8.
674.990 New layer size: 586
674.990 Instantiating ...
1360.560 Collected 2052 relevant facts at this layer
1360.560 Encoding ...
1364.681 Attempting to solve formula with 6726569 clauses (18754281 literals) and 234 assumptions
1365.845 Unsolvable at layer 8 -- expanding.
1365.845 Iteration 9.
1365.845 New layer size: 1132
1365.845 Instantiating ...
1803.219 Termination signal caught.
1803.219 Total amount of clauses encoded: 6726569
1803.219 - reductionconstraints : 2824490 cls
1803.219 - directframeaxioms : 2117068 cls
1803.219 - qfactsemantics : 777397 cls
1803.219 - indirectframeaxioms : 423123 cls
1803.219 - substitutionconstraints : 243760 cls
1803.219 - atmostoneelement : 205651 cls
1803.219 - qconstequality : 51686 cls
1803.219 - expansions : 35679 cls
1803.219 - predecessors : 22131 cls
1803.219 - actionconstraints : 15393 cls
1803.219 - actioneffects : 8137 cls
1803.219 - truefacts : 2052 cls
1803.219 - axiomaticops : 2 cls
1803.219 # instantiated positions: 1518
1803.219 # instantiated actions: 12971
1803.219 # instantiated reductions: 16325
1803.219 # introduced pseudo-constants: 4943
1803.219 # retroactive prunings: 8
1803.219 # retroactively pruned operations: 8
1803.219 # dominated operations: 1859
1803.219 # total invalid rigid preconditions found in getPFC: 48246
1803.219 # invalid rigid preconditions found in getPFC: 0
1803.219 # invalid rigid preconditions found in getPFC in varrestrictions: 48246
1803.219 # total invalid fluent preconditions found in getPFC: 981168
1803.219 # invalid fluent preconditions found in getPFC: 12773
1803.219 # invalid fluent preconditions found in getPFC in varrestrictions: 5
1803.219 # invalid fluent preconditions found in getPFC via postconditions: 968390
1803.219 # invalid subtasks found in getPFC: 8
1803.219 # number effects in operation fact_frames: 14208
1803.219 Exiting happily.

RUNWATCH_RESULT TIMEOUT RETVAL 0 TIME_SECS 1803.34 MEMPEAK_KBS 1687856
