    _           _         _
   \ |         \ |       | |                       
   | |     __  | |      _| |______                
   | |     \/  | |     /_   ______\                
   | |      _  | |   __  | |  ___   ___   ___       
   | |___  | | | |  / .\ | | / , | |   \ / ·_\    
   \_____\ |_| |__\ \__/ |_| \___) |_|_| \___\  
[39mL i l o t a n e  version rls-glucose4
by Dominik Schreiber <dominik.schreiber@kit.edu> 2020-2021
using SAT solver glucose4

0.008 Parser finished.
0.008 Structures extracted.
0.009 28 operators and 21 methods created.
0.019 Mined 76 new reduction preconditions (+262.1%).
0.019 Iteration 0.
0.019 Creating initial layer of size 2
0.029 Attempting to solve formula with 5 clauses (6 literals) and 1 assumptions
0.029 Unsolvable at layer 0 -- expanding.
0.029 Iteration 1.
0.029 New layer size: 2
0.029 Instantiating ...
0.031 Collected 1 relevant facts at this layer
0.031 Encoding ...
0.031 Attempting to solve formula with 12 clauses (20 literals) and 1 assumptions
0.031 Unsolvable at layer 1 -- expanding.
0.031 Iteration 2.
0.031 New layer size: 3
0.031 Instantiating ...
0.046 Collected 2 relevant facts at this layer
0.046 Encoding ...
0.046 Attempting to solve formula with 1289 clauses (2721 literals) and 2 assumptions
0.046 Unsolvable at layer 2 -- expanding.
0.046 Iteration 3.
0.047 New layer size: 4
0.047 Instantiating ...
0.050 Retroactively prune action (__SURROGATE*c2*connect_2* Q_2,0_Port:0_851e3d13c276e7f6 Q_2,0_Port:1_851e3d13c276e7f6 Q_3,0_PlugType:0_4468412b99fcb8bb female in male out) due to impossible effect (isOccupied Q_2,0_Port:0_851e3d13c276e7f6)
0.052 Retroactively prune action (__SURROGATE*c6*connect_6* Q_2,0_Port:0_851e3d13c276e7f6 Q_2,0_Port:1_851e3d13c276e7f6 Q_3,0_PlugType:0_4468412b99fcb8bb female in male out) due to impossible effect (isOccupied Q_2,0_Port:1_851e3d13c276e7f6)
0.052 Retroactively prune action (__SURROGATE*c5*connect_5* Q_2,0_Port:0_851e3d13c276e7f6 Q_2,0_Port:1_851e3d13c276e7f6 Q_3,0_PlugType:0_4468412b99fcb8bb female in male out) due to impossible effect (isOccupied Q_2,0_Port:1_851e3d13c276e7f6)
0.052 Retroactively prune action (__SURROGATE*c1*connect_1* Q_2,0_Port:0_851e3d13c276e7f6 Q_2,0_Port:1_851e3d13c276e7f6 Q_3,0_PlugType:0_4468412b99fcb8bb female in male out) due to impossible effect (isOccupied Q_2,0_Port:0_851e3d13c276e7f6)
0.075 Collected 422 relevant facts at this layer
0.075 Encoding ...
0.085 Attempting to solve formula with 12061 clauses (38622 literals) and 2 assumptions
0.086 Unsolvable at layer 3 -- expanding.
0.086 Iteration 4.
0.086 New layer size: 5
0.086 Instantiating ...
0.095 Retroactively prune action (__SURROGATE*c1*connect_1* Q_3,1_Port:0_851e3d13c276e7f6 Q_3,1_Port:1_851e3d13c276e7f6 Q_4,1_PlugType:0_4468412b99fcb8bb female in male out) due to impossible effect (isOccupied Q_3,1_Port:0_851e3d13c276e7f6)
0.095 Retroactively prune action (__SURROGATE*c5*connect_5* Q_3,1_Port:0_851e3d13c276e7f6 Q_3,1_Port:1_851e3d13c276e7f6 Q_4,1_PlugType:0_4468412b99fcb8bb female in male out) due to impossible effect (isOccupied Q_3,1_Port:1_851e3d13c276e7f6)
0.096 Retroactively prune action (__SURROGATE*c2*connect_2* Q_3,1_Port:0_851e3d13c276e7f6 Q_3,1_Port:1_851e3d13c276e7f6 Q_4,1_PlugType:0_4468412b99fcb8bb female in male out) due to impossible effect (isOccupied Q_3,1_Port:0_851e3d13c276e7f6)
0.096 Retroactively prune action (__SURROGATE*c6*connect_6* Q_3,1_Port:0_851e3d13c276e7f6 Q_3,1_Port:1_851e3d13c276e7f6 Q_4,1_PlugType:0_4468412b99fcb8bb female in male out) due to impossible effect (isOccupied Q_3,1_Port:1_851e3d13c276e7f6)
0.118 Collected 422 relevant facts at this layer
0.118 Encoding ...
0.131 Attempting to solve formula with 24037 clauses (82086 literals) and 3 assumptions
0.132 Unsolvable at layer 4 -- expanding.
0.132 Iteration 5.
0.132 New layer size: 6
0.132 Instantiating ...
0.148 Retroactively prune action (__SURROGATE*c1*connect_1* Q_4,2_Port:0_851e3d13c276e7f6 Q_4,2_Port:1_851e3d13c276e7f6 Q_5,2_PlugType:0_4468412b99fcb8bb female in male out) due to impossible effect (isOccupied Q_4,2_Port:0_851e3d13c276e7f6)
0.149 Retroactively prune action (__SURROGATE*c6*connect_6* Q_4,2_Port:0_851e3d13c276e7f6 Q_4,2_Port:1_851e3d13c276e7f6 Q_5,2_PlugType:0_4468412b99fcb8bb female in male out) due to impossible effect (isOccupied Q_4,2_Port:1_851e3d13c276e7f6)
0.150 Retroactively prune action (__SURROGATE*c2*connect_2* Q_4,2_Port:0_851e3d13c276e7f6 Q_4,2_Port:1_851e3d13c276e7f6 Q_5,2_PlugType:0_4468412b99fcb8bb female in male out) due to impossible effect (isOccupied Q_4,2_Port:0_851e3d13c276e7f6)
0.151 Retroactively prune action (__SURROGATE*c5*connect_5* Q_4,2_Port:0_851e3d13c276e7f6 Q_4,2_Port:1_851e3d13c276e7f6 Q_5,2_PlugType:0_4468412b99fcb8bb female in male out) due to impossible effect (isOccupied Q_4,2_Port:1_851e3d13c276e7f6)
0.172 Collected 422 relevant facts at this layer
0.172 Encoding ...
0.192 Attempting to solve formula with 40414 clauses (143947 literals) and 4 assumptions
0.194 Unsolvable at layer 5 -- expanding.
0.194 Iteration 6.
0.194 New layer size: 7
0.194 Instantiating ...
0.216 Retroactively prune action (__SURROGATE*c2*connect_2* Q_5,3_Port:0_851e3d13c276e7f6 Q_5,3_Port:1_851e3d13c276e7f6 Q_6,3_PlugType:0_4468412b99fcb8bb female in male out) due to impossible effect (isOccupied Q_5,3_Port:0_851e3d13c276e7f6)
0.218 Retroactively prune action (__SURROGATE*c1*connect_1* Q_5,3_Port:0_851e3d13c276e7f6 Q_5,3_Port:1_851e3d13c276e7f6 Q_6,3_PlugType:0_4468412b99fcb8bb female in male out) due to impossible effect (isOccupied Q_5,3_Port:0_851e3d13c276e7f6)
0.218 Retroactively prune action (__SURROGATE*c6*connect_6* Q_5,3_Port:0_851e3d13c276e7f6 Q_5,3_Port:1_851e3d13c276e7f6 Q_6,3_PlugType:0_4468412b99fcb8bb female in male out) due to impossible effect (isOccupied Q_5,3_Port:1_851e3d13c276e7f6)
0.218 Retroactively prune action (__SURROGATE*c5*connect_5* Q_5,3_Port:0_851e3d13c276e7f6 Q_5,3_Port:1_851e3d13c276e7f6 Q_6,3_PlugType:0_4468412b99fcb8bb female in male out) due to impossible effect (isOccupied Q_5,3_Port:1_851e3d13c276e7f6)
0.241 Collected 422 relevant facts at this layer
0.241 Encoding ...
0.268 Attempting to solve formula with 61589 clauses (225059 literals) and 5 assumptions
0.274 Unsolvable at layer 6 -- expanding.
0.274 Iteration 7.
0.274 New layer size: 8
0.274 Instantiating ...
0.304 Retroactively prune action (__SURROGATE*c2*connect_2* Q_6,4_Port:0_851e3d13c276e7f6 Q_6,4_Port:1_851e3d13c276e7f6 Q_7,4_PlugType:0_4468412b99fcb8bb female in male out) due to impossible effect (isOccupied Q_6,4_Port:0_851e3d13c276e7f6)
0.304 Retroactively prune action (__SURROGATE*c6*connect_6* Q_6,4_Port:0_851e3d13c276e7f6 Q_6,4_Port:1_851e3d13c276e7f6 Q_7,4_PlugType:0_4468412b99fcb8bb female in male out) due to impossible effect (isOccupied Q_6,4_Port:1_851e3d13c276e7f6)
0.304 Retroactively prune action (__SURROGATE*c1*connect_1* Q_6,4_Port:0_851e3d13c276e7f6 Q_6,4_Port:1_851e3d13c276e7f6 Q_7,4_PlugType:0_4468412b99fcb8bb female in male out) due to impossible effect (isOccupied Q_6,4_Port:0_851e3d13c276e7f6)
0.305 Retroactively prune action (__SURROGATE*c5*connect_5* Q_6,4_Port:0_851e3d13c276e7f6 Q_6,4_Port:1_851e3d13c276e7f6 Q_7,4_PlugType:0_4468412b99fcb8bb female in male out) due to impossible effect (isOccupied Q_6,4_Port:1_851e3d13c276e7f6)
0.326 Collected 422 relevant facts at this layer
0.327 Encoding ...
0.359 Attempting to solve formula with 87012 clauses (324517 literals) and 6 assumptions
0.383 Unsolvable at layer 7 -- expanding.
0.383 Iteration 8.
0.383 New layer size: 9
0.383 Instantiating ...
0.419 Retroactively prune action (__SURROGATE*c2*connect_2* Q_7,5_Port:0_851e3d13c276e7f6 Q_7,5_Port:1_851e3d13c276e7f6 Q_8,5_PlugType:0_4468412b99fcb8bb female in male out) due to impossible effect (isOccupied Q_7,5_Port:0_851e3d13c276e7f6)
0.420 Retroactively prune action (__SURROGATE*c6*connect_6* Q_7,5_Port:0_851e3d13c276e7f6 Q_7,5_Port:1_851e3d13c276e7f6 Q_8,5_PlugType:0_4468412b99fcb8bb female in male out) due to impossible effect (isOccupied Q_7,5_Port:1_851e3d13c276e7f6)
0.421 Retroactively prune action (__SURROGATE*c1*connect_1* Q_7,5_Port:0_851e3d13c276e7f6 Q_7,5_Port:1_851e3d13c276e7f6 Q_8,5_PlugType:0_4468412b99fcb8bb female in male out) due to impossible effect (isOccupied Q_7,5_Port:0_851e3d13c276e7f6)
0.421 Retroactively prune action (__SURROGATE*c5*connect_5* Q_7,5_Port:0_851e3d13c276e7f6 Q_7,5_Port:1_851e3d13c276e7f6 Q_8,5_PlugType:0_4468412b99fcb8bb female in male out) due to impossible effect (isOccupied Q_7,5_Port:1_851e3d13c276e7f6)
0.444 Collected 422 relevant facts at this layer
0.445 Encoding ...
0.480 Attempting to solve formula with 117117 clauses (442672 literals) and 7 assumptions
0.529 Unsolvable at layer 8 -- expanding.
0.529 Iteration 9.
0.529 New layer size: 10
0.529 Instantiating ...
0.574 Retroactively prune action (__SURROGATE*c2*connect_2* Q_8,6_Port:0_851e3d13c276e7f6 Q_8,6_Port:1_851e3d13c276e7f6 Q_9,6_PlugType:0_4468412b99fcb8bb female in male out) due to impossible effect (isOccupied Q_8,6_Port:0_851e3d13c276e7f6)
0.575 Retroactively prune action (__SURROGATE*c5*connect_5* Q_8,6_Port:0_851e3d13c276e7f6 Q_8,6_Port:1_851e3d13c276e7f6 Q_9,6_PlugType:0_4468412b99fcb8bb female in male out) due to impossible effect (isOccupied Q_8,6_Port:1_851e3d13c276e7f6)
0.575 Retroactively prune action (__SURROGATE*c1*connect_1* Q_8,6_Port:0_851e3d13c276e7f6 Q_8,6_Port:1_851e3d13c276e7f6 Q_9,6_PlugType:0_4468412b99fcb8bb female in male out) due to impossible effect (isOccupied Q_8,6_Port:0_851e3d13c276e7f6)
0.575 Retroactively prune action (__SURROGATE*c6*connect_6* Q_8,6_Port:0_851e3d13c276e7f6 Q_8,6_Port:1_851e3d13c276e7f6 Q_9,6_PlugType:0_4468412b99fcb8bb female in male out) due to impossible effect (isOccupied Q_8,6_Port:1_851e3d13c276e7f6)
0.599 Collected 422 relevant facts at this layer
0.599 Encoding ...
0.643 Attempting to solve formula with 151870 clauses (580049 literals) and 8 assumptions
0.731 Unsolvable at layer 9 -- expanding.
0.731 Iteration 10.
0.731 New layer size: 11
0.731 Instantiating ...
0.784 Retroactively prune action (__SURROGATE*c2*connect_2* Q_9,7_Port:0_851e3d13c276e7f6 Q_9,7_Port:1_851e3d13c276e7f6 Q_10,7_PlugType:0_4468412b99fcb8bb female in male out) due to impossible effect (isOccupied Q_9,7_Port:0_851e3d13c276e7f6)
0.785 Retroactively prune action (__SURROGATE*c1*connect_1* Q_9,7_Port:0_851e3d13c276e7f6 Q_9,7_Port:1_851e3d13c276e7f6 Q_10,7_PlugType:0_4468412b99fcb8bb female in male out) due to impossible effect (isOccupied Q_9,7_Port:0_851e3d13c276e7f6)
0.786 Retroactively prune action (__SURROGATE*c6*connect_6* Q_9,7_Port:0_851e3d13c276e7f6 Q_9,7_Port:1_851e3d13c276e7f6 Q_10,7_PlugType:0_4468412b99fcb8bb female in male out) due to impossible effect (isOccupied Q_9,7_Port:1_851e3d13c276e7f6)
0.788 Retroactively prune action (__SURROGATE*c5*connect_5* Q_9,7_Port:0_851e3d13c276e7f6 Q_9,7_Port:1_851e3d13c276e7f6 Q_10,7_PlugType:0_4468412b99fcb8bb female in male out) due to impossible effect (isOccupied Q_9,7_Port:1_851e3d13c276e7f6)
0.809 Collected 422 relevant facts at this layer
0.809 Encoding ...
0.862 Attempting to solve formula with 190741 clauses (735192 literals) and 9 assumptions
1.154 Unsolvable at layer 10 -- expanding.
1.154 Iteration 11.
1.154 New layer size: 12
1.154 Instantiating ...
1.212 Retroactively prune action (__SURROGATE*c2*connect_2* Q_10,8_Port:0_851e3d13c276e7f6 Q_10,8_Port:1_851e3d13c276e7f6 Q_11,8_PlugType:0_4468412b99fcb8bb female in male out) due to impossible effect (isOccupied Q_10,8_Port:0_851e3d13c276e7f6)
1.214 Retroactively prune action (__SURROGATE*c6*connect_6* Q_10,8_Port:0_851e3d13c276e7f6 Q_10,8_Port:1_851e3d13c276e7f6 Q_11,8_PlugType:0_4468412b99fcb8bb female in male out) due to impossible effect (isOccupied Q_10,8_Port:1_851e3d13c276e7f6)
1.214 Retroactively prune action (__SURROGATE*c5*connect_5* Q_10,8_Port:0_851e3d13c276e7f6 Q_10,8_Port:1_851e3d13c276e7f6 Q_11,8_PlugType:0_4468412b99fcb8bb female in male out) due to impossible effect (isOccupied Q_10,8_Port:1_851e3d13c276e7f6)
1.214 Retroactively prune action (__SURROGATE*c1*connect_1* Q_10,8_Port:0_851e3d13c276e7f6 Q_10,8_Port:1_851e3d13c276e7f6 Q_11,8_PlugType:0_4468412b99fcb8bb female in male out) due to impossible effect (isOccupied Q_10,8_Port:0_851e3d13c276e7f6)
1.238 Collected 422 relevant facts at this layer
1.238 Encoding ...
1.291 Attempting to solve formula with 234716 clauses (909942 literals) and 10 assumptions
1.880 Unsolvable at layer 11 -- expanding.
1.880 Iteration 12.
1.880 New layer size: 13
1.880 Instantiating ...
1.949 Retroactively prune action (__SURROGATE*c5*connect_5* Q_11,9_Port:0_851e3d13c276e7f6 Q_11,9_Port:1_851e3d13c276e7f6 Q_12,9_PlugType:0_4468412b99fcb8bb female in male out) due to impossible effect (isOccupied Q_11,9_Port:1_851e3d13c276e7f6)
1.951 Retroactively prune action (__SURROGATE*c1*connect_1* Q_11,9_Port:0_851e3d13c276e7f6 Q_11,9_Port:1_851e3d13c276e7f6 Q_12,9_PlugType:0_4468412b99fcb8bb female in male out) due to impossible effect (isOccupied Q_11,9_Port:0_851e3d13c276e7f6)
1.951 Retroactively prune action (__SURROGATE*c6*connect_6* Q_11,9_Port:0_851e3d13c276e7f6 Q_11,9_Port:1_851e3d13c276e7f6 Q_12,9_PlugType:0_4468412b99fcb8bb female in male out) due to impossible effect (isOccupied Q_11,9_Port:1_851e3d13c276e7f6)
1.951 Retroactively prune action (__SURROGATE*c2*connect_2* Q_11,9_Port:0_851e3d13c276e7f6 Q_11,9_Port:1_851e3d13c276e7f6 Q_12,9_PlugType:0_4468412b99fcb8bb female in male out) due to impossible effect (isOccupied Q_11,9_Port:0_851e3d13c276e7f6)
1.976 Collected 422 relevant facts at this layer
1.976 Encoding ...
2.052 Attempting to solve formula with 283021 clauses (1103213 literals) and 11 assumptions
2.364 Unsolvable at layer 12 -- expanding.
2.364 Iteration 13.
2.364 New layer size: 14
2.364 Instantiating ...
2.444 Retroactively prune action (__SURROGATE*c2*connect_2* Q_12,10_Port:0_851e3d13c276e7f6 Q_12,10_Port:1_851e3d13c276e7f6 Q_13,10_PlugType:0_4468412b99fcb8bb female in male out) due to impossible effect (isOccupied Q_12,10_Port:0_851e3d13c276e7f6)
2.444 Retroactively prune action (__SURROGATE*c1*connect_1* Q_12,10_Port:0_851e3d13c276e7f6 Q_12,10_Port:1_851e3d13c276e7f6 Q_13,10_PlugType:0_4468412b99fcb8bb female in male out) due to impossible effect (isOccupied Q_12,10_Port:0_851e3d13c276e7f6)
2.447 Retroactively prune action (__SURROGATE*c5*connect_5* Q_12,10_Port:0_851e3d13c276e7f6 Q_12,10_Port:1_851e3d13c276e7f6 Q_13,10_PlugType:0_4468412b99fcb8bb female in male out) due to impossible effect (isOccupied Q_12,10_Port:1_851e3d13c276e7f6)
2.447 Retroactively prune action (__SURROGATE*c6*connect_6* Q_12,10_Port:0_851e3d13c276e7f6 Q_12,10_Port:1_851e3d13c276e7f6 Q_13,10_PlugType:0_4468412b99fcb8bb female in male out) due to impossible effect (isOccupied Q_12,10_Port:1_851e3d13c276e7f6)
2.470 Collected 422 relevant facts at this layer
2.470 Encoding ...
2.538 Attempting to solve formula with 335522 clauses (1314402 literals) and 12 assumptions
3.575 Unsolvable at layer 13 -- expanding.
3.575 Iteration 14.
3.575 New layer size: 15
3.575 Instantiating ...
3.661 Retroactively prune action (__SURROGATE*c6*connect_6* Q_13,11_Port:0_851e3d13c276e7f6 Q_13,11_Port:1_851e3d13c276e7f6 Q_14,11_PlugType:0_4468412b99fcb8bb female in male out) due to impossible effect (isOccupied Q_13,11_Port:1_851e3d13c276e7f6)
3.662 Retroactively prune action (__SURROGATE*c2*connect_2* Q_13,11_Port:0_851e3d13c276e7f6 Q_13,11_Port:1_851e3d13c276e7f6 Q_14,11_PlugType:0_4468412b99fcb8bb female in male out) due to impossible effect (isOccupied Q_13,11_Port:0_851e3d13c276e7f6)
3.663 Retroactively prune action (__SURROGATE*c5*connect_5* Q_13,11_Port:0_851e3d13c276e7f6 Q_13,11_Port:1_851e3d13c276e7f6 Q_14,11_PlugType:0_4468412b99fcb8bb female in male out) due to impossible effect (isOccupied Q_13,11_Port:1_851e3d13c276e7f6)
3.665 Retroactively prune action (__SURROGATE*c1*connect_1* Q_13,11_Port:0_851e3d13c276e7f6 Q_13,11_Port:1_851e3d13c276e7f6 Q_14,11_PlugType:0_4468412b99fcb8bb female in male out) due to impossible effect (isOccupied Q_13,11_Port:0_851e3d13c276e7f6)
3.689 Collected 422 relevant facts at this layer
3.689 Encoding ...
3.758 Attempting to solve formula with 392814 clauses (1544514 literals) and 13 assumptions
4.468 Unsolvable at layer 14 -- expanding.
4.468 Iteration 15.
4.468 New layer size: 16
4.468 Instantiating ...
4.562 Retroactively prune action (__SURROGATE*c2*connect_2* Q_14,12_Port:0_851e3d13c276e7f6 Q_14,12_Port:1_851e3d13c276e7f6 Q_15,12_PlugType:0_4468412b99fcb8bb female in male out) due to impossible effect (isOccupied Q_14,12_Port:0_851e3d13c276e7f6)
4.562 Retroactively prune action (__SURROGATE*c5*connect_5* Q_14,12_Port:0_851e3d13c276e7f6 Q_14,12_Port:1_851e3d13c276e7f6 Q_15,12_PlugType:0_4468412b99fcb8bb female in male out) due to impossible effect (isOccupied Q_14,12_Port:1_851e3d13c276e7f6)
4.563 Retroactively prune action (__SURROGATE*c1*connect_1* Q_14,12_Port:0_851e3d13c276e7f6 Q_14,12_Port:1_851e3d13c276e7f6 Q_15,12_PlugType:0_4468412b99fcb8bb female in male out) due to impossible effect (isOccupied Q_14,12_Port:0_851e3d13c276e7f6)
4.565 Retroactively prune action (__SURROGATE*c6*connect_6* Q_14,12_Port:0_851e3d13c276e7f6 Q_14,12_Port:1_851e3d13c276e7f6 Q_15,12_PlugType:0_4468412b99fcb8bb female in male out) due to impossible effect (isOccupied Q_14,12_Port:1_851e3d13c276e7f6)
4.589 Collected 422 relevant facts at this layer
4.589 Encoding ...
4.668 Attempting to solve formula with 454887 clauses (1794116 literals) and 14 assumptions
5.796 Unsolvable at layer 15 -- expanding.
5.796 Iteration 16.
5.796 New layer size: 17
5.796 Instantiating ...
5.915 Retroactively prune action (__SURROGATE*c6*connect_6* Q_15,13_Port:0_851e3d13c276e7f6 Q_15,13_Port:1_851e3d13c276e7f6 Q_16,13_PlugType:0_4468412b99fcb8bb female in male out) due to impossible effect (isOccupied Q_15,13_Port:1_851e3d13c276e7f6)
5.915 Retroactively prune action (__SURROGATE*c5*connect_5* Q_15,13_Port:0_851e3d13c276e7f6 Q_15,13_Port:1_851e3d13c276e7f6 Q_16,13_PlugType:0_4468412b99fcb8bb female in male out) due to impossible effect (isOccupied Q_15,13_Port:1_851e3d13c276e7f6)
5.917 Retroactively prune action (__SURROGATE*c1*connect_1* Q_15,13_Port:0_851e3d13c276e7f6 Q_15,13_Port:1_851e3d13c276e7f6 Q_16,13_PlugType:0_4468412b99fcb8bb female in male out) due to impossible effect (isOccupied Q_15,13_Port:0_851e3d13c276e7f6)
5.918 Retroactively prune action (__SURROGATE*c2*connect_2* Q_15,13_Port:0_851e3d13c276e7f6 Q_15,13_Port:1_851e3d13c276e7f6 Q_16,13_PlugType:0_4468412b99fcb8bb female in male out) due to impossible effect (isOccupied Q_15,13_Port:0_851e3d13c276e7f6)
5.940 Collected 422 relevant facts at this layer
5.940 Encoding ...
6.021 Attempting to solve formula with 521220 clauses (2061774 literals) and 15 assumptions
12.134 Unsolvable at layer 16 -- expanding.
12.134 Iteration 17.
12.134 New layer size: 18
12.134 Instantiating ...
12.261 Retroactively prune action (__SURROGATE*c1*connect_1* Q_16,14_Port:0_851e3d13c276e7f6 Q_16,14_Port:1_851e3d13c276e7f6 Q_17,14_PlugType:0_4468412b99fcb8bb female in male out) due to impossible effect (isOccupied Q_16,14_Port:0_851e3d13c276e7f6)
12.264 Retroactively prune action (__SURROGATE*c5*connect_5* Q_16,14_Port:0_851e3d13c276e7f6 Q_16,14_Port:1_851e3d13c276e7f6 Q_17,14_PlugType:0_4468412b99fcb8bb female in male out) due to impossible effect (isOccupied Q_16,14_Port:1_851e3d13c276e7f6)
12.264 Retroactively prune action (__SURROGATE*c6*connect_6* Q_16,14_Port:0_851e3d13c276e7f6 Q_16,14_Port:1_851e3d13c276e7f6 Q_17,14_PlugType:0_4468412b99fcb8bb female in male out) due to impossible effect (isOccupied Q_16,14_Port:1_851e3d13c276e7f6)
12.264 Retroactively prune action (__SURROGATE*c2*connect_2* Q_16,14_Port:0_851e3d13c276e7f6 Q_16,14_Port:1_851e3d13c276e7f6 Q_17,14_PlugType:0_4468412b99fcb8bb female in male out) due to impossible effect (isOccupied Q_16,14_Port:0_851e3d13c276e7f6)
12.286 Collected 422 relevant facts at this layer
12.286 Encoding ...
12.374 Attempting to solve formula with 592042 clauses (2347683 literals) and 16 assumptions
18.450 Unsolvable at layer 17 -- expanding.
18.450 Iteration 18.
18.450 New layer size: 19
18.450 Instantiating ...
18.590 Retroactively prune action (__SURROGATE*c2*connect_2* Q_17,15_Port:0_851e3d13c276e7f6 Q_17,15_Port:1_851e3d13c276e7f6 Q_18,15_PlugType:0_4468412b99fcb8bb female in male out) due to impossible effect (isOccupied Q_17,15_Port:0_851e3d13c276e7f6)
18.591 Retroactively prune action (__SURROGATE*c1*connect_1* Q_17,15_Port:0_851e3d13c276e7f6 Q_17,15_Port:1_851e3d13c276e7f6 Q_18,15_PlugType:0_4468412b99fcb8bb female in male out) due to impossible effect (isOccupied Q_17,15_Port:0_851e3d13c276e7f6)
18.591 Retroactively prune action (__SURROGATE*c5*connect_5* Q_17,15_Port:0_851e3d13c276e7f6 Q_17,15_Port:1_851e3d13c276e7f6 Q_18,15_PlugType:0_4468412b99fcb8bb female in male out) due to impossible effect (isOccupied Q_17,15_Port:1_851e3d13c276e7f6)
18.594 Retroactively prune action (__SURROGATE*c6*connect_6* Q_17,15_Port:0_851e3d13c276e7f6 Q_17,15_Port:1_851e3d13c276e7f6 Q_18,15_PlugType:0_4468412b99fcb8bb female in male out) due to impossible effect (isOccupied Q_17,15_Port:1_851e3d13c276e7f6)
18.618 Collected 422 relevant facts at this layer
18.618 Encoding ...
18.743 Attempting to solve formula with 667904 clauses (2653343 literals) and 17 assumptions
21.572 Unsolvable at layer 18 -- expanding.
21.572 Iteration 19.
21.572 New layer size: 20
21.572 Instantiating ...
21.722 Retroactively prune action (__SURROGATE*c1*connect_1* Q_18,16_Port:0_851e3d13c276e7f6 Q_18,16_Port:1_851e3d13c276e7f6 Q_19,16_PlugType:0_4468412b99fcb8bb female in male out) due to impossible effect (isOccupied Q_18,16_Port:0_851e3d13c276e7f6)
21.723 Retroactively prune action (__SURROGATE*c2*connect_2* Q_18,16_Port:0_851e3d13c276e7f6 Q_18,16_Port:1_851e3d13c276e7f6 Q_19,16_PlugType:0_4468412b99fcb8bb female in male out) due to impossible effect (isOccupied Q_18,16_Port:0_851e3d13c276e7f6)
21.724 Retroactively prune action (__SURROGATE*c5*connect_5* Q_18,16_Port:0_851e3d13c276e7f6 Q_18,16_Port:1_851e3d13c276e7f6 Q_19,16_PlugType:0_4468412b99fcb8bb female in male out) due to impossible effect (isOccupied Q_18,16_Port:1_851e3d13c276e7f6)
21.725 Retroactively prune action (__SURROGATE*c6*connect_6* Q_18,16_Port:0_851e3d13c276e7f6 Q_18,16_Port:1_851e3d13c276e7f6 Q_19,16_PlugType:0_4468412b99fcb8bb female in male out) due to impossible effect (isOccupied Q_18,16_Port:1_851e3d13c276e7f6)
21.746 Collected 422 relevant facts at this layer
21.746 Encoding ...
21.848 Attempting to solve formula with 748274 clauses (2977880 literals) and 18 assumptions
c
c Try to adapt solver strategies
c 
c Nothing extreme in this problem, continue with glucose default strategies.
c
39.846 Unsolvable at layer 19 -- expanding.
39.846 Iteration 20.
39.846 New layer size: 21
39.846 Instantiating ...
40.003 Retroactively prune action (__SURROGATE*c1*connect_1* Q_19,17_Port:0_851e3d13c276e7f6 Q_19,17_Port:1_851e3d13c276e7f6 Q_20,17_PlugType:0_4468412b99fcb8bb female in male out) due to impossible effect (isOccupied Q_19,17_Port:0_851e3d13c276e7f6)
40.003 Retroactively prune action (__SURROGATE*c2*connect_2* Q_19,17_Port:0_851e3d13c276e7f6 Q_19,17_Port:1_851e3d13c276e7f6 Q_20,17_PlugType:0_4468412b99fcb8bb female in male out) due to impossible effect (isOccupied Q_19,17_Port:0_851e3d13c276e7f6)
40.003 Retroactively prune action (__SURROGATE*c5*connect_5* Q_19,17_Port:0_851e3d13c276e7f6 Q_19,17_Port:1_851e3d13c276e7f6 Q_20,17_PlugType:0_4468412b99fcb8bb female in male out) due to impossible effect (isOccupied Q_19,17_Port:1_851e3d13c276e7f6)
40.005 Retroactively prune action (__SURROGATE*c6*connect_6* Q_19,17_Port:0_851e3d13c276e7f6 Q_19,17_Port:1_851e3d13c276e7f6 Q_20,17_PlugType:0_4468412b99fcb8bb female in male out) due to impossible effect (isOccupied Q_19,17_Port:1_851e3d13c276e7f6)
40.028 Collected 422 relevant facts at this layer
40.028 Encoding ...
40.129 Attempting to solve formula with 833228 clauses (3320863 literals) and 19 assumptions
132.080 Unsolvable at layer 20 -- expanding.
132.081 Iteration 21.
132.081 New layer size: 22
132.081 Instantiating ...
132.245 Retroactively prune action (__SURROGATE*c6*connect_6* Q_20,18_Port:0_851e3d13c276e7f6 Q_20,18_Port:1_851e3d13c276e7f6 Q_21,18_PlugType:0_4468412b99fcb8bb female in male out) due to impossible effect (isOccupied Q_20,18_Port:1_851e3d13c276e7f6)
132.245 Retroactively prune action (__SURROGATE*c2*connect_2* Q_20,18_Port:0_851e3d13c276e7f6 Q_20,18_Port:1_851e3d13c276e7f6 Q_21,18_PlugType:0_4468412b99fcb8bb female in male out) due to impossible effect (isOccupied Q_20,18_Port:0_851e3d13c276e7f6)
132.246 Retroactively prune action (__SURROGATE*c5*connect_5* Q_20,18_Port:0_851e3d13c276e7f6 Q_20,18_Port:1_851e3d13c276e7f6 Q_21,18_PlugType:0_4468412b99fcb8bb female in male out) due to impossible effect (isOccupied Q_20,18_Port:1_851e3d13c276e7f6)
132.247 Retroactively prune action (__SURROGATE*c1*connect_1* Q_20,18_Port:0_851e3d13c276e7f6 Q_20,18_Port:1_851e3d13c276e7f6 Q_21,18_PlugType:0_4468412b99fcb8bb female in male out) due to impossible effect (isOccupied Q_20,18_Port:0_851e3d13c276e7f6)
132.270 Collected 422 relevant facts at this layer
132.270 Encoding ...
132.378 Attempting to solve formula with 923320 clauses (3683797 literals) and 20 assumptions
1181.689 Unsolvable at layer 21 -- expanding.
1181.689 Iteration 22.
1181.689 New layer size: 23
1181.689 Instantiating ...
1181.873 Retroactively prune action (__SURROGATE*c6*connect_6* Q_21,19_Port:0_851e3d13c276e7f6 Q_21,19_Port:1_851e3d13c276e7f6 Q_22,19_PlugType:0_4468412b99fcb8bb female in male out) due to impossible effect (isOccupied Q_21,19_Port:1_851e3d13c276e7f6)
1181.875 Retroactively prune action (__SURROGATE*c1*connect_1* Q_21,19_Port:0_851e3d13c276e7f6 Q_21,19_Port:1_851e3d13c276e7f6 Q_22,19_PlugType:0_4468412b99fcb8bb female in male out) due to impossible effect (isOccupied Q_21,19_Port:0_851e3d13c276e7f6)
1181.876 Retroactively prune action (__SURROGATE*c5*connect_5* Q_21,19_Port:0_851e3d13c276e7f6 Q_21,19_Port:1_851e3d13c276e7f6 Q_22,19_PlugType:0_4468412b99fcb8bb female in male out) due to impossible effect (isOccupied Q_21,19_Port:1_851e3d13c276e7f6)
1181.876 Retroactively prune action (__SURROGATE*c2*connect_2* Q_21,19_Port:0_851e3d13c276e7f6 Q_21,19_Port:1_851e3d13c276e7f6 Q_22,19_PlugType:0_4468412b99fcb8bb female in male out) due to impossible effect (isOccupied Q_21,19_Port:0_851e3d13c276e7f6)
1181.900 Collected 422 relevant facts at this layer
1181.900 Encoding ...
1182.021 Attempting to solve formula with 1018375 clauses (4066596 literals) and 21 assumptions
c last restart ## conflicts  :  1081 5970 
1185.518 Found a solution at layer 22.
==>
22148 connect_3 cableWithPlugType5-b printer-aPlugType5 plugType5
22152 connect_8 pc-bPlugType1 cableWithPlugType1-a plugType1
22234 connect_8 adapterFromPlugType2ToPlugType3-bPlugType3 cableWithPlugType3-a plugType3
22301 connect_7 adapterFromPlugType4ToPlugType5-bPlugType5 cableWithPlugType5-a plugType5
22356 connect_7 adapterFromPlugType1ToPlugType2-bPlugType2 cableWithPlugType2-a plugType2
22430 connect_4 cableWithPlugType3-b adapterFromPlugType3ToPlugType4-aPlugType3 plugType3
22497 connect_4 cableWithPlugType1-b adapterFromPlugType1ToPlugType2-aPlugType1 plugType1
22563 connect_4 cableWithPlugType2-b adapterFromPlugType2ToPlugType3-aPlugType2 plugType2
22630 connect_7 adapterFromPlugType3ToPlugType4-bPlugType4 cableWithPlugType4-b plugType4
22679 connect_4 cableWithPlugType4-a adapterFromPlugType4ToPlugType5-aPlugType4 plugType4
22751 guard
22802 ok
root 7
7 ConnectDevices pc printer data -> m1 22147 57
57 ConnectDevices pc printer data -> m1 22151 1058
1058 ConnectDevices pc printer data -> m1 22233 2110
2110 ConnectDevices pc printer data -> m1 22300 2792
2792 ConnectDevices pc printer data -> m1 22355 3529
3529 ConnectDevices pc printer data -> m1 22429 4320
4320 ConnectDevices pc printer data -> m1 22496 5167
5167 ConnectDevices pc printer data -> m1 22562 6070
6070 ConnectDevices pc printer data -> m1 22629 7029
7029 ConnectDevices pc printer data -> m1 22678 8052
8052 ConnectDevices pc printer data -> m3 22751 9127
9127 ValidateDeviceConnection pc printer data -> vDC_to_vPC_1 10190
10190 ValidatePortConnection pc-bPlugType1 printer-aPlugType5 data -> vPC_to_vPC 11336
11336 ValidatePortConnection cableWithPlugType1-b printer-aPlugType5 data -> vPC_to_vPC 12546
12546 ValidatePortConnection adapterFromPlugType1ToPlugType2-bPlugType2 printer-aPlugType5 data -> vPC_to_vPC 13820
13820 ValidatePortConnection cableWithPlugType2-b printer-aPlugType5 data -> vPC_to_vPC 15156
15156 ValidatePortConnection adapterFromPlugType2ToPlugType3-bPlugType3 printer-aPlugType5 data -> vPC_to_vPC 16555
16555 ValidatePortConnection cableWithPlugType3-b printer-aPlugType5 data -> vPC_to_vPC 18019
18019 ValidatePortConnection adapterFromPlugType3ToPlugType4-bPlugType4 printer-aPlugType5 data -> vPC_to_vPC 19550
19550 ValidatePortConnection cableWithPlugType4-a printer-aPlugType5 data -> vPC_to_vPC 21148
21148 ValidatePortConnection adapterFromPlugType4ToPlugType5-bPlugType5 printer-aPlugType5 data -> vPC_to_vPC 22801
22147 connect cableWithPlugType5-b printer-aPlugType5 -> c3 22148
22151 connect pc-bPlugType1 cableWithPlugType1-a -> c8 22152
22233 connect adapterFromPlugType2ToPlugType3-bPlugType3 cableWithPlugType3-a -> c8 22234
22300 connect adapterFromPlugType4ToPlugType5-bPlugType5 cableWithPlugType5-a -> c7 22301
22355 connect adapterFromPlugType1ToPlugType2-bPlugType2 cableWithPlugType2-a -> c7 22356
22429 connect cableWithPlugType3-b adapterFromPlugType3ToPlugType4-aPlugType3 -> c4 22430
22496 connect cableWithPlugType1-b adapterFromPlugType1ToPlugType2-aPlugType1 -> c4 22497
22562 connect cableWithPlugType2-b adapterFromPlugType2ToPlugType3-aPlugType2 -> c4 22563
22629 connect adapterFromPlugType3ToPlugType4-bPlugType4 cableWithPlugType4-b -> c7 22630
22678 connect cableWithPlugType4-a adapterFromPlugType4ToPlugType5-aPlugType4 -> c4 22679
22801 ValidatePortConnection cableWithPlugType5-b printer-aPlugType5 data -> finish 22802
<==
1185.522 End of solution plan. (counted length of 12)
1185.522 Total amount of clauses encoded: 1018375
1185.522 - indirectframeaxioms : 477036 cls
1185.522 - directframeaxioms : 194964 cls
1185.522 - qfactsemantics : 188118 cls
1185.522 - reductionconstraints : 102879 cls
1185.522 - atmostoneelement : 26612 cls
1185.522 - actionconstraints : 12246 cls
1185.522 - substitutionconstraints : 7110 cls
1185.522 - predecessors : 3517 cls
1185.522 - expansions : 3443 cls
1185.522 - qconstequality : 1480 cls
1185.522 - actioneffects : 546 cls
1185.522 - truefacts : 422 cls
1185.522 - axiomaticops : 2 cls
1185.522 # instantiated positions: 276
1185.522 # instantiated actions: 3205
1185.522 # instantiated reductions: 393
1185.522 # introduced pseudo-constants: 546
1185.522 # retroactive prunings: 81
1185.522 # retroactively pruned operations: 81
1185.522 # dominated operations: 120
1185.522 # total invalid rigid preconditions found in getPFC: 0
1185.522 # invalid rigid preconditions found in getPFC: 0
1185.522 # invalid rigid preconditions found in getPFC in varrestrictions: 0
1185.522 # total invalid fluent preconditions found in getPFC: 10
1185.522 # invalid fluent preconditions found in getPFC: 9
1185.522 # invalid fluent preconditions found in getPFC in varrestrictions: 1
1185.522 # invalid fluent preconditions found in getPFC via postconditions: 0
1185.522 # invalid subtasks found in getPFC: 1
1185.522 # number effects in operation fact_frames: 170
1185.522 # number of variables restricted: 29625
1185.522 # number of nodes variables restricted: 14004
1185.522 Exiting happily.

RUNWATCH_RESULT EXIT RETVAL 0 TIME_SECS 1185.55 MEMPEAK_KBS 265028
