    _           _         _
   \ |         \ |       | |                       
   | |     __  | |      _| |______                
   | |     \/  | |     /_   ______\                
   | |      _  | |   __  | |  ___   ___   ___       
   | |___  | | | |  / .\ | | / , | |   \ / ·_\    
   \_____\ |_| |__\ \__/ |_| \___) |_|_| \___\  
[39mL i l o t a n e  version rls-cadical
by Dominik Schreiber <dominik.schreiber@kit.edu> 2020-2021
using SAT solver cadical

0.010 Parser finished.
0.011 Structures extracted.
0.011 20 operators and 16 methods created.
0.040 Mined 11 new reduction preconditions (+12.9%).
0.040 Iteration 0.
0.040 Creating initial layer of size 2
0.067 Attempting to solve formula with 127 clauses (189 literals) and 1 assumptions
0.067 Unsolvable at layer 0 -- expanding.
0.067 Iteration 1.
0.067 New layer size: 7
0.067 Instantiating ...
0.810 Collected 3245 relevant facts at this layer
0.810 Encoding ...
0.883 Attempting to solve formula with 69145 clauses (211563 literals) and 6 assumptions
0.883 Unsolvable at layer 1 -- expanding.
0.883 Iteration 2.
0.883 New layer size: 13
0.883 Instantiating ...
2.507 Collected 3534 relevant facts at this layer
2.507 Encoding ...
2.722 Attempting to solve formula with 250616 clauses (823934 literals) and 6 assumptions
2.722 Unsolvable at layer 2 -- expanding.
2.722 Iteration 3.
2.722 New layer size: 31
2.722 Instantiating ...
4.989 Collected 3581 relevant facts at this layer
4.989 Encoding ...
5.531 Attempting to solve formula with 630407 clauses (2118925 literals) and 12 assumptions
5.613 Unsolvable at layer 3 -- expanding.
5.613 Iteration 4.
5.613 New layer size: 55
5.613 Instantiating ...
9.445 Collected 3581 relevant facts at this layer
9.445 Encoding ...
10.333 Attempting to solve formula with 1221137 clauses (4136086 literals) and 18 assumptions
10.631 Unsolvable at layer 4 -- expanding.
10.631 Iteration 5.
10.631 New layer size: 97
10.631 Instantiating ...
16.994 Collected 3581 relevant facts at this layer
16.994 Encoding ...
18.605 Attempting to solve formula with 2214214 clauses (7534313 literals) and 30 assumptions
19.791 Unsolvable at layer 5 -- expanding.
19.791 Iteration 6.
19.791 New layer size: 163
19.791 Instantiating ...
31.877 Collected 3581 relevant facts at this layer
31.877 Encoding ...
34.677 Attempting to solve formula with 3817786 clauses (13025633 literals) and 48 assumptions
36.672 Unsolvable at layer 6 -- expanding.
36.672 Iteration 7.
36.672 New layer size: 271
36.672 Instantiating ...
54.062 Collected 3581 relevant facts at this layer
54.062 Encoding ...
58.778 Attempting to solve formula with 6433906 clauses (21990057 literals) and 78 assumptions
62.699 Unsolvable at layer 7 -- expanding.
62.699 Iteration 8.
62.699 New layer size: 445
62.699 Instantiating ...
91.544 Collected 3581 relevant facts at this layer
91.544 Encoding ...
98.994 Attempting to solve formula with 10673068 clauses (36520675 literals) and 126 assumptions
185.017 Unsolvable at layer 8 -- expanding.
185.017 Iteration 9.
185.017 New layer size: 727
185.017 Instantiating ...
238.598 Collected 3581 relevant facts at this layer
238.598 Encoding ...
252.218 Attempting to solve formula with 17547820 clauses (60090591 literals) and 204 assumptions
256.792 Unsolvable at layer 9 -- expanding.
256.792 Iteration 10.
256.792 New layer size: 1183
256.792 Instantiating ...
330.725 Collected 3581 relevant facts at this layer
330.725 Encoding ...
350.530 Attempting to solve formula with 28681204 clauses (98265999 literals) and 330 assumptions
458.618 Unsolvable at layer 10 -- expanding.
458.618 Iteration 11.
458.619 New layer size: 1921
458.619 Instantiating ...
570.648 Collected 3581 relevant facts at this layer
570.648 Encoding ...
583.096 Termination signal caught.
583.096 Total amount of clauses encoded: 34932311
583.096 - directframeaxioms : 14051056 cls
583.096 - qfactsemantics : 9136560 cls
583.096 - indirectframeaxioms : 7099585 cls
583.096 - reductionconstraints : 3929707 cls
583.096 - actionconstraints : 271702 cls
583.096 - qconstequality : 172873 cls
583.096 - substitutionconstraints : 136953 cls
583.096 - atmostoneelement : 68665 cls
583.096 - expansions : 26490 cls
583.096 - predecessors : 22331 cls
583.096 - actioneffects : 12806 cls
583.096 - truefacts : 3581 cls
583.096 - axiomaticops : 2 cls
583.096 # instantiated positions: 4914
583.096 # instantiated actions: 20270
583.096 # instantiated reductions: 9531
583.096 # introduced pseudo-constants: 4548
583.096 # retroactive prunings: 0
583.096 # retroactively pruned operations: 0
583.096 # dominated operations: 7
583.096 # total invalid rigid preconditions found in getPFC: 0
583.096 # invalid rigid preconditions found in getPFC: 0
583.096 # invalid rigid preconditions found in getPFC in varrestrictions: 0
583.096 # total invalid fluent preconditions found in getPFC: 16
583.096 # invalid fluent preconditions found in getPFC: 12
583.096 # invalid fluent preconditions found in getPFC in varrestrictions: 4
583.096 # invalid fluent preconditions found in getPFC via postconditions: 0
583.096 # invalid operations found in getPFC via subtasks: 0
583.096 # invalid operations found in getPFC via postconditions: 0
583.096 # number effects in operation fact_frames: 234
583.096 # number of variables restricted: 5134476
583.096 # number of nodes variables restricted: 587594
583.096 Exiting happily.

RUNWATCH_RESULT MEMOUT RETVAL 0 TIME_SECS 584.229 MEMPEAK_KBS 16388560
