    _           _         _
   \ |         \ |       | |                       
   | |     __  | |      _| |______                
   | |     \/  | |     /_   ______\                
   | |      _  | |   __  | |  ___   ___   ___       
   | |___  | | | |  / .\ | | / , | |   \ / ·_\    
   \_____\ |_| |__\ \__/ |_| \___) |_|_| \___\  
[39mL i l o t a n e  version rls-glucose4
by Dominik Schreiber <dominik.schreiber@kit.edu> 2020-2021
using SAT solver glucose4

0.004 Parser finished.
0.004 Structures extracted.
0.004 19 operators and 12 methods created.
0.012 Mined 0 new reduction preconditions (+0.0%).
0.012 Iteration 0.
0.012 Creating initial layer of size 2
0.013 Attempting to solve formula with 3 clauses (3 literals) and 1 assumptions
0.013 Unsolvable at layer 0 -- expanding.
0.013 Iteration 1.
0.013 New layer size: 2
0.013 Instantiating ...
0.014 Collected 0 relevant facts at this layer
0.014 Encoding ...
0.014 Attempting to solve formula with 8 clauses (12 literals) and 1 assumptions
0.014 Unsolvable at layer 1 -- expanding.
0.014 Iteration 2.
0.015 New layer size: 3
0.015 Instantiating ...
0.017 Collected 4 relevant facts at this layer
0.017 Encoding ...
0.017 Attempting to solve formula with 33 clauses (61 literals) and 1 assumptions
0.017 Unsolvable at layer 2 -- expanding.
0.017 Iteration 3.
0.017 New layer size: 5
0.017 Instantiating ...
0.026 Collected 31 relevant facts at this layer
0.026 Encoding ...
0.026 Attempting to solve formula with 261 clauses (631 literals) and 3 assumptions
0.026 Unsolvable at layer 3 -- expanding.
0.026 Iteration 4.
0.026 New layer size: 9
0.026 Instantiating ...
0.039 Collected 52 relevant facts at this layer
0.039 Encoding ...
0.040 Attempting to solve formula with 833 clauses (2280 literals) and 4 assumptions
0.040 Unsolvable at layer 4 -- expanding.
0.040 Iteration 5.
0.040 New layer size: 14
0.040 Instantiating ...
0.062 Collected 76 relevant facts at this layer
0.062 Encoding ...
0.064 Attempting to solve formula with 2123 clauses (6097 literals) and 6 assumptions
0.064 Unsolvable at layer 5 -- expanding.
0.064 Iteration 6.
0.064 New layer size: 25
0.064 Instantiating ...
0.098 Collected 79 relevant facts at this layer
0.098 Encoding ...
0.102 Attempting to solve formula with 4887 clauses (14239 literals) and 11 assumptions
0.102 Unsolvable at layer 6 -- expanding.
0.102 Iteration 7.
0.102 New layer size: 43
0.102 Instantiating ...
0.169 Collected 83 relevant facts at this layer
0.169 Encoding ...
0.175 Attempting to solve formula with 9741 clauses (28161 literals) and 21 assumptions
0.175 Unsolvable at layer 7 -- expanding.
0.175 Iteration 8.
0.175 New layer size: 76
0.175 Instantiating ...
0.288 Collected 83 relevant facts at this layer
0.288 Encoding ...
0.299 Attempting to solve formula with 18106 clauses (52452 literals) and 35 assumptions
0.299 Unsolvable at layer 8 -- expanding.
0.299 Iteration 9.
0.299 New layer size: 127
0.299 Instantiating ...
0.498 Collected 83 relevant facts at this layer
0.498 Encoding ...
0.517 Attempting to solve formula with 32129 clauses (93337 literals) and 56 assumptions
0.517 Unsolvable at layer 9 -- expanding.
0.517 Iteration 10.
0.517 New layer size: 217
0.517 Instantiating ...
0.865 Collected 83 relevant facts at this layer
0.865 Encoding ...
0.901 Attempting to solve formula with 57204 clauses (166626 literals) and 98 assumptions
0.902 Unsolvable at layer 10 -- expanding.
0.902 Iteration 11.
0.902 New layer size: 369
0.902 Instantiating ...
1.496 Collected 83 relevant facts at this layer
1.496 Encoding ...
1.556 Attempting to solve formula with 100147 clauses (291428 literals) and 164 assumptions
1.559 Unsolvable at layer 11 -- expanding.
1.559 Iteration 12.
1.559 New layer size: 625
1.559 Instantiating ...
2.584 Collected 83 relevant facts at this layer
2.584 Encoding ...
2.707 Attempting to solve formula with 172810 clauses (504096 literals) and 275 assumptions
2.720 Unsolvable at layer 12 -- expanding.
2.720 Iteration 13.
2.720 New layer size: 1052
2.720 Instantiating ...
4.445 Collected 83 relevant facts at this layer
4.445 Encoding ...
4.623 Attempting to solve formula with 295038 clauses (862415 literals) and 460 assumptions
4.639 Unsolvable at layer 13 -- expanding.
4.639 Iteration 14.
4.640 New layer size: 1774
4.640 Instantiating ...
7.514 Collected 83 relevant facts at this layer
7.514 Encoding ...
7.849 Attempting to solve formula with 503307 clauses (1472135 literals) and 784 assumptions
8.930 Unsolvable at layer 14 -- expanding.
8.930 Iteration 15.
8.933 New layer size: 2988
8.933 Instantiating ...
13.737 Collected 83 relevant facts at this layer
13.737 Encoding ...
14.336 Attempting to solve formula with 852789 clauses (2494916 literals) and 1301 assumptions
15.129 Unsolvable at layer 15 -- expanding.
15.129 Iteration 16.
15.134 New layer size: 5014
15.134 Instantiating ...
23.291 Collected 83 relevant facts at this layer
23.291 Encoding ...
24.254 Attempting to solve formula with 1437995 clauses (4210545 literals) and 2190 assumptions
c last restart ## conflicts  :  795 70187 
28.873 Found a solution at layer 16.
==>
186239 produce-without-demands resource_0 factory_0 location_0
193241 move location_0 location_1
193244 move location_1 location_2
193247 move location_2 location_1
193250 move location_1 location_0
193253 move location_0 location_1
193256 move location_1 location_0
193286 pickup resource_0 location_0
193289 move location_0 location_1
193292 move location_1 location_2
193294 move location_2 location_3
193297 move location_3 last_location
193301 move last_location location_3
193303 move location_3 location_2
193307 move location_2 location_3
193334 drop resource_0 location_3
193338 produce-without-demands resource_0 factory_0 location_0
194727 move location_3 location_2
194731 move location_2 location_1
194734 move location_1 location_0
194765 pickup resource_0 location_0
194768 move location_0 location_1
194770 move location_1 location_2
194774 move location_2 location_1
194777 move location_1 location_2
194804 drop resource_0 location_2
194807 construct factory_1 resource_0 location_2
197594 produce-without-demands resource_0 factory_0 location_0
201769 move location_2 location_1
201772 move location_1 location_0
201809 pickup resource_0 location_0
201812 move location_0 location_1
201814 move location_1 location_2
201818 move location_2 location_3
201821 move location_3 location_2
201851 drop resource_0 location_2
201854 produce resource_1 resource_0 factory_1 location_2
201858 move location_2 location_3
201861 move location_3 location_2
201864 move location_2 location_3
201866 move location_3 location_2
201870 move location_2 location_3
201873 move location_3 location_2
201903 pickup resource_1 location_2
201906 move location_2 location_1
201908 move location_1 location_0
201912 move location_0 location_1
201915 move location_1 location_0
201917 move location_0 location_1
201921 move location_1 location_2
201924 move location_2 location_3
201951 drop resource_1 location_3
201953 fuse resource_f_3_0 resource_0 resource_1 location_3
201957 produce-without-demands resource_0 factory_0 location_0
202822 move location_3 location_2
202825 move location_2 location_1
202828 move location_1 location_0
202856 pickup resource_0 location_0
202859 move location_0 location_1
202861 move location_1 location_2
202865 move location_2 location_1
202892 drop resource_0 location_1
203842 fuse resource_f_2_0 resource_0 resource_0 location_1
204666 produce-without-demands resource_0 factory_0 location_0
205457 move location_1 location_0
205489 pickup resource_0 location_0
205492 move location_0 location_1
205496 move location_1 location_2
205524 drop resource_0 location_2
205527 produce resource_1 resource_0 factory_1 location_2
205566 pickup resource_1 location_2
205570 move location_2 location_3
205573 move location_3 location_2
205575 move location_2 location_1
205606 drop resource_1 location_1
205610 fuse resource_f_2_1 resource_f_2_0 resource_1 location_1
205613 construct factory_2 resource_f_2_1 location_1
206843 produce-without-demands resource_0 factory_0 location_0
208234 move location_1 location_2
208238 move location_2 location_1
208241 move location_1 location_0
208272 pickup resource_0 location_0
208275 move location_0 location_1
208278 move location_1 location_0
208280 move location_0 location_1
208311 drop resource_0 location_1
208607 produce-without-demands resource_0 factory_0 location_0
210037 pickup resource_0 location_1
210076 drop resource_0 location_1
210079 fuse resource_f_2_0 resource_0 resource_0 location_1
215740 produce-without-demands resource_0 factory_0 location_0
217186 move location_1 location_2
217189 move location_2 location_1
217192 move location_1 location_0
217220 pickup resource_0 location_0
217222 move location_0 location_1
217226 move location_1 location_2
217257 drop resource_0 location_2
217260 produce resource_1 resource_0 factory_1 location_2
217263 move location_2 location_1
217266 move location_1 location_0
217269 move location_0 location_1
217272 move location_1 location_2
217303 pickup resource_1 location_2
217306 move location_2 location_3
217309 move location_3 location_2
217312 move location_2 location_1
217345 drop resource_1 location_1
217350 fuse resource_f_2_1 resource_f_2_0 resource_1 location_1
217441 produce resource_2 resource_f_2_1 factory_2 location_1
217444 move location_1 location_0
217448 move location_0 location_1
217493 pickup resource_2 location_1
217496 move location_1 location_2
217499 move location_2 location_3
217546 drop resource_2 location_3
217548 fuse resource_f_3_1 resource_f_3_0 resource_2 location_3
217550 construct factory_3 resource_f_3_1 location_3
228694 produce-without-demands resource_0 factory_0 location_0
240523 move location_3 location_2
240526 move location_2 location_3
240528 move location_3 location_2
240531 move location_2 location_1
240535 move location_1 location_0
240571 pickup resource_0 location_0
240574 move location_0 location_1
240578 move location_1 location_2
240580 move location_2 location_3
240624 drop resource_0 location_3
247577 produce-without-demands resource_0 factory_0 location_0
254842 move location_3 location_2
254846 move location_2 location_3
254849 move location_3 location_2
254852 move location_2 location_1
254855 move location_1 location_0
254886 pickup resource_0 location_0
254890 move location_0 location_1
254892 move location_1 location_2
254933 drop resource_0 location_2
254936 produce resource_1 resource_0 factory_1 location_2
254987 pickup resource_1 location_2
254990 move location_2 location_3
254994 move location_3 last_location
254997 move last_location location_3
255000 move location_3 last_location
255003 move last_location location_3
255006 move location_3 location_2
255009 move location_2 location_3
255039 drop resource_1 location_3
255043 fuse resource_f_3_0 resource_0 resource_1 location_3
295454 produce-without-demands resource_0 factory_0 location_0
297861 move location_3 location_2
297865 move location_2 location_1
297867 move location_1 location_0
297871 move location_0 location_1
297873 move location_1 location_0
297901 pickup resource_0 location_0
297905 move location_0 location_1
297944 drop resource_0 location_1
298506 produce-without-demands resource_0 factory_0 location_0
300903 move location_1 location_2
300906 move location_2 location_1
300908 move location_1 location_0
300911 move location_0 location_1
300914 move location_1 location_0
300943 pickup resource_0 location_0
300946 move location_0 location_1
300949 move location_1 location_2
300951 move location_2 location_3
300955 move location_3 location_2
300958 move location_2 location_1
300986 drop resource_0 location_1
300988 fuse resource_f_2_0 resource_0 resource_0 location_1
310602 produce-without-demands resource_0 factory_0 location_0
313097 move location_1 location_2
313100 move location_2 location_1
313103 move location_1 location_0
313134 pickup resource_0 location_0
313137 move location_0 location_1
313140 move location_1 location_2
313142 move location_2 location_3
313146 move location_3 location_2
313173 drop resource_0 location_2
313177 produce resource_1 resource_0 factory_1 location_2
313179 move location_2 location_3
313182 move location_3 location_2
313223 pickup resource_1 location_2
313226 move location_2 location_3
313228 move location_3 location_2
313232 move location_2 location_1
313235 move location_1 location_0
313238 move location_0 location_1
313268 drop resource_1 location_1
313272 fuse resource_f_2_1 resource_f_2_0 resource_1 location_1
313371 produce resource_2 resource_f_2_1 factory_2 location_1
313374 move location_1 location_2
313377 move location_2 location_3
313380 move location_3 location_2
313383 move location_2 location_1
313386 move location_1 location_2
313389 move location_2 location_1
313391 move location_1 location_2
313395 move location_2 location_1
313426 pickup resource_2 location_1
313428 move location_1 location_2
313432 move location_2 location_3
313434 move location_3 last_location
313438 move last_location location_3
313440 move location_3 last_location
313444 move last_location location_3
313480 drop resource_2 location_3
313484 fuse resource_f_3_1 resource_f_3_0 resource_2 location_3
313600 produce resource_3 resource_f_3_1 factory_3 location_3
313603 move location_3 last_location
313606 move last_location location_3
313609 move location_3 location_2
313612 move location_2 location_1
313616 move location_1 location_0
313619 move location_0 location_1
313621 move location_1 location_2
313625 move location_2 location_3
313628 move location_3 location_2
313631 move location_2 location_3
313664 pickup resource_3 location_3
313666 move location_3 last_location
313726 drop resource_3 last_location
313728 construct last_factory resource_3 last_location
root 5
5 construct_factory last_factory last_location -> m_construct_factory 9 313728
9 get_resource resource_3 last_location -> m_get_resource 158 62 110
62 produce_resource resource_3 -> m_get_and_produce_resource 183 313600
110 deliver_resource resource_3 last_location -> m_deliver_resource 269 313664 310 313726
158 construct_factory factory_3 location_3 -> m_construct_factory 342 217550
183 get_resource resource_f_3_1 location_3 -> m_get_resources_and_fuse 450 472 313484
269 goto location_3 -> m_goto 313603 686
310 goto last_location -> m_goto 313666 715
342 get_resource resource_f_3_1 location_3 -> m_get_resources_and_fuse 743 748 217548
450 get_resource resource_f_3_0 location_3 -> m_get_resources_and_fuse 914 924 255043
472 get_resource resource_2 location_3 -> m_get_resource 2036 1064 1159
686 goto location_3 -> m_goto 313606 1379
715 goto last_location -> m_already_there
743 get_resource resource_f_3_0 location_3 -> m_get_resources_and_fuse 1440 1446 201953
748 get_resource resource_2 location_3 -> m_get_resource 2834 1500 1595
914 get_resource resource_0 location_3 -> m_get_resource 3002 228693 1798
924 get_resource resource_1 location_3 -> m_get_resource 3331 1899 1941
1064 produce_resource resource_2 -> m_get_and_produce_resource 2248 313371
1159 deliver_resource resource_2 location_3 -> m_deliver_resource 2344 313426 2373 313480
1379 goto location_3 -> m_goto 313609 2531
1440 get_resource resource_0 location_3 -> m_get_resource 4442 186238 2614
1446 get_resource resource_1 location_3 -> m_get_resource 4591 2707 2744
1500 produce_resource resource_2 -> m_get_and_produce_resource 2842 217441
1595 deliver_resource resource_2 location_3 -> m_deliver_resource 2935 217493 2962 217546
1798 deliver_resource resource_0 location_3 -> m_deliver_resource 3273 240571 3300 240624
1899 produce_resource resource_1 -> m_get_and_produce_resource 3341 254936
1941 deliver_resource resource_1 location_3 -> m_deliver_resource 3436 254987 3464 255039
2036 construct_factory factory_2 location_1 -> m_factory_already_constructed
2248 get_resource resource_f_2_1 location_1 -> m_get_resources_and_fuse 4006 4020 313272
2344 goto location_1 -> m_goto 313374 4232
2373 goto location_3 -> m_goto 313428 4264
2531 goto location_3 -> m_goto 313612 4375
2614 deliver_resource resource_0 location_3 -> m_deliver_resource 4536 193286 4562 193334
2707 produce_resource resource_1 -> m_get_and_produce_resource 4600 201854
2744 deliver_resource resource_1 location_3 -> m_deliver_resource 4691 201903 4716 201951
2834 construct_factory factory_2 location_1 -> m_construct_factory 4752 205613
2842 get_resource resource_f_2_1 location_1 -> m_get_resources_and_fuse 4841 4859 217350
2935 goto location_1 -> m_goto 217444 5059
2962 goto location_3 -> m_goto 217496 5090
3002 construct_factory factory_0 location_0 -> m_factory_already_constructed
3273 goto location_0 -> m_goto 240523 5597
3300 goto location_3 -> m_goto 240574 5628
3331 construct_factory factory_1 location_2 -> m_factory_already_constructed
3341 get_resource resource_0 location_2 -> m_get_resource 9833 247576 5800
3436 goto location_2 -> m_already_there
3464 goto location_3 -> m_goto 254990 5934
4006 get_resource resource_f_2_0 location_1 -> m_get_resources_and_fuse 6839 6850 300988
4020 get_resource resource_1 location_1 -> m_get_resource 12301 7001 7104
4232 goto location_1 -> m_goto 313377 7329
4264 goto location_3 -> m_goto 313432 7364
4375 goto location_3 -> m_goto 313616 7484
4442 construct_factory factory_0 location_0 -> m_factory_already_constructed
4536 goto location_0 -> m_goto 193241 7769
4562 goto location_3 -> m_goto 193289 7799
4591 construct_factory factory_1 location_2 -> m_construct_factory 7824 194807
4600 get_resource resource_0 location_2 -> m_get_resource 13663 197593 7963
4691 goto location_2 -> m_goto 201858 8063
4716 goto location_3 -> m_goto 201906 8092
4752 get_resource resource_f_2_1 location_1 -> m_get_resources_and_fuse 8120 8125 205610
4841 get_resource resource_f_2_0 location_1 -> m_get_resources_and_fuse 8184 8193 210079
4859 get_resource resource_1 location_1 -> m_get_resource 14752 8336 8433
5059 goto location_1 -> m_goto 217448 8652
5090 goto location_3 -> m_goto 217499 8687
5597 goto location_0 -> m_goto 240526 9646
5628 goto location_3 -> m_goto 240578 9679
5800 deliver_resource resource_0 location_2 -> m_deliver_resource 10189 254886 10256 254933
5934 goto location_3 -> m_goto 254994 10352
6839 get_resource resource_0 location_1 -> m_get_resource 20811 295453 12049
6850 get_resource resource_0 location_1 -> m_get_resource 21157 298505 12199
7001 produce_resource resource_1 -> m_get_and_produce_resource 12523 313177
7104 deliver_resource resource_1 location_1 -> m_deliver_resource 12626 313223 12655 313268
7329 goto location_1 -> m_goto 313380 12812
7364 goto location_3 -> m_goto 313434 12849
7484 goto location_3 -> m_goto 313619 12978
7769 goto location_0 -> m_goto 193244 13482
7799 goto location_3 -> m_goto 193292 13515
7824 get_resource resource_0 location_2 -> m_get_resource 23337 193337 13568
7963 deliver_resource resource_0 location_2 -> m_deliver_resource 14015 201809 14080 201851
8063 goto location_2 -> m_goto 201861 14142
8092 goto location_3 -> m_goto 201908 14176
8120 get_resource resource_f_2_0 location_1 -> m_get_resources_and_fuse 14205 14209 203842
8125 get_resource resource_1 location_1 -> m_get_resource 24692 14252 14291
8184 get_resource resource_0 location_1 -> m_get_resource 24865 206842 14504
8193 get_resource resource_0 location_1 -> m_get_resource 25211 208606 14652
8336 produce_resource resource_1 -> m_get_and_produce_resource 14969 217260
8433 deliver_resource resource_1 location_1 -> m_deliver_resource 15072 217303 15100 217345
8652 goto location_1 -> m_already_there
8687 goto location_3 -> m_already_there
9646 goto location_0 -> m_goto 240528 16928
9679 goto location_3 -> m_goto 240580 16965
9833 construct_factory factory_0 location_0 -> m_factory_already_constructed
10189 goto location_0 -> m_goto 254842 17929
10256 goto location_2 -> m_goto 254890 18000
10352 goto location_3 -> m_goto 254997 18078
12049 deliver_resource resource_0 location_1 -> m_deliver_resource 21098 297901 21125 297944
12199 deliver_resource resource_0 location_1 -> m_deliver_resource 21267 300943 21295 300986
12301 construct_factory factory_1 location_2 -> m_factory_already_constructed
12523 get_resource resource_0 location_2 -> m_get_resource 37357 310601 21965
12626 goto location_2 -> m_goto 313179 22071
12655 goto location_1 -> m_goto 313226 22102
12812 goto location_1 -> m_goto 313383 22215
12849 goto location_3 -> m_goto 313438 22255
12978 goto location_3 -> m_goto 313621 22393
13482 goto location_0 -> m_goto 193247 23275
13515 goto location_3 -> m_goto 193294 23312
13568 deliver_resource resource_0 location_2 -> m_deliver_resource 23441 194765 23469 194804
13663 construct_factory factory_0 location_0 -> m_factory_already_constructed
14015 goto location_0 -> m_goto 201769 24273
14080 goto location_2 -> m_goto 201812 24344
14142 goto location_2 -> m_goto 201864 24384
14176 goto location_3 -> m_goto 201912 24420
14205 get_resource resource_0 location_1 -> m_get_resource 41460 201956 24476
14209 get_resource resource_0 location_1 -> m_resource_there
14252 produce_resource resource_1 -> m_get_and_produce_resource 24698 205527
14291 deliver_resource resource_1 location_1 -> m_deliver_resource 24797 205566 24825 205606
14504 deliver_resource resource_0 location_1 -> m_deliver_resource 25153 208272 25180 208311
14652 deliver_resource resource_0 location_1 -> m_deliver_resource 25321 210037 25348 210076
14752 construct_factory factory_1 location_2 -> m_factory_already_constructed
14969 get_resource resource_0 location_2 -> m_get_resource 43877 215739 26019
15072 goto location_2 -> m_goto 217263 26126
15100 goto location_1 -> m_goto 217306 26157
16928 goto location_0 -> m_goto 240531 28971
16965 goto location_3 -> m_already_there
17929 goto location_0 -> m_goto 254846 30659
18000 goto location_2 -> m_goto 254892 30694
18078 goto location_3 -> m_goto 255000 30777
20811 construct_factory factory_0 location_0 -> m_factory_already_constructed
21098 goto location_0 -> m_goto 297861 36089
21125 goto location_1 -> m_goto 297905 36120
21157 construct_factory factory_0 location_0 -> m_factory_already_constructed
21267 goto location_0 -> m_goto 300903 36403
21295 goto location_1 -> m_goto 300946 36433
21965 deliver_resource resource_0 location_2 -> m_deliver_resource 37720 313134 37786 313173
22071 goto location_2 -> m_goto 313182 37847
22102 goto location_1 -> m_goto 313228 37881
22215 goto location_1 -> m_goto 313386 38003
22255 goto location_3 -> m_goto 313440 38045
22393 goto location_3 -> m_goto 313625 38193
23275 goto location_0 -> m_goto 193250 39632
23312 goto location_3 -> m_goto 193297 39672
23337 construct_factory factory_0 location_0 -> m_factory_already_constructed
23441 goto location_0 -> m_goto 194727 39928
23469 goto location_2 -> m_goto 194768 39959
24273 goto location_0 -> m_goto 201772 41316
24344 goto location_2 -> m_goto 201814 41350
24384 goto location_2 -> m_goto 201866 41394
24420 goto location_3 -> m_goto 201915 41433
24476 deliver_resource resource_0 location_1 -> m_deliver_resource 41565 202856 41592 202892
24692 construct_factory factory_1 location_2 -> m_factory_already_constructed
24698 get_resource resource_0 location_2 -> m_get_resource 71149 204665 41938
24797 goto location_2 -> m_already_there
24825 goto location_1 -> m_goto 205570 42075
24865 construct_factory factory_0 location_0 -> m_factory_already_constructed
25153 goto location_0 -> m_goto 208234 42607
25180 goto location_1 -> m_goto 208275 42639
25211 construct_factory factory_0 location_0 -> m_factory_already_constructed
25321 goto location_1 -> m_already_there
25348 goto location_1 -> m_already_there
26019 deliver_resource resource_0 location_2 -> m_deliver_resource 44237 217220 44304 217257
26126 goto location_2 -> m_goto 217266 44365
26157 goto location_1 -> m_goto 217309 44400
28971 goto location_0 -> m_goto 240535 49390
30659 goto location_0 -> m_goto 254849 52348
30694 goto location_2 -> m_already_there
30777 goto location_3 -> m_goto 255003 52475
36089 goto location_0 -> m_goto 297865 61373
36120 goto location_1 -> m_already_there
36403 goto location_0 -> m_goto 300906 62051
36433 goto location_1 -> m_goto 300949 62084
37357 construct_factory factory_0 location_0 -> m_factory_already_constructed
37720 goto location_0 -> m_goto 313097 64434
37786 goto location_2 -> m_goto 313137 64505
37847 goto location_2 -> m_already_there
37881 goto location_1 -> m_goto 313232 64582
38003 goto location_1 -> m_goto 313389 64712
38045 goto location_3 -> m_goto 313444 64757
38193 goto location_3 -> m_goto 313628 64914
39632 goto location_0 -> m_goto 193253 67338
39672 goto location_3 -> m_goto 193301 67381
39928 goto location_0 -> m_goto 194731 67897
39959 goto location_2 -> m_goto 194770 67931
41316 goto location_0 -> m_already_there
41350 goto location_2 -> m_goto 201818 70327
41394 goto location_2 -> m_goto 201870 70373
41433 goto location_3 -> m_goto 201917 70416
41460 construct_factory factory_0 location_0 -> m_factory_already_constructed
41565 goto location_0 -> m_goto 202822 70673
41592 goto location_1 -> m_goto 202859 70705
41938 deliver_resource resource_0 location_2 -> m_deliver_resource 71506 205489 71571 205524
42075 goto location_1 -> m_goto 205573 71668
42607 goto location_0 -> m_goto 208238 72636
42639 goto location_1 -> m_goto 208278 72670
43877 construct_factory factory_0 location_0 -> m_factory_already_constructed
44237 goto location_0 -> m_goto 217186 75695
44304 goto location_2 -> m_goto 217222 75767
44365 goto location_2 -> m_goto 217269 75806
44400 goto location_1 -> m_goto 217312 75843
49390 goto location_0 -> m_already_there
52348 goto location_0 -> m_goto 254852 89507
52475 goto location_3 -> m_goto 255006 89643
61373 goto location_0 -> m_goto 297867 104599
62051 goto location_0 -> m_goto 300908 105712
62084 goto location_1 -> m_goto 300951 105748
64434 goto location_0 -> m_goto 313100 109808
64505 goto location_2 -> m_goto 313140 109843
64582 goto location_1 -> m_goto 313235 109926
64712 goto location_1 -> m_goto 313391 110064
64757 goto location_3 -> m_already_there
64914 goto location_3 -> m_goto 313631 110280
67338 goto location_0 -> m_goto 193256 114583
67381 goto location_3 -> m_goto 193303 114627
67897 goto location_0 -> m_goto 194734 115529
67931 goto location_2 -> m_goto 194774 115566
70327 goto location_2 -> m_goto 201821 119820
70373 goto location_2 -> m_goto 201873 119869
70416 goto location_3 -> m_goto 201921 119914
70673 goto location_0 -> m_goto 202825 120432
70705 goto location_1 -> m_goto 202861 120466
71149 construct_factory factory_0 location_0 -> m_factory_already_constructed
71506 goto location_0 -> m_goto 205457 121977
71571 goto location_2 -> m_goto 205492 122048
71668 goto location_1 -> m_goto 205575 122124
72636 goto location_0 -> m_goto 208241 123762
72670 goto location_1 -> m_goto 208280 123798
75695 goto location_0 -> m_goto 217189 128970
75767 goto location_2 -> m_goto 217226 129004
75806 goto location_2 -> m_goto 217272 129047
75843 goto location_1 -> m_already_there
89507 goto location_0 -> m_goto 254855 151284
89643 goto location_3 -> m_goto 255009 151427
104599 goto location_0 -> m_goto 297871 176700
105712 goto location_0 -> m_goto 300911 178466
105748 goto location_1 -> m_goto 300955 178506
109808 goto location_0 -> m_goto 313103 185648
109843 goto location_2 -> m_goto 313142 185685
109926 goto location_1 -> m_goto 313238 185774
110064 goto location_1 -> m_goto 313395 185923
110280 goto location_3 -> m_already_there
114583 goto location_0 -> m_already_there
114627 goto location_3 -> m_goto 193307 193312
115529 goto location_0 -> m_already_there
115566 goto location_2 -> m_goto 194777 194781
119820 goto location_2 -> m_already_there
119869 goto location_2 -> m_already_there
119914 goto location_3 -> m_goto 201924 201928
120432 goto location_0 -> m_goto 202828 202832
120466 goto location_1 -> m_goto 202865 202869
121977 goto location_0 -> m_already_there
122048 goto location_2 -> m_goto 205496 205500
122124 goto location_1 -> m_already_there
123762 goto location_0 -> m_already_there
123798 goto location_1 -> m_already_there
128970 goto location_0 -> m_goto 217192 217197
129004 goto location_2 -> m_already_there
129047 goto location_2 -> m_already_there
151284 goto location_0 -> m_already_there
151427 goto location_3 -> m_already_there
176700 goto location_0 -> m_goto 297873 297879
178466 goto location_0 -> m_goto 300914 300919
178506 goto location_1 -> m_goto 300958 300963
185648 goto location_0 -> m_already_there
185685 goto location_2 -> m_goto 313146 313150
185774 goto location_1 -> m_already_there
185923 goto location_1 -> m_already_there
186238 produce_resource resource_0 -> m_produce_resource 186239
193312 goto location_3 -> m_already_there
193337 produce_resource resource_0 -> m_produce_resource 193338
194781 goto location_2 -> m_already_there
197593 produce_resource resource_0 -> m_produce_resource 197594
201928 goto location_3 -> m_already_there
201956 produce_resource resource_0 -> m_produce_resource 201957
202832 goto location_0 -> m_already_there
202869 goto location_1 -> m_already_there
204665 produce_resource resource_0 -> m_produce_resource 204666
205500 goto location_2 -> m_already_there
206842 produce_resource resource_0 -> m_produce_resource 206843
208606 produce_resource resource_0 -> m_produce_resource 208607
215739 produce_resource resource_0 -> m_produce_resource 215740
217197 goto location_0 -> m_already_there
228693 produce_resource resource_0 -> m_produce_resource 228694
247576 produce_resource resource_0 -> m_produce_resource 247577
295453 produce_resource resource_0 -> m_produce_resource 295454
297879 goto location_0 -> m_already_there
298505 produce_resource resource_0 -> m_produce_resource 298506
300919 goto location_0 -> m_already_there
300963 goto location_1 -> m_already_there
310601 produce_resource resource_0 -> m_produce_resource 310602
313150 goto location_2 -> m_already_there
<==
29.022 End of solution plan. (counted length of 227)
29.022 Total amount of clauses encoded: 1437995
29.022 - directframeaxioms : 721162 cls
29.022 - indirectframeaxioms : 189987 cls
29.022 - qfactsemantics : 176189 cls
29.022 - reductionconstraints : 110594 cls
29.022 - atmostoneelement : 50170 cls
29.022 - expansions : 42406 cls
29.022 - substitutionconstraints : 41159 cls
29.022 - actionconstraints : 37480 cls
29.022 - predecessors : 36942 cls
29.022 - qconstequality : 23026 cls
29.022 - actioneffects : 8795 cls
29.022 - truefacts : 83 cls
29.022 - axiomaticops : 2 cls
29.022 # instantiated positions: 12344
29.022 # instantiated actions: 25042
29.022 # instantiated reductions: 11902
29.022 # introduced pseudo-constants: 10378
29.022 # retroactive prunings: 0
29.022 # retroactively pruned operations: 0
29.022 # dominated operations: 85
29.022 # total invalid rigid preconditions found in getPFC: 34458
29.022 # invalid rigid preconditions found in getPFC: 4682
29.022 # invalid rigid preconditions found in getPFC in varrestrictions: 29776
29.022 # total invalid fluent preconditions found in getPFC: 62
29.022 # invalid fluent preconditions found in getPFC: 59
29.022 # invalid fluent preconditions found in getPFC in varrestrictions: 0
29.022 # invalid fluent preconditions found in getPFC via postconditions: 3
29.022 # invalid subtasks found in getPFC: 0
29.022 # number effects in operation fact_frames: 138
29.022 # number of variables restricted: 410306
29.022 # number of nodes variables restricted: 211270
29.022 Exiting happily.

RUNWATCH_RESULT EXIT RETVAL 0 TIME_SECS 29.063 MEMPEAK_KBS 544120
