    _           _         _
   \ |         \ |       | |                       
   | |     __  | |      _| |______                
   | |     \/  | |     /_   ______\                
   | |      _  | |   __  | |  ___   ___   ___       
   | |___  | | | |  / .\ | | / , | |   \ / ·_\    
   \_____\ |_| |__\ \__/ |_| \___) |_|_| \___\  
[39mL i l o t a n e  version rls-glucose4
by Dominik Schreiber <dominik.schreiber@kit.edu> 2020-2021
using SAT solver glucose4

6.449 Parser finished.
6.492 Structures extracted.
6.495 18 operators and 15 methods created.
8.102 Mined 2 new reduction preconditions (+9.5%).
8.102 Iteration 0.
8.102 Creating initial layer of size 2
10.218 Attempting to solve formula with 3 clauses (3 literals) and 1 assumptions
10.218 Unsolvable at layer 0 -- expanding.
10.218 Iteration 1.
10.218 New layer size: 2
10.218 Instantiating ...
12.354 Collected 0 relevant facts at this layer
12.355 Encoding ...
12.543 Attempting to solve formula with 8 clauses (12 literals) and 1 assumptions
12.543 Unsolvable at layer 1 -- expanding.
12.543 Iteration 2.
12.575 New layer size: 7
12.575 Instantiating ...
19.557 Collected 0 relevant facts at this layer
19.557 Encoding ...
20.104 Attempting to solve formula with 28 clauses (46 literals) and 6 assumptions
20.104 Unsolvable at layer 2 -- expanding.
20.104 Iteration 3.
20.130 New layer size: 13
20.130 Instantiating ...
40.709 Collected 4 relevant facts at this layer
40.709 Encoding ...
41.811 Attempting to solve formula with 100 clauses (187 literals) and 10 assumptions
41.812 Unsolvable at layer 3 -- expanding.
41.812 Iteration 4.
41.812 New layer size: 23
41.812 Instantiating ...
85.234 Collected 14 relevant facts at this layer
85.234 Encoding ...
87.336 Attempting to solve formula with 708 clauses (1646 literals) and 20 assumptions
87.336 Unsolvable at layer 4 -- expanding.
87.336 Iteration 5.
87.336 New layer size: 43
87.336 Instantiating ...
134.359 Collected 34 relevant facts at this layer
134.359 Encoding ...
136.375 Attempting to solve formula with 3185 clauses (7448 literals) and 40 assumptions
136.376 Unsolvable at layer 5 -- expanding.
136.376 Iteration 6.
136.376 New layer size: 83
136.376 Instantiating ...
184.697 Collected 64 relevant facts at this layer
184.697 Encoding ...
186.751 Attempting to solve formula with 10193 clauses (23551 literals) and 80 assumptions
186.751 Unsolvable at layer 6 -- expanding.
186.751 Iteration 7.
186.751 New layer size: 163
186.751 Instantiating ...
236.411 Collected 104 relevant facts at this layer
236.412 Encoding ...
238.487 Attempting to solve formula with 26637 clauses (60844 literals) and 160 assumptions
238.487 Unsolvable at layer 7 -- expanding.
238.487 Iteration 8.
238.487 New layer size: 323
238.487 Instantiating ...
287.875 Collected 152 relevant facts at this layer
287.875 Encoding ...
289.885 Attempting to solve formula with 61697 clauses (139647 literals) and 320 assumptions
289.886 Unsolvable at layer 8 -- expanding.
289.886 Iteration 9.
289.886 New layer size: 643
289.886 Instantiating ...
342.842 Collected 210 relevant facts at this layer
342.842 Encoding ...
344.905 Attempting to solve formula with 133292 clauses (299696 literals) and 640 assumptions
344.906 Unsolvable at layer 9 -- expanding.
344.906 Iteration 10.
344.906 New layer size: 1283
344.906 Instantiating ...
406.196 Collected 280 relevant facts at this layer
406.196 Encoding ...
408.550 Attempting to solve formula with 276660 clauses (619219 literals) and 1280 assumptions
408.552 Unsolvable at layer 10 -- expanding.
408.552 Iteration 11.
408.552 New layer size: 2558
408.552 Instantiating ...
460.675 Collected 360 relevant facts at this layer
460.675 Encoding ...
462.708 Attempting to solve formula with 547739 clauses (1224063 literals) and 2555 assumptions
462.716 Unsolvable at layer 11 -- expanding.
462.716 Iteration 12.
462.717 New layer size: 5112
462.717 Instantiating ...
501.194 Collected 442 relevant facts at this layer
501.195 Encoding ...
503.507 Attempting to solve formula with 1004882 clauses (2246805 literals) and 3829 assumptions
503.512 Unsolvable at layer 12 -- expanding.
503.512 Iteration 13.
503.520 New layer size: 8940
503.520 Instantiating ...
508.413 Retroactively prune action (__REPEATED_removeblock l-1-1-8 stone)@(12,1021): no children at offset 0
508.413 Retroactively prune action (__REPEATED_removeblock l-1-4-8 stone)@(12,1021): no children at offset 0
508.413 Retroactively prune action (__REPEATED_removeblock l-1-3-8 stone)@(12,1021): no children at offset 0
508.413 Retroactively prune action (__REPEATED_removeblock l-1-5-8 stone)@(12,1021): no children at offset 0
508.413 Retroactively prune action (__REPEATED_removeblock l-1-6-8 stone)@(12,1021): no children at offset 0
508.413 Retroactively prune action (removeblock l-1-7-8 stone)@(12,1021): no children at offset 0
508.413 Retroactively prune action (__REPEATED_removeblock l-1-2-8 stone)@(12,1021): no children at offset 0
508.413 Retroactively prune reduction (place-block-abstract-3 l-1-8-8 stone stone)@(12,1021): no children at offset 0
508.461 Retroactively prune action (__REPEATED_removeblock l-2-5-8 stone)@(12,1533): no children at offset 0
508.461 Retroactively prune action (__REPEATED_removeblock l-2-1-8 stone)@(12,1533): no children at offset 0
508.461 Retroactively prune action (__REPEATED_removeblock l-2-4-8 stone)@(12,1533): no children at offset 0
508.461 Retroactively prune action (removeblock l-2-6-8 stone)@(12,1533): no children at offset 0
508.461 Retroactively prune action (__REPEATED_removeblock l-2-2-8 stone)@(12,1533): no children at offset 0
508.461 Retroactively prune action (__REPEATED_removeblock l-2-3-8 stone)@(12,1533): no children at offset 0
508.461 Retroactively prune reduction (place-block-abstract-3 l-2-7-8 stone stone)@(12,1533): no children at offset 0
508.517 Retroactively prune action (__REPEATED_removeblock l-3-3-8 stone)@(12,1789): no children at offset 0
508.517 Retroactively prune action (__REPEATED_removeblock l-3-4-8 stone)@(12,1789): no children at offset 0
508.517 Retroactively prune action (removeblock l-3-5-8 stone)@(12,1789): no children at offset 0
508.517 Retroactively prune action (__REPEATED_removeblock l-3-1-8 stone)@(12,1789): no children at offset 0
508.517 Retroactively prune action (__REPEATED_removeblock l-3-2-8 stone)@(12,1789): no children at offset 0
508.519 Retroactively prune reduction (place-block-abstract-3 l-3-6-8 stone stone)@(12,1789): no children at offset 0
508.592 Retroactively prune action (__REPEATED_removeblock l-4-1-8 stone)@(12,1917): no children at offset 0
508.592 Retroactively prune action (__REPEATED_removeblock l-4-2-8 stone)@(12,1917): no children at offset 0
508.592 Retroactively prune action (__REPEATED_removeblock l-4-3-8 stone)@(12,1917): no children at offset 0
508.592 Retroactively prune action (removeblock l-4-4-8 stone)@(12,1917): no children at offset 0
508.604 Retroactively prune reduction (place-block-abstract-3 l-4-5-8 stone stone)@(12,1917): no children at offset 0
509.885 Retroactively prune action (__REPEATED_removeblock l-5-1-8 stone)@(12,1981): no children at offset 0
509.885 Retroactively prune action (removeblock l-5-3-8 stone)@(12,1981): no children at offset 0
509.885 Retroactively prune action (__REPEATED_removeblock l-5-2-8 stone)@(12,1981): no children at offset 0
509.895 Retroactively prune reduction (place-block-abstract-3 l-5-4-8 stone stone)@(12,1981): no children at offset 0
510.589 Retroactively prune action (__REPEATED_removeblock l-6-1-8 stone)@(12,2013): no children at offset 0
510.589 Retroactively prune action (removeblock l-6-2-8 stone)@(12,2013): no children at offset 0
510.600 Retroactively prune reduction (place-block-abstract-3 l-6-3-8 stone stone)@(12,2013): no children at offset 0
510.999 Retroactively prune action (removeblock l-7-1-8 stone)@(12,2029): no children at offset 0
511.010 Retroactively prune reduction (place-block-abstract-3 l-7-2-8 stone stone)@(12,2029): no children at offset 0
511.303 Retroactively prune reduction (place-block-abstract-3 l-8-1-8 stone stone)@(12,2037): no children at offset 0
512.409 Retroactively prune action (__REPEATED_removeblock l-1-8-2 stone)@(12,2043): no children at offset 0
512.409 Retroactively prune action (__REPEATED_removeblock l-1-8-3 stone)@(12,2043): no children at offset 0
512.409 Retroactively prune action (removeblock l-1-8-1 stone)@(12,2043): no children at offset 0
512.409 Retroactively prune action (__REPEATED_removeblock l-1-8-6 stone)@(12,2043): no children at offset 0
512.409 Retroactively prune action (__REPEATED_removeblock l-1-8-5 stone)@(12,2043): no children at offset 0
512.410 Retroactively prune action (__REPEATED_removeblock l-1-8-4 stone)@(12,2043): no children at offset 0
512.410 Retroactively prune action (__REPEATED_removeblock l-1-8-7 stone)@(12,2043): no children at offset 0
512.411 Retroactively prune reduction (place-block-abstract-3 l-1-8-0 stone stone)@(12,2043): no children at offset 0
512.458 Retroactively prune action (__REPEATED_removeblock l-2-8-4 stone)@(12,2555): no children at offset 0
512.458 Retroactively prune action (__REPEATED_removeblock l-2-8-6 stone)@(12,2555): no children at offset 0
512.458 Retroactively prune action (__REPEATED_removeblock l-2-8-3 stone)@(12,2555): no children at offset 0
512.458 Retroactively prune action (removeblock l-2-8-2 stone)@(12,2555): no children at offset 0
512.458 Retroactively prune action (__REPEATED_removeblock l-2-8-5 stone)@(12,2555): no children at offset 0
512.458 Retroactively prune action (__REPEATED_removeblock l-2-8-7 stone)@(12,2555): no children at offset 0
512.459 Retroactively prune reduction (place-block-abstract-3 l-2-8-1 stone stone)@(12,2555): no children at offset 0
512.514 Retroactively prune action (__REPEATED_removeblock l-3-8-4 stone)@(12,2811): no children at offset 0
512.514 Retroactively prune action (removeblock l-3-8-3 stone)@(12,2811): no children at offset 0
512.514 Retroactively prune action (__REPEATED_removeblock l-3-8-5 stone)@(12,2811): no children at offset 0
512.514 Retroactively prune action (__REPEATED_removeblock l-3-8-6 stone)@(12,2811): no children at offset 0
512.514 Retroactively prune action (__REPEATED_removeblock l-3-8-7 stone)@(12,2811): no children at offset 0
512.515 Retroactively prune reduction (place-block-abstract-3 l-3-8-2 stone stone)@(12,2811): no children at offset 0
512.589 Retroactively prune action (__REPEATED_removeblock l-4-8-7 stone)@(12,2939): no children at offset 0
512.589 Retroactively prune action (__REPEATED_removeblock l-4-8-6 stone)@(12,2939): no children at offset 0
512.589 Retroactively prune action (__REPEATED_removeblock l-4-8-5 stone)@(12,2939): no children at offset 0
512.589 Retroactively prune action (removeblock l-4-8-4 stone)@(12,2939): no children at offset 0
512.600 Retroactively prune reduction (place-block-abstract-3 l-4-8-3 stone stone)@(12,2939): no children at offset 0
513.874 Retroactively prune action (removeblock l-5-8-5 stone)@(12,3003): no children at offset 0
513.874 Retroactively prune action (__REPEATED_removeblock l-5-8-6 stone)@(12,3003): no children at offset 0
513.874 Retroactively prune action (__REPEATED_removeblock l-5-8-7 stone)@(12,3003): no children at offset 0
513.884 Retroactively prune reduction (place-block-abstract-3 l-5-8-4 stone stone)@(12,3003): no children at offset 0
514.570 Retroactively prune action (removeblock l-6-8-6 stone)@(12,3035): no children at offset 0
514.570 Retroactively prune action (__REPEATED_removeblock l-6-8-7 stone)@(12,3035): no children at offset 0
514.581 Retroactively prune reduction (place-block-abstract-3 l-6-8-5 stone stone)@(12,3035): no children at offset 0
514.988 Retroactively prune action (removeblock l-7-8-7 stone)@(12,3051): no children at offset 0
515.000 Retroactively prune reduction (place-block-abstract-3 l-7-8-6 stone stone)@(12,3051): no children at offset 0
515.263 Retroactively prune reduction (place-block-abstract-3 l-8-8-7 stone stone)@(12,3059): no children at offset 0
515.822 Retroactively prune action (__REPEATED_removeblock l-1-6-0 stone)@(12,3065): no children at offset 0
515.822 Retroactively prune action (__REPEATED_removeblock l-1-2-0 stone)@(12,3065): no children at offset 0
515.822 Retroactively prune action (__REPEATED_removeblock l-1-5-0 stone)@(12,3065): no children at offset 0
515.822 Retroactively prune action (__REPEATED_removeblock l-1-3-0 stone)@(12,3065): no children at offset 0
515.822 Retroactively prune action (__REPEATED_removeblock l-1-7-0 stone)@(12,3065): no children at offset 0
515.822 Retroactively prune action (__REPEATED_removeblock l-1-4-0 stone)@(12,3065): no children at offset 0
515.822 Retroactively prune action (removeblock l-1-1-0 stone)@(12,3065): no children at offset 0
515.871 Retroactively prune action (__REPEATED_removeblock l-2-4-0 stone)@(12,3577): no children at offset 0
515.871 Retroactively prune action (__REPEATED_removeblock l-2-7-0 stone)@(12,3577): no children at offset 0
515.871 Retroactively prune action (removeblock l-2-2-0 stone)@(12,3577): no children at offset 0
515.871 Retroactively prune action (__REPEATED_removeblock l-2-3-0 stone)@(12,3577): no children at offset 0
515.871 Retroactively prune action (__REPEATED_removeblock l-2-5-0 stone)@(12,3577): no children at offset 0
515.871 Retroactively prune action (__REPEATED_removeblock l-2-6-0 stone)@(12,3577): no children at offset 0
515.872 Retroactively prune reduction (place-block-abstract-3 l-2-1-0 stone stone)@(12,3577): no children at offset 0
515.930 Retroactively prune action (__REPEATED_removeblock l-3-7-0 stone)@(12,3833): no children at offset 0
515.930 Retroactively prune action (removeblock l-3-3-0 stone)@(12,3833): no children at offset 0
515.930 Retroactively prune action (__REPEATED_removeblock l-3-6-0 stone)@(12,3833): no children at offset 0
515.930 Retroactively prune action (__REPEATED_removeblock l-3-4-0 stone)@(12,3833): no children at offset 0
515.930 Retroactively prune action (__REPEATED_removeblock l-3-5-0 stone)@(12,3833): no children at offset 0
515.932 Retroactively prune reduction (place-block-abstract-3 l-3-2-0 stone stone)@(12,3833): no children at offset 0
516.005 Retroactively prune action (__REPEATED_removeblock l-4-6-0 stone)@(12,3961): no children at offset 0
516.005 Retroactively prune action (__REPEATED_removeblock l-4-5-0 stone)@(12,3961): no children at offset 0
516.005 Retroactively prune action (__REPEATED_removeblock l-4-7-0 stone)@(12,3961): no children at offset 0
516.005 Retroactively prune action (removeblock l-4-4-0 stone)@(12,3961): no children at offset 0
516.018 Retroactively prune reduction (place-block-abstract-3 l-4-3-0 stone stone)@(12,3961): no children at offset 0
517.426 Retroactively prune action (__REPEATED_removeblock l-5-6-0 stone)@(12,4025): no children at offset 0
517.426 Retroactively prune action (removeblock l-5-5-0 stone)@(12,4025): no children at offset 0
517.426 Retroactively prune action (__REPEATED_removeblock l-5-7-0 stone)@(12,4025): no children at offset 0
517.437 Retroactively prune reduction (place-block-abstract-3 l-5-4-0 stone stone)@(12,4025): no children at offset 0
518.164 Retroactively prune action (__REPEATED_removeblock l-6-7-0 stone)@(12,4057): no children at offset 0
518.164 Retroactively prune action (removeblock l-6-6-0 stone)@(12,4057): no children at offset 0
518.176 Retroactively prune reduction (place-block-abstract-3 l-6-5-0 stone stone)@(12,4057): no children at offset 0
518.597 Retroactively prune action (removeblock l-7-7-0 stone)@(12,4073): no children at offset 0
518.608 Retroactively prune reduction (place-block-abstract-3 l-7-6-0 stone stone)@(12,4073): no children at offset 0
518.878 Retroactively prune reduction (place-block-abstract-3 l-8-7-0 stone stone)@(12,4081): no children at offset 0
519.441 Retroactively prune action (removeblock l-10-0-7 stone)@(12,4089): no children at offset 0
519.441 Retroactively prune action (__REPEATED_removeblock l-10-0-5 stone)@(12,4089): no children at offset 0
519.441 Retroactively prune action (__REPEATED_removeblock l-10-0-6 stone)@(12,4089): no children at offset 0
519.441 Retroactively prune action (__REPEATED_removeblock l-10-0-4 stone)@(12,4089): no children at offset 0
519.441 Retroactively prune action (__REPEATED_removeblock l-10-0-2 stone)@(12,4089): no children at offset 0
519.441 Retroactively prune action (__REPEATED_removeblock l-10-0-0 stone)@(12,4089): no children at offset 0
519.441 Retroactively prune action (__REPEATED_removeblock l-10-0-3 stone)@(12,4089): no children at offset 0
519.441 Retroactively prune action (__REPEATED_removeblock l-10-0-1 stone)@(12,4089): no children at offset 0
519.442 Retroactively prune reduction (place-block-abstract-3 l-10-0-8 stone stone)@(12,4089): no children at offset 0
519.489 Retroactively prune action (removeblock l-10-1-6 stone)@(12,4601): no children at offset 0
519.489 Retroactively prune action (__REPEATED_removeblock l-10-1-5 stone)@(12,4601): no children at offset 0
519.489 Retroactively prune action (__REPEATED_removeblock l-10-1-3 stone)@(12,4601): no children at offset 0
519.489 Retroactively prune action (__REPEATED_removeblock l-10-1-2 stone)@(12,4601): no children at offset 0
519.489 Retroactively prune action (__REPEATED_removeblock l-10-1-4 stone)@(12,4601): no children at offset 0
519.489 Retroactively prune action (__REPEATED_removeblock l-10-1-0 stone)@(12,4601): no children at offset 0
519.489 Retroactively prune action (__REPEATED_removeblock l-10-1-1 stone)@(12,4601): no children at offset 0
519.490 Retroactively prune reduction (place-block-abstract-3 l-10-1-7 stone stone)@(12,4601): no children at offset 0
519.547 Retroactively prune action (__REPEATED_removeblock l-10-2-0 stone)@(12,4857): no children at offset 0
519.547 Retroactively prune action (__REPEATED_removeblock l-10-2-2 stone)@(12,4857): no children at offset 0
519.547 Retroactively prune action (__REPEATED_removeblock l-10-2-3 stone)@(12,4857): no children at offset 0
519.547 Retroactively prune action (__REPEATED_removeblock l-10-2-1 stone)@(12,4857): no children at offset 0
519.547 Retroactively prune action (removeblock l-10-2-5 stone)@(12,4857): no children at offset 0
519.547 Retroactively prune action (__REPEATED_removeblock l-10-2-4 stone)@(12,4857): no children at offset 0
519.549 Retroactively prune reduction (place-block-abstract-3 l-10-2-6 stone stone)@(12,4857): no children at offset 0
519.623 Retroactively prune action (__REPEATED_removeblock l-10-3-1 stone)@(12,4985): no children at offset 0
519.623 Retroactively prune action (__REPEATED_removeblock l-10-3-0 stone)@(12,4985): no children at offset 0
519.623 Retroactively prune action (removeblock l-10-3-4 stone)@(12,4985): no children at offset 0
519.623 Retroactively prune action (__REPEATED_removeblock l-10-3-3 stone)@(12,4985): no children at offset 0
519.623 Retroactively prune action (__REPEATED_removeblock l-10-3-2 stone)@(12,4985): no children at offset 0
519.636 Retroactively prune reduction (place-block-abstract-3 l-10-3-5 stone stone)@(12,4985): no children at offset 0
521.046 Retroactively prune action (removeblock l-10-4-3 stone)@(12,5049): no children at offset 0
521.046 Retroactively prune action (__REPEATED_removeblock l-10-4-2 stone)@(12,5049): no children at offset 0
521.046 Retroactively prune action (__REPEATED_removeblock l-10-4-0 stone)@(12,5049): no children at offset 0
521.046 Retroactively prune action (__REPEATED_removeblock l-10-4-1 stone)@(12,5049): no children at offset 0
521.058 Retroactively prune reduction (place-block-abstract-3 l-10-4-4 stone stone)@(12,5049): no children at offset 0
521.823 Retroactively prune action (__REPEATED_removeblock l-10-5-0 stone)@(12,5081): no children at offset 0
521.823 Retroactively prune action (removeblock l-10-5-2 stone)@(12,5081): no children at offset 0
521.823 Retroactively prune action (__REPEATED_removeblock l-10-5-1 stone)@(12,5081): no children at offset 0
521.835 Retroactively prune reduction (place-block-abstract-3 l-10-5-3 stone stone)@(12,5081): no children at offset 0
522.247 Retroactively prune action (removeblock l-10-6-1 stone)@(12,5097): no children at offset 0
522.247 Retroactively prune action (__REPEATED_removeblock l-10-6-0 stone)@(12,5097): no children at offset 0
522.259 Retroactively prune reduction (place-block-abstract-3 l-10-6-2 stone stone)@(12,5097): no children at offset 0
522.540 Retroactively prune action (removeblock l-10-7-0 stone)@(12,5105): no children at offset 0
522.552 Retroactively prune reduction (place-block-abstract-3 l-10-7-1 stone stone)@(12,5105): no children at offset 0
522.911 Retroactively prune reduction (place-block-abstract-3 l-10-8-0 stone stone)@(12,5109): no children at offset 0
523.686 Collected 514 relevant facts at this layer
523.686 Encoding ...
526.812 Attempting to solve formula with 1601689 clauses (3571630 literals) and 3816 assumptions
526.817 Unsolvable at layer 13 -- expanding.
526.817 Iteration 14.
526.829 New layer size: 12751
526.829 Instantiating ...
543.703 Collected 576 relevant facts at this layer
543.703 Encoding ...
548.104 Attempting to solve formula with 2268432 clauses (5038139 literals) and 3796 assumptions
548.110 Unsolvable at layer 14 -- expanding.
548.110 Iteration 15.
548.125 New layer size: 16542
548.125 Instantiating ...
563.682 Collected 628 relevant facts at this layer
563.682 Encoding ...
569.773 Attempting to solve formula with 3003130 clauses (6639789 literals) and 3756 assumptions
569.779 Unsolvable at layer 15 -- expanding.
569.779 Iteration 16.
569.798 New layer size: 20293
569.798 Instantiating ...
584.389 Collected 670 relevant facts at this layer
584.389 Encoding ...
592.005 Attempting to solve formula with 3801185 clauses (8366561 literals) and 3676 assumptions
592.012 Unsolvable at layer 16 -- expanding.
592.012 Iteration 17.
592.033 New layer size: 23964
592.033 Instantiating ...
603.641 Collected 702 relevant facts at this layer
603.641 Encoding ...
612.883 Attempting to solve formula with 4653578 clauses (10198579 literals) and 3516 assumptions
612.890 Unsolvable at layer 17 -- expanding.
612.890 Iteration 18.
612.915 New layer size: 27475
612.915 Instantiating ...
622.122 Collected 724 relevant facts at this layer
622.122 Encoding ...
632.970 Attempting to solve formula with 5542623 clauses (12096745 literals) and 3196 assumptions
632.977 Unsolvable at layer 18 -- expanding.
632.977 Iteration 19.
633.005 New layer size: 30666
633.005 Instantiating ...
635.539 Collected 736 relevant facts at this layer
635.539 Encoding ...
647.740 Attempting to solve formula with 6433431 clauses (13983779 literals) and 2556 assumptions
647.747 Unsolvable at layer 19 -- expanding.
647.747 Iteration 20.
647.777 New layer size: 33217
647.777 Instantiating ...
650.118 Collected 738 relevant facts at this layer
650.118 Encoding ...
655.995 Termination signal caught.
655.995 Total amount of clauses encoded: 6808977
655.995 - atmostoneelement : 2815765 cls
655.995 - directframeaxioms : 1492596 cls
655.995 - expansions : 976564 cls
655.995 - predecessors : 823849 cls
655.995 - actionconstraints : 337080 cls
655.995 - actioneffects : 193064 cls
655.995 - reductionconstraints : 168423 cls
655.995 - forbiddenoperations : 896 cls
655.995 - truefacts : 738 cls
655.995 - axiomaticops : 2 cls
655.995 # instantiated positions: 184102
655.995 # instantiated actions: 795375
655.995 # instantiated reductions: 103026
655.995 # introduced pseudo-constants: 0
655.995 # retroactive prunings: 152
655.995 # retroactively pruned operations: 896
655.995 # dominated operations: 0
655.995 # total invalid rigid preconditions found in getPFC: 224852
655.995 # invalid rigid preconditions found in getPFC: 163508
655.995 # invalid rigid preconditions found in getPFC in varrestrictions: 61344
655.995 # total invalid fluent preconditions found in getPFC: 14700
655.995 # invalid fluent preconditions found in getPFC: 7350
655.995 # invalid fluent preconditions found in getPFC in varrestrictions: 7350
655.995 # invalid fluent preconditions found in getPFC via postconditions: 0
655.995 # invalid subtasks found in getPFC: 0
655.995 # number effects in operation fact_frames: 120
655.995 Exiting happily.

RUNWATCH_RESULT MEMOUT RETVAL 0 TIME_SECS 657.271 MEMPEAK_KBS 16055532
