    _           _         _
   \ |         \ |       | |                       
   | |     __  | |      _| |______                
   | |     \/  | |     /_   ______\                
   | |      _  | |   __  | |  ___   ___   ___       
   | |___  | | | |  / .\ | | / , | |   \ / ·_\    
   \_____\ |_| |__\ \__/ |_| \___) |_|_| \___\  
[39mL i l o t a n e  version rls-glucose4
by Dominik Schreiber <dominik.schreiber@kit.edu> 2020-2021
using SAT solver glucose4

0.012 Parser finished.
0.012 Structures extracted.
0.013 11 operators and 14 methods created.
0.017 Mined 13 new reduction preconditions (+108.3%).
0.017 Iteration 0.
0.017 Creating initial layer of size 2
0.032 Attempting to solve formula with 143 clauses (213 literals) and 1 assumptions
0.032 Unsolvable at layer 0 -- expanding.
0.032 Iteration 1.
0.032 New layer size: 2
0.032 Instantiating ...
0.056 Collected 70 relevant facts at this layer
0.056 Encoding ...
0.058 Attempting to solve formula with 295 clauses (659 literals) and 1 assumptions
0.058 Unsolvable at layer 1 -- expanding.
0.058 Iteration 2.
0.058 New layer size: 3
0.058 Instantiating ...
0.101 Collected 121 relevant facts at this layer
0.101 Encoding ...
0.104 Attempting to solve formula with 6221 clauses (14463 literals) and 1 assumptions
0.104 Unsolvable at layer 2 -- expanding.
0.104 Iteration 3.
0.104 New layer size: 4
0.104 Instantiating ...
0.171 Collected 260 relevant facts at this layer
0.171 Encoding ...
0.176 Attempting to solve formula with 15355 clauses (36901 literals) and 1 assumptions
0.176 Unsolvable at layer 3 -- expanding.
0.176 Iteration 4.
0.176 New layer size: 5
0.176 Instantiating ...
0.247 Collected 260 relevant facts at this layer
0.247 Encoding ...
0.254 Attempting to solve formula with 26308 clauses (65026 literals) and 1 assumptions
0.255 Unsolvable at layer 4 -- expanding.
0.255 Iteration 5.
0.255 New layer size: 6
0.255 Instantiating ...
0.332 Collected 260 relevant facts at this layer
0.332 Encoding ...
0.341 Attempting to solve formula with 37556 clauses (94492 literals) and 1 assumptions
0.341 Unsolvable at layer 5 -- expanding.
0.341 Iteration 6.
0.341 New layer size: 7
0.341 Instantiating ...
0.425 Collected 260 relevant facts at this layer
0.425 Encoding ...
0.435 Attempting to solve formula with 48824 clauses (123998 literals) and 1 assumptions
0.435 Unsolvable at layer 6 -- expanding.
0.435 Iteration 7.
0.435 New layer size: 8
0.435 Instantiating ...
0.523 Collected 260 relevant facts at this layer
0.523 Encoding ...
0.535 Attempting to solve formula with 60112 clauses (153544 literals) and 1 assumptions
0.536 Unsolvable at layer 7 -- expanding.
0.536 Iteration 8.
0.536 New layer size: 9
0.536 Instantiating ...
0.631 Collected 260 relevant facts at this layer
0.631 Encoding ...
0.643 Attempting to solve formula with 71420 clauses (183130 literals) and 1 assumptions
0.644 Unsolvable at layer 8 -- expanding.
0.644 Iteration 9.
0.644 New layer size: 10
0.644 Instantiating ...
0.746 Collected 260 relevant facts at this layer
0.746 Encoding ...
0.758 Attempting to solve formula with 82748 clauses (212756 literals) and 1 assumptions
0.760 Unsolvable at layer 9 -- expanding.
0.760 Iteration 10.
0.760 New layer size: 11
0.760 Instantiating ...
0.867 Collected 260 relevant facts at this layer
0.867 Encoding ...
0.881 Attempting to solve formula with 94096 clauses (242422 literals) and 1 assumptions
0.884 Unsolvable at layer 10 -- expanding.
0.884 Iteration 11.
0.884 New layer size: 12
0.884 Instantiating ...
0.998 Collected 260 relevant facts at this layer
0.998 Encoding ...
1.013 Attempting to solve formula with 105464 clauses (272128 literals) and 1 assumptions
1.017 Unsolvable at layer 11 -- expanding.
1.017 Iteration 12.
1.017 New layer size: 13
1.017 Instantiating ...
1.136 Collected 260 relevant facts at this layer
1.136 Encoding ...
1.150 Attempting to solve formula with 116852 clauses (301874 literals) and 1 assumptions
1.158 Unsolvable at layer 12 -- expanding.
1.158 Iteration 13.
1.158 New layer size: 14
1.158 Instantiating ...
1.283 Collected 260 relevant facts at this layer
1.283 Encoding ...
1.298 Attempting to solve formula with 128260 clauses (331660 literals) and 1 assumptions
1.316 Unsolvable at layer 13 -- expanding.
1.316 Iteration 14.
1.316 New layer size: 15
1.316 Instantiating ...
1.450 Collected 260 relevant facts at this layer
1.451 Encoding ...
1.468 Attempting to solve formula with 139688 clauses (361486 literals) and 1 assumptions
1.506 Unsolvable at layer 14 -- expanding.
1.506 Iteration 15.
1.506 New layer size: 16
1.506 Instantiating ...
1.643 Collected 260 relevant facts at this layer
1.643 Encoding ...
1.664 Attempting to solve formula with 151136 clauses (391352 literals) and 1 assumptions
1.739 Unsolvable at layer 15 -- expanding.
1.739 Iteration 16.
1.739 New layer size: 17
1.739 Instantiating ...
1.880 Collected 260 relevant facts at this layer
1.880 Encoding ...
1.899 Attempting to solve formula with 162604 clauses (421258 literals) and 1 assumptions
1.993 Unsolvable at layer 16 -- expanding.
1.993 Iteration 17.
1.993 New layer size: 18
1.993 Instantiating ...
2.161 Collected 260 relevant facts at this layer
2.161 Encoding ...
2.183 Attempting to solve formula with 174092 clauses (451204 literals) and 1 assumptions
2.475 Unsolvable at layer 17 -- expanding.
2.475 Iteration 18.
2.475 New layer size: 19
2.475 Instantiating ...
2.631 Collected 260 relevant facts at this layer
2.631 Encoding ...
2.657 Attempting to solve formula with 185600 clauses (481190 literals) and 1 assumptions
3.410 Unsolvable at layer 18 -- expanding.
3.410 Iteration 19.
3.410 New layer size: 20
3.410 Instantiating ...
3.568 Collected 260 relevant facts at this layer
3.568 Encoding ...
3.590 Attempting to solve formula with 197128 clauses (511216 literals) and 1 assumptions
5.449 Unsolvable at layer 19 -- expanding.
5.449 Iteration 20.
5.449 New layer size: 21
5.449 Instantiating ...
5.613 Collected 260 relevant facts at this layer
5.613 Encoding ...
5.636 Attempting to solve formula with 208676 clauses (541282 literals) and 1 assumptions
c
c Try to adapt solver strategies
c 
c Nothing extreme in this problem, continue with glucose default strategies.
c
10.201 Unsolvable at layer 20 -- expanding.
10.201 Iteration 21.
10.201 New layer size: 22
10.201 Instantiating ...
10.376 Collected 260 relevant facts at this layer
10.376 Encoding ...
10.400 Attempting to solve formula with 220244 clauses (571388 literals) and 1 assumptions
25.261 Unsolvable at layer 21 -- expanding.
25.261 Iteration 22.
25.261 New layer size: 23
25.261 Instantiating ...
25.451 Collected 260 relevant facts at this layer
25.451 Encoding ...
25.476 Attempting to solve formula with 231832 clauses (601534 literals) and 1 assumptions
71.094 Unsolvable at layer 22 -- expanding.
71.094 Iteration 23.
71.094 New layer size: 24
71.094 Instantiating ...
71.287 Collected 260 relevant facts at this layer
71.287 Encoding ...
71.314 Attempting to solve formula with 243440 clauses (631720 literals) and 1 assumptions
238.137 Unsolvable at layer 23 -- expanding.
238.137 Iteration 24.
238.137 New layer size: 25
238.137 Instantiating ...
238.330 Collected 260 relevant facts at this layer
238.330 Encoding ...
238.357 Attempting to solve formula with 255068 clauses (661946 literals) and 1 assumptions
1131.377 Unsolvable at layer 24 -- expanding.
1131.377 Iteration 25.
1131.377 New layer size: 26
1131.377 Instantiating ...
1131.590 Collected 260 relevant facts at this layer
1131.590 Encoding ...
1131.620 Attempting to solve formula with 266716 clauses (692212 literals) and 1 assumptions
1800.103 Termination signal caught.
1800.103 Total amount of clauses encoded: 266716
1800.103 - actionconstraints : 130332 cls
1800.103 - reductionconstraints : 56472 cls
1800.103 - directframeaxioms : 24268 cls
1800.103 - qfactsemantics : 21387 cls
1800.103 - indirectframeaxioms : 14359 cls
1800.103 - substitutionconstraints : 9929 cls
1800.103 - atmostoneelement : 3511 cls
1800.103 - qconstequality : 2592 cls
1800.103 - expansions : 1728 cls
1800.103 - predecessors : 1669 cls
1800.103 - truefacts : 260 cls
1800.103 - actioneffects : 207 cls
1800.103 - axiomaticops : 2 cls
1800.103 # instantiated positions: 351
1800.103 # instantiated actions: 1501
1800.103 # instantiated reductions: 169
1800.103 # introduced pseudo-constants: 144
1800.103 # retroactive prunings: 1
1800.103 # retroactively pruned operations: 1
1800.103 # dominated operations: 0
1800.103 # total invalid rigid preconditions found in getPFC: 0
1800.103 # invalid rigid preconditions found in getPFC: 0
1800.103 # invalid rigid preconditions found in getPFC in varrestrictions: 0
1800.103 # total invalid fluent preconditions found in getPFC: 7
1800.103 # invalid fluent preconditions found in getPFC: 1
1800.103 # invalid fluent preconditions found in getPFC in varrestrictions: 6
1800.103 # invalid fluent preconditions found in getPFC via postconditions: 0
1800.103 # invalid subtasks found in getPFC: 1
1800.103 # number effects in operation fact_frames: 110
1800.103 Exiting happily.

RUNWATCH_RESULT TIMEOUT RETVAL 0 TIME_SECS 1800.12 MEMPEAK_KBS 250396
