    _           _         _
   \ |         \ |       | |                       
   | |     __  | |      _| |______                
   | |     \/  | |     /_   ______\                
   | |      _  | |   __  | |  ___   ___   ___       
   | |___  | | | |  / .\ | | / , | |   \ / ·_\    
   \_____\ |_| |__\ \__/ |_| \___) |_|_| \___\  
[39mL i l o t a n e  version rls-glucose4
by Dominik Schreiber <dominik.schreiber@kit.edu> 2020-2021
using SAT solver glucose4

0.021 Parser finished.
0.022 Structures extracted.
0.023 91 operators and 86 methods created.
0.071 Mined 94 new reduction preconditions (+9400.0%).
0.071 Iteration 0.
0.071 Creating initial layer of size 2
0.079 Attempting to solve formula with 5 clauses (6 literals) and 1 assumptions
0.080 Unsolvable at layer 0 -- expanding.
0.080 Iteration 1.
0.080 New layer size: 2
0.080 Instantiating ...
0.182 Collected 1 relevant facts at this layer
0.182 Encoding ...
0.183 Attempting to solve formula with 636 clauses (1365 literals) and 1 assumptions
0.183 Unsolvable at layer 1 -- expanding.
0.183 Iteration 2.
0.184 New layer size: 2
0.184 Instantiating ...
0.270 Collected 1 relevant facts at this layer
0.270 Encoding ...
0.271 Attempting to solve formula with 745 clauses (1646 literals) and 1 assumptions
0.271 Unsolvable at layer 2 -- expanding.
0.271 Iteration 3.
0.271 New layer size: 7
0.271 Instantiating ...
0.379 Collected 49 relevant facts at this layer
0.379 Encoding ...
0.384 Attempting to solve formula with 2109 clauses (5203 literals) and 4 assumptions
0.384 Unsolvable at layer 3 -- expanding.
0.384 Iteration 4.
0.384 New layer size: 27
0.384 Instantiating ...
0.645 Collected 327 relevant facts at this layer
0.645 Encoding ...
0.673 Attempting to solve formula with 24444 clauses (70344 literals) and 22 assumptions
0.674 Unsolvable at layer 4 -- expanding.
0.674 Iteration 5.
0.674 New layer size: 76
0.674 Instantiating ...
1.181 Collected 448 relevant facts at this layer
1.181 Encoding ...
1.256 Attempting to solve formula with 93031 clauses (269128 literals) and 42 assumptions
1.261 Unsolvable at layer 5 -- expanding.
1.261 Iteration 6.
1.261 New layer size: 194
1.261 Instantiating ...
2.098 Collected 592 relevant facts at this layer
2.098 Encoding ...
2.359 Attempting to solve formula with 279255 clauses (826538 literals) and 101 assumptions
2.374 Unsolvable at layer 6 -- expanding.
2.374 Iteration 7.
2.375 New layer size: 364
2.375 Instantiating ...
3.349 Collected 603 relevant facts at this layer
3.349 Encoding ...
3.687 Attempting to solve formula with 575433 clauses (1684601 literals) and 152 assumptions
3.781 Unsolvable at layer 7 -- expanding.
3.781 Iteration 8.
3.781 New layer size: 585
3.781 Instantiating ...
5.043 Collected 603 relevant facts at this layer
5.043 Encoding ...
5.636 Attempting to solve formula with 993420 clauses (2918487 literals) and 155 assumptions
c last restart ## conflicts  :  8 12570 
5.785 Found a solution at layer 8.
==>
126771 SHOP_methodm_get_to_as_cargo_precondition ccrew1 henrietta_dump brighton_high pvan2
126782 SHOP_methodm_get_to_vehicle_gets_driven_precondition pvan2 brighton_high twelve_corners pu1
126787 SHOP_methodm_drive_to_precondition pvan2 twelve_corners pu1
126790 p_1Navegate_vehicle
126795 SHOP_methodm_get_in_ambulatory_person_precondition ccrew1 brighton_high pvan2
128982 p_2Climb_in
129169 SHOP_methodm_get_to_vehicle_gets_driven_precondition pvan2 henrietta_dump brighton_high pu1
129179 SHOP_methodm_drive_to_precondition pvan2 brighton_high pu1
129181 p_3Navegate_vehicle
129638 p_4Climb_out
130038 p_5Place_cones
133308 SHOP_methodm_clear_wreck_precondition henrietta_dump twelve_corners vehicle_343437
141163 SHOP_methodm_tow_to_precondition vehicle_343437 henrietta_dump
141172 SHOP_methodm_get_to_vehicle_gets_driven_precondition ttruck1 henrietta_dump strong ttdriver1
141177 SHOP_methodm_drive_to_precondition ttruck1 strong ttdriver1
141186 p_6Navegate_vehicle
141301 hook_to_tow_truck ttruck1 vehicle_343437
144299 SHOP_methodm_get_to_vehicle_gets_driven_precondition ttruck1 brighton_dump henrietta_dump ttdriver1
144307 SHOP_methodm_drive_to_precondition ttruck1 henrietta_dump ttdriver1
144331 navegate_vehicle ttdriver1 ttruck1 brighton_dump henrietta_dump
146617 unhook_from_tow_truck ttruck1 vehicle_343437
168025 SHOP_methodm_get_to_as_cargo_precondition ht2 henrietta_dump texaco1 dtruck1
168030 SHOP_methodm_get_to_vehicle_gets_driven_precondition dtruck1 texaco1 twelve_corners tdriver1
168036 SHOP_methodm_drive_to_precondition dtruck1 twelve_corners tdriver1
168046 p_7Navegate_vehicle
168049 SHOP_methodm_get_in_ambulatory_person_precondition ht2 texaco1 dtruck1
170261 climb_in ht2 dtruck1 texaco1
173848 SHOP_methodm_get_to_vehicle_gets_driven_precondition dtruck1 henrietta_dump texaco1 tdriver1
173854 SHOP_methodm_drive_to_precondition dtruck1 texaco1 tdriver1
173869 navegate_vehicle tdriver1 dtruck1 henrietta_dump texaco1
174324 climb_out ht2 dtruck1 henrietta_dump
178119 pickup_cones ht2
root 12
12 tlt -> m_tlt_clear_road_wreck 61
61 clear_road_wreck henrietta_dump twelve_corners -> m_clear_road_wreck 93 168 230
93 set_up_cones henrietta_dump twelve_corners -> m_set_up_cones 474 130037
168 clear_wreck henrietta_dump twelve_corners -> m_clear_wreck 133308 14890
230 take_down_cones henrietta_dump twelve_corners -> m_take_down_cones 4124 178119
474 get_to ccrew1 henrietta_dump -> m_get_to_as_cargo 126771 8120 8139 8461 8940
4124 get_to ht2 henrietta_dump -> m_get_to_as_cargo 168025 17768 17800 18135 18616
8120 get_to pvan2 brighton_high -> m_get_to_vehicle_gets_driven 126782 25359
8139 get_in ccrew1 pvan2 -> m_get_in_ambulatory_person 126795 128981
8461 get_to pvan2 henrietta_dump -> m_get_to_vehicle_gets_driven 129169 26697
8940 get_out ccrew1 pvan2 -> m_get_out_ambulatory_person 129637
14890 tow_to vehicle_343437 brighton_dump -> m_tow_to 141163 43835 141301 44199 146617
17768 get_to dtruck1 texaco1 -> m_get_to_vehicle_gets_driven 168030 50098
17800 get_in ht2 dtruck1 -> m_get_in_ambulatory_person 168049 170260
18135 get_to dtruck1 henrietta_dump -> m_get_to_vehicle_gets_driven 173848 51497
18616 get_out ht2 dtruck1 -> m_get_out_ambulatory_person 174323
25359 drive_to pu1 pvan2 brighton_high -> m_drive_to 126787 126789
26697 drive_to pu1 pvan2 henrietta_dump -> m_drive_to 129179 129180
43835 get_to ttruck1 henrietta_dump -> m_get_to_vehicle_gets_driven 141172 98345
44199 get_to ttruck1 brighton_dump -> m_get_to_vehicle_gets_driven 144299 99668
50098 drive_to tdriver1 dtruck1 texaco1 -> m_drive_to 168036 168045
51497 drive_to tdriver1 dtruck1 henrietta_dump -> m_drive_to 173854 173868
98345 drive_to ttdriver1 ttruck1 henrietta_dump -> m_drive_to 141177 141185
99668 drive_to ttdriver1 ttruck1 brighton_dump -> m_drive_to 144307 144330
126789 cnavegate_vehicle pu1 pvan2 brighton_high twelve_corners -> prefix_1 126790
128981 cclimb_in ccrew1 pvan2 brighton_high -> prefix_2 128982
129180 cnavegate_vehicle pu1 pvan2 henrietta_dump brighton_high -> prefix_3 129181
129637 cclimb_out ccrew1 pvan2 henrietta_dump -> prefix_4 129638
130037 cplace_cones ccrew1 -> prefix_5 130038
141185 cnavegate_vehicle ttdriver1 ttruck1 henrietta_dump strong -> prefix_6 141186
144330 cnavegate_vehicle ttdriver1 ttruck1 brighton_dump henrietta_dump -> regular_1 144331
168045 cnavegate_vehicle tdriver1 dtruck1 texaco1 twelve_corners -> prefix_7 168046
170260 cclimb_in ht2 dtruck1 texaco1 -> regular_3 170261
173868 cnavegate_vehicle tdriver1 dtruck1 henrietta_dump texaco1 -> regular_1 173869
174323 cclimb_out ht2 dtruck1 henrietta_dump -> regular_4 174324
<==
5.803 End of solution plan. (counted length of 32)
5.803 Total amount of clauses encoded: 993420
5.803 - directframeaxioms : 643924 cls
5.803 - qfactsemantics : 154355 cls
5.803 - indirectframeaxioms : 81109 cls
5.803 - reductionconstraints : 58074 cls
5.803 - actionconstraints : 17044 cls
5.803 - atmostoneelement : 10156 cls
5.803 - qtypeconstraints : 7510 cls
5.803 - expansions : 6039 cls
5.803 - predecessors : 5032 cls
5.803 - substitutionconstraints : 3802 cls
5.803 - qconstequality : 3765 cls
5.803 - actioneffects : 2005 cls
5.803 - truefacts : 603 cls
5.803 - axiomaticops : 2 cls
5.803 # instantiated positions: 1258
5.803 # instantiated actions: 4018
5.803 # instantiated reductions: 1015
5.803 # introduced pseudo-constants: 860
5.803 # retroactive prunings: 3
5.803 # retroactively pruned operations: 3
5.803 # dominated operations: 102
5.803 # total invalid rigid preconditions found in getPFC: 2225
5.803 # invalid rigid preconditions found in getPFC: 5
5.803 # invalid rigid preconditions found in getPFC in varrestrictions: 2220
5.803 # total invalid fluent preconditions found in getPFC: 177
5.804 # invalid fluent preconditions found in getPFC: 96
5.804 # invalid fluent preconditions found in getPFC in varrestrictions: 0
5.804 # invalid fluent preconditions found in getPFC via postconditions: 81
5.804 # invalid operations found in getPFC via subtasks: 3
5.804 # invalid operations found in getPFC via postconditions: 0
5.804 # number effects in operation fact_frames: 1335
5.804 # number of variables restricted: 11915
5.804 # number of nodes variables restricted: 5976
5.804 Exiting happily.

RUNWATCH_RESULT EXIT RETVAL 0 TIME_SECS 5.83862 MEMPEAK_KBS 363544
