    _           _         _
   \ |         \ |       | |                       
   | |     __  | |      _| |______                
   | |     \/  | |     /_   ______\                
   | |      _  | |   __  | |  ___   ___   ___       
   | |___  | | | |  / .\ | | / , | |   \ / ·_\    
   \_____\ |_| |__\ \__/ |_| \___) |_|_| \___\  
[39mL i l o t a n e  version rls-glucose4
by Dominik Schreiber <dominik.schreiber@kit.edu> 2020-2021
using SAT solver glucose4

0.011 Parser finished.
0.011 Structures extracted.
0.013 72 operators and 56 methods created.
0.025 Mined 27 new reduction preconditions (+39.7%).
0.025 Iteration 0.
0.025 Creating initial layer of size 2
0.029 Attempting to solve formula with 3 clauses (3 literals) and 1 assumptions
0.029 Unsolvable at layer 0 -- expanding.
0.029 Iteration 1.
0.029 New layer size: 19
0.029 Instantiating ...
0.087 Collected 51 relevant facts at this layer
0.087 Encoding ...
0.096 Attempting to solve formula with 2082 clauses (5911 literals) and 18 assumptions
0.096 Unsolvable at layer 1 -- expanding.
0.096 Iteration 2.
0.096 New layer size: 37
0.096 Instantiating ...
0.199 Collected 239 relevant facts at this layer
0.199 Encoding ...
0.215 Attempting to solve formula with 15321 clauses (41008 literals) and 18 assumptions
0.215 Unsolvable at layer 2 -- expanding.
0.215 Iteration 3.
0.215 New layer size: 55
0.215 Instantiating ...
0.357 Collected 384 relevant facts at this layer
0.357 Encoding ...
0.378 Attempting to solve formula with 29190 clauses (78642 literals) and 36 assumptions
0.378 Unsolvable at layer 3 -- expanding.
0.378 Iteration 4.
0.378 New layer size: 73
0.378 Instantiating ...
0.379 Retroactively prune reduction (_splitting_method_DO-AT-LOAD-AIRPLANE0_splitted_2 OBJ53 Q_3,0_AIRPLANE:0_884e113326eebe99 POS5)@(3,0): no children at offset 0
0.380 Retroactively prune reduction (M15-ACHIEVE-AT0 Q_3,1_AIRPLANE:0_884e113326eebe99 OBJ53 POS2)@(3,1): no children at offset 0
0.540 Collected 395 relevant facts at this layer
0.540 Encoding ...
0.568 Attempting to solve formula with 47678 clauses (128022 literals) and 54 assumptions
0.568 Unsolvable at layer 4 -- expanding.
0.568 Iteration 5.
0.568 New layer size: 127
0.568 Instantiating ...
0.569 Retroactively prune reduction (_splitting_method_DO-AT-LOAD-AIRPLANE0_splitted_2 OBJ53 Q_4,1_AIRPLANE:0_884e113326eebe99 POS5)@(4,1): no children at offset 0
0.570 Retroactively prune reduction (M15-ACHIEVE-AT0 Q_4,2_AIRPLANE:0_884e113326eebe99 OBJ53 POS2)@(4,2): no children at offset 0
0.789 Collected 870 relevant facts at this layer
0.789 Encoding ...
0.909 Attempting to solve formula with 150622 clauses (459171 literals) and 72 assumptions
0.909 Unsolvable at layer 5 -- expanding.
0.909 Iteration 6.
0.909 New layer size: 199
0.909 Instantiating ...
1.230 Collected 870 relevant facts at this layer
1.230 Encoding ...
1.443 Attempting to solve formula with 332249 clauses (1060098 literals) and 90 assumptions
1.443 Unsolvable at layer 6 -- expanding.
1.443 Iteration 7.
1.443 New layer size: 289
1.443 Instantiating ...
1.860 Collected 870 relevant facts at this layer
1.860 Encoding ...
2.243 Attempting to solve formula with 580375 clauses (1892291 literals) and 108 assumptions
2.412 Unsolvable at layer 7 -- expanding.
2.412 Iteration 8.
2.413 New layer size: 397
2.413 Instantiating ...
2.991 Collected 870 relevant facts at this layer
2.991 Encoding ...
3.428 Attempting to solve formula with 892729 clauses (2954972 literals) and 126 assumptions
3.439 Unsolvable at layer 8 -- expanding.
3.439 Iteration 9.
3.439 New layer size: 523
3.439 Instantiating ...
4.133 Collected 870 relevant facts at this layer
4.133 Encoding ...
4.826 Attempting to solve formula with 1263016 clauses (4216267 literals) and 144 assumptions
4.864 Unsolvable at layer 9 -- expanding.
4.864 Iteration 10.
4.864 New layer size: 667
4.864 Instantiating ...
5.725 Collected 870 relevant facts at this layer
5.725 Encoding ...
6.526 Attempting to solve formula with 1691180 clauses (5675105 literals) and 162 assumptions
6.651 Unsolvable at layer 10 -- expanding.
6.651 Iteration 11.
6.651 New layer size: 829
6.651 Instantiating ...
7.716 Collected 870 relevant facts at this layer
7.716 Encoding ...
8.750 Attempting to solve formula with 2177409 clauses (7331505 literals) and 180 assumptions
8.837 Unsolvable at layer 11 -- expanding.
8.837 Iteration 12.
8.838 New layer size: 1009
8.838 Instantiating ...
10.101 Collected 870 relevant facts at this layer
10.101 Encoding ...
11.273 Attempting to solve formula with 2722063 clauses (9186187 literals) and 198 assumptions
c
c Try to adapt solver strategies
c 
c Nothing extreme in this problem, continue with glucose default strategies.
c
c last restart ## conflicts  :  140 30347 
148.671 Found a solution at layer 12.
==>
238144 i-LOCK-AT TRU5 POS5
238279 i-UNLOCK-AT TRU5 POS5
238281 LOAD-TRUCK OBJ53 TRU5 POS5
238284 DRIVE-TRUCK TRU5 POS5 POS5 CIT5
238292 DRIVE-TRUCK TRU5 POS5 APT5 CIT5
238428 i-LOCK-AT TRU5 APT5
238432 i-UNLOCK-AT TRU5 APT5
238437 UNLOAD-TRUCK OBJ53 TRU5 APT5
238443 FLY-AIRPLANE APN1 APT2 APT6
238452 FLY-AIRPLANE APN1 APT6 APT2
238455 FLY-AIRPLANE APN1 APT2 APT2
238460 FLY-AIRPLANE APN1 APT2 APT5
238617 i-LOCK-AT APN1 APT5
238624 i-UNLOCK-AT APN1 APT5
238628 LOAD-AIRPLANE OBJ53 APN1 APT5
238639 FLY-AIRPLANE APN1 APT5 APT4
238650 FLY-AIRPLANE APN1 APT4 APT5
238656 FLY-AIRPLANE APN1 APT5 APT2
238819 i-LOCK-AT APN1 APT2
238831 i-UNLOCK-AT APN1 APT2
238838 UNLOAD-AIRPLANE OBJ53 APN1 APT2
238846 DRIVE-TRUCK TRU2 POS2 APT2 CIT2
239023 i-LOCK-AT TRU2 APT2
239031 i-UNLOCK-AT TRU2 APT2
239038 LOAD-TRUCK OBJ53 TRU2 APT2
239044 DRIVE-TRUCK TRU2 APT2 POS2 CIT2
239382 i-LOCK-AT TRU2 POS2
239391 i-UNLOCK-AT TRU2 POS2
239402 UNLOAD-TRUCK OBJ53 TRU2 POS2
240634 i-LOCK-AT OBJ53 POS2
240642 i-LOCK-AT TRU2 POS2
240815 i-UNLOCK-AT TRU2 POS2
240823 LOAD-TRUCK OBJ21 TRU2 POS2
240826 DRIVE-TRUCK TRU2 POS2 APT2 CIT2
241023 i-LOCK-AT TRU2 APT2
241028 i-UNLOCK-AT TRU2 APT2
241041 UNLOAD-TRUCK OBJ21 TRU2 APT2
241050 i-LOCK-AT APN1 APT2
241242 i-UNLOCK-AT APN1 APT2
241254 LOAD-AIRPLANE OBJ21 APN1 APT2
241264 FLY-AIRPLANE APN1 APT2 APT2
241273 FLY-AIRPLANE APN1 APT2 APT2
241278 FLY-AIRPLANE APN1 APT2 APT4
241444 i-LOCK-AT APN1 APT4
241451 i-UNLOCK-AT APN1 APT4
241459 UNLOAD-AIRPLANE OBJ21 APN1 APT4
241469 DRIVE-TRUCK TRU4 POS4 APT4 CIT4
241643 i-LOCK-AT TRU4 APT4
241653 i-UNLOCK-AT TRU4 APT4
241663 LOAD-TRUCK OBJ21 TRU4 APT4
241677 DRIVE-TRUCK TRU4 APT4 POS4 CIT4
242010 i-LOCK-AT TRU4 POS4
242020 i-UNLOCK-AT TRU4 POS4
242026 UNLOAD-TRUCK OBJ21 TRU4 POS4
243271 i-LOCK-AT OBJ21 POS4
243279 i-LOCK-AT TRU3 POS3
243457 i-UNLOCK-AT TRU3 POS3
243459 LOAD-TRUCK OBJ31 TRU3 POS3
243474 DRIVE-TRUCK TRU3 POS3 APT3 CIT3
243662 i-LOCK-AT TRU3 APT3
243669 i-UNLOCK-AT TRU3 APT3
243678 UNLOAD-TRUCK OBJ31 TRU3 APT3
243684 FLY-AIRPLANE APN1 APT4 APT2
243696 FLY-AIRPLANE APN1 APT2 APT2
243702 FLY-AIRPLANE APN1 APT2 APT2
243708 FLY-AIRPLANE APN1 APT2 APT3
243873 i-LOCK-AT APN1 APT3
243883 i-UNLOCK-AT APN1 APT3
243889 LOAD-AIRPLANE OBJ31 APN1 APT3
243899 FLY-AIRPLANE APN1 APT3 APT2
243913 FLY-AIRPLANE APN1 APT2 APT2
243915 FLY-AIRPLANE APN1 APT2 APT4
244084 i-LOCK-AT APN1 APT4
244091 i-UNLOCK-AT APN1 APT4
244098 UNLOAD-AIRPLANE OBJ31 APN1 APT4
244109 DRIVE-TRUCK TRU4 POS4 APT4 CIT4
244283 i-LOCK-AT TRU4 APT4
244291 i-UNLOCK-AT TRU4 APT4
244299 LOAD-TRUCK OBJ31 TRU4 APT4
244311 DRIVE-TRUCK TRU4 APT4 POS4 CIT4
244644 i-LOCK-AT TRU4 POS4
244655 i-UNLOCK-AT TRU4 POS4
244660 UNLOAD-TRUCK OBJ31 TRU4 POS4
245909 i-LOCK-AT OBJ31 POS4
245914 i-LOCK-AT TRU4 POS4
246093 i-UNLOCK-AT TRU4 POS4
246097 LOAD-TRUCK OBJ42 TRU4 POS4
246101 DRIVE-TRUCK TRU4 POS4 POS4 CIT4
246116 DRIVE-TRUCK TRU4 POS4 POS4 CIT4
246121 DRIVE-TRUCK TRU4 POS4 POS4 CIT4
246127 DRIVE-TRUCK TRU4 POS4 APT4 CIT4
246300 i-LOCK-AT TRU4 APT4
246305 i-UNLOCK-AT TRU4 APT4
246316 UNLOAD-TRUCK OBJ42 TRU4 APT4
246327 i-LOCK-AT APN1 APT4
246521 i-UNLOCK-AT APN1 APT4
246531 LOAD-AIRPLANE OBJ42 APN1 APT4
246533 FLY-AIRPLANE APN1 APT4 APT4
246550 FLY-AIRPLANE APN1 APT4 APT4
246556 FLY-AIRPLANE APN1 APT4 APT2
246719 i-LOCK-AT APN1 APT2
246729 i-UNLOCK-AT APN1 APT2
246737 UNLOAD-AIRPLANE OBJ42 APN1 APT2
246742 i-LOCK-AT TRU2 APT2
246927 i-UNLOCK-AT TRU2 APT2
246939 LOAD-TRUCK OBJ42 TRU2 APT2
246942 DRIVE-TRUCK TRU2 APT2 POS2 CIT2
247283 i-LOCK-AT TRU2 POS2
247288 i-UNLOCK-AT TRU2 POS2
247298 UNLOAD-TRUCK OBJ42 TRU2 POS2
248547 i-LOCK-AT OBJ42 POS2
248558 i-LOCK-AT TRU2 POS2
248729 i-UNLOCK-AT TRU2 POS2
248735 LOAD-TRUCK OBJ23 TRU2 POS2
248741 DRIVE-TRUCK TRU2 POS2 POS2 CIT2
248756 DRIVE-TRUCK TRU2 POS2 APT2 CIT2
248936 i-LOCK-AT TRU2 APT2
248948 i-UNLOCK-AT TRU2 APT2
248954 UNLOAD-TRUCK OBJ23 TRU2 APT2
248958 i-LOCK-AT APN1 APT2
249163 i-UNLOCK-AT APN1 APT2
249165 LOAD-AIRPLANE OBJ23 APN1 APT2
249179 FLY-AIRPLANE APN1 APT2 APT2
249188 FLY-AIRPLANE APN1 APT2 APT2
249192 FLY-AIRPLANE APN1 APT2 APT5
249359 i-LOCK-AT APN1 APT5
249363 i-UNLOCK-AT APN1 APT5
249372 UNLOAD-AIRPLANE OBJ23 APN1 APT5
249388 i-LOCK-AT TRU5 APT5
249565 i-UNLOCK-AT TRU5 APT5
249577 LOAD-TRUCK OBJ23 TRU5 APT5
249582 DRIVE-TRUCK TRU5 APT5 POS5 CIT5
249923 i-LOCK-AT TRU5 POS5
249928 i-UNLOCK-AT TRU5 POS5
249940 UNLOAD-TRUCK OBJ23 TRU5 POS5
251185 i-LOCK-AT OBJ23 POS5
251196 i-LOCK-AT TRU5 POS5
251371 i-UNLOCK-AT TRU5 POS5
251375 LOAD-TRUCK OBJ52 TRU5 POS5
251382 DRIVE-TRUCK TRU5 POS5 POS5 CIT5
251394 DRIVE-TRUCK TRU5 POS5 POS5 CIT5
251401 DRIVE-TRUCK TRU5 POS5 POS5 CIT5
251406 DRIVE-TRUCK TRU5 POS5 APT5 CIT5
251576 i-LOCK-AT TRU5 APT5
251587 i-UNLOCK-AT TRU5 APT5
251594 UNLOAD-TRUCK OBJ52 TRU5 APT5
251606 i-LOCK-AT APN1 APT5
251794 i-UNLOCK-AT APN1 APT5
251803 LOAD-AIRPLANE OBJ52 APN1 APT5
251814 FLY-AIRPLANE APN1 APT5 APT2
251996 i-LOCK-AT APN1 APT2
252006 i-UNLOCK-AT APN1 APT2
252011 UNLOAD-AIRPLANE OBJ52 APN1 APT2
252027 i-LOCK-AT TRU2 APT2
252202 i-UNLOCK-AT TRU2 APT2
252215 LOAD-TRUCK OBJ52 TRU2 APT2
252222 DRIVE-TRUCK TRU2 APT2 POS2 CIT2
252562 i-LOCK-AT TRU2 POS2
252571 i-UNLOCK-AT TRU2 POS2
252574 UNLOAD-TRUCK OBJ52 TRU2 POS2
253824 i-LOCK-AT OBJ52 POS2
253827 i-LOCK-AT TRU6 POS6
254009 i-UNLOCK-AT TRU6 POS6
254013 LOAD-TRUCK OBJ63 TRU6 POS6
254020 DRIVE-TRUCK TRU6 POS6 POS6 CIT6
254033 DRIVE-TRUCK TRU6 POS6 POS6 CIT6
254036 DRIVE-TRUCK TRU6 POS6 POS6 CIT6
254044 DRIVE-TRUCK TRU6 POS6 POS6 CIT6
254047 DRIVE-TRUCK TRU6 POS6 APT6 CIT6
254213 i-LOCK-AT TRU6 APT6
254219 i-UNLOCK-AT TRU6 APT6
254232 UNLOAD-TRUCK OBJ63 TRU6 APT6
254236 FLY-AIRPLANE APN1 APT2 APT5
254249 FLY-AIRPLANE APN1 APT5 APT2
254258 FLY-AIRPLANE APN1 APT2 APT6
254425 i-LOCK-AT APN1 APT6
254438 i-UNLOCK-AT APN1 APT6
254445 LOAD-AIRPLANE OBJ63 APN1 APT6
254457 FLY-AIRPLANE APN1 APT6 APT4
254462 FLY-AIRPLANE APN1 APT4 APT4
254468 FLY-AIRPLANE APN1 APT4 APT3
254632 i-LOCK-AT APN1 APT3
254643 i-UNLOCK-AT APN1 APT3
254652 UNLOAD-AIRPLANE OBJ63 APN1 APT3
254654 i-LOCK-AT TRU3 APT3
254847 i-UNLOCK-AT TRU3 APT3
254852 LOAD-TRUCK OBJ63 TRU3 APT3
254857 DRIVE-TRUCK TRU3 APT3 POS3 CIT3
255198 i-LOCK-AT TRU3 POS3
255202 i-UNLOCK-AT TRU3 POS3
255212 UNLOAD-TRUCK OBJ63 TRU3 POS3
256461 i-LOCK-AT OBJ63 POS3
256470 DRIVE-TRUCK TRU4 APT4 APT4 CIT4
256474 DRIVE-TRUCK TRU4 APT4 APT4 CIT4
256479 DRIVE-TRUCK TRU4 APT4 APT4 CIT4
256482 DRIVE-TRUCK TRU4 APT4 APT4 CIT4
256488 DRIVE-TRUCK TRU4 APT4 APT4 CIT4
256490 DRIVE-TRUCK TRU4 APT4 POS4 CIT4
256641 i-LOCK-AT TRU4 POS4
256645 i-UNLOCK-AT TRU4 POS4
256649 LOAD-TRUCK OBJ41 TRU4 POS4
256653 DRIVE-TRUCK TRU4 POS4 POS4 CIT4
256667 DRIVE-TRUCK TRU4 POS4 POS4 CIT4
256677 DRIVE-TRUCK TRU4 POS4 POS4 CIT4
256681 DRIVE-TRUCK TRU4 POS4 APT4 CIT4
256851 i-LOCK-AT TRU4 APT4
256857 i-UNLOCK-AT TRU4 APT4
256868 UNLOAD-TRUCK OBJ41 TRU4 APT4
256872 FLY-AIRPLANE APN2 APT6 APT4
257064 i-LOCK-AT APN2 APT4
257069 i-UNLOCK-AT APN2 APT4
257082 LOAD-AIRPLANE OBJ41 APN2 APT4
257085 FLY-AIRPLANE APN2 APT4 APT1
257270 i-LOCK-AT APN2 APT1
257284 i-UNLOCK-AT APN2 APT1
257290 UNLOAD-AIRPLANE OBJ41 APN2 APT1
257295 DRIVE-TRUCK TRU1 POS1 POS1 CIT1
257307 DRIVE-TRUCK TRU1 POS1 APT1 CIT1
257471 i-LOCK-AT TRU1 APT1
257480 i-UNLOCK-AT TRU1 APT1
257491 LOAD-TRUCK OBJ41 TRU1 APT1
257495 DRIVE-TRUCK TRU1 APT1 POS1 CIT1
257835 i-LOCK-AT TRU1 POS1
257848 i-UNLOCK-AT TRU1 POS1
257852 UNLOAD-TRUCK OBJ41 TRU1 POS1
259099 i-LOCK-AT OBJ41 POS1
259107 i-LOCK-AT TRU1 POS1
259281 i-UNLOCK-AT TRU1 POS1
259287 LOAD-TRUCK OBJ12 TRU1 POS1
259299 i-LOCK-AT TRU1 POS1
259497 i-UNLOCK-AT TRU1 POS1
259505 UNLOAD-TRUCK OBJ12 TRU1 POS1
259521 i-LOCK-AT TRU1 POS1
259712 i-UNLOCK-AT TRU1 POS1
259717 LOAD-TRUCK OBJ12 TRU1 POS1
259727 i-LOCK-AT TRU1 POS1
259920 i-UNLOCK-AT TRU1 POS1
259928 UNLOAD-TRUCK OBJ12 TRU1 POS1
259941 i-LOCK-AT TRU1 POS1
260118 i-UNLOCK-AT TRU1 POS1
260127 LOAD-TRUCK OBJ12 TRU1 POS1
260134 DRIVE-TRUCK TRU1 POS1 APT1 CIT1
260472 i-LOCK-AT TRU1 APT1
260484 i-UNLOCK-AT TRU1 APT1
260488 UNLOAD-TRUCK OBJ12 TRU1 APT1
261737 i-LOCK-AT OBJ12 APT1
261746 DRIVE-TRUCK TRU6 APT6 APT6 CIT6
261752 DRIVE-TRUCK TRU6 APT6 APT6 CIT6
261755 DRIVE-TRUCK TRU6 APT6 APT6 CIT6
261759 DRIVE-TRUCK TRU6 APT6 APT6 CIT6
261762 DRIVE-TRUCK TRU6 APT6 POS6 CIT6
261917 i-LOCK-AT TRU6 POS6
261923 i-UNLOCK-AT TRU6 POS6
261925 LOAD-TRUCK OBJ62 TRU6 POS6
261929 DRIVE-TRUCK TRU6 POS6 APT6 CIT6
262128 i-LOCK-AT TRU6 APT6
262135 i-UNLOCK-AT TRU6 APT6
262144 UNLOAD-TRUCK OBJ62 TRU6 APT6
262151 FLY-AIRPLANE APN1 APT3 APT2
262166 FLY-AIRPLANE APN1 APT2 APT1
262170 FLY-AIRPLANE APN1 APT1 APT1
262176 FLY-AIRPLANE APN1 APT1 APT6
262343 i-LOCK-AT APN1 APT6
262350 i-UNLOCK-AT APN1 APT6
262359 LOAD-AIRPLANE OBJ62 APN1 APT6
262361 i-LOCK-AT APN1 APT6
262557 i-UNLOCK-AT APN1 APT6
262562 UNLOAD-AIRPLANE OBJ62 APN1 APT6
262579 i-LOCK-AT APN1 APT6
262761 i-UNLOCK-AT APN1 APT6
262767 LOAD-AIRPLANE OBJ62 APN1 APT6
262774 FLY-AIRPLANE APN1 APT6 APT1
263114 i-LOCK-AT APN1 APT1
263118 i-UNLOCK-AT APN1 APT1
263127 UNLOAD-AIRPLANE OBJ62 APN1 APT1
264375 i-LOCK-AT OBJ62 APT1
264380 i-LOCK-AT TRU3 POS3
264557 i-UNLOCK-AT TRU3 POS3
264564 LOAD-TRUCK OBJ33 TRU3 POS3
264578 DRIVE-TRUCK TRU3 POS3 POS3 CIT3
264585 DRIVE-TRUCK TRU3 POS3 APT3 CIT3
264765 i-LOCK-AT TRU3 APT3
264772 i-UNLOCK-AT TRU3 APT3
264780 UNLOAD-TRUCK OBJ33 TRU3 APT3
264786 FLY-AIRPLANE APN2 APT1 APT3
264981 i-LOCK-AT APN2 APT3
264988 i-UNLOCK-AT APN2 APT3
264995 LOAD-AIRPLANE OBJ33 APN2 APT3
265002 FLY-AIRPLANE APN2 APT3 APT6
265185 i-LOCK-AT APN2 APT6
265195 i-UNLOCK-AT APN2 APT6
265200 UNLOAD-AIRPLANE OBJ33 APN2 APT6
265210 i-LOCK-AT TRU6 APT6
265398 i-UNLOCK-AT TRU6 APT6
265402 LOAD-TRUCK OBJ33 TRU6 APT6
265409 DRIVE-TRUCK TRU6 APT6 POS6 CIT6
265749 i-LOCK-AT TRU6 POS6
265755 i-UNLOCK-AT TRU6 POS6
265765 UNLOAD-TRUCK OBJ33 TRU6 POS6
267013 i-LOCK-AT OBJ33 POS6
267021 DRIVE-TRUCK TRU1 APT1 APT1 CIT1
267028 DRIVE-TRUCK TRU1 APT1 APT1 CIT1
267032 DRIVE-TRUCK TRU1 APT1 APT1 CIT1
267036 DRIVE-TRUCK TRU1 APT1 APT1 CIT1
267038 DRIVE-TRUCK TRU1 APT1 APT1 CIT1
267042 DRIVE-TRUCK TRU1 APT1 POS1 CIT1
267191 i-LOCK-AT TRU1 POS1
267197 i-UNLOCK-AT TRU1 POS1
267203 LOAD-TRUCK OBJ11 TRU1 POS1
267206 DRIVE-TRUCK TRU1 POS1 POS1 CIT1
267223 DRIVE-TRUCK TRU1 POS1 APT1 CIT1
267403 i-LOCK-AT TRU1 APT1
267414 i-UNLOCK-AT TRU1 APT1
267418 UNLOAD-TRUCK OBJ11 TRU1 APT1
267436 FLY-AIRPLANE APN2 APT6 APT2
267438 FLY-AIRPLANE APN2 APT2 APT6
267448 FLY-AIRPLANE APN2 APT6 APT2
267450 FLY-AIRPLANE APN2 APT2 APT1
267615 i-LOCK-AT APN2 APT1
267629 i-UNLOCK-AT APN2 APT1
267632 LOAD-AIRPLANE OBJ11 APN2 APT1
267643 FLY-AIRPLANE APN2 APT1 APT2
267822 i-LOCK-AT APN2 APT2
267831 i-UNLOCK-AT APN2 APT2
267841 UNLOAD-AIRPLANE OBJ11 APN2 APT2
267850 DRIVE-TRUCK TRU2 POS2 APT2 CIT2
268026 i-LOCK-AT TRU2 APT2
268034 i-UNLOCK-AT TRU2 APT2
268040 LOAD-TRUCK OBJ11 TRU2 APT2
268046 DRIVE-TRUCK TRU2 APT2 POS2 CIT2
268387 i-LOCK-AT TRU2 POS2
268393 i-UNLOCK-AT TRU2 POS2
268403 UNLOAD-TRUCK OBJ11 TRU2 POS2
269652 i-LOCK-AT OBJ11 POS2
269659 DRIVE-TRUCK TRU5 APT5 APT5 CIT5
269664 DRIVE-TRUCK TRU5 APT5 APT5 CIT5
269669 DRIVE-TRUCK TRU5 APT5 APT5 CIT5
269672 DRIVE-TRUCK TRU5 APT5 APT5 CIT5
269678 DRIVE-TRUCK TRU5 APT5 APT5 CIT5
269681 DRIVE-TRUCK TRU5 APT5 POS5 CIT5
269831 i-LOCK-AT TRU5 POS5
269833 i-UNLOCK-AT TRU5 POS5
269839 LOAD-TRUCK OBJ51 TRU5 POS5
269848 DRIVE-TRUCK TRU5 POS5 POS5 CIT5
269859 DRIVE-TRUCK TRU5 POS5 POS5 CIT5
269863 DRIVE-TRUCK TRU5 POS5 POS5 CIT5
269871 DRIVE-TRUCK TRU5 POS5 POS5 CIT5
269878 DRIVE-TRUCK TRU5 POS5 APT5 CIT5
270044 i-LOCK-AT TRU5 APT5
270048 i-UNLOCK-AT TRU5 APT5
270058 UNLOAD-TRUCK OBJ51 TRU5 APT5
270063 FLY-AIRPLANE APN2 APT2 APT4
270077 FLY-AIRPLANE APN2 APT4 APT5
270254 i-LOCK-AT APN2 APT5
270261 i-UNLOCK-AT APN2 APT5
270269 LOAD-AIRPLANE OBJ51 APN2 APT5
270277 FLY-AIRPLANE APN2 APT5 APT4
270460 i-LOCK-AT APN2 APT4
270473 i-UNLOCK-AT APN2 APT4
270479 UNLOAD-AIRPLANE OBJ51 APN2 APT4
270487 i-LOCK-AT TRU4 APT4
270673 i-UNLOCK-AT TRU4 APT4
270678 LOAD-TRUCK OBJ51 TRU4 APT4
270684 DRIVE-TRUCK TRU4 APT4 POS4 CIT4
271028 i-LOCK-AT TRU4 POS4
271031 i-UNLOCK-AT TRU4 POS4
271040 UNLOAD-TRUCK OBJ51 TRU4 POS4
272289 i-LOCK-AT OBJ51 POS4
272296 i-LOCK-AT TRU2 POS2
272471 i-UNLOCK-AT TRU2 POS2
272479 LOAD-TRUCK OBJ22 TRU2 POS2
272489 DRIVE-TRUCK TRU2 POS2 POS2 CIT2
272496 DRIVE-TRUCK TRU2 POS2 POS2 CIT2
272501 DRIVE-TRUCK TRU2 POS2 POS2 CIT2
272511 DRIVE-TRUCK TRU2 POS2 APT2 CIT2
272682 i-LOCK-AT TRU2 APT2
272687 i-UNLOCK-AT TRU2 APT2
272696 UNLOAD-TRUCK OBJ22 TRU2 APT2
272709 FLY-AIRPLANE APN2 APT4 APT2
272891 i-LOCK-AT APN2 APT2
272899 i-UNLOCK-AT APN2 APT2
272909 LOAD-AIRPLANE OBJ22 APN2 APT2
272924 FLY-AIRPLANE APN2 APT2 APT2
272931 FLY-AIRPLANE APN2 APT2 APT6
273102 i-LOCK-AT APN2 APT6
273107 i-UNLOCK-AT APN2 APT6
273117 UNLOAD-AIRPLANE OBJ22 APN2 APT6
273121 DRIVE-TRUCK TRU6 POS6 APT6 CIT6
273299 i-LOCK-AT TRU6 APT6
273306 i-UNLOCK-AT TRU6 APT6
273317 LOAD-TRUCK OBJ22 TRU6 APT6
273321 DRIVE-TRUCK TRU6 APT6 POS6 CIT6
273663 i-LOCK-AT TRU6 POS6
273676 i-UNLOCK-AT TRU6 POS6
273679 UNLOAD-TRUCK OBJ22 TRU6 POS6
274928 i-LOCK-AT OBJ22 POS6
274931 i-LOCK-AT TRU6 POS6
275113 i-UNLOCK-AT TRU6 POS6
275115 LOAD-TRUCK OBJ61 TRU6 POS6
275124 DRIVE-TRUCK TRU6 POS6 APT6 CIT6
275316 i-LOCK-AT TRU6 APT6
275326 i-UNLOCK-AT TRU6 APT6
275332 UNLOAD-TRUCK OBJ61 TRU6 APT6
275345 i-LOCK-AT APN2 APT6
275535 i-UNLOCK-AT APN2 APT6
275546 LOAD-AIRPLANE OBJ61 APN2 APT6
275552 FLY-AIRPLANE APN2 APT6 APT6
275566 FLY-AIRPLANE APN2 APT6 APT1
275576 FLY-AIRPLANE APN2 APT1 APT4
275739 i-LOCK-AT APN2 APT4
275742 i-UNLOCK-AT APN2 APT4
275755 UNLOAD-AIRPLANE OBJ61 APN2 APT4
275759 i-LOCK-AT APN2 APT4
275945 i-UNLOCK-AT APN2 APT4
275957 LOAD-AIRPLANE OBJ61 APN2 APT4
275961 FLY-AIRPLANE APN2 APT4 APT1
276301 i-LOCK-AT APN2 APT1
276311 i-UNLOCK-AT APN2 APT1
276319 UNLOAD-AIRPLANE OBJ61 APN2 APT1
277566 i-LOCK-AT OBJ61 APT1
277570 i-LOCK-AT TRU4 POS4
277751 i-UNLOCK-AT TRU4 POS4
277755 LOAD-TRUCK OBJ43 TRU4 POS4
277769 DRIVE-TRUCK TRU4 POS4 APT4 CIT4
277957 i-LOCK-AT TRU4 APT4
277967 i-UNLOCK-AT TRU4 APT4
277971 UNLOAD-TRUCK OBJ43 TRU4 APT4
277977 FLY-AIRPLANE APN1 APT1 APT4
278168 i-LOCK-AT APN1 APT4
278177 i-UNLOCK-AT APN1 APT4
278187 LOAD-AIRPLANE OBJ43 APN1 APT4
278196 FLY-AIRPLANE APN1 APT4 APT6
278206 FLY-AIRPLANE APN1 APT6 APT6
278209 FLY-AIRPLANE APN1 APT6 APT2
278378 i-LOCK-AT APN1 APT2
278386 i-UNLOCK-AT APN1 APT2
278392 UNLOAD-AIRPLANE OBJ43 APN1 APT2
278400 i-LOCK-AT TRU2 APT2
278588 i-UNLOCK-AT TRU2 APT2
278593 LOAD-TRUCK OBJ43 TRU2 APT2
278599 DRIVE-TRUCK TRU2 APT2 POS2 CIT2
278942 i-LOCK-AT TRU2 POS2
278952 i-UNLOCK-AT TRU2 POS2
278958 UNLOAD-TRUCK OBJ43 TRU2 POS2
280203 i-LOCK-AT OBJ43 POS2
280211 DRIVE-TRUCK TRU3 APT3 POS3 CIT3
280383 i-LOCK-AT TRU3 POS3
280388 i-UNLOCK-AT TRU3 POS3
280391 LOAD-TRUCK OBJ32 TRU3 POS3
280396 DRIVE-TRUCK TRU3 POS3 APT3 CIT3
280593 i-LOCK-AT TRU3 APT3
280600 i-UNLOCK-AT TRU3 APT3
280610 UNLOAD-TRUCK OBJ32 TRU3 APT3
280623 i-LOCK-AT TRU3 APT3
280819 i-UNLOCK-AT TRU3 APT3
280822 LOAD-TRUCK OBJ32 TRU3 APT3
280833 i-LOCK-AT TRU3 APT3
281021 i-UNLOCK-AT TRU3 APT3
281028 UNLOAD-TRUCK OBJ32 TRU3 APT3
281040 FLY-AIRPLANE APN2 APT1 APT6
281048 FLY-AIRPLANE APN2 APT6 APT3
281216 i-LOCK-AT APN2 APT3
281222 i-UNLOCK-AT APN2 APT3
281232 LOAD-AIRPLANE OBJ32 APN2 APT3
281236 FLY-AIRPLANE APN2 APT3 APT5
281576 i-LOCK-AT APN2 APT5
281582 i-UNLOCK-AT APN2 APT5
281596 UNLOAD-AIRPLANE OBJ32 APN2 APT5
282842 i-LOCK-AT OBJ32 APT5
282848 DRIVE-TRUCK TRU1 APT1 APT1 CIT1
282855 DRIVE-TRUCK TRU1 APT1 APT1 CIT1
282859 DRIVE-TRUCK TRU1 APT1 APT1 CIT1
282864 DRIVE-TRUCK TRU1 APT1 APT1 CIT1
282866 DRIVE-TRUCK TRU1 APT1 APT1 CIT1
282870 DRIVE-TRUCK TRU1 APT1 POS1 CIT1
283019 i-LOCK-AT TRU1 POS1
283023 i-UNLOCK-AT TRU1 POS1
283029 LOAD-TRUCK OBJ13 TRU1 POS1
283037 DRIVE-TRUCK TRU1 POS1 POS1 CIT1
283047 DRIVE-TRUCK TRU1 POS1 POS1 CIT1
283054 DRIVE-TRUCK TRU1 POS1 POS1 CIT1
283063 DRIVE-TRUCK TRU1 POS1 POS1 CIT1
283066 DRIVE-TRUCK TRU1 POS1 APT1 CIT1
283233 i-LOCK-AT TRU1 APT1
283238 i-UNLOCK-AT TRU1 APT1
283246 UNLOAD-TRUCK OBJ13 TRU1 APT1
283253 FLY-AIRPLANE APN2 APT5 APT4
283267 FLY-AIRPLANE APN2 APT4 APT6
283276 FLY-AIRPLANE APN2 APT6 APT6
283279 FLY-AIRPLANE APN2 APT6 APT1
283445 i-LOCK-AT APN2 APT1
283454 i-UNLOCK-AT APN2 APT1
283460 LOAD-AIRPLANE OBJ13 APN2 APT1
283475 FLY-AIRPLANE APN2 APT1 APT2
283650 i-LOCK-AT APN2 APT2
283663 i-UNLOCK-AT APN2 APT2
283667 UNLOAD-AIRPLANE OBJ13 APN2 APT2
283678 i-LOCK-AT APN1 APT2
283858 i-UNLOCK-AT APN1 APT2
283868 LOAD-AIRPLANE OBJ13 APN1 APT2
283876 FLY-AIRPLANE APN1 APT2 APT6
284215 i-LOCK-AT APN1 APT6
284224 i-UNLOCK-AT APN1 APT6
284230 UNLOAD-AIRPLANE OBJ13 APN1 APT6
285479 i-LOCK-AT OBJ13 APT6
root 5 60 115 170 225 280 335 390 445 500 555 610 665 720 775 830 885 940
5 ACHIEVE-AT OBJ53 POS2 -> M10-ACHIEVE-AT 1046 240634
60 ACHIEVE-AT OBJ21 POS4 -> M10-ACHIEVE-AT 1480 243271
115 ACHIEVE-AT OBJ31 POS4 -> M10-ACHIEVE-AT 1744 245909
170 ACHIEVE-AT OBJ42 POS2 -> M10-ACHIEVE-AT 2003 248547
225 ACHIEVE-AT OBJ23 POS5 -> M10-ACHIEVE-AT 2266 251185
280 ACHIEVE-AT OBJ52 POS2 -> M10-ACHIEVE-AT 2525 253824
335 ACHIEVE-AT OBJ63 POS3 -> M10-ACHIEVE-AT 2787 256461
390 ACHIEVE-AT OBJ41 POS1 -> M10-ACHIEVE-AT 3047 259099
445 ACHIEVE-AT OBJ12 APT1 -> M10-ACHIEVE-AT 3310 261737
500 ACHIEVE-AT OBJ62 APT1 -> M10-ACHIEVE-AT 3569 264375
555 ACHIEVE-AT OBJ33 POS6 -> M10-ACHIEVE-AT 3831 267013
610 ACHIEVE-AT OBJ11 POS2 -> M10-ACHIEVE-AT 4093 269652
665 ACHIEVE-AT OBJ51 POS4 -> M10-ACHIEVE-AT 4354 272289
720 ACHIEVE-AT OBJ22 POS6 -> M10-ACHIEVE-AT 4614 274928
775 ACHIEVE-AT OBJ61 APT1 -> M10-ACHIEVE-AT 4876 277566
830 ACHIEVE-AT OBJ43 POS2 -> M10-ACHIEVE-AT 5136 280203
885 ACHIEVE-AT OBJ32 APT5 -> M10-ACHIEVE-AT 5398 282842
940 ACHIEVE-AT OBJ13 APT6 -> M10-ACHIEVE-AT 5657 285479
1046 ACHIEVE-AT0 OBJ53 POS2 -> M12-ACHIEVE-AT0 7437 6077
1480 ACHIEVE-AT0 OBJ21 POS4 -> M12-ACHIEVE-AT0 7540 6126
1744 ACHIEVE-AT0 OBJ31 POS4 -> M12-ACHIEVE-AT0 7636 6204
2003 ACHIEVE-AT0 OBJ42 POS2 -> M12-ACHIEVE-AT0 7734 6281
2266 ACHIEVE-AT0 OBJ23 POS5 -> M12-ACHIEVE-AT0 7831 6358
2525 ACHIEVE-AT0 OBJ52 POS2 -> M12-ACHIEVE-AT0 7927 6437
2787 ACHIEVE-AT0 OBJ63 POS3 -> M12-ACHIEVE-AT0 8025 6515
3047 ACHIEVE-AT0 OBJ41 POS1 -> M12-ACHIEVE-AT0 8121 6596
3310 ACHIEVE-AT0 OBJ12 APT1 -> M12-ACHIEVE-AT0 8218 6671
3569 ACHIEVE-AT0 OBJ62 APT1 -> M12-ACHIEVE-AT0 8316 6750
3831 ACHIEVE-AT0 OBJ33 POS6 -> M12-ACHIEVE-AT0 8412 6826
4093 ACHIEVE-AT0 OBJ11 POS2 -> M12-ACHIEVE-AT0 8509 6907
4354 ACHIEVE-AT0 OBJ51 POS4 -> M12-ACHIEVE-AT0 8606 6985
4614 ACHIEVE-AT0 OBJ22 POS6 -> M12-ACHIEVE-AT0 8703 7060
4876 ACHIEVE-AT0 OBJ61 APT1 -> M12-ACHIEVE-AT0 8801 7138
5136 ACHIEVE-AT0 OBJ43 POS2 -> M12-ACHIEVE-AT0 8898 7216
5398 ACHIEVE-AT0 OBJ32 APT5 -> M12-ACHIEVE-AT0 8995 7297
5657 ACHIEVE-AT0 OBJ13 APT6 -> M12-ACHIEVE-AT0 9092 7372
6077 ACHIEVE-AT0 OBJ53 POS2 -> M14-ACHIEVE-AT0 9745 7477
6126 ACHIEVE-AT0 OBJ21 POS4 -> M14-ACHIEVE-AT0 11299 7570
6204 ACHIEVE-AT0 OBJ31 POS4 -> M14-ACHIEVE-AT0 12910 7667
6281 ACHIEVE-AT0 OBJ42 POS2 -> M14-ACHIEVE-AT0 14520 7766
6358 ACHIEVE-AT0 OBJ23 POS5 -> M14-ACHIEVE-AT0 16130 7863
6437 ACHIEVE-AT0 OBJ52 POS2 -> M14-ACHIEVE-AT0 17742 7958
6515 ACHIEVE-AT0 OBJ63 POS3 -> M14-ACHIEVE-AT0 19350 8055
6596 ACHIEVE-AT0 OBJ41 POS1 -> M14-ACHIEVE-AT0 20960 8153
6671 ACHIEVE-AT0 OBJ12 APT1 -> M14-ACHIEVE-AT0 22569 8251
6750 ACHIEVE-AT0 OBJ62 APT1 -> M14-ACHIEVE-AT0 24182 8348
6826 ACHIEVE-AT0 OBJ33 POS6 -> M14-ACHIEVE-AT0 25790 8447
6907 ACHIEVE-AT0 OBJ11 POS2 -> M14-ACHIEVE-AT0 27402 8540
6985 ACHIEVE-AT0 OBJ51 POS4 -> M14-ACHIEVE-AT0 29010 8637
7060 ACHIEVE-AT0 OBJ22 POS6 -> M14-ACHIEVE-AT0 30622 8734
7138 ACHIEVE-AT0 OBJ61 APT1 -> M14-ACHIEVE-AT0 32231 8831
7216 ACHIEVE-AT0 OBJ43 POS2 -> M14-ACHIEVE-AT0 33842 8930
7297 ACHIEVE-AT0 OBJ32 APT5 -> M14-ACHIEVE-AT0 35451 9025
7372 ACHIEVE-AT0 OBJ13 APT6 -> M14-ACHIEVE-AT0 37061 9124
7437 DO-AT-LOAD-TRUCK0 OBJ53 TRU5 POS5 -> M4-DO-AT-LOAD-TRUCK0 238143 238278 238281
7477 ACHIEVE-AT0 OBJ53 POS2 -> M13-ACHIEVE-AT0 38549 9990
7540 DO-AT-LOAD-TRUCK0 OBJ21 TRU2 POS2 -> M4-DO-AT-LOAD-TRUCK0 240641 240814 240823
7570 ACHIEVE-AT0 OBJ21 POS4 -> M13-ACHIEVE-AT0 39776 11600
7636 DO-AT-LOAD-TRUCK0 OBJ31 TRU3 POS3 -> M4-DO-AT-LOAD-TRUCK0 243278 243456 243459
7667 ACHIEVE-AT0 OBJ31 POS4 -> M13-ACHIEVE-AT0 41007 13209
7734 DO-AT-LOAD-TRUCK0 OBJ42 TRU4 POS4 -> M4-DO-AT-LOAD-TRUCK0 245913 246092 246097
7766 ACHIEVE-AT0 OBJ42 POS2 -> M13-ACHIEVE-AT0 42235 14819
7831 DO-AT-LOAD-TRUCK0 OBJ23 TRU2 POS2 -> M4-DO-AT-LOAD-TRUCK0 248557 248728 248735
7863 ACHIEVE-AT0 OBJ23 POS5 -> M13-ACHIEVE-AT0 43466 16429
7927 DO-AT-LOAD-TRUCK0 OBJ52 TRU5 POS5 -> M4-DO-AT-LOAD-TRUCK0 251195 251370 251375
7958 ACHIEVE-AT0 OBJ52 POS2 -> M13-ACHIEVE-AT0 44695 18040
8025 DO-AT-LOAD-TRUCK0 OBJ63 TRU6 POS6 -> M4-DO-AT-LOAD-TRUCK0 253826 254008 254013
8055 ACHIEVE-AT0 OBJ63 POS3 -> M13-ACHIEVE-AT0 45925 19651
8121 DO-AT-LOAD-TRUCK0 OBJ41 TRU4 POS4 -> M4-DO-AT-LOAD-TRUCK0 20471 256644 256649
8153 ACHIEVE-AT0 OBJ41 POS1 -> M13-ACHIEVE-AT0 47154 21262
8218 DO-AT-LOAD-TRUCK0 OBJ12 TRU1 POS1 -> M4-DO-AT-LOAD-TRUCK0 259106 259280 259287
8251 ACHIEVE-AT0 OBJ12 APT1 -> M12-ACHIEVE-AT0 48384 22871
8316 DO-AT-LOAD-TRUCK0 OBJ62 TRU6 POS6 -> M4-DO-AT-LOAD-TRUCK0 23691 261922 261925
8348 ACHIEVE-AT0 OBJ62 APT1 -> M13-ACHIEVE-AT0 49615 24481
8412 DO-AT-LOAD-TRUCK0 OBJ33 TRU3 POS3 -> M4-DO-AT-LOAD-TRUCK0 264379 264556 264564
8447 ACHIEVE-AT0 OBJ33 POS6 -> M13-ACHIEVE-AT0 50844 26092
8509 DO-AT-LOAD-TRUCK0 OBJ11 TRU1 POS1 -> M4-DO-AT-LOAD-TRUCK0 26911 267196 267203
8540 ACHIEVE-AT0 OBJ11 POS2 -> M13-ACHIEVE-AT0 52076 27700
8606 DO-AT-LOAD-TRUCK0 OBJ51 TRU5 POS5 -> M4-DO-AT-LOAD-TRUCK0 28521 269832 269839
8637 ACHIEVE-AT0 OBJ51 POS4 -> M13-ACHIEVE-AT0 53307 29313
8703 DO-AT-LOAD-TRUCK0 OBJ22 TRU2 POS2 -> M4-DO-AT-LOAD-TRUCK0 272295 272470 272479
8734 ACHIEVE-AT0 OBJ22 POS6 -> M13-ACHIEVE-AT0 54535 30922
8801 DO-AT-LOAD-TRUCK0 OBJ61 TRU6 POS6 -> M4-DO-AT-LOAD-TRUCK0 274930 275112 275115
8831 ACHIEVE-AT0 OBJ61 APT1 -> M13-ACHIEVE-AT0 55765 32532
8898 DO-AT-LOAD-TRUCK0 OBJ43 TRU4 POS4 -> M4-DO-AT-LOAD-TRUCK0 277569 277750 277755
8930 ACHIEVE-AT0 OBJ43 POS2 -> M13-ACHIEVE-AT0 56995 34139
8995 DO-AT-LOAD-TRUCK0 OBJ32 TRU3 POS3 -> M4-DO-AT-LOAD-TRUCK0 34962 280387 280391
9025 ACHIEVE-AT0 OBJ32 APT5 -> M12-ACHIEVE-AT0 58227 35753
9092 DO-AT-LOAD-TRUCK0 OBJ13 TRU1 POS1 -> M4-DO-AT-LOAD-TRUCK0 36572 283022 283029
9124 ACHIEVE-AT0 OBJ13 APT6 -> M13-ACHIEVE-AT0 59456 37361
9745 DO-IN-UNLOAD-TRUCK0 OBJ53 TRU5 APT5 -> M6-DO-IN-UNLOAD-TRUCK0 38294 238431 238437
9990 ACHIEVE-AT0 OBJ53 POS2 -> M15-ACHIEVE-AT0 60614 38584
11299 DO-IN-UNLOAD-TRUCK0 OBJ21 TRU2 APT2 -> M6-DO-IN-UNLOAD-TRUCK0 39265 241027 241041
11600 ACHIEVE-AT0 OBJ21 POS4 -> M15-ACHIEVE-AT0 62197 39813
12910 DO-IN-UNLOAD-TRUCK0 OBJ31 TRU3 APT3 -> M6-DO-IN-UNLOAD-TRUCK0 40495 243668 243678
13209 ACHIEVE-AT0 OBJ31 POS4 -> M15-ACHIEVE-AT0 63784 41046
14520 DO-IN-UNLOAD-TRUCK0 OBJ42 TRU4 APT4 -> M6-DO-IN-UNLOAD-TRUCK0 41724 246304 246316
14819 ACHIEVE-AT0 OBJ42 POS2 -> M15-ACHIEVE-AT0 65370 42276
16130 DO-IN-UNLOAD-TRUCK0 OBJ23 TRU2 APT2 -> M6-DO-IN-UNLOAD-TRUCK0 42956 248947 248954
16429 ACHIEVE-AT0 OBJ23 POS5 -> M15-ACHIEVE-AT0 66952 43505
17742 DO-IN-UNLOAD-TRUCK0 OBJ52 TRU5 APT5 -> M6-DO-IN-UNLOAD-TRUCK0 44186 251586 251594
18040 ACHIEVE-AT0 OBJ52 POS2 -> M15-ACHIEVE-AT0 68540 44735
19350 DO-IN-UNLOAD-TRUCK0 OBJ63 TRU6 APT6 -> M6-DO-IN-UNLOAD-TRUCK0 45417 254218 254232
19651 ACHIEVE-AT0 OBJ63 POS3 -> M15-ACHIEVE-AT0 70123 45963
20471 ACHIEVE-AT-TRK TRU4 POS4 -> M34-ACHIEVE-AT 46312 256641
20960 DO-IN-UNLOAD-TRUCK0 OBJ41 TRU4 APT4 -> M6-DO-IN-UNLOAD-TRUCK0 46644 256856 256868
21262 ACHIEVE-AT0 OBJ41 POS1 -> M15-ACHIEVE-AT0 71710 47193
22569 DO-IN-UNLOAD-TRUCK0 OBJ12 TRU1 POS1 -> M6-DO-IN-UNLOAD-TRUCK0 259298 259496 259505
22871 ACHIEVE-AT0 OBJ12 APT1 -> M14-ACHIEVE-AT0 73292 48425
23691 ACHIEVE-AT-TRK TRU6 POS6 -> M34-ACHIEVE-AT 48773 261917
24182 DO-IN-UNLOAD-TRUCK0 OBJ62 TRU6 APT6 -> M6-DO-IN-UNLOAD-TRUCK0 49105 262134 262144
24481 ACHIEVE-AT0 OBJ62 APT1 -> M15-ACHIEVE-AT0 74880 49657
25790 DO-IN-UNLOAD-TRUCK0 OBJ33 TRU3 APT3 -> M6-DO-IN-UNLOAD-TRUCK0 50337 264771 264780
26092 ACHIEVE-AT0 OBJ33 POS6 -> M15-ACHIEVE-AT0 76462 50887
26911 ACHIEVE-AT-TRK TRU1 POS1 -> M34-ACHIEVE-AT 51233 267191
27402 DO-IN-UNLOAD-TRUCK0 OBJ11 TRU1 APT1 -> M6-DO-IN-UNLOAD-TRUCK0 51564 267413 267418
27700 ACHIEVE-AT0 OBJ11 POS2 -> M15-ACHIEVE-AT0 78047 52115
28521 ACHIEVE-AT-TRK TRU5 POS5 -> M34-ACHIEVE-AT 52461 269831
29010 DO-IN-UNLOAD-TRUCK0 OBJ51 TRU5 APT5 -> M6-DO-IN-UNLOAD-TRUCK0 52797 270047 270058
29313 ACHIEVE-AT0 OBJ51 POS4 -> M15-ACHIEVE-AT0 79635 53345
30622 DO-IN-UNLOAD-TRUCK0 OBJ22 TRU2 APT2 -> M6-DO-IN-UNLOAD-TRUCK0 54025 272686 272696
30922 ACHIEVE-AT0 OBJ22 POS6 -> M15-ACHIEVE-AT0 81219 54574
32231 DO-IN-UNLOAD-TRUCK0 OBJ61 TRU6 APT6 -> M6-DO-IN-UNLOAD-TRUCK0 55255 275325 275332
32532 ACHIEVE-AT0 OBJ61 APT1 -> M15-ACHIEVE-AT0 82803 55806
33842 DO-IN-UNLOAD-TRUCK0 OBJ43 TRU4 APT4 -> M6-DO-IN-UNLOAD-TRUCK0 56487 277966 277971
34139 ACHIEVE-AT0 OBJ43 POS2 -> M15-ACHIEVE-AT0 84390 57036
34962 ACHIEVE-AT-TRK TRU3 POS3 -> M34-ACHIEVE-AT 57382 280383
35451 DO-IN-UNLOAD-TRUCK0 OBJ32 TRU3 APT3 -> M6-DO-IN-UNLOAD-TRUCK0 57714 280599 280610
35753 ACHIEVE-AT0 OBJ32 APT5 -> M14-ACHIEVE-AT0 85974 58266
36572 ACHIEVE-AT-TRK TRU1 POS1 -> M34-ACHIEVE-AT 58611 283019
37061 DO-IN-UNLOAD-TRUCK0 OBJ13 TRU1 APT1 -> M6-DO-IN-UNLOAD-TRUCK0 58944 283237 283246
37361 ACHIEVE-AT0 OBJ13 APT6 -> M15-ACHIEVE-AT0 87560 59497
38294 ACHIEVE-AT-TRK TRU5 APT5 -> M34-ACHIEVE-AT 59965 238428
38549 DO-AT-LOAD-AIRPLANE0 OBJ53 APN1 APT5 -> M5-DO-AT-LOAD-AIRPLANE0 60170 238623 238628
38584 ACHIEVE-AT0 OBJ53 POS2 -> M12-ACHIEVE-AT0 89102 60654
39265 ACHIEVE-AT-TRK TRU2 APT2 -> M34-ACHIEVE-AT 61346 241023
39776 DO-AT-LOAD-AIRPLANE0 OBJ21 APN1 APT2 -> M5-DO-AT-LOAD-AIRPLANE0 241049 241241 241254
39813 ACHIEVE-AT0 OBJ21 POS4 -> M12-ACHIEVE-AT0 90884 62238
40495 ACHIEVE-AT-TRK TRU3 APT3 -> M34-ACHIEVE-AT 62931 243662
41007 DO-AT-LOAD-AIRPLANE0 OBJ31 APN1 APT3 -> M5-DO-AT-LOAD-AIRPLANE0 63272 243882 243889
41046 ACHIEVE-AT0 OBJ31 POS4 -> M12-ACHIEVE-AT0 92664 63822
41724 ACHIEVE-AT-TRK TRU4 APT4 -> M34-ACHIEVE-AT 64515 246300
42235 DO-AT-LOAD-AIRPLANE0 OBJ42 APN1 APT4 -> M5-DO-AT-LOAD-AIRPLANE0 246326 246520 246531
42276 ACHIEVE-AT0 OBJ42 POS2 -> M12-ACHIEVE-AT0 94448 65407
42956 ACHIEVE-AT-TRK TRU2 APT2 -> M34-ACHIEVE-AT 66095 248936
43466 DO-AT-LOAD-AIRPLANE0 OBJ23 APN1 APT2 -> M5-DO-AT-LOAD-AIRPLANE0 248957 249162 249165
43505 ACHIEVE-AT0 OBJ23 POS5 -> M12-ACHIEVE-AT0 96230 66992
44186 ACHIEVE-AT-TRK TRU5 APT5 -> M34-ACHIEVE-AT 67684 251576
44695 DO-AT-LOAD-AIRPLANE0 OBJ52 APN1 APT5 -> M5-DO-AT-LOAD-AIRPLANE0 251605 251793 251803
44735 ACHIEVE-AT0 OBJ52 POS2 -> M12-ACHIEVE-AT0 98009 68578
45417 ACHIEVE-AT-TRK TRU6 APT6 -> M34-ACHIEVE-AT 69266 254213
45925 DO-AT-LOAD-AIRPLANE0 OBJ63 APN1 APT6 -> M5-DO-AT-LOAD-AIRPLANE0 69615 254437 254445
45963 ACHIEVE-AT0 OBJ63 POS3 -> M12-ACHIEVE-AT0 99791 70161
46312 ACHIEVE-AT1 TRU4 POS4 -> M36-ACHIEVE-AT1 256470 70521
46644 ACHIEVE-AT-TRK TRU4 APT4 -> M34-ACHIEVE-AT 70855 256851
47154 DO-AT-LOAD-AIRPLANE0 OBJ41 APN2 APT4 -> M5-DO-AT-LOAD-AIRPLANE0 71198 257068 257082
47193 ACHIEVE-AT0 OBJ41 POS1 -> M12-ACHIEVE-AT0 101573 71749
48384 DO-AT-LOAD-TRUCK0 OBJ12 TRU1 POS1 -> M4-DO-AT-LOAD-TRUCK0 259520 259711 259717
48425 ACHIEVE-AT0 OBJ12 APT1 -> M12-ACHIEVE-AT0 103358 73331
48773 ACHIEVE-AT1 TRU6 POS6 -> M36-ACHIEVE-AT1 261746 73689
49105 ACHIEVE-AT-TRK TRU6 APT6 -> M34-ACHIEVE-AT 74021 262128
49615 DO-AT-LOAD-AIRPLANE0 OBJ62 APN1 APT6 -> M5-DO-AT-LOAD-AIRPLANE0 74368 262349 262359
49657 ACHIEVE-AT0 OBJ62 APT1 -> M13-ACHIEVE-AT0 105140 74919
50337 ACHIEVE-AT-TRK TRU3 APT3 -> M34-ACHIEVE-AT 75605 264765
50844 DO-AT-LOAD-AIRPLANE0 OBJ33 APN2 APT3 -> M5-DO-AT-LOAD-AIRPLANE0 75953 264987 264995
50887 ACHIEVE-AT0 OBJ33 POS6 -> M12-ACHIEVE-AT0 106920 76504
51233 ACHIEVE-AT1 TRU1 POS1 -> M36-ACHIEVE-AT1 267021 76859
51564 ACHIEVE-AT-TRK TRU1 APT1 -> M34-ACHIEVE-AT 77195 267403
52076 DO-AT-LOAD-AIRPLANE0 OBJ11 APN2 APT1 -> M5-DO-AT-LOAD-AIRPLANE0 77538 267628 267632
52115 ACHIEVE-AT0 OBJ11 POS2 -> M12-ACHIEVE-AT0 108704 78087
52461 ACHIEVE-AT1 TRU5 POS5 -> M36-ACHIEVE-AT1 269659 78444
52797 ACHIEVE-AT-TRK TRU5 APT5 -> M34-ACHIEVE-AT 78777 270044
53307 DO-AT-LOAD-AIRPLANE0 OBJ51 APN2 APT5 -> M5-DO-AT-LOAD-AIRPLANE0 79124 270260 270269
53345 ACHIEVE-AT0 OBJ51 POS4 -> M12-ACHIEVE-AT0 110483 79672
54025 ACHIEVE-AT-TRK TRU2 APT2 -> M34-ACHIEVE-AT 80360 272682
54535 DO-AT-LOAD-AIRPLANE0 OBJ22 APN2 APT2 -> M5-DO-AT-LOAD-AIRPLANE0 80709 272898 272909
54574 ACHIEVE-AT0 OBJ22 POS6 -> M12-ACHIEVE-AT0 112267 81256
55255 ACHIEVE-AT-TRK TRU6 APT6 -> M34-ACHIEVE-AT 81951 275316
55765 DO-AT-LOAD-AIRPLANE0 OBJ61 APN2 APT6 -> M5-DO-AT-LOAD-AIRPLANE0 275344 275534 275546
55806 ACHIEVE-AT0 OBJ61 APT1 -> M13-ACHIEVE-AT0 114048 82843
56487 ACHIEVE-AT-TRK TRU4 APT4 -> M34-ACHIEVE-AT 83529 277957
56995 DO-AT-LOAD-AIRPLANE0 OBJ43 APN1 APT4 -> M5-DO-AT-LOAD-AIRPLANE0 83878 278176 278187
57036 ACHIEVE-AT0 OBJ43 POS2 -> M12-ACHIEVE-AT0 115831 84427
57382 ACHIEVE-AT1 TRU3 POS3 -> M36-ACHIEVE-AT1 280211 84786
57714 ACHIEVE-AT-TRK TRU3 APT3 -> M34-ACHIEVE-AT 85114 280593
58227 DO-AT-LOAD-TRUCK0 OBJ32 TRU3 APT3 -> M4-DO-AT-LOAD-TRUCK0 280622 280818 280822
58266 ACHIEVE-AT0 OBJ32 APT5 -> M13-ACHIEVE-AT0 117612 86014
58611 ACHIEVE-AT1 TRU1 POS1 -> M36-ACHIEVE-AT1 282848 86370
58944 ACHIEVE-AT-TRK TRU1 APT1 -> M34-ACHIEVE-AT 86700 283233
59456 DO-AT-LOAD-AIRPLANE0 OBJ13 APN2 APT1 -> M5-DO-AT-LOAD-AIRPLANE0 87048 283453 283460
59497 ACHIEVE-AT0 OBJ13 APT6 -> M13-ACHIEVE-AT0 119394 87596
59965 ACHIEVE-AT1 TRU5 APT5 -> M36-ACHIEVE-AT1 238284 88076
60170 ACHIEVE-AT-AIR APN1 APT5 -> M39-ACHIEVE-AT 88291 238617
60614 DO-IN-UNLOAD-AIRPLANE0 OBJ53 APN1 APT2 -> M7-DO-IN-UNLOAD-AIRPLANE0 88604 238830 238838
60654 ACHIEVE-AT0 OBJ53 POS2 -> M14-ACHIEVE-AT0 121230 89143
61346 ACHIEVE-AT1 TRU2 APT2 -> M36-ACHIEVE-AT1 240826 89674
62197 DO-IN-UNLOAD-AIRPLANE0 OBJ21 APN1 APT4 -> M7-DO-IN-UNLOAD-AIRPLANE0 90371 241450 241459
62238 ACHIEVE-AT0 OBJ21 POS4 -> M14-ACHIEVE-AT0 123213 90924
62931 ACHIEVE-AT1 TRU3 APT3 -> M36-ACHIEVE-AT1 243474 91455
63272 ACHIEVE-AT-AIR APN1 APT3 -> M39-ACHIEVE-AT 91806 243873
63784 DO-IN-UNLOAD-AIRPLANE0 OBJ31 APN1 APT4 -> M7-DO-IN-UNLOAD-AIRPLANE0 92153 244090 244098
63822 ACHIEVE-AT0 OBJ31 POS4 -> M14-ACHIEVE-AT0 125203 92705
64515 ACHIEVE-AT1 TRU4 APT4 -> M36-ACHIEVE-AT1 246101 93242
65370 DO-IN-UNLOAD-AIRPLANE0 OBJ42 APN1 APT2 -> M7-DO-IN-UNLOAD-AIRPLANE0 93936 246728 246737
65407 ACHIEVE-AT0 OBJ42 POS2 -> M14-ACHIEVE-AT0 127190 94486
66095 ACHIEVE-AT1 TRU2 APT2 -> M36-ACHIEVE-AT1 248741 95019
66952 DO-IN-UNLOAD-AIRPLANE0 OBJ23 APN1 APT5 -> M7-DO-IN-UNLOAD-AIRPLANE0 95718 249362 249372
66992 ACHIEVE-AT0 OBJ23 POS5 -> M14-ACHIEVE-AT0 129174 96267
67684 ACHIEVE-AT1 TRU5 APT5 -> M36-ACHIEVE-AT1 251382 96805
68540 DO-IN-UNLOAD-AIRPLANE0 OBJ52 APN1 APT2 -> M7-DO-IN-UNLOAD-AIRPLANE0 97500 252005 252011
68578 ACHIEVE-AT0 OBJ52 POS2 -> M14-ACHIEVE-AT0 131163 98052
69266 ACHIEVE-AT1 TRU6 APT6 -> M36-ACHIEVE-AT1 254020 98587
69615 ACHIEVE-AT-AIR APN1 APT6 -> M39-ACHIEVE-AT 98937 254425
70123 DO-IN-UNLOAD-AIRPLANE0 OBJ63 APN1 APT3 -> M7-DO-IN-UNLOAD-AIRPLANE0 99281 254642 254652
70161 ACHIEVE-AT0 OBJ63 POS3 -> M14-ACHIEVE-AT0 133149 99834
70521 ACHIEVE-AT1 TRU4 POS4 -> M36-ACHIEVE-AT1 256474 100195
70855 ACHIEVE-AT1 TRU4 APT4 -> M36-ACHIEVE-AT1 256653 100369
71198 ACHIEVE-AT-AIR APN2 APT4 -> M39-ACHIEVE-AT 100716 257064
71710 DO-IN-UNLOAD-AIRPLANE0 OBJ41 APN2 APT1 -> M7-DO-IN-UNLOAD-AIRPLANE0 101065 257283 257290
71749 ACHIEVE-AT0 OBJ41 POS1 -> M14-ACHIEVE-AT0 135137 101612
73292 DO-IN-UNLOAD-TRUCK0 OBJ12 TRU1 POS1 -> M6-DO-IN-UNLOAD-TRUCK0 259726 259919 259928
73331 ACHIEVE-AT0 OBJ12 APT1 -> M14-ACHIEVE-AT0 137125 103395
73689 ACHIEVE-AT1 TRU6 POS6 -> M36-ACHIEVE-AT1 261752 103757
74021 ACHIEVE-AT1 TRU6 APT6 -> M36-ACHIEVE-AT1 261929 103934
74368 ACHIEVE-AT-AIR APN1 APT6 -> M39-ACHIEVE-AT 104284 262343
74880 DO-IN-UNLOAD-AIRPLANE0 OBJ62 APN1 APT6 -> M7-DO-IN-UNLOAD-AIRPLANE0 262360 262556 262562
74919 ACHIEVE-AT0 OBJ62 APT1 -> M15-ACHIEVE-AT0 139110 105178
75605 ACHIEVE-AT1 TRU3 APT3 -> M36-ACHIEVE-AT1 264578 105711
75953 ACHIEVE-AT-AIR APN2 APT3 -> M39-ACHIEVE-AT 106065 264981
76462 DO-IN-UNLOAD-AIRPLANE0 OBJ33 APN2 APT6 -> M7-DO-IN-UNLOAD-AIRPLANE0 106411 265194 265200
76504 ACHIEVE-AT0 OBJ33 POS6 -> M14-ACHIEVE-AT0 141097 106960
76859 ACHIEVE-AT1 TRU1 POS1 -> M36-ACHIEVE-AT1 267028 107322
77195 ACHIEVE-AT1 TRU1 APT1 -> M36-ACHIEVE-AT1 267206 107498
77538 ACHIEVE-AT-AIR APN2 APT1 -> M39-ACHIEVE-AT 107844 267615
78047 DO-IN-UNLOAD-AIRPLANE0 OBJ11 APN2 APT2 -> M7-DO-IN-UNLOAD-AIRPLANE0 108193 267830 267841
78087 ACHIEVE-AT0 OBJ11 POS2 -> M14-ACHIEVE-AT0 143085 108743
78444 ACHIEVE-AT1 TRU5 POS5 -> M36-ACHIEVE-AT1 269664 109103
78777 ACHIEVE-AT1 TRU5 APT5 -> M36-ACHIEVE-AT1 269848 109275
79124 ACHIEVE-AT-AIR APN2 APT5 -> M39-ACHIEVE-AT 109628 270254
79635 DO-IN-UNLOAD-AIRPLANE0 OBJ51 APN2 APT4 -> M7-DO-IN-UNLOAD-AIRPLANE0 109975 270472 270479
79672 ACHIEVE-AT0 OBJ51 POS4 -> M14-ACHIEVE-AT0 145071 110526
80360 ACHIEVE-AT1 TRU2 APT2 -> M36-ACHIEVE-AT1 272489 111060
80709 ACHIEVE-AT-AIR APN2 APT2 -> M39-ACHIEVE-AT 111409 272891
81219 DO-IN-UNLOAD-AIRPLANE0 OBJ22 APN2 APT6 -> M7-DO-IN-UNLOAD-AIRPLANE0 111757 273106 273117
81256 ACHIEVE-AT0 OBJ22 POS6 -> M14-ACHIEVE-AT0 147059 112308
81951 ACHIEVE-AT1 TRU6 APT6 -> M36-ACHIEVE-AT1 275124 112843
82803 DO-IN-UNLOAD-AIRPLANE0 OBJ61 APN2 APT4 -> M7-DO-IN-UNLOAD-AIRPLANE0 113538 275741 275755
82843 ACHIEVE-AT0 OBJ61 APT1 -> M15-ACHIEVE-AT0 149047 114088
83529 ACHIEVE-AT1 TRU4 APT4 -> M36-ACHIEVE-AT1 277769 114627
83878 ACHIEVE-AT-AIR APN1 APT4 -> M39-ACHIEVE-AT 114976 278168
84390 DO-IN-UNLOAD-AIRPLANE0 OBJ43 APN1 APT2 -> M7-DO-IN-UNLOAD-AIRPLANE0 115321 278385 278392
84427 ACHIEVE-AT0 OBJ43 POS2 -> M14-ACHIEVE-AT0 151032 115870
84786 ACHIEVE-AT1 TRU3 POS3 -> M35-ACHIEVE-AT1
85114 ACHIEVE-AT1 TRU3 APT3 -> M36-ACHIEVE-AT1 280396 116409
85974 DO-IN-UNLOAD-TRUCK0 OBJ32 TRU3 APT3 -> M6-DO-IN-UNLOAD-TRUCK0 280832 281020 281028
86014 ACHIEVE-AT0 OBJ32 APT5 -> M15-ACHIEVE-AT0 153019 117653
86370 ACHIEVE-AT1 TRU1 POS1 -> M36-ACHIEVE-AT1 282855 118015
86700 ACHIEVE-AT1 TRU1 APT1 -> M36-ACHIEVE-AT1 283037 118187
87048 ACHIEVE-AT-AIR APN2 APT1 -> M39-ACHIEVE-AT 118538 283445
87560 DO-IN-UNLOAD-AIRPLANE0 OBJ13 APN2 APT2 -> M7-DO-IN-UNLOAD-AIRPLANE0 118884 283662 283667
87596 ACHIEVE-AT0 OBJ13 APT6 -> M15-ACHIEVE-AT0 155006 119436
88076 ACHIEVE-AT1 TRU5 APT5 -> M36-ACHIEVE-AT1 238292 119921
88291 ACHIEVE-AT2 APN1 APT5 -> M41-ACHIEVE-AT2 238443 120071
88604 ACHIEVE-AT-AIR APN1 APT2 -> M39-ACHIEVE-AT 120384 238819
89102 DO-AT-LOAD-TRUCK0 OBJ53 TRU2 APT2 -> M4-DO-AT-LOAD-TRUCK0 120731 239030 239038
89143 ACHIEVE-AT0 OBJ53 POS2 -> M11-ACHIEVE-AT0
89674 ACHIEVE-AT1 TRU2 APT2 -> M35-ACHIEVE-AT1
90371 ACHIEVE-AT-AIR APN1 APT4 -> M39-ACHIEVE-AT 122356 241444
90884 DO-AT-LOAD-TRUCK0 OBJ21 TRU4 APT4 -> M4-DO-AT-LOAD-TRUCK0 122705 241652 241663
90924 ACHIEVE-AT0 OBJ21 POS4 -> M11-ACHIEVE-AT0
91455 ACHIEVE-AT1 TRU3 APT3 -> M35-ACHIEVE-AT1
91806 ACHIEVE-AT2 APN1 APT3 -> M41-ACHIEVE-AT2 243684 123995
92153 ACHIEVE-AT-AIR APN1 APT4 -> M39-ACHIEVE-AT 124344 244084
92664 DO-AT-LOAD-TRUCK0 OBJ31 TRU4 APT4 -> M4-DO-AT-LOAD-TRUCK0 124693 244290 244299
92705 ACHIEVE-AT0 OBJ31 POS4 -> M11-ACHIEVE-AT0
93242 ACHIEVE-AT1 TRU4 APT4 -> M36-ACHIEVE-AT1 246116 125787
93936 ACHIEVE-AT-AIR APN1 APT2 -> M39-ACHIEVE-AT 126332 246719
94448 DO-AT-LOAD-TRUCK0 OBJ42 TRU2 APT2 -> M4-DO-AT-LOAD-TRUCK0 246741 246926 246939
94486 ACHIEVE-AT0 OBJ42 POS2 -> M11-ACHIEVE-AT0
95019 ACHIEVE-AT1 TRU2 APT2 -> M36-ACHIEVE-AT1 248756 127774
95718 ACHIEVE-AT-AIR APN1 APT5 -> M39-ACHIEVE-AT 128317 249359
96230 DO-AT-LOAD-TRUCK0 OBJ23 TRU5 APT5 -> M4-DO-AT-LOAD-TRUCK0 249387 249564 249577
96267 ACHIEVE-AT0 OBJ23 POS5 -> M11-ACHIEVE-AT0
96805 ACHIEVE-AT1 TRU5 APT5 -> M36-ACHIEVE-AT1 251394 129762
97500 ACHIEVE-AT-AIR APN1 APT2 -> M39-ACHIEVE-AT 130306 251996
98009 DO-AT-LOAD-TRUCK0 OBJ52 TRU2 APT2 -> M4-DO-AT-LOAD-TRUCK0 252026 252201 252215
98052 ACHIEVE-AT0 OBJ52 POS2 -> M11-ACHIEVE-AT0
98587 ACHIEVE-AT1 TRU6 APT6 -> M36-ACHIEVE-AT1 254033 131745
98937 ACHIEVE-AT2 APN1 APT6 -> M41-ACHIEVE-AT2 254236 131940
99281 ACHIEVE-AT-AIR APN1 APT3 -> M39-ACHIEVE-AT 132294 254632
99791 DO-AT-LOAD-TRUCK0 OBJ63 TRU3 APT3 -> M4-DO-AT-LOAD-TRUCK0 254653 254846 254852
99834 ACHIEVE-AT0 OBJ63 POS3 -> M11-ACHIEVE-AT0
100195 ACHIEVE-AT1 TRU4 POS4 -> M36-ACHIEVE-AT1 256479 133554
100369 ACHIEVE-AT1 TRU4 APT4 -> M36-ACHIEVE-AT1 256667 133735
100716 ACHIEVE-AT2 APN2 APT4 -> M41-ACHIEVE-AT2 256872 133930
101065 ACHIEVE-AT-AIR APN2 APT1 -> M39-ACHIEVE-AT 134278 257270
101573 DO-AT-LOAD-TRUCK0 OBJ41 TRU1 APT1 -> M4-DO-AT-LOAD-TRUCK0 134625 257479 257491
101612 ACHIEVE-AT0 OBJ41 POS1 -> M11-ACHIEVE-AT0
103358 DO-AT-LOAD-TRUCK0 OBJ12 TRU1 POS1 -> M4-DO-AT-LOAD-TRUCK0 259940 260117 260127
103395 ACHIEVE-AT0 OBJ12 APT1 -> M11-ACHIEVE-AT0
103757 ACHIEVE-AT1 TRU6 POS6 -> M36-ACHIEVE-AT1 261755 137530
103934 ACHIEVE-AT1 TRU6 APT6 -> M35-ACHIEVE-AT1
104284 ACHIEVE-AT2 APN1 APT6 -> M41-ACHIEVE-AT2 262151 137907
105140 DO-AT-LOAD-AIRPLANE0 OBJ62 APN1 APT6 -> M5-DO-AT-LOAD-AIRPLANE0 262578 262760 262767
105178 ACHIEVE-AT0 OBJ62 APT1 -> M11-ACHIEVE-AT0
105711 ACHIEVE-AT1 TRU3 APT3 -> M36-ACHIEVE-AT1 264585 139700
106065 ACHIEVE-AT2 APN2 APT3 -> M41-ACHIEVE-AT2 264786 139893
106411 ACHIEVE-AT-AIR APN2 APT6 -> M39-ACHIEVE-AT 140239 265185
106920 DO-AT-LOAD-TRUCK0 OBJ33 TRU6 APT6 -> M4-DO-AT-LOAD-TRUCK0 265209 265397 265402
106960 ACHIEVE-AT0 OBJ33 POS6 -> M11-ACHIEVE-AT0
107322 ACHIEVE-AT1 TRU1 POS1 -> M36-ACHIEVE-AT1 267032 141502
107498 ACHIEVE-AT1 TRU1 APT1 -> M36-ACHIEVE-AT1 267223 141684
107844 ACHIEVE-AT2 APN2 APT1 -> M41-ACHIEVE-AT2 267436 141881
108193 ACHIEVE-AT-AIR APN2 APT2 -> M39-ACHIEVE-AT 142228 267822
108704 DO-AT-LOAD-TRUCK0 OBJ11 TRU2 APT2 -> M4-DO-AT-LOAD-TRUCK0 142576 268033 268040
108743 ACHIEVE-AT0 OBJ11 POS2 -> M11-ACHIEVE-AT0
109103 ACHIEVE-AT1 TRU5 POS5 -> M36-ACHIEVE-AT1 269669 143490
109275 ACHIEVE-AT1 TRU5 APT5 -> M36-ACHIEVE-AT1 269859 143673
109628 ACHIEVE-AT2 APN2 APT5 -> M41-ACHIEVE-AT2 270063 143866
109975 ACHIEVE-AT-AIR APN2 APT4 -> M39-ACHIEVE-AT 144212 270460
110483 DO-AT-LOAD-TRUCK0 OBJ51 TRU4 APT4 -> M4-DO-AT-LOAD-TRUCK0 270486 270672 270678
110526 ACHIEVE-AT0 OBJ51 POS4 -> M11-ACHIEVE-AT0
111060 ACHIEVE-AT1 TRU2 APT2 -> M36-ACHIEVE-AT1 272496 145656
111409 ACHIEVE-AT2 APN2 APT2 -> M41-ACHIEVE-AT2 272709 145854
111757 ACHIEVE-AT-AIR APN2 APT6 -> M39-ACHIEVE-AT 146200 273102
112267 DO-AT-LOAD-TRUCK0 OBJ22 TRU6 APT6 -> M4-DO-AT-LOAD-TRUCK0 146547 273305 273317
112308 ACHIEVE-AT0 OBJ22 POS6 -> M11-ACHIEVE-AT0
112843 ACHIEVE-AT1 TRU6 APT6 -> M35-ACHIEVE-AT1
113538 ACHIEVE-AT-AIR APN2 APT4 -> M39-ACHIEVE-AT 148188 275739
114048 DO-AT-LOAD-AIRPLANE0 OBJ61 APN2 APT4 -> M5-DO-AT-LOAD-AIRPLANE0 275758 275944 275957
114088 ACHIEVE-AT0 OBJ61 APT1 -> M11-ACHIEVE-AT0
114627 ACHIEVE-AT1 TRU4 APT4 -> M35-ACHIEVE-AT1
114976 ACHIEVE-AT2 APN1 APT4 -> M41-ACHIEVE-AT2 277977 149823
115321 ACHIEVE-AT-AIR APN1 APT2 -> M39-ACHIEVE-AT 150174 278378
115831 DO-AT-LOAD-TRUCK0 OBJ43 TRU2 APT2 -> M4-DO-AT-LOAD-TRUCK0 278399 278587 278593
115870 ACHIEVE-AT0 OBJ43 POS2 -> M11-ACHIEVE-AT0
116409 ACHIEVE-AT1 TRU3 APT3 -> M35-ACHIEVE-AT1
117612 DO-AT-LOAD-AIRPLANE0 OBJ32 APN2 APT3 -> M5-DO-AT-LOAD-AIRPLANE0 152510 281221 281232
117653 ACHIEVE-AT0 OBJ32 APT5 -> M11-ACHIEVE-AT0
118015 ACHIEVE-AT1 TRU1 POS1 -> M36-ACHIEVE-AT1 282859 153423
118187 ACHIEVE-AT1 TRU1 APT1 -> M36-ACHIEVE-AT1 283047 153607
118538 ACHIEVE-AT2 APN2 APT1 -> M41-ACHIEVE-AT2 283253 153798
118884 ACHIEVE-AT-AIR APN2 APT2 -> M39-ACHIEVE-AT 154148 283650
119394 DO-AT-LOAD-AIRPLANE0 OBJ13 APN1 APT2 -> M5-DO-AT-LOAD-AIRPLANE0 283677 283857 283868
119436 ACHIEVE-AT0 OBJ13 APT6 -> M11-ACHIEVE-AT0
119921 ACHIEVE-AT1 TRU5 APT5 -> M35-ACHIEVE-AT1
120071 ACHIEVE-AT2 APN1 APT5 -> M41-ACHIEVE-AT2 238452 155690
120384 ACHIEVE-AT2 APN1 APT2 -> M41-ACHIEVE-AT2 238639 155879
120731 ACHIEVE-AT-TRK TRU2 APT2 -> M34-ACHIEVE-AT 156226 239023
121230 DO-IN-UNLOAD-TRUCK0 OBJ53 TRU2 POS2 -> M6-DO-IN-UNLOAD-TRUCK0 156574 239390 239402
122356 ACHIEVE-AT2 APN1 APT4 -> M41-ACHIEVE-AT2 241264 158060
122705 ACHIEVE-AT-TRK TRU4 APT4 -> M34-ACHIEVE-AT 158411 241643
123213 DO-IN-UNLOAD-TRUCK0 OBJ21 TRU4 POS4 -> M6-DO-IN-UNLOAD-TRUCK0 158757 242019 242026
123995 ACHIEVE-AT2 APN1 APT3 -> M41-ACHIEVE-AT2 243696 160065
124344 ACHIEVE-AT2 APN1 APT4 -> M41-ACHIEVE-AT2 243899 160262
124693 ACHIEVE-AT-TRK TRU4 APT4 -> M34-ACHIEVE-AT 160607 244283
125203 DO-IN-UNLOAD-TRUCK0 OBJ31 TRU4 POS4 -> M6-DO-IN-UNLOAD-TRUCK0 160955 244654 244660
125787 ACHIEVE-AT1 TRU4 APT4 -> M36-ACHIEVE-AT1 246121 162059
126332 ACHIEVE-AT2 APN1 APT2 -> M41-ACHIEVE-AT2 246533 162460
127190 DO-IN-UNLOAD-TRUCK0 OBJ42 TRU2 POS2 -> M6-DO-IN-UNLOAD-TRUCK0 163151 247287 247298
127774 ACHIEVE-AT1 TRU2 APT2 -> M35-ACHIEVE-AT1
128317 ACHIEVE-AT2 APN1 APT5 -> M41-ACHIEVE-AT2 249179 164651
129174 DO-IN-UNLOAD-TRUCK0 OBJ23 TRU5 POS5 -> M6-DO-IN-UNLOAD-TRUCK0 165350 249927 249940
129762 ACHIEVE-AT1 TRU5 APT5 -> M36-ACHIEVE-AT1 251401 166453
130306 ACHIEVE-AT2 APN1 APT2 -> M41-ACHIEVE-AT2 251814 166850
131163 DO-IN-UNLOAD-TRUCK0 OBJ52 TRU2 POS2 -> M6-DO-IN-UNLOAD-TRUCK0 167549 252570 252574
131745 ACHIEVE-AT1 TRU6 APT6 -> M36-ACHIEVE-AT1 254036 168655
131940 ACHIEVE-AT2 APN1 APT6 -> M41-ACHIEVE-AT2 254249 168854
132294 ACHIEVE-AT2 APN1 APT3 -> M41-ACHIEVE-AT2 254457 169050
133149 DO-IN-UNLOAD-TRUCK0 OBJ63 TRU3 POS3 -> M6-DO-IN-UNLOAD-TRUCK0 169748 255201 255212
133554 ACHIEVE-AT1 TRU4 POS4 -> M36-ACHIEVE-AT1 256482 170666
133735 ACHIEVE-AT1 TRU4 APT4 -> M36-ACHIEVE-AT1 256677 170852
133930 ACHIEVE-AT2 APN2 APT4 -> M40-ACHIEVE-AT2
134278 ACHIEVE-AT2 APN2 APT1 -> M41-ACHIEVE-AT2 257085 171247
134625 ACHIEVE-AT-TRK TRU1 APT1 -> M34-ACHIEVE-AT 171596 257471
135137 DO-IN-UNLOAD-TRUCK0 OBJ41 TRU1 POS1 -> M6-DO-IN-UNLOAD-TRUCK0 171943 257847 257852
137125 DO-IN-UNLOAD-TRUCK0 OBJ12 TRU1 APT1 -> M6-DO-IN-UNLOAD-TRUCK0 174143 260483 260488
137530 ACHIEVE-AT1 TRU6 POS6 -> M36-ACHIEVE-AT1 261759 175060
137907 ACHIEVE-AT2 APN1 APT6 -> M41-ACHIEVE-AT2 262166 175453
139110 DO-IN-UNLOAD-AIRPLANE0 OBJ62 APN1 APT1 -> M7-DO-IN-UNLOAD-AIRPLANE0 176342 263117 263127
139700 ACHIEVE-AT1 TRU3 APT3 -> M35-ACHIEVE-AT1
139893 ACHIEVE-AT2 APN2 APT3 -> M40-ACHIEVE-AT2
140239 ACHIEVE-AT2 APN2 APT6 -> M41-ACHIEVE-AT2 265002 177839
141097 DO-IN-UNLOAD-TRUCK0 OBJ33 TRU6 POS6 -> M6-DO-IN-UNLOAD-TRUCK0 178540 265754 265765
141502 ACHIEVE-AT1 TRU1 POS1 -> M36-ACHIEVE-AT1 267036 179459
141684 ACHIEVE-AT1 TRU1 APT1 -> M35-ACHIEVE-AT1
141881 ACHIEVE-AT2 APN2 APT1 -> M41-ACHIEVE-AT2 267438 179843
142228 ACHIEVE-AT2 APN2 APT2 -> M41-ACHIEVE-AT2 267643 180044
142576 ACHIEVE-AT-TRK TRU2 APT2 -> M34-ACHIEVE-AT 180389 268026
143085 DO-IN-UNLOAD-TRUCK0 OBJ11 TRU2 POS2 -> M6-DO-IN-UNLOAD-TRUCK0 180736 268392 268403
143490 ACHIEVE-AT1 TRU5 POS5 -> M36-ACHIEVE-AT1 269672 181655
143673 ACHIEVE-AT1 TRU5 APT5 -> M36-ACHIEVE-AT1 269863 181844
143866 ACHIEVE-AT2 APN2 APT5 -> M41-ACHIEVE-AT2 270077 182040
144212 ACHIEVE-AT2 APN2 APT4 -> M41-ACHIEVE-AT2 270277 182242
145071 DO-IN-UNLOAD-TRUCK0 OBJ51 TRU4 POS4 -> M6-DO-IN-UNLOAD-TRUCK0 182936 271030 271040
145656 ACHIEVE-AT1 TRU2 APT2 -> M36-ACHIEVE-AT1 272501 184037
145854 ACHIEVE-AT2 APN2 APT2 -> M40-ACHIEVE-AT2
146200 ACHIEVE-AT2 APN2 APT6 -> M41-ACHIEVE-AT2 272924 184436
146547 ACHIEVE-AT-TRK TRU6 APT6 -> M34-ACHIEVE-AT 184786 273299
147059 DO-IN-UNLOAD-TRUCK0 OBJ22 TRU6 POS6 -> M6-DO-IN-UNLOAD-TRUCK0 185132 273675 273679
148188 ACHIEVE-AT2 APN2 APT4 -> M41-ACHIEVE-AT2 275552 186632
149047 DO-IN-UNLOAD-AIRPLANE0 OBJ61 APN2 APT1 -> M7-DO-IN-UNLOAD-AIRPLANE0 187329 276310 276319
149823 ACHIEVE-AT2 APN1 APT4 -> M40-ACHIEVE-AT2
150174 ACHIEVE-AT2 APN1 APT2 -> M41-ACHIEVE-AT2 278196 188836
151032 DO-IN-UNLOAD-TRUCK0 OBJ43 TRU2 POS2 -> M6-DO-IN-UNLOAD-TRUCK0 189529 278951 278958
152510 ACHIEVE-AT-AIR APN2 APT3 -> M39-ACHIEVE-AT 191381 281216
153019 DO-IN-UNLOAD-AIRPLANE0 OBJ32 APN2 APT5 -> M7-DO-IN-UNLOAD-AIRPLANE0 191727 281581 281596
153423 ACHIEVE-AT1 TRU1 POS1 -> M36-ACHIEVE-AT1 282864 192644
153607 ACHIEVE-AT1 TRU1 APT1 -> M36-ACHIEVE-AT1 283054 192830
153798 ACHIEVE-AT2 APN2 APT1 -> M41-ACHIEVE-AT2 283267 193034
154148 ACHIEVE-AT2 APN2 APT2 -> M41-ACHIEVE-AT2 283475 193228
155006 DO-IN-UNLOAD-AIRPLANE0 OBJ13 APN1 APT6 -> M7-DO-IN-UNLOAD-AIRPLANE0 193925 284223 284230
155690 ACHIEVE-AT2 APN1 APT5 -> M41-ACHIEVE-AT2 238455 195135
155879 ACHIEVE-AT2 APN1 APT2 -> M41-ACHIEVE-AT2 238650 195323
156226 ACHIEVE-AT1 TRU2 APT2 -> M36-ACHIEVE-AT1 238846 195520
156574 ACHIEVE-AT-TRK TRU2 POS2 -> M34-ACHIEVE-AT 195866 239382
158060 ACHIEVE-AT2 APN1 APT4 -> M41-ACHIEVE-AT2 241273 197720
158411 ACHIEVE-AT1 TRU4 APT4 -> M36-ACHIEVE-AT1 241469 197921
158757 ACHIEVE-AT-TRK TRU4 POS4 -> M34-ACHIEVE-AT 198269 242010
160065 ACHIEVE-AT2 APN1 APT3 -> M41-ACHIEVE-AT2 243702 199934
160262 ACHIEVE-AT2 APN1 APT4 -> M41-ACHIEVE-AT2 243913 200142
160607 ACHIEVE-AT1 TRU4 APT4 -> M36-ACHIEVE-AT1 244109 200331
160955 ACHIEVE-AT-TRK TRU4 POS4 -> M34-ACHIEVE-AT 200681 244644
162059 ACHIEVE-AT1 TRU4 APT4 -> M36-ACHIEVE-AT1 246127 202143
162460 ACHIEVE-AT2 APN1 APT2 -> M41-ACHIEVE-AT2 246550 202555
163151 ACHIEVE-AT-TRK TRU2 POS2 -> M34-ACHIEVE-AT 203095 247283
164651 ACHIEVE-AT2 APN1 APT5 -> M41-ACHIEVE-AT2 249188 204966
165350 ACHIEVE-AT-TRK TRU5 POS5 -> M34-ACHIEVE-AT 205516 249923
166453 ACHIEVE-AT1 TRU5 APT5 -> M36-ACHIEVE-AT1 251406 206978
166850 ACHIEVE-AT2 APN1 APT2 -> M40-ACHIEVE-AT2
167549 ACHIEVE-AT-TRK TRU2 POS2 -> M34-ACHIEVE-AT 207929 252562
168655 ACHIEVE-AT1 TRU6 APT6 -> M36-ACHIEVE-AT1 254044 209388
168854 ACHIEVE-AT2 APN1 APT6 -> M41-ACHIEVE-AT2 254258 209598
169050 ACHIEVE-AT2 APN1 APT3 -> M41-ACHIEVE-AT2 254462 209797
169748 ACHIEVE-AT-TRK TRU3 POS3 -> M34-ACHIEVE-AT 210344 255198
170666 ACHIEVE-AT1 TRU4 POS4 -> M36-ACHIEVE-AT1 256488 211611
170852 ACHIEVE-AT1 TRU4 APT4 -> M36-ACHIEVE-AT1 256681 211807
171247 ACHIEVE-AT2 APN2 APT1 -> M40-ACHIEVE-AT2
171596 ACHIEVE-AT1 TRU1 APT1 -> M36-ACHIEVE-AT1 257295 212407
171943 ACHIEVE-AT-TRK TRU1 POS1 -> M34-ACHIEVE-AT 212762 257835
174143 ACHIEVE-AT-TRK TRU1 APT1 -> M34-ACHIEVE-AT 215171 260472
175060 ACHIEVE-AT1 TRU6 POS6 -> M36-ACHIEVE-AT1 261762 216442
175453 ACHIEVE-AT2 APN1 APT6 -> M41-ACHIEVE-AT2 262170 216845
176342 ACHIEVE-AT-AIR APN1 APT1 -> M39-ACHIEVE-AT 217588 263114
177839 ACHIEVE-AT2 APN2 APT6 -> M40-ACHIEVE-AT2
178540 ACHIEVE-AT-TRK TRU6 POS6 -> M34-ACHIEVE-AT 220005 265749
179459 ACHIEVE-AT1 TRU1 POS1 -> M36-ACHIEVE-AT1 267038 221272
179843 ACHIEVE-AT2 APN2 APT1 -> M41-ACHIEVE-AT2 267448 221674
180044 ACHIEVE-AT2 APN2 APT2 -> M40-ACHIEVE-AT2
180389 ACHIEVE-AT1 TRU2 APT2 -> M36-ACHIEVE-AT1 267850 222072
180736 ACHIEVE-AT-TRK TRU2 POS2 -> M34-ACHIEVE-AT 222419 268387
181655 ACHIEVE-AT1 TRU5 POS5 -> M36-ACHIEVE-AT1 269678 223688
181844 ACHIEVE-AT1 TRU5 APT5 -> M36-ACHIEVE-AT1 269871 223878
182040 ACHIEVE-AT2 APN2 APT5 -> M40-ACHIEVE-AT2
182242 ACHIEVE-AT2 APN2 APT4 -> M40-ACHIEVE-AT2
182936 ACHIEVE-AT-TRK TRU4 POS4 -> M34-ACHIEVE-AT 224831 271028
184037 ACHIEVE-AT1 TRU2 APT2 -> M36-ACHIEVE-AT1 272511 226292
184436 ACHIEVE-AT2 APN2 APT6 -> M41-ACHIEVE-AT2 272931 226701
184786 ACHIEVE-AT1 TRU6 APT6 -> M36-ACHIEVE-AT1 273121 226900
185132 ACHIEVE-AT-TRK TRU6 POS6 -> M34-ACHIEVE-AT 227252 273663
186632 ACHIEVE-AT2 APN2 APT4 -> M41-ACHIEVE-AT2 275566 229118
187329 ACHIEVE-AT-AIR APN2 APT1 -> M39-ACHIEVE-AT 229665 276301
188836 ACHIEVE-AT2 APN1 APT2 -> M41-ACHIEVE-AT2 278206 231533
189529 ACHIEVE-AT-TRK TRU2 POS2 -> M34-ACHIEVE-AT 232077 278942
191381 ACHIEVE-AT2 APN2 APT3 -> M41-ACHIEVE-AT2 281040 234147
191727 ACHIEVE-AT-AIR APN2 APT5 -> M39-ACHIEVE-AT 234496 281576
192644 ACHIEVE-AT1 TRU1 POS1 -> M36-ACHIEVE-AT1 282866 235761
192830 ACHIEVE-AT1 TRU1 APT1 -> M36-ACHIEVE-AT1 283063 235955
193034 ACHIEVE-AT2 APN2 APT1 -> M41-ACHIEVE-AT2 283276 236164
193228 ACHIEVE-AT2 APN2 APT2 -> M40-ACHIEVE-AT2
193925 ACHIEVE-AT-AIR APN1 APT6 -> M39-ACHIEVE-AT 236907 284215
195135 ACHIEVE-AT2 APN1 APT5 -> M41-ACHIEVE-AT2 238460 238476
195323 ACHIEVE-AT2 APN1 APT2 -> M41-ACHIEVE-AT2 238656 238668
195520 ACHIEVE-AT1 TRU2 APT2 -> M35-ACHIEVE-AT1
195866 ACHIEVE-AT1 TRU2 POS2 -> M36-ACHIEVE-AT1 239044 239063
197720 ACHIEVE-AT2 APN1 APT4 -> M41-ACHIEVE-AT2 241278 241297
197921 ACHIEVE-AT1 TRU4 APT4 -> M35-ACHIEVE-AT1
198269 ACHIEVE-AT1 TRU4 POS4 -> M36-ACHIEVE-AT1 241677 241691
199934 ACHIEVE-AT2 APN1 APT3 -> M41-ACHIEVE-AT2 243708 243728
200142 ACHIEVE-AT2 APN1 APT4 -> M41-ACHIEVE-AT2 243915 243930
200331 ACHIEVE-AT1 TRU4 APT4 -> M35-ACHIEVE-AT1
200681 ACHIEVE-AT1 TRU4 POS4 -> M36-ACHIEVE-AT1 244311 244328
202143 ACHIEVE-AT1 TRU4 APT4 -> M35-ACHIEVE-AT1
202555 ACHIEVE-AT2 APN1 APT2 -> M41-ACHIEVE-AT2 246556 246567
203095 ACHIEVE-AT1 TRU2 POS2 -> M36-ACHIEVE-AT1 246942 246968
204966 ACHIEVE-AT2 APN1 APT5 -> M41-ACHIEVE-AT2 249192 249209
205516 ACHIEVE-AT1 TRU5 POS5 -> M36-ACHIEVE-AT1 249582 249604
206978 ACHIEVE-AT1 TRU5 APT5 -> M35-ACHIEVE-AT1
207929 ACHIEVE-AT1 TRU2 POS2 -> M36-ACHIEVE-AT1 252222 252241
209388 ACHIEVE-AT1 TRU6 APT6 -> M36-ACHIEVE-AT1 254047 254067
209598 ACHIEVE-AT2 APN1 APT6 -> M40-ACHIEVE-AT2
209797 ACHIEVE-AT2 APN1 APT3 -> M41-ACHIEVE-AT2 254468 254484
210344 ACHIEVE-AT1 TRU3 POS3 -> M36-ACHIEVE-AT1 254857 254884
211611 ACHIEVE-AT1 TRU4 POS4 -> M36-ACHIEVE-AT1 256490 256503
211807 ACHIEVE-AT1 TRU4 APT4 -> M35-ACHIEVE-AT1
212407 ACHIEVE-AT1 TRU1 APT1 -> M36-ACHIEVE-AT1 257307 257322
212762 ACHIEVE-AT1 TRU1 POS1 -> M36-ACHIEVE-AT1 257495 257516
215171 ACHIEVE-AT1 TRU1 APT1 -> M36-ACHIEVE-AT1 260134 260156
216442 ACHIEVE-AT1 TRU6 POS6 -> M35-ACHIEVE-AT1
216845 ACHIEVE-AT2 APN1 APT6 -> M41-ACHIEVE-AT2 262176 262195
217588 ACHIEVE-AT2 APN1 APT1 -> M41-ACHIEVE-AT2 262774 262797
220005 ACHIEVE-AT1 TRU6 POS6 -> M36-ACHIEVE-AT1 265409 265429
221272 ACHIEVE-AT1 TRU1 POS1 -> M36-ACHIEVE-AT1 267042 267055
221674 ACHIEVE-AT2 APN2 APT1 -> M41-ACHIEVE-AT2 267450 267465
222072 ACHIEVE-AT1 TRU2 APT2 -> M35-ACHIEVE-AT1
222419 ACHIEVE-AT1 TRU2 POS2 -> M36-ACHIEVE-AT1 268046 268070
223688 ACHIEVE-AT1 TRU5 POS5 -> M36-ACHIEVE-AT1 269681 269694
223878 ACHIEVE-AT1 TRU5 APT5 -> M36-ACHIEVE-AT1 269878 269896
224831 ACHIEVE-AT1 TRU4 POS4 -> M36-ACHIEVE-AT1 270684 270712
226292 ACHIEVE-AT1 TRU2 APT2 -> M35-ACHIEVE-AT1
226701 ACHIEVE-AT2 APN2 APT6 -> M40-ACHIEVE-AT2
226900 ACHIEVE-AT1 TRU6 APT6 -> M35-ACHIEVE-AT1
227252 ACHIEVE-AT1 TRU6 POS6 -> M36-ACHIEVE-AT1 273321 273348
229118 ACHIEVE-AT2 APN2 APT4 -> M41-ACHIEVE-AT2 275576 275592
229665 ACHIEVE-AT2 APN2 APT1 -> M41-ACHIEVE-AT2 275961 275986
231533 ACHIEVE-AT2 APN1 APT2 -> M41-ACHIEVE-AT2 278209 278230
232077 ACHIEVE-AT1 TRU2 POS2 -> M36-ACHIEVE-AT1 278599 278622
234147 ACHIEVE-AT2 APN2 APT3 -> M41-ACHIEVE-AT2 281048 281063
234496 ACHIEVE-AT2 APN2 APT5 -> M41-ACHIEVE-AT2 281236 281259
235761 ACHIEVE-AT1 TRU1 POS1 -> M36-ACHIEVE-AT1 282870 282885
235955 ACHIEVE-AT1 TRU1 APT1 -> M36-ACHIEVE-AT1 283066 283086
236164 ACHIEVE-AT2 APN2 APT1 -> M41-ACHIEVE-AT2 283279 283292
236907 ACHIEVE-AT2 APN1 APT6 -> M41-ACHIEVE-AT2 283876 283901
238143 ACHIEVE-AT-TRK TRU5 POS5 -> M33-ACHIEVE-AT 238144
238278 IFUNLOCK-AT TRU5 POS5 -> IFUNLOCK1-AT 238279
238431 IFUNLOCK-AT TRU5 APT5 -> IFUNLOCK1-AT 238432
238476 ACHIEVE-AT2 APN1 APT5 -> M40-ACHIEVE-AT2
238623 IFUNLOCK-AT APN1 APT5 -> IFUNLOCK1-AT 238624
238668 ACHIEVE-AT2 APN1 APT2 -> M40-ACHIEVE-AT2
238830 IFUNLOCK-AT APN1 APT2 -> IFUNLOCK1-AT 238831
239030 IFUNLOCK-AT TRU2 APT2 -> IFUNLOCK1-AT 239031
239063 ACHIEVE-AT1 TRU2 POS2 -> M35-ACHIEVE-AT1
239390 IFUNLOCK-AT TRU2 POS2 -> IFUNLOCK1-AT 239391
240641 ACHIEVE-AT-TRK TRU2 POS2 -> M33-ACHIEVE-AT 240642
240814 IFUNLOCK-AT TRU2 POS2 -> IFUNLOCK1-AT 240815
241027 IFUNLOCK-AT TRU2 APT2 -> IFUNLOCK1-AT 241028
241049 ACHIEVE-AT-AIR APN1 APT2 -> M38-ACHIEVE-AT 241050
241241 IFUNLOCK-AT APN1 APT2 -> IFUNLOCK1-AT 241242
241297 ACHIEVE-AT2 APN1 APT4 -> M40-ACHIEVE-AT2
241450 IFUNLOCK-AT APN1 APT4 -> IFUNLOCK1-AT 241451
241652 IFUNLOCK-AT TRU4 APT4 -> IFUNLOCK1-AT 241653
241691 ACHIEVE-AT1 TRU4 POS4 -> M35-ACHIEVE-AT1
242019 IFUNLOCK-AT TRU4 POS4 -> IFUNLOCK1-AT 242020
243278 ACHIEVE-AT-TRK TRU3 POS3 -> M33-ACHIEVE-AT 243279
243456 IFUNLOCK-AT TRU3 POS3 -> IFUNLOCK1-AT 243457
243668 IFUNLOCK-AT TRU3 APT3 -> IFUNLOCK1-AT 243669
243728 ACHIEVE-AT2 APN1 APT3 -> M40-ACHIEVE-AT2
243882 IFUNLOCK-AT APN1 APT3 -> IFUNLOCK1-AT 243883
243930 ACHIEVE-AT2 APN1 APT4 -> M40-ACHIEVE-AT2
244090 IFUNLOCK-AT APN1 APT4 -> IFUNLOCK1-AT 244091
244290 IFUNLOCK-AT TRU4 APT4 -> IFUNLOCK1-AT 244291
244328 ACHIEVE-AT1 TRU4 POS4 -> M35-ACHIEVE-AT1
244654 IFUNLOCK-AT TRU4 POS4 -> IFUNLOCK1-AT 244655
245913 ACHIEVE-AT-TRK TRU4 POS4 -> M33-ACHIEVE-AT 245914
246092 IFUNLOCK-AT TRU4 POS4 -> IFUNLOCK1-AT 246093
246304 IFUNLOCK-AT TRU4 APT4 -> IFUNLOCK1-AT 246305
246326 ACHIEVE-AT-AIR APN1 APT4 -> M38-ACHIEVE-AT 246327
246520 IFUNLOCK-AT APN1 APT4 -> IFUNLOCK1-AT 246521
246567 ACHIEVE-AT2 APN1 APT2 -> M40-ACHIEVE-AT2
246728 IFUNLOCK-AT APN1 APT2 -> IFUNLOCK1-AT 246729
246741 ACHIEVE-AT-TRK TRU2 APT2 -> M33-ACHIEVE-AT 246742
246926 IFUNLOCK-AT TRU2 APT2 -> IFUNLOCK1-AT 246927
246968 ACHIEVE-AT1 TRU2 POS2 -> M35-ACHIEVE-AT1
247287 IFUNLOCK-AT TRU2 POS2 -> IFUNLOCK1-AT 247288
248557 ACHIEVE-AT-TRK TRU2 POS2 -> M33-ACHIEVE-AT 248558
248728 IFUNLOCK-AT TRU2 POS2 -> IFUNLOCK1-AT 248729
248947 IFUNLOCK-AT TRU2 APT2 -> IFUNLOCK1-AT 248948
248957 ACHIEVE-AT-AIR APN1 APT2 -> M38-ACHIEVE-AT 248958
249162 IFUNLOCK-AT APN1 APT2 -> IFUNLOCK1-AT 249163
249209 ACHIEVE-AT2 APN1 APT5 -> M40-ACHIEVE-AT2
249362 IFUNLOCK-AT APN1 APT5 -> IFUNLOCK1-AT 249363
249387 ACHIEVE-AT-TRK TRU5 APT5 -> M33-ACHIEVE-AT 249388
249564 IFUNLOCK-AT TRU5 APT5 -> IFUNLOCK1-AT 249565
249604 ACHIEVE-AT1 TRU5 POS5 -> M35-ACHIEVE-AT1
249927 IFUNLOCK-AT TRU5 POS5 -> IFUNLOCK1-AT 249928
251195 ACHIEVE-AT-TRK TRU5 POS5 -> M33-ACHIEVE-AT 251196
251370 IFUNLOCK-AT TRU5 POS5 -> IFUNLOCK1-AT 251371
251586 IFUNLOCK-AT TRU5 APT5 -> IFUNLOCK1-AT 251587
251605 ACHIEVE-AT-AIR APN1 APT5 -> M38-ACHIEVE-AT 251606
251793 IFUNLOCK-AT APN1 APT5 -> IFUNLOCK1-AT 251794
252005 IFUNLOCK-AT APN1 APT2 -> IFUNLOCK1-AT 252006
252026 ACHIEVE-AT-TRK TRU2 APT2 -> M33-ACHIEVE-AT 252027
252201 IFUNLOCK-AT TRU2 APT2 -> IFUNLOCK1-AT 252202
252241 ACHIEVE-AT1 TRU2 POS2 -> M35-ACHIEVE-AT1
252570 IFUNLOCK-AT TRU2 POS2 -> IFUNLOCK1-AT 252571
253826 ACHIEVE-AT-TRK TRU6 POS6 -> M33-ACHIEVE-AT 253827
254008 IFUNLOCK-AT TRU6 POS6 -> IFUNLOCK1-AT 254009
254067 ACHIEVE-AT1 TRU6 APT6 -> M35-ACHIEVE-AT1
254218 IFUNLOCK-AT TRU6 APT6 -> IFUNLOCK1-AT 254219
254437 IFUNLOCK-AT APN1 APT6 -> IFUNLOCK1-AT 254438
254484 ACHIEVE-AT2 APN1 APT3 -> M40-ACHIEVE-AT2
254642 IFUNLOCK-AT APN1 APT3 -> IFUNLOCK1-AT 254643
254653 ACHIEVE-AT-TRK TRU3 APT3 -> M33-ACHIEVE-AT 254654
254846 IFUNLOCK-AT TRU3 APT3 -> IFUNLOCK1-AT 254847
254884 ACHIEVE-AT1 TRU3 POS3 -> M35-ACHIEVE-AT1
255201 IFUNLOCK-AT TRU3 POS3 -> IFUNLOCK1-AT 255202
256503 ACHIEVE-AT1 TRU4 POS4 -> M35-ACHIEVE-AT1
256644 IFUNLOCK-AT TRU4 POS4 -> IFUNLOCK1-AT 256645
256856 IFUNLOCK-AT TRU4 APT4 -> IFUNLOCK1-AT 256857
257068 IFUNLOCK-AT APN2 APT4 -> IFUNLOCK1-AT 257069
257283 IFUNLOCK-AT APN2 APT1 -> IFUNLOCK1-AT 257284
257322 ACHIEVE-AT1 TRU1 APT1 -> M35-ACHIEVE-AT1
257479 IFUNLOCK-AT TRU1 APT1 -> IFUNLOCK1-AT 257480
257516 ACHIEVE-AT1 TRU1 POS1 -> M35-ACHIEVE-AT1
257847 IFUNLOCK-AT TRU1 POS1 -> IFUNLOCK1-AT 257848
259106 ACHIEVE-AT-TRK TRU1 POS1 -> M33-ACHIEVE-AT 259107
259280 IFUNLOCK-AT TRU1 POS1 -> IFUNLOCK1-AT 259281
259298 ACHIEVE-AT-TRK TRU1 POS1 -> M33-ACHIEVE-AT 259299
259496 IFUNLOCK-AT TRU1 POS1 -> IFUNLOCK1-AT 259497
259520 ACHIEVE-AT-TRK TRU1 POS1 -> M33-ACHIEVE-AT 259521
259711 IFUNLOCK-AT TRU1 POS1 -> IFUNLOCK1-AT 259712
259726 ACHIEVE-AT-TRK TRU1 POS1 -> M33-ACHIEVE-AT 259727
259919 IFUNLOCK-AT TRU1 POS1 -> IFUNLOCK1-AT 259920
259940 ACHIEVE-AT-TRK TRU1 POS1 -> M33-ACHIEVE-AT 259941
260117 IFUNLOCK-AT TRU1 POS1 -> IFUNLOCK1-AT 260118
260156 ACHIEVE-AT1 TRU1 APT1 -> M35-ACHIEVE-AT1
260483 IFUNLOCK-AT TRU1 APT1 -> IFUNLOCK1-AT 260484
261922 IFUNLOCK-AT TRU6 POS6 -> IFUNLOCK1-AT 261923
262134 IFUNLOCK-AT TRU6 APT6 -> IFUNLOCK1-AT 262135
262195 ACHIEVE-AT2 APN1 APT6 -> M40-ACHIEVE-AT2
262349 IFUNLOCK-AT APN1 APT6 -> IFUNLOCK1-AT 262350
262360 ACHIEVE-AT-AIR APN1 APT6 -> M38-ACHIEVE-AT 262361
262556 IFUNLOCK-AT APN1 APT6 -> IFUNLOCK1-AT 262557
262578 ACHIEVE-AT-AIR APN1 APT6 -> M38-ACHIEVE-AT 262579
262760 IFUNLOCK-AT APN1 APT6 -> IFUNLOCK1-AT 262761
262797 ACHIEVE-AT2 APN1 APT1 -> M40-ACHIEVE-AT2
263117 IFUNLOCK-AT APN1 APT1 -> IFUNLOCK1-AT 263118
264379 ACHIEVE-AT-TRK TRU3 POS3 -> M33-ACHIEVE-AT 264380
264556 IFUNLOCK-AT TRU3 POS3 -> IFUNLOCK1-AT 264557
264771 IFUNLOCK-AT TRU3 APT3 -> IFUNLOCK1-AT 264772
264987 IFUNLOCK-AT APN2 APT3 -> IFUNLOCK1-AT 264988
265194 IFUNLOCK-AT APN2 APT6 -> IFUNLOCK1-AT 265195
265209 ACHIEVE-AT-TRK TRU6 APT6 -> M33-ACHIEVE-AT 265210
265397 IFUNLOCK-AT TRU6 APT6 -> IFUNLOCK1-AT 265398
265429 ACHIEVE-AT1 TRU6 POS6 -> M35-ACHIEVE-AT1
265754 IFUNLOCK-AT TRU6 POS6 -> IFUNLOCK1-AT 265755
267055 ACHIEVE-AT1 TRU1 POS1 -> M35-ACHIEVE-AT1
267196 IFUNLOCK-AT TRU1 POS1 -> IFUNLOCK1-AT 267197
267413 IFUNLOCK-AT TRU1 APT1 -> IFUNLOCK1-AT 267414
267465 ACHIEVE-AT2 APN2 APT1 -> M40-ACHIEVE-AT2
267628 IFUNLOCK-AT APN2 APT1 -> IFUNLOCK1-AT 267629
267830 IFUNLOCK-AT APN2 APT2 -> IFUNLOCK1-AT 267831
268033 IFUNLOCK-AT TRU2 APT2 -> IFUNLOCK1-AT 268034
268070 ACHIEVE-AT1 TRU2 POS2 -> M35-ACHIEVE-AT1
268392 IFUNLOCK-AT TRU2 POS2 -> IFUNLOCK1-AT 268393
269694 ACHIEVE-AT1 TRU5 POS5 -> M35-ACHIEVE-AT1
269832 IFUNLOCK-AT TRU5 POS5 -> IFUNLOCK1-AT 269833
269896 ACHIEVE-AT1 TRU5 APT5 -> M35-ACHIEVE-AT1
270047 IFUNLOCK-AT TRU5 APT5 -> IFUNLOCK1-AT 270048
270260 IFUNLOCK-AT APN2 APT5 -> IFUNLOCK1-AT 270261
270472 IFUNLOCK-AT APN2 APT4 -> IFUNLOCK1-AT 270473
270486 ACHIEVE-AT-TRK TRU4 APT4 -> M33-ACHIEVE-AT 270487
270672 IFUNLOCK-AT TRU4 APT4 -> IFUNLOCK1-AT 270673
270712 ACHIEVE-AT1 TRU4 POS4 -> M35-ACHIEVE-AT1
271030 IFUNLOCK-AT TRU4 POS4 -> IFUNLOCK1-AT 271031
272295 ACHIEVE-AT-TRK TRU2 POS2 -> M33-ACHIEVE-AT 272296
272470 IFUNLOCK-AT TRU2 POS2 -> IFUNLOCK1-AT 272471
272686 IFUNLOCK-AT TRU2 APT2 -> IFUNLOCK1-AT 272687
272898 IFUNLOCK-AT APN2 APT2 -> IFUNLOCK1-AT 272899
273106 IFUNLOCK-AT APN2 APT6 -> IFUNLOCK1-AT 273107
273305 IFUNLOCK-AT TRU6 APT6 -> IFUNLOCK1-AT 273306
273348 ACHIEVE-AT1 TRU6 POS6 -> M35-ACHIEVE-AT1
273675 IFUNLOCK-AT TRU6 POS6 -> IFUNLOCK1-AT 273676
274930 ACHIEVE-AT-TRK TRU6 POS6 -> M33-ACHIEVE-AT 274931
275112 IFUNLOCK-AT TRU6 POS6 -> IFUNLOCK1-AT 275113
275325 IFUNLOCK-AT TRU6 APT6 -> IFUNLOCK1-AT 275326
275344 ACHIEVE-AT-AIR APN2 APT6 -> M38-ACHIEVE-AT 275345
275534 IFUNLOCK-AT APN2 APT6 -> IFUNLOCK1-AT 275535
275592 ACHIEVE-AT2 APN2 APT4 -> M40-ACHIEVE-AT2
275741 IFUNLOCK-AT APN2 APT4 -> IFUNLOCK1-AT 275742
275758 ACHIEVE-AT-AIR APN2 APT4 -> M38-ACHIEVE-AT 275759
275944 IFUNLOCK-AT APN2 APT4 -> IFUNLOCK1-AT 275945
275986 ACHIEVE-AT2 APN2 APT1 -> M40-ACHIEVE-AT2
276310 IFUNLOCK-AT APN2 APT1 -> IFUNLOCK1-AT 276311
277569 ACHIEVE-AT-TRK TRU4 POS4 -> M33-ACHIEVE-AT 277570
277750 IFUNLOCK-AT TRU4 POS4 -> IFUNLOCK1-AT 277751
277966 IFUNLOCK-AT TRU4 APT4 -> IFUNLOCK1-AT 277967
278176 IFUNLOCK-AT APN1 APT4 -> IFUNLOCK1-AT 278177
278230 ACHIEVE-AT2 APN1 APT2 -> M40-ACHIEVE-AT2
278385 IFUNLOCK-AT APN1 APT2 -> IFUNLOCK1-AT 278386
278399 ACHIEVE-AT-TRK TRU2 APT2 -> M33-ACHIEVE-AT 278400
278587 IFUNLOCK-AT TRU2 APT2 -> IFUNLOCK1-AT 278588
278622 ACHIEVE-AT1 TRU2 POS2 -> M35-ACHIEVE-AT1
278951 IFUNLOCK-AT TRU2 POS2 -> IFUNLOCK1-AT 278952
280387 IFUNLOCK-AT TRU3 POS3 -> IFUNLOCK1-AT 280388
280599 IFUNLOCK-AT TRU3 APT3 -> IFUNLOCK1-AT 280600
280622 ACHIEVE-AT-TRK TRU3 APT3 -> M33-ACHIEVE-AT 280623
280818 IFUNLOCK-AT TRU3 APT3 -> IFUNLOCK1-AT 280819
280832 ACHIEVE-AT-TRK TRU3 APT3 -> M33-ACHIEVE-AT 280833
281020 IFUNLOCK-AT TRU3 APT3 -> IFUNLOCK1-AT 281021
281063 ACHIEVE-AT2 APN2 APT3 -> M40-ACHIEVE-AT2
281221 IFUNLOCK-AT APN2 APT3 -> IFUNLOCK1-AT 281222
281259 ACHIEVE-AT2 APN2 APT5 -> M40-ACHIEVE-AT2
281581 IFUNLOCK-AT APN2 APT5 -> IFUNLOCK1-AT 281582
282885 ACHIEVE-AT1 TRU1 POS1 -> M35-ACHIEVE-AT1
283022 IFUNLOCK-AT TRU1 POS1 -> IFUNLOCK1-AT 283023
283086 ACHIEVE-AT1 TRU1 APT1 -> M35-ACHIEVE-AT1
283237 IFUNLOCK-AT TRU1 APT1 -> IFUNLOCK1-AT 283238
283292 ACHIEVE-AT2 APN2 APT1 -> M40-ACHIEVE-AT2
283453 IFUNLOCK-AT APN2 APT1 -> IFUNLOCK1-AT 283454
283662 IFUNLOCK-AT APN2 APT2 -> IFUNLOCK1-AT 283663
283677 ACHIEVE-AT-AIR APN1 APT2 -> M38-ACHIEVE-AT 283678
283857 IFUNLOCK-AT APN1 APT2 -> IFUNLOCK1-AT 283858
283901 ACHIEVE-AT2 APN1 APT6 -> M40-ACHIEVE-AT2
284223 IFUNLOCK-AT APN1 APT6 -> IFUNLOCK1-AT 284224
<==
149.108 End of solution plan. (counted length of 505)
149.108 Total amount of clauses encoded: 2722063
149.108 - directframeaxioms : 1054528 cls
149.108 - qfactsemantics : 618429 cls
149.108 - indirectframeaxioms : 599489 cls
149.108 - reductionconstraints : 215723 cls
149.108 - atmostoneelement : 103278 cls
149.108 - expansions : 28867 cls
149.108 - predecessors : 27862 cls
149.108 - actionconstraints : 22117 cls
149.108 - substitutionconstraints : 21583 cls
149.108 - qconstequality : 20214 cls
149.108 - actioneffects : 6280 cls
149.108 - qtypeconstraints : 2815 cls
149.108 - truefacts : 870 cls
149.108 - forbiddenoperations : 6 cls
149.108 - axiomaticops : 2 cls
149.108 # instantiated positions: 4225
149.108 # instantiated actions: 21586
149.108 # instantiated reductions: 6277
149.108 # introduced pseudo-constants: 3448
149.108 # retroactive prunings: 4
149.108 # retroactively pruned operations: 6
149.108 # dominated operations: 0
149.108 # total invalid rigid preconditions found in getPFC: 0
149.108 # invalid rigid preconditions found in getPFC: 0
149.108 # invalid rigid preconditions found in getPFC in varrestrictions: 0
149.108 # total invalid fluent preconditions found in getPFC: 0
149.108 # invalid fluent preconditions found in getPFC: 0
149.108 # invalid fluent preconditions found in getPFC in varrestrictions: 0
149.108 # invalid fluent preconditions found in getPFC via postconditions: 0
149.108 # invalid operations found in getPFC via subtasks: 0
149.108 # invalid operations found in getPFC via postconditions: 0
149.108 # number effects in operation fact_frames: 586
149.108 # number of variables restricted: 0
149.108 # number of nodes variables restricted: 0
149.108 Exiting happily.

RUNWATCH_RESULT EXIT RETVAL 0 TIME_SECS 149.185 MEMPEAK_KBS 1037056
