    _           _         _
   \ |         \ |       | |                       
   | |     __  | |      _| |______                
   | |     \/  | |     /_   ______\                
   | |      _  | |   __  | |  ___   ___   ___       
   | |___  | | | |  / .\ | | / , | |   \ / ·_\    
   \_____\ |_| |__\ \__/ |_| \___) |_|_| \___\  
[39mL i l o t a n e  version rls-glucose4
by Dominik Schreiber <dominik.schreiber@kit.edu> 2020-2021
using SAT solver glucose4

1.481 Parser finished.
1.488 Structures extracted.
1.489 18 operators and 15 methods created.
1.985 Mined 2 new reduction preconditions (+9.5%).
1.985 Iteration 0.
1.985 Creating initial layer of size 2
2.334 Attempting to solve formula with 3 clauses (3 literals) and 1 assumptions
2.334 Unsolvable at layer 0 -- expanding.
2.334 Iteration 1.
2.334 New layer size: 2
2.334 Instantiating ...
2.699 Collected 0 relevant facts at this layer
2.699 Encoding ...
2.740 Attempting to solve formula with 8 clauses (12 literals) and 1 assumptions
2.740 Unsolvable at layer 1 -- expanding.
2.740 Iteration 2.
2.748 New layer size: 7
2.748 Instantiating ...
3.930 Collected 0 relevant facts at this layer
3.930 Encoding ...
4.020 Attempting to solve formula with 28 clauses (46 literals) and 6 assumptions
4.021 Unsolvable at layer 2 -- expanding.
4.021 Iteration 3.
4.027 New layer size: 13
4.027 Instantiating ...
7.132 Collected 4 relevant facts at this layer
7.132 Encoding ...
7.351 Attempting to solve formula with 100 clauses (187 literals) and 10 assumptions
7.351 Unsolvable at layer 3 -- expanding.
7.351 Iteration 4.
7.351 New layer size: 23
7.351 Instantiating ...
14.175 Collected 14 relevant facts at this layer
14.175 Encoding ...
14.556 Attempting to solve formula with 708 clauses (1646 literals) and 20 assumptions
14.556 Unsolvable at layer 4 -- expanding.
14.556 Iteration 5.
14.556 New layer size: 43
14.556 Instantiating ...
28.951 Collected 34 relevant facts at this layer
28.952 Encoding ...
29.583 Attempting to solve formula with 4119 clauses (10195 literals) and 40 assumptions
29.583 Unsolvable at layer 5 -- expanding.
29.583 Iteration 6.
29.583 New layer size: 83
29.583 Instantiating ...
59.010 Collected 64 relevant facts at this layer
59.010 Encoding ...
60.514 Attempting to solve formula with 17196 clauses (43728 literals) and 80 assumptions
60.514 Unsolvable at layer 6 -- expanding.
60.514 Iteration 7.
60.514 New layer size: 163
60.514 Instantiating ...
121.032 Collected 104 relevant facts at this layer
121.032 Encoding ...
123.723 Attempting to solve formula with 58544 clauses (151564 literals) and 160 assumptions
123.724 Unsolvable at layer 7 -- expanding.
123.724 Iteration 8.
123.724 New layer size: 323
123.724 Instantiating ...
124.048 Retroactively prune action (removeblock l-2-0-1 stone)@(7,16): no children at offset 0
124.048 Retroactively prune action (__REPEATED_removeblock l-2-0-0 stone)@(7,16): no children at offset 0
124.050 Retroactively prune reduction (place-block-abstract-3 l-2-0-2 stone stone)@(7,16): no children at offset 0
183.765 Collected 152 relevant facts at this layer
183.765 Encoding ...
186.196 Attempting to solve formula with 145136 clauses (364385 literals) and 320 assumptions
186.197 Unsolvable at layer 8 -- expanding.
186.197 Iteration 9.
186.197 New layer size: 643
186.197 Instantiating ...
186.671 Retroactively prune action (__REPEATED_removeblock l-3-0-0 stone)@(8,48): no children at offset 0
186.671 Retroactively prune action (removeblock l-3-0-1 stone)@(8,48): no children at offset 0
186.673 Retroactively prune reduction (place-block-abstract-3 l-3-0-2 stone stone)@(8,48): no children at offset 0
246.221 Collected 210 relevant facts at this layer
246.221 Encoding ...
248.793 Attempting to solve formula with 304424 clauses (743244 literals) and 640 assumptions
248.794 Unsolvable at layer 9 -- expanding.
248.794 Iteration 10.
248.794 New layer size: 1283
248.794 Instantiating ...
249.503 Retroactively prune action (__REPEATED_removeblock l-4-0-0 stone)@(9,112): no children at offset 0
249.503 Retroactively prune action (removeblock l-4-0-1 stone)@(9,112): no children at offset 0
249.505 Retroactively prune reduction (place-block-abstract-3 l-4-0-2 stone stone)@(9,112): no children at offset 0
310.813 Collected 280 relevant facts at this layer
310.813 Encoding ...
313.593 Attempting to solve formula with 583125 clauses (1391558 literals) and 1280 assumptions
313.605 Unsolvable at layer 10 -- expanding.
313.605 Iteration 11.
313.605 New layer size: 2558
313.605 Instantiating ...
314.378 Retroactively prune action (__REPEATED_removeblock l-5-0-0 stone)@(10,240): no children at offset 0
314.378 Retroactively prune action (removeblock l-5-0-1 stone)@(10,240): no children at offset 0
314.380 Retroactively prune reduction (place-block-abstract-3 l-5-0-2 stone stone)@(10,240): no children at offset 0
376.460 Collected 360 relevant facts at this layer
376.460 Encoding ...
379.500 Attempting to solve formula with 1049778 clauses (2462476 literals) and 2555 assumptions
379.503 Unsolvable at layer 11 -- expanding.
379.503 Iteration 12.
379.504 New layer size: 5112
379.504 Instantiating ...
380.332 Retroactively prune action (__REPEATED_removeblock l-6-0-0 stone)@(11,496): no children at offset 0
380.332 Retroactively prune action (removeblock l-6-0-1 stone)@(11,496): no children at offset 0
380.334 Retroactively prune reduction (place-block-abstract-3 l-6-0-2 stone stone)@(11,496): no children at offset 0
440.334 Collected 442 relevant facts at this layer
440.334 Encoding ...
444.113 Attempting to solve formula with 1774496 clauses (4112515 literals) and 3829 assumptions
444.120 Unsolvable at layer 12 -- expanding.
444.120 Iteration 13.
444.122 New layer size: 8940
444.122 Instantiating ...
445.013 Retroactively prune action (removeblock l-7-0-1 stone)@(12,1007): no children at offset 0
445.013 Retroactively prune action (__REPEATED_removeblock l-7-0-0 stone)@(12,1007): no children at offset 0
445.015 Retroactively prune reduction (place-block-abstract-3 l-7-0-2 stone stone)@(12,1007): no children at offset 0
502.000 Collected 514 relevant facts at this layer
502.000 Encoding ...
507.204 Attempting to solve formula with 2710234 clauses (6224875 literals) and 3819 assumptions
507.211 Unsolvable at layer 13 -- expanding.
507.211 Iteration 14.
507.224 New layer size: 12758
507.224 Instantiating ...
508.129 Retroactively prune action (removeblock l-8-0-1 stone)@(13,1773): no children at offset 0
508.129 Retroactively prune action (__REPEATED_removeblock l-8-0-0 stone)@(13,1773): no children at offset 0
508.131 Retroactively prune reduction (place-block-abstract-3 l-8-0-2 stone stone)@(13,1773): no children at offset 0
555.898 Collected 576 relevant facts at this layer
555.898 Encoding ...
561.822 Attempting to solve formula with 3771770 clauses (8585680 literals) and 3799 assumptions
561.835 Unsolvable at layer 14 -- expanding.
561.835 Iteration 15.
561.851 New layer size: 16556
561.851 Instantiating ...
562.789 Retroactively prune action (removeblock l-9-0-1 stone)@(14,2539): no children at offset 0
562.789 Retroactively prune action (__REPEATED_removeblock l-9-0-0 stone)@(14,2539): no children at offset 0
562.791 Retroactively prune reduction (place-block-abstract-3 l-9-0-2 stone stone)@(14,2539): no children at offset 0
595.651 Collected 628 relevant facts at this layer
595.651 Encoding ...
603.182 Attempting to solve formula with 4924611 clauses (11100305 literals) and 3759 assumptions
603.191 Unsolvable at layer 15 -- expanding.
603.191 Iteration 16.
603.211 New layer size: 20314
603.212 Instantiating ...
604.212 Retroactively prune action (__REPEATED_removeblock l-1-4-8 stone)@(15,3305): no children at offset 0
604.213 Retroactively prune action (__REPEATED_removeblock l-1-6-8 stone)@(15,3305): no children at offset 0
604.213 Retroactively prune action (__REPEATED_removeblock l-1-7-8 stone)@(15,3305): no children at offset 0
604.213 Retroactively prune action (__REPEATED_removeblock l-1-3-8 stone)@(15,3305): no children at offset 0
604.213 Retroactively prune action (__REPEATED_removeblock l-1-1-8 stone)@(15,3305): no children at offset 0
604.213 Retroactively prune action (__REPEATED_removeblock l-1-2-8 stone)@(15,3305): no children at offset 0
604.213 Retroactively prune action (__REPEATED_removeblock l-1-8-8 stone)@(15,3305): no children at offset 0
604.213 Retroactively prune action (__REPEATED_removeblock l-1-5-8 stone)@(15,3305): no children at offset 0
604.247 Retroactively prune action (__REPEATED_removeblock l-2-6-8 stone)@(15,4073): no children at offset 0
604.247 Retroactively prune action (__REPEATED_removeblock l-2-1-8 stone)@(15,4073): no children at offset 0
604.247 Retroactively prune action (__REPEATED_removeblock l-2-7-8 stone)@(15,4073): no children at offset 0
604.247 Retroactively prune action (__REPEATED_removeblock l-2-2-8 stone)@(15,4073): no children at offset 0
604.247 Retroactively prune action (__REPEATED_removeblock l-2-5-8 stone)@(15,4073): no children at offset 0
604.247 Retroactively prune action (__REPEATED_removeblock l-2-4-8 stone)@(15,4073): no children at offset 0
604.247 Retroactively prune action (__REPEATED_removeblock l-2-3-8 stone)@(15,4073): no children at offset 0
604.247 Retroactively prune action (__REPEATED_removeblock l-2-8-8 stone)@(15,4073): no children at offset 0
604.281 Retroactively prune action (__REPEATED_removeblock l-3-3-8 stone)@(15,4841): no children at offset 0
604.281 Retroactively prune action (__REPEATED_removeblock l-3-1-8 stone)@(15,4841): no children at offset 0
604.281 Retroactively prune action (__REPEATED_removeblock l-3-5-8 stone)@(15,4841): no children at offset 0
604.281 Retroactively prune action (__REPEATED_removeblock l-3-4-8 stone)@(15,4841): no children at offset 0
604.281 Retroactively prune action (__REPEATED_removeblock l-3-7-8 stone)@(15,4841): no children at offset 0
604.281 Retroactively prune action (__REPEATED_removeblock l-3-6-8 stone)@(15,4841): no children at offset 0
604.281 Retroactively prune action (removeblock l-3-8-8 stone)@(15,4841): no children at offset 0
604.281 Retroactively prune action (__REPEATED_removeblock l-3-2-8 stone)@(15,4841): no children at offset 0
604.316 Retroactively prune action (__REPEATED_removeblock l-4-5-8 stone)@(15,5609): no children at offset 0
604.316 Retroactively prune action (__REPEATED_removeblock l-4-2-8 stone)@(15,5609): no children at offset 0
604.316 Retroactively prune action (__REPEATED_removeblock l-4-1-8 stone)@(15,5609): no children at offset 0
604.316 Retroactively prune action (__REPEATED_removeblock l-4-3-8 stone)@(15,5609): no children at offset 0
604.316 Retroactively prune action (__REPEATED_removeblock l-4-4-8 stone)@(15,5609): no children at offset 0
604.316 Retroactively prune action (__REPEATED_removeblock l-4-6-8 stone)@(15,5609): no children at offset 0
604.316 Retroactively prune action (removeblock l-4-7-8 stone)@(15,5609): no children at offset 0
604.317 Retroactively prune reduction (place-block-abstract-3 l-4-8-8 stone stone)@(15,5609): no children at offset 0
604.362 Retroactively prune action (__REPEATED_removeblock l-5-3-8 stone)@(15,6121): no children at offset 0
604.362 Retroactively prune action (__REPEATED_removeblock l-5-4-8 stone)@(15,6121): no children at offset 0
604.362 Retroactively prune action (__REPEATED_removeblock l-5-5-8 stone)@(15,6121): no children at offset 0
604.362 Retroactively prune action (__REPEATED_removeblock l-5-2-8 stone)@(15,6121): no children at offset 0
604.362 Retroactively prune action (__REPEATED_removeblock l-5-1-8 stone)@(15,6121): no children at offset 0
604.362 Retroactively prune action (removeblock l-5-6-8 stone)@(15,6121): no children at offset 0
604.363 Retroactively prune reduction (place-block-abstract-3 l-5-7-8 stone stone)@(15,6121): no children at offset 0
604.420 Retroactively prune action (__REPEATED_removeblock l-6-1-8 stone)@(15,6377): no children at offset 0
604.420 Retroactively prune action (removeblock l-6-5-8 stone)@(15,6377): no children at offset 0
604.420 Retroactively prune action (__REPEATED_removeblock l-6-4-8 stone)@(15,6377): no children at offset 0
604.420 Retroactively prune action (__REPEATED_removeblock l-6-2-8 stone)@(15,6377): no children at offset 0
604.420 Retroactively prune action (__REPEATED_removeblock l-6-3-8 stone)@(15,6377): no children at offset 0
604.421 Retroactively prune reduction (place-block-abstract-3 l-6-6-8 stone stone)@(15,6377): no children at offset 0
604.483 Retroactively prune action (removeblock l-7-4-8 stone)@(15,6505): no children at offset 0
604.483 Retroactively prune action (__REPEATED_removeblock l-7-2-8 stone)@(15,6505): no children at offset 0
604.483 Retroactively prune action (__REPEATED_removeblock l-7-3-8 stone)@(15,6505): no children at offset 0
604.483 Retroactively prune action (__REPEATED_removeblock l-7-1-8 stone)@(15,6505): no children at offset 0
604.485 Retroactively prune reduction (place-block-abstract-3 l-7-5-8 stone stone)@(15,6505): no children at offset 0
604.739 Retroactively prune action (removeblock l-8-3-8 stone)@(15,6569): no children at offset 0
604.739 Retroactively prune action (__REPEATED_removeblock l-8-1-8 stone)@(15,6569): no children at offset 0
604.739 Retroactively prune action (__REPEATED_removeblock l-8-2-8 stone)@(15,6569): no children at offset 0
604.741 Retroactively prune reduction (place-block-abstract-3 l-8-4-8 stone stone)@(15,6569): no children at offset 0
604.908 Retroactively prune action (removeblock l-9-2-8 stone)@(15,6601): no children at offset 0
604.908 Retroactively prune action (__REPEATED_removeblock l-9-1-8 stone)@(15,6601): no children at offset 0
604.910 Retroactively prune reduction (place-block-abstract-3 l-9-3-8 stone stone)@(15,6601): no children at offset 0
605.041 Retroactively prune action (__REPEATED_removeblock l-1-8-1 stone)@(15,6617): no children at offset 0
605.041 Retroactively prune action (__REPEATED_removeblock l-1-8-4 stone)@(15,6617): no children at offset 0
605.041 Retroactively prune action (__REPEATED_removeblock l-1-8-0 stone)@(15,6617): no children at offset 0
605.041 Retroactively prune action (__REPEATED_removeblock l-1-8-6 stone)@(15,6617): no children at offset 0
605.041 Retroactively prune action (__REPEATED_removeblock l-1-8-7 stone)@(15,6617): no children at offset 0
605.041 Retroactively prune action (__REPEATED_removeblock l-1-8-2 stone)@(15,6617): no children at offset 0
605.041 Retroactively prune action (__REPEATED_removeblock l-1-8-5 stone)@(15,6617): no children at offset 0
605.041 Retroactively prune action (__REPEATED_removeblock l-1-8-3 stone)@(15,6617): no children at offset 0
605.077 Retroactively prune action (__REPEATED_removeblock l-2-8-6 stone)@(15,7385): no children at offset 0
605.078 Retroactively prune action (__REPEATED_removeblock l-2-8-7 stone)@(15,7385): no children at offset 0
605.078 Retroactively prune action (__REPEATED_removeblock l-2-8-4 stone)@(15,7385): no children at offset 0
605.078 Retroactively prune action (__REPEATED_removeblock l-2-8-5 stone)@(15,7385): no children at offset 0
605.078 Retroactively prune action (__REPEATED_removeblock l-2-8-2 stone)@(15,7385): no children at offset 0
605.078 Retroactively prune action (__REPEATED_removeblock l-2-8-1 stone)@(15,7385): no children at offset 0
605.078 Retroactively prune action (__REPEATED_removeblock l-2-8-0 stone)@(15,7385): no children at offset 0
605.078 Retroactively prune action (__REPEATED_removeblock l-2-8-3 stone)@(15,7385): no children at offset 0
605.112 Retroactively prune action (__REPEATED_removeblock l-3-8-4 stone)@(15,8153): no children at offset 0
605.112 Retroactively prune action (__REPEATED_removeblock l-3-8-6 stone)@(15,8153): no children at offset 0
605.112 Retroactively prune action (removeblock l-3-8-0 stone)@(15,8153): no children at offset 0
605.112 Retroactively prune action (__REPEATED_removeblock l-3-8-7 stone)@(15,8153): no children at offset 0
605.112 Retroactively prune action (__REPEATED_removeblock l-3-8-5 stone)@(15,8153): no children at offset 0
605.112 Retroactively prune action (__REPEATED_removeblock l-3-8-3 stone)@(15,8153): no children at offset 0
605.112 Retroactively prune action (__REPEATED_removeblock l-3-8-1 stone)@(15,8153): no children at offset 0
605.112 Retroactively prune action (__REPEATED_removeblock l-3-8-2 stone)@(15,8153): no children at offset 0
605.148 Retroactively prune action (__REPEATED_removeblock l-4-8-4 stone)@(15,8921): no children at offset 0
605.148 Retroactively prune action (__REPEATED_removeblock l-4-8-5 stone)@(15,8921): no children at offset 0
605.148 Retroactively prune action (__REPEATED_removeblock l-4-8-6 stone)@(15,8921): no children at offset 0
605.148 Retroactively prune action (removeblock l-4-8-1 stone)@(15,8921): no children at offset 0
605.148 Retroactively prune action (__REPEATED_removeblock l-4-8-7 stone)@(15,8921): no children at offset 0
605.148 Retroactively prune action (__REPEATED_removeblock l-4-8-3 stone)@(15,8921): no children at offset 0
605.148 Retroactively prune action (__REPEATED_removeblock l-4-8-2 stone)@(15,8921): no children at offset 0
605.150 Retroactively prune reduction (place-block-abstract-3 l-4-8-0 stone stone)@(15,8921): no children at offset 0
605.197 Retroactively prune action (removeblock l-5-8-2 stone)@(15,9433): no children at offset 0
605.197 Retroactively prune action (__REPEATED_removeblock l-5-8-7 stone)@(15,9433): no children at offset 0
605.197 Retroactively prune action (__REPEATED_removeblock l-5-8-3 stone)@(15,9433): no children at offset 0
605.197 Retroactively prune action (__REPEATED_removeblock l-5-8-5 stone)@(15,9433): no children at offset 0
605.197 Retroactively prune action (__REPEATED_removeblock l-5-8-6 stone)@(15,9433): no children at offset 0
605.197 Retroactively prune action (__REPEATED_removeblock l-5-8-4 stone)@(15,9433): no children at offset 0
605.199 Retroactively prune reduction (place-block-abstract-3 l-5-8-1 stone stone)@(15,9433): no children at offset 0
605.254 Retroactively prune action (__REPEATED_removeblock l-6-8-4 stone)@(15,9689): no children at offset 0
605.254 Retroactively prune action (__REPEATED_removeblock l-6-8-5 stone)@(15,9689): no children at offset 0
605.254 Retroactively prune action (__REPEATED_removeblock l-6-8-7 stone)@(15,9689): no children at offset 0
605.254 Retroactively prune action (__REPEATED_removeblock l-6-8-6 stone)@(15,9689): no children at offset 0
605.254 Retroactively prune action (removeblock l-6-8-3 stone)@(15,9689): no children at offset 0
605.255 Retroactively prune reduction (place-block-abstract-3 l-6-8-2 stone stone)@(15,9689): no children at offset 0
605.319 Retroactively prune action (__REPEATED_removeblock l-7-8-7 stone)@(15,9817): no children at offset 0
605.319 Retroactively prune action (removeblock l-7-8-4 stone)@(15,9817): no children at offset 0
605.319 Retroactively prune action (__REPEATED_removeblock l-7-8-6 stone)@(15,9817): no children at offset 0
605.319 Retroactively prune action (__REPEATED_removeblock l-7-8-5 stone)@(15,9817): no children at offset 0
605.322 Retroactively prune reduction (place-block-abstract-3 l-7-8-3 stone stone)@(15,9817): no children at offset 0
605.567 Retroactively prune action (removeblock l-8-8-5 stone)@(15,9881): no children at offset 0
605.567 Retroactively prune action (__REPEATED_removeblock l-8-8-7 stone)@(15,9881): no children at offset 0
605.567 Retroactively prune action (__REPEATED_removeblock l-8-8-6 stone)@(15,9881): no children at offset 0
605.569 Retroactively prune reduction (place-block-abstract-3 l-8-8-4 stone stone)@(15,9881): no children at offset 0
605.731 Retroactively prune action (removeblock l-9-8-6 stone)@(15,9913): no children at offset 0
605.731 Retroactively prune action (__REPEATED_removeblock l-9-8-7 stone)@(15,9913): no children at offset 0
605.733 Retroactively prune reduction (place-block-abstract-3 l-9-8-5 stone stone)@(15,9913): no children at offset 0
605.849 Retroactively prune action (__REPEATED_removeblock l-1-3-0 stone)@(15,9929): no children at offset 0
605.849 Retroactively prune action (__REPEATED_removeblock l-1-5-0 stone)@(15,9929): no children at offset 0
605.849 Retroactively prune action (__REPEATED_removeblock l-1-7-0 stone)@(15,9929): no children at offset 0
605.849 Retroactively prune action (__REPEATED_removeblock l-1-6-0 stone)@(15,9929): no children at offset 0
605.849 Retroactively prune action (__REPEATED_removeblock l-1-2-0 stone)@(15,9929): no children at offset 0
605.849 Retroactively prune action (__REPEATED_removeblock l-1-1-0 stone)@(15,9929): no children at offset 0
605.849 Retroactively prune action (__REPEATED_removeblock l-1-4-0 stone)@(15,9929): no children at offset 0
605.885 Retroactively prune action (__REPEATED_removeblock l-2-4-0 stone)@(15,10697): no children at offset 0
605.885 Retroactively prune action (__REPEATED_removeblock l-2-7-0 stone)@(15,10697): no children at offset 0
605.885 Retroactively prune action (__REPEATED_removeblock l-2-2-0 stone)@(15,10697): no children at offset 0
605.885 Retroactively prune action (__REPEATED_removeblock l-2-5-0 stone)@(15,10697): no children at offset 0
605.885 Retroactively prune action (__REPEATED_removeblock l-2-3-0 stone)@(15,10697): no children at offset 0
605.885 Retroactively prune action (__REPEATED_removeblock l-2-1-0 stone)@(15,10697): no children at offset 0
605.885 Retroactively prune action (__REPEATED_removeblock l-2-6-0 stone)@(15,10697): no children at offset 0
605.933 Retroactively prune action (__REPEATED_removeblock l-3-3-0 stone)@(15,11465): no children at offset 0
605.933 Retroactively prune action (__REPEATED_removeblock l-3-5-0 stone)@(15,11465): no children at offset 0
605.933 Retroactively prune action (__REPEATED_removeblock l-3-7-0 stone)@(15,11465): no children at offset 0
605.933 Retroactively prune action (__REPEATED_removeblock l-3-4-0 stone)@(15,11465): no children at offset 0
605.933 Retroactively prune action (__REPEATED_removeblock l-3-1-0 stone)@(15,11465): no children at offset 0
605.933 Retroactively prune action (__REPEATED_removeblock l-3-6-0 stone)@(15,11465): no children at offset 0
605.933 Retroactively prune action (__REPEATED_removeblock l-3-2-0 stone)@(15,11465): no children at offset 0
605.973 Retroactively prune action (__REPEATED_removeblock l-4-7-0 stone)@(15,12233): no children at offset 0
605.973 Retroactively prune action (__REPEATED_removeblock l-4-6-0 stone)@(15,12233): no children at offset 0
605.973 Retroactively prune action (__REPEATED_removeblock l-4-3-0 stone)@(15,12233): no children at offset 0
605.973 Retroactively prune action (__REPEATED_removeblock l-4-5-0 stone)@(15,12233): no children at offset 0
605.973 Retroactively prune action (__REPEATED_removeblock l-4-2-0 stone)@(15,12233): no children at offset 0
605.973 Retroactively prune action (removeblock l-4-1-0 stone)@(15,12233): no children at offset 0
605.973 Retroactively prune action (__REPEATED_removeblock l-4-4-0 stone)@(15,12233): no children at offset 0
606.025 Retroactively prune action (__REPEATED_removeblock l-5-3-0 stone)@(15,12745): no children at offset 0
606.025 Retroactively prune action (__REPEATED_removeblock l-5-7-0 stone)@(15,12745): no children at offset 0
606.025 Retroactively prune action (__REPEATED_removeblock l-5-5-0 stone)@(15,12745): no children at offset 0
606.025 Retroactively prune action (__REPEATED_removeblock l-5-6-0 stone)@(15,12745): no children at offset 0
606.025 Retroactively prune action (removeblock l-5-2-0 stone)@(15,12745): no children at offset 0
606.025 Retroactively prune action (__REPEATED_removeblock l-5-4-0 stone)@(15,12745): no children at offset 0
606.026 Retroactively prune reduction (place-block-abstract-3 l-5-1-0 stone stone)@(15,12745): no children at offset 0
606.085 Retroactively prune action (__REPEATED_removeblock l-6-4-0 stone)@(15,13001): no children at offset 0
606.085 Retroactively prune action (__REPEATED_removeblock l-6-5-0 stone)@(15,13001): no children at offset 0
606.085 Retroactively prune action (removeblock l-6-3-0 stone)@(15,13001): no children at offset 0
606.085 Retroactively prune action (__REPEATED_removeblock l-6-6-0 stone)@(15,13001): no children at offset 0
606.085 Retroactively prune action (__REPEATED_removeblock l-6-7-0 stone)@(15,13001): no children at offset 0
606.086 Retroactively prune reduction (place-block-abstract-3 l-6-2-0 stone stone)@(15,13001): no children at offset 0
606.151 Retroactively prune action (removeblock l-7-4-0 stone)@(15,13129): no children at offset 0
606.151 Retroactively prune action (__REPEATED_removeblock l-7-6-0 stone)@(15,13129): no children at offset 0
606.151 Retroactively prune action (__REPEATED_removeblock l-7-7-0 stone)@(15,13129): no children at offset 0
606.151 Retroactively prune action (__REPEATED_removeblock l-7-5-0 stone)@(15,13129): no children at offset 0
606.153 Retroactively prune reduction (place-block-abstract-3 l-7-3-0 stone stone)@(15,13129): no children at offset 0
606.406 Retroactively prune action (removeblock l-8-5-0 stone)@(15,13193): no children at offset 0
606.406 Retroactively prune action (__REPEATED_removeblock l-8-6-0 stone)@(15,13193): no children at offset 0
606.406 Retroactively prune action (__REPEATED_removeblock l-8-7-0 stone)@(15,13193): no children at offset 0
606.408 Retroactively prune reduction (place-block-abstract-3 l-8-4-0 stone stone)@(15,13193): no children at offset 0
606.563 Retroactively prune action (__REPEATED_removeblock l-9-7-0 stone)@(15,13225): no children at offset 0
606.563 Retroactively prune action (removeblock l-9-6-0 stone)@(15,13225): no children at offset 0
606.566 Retroactively prune reduction (place-block-abstract-3 l-9-5-0 stone stone)@(15,13225): no children at offset 0
606.662 Retroactively prune action (__REPEATED_removeblock l-10-0-2 stone)@(15,13243): no children at offset 0
606.662 Retroactively prune action (__REPEATED_removeblock l-10-0-4 stone)@(15,13243): no children at offset 0
606.662 Retroactively prune action (__REPEATED_removeblock l-10-0-8 stone)@(15,13243): no children at offset 0
606.662 Retroactively prune action (__REPEATED_removeblock l-10-0-7 stone)@(15,13243): no children at offset 0
606.662 Retroactively prune action (__REPEATED_removeblock l-10-0-0 stone)@(15,13243): no children at offset 0
606.662 Retroactively prune action (__REPEATED_removeblock l-10-0-5 stone)@(15,13243): no children at offset 0
606.662 Retroactively prune action (__REPEATED_removeblock l-10-0-6 stone)@(15,13243): no children at offset 0
606.662 Retroactively prune action (__REPEATED_removeblock l-10-0-3 stone)@(15,13243): no children at offset 0
606.662 Retroactively prune action (__REPEATED_removeblock l-10-0-1 stone)@(15,13243): no children at offset 0
606.704 Retroactively prune action (__REPEATED_removeblock l-10-1-6 stone)@(15,14011): no children at offset 0
606.704 Retroactively prune action (__REPEATED_removeblock l-10-1-8 stone)@(15,14011): no children at offset 0
606.704 Retroactively prune action (__REPEATED_removeblock l-10-1-5 stone)@(15,14011): no children at offset 0
606.704 Retroactively prune action (__REPEATED_removeblock l-10-1-7 stone)@(15,14011): no children at offset 0
606.705 Retroactively prune action (__REPEATED_removeblock l-10-1-4 stone)@(15,14011): no children at offset 0
606.705 Retroactively prune action (__REPEATED_removeblock l-10-1-1 stone)@(15,14011): no children at offset 0
606.705 Retroactively prune action (__REPEATED_removeblock l-10-1-2 stone)@(15,14011): no children at offset 0
606.705 Retroactively prune action (__REPEATED_removeblock l-10-1-0 stone)@(15,14011): no children at offset 0
606.705 Retroactively prune action (__REPEATED_removeblock l-10-1-3 stone)@(15,14011): no children at offset 0
606.746 Retroactively prune action (__REPEATED_removeblock l-10-2-7 stone)@(15,14779): no children at offset 0
606.746 Retroactively prune action (__REPEATED_removeblock l-10-2-5 stone)@(15,14779): no children at offset 0
606.746 Retroactively prune action (removeblock l-10-2-8 stone)@(15,14779): no children at offset 0
606.746 Retroactively prune action (__REPEATED_removeblock l-10-2-3 stone)@(15,14779): no children at offset 0
606.746 Retroactively prune action (__REPEATED_removeblock l-10-2-6 stone)@(15,14779): no children at offset 0
606.746 Retroactively prune action (__REPEATED_removeblock l-10-2-1 stone)@(15,14779): no children at offset 0
606.746 Retroactively prune action (__REPEATED_removeblock l-10-2-2 stone)@(15,14779): no children at offset 0
606.746 Retroactively prune action (__REPEATED_removeblock l-10-2-4 stone)@(15,14779): no children at offset 0
606.746 Retroactively prune action (__REPEATED_removeblock l-10-2-0 stone)@(15,14779): no children at offset 0
606.790 Retroactively prune action (__REPEATED_removeblock l-10-3-3 stone)@(15,15547): no children at offset 0
606.790 Retroactively prune action (__REPEATED_removeblock l-10-3-6 stone)@(15,15547): no children at offset 0
606.790 Retroactively prune action (__REPEATED_removeblock l-10-3-4 stone)@(15,15547): no children at offset 0
606.790 Retroactively prune action (__REPEATED_removeblock l-10-3-0 stone)@(15,15547): no children at offset 0
606.790 Retroactively prune action (__REPEATED_removeblock l-10-3-1 stone)@(15,15547): no children at offset 0
606.790 Retroactively prune action (__REPEATED_removeblock l-10-3-2 stone)@(15,15547): no children at offset 0
606.790 Retroactively prune action (__REPEATED_removeblock l-10-3-5 stone)@(15,15547): no children at offset 0
606.790 Retroactively prune action (removeblock l-10-3-7 stone)@(15,15547): no children at offset 0
606.792 Retroactively prune reduction (place-block-abstract-3 l-10-3-8 stone stone)@(15,15547): no children at offset 0
606.844 Retroactively prune action (__REPEATED_removeblock l-10-4-5 stone)@(15,16059): no children at offset 0
606.844 Retroactively prune action (__REPEATED_removeblock l-10-4-4 stone)@(15,16059): no children at offset 0
606.844 Retroactively prune action (__REPEATED_removeblock l-10-4-0 stone)@(15,16059): no children at offset 0
606.844 Retroactively prune action (__REPEATED_removeblock l-10-4-3 stone)@(15,16059): no children at offset 0
606.844 Retroactively prune action (removeblock l-10-4-6 stone)@(15,16059): no children at offset 0
606.844 Retroactively prune action (__REPEATED_removeblock l-10-4-2 stone)@(15,16059): no children at offset 0
606.844 Retroactively prune action (__REPEATED_removeblock l-10-4-1 stone)@(15,16059): no children at offset 0
606.846 Retroactively prune reduction (place-block-abstract-3 l-10-4-7 stone stone)@(15,16059): no children at offset 0
606.906 Retroactively prune action (__REPEATED_removeblock l-10-5-0 stone)@(15,16315): no children at offset 0
606.906 Retroactively prune action (__REPEATED_removeblock l-10-5-4 stone)@(15,16315): no children at offset 0
606.906 Retroactively prune action (__REPEATED_removeblock l-10-5-1 stone)@(15,16315): no children at offset 0
606.906 Retroactively prune action (__REPEATED_removeblock l-10-5-2 stone)@(15,16315): no children at offset 0
606.906 Retroactively prune action (removeblock l-10-5-5 stone)@(15,16315): no children at offset 0
606.906 Retroactively prune action (__REPEATED_removeblock l-10-5-3 stone)@(15,16315): no children at offset 0
606.908 Retroactively prune reduction (place-block-abstract-3 l-10-5-6 stone stone)@(15,16315): no children at offset 0
606.972 Retroactively prune action (__REPEATED_removeblock l-10-6-2 stone)@(15,16443): no children at offset 0
606.972 Retroactively prune action (removeblock l-10-6-4 stone)@(15,16443): no children at offset 0
606.972 Retroactively prune action (__REPEATED_removeblock l-10-6-1 stone)@(15,16443): no children at offset 0
606.972 Retroactively prune action (__REPEATED_removeblock l-10-6-0 stone)@(15,16443): no children at offset 0
606.972 Retroactively prune action (__REPEATED_removeblock l-10-6-3 stone)@(15,16443): no children at offset 0
606.975 Retroactively prune reduction (place-block-abstract-3 l-10-6-5 stone stone)@(15,16443): no children at offset 0
607.223 Retroactively prune action (removeblock l-10-7-3 stone)@(15,16507): no children at offset 0
607.223 Retroactively prune action (__REPEATED_removeblock l-10-7-1 stone)@(15,16507): no children at offset 0
607.223 Retroactively prune action (__REPEATED_removeblock l-10-7-2 stone)@(15,16507): no children at offset 0
607.223 Retroactively prune action (__REPEATED_removeblock l-10-7-0 stone)@(15,16507): no children at offset 0
607.226 Retroactively prune reduction (place-block-abstract-3 l-10-7-4 stone stone)@(15,16507): no children at offset 0
607.376 Retroactively prune action (__REPEATED_removeblock l-10-8-1 stone)@(15,16539): no children at offset 0
607.376 Retroactively prune action (removeblock l-10-8-2 stone)@(15,16539): no children at offset 0
607.376 Retroactively prune action (__REPEATED_removeblock l-10-8-0 stone)@(15,16539): no children at offset 0
607.379 Retroactively prune reduction (place-block-abstract-3 l-10-8-3 stone stone)@(15,16539): no children at offset 0
607.476 Collected 670 relevant facts at this layer
607.476 Encoding ...
615.424 Attempting to solve formula with 6093684 clauses (13567551 literals) and 3676 assumptions
615.439 Unsolvable at layer 16 -- expanding.
615.439 Iteration 17.
615.463 New layer size: 23985
615.463 Instantiating ...
619.324 Collected 702 relevant facts at this layer
619.324 Encoding ...
628.806 Attempting to solve formula with 7260868 clauses (16029443 literals) and 3516 assumptions
628.818 Unsolvable at layer 17 -- expanding.
628.818 Iteration 18.
628.845 New layer size: 27496
628.845 Instantiating ...
632.037 Collected 724 relevant facts at this layer
632.037 Encoding ...
643.112 Attempting to solve formula with 8399363 clauses (18426511 literals) and 3196 assumptions
643.123 Unsolvable at layer 18 -- expanding.
643.123 Iteration 19.
643.155 New layer size: 30687
643.155 Instantiating ...
645.282 Collected 736 relevant facts at this layer
645.282 Encoding ...
657.864 Attempting to solve formula with 9464243 clauses (20661690 literals) and 2556 assumptions
657.875 Unsolvable at layer 19 -- expanding.
657.875 Iteration 20.
657.908 New layer size: 33238
657.908 Instantiating ...
659.909 Collected 738 relevant facts at this layer
659.909 Encoding ...
671.995 Termination signal caught.
671.995 Total amount of clauses encoded: 10264465
671.995 - directframeaxioms : 4610068 cls
671.995 - atmostoneelement : 3006285 cls
671.995 - expansions : 1045798 cls
671.995 - predecessors : 884463 cls
671.995 - actionconstraints : 345489 cls
671.995 - actioneffects : 198596 cls
671.995 - reductionconstraints : 170887 cls
671.995 - forbiddenoperations : 2139 cls
671.995 - truefacts : 738 cls
671.995 - axiomaticops : 2 cls
671.995 # instantiated positions: 184228
671.995 # instantiated actions: 796828
671.995 # instantiated reductions: 103236
671.995 # introduced pseudo-constants: 0
671.995 # retroactive prunings: 257
671.995 # retroactively pruned operations: 2139
671.995 # dominated operations: 0
671.995 # total invalid rigid preconditions found in getPFC: 103470
671.995 # invalid rigid preconditions found in getPFC: 75822
671.995 # invalid rigid preconditions found in getPFC in varrestrictions: 27648
671.995 # total invalid fluent preconditions found in getPFC: 1074
671.995 # invalid fluent preconditions found in getPFC: 537
671.995 # invalid fluent preconditions found in getPFC in varrestrictions: 537
671.995 # invalid fluent preconditions found in getPFC via postconditions: 0
671.995 # invalid subtasks found in getPFC: 0
671.995 # number effects in operation fact_frames: 120
671.995 Exiting happily.

RUNWATCH_RESULT MEMOUT RETVAL 0 TIME_SECS 673.012 MEMPEAK_KBS 16052416
