    _           _         _
   \ |         \ |       | |                       
   | |     __  | |      _| |______                
   | |     \/  | |     /_   ______\                
   | |      _  | |   __  | |  ___   ___   ___       
   | |___  | | | |  / .\ | | / , | |   \ / ·_\    
   \_____\ |_| |__\ \__/ |_| \___) |_|_| \___\  
[39mL i l o t a n e  version rls-cadical
by Dominik Schreiber <dominik.schreiber@kit.edu> 2020-2021
using SAT solver cadical

0.005 Parser finished.
0.006 Structures extracted.
0.006 27 operators and 21 methods created.
0.017 Mined 7 new reduction preconditions (+11.5%).
0.017 Iteration 0.
0.017 Creating initial layer of size 2
0.021 Attempting to solve formula with 9 clauses (12 literals) and 1 assumptions
0.021 Unsolvable at layer 0 -- expanding.
0.021 Iteration 1.
0.021 New layer size: 2
0.021 Instantiating ...
0.025 Collected 3 relevant facts at this layer
0.025 Encoding ...
0.025 Attempting to solve formula with 63 clauses (148 literals) and 1 assumptions
0.025 Unsolvable at layer 1 -- expanding.
0.025 Iteration 2.
0.025 New layer size: 3
0.025 Instantiating ...
0.030 Collected 3 relevant facts at this layer
0.030 Encoding ...
0.030 Attempting to solve formula with 110 clauses (261 literals) and 2 assumptions
0.030 Unsolvable at layer 2 -- expanding.
0.030 Iteration 3.
0.030 New layer size: 4
0.030 Instantiating ...
0.031 Retroactively prune action (__SURROGATE*m7_bring_tent*drive_tent* place0 Q_3,0_person:0_fb9f54bc1ee2c388 Q_3,0_place:0_fabddced09ddb15d Q_3,0_car:0_4008a4c4dc32060f Q_3,0_tent:0_9d27580cd50d4fdb) due to impossible effect !(at_car Q_3,0_car:0_4008a4c4dc32060f Q_3,0_place:0_fabddced09ddb15d)
0.037 Collected 7 relevant facts at this layer
0.037 Encoding ...
0.037 Attempting to solve formula with 310 clauses (767 literals) and 3 assumptions
0.037 Unsolvable at layer 3 -- expanding.
0.037 Iteration 4.
0.037 New layer size: 7
0.037 Instantiating ...
0.049 Collected 20 relevant facts at this layer
0.049 Encoding ...
0.049 Attempting to solve formula with 830 clauses (2326 literals) and 3 assumptions
0.049 Unsolvable at layer 4 -- expanding.
0.049 Iteration 5.
0.049 New layer size: 17
0.049 Instantiating ...
0.082 Collected 38 relevant facts at this layer
0.082 Encoding ...
0.085 Attempting to solve formula with 2263 clauses (6419 literals) and 6 assumptions
0.085 Unsolvable at layer 5 -- expanding.
0.085 Iteration 6.
0.085 New layer size: 37
0.085 Instantiating ...
0.156 Collected 54 relevant facts at this layer
0.156 Encoding ...
0.161 Attempting to solve formula with 5456 clauses (15380 literals) and 9 assumptions
0.161 Unsolvable at layer 6 -- expanding.
0.161 Iteration 7.
0.161 New layer size: 77
0.161 Instantiating ...
0.269 Collected 83 relevant facts at this layer
0.269 Encoding ...
0.279 Attempting to solve formula with 11080 clauses (31070 literals) and 13 assumptions
0.279 Unsolvable at layer 7 -- expanding.
0.279 Iteration 8.
0.279 New layer size: 136
0.279 Instantiating ...
0.445 Collected 102 relevant facts at this layer
0.445 Encoding ...
0.461 Attempting to solve formula with 20579 clauses (57465 literals) and 18 assumptions
0.462 Unsolvable at layer 8 -- expanding.
0.462 Iteration 9.
0.462 New layer size: 201
0.462 Instantiating ...
0.682 Collected 102 relevant facts at this layer
0.682 Encoding ...
0.706 Attempting to solve formula with 32103 clauses (89358 literals) and 23 assumptions
0.707 Unsolvable at layer 9 -- expanding.
0.707 Iteration 10.
0.707 New layer size: 271
0.707 Instantiating ...
0.985 Collected 102 relevant facts at this layer
0.985 Encoding ...
1.018 Attempting to solve formula with 45457 clauses (126286 literals) and 28 assumptions
1.019 Unsolvable at layer 10 -- expanding.
1.019 Iteration 11.
1.019 New layer size: 346
1.019 Instantiating ...
1.356 Collected 102 relevant facts at this layer
1.356 Encoding ...
1.393 Attempting to solve formula with 60691 clauses (168349 literals) and 33 assumptions
1.424 Found a solution at layer 11.
==>
12344 put_down guy0 place0 tent0
12352 nop
12425 drive_tent guy1 place0 place1 car0 tent1
13489 drive girl1 place0 place1 car1
13512 put_up guy1 place1 tent1
13515 drive_passenger girl1 place1 place0 car1 guy1
13517 walk_together tent1 place1 guy0 place0 girl0 couple0
13523 walk_together tent1 place1 guy1 place0 girl1 couple1
13527 walk_together tent1 place1 guy2 place0 girl2 couple2
13530 nop
13590 put_down girl1 place1 tent1
13593 drive_passenger guy1 place1 place0 car0 girl1
13596 drive guy1 place0 place1 car0
13599 drive girl1 place0 place1 car1
13604 drive_tent guy1 place1 place2 car1 tent1
14289 drive girl1 place1 place2 car0
14295 put_up guy1 place2 tent1
14298 drive_passenger girl1 place2 place1 car0 guy1
14301 walk_together tent1 place2 guy1 place1 girl1 couple1
14305 walk_together tent1 place2 guy0 place1 girl0 couple0
14309 walk_together tent1 place2 guy2 place1 girl2 couple2
14314 nop
14369 put_down girl1 place2 tent1
14372 drive_passenger guy1 place2 place1 car1 girl1
14375 drive guy1 place1 place2 car1
14378 drive girl1 place1 place2 car0
14384 drive_tent guy1 place2 place3 car0 tent1
14896 drive girl1 place2 place3 car1
14902 put_up guy1 place3 tent1
14905 drive_passenger girl1 place3 place2 car1 guy1
14907 walk_together tent1 place3 guy1 place2 girl1 couple1
14912 walk_together tent1 place3 guy0 place2 girl0 couple0
14917 walk_together tent1 place3 guy2 place2 girl2 couple2
14919 nop
14967 put_down girl1 place3 tent1
14971 drive_passenger guy1 place3 place2 car0 girl1
14974 drive guy1 place2 place3 car0
14977 drive girl1 place2 place3 car1
14979 nop
15067 drive_tent guy1 place3 place4 car0 tent1
15581 drive girl1 place3 place4 car1
15586 put_up guy1 place4 tent1
15589 drive_passenger girl1 place4 place3 car1 guy1
15592 walk_together tent1 place4 guy0 place3 girl0 couple0
15595 walk_together tent1 place4 guy2 place3 girl2 couple2
15600 walk_together tent1 place4 guy1 place3 girl1 couple1
15603 nop
15651 put_down girl1 place4 tent1
15655 drive_passenger guy1 place4 place3 car0 girl1
15658 drive guy1 place3 place4 car0
15661 drive girl1 place3 place4 car1
15663 drive_tent guy1 place4 place5 car1 tent1
16153 drive girl1 place4 place5 car0
16157 put_up guy1 place5 tent1
16160 drive_passenger girl1 place5 place4 car0 guy1
16164 walk_together tent1 place5 guy2 place4 girl2 couple2
16166 walk_together tent1 place5 guy1 place4 girl1 couple1
16171 walk_together tent1 place5 guy0 place4 girl0 couple0
16174 nop
16223 put_down girl1 place5 tent1
16225 drive_passenger guy1 place5 place4 car1 girl1
16229 drive guy1 place4 place5 car1
16232 drive girl1 place4 place5 car0
root 11
11 everyone_go_hiking place5 -> m14_everyone_go_hiking 30 32
30 prepare_trip place0 -> m6_prepare_trip 12343 12351
32 trip_to1 couple1 place5 -> m0_trip_to1 104
104 trip_to2 couple1 place0 place5 -> m2_trip_to2 205 246
205 trip_to2 couple1 place0 place1 -> m3_trip_to2 12425 13489 13512 13515 497 13590 13593 13596 13599
246 trip_to2 couple1 place1 place5 -> m2_trip_to2 637 682
497 walk_everyone tent1 place1 place0 -> m5_walk_everyone 13517 1238
637 trip_to2 couple1 place1 place2 -> m3_trip_to2 13604 14289 14295 14298 1439 14369 14372 14375 14378
682 trip_to2 couple1 place2 place5 -> m2_trip_to2 1578 1624
1238 walk_everyone tent1 place1 place0 -> m5_walk_everyone 13523 2417
1439 walk_everyone tent1 place2 place1 -> m5_walk_everyone 14301 2829
1578 trip_to2 couple1 place2 place3 -> m2_trip_to2 2892 14978
1624 trip_to2 couple1 place3 place5 -> m2_trip_to2 3198 3245
2417 walk_everyone tent1 place1 place0 -> m5_walk_everyone 13527 13529
2829 walk_everyone tent1 place2 place1 -> m5_walk_everyone 14305 4775
2892 trip_to2 couple1 place2 place3 -> m3_trip_to2 14384 14896 14902 14905 5023 14967 14971 14974 14977
3198 trip_to2 couple1 place3 place4 -> m3_trip_to2 15067 15581 15586 15589 5455 15651 15655 15658 15661
3245 trip_to2 couple1 place4 place5 -> m3_trip_to2 15663 16153 16157 16160 5789 16223 16225 16229 16232
4775 walk_everyone tent1 place2 place1 -> m5_walk_everyone 14309 14313
5023 walk_everyone tent1 place3 place2 -> m5_walk_everyone 14907 7942
5455 walk_everyone tent1 place4 place3 -> m5_walk_everyone 15592 8452
5789 walk_everyone tent1 place5 place4 -> m5_walk_everyone 16164 8861
7942 walk_everyone tent1 place3 place2 -> m5_walk_everyone 14912 11201
8452 walk_everyone tent1 place4 place3 -> m5_walk_everyone 15595 11796
8861 walk_everyone tent1 place5 place4 -> m5_walk_everyone 16166 12284
11201 walk_everyone tent1 place3 place2 -> m5_walk_everyone 14917 14918
11796 walk_everyone tent1 place4 place3 -> m5_walk_everyone 15600 15602
12284 walk_everyone tent1 place5 place4 -> m5_walk_everyone 16171 16173
12343 bring_tent place0 -> m10_bring_tent 12344
12351 bring_cars place0 -> m11_bring_cars 12352
13529 walk_everyone tent1 place1 place0 -> m4_walk_everyone 13530
14313 walk_everyone tent1 place2 place1 -> m4_walk_everyone 14314
14918 walk_everyone tent1 place3 place2 -> m4_walk_everyone 14919
14978 trip_to2 couple1 place3 place3 -> m1_trip_to2 14979
15602 walk_everyone tent1 place4 place3 -> m4_walk_everyone 15603
16173 walk_everyone tent1 place5 place4 -> m4_walk_everyone 16174
<==
1.433 End of solution plan. (counted length of 63)
1.433 Total amount of clauses encoded: 60691
1.433 - directframeaxioms : 23166 cls
1.433 - qfactsemantics : 9080 cls
1.433 - indirectframeaxioms : 6891 cls
1.433 - reductionconstraints : 5824 cls
1.433 - substitutionconstraints : 3064 cls
1.433 - qconstequality : 3024 cls
1.433 - expansions : 2725 cls
1.433 - predecessors : 2343 cls
1.433 - atmostoneelement : 1851 cls
1.433 - actionconstraints : 1339 cls
1.433 - actioneffects : 1274 cls
1.433 - truefacts : 102 cls
1.433 - forbiddenoperations : 6 cls
1.433 - axiomaticops : 2 cls
1.433 # instantiated positions: 1102
1.433 # instantiated actions: 2237
1.433 # instantiated reductions: 183
1.433 # introduced pseudo-constants: 482
1.433 # retroactive prunings: 22
1.433 # retroactively pruned operations: 40
1.433 # dominated operations: 0
1.433 # total invalid rigid preconditions found in getPFC: 1362
1.433 # invalid rigid preconditions found in getPFC: 1274
1.433 # invalid rigid preconditions found in getPFC in varrestrictions: 88
1.433 # total invalid fluent preconditions found in getPFC: 0
1.433 # invalid fluent preconditions found in getPFC: 0
1.433 # invalid fluent preconditions found in getPFC in varrestrictions: 0
1.433 # invalid fluent preconditions found in getPFC via postconditions: 0
1.433 # invalid operations found in getPFC via subtasks: 21
1.433 # invalid operations found in getPFC via postconditions: 0
1.433 # number effects in operation fact_frames: 242
1.433 # number of variables restricted: 15201
1.433 # number of nodes variables restricted: 4473
1.433 Exiting happily.

RUNWATCH_RESULT EXIT RETVAL 0 TIME_SECS 1.44238 MEMPEAK_KBS 34016
