    _           _         _
   \ |         \ |       | |                       
   | |     __  | |      _| |______                
   | |     \/  | |     /_   ______\                
   | |      _  | |   __  | |  ___   ___   ___       
   | |___  | | | |  / .\ | | / , | |   \ / ·_\    
   \_____\ |_| |__\ \__/ |_| \___) |_|_| \___\  
[39mL i l o t a n e  version rls-cadical
by Dominik Schreiber <dominik.schreiber@kit.edu> 2020-2021
using SAT solver cadical

0.004 Parser finished.
0.004 Structures extracted.
0.005 20 operators and 13 methods created.
0.011 Mined 7 new reduction preconditions (+53.8%).
0.011 Iteration 0.
0.011 Creating initial layer of size 2
0.013 Attempting to solve formula with 13 clauses (18 literals) and 1 assumptions
0.013 Unsolvable at layer 0 -- expanding.
0.013 Iteration 1.
0.013 New layer size: 6
0.013 Instantiating ...
0.015 Collected 12 relevant facts at this layer
0.015 Encoding ...
0.016 Attempting to solve formula with 178 clauses (415 literals) and 4 assumptions
0.016 Unsolvable at layer 1 -- expanding.
0.016 Iteration 2.
0.016 New layer size: 10
0.016 Instantiating ...
0.018 Collected 24 relevant facts at this layer
0.018 Encoding ...
0.018 Attempting to solve formula with 368 clauses (839 literals) and 4 assumptions
0.018 Unsolvable at layer 2 -- expanding.
0.018 Iteration 3.
0.018 New layer size: 14
0.018 Instantiating ...
0.022 Collected 30 relevant facts at this layer
0.022 Encoding ...
0.023 Attempting to solve formula with 1291 clauses (3559 literals) and 4 assumptions
0.023 Unsolvable at layer 3 -- expanding.
0.023 Iteration 4.
0.023 New layer size: 21
0.023 Instantiating ...
0.027 Collected 30 relevant facts at this layer
0.027 Encoding ...
0.029 Attempting to solve formula with 2251 clauses (6194 literals) and 7 assumptions
0.029 Unsolvable at layer 4 -- expanding.
0.029 Iteration 5.
0.029 New layer size: 21
0.029 Instantiating ...
0.035 Collected 30 relevant facts at this layer
0.035 Encoding ...
0.036 Attempting to solve formula with 2843 clauses (7862 literals) and 7 assumptions
0.036 Unsolvable at layer 5 -- expanding.
0.036 Iteration 6.
0.036 New layer size: 28
0.036 Instantiating ...
0.042 Collected 30 relevant facts at this layer
0.042 Encoding ...
0.044 Attempting to solve formula with 4015 clauses (11021 literals) and 7 assumptions
0.044 Unsolvable at layer 6 -- expanding.
0.044 Iteration 7.
0.044 New layer size: 35
0.044 Instantiating ...
0.054 Collected 30 relevant facts at this layer
0.054 Encoding ...
0.058 Attempting to solve formula with 6696 clauses (19537 literals) and 7 assumptions
0.059 Found a solution at layer 7.
==>
1078 switch_on instrument3 satellite1
1080 nop
1091 nop
1129 calibrate satellite1 instrument3 Star0
1134 turn_to satellite1 Star3 Star0
1136 take_image satellite1 Star3 instrument3 infrared0
1140 nop
1259 turn_to satellite1 Star4 Star3
1262 take_image satellite1 Star4 instrument3 spectrograph2
1266 switch_on instrument0 satellite0
1270 nop
1283 turn_to satellite0 Star1 Star4
1322 calibrate satellite0 instrument0 Star1
1386 turn_to satellite0 Phenomenon5 Star1
1388 take_image satellite0 Phenomenon5 instrument0 spectrograph2
1390 nop
1512 turn_to satellite1 Phenomenon7 Star4
1514 take_image satellite1 Phenomenon7 instrument3 spectrograph2
1517 nop
root 15 30 47 64 1516
15 do_mission Star3 infrared0 -> m0_do_mission 112 1136
30 do_mission Star4 spectrograph2 -> m0_do_mission 151 1262
47 do_mission Phenomenon5 spectrograph2 -> m0_do_mission 178 1388
64 do_mission Phenomenon7 spectrograph2 -> m0_do_mission 205 1514
112 do_prepare satellite1 instrument3 Star3 -> m1_do_prepare 237 1133
151 do_prepare satellite1 instrument3 Star4 -> m1_do_prepare 1139 1258
178 do_prepare satellite0 instrument0 Phenomenon5 -> m1_do_prepare 349 1385
205 do_prepare satellite1 instrument3 Phenomenon7 -> m1_do_prepare 1389 1511
237 do_switching satellite1 instrument3 -> m3_do_switching 1078 724
349 do_switching satellite0 instrument0 -> m3_do_switching 1266 756
724 do_calibration satellite1 instrument3 Star0 -> m5_do_calibration 792 1129
756 do_calibration satellite0 instrument0 Star1 -> m5_do_calibration 918 1322
792 do_prepare satellite1 instrument3 Star0 -> m1_do_prepare 1079 1090
918 do_prepare satellite0 instrument0 Star1 -> m1_do_prepare 1269 1282
1079 do_switching satellite1 instrument3 -> m4_do_switching 1080
1090 do_turning satellite1 Star0 -> m9_do_turning 1091
1133 do_turning satellite1 Star3 -> m8_do_turning 1134
1139 do_switching satellite1 instrument3 -> m4_do_switching 1140
1258 do_turning satellite1 Star4 -> m8_do_turning 1259
1269 do_switching satellite0 instrument0 -> m4_do_switching 1270
1282 do_turning satellite0 Star1 -> m8_do_turning 1283
1385 do_turning satellite0 Phenomenon5 -> m8_do_turning 1386
1389 do_switching satellite1 instrument3 -> m4_do_switching 1390
1511 do_turning satellite1 Phenomenon7 -> m8_do_turning 1512
1516 do_turning satellite0 Phenomenon5 -> m9_do_turning 1517
<==
0.060 End of solution plan. (counted length of 19)
0.060 Total amount of clauses encoded: 6696
0.060 - directframeaxioms : 2544 cls
0.060 - qfactsemantics : 1023 cls
0.060 - indirectframeaxioms : 777 cls
0.060 - actionconstraints : 507 cls
0.060 - reductionconstraints : 394 cls
0.060 - substitutionconstraints : 393 cls
0.060 - predecessors : 284 cls
0.060 - expansions : 268 cls
0.060 - atmostoneelement : 245 cls
0.060 - qconstequality : 168 cls
0.060 - actioneffects : 61 cls
0.060 - truefacts : 30 cls
0.060 - axiomaticops : 2 cls
0.060 # instantiated positions: 136
0.060 # instantiated actions: 235
0.060 # instantiated reductions: 50
0.060 # introduced pseudo-constants: 37
0.060 # retroactive prunings: 1
0.060 # retroactively pruned operations: 1
0.060 # dominated operations: 0
0.060 # total invalid rigid preconditions found in getPFC: 0
0.060 # invalid rigid preconditions found in getPFC: 0
0.060 # invalid rigid preconditions found in getPFC in varrestrictions: 0
0.060 # total invalid fluent preconditions found in getPFC: 30
0.060 # invalid fluent preconditions found in getPFC: 4
0.060 # invalid fluent preconditions found in getPFC in varrestrictions: 0
0.060 # invalid fluent preconditions found in getPFC via postconditions: 26
0.060 # invalid operations found in getPFC via subtasks: 0
0.060 # invalid operations found in getPFC via postconditions: 1
0.060 # number effects in operation fact_frames: 95
0.060 # number of variables restricted: 57
0.060 # number of nodes variables restricted: 51
0.060 Exiting happily.

RUNWATCH_RESULT EXIT RETVAL 0 TIME_SECS 0.0683594 MEMPEAK_KBS 680
