    _           _         _
   \ |         \ |       | |                       
   | |     __  | |      _| |______                
   | |     \/  | |     /_   ______\                
   | |      _  | |   __  | |  ___   ___   ___       
   | |___  | | | |  / .\ | | / , | |   \ / ·_\    
   \_____\ |_| |__\ \__/ |_| \___) |_|_| \___\  
[39mL i l o t a n e  version rls-glucose4
by Dominik Schreiber <dominik.schreiber@kit.edu> 2020-2021
using SAT solver glucose4

0.013 Parser finished.
0.013 Structures extracted.
0.014 20 operators and 16 methods created.
0.046 Mined 11 new reduction preconditions (+11.0%).
0.046 Iteration 0.
0.046 Creating initial layer of size 2
0.339 Attempting to solve formula with 161 clauses (240 literals) and 1 assumptions
0.339 Unsolvable at layer 0 -- expanding.
0.339 Iteration 1.
0.339 New layer size: 7
0.339 Instantiating ...
1.678 Collected 5180 relevant facts at this layer
1.678 Encoding ...
1.771 Attempting to solve formula with 105458 clauses (327630 literals) and 6 assumptions
1.773 Unsolvable at layer 1 -- expanding.
1.773 Iteration 2.
1.773 New layer size: 13
1.773 Instantiating ...
4.487 Collected 5542 relevant facts at this layer
4.487 Encoding ...
4.793 Attempting to solve formula with 384356 clauses (1282866 literals) and 6 assumptions
4.793 Unsolvable at layer 2 -- expanding.
4.793 Iteration 3.
4.793 New layer size: 31
4.793 Instantiating ...
8.745 Collected 5606 relevant facts at this layer
8.745 Encoding ...
9.553 Attempting to solve formula with 972171 clauses (3298430 literals) and 12 assumptions
9.579 Unsolvable at layer 3 -- expanding.
9.579 Iteration 4.
9.579 New layer size: 55
9.579 Instantiating ...
16.331 Collected 5606 relevant facts at this layer
16.331 Encoding ...
17.714 Attempting to solve formula with 1891259 clauses (6454269 literals) and 18 assumptions
17.743 Unsolvable at layer 4 -- expanding.
17.743 Iteration 5.
17.743 New layer size: 97
17.743 Instantiating ...
28.784 Collected 5606 relevant facts at this layer
28.784 Encoding ...
31.184 Attempting to solve formula with 3436911 clauses (11769097 literals) and 30 assumptions
31.224 Unsolvable at layer 5 -- expanding.
31.224 Iteration 6.
31.224 New layer size: 163
31.224 Instantiating ...
49.372 Collected 5606 relevant facts at this layer
49.372 Encoding ...
53.140 Attempting to solve formula with 5935892 clauses (20366611 literals) and 48 assumptions
53.247 Unsolvable at layer 6 -- expanding.
53.247 Iteration 7.
53.247 New layer size: 271
53.247 Instantiating ...
83.483 Collected 5606 relevant facts at this layer
83.483 Encoding ...
89.702 Attempting to solve formula with 10014637 clauses (34405040 literals) and 78 assumptions
90.095 Unsolvable at layer 7 -- expanding.
90.096 Iteration 8.
90.096 New layer size: 445
90.096 Instantiating ...
138.588 Collected 5606 relevant facts at this layer
138.588 Encoding ...
149.068 Attempting to solve formula with 16626474 clauses (57167067 literals) and 126 assumptions
149.376 Unsolvable at layer 8 -- expanding.
149.376 Iteration 9.
149.376 New layer size: 727
149.376 Instantiating ...
228.613 Collected 5606 relevant facts at this layer
228.613 Encoding ...
246.250 Attempting to solve formula with 27351167 clauses (94093607 literals) and 204 assumptions
246.876 Unsolvable at layer 9 -- expanding.
246.876 Iteration 10.
246.876 New layer size: 1183
246.876 Instantiating ...
379.363 Collected 5606 relevant facts at this layer
379.363 Encoding ...
413.027 Attempting to solve formula with 44721808 clauses (153908258 literals) and 330 assumptions
414.903 Unsolvable at layer 10 -- expanding.
414.903 Iteration 11.
414.905 New layer size: 1921
414.905 Instantiating ...
583.051 Termination signal caught.
583.051 Total amount of clauses encoded: 44721808
583.051 - directframeaxioms : 18260374 cls
583.051 - qfactsemantics : 11853476 cls
583.051 - indirectframeaxioms : 9201982 cls
583.051 - reductionconstraints : 4663014 cls
583.051 - actionconstraints : 310956 cls
583.051 - qconstequality : 178994 cls
583.051 - substitutionconstraints : 141611 cls
583.051 - atmostoneelement : 55682 cls
583.051 - expansions : 21515 cls
583.051 - predecessors : 18131 cls
583.051 - actioneffects : 10465 cls
583.051 - truefacts : 5606 cls
583.051 - axiomaticops : 2 cls
583.051 # instantiated positions: 4358
583.051 # instantiated actions: 17967
583.051 # instantiated reductions: 8463
583.051 # introduced pseudo-constants: 4011
583.051 # retroactive prunings: 0
583.051 # retroactively pruned operations: 0
583.051 # dominated operations: 2
583.051 # total invalid rigid preconditions found in getPFC: 0
583.051 # invalid rigid preconditions found in getPFC: 0
583.051 # invalid rigid preconditions found in getPFC in varrestrictions: 0
583.051 # total invalid fluent preconditions found in getPFC: 65
583.051 # invalid fluent preconditions found in getPFC: 56
583.051 # invalid fluent preconditions found in getPFC in varrestrictions: 9
583.051 # invalid fluent preconditions found in getPFC via postconditions: 0
583.051 # invalid subtasks found in getPFC: 0
583.051 # number effects in operation fact_frames: 234
583.051 # number of variables restricted: 7111353
583.051 Exiting happily.

RUNWATCH_RESULT MEMOUT RETVAL 0 TIME_SECS 583.941 MEMPEAK_KBS 16042616
