    _           _         _
   \ |         \ |       | |                       
   | |     __  | |      _| |______                
   | |     \/  | |     /_   ______\                
   | |      _  | |   __  | |  ___   ___   ___       
   | |___  | | | |  / .\ | | / , | |   \ / ·_\    
   \_____\ |_| |__\ \__/ |_| \___) |_|_| \___\  
[39mL i l o t a n e  version rls-glucose4
by Dominik Schreiber <dominik.schreiber@kit.edu> 2020-2021
using SAT solver glucose4

0.008 Parser finished.
0.008 Structures extracted.
0.009 27 operators and 21 methods created.
0.198 Mined 7 new reduction preconditions (+11.5%).
0.198 Iteration 0.
0.198 Creating initial layer of size 2
2.189 Attempting to solve formula with 43 clauses (63 literals) and 1 assumptions
2.189 Unsolvable at layer 0 -- expanding.
2.189 Iteration 1.
2.189 New layer size: 2
2.189 Instantiating ...
4.609 Collected 20 relevant facts at this layer
4.609 Encoding ...
4.612 Attempting to solve formula with 1882 clauses (3956 literals) and 1 assumptions
4.612 Unsolvable at layer 1 -- expanding.
4.612 Iteration 2.
4.612 New layer size: 3
4.612 Instantiating ...
12.517 Collected 60 relevant facts at this layer
12.517 Encoding ...
12.521 Attempting to solve formula with 3615 clauses (7617 literals) and 2 assumptions
12.521 Unsolvable at layer 2 -- expanding.
12.521 Iteration 3.
12.521 New layer size: 4
12.521 Instantiating ...
12.527 Retroactively prune action (__SURROGATE*m7_bring_tent*drive_tent* place0 Q_3,0_person:0_ad52847d1bf8e022 Q_3,0_place:0_cc510662200da4d3 Q_3,0_car:0_7fb0c2879ba12e2a Q_3,0_tent:0_4a9c00ba5e608c83) due to impossible effect !(at_car Q_3,0_car:0_7fb0c2879ba12e2a Q_3,0_place:0_cc510662200da4d3)
23.990 Collected 84 relevant facts at this layer
23.990 Encoding ...
23.994 Attempting to solve formula with 9309 clauses (19806 literals) and 3 assumptions
23.994 Unsolvable at layer 3 -- expanding.
23.994 Iteration 4.
23.994 New layer size: 7
23.994 Instantiating ...
42.423 Collected 125 relevant facts at this layer
42.423 Encoding ...
42.431 Attempting to solve formula with 15537 clauses (35199 literals) and 3 assumptions
42.431 Unsolvable at layer 4 -- expanding.
42.431 Iteration 5.
42.431 New layer size: 17
42.431 Instantiating ...
73.425 Collected 323 relevant facts at this layer
73.425 Encoding ...
73.446 Attempting to solve formula with 33622 clauses (85876 literals) and 6 assumptions
73.447 Unsolvable at layer 5 -- expanding.
73.447 Iteration 6.
73.447 New layer size: 37
73.447 Instantiating ...
131.738 Collected 525 relevant facts at this layer
131.738 Encoding ...
131.803 Attempting to solve formula with 78084 clauses (217564 literals) and 12 assumptions
131.804 Unsolvable at layer 6 -- expanding.
131.804 Iteration 7.
131.804 New layer size: 77
131.804 Instantiating ...
244.259 Collected 727 relevant facts at this layer
244.259 Encoding ...
244.404 Attempting to solve formula with 181361 clauses (530333 literals) and 24 assumptions
244.406 Unsolvable at layer 7 -- expanding.
244.406 Iteration 8.
244.406 New layer size: 157
244.406 Instantiating ...
464.727 Collected 929 relevant facts at this layer
464.727 Encoding ...
465.074 Attempting to solve formula with 412353 clauses (1235687 literals) and 48 assumptions
465.087 Unsolvable at layer 8 -- expanding.
465.087 Iteration 9.
465.087 New layer size: 317
465.087 Instantiating ...
901.575 Collected 1131 relevant facts at this layer
901.575 Encoding ...
902.469 Attempting to solve formula with 916944 clauses (2779235 literals) and 96 assumptions
902.490 Unsolvable at layer 9 -- expanding.
902.490 Iteration 10.
902.490 New layer size: 637
902.490 Instantiating ...
1771.242 Collected 1333 relevant facts at this layer
1771.242 Encoding ...
1773.042 Attempting to solve formula with 2003090 clauses (6097576 literals) and 192 assumptions
1773.103 Unsolvable at layer 10 -- expanding.
1773.103 Iteration 11.
1773.104 New layer size: 1277
1773.104 Instantiating ...
1804.585 Termination signal caught.
1804.585 Total amount of clauses encoded: 2003090
1804.585 - directframeaxioms : 862688 cls
1804.585 - reductionconstraints : 508264 cls
1804.585 - indirectframeaxioms : 304230 cls
1804.585 - qfactsemantics : 240340 cls
1804.585 - substitutionconstraints : 37384 cls
1804.585 - qconstequality : 28914 cls
1804.585 - actionconstraints : 7074 cls
1804.585 - expansions : 4060 cls
1804.585 - predecessors : 3188 cls
1804.585 - atmostoneelement : 3048 cls
1804.585 - actioneffects : 2565 cls
1804.585 - truefacts : 1333 cls
1804.585 - axiomaticops : 2 cls
1804.585 # instantiated positions: 1280
1804.585 # instantiated actions: 2732
1804.585 # instantiated reductions: 522
1804.585 # introduced pseudo-constants: 1320
1804.585 # retroactive prunings: 1
1804.585 # retroactively pruned operations: 1
1804.585 # dominated operations: 0
1804.585 # total invalid rigid preconditions found in getPFC: 128852
1804.585 # invalid rigid preconditions found in getPFC: 128852
1804.585 # invalid rigid preconditions found in getPFC in varrestrictions: 0
1804.585 # total invalid fluent preconditions found in getPFC: 0
1804.585 # invalid fluent preconditions found in getPFC: 0
1804.585 # invalid fluent preconditions found in getPFC in varrestrictions: 0
1804.585 # invalid fluent preconditions found in getPFC via postconditions: 0
1804.585 # invalid subtasks found in getPFC: 0
1804.585 # number effects in operation fact_frames: 242
1804.585 Exiting happily.

RUNWATCH_RESULT TIMEOUT RETVAL 0 TIME_SECS 1804.69 MEMPEAK_KBS 1389856
