    _           _         _
   \ |         \ |       | |                       
   | |     __  | |      _| |______                
   | |     \/  | |     /_   ______\                
   | |      _  | |   __  | |  ___   ___   ___       
   | |___  | | | |  / .\ | | / , | |   \ / ·_\    
   \_____\ |_| |__\ \__/ |_| \___) |_|_| \___\  
[39mL i l o t a n e  version rls-glucose4
by Dominik Schreiber <dominik.schreiber@kit.edu> 2020-2021
using SAT solver glucose4

0.018 Parser finished.
0.018 Structures extracted.
0.020 72 operators and 56 methods created.
0.199 Mined 27 new reduction preconditions (+39.7%).
0.199 Iteration 0.
0.199 Creating initial layer of size 2
0.875 Attempting to solve formula with 3 clauses (3 literals) and 1 assumptions
0.875 Unsolvable at layer 0 -- expanding.
0.875 Iteration 1.
0.875 New layer size: 33
0.875 Instantiating ...
1.625 Collected 93 relevant facts at this layer
1.625 Encoding ...
1.663 Attempting to solve formula with 6394 clauses (18581 literals) and 32 assumptions
1.664 Unsolvable at layer 1 -- expanding.
1.664 Iteration 2.
1.664 New layer size: 65
1.664 Instantiating ...
11.228 Collected 745 relevant facts at this layer
11.228 Encoding ...
11.334 Attempting to solve formula with 75351 clauses (204204 literals) and 32 assumptions
11.334 Unsolvable at layer 2 -- expanding.
11.334 Iteration 3.
11.334 New layer size: 97
11.334 Instantiating ...
35.813 Collected 1194 relevant facts at this layer
35.813 Encoding ...
35.959 Attempting to solve formula with 146913 clauses (398906 literals) and 64 assumptions
35.959 Unsolvable at layer 3 -- expanding.
35.959 Iteration 4.
35.959 New layer size: 129
35.959 Instantiating ...
35.963 Retroactively prune reduction (_splitting_method_DO-AT-LOAD-AIRPLANE0_splitted_2 OBJ102 Q_3,0_AIRPLANE:0_8bd8e2e11a122f53 POS10)@(3,0): no children at offset 0
36.380 Retroactively prune reduction (M15-ACHIEVE-AT0 Q_3,1_AIRPLANE:0_8bd8e2e11a122f53 OBJ102 POS11)@(3,1): no children at offset 0
72.545 Collected 1215 relevant facts at this layer
72.545 Encoding ...
72.757 Attempting to solve formula with 239404 clauses (643193 literals) and 96 assumptions
72.757 Unsolvable at layer 4 -- expanding.
72.757 Iteration 5.
72.757 New layer size: 225
72.757 Instantiating ...
121.866 Collected 2790 relevant facts at this layer
121.866 Encoding ...
122.817 Attempting to solve formula with 811754 clauses (2503347 literals) and 128 assumptions
122.817 Unsolvable at layer 5 -- expanding.
122.817 Iteration 6.
122.817 New layer size: 353
122.817 Instantiating ...
185.306 Collected 2790 relevant facts at this layer
185.306 Encoding ...
187.096 Attempting to solve formula with 1820655 clauses (5882552 literals) and 160 assumptions
187.097 Unsolvable at layer 6 -- expanding.
187.097 Iteration 7.
187.098 New layer size: 513
187.098 Instantiating ...
263.717 Collected 2790 relevant facts at this layer
263.717 Encoding ...
266.331 Attempting to solve formula with 3188487 clauses (10534099 literals) and 192 assumptions
267.452 Unsolvable at layer 7 -- expanding.
267.452 Iteration 8.
267.452 New layer size: 705
267.452 Instantiating ...
357.672 Collected 2790 relevant facts at this layer
357.672 Encoding ...
361.769 Attempting to solve formula with 4899353 clauses (16441036 literals) and 224 assumptions
361.865 Unsolvable at layer 8 -- expanding.
361.865 Iteration 9.
361.866 New layer size: 929
361.866 Instantiating ...
466.362 Collected 2790 relevant facts at this layer
466.362 Encoding ...
471.748 Attempting to solve formula with 6918192 clauses (23428322 literals) and 256 assumptions
472.106 Unsolvable at layer 9 -- expanding.
472.106 Iteration 10.
472.106 New layer size: 1185
472.106 Instantiating ...
590.922 Collected 2790 relevant facts at this layer
590.922 Encoding ...
597.582 Attempting to solve formula with 9244130 clauses (31490681 literals) and 288 assumptions
597.988 Unsolvable at layer 10 -- expanding.
597.988 Iteration 11.
597.989 New layer size: 1473
597.989 Instantiating ...
731.680 Collected 2790 relevant facts at this layer
731.680 Encoding ...
740.005 Attempting to solve formula with 11877307 clauses (40627390 literals) and 320 assumptions
740.621 Unsolvable at layer 11 -- expanding.
740.621 Iteration 12.
740.623 New layer size: 1793
740.623 Instantiating ...
892.177 Collected 2790 relevant facts at this layer
892.177 Encoding ...
902.717 Attempting to solve formula with 14818363 clauses (50839729 literals) and 352 assumptions
c
c Try to adapt solver strategies
c 
c Nothing extreme in this problem, continue with glucose default strategies.
c
1802.770 Termination signal caught.
1802.770 Total amount of clauses encoded: 14818363
1802.770 - directframeaxioms : 6011998 cls
1802.770 - qfactsemantics : 3559305 cls
1802.770 - indirectframeaxioms : 3465146 cls
1802.770 - reductionconstraints : 1260040 cls
1802.770 - atmostoneelement : 185013 cls
1802.770 - actionconstraints : 84954 cls
1802.770 - qconstequality : 66165 cls
1802.770 - substitutionconstraints : 65368 cls
1802.770 - expansions : 51566 cls
1802.770 - predecessors : 49753 cls
1802.770 - actioneffects : 11205 cls
1802.770 - qtypeconstraints : 5055 cls
1802.770 - truefacts : 2790 cls
1802.770 - forbiddenoperations : 3 cls
1802.770 - axiomaticops : 2 cls
1802.770 # instantiated positions: 7501
1802.770 # instantiated actions: 38568
1802.770 # instantiated reductions: 11186
1802.770 # introduced pseudo-constants: 6147
1802.770 # retroactive prunings: 4
1802.770 # retroactively pruned operations: 5
1802.770 # dominated operations: 0
1802.770 # total invalid rigid preconditions found in getPFC: 0
1802.770 # invalid rigid preconditions found in getPFC: 0
1802.770 # invalid rigid preconditions found in getPFC in varrestrictions: 0
1802.770 # total invalid fluent preconditions found in getPFC: 172
1802.770 # invalid fluent preconditions found in getPFC: 44
1802.770 # invalid fluent preconditions found in getPFC in varrestrictions: 128
1802.770 # invalid fluent preconditions found in getPFC via postconditions: 0
1802.770 # invalid subtasks found in getPFC: 0
1802.770 # number effects in operation fact_frames: 670
1802.770 Exiting happily.

RUNWATCH_RESULT TIMEOUT RETVAL 0 TIME_SECS 1803.22 MEMPEAK_KBS 8540344
