    _           _         _
   \ |         \ |       | |                       
   | |     __  | |      _| |______                
   | |     \/  | |     /_   ______\                
   | |      _  | |   __  | |  ___   ___   ___       
   | |___  | | | |  / .\ | | / , | |   \ / ·_\    
   \_____\ |_| |__\ \__/ |_| \___) |_|_| \___\  
[39mL i l o t a n e  version rls-glucose4
by Dominik Schreiber <dominik.schreiber@kit.edu> 2020-2021
using SAT solver glucose4

0.024 Parser finished.
0.024 Structures extracted.
0.025 23 operators and 15 methods created.
0.097 Mined 9 new reduction preconditions (+36.0%).
0.097 Iteration 0.
0.097 Creating initial layer of size 2
0.543 Attempting to solve formula with 145 clauses (216 literals) and 1 assumptions
0.543 Unsolvable at layer 0 -- expanding.
0.543 Iteration 1.
0.543 New layer size: 72
0.543 Instantiating ...
6.617 Collected 1051 relevant facts at this layer
6.617 Encoding ...
6.764 Attempting to solve formula with 28253 clauses (63967 literals) and 71 assumptions
6.766 Unsolvable at layer 1 -- expanding.
6.766 Iteration 2.
6.766 New layer size: 285
6.766 Instantiating ...
15.135 Collected 2499 relevant facts at this layer
15.135 Encoding ...
16.748 Attempting to solve formula with 1498717 clauses (4484301 literals) and 202 assumptions
16.750 Unsolvable at layer 2 -- expanding.
16.750 Iteration 3.
16.751 New layer size: 772
16.751 Instantiating ...
28.061 Collected 2654 relevant facts at this layer
28.061 Encoding ...
32.651 Attempting to solve formula with 5305810 clauses (16623266 literals) and 317 assumptions
32.658 Unsolvable at layer 3 -- expanding.
32.658 Iteration 4.
32.659 New layer size: 1345
32.659 Instantiating ...
47.896 Collected 2654 relevant facts at this layer
47.896 Encoding ...
55.588 Attempting to solve formula with 10374781 clauses (33658065 literals) and 421 assumptions
55.974 Unsolvable at layer 4 -- expanding.
55.974 Iteration 5.
55.976 New layer size: 2035
55.976 Instantiating ...
75.221 Collected 2654 relevant facts at this layer
75.221 Encoding ...
86.554 Attempting to solve formula with 16935876 clauses (55795011 literals) and 460 assumptions
87.555 Unsolvable at layer 5 -- expanding.
87.555 Iteration 6.
87.556 New layer size: 2725
87.556 Instantiating ...
110.867 Collected 2654 relevant facts at this layer
110.867 Encoding ...
124.962 Attempting to solve formula with 23565825 clauses (78160946 literals) and 460 assumptions
125.724 Unsolvable at layer 6 -- expanding.
125.724 Iteration 7.
125.725 New layer size: 3415
125.725 Instantiating ...
152.395 Collected 2654 relevant facts at this layer
152.395 Encoding ...
168.981 Attempting to solve formula with 30202844 clauses (100541429 literals) and 460 assumptions
171.678 Unsolvable at layer 7 -- expanding.
171.678 Iteration 8.
171.679 New layer size: 4105
171.679 Instantiating ...
188.021 Termination signal caught.
188.022 Total amount of clauses encoded: 30202844
188.022 - directframeaxioms : 15603572 cls
188.022 - indirectframeaxioms : 7130268 cls
188.022 - qfactsemantics : 5918239 cls
188.022 - reductionconstraints : 970522 cls
188.022 - qconstequality : 206748 cls
188.022 - substitutionconstraints : 132999 cls
188.022 - actionconstraints : 114817 cls
188.022 - expansions : 39739 cls
188.022 - atmostoneelement : 39422 cls
188.022 - predecessors : 30423 cls
188.022 - actioneffects : 13439 cls
188.022 - truefacts : 2654 cls
188.022 - axiomaticops : 2 cls
188.022 # instantiated positions: 12942
188.022 # instantiated actions: 33579
188.022 # instantiated reductions: 3158
188.022 # introduced pseudo-constants: 5694
188.022 # retroactive prunings: 0
188.022 # retroactively pruned operations: 0
188.022 # dominated operations: 193
188.022 # total invalid rigid preconditions found in getPFC: 0
188.022 # invalid rigid preconditions found in getPFC: 0
188.022 # invalid rigid preconditions found in getPFC in varrestrictions: 0
188.022 # total invalid fluent preconditions found in getPFC: 209
188.022 # invalid fluent preconditions found in getPFC: 199
188.022 # invalid fluent preconditions found in getPFC in varrestrictions: 1
188.022 # invalid fluent preconditions found in getPFC via postconditions: 9
188.022 # invalid subtasks found in getPFC: 0
188.022 # number effects in operation fact_frames: 1003
188.022 Exiting happily.

RUNWATCH_RESULT MEMOUT RETVAL 0 TIME_SECS 188.981 MEMPEAK_KBS 16046060
