    _           _         _
   \ |         \ |       | |                       
   | |     __  | |      _| |______                
   | |     \/  | |     /_   ______\                
   | |      _  | |   __  | |  ___   ___   ___       
   | |___  | | | |  / .\ | | / , | |   \ / ·_\    
   \_____\ |_| |__\ \__/ |_| \___) |_|_| \___\  
[39mL i l o t a n e  version rls-glucose4
by Dominik Schreiber <dominik.schreiber@kit.edu> 2020-2021
using SAT solver glucose4

0.018 Parser finished.
0.018 Structures extracted.
0.019 9 operators and 7 methods created.
0.026 Mined 12 new reduction preconditions (+inf%).
0.026 Iteration 0.
0.026 Creating initial layer of size 2
0.050 Attempting to solve formula with 3 clauses (3 literals) and 1 assumptions
0.050 Unsolvable at layer 0 -- expanding.
0.050 Iteration 1.
0.050 New layer size: 71
0.050 Instantiating ...
0.727 Collected 0 relevant facts at this layer
0.727 Encoding ...
0.752 Attempting to solve formula with 28845 clauses (81137 literals) and 70 assumptions
0.753 Unsolvable at layer 1 -- expanding.
0.753 Iteration 2.
0.753 New layer size: 281
0.753 Instantiating ...
1.873 Collected 1043 relevant facts at this layer
1.873 Encoding ...
2.677 Attempting to solve formula with 605625 clauses (2343351 literals) and 140 assumptions
2.695 Unsolvable at layer 2 -- expanding.
2.695 Iteration 3.
2.696 New layer size: 421
2.696 Instantiating ...
4.283 Collected 1043 relevant facts at this layer
4.283 Encoding ...
5.918 Attempting to solve formula with 1533995 clauses (6067744 literals) and 140 assumptions
5.924 Unsolvable at layer 3 -- expanding.
5.924 Iteration 4.
5.925 New layer size: 561
5.925 Instantiating ...
8.010 Collected 1043 relevant facts at this layer
8.010 Encoding ...
10.461 Attempting to solve formula with 2724197 clauses (10977510 literals) and 140 assumptions
c
c Try to adapt solver strategies
c 
c Nothing extreme in this problem, continue with glucose default strategies.
c
157.548 Unsolvable at layer 4 -- expanding.
157.548 Iteration 5.
157.549 New layer size: 701
157.549 Instantiating ...
160.476 Collected 1043 relevant facts at this layer
160.476 Encoding ...
163.360 Attempting to solve formula with 4180149 clauses (17248085 literals) and 140 assumptions
1800.092 Termination signal caught.
1800.092 Total amount of clauses encoded: 4180149
1800.092 - indirectframeaxioms : 2131871 cls
1800.092 - directframeaxioms : 764680 cls
1800.092 - qfactsemantics : 671062 cls
1800.092 - reductionconstraints : 224738 cls
1800.092 - actionconstraints : 222886 cls
1800.092 - qconstequality : 74535 cls
1800.092 - substitutionconstraints : 65099 cls
1800.092 - atmostoneelement : 10226 cls
1800.092 - expansions : 5864 cls
1800.092 - predecessors : 5623 cls
1800.092 - actioneffects : 2520 cls
1800.092 - truefacts : 1043 cls
1800.092 - axiomaticops : 2 cls
1800.092 # instantiated positions: 2036
1800.092 # instantiated actions: 4993
1800.092 # instantiated reductions: 631
1800.092 # introduced pseudo-constants: 1208
1800.092 # retroactive prunings: 0
1800.092 # retroactively pruned operations: 0
1800.092 # dominated operations: 51
1800.092 # total invalid rigid preconditions found in getPFC: 0
1800.092 # invalid rigid preconditions found in getPFC: 0
1800.092 # invalid rigid preconditions found in getPFC in varrestrictions: 0
1800.092 # total invalid fluent preconditions found in getPFC: 0
1800.092 # invalid fluent preconditions found in getPFC: 0
1800.092 # invalid fluent preconditions found in getPFC in varrestrictions: 0
1800.092 # invalid fluent preconditions found in getPFC via postconditions: 0
1800.092 # invalid subtasks found in getPFC: 0
1800.092 # number effects in operation fact_frames: 348
1800.092 # number of variables restricted: 26740
1800.092 Exiting happily.

RUNWATCH_RESULT TIMEOUT RETVAL 0 TIME_SECS 1800.21 MEMPEAK_KBS 1333768
