    _           _         _
   \ |         \ |       | |                       
   | |     __  | |      _| |______                
   | |     \/  | |     /_   ______\                
   | |      _  | |   __  | |  ___   ___   ___       
   | |___  | | | |  / .\ | | / , | |   \ / ·_\    
   \_____\ |_| |__\ \__/ |_| \___) |_|_| \___\  
[39mL i l o t a n e  version rls-glucose4
by Dominik Schreiber <dominik.schreiber@kit.edu> 2020-2021
using SAT solver glucose4

0.018 Parser finished.
0.019 Structures extracted.
0.020 88 operators and 85 methods created.
0.237 Mined 83 new reduction preconditions (+8300.0%).
0.237 Iteration 0.
0.237 Creating initial layer of size 2
0.277 Attempting to solve formula with 5 clauses (6 literals) and 1 assumptions
0.277 Unsolvable at layer 0 -- expanding.
0.277 Iteration 1.
0.277 New layer size: 2
0.277 Instantiating ...
0.479 Collected 1 relevant facts at this layer
0.479 Encoding ...
0.480 Attempting to solve formula with 502 clauses (1075 literals) and 1 assumptions
0.480 Unsolvable at layer 1 -- expanding.
0.480 Iteration 2.
0.480 New layer size: 2
0.480 Instantiating ...
0.645 Collected 1 relevant facts at this layer
0.645 Encoding ...
0.647 Attempting to solve formula with 628 clauses (1397 literals) and 1 assumptions
0.647 Unsolvable at layer 2 -- expanding.
0.647 Iteration 3.
0.647 New layer size: 7
0.647 Instantiating ...
0.776 Collected 75 relevant facts at this layer
0.776 Encoding ...
0.780 Attempting to solve formula with 2487 clauses (6209 literals) and 4 assumptions
0.781 Unsolvable at layer 3 -- expanding.
0.781 Iteration 4.
0.781 New layer size: 27
0.781 Instantiating ...
1.072 Collected 303 relevant facts at this layer
1.072 Encoding ...
1.099 Attempting to solve formula with 24532 clauses (70571 literals) and 22 assumptions
1.100 Unsolvable at layer 4 -- expanding.
1.100 Iteration 5.
1.100 New layer size: 75
1.100 Instantiating ...
1.497 Collected 457 relevant facts at this layer
1.497 Encoding ...
1.566 Attempting to solve formula with 92729 clauses (269962 literals) and 40 assumptions
1.568 Unsolvable at layer 5 -- expanding.
1.568 Iteration 6.
1.568 New layer size: 202
1.568 Instantiating ...
2.290 Collected 556 relevant facts at this layer
2.290 Encoding ...
2.498 Attempting to solve formula with 275025 clauses (814268 literals) and 113 assumptions
c last restart ## conflicts  :  0 4606 
2.510 Found a solution at layer 6.
==>
24522 SHOP_methodm_plow_road_precondition brighton_dump henrietta_dump plow1 airport
33993 SHOP_methodm_get_to_as_cargo_precondition pdriver2 airport brighton_high pvan2
38584 SHOP_methodm_get_to_already_there_precondition pvan2 brighton_high
42176 SHOP_methodm_get_in_ambulatory_person_precondition pdriver2 brighton_high pvan2
42816 p_1Climb_in
45027 SHOP_methodm_get_to_vehicle_gets_driven_precondition pvan2 airport brighton_high pu2
45031 SHOP_methodm_drive_to_precondition pvan2 brighton_high pu2
45055 p_2Navegate_vehicle
47233 p_3Climb_out
53892 p_4Navegate_snowplow
64672 p_5Engage_plow
74103 navegate_snowplow pdriver2 plow1 henrietta_dump
74107 disengage_plow pdriver2 plow1
root 9
9 tlt -> m_tlt_plow_road 57
57 plow_road brighton_dump henrietta_dump -> m_plow_road 24522 198 53891 64671 74102 74107
198 get_to pdriver2 airport -> m_get_to_as_cargo 33993 38583 2582 2904 3238
2582 get_in pdriver2 pvan2 -> m_get_in_ambulatory_person 42176 42815
2904 get_to pvan2 airport -> m_get_to_vehicle_gets_driven 45027 15400
3238 get_out pdriver2 pvan2 -> m_get_out_ambulatory_person 47232
15400 drive_to pu2 pvan2 airport -> m_drive_to 45031 45054
38583 get_to pvan2 brighton_high -> m_get_to_already_there 38584
42815 cclimb_in pdriver2 pvan2 brighton_high -> prefix_1 42816
45054 cnavegate_vehicle pu2 pvan2 airport brighton_high -> prefix_2 45055
47232 cclimb_out pdriver2 pvan2 airport -> prefix_3 47233
53891 cnavegate_snowplow pdriver2 plow1 brighton_dump -> prefix_4 53892
64671 cengage_plow pdriver2 plow1 -> prefix_5 64672
74102 cnavegate_snowplow pdriver2 plow1 henrietta_dump -> regular_4 74103
<==
2.515 End of solution plan. (counted length of 13)
2.515 Total amount of clauses encoded: 275025
2.515 - directframeaxioms : 180132 cls
2.515 - qfactsemantics : 43242 cls
2.515 - reductionconstraints : 24024 cls
2.515 - indirectframeaxioms : 12338 cls
2.515 - actionconstraints : 5566 cls
2.515 - atmostoneelement : 3324 cls
2.515 - expansions : 1996 cls
2.515 - predecessors : 1400 cls
2.515 - substitutionconstraints : 1277 cls
2.515 - truefacts : 556 cls
2.515 - qconstequality : 538 cls
2.515 - qtypeconstraints : 380 cls
2.515 - actioneffects : 250 cls
2.515 - axiomaticops : 2 cls
2.515 # instantiated positions: 316
2.515 # instantiated actions: 961
2.515 # instantiated reductions: 440
2.515 # introduced pseudo-constants: 340
2.515 # retroactive prunings: 4
2.515 # retroactively pruned operations: 4
2.515 # dominated operations: 40
2.515 # total invalid rigid preconditions found in getPFC: 5044
2.515 # invalid rigid preconditions found in getPFC: 9
2.515 # invalid rigid preconditions found in getPFC in varrestrictions: 5035
2.515 # total invalid fluent preconditions found in getPFC: 66
2.515 # invalid fluent preconditions found in getPFC: 66
2.515 # invalid fluent preconditions found in getPFC in varrestrictions: 0
2.515 # invalid fluent preconditions found in getPFC via postconditions: 0
2.515 # invalid subtasks found in getPFC: 4
2.515 # number effects in operation fact_frames: 919
2.515 Exiting happily.

RUNWATCH_RESULT EXIT RETVAL 0 TIME_SECS 2.54102 MEMPEAK_KBS 162976
