    _           _         _
   \ |         \ |       | |                       
   | |     __  | |      _| |______                
   | |     \/  | |     /_   ______\                
   | |      _  | |   __  | |  ___   ___   ___       
   | |___  | | | |  / .\ | | / , | |   \ / ·_\    
   \_____\ |_| |__\ \__/ |_| \___) |_|_| \___\  
[39mL i l o t a n e  version rls-glucose4
by Dominik Schreiber <dominik.schreiber@kit.edu> 2020-2021
using SAT solver glucose4

0.067 Parser finished.
0.068 Structures extracted.
0.083 312 operators and 305 methods created.
1.869 Mined 582 new reduction preconditions (+90.1%).
1.869 Iteration 0.
1.869 Creating initial layer of size 2
2.280 Attempting to solve formula with 3 clauses (3 literals) and 1 assumptions
2.280 Unsolvable at layer 0 -- expanding.
2.280 Iteration 1.
2.280 New layer size: 5
2.280 Instantiating ...
2.750 Collected 9 relevant facts at this layer
2.750 Encoding ...
2.759 Attempting to solve formula with 145 clauses (347 literals) and 4 assumptions
2.759 Unsolvable at layer 1 -- expanding.
2.759 Iteration 2.
2.759 New layer size: 9
2.759 Instantiating ...
7.210 Collected 307 relevant facts at this layer
7.210 Encoding ...
7.239 Attempting to solve formula with 51766 clauses (112844 literals) and 4 assumptions
7.239 Unsolvable at layer 2 -- expanding.
7.239 Iteration 3.
7.239 New layer size: 13
7.239 Instantiating ...
20.827 Collected 619 relevant facts at this layer
20.827 Encoding ...
20.882 Attempting to solve formula with 139570 clauses (314507 literals) and 8 assumptions
20.883 Unsolvable at layer 3 -- expanding.
20.883 Iteration 4.
20.883 New layer size: 39
20.883 Instantiating ...
44.471 Collected 1143 relevant facts at this layer
44.471 Encoding ...
44.637 Attempting to solve formula with 299897 clauses (733382 literals) and 19 assumptions
44.638 Unsolvable at layer 4 -- expanding.
44.638 Iteration 5.
44.638 New layer size: 90
44.638 Instantiating ...
104.484 Collected 2776 relevant facts at this layer
104.484 Encoding ...
105.098 Attempting to solve formula with 991293 clauses (2522766 literals) and 35 assumptions
105.101 Unsolvable at layer 5 -- expanding.
105.101 Iteration 6.
105.101 New layer size: 157
105.101 Instantiating ...
267.129 Collected 2816 relevant facts at this layer
267.129 Encoding ...
268.465 Attempting to solve formula with 2661410 clauses (6766683 literals) and 62 assumptions
268.469 Unsolvable at layer 6 -- expanding.
268.469 Iteration 7.
268.469 New layer size: 292
268.469 Instantiating ...
613.210 Collected 3968 relevant facts at this layer
613.210 Encoding ...
616.541 Attempting to solve formula with 6205505 clauses (16409804 literals) and 120 assumptions
616.980 Unsolvable at layer 7 -- expanding.
616.980 Iteration 8.
616.980 New layer size: 586
616.980 Instantiating ...
1256.173 Collected 5284 relevant facts at this layer
1256.173 Encoding ...
1265.569 Attempting to solve formula with 14636119 clauses (40948183 literals) and 234 assumptions
1270.353 Unsolvable at layer 8 -- expanding.
1270.353 Iteration 9.
1270.354 New layer size: 1132
1270.354 Instantiating ...
1800.805 Termination signal caught.
1800.805 Total amount of clauses encoded: 14636119
1800.805 - reductionconstraints : 6099821 cls
1800.805 - directframeaxioms : 5072024 cls
1800.805 - qfactsemantics : 1819863 cls
1800.805 - indirectframeaxioms : 972762 cls
1800.805 - substitutionconstraints : 303760 cls
1800.805 - atmostoneelement : 208895 cls
1800.805 - qconstequality : 71764 cls
1800.805 - expansions : 35972 cls
1800.805 - predecessors : 22271 cls
1800.805 - actionconstraints : 15477 cls
1800.805 - actioneffects : 8224 cls
1800.805 - truefacts : 5284 cls
1800.805 - axiomaticops : 2 cls
1800.805 # instantiated positions: 1666
1800.805 # instantiated actions: 14297
1800.805 # instantiated reductions: 17760
1800.805 # introduced pseudo-constants: 5360
1800.805 # retroactive prunings: 13
1800.805 # retroactively pruned operations: 13
1800.805 # dominated operations: 2096
1800.805 # total invalid rigid preconditions found in getPFC: 49418
1800.805 # invalid rigid preconditions found in getPFC: 0
1800.805 # invalid rigid preconditions found in getPFC in varrestrictions: 49418
1800.805 # total invalid fluent preconditions found in getPFC: 1066834
1800.805 # invalid fluent preconditions found in getPFC: 13767
1800.805 # invalid fluent preconditions found in getPFC in varrestrictions: 5
1800.805 # invalid fluent preconditions found in getPFC via postconditions: 1053062
1800.805 # invalid subtasks found in getPFC: 13
1800.805 # number effects in operation fact_frames: 14208
1800.805 Exiting happily.

RUNWATCH_RESULT TIMEOUT RETVAL 0 TIME_SECS 1801.1 MEMPEAK_KBS 3932316
