    _           _         _
   \ |         \ |       | |                       
   | |     __  | |      _| |______                
   | |     \/  | |     /_   ______\                
   | |      _  | |   __  | |  ___   ___   ___       
   | |___  | | | |  / .\ | | / , | |   \ / ·_\    
   \_____\ |_| |__\ \__/ |_| \___) |_|_| \___\  
[39mL i l o t a n e  version rls-glucose4
by Dominik Schreiber <dominik.schreiber@kit.edu> 2020-2021
using SAT solver glucose4

0.010 Parser finished.
0.010 Structures extracted.
0.011 20 operators and 16 methods created.
0.037 Mined 11 new reduction preconditions (+12.9%).
0.037 Iteration 0.
0.037 Creating initial layer of size 2
0.222 Attempting to solve formula with 127 clauses (189 literals) and 1 assumptions
0.222 Unsolvable at layer 0 -- expanding.
0.222 Iteration 1.
0.222 New layer size: 7
0.222 Instantiating ...
1.089 Collected 3245 relevant facts at this layer
1.089 Encoding ...
1.149 Attempting to solve formula with 69145 clauses (211563 literals) and 6 assumptions
1.150 Unsolvable at layer 1 -- expanding.
1.150 Iteration 2.
1.150 New layer size: 13
1.150 Instantiating ...
3.031 Collected 3534 relevant facts at this layer
3.031 Encoding ...
3.235 Attempting to solve formula with 250616 clauses (823934 literals) and 6 assumptions
3.236 Unsolvable at layer 2 -- expanding.
3.236 Iteration 3.
3.236 New layer size: 31
3.236 Instantiating ...
5.780 Collected 3581 relevant facts at this layer
5.780 Encoding ...
6.301 Attempting to solve formula with 630407 clauses (2118925 literals) and 12 assumptions
6.389 Unsolvable at layer 3 -- expanding.
6.389 Iteration 4.
6.389 New layer size: 55
6.389 Instantiating ...
10.689 Collected 3581 relevant facts at this layer
10.689 Encoding ...
11.589 Attempting to solve formula with 1221137 clauses (4136086 literals) and 18 assumptions
11.642 Unsolvable at layer 4 -- expanding.
11.642 Iteration 5.
11.642 New layer size: 97
11.642 Instantiating ...
18.591 Collected 3581 relevant facts at this layer
18.591 Encoding ...
20.222 Attempting to solve formula with 2214214 clauses (7534313 literals) and 30 assumptions
20.297 Unsolvable at layer 5 -- expanding.
20.297 Iteration 6.
20.297 New layer size: 163
20.297 Instantiating ...
31.658 Collected 3581 relevant facts at this layer
31.658 Encoding ...
34.374 Attempting to solve formula with 3817786 clauses (13025633 literals) and 48 assumptions
34.499 Unsolvable at layer 6 -- expanding.
34.499 Iteration 7.
34.499 New layer size: 271
34.499 Instantiating ...
52.973 Collected 3581 relevant facts at this layer
52.973 Encoding ...
57.166 Attempting to solve formula with 6433906 clauses (21990057 literals) and 78 assumptions
57.714 Unsolvable at layer 7 -- expanding.
57.714 Iteration 8.
57.714 New layer size: 445
57.714 Instantiating ...
88.556 Collected 3581 relevant facts at this layer
88.556 Encoding ...
95.493 Attempting to solve formula with 10673068 clauses (36520675 literals) and 126 assumptions
96.442 Unsolvable at layer 8 -- expanding.
96.442 Iteration 9.
96.442 New layer size: 727
96.442 Instantiating ...
146.250 Collected 3581 relevant facts at this layer
146.250 Encoding ...
157.835 Attempting to solve formula with 17547820 clauses (60090591 literals) and 204 assumptions
160.196 Unsolvable at layer 9 -- expanding.
160.196 Iteration 10.
160.197 New layer size: 1183
160.197 Instantiating ...
244.114 Collected 3581 relevant facts at this layer
244.114 Encoding ...
264.204 Attempting to solve formula with 28681204 clauses (98265999 literals) and 330 assumptions
269.566 Unsolvable at layer 10 -- expanding.
269.566 Iteration 11.
269.566 New layer size: 1921
269.566 Instantiating ...
406.158 Collected 3581 relevant facts at this layer
406.158 Encoding ...
442.075 Attempting to solve formula with 46708810 clauses (160086197 literals) and 534 assumptions
453.294 Unsolvable at layer 11 -- expanding.
453.294 Iteration 12.
453.296 New layer size: 3115
453.296 Instantiating ...
578.127 Termination signal caught.
578.127 Total amount of clauses encoded: 46708810
578.127 - directframeaxioms : 18796754 cls
578.127 - qfactsemantics : 12215611 cls
578.127 - indirectframeaxioms : 9530475 cls
578.127 - reductionconstraints : 5217223 cls
578.127 - actionconstraints : 360177 cls
578.127 - qconstequality : 229633 cls
578.127 - substitutionconstraints : 181609 cls
578.127 - atmostoneelement : 91561 cls
578.127 - expansions : 35353 cls
578.127 - predecessors : 29800 cls
578.127 - actioneffects : 17031 cls
578.127 - truefacts : 3581 cls
578.127 - axiomaticops : 2 cls
578.127 # instantiated positions: 6376
578.127 # instantiated actions: 26372
578.127 # instantiated reductions: 12306
578.127 # introduced pseudo-constants: 5810
578.127 # retroactive prunings: 0
578.127 # retroactively pruned operations: 0
578.127 # dominated operations: 8
578.127 # total invalid rigid preconditions found in getPFC: 0
578.127 # invalid rigid preconditions found in getPFC: 0
578.127 # invalid rigid preconditions found in getPFC in varrestrictions: 0
578.127 # total invalid fluent preconditions found in getPFC: 24
578.127 # invalid fluent preconditions found in getPFC: 17
578.127 # invalid fluent preconditions found in getPFC in varrestrictions: 7
578.127 # invalid fluent preconditions found in getPFC via postconditions: 0
578.127 # invalid subtasks found in getPFC: 0
578.127 # number effects in operation fact_frames: 234
578.127 # number of variables restricted: 8399722
578.127 Exiting happily.

RUNWATCH_RESULT MEMOUT RETVAL 0 TIME_SECS 579.122 MEMPEAK_KBS 16002504
