    _           _         _
   \ |         \ |       | |                       
   | |     __  | |      _| |______                
   | |     \/  | |     /_   ______\                
   | |      _  | |   __  | |  ___   ___   ___       
   | |___  | | | |  / .\ | | / , | |   \ / ·_\    
   \_____\ |_| |__\ \__/ |_| \___) |_|_| \___\  
[39mL i l o t a n e  version rls-cadical
by Dominik Schreiber <dominik.schreiber@kit.edu> 2020-2021
using SAT solver cadical

0.064 Parser finished.
0.065 Structures extracted.
0.080 312 operators and 305 methods created.
0.735 Mined 582 new reduction preconditions (+90.1%).
0.735 Iteration 0.
0.735 Creating initial layer of size 2
0.751 Attempting to solve formula with 3 clauses (3 literals) and 1 assumptions
0.751 Unsolvable at layer 0 -- expanding.
0.751 Iteration 1.
0.751 New layer size: 5
0.751 Instantiating ...
0.808 Collected 6 relevant facts at this layer
0.808 Encoding ...
0.812 Attempting to solve formula with 97 clauses (221 literals) and 4 assumptions
0.812 Unsolvable at layer 1 -- expanding.
0.812 Iteration 2.
0.812 New layer size: 9
0.812 Instantiating ...
1.290 Collected 273 relevant facts at this layer
1.290 Encoding ...
1.308 Attempting to solve formula with 44455 clauses (97625 literals) and 4 assumptions
1.308 Unsolvable at layer 2 -- expanding.
1.308 Iteration 3.
1.308 New layer size: 13
1.308 Instantiating ...
1.313 Retroactively prune reduction (M219-ACHIEVE-HOME3 S8 Q_2,0_NUM:0_603a7ce3406a919c Q_2,0_NUM:1_5a898d39b9b2c44d)@(2,0): no children at offset 0
1.313 Retroactively prune reduction (M217-ACHIEVE-HOME3 S8 Q_2,0_CARD:0_826953e2edb2f5a4)@(2,0): no children at offset 0
2.219 Collected 552 relevant facts at this layer
2.219 Encoding ...
2.257 Attempting to solve formula with 121061 clauses (275033 literals) and 8 assumptions
2.257 Unsolvable at layer 3 -- expanding.
2.257 Iteration 4.
2.257 New layer size: 39
2.257 Instantiating ...
3.957 Collected 792 relevant facts at this layer
3.957 Encoding ...
4.059 Attempting to solve formula with 250841 clauses (610826 literals) and 19 assumptions
4.060 Unsolvable at layer 4 -- expanding.
4.060 Iteration 5.
4.060 New layer size: 90
4.060 Instantiating ...
9.994 Collected 1812 relevant facts at this layer
9.994 Encoding ...
10.402 Attempting to solve formula with 769471 clauses (1944246 literals) and 35 assumptions
10.448 Unsolvable at layer 5 -- expanding.
10.448 Iteration 6.
10.448 New layer size: 157
10.448 Instantiating ...
10.459 Retroactively prune reduction (M217-ACHIEVE-HOME3 Q_2,0_CARD:0_2141fc25cf8c2bfa Q_5,0_CARD:0_8e39973a1b93d939)@(5,0): no children at offset 0
26.531 Collected 1956 relevant facts at this layer
26.531 Encoding ...
27.463 Attempting to solve formula with 2086141 clauses (5262192 literals) and 62 assumptions
27.835 Unsolvable at layer 6 -- expanding.
27.835 Iteration 7.
27.835 New layer size: 292
27.835 Instantiating ...
27.845 Retroactively prune reduction (M217-ACHIEVE-HOME3 Q_2,0_CARD:0_2141fc25cf8c2bfa Q_6,0_CARD:0_8e39973a1b93d939)@(6,0): no children at offset 0
60.307 Collected 1956 relevant facts at this layer
60.308 Encoding ...
62.322 Attempting to solve formula with 4667603 clauses (12135566 literals) and 120 assumptions
63.116 Unsolvable at layer 7 -- expanding.
63.116 Iteration 8.
63.116 New layer size: 590
63.116 Instantiating ...
135.416 Collected 4332 relevant facts at this layer
135.416 Encoding ...
142.161 Attempting to solve formula with 11378383 clauses (31169785 literals) and 237 assumptions
151.987 Unsolvable at layer 8 -- expanding.
151.987 Iteration 9.
151.987 New layer size: 1149
151.987 Instantiating ...
152.008 Retroactively prune reduction (M217-ACHIEVE-HOME3 Q_5,0_CARD:1_2141fc25cf8c2bfa Q_8,0_CARD:0_8e39973a1b93d939)@(8,0): no children at offset 0
307.372 Collected 4332 relevant facts at this layer
307.372 Encoding ...
323.442 Attempting to solve formula with 26996600 clauses (76040014 literals) and 444 assumptions
338.030 Unsolvable at layer 9 -- expanding.
338.030 Iteration 10.
338.030 New layer size: 2133
338.030 Instantiating ...
338.051 Retroactively prune reduction (M217-ACHIEVE-HOME3 Q_5,0_CARD:0_2141fc25cf8c2bfa Q_9,0_CARD:0_8e39973a1b93d939)@(9,0): no children at offset 0
338.058 Retroactively prune reduction (M217-ACHIEVE-HOME3 Q_6,0_CARD:1_2141fc25cf8c2bfa Q_9,0_CARD:0_8e39973a1b93d939)@(9,0): no children at offset 0
667.245 Collected 4332 relevant facts at this layer
667.245 Encoding ...
702.417 Attempting to solve formula with 57634020 clauses (164239664 literals) and 830 assumptions
1116.256 Unsolvable at layer 10 -- expanding.
1116.256 Iteration 11.
1116.257 New layer size: 4028
1116.257 Instantiating ...
1116.285 Retroactively prune reduction (M217-ACHIEVE-HOME3 Q_6,0_CARD:0_2141fc25cf8c2bfa Q_10,0_CARD:0_8e39973a1b93d939)@(10,0): no children at offset 0
1525.041 Termination signal caught.
1525.041 Total amount of clauses encoded: 57634021
1525.041 - reductionconstraints : 22000535 cls
1525.041 - directframeaxioms : 18535124 cls
1525.041 - qfactsemantics : 8272274 cls
1525.041 - indirectframeaxioms : 6045730 cls
1525.041 - substitutionconstraints : 1229991 cls
1525.041 - atmostoneelement : 872931 cls
1525.041 - qconstequality : 326776 cls
1525.041 - expansions : 156945 cls
1525.041 - predecessors : 92833 cls
1525.041 - actionconstraints : 63081 cls
1525.041 - actioneffects : 33459 cls
1525.041 - truefacts : 4332 cls
1525.041 - forbiddenoperations : 8 cls
1525.041 - axiomaticops : 2 cls
1525.041 # instantiated positions: 6492
1525.041 # instantiated actions: 60894
1525.041 # instantiated reductions: 78008
1525.041 # introduced pseudo-constants: 21811
1525.041 # retroactive prunings: 31
1525.041 # retroactively pruned operations: 31
1525.041 # dominated operations: 9031
1525.041 # total invalid rigid preconditions found in getPFC: 940
1525.041 # invalid rigid preconditions found in getPFC: 0
1525.041 # invalid rigid preconditions found in getPFC in varrestrictions: 940
1525.041 # total invalid fluent preconditions found in getPFC: 97893
1525.041 # invalid fluent preconditions found in getPFC: 4926
1525.041 # invalid fluent preconditions found in getPFC in varrestrictions: 11
1525.041 # invalid fluent preconditions found in getPFC via postconditions: 92956
1525.041 # invalid operations found in getPFC via subtasks: 23
1525.041 # invalid operations found in getPFC via postconditions: 0
1525.041 # number effects in operation fact_frames: 11189
1525.041 # number of variables restricted: 2516858
1525.041 # number of nodes variables restricted: 880454
1525.041 Exiting happily.

RUNWATCH_RESULT MEMOUT RETVAL 0 TIME_SECS 1526.09 MEMPEAK_KBS 16002404
