    _           _         _
   \ |         \ |       | |                       
   | |     __  | |      _| |______                
   | |     \/  | |     /_   ______\                
   | |      _  | |   __  | |  ___   ___   ___       
   | |___  | | | |  / .\ | | / , | |   \ / ·_\    
   \_____\ |_| |__\ \__/ |_| \___) |_|_| \___\  
[39mL i l o t a n e  version rls-glucose4
by Dominik Schreiber <dominik.schreiber@kit.edu> 2020-2021
using SAT solver glucose4

0.006 Parser finished.
0.006 Structures extracted.
0.007 27 operators and 21 methods created.
0.017 Mined 7 new reduction preconditions (+11.5%).
0.017 Iteration 0.
0.017 Creating initial layer of size 2
0.021 Attempting to solve formula with 9 clauses (12 literals) and 1 assumptions
0.021 Unsolvable at layer 0 -- expanding.
0.021 Iteration 1.
0.021 New layer size: 2
0.021 Instantiating ...
0.024 Collected 3 relevant facts at this layer
0.024 Encoding ...
0.025 Attempting to solve formula with 63 clauses (148 literals) and 1 assumptions
0.025 Unsolvable at layer 1 -- expanding.
0.025 Iteration 2.
0.025 New layer size: 3
0.025 Instantiating ...
0.029 Collected 9 relevant facts at this layer
0.029 Encoding ...
0.029 Attempting to solve formula with 130 clauses (307 literals) and 2 assumptions
0.029 Unsolvable at layer 2 -- expanding.
0.029 Iteration 3.
0.029 New layer size: 4
0.029 Instantiating ...
0.030 Retroactively prune action (__SURROGATE*m7_bring_tent*drive_tent* place0 Q_3,0_person:0_fb9f54bc1ee2c388 Q_3,0_place:0_8c5d21fea435ebb7 Q_3,0_car:0_4008a4c4dc32060f Q_3,0_tent:0_2058513a2be0a480) due to impossible effect !(at_tent Q_3,0_tent:0_2058513a2be0a480 Q_3,0_place:0_8c5d21fea435ebb7)
0.030 Collected 13 relevant facts at this layer
0.030 Encoding ...
0.031 Attempting to solve formula with 273 clauses (689 literals) and 2 assumptions
0.031 Unsolvable at layer 3 -- expanding.
0.031 Iteration 4.
0.031 New layer size: 6
0.031 Instantiating ...
0.033 Collected 26 relevant facts at this layer
0.033 Encoding ...
0.033 Attempting to solve formula with 654 clauses (1732 literals) and 3 assumptions
0.033 Unsolvable at layer 4 -- expanding.
0.033 Iteration 5.
0.033 New layer size: 23
0.033 Instantiating ...
0.054 Collected 54 relevant facts at this layer
0.054 Encoding ...
0.057 Attempting to solve formula with 3064 clauses (8675 literals) and 6 assumptions
0.057 Unsolvable at layer 5 -- expanding.
0.057 Iteration 6.
0.057 New layer size: 43
0.057 Instantiating ...
0.069 Retroactively prune reduction (m2_trip_to2 Q_1,0_couple:0_27ca04ed8b064588 place1 place1 place2)@(5,5): no children at offset 1
0.095 Collected 54 relevant facts at this layer
0.095 Encoding ...
0.100 Attempting to solve formula with 6482 clauses (18288 literals) and 8 assumptions
0.101 Unsolvable at layer 6 -- expanding.
0.101 Iteration 7.
0.101 New layer size: 73
0.101 Instantiating ...
0.113 Retroactively prune reduction (m2_trip_to2 Q_1,0_couple:0_27ca04ed8b064588 place1 place1 place2)@(6,6): no children at offset 1
0.157 Collected 54 relevant facts at this layer
0.157 Encoding ...
0.165 Attempting to solve formula with 10665 clauses (30041 literals) and 10 assumptions
0.165 Unsolvable at layer 7 -- expanding.
0.165 Iteration 8.
0.165 New layer size: 105
0.165 Instantiating ...
0.177 Retroactively prune reduction (m2_trip_to2 Q_1,0_couple:0_27ca04ed8b064588 place1 place1 place2)@(7,7): no children at offset 1
0.239 Collected 54 relevant facts at this layer
0.239 Encoding ...
0.249 Attempting to solve formula with 15589 clauses (43829 literals) and 12 assumptions
c last restart ## conflicts  :  13 1131 
0.251 Found a solution at layer 8.
==>
2939 nop
2942 nop
2999 drive_tent guy1 place0 place1 car3 tent0
3585 drive girl1 place0 place1 car0
3607 put_up guy1 place1 tent0
3610 drive_passenger girl1 place1 place0 car0 guy1
3613 walk_together tent0 place1 guy1 place0 girl1 couple1
3618 walk_together tent0 place1 guy0 place0 girl0 couple0
3621 walk_together tent0 place1 guy2 place0 girl2 couple2
3624 nop
3673 put_down girl1 place1 tent0
3676 drive_passenger guy1 place1 place0 car3 girl1
3679 drive guy1 place0 place1 car3
3682 drive girl1 place0 place1 car0
3687 drive_tent guy1 place1 place2 car3 tent0
4126 drive girl1 place1 place2 car0
4130 put_up guy1 place2 tent0
4133 drive_passenger girl1 place2 place1 car0 guy1
4136 walk_together tent0 place2 guy2 place1 girl2 couple2
4140 walk_together tent0 place2 guy1 place1 girl1 couple1
4144 walk_together tent0 place2 guy0 place1 girl0 couple0
4147 nop
4196 put_down girl1 place2 tent0
4199 drive_passenger guy1 place2 place1 car3 girl1
4202 drive guy1 place1 place2 car3
4205 drive girl1 place1 place2 car0
root 11
11 everyone_go_hiking place2 -> m14_everyone_go_hiking 30 38
30 prepare_trip place0 -> m6_prepare_trip 2938 2941
38 trip_to1 couple1 place2 -> m0_trip_to1 124
124 trip_to2 couple1 place0 place2 -> m2_trip_to2 192 222
192 trip_to2 couple1 place0 place1 -> m3_trip_to2 2999 3585 3607 3610 530 3673 3676 3679 3682
222 trip_to2 couple1 place1 place2 -> m3_trip_to2 3687 4126 4130 4133 817 4196 4199 4202 4205
530 walk_everyone tent0 place1 place0 -> m5_walk_everyone 3613 1436
817 walk_everyone tent0 place2 place1 -> m5_walk_everyone 4136 1797
1436 walk_everyone tent0 place1 place0 -> m5_walk_everyone 3618 2439
1797 walk_everyone tent0 place2 place1 -> m5_walk_everyone 4140 2879
2439 walk_everyone tent0 place1 place0 -> m5_walk_everyone 3621 3623
2879 walk_everyone tent0 place2 place1 -> m5_walk_everyone 4144 4146
2938 bring_tent place0 -> m9_bring_tent 2939
2941 bring_cars place0 -> m11_bring_cars 2942
3623 walk_everyone tent0 place1 place0 -> m4_walk_everyone 3624
4146 walk_everyone tent0 place2 place1 -> m4_walk_everyone 4147
<==
0.253 End of solution plan. (counted length of 26)
0.253 Total amount of clauses encoded: 15589
0.254 - directframeaxioms : 5404 cls
0.254 - qfactsemantics : 2724 cls
0.254 - indirectframeaxioms : 1872 cls
0.254 - reductionconstraints : 1666 cls
0.254 - substitutionconstraints : 796 cls
0.254 - qconstequality : 720 cls
0.254 - expansions : 611 cls
0.254 - predecessors : 542 cls
0.254 - actionconstraints : 417 cls
0.254 - atmostoneelement : 416 cls
0.254 - actioneffects : 362 cls
0.254 - truefacts : 54 cls
0.254 - forbiddenoperations : 3 cls
0.254 - axiomaticops : 2 cls
0.254 # instantiated positions: 260
0.254 # instantiated actions: 508
0.254 # instantiated reductions: 61
0.254 # introduced pseudo-constants: 158
0.254 # retroactive prunings: 4
0.254 # retroactively pruned operations: 10
0.254 # dominated operations: 0
0.254 # total invalid rigid preconditions found in getPFC: 57
0.254 # invalid rigid preconditions found in getPFC: 50
0.254 # invalid rigid preconditions found in getPFC in varrestrictions: 7
0.254 # total invalid fluent preconditions found in getPFC: 1
0.254 # invalid fluent preconditions found in getPFC: 0
0.254 # invalid fluent preconditions found in getPFC in varrestrictions: 1
0.254 # invalid fluent preconditions found in getPFC via postconditions: 0
0.254 # invalid subtasks found in getPFC: 0
0.254 # number effects in operation fact_frames: 242
0.254 # number of variables restricted: 2217
0.254 # number of nodes variables restricted: 711
0.254 Exiting happily.

RUNWATCH_RESULT EXIT RETVAL 0 TIME_SECS 0.261719 MEMPEAK_KBS 864
