    _           _         _
   \ |         \ |       | |                       
   | |     __  | |      _| |______                
   | |     \/  | |     /_   ______\                
   | |      _  | |   __  | |  ___   ___   ___       
   | |___  | | | |  / .\ | | / , | |   \ / ·_\    
   \_____\ |_| |__\ \__/ |_| \___) |_|_| \___\  
[39mL i l o t a n e  version rls-glucose4
by Dominik Schreiber <dominik.schreiber@kit.edu> 2020-2021
using SAT solver glucose4

0.006 Parser finished.
0.007 Structures extracted.
0.007 20 operators and 16 methods created.
0.024 Mined 11 new reduction preconditions (+18.3%).
0.024 Iteration 0.
0.024 Creating initial layer of size 2
0.061 Attempting to solve formula with 77 clauses (114 literals) and 1 assumptions
0.061 Unsolvable at layer 0 -- expanding.
0.061 Iteration 1.
0.061 New layer size: 5
0.061 Instantiating ...
0.260 Collected 1020 relevant facts at this layer
0.260 Encoding ...
0.271 Attempting to solve formula with 20519 clauses (52899 literals) and 4 assumptions
0.272 Unsolvable at layer 1 -- expanding.
0.272 Iteration 2.
0.272 New layer size: 9
0.272 Instantiating ...
0.653 Collected 1120 relevant facts at this layer
0.653 Encoding ...
0.686 Attempting to solve formula with 69586 clauses (195589 literals) and 4 assumptions
0.686 Unsolvable at layer 2 -- expanding.
0.686 Iteration 3.
0.686 New layer size: 21
0.686 Instantiating ...
1.253 Collected 1144 relevant facts at this layer
1.253 Encoding ...
1.338 Attempting to solve formula with 171939 clauses (503849 literals) and 8 assumptions
1.342 Unsolvable at layer 3 -- expanding.
1.342 Iteration 4.
1.342 New layer size: 37
1.342 Instantiating ...
2.270 Collected 1144 relevant facts at this layer
2.270 Encoding ...
2.450 Attempting to solve formula with 335591 clauses (995327 literals) and 12 assumptions
2.454 Unsolvable at layer 4 -- expanding.
2.454 Iteration 5.
2.454 New layer size: 65
2.454 Instantiating ...
3.977 Collected 1144 relevant facts at this layer
3.977 Encoding ...
4.242 Attempting to solve formula with 609887 clauses (1824628 literals) and 20 assumptions
4.249 Unsolvable at layer 5 -- expanding.
4.249 Iteration 6.
4.249 New layer size: 109
4.249 Instantiating ...
6.800 Collected 1144 relevant facts at this layer
6.800 Encoding ...
7.348 Attempting to solve formula with 1054480 clauses (3169294 literals) and 32 assumptions
7.362 Unsolvable at layer 6 -- expanding.
7.362 Iteration 7.
7.362 New layer size: 181
7.362 Instantiating ...
11.511 Collected 1144 relevant facts at this layer
11.511 Encoding ...
12.343 Attempting to solve formula with 1780001 clauses (5367014 literals) and 52 assumptions
12.423 Unsolvable at layer 7 -- expanding.
12.423 Iteration 8.
12.423 New layer size: 297
12.423 Instantiating ...
19.232 Collected 1144 relevant facts at this layer
19.232 Encoding ...
20.609 Attempting to solve formula with 2956746 clauses (8933150 literals) and 84 assumptions
20.688 Unsolvable at layer 8 -- expanding.
20.688 Iteration 9.
20.688 New layer size: 485
20.688 Instantiating ...
31.807 Collected 1144 relevant facts at this layer
31.807 Encoding ...
34.130 Attempting to solve formula with 4865643 clauses (14720756 literals) and 136 assumptions
34.312 Unsolvable at layer 9 -- expanding.
34.312 Iteration 10.
34.313 New layer size: 789
34.313 Instantiating ...
52.586 Collected 1144 relevant facts at this layer
52.586 Encoding ...
56.524 Attempting to solve formula with 7957916 clauses (24098248 literals) and 220 assumptions
56.670 Unsolvable at layer 10 -- expanding.
56.670 Iteration 11.
56.671 New layer size: 1281
56.671 Instantiating ...
86.132 Collected 1144 relevant facts at this layer
86.132 Encoding ...
92.421 Attempting to solve formula with 12965717 clauses (39287096 literals) and 356 assumptions
93.031 Unsolvable at layer 11 -- expanding.
93.031 Iteration 12.
93.031 New layer size: 2077
93.031 Instantiating ...
141.445 Collected 1144 relevant facts at this layer
141.445 Encoding ...
151.615 Attempting to solve formula with 21072422 clauses (63877186 literals) and 576 assumptions
154.617 Unsolvable at layer 12 -- expanding.
154.617 Iteration 13.
154.617 New layer size: 3365
154.617 Instantiating ...
233.211 Collected 1144 relevant facts at this layer
233.211 Encoding ...
250.561 Attempting to solve formula with 34193559 clauses (103679874 literals) and 932 assumptions
255.052 Unsolvable at layer 13 -- expanding.
255.052 Iteration 14.
255.053 New layer size: 5449
255.053 Instantiating ...
382.496 Collected 1144 relevant facts at this layer
382.496 Encoding ...
383.000 Termination signal caught.
383.000 Total amount of clauses encoded: 34433769
383.000 - directframeaxioms : 10532050 cls
383.000 - reductionconstraints : 10260280 cls
383.000 - qfactsemantics : 6893647 cls
383.000 - indirectframeaxioms : 5371123 cls
383.000 - actionconstraints : 686220 cls
383.000 - qconstequality : 220442 cls
383.000 - atmostoneelement : 163558 cls
383.000 - substitutionconstraints : 158708 cls
383.000 - expansions : 63186 cls
383.000 - predecessors : 53298 cls
383.000 - actioneffects : 30111 cls
383.000 - truefacts : 1144 cls
383.000 - axiomaticops : 2 cls
383.000 # instantiated positions: 14171
383.000 # instantiated actions: 58881
383.000 # instantiated reductions: 27025
383.000 # introduced pseudo-constants: 12599
383.000 # retroactive prunings: 0
383.000 # retroactively pruned operations: 0
383.000 # dominated operations: 2
383.000 # total invalid rigid preconditions found in getPFC: 0
383.000 # invalid rigid preconditions found in getPFC: 0
383.000 # invalid rigid preconditions found in getPFC in varrestrictions: 0
383.000 # total invalid fluent preconditions found in getPFC: 94
383.000 # invalid fluent preconditions found in getPFC: 81
383.000 # invalid fluent preconditions found in getPFC in varrestrictions: 13
383.000 # invalid fluent preconditions found in getPFC via postconditions: 0
383.000 # invalid subtasks found in getPFC: 0
383.000 # number effects in operation fact_frames: 230
383.000 # number of variables restricted: 11356592
383.000 Exiting happily.

RUNWATCH_RESULT MEMOUT RETVAL 0 TIME_SECS 383.826 MEMPEAK_KBS 16012024
