pandaPIparser is configured as follows
  Colors in output: true
  Mode: parsing mode
  Parameter splitting: true
  Conditional effects: exponential encoding
  Disjunctive preconditions as HTN: false
  Replace goal with action: false
  Output: pandaPI format
General Options
  Print timings: false
  Quiet mode: false
Inference Options
  H2 mutexes: false
  FAM groups: false
Transformation Options
  Add zero-cost no-op to empty methods: true
  Remove duplicate actions: true
  Remove useless literals: true
  Expand abstract tasks with one method: true
  Remove empty method preconditions: true
  Two regularisation: false
  Compile negative SAS variables: false
Runtime Optimisations
  Hierarchy Typing: true
  Future Caching: false
  Static Precondition Checking: false
Output Options
  Panda planner format: true
  HDDL: false
  SAS for Fast Downward (without hierarchy): false
Output Formatting Options
  Output only SAS+ variables: false
  SAS+ delete mode: as input
Reading input from /home/schnell/lilotane/sotaevaluation//PandaGBFS_runwatchtime_timeout1800_2021-11-16_21:14:14/runwatch_log/203/203.parsed.
Writing output to /home/schnell/lilotane/sotaevaluation//PandaGBFS_runwatchtime_timeout1800_2021-11-16_21:14:14/runwatch_log/203/203.sas.
Writing output to standard output.
Parsing done.
Conditional Effects expanded
done.
Starting Hierarchy Typing
Total 0.158ms
Contains 0.023ms
Restrict 0.021ms
MPrep 0.024ms
Finished Hierarchy Typing
Running PG.
Process actions without preconditions
Done.
Returning from runGpg().
PG done. Postprocessing
PG postprocessing done.
Calculated [111] grounded tasks and [25] reachable facts.
Running TDG.
Process actions without preconditions
Done.
Returning from runGpg().
TDG done.
Calculated [140] grounded tasks and [86] grounded decomposition methods.
Performing DFS.
DFS done.
After DFS: 88 tasks, 62 methods.
Grounded PG:
Input was [65, 88], output was [41, 22].
Grounded TDG:
Input was [62, 41], output was [50, 41].
Simplifying instance.
Removing useless facts/literals
Removing method precondition actions whose precondition is empty
Expanding abstract tasks with only one method
Starting duplicate elimination.
Data structure build.
0 duplicates found.
Duplicates replaced in methods.
Further Mutex Groups: 0 strict 0 non strict
Writing instance to output.
Final Statistics: F 16 S 0 SC 0 SM 0 NSM 0 I 0 P 19 S 22 A 9 M 36
Exiting.
Random seed: 42
Time limit: 1800 seconds
Reading input from /home/schnell/lilotane/sotaevaluation//PandaGBFS_runwatchtime_timeout1800_2021-11-16_21:14:14/runwatch_log/203/203.sas.
- State has 16 bits divided into 16 mutex groups.
- Domain contains 41 actions.
- Domain contains 50 tasks.
- Domain contains 36 methods.
- The initial state contains 6 set bits.
- The initial task is "__top[]".
- State-based goal contains 3 bits.
- Instance is totally-ordered: yes
- Instance has unique paths: yes
- Instance is parallel sequences: yes
Calculate SCCs...
- Number of SCCs: 47
- The problem is cyclic
- Number of cyclic SCCs: 1
- Number of cyclic SCCs of size 1: 0
Selected Planning Algorithm: progression searchParsing heuristics ...
Number of specified heuristics: 1
- the option "store cuts" of the RC heuristic can only be used with the inner heuristic LM-Cut. It will be disabled.
- Calculating minimal implied costs and distances (0 ms)
Heuristic #0 = hhRC2(add;distance;correct count)
Search config:
 - type: path cost
 - weight: 1
 - suboptimal: false
Visited List configured
- mode: total order
- hashs to use: state task task-sequence
- memory information: topological ordering
- Visited list allows deletion of search nodes: true
Search Configuration
- Using JAIR 2020 progression algorithm
- Search is stopped after first solution is found.
- A* Search
- Distance G is "modification depth"
Search Results
- Search time 0.001 seconds
- Visited list time 4.3e-05 seconds
- Visited list inserts 12
- Visited list pruned 0
- Visited list contains 12
- Visited list hash collisions 0
- Visited list used hash buckets 12
- Generated 72 search nodes
  Calculated heuristic for 39 nodes
  One modifications 15
  Effectless actions 18
- including 15 one modification actions
- including 0 one modification methods
- and       18 progressions of effectless actions
- Generated 39000 nodes per second
- Final fringe contains 3 nodes
- Status: Solved
- Found solution of length 32
- Total costs of actions: 12
==>
4 __method_precondition_m3_do_switching[satellite0,instrument0]
5 switch_on[instrument0,satellite0]
15 __method_precondition_m5_do_calibration[instrument0]
17 __method_precondition_m4_do_switching[instrument0]
18 nop[]
26 __method_precondition_m8_do_turning[satellite0,GroundStation2,Phenomenon6]
27 turn_to[satellite0,GroundStation2,Phenomenon6]
28 calibrate[satellite0,instrument0,GroundStation2]
35 __method_precondition_m8_do_turning[satellite0,Phenomenon4,GroundStation2]
36 turn_to[satellite0,Phenomenon4,GroundStation2]
37 take_image[satellite0,Phenomenon4,instrument0,thermograph0]
40 __method_precondition_m4_do_switching[instrument0]
41 nop[]
51 __method_precondition_m8_do_turning[satellite0,Star5,Phenomenon4]
52 turn_to[satellite0,Star5,Phenomenon4]
53 take_image[satellite0,Star5,instrument0,thermograph0]
56 __method_precondition_m4_do_switching[instrument0]
57 nop[]
66 __method_precondition_m8_do_turning[satellite0,Phenomenon6,Star5]
67 turn_to[satellite0,Phenomenon6,Star5]
68 take_image[satellite0,Phenomenon6,instrument0,thermograph0]
root 0
65 do_turning[satellite0,Phenomenon6] -> m8_do_turning 66 67
55 do_switching[satellite0,instrument0] -> m4_do_switching 56 57
50 do_turning[satellite0,Star5] -> m8_do_turning 51 52
39 do_switching[satellite0,instrument0] -> m4_do_switching 40 41
34 do_turning[satellite0,Phenomenon4] -> m8_do_turning 35 36
25 do_turning[satellite0,GroundStation2] -> m8_do_turning 26 27
16 do_switching[satellite0,instrument0] -> m4_do_switching 17 18
14 do_calibration[satellite0,instrument0,GroundStation2] -> <m5_do_calibration;do_prepare[satellite0,instrument0,GroundStation2];m1_do_prepare;1;0,-1,-2,2> 15 16 25 28
7 m3_do_switching_splitted_2[satellite0,instrument0] -> _splitting_method_m3_do_switching_splitted_2 14
3 do_switching[satellite0,instrument0] -> m3_do_switching 4 5 7
0 __top[] -> <<<<<<__top_method;do_mission[Phenomenon6,thermograph0];m0_do_mission;2;0,1,-1,-2>;do_prepare[satellite0,instrument0,Phenomenon6];m1_do_prepare;2;0,1,-1,-2,3>;do_mission[Star5,thermograph0];m0_do_mission;1;0,-1,-2,2,3,4>;do_prepare[satellite0,instrument0,Star5];m1_do_prepare;1;0,-1,-2,2,3,4,5>;do_mission[Phenomenon4,thermograph0];m0_do_mission;0;-1,-2,1,2,3,4,5,6>;do_prepare[satellite0,instrument0,Phenomenon4];m1_do_prepare;0;-1,-2,1,2,3,4,5,6,7> 3 34 37 39 50 53 55 65 68
<==

RUNWATCH_RESULT EXIT RETVAL 0 TIME_SECS 0.138672 MEMPEAK_KBS 932
