    _           _         _
   \ |         \ |       | |                       
   | |     __  | |      _| |______                
   | |     \/  | |     /_   ______\                
   | |      _  | |   __  | |  ___   ___   ___       
   | |___  | | | |  / .\ | | / , | |   \ / ·_\    
   \_____\ |_| |__\ \__/ |_| \___) |_|_| \___\  
[39mL i l o t a n e  version rls-glucose4
by Dominik Schreiber <dominik.schreiber@kit.edu> 2020-2021
using SAT solver glucose4

0.010 Parser finished.
0.010 Structures extracted.
0.010 20 operators and 16 methods created.
0.147 Mined 11 new reduction preconditions (+13.8%).
0.147 Iteration 0.
0.147 Creating initial layer of size 2
1.477 Attempting to solve formula with 117 clauses (174 literals) and 1 assumptions
1.477 Unsolvable at layer 0 -- expanding.
1.477 Iteration 1.
1.477 New layer size: 5
1.477 Instantiating ...
4.191 Collected 2700 relevant facts at this layer
4.191 Encoding ...
4.227 Attempting to solve formula with 37082 clauses (110392 literals) and 4 assumptions
4.228 Unsolvable at layer 1 -- expanding.
4.228 Iteration 2.
4.228 New layer size: 9
4.228 Instantiating ...
10.794 Collected 2862 relevant facts at this layer
10.794 Encoding ...
10.897 Attempting to solve formula with 133511 clauses (429787 literals) and 4 assumptions
10.898 Unsolvable at layer 2 -- expanding.
10.898 Iteration 3.
10.898 New layer size: 21
10.898 Instantiating ...
16.876 Collected 2904 relevant facts at this layer
16.877 Encoding ...
17.145 Attempting to solve formula with 339413 clauses (1125934 literals) and 8 assumptions
17.175 Unsolvable at layer 3 -- expanding.
17.175 Iteration 4.
17.175 New layer size: 37
17.175 Instantiating ...
26.964 Collected 2904 relevant facts at this layer
26.964 Encoding ...
27.431 Attempting to solve formula with 664150 clauses (2228265 literals) and 12 assumptions
27.465 Unsolvable at layer 4 -- expanding.
27.465 Iteration 5.
27.465 New layer size: 65
27.465 Instantiating ...
43.366 Collected 2904 relevant facts at this layer
43.366 Encoding ...
44.205 Attempting to solve formula with 1212341 clauses (4095493 literals) and 20 assumptions
44.270 Unsolvable at layer 5 -- expanding.
44.270 Iteration 6.
44.270 New layer size: 109
44.270 Instantiating ...
70.056 Collected 2904 relevant facts at this layer
70.056 Encoding ...
71.411 Attempting to solve formula with 2100821 clauses (7126498 literals) and 32 assumptions
71.548 Unsolvable at layer 6 -- expanding.
71.548 Iteration 7.
71.548 New layer size: 181
71.548 Instantiating ...
113.295 Collected 2904 relevant facts at this layer
113.295 Encoding ...
115.582 Attempting to solve formula with 3552789 clauses (12085277 literals) and 52 assumptions
115.897 Unsolvable at layer 7 -- expanding.
115.897 Iteration 8.
115.897 New layer size: 297
115.897 Instantiating ...
183.661 Collected 2904 relevant facts at this layer
183.661 Encoding ...
187.661 Attempting to solve formula with 5908533 clauses (20135604 literals) and 84 assumptions
188.826 Unsolvable at layer 8 -- expanding.
188.826 Iteration 9.
188.826 New layer size: 485
188.826 Instantiating ...
298.200 Collected 2904 relevant facts at this layer
298.200 Encoding ...
304.775 Attempting to solve formula with 9731541 clauses (33205253 literals) and 136 assumptions
308.232 Unsolvable at layer 9 -- expanding.
308.232 Iteration 10.
308.232 New layer size: 789
308.232 Instantiating ...
483.740 Collected 2904 relevant facts at this layer
483.740 Encoding ...
494.656 Attempting to solve formula with 15925589 clauses (54385772 literals) and 220 assumptions
501.234 Unsolvable at layer 10 -- expanding.
501.234 Iteration 11.
501.235 New layer size: 1281
501.235 Instantiating ...
786.847 Collected 2904 relevant facts at this layer
786.847 Encoding ...
805.636 Attempting to solve formula with 25957941 clauses (88696483 literals) and 356 assumptions
827.365 Unsolvable at layer 11 -- expanding.
827.365 Iteration 12.
827.366 New layer size: 2077
827.366 Instantiating ...
1290.687 Collected 2904 relevant facts at this layer
1290.687 Encoding ...
1321.102 Attempting to solve formula with 42199637 clauses (144248256 literals) and 576 assumptions
1365.739 Unsolvable at layer 12 -- expanding.
1365.739 Iteration 13.
1365.742 New layer size: 3365
1365.742 Instantiating ...
1801.346 Termination signal caught.
1801.346 Total amount of clauses encoded: 42199637
1801.346 - directframeaxioms : 16716102 cls
1801.346 - qfactsemantics : 10917297 cls
1801.346 - indirectframeaxioms : 8451782 cls
1801.346 - reductionconstraints : 5168783 cls
1801.346 - actionconstraints : 351159 cls
1801.346 - qconstequality : 225986 cls
1801.346 - substitutionconstraints : 176492 cls
1801.346 - atmostoneelement : 99721 cls
1801.346 - expansions : 38506 cls
1801.346 - predecessors : 32468 cls
1801.346 - actioneffects : 18435 cls
1801.346 - truefacts : 2904 cls
1801.346 - axiomaticops : 2 cls
1801.346 # instantiated positions: 6927
1801.346 # instantiated actions: 28739
1801.346 # instantiated reductions: 13270
1801.346 # introduced pseudo-constants: 6111
1801.346 # retroactive prunings: 0
1801.346 # retroactively pruned operations: 0
1801.346 # dominated operations: 9
1801.346 # total invalid rigid preconditions found in getPFC: 0
1801.346 # invalid rigid preconditions found in getPFC: 0
1801.346 # invalid rigid preconditions found in getPFC in varrestrictions: 0
1801.346 # total invalid fluent preconditions found in getPFC: 57
1801.346 # invalid fluent preconditions found in getPFC: 49
1801.346 # invalid fluent preconditions found in getPFC in varrestrictions: 8
1801.346 # invalid fluent preconditions found in getPFC via postconditions: 0
1801.346 # invalid subtasks found in getPFC: 0
1801.346 # number effects in operation fact_frames: 230
1801.346 Exiting happily.

RUNWATCH_RESULT TIMEOUT RETVAL 0 TIME_SECS 1802.19 MEMPEAK_KBS 14210132
