    _           _         _
   \ |         \ |       | |                       
   | |     __  | |      _| |______                
   | |     \/  | |     /_   ______\                
   | |      _  | |   __  | |  ___   ___   ___       
   | |___  | | | |  / .\ | | / , | |   \ / ·_\    
   \_____\ |_| |__\ \__/ |_| \___) |_|_| \___\  
[39mL i l o t a n e  version rls-glucose4
by Dominik Schreiber <dominik.schreiber@kit.edu> 2020-2021
using SAT solver glucose4

0.006 Parser finished.
0.006 Structures extracted.
0.007 20 operators and 16 methods created.
0.094 Mined 11 new reduction preconditions (+18.3%).
0.094 Iteration 0.
0.094 Creating initial layer of size 2
0.125 Attempting to solve formula with 77 clauses (114 literals) and 1 assumptions
0.125 Unsolvable at layer 0 -- expanding.
0.125 Iteration 1.
0.125 New layer size: 5
0.125 Instantiating ...
0.607 Collected 1020 relevant facts at this layer
0.607 Encoding ...
0.618 Attempting to solve formula with 20519 clauses (52899 literals) and 4 assumptions
0.618 Unsolvable at layer 1 -- expanding.
0.618 Iteration 2.
0.618 New layer size: 9
0.618 Instantiating ...
1.635 Collected 1120 relevant facts at this layer
1.635 Encoding ...
1.667 Attempting to solve formula with 69586 clauses (195589 literals) and 4 assumptions
1.668 Unsolvable at layer 2 -- expanding.
1.668 Iteration 3.
1.668 New layer size: 21
1.668 Instantiating ...
3.257 Collected 1144 relevant facts at this layer
3.257 Encoding ...
3.347 Attempting to solve formula with 171939 clauses (503849 literals) and 8 assumptions
3.350 Unsolvable at layer 3 -- expanding.
3.350 Iteration 4.
3.350 New layer size: 37
3.350 Instantiating ...
5.951 Collected 1144 relevant facts at this layer
5.951 Encoding ...
6.121 Attempting to solve formula with 335591 clauses (995327 literals) and 12 assumptions
6.126 Unsolvable at layer 4 -- expanding.
6.126 Iteration 5.
6.126 New layer size: 65
6.126 Instantiating ...
10.388 Collected 1144 relevant facts at this layer
10.388 Encoding ...
10.693 Attempting to solve formula with 609887 clauses (1824628 literals) and 20 assumptions
10.700 Unsolvable at layer 5 -- expanding.
10.701 Iteration 6.
10.701 New layer size: 109
10.701 Instantiating ...
17.654 Collected 1144 relevant facts at this layer
17.654 Encoding ...
18.168 Attempting to solve formula with 1054480 clauses (3169294 literals) and 32 assumptions
18.183 Unsolvable at layer 6 -- expanding.
18.183 Iteration 7.
18.183 New layer size: 181
18.183 Instantiating ...
29.362 Collected 1144 relevant facts at this layer
29.362 Encoding ...
30.215 Attempting to solve formula with 1780001 clauses (5367014 literals) and 52 assumptions
30.270 Unsolvable at layer 7 -- expanding.
30.270 Iteration 8.
30.270 New layer size: 297
30.270 Instantiating ...
48.306 Collected 1144 relevant facts at this layer
48.306 Encoding ...
49.649 Attempting to solve formula with 2956746 clauses (8933150 literals) and 84 assumptions
49.725 Unsolvable at layer 8 -- expanding.
49.725 Iteration 9.
49.726 New layer size: 485
49.726 Instantiating ...
79.072 Collected 1144 relevant facts at this layer
79.072 Encoding ...
81.351 Attempting to solve formula with 4865643 clauses (14720756 literals) and 136 assumptions
81.534 Unsolvable at layer 9 -- expanding.
81.534 Iteration 10.
81.535 New layer size: 789
81.535 Instantiating ...
128.934 Collected 1144 relevant facts at this layer
128.934 Encoding ...
132.575 Attempting to solve formula with 7957916 clauses (24098248 literals) and 220 assumptions
132.717 Unsolvable at layer 10 -- expanding.
132.717 Iteration 11.
132.718 New layer size: 1281
132.718 Instantiating ...
209.100 Collected 1144 relevant facts at this layer
209.100 Encoding ...
215.120 Attempting to solve formula with 12965717 clauses (39287096 literals) and 356 assumptions
215.697 Unsolvable at layer 11 -- expanding.
215.697 Iteration 12.
215.698 New layer size: 2077
215.698 Instantiating ...
339.783 Collected 1144 relevant facts at this layer
339.783 Encoding ...
350.651 Attempting to solve formula with 21072422 clauses (63877186 literals) and 576 assumptions
353.490 Unsolvable at layer 12 -- expanding.
353.491 Iteration 13.
353.493 New layer size: 3365
353.493 Instantiating ...
555.980 Collected 1144 relevant facts at this layer
555.980 Encoding ...
574.732 Attempting to solve formula with 34193559 clauses (103679874 literals) and 932 assumptions
579.628 Unsolvable at layer 13 -- expanding.
579.628 Iteration 14.
579.629 New layer size: 5449
579.629 Instantiating ...
910.192 Collected 1144 relevant facts at this layer
910.192 Encoding ...
910.997 Termination signal caught.
910.997 Total amount of clauses encoded: 34653337
910.997 - directframeaxioms : 10598354 cls
910.997 - reductionconstraints : 10327430 cls
910.997 - qfactsemantics : 6937697 cls
910.997 - indirectframeaxioms : 5404261 cls
910.997 - actionconstraints : 690702 cls
910.997 - qconstequality : 221882 cls
910.997 - atmostoneelement : 164588 cls
910.997 - substitutionconstraints : 159742 cls
910.997 - expansions : 63590 cls
910.997 - predecessors : 53638 cls
910.997 - actioneffects : 30307 cls
910.997 - truefacts : 1144 cls
910.997 - axiomaticops : 2 cls
910.997 # instantiated positions: 14171
910.997 # instantiated actions: 58881
910.997 # instantiated reductions: 27025
910.997 # introduced pseudo-constants: 12599
910.997 # retroactive prunings: 0
910.997 # retroactively pruned operations: 0
910.997 # dominated operations: 2
910.997 # total invalid rigid preconditions found in getPFC: 0
910.997 # invalid rigid preconditions found in getPFC: 0
910.997 # invalid rigid preconditions found in getPFC in varrestrictions: 0
910.997 # total invalid fluent preconditions found in getPFC: 16
910.997 # invalid fluent preconditions found in getPFC: 16
910.997 # invalid fluent preconditions found in getPFC in varrestrictions: 0
910.997 # invalid fluent preconditions found in getPFC via postconditions: 0
910.997 # invalid subtasks found in getPFC: 0
910.997 # number effects in operation fact_frames: 230
910.997 Exiting happily.

RUNWATCH_RESULT MEMOUT RETVAL 0 TIME_SECS 911.951 MEMPEAK_KBS 16019984
