    _           _         _
   \ |         \ |       | |                       
   | |     __  | |      _| |______                
   | |     \/  | |     /_   ______\                
   | |      _  | |   __  | |  ___   ___   ___       
   | |___  | | | |  / .\ | | / , | |   \ / ·_\    
   \_____\ |_| |__\ \__/ |_| \___) |_|_| \___\  
[39mL i l o t a n e  version rls-glucose4
by Dominik Schreiber <dominik.schreiber@kit.edu> 2020-2021
using SAT solver glucose4

0.811 Parser finished.
0.811 Structures extracted.
0.812 38 operators and 17 methods created.
0.877 Mined 30 new reduction preconditions (+96.8%).
0.877 Iteration 0.
0.877 Creating initial layer of size 2
1.069 Attempting to solve formula with 95 clauses (141 literals) and 1 assumptions
1.069 Unsolvable at layer 0 -- expanding.
1.069 Iteration 1.
1.069 New layer size: 47
1.069 Instantiating ...
5.085 Collected 46 relevant facts at this layer
5.085 Encoding ...
5.162 Attempting to solve formula with 39556 clauses (95096 literals) and 46 assumptions
5.167 Unsolvable at layer 1 -- expanding.
5.167 Iteration 2.
5.167 New layer size: 185
5.167 Instantiating ...
17.955 Collected 3627 relevant facts at this layer
17.955 Encoding ...
19.119 Attempting to solve formula with 840116 clauses (2702286 literals) and 111 assumptions
19.119 Unsolvable at layer 2 -- expanding.
19.119 Iteration 3.
19.119 New layer size: 342
19.119 Instantiating ...
19.182 Retroactively prune action (__SURROGATE*m3_do_navigate2*navigate* Q_1,0_rover:0_48e0061451f2a766 Q_2,0_waypoint:0_615c068f198f4df3 waypoint119) due to impossible effect (at Q_1,0_rover:0_48e0061451f2a766 waypoint119)
36.653 Collected 3747 relevant facts at this layer
36.653 Encoding ...
39.562 Attempting to solve formula with 3489604 clauses (11839057 literals) and 111 assumptions
39.563 Unsolvable at layer 3 -- expanding.
39.563 Iteration 4.
39.563 New layer size: 610
39.563 Instantiating ...
80.240 Collected 3747 relevant facts at this layer
80.240 Encoding ...
89.272 Attempting to solve formula with 9125594 clauses (34746886 literals) and 111 assumptions
112.144 Unsolvable at layer 4 -- expanding.
112.144 Iteration 5.
112.144 New layer size: 943
112.144 Instantiating ...
170.369 Collected 3747 relevant facts at this layer
170.369 Encoding ...
185.130 Attempting to solve formula with 17106826 clauses (68126796 literals) and 111 assumptions
c
c Try to adapt solver strategies
c 
c Nothing extreme in this problem, continue with glucose default strategies.
c
1801.673 Termination signal caught.
1801.673 Total amount of clauses encoded: 17106826
1801.673 - directframeaxioms : 5136622 cls
1801.673 - indirectframeaxioms : 4717007 cls
1801.673 - qfactsemantics : 3888598 cls
1801.673 - substitutionconstraints : 2708974 cls
1801.673 - reductionconstraints : 512023 cls
1801.673 - qconstequality : 120042 cls
1801.673 - expansions : 5154 cls
1801.673 - predecessors : 4864 cls
1801.673 - atmostoneelement : 4218 cls
1801.673 - actionconstraints : 3901 cls
1801.673 - truefacts : 3747 cls
1801.673 - actioneffects : 1674 cls
1801.673 - axiomaticops : 2 cls
1801.673 # instantiated positions: 2128
1801.673 # instantiated actions: 4375
1801.673 # instantiated reductions: 491
1801.673 # introduced pseudo-constants: 647
1801.673 # retroactive prunings: 1
1801.673 # retroactively pruned operations: 1
1801.673 # dominated operations: 0
1801.673 # total invalid rigid preconditions found in getPFC: 54
1801.673 # invalid rigid preconditions found in getPFC: 54
1801.673 # invalid rigid preconditions found in getPFC in varrestrictions: 0
1801.673 # total invalid fluent preconditions found in getPFC: 7
1801.673 # invalid fluent preconditions found in getPFC: 7
1801.673 # invalid fluent preconditions found in getPFC in varrestrictions: 0
1801.673 # invalid fluent preconditions found in getPFC via postconditions: 0
1801.673 # invalid subtasks found in getPFC: 0
1801.673 # number effects in operation fact_frames: 310
1801.673 Exiting happily.

RUNWATCH_RESULT TIMEOUT RETVAL 0 TIME_SECS 1802.05 MEMPEAK_KBS 6807712
