    _           _         _
   \ |         \ |       | |                       
   | |     __  | |      _| |______                
   | |     \/  | |     /_   ______\                
   | |      _  | |   __  | |  ___   ___   ___       
   | |___  | | | |  / .\ | | / , | |   \ / ·_\    
   \_____\ |_| |__\ \__/ |_| \___) |_|_| \___\  
[39mL i l o t a n e  version rls-glucose4
by Dominik Schreiber <dominik.schreiber@kit.edu> 2020-2021
using SAT solver glucose4

0.844 Parser finished.
0.845 Structures extracted.
0.850 19 operators and 15 methods created.
12.070 Mined 11 new reduction preconditions (+1.3%).
12.070 Iteration 0.
12.070 Creating initial layer of size 2
20.232 Attempting to solve formula with 1761 clauses (2640 literals) and 1 assumptions
20.232 Unsolvable at layer 0 -- expanding.
20.232 Iteration 1.
20.232 New layer size: 2
20.232 Instantiating ...
30.521 Collected 879 relevant facts at this layer
30.521 Encoding ...
31.840 Attempting to solve formula with 11541 clauses (31087 literals) and 1 assumptions
32.037 Unsolvable at layer 1 -- expanding.
32.037 Iteration 2.
32.038 New layer size: 3
32.038 Instantiating ...
35.185 Retroactively prune action (__SURROGATE*newMethod9*pickup* Q_1,0_BLOCK:0_61261fcd53bfb3b4) due to impossible effect !(on-table Q_1,0_BLOCK:0_61261fcd53bfb3b4)
66.912 Collected 2602 relevant facts at this layer
66.912 Encoding ...
68.657 Attempting to solve formula with 113776 clauses (332679 literals) and 1 assumptions
68.850 Unsolvable at layer 2 -- expanding.
68.850 Iteration 3.
68.851 New layer size: 6
68.851 Instantiating ...
149.095 Collected 726722 relevant facts at this layer
149.095 Encoding ...
166.973 Attempting to solve formula with 9008661 clauses (30505963 literals) and 3 assumptions
167.937 Unsolvable at layer 3 -- expanding.
167.937 Iteration 4.
167.937 New layer size: 11
167.937 Instantiating ...
325.372 Collected 726722 relevant facts at this layer
325.372 Encoding ...
370.687 Attempting to solve formula with 31964430 clauses (114455827 literals) and 5 assumptions
372.128 Unsolvable at layer 4 -- expanding.
372.128 Iteration 5.
372.128 New layer size: 22
372.128 Instantiating ...
566.570 Termination signal caught.
566.570 Total amount of clauses encoded: 31964430
566.570 - directframeaxioms : 14553250 cls
566.570 - qfactsemantics : 8739029 cls
566.570 - indirectframeaxioms : 7173357 cls
566.570 - truefacts : 726722 cls
566.570 - reductionconstraints : 681676 cls
566.570 - actionconstraints : 46917 cls
566.570 - substitutionconstraints : 21604 cls
566.570 - qconstequality : 21198 cls
566.570 - atmostoneelement : 364 cls
566.570 - predecessors : 117 cls
566.570 - expansions : 116 cls
566.570 - actioneffects : 78 cls
566.570 - axiomaticops : 2 cls
566.570 # instantiated positions: 37
566.570 # instantiated actions: 117
566.570 # instantiated reductions: 104
566.570 # introduced pseudo-constants: 50
566.570 # retroactive prunings: 1
566.570 # retroactively pruned operations: 1
566.570 # dominated operations: 3
566.570 Exiting happily.

RUNWATCH_RESULT MEMOUT RETVAL 0 TIME_SECS 567.645 MEMPEAK_KBS 16364604
