    _           _         _
   \ |         \ |       | |                       
   | |     __  | |      _| |______                
   | |     \/  | |     /_   ______\                
   | |      _  | |   __  | |  ___   ___   ___       
   | |___  | | | |  / .\ | | / , | |   \ / ·_\    
   \_____\ |_| |__\ \__/ |_| \___) |_|_| \___\  
[39mL i l o t a n e  version rls-glucose4
by Dominik Schreiber <dominik.schreiber@kit.edu> 2020-2021
using SAT solver glucose4

0.024 Parser finished.
0.025 Structures extracted.
0.025 9 operators and 7 methods created.
0.033 Mined 12 new reduction preconditions (+inf%).
0.033 Iteration 0.
0.033 Creating initial layer of size 2
0.076 Attempting to solve formula with 3 clauses (3 literals) and 1 assumptions
0.076 Unsolvable at layer 0 -- expanding.
0.076 Iteration 1.
0.076 New layer size: 101
0.076 Instantiating ...
0.609 Collected 0 relevant facts at this layer
0.609 Encoding ...
0.655 Attempting to solve formula with 59705 clauses (169707 literals) and 100 assumptions
0.657 Unsolvable at layer 1 -- expanding.
0.657 Iteration 2.
0.657 New layer size: 401
0.657 Instantiating ...
2.077 Collected 1592 relevant facts at this layer
2.077 Encoding ...
3.668 Attempting to solve formula with 1231487 clauses (4755955 literals) and 200 assumptions
3.866 Unsolvable at layer 2 -- expanding.
3.866 Iteration 3.
3.866 New layer size: 601
3.866 Instantiating ...
6.346 Collected 1592 relevant facts at this layer
6.346 Encoding ...
9.697 Attempting to solve formula with 3104560 clauses (12278306 literals) and 200 assumptions
9.710 Unsolvable at layer 3 -- expanding.
9.710 Iteration 4.
9.710 New layer size: 801
9.710 Instantiating ...
13.019 Collected 1592 relevant facts at this layer
13.019 Encoding ...
17.689 Attempting to solve formula with 5395664 clauses (21778959 literals) and 200 assumptions
72.988 Unsolvable at layer 4 -- expanding.
72.988 Iteration 5.
72.989 New layer size: 1001
72.989 Instantiating ...
77.678 Collected 1592 relevant facts at this layer
77.678 Encoding ...
83.314 Attempting to solve formula with 8160425 clauses (33545892 literals) and 200 assumptions
83.341 Unsolvable at layer 5 -- expanding.
83.341 Iteration 6.
83.341 New layer size: 1201
83.341 Instantiating ...
88.853 Collected 1592 relevant facts at this layer
88.853 Encoding ...
96.097 Attempting to solve formula with 11459676 clauses (47925140 literals) and 200 assumptions
96.193 Unsolvable at layer 6 -- expanding.
96.193 Iteration 7.
96.194 New layer size: 1401
96.194 Instantiating ...
102.905 Collected 1592 relevant facts at this layer
102.905 Encoding ...
111.728 Attempting to solve formula with 15305160 clauses (64970815 literals) and 200 assumptions
c
c Try to adapt solver strategies
c 
c Nothing extreme in this problem, continue with glucose default strategies.
c
1801.970 Termination signal caught.
1801.971 Total amount of clauses encoded: 15305160
1801.971 - indirectframeaxioms : 8970852 cls
1801.971 - directframeaxioms : 2480400 cls
1801.971 - qfactsemantics : 2088612 cls
1801.971 - actionconstraints : 692271 cls
1801.971 - reductionconstraints : 594590 cls
1801.971 - qconstequality : 216476 cls
1801.971 - substitutionconstraints : 177710 cls
1801.971 - atmostoneelement : 41434 cls
1801.971 - expansions : 19327 cls
1801.971 - predecessors : 16694 cls
1801.971 - actioneffects : 5200 cls
1801.971 - truefacts : 1592 cls
1801.971 - axiomaticops : 2 cls
1801.971 # instantiated positions: 5508
1801.971 # instantiated actions: 15394
1801.971 # instantiated reductions: 1301
1801.971 # introduced pseudo-constants: 2365
1801.971 # retroactive prunings: 0
1801.971 # retroactively pruned operations: 0
1801.971 # dominated operations: 82
1801.971 # total invalid rigid preconditions found in getPFC: 0
1801.971 # invalid rigid preconditions found in getPFC: 0
1801.971 # invalid rigid preconditions found in getPFC in varrestrictions: 0
1801.971 # total invalid fluent preconditions found in getPFC: 0
1801.971 # invalid fluent preconditions found in getPFC: 0
1801.971 # invalid fluent preconditions found in getPFC in varrestrictions: 0
1801.971 # invalid fluent preconditions found in getPFC via postconditions: 0
1801.971 # invalid subtasks found in getPFC: 0
1801.971 # number effects in operation fact_frames: 468
1801.971 Exiting happily.

RUNWATCH_RESULT TIMEOUT RETVAL 0 TIME_SECS 1802.25 MEMPEAK_KBS 3744180
