    _           _         _
   \ |         \ |       | |                       
   | |     __  | |      _| |______                
   | |     \/  | |     /_   ______\                
   | |      _  | |   __  | |  ___   ___   ___       
   | |___  | | | |  / .\ | | / , | |   \ / ·_\    
   \_____\ |_| |__\ \__/ |_| \___) |_|_| \___\  
[39mL i l o t a n e  version rls-glucose4
by Dominik Schreiber <dominik.schreiber@kit.edu> 2020-2021
using SAT solver glucose4

0.012 Parser finished.
0.012 Structures extracted.
0.014 72 operators and 56 methods created.
0.378 Mined 27 new reduction preconditions (+39.7%).
0.378 Iteration 0.
0.378 Creating initial layer of size 2
1.762 Attempting to solve formula with 3 clauses (3 literals) and 1 assumptions
1.762 Unsolvable at layer 0 -- expanding.
1.762 Iteration 1.
1.762 New layer size: 22
1.762 Instantiating ...
4.940 Collected 60 relevant facts at this layer
4.941 Encoding ...
4.956 Attempting to solve formula with 2808 clauses (8032 literals) and 21 assumptions
4.956 Unsolvable at layer 1 -- expanding.
4.956 Iteration 2.
4.956 New layer size: 43
4.956 Instantiating ...
35.831 Collected 321 relevant facts at this layer
35.831 Encoding ...
35.859 Attempting to solve formula with 23101 clauses (62118 literals) and 21 assumptions
35.859 Unsolvable at layer 2 -- expanding.
35.859 Iteration 3.
35.859 New layer size: 64
35.859 Instantiating ...
109.701 Collected 511 relevant facts at this layer
109.701 Encoding ...
109.742 Attempting to solve formula with 44168 clauses (119427 literals) and 42 assumptions
109.742 Unsolvable at layer 3 -- expanding.
109.742 Iteration 4.
109.742 New layer size: 85
109.742 Instantiating ...
109.744 Retroactively prune reduction (_splitting_method_DO-AT-LOAD-AIRPLANE0_splitted_2 OBJ13 Q_3,0_AIRPLANE:0_982a7c33a6bd65bf POS1)@(3,0): no children at offset 0
110.326 Retroactively prune reduction (M15-ACHIEVE-AT0 Q_3,1_AIRPLANE:0_982a7c33a6bd65bf OBJ13 APT2)@(3,1): no children at offset 0
211.472 Collected 524 relevant facts at this layer
211.472 Encoding ...
211.531 Attempting to solve formula with 71925 clauses (193440 literals) and 63 assumptions
211.531 Unsolvable at layer 4 -- expanding.
211.531 Iteration 5.
211.531 New layer size: 148
211.531 Instantiating ...
341.541 Collected 1162 relevant facts at this layer
341.541 Encoding ...
341.771 Attempting to solve formula with 229503 clauses (701938 literals) and 84 assumptions
341.771 Unsolvable at layer 5 -- expanding.
341.771 Iteration 6.
341.772 New layer size: 232
341.772 Instantiating ...
500.518 Collected 1162 relevant facts at this layer
500.518 Encoding ...
500.945 Attempting to solve formula with 506767 clauses (1623266 literals) and 105 assumptions
500.946 Unsolvable at layer 6 -- expanding.
500.946 Iteration 7.
500.946 New layer size: 337
500.946 Instantiating ...
690.790 Collected 1162 relevant facts at this layer
690.790 Encoding ...
691.488 Attempting to solve formula with 884762 clauses (2897475 literals) and 126 assumptions
691.935 Unsolvable at layer 7 -- expanding.
691.935 Iteration 8.
691.935 New layer size: 463
691.935 Instantiating ...
910.990 Collected 1162 relevant facts at this layer
910.990 Encoding ...
911.934 Attempting to solve formula with 1359457 clauses (4520435 literals) and 147 assumptions
912.027 Unsolvable at layer 8 -- expanding.
912.027 Iteration 9.
912.027 New layer size: 610
912.027 Instantiating ...
1162.691 Collected 1162 relevant facts at this layer
1162.691 Encoding ...
1164.016 Attempting to solve formula with 1921646 clauses (6445767 literals) and 168 assumptions
1164.231 Unsolvable at layer 9 -- expanding.
1164.231 Iteration 10.
1164.231 New layer size: 778
1164.231 Instantiating ...
1446.284 Collected 1162 relevant facts at this layer
1446.284 Encoding ...
1447.912 Attempting to solve formula with 2571120 clauses (8671649 literals) and 189 assumptions
1468.541 Unsolvable at layer 10 -- expanding.
1468.541 Iteration 11.
1468.542 New layer size: 967
1468.542 Instantiating ...
1779.292 Collected 1162 relevant facts at this layer
1779.293 Encoding ...
1781.348 Attempting to solve formula with 3308097 clauses (11198096 literals) and 210 assumptions
1801.499 Termination signal caught.
1801.499 Total amount of clauses encoded: 3308097
1801.499 - directframeaxioms : 1356182 cls
1801.499 - qfactsemantics : 738974 cls
1801.499 - indirectframeaxioms : 736383 cls
1801.499 - reductionconstraints : 263306 cls
1801.499 - atmostoneelement : 91152 cls
1801.499 - expansions : 25244 cls
1801.499 - predecessors : 24526 cls
1801.499 - actionconstraints : 22588 cls
1801.499 - substitutionconstraints : 20510 cls
1801.499 - qconstequality : 19656 cls
1801.499 - actioneffects : 5820 cls
1801.499 - qtypeconstraints : 2589 cls
1801.499 - truefacts : 1162 cls
1801.499 - forbiddenoperations : 3 cls
1801.499 - axiomaticops : 2 cls
1801.499 # instantiated positions: 3750
1801.499 # instantiated actions: 18652
1801.499 # instantiated reductions: 5875
1801.499 # introduced pseudo-constants: 3188
1801.499 # retroactive prunings: 4
1801.499 # retroactively pruned operations: 5
1801.499 # dominated operations: 0
1801.499 # total invalid rigid preconditions found in getPFC: 0
1801.499 # invalid rigid preconditions found in getPFC: 0
1801.499 # invalid rigid preconditions found in getPFC in varrestrictions: 0
1801.499 # total invalid fluent preconditions found in getPFC: 128
1801.499 # invalid fluent preconditions found in getPFC: 44
1801.499 # invalid fluent preconditions found in getPFC in varrestrictions: 84
1801.499 # invalid fluent preconditions found in getPFC via postconditions: 0
1801.499 # invalid subtasks found in getPFC: 0
1801.499 # number effects in operation fact_frames: 604
1801.499 Exiting happily.

RUNWATCH_RESULT TIMEOUT RETVAL 0 TIME_SECS 1801.61 MEMPEAK_KBS 1217324
