    _           _         _
   \ |         \ |       | |                       
   | |     __  | |      _| |______                
   | |     \/  | |     /_   ______\                
   | |      _  | |   __  | |  ___   ___   ___       
   | |___  | | | |  / .\ | | / , | |   \ / ·_\    
   \_____\ |_| |__\ \__/ |_| \___) |_|_| \___\  
[39mL i l o t a n e  version rls-glucose4
by Dominik Schreiber <dominik.schreiber@kit.edu> 2020-2021
using SAT solver glucose4

0.016 Parser finished.
0.016 Structures extracted.
0.017 72 operators and 56 methods created.
0.322 Mined 27 new reduction preconditions (+39.7%).
0.322 Iteration 0.
0.322 Creating initial layer of size 2
3.974 Attempting to solve formula with 3 clauses (3 literals) and 1 assumptions
3.974 Unsolvable at layer 0 -- expanding.
3.974 Iteration 1.
3.974 New layer size: 33
3.974 Instantiating ...
7.662 Collected 93 relevant facts at this layer
7.662 Encoding ...
7.700 Attempting to solve formula with 6394 clauses (18581 literals) and 32 assumptions
7.700 Unsolvable at layer 1 -- expanding.
7.700 Iteration 2.
7.700 New layer size: 65
7.700 Instantiating ...
46.515 Collected 745 relevant facts at this layer
46.515 Encoding ...
46.605 Attempting to solve formula with 75351 clauses (204204 literals) and 32 assumptions
46.605 Unsolvable at layer 2 -- expanding.
46.605 Iteration 3.
46.605 New layer size: 97
46.605 Instantiating ...
142.678 Collected 1194 relevant facts at this layer
142.678 Encoding ...
142.806 Attempting to solve formula with 146913 clauses (398906 literals) and 64 assumptions
142.806 Unsolvable at layer 3 -- expanding.
142.806 Iteration 4.
142.806 New layer size: 129
142.806 Instantiating ...
142.810 Retroactively prune reduction (_splitting_method_DO-AT-LOAD-AIRPLANE0_splitted_2 OBJ102 Q_3,0_AIRPLANE:0_8bd8e2e11a122f53 POS10)@(3,0): no children at offset 0
143.804 Retroactively prune reduction (M15-ACHIEVE-AT0 Q_3,1_AIRPLANE:0_8bd8e2e11a122f53 OBJ102 POS11)@(3,1): no children at offset 0
280.190 Collected 1215 relevant facts at this layer
280.190 Encoding ...
280.368 Attempting to solve formula with 239404 clauses (643193 literals) and 96 assumptions
280.369 Unsolvable at layer 4 -- expanding.
280.369 Iteration 5.
280.369 New layer size: 225
280.369 Instantiating ...
459.704 Collected 2790 relevant facts at this layer
459.704 Encoding ...
460.468 Attempting to solve formula with 811754 clauses (2503347 literals) and 128 assumptions
460.468 Unsolvable at layer 5 -- expanding.
460.468 Iteration 6.
460.468 New layer size: 353
460.468 Instantiating ...
683.299 Collected 2790 relevant facts at this layer
683.299 Encoding ...
684.672 Attempting to solve formula with 1820655 clauses (5882552 literals) and 160 assumptions
684.673 Unsolvable at layer 6 -- expanding.
684.673 Iteration 7.
684.673 New layer size: 513
684.673 Instantiating ...
954.635 Collected 2790 relevant facts at this layer
954.635 Encoding ...
956.840 Attempting to solve formula with 3188487 clauses (10534099 literals) and 192 assumptions
957.806 Unsolvable at layer 7 -- expanding.
957.806 Iteration 8.
957.806 New layer size: 705
957.806 Instantiating ...
1272.805 Collected 2790 relevant facts at this layer
1272.805 Encoding ...
1275.708 Attempting to solve formula with 4899353 clauses (16441036 literals) and 224 assumptions
1275.799 Unsolvable at layer 8 -- expanding.
1275.799 Iteration 9.
1275.799 New layer size: 929
1275.799 Instantiating ...
1637.920 Collected 2790 relevant facts at this layer
1637.920 Encoding ...
1641.787 Attempting to solve formula with 6918192 clauses (23428322 literals) and 256 assumptions
1642.108 Unsolvable at layer 9 -- expanding.
1642.108 Iteration 10.
1642.108 New layer size: 1185
1642.108 Instantiating ...
1801.231 Termination signal caught.
1801.231 Total amount of clauses encoded: 6918192
1801.231 - directframeaxioms : 3207394 cls
1801.231 - indirectframeaxioms : 1532750 cls
1801.231 - qfactsemantics : 1455744 cls
1801.231 - reductionconstraints : 538987 cls
1801.231 - atmostoneelement : 70348 cls
1801.231 - actionconstraints : 26157 cls
1801.231 - expansions : 19375 cls
1801.231 - predecessors : 19275 cls
1801.231 - substitutionconstraints : 19234 cls
1801.231 - qconstequality : 18843 cls
1801.231 - actioneffects : 5091 cls
1801.231 - truefacts : 2790 cls
1801.231 - qtypeconstraints : 2199 cls
1801.231 - forbiddenoperations : 3 cls
1801.231 - axiomaticops : 2 cls
1801.231 # instantiated positions: 3488
1801.231 # instantiated actions: 16300
1801.231 # instantiated reductions: 5973
1801.231 # introduced pseudo-constants: 3149
1801.231 # retroactive prunings: 4
1801.231 # retroactively pruned operations: 5
1801.231 # dominated operations: 0
1801.231 # total invalid rigid preconditions found in getPFC: 0
1801.231 # invalid rigid preconditions found in getPFC: 0
1801.231 # invalid rigid preconditions found in getPFC in varrestrictions: 0
1801.231 # total invalid fluent preconditions found in getPFC: 172
1801.231 # invalid fluent preconditions found in getPFC: 44
1801.231 # invalid fluent preconditions found in getPFC in varrestrictions: 128
1801.231 # invalid fluent preconditions found in getPFC via postconditions: 0
1801.231 # invalid subtasks found in getPFC: 0
1801.231 # number effects in operation fact_frames: 670
1801.231 Exiting happily.

RUNWATCH_RESULT TIMEOUT RETVAL 0 TIME_SECS 1801.52 MEMPEAK_KBS 3682764
