    _           _         _
   \ |         \ |       | |                       
   | |     __  | |      _| |______                
   | |     \/  | |     /_   ______\                
   | |      _  | |   __  | |  ___   ___   ___       
   | |___  | | | |  / .\ | | / , | |   \ / ·_\    
   \_____\ |_| |__\ \__/ |_| \___) |_|_| \___\  
[39mL i l o t a n e  version rls-glucose4
by Dominik Schreiber <dominik.schreiber@kit.edu> 2020-2021
using SAT solver glucose4

0.015 Parser finished.
0.015 Structures extracted.
0.017 72 operators and 56 methods created.
0.369 Mined 27 new reduction preconditions (+39.7%).
0.369 Iteration 0.
0.369 Creating initial layer of size 2
3.349 Attempting to solve formula with 3 clauses (3 literals) and 1 assumptions
3.349 Unsolvable at layer 0 -- expanding.
3.349 Iteration 1.
3.349 New layer size: 26
3.349 Instantiating ...
5.133 Collected 70 relevant facts at this layer
5.133 Encoding ...
5.163 Attempting to solve formula with 3695 clauses (10629 literals) and 24 assumptions
5.163 Unsolvable at layer 1 -- expanding.
5.163 Iteration 2.
5.163 New layer size: 50
5.163 Instantiating ...
25.564 Collected 462 relevant facts at this layer
25.564 Encoding ...
25.618 Attempting to solve formula with 37016 clauses (99466 literals) and 24 assumptions
25.618 Unsolvable at layer 2 -- expanding.
25.618 Iteration 3.
25.618 New layer size: 74
25.618 Instantiating ...
81.114 Collected 751 relevant facts at this layer
81.114 Encoding ...
81.188 Attempting to solve formula with 72082 clauses (194252 literals) and 48 assumptions
81.188 Unsolvable at layer 3 -- expanding.
81.188 Iteration 4.
81.188 New layer size: 98
81.188 Instantiating ...
81.191 Retroactively prune reduction (_splitting_method_DO-AT-LOAD-AIRPLANE0_splitted_2 OBJ73 Q_3,1_AIRPLANE:0_8f66cca5f7e84d39 POS7)@(3,1): no children at offset 0
81.952 Retroactively prune reduction (M15-ACHIEVE-AT0 Q_3,2_AIRPLANE:0_8f66cca5f7e84d39 OBJ73 POS8)@(3,2): no children at offset 0
168.354 Collected 768 relevant facts at this layer
168.354 Encoding ...
168.455 Attempting to solve formula with 118452 clauses (316471 literals) and 72 assumptions
168.456 Unsolvable at layer 4 -- expanding.
168.456 Iteration 5.
168.456 New layer size: 170
168.456 Instantiating ...
288.415 Collected 1807 relevant facts at this layer
288.415 Encoding ...
288.820 Attempting to solve formula with 412574 clauses (1271690 literals) and 96 assumptions
288.820 Unsolvable at layer 5 -- expanding.
288.820 Iteration 6.
288.820 New layer size: 266
288.820 Instantiating ...
442.381 Collected 1807 relevant facts at this layer
442.381 Encoding ...
443.158 Attempting to solve formula with 934896 clauses (3018277 literals) and 120 assumptions
443.158 Unsolvable at layer 6 -- expanding.
443.158 Iteration 7.
443.158 New layer size: 386
443.158 Instantiating ...
633.210 Collected 1807 relevant facts at this layer
633.210 Encoding ...
634.453 Attempting to solve formula with 1645076 clauses (5429205 literals) and 144 assumptions
637.280 Unsolvable at layer 7 -- expanding.
637.280 Iteration 8.
637.280 New layer size: 530
637.280 Instantiating ...
861.904 Collected 1807 relevant facts at this layer
861.904 Encoding ...
863.608 Attempting to solve formula with 2535108 clauses (8495993 literals) and 168 assumptions
863.784 Unsolvable at layer 8 -- expanding.
863.784 Iteration 9.
863.784 New layer size: 698
863.784 Instantiating ...
1126.018 Collected 1807 relevant facts at this layer
1126.018 Encoding ...
1128.360 Attempting to solve formula with 3586877 clauses (12128274 literals) and 192 assumptions
1128.530 Unsolvable at layer 9 -- expanding.
1128.530 Iteration 10.
1128.531 New layer size: 890
1128.531 Instantiating ...
1427.705 Collected 1807 relevant facts at this layer
1427.705 Encoding ...
1430.738 Attempting to solve formula with 4799858 clauses (16322768 literals) and 216 assumptions
1430.955 Unsolvable at layer 10 -- expanding.
1430.955 Iteration 11.
1430.955 New layer size: 1106
1430.955 Instantiating ...
1769.931 Collected 1807 relevant facts at this layer
1769.931 Encoding ...
1773.687 Attempting to solve formula with 6174125 clauses (21078810 literals) and 240 assumptions
1774.347 Unsolvable at layer 11 -- expanding.
1774.347 Iteration 12.
1774.347 New layer size: 1346
1774.347 Instantiating ...
1800.643 Termination signal caught.
1800.643 Total amount of clauses encoded: 6174125
1800.643 - directframeaxioms : 2566786 cls
1800.643 - qfactsemantics : 1426117 cls
1800.643 - indirectframeaxioms : 1421574 cls
1800.643 - reductionconstraints : 493823 cls
1800.643 - atmostoneelement : 104457 cls
1800.643 - actionconstraints : 34652 cls
1800.643 - substitutionconstraints : 29340 cls
1800.643 - expansions : 28921 cls
1800.643 - qconstequality : 28917 cls
1800.643 - predecessors : 28095 cls
1800.643 - actioneffects : 6664 cls
1800.643 - qtypeconstraints : 2967 cls
1800.643 - truefacts : 1807 cls
1800.643 - forbiddenoperations : 3 cls
1800.643 - axiomaticops : 2 cls
1800.643 # instantiated positions: 4394
1800.643 # instantiated actions: 21859
1800.643 # instantiated reductions: 6827
1800.643 # introduced pseudo-constants: 3713
1800.643 # retroactive prunings: 4
1800.643 # retroactively pruned operations: 5
1800.643 # dominated operations: 0
1800.643 # total invalid rigid preconditions found in getPFC: 0
1800.643 # invalid rigid preconditions found in getPFC: 0
1800.643 # invalid rigid preconditions found in getPFC in varrestrictions: 0
1800.643 # total invalid fluent preconditions found in getPFC: 138
1800.643 # invalid fluent preconditions found in getPFC: 42
1800.643 # invalid fluent preconditions found in getPFC in varrestrictions: 96
1800.643 # invalid fluent preconditions found in getPFC via postconditions: 0
1800.643 # invalid subtasks found in getPFC: 0
1800.643 # number effects in operation fact_frames: 628
1800.643 Exiting happily.

RUNWATCH_RESULT TIMEOUT RETVAL 0 TIME_SECS 1800.8 MEMPEAK_KBS 1884636
