    _           _         _
   \ |         \ |       | |                       
   | |     __  | |      _| |______                
   | |     \/  | |     /_   ______\                
   | |      _  | |   __  | |  ___   ___   ___       
   | |___  | | | |  / .\ | | / , | |   \ / ·_\    
   \_____\ |_| |__\ \__/ |_| \___) |_|_| \___\  
[39mL i l o t a n e  version rls-glucose4
by Dominik Schreiber <dominik.schreiber@kit.edu> 2020-2021
using SAT solver glucose4

0.008 Parser finished.
0.008 Structures extracted.
0.008 19 operators and 15 methods created.
0.027 Mined 11 new reduction preconditions (+14.9%).
0.027 Iteration 0.
0.027 Creating initial layer of size 2
0.052 Attempting to solve formula with 109 clauses (162 literals) and 1 assumptions
0.052 Unsolvable at layer 0 -- expanding.
0.052 Iteration 1.
0.052 New layer size: 2
0.052 Instantiating ...
0.125 Collected 53 relevant facts at this layer
0.125 Encoding ...
0.127 Attempting to solve formula with 1185 clauses (2377 literals) and 1 assumptions
0.127 Unsolvable at layer 1 -- expanding.
0.127 Iteration 2.
0.127 New layer size: 3
0.127 Instantiating ...
0.357 Collected 148 relevant facts at this layer
0.357 Encoding ...
0.361 Attempting to solve formula with 10526 clauses (22590 literals) and 1 assumptions
0.361 Unsolvable at layer 2 -- expanding.
0.361 Iteration 3.
0.361 New layer size: 6
0.362 Instantiating ...
0.568 Collected 2243 relevant facts at this layer
0.568 Encoding ...
0.605 Attempting to solve formula with 60645 clauses (161532 literals) and 3 assumptions
0.607 Unsolvable at layer 3 -- expanding.
0.607 Iteration 4.
0.607 New layer size: 11
0.607 Instantiating ...
1.032 Collected 2243 relevant facts at this layer
1.032 Encoding ...
1.126 Attempting to solve formula with 177388 clauses (512627 literals) and 5 assumptions
1.128 Unsolvable at layer 4 -- expanding.
1.128 Iteration 5.
1.128 New layer size: 22
1.128 Instantiating ...
2.028 Collected 2243 relevant facts at this layer
2.028 Encoding ...
2.292 Attempting to solve formula with 424181 clauses (1262398 literals) and 11 assumptions
2.304 Unsolvable at layer 5 -- expanding.
2.304 Iteration 6.
2.304 New layer size: 43
2.304 Instantiating ...
4.122 Collected 2243 relevant facts at this layer
4.122 Encoding ...
4.587 Attempting to solve formula with 933902 clauses (2825025 literals) and 21 assumptions
4.623 Unsolvable at layer 6 -- expanding.
4.623 Iteration 7.
4.623 New layer size: 86
4.623 Instantiating ...
8.341 Collected 2243 relevant facts at this layer
8.341 Encoding ...
9.481 Attempting to solve formula with 1965039 clauses (5990054 literals) and 43 assumptions
9.614 Unsolvable at layer 7 -- expanding.
9.614 Iteration 8.
9.614 New layer size: 171
9.614 Instantiating ...
17.202 Collected 2243 relevant facts at this layer
17.202 Encoding ...
19.406 Attempting to solve formula with 4043600 clauses (12383593 literals) and 85 assumptions
19.683 Unsolvable at layer 8 -- expanding.
19.683 Iteration 9.
19.683 New layer size: 342
19.683 Instantiating ...
35.177 Collected 2243 relevant facts at this layer
35.177 Encoding ...
39.518 Attempting to solve formula with 8212417 clauses (25210446 literals) and 171 assumptions
40.196 Unsolvable at layer 9 -- expanding.
40.196 Iteration 10.
40.196 New layer size: 683
40.196 Instantiating ...
71.596 Collected 2243 relevant facts at this layer
71.596 Encoding ...
80.234 Attempting to solve formula with 16566338 clauses (50927633 literals) and 341 assumptions
83.605 Unsolvable at layer 10 -- expanding.
83.605 Iteration 11.
83.605 New layer size: 1366
83.605 Instantiating ...
145.522 Collected 2243 relevant facts at this layer
145.522 Encoding ...
163.365 Attempting to solve formula with 33285875 clauses (102401782 literals) and 683 assumptions
178.442 Unsolvable at layer 11 -- expanding.
178.442 Iteration 12.
178.443 New layer size: 2731
178.443 Instantiating ...
302.491 Collected 2243 relevant facts at this layer
302.491 Encoding ...
342.253 Attempting to solve formula with 66741236 clauses (205413561 literals) and 1365 assumptions
371.727 Unsolvable at layer 12 -- expanding.
371.727 Iteration 13.
371.731 New layer size: 5462
371.731 Instantiating ...
495.050 Termination signal caught.
495.050 Total amount of clauses encoded: 66741236
495.050 - reductionconstraints : 21818942 cls
495.050 - directframeaxioms : 18266680 cls
495.050 - qfactsemantics : 13969185 cls
495.050 - indirectframeaxioms : 10520455 cls
495.050 - actionconstraints : 1368873 cls
495.050 - qconstequality : 277495 cls
495.050 - substitutionconstraints : 274733 cls
495.050 - atmostoneelement : 134574 cls
495.050 - expansions : 44638 cls
495.050 - predecessors : 39533 cls
495.050 - actioneffects : 23883 cls
495.050 - truefacts : 2243 cls
495.050 - axiomaticops : 2 cls
495.050 # instantiated positions: 7961
495.050 # instantiated actions: 31780
495.050 # instantiated reductions: 25838
495.050 # introduced pseudo-constants: 9956
495.050 # retroactive prunings: 0
495.050 # retroactively pruned operations: 0
495.050 # dominated operations: 11
495.050 # total invalid rigid preconditions found in getPFC: 0
495.050 # invalid rigid preconditions found in getPFC: 0
495.050 # invalid rigid preconditions found in getPFC in varrestrictions: 0
495.050 # total invalid fluent preconditions found in getPFC: 12
495.050 # invalid fluent preconditions found in getPFC: 6
495.050 # invalid fluent preconditions found in getPFC in varrestrictions: 6
495.050 # invalid fluent preconditions found in getPFC via postconditions: 0
495.050 # invalid subtasks found in getPFC: 0
495.050 # number effects in operation fact_frames: 213
495.050 # number of variables restricted: 10283491
495.050 # number of nodes variables restricted: 1317752
495.050 Exiting happily.

RUNWATCH_RESULT MEMOUT RETVAL 0 TIME_SECS 496.054 MEMPEAK_KBS 16002344
