pandaPIparser is configured as follows
  Colors in output: true
  Mode: parsing mode
  Parameter splitting: true
  Conditional effects: exponential encoding
  Disjunctive preconditions as HTN: false
  Replace goal with action: false
  Output: pandaPI format
General Options
  Print timings: false
  Quiet mode: false
Inference Options
  H2 mutexes: false
  FAM groups: false
Transformation Options
  Add zero-cost no-op to empty methods: true
  Remove duplicate actions: true
  Remove useless literals: true
  Expand abstract tasks with one method: true
  Remove empty method preconditions: true
  Two regularisation: false
  Compile negative SAS variables: false
Runtime Optimisations
  Hierarchy Typing: true
  Future Caching: false
  Static Precondition Checking: false
Output Options
  Panda planner format: true
  HDDL: false
  SAS for Fast Downward (without hierarchy): false
Output Formatting Options
  Output only SAS+ variables: false
  SAS+ delete mode: as input
Reading input from /home/schnell/lilotane/sotaevaluation//PandaGBFS_runwatchtime_timeout1800_2021-11-16_21:14:14/runwatch_log/300/300.parsed.
Writing output to /home/schnell/lilotane/sotaevaluation//PandaGBFS_runwatchtime_timeout1800_2021-11-16_21:14:14/runwatch_log/300/300.sas.
Writing output to standard output.
Parsing done.
Conditional Effects expanded
done.
Starting Hierarchy Typing
Total 29.511ms
Contains 5.273ms
Restrict 4.772ms
MPrep 3.121ms
Finished Hierarchy Typing
Running PG.
Process actions without preconditions
Done.
 ---> Disabling potentially consistent extension checking for action:           5 (do_grind_untreated)
 ---> Disabling potentially consistent extension checking for action:           6 (do_immersion_varnish)
 ---> Disabling potentially consistent extension checking for action:           12 (do_spray_varnish)
 ---> Disabling potentially consistent extension checking for action:           8 (do_plane_untreated)
 ---> Disabling potentially consistent extension checking for action:           7 (do_plane)
 ---> Disabling potentially consistent extension checking for action:           10 (do_saw_medium)
 ---> Disabling potentially consistent extension checking for action:           9 (do_saw_large)
 ---> Disabling potentially consistent extension checking for action:           11 (do_saw_small)
Returning from runGpg().
PG done. Postprocessing
PG postprocessing done.
Calculated [58554] grounded tasks and [1632] reachable facts.
Running TDG.
Process actions without preconditions
Done.
 ---> Disabling potentially consistent extension checking for action:           84 (method16)
 ---> Disabling potentially consistent extension checking for action:           80 (method14)
 ---> Disabling potentially consistent extension checking for action:           73 (method11)
Returning from runGpg().
TDG done.
Calculated [87112] grounded tasks and [404902] grounded decomposition methods.
Performing DFS.
DFS done.
After DFS: 86802 tasks, 394815 methods.
Grounded PG:
Input was [58554, 86802], output was [58554, 1632].
Simplifying instance.
Removing useless facts/literals
Removing method precondition actions whose precondition is empty
Expanding abstract tasks with only one method
Starting duplicate elimination.
Data structure build.
0 duplicates found.
Duplicates replaced in methods.
Further Mutex Groups: 0 strict 0 non strict
Writing instance to output.
Final Statistics: F 887 S 0 SC 0 SM 0 NSM 0 I 0 P 58554 S 0 A 23731 M 390298
Exiting.
Random seed: 42
Time limit: 1800 seconds
Reading input from /home/schnell/lilotane/sotaevaluation//PandaGBFS_runwatchtime_timeout1800_2021-11-16_21:14:14/runwatch_log/300/300.sas.
- State has 887 bits divided into 887 mutex groups.
- Domain contains 58554 actions.
- Domain contains 82285 tasks.
- Domain contains 390298 methods.
- The initial state contains 79 set bits.
- The initial task is "__top[]".
- State-based goal contains 176 bits.
- Instance is totally-ordered: yes
- Instance has unique paths: yes
- Instance is parallel sequences: yes
Calculate SCCs...
- Number of SCCs: 82285
- The problem is acyclic
Selected Planning Algorithm: progression searchParsing heuristics ...
Number of specified heuristics: 1
- the option "store cuts" of the RC heuristic can only be used with the inner heuristic LM-Cut. It will be disabled.
- Calculating minimal implied costs and distances (385 ms)
Heuristic #0 = hhRC2(add;distance;correct count)
Search config:
 - type: path cost
 - weight: 1
 - suboptimal: false
Visited List configured
- mode: total order
- hashs to use: state task task-sequence
- memory information: topological ordering
- Visited list allows deletion of search nodes: true
Search Configuration
- Using JAIR 2020 progression algorithm
- Search is stopped after first solution is found.
- A* Search
- Distance G is "modification depth"
  91s visitime    0.01s generated nodes      5031 nodes/sec      54 cur h  783 mod.depth    7 inserts       184 dups         0 size       184 hash fail      0 hash buckets    184
 181s visitime    0.02s generated nodes     10051 nodes/sec      55 cur h  783 mod.depth    7 inserts       362 dups         0 size       362 hash fail      0 hash buckets    362
 271s visitime    0.03s generated nodes     15052 nodes/sec      55 cur h  783 mod.depth    7 inserts       557 dups         0 size       557 hash fail      0 hash buckets    557
 373s visitime    0.04s generated nodes     20061 nodes/sec      53 cur h  748 mod.depth   26 inserts       984 dups       191 size       793 hash fail    191 hash buckets    793
 466s visitime    0.07s generated nodes     25068 nodes/sec      53 cur h  745 mod.depth   28 inserts      1823 dups       837 size       986 hash fail    837 hash buckets    986
 572s visitime    0.10s generated nodes     30076 nodes/sec      52 cur h  719 mod.depth   44 inserts      2983 dups      1709 size      1274 hash fail   1709 hash buckets   1274
 692s visitime    0.12s generated nodes     35106 nodes/sec      50 cur h  716 mod.depth   46 inserts      3729 dups      2200 size      1529 hash fail   2200 hash buckets   1529
 813s visitime    0.14s generated nodes     40119 nodes/sec      49 cur h  719 mod.depth   44 inserts      4141 dups      2348 size      1793 hash fail   2348 hash buckets   1793
 906s visitime    0.17s generated nodes     45146 nodes/sec      49 cur h  668 mod.depth   76 inserts      5373 dups      3340 size      2033 hash fail   3340 hash buckets   2033
 998s visitime    0.18s generated nodes     50157 nodes/sec      50 cur h  652 mod.depth   87 inserts      5692 dups      3441 size      2251 hash fail   3441 hash buckets   2251
1072s visitime    0.20s generated nodes     55164 nodes/sec      51 cur h  652 mod.depth   87 inserts      5947 dups      3499 size      2448 hash fail   3499 hash buckets   2448
1149s visitime    0.21s generated nodes     60176 nodes/sec      52 cur h  652 mod.depth   87 inserts      6273 dups      3567 size      2706 hash fail   3567 hash buckets   2706
1223s visitime    0.22s generated nodes     65196 nodes/sec      53 cur h  652 mod.depth   87 inserts      6565 dups      3628 size      2937 hash fail   3628 hash buckets   2937
1299s visitime    0.23s generated nodes     70199 nodes/sec      54 cur h  652 mod.depth   87 inserts      6839 dups      3691 size      3148 hash fail   3691 hash buckets   3148
1372s visitime    0.24s generated nodes     75203 nodes/sec      54 cur h  652 mod.depth   87 inserts      7133 dups      3777 size      3356 hash fail   3777 hash buckets   3356
1446s visitime    0.26s generated nodes     80215 nodes/sec      55 cur h  634 mod.depth   98 inserts      7543 dups      3963 size      3580 hash fail   3963 hash buckets   3580
1521s visitime    0.27s generated nodes     85230 nodes/sec      56 cur h  634 mod.depth   98 inserts      7952 dups      4125 size      3827 hash fail   4125 hash buckets   3827
1599s visitime    0.29s generated nodes     90230 nodes/sec      56 cur h  586 mod.depth  123 inserts      8488 dups      4454 size      4034 hash fail   4454 hash buckets   4034
1671s visitime    0.30s generated nodes     95240 nodes/sec      56 cur h  586 mod.depth  123 inserts      8753 dups      4476 size      4277 hash fail   4476 hash buckets   4277
1741s visitime    0.31s generated nodes    100253 nodes/sec      57 cur h  586 mod.depth  123 inserts      9030 dups      4531 size      4499 hash fail   4531 hash buckets   4499
Caught SIGTERM signal!

RUNWATCH_RESULT TIMEOUT RETVAL 33280 TIME_SECS 1800.87 MEMPEAK_KBS 3900
