    _           _         _
   \ |         \ |       | |                       
   | |     __  | |      _| |______                
   | |     \/  | |     /_   ______\                
   | |      _  | |   __  | |  ___   ___   ___       
   | |___  | | | |  / .\ | | / , | |   \ / ·_\    
   \_____\ |_| |__\ \__/ |_| \___) |_|_| \___\  
[39mL i l o t a n e  version rls-glucose4
by Dominik Schreiber <dominik.schreiber@kit.edu> 2020-2021
using SAT solver glucose4

4.851 Parser finished.
4.851 Structures extracted.
4.852 25 operators and 25 methods created.
5.142 Mined 5 new reduction preconditions (+10.2%).
5.142 Iteration 0.
5.142 Creating initial layer of size 2
5.163 Attempting to solve formula with 3 clauses (3 literals) and 1 assumptions
5.163 Unsolvable at layer 0 -- expanding.
5.163 Iteration 1.
5.163 New layer size: 2
5.163 Instantiating ...
5.214 Collected 0 relevant facts at this layer
5.214 Encoding ...
5.216 Attempting to solve formula with 8 clauses (12 literals) and 1 assumptions
5.216 Unsolvable at layer 1 -- expanding.
5.216 Iteration 2.
5.216 New layer size: 7
5.216 Instantiating ...
5.326 Collected 0 relevant facts at this layer
5.326 Encoding ...
5.330 Attempting to solve formula with 28 clauses (46 literals) and 6 assumptions
5.330 Unsolvable at layer 2 -- expanding.
5.330 Iteration 3.
5.330 New layer size: 13
5.330 Instantiating ...
5.570 Collected 580 relevant facts at this layer
5.570 Encoding ...
5.593 Attempting to solve formula with 29950 clauses (86359 literals) and 12 assumptions
5.593 Unsolvable at layer 3 -- expanding.
5.593 Iteration 4.
5.593 New layer size: 25
5.593 Instantiating ...
6.132 Collected 590 relevant facts at this layer
6.132 Encoding ...
6.238 Attempting to solve formula with 230651 clauses (670926 literals) and 22 assumptions
6.238 Unsolvable at layer 4 -- expanding.
6.238 Iteration 5.
6.238 New layer size: 45
6.238 Instantiating ...
8.601 Collected 1105 relevant facts at this layer
8.601 Encoding ...
9.197 Attempting to solve formula with 1148123 clauses (3364682 literals) and 42 assumptions
9.198 Unsolvable at layer 5 -- expanding.
9.198 Iteration 6.
9.198 New layer size: 87
9.198 Instantiating ...
10.465 Retroactively prune reduction (place-block-abstract-3 l-2-0-0 stone stone Q_5,4_location:0_f420fc7f0a640809)@(5,4): no children at offset 0
19.190 Collected 1120 relevant facts at this layer
19.190 Encoding ...
20.847 Attempting to solve formula with 3943118 clauses (11663063 literals) and 84 assumptions
20.850 Unsolvable at layer 6 -- expanding.
20.850 Iteration 7.
20.851 New layer size: 171
20.851 Instantiating ...
27.671 Retroactively prune reduction (place-block-abstract-3 l-3-0-0 stone stone Q_6,12_location:0_f420fc7f0a640809)@(6,12): no children at offset 0
61.805 Collected 1139 relevant facts at this layer
61.805 Encoding ...
66.890 Attempting to solve formula with 11770664 clauses (35310484 literals) and 168 assumptions
66.895 Unsolvable at layer 7 -- expanding.
66.895 Iteration 8.
66.896 New layer size: 339
66.896 Instantiating ...
91.950 Retroactively prune reduction (place-block-abstract-3 l-4-0-0 stone stone Q_7,28_location:0_f420fc7f0a640809)@(7,28): no children at offset 0
201.608 Collected 1163 relevant facts at this layer
201.608 Encoding ...
216.297 Attempting to solve formula with 32329534 clauses (98424043 literals) and 336 assumptions
216.303 Unsolvable at layer 8 -- expanding.
216.303 Iteration 9.
216.304 New layer size: 670
216.304 Instantiating ...
291.916 Retroactively prune reduction (place-block-abstract-3 l-5-0-0 stone stone Q_8,60_location:0_f420fc7f0a640809)@(8,60): no children at offset 0
616.585 Collected 1193 relevant facts at this layer
616.585 Encoding ...
651.836 Attempting to solve formula with 83771233 clauses (258361169 literals) and 667 assumptions
651.856 Unsolvable at layer 9 -- expanding.
651.856 Iteration 10.
651.856 New layer size: 1337
651.856 Instantiating ...
857.524 Retroactively prune reduction (place-block-abstract-3 l-6-0-0 stone stone Q_9,124_location:0_f420fc7f0a640809)@(9,124): no children at offset 0
1737.978 Collected 1224 relevant facts at this layer
1737.978 Encoding ...
1801.051 Termination signal caught.
1801.051 Total amount of clauses encoded: 160944744
1801.051 - reductionconstraints : 92058412 cls
1801.051 - actionconstraints : 38260345 cls
1801.051 - substitutionconstraints : 16844021 cls
1801.051 - qfactsemantics : 3801003 cls
1801.051 - indirectframeaxioms : 3436673 cls
1801.051 - qconstequality : 3074064 cls
1801.051 - directframeaxioms : 2945456 cls
1801.051 - atmostoneelement : 427171 cls
1801.051 - predecessors : 40231 cls
1801.051 - expansions : 35992 cls
1801.051 - actioneffects : 20145 cls
1801.051 - truefacts : 1224 cls
1801.051 - forbiddenoperations : 5 cls
1801.051 - axiomaticops : 2 cls
1801.051 # instantiated positions: 2697
1801.051 # instantiated actions: 25055
1801.051 # instantiated reductions: 24612
1801.051 # introduced pseudo-constants: 5774
1801.051 # retroactive prunings: 5
1801.051 # retroactively pruned operations: 5
1801.051 # dominated operations: 1
1801.051 # total invalid rigid preconditions found in getPFC: 13106
1801.051 # invalid rigid preconditions found in getPFC: 10034
1801.051 # invalid rigid preconditions found in getPFC in varrestrictions: 3072
1801.051 # total invalid fluent preconditions found in getPFC: 891
1801.051 # invalid fluent preconditions found in getPFC: 447
1801.051 # invalid fluent preconditions found in getPFC in varrestrictions: 444
1801.051 # invalid fluent preconditions found in getPFC via postconditions: 0
1801.051 # invalid subtasks found in getPFC: 0
1801.051 # number effects in operation fact_frames: 175
1801.051 # number of variables restricted: 160146
1801.051 # number of nodes variables restricted: 96869
1801.051 Exiting happily.

RUNWATCH_RESULT TIMEOUT RETVAL 0 TIME_SECS 1802.33 MEMPEAK_KBS 15710640
