    _           _         _
   \ |         \ |       | |                       
   | |     __  | |      _| |______                
   | |     \/  | |     /_   ______\                
   | |      _  | |   __  | |  ___   ___   ___       
   | |___  | | | |  / .\ | | / , | |   \ / ·_\    
   \_____\ |_| |__\ \__/ |_| \___) |_|_| \___\  
[39mL i l o t a n e  version rls-glucose4
by Dominik Schreiber <dominik.schreiber@kit.edu> 2020-2021
using SAT solver glucose4

0.007 Parser finished.
0.007 Structures extracted.
0.008 54 operators and 26 methods created.
0.013 Mined 7 new reduction preconditions (+18.9%).
0.013 Iteration 0.
0.013 Creating initial layer of size 2
0.013 Attempting to solve formula with 3 clauses (3 literals) and 1 assumptions
0.013 Unsolvable at layer 0 -- expanding.
0.013 Iteration 1.
0.013 New layer size: 12
0.013 Instantiating ...
0.015 Collected 0 relevant facts at this layer
0.015 Encoding ...
0.016 Attempting to solve formula with 38 clauses (62 literals) and 11 assumptions
0.016 Unsolvable at layer 1 -- expanding.
0.016 Iteration 2.
0.016 New layer size: 23
0.016 Instantiating ...
0.018 Collected 11 relevant facts at this layer
0.018 Encoding ...
0.018 Attempting to solve formula with 139 clauses (253 literals) and 11 assumptions
0.018 Unsolvable at layer 2 -- expanding.
0.018 Iteration 3.
0.018 New layer size: 34
0.018 Instantiating ...
0.022 Collected 22 relevant facts at this layer
0.022 Encoding ...
0.023 Attempting to solve formula with 328 clauses (631 literals) and 22 assumptions
0.023 Unsolvable at layer 3 -- expanding.
0.023 Iteration 4.
0.023 New layer size: 89
0.023 Instantiating ...
0.032 Collected 71 relevant facts at this layer
0.032 Encoding ...
0.037 Attempting to solve formula with 2744 clauses (7042 literals) and 44 assumptions
0.037 Unsolvable at layer 4 -- expanding.
0.037 Iteration 5.
0.037 New layer size: 166
0.037 Instantiating ...
0.060 Collected 108 relevant facts at this layer
0.060 Encoding ...
0.079 Attempting to solve formula with 25047 clauses (63160 literals) and 66 assumptions
0.079 Unsolvable at layer 5 -- expanding.
0.079 Iteration 6.
0.080 New layer size: 265
0.080 Instantiating ...
0.128 Collected 108 relevant facts at this layer
0.128 Encoding ...
0.165 Attempting to solve formula with 74292 clauses (193070 literals) and 99 assumptions
0.165 Unsolvable at layer 6 -- expanding.
0.165 Iteration 7.
0.166 New layer size: 408
0.166 Instantiating ...
0.248 Collected 114 relevant facts at this layer
0.248 Encoding ...
0.311 Attempting to solve formula with 151559 clauses (400024 literals) and 143 assumptions
0.312 Unsolvable at layer 7 -- expanding.
0.312 Iteration 8.
0.313 New layer size: 606
0.313 Instantiating ...
0.446 Collected 114 relevant facts at this layer
0.446 Encoding ...
0.543 Attempting to solve formula with 269211 clauses (715034 literals) and 198 assumptions
0.543 Unsolvable at layer 8 -- expanding.
0.543 Iteration 9.
0.544 New layer size: 870
0.544 Instantiating ...
0.754 Collected 114 relevant facts at this layer
0.754 Encoding ...
0.905 Attempting to solve formula with 452531 clauses (1205739 literals) and 264 assumptions
c last restart ## conflicts  :  83 13814 
0.939 Found a solution at layer 9.
==>
30485 UP F0 F14
30583 i-LOCK-LIFT-AT F14
30585 i-UNLOCK-LIFT-AT F14
30587 BOARD F14 P10
30767 i-LOCK-BOARDED P10
30770 DOWN F14 F6
30777 UP F6 F20
30780 DOWN F20 F17
30785 DOWN F17 F11
30887 i-LOCK-LIFT-AT F11
30890 i-UNLOCK-LIFT-AT F11
30892 i-UNLOCK-BOARDED P10
30894 DEPART F11 P10
31934 i-LOCK-SERVED P10
31937 UP F11 F14
32043 i-LOCK-LIFT-AT F14
32045 i-UNLOCK-LIFT-AT F14
32048 BOARD F14 P9
32228 i-LOCK-BOARDED P9
32233 DOWN F14 F0
32238 UP F0 F17
32242 DOWN F17 F0
32245 UP F0 F4
32348 i-LOCK-LIFT-AT F4
32350 i-UNLOCK-LIFT-AT F4
32353 i-UNLOCK-BOARDED P9
32355 DEPART F4 P9
33395 i-LOCK-SERVED P9
33397 UP F4 F8
33504 i-LOCK-LIFT-AT F8
33507 i-UNLOCK-LIFT-AT F8
33509 BOARD F8 P8
33689 i-LOCK-BOARDED P8
33694 DOWN F8 F7
33699 DOWN F7 F4
33703 UP F4 F8
33707 UP F8 F9
33809 i-LOCK-LIFT-AT F9
33812 i-UNLOCK-LIFT-AT F9
33814 i-UNLOCK-BOARDED P8
33816 DEPART F9 P8
34856 i-LOCK-SERVED P8
34859 UP F9 F18
34965 i-LOCK-LIFT-AT F18
34968 i-UNLOCK-LIFT-AT F18
34970 BOARD F18 P7
35150 i-LOCK-BOARDED P7
35155 UP F18 F20
35160 UP F20 F21
35163 DOWN F21 F19
35169 DOWN F19 F11
35270 i-LOCK-LIFT-AT F11
35273 i-UNLOCK-LIFT-AT F11
35275 i-UNLOCK-BOARDED P7
35277 DEPART F11 P7
36317 i-LOCK-SERVED P7
36320 DOWN F11 F6
36426 i-LOCK-LIFT-AT F6
36429 i-UNLOCK-LIFT-AT F6
36431 BOARD F6 P6
36611 i-LOCK-BOARDED P6
36617 UP F6 F18
36620 DOWN F18 F8
36625 UP F8 F11
36629 DOWN F11 F10
36731 i-LOCK-LIFT-AT F10
36734 i-UNLOCK-LIFT-AT F10
36736 i-UNLOCK-BOARDED P6
36738 DEPART F10 P6
37778 i-LOCK-SERVED P6
37782 DOWN F10 F9
37887 i-LOCK-LIFT-AT F9
37890 i-UNLOCK-LIFT-AT F9
37892 BOARD F9 P5
38072 i-LOCK-BOARDED P5
38075 UP F9 F18
38081 DOWN F18 F9
38085 DOWN F9 F8
38192 i-LOCK-LIFT-AT F8
38195 i-UNLOCK-LIFT-AT F8
38197 i-UNLOCK-BOARDED P5
38199 DEPART F8 P5
39239 i-LOCK-SERVED P5
39244 UP F8 F15
39348 i-LOCK-LIFT-AT F15
39351 i-UNLOCK-LIFT-AT F15
39353 BOARD F15 P4
39533 i-LOCK-BOARDED P4
39536 DOWN F15 F9
39542 UP F9 F18
39653 i-LOCK-LIFT-AT F18
39656 i-UNLOCK-LIFT-AT F18
39658 i-UNLOCK-BOARDED P4
39660 DEPART F18 P4
40700 i-LOCK-SERVED P4
40702 DOWN F18 F17
40809 i-LOCK-LIFT-AT F17
40812 i-UNLOCK-LIFT-AT F17
40814 BOARD F17 P3
40994 i-LOCK-BOARDED P3
41000 UP F17 F21
41003 DOWN F21 F20
41008 DOWN F20 F12
41114 i-LOCK-LIFT-AT F12
41117 i-UNLOCK-LIFT-AT F12
41119 i-UNLOCK-BOARDED P3
41121 DEPART F12 P3
42161 i-LOCK-SERVED P3
42164 DOWN F12 F1
42270 i-LOCK-LIFT-AT F1
42273 i-UNLOCK-LIFT-AT F1
42275 BOARD F1 P2
42455 i-LOCK-BOARDED P2
42458 UP F1 F3
42464 UP F3 F5
42469 UP F5 F8
42575 i-LOCK-LIFT-AT F8
42578 i-UNLOCK-LIFT-AT F8
42580 i-UNLOCK-BOARDED P2
42582 DEPART F8 P2
43622 i-LOCK-SERVED P2
43626 DOWN F8 F6
43731 i-LOCK-LIFT-AT F6
43734 i-UNLOCK-LIFT-AT F6
43736 BOARD F6 P1
43916 i-LOCK-BOARDED P1
43920 UP F6 F18
43925 UP F18 F20
43929 UP F20 F21
44036 i-LOCK-LIFT-AT F21
44039 i-UNLOCK-LIFT-AT F21
44041 i-UNLOCK-BOARDED P1
44043 DEPART F21 P1
45083 i-LOCK-SERVED P1
45088 DOWN F21 F13
45192 i-LOCK-LIFT-AT F13
45194 i-UNLOCK-LIFT-AT F13
45197 BOARD F13 P0
45377 i-LOCK-BOARDED P0
45382 DOWN F13 F12
45386 UP F12 F20
45391 DOWN F20 F19
45497 i-LOCK-LIFT-AT F19
45500 i-UNLOCK-LIFT-AT F19
45502 i-UNLOCK-BOARDED P0
45504 DEPART F19 P0
46544 i-LOCK-SERVED P0
root 5 7 9 11 13 15 17 19 21 23 25
5 ACHIEVE-SERVED P10 -> M22-ACHIEVE-SERVED 29 31934
7 ACHIEVE-SERVED P9 -> M22-ACHIEVE-SERVED 44 33395
9 ACHIEVE-SERVED P8 -> M22-ACHIEVE-SERVED 49 34856
11 ACHIEVE-SERVED P7 -> M22-ACHIEVE-SERVED 54 36317
13 ACHIEVE-SERVED P6 -> M22-ACHIEVE-SERVED 59 37778
15 ACHIEVE-SERVED P5 -> M22-ACHIEVE-SERVED 64 39239
17 ACHIEVE-SERVED P4 -> M22-ACHIEVE-SERVED 69 40700
19 ACHIEVE-SERVED P3 -> M22-ACHIEVE-SERVED 74 42161
21 ACHIEVE-SERVED P2 -> M22-ACHIEVE-SERVED 79 43622
23 ACHIEVE-SERVED P1 -> M22-ACHIEVE-SERVED 84 45083
25 ACHIEVE-SERVED P0 -> M22-ACHIEVE-SERVED 89 46544
29 ACHIEVE-SERVED2 P10 -> M24-ACHIEVE-SERVED2 97 111
44 ACHIEVE-SERVED2 P9 -> M24-ACHIEVE-SERVED2 117 120
49 ACHIEVE-SERVED2 P8 -> M24-ACHIEVE-SERVED2 126 128
54 ACHIEVE-SERVED2 P7 -> M24-ACHIEVE-SERVED2 135 137
59 ACHIEVE-SERVED2 P6 -> M24-ACHIEVE-SERVED2 144 146
64 ACHIEVE-SERVED2 P5 -> M24-ACHIEVE-SERVED2 153 156
69 ACHIEVE-SERVED2 P4 -> M24-ACHIEVE-SERVED2 162 164
74 ACHIEVE-SERVED2 P3 -> M24-ACHIEVE-SERVED2 171 174
79 ACHIEVE-SERVED2 P2 -> M24-ACHIEVE-SERVED2 180 183
84 ACHIEVE-SERVED2 P1 -> M24-ACHIEVE-SERVED2 189 191
89 ACHIEVE-SERVED2 P0 -> M24-ACHIEVE-SERVED2 198 201
97 DO-SERVED-DEPART2 F11 P10 -> M8-DO-SERVED-DEPART2 209 262 30889 30891 30894
111 ACHIEVE-SERVED2 P10 -> M23-ACHIEVE-SERVED2
117 DO-SERVED-DEPART2 F4 P9 -> M8-DO-SERVED-DEPART2 383 387 32349 32352 32355
120 ACHIEVE-SERVED2 P9 -> M23-ACHIEVE-SERVED2
126 DO-SERVED-DEPART2 F9 P8 -> M8-DO-SERVED-DEPART2 508 512 33811 33813 33816
128 ACHIEVE-SERVED2 P8 -> M23-ACHIEVE-SERVED2
135 DO-SERVED-DEPART2 F11 P7 -> M8-DO-SERVED-DEPART2 633 637 35272 35274 35277
137 ACHIEVE-SERVED2 P7 -> M23-ACHIEVE-SERVED2
144 DO-SERVED-DEPART2 F10 P6 -> M8-DO-SERVED-DEPART2 758 762 36733 36735 36738
146 ACHIEVE-SERVED2 P6 -> M23-ACHIEVE-SERVED2
153 DO-SERVED-DEPART2 F8 P5 -> M8-DO-SERVED-DEPART2 883 887 38194 38196 38199
156 ACHIEVE-SERVED2 P5 -> M23-ACHIEVE-SERVED2
162 DO-SERVED-DEPART2 F18 P4 -> M8-DO-SERVED-DEPART2 1008 1012 39655 39657 39660
164 ACHIEVE-SERVED2 P4 -> M23-ACHIEVE-SERVED2
171 DO-SERVED-DEPART2 F12 P3 -> M8-DO-SERVED-DEPART2 1133 1137 41116 41118 41121
174 ACHIEVE-SERVED2 P3 -> M23-ACHIEVE-SERVED2
180 DO-SERVED-DEPART2 F8 P2 -> M8-DO-SERVED-DEPART2 1258 1262 42577 42579 42582
183 ACHIEVE-SERVED2 P2 -> M23-ACHIEVE-SERVED2
189 DO-SERVED-DEPART2 F21 P1 -> M8-DO-SERVED-DEPART2 1383 1387 44038 44040 44043
191 ACHIEVE-SERVED2 P1 -> M23-ACHIEVE-SERVED2
198 DO-SERVED-DEPART2 F19 P0 -> M8-DO-SERVED-DEPART2 1508 1512 45499 45501 45504
201 ACHIEVE-SERVED2 P0 -> M23-ACHIEVE-SERVED2
209 ACHIEVE-BOARDED P10 -> M17-ACHIEVE-BOARDED 1635 30767
262 ACHIEVE-LIFT-AT F11 -> M11-ACHIEVE-LIFT-AT 1732 30887
383 ACHIEVE-BOARDED P9 -> M17-ACHIEVE-BOARDED 2035 32228
387 ACHIEVE-LIFT-AT F4 -> M11-ACHIEVE-LIFT-AT 2097 32348
508 ACHIEVE-BOARDED P8 -> M17-ACHIEVE-BOARDED 2398 33689
512 ACHIEVE-LIFT-AT F9 -> M11-ACHIEVE-LIFT-AT 2458 33809
633 ACHIEVE-BOARDED P7 -> M17-ACHIEVE-BOARDED 2761 35150
637 ACHIEVE-LIFT-AT F11 -> M11-ACHIEVE-LIFT-AT 2823 35270
758 ACHIEVE-BOARDED P6 -> M17-ACHIEVE-BOARDED 3124 36611
762 ACHIEVE-LIFT-AT F10 -> M11-ACHIEVE-LIFT-AT 3186 36731
883 ACHIEVE-BOARDED P5 -> M17-ACHIEVE-BOARDED 3487 38072
887 ACHIEVE-LIFT-AT F8 -> M11-ACHIEVE-LIFT-AT 3549 38192
1008 ACHIEVE-BOARDED P4 -> M17-ACHIEVE-BOARDED 3850 39533
1012 ACHIEVE-LIFT-AT F18 -> M11-ACHIEVE-LIFT-AT 3910 39653
1133 ACHIEVE-BOARDED P3 -> M17-ACHIEVE-BOARDED 4213 40994
1137 ACHIEVE-LIFT-AT F12 -> M11-ACHIEVE-LIFT-AT 4274 41114
1258 ACHIEVE-BOARDED P2 -> M17-ACHIEVE-BOARDED 4576 42455
1262 ACHIEVE-LIFT-AT F8 -> M11-ACHIEVE-LIFT-AT 4637 42575
1383 ACHIEVE-BOARDED P1 -> M17-ACHIEVE-BOARDED 4939 43916
1387 ACHIEVE-LIFT-AT F21 -> M11-ACHIEVE-LIFT-AT 4999 44036
1508 ACHIEVE-BOARDED P0 -> M17-ACHIEVE-BOARDED 5302 45377
1512 ACHIEVE-LIFT-AT F19 -> M11-ACHIEVE-LIFT-AT 5362 45497
1635 ACHIEVE-BOARDED1 P10 -> M19-ACHIEVE-BOARDED1 5667 5670
1732 ACHIEVE-LIFT-AT0 F11 -> M14-ACHIEVE-LIFT-AT0 30770 5707
2035 ACHIEVE-BOARDED1 P9 -> M19-ACHIEVE-BOARDED1 6162 6165
2097 ACHIEVE-LIFT-AT0 F4 -> M14-ACHIEVE-LIFT-AT0 32233 6201
2398 ACHIEVE-BOARDED1 P8 -> M19-ACHIEVE-BOARDED1 6657 6659
2458 ACHIEVE-LIFT-AT0 F9 -> M14-ACHIEVE-LIFT-AT0 33694 6698
2761 ACHIEVE-BOARDED1 P7 -> M19-ACHIEVE-BOARDED1 7153 7155
2823 ACHIEVE-LIFT-AT0 F11 -> M13-ACHIEVE-LIFT-AT0 35155 7194
3124 ACHIEVE-BOARDED1 P6 -> M19-ACHIEVE-BOARDED1 7649 7652
3186 ACHIEVE-LIFT-AT0 F10 -> M13-ACHIEVE-LIFT-AT0 36617 7689
3487 ACHIEVE-BOARDED1 P5 -> M19-ACHIEVE-BOARDED1 8144 8147
3549 ACHIEVE-LIFT-AT0 F8 -> M13-ACHIEVE-LIFT-AT0 38075 8185
3850 ACHIEVE-BOARDED1 P4 -> M19-ACHIEVE-BOARDED1 8640 8642
3910 ACHIEVE-LIFT-AT0 F18 -> M14-ACHIEVE-LIFT-AT0 39536 8678
4213 ACHIEVE-BOARDED1 P3 -> M19-ACHIEVE-BOARDED1 9135 9138
4274 ACHIEVE-LIFT-AT0 F12 -> M13-ACHIEVE-LIFT-AT0 41000 9175
4576 ACHIEVE-BOARDED1 P2 -> M19-ACHIEVE-BOARDED1 9630 9632
4637 ACHIEVE-LIFT-AT0 F8 -> M13-ACHIEVE-LIFT-AT0 42458 9670
4939 ACHIEVE-BOARDED1 P1 -> M19-ACHIEVE-BOARDED1 10125 10127
4999 ACHIEVE-LIFT-AT0 F21 -> M13-ACHIEVE-LIFT-AT0 43920 10165
5302 ACHIEVE-BOARDED1 P0 -> M19-ACHIEVE-BOARDED1 10620 10623
5362 ACHIEVE-LIFT-AT0 F19 -> M14-ACHIEVE-LIFT-AT0 45382 10659
5667 DO-BOARDED-BOARD1 F14 P10 -> M7-DO-BOARDED-BOARD1 11117 30584 30587
5670 ACHIEVE-BOARDED1 P10 -> M18-ACHIEVE-BOARDED1
5707 ACHIEVE-LIFT-AT0 F11 -> M13-ACHIEVE-LIFT-AT0 30777 11207
6162 DO-BOARDED-BOARD1 F14 P9 -> M7-DO-BOARDED-BOARD1 11853 32044 32048
6165 ACHIEVE-BOARDED1 P9 -> M18-ACHIEVE-BOARDED1
6201 ACHIEVE-LIFT-AT0 F4 -> M13-ACHIEVE-LIFT-AT0 32238 11940
6657 DO-BOARDED-BOARD1 F8 P8 -> M7-DO-BOARDED-BOARD1 12586 33506 33509
6659 ACHIEVE-BOARDED1 P8 -> M18-ACHIEVE-BOARDED1
6698 ACHIEVE-LIFT-AT0 F9 -> M14-ACHIEVE-LIFT-AT0 33699 12672
7153 DO-BOARDED-BOARD1 F18 P7 -> M7-DO-BOARDED-BOARD1 13319 34967 34970
7155 ACHIEVE-BOARDED1 P7 -> M18-ACHIEVE-BOARDED1
7194 ACHIEVE-LIFT-AT0 F11 -> M13-ACHIEVE-LIFT-AT0 35160 13404
7649 DO-BOARDED-BOARD1 F6 P6 -> M7-DO-BOARDED-BOARD1 14052 36428 36431
7652 ACHIEVE-BOARDED1 P6 -> M18-ACHIEVE-BOARDED1
7689 ACHIEVE-LIFT-AT0 F10 -> M14-ACHIEVE-LIFT-AT0 36620 14139
8144 DO-BOARDED-BOARD1 F9 P5 -> M7-DO-BOARDED-BOARD1 14785 37889 37892
8147 ACHIEVE-BOARDED1 P5 -> M18-ACHIEVE-BOARDED1
8185 ACHIEVE-LIFT-AT0 F8 -> M14-ACHIEVE-LIFT-AT0 38081 14872
8640 DO-BOARDED-BOARD1 F15 P4 -> M7-DO-BOARDED-BOARD1 15518 39350 39353
8642 ACHIEVE-BOARDED1 P4 -> M18-ACHIEVE-BOARDED1
8678 ACHIEVE-LIFT-AT0 F18 -> M13-ACHIEVE-LIFT-AT0 39542 15605
9135 DO-BOARDED-BOARD1 F17 P3 -> M7-DO-BOARDED-BOARD1 16251 40811 40814
9138 ACHIEVE-BOARDED1 P3 -> M18-ACHIEVE-BOARDED1
9175 ACHIEVE-LIFT-AT0 F12 -> M14-ACHIEVE-LIFT-AT0 41003 16338
9630 DO-BOARDED-BOARD1 F1 P2 -> M7-DO-BOARDED-BOARD1 16984 42272 42275
9632 ACHIEVE-BOARDED1 P2 -> M18-ACHIEVE-BOARDED1
9670 ACHIEVE-LIFT-AT0 F8 -> M13-ACHIEVE-LIFT-AT0 42464 17071
10125 DO-BOARDED-BOARD1 F6 P1 -> M7-DO-BOARDED-BOARD1 17717 43733 43736
10127 ACHIEVE-BOARDED1 P1 -> M18-ACHIEVE-BOARDED1
10165 ACHIEVE-LIFT-AT0 F21 -> M13-ACHIEVE-LIFT-AT0 43925 17802
10620 DO-BOARDED-BOARD1 F13 P0 -> M7-DO-BOARDED-BOARD1 18450 45193 45197
10623 ACHIEVE-BOARDED1 P0 -> M18-ACHIEVE-BOARDED1
10659 ACHIEVE-LIFT-AT0 F19 -> M13-ACHIEVE-LIFT-AT0 45386 18537
11117 ACHIEVE-LIFT-AT F14 -> M11-ACHIEVE-LIFT-AT 19184 30583
11207 ACHIEVE-LIFT-AT0 F11 -> M14-ACHIEVE-LIFT-AT0 30780 19367
11853 ACHIEVE-LIFT-AT F14 -> M11-ACHIEVE-LIFT-AT 20205 32043
11940 ACHIEVE-LIFT-AT0 F4 -> M14-ACHIEVE-LIFT-AT0 32242 20396
12586 ACHIEVE-LIFT-AT F8 -> M11-ACHIEVE-LIFT-AT 21233 33504
12672 ACHIEVE-LIFT-AT0 F9 -> M13-ACHIEVE-LIFT-AT0 33703 21424
13319 ACHIEVE-LIFT-AT F18 -> M11-ACHIEVE-LIFT-AT 22260 34965
13404 ACHIEVE-LIFT-AT0 F11 -> M14-ACHIEVE-LIFT-AT0 35163 22451
14052 ACHIEVE-LIFT-AT F6 -> M11-ACHIEVE-LIFT-AT 23288 36426
14139 ACHIEVE-LIFT-AT0 F10 -> M13-ACHIEVE-LIFT-AT0 36625 23480
14785 ACHIEVE-LIFT-AT F9 -> M11-ACHIEVE-LIFT-AT 24318 37887
14872 ACHIEVE-LIFT-AT0 F8 -> M14-ACHIEVE-LIFT-AT0 38085 24508
15518 ACHIEVE-LIFT-AT F15 -> M11-ACHIEVE-LIFT-AT 25346 39348
15605 ACHIEVE-LIFT-AT0 F18 -> M12-ACHIEVE-LIFT-AT0
16251 ACHIEVE-LIFT-AT F17 -> M11-ACHIEVE-LIFT-AT 26373 40809
16338 ACHIEVE-LIFT-AT0 F12 -> M14-ACHIEVE-LIFT-AT0 41008 26563
16984 ACHIEVE-LIFT-AT F1 -> M11-ACHIEVE-LIFT-AT 27400 42270
17071 ACHIEVE-LIFT-AT0 F8 -> M13-ACHIEVE-LIFT-AT0 42469 27591
17717 ACHIEVE-LIFT-AT F6 -> M11-ACHIEVE-LIFT-AT 28428 43731
17802 ACHIEVE-LIFT-AT0 F21 -> M13-ACHIEVE-LIFT-AT0 43929 28620
18450 ACHIEVE-LIFT-AT F13 -> M11-ACHIEVE-LIFT-AT 29458 45192
18537 ACHIEVE-LIFT-AT0 F19 -> M14-ACHIEVE-LIFT-AT0 45391 29648
19184 ACHIEVE-LIFT-AT0 F14 -> M13-ACHIEVE-LIFT-AT0 30485 30487
19367 ACHIEVE-LIFT-AT0 F11 -> M14-ACHIEVE-LIFT-AT0 30785 30790
20205 ACHIEVE-LIFT-AT0 F14 -> M13-ACHIEVE-LIFT-AT0 31937 31944
20396 ACHIEVE-LIFT-AT0 F4 -> M13-ACHIEVE-LIFT-AT0 32245 32251
21233 ACHIEVE-LIFT-AT0 F8 -> M13-ACHIEVE-LIFT-AT0 33397 33404
21424 ACHIEVE-LIFT-AT0 F9 -> M13-ACHIEVE-LIFT-AT0 33707 33711
22260 ACHIEVE-LIFT-AT0 F18 -> M13-ACHIEVE-LIFT-AT0 34859 34867
22451 ACHIEVE-LIFT-AT0 F11 -> M14-ACHIEVE-LIFT-AT0 35169 35173
23288 ACHIEVE-LIFT-AT0 F6 -> M14-ACHIEVE-LIFT-AT0 36320 36328
23480 ACHIEVE-LIFT-AT0 F10 -> M14-ACHIEVE-LIFT-AT0 36629 36634
24318 ACHIEVE-LIFT-AT0 F9 -> M14-ACHIEVE-LIFT-AT0 37782 37787
24508 ACHIEVE-LIFT-AT0 F8 -> M12-ACHIEVE-LIFT-AT0
25346 ACHIEVE-LIFT-AT0 F15 -> M13-ACHIEVE-LIFT-AT0 39244 39248
26373 ACHIEVE-LIFT-AT0 F17 -> M14-ACHIEVE-LIFT-AT0 40702 40709
26563 ACHIEVE-LIFT-AT0 F12 -> M12-ACHIEVE-LIFT-AT0
27400 ACHIEVE-LIFT-AT0 F1 -> M14-ACHIEVE-LIFT-AT0 42164 42171
27591 ACHIEVE-LIFT-AT0 F8 -> M12-ACHIEVE-LIFT-AT0
28428 ACHIEVE-LIFT-AT0 F6 -> M14-ACHIEVE-LIFT-AT0 43626 43633
28620 ACHIEVE-LIFT-AT0 F21 -> M12-ACHIEVE-LIFT-AT0
29458 ACHIEVE-LIFT-AT0 F13 -> M14-ACHIEVE-LIFT-AT0 45088 45092
29648 ACHIEVE-LIFT-AT0 F19 -> M12-ACHIEVE-LIFT-AT0
30487 ACHIEVE-LIFT-AT0 F14 -> M12-ACHIEVE-LIFT-AT0
30584 IFUNLOCK-LIFT-AT F14 -> IFUNLOCK5-LIFT-AT 30585
30790 ACHIEVE-LIFT-AT0 F11 -> M12-ACHIEVE-LIFT-AT0
30889 IFUNLOCK-LIFT-AT F11 -> IFUNLOCK5-LIFT-AT 30890
30891 IFUNLOCK-BOARDED P10 -> IFUNLOCK1-BOARDED 30892
31944 ACHIEVE-LIFT-AT0 F14 -> M12-ACHIEVE-LIFT-AT0
32044 IFUNLOCK-LIFT-AT F14 -> IFUNLOCK5-LIFT-AT 32045
32251 ACHIEVE-LIFT-AT0 F4 -> M12-ACHIEVE-LIFT-AT0
32349 IFUNLOCK-LIFT-AT F4 -> IFUNLOCK5-LIFT-AT 32350
32352 IFUNLOCK-BOARDED P9 -> IFUNLOCK1-BOARDED 32353
33404 ACHIEVE-LIFT-AT0 F8 -> M12-ACHIEVE-LIFT-AT0
33506 IFUNLOCK-LIFT-AT F8 -> IFUNLOCK5-LIFT-AT 33507
33711 ACHIEVE-LIFT-AT0 F9 -> M12-ACHIEVE-LIFT-AT0
33811 IFUNLOCK-LIFT-AT F9 -> IFUNLOCK5-LIFT-AT 33812
33813 IFUNLOCK-BOARDED P8 -> IFUNLOCK1-BOARDED 33814
34867 ACHIEVE-LIFT-AT0 F18 -> M12-ACHIEVE-LIFT-AT0
34967 IFUNLOCK-LIFT-AT F18 -> IFUNLOCK5-LIFT-AT 34968
35173 ACHIEVE-LIFT-AT0 F11 -> M12-ACHIEVE-LIFT-AT0
35272 IFUNLOCK-LIFT-AT F11 -> IFUNLOCK5-LIFT-AT 35273
35274 IFUNLOCK-BOARDED P7 -> IFUNLOCK1-BOARDED 35275
36328 ACHIEVE-LIFT-AT0 F6 -> M12-ACHIEVE-LIFT-AT0
36428 IFUNLOCK-LIFT-AT F6 -> IFUNLOCK5-LIFT-AT 36429
36634 ACHIEVE-LIFT-AT0 F10 -> M12-ACHIEVE-LIFT-AT0
36733 IFUNLOCK-LIFT-AT F10 -> IFUNLOCK5-LIFT-AT 36734
36735 IFUNLOCK-BOARDED P6 -> IFUNLOCK1-BOARDED 36736
37787 ACHIEVE-LIFT-AT0 F9 -> M12-ACHIEVE-LIFT-AT0
37889 IFUNLOCK-LIFT-AT F9 -> IFUNLOCK5-LIFT-AT 37890
38194 IFUNLOCK-LIFT-AT F8 -> IFUNLOCK5-LIFT-AT 38195
38196 IFUNLOCK-BOARDED P5 -> IFUNLOCK1-BOARDED 38197
39248 ACHIEVE-LIFT-AT0 F15 -> M12-ACHIEVE-LIFT-AT0
39350 IFUNLOCK-LIFT-AT F15 -> IFUNLOCK5-LIFT-AT 39351
39655 IFUNLOCK-LIFT-AT F18 -> IFUNLOCK5-LIFT-AT 39656
39657 IFUNLOCK-BOARDED P4 -> IFUNLOCK1-BOARDED 39658
40709 ACHIEVE-LIFT-AT0 F17 -> M12-ACHIEVE-LIFT-AT0
40811 IFUNLOCK-LIFT-AT F17 -> IFUNLOCK5-LIFT-AT 40812
41116 IFUNLOCK-LIFT-AT F12 -> IFUNLOCK5-LIFT-AT 41117
41118 IFUNLOCK-BOARDED P3 -> IFUNLOCK1-BOARDED 41119
42171 ACHIEVE-LIFT-AT0 F1 -> M12-ACHIEVE-LIFT-AT0
42272 IFUNLOCK-LIFT-AT F1 -> IFUNLOCK5-LIFT-AT 42273
42577 IFUNLOCK-LIFT-AT F8 -> IFUNLOCK5-LIFT-AT 42578
42579 IFUNLOCK-BOARDED P2 -> IFUNLOCK1-BOARDED 42580
43633 ACHIEVE-LIFT-AT0 F6 -> M12-ACHIEVE-LIFT-AT0
43733 IFUNLOCK-LIFT-AT F6 -> IFUNLOCK5-LIFT-AT 43734
44038 IFUNLOCK-LIFT-AT F21 -> IFUNLOCK5-LIFT-AT 44039
44040 IFUNLOCK-BOARDED P1 -> IFUNLOCK1-BOARDED 44041
45092 ACHIEVE-LIFT-AT0 F13 -> M12-ACHIEVE-LIFT-AT0
45193 IFUNLOCK-LIFT-AT F13 -> IFUNLOCK5-LIFT-AT 45194
45499 IFUNLOCK-LIFT-AT F19 -> IFUNLOCK5-LIFT-AT 45500
45501 IFUNLOCK-BOARDED P0 -> IFUNLOCK1-BOARDED 45502
<==
0.958 End of solution plan. (counted length of 147)
0.958 Total amount of clauses encoded: 452531
0.958 - reductionconstraints : 188753 cls
0.958 - substitutionconstraints : 106275 cls
0.958 - directframeaxioms : 86578 cls
0.958 - qfactsemantics : 16831 cls
0.958 - qconstequality : 15488 cls
0.958 - indirectframeaxioms : 10286 cls
0.958 - atmostoneelement : 8727 cls
0.958 - expansions : 7113 cls
0.958 - predecessors : 7024 cls
0.958 - actionconstraints : 3748 cls
0.958 - actioneffects : 1592 cls
0.958 - truefacts : 114 cls
0.958 - axiomaticops : 2 cls
0.958 # instantiated positions: 2474
0.958 # instantiated actions: 5518
0.958 # instantiated reductions: 1507
0.958 # introduced pseudo-constants: 627
0.958 # retroactive prunings: 0
0.958 # retroactively pruned operations: 0
0.958 # dominated operations: 0
0.958 # total invalid rigid preconditions found in getPFC: 0
0.958 # invalid rigid preconditions found in getPFC: 0
0.958 # invalid rigid preconditions found in getPFC in varrestrictions: 0
0.958 # total invalid fluent preconditions found in getPFC: 0
0.958 # invalid fluent preconditions found in getPFC: 0
0.958 # invalid fluent preconditions found in getPFC in varrestrictions: 0
0.958 # invalid fluent preconditions found in getPFC via postconditions: 0
0.958 # invalid operations found in getPFC via subtasks: 0
0.958 # invalid operations found in getPFC via postconditions: 0
0.958 # number effects in operation fact_frames: 272
0.958 # number of variables restricted: 0
0.958 # number of nodes variables restricted: 0
0.958 Exiting happily.

RUNWATCH_RESULT EXIT RETVAL 0 TIME_SECS 0.97168 MEMPEAK_KBS 816
