    _           _         _
   \ |         \ |       | |                       
   | |     __  | |      _| |______                
   | |     \/  | |     /_   ______\                
   | |      _  | |   __  | |  ___   ___   ___       
   | |___  | | | |  / .\ | | / , | |   \ / ·_\    
   \_____\ |_| |__\ \__/ |_| \___) |_|_| \___\  
[39mL i l o t a n e  version rls-glucose4
by Dominik Schreiber <dominik.schreiber@kit.edu> 2020-2021
using SAT solver glucose4

0.007 Parser finished.
0.007 Structures extracted.
0.008 54 operators and 26 methods created.
0.013 Mined 7 new reduction preconditions (+18.9%).
0.013 Iteration 0.
0.013 Creating initial layer of size 2
0.014 Attempting to solve formula with 3 clauses (3 literals) and 1 assumptions
0.014 Unsolvable at layer 0 -- expanding.
0.014 Iteration 1.
0.014 New layer size: 13
0.014 Instantiating ...
0.016 Collected 0 relevant facts at this layer
0.016 Encoding ...
0.016 Attempting to solve formula with 41 clauses (67 literals) and 12 assumptions
0.016 Unsolvable at layer 1 -- expanding.
0.016 Iteration 2.
0.016 New layer size: 25
0.016 Instantiating ...
0.018 Collected 12 relevant facts at this layer
0.018 Encoding ...
0.019 Attempting to solve formula with 151 clauses (275 literals) and 12 assumptions
0.019 Unsolvable at layer 2 -- expanding.
0.019 Iteration 3.
0.019 New layer size: 37
0.019 Instantiating ...
0.023 Collected 24 relevant facts at this layer
0.023 Encoding ...
0.024 Attempting to solve formula with 357 clauses (687 literals) and 24 assumptions
0.024 Unsolvable at layer 3 -- expanding.
0.024 Iteration 4.
0.024 New layer size: 97
0.024 Instantiating ...
0.033 Collected 75 relevant facts at this layer
0.033 Encoding ...
0.039 Attempting to solve formula with 2990 clauses (7678 literals) and 48 assumptions
0.039 Unsolvable at layer 4 -- expanding.
0.039 Iteration 5.
0.039 New layer size: 181
0.039 Instantiating ...
0.065 Collected 117 relevant facts at this layer
0.066 Encoding ...
0.087 Attempting to solve formula with 30046 clauses (76022 literals) and 72 assumptions
0.087 Unsolvable at layer 5 -- expanding.
0.087 Iteration 6.
0.087 New layer size: 289
0.087 Instantiating ...
0.143 Collected 117 relevant facts at this layer
0.143 Encoding ...
0.186 Attempting to solve formula with 88537 clauses (232226 literals) and 108 assumptions
0.186 Unsolvable at layer 6 -- expanding.
0.186 Iteration 7.
0.187 New layer size: 445
0.187 Instantiating ...
0.283 Collected 123 relevant facts at this layer
0.283 Encoding ...
0.354 Attempting to solve formula with 183825 clauses (487912 literals) and 155 assumptions
0.361 Unsolvable at layer 7 -- expanding.
0.361 Iteration 8.
0.361 New layer size: 660
0.361 Instantiating ...
0.519 Collected 123 relevant facts at this layer
0.519 Encoding ...
0.631 Attempting to solve formula with 328726 clauses (876261 literals) and 214 assumptions
0.633 Unsolvable at layer 8 -- expanding.
0.633 Iteration 9.
0.635 New layer size: 946
0.635 Instantiating ...
0.882 Collected 123 relevant facts at this layer
0.882 Encoding ...
1.057 Attempting to solve formula with 553855 clauses (1479003 literals) and 285 assumptions
c last restart ## conflicts  :  33 15446 
2.167 Found a solution at layer 9.
==>
35100 i-LOCK-LIFT-AT F0
35102 i-UNLOCK-LIFT-AT F0
35104 BOARD F0 P11
35167 i-LOCK-BOARDED P11
35169 UP F0 F13
35176 UP F13 F18
35180 DOWN F18 F1
35183 UP F1 F11
35294 i-LOCK-LIFT-AT F11
35298 i-UNLOCK-LIFT-AT F11
35300 i-UNLOCK-BOARDED P11
35302 DEPART F11 P11
36406 i-LOCK-SERVED P11
36409 UP F11 F16
36522 i-LOCK-LIFT-AT F16
36526 i-UNLOCK-LIFT-AT F16
36528 BOARD F16 P10
36720 i-LOCK-BOARDED P10
36723 DOWN F16 F1
36729 DOWN F1 F0
36734 UP F0 F10
36736 DOWN F10 F5
36847 i-LOCK-LIFT-AT F5
36850 i-UNLOCK-LIFT-AT F5
36853 i-UNLOCK-BOARDED P10
36855 DEPART F5 P10
37959 i-LOCK-SERVED P10
37963 UP F5 F14
38076 i-LOCK-LIFT-AT F14
38078 i-UNLOCK-LIFT-AT F14
38081 BOARD F14 P9
38273 i-LOCK-BOARDED P9
38275 UP F14 F15
38282 DOWN F15 F12
38400 i-LOCK-LIFT-AT F12
38403 i-UNLOCK-LIFT-AT F12
38406 i-UNLOCK-BOARDED P9
38408 DEPART F12 P9
39512 i-LOCK-SERVED P9
39517 UP F12 F20
39628 i-LOCK-LIFT-AT F20
39632 i-UNLOCK-LIFT-AT F20
39634 BOARD F20 P8
39826 i-LOCK-BOARDED P8
39830 DOWN F20 F16
39834 DOWN F16 F5
39838 DOWN F5 F1
39842 UP F1 F7
39953 i-LOCK-LIFT-AT F7
39957 i-UNLOCK-LIFT-AT F7
39959 i-UNLOCK-BOARDED P8
39961 DEPART F7 P8
41065 i-LOCK-SERVED P8
41067 UP F7 F10
41181 i-LOCK-LIFT-AT F10
41184 i-UNLOCK-LIFT-AT F10
41187 BOARD F10 P7
41379 i-LOCK-BOARDED P7
41382 UP F10 F11
41387 DOWN F11 F9
41391 DOWN F9 F0
41397 UP F0 F19
41507 i-LOCK-LIFT-AT F19
41509 i-UNLOCK-LIFT-AT F19
41512 i-UNLOCK-BOARDED P7
41514 DEPART F19 P7
42618 i-LOCK-SERVED P7
42621 DOWN F19 F16
42734 i-LOCK-LIFT-AT F16
42738 i-UNLOCK-LIFT-AT F16
42740 BOARD F16 P6
42932 i-LOCK-BOARDED P6
42934 DOWN F16 F0
42941 UP F0 F6
43059 i-LOCK-LIFT-AT F6
43062 i-UNLOCK-LIFT-AT F6
43065 i-UNLOCK-BOARDED P6
43067 DEPART F6 P6
44171 i-LOCK-SERVED P6
44177 UP F6 F7
44287 i-LOCK-LIFT-AT F7
44291 i-UNLOCK-LIFT-AT F7
44293 BOARD F7 P5
44485 i-LOCK-BOARDED P5
44488 DOWN F7 F1
44495 UP F1 F3
44498 UP F3 F4
44502 UP F4 F6
44612 i-LOCK-LIFT-AT F6
44615 i-UNLOCK-LIFT-AT F6
44618 i-UNLOCK-BOARDED P5
44620 DEPART F6 P5
45724 i-LOCK-SERVED P5
45728 DOWN F6 F3
45840 i-LOCK-LIFT-AT F3
45843 i-UNLOCK-LIFT-AT F3
45846 BOARD F3 P4
46038 i-LOCK-BOARDED P4
46040 UP F3 F15
46046 DOWN F15 F10
46050 DOWN F10 F8
46165 i-LOCK-LIFT-AT F8
46168 i-UNLOCK-LIFT-AT F8
46171 i-UNLOCK-BOARDED P4
46173 DEPART F8 P4
47277 i-LOCK-SERVED P4
47280 DOWN F8 F5
47393 i-LOCK-LIFT-AT F5
47396 i-UNLOCK-LIFT-AT F5
47399 BOARD F5 P3
47591 i-LOCK-BOARDED P3
47595 UP F5 F13
47600 DOWN F13 F3
47603 UP F3 F23
47608 DOWN F23 F0
47718 i-LOCK-LIFT-AT F0
47721 i-UNLOCK-LIFT-AT F0
47724 i-UNLOCK-BOARDED P3
47726 DEPART F0 P3
48830 i-LOCK-SERVED P3
48834 UP F0 F3
48946 i-LOCK-LIFT-AT F3
48949 i-UNLOCK-LIFT-AT F3
48952 BOARD F3 P2
49144 i-LOCK-BOARDED P2
49147 UP F3 F6
49153 UP F6 F17
49156 DOWN F17 F3
49161 UP F3 F12
49271 i-LOCK-LIFT-AT F12
49274 i-UNLOCK-LIFT-AT F12
49277 i-UNLOCK-BOARDED P2
49279 DEPART F12 P2
50383 i-LOCK-SERVED P2
50385 DOWN F12 F6
50499 i-LOCK-LIFT-AT F6
50502 i-UNLOCK-LIFT-AT F6
50505 BOARD F6 P1
50697 i-LOCK-BOARDED P1
50702 UP F6 F7
50705 UP F7 F8
50709 UP F8 F19
50825 i-LOCK-LIFT-AT F19
50827 i-UNLOCK-LIFT-AT F19
50830 i-UNLOCK-BOARDED P1
50832 DEPART F19 P1
51936 i-LOCK-SERVED P1
51940 DOWN F19 F17
52052 i-LOCK-LIFT-AT F17
52056 i-UNLOCK-LIFT-AT F17
52058 BOARD F17 P0
52250 i-LOCK-BOARDED P0
52253 UP F17 F19
52259 UP F19 F23
52377 i-LOCK-LIFT-AT F23
52380 i-UNLOCK-LIFT-AT F23
52383 i-UNLOCK-BOARDED P0
52385 DEPART F23 P0
53489 i-LOCK-SERVED P0
root 5 7 9 11 13 15 17 19 21 23 25 27
5 ACHIEVE-SERVED P11 -> M22-ACHIEVE-SERVED 31 36406
7 ACHIEVE-SERVED P10 -> M22-ACHIEVE-SERVED 47 37959
9 ACHIEVE-SERVED P9 -> M22-ACHIEVE-SERVED 52 39512
11 ACHIEVE-SERVED P8 -> M22-ACHIEVE-SERVED 57 41065
13 ACHIEVE-SERVED P7 -> M22-ACHIEVE-SERVED 62 42618
15 ACHIEVE-SERVED P6 -> M22-ACHIEVE-SERVED 67 44171
17 ACHIEVE-SERVED P5 -> M22-ACHIEVE-SERVED 72 45724
19 ACHIEVE-SERVED P4 -> M22-ACHIEVE-SERVED 77 47277
21 ACHIEVE-SERVED P3 -> M22-ACHIEVE-SERVED 82 48830
23 ACHIEVE-SERVED P2 -> M22-ACHIEVE-SERVED 87 50383
25 ACHIEVE-SERVED P1 -> M22-ACHIEVE-SERVED 92 51936
27 ACHIEVE-SERVED P0 -> M22-ACHIEVE-SERVED 97 53489
31 ACHIEVE-SERVED2 P11 -> M24-ACHIEVE-SERVED2 105 120
47 ACHIEVE-SERVED2 P10 -> M24-ACHIEVE-SERVED2 126 129
52 ACHIEVE-SERVED2 P9 -> M24-ACHIEVE-SERVED2 135 138
57 ACHIEVE-SERVED2 P8 -> M24-ACHIEVE-SERVED2 144 147
62 ACHIEVE-SERVED2 P7 -> M24-ACHIEVE-SERVED2 153 155
67 ACHIEVE-SERVED2 P6 -> M24-ACHIEVE-SERVED2 162 165
72 ACHIEVE-SERVED2 P5 -> M24-ACHIEVE-SERVED2 171 173
77 ACHIEVE-SERVED2 P4 -> M24-ACHIEVE-SERVED2 180 183
82 ACHIEVE-SERVED2 P3 -> M24-ACHIEVE-SERVED2 189 192
87 ACHIEVE-SERVED2 P2 -> M24-ACHIEVE-SERVED2 198 201
92 ACHIEVE-SERVED2 P1 -> M24-ACHIEVE-SERVED2 207 209
97 ACHIEVE-SERVED2 P0 -> M24-ACHIEVE-SERVED2 216 219
105 DO-SERVED-DEPART2 F11 P11 -> M8-DO-SERVED-DEPART2 227 282 35297 35299 35302
120 ACHIEVE-SERVED2 P11 -> M23-ACHIEVE-SERVED2
126 DO-SERVED-DEPART2 F5 P10 -> M8-DO-SERVED-DEPART2 403 407 36849 36852 36855
129 ACHIEVE-SERVED2 P10 -> M23-ACHIEVE-SERVED2
135 DO-SERVED-DEPART2 F12 P9 -> M8-DO-SERVED-DEPART2 528 532 38402 38405 38408
138 ACHIEVE-SERVED2 P9 -> M23-ACHIEVE-SERVED2
144 DO-SERVED-DEPART2 F7 P8 -> M8-DO-SERVED-DEPART2 653 657 39956 39958 39961
147 ACHIEVE-SERVED2 P8 -> M23-ACHIEVE-SERVED2
153 DO-SERVED-DEPART2 F19 P7 -> M8-DO-SERVED-DEPART2 778 782 41508 41511 41514
155 ACHIEVE-SERVED2 P7 -> M23-ACHIEVE-SERVED2
162 DO-SERVED-DEPART2 F6 P6 -> M8-DO-SERVED-DEPART2 903 907 43061 43064 43067
165 ACHIEVE-SERVED2 P6 -> M23-ACHIEVE-SERVED2
171 DO-SERVED-DEPART2 F6 P5 -> M8-DO-SERVED-DEPART2 1028 1032 44614 44617 44620
173 ACHIEVE-SERVED2 P5 -> M23-ACHIEVE-SERVED2
180 DO-SERVED-DEPART2 F8 P4 -> M8-DO-SERVED-DEPART2 1153 1157 46167 46170 46173
183 ACHIEVE-SERVED2 P4 -> M23-ACHIEVE-SERVED2
189 DO-SERVED-DEPART2 F0 P3 -> M8-DO-SERVED-DEPART2 1278 1282 47720 47723 47726
192 ACHIEVE-SERVED2 P3 -> M23-ACHIEVE-SERVED2
198 DO-SERVED-DEPART2 F12 P2 -> M8-DO-SERVED-DEPART2 1403 1407 49273 49276 49279
201 ACHIEVE-SERVED2 P2 -> M23-ACHIEVE-SERVED2
207 DO-SERVED-DEPART2 F19 P1 -> M8-DO-SERVED-DEPART2 1528 1532 50826 50829 50832
209 ACHIEVE-SERVED2 P1 -> M23-ACHIEVE-SERVED2
216 DO-SERVED-DEPART2 F23 P0 -> M8-DO-SERVED-DEPART2 1653 1657 52379 52382 52385
219 ACHIEVE-SERVED2 P0 -> M23-ACHIEVE-SERVED2
227 ACHIEVE-BOARDED P11 -> M17-ACHIEVE-BOARDED 1780 35167
282 ACHIEVE-LIFT-AT F11 -> M11-ACHIEVE-LIFT-AT 1887 35294
403 ACHIEVE-BOARDED P10 -> M17-ACHIEVE-BOARDED 2211 36720
407 ACHIEVE-LIFT-AT F5 -> M11-ACHIEVE-LIFT-AT 2275 36847
528 ACHIEVE-BOARDED P9 -> M17-ACHIEVE-BOARDED 2600 38273
532 ACHIEVE-LIFT-AT F12 -> M11-ACHIEVE-LIFT-AT 2665 38400
653 ACHIEVE-BOARDED P8 -> M17-ACHIEVE-BOARDED 2989 39826
657 ACHIEVE-LIFT-AT F7 -> M11-ACHIEVE-LIFT-AT 3054 39953
778 ACHIEVE-BOARDED P7 -> M17-ACHIEVE-BOARDED 3378 41379
782 ACHIEVE-LIFT-AT F19 -> M11-ACHIEVE-LIFT-AT 3443 41507
903 ACHIEVE-BOARDED P6 -> M17-ACHIEVE-BOARDED 3767 42932
907 ACHIEVE-LIFT-AT F6 -> M11-ACHIEVE-LIFT-AT 3832 43059
1028 ACHIEVE-BOARDED P5 -> M17-ACHIEVE-BOARDED 4156 44485
1032 ACHIEVE-LIFT-AT F6 -> M11-ACHIEVE-LIFT-AT 4222 44612
1153 ACHIEVE-BOARDED P4 -> M17-ACHIEVE-BOARDED 4545 46038
1157 ACHIEVE-LIFT-AT F8 -> M11-ACHIEVE-LIFT-AT 4610 46165
1278 ACHIEVE-BOARDED P3 -> M17-ACHIEVE-BOARDED 4934 47591
1282 ACHIEVE-LIFT-AT F0 -> M11-ACHIEVE-LIFT-AT 4999 47718
1403 ACHIEVE-BOARDED P2 -> M17-ACHIEVE-BOARDED 5323 49144
1407 ACHIEVE-LIFT-AT F12 -> M11-ACHIEVE-LIFT-AT 5389 49271
1528 ACHIEVE-BOARDED P1 -> M17-ACHIEVE-BOARDED 5712 50697
1532 ACHIEVE-LIFT-AT F19 -> M11-ACHIEVE-LIFT-AT 5776 50825
1653 ACHIEVE-BOARDED P0 -> M17-ACHIEVE-BOARDED 6101 52250
1657 ACHIEVE-LIFT-AT F23 -> M11-ACHIEVE-LIFT-AT 6165 52377
1780 ACHIEVE-BOARDED1 P11 -> M19-ACHIEVE-BOARDED1 6492 6494
1887 ACHIEVE-LIFT-AT0 F11 -> M13-ACHIEVE-LIFT-AT0 35169 6535
2211 ACHIEVE-BOARDED1 P10 -> M19-ACHIEVE-BOARDED1 7020 7022
2275 ACHIEVE-LIFT-AT0 F5 -> M14-ACHIEVE-LIFT-AT0 36723 7062
2600 ACHIEVE-BOARDED1 P9 -> M19-ACHIEVE-BOARDED1 7547 7549
2665 ACHIEVE-LIFT-AT0 F12 -> M13-ACHIEVE-LIFT-AT0 38275 7588
2989 ACHIEVE-BOARDED1 P8 -> M19-ACHIEVE-BOARDED1 8074 8076
3054 ACHIEVE-LIFT-AT0 F7 -> M14-ACHIEVE-LIFT-AT0 39830 8114
3378 ACHIEVE-BOARDED1 P7 -> M19-ACHIEVE-BOARDED1 8601 8603
3443 ACHIEVE-LIFT-AT0 F19 -> M13-ACHIEVE-LIFT-AT0 41382 8641
3767 ACHIEVE-BOARDED1 P6 -> M19-ACHIEVE-BOARDED1 9128 9131
3832 ACHIEVE-LIFT-AT0 F6 -> M14-ACHIEVE-LIFT-AT0 42934 9170
4156 ACHIEVE-BOARDED1 P5 -> M19-ACHIEVE-BOARDED1 9655 9658
4222 ACHIEVE-LIFT-AT0 F6 -> M14-ACHIEVE-LIFT-AT0 44488 9698
4545 ACHIEVE-BOARDED1 P4 -> M19-ACHIEVE-BOARDED1 10183 10185
4610 ACHIEVE-LIFT-AT0 F8 -> M13-ACHIEVE-LIFT-AT0 46040 10223
4934 ACHIEVE-BOARDED1 P3 -> M19-ACHIEVE-BOARDED1 10710 10712
4999 ACHIEVE-LIFT-AT0 F0 -> M13-ACHIEVE-LIFT-AT0 47595 10753
5323 ACHIEVE-BOARDED1 P2 -> M19-ACHIEVE-BOARDED1 11238 11241
5389 ACHIEVE-LIFT-AT0 F12 -> M13-ACHIEVE-LIFT-AT0 49147 11279
5712 ACHIEVE-BOARDED1 P1 -> M19-ACHIEVE-BOARDED1 11765 11767
5776 ACHIEVE-LIFT-AT0 F19 -> M13-ACHIEVE-LIFT-AT0 50702 11806
6101 ACHIEVE-BOARDED1 P0 -> M19-ACHIEVE-BOARDED1 12293 12295
6165 ACHIEVE-LIFT-AT0 F23 -> M13-ACHIEVE-LIFT-AT0 52253 12335
6492 DO-BOARDED-BOARD1 F0 P11 -> M7-DO-BOARDED-BOARD1 35099 35101 35104
6494 ACHIEVE-BOARDED1 P11 -> M18-ACHIEVE-BOARDED1
6535 ACHIEVE-LIFT-AT0 F11 -> M13-ACHIEVE-LIFT-AT0 35176 12891
7020 DO-BOARDED-BOARD1 F16 P10 -> M7-DO-BOARDED-BOARD1 13578 36525 36528
7022 ACHIEVE-BOARDED1 P10 -> M18-ACHIEVE-BOARDED1
7062 ACHIEVE-LIFT-AT0 F5 -> M14-ACHIEVE-LIFT-AT0 36729 13668
7547 DO-BOARDED-BOARD1 F14 P9 -> M7-DO-BOARDED-BOARD1 14355 38077 38081
7549 ACHIEVE-BOARDED1 P9 -> M18-ACHIEVE-BOARDED1
7588 ACHIEVE-LIFT-AT0 F12 -> M14-ACHIEVE-LIFT-AT0 38282 14444
8074 DO-BOARDED-BOARD1 F20 P8 -> M7-DO-BOARDED-BOARD1 15132 39631 39634
8076 ACHIEVE-BOARDED1 P8 -> M18-ACHIEVE-BOARDED1
8114 ACHIEVE-LIFT-AT0 F7 -> M14-ACHIEVE-LIFT-AT0 39834 15221
8601 DO-BOARDED-BOARD1 F10 P7 -> M7-DO-BOARDED-BOARD1 15909 41183 41187
8603 ACHIEVE-BOARDED1 P7 -> M18-ACHIEVE-BOARDED1
8641 ACHIEVE-LIFT-AT0 F19 -> M14-ACHIEVE-LIFT-AT0 41387 15999
9128 DO-BOARDED-BOARD1 F16 P6 -> M7-DO-BOARDED-BOARD1 16686 42737 42740
9131 ACHIEVE-BOARDED1 P6 -> M18-ACHIEVE-BOARDED1
9170 ACHIEVE-LIFT-AT0 F6 -> M13-ACHIEVE-LIFT-AT0 42941 16775
9655 DO-BOARDED-BOARD1 F7 P5 -> M7-DO-BOARDED-BOARD1 17463 44290 44293
9658 ACHIEVE-BOARDED1 P5 -> M18-ACHIEVE-BOARDED1
9698 ACHIEVE-LIFT-AT0 F6 -> M13-ACHIEVE-LIFT-AT0 44495 17554
10183 DO-BOARDED-BOARD1 F3 P4 -> M7-DO-BOARDED-BOARD1 18240 45842 45846
10185 ACHIEVE-BOARDED1 P4 -> M18-ACHIEVE-BOARDED1
10223 ACHIEVE-LIFT-AT0 F8 -> M14-ACHIEVE-LIFT-AT0 46046 18330
10710 DO-BOARDED-BOARD1 F5 P3 -> M7-DO-BOARDED-BOARD1 19017 47395 47399
10712 ACHIEVE-BOARDED1 P3 -> M18-ACHIEVE-BOARDED1
10753 ACHIEVE-LIFT-AT0 F0 -> M14-ACHIEVE-LIFT-AT0 47600 19107
11238 DO-BOARDED-BOARD1 F3 P2 -> M7-DO-BOARDED-BOARD1 19794 48948 48952
11241 ACHIEVE-BOARDED1 P2 -> M18-ACHIEVE-BOARDED1
11279 ACHIEVE-LIFT-AT0 F12 -> M13-ACHIEVE-LIFT-AT0 49153 19885
11765 DO-BOARDED-BOARD1 F6 P1 -> M7-DO-BOARDED-BOARD1 20571 50501 50505
11767 ACHIEVE-BOARDED1 P1 -> M18-ACHIEVE-BOARDED1
11806 ACHIEVE-LIFT-AT0 F19 -> M13-ACHIEVE-LIFT-AT0 50705 20660
12293 DO-BOARDED-BOARD1 F17 P0 -> M7-DO-BOARDED-BOARD1 21348 52055 52058
12295 ACHIEVE-BOARDED1 P0 -> M18-ACHIEVE-BOARDED1
12335 ACHIEVE-LIFT-AT0 F23 -> M13-ACHIEVE-LIFT-AT0 52259 21437
12891 ACHIEVE-LIFT-AT0 F11 -> M14-ACHIEVE-LIFT-AT0 35180 22200
13578 ACHIEVE-LIFT-AT F16 -> M11-ACHIEVE-LIFT-AT 23089 36522
13668 ACHIEVE-LIFT-AT0 F5 -> M13-ACHIEVE-LIFT-AT0 36734 23293
14355 ACHIEVE-LIFT-AT F14 -> M11-ACHIEVE-LIFT-AT 24182 38076
14444 ACHIEVE-LIFT-AT0 F12 -> M12-ACHIEVE-LIFT-AT0
15132 ACHIEVE-LIFT-AT F20 -> M11-ACHIEVE-LIFT-AT 25272 39628
15221 ACHIEVE-LIFT-AT0 F7 -> M14-ACHIEVE-LIFT-AT0 39838 25475
15909 ACHIEVE-LIFT-AT F10 -> M11-ACHIEVE-LIFT-AT 26365 41181
15999 ACHIEVE-LIFT-AT0 F19 -> M14-ACHIEVE-LIFT-AT0 41391 26568
16686 ACHIEVE-LIFT-AT F16 -> M11-ACHIEVE-LIFT-AT 27458 42734
16775 ACHIEVE-LIFT-AT0 F6 -> M12-ACHIEVE-LIFT-AT0
17463 ACHIEVE-LIFT-AT F7 -> M11-ACHIEVE-LIFT-AT 28549 44287
17554 ACHIEVE-LIFT-AT0 F6 -> M13-ACHIEVE-LIFT-AT0 44498 28753
18240 ACHIEVE-LIFT-AT F3 -> M11-ACHIEVE-LIFT-AT 29640 45840
18330 ACHIEVE-LIFT-AT0 F8 -> M14-ACHIEVE-LIFT-AT0 46050 29845
19017 ACHIEVE-LIFT-AT F5 -> M11-ACHIEVE-LIFT-AT 30734 47393
19107 ACHIEVE-LIFT-AT0 F0 -> M13-ACHIEVE-LIFT-AT0 47603 30935
19794 ACHIEVE-LIFT-AT F3 -> M11-ACHIEVE-LIFT-AT 31824 48946
19885 ACHIEVE-LIFT-AT0 F12 -> M14-ACHIEVE-LIFT-AT0 49156 32028
20571 ACHIEVE-LIFT-AT F6 -> M11-ACHIEVE-LIFT-AT 32917 50499
20660 ACHIEVE-LIFT-AT0 F19 -> M13-ACHIEVE-LIFT-AT0 50709 33121
21348 ACHIEVE-LIFT-AT F17 -> M11-ACHIEVE-LIFT-AT 34009 52052
21437 ACHIEVE-LIFT-AT0 F23 -> M12-ACHIEVE-LIFT-AT0
22200 ACHIEVE-LIFT-AT0 F11 -> M13-ACHIEVE-LIFT-AT0 35183 35189
23089 ACHIEVE-LIFT-AT0 F16 -> M13-ACHIEVE-LIFT-AT0 36409 36415
23293 ACHIEVE-LIFT-AT0 F5 -> M14-ACHIEVE-LIFT-AT0 36736 36743
24182 ACHIEVE-LIFT-AT0 F14 -> M13-ACHIEVE-LIFT-AT0 37963 37969
25272 ACHIEVE-LIFT-AT0 F20 -> M13-ACHIEVE-LIFT-AT0 39517 39522
25475 ACHIEVE-LIFT-AT0 F7 -> M13-ACHIEVE-LIFT-AT0 39842 39849
26365 ACHIEVE-LIFT-AT0 F10 -> M13-ACHIEVE-LIFT-AT0 41067 41075
26568 ACHIEVE-LIFT-AT0 F19 -> M13-ACHIEVE-LIFT-AT0 41397 41403
27458 ACHIEVE-LIFT-AT0 F16 -> M14-ACHIEVE-LIFT-AT0 42621 42627
28549 ACHIEVE-LIFT-AT0 F7 -> M13-ACHIEVE-LIFT-AT0 44177 44182
28753 ACHIEVE-LIFT-AT0 F6 -> M13-ACHIEVE-LIFT-AT0 44502 44507
29640 ACHIEVE-LIFT-AT0 F3 -> M14-ACHIEVE-LIFT-AT0 45728 45735
29845 ACHIEVE-LIFT-AT0 F8 -> M12-ACHIEVE-LIFT-AT0
30734 ACHIEVE-LIFT-AT0 F5 -> M14-ACHIEVE-LIFT-AT0 47280 47287
30935 ACHIEVE-LIFT-AT0 F0 -> M14-ACHIEVE-LIFT-AT0 47608 47615
31824 ACHIEVE-LIFT-AT0 F3 -> M13-ACHIEVE-LIFT-AT0 48834 48841
32028 ACHIEVE-LIFT-AT0 F12 -> M13-ACHIEVE-LIFT-AT0 49161 49167
32917 ACHIEVE-LIFT-AT0 F6 -> M14-ACHIEVE-LIFT-AT0 50385 50393
33121 ACHIEVE-LIFT-AT0 F19 -> M12-ACHIEVE-LIFT-AT0
34009 ACHIEVE-LIFT-AT0 F17 -> M14-ACHIEVE-LIFT-AT0 51940 51947
35099 ACHIEVE-LIFT-AT F0 -> M10-ACHIEVE-LIFT-AT 35100
35101 IFUNLOCK-LIFT-AT F0 -> IFUNLOCK5-LIFT-AT 35102
35189 ACHIEVE-LIFT-AT0 F11 -> M12-ACHIEVE-LIFT-AT0
35297 IFUNLOCK-LIFT-AT F11 -> IFUNLOCK5-LIFT-AT 35298
35299 IFUNLOCK-BOARDED P11 -> IFUNLOCK1-BOARDED 35300
36415 ACHIEVE-LIFT-AT0 F16 -> M12-ACHIEVE-LIFT-AT0
36525 IFUNLOCK-LIFT-AT F16 -> IFUNLOCK5-LIFT-AT 36526
36743 ACHIEVE-LIFT-AT0 F5 -> M12-ACHIEVE-LIFT-AT0
36849 IFUNLOCK-LIFT-AT F5 -> IFUNLOCK5-LIFT-AT 36850
36852 IFUNLOCK-BOARDED P10 -> IFUNLOCK1-BOARDED 36853
37969 ACHIEVE-LIFT-AT0 F14 -> M12-ACHIEVE-LIFT-AT0
38077 IFUNLOCK-LIFT-AT F14 -> IFUNLOCK5-LIFT-AT 38078
38402 IFUNLOCK-LIFT-AT F12 -> IFUNLOCK5-LIFT-AT 38403
38405 IFUNLOCK-BOARDED P9 -> IFUNLOCK1-BOARDED 38406
39522 ACHIEVE-LIFT-AT0 F20 -> M12-ACHIEVE-LIFT-AT0
39631 IFUNLOCK-LIFT-AT F20 -> IFUNLOCK5-LIFT-AT 39632
39849 ACHIEVE-LIFT-AT0 F7 -> M12-ACHIEVE-LIFT-AT0
39956 IFUNLOCK-LIFT-AT F7 -> IFUNLOCK5-LIFT-AT 39957
39958 IFUNLOCK-BOARDED P8 -> IFUNLOCK1-BOARDED 39959
41075 ACHIEVE-LIFT-AT0 F10 -> M12-ACHIEVE-LIFT-AT0
41183 IFUNLOCK-LIFT-AT F10 -> IFUNLOCK5-LIFT-AT 41184
41403 ACHIEVE-LIFT-AT0 F19 -> M12-ACHIEVE-LIFT-AT0
41508 IFUNLOCK-LIFT-AT F19 -> IFUNLOCK5-LIFT-AT 41509
41511 IFUNLOCK-BOARDED P7 -> IFUNLOCK1-BOARDED 41512
42627 ACHIEVE-LIFT-AT0 F16 -> M12-ACHIEVE-LIFT-AT0
42737 IFUNLOCK-LIFT-AT F16 -> IFUNLOCK5-LIFT-AT 42738
43061 IFUNLOCK-LIFT-AT F6 -> IFUNLOCK5-LIFT-AT 43062
43064 IFUNLOCK-BOARDED P6 -> IFUNLOCK1-BOARDED 43065
44182 ACHIEVE-LIFT-AT0 F7 -> M12-ACHIEVE-LIFT-AT0
44290 IFUNLOCK-LIFT-AT F7 -> IFUNLOCK5-LIFT-AT 44291
44507 ACHIEVE-LIFT-AT0 F6 -> M12-ACHIEVE-LIFT-AT0
44614 IFUNLOCK-LIFT-AT F6 -> IFUNLOCK5-LIFT-AT 44615
44617 IFUNLOCK-BOARDED P5 -> IFUNLOCK1-BOARDED 44618
45735 ACHIEVE-LIFT-AT0 F3 -> M12-ACHIEVE-LIFT-AT0
45842 IFUNLOCK-LIFT-AT F3 -> IFUNLOCK5-LIFT-AT 45843
46167 IFUNLOCK-LIFT-AT F8 -> IFUNLOCK5-LIFT-AT 46168
46170 IFUNLOCK-BOARDED P4 -> IFUNLOCK1-BOARDED 46171
47287 ACHIEVE-LIFT-AT0 F5 -> M12-ACHIEVE-LIFT-AT0
47395 IFUNLOCK-LIFT-AT F5 -> IFUNLOCK5-LIFT-AT 47396
47615 ACHIEVE-LIFT-AT0 F0 -> M12-ACHIEVE-LIFT-AT0
47720 IFUNLOCK-LIFT-AT F0 -> IFUNLOCK5-LIFT-AT 47721
47723 IFUNLOCK-BOARDED P3 -> IFUNLOCK1-BOARDED 47724
48841 ACHIEVE-LIFT-AT0 F3 -> M12-ACHIEVE-LIFT-AT0
48948 IFUNLOCK-LIFT-AT F3 -> IFUNLOCK5-LIFT-AT 48949
49167 ACHIEVE-LIFT-AT0 F12 -> M12-ACHIEVE-LIFT-AT0
49273 IFUNLOCK-LIFT-AT F12 -> IFUNLOCK5-LIFT-AT 49274
49276 IFUNLOCK-BOARDED P2 -> IFUNLOCK1-BOARDED 49277
50393 ACHIEVE-LIFT-AT0 F6 -> M12-ACHIEVE-LIFT-AT0
50501 IFUNLOCK-LIFT-AT F6 -> IFUNLOCK5-LIFT-AT 50502
50826 IFUNLOCK-LIFT-AT F19 -> IFUNLOCK5-LIFT-AT 50827
50829 IFUNLOCK-BOARDED P1 -> IFUNLOCK1-BOARDED 50830
51947 ACHIEVE-LIFT-AT0 F17 -> M12-ACHIEVE-LIFT-AT0
52055 IFUNLOCK-LIFT-AT F17 -> IFUNLOCK5-LIFT-AT 52056
52379 IFUNLOCK-LIFT-AT F23 -> IFUNLOCK5-LIFT-AT 52380
52382 IFUNLOCK-BOARDED P0 -> IFUNLOCK1-BOARDED 52383
<==
2.202 End of solution plan. (counted length of 159)
2.202 Total amount of clauses encoded: 553855
2.202 - reductionconstraints : 242827 cls
2.202 - substitutionconstraints : 128976 cls
2.202 - directframeaxioms : 100684 cls
2.202 - qfactsemantics : 19970 cls
2.202 - qconstequality : 18340 cls
2.202 - indirectframeaxioms : 12222 cls
2.202 - atmostoneelement : 9499 cls
2.202 - expansions : 7750 cls
2.202 - predecessors : 7649 cls
2.202 - actionconstraints : 4081 cls
2.202 - actioneffects : 1732 cls
2.202 - truefacts : 123 cls
2.202 - axiomaticops : 2 cls
2.202 # instantiated positions: 2694
2.202 # instantiated actions: 6017
2.202 # instantiated reductions: 1633
2.202 # introduced pseudo-constants: 675
2.202 # retroactive prunings: 0
2.202 # retroactively pruned operations: 0
2.202 # dominated operations: 0
2.202 # total invalid rigid preconditions found in getPFC: 0
2.202 # invalid rigid preconditions found in getPFC: 0
2.202 # invalid rigid preconditions found in getPFC in varrestrictions: 0
2.202 # total invalid fluent preconditions found in getPFC: 0
2.202 # invalid fluent preconditions found in getPFC: 0
2.202 # invalid fluent preconditions found in getPFC in varrestrictions: 0
2.202 # invalid fluent preconditions found in getPFC via postconditions: 0
2.202 # invalid operations found in getPFC via subtasks: 0
2.202 # invalid operations found in getPFC via postconditions: 0
2.202 # number effects in operation fact_frames: 281
2.202 # number of variables restricted: 0
2.202 # number of nodes variables restricted: 0
2.202 Exiting happily.

RUNWATCH_RESULT EXIT RETVAL 0 TIME_SECS 2.21777 MEMPEAK_KBS 113796
