    _           _         _
   \ |         \ |       | |                       
   | |     __  | |      _| |______                
   | |     \/  | |     /_   ______\                
   | |      _  | |   __  | |  ___   ___   ___       
   | |___  | | | |  / .\ | | / , | |   \ / ·_\    
   \_____\ |_| |__\ \__/ |_| \___) |_|_| \___\  
[39mL i l o t a n e  version rls-glucose4
by Dominik Schreiber <dominik.schreiber@kit.edu> 2020-2021
using SAT solver glucose4

0.011 Parser finished.
0.012 Structures extracted.
0.012 20 operators and 16 methods created.
0.042 Mined 11 new reduction preconditions (+11.0%).
0.042 Iteration 0.
0.042 Creating initial layer of size 2
0.067 Attempting to solve formula with 161 clauses (240 literals) and 1 assumptions
0.067 Unsolvable at layer 0 -- expanding.
0.067 Iteration 1.
0.067 New layer size: 7
0.067 Instantiating ...
1.238 Collected 5180 relevant facts at this layer
1.238 Encoding ...
1.320 Attempting to solve formula with 105458 clauses (327630 literals) and 6 assumptions
1.321 Unsolvable at layer 1 -- expanding.
1.321 Iteration 2.
1.321 New layer size: 13
1.321 Instantiating ...
3.699 Collected 5542 relevant facts at this layer
3.699 Encoding ...
3.957 Attempting to solve formula with 384356 clauses (1282866 literals) and 6 assumptions
3.958 Unsolvable at layer 2 -- expanding.
3.958 Iteration 3.
3.958 New layer size: 31
3.958 Instantiating ...
7.363 Collected 5606 relevant facts at this layer
7.363 Encoding ...
8.007 Attempting to solve formula with 972171 clauses (3298430 literals) and 12 assumptions
8.030 Unsolvable at layer 3 -- expanding.
8.030 Iteration 4.
8.030 New layer size: 55
8.030 Instantiating ...
13.817 Collected 5606 relevant facts at this layer
13.817 Encoding ...
14.923 Attempting to solve formula with 1891259 clauses (6454269 literals) and 18 assumptions
14.949 Unsolvable at layer 4 -- expanding.
14.949 Iteration 5.
14.949 New layer size: 97
14.949 Instantiating ...
24.433 Collected 5606 relevant facts at this layer
24.433 Encoding ...
26.324 Attempting to solve formula with 3436911 clauses (11769097 literals) and 30 assumptions
26.361 Unsolvable at layer 5 -- expanding.
26.361 Iteration 6.
26.361 New layer size: 163
26.361 Instantiating ...
41.975 Collected 5606 relevant facts at this layer
41.975 Encoding ...
45.213 Attempting to solve formula with 5935892 clauses (20366611 literals) and 48 assumptions
45.315 Unsolvable at layer 6 -- expanding.
45.315 Iteration 7.
45.315 New layer size: 271
45.315 Instantiating ...
70.996 Collected 5606 relevant facts at this layer
70.996 Encoding ...
76.549 Attempting to solve formula with 10014637 clauses (34405040 literals) and 78 assumptions
76.838 Unsolvable at layer 7 -- expanding.
76.838 Iteration 8.
76.838 New layer size: 445
76.838 Instantiating ...
120.608 Collected 5606 relevant facts at this layer
120.608 Encoding ...
129.861 Attempting to solve formula with 16626474 clauses (57167067 literals) and 126 assumptions
130.145 Unsolvable at layer 8 -- expanding.
130.145 Iteration 9.
130.145 New layer size: 727
130.145 Instantiating ...
199.518 Collected 5606 relevant facts at this layer
199.518 Encoding ...
214.753 Attempting to solve formula with 27351167 clauses (94093607 literals) and 204 assumptions
215.374 Unsolvable at layer 9 -- expanding.
215.374 Iteration 10.
215.374 New layer size: 1183
215.374 Instantiating ...
329.578 Collected 5606 relevant facts at this layer
329.578 Encoding ...
356.276 Attempting to solve formula with 44721808 clauses (153908258 literals) and 330 assumptions
357.889 Unsolvable at layer 10 -- expanding.
357.889 Iteration 11.
357.890 New layer size: 1921
357.890 Instantiating ...
503.051 Termination signal caught.
503.051 Total amount of clauses encoded: 44721808
503.051 - directframeaxioms : 18260374 cls
503.051 - qfactsemantics : 11853476 cls
503.051 - indirectframeaxioms : 9201982 cls
503.051 - reductionconstraints : 4663014 cls
503.051 - actionconstraints : 310956 cls
503.051 - qconstequality : 178994 cls
503.051 - substitutionconstraints : 141611 cls
503.051 - atmostoneelement : 55682 cls
503.051 - expansions : 21515 cls
503.051 - predecessors : 18131 cls
503.051 - actioneffects : 10465 cls
503.051 - truefacts : 5606 cls
503.051 - axiomaticops : 2 cls
503.051 # instantiated positions: 4358
503.051 # instantiated actions: 17967
503.051 # instantiated reductions: 8463
503.051 # introduced pseudo-constants: 4011
503.051 # retroactive prunings: 0
503.051 # retroactively pruned operations: 0
503.051 # dominated operations: 2
503.051 # total invalid rigid preconditions found in getPFC: 0
503.051 # invalid rigid preconditions found in getPFC: 0
503.051 # invalid rigid preconditions found in getPFC in varrestrictions: 0
503.051 # total invalid fluent preconditions found in getPFC: 59
503.051 # invalid fluent preconditions found in getPFC: 54
503.051 # invalid fluent preconditions found in getPFC in varrestrictions: 5
503.051 # invalid fluent preconditions found in getPFC via postconditions: 0
503.051 # invalid subtasks found in getPFC: 0
503.051 # number effects in operation fact_frames: 234
503.051 # number of variables restricted: 7110495
503.051 Exiting happily.

RUNWATCH_RESULT MEMOUT RETVAL 0 TIME_SECS 503.842 MEMPEAK_KBS 16042668
