    _           _         _
   \ |         \ |       | |                       
   | |     __  | |      _| |______                
   | |     \/  | |     /_   ______\                
   | |      _  | |   __  | |  ___   ___   ___       
   | |___  | | | |  / .\ | | / , | |   \ / ·_\    
   \_____\ |_| |__\ \__/ |_| \___) |_|_| \___\  
[39mL i l o t a n e  version rls-glucose4
by Dominik Schreiber <dominik.schreiber@kit.edu> 2020-2021
using SAT solver glucose4

0.009 Parser finished.
0.009 Structures extracted.
0.010 20 operators and 16 methods created.
0.033 Mined 11 new reduction preconditions (+13.8%).
0.033 Iteration 0.
0.033 Creating initial layer of size 2
0.053 Attempting to solve formula with 123 clauses (183 literals) and 1 assumptions
0.053 Unsolvable at layer 0 -- expanding.
0.053 Iteration 1.
0.053 New layer size: 6
0.053 Instantiating ...
0.687 Collected 2700 relevant facts at this layer
0.687 Encoding ...
0.728 Attempting to solve formula with 47962 clauses (145031 literals) and 5 assumptions
0.729 Unsolvable at layer 1 -- expanding.
0.729 Iteration 2.
0.729 New layer size: 11
0.729 Instantiating ...
1.926 Collected 2913 relevant facts at this layer
1.926 Encoding ...
2.067 Attempting to solve formula with 172641 clauses (562456 literals) and 5 assumptions
2.067 Unsolvable at layer 2 -- expanding.
2.067 Iteration 3.
2.067 New layer size: 26
2.067 Instantiating ...
3.859 Collected 2955 relevant facts at this layer
3.859 Encoding ...
4.169 Attempting to solve formula with 434603 clauses (1451843 literals) and 10 assumptions
4.184 Unsolvable at layer 3 -- expanding.
4.184 Iteration 4.
4.184 New layer size: 46
4.184 Instantiating ...
7.172 Collected 2955 relevant facts at this layer
7.172 Encoding ...
7.766 Attempting to solve formula with 846037 clauses (2852131 literals) and 15 assumptions
7.783 Unsolvable at layer 4 -- expanding.
7.783 Iteration 5.
7.783 New layer size: 81
7.783 Instantiating ...
12.798 Collected 2955 relevant facts at this layer
12.798 Encoding ...
13.818 Attempting to solve formula with 1538801 clauses (5215869 literals) and 25 assumptions
13.885 Unsolvable at layer 5 -- expanding.
13.885 Iteration 6.
13.885 New layer size: 136
13.885 Instantiating ...
22.070 Collected 2955 relevant facts at this layer
22.070 Encoding ...
23.740 Attempting to solve formula with 2659433 clauses (9042946 literals) and 40 assumptions
23.847 Unsolvable at layer 6 -- expanding.
23.847 Iteration 7.
23.847 New layer size: 226
23.847 Instantiating ...
37.098 Collected 2955 relevant facts at this layer
37.098 Encoding ...
39.948 Attempting to solve formula with 4489214 clauses (15296460 literals) and 65 assumptions
40.168 Unsolvable at layer 7 -- expanding.
40.168 Iteration 8.
40.168 New layer size: 371
40.168 Instantiating ...
61.920 Collected 2955 relevant facts at this layer
61.920 Encoding ...
66.396 Attempting to solve formula with 7456011 clauses (25439747 literals) and 105 assumptions
66.893 Unsolvable at layer 8 -- expanding.
66.893 Iteration 9.
66.893 New layer size: 606
66.893 Instantiating ...
102.322 Collected 2955 relevant facts at this layer
102.322 Encoding ...
110.065 Attempting to solve formula with 12268973 clauses (41899244 literals) and 170 assumptions
110.999 Unsolvable at layer 9 -- expanding.
110.999 Iteration 10.
110.999 New layer size: 986
110.999 Instantiating ...
168.927 Collected 2955 relevant facts at this layer
168.927 Encoding ...
181.321 Attempting to solve formula with 20065116 clauses (68564724 literals) and 275 assumptions
184.836 Unsolvable at layer 10 -- expanding.
184.836 Iteration 11.
184.837 New layer size: 1601
184.837 Instantiating ...
279.344 Collected 2955 relevant facts at this layer
279.344 Encoding ...
301.142 Attempting to solve formula with 32690605 clauses (111752397 literals) and 445 assumptions
308.388 Unsolvable at layer 11 -- expanding.
308.388 Iteration 12.
308.389 New layer size: 2596
308.389 Instantiating ...
460.007 Termination signal caught.
460.007 Total amount of clauses encoded: 32690605
460.008 - directframeaxioms : 12974580 cls
460.008 - qfactsemantics : 8447537 cls
460.008 - indirectframeaxioms : 6567837 cls
460.008 - reductionconstraints : 3979334 cls
460.008 - actionconstraints : 273384 cls
460.008 - qconstequality : 173242 cls
460.008 - substitutionconstraints : 127097 cls
460.008 - atmostoneelement : 76186 cls
460.008 - expansions : 29442 cls
460.008 - predecessors : 24818 cls
460.008 - actioneffects : 14191 cls
460.008 - truefacts : 2955 cls
460.008 - axiomaticops : 2 cls
460.008 # instantiated positions: 6590
460.008 # instantiated actions: 27272
460.008 # instantiated reductions: 12678
460.008 # introduced pseudo-constants: 5983
460.008 # retroactive prunings: 0
460.008 # retroactively pruned operations: 0
460.008 # dominated operations: 2
460.008 # total invalid rigid preconditions found in getPFC: 0
460.008 # invalid rigid preconditions found in getPFC: 0
460.008 # invalid rigid preconditions found in getPFC in varrestrictions: 0
460.008 # total invalid fluent preconditions found in getPFC: 39
460.008 # invalid fluent preconditions found in getPFC: 30
460.008 # invalid fluent preconditions found in getPFC in varrestrictions: 9
460.008 # invalid fluent preconditions found in getPFC via postconditions: 0
460.008 # invalid subtasks found in getPFC: 0
460.008 # number effects in operation fact_frames: 232
460.008 # number of variables restricted: 7961094
460.008 Exiting happily.

RUNWATCH_RESULT MEMOUT RETVAL 0 TIME_SECS 460.885 MEMPEAK_KBS 16024564
