    _           _         _
   \ |         \ |       | |                       
   | |     __  | |      _| |______                
   | |     \/  | |     /_   ______\                
   | |      _  | |   __  | |  ___   ___   ___       
   | |___  | | | |  / .\ | | / , | |   \ / ·_\    
   \_____\ |_| |__\ \__/ |_| \___) |_|_| \___\  
[39mL i l o t a n e  version rls-cadical
by Dominik Schreiber <dominik.schreiber@kit.edu> 2020-2021
using SAT solver cadical

0.005 Parser finished.
0.006 Structures extracted.
0.006 20 operators and 13 methods created.
0.013 Mined 7 new reduction preconditions (+53.8%).
0.013 Iteration 0.
0.013 Creating initial layer of size 2
0.014 Attempting to solve formula with 29 clauses (42 literals) and 1 assumptions
0.014 Unsolvable at layer 0 -- expanding.
0.014 Iteration 1.
0.014 New layer size: 14
0.014 Instantiating ...
0.027 Collected 13 relevant facts at this layer
0.027 Encoding ...
0.028 Attempting to solve formula with 1331 clauses (3104 literals) and 13 assumptions
0.028 Unsolvable at layer 1 -- expanding.
0.028 Iteration 2.
0.028 New layer size: 27
0.028 Instantiating ...
0.041 Collected 104 relevant facts at this layer
0.041 Encoding ...
0.044 Attempting to solve formula with 2085 clauses (5187 literals) and 13 assumptions
0.044 Unsolvable at layer 2 -- expanding.
0.044 Iteration 3.
0.044 New layer size: 40
0.044 Instantiating ...
0.076 Collected 169 relevant facts at this layer
0.076 Encoding ...
0.094 Attempting to solve formula with 22164 clauses (66429 literals) and 13 assumptions
0.094 Unsolvable at layer 3 -- expanding.
0.094 Iteration 4.
0.095 New layer size: 65
0.095 Instantiating ...
0.127 Collected 169 relevant facts at this layer
0.127 Encoding ...
0.150 Attempting to solve formula with 40727 clauses (115919 literals) and 25 assumptions
0.150 Unsolvable at layer 4 -- expanding.
0.150 Iteration 5.
0.150 New layer size: 65
0.150 Instantiating ...
0.188 Collected 169 relevant facts at this layer
0.188 Encoding ...
0.204 Attempting to solve formula with 49989 clauses (144156 literals) and 25 assumptions
0.204 Unsolvable at layer 5 -- expanding.
0.204 Iteration 6.
0.204 New layer size: 90
0.204 Instantiating ...
0.247 Collected 169 relevant facts at this layer
0.247 Encoding ...
0.277 Attempting to solve formula with 70892 clauses (203094 literals) and 25 assumptions
0.277 Unsolvable at layer 6 -- expanding.
0.277 Iteration 7.
0.277 New layer size: 115
0.277 Instantiating ...
0.378 Collected 169 relevant facts at this layer
0.378 Encoding ...
0.452 Attempting to solve formula with 126643 clauses (391344 literals) and 25 assumptions
0.567 Found a solution at layer 7.
==>
12885 switch_on instrument8 satellite2
12887 nop
12906 turn_to satellite2 Star3 Star4
13092 calibrate satellite2 instrument8 Star3
13096 turn_to satellite2 Phenomenon5 Star3
13099 take_image satellite2 Phenomenon5 instrument8 thermograph4
13102 switch_on instrument6 satellite1
13105 nop
13129 turn_to satellite1 Star0 Phenomenon21
13315 calibrate satellite1 instrument6 Star0
13534 turn_to satellite1 Planet7 Star0
13537 take_image satellite1 Planet7 instrument6 image1
13540 switch_off instrument6 satellite1
13546 switch_on instrument3 satellite1
13759 nop
13780 turn_to satellite1 Star1 Planet7
13967 calibrate satellite1 instrument3 Star1
13972 turn_to satellite1 Star8 Star1
13975 take_image satellite1 Star8 instrument3 thermograph3
13979 switch_off instrument3 satellite1
13981 switch_on instrument4 satellite1
14197 nop
14218 turn_to satellite1 Star1 Star8
14405 calibrate satellite1 instrument4 Star1
14411 turn_to satellite1 Star9 Star1
14413 take_image satellite1 Star9 instrument4 image1
14417 switch_on instrument2 satellite0
14421 nop
14443 turn_to satellite0 Star4 Star8
14629 calibrate satellite0 instrument2 Star4
14848 turn_to satellite0 Star10 Star4
14851 take_image satellite0 Star10 instrument2 image1
14854 switch_off instrument4 satellite1
14859 switch_on instrument6 satellite1
15073 nop
15094 turn_to satellite1 Star0 Star9
15281 calibrate satellite1 instrument6 Star0
15287 turn_to satellite1 Phenomenon13 Star0
15289 take_image satellite1 Phenomenon13 instrument6 thermograph2
15292 nop
15725 turn_to satellite2 Star15 Phenomenon5
15727 take_image satellite2 Star15 instrument8 thermograph2
15730 switch_on instrument11 satellite3
15733 nop
15756 turn_to satellite3 Star1 Phenomenon16
15944 calibrate satellite3 instrument11 Star1
16163 turn_to satellite3 Phenomenon17 Star1
16165 take_image satellite3 Phenomenon17 instrument11 thermograph4
16169 switch_off instrument2 satellite0
16171 switch_on instrument2 satellite0
16388 nop
16409 turn_to satellite0 Star4 Star10
16595 calibrate satellite0 instrument2 Star4
16600 turn_to satellite0 Phenomenon18 Star4
16603 take_image satellite0 Phenomenon18 instrument2 image1
16607 nop
17039 turn_to satellite3 Planet19 Phenomenon17
17041 take_image satellite3 Planet19 instrument11 thermograph2
17045 switch_on instrument12 satellite4
17047 nop
17071 turn_to satellite4 Star3 Phenomenon18
17258 calibrate satellite4 instrument12 Star3
17477 turn_to satellite4 Planet20 Star3
17479 take_image satellite4 Planet20 instrument12 thermograph4
17481 switch_off instrument6 satellite1
17487 switch_on instrument4 satellite1
17702 nop
17724 turn_to satellite1 Star1 Phenomenon13
17910 calibrate satellite1 instrument4 Star1
17914 turn_to satellite1 Phenomenon21 Star1
17917 take_image satellite1 Phenomenon21 instrument4 image1
17920 nop
18353 turn_to satellite2 Star22 Star15
18355 take_image satellite2 Star22 instrument8 thermograph3
root 31 51 72 93 114 135 156 177 198 219 240 261 282
31 do_mission Phenomenon5 thermograph4 -> m0_do_mission 305 13099
51 do_mission Planet7 image1 -> m0_do_mission 494 13537
72 do_mission Star8 thermograph3 -> m0_do_mission 592 13975
93 do_mission Star9 image1 -> m0_do_mission 690 14413
114 do_mission Star10 image1 -> m0_do_mission 788 14851
135 do_mission Phenomenon13 thermograph2 -> m0_do_mission 886 15289
156 do_mission Star15 thermograph2 -> m0_do_mission 984 15727
177 do_mission Phenomenon17 thermograph4 -> m0_do_mission 1082 16165
198 do_mission Phenomenon18 image1 -> m0_do_mission 1180 16603
219 do_mission Planet19 thermograph2 -> m0_do_mission 1278 17041
240 do_mission Planet20 thermograph4 -> m0_do_mission 1376 17479
261 do_mission Phenomenon21 image1 -> m0_do_mission 1474 17917
282 do_mission Star22 thermograph3 -> m0_do_mission 1572 18355
305 do_prepare satellite2 instrument8 Phenomenon5 -> m1_do_prepare 1672 13095
494 do_prepare satellite1 instrument6 Planet7 -> m1_do_prepare 1990 13533
592 do_prepare satellite1 instrument3 Star8 -> m1_do_prepare 2258 13971
690 do_prepare satellite1 instrument4 Star9 -> m1_do_prepare 2527 14410
788 do_prepare satellite0 instrument2 Star10 -> m1_do_prepare 2797 14847
886 do_prepare satellite1 instrument6 Phenomenon13 -> m1_do_prepare 3066 15286
984 do_prepare satellite2 instrument8 Star15 -> m1_do_prepare 15291 15724
1082 do_prepare satellite3 instrument11 Phenomenon17 -> m1_do_prepare 3603 16162
1180 do_prepare satellite0 instrument2 Phenomenon18 -> m1_do_prepare 3872 16599
1278 do_prepare satellite3 instrument11 Planet19 -> m1_do_prepare 16606 17038
1376 do_prepare satellite4 instrument12 Planet20 -> m1_do_prepare 4411 17476
1474 do_prepare satellite1 instrument4 Phenomenon21 -> m1_do_prepare 4680 17913
1572 do_prepare satellite2 instrument8 Star22 -> m1_do_prepare 17919 18352
1672 do_switching satellite2 instrument8 -> m3_do_switching 12885 8396
1990 do_switching satellite1 instrument6 -> m3_do_switching 13102 8410
2258 do_switching satellite1 instrument3 -> m2_do_switching 13539 13546 8432
2527 do_switching satellite1 instrument4 -> m2_do_switching 13978 13981 8450
2797 do_switching satellite0 instrument2 -> m3_do_switching 14417 8464
3066 do_switching satellite1 instrument6 -> m2_do_switching 14853 14859 8486
3603 do_switching satellite3 instrument11 -> m3_do_switching 15730 8518
3872 do_switching satellite0 instrument2 -> m2_do_switching 16168 16171 8540
4411 do_switching satellite4 instrument12 -> m3_do_switching 17045 8572
4680 do_switching satellite1 instrument4 -> m2_do_switching 17480 17487 8594
8396 do_calibration satellite2 instrument8 Star3 -> m5_do_calibration 8623 13092
8410 do_calibration satellite1 instrument6 Star0 -> m5_do_calibration 8798 13315
8432 do_calibration satellite1 instrument3 Star1 -> m5_do_calibration 9304 13967
8450 do_calibration satellite1 instrument4 Star1 -> m5_do_calibration 9645 14405
8464 do_calibration satellite0 instrument2 Star4 -> m5_do_calibration 9821 14629
8486 do_calibration satellite1 instrument6 Star0 -> m5_do_calibration 10327 15281
8518 do_calibration satellite3 instrument11 Star1 -> m5_do_calibration 10844 15944
8540 do_calibration satellite0 instrument2 Star4 -> m5_do_calibration 11350 16595
8572 do_calibration satellite4 instrument12 Star3 -> m5_do_calibration 11867 17258
8594 do_calibration satellite1 instrument4 Star1 -> m5_do_calibration 12373 17910
8623 do_prepare satellite2 instrument8 Star3 -> m1_do_prepare 12886 12905
8798 do_prepare satellite1 instrument6 Star0 -> m1_do_prepare 13104 13128
9304 do_prepare satellite1 instrument3 Star1 -> m1_do_prepare 13758 13779
9645 do_prepare satellite1 instrument4 Star1 -> m1_do_prepare 14196 14217
9821 do_prepare satellite0 instrument2 Star4 -> m1_do_prepare 14420 14442
10327 do_prepare satellite1 instrument6 Star0 -> m1_do_prepare 15072 15093
10844 do_prepare satellite3 instrument11 Star1 -> m1_do_prepare 15732 15755
11350 do_prepare satellite0 instrument2 Star4 -> m1_do_prepare 16387 16408
11867 do_prepare satellite4 instrument12 Star3 -> m1_do_prepare 17046 17070
12373 do_prepare satellite1 instrument4 Star1 -> m1_do_prepare 17701 17723
12886 do_switching satellite2 instrument8 -> m4_do_switching 12887
12905 do_turning satellite2 Star3 -> m8_do_turning 12906
13095 do_turning satellite2 Phenomenon5 -> m8_do_turning 13096
13104 do_switching satellite1 instrument6 -> m4_do_switching 13105
13128 do_turning satellite1 Star0 -> m8_do_turning 13129
13533 do_turning satellite1 Planet7 -> m8_do_turning 13534
13539 make_power_available satellite1 instrument6 -> m7_make_power_available 13540
13758 do_switching satellite1 instrument3 -> m4_do_switching 13759
13779 do_turning satellite1 Star1 -> m8_do_turning 13780
13971 do_turning satellite1 Star8 -> m8_do_turning 13972
13978 make_power_available satellite1 instrument3 -> m7_make_power_available 13979
14196 do_switching satellite1 instrument4 -> m4_do_switching 14197
14217 do_turning satellite1 Star1 -> m8_do_turning 14218
14410 do_turning satellite1 Star9 -> m8_do_turning 14411
14420 do_switching satellite0 instrument2 -> m4_do_switching 14421
14442 do_turning satellite0 Star4 -> m8_do_turning 14443
14847 do_turning satellite0 Star10 -> m8_do_turning 14848
14853 make_power_available satellite1 instrument4 -> m7_make_power_available 14854
15072 do_switching satellite1 instrument6 -> m4_do_switching 15073
15093 do_turning satellite1 Star0 -> m8_do_turning 15094
15286 do_turning satellite1 Phenomenon13 -> m8_do_turning 15287
15291 do_switching satellite2 instrument8 -> m4_do_switching 15292
15724 do_turning satellite2 Star15 -> m8_do_turning 15725
15732 do_switching satellite3 instrument11 -> m4_do_switching 15733
15755 do_turning satellite3 Star1 -> m8_do_turning 15756
16162 do_turning satellite3 Phenomenon17 -> m8_do_turning 16163
16168 make_power_available satellite0 instrument2 -> m7_make_power_available 16169
16387 do_switching satellite0 instrument2 -> m4_do_switching 16388
16408 do_turning satellite0 Star4 -> m8_do_turning 16409
16599 do_turning satellite0 Phenomenon18 -> m8_do_turning 16600
16606 do_switching satellite3 instrument11 -> m4_do_switching 16607
17038 do_turning satellite3 Planet19 -> m8_do_turning 17039
17046 do_switching satellite4 instrument12 -> m4_do_switching 17047
17070 do_turning satellite4 Star3 -> m8_do_turning 17071
17476 do_turning satellite4 Planet20 -> m8_do_turning 17477
17480 make_power_available satellite1 instrument6 -> m7_make_power_available 17481
17701 do_switching satellite1 instrument4 -> m4_do_switching 17702
17723 do_turning satellite1 Star1 -> m8_do_turning 17724
17913 do_turning satellite1 Phenomenon21 -> m8_do_turning 17914
17919 do_switching satellite2 instrument8 -> m4_do_switching 17920
18352 do_turning satellite2 Star22 -> m8_do_turning 18353
<==
0.576 End of solution plan. (counted length of 74)
0.576 Total amount of clauses encoded: 126643
0.576 - directframeaxioms : 54364 cls
0.576 - qfactsemantics : 22459 cls
0.576 - indirectframeaxioms : 18104 cls
0.576 - actionconstraints : 12016 cls
0.576 - reductionconstraints : 11928 cls
0.576 - substitutionconstraints : 2708 cls
0.576 - qconstequality : 1875 cls
0.576 - predecessors : 963 cls
0.576 - atmostoneelement : 931 cls
0.576 - expansions : 912 cls
0.576 - actioneffects : 212 cls
0.576 - truefacts : 169 cls
0.576 - axiomaticops : 2 cls
0.576 # instantiated positions: 417
0.576 # instantiated actions: 788
0.576 # instantiated reductions: 176
0.576 # introduced pseudo-constants: 126
0.576 # retroactive prunings: 1
0.576 # retroactively pruned operations: 1
0.576 # dominated operations: 0
0.576 # total invalid rigid preconditions found in getPFC: 0
0.576 # invalid rigid preconditions found in getPFC: 0
0.576 # invalid rigid preconditions found in getPFC in varrestrictions: 0
0.576 # total invalid fluent preconditions found in getPFC: 161
0.576 # invalid fluent preconditions found in getPFC: 4
0.576 # invalid fluent preconditions found in getPFC in varrestrictions: 0
0.576 # invalid fluent preconditions found in getPFC via postconditions: 157
0.576 # invalid operations found in getPFC via subtasks: 0
0.576 # invalid operations found in getPFC via postconditions: 1
0.576 # number effects in operation fact_frames: 111
0.576 # number of variables restricted: 230
0.576 # number of nodes variables restricted: 228
0.576 Exiting happily.

RUNWATCH_RESULT EXIT RETVAL 0 TIME_SECS 0.586426 MEMPEAK_KBS 680
