    _           _         _
   \ |         \ |       | |                       
   | |     __  | |      _| |______                
   | |     \/  | |     /_   ______\                
   | |      _  | |   __  | |  ___   ___   ___       
   | |___  | | | |  / .\ | | / , | |   \ / ·_\    
   \_____\ |_| |__\ \__/ |_| \___) |_|_| \___\  
[39mL i l o t a n e  version rls-glucose4
by Dominik Schreiber <dominik.schreiber@kit.edu> 2020-2021
using SAT solver glucose4

0.007 Parser finished.
0.008 Structures extracted.
0.008 28 operators and 21 methods created.
0.019 Mined 76 new reduction preconditions (+262.1%).
0.019 Iteration 0.
0.019 Creating initial layer of size 2
0.029 Attempting to solve formula with 5 clauses (6 literals) and 1 assumptions
0.029 Unsolvable at layer 0 -- expanding.
0.029 Iteration 1.
0.029 New layer size: 2
0.029 Instantiating ...
0.067 Collected 1 relevant facts at this layer
0.067 Encoding ...
0.067 Attempting to solve formula with 10 clauses (15 literals) and 1 assumptions
0.067 Unsolvable at layer 1 -- expanding.
0.067 Iteration 2.
0.067 New layer size: 3
0.067 Instantiating ...
0.079 Collected 1 relevant facts at this layer
0.079 Encoding ...
0.080 Attempting to solve formula with 405 clauses (843 literals) and 2 assumptions
0.080 Unsolvable at layer 2 -- expanding.
0.080 Iteration 3.
0.080 New layer size: 4
0.080 Instantiating ...
0.083 Retroactively prune action (__SURROGATE*c2*connect_2* Q_2,0_Port:0_851e3d13c276e7f6 Q_2,0_Port:1_851e3d13c276e7f6 Q_3,0_PlugType:0_4468412b99fcb8bb female in male out) due to impossible effect (isOccupied Q_2,0_Port:0_851e3d13c276e7f6)
0.084 Retroactively prune action (__SURROGATE*c5*connect_5* Q_2,0_Port:0_851e3d13c276e7f6 Q_2,0_Port:1_851e3d13c276e7f6 Q_3,0_PlugType:0_4468412b99fcb8bb female in male out) due to impossible effect (isOccupied Q_2,0_Port:1_851e3d13c276e7f6)
0.085 Retroactively prune action (__SURROGATE*c1*connect_1* Q_2,0_Port:0_851e3d13c276e7f6 Q_2,0_Port:1_851e3d13c276e7f6 Q_3,0_PlugType:0_4468412b99fcb8bb female in male out) due to impossible effect (isOccupied Q_2,0_Port:0_851e3d13c276e7f6)
0.086 Retroactively prune action (__SURROGATE*c6*connect_6* Q_2,0_Port:0_851e3d13c276e7f6 Q_2,0_Port:1_851e3d13c276e7f6 Q_3,0_PlugType:0_4468412b99fcb8bb female in male out) due to impossible effect (isOccupied Q_2,0_Port:1_851e3d13c276e7f6)
0.108 Collected 422 relevant facts at this layer
0.108 Encoding ...
0.117 Attempting to solve formula with 8116 clauses (26874 literals) and 2 assumptions
0.117 Unsolvable at layer 3 -- expanding.
0.117 Iteration 4.
0.117 New layer size: 5
0.117 Instantiating ...
0.125 Retroactively prune action (__SURROGATE*c6*connect_6* Q_3,1_Port:0_851e3d13c276e7f6 Q_3,1_Port:1_851e3d13c276e7f6 Q_4,1_PlugType:0_4468412b99fcb8bb female in male out) due to impossible effect (isOccupied Q_3,1_Port:1_851e3d13c276e7f6)
0.125 Retroactively prune action (__SURROGATE*c5*connect_5* Q_3,1_Port:0_851e3d13c276e7f6 Q_3,1_Port:1_851e3d13c276e7f6 Q_4,1_PlugType:0_4468412b99fcb8bb female in male out) due to impossible effect (isOccupied Q_3,1_Port:1_851e3d13c276e7f6)
0.125 Retroactively prune action (__SURROGATE*c2*connect_2* Q_3,1_Port:0_851e3d13c276e7f6 Q_3,1_Port:1_851e3d13c276e7f6 Q_4,1_PlugType:0_4468412b99fcb8bb female in male out) due to impossible effect (isOccupied Q_3,1_Port:0_851e3d13c276e7f6)
0.125 Retroactively prune action (__SURROGATE*c1*connect_1* Q_3,1_Port:0_851e3d13c276e7f6 Q_3,1_Port:1_851e3d13c276e7f6 Q_4,1_PlugType:0_4468412b99fcb8bb female in male out) due to impossible effect (isOccupied Q_3,1_Port:0_851e3d13c276e7f6)
0.154 Collected 422 relevant facts at this layer
0.154 Encoding ...
0.167 Attempting to solve formula with 19317 clauses (66533 literals) and 2 assumptions
0.168 Unsolvable at layer 4 -- expanding.
0.168 Iteration 5.
0.168 New layer size: 6
0.168 Instantiating ...
0.181 Retroactively prune action (__SURROGATE*c5*connect_5* Q_4,2_Port:0_851e3d13c276e7f6 Q_4,2_Port:1_851e3d13c276e7f6 Q_5,2_PlugType:0_4468412b99fcb8bb female in male out) due to impossible effect (isOccupied Q_4,2_Port:1_851e3d13c276e7f6)
0.181 Retroactively prune action (__SURROGATE*c6*connect_6* Q_4,2_Port:0_851e3d13c276e7f6 Q_4,2_Port:1_851e3d13c276e7f6 Q_5,2_PlugType:0_4468412b99fcb8bb female in male out) due to impossible effect (isOccupied Q_4,2_Port:1_851e3d13c276e7f6)
0.181 Retroactively prune action (__SURROGATE*c1*connect_1* Q_4,2_Port:0_851e3d13c276e7f6 Q_4,2_Port:1_851e3d13c276e7f6 Q_5,2_PlugType:0_4468412b99fcb8bb female in male out) due to impossible effect (isOccupied Q_4,2_Port:0_851e3d13c276e7f6)
0.182 Retroactively prune action (__SURROGATE*c2*connect_2* Q_4,2_Port:0_851e3d13c276e7f6 Q_4,2_Port:1_851e3d13c276e7f6 Q_5,2_PlugType:0_4468412b99fcb8bb female in male out) due to impossible effect (isOccupied Q_4,2_Port:0_851e3d13c276e7f6)
0.213 Collected 422 relevant facts at this layer
0.213 Encoding ...
0.230 Attempting to solve formula with 31829 clauses (111466 literals) and 3 assumptions
0.231 Unsolvable at layer 5 -- expanding.
0.231 Iteration 6.
0.231 New layer size: 7
0.231 Instantiating ...
0.250 Retroactively prune action (__SURROGATE*c6*connect_6* Q_5,3_Port:0_851e3d13c276e7f6 Q_5,3_Port:1_851e3d13c276e7f6 Q_6,3_PlugType:0_4468412b99fcb8bb female in male out) due to impossible effect (isOccupied Q_5,3_Port:1_851e3d13c276e7f6)
0.251 Retroactively prune action (__SURROGATE*c5*connect_5* Q_5,3_Port:0_851e3d13c276e7f6 Q_5,3_Port:1_851e3d13c276e7f6 Q_6,3_PlugType:0_4468412b99fcb8bb female in male out) due to impossible effect (isOccupied Q_5,3_Port:1_851e3d13c276e7f6)
0.253 Retroactively prune action (__SURROGATE*c1*connect_1* Q_5,3_Port:0_851e3d13c276e7f6 Q_5,3_Port:1_851e3d13c276e7f6 Q_6,3_PlugType:0_4468412b99fcb8bb female in male out) due to impossible effect (isOccupied Q_5,3_Port:0_851e3d13c276e7f6)
0.253 Retroactively prune action (__SURROGATE*c2*connect_2* Q_5,3_Port:0_851e3d13c276e7f6 Q_5,3_Port:1_851e3d13c276e7f6 Q_6,3_PlugType:0_4468412b99fcb8bb female in male out) due to impossible effect (isOccupied Q_5,3_Port:0_851e3d13c276e7f6)
0.284 Collected 422 relevant facts at this layer
0.284 Encoding ...
0.308 Attempting to solve formula with 49132 clauses (175641 literals) and 4 assumptions
0.313 Unsolvable at layer 6 -- expanding.
0.313 Iteration 7.
0.313 New layer size: 8
0.313 Instantiating ...
0.340 Retroactively prune action (__SURROGATE*c6*connect_6* Q_6,4_Port:0_851e3d13c276e7f6 Q_6,4_Port:1_851e3d13c276e7f6 Q_7,4_PlugType:0_4468412b99fcb8bb female in male out) due to impossible effect (isOccupied Q_6,4_Port:1_851e3d13c276e7f6)
0.340 Retroactively prune action (__SURROGATE*c5*connect_5* Q_6,4_Port:0_851e3d13c276e7f6 Q_6,4_Port:1_851e3d13c276e7f6 Q_7,4_PlugType:0_4468412b99fcb8bb female in male out) due to impossible effect (isOccupied Q_6,4_Port:1_851e3d13c276e7f6)
0.342 Retroactively prune action (__SURROGATE*c2*connect_2* Q_6,4_Port:0_851e3d13c276e7f6 Q_6,4_Port:1_851e3d13c276e7f6 Q_7,4_PlugType:0_4468412b99fcb8bb female in male out) due to impossible effect (isOccupied Q_6,4_Port:0_851e3d13c276e7f6)
0.342 Retroactively prune action (__SURROGATE*c1*connect_1* Q_6,4_Port:0_851e3d13c276e7f6 Q_6,4_Port:1_851e3d13c276e7f6 Q_7,4_PlugType:0_4468412b99fcb8bb female in male out) due to impossible effect (isOccupied Q_6,4_Port:0_851e3d13c276e7f6)
0.370 Collected 422 relevant facts at this layer
0.370 Encoding ...
0.399 Attempting to solve formula with 70131 clauses (256662 literals) and 5 assumptions
0.418 Unsolvable at layer 7 -- expanding.
0.418 Iteration 8.
0.418 New layer size: 9
0.418 Instantiating ...
0.452 Retroactively prune action (__SURROGATE*c2*connect_2* Q_7,5_Port:0_851e3d13c276e7f6 Q_7,5_Port:1_851e3d13c276e7f6 Q_8,5_PlugType:0_4468412b99fcb8bb female in male out) due to impossible effect (isOccupied Q_7,5_Port:0_851e3d13c276e7f6)
0.454 Retroactively prune action (__SURROGATE*c6*connect_6* Q_7,5_Port:0_851e3d13c276e7f6 Q_7,5_Port:1_851e3d13c276e7f6 Q_8,5_PlugType:0_4468412b99fcb8bb female in male out) due to impossible effect (isOccupied Q_7,5_Port:1_851e3d13c276e7f6)
0.455 Retroactively prune action (__SURROGATE*c1*connect_1* Q_7,5_Port:0_851e3d13c276e7f6 Q_7,5_Port:1_851e3d13c276e7f6 Q_8,5_PlugType:0_4468412b99fcb8bb female in male out) due to impossible effect (isOccupied Q_7,5_Port:0_851e3d13c276e7f6)
0.455 Retroactively prune action (__SURROGATE*c5*connect_5* Q_7,5_Port:0_851e3d13c276e7f6 Q_7,5_Port:1_851e3d13c276e7f6 Q_8,5_PlugType:0_4468412b99fcb8bb female in male out) due to impossible effect (isOccupied Q_7,5_Port:1_851e3d13c276e7f6)
0.484 Collected 422 relevant facts at this layer
0.484 Encoding ...
0.520 Attempting to solve formula with 95787 clauses (356330 literals) and 6 assumptions
0.551 Unsolvable at layer 8 -- expanding.
0.551 Iteration 9.
0.551 New layer size: 10
0.551 Instantiating ...
0.592 Retroactively prune action (__SURROGATE*c2*connect_2* Q_8,6_Port:0_851e3d13c276e7f6 Q_8,6_Port:1_851e3d13c276e7f6 Q_9,6_PlugType:0_4468412b99fcb8bb female in male out) due to impossible effect (isOccupied Q_8,6_Port:0_851e3d13c276e7f6)
0.593 Retroactively prune action (__SURROGATE*c1*connect_1* Q_8,6_Port:0_851e3d13c276e7f6 Q_8,6_Port:1_851e3d13c276e7f6 Q_9,6_PlugType:0_4468412b99fcb8bb female in male out) due to impossible effect (isOccupied Q_8,6_Port:0_851e3d13c276e7f6)
0.593 Retroactively prune action (__SURROGATE*c5*connect_5* Q_8,6_Port:0_851e3d13c276e7f6 Q_8,6_Port:1_851e3d13c276e7f6 Q_9,6_PlugType:0_4468412b99fcb8bb female in male out) due to impossible effect (isOccupied Q_8,6_Port:1_851e3d13c276e7f6)
0.593 Retroactively prune action (__SURROGATE*c6*connect_6* Q_8,6_Port:0_851e3d13c276e7f6 Q_8,6_Port:1_851e3d13c276e7f6 Q_9,6_PlugType:0_4468412b99fcb8bb female in male out) due to impossible effect (isOccupied Q_8,6_Port:1_851e3d13c276e7f6)
0.623 Collected 422 relevant facts at this layer
0.623 Encoding ...
0.665 Attempting to solve formula with 125915 clauses (474534 literals) and 7 assumptions
0.755 Unsolvable at layer 9 -- expanding.
0.756 Iteration 10.
0.756 New layer size: 11
0.756 Instantiating ...
0.803 Retroactively prune action (__SURROGATE*c5*connect_5* Q_9,7_Port:0_851e3d13c276e7f6 Q_9,7_Port:1_851e3d13c276e7f6 Q_10,7_PlugType:0_4468412b99fcb8bb female in male out) due to impossible effect (isOccupied Q_9,7_Port:1_851e3d13c276e7f6)
0.803 Retroactively prune action (__SURROGATE*c1*connect_1* Q_9,7_Port:0_851e3d13c276e7f6 Q_9,7_Port:1_851e3d13c276e7f6 Q_10,7_PlugType:0_4468412b99fcb8bb female in male out) due to impossible effect (isOccupied Q_9,7_Port:0_851e3d13c276e7f6)
0.803 Retroactively prune action (__SURROGATE*c6*connect_6* Q_9,7_Port:0_851e3d13c276e7f6 Q_9,7_Port:1_851e3d13c276e7f6 Q_10,7_PlugType:0_4468412b99fcb8bb female in male out) due to impossible effect (isOccupied Q_9,7_Port:1_851e3d13c276e7f6)
0.805 Retroactively prune action (__SURROGATE*c2*connect_2* Q_9,7_Port:0_851e3d13c276e7f6 Q_9,7_Port:1_851e3d13c276e7f6 Q_10,7_PlugType:0_4468412b99fcb8bb female in male out) due to impossible effect (isOccupied Q_9,7_Port:0_851e3d13c276e7f6)
0.834 Collected 422 relevant facts at this layer
0.834 Encoding ...
0.878 Attempting to solve formula with 160691 clauses (611958 literals) and 8 assumptions
1.100 Unsolvable at layer 10 -- expanding.
1.100 Iteration 11.
1.100 New layer size: 12
1.100 Instantiating ...
1.157 Retroactively prune action (__SURROGATE*c2*connect_2* Q_10,8_Port:0_851e3d13c276e7f6 Q_10,8_Port:1_851e3d13c276e7f6 Q_11,8_PlugType:0_4468412b99fcb8bb female in male out) due to impossible effect (isOccupied Q_10,8_Port:0_851e3d13c276e7f6)
1.157 Retroactively prune action (__SURROGATE*c1*connect_1* Q_10,8_Port:0_851e3d13c276e7f6 Q_10,8_Port:1_851e3d13c276e7f6 Q_11,8_PlugType:0_4468412b99fcb8bb female in male out) due to impossible effect (isOccupied Q_10,8_Port:0_851e3d13c276e7f6)
1.160 Retroactively prune action (__SURROGATE*c5*connect_5* Q_10,8_Port:0_851e3d13c276e7f6 Q_10,8_Port:1_851e3d13c276e7f6 Q_11,8_PlugType:0_4468412b99fcb8bb female in male out) due to impossible effect (isOccupied Q_10,8_Port:1_851e3d13c276e7f6)
1.161 Retroactively prune action (__SURROGATE*c6*connect_6* Q_10,8_Port:0_851e3d13c276e7f6 Q_10,8_Port:1_851e3d13c276e7f6 Q_11,8_PlugType:0_4468412b99fcb8bb female in male out) due to impossible effect (isOccupied Q_10,8_Port:1_851e3d13c276e7f6)
1.188 Collected 422 relevant facts at this layer
1.188 Encoding ...
1.244 Attempting to solve formula with 199602 clauses (767176 literals) and 9 assumptions
1.702 Unsolvable at layer 11 -- expanding.
1.702 Iteration 12.
1.702 New layer size: 13
1.702 Instantiating ...
1.767 Retroactively prune action (__SURROGATE*c2*connect_2* Q_11,9_Port:0_851e3d13c276e7f6 Q_11,9_Port:1_851e3d13c276e7f6 Q_12,9_PlugType:0_4468412b99fcb8bb female in male out) due to impossible effect (isOccupied Q_11,9_Port:0_851e3d13c276e7f6)
1.767 Retroactively prune action (__SURROGATE*c6*connect_6* Q_11,9_Port:0_851e3d13c276e7f6 Q_11,9_Port:1_851e3d13c276e7f6 Q_12,9_PlugType:0_4468412b99fcb8bb female in male out) due to impossible effect (isOccupied Q_11,9_Port:1_851e3d13c276e7f6)
1.768 Retroactively prune action (__SURROGATE*c5*connect_5* Q_11,9_Port:0_851e3d13c276e7f6 Q_11,9_Port:1_851e3d13c276e7f6 Q_12,9_PlugType:0_4468412b99fcb8bb female in male out) due to impossible effect (isOccupied Q_11,9_Port:1_851e3d13c276e7f6)
1.768 Retroactively prune action (__SURROGATE*c1*connect_1* Q_11,9_Port:0_851e3d13c276e7f6 Q_11,9_Port:1_851e3d13c276e7f6 Q_12,9_PlugType:0_4468412b99fcb8bb female in male out) due to impossible effect (isOccupied Q_11,9_Port:0_851e3d13c276e7f6)
1.795 Collected 422 relevant facts at this layer
1.795 Encoding ...
1.852 Attempting to solve formula with 243251 clauses (941206 literals) and 10 assumptions
2.226 Unsolvable at layer 12 -- expanding.
2.226 Iteration 13.
2.226 New layer size: 14
2.226 Instantiating ...
2.309 Retroactively prune action (__SURROGATE*c1*connect_1* Q_12,10_Port:0_851e3d13c276e7f6 Q_12,10_Port:1_851e3d13c276e7f6 Q_13,10_PlugType:0_4468412b99fcb8bb female in male out) due to impossible effect (isOccupied Q_12,10_Port:0_851e3d13c276e7f6)
2.309 Retroactively prune action (__SURROGATE*c6*connect_6* Q_12,10_Port:0_851e3d13c276e7f6 Q_12,10_Port:1_851e3d13c276e7f6 Q_13,10_PlugType:0_4468412b99fcb8bb female in male out) due to impossible effect (isOccupied Q_12,10_Port:1_851e3d13c276e7f6)
2.310 Retroactively prune action (__SURROGATE*c5*connect_5* Q_12,10_Port:0_851e3d13c276e7f6 Q_12,10_Port:1_851e3d13c276e7f6 Q_13,10_PlugType:0_4468412b99fcb8bb female in male out) due to impossible effect (isOccupied Q_12,10_Port:1_851e3d13c276e7f6)
2.312 Retroactively prune action (__SURROGATE*c2*connect_2* Q_12,10_Port:0_851e3d13c276e7f6 Q_12,10_Port:1_851e3d13c276e7f6 Q_13,10_PlugType:0_4468412b99fcb8bb female in male out) due to impossible effect (isOccupied Q_12,10_Port:0_851e3d13c276e7f6)
2.340 Collected 422 relevant facts at this layer
2.340 Encoding ...
2.405 Attempting to solve formula with 291222 clauses (1133742 literals) and 11 assumptions
3.298 Unsolvable at layer 13 -- expanding.
3.298 Iteration 14.
3.298 New layer size: 15
3.298 Instantiating ...
3.379 Retroactively prune action (__SURROGATE*c6*connect_6* Q_13,11_Port:0_851e3d13c276e7f6 Q_13,11_Port:1_851e3d13c276e7f6 Q_14,11_PlugType:0_4468412b99fcb8bb female in male out) due to impossible effect (isOccupied Q_13,11_Port:1_851e3d13c276e7f6)
3.380 Retroactively prune action (__SURROGATE*c1*connect_1* Q_13,11_Port:0_851e3d13c276e7f6 Q_13,11_Port:1_851e3d13c276e7f6 Q_14,11_PlugType:0_4468412b99fcb8bb female in male out) due to impossible effect (isOccupied Q_13,11_Port:0_851e3d13c276e7f6)
3.381 Retroactively prune action (__SURROGATE*c2*connect_2* Q_13,11_Port:0_851e3d13c276e7f6 Q_13,11_Port:1_851e3d13c276e7f6 Q_14,11_PlugType:0_4468412b99fcb8bb female in male out) due to impossible effect (isOccupied Q_13,11_Port:0_851e3d13c276e7f6)
3.382 Retroactively prune action (__SURROGATE*c5*connect_5* Q_13,11_Port:0_851e3d13c276e7f6 Q_13,11_Port:1_851e3d13c276e7f6 Q_14,11_PlugType:0_4468412b99fcb8bb female in male out) due to impossible effect (isOccupied Q_13,11_Port:1_851e3d13c276e7f6)
3.412 Collected 422 relevant facts at this layer
3.412 Encoding ...
3.481 Attempting to solve formula with 343948 clauses (1345126 literals) and 12 assumptions
4.079 Unsolvable at layer 14 -- expanding.
4.079 Iteration 15.
4.079 New layer size: 16
4.079 Instantiating ...
4.172 Retroactively prune action (__SURROGATE*c1*connect_1* Q_14,12_Port:0_851e3d13c276e7f6 Q_14,12_Port:1_851e3d13c276e7f6 Q_15,12_PlugType:0_4468412b99fcb8bb female in male out) due to impossible effect (isOccupied Q_14,12_Port:0_851e3d13c276e7f6)
4.172 Retroactively prune action (__SURROGATE*c5*connect_5* Q_14,12_Port:0_851e3d13c276e7f6 Q_14,12_Port:1_851e3d13c276e7f6 Q_15,12_PlugType:0_4468412b99fcb8bb female in male out) due to impossible effect (isOccupied Q_14,12_Port:1_851e3d13c276e7f6)
4.174 Retroactively prune action (__SURROGATE*c2*connect_2* Q_14,12_Port:0_851e3d13c276e7f6 Q_14,12_Port:1_851e3d13c276e7f6 Q_15,12_PlugType:0_4468412b99fcb8bb female in male out) due to impossible effect (isOccupied Q_14,12_Port:0_851e3d13c276e7f6)
4.175 Retroactively prune action (__SURROGATE*c6*connect_6* Q_14,12_Port:0_851e3d13c276e7f6 Q_14,12_Port:1_851e3d13c276e7f6 Q_15,12_PlugType:0_4468412b99fcb8bb female in male out) due to impossible effect (isOccupied Q_14,12_Port:1_851e3d13c276e7f6)
4.205 Collected 422 relevant facts at this layer
4.205 Encoding ...
4.280 Attempting to solve formula with 401426 clauses (1575936 literals) and 13 assumptions
5.278 Unsolvable at layer 15 -- expanding.
5.279 Iteration 16.
5.279 New layer size: 17
5.279 Instantiating ...
5.396 Retroactively prune action (__SURROGATE*c5*connect_5* Q_15,13_Port:0_851e3d13c276e7f6 Q_15,13_Port:1_851e3d13c276e7f6 Q_16,13_PlugType:0_4468412b99fcb8bb female in male out) due to impossible effect (isOccupied Q_15,13_Port:1_851e3d13c276e7f6)
5.396 Retroactively prune action (__SURROGATE*c1*connect_1* Q_15,13_Port:0_851e3d13c276e7f6 Q_15,13_Port:1_851e3d13c276e7f6 Q_16,13_PlugType:0_4468412b99fcb8bb female in male out) due to impossible effect (isOccupied Q_15,13_Port:0_851e3d13c276e7f6)
5.396 Retroactively prune action (__SURROGATE*c6*connect_6* Q_15,13_Port:0_851e3d13c276e7f6 Q_15,13_Port:1_851e3d13c276e7f6 Q_16,13_PlugType:0_4468412b99fcb8bb female in male out) due to impossible effect (isOccupied Q_15,13_Port:1_851e3d13c276e7f6)
5.397 Retroactively prune action (__SURROGATE*c2*connect_2* Q_15,13_Port:0_851e3d13c276e7f6 Q_15,13_Port:1_851e3d13c276e7f6 Q_16,13_PlugType:0_4468412b99fcb8bb female in male out) due to impossible effect (isOccupied Q_15,13_Port:0_851e3d13c276e7f6)
5.428 Collected 422 relevant facts at this layer
5.428 Encoding ...
5.510 Attempting to solve formula with 463522 clauses (1825584 literals) and 14 assumptions
10.746 Unsolvable at layer 16 -- expanding.
10.746 Iteration 17.
10.746 New layer size: 18
10.746 Instantiating ...
10.875 Retroactively prune action (__SURROGATE*c1*connect_1* Q_16,14_Port:0_851e3d13c276e7f6 Q_16,14_Port:1_851e3d13c276e7f6 Q_17,14_PlugType:0_4468412b99fcb8bb female in male out) due to impossible effect (isOccupied Q_16,14_Port:0_851e3d13c276e7f6)
10.876 Retroactively prune action (__SURROGATE*c2*connect_2* Q_16,14_Port:0_851e3d13c276e7f6 Q_16,14_Port:1_851e3d13c276e7f6 Q_17,14_PlugType:0_4468412b99fcb8bb female in male out) due to impossible effect (isOccupied Q_16,14_Port:0_851e3d13c276e7f6)
10.876 Retroactively prune action (__SURROGATE*c5*connect_5* Q_16,14_Port:0_851e3d13c276e7f6 Q_16,14_Port:1_851e3d13c276e7f6 Q_17,14_PlugType:0_4468412b99fcb8bb female in male out) due to impossible effect (isOccupied Q_16,14_Port:1_851e3d13c276e7f6)
10.877 Retroactively prune action (__SURROGATE*c6*connect_6* Q_16,14_Port:0_851e3d13c276e7f6 Q_16,14_Port:1_851e3d13c276e7f6 Q_17,14_PlugType:0_4468412b99fcb8bb female in male out) due to impossible effect (isOccupied Q_16,14_Port:1_851e3d13c276e7f6)
10.906 Collected 422 relevant facts at this layer
10.906 Encoding ...
10.996 Attempting to solve formula with 529705 clauses (2092618 literals) and 15 assumptions
13.666 Unsolvable at layer 17 -- expanding.
13.666 Iteration 18.
13.666 New layer size: 19
13.666 Instantiating ...
13.803 Retroactively prune action (__SURROGATE*c1*connect_1* Q_17,15_Port:0_851e3d13c276e7f6 Q_17,15_Port:1_851e3d13c276e7f6 Q_18,15_PlugType:0_4468412b99fcb8bb female in male out) due to impossible effect (isOccupied Q_17,15_Port:0_851e3d13c276e7f6)
13.803 Retroactively prune action (__SURROGATE*c5*connect_5* Q_17,15_Port:0_851e3d13c276e7f6 Q_17,15_Port:1_851e3d13c276e7f6 Q_18,15_PlugType:0_4468412b99fcb8bb female in male out) due to impossible effect (isOccupied Q_17,15_Port:1_851e3d13c276e7f6)
13.805 Retroactively prune action (__SURROGATE*c6*connect_6* Q_17,15_Port:0_851e3d13c276e7f6 Q_17,15_Port:1_851e3d13c276e7f6 Q_18,15_PlugType:0_4468412b99fcb8bb female in male out) due to impossible effect (isOccupied Q_17,15_Port:1_851e3d13c276e7f6)
13.807 Retroactively prune action (__SURROGATE*c2*connect_2* Q_17,15_Port:0_851e3d13c276e7f6 Q_17,15_Port:1_851e3d13c276e7f6 Q_18,15_PlugType:0_4468412b99fcb8bb female in male out) due to impossible effect (isOccupied Q_17,15_Port:0_851e3d13c276e7f6)
13.838 Collected 422 relevant facts at this layer
13.838 Encoding ...
13.934 Attempting to solve formula with 600908 clauses (2379355 literals) and 16 assumptions
16.700 Unsolvable at layer 18 -- expanding.
16.700 Iteration 19.
16.700 New layer size: 20
16.700 Instantiating ...
16.854 Retroactively prune action (__SURROGATE*c5*connect_5* Q_18,16_Port:0_851e3d13c276e7f6 Q_18,16_Port:1_851e3d13c276e7f6 Q_19,16_PlugType:0_4468412b99fcb8bb female in male out) due to impossible effect (isOccupied Q_18,16_Port:1_851e3d13c276e7f6)
16.854 Retroactively prune action (__SURROGATE*c1*connect_1* Q_18,16_Port:0_851e3d13c276e7f6 Q_18,16_Port:1_851e3d13c276e7f6 Q_19,16_PlugType:0_4468412b99fcb8bb female in male out) due to impossible effect (isOccupied Q_18,16_Port:0_851e3d13c276e7f6)
16.855 Retroactively prune action (__SURROGATE*c2*connect_2* Q_18,16_Port:0_851e3d13c276e7f6 Q_18,16_Port:1_851e3d13c276e7f6 Q_19,16_PlugType:0_4468412b99fcb8bb female in male out) due to impossible effect (isOccupied Q_18,16_Port:0_851e3d13c276e7f6)
16.855 Retroactively prune action (__SURROGATE*c6*connect_6* Q_18,16_Port:0_851e3d13c276e7f6 Q_18,16_Port:1_851e3d13c276e7f6 Q_19,16_PlugType:0_4468412b99fcb8bb female in male out) due to impossible effect (isOccupied Q_18,16_Port:1_851e3d13c276e7f6)
16.887 Collected 422 relevant facts at this layer
16.887 Encoding ...
17.021 Attempting to solve formula with 676967 clauses (2685735 literals) and 17 assumptions
c
c Try to adapt solver strategies
c 
c Nothing extreme in this problem, continue with glucose default strategies.
c
36.866 Unsolvable at layer 19 -- expanding.
36.866 Iteration 20.
36.866 New layer size: 21
36.866 Instantiating ...
37.023 Retroactively prune action (__SURROGATE*c6*connect_6* Q_19,17_Port:0_851e3d13c276e7f6 Q_19,17_Port:1_851e3d13c276e7f6 Q_20,17_PlugType:0_4468412b99fcb8bb female in male out) due to impossible effect (isOccupied Q_19,17_Port:1_851e3d13c276e7f6)
37.025 Retroactively prune action (__SURROGATE*c5*connect_5* Q_19,17_Port:0_851e3d13c276e7f6 Q_19,17_Port:1_851e3d13c276e7f6 Q_20,17_PlugType:0_4468412b99fcb8bb female in male out) due to impossible effect (isOccupied Q_19,17_Port:1_851e3d13c276e7f6)
37.025 Retroactively prune action (__SURROGATE*c1*connect_1* Q_19,17_Port:0_851e3d13c276e7f6 Q_19,17_Port:1_851e3d13c276e7f6 Q_20,17_PlugType:0_4468412b99fcb8bb female in male out) due to impossible effect (isOccupied Q_19,17_Port:0_851e3d13c276e7f6)
37.026 Retroactively prune action (__SURROGATE*c2*connect_2* Q_19,17_Port:0_851e3d13c276e7f6 Q_19,17_Port:1_851e3d13c276e7f6 Q_20,17_PlugType:0_4468412b99fcb8bb female in male out) due to impossible effect (isOccupied Q_19,17_Port:0_851e3d13c276e7f6)
37.057 Collected 422 relevant facts at this layer
37.057 Encoding ...
37.163 Attempting to solve formula with 757735 clauses (3011139 literals) and 18 assumptions
132.087 Unsolvable at layer 20 -- expanding.
132.087 Iteration 21.
132.087 New layer size: 22
132.087 Instantiating ...
132.253 Retroactively prune action (__SURROGATE*c1*connect_1* Q_20,18_Port:0_851e3d13c276e7f6 Q_20,18_Port:1_851e3d13c276e7f6 Q_21,18_PlugType:0_4468412b99fcb8bb female in male out) due to impossible effect (isOccupied Q_20,18_Port:0_851e3d13c276e7f6)
132.253 Retroactively prune action (__SURROGATE*c2*connect_2* Q_20,18_Port:0_851e3d13c276e7f6 Q_20,18_Port:1_851e3d13c276e7f6 Q_21,18_PlugType:0_4468412b99fcb8bb female in male out) due to impossible effect (isOccupied Q_20,18_Port:0_851e3d13c276e7f6)
132.253 Retroactively prune action (__SURROGATE*c6*connect_6* Q_20,18_Port:0_851e3d13c276e7f6 Q_20,18_Port:1_851e3d13c276e7f6 Q_21,18_PlugType:0_4468412b99fcb8bb female in male out) due to impossible effect (isOccupied Q_20,18_Port:1_851e3d13c276e7f6)
132.254 Retroactively prune action (__SURROGATE*c5*connect_5* Q_20,18_Port:0_851e3d13c276e7f6 Q_20,18_Port:1_851e3d13c276e7f6 Q_21,18_PlugType:0_4468412b99fcb8bb female in male out) due to impossible effect (isOccupied Q_20,18_Port:1_851e3d13c276e7f6)
132.286 Collected 422 relevant facts at this layer
132.286 Encoding ...
132.395 Attempting to solve formula with 843612 clauses (3356435 literals) and 19 assumptions
365.227 Unsolvable at layer 21 -- expanding.
365.227 Iteration 22.
365.227 New layer size: 23
365.227 Instantiating ...
365.412 Retroactively prune action (__SURROGATE*c1*connect_1* Q_21,19_Port:0_851e3d13c276e7f6 Q_21,19_Port:1_851e3d13c276e7f6 Q_22,19_PlugType:0_4468412b99fcb8bb female in male out) due to impossible effect (isOccupied Q_21,19_Port:0_851e3d13c276e7f6)
365.414 Retroactively prune action (__SURROGATE*c2*connect_2* Q_21,19_Port:0_851e3d13c276e7f6 Q_21,19_Port:1_851e3d13c276e7f6 Q_22,19_PlugType:0_4468412b99fcb8bb female in male out) due to impossible effect (isOccupied Q_21,19_Port:0_851e3d13c276e7f6)
365.415 Retroactively prune action (__SURROGATE*c6*connect_6* Q_21,19_Port:0_851e3d13c276e7f6 Q_21,19_Port:1_851e3d13c276e7f6 Q_22,19_PlugType:0_4468412b99fcb8bb female in male out) due to impossible effect (isOccupied Q_21,19_Port:1_851e3d13c276e7f6)
365.415 Retroactively prune action (__SURROGATE*c5*connect_5* Q_21,19_Port:0_851e3d13c276e7f6 Q_21,19_Port:1_851e3d13c276e7f6 Q_22,19_PlugType:0_4468412b99fcb8bb female in male out) due to impossible effect (isOccupied Q_21,19_Port:1_851e3d13c276e7f6)
365.444 Collected 422 relevant facts at this layer
365.444 Encoding ...
365.587 Attempting to solve formula with 933508 clauses (3719241 literals) and 20 assumptions
c last restart ## conflicts  :  331 5209 
376.575 Found a solution at layer 22.
==>
21093 connect_4 cableWithPlugType1-b adapterFromPlugType1ToPlugType2-aPlugType1 plugType1
21096 connect_4 cableWithPlugType3-b adapterFromPlugType3ToPlugType4-aPlugType3 plugType3
21122 connect_7 adapterFromPlugType1ToPlugType2-bPlugType2 cableWithPlugType2-a plugType2
21170 connect_4 cableWithPlugType2-b adapterFromPlugType2ToPlugType3-aPlugType2 plugType2
21247 connect_3 cableWithPlugType4-b adapterFromPlugType4ToPlugType5-aPlugType4 plugType4
21305 connect_8 adapterFromPlugType3ToPlugType4-bPlugType4 cableWithPlugType4-a plugType4
21378 connect_3 cableWithPlugType5-b printer-aPlugType5 plugType5
21445 connect_8 adapterFromPlugType2ToPlugType3-bPlugType3 cableWithPlugType3-a plugType3
21498 connect_7 adapterFromPlugType4ToPlugType5-bPlugType5 cableWithPlugType5-a plugType5
21571 connect_8 pc-bPlugType1 cableWithPlugType1-a plugType1
21633 guard
21686 ok
root 7
7 ConnectDevices pc printer data -> m1 21092 53
53 ConnectDevices pc printer data -> m1 21095 960
960 ConnectDevices pc printer data -> m1 21121 1967
1967 ConnectDevices pc printer data -> m1 21169 2605
2605 ConnectDevices pc printer data -> m1 21246 3297
3297 ConnectDevices pc printer data -> m1 21304 4041
4041 ConnectDevices pc printer data -> m1 21377 4838
4838 ConnectDevices pc printer data -> m1 21444 5692
5692 ConnectDevices pc printer data -> m1 21497 6599
6599 ConnectDevices pc printer data -> m1 21570 7571
7571 ConnectDevices pc printer data -> m3 21633 8592
8592 ValidateDeviceConnection pc printer data -> vDC_to_vPC_1 9603
9603 ValidatePortConnection pc-bPlugType1 printer-aPlugType5 data -> vPC_to_vPC 10693
10693 ValidatePortConnection cableWithPlugType1-b printer-aPlugType5 data -> vPC_to_vPC 11846
11846 ValidatePortConnection adapterFromPlugType1ToPlugType2-bPlugType2 printer-aPlugType5 data -> vPC_to_vPC 13062
13062 ValidatePortConnection cableWithPlugType2-b printer-aPlugType5 data -> vPC_to_vPC 14341
14341 ValidatePortConnection adapterFromPlugType2ToPlugType3-bPlugType3 printer-aPlugType5 data -> vPC_to_vPC 15680
15680 ValidatePortConnection cableWithPlugType3-b printer-aPlugType5 data -> vPC_to_vPC 17084
17084 ValidatePortConnection adapterFromPlugType3ToPlugType4-bPlugType4 printer-aPlugType5 data -> vPC_to_vPC 18555
18555 ValidatePortConnection cableWithPlugType4-b printer-aPlugType5 data -> vPC_to_vPC 20092
20092 ValidatePortConnection adapterFromPlugType4ToPlugType5-bPlugType5 printer-aPlugType5 data -> vPC_to_vPC 21685
21092 connect cableWithPlugType1-b adapterFromPlugType1ToPlugType2-aPlugType1 -> c4 21093
21095 connect cableWithPlugType3-b adapterFromPlugType3ToPlugType4-aPlugType3 -> c4 21096
21121 connect adapterFromPlugType1ToPlugType2-bPlugType2 cableWithPlugType2-a -> c7 21122
21169 connect cableWithPlugType2-b adapterFromPlugType2ToPlugType3-aPlugType2 -> c4 21170
21246 connect cableWithPlugType4-b adapterFromPlugType4ToPlugType5-aPlugType4 -> c3 21247
21304 connect adapterFromPlugType3ToPlugType4-bPlugType4 cableWithPlugType4-a -> c8 21305
21377 connect cableWithPlugType5-b printer-aPlugType5 -> c3 21378
21444 connect adapterFromPlugType2ToPlugType3-bPlugType3 cableWithPlugType3-a -> c8 21445
21497 connect adapterFromPlugType4ToPlugType5-bPlugType5 cableWithPlugType5-a -> c7 21498
21570 connect pc-bPlugType1 cableWithPlugType1-a -> c8 21571
21685 ValidatePortConnection cableWithPlugType5-b printer-aPlugType5 data -> finish 21686
<==
376.579 End of solution plan. (counted length of 12)
376.579 Total amount of clauses encoded: 933508
376.579 - indirectframeaxioms : 433548 cls
376.579 - directframeaxioms : 178920 cls
376.579 - qfactsemantics : 173922 cls
376.579 - reductionconstraints : 96482 cls
376.579 - atmostoneelement : 23215 cls
376.579 - actionconstraints : 11855 cls
376.579 - substitutionconstraints : 6794 cls
376.579 - predecessors : 3239 cls
376.579 - expansions : 3178 cls
376.579 - qconstequality : 1406 cls
376.579 - actioneffects : 525 cls
376.579 - truefacts : 422 cls
376.579 - axiomaticops : 2 cls
376.579 # instantiated positions: 276
376.579 # instantiated actions: 2948
376.579 # instantiated reductions: 372
376.579 # introduced pseudo-constants: 503
376.579 # retroactive prunings: 82
376.579 # retroactively pruned operations: 82
376.579 # dominated operations: 117
376.579 # total invalid rigid preconditions found in getPFC: 0
376.579 # invalid rigid preconditions found in getPFC: 0
376.579 # invalid rigid preconditions found in getPFC in varrestrictions: 0
376.579 # total invalid fluent preconditions found in getPFC: 18
376.579 # invalid fluent preconditions found in getPFC: 17
376.579 # invalid fluent preconditions found in getPFC in varrestrictions: 1
376.579 # invalid fluent preconditions found in getPFC via postconditions: 0
376.579 # invalid subtasks found in getPFC: 2
376.579 # number effects in operation fact_frames: 170
376.579 Exiting happily.

RUNWATCH_RESULT EXIT RETVAL 0 TIME_SECS 376.603 MEMPEAK_KBS 189716
