    _           _         _
   \ |         \ |       | |                       
   | |     __  | |      _| |______                
   | |     \/  | |     /_   ______\                
   | |      _  | |   __  | |  ___   ___   ___       
   | |___  | | | |  / .\ | | / , | |   \ / ·_\    
   \_____\ |_| |__\ \__/ |_| \___) |_|_| \___\  
[39mL i l o t a n e  version rls-glucose4
by Dominik Schreiber <dominik.schreiber@kit.edu> 2020-2021
using SAT solver glucose4

0.017 Parser finished.
0.018 Structures extracted.
0.019 28 operators and 21 methods created.
0.030 Mined 76 new reduction preconditions (+262.1%).
0.030 Iteration 0.
0.030 Creating initial layer of size 2
0.106 Attempting to solve formula with 5 clauses (6 literals) and 1 assumptions
0.106 Unsolvable at layer 0 -- expanding.
0.106 Iteration 1.
0.106 New layer size: 2
0.106 Instantiating ...
0.190 Collected 1 relevant facts at this layer
0.190 Encoding ...
0.199 Attempting to solve formula with 10 clauses (15 literals) and 1 assumptions
0.199 Unsolvable at layer 1 -- expanding.
0.199 Iteration 2.
0.200 New layer size: 3
0.200 Instantiating ...
0.361 Collected 1 relevant facts at this layer
0.361 Encoding ...
0.373 Attempting to solve formula with 1825 clauses (5239 literals) and 2 assumptions
0.374 Unsolvable at layer 2 -- expanding.
0.374 Iteration 3.
0.374 New layer size: 4
0.374 Instantiating ...
0.454 Retroactively prune action (__SURROGATE*c1*connect_1* Q_2,0_Port:0_a1c75040e315af3a Q_2,0_Port:1_a1c75040e315af3a Q_3,0_PlugType:0_83f49f2b7486d360 female in male out) due to impossible effect (isOccupied Q_2,0_Port:0_a1c75040e315af3a)
0.556 Retroactively prune action (__SURROGATE*c5*connect_5* Q_2,0_Port:0_a1c75040e315af3a Q_2,0_Port:1_a1c75040e315af3a Q_3,0_PlugType:0_83f49f2b7486d360 female in male out) due to impossible effect (isOccupied Q_2,0_Port:1_a1c75040e315af3a)
0.594 Retroactively prune action (__SURROGATE*c2*connect_2* Q_2,0_Port:0_a1c75040e315af3a Q_2,0_Port:1_a1c75040e315af3a Q_3,0_PlugType:0_83f49f2b7486d360 female in male out) due to impossible effect (isOccupied Q_2,0_Port:0_a1c75040e315af3a)
0.634 Retroactively prune action (__SURROGATE*c6*connect_6* Q_2,0_Port:0_a1c75040e315af3a Q_2,0_Port:1_a1c75040e315af3a Q_3,0_PlugType:0_83f49f2b7486d360 female in male out) due to impossible effect (isOccupied Q_2,0_Port:1_a1c75040e315af3a)
0.869 Collected 12658 relevant facts at this layer
0.869 Encoding ...
1.248 Attempting to solve formula with 201838 clauses (765332 literals) and 2 assumptions
1.255 Unsolvable at layer 3 -- expanding.
1.255 Iteration 4.
1.255 New layer size: 5
1.255 Instantiating ...
1.434 Retroactively prune action (__SURROGATE*c2*connect_2* Q_3,1_Port:0_a1c75040e315af3a Q_3,1_Port:1_a1c75040e315af3a Q_4,1_PlugType:0_83f49f2b7486d360 female in male out) due to impossible effect (isOccupied Q_3,1_Port:0_a1c75040e315af3a)
1.434 Retroactively prune action (__SURROGATE*c6*connect_6* Q_3,1_Port:0_a1c75040e315af3a Q_3,1_Port:1_a1c75040e315af3a Q_4,1_PlugType:0_83f49f2b7486d360 female in male out) due to impossible effect (isOccupied Q_3,1_Port:1_a1c75040e315af3a)
1.500 Retroactively prune action (__SURROGATE*c5*connect_5* Q_3,1_Port:0_a1c75040e315af3a Q_3,1_Port:1_a1c75040e315af3a Q_4,1_PlugType:0_83f49f2b7486d360 female in male out) due to impossible effect (isOccupied Q_3,1_Port:1_a1c75040e315af3a)
1.567 Retroactively prune action (__SURROGATE*c1*connect_1* Q_3,1_Port:0_a1c75040e315af3a Q_3,1_Port:1_a1c75040e315af3a Q_4,1_PlugType:0_83f49f2b7486d360 female in male out) due to impossible effect (isOccupied Q_3,1_Port:0_a1c75040e315af3a)
1.936 Collected 12658 relevant facts at this layer
1.936 Encoding ...
2.539 Attempting to solve formula with 500888 clauses (1969310 literals) and 2 assumptions
2.576 Unsolvable at layer 4 -- expanding.
2.576 Iteration 5.
2.576 New layer size: 6
2.576 Instantiating ...
3.047 Retroactively prune action (__SURROGATE*c6*connect_6* Q_4,2_Port:0_a1c75040e315af3a Q_4,2_Port:1_a1c75040e315af3a Q_5,2_PlugType:0_83f49f2b7486d360 female in male out) due to impossible effect (isOccupied Q_4,2_Port:1_a1c75040e315af3a)
3.106 Retroactively prune action (__SURROGATE*c5*connect_5* Q_4,2_Port:0_a1c75040e315af3a Q_4,2_Port:1_a1c75040e315af3a Q_5,2_PlugType:0_83f49f2b7486d360 female in male out) due to impossible effect (isOccupied Q_4,2_Port:1_a1c75040e315af3a)
3.126 Retroactively prune action (__SURROGATE*c2*connect_2* Q_4,2_Port:0_a1c75040e315af3a Q_4,2_Port:1_a1c75040e315af3a Q_5,2_PlugType:0_83f49f2b7486d360 female in male out) due to impossible effect (isOccupied Q_4,2_Port:0_a1c75040e315af3a)
3.208 Retroactively prune action (__SURROGATE*c1*connect_1* Q_4,2_Port:0_a1c75040e315af3a Q_4,2_Port:1_a1c75040e315af3a Q_5,2_PlugType:0_83f49f2b7486d360 female in male out) due to impossible effect (isOccupied Q_4,2_Port:0_a1c75040e315af3a)
3.587 Collected 12658 relevant facts at this layer
3.587 Encoding ...
4.365 Attempting to solve formula with 816240 clauses (3247619 literals) and 3 assumptions
4.390 Unsolvable at layer 5 -- expanding.
4.390 Iteration 6.
4.390 New layer size: 7
4.390 Instantiating ...
5.210 Retroactively prune action (__SURROGATE*c1*connect_1* Q_5,3_Port:0_a1c75040e315af3a Q_5,3_Port:1_a1c75040e315af3a Q_6,3_PlugType:0_83f49f2b7486d360 female in male out) due to impossible effect (isOccupied Q_5,3_Port:0_a1c75040e315af3a)
5.210 Retroactively prune action (__SURROGATE*c5*connect_5* Q_5,3_Port:0_a1c75040e315af3a Q_5,3_Port:1_a1c75040e315af3a Q_6,3_PlugType:0_83f49f2b7486d360 female in male out) due to impossible effect (isOccupied Q_5,3_Port:1_a1c75040e315af3a)
5.267 Retroactively prune action (__SURROGATE*c6*connect_6* Q_5,3_Port:0_a1c75040e315af3a Q_5,3_Port:1_a1c75040e315af3a Q_6,3_PlugType:0_83f49f2b7486d360 female in male out) due to impossible effect (isOccupied Q_5,3_Port:1_a1c75040e315af3a)
5.287 Retroactively prune action (__SURROGATE*c2*connect_2* Q_5,3_Port:0_a1c75040e315af3a Q_5,3_Port:1_a1c75040e315af3a Q_6,3_PlugType:0_83f49f2b7486d360 female in male out) due to impossible effect (isOccupied Q_5,3_Port:0_a1c75040e315af3a)
5.705 Collected 12658 relevant facts at this layer
5.705 Encoding ...
6.692 Attempting to solve formula with 1275496 clauses (5163970 literals) and 4 assumptions
6.977 Unsolvable at layer 6 -- expanding.
6.977 Iteration 7.
6.977 New layer size: 8
6.977 Instantiating ...
8.106 Retroactively prune action (__SURROGATE*c1*connect_1* Q_6,4_Port:0_a1c75040e315af3a Q_6,4_Port:1_a1c75040e315af3a Q_7,4_PlugType:0_83f49f2b7486d360 female in male out) due to impossible effect (isOccupied Q_6,4_Port:0_a1c75040e315af3a)
8.195 Retroactively prune action (__SURROGATE*c2*connect_2* Q_6,4_Port:0_a1c75040e315af3a Q_6,4_Port:1_a1c75040e315af3a Q_7,4_PlugType:0_83f49f2b7486d360 female in male out) due to impossible effect (isOccupied Q_6,4_Port:0_a1c75040e315af3a)
8.274 Retroactively prune action (__SURROGATE*c5*connect_5* Q_6,4_Port:0_a1c75040e315af3a Q_6,4_Port:1_a1c75040e315af3a Q_7,4_PlugType:0_83f49f2b7486d360 female in male out) due to impossible effect (isOccupied Q_6,4_Port:1_a1c75040e315af3a)
8.299 Retroactively prune action (__SURROGATE*c6*connect_6* Q_6,4_Port:0_a1c75040e315af3a Q_6,4_Port:1_a1c75040e315af3a Q_7,4_PlugType:0_83f49f2b7486d360 female in male out) due to impossible effect (isOccupied Q_6,4_Port:1_a1c75040e315af3a)
8.681 Collected 12658 relevant facts at this layer
8.681 Encoding ...
9.907 Attempting to solve formula with 1843364 clauses (7550212 literals) and 5 assumptions
13.412 Unsolvable at layer 7 -- expanding.
13.412 Iteration 8.
13.412 New layer size: 9
13.412 Instantiating ...
14.903 Retroactively prune action (__SURROGATE*c6*connect_6* Q_7,5_Port:0_a1c75040e315af3a Q_7,5_Port:1_a1c75040e315af3a Q_8,5_PlugType:0_83f49f2b7486d360 female in male out) due to impossible effect (isOccupied Q_7,5_Port:1_a1c75040e315af3a)
14.951 Retroactively prune action (__SURROGATE*c2*connect_2* Q_7,5_Port:0_a1c75040e315af3a Q_7,5_Port:1_a1c75040e315af3a Q_8,5_PlugType:0_83f49f2b7486d360 female in male out) due to impossible effect (isOccupied Q_7,5_Port:0_a1c75040e315af3a)
14.972 Retroactively prune action (__SURROGATE*c5*connect_5* Q_7,5_Port:0_a1c75040e315af3a Q_7,5_Port:1_a1c75040e315af3a Q_8,5_PlugType:0_83f49f2b7486d360 female in male out) due to impossible effect (isOccupied Q_7,5_Port:1_a1c75040e315af3a)
15.034 Retroactively prune action (__SURROGATE*c1*connect_1* Q_7,5_Port:0_a1c75040e315af3a Q_7,5_Port:1_a1c75040e315af3a Q_8,5_PlugType:0_83f49f2b7486d360 female in male out) due to impossible effect (isOccupied Q_7,5_Port:0_a1c75040e315af3a)
15.487 Collected 12658 relevant facts at this layer
15.487 Encoding ...
17.010 Attempting to solve formula with 2563616 clauses (10618881 literals) and 6 assumptions
24.565 Unsolvable at layer 8 -- expanding.
24.565 Iteration 9.
24.565 New layer size: 10
24.565 Instantiating ...
26.559 Retroactively prune action (__SURROGATE*c6*connect_6* Q_8,6_Port:0_a1c75040e315af3a Q_8,6_Port:1_a1c75040e315af3a Q_9,6_PlugType:0_83f49f2b7486d360 female in male out) due to impossible effect (isOccupied Q_8,6_Port:1_a1c75040e315af3a)
26.579 Retroactively prune action (__SURROGATE*c1*connect_1* Q_8,6_Port:0_a1c75040e315af3a Q_8,6_Port:1_a1c75040e315af3a Q_9,6_PlugType:0_83f49f2b7486d360 female in male out) due to impossible effect (isOccupied Q_8,6_Port:0_a1c75040e315af3a)
26.579 Retroactively prune action (__SURROGATE*c5*connect_5* Q_8,6_Port:0_a1c75040e315af3a Q_8,6_Port:1_a1c75040e315af3a Q_9,6_PlugType:0_83f49f2b7486d360 female in male out) due to impossible effect (isOccupied Q_8,6_Port:1_a1c75040e315af3a)
26.625 Retroactively prune action (__SURROGATE*c2*connect_2* Q_8,6_Port:0_a1c75040e315af3a Q_8,6_Port:1_a1c75040e315af3a Q_9,6_PlugType:0_83f49f2b7486d360 female in male out) due to impossible effect (isOccupied Q_8,6_Port:0_a1c75040e315af3a)
27.074 Collected 12658 relevant facts at this layer
27.074 Encoding ...
28.867 Attempting to solve formula with 3472830 clauses (14553350 literals) and 7 assumptions
60.089 Unsolvable at layer 9 -- expanding.
60.089 Iteration 10.
60.089 New layer size: 11
60.089 Instantiating ...
62.299 Retroactively prune action (__SURROGATE*c1*connect_1* Q_9,7_Port:0_a1c75040e315af3a Q_9,7_Port:1_a1c75040e315af3a Q_10,7_PlugType:0_83f49f2b7486d360 female in male out) due to impossible effect (isOccupied Q_9,7_Port:0_a1c75040e315af3a)
62.389 Retroactively prune action (__SURROGATE*c5*connect_5* Q_9,7_Port:0_a1c75040e315af3a Q_9,7_Port:1_a1c75040e315af3a Q_10,7_PlugType:0_83f49f2b7486d360 female in male out) due to impossible effect (isOccupied Q_9,7_Port:1_a1c75040e315af3a)
62.435 Retroactively prune action (__SURROGATE*c6*connect_6* Q_9,7_Port:0_a1c75040e315af3a Q_9,7_Port:1_a1c75040e315af3a Q_10,7_PlugType:0_83f49f2b7486d360 female in male out) due to impossible effect (isOccupied Q_9,7_Port:1_a1c75040e315af3a)
62.474 Retroactively prune action (__SURROGATE*c2*connect_2* Q_9,7_Port:0_a1c75040e315af3a Q_9,7_Port:1_a1c75040e315af3a Q_10,7_PlugType:0_83f49f2b7486d360 female in male out) due to impossible effect (isOccupied Q_9,7_Port:0_a1c75040e315af3a)
62.859 Collected 12658 relevant facts at this layer
62.859 Encoding ...
64.695 Attempting to solve formula with 4448886 clauses (18738987 literals) and 8 assumptions
114.942 Unsolvable at layer 10 -- expanding.
114.942 Iteration 11.
114.942 New layer size: 12
114.942 Instantiating ...
117.877 Retroactively prune action (__SURROGATE*c2*connect_2* Q_10,8_Port:0_a1c75040e315af3a Q_10,8_Port:1_a1c75040e315af3a Q_11,8_PlugType:0_83f49f2b7486d360 female in male out) due to impossible effect (isOccupied Q_10,8_Port:0_a1c75040e315af3a)
117.940 Retroactively prune action (__SURROGATE*c1*connect_1* Q_10,8_Port:0_a1c75040e315af3a Q_10,8_Port:1_a1c75040e315af3a Q_11,8_PlugType:0_83f49f2b7486d360 female in male out) due to impossible effect (isOccupied Q_10,8_Port:0_a1c75040e315af3a)
117.964 Retroactively prune action (__SURROGATE*c6*connect_6* Q_10,8_Port:0_a1c75040e315af3a Q_10,8_Port:1_a1c75040e315af3a Q_11,8_PlugType:0_83f49f2b7486d360 female in male out) due to impossible effect (isOccupied Q_10,8_Port:1_a1c75040e315af3a)
117.984 Retroactively prune action (__SURROGATE*c5*connect_5* Q_10,8_Port:0_a1c75040e315af3a Q_10,8_Port:1_a1c75040e315af3a Q_11,8_PlugType:0_83f49f2b7486d360 female in male out) due to impossible effect (isOccupied Q_10,8_Port:1_a1c75040e315af3a)
118.417 Collected 12658 relevant facts at this layer
118.417 Encoding ...
120.698 Attempting to solve formula with 5682052 clauses (24124295 literals) and 9 assumptions
252.522 Unsolvable at layer 11 -- expanding.
252.522 Iteration 12.
252.522 New layer size: 13
252.522 Instantiating ...
255.583 Retroactively prune action (__SURROGATE*c6*connect_6* Q_11,9_Port:0_a1c75040e315af3a Q_11,9_Port:1_a1c75040e315af3a Q_12,9_PlugType:0_83f49f2b7486d360 female in male out) due to impossible effect (isOccupied Q_11,9_Port:1_a1c75040e315af3a)
255.583 Retroactively prune action (__SURROGATE*c2*connect_2* Q_11,9_Port:0_a1c75040e315af3a Q_11,9_Port:1_a1c75040e315af3a Q_12,9_PlugType:0_83f49f2b7486d360 female in male out) due to impossible effect (isOccupied Q_11,9_Port:0_a1c75040e315af3a)
255.583 Retroactively prune action (__SURROGATE*c1*connect_1* Q_11,9_Port:0_a1c75040e315af3a Q_11,9_Port:1_a1c75040e315af3a Q_12,9_PlugType:0_83f49f2b7486d360 female in male out) due to impossible effect (isOccupied Q_11,9_Port:0_a1c75040e315af3a)
255.692 Retroactively prune action (__SURROGATE*c5*connect_5* Q_11,9_Port:0_a1c75040e315af3a Q_11,9_Port:1_a1c75040e315af3a Q_12,9_PlugType:0_83f49f2b7486d360 female in male out) due to impossible effect (isOccupied Q_11,9_Port:1_a1c75040e315af3a)
256.116 Collected 12658 relevant facts at this layer
256.116 Encoding ...
258.591 Attempting to solve formula with 7037821 clauses (30049033 literals) and 10 assumptions
588.358 Unsolvable at layer 12 -- expanding.
588.358 Iteration 13.
588.358 New layer size: 14
588.358 Instantiating ...
591.808 Retroactively prune action (__SURROGATE*c2*connect_2* Q_12,10_Port:0_a1c75040e315af3a Q_12,10_Port:1_a1c75040e315af3a Q_13,10_PlugType:0_83f49f2b7486d360 female in male out) due to impossible effect (isOccupied Q_12,10_Port:0_a1c75040e315af3a)
591.808 Retroactively prune action (__SURROGATE*c5*connect_5* Q_12,10_Port:0_a1c75040e315af3a Q_12,10_Port:1_a1c75040e315af3a Q_13,10_PlugType:0_83f49f2b7486d360 female in male out) due to impossible effect (isOccupied Q_12,10_Port:1_a1c75040e315af3a)
591.827 Retroactively prune action (__SURROGATE*c1*connect_1* Q_12,10_Port:0_a1c75040e315af3a Q_12,10_Port:1_a1c75040e315af3a Q_13,10_PlugType:0_83f49f2b7486d360 female in male out) due to impossible effect (isOccupied Q_12,10_Port:0_a1c75040e315af3a)
591.925 Retroactively prune action (__SURROGATE*c6*connect_6* Q_12,10_Port:0_a1c75040e315af3a Q_12,10_Port:1_a1c75040e315af3a Q_13,10_PlugType:0_83f49f2b7486d360 female in male out) due to impossible effect (isOccupied Q_12,10_Port:1_a1c75040e315af3a)
592.286 Collected 12658 relevant facts at this layer
592.286 Encoding ...
594.949 Attempting to solve formula with 8513977 clauses (36490133 literals) and 11 assumptions
c
c Try to adapt solver strategies
c 
c Nothing extreme in this problem, continue with glucose default strategies.
c
750.901 Unsolvable at layer 13 -- expanding.
750.901 Iteration 14.
750.901 New layer size: 15
750.901 Instantiating ...
754.713 Retroactively prune action (__SURROGATE*c1*connect_1* Q_13,11_Port:0_a1c75040e315af3a Q_13,11_Port:1_a1c75040e315af3a Q_14,11_PlugType:0_83f49f2b7486d360 female in male out) due to impossible effect (isOccupied Q_13,11_Port:0_a1c75040e315af3a)
754.793 Retroactively prune action (__SURROGATE*c5*connect_5* Q_13,11_Port:0_a1c75040e315af3a Q_13,11_Port:1_a1c75040e315af3a Q_14,11_PlugType:0_83f49f2b7486d360 female in male out) due to impossible effect (isOccupied Q_13,11_Port:1_a1c75040e315af3a)
754.812 Retroactively prune action (__SURROGATE*c6*connect_6* Q_13,11_Port:0_a1c75040e315af3a Q_13,11_Port:1_a1c75040e315af3a Q_14,11_PlugType:0_83f49f2b7486d360 female in male out) due to impossible effect (isOccupied Q_13,11_Port:1_a1c75040e315af3a)
754.850 Retroactively prune action (__SURROGATE*c2*connect_2* Q_13,11_Port:0_a1c75040e315af3a Q_13,11_Port:1_a1c75040e315af3a Q_14,11_PlugType:0_83f49f2b7486d360 female in male out) due to impossible effect (isOccupied Q_13,11_Port:0_a1c75040e315af3a)
755.226 Collected 12658 relevant facts at this layer
755.226 Encoding ...
757.893 Attempting to solve formula with 10104442 clauses (43423280 literals) and 12 assumptions
883.108 Unsolvable at layer 14 -- expanding.
883.108 Iteration 15.
883.108 New layer size: 16
883.108 Instantiating ...
887.408 Retroactively prune action (__SURROGATE*c1*connect_1* Q_14,12_Port:0_a1c75040e315af3a Q_14,12_Port:1_a1c75040e315af3a Q_15,12_PlugType:0_83f49f2b7486d360 female in male out) due to impossible effect (isOccupied Q_14,12_Port:0_a1c75040e315af3a)
887.470 Retroactively prune action (__SURROGATE*c5*connect_5* Q_14,12_Port:0_a1c75040e315af3a Q_14,12_Port:1_a1c75040e315af3a Q_15,12_PlugType:0_83f49f2b7486d360 female in male out) due to impossible effect (isOccupied Q_14,12_Port:1_a1c75040e315af3a)
887.568 Retroactively prune action (__SURROGATE*c2*connect_2* Q_14,12_Port:0_a1c75040e315af3a Q_14,12_Port:1_a1c75040e315af3a Q_15,12_PlugType:0_83f49f2b7486d360 female in male out) due to impossible effect (isOccupied Q_14,12_Port:0_a1c75040e315af3a)
887.610 Retroactively prune action (__SURROGATE*c6*connect_6* Q_14,12_Port:0_a1c75040e315af3a Q_14,12_Port:1_a1c75040e315af3a Q_15,12_PlugType:0_83f49f2b7486d360 female in male out) due to impossible effect (isOccupied Q_14,12_Port:1_a1c75040e315af3a)
887.973 Collected 12658 relevant facts at this layer
887.973 Encoding ...
891.053 Attempting to solve formula with 11894791 clauses (51279922 literals) and 13 assumptions
1051.890 Unsolvable at layer 15 -- expanding.
1051.890 Iteration 16.
1051.890 New layer size: 17
1051.890 Instantiating ...
1056.928 Retroactively prune action (__SURROGATE*c5*connect_5* Q_15,13_Port:0_a1c75040e315af3a Q_15,13_Port:1_a1c75040e315af3a Q_16,13_PlugType:0_83f49f2b7486d360 female in male out) due to impossible effect (isOccupied Q_15,13_Port:1_a1c75040e315af3a)
1056.928 Retroactively prune action (__SURROGATE*c2*connect_2* Q_15,13_Port:0_a1c75040e315af3a Q_15,13_Port:1_a1c75040e315af3a Q_16,13_PlugType:0_83f49f2b7486d360 female in male out) due to impossible effect (isOccupied Q_15,13_Port:0_a1c75040e315af3a)
1056.966 Retroactively prune action (__SURROGATE*c6*connect_6* Q_15,13_Port:0_a1c75040e315af3a Q_15,13_Port:1_a1c75040e315af3a Q_16,13_PlugType:0_83f49f2b7486d360 female in male out) due to impossible effect (isOccupied Q_15,13_Port:1_a1c75040e315af3a)
1057.004 Retroactively prune action (__SURROGATE*c1*connect_1* Q_15,13_Port:0_a1c75040e315af3a Q_15,13_Port:1_a1c75040e315af3a Q_16,13_PlugType:0_83f49f2b7486d360 female in male out) due to impossible effect (isOccupied Q_15,13_Port:0_a1c75040e315af3a)
1057.423 Collected 12658 relevant facts at this layer
1057.423 Encoding ...
1060.797 Attempting to solve formula with 13845517 clauses (59864545 literals) and 14 assumptions
1404.204 Unsolvable at layer 16 -- expanding.
1404.204 Iteration 17.
1404.204 New layer size: 18
1404.204 Instantiating ...
1409.168 Retroactively prune action (__SURROGATE*c2*connect_2* Q_16,14_Port:0_a1c75040e315af3a Q_16,14_Port:1_a1c75040e315af3a Q_17,14_PlugType:0_83f49f2b7486d360 female in male out) due to impossible effect (isOccupied Q_16,14_Port:0_a1c75040e315af3a)
1409.187 Retroactively prune action (__SURROGATE*c1*connect_1* Q_16,14_Port:0_a1c75040e315af3a Q_16,14_Port:1_a1c75040e315af3a Q_17,14_PlugType:0_83f49f2b7486d360 female in male out) due to impossible effect (isOccupied Q_16,14_Port:0_a1c75040e315af3a)
1409.209 Retroactively prune action (__SURROGATE*c5*connect_5* Q_16,14_Port:0_a1c75040e315af3a Q_16,14_Port:1_a1c75040e315af3a Q_17,14_PlugType:0_83f49f2b7486d360 female in male out) due to impossible effect (isOccupied Q_16,14_Port:1_a1c75040e315af3a)
1409.249 Retroactively prune action (__SURROGATE*c6*connect_6* Q_16,14_Port:0_a1c75040e315af3a Q_16,14_Port:1_a1c75040e315af3a Q_17,14_PlugType:0_83f49f2b7486d360 female in male out) due to impossible effect (isOccupied Q_16,14_Port:1_a1c75040e315af3a)
1409.596 Collected 12658 relevant facts at this layer
1409.596 Encoding ...
1412.836 Attempting to solve formula with 15860884 clauses (68692646 literals) and 15 assumptions
1802.551 Termination signal caught.
1802.551 Total amount of clauses encoded: 15860884
1802.551 - indirectframeaxioms : 8878876 cls
1802.551 - qfactsemantics : 3483112 cls
1802.551 - directframeaxioms : 3088544 cls
1802.551 - reductionconstraints : 303891 cls
1802.551 - actionconstraints : 51466 cls
1802.551 - substitutionconstraints : 22654 cls
1802.551 - truefacts : 12658 cls
1802.551 - atmostoneelement : 9816 cls
1802.551 - qconstequality : 6188 cls
1802.551 - predecessors : 1666 cls
1802.551 - expansions : 1659 cls
1802.551 - actioneffects : 352 cls
1802.551 - axiomaticops : 2 cls
1802.551 # instantiated positions: 171
1802.551 # instantiated actions: 1490
1802.551 # instantiated reductions: 237
1802.551 # introduced pseudo-constants: 303
1802.551 # retroactive prunings: 62
1802.551 # retroactively pruned operations: 62
1802.551 # dominated operations: 84
1802.551 # total invalid rigid preconditions found in getPFC: 0
1802.551 # invalid rigid preconditions found in getPFC: 0
1802.551 # invalid rigid preconditions found in getPFC in varrestrictions: 0
1802.551 # total invalid fluent preconditions found in getPFC: 18
1802.551 # invalid fluent preconditions found in getPFC: 18
1802.551 # invalid fluent preconditions found in getPFC in varrestrictions: 0
1802.551 # invalid fluent preconditions found in getPFC via postconditions: 0
1802.551 # invalid subtasks found in getPFC: 2
1802.551 # number effects in operation fact_frames: 170
1802.551 Exiting happily.

RUNWATCH_RESULT TIMEOUT RETVAL 0 TIME_SECS 1802.71 MEMPEAK_KBS 2470320
