    _           _         _
   \ |         \ |       | |                       
   | |     __  | |      _| |______                
   | |     \/  | |     /_   ______\                
   | |      _  | |   __  | |  ___   ___   ___       
   | |___  | | | |  / .\ | | / , | |   \ / ·_\    
   \_____\ |_| |__\ \__/ |_| \___) |_|_| \___\  
[39mL i l o t a n e  version rls-glucose4
by Dominik Schreiber <dominik.schreiber@kit.edu> 2020-2021
using SAT solver glucose4

0.074 Parser finished.
0.074 Structures extracted.
0.075 18 operators and 15 methods created.
0.094 Mined 2 new reduction preconditions (+9.5%).
0.094 Iteration 0.
0.094 Creating initial layer of size 2
0.112 Attempting to solve formula with 3 clauses (3 literals) and 1 assumptions
0.112 Unsolvable at layer 0 -- expanding.
0.112 Iteration 1.
0.112 New layer size: 2
0.112 Instantiating ...
0.129 Collected 0 relevant facts at this layer
0.129 Encoding ...
0.131 Attempting to solve formula with 8 clauses (12 literals) and 1 assumptions
0.131 Unsolvable at layer 1 -- expanding.
0.131 Iteration 2.
0.131 New layer size: 7
0.131 Instantiating ...
0.180 Collected 0 relevant facts at this layer
0.180 Encoding ...
0.184 Attempting to solve formula with 28 clauses (46 literals) and 6 assumptions
0.184 Unsolvable at layer 2 -- expanding.
0.184 Iteration 3.
0.184 New layer size: 13
0.184 Instantiating ...
0.293 Collected 4 relevant facts at this layer
0.293 Encoding ...
0.299 Attempting to solve formula with 100 clauses (187 literals) and 10 assumptions
0.299 Unsolvable at layer 3 -- expanding.
0.299 Iteration 4.
0.299 New layer size: 23
0.299 Instantiating ...
0.534 Collected 14 relevant facts at this layer
0.534 Encoding ...
0.546 Attempting to solve formula with 708 clauses (1646 literals) and 20 assumptions
0.546 Unsolvable at layer 4 -- expanding.
0.546 Iteration 5.
0.546 New layer size: 43
0.546 Instantiating ...
1.040 Collected 34 relevant facts at this layer
1.040 Encoding ...
1.064 Attempting to solve formula with 4119 clauses (10195 literals) and 40 assumptions
1.064 Unsolvable at layer 5 -- expanding.
1.064 Iteration 6.
1.064 New layer size: 83
1.064 Instantiating ...
2.097 Collected 64 relevant facts at this layer
2.097 Encoding ...
2.171 Attempting to solve formula with 17196 clauses (43728 literals) and 80 assumptions
2.172 Unsolvable at layer 6 -- expanding.
2.172 Iteration 7.
2.172 New layer size: 163
2.172 Instantiating ...
4.316 Collected 104 relevant facts at this layer
4.316 Encoding ...
4.432 Attempting to solve formula with 58544 clauses (151564 literals) and 160 assumptions
4.432 Unsolvable at layer 7 -- expanding.
4.432 Iteration 8.
4.432 New layer size: 323
4.432 Instantiating ...
8.871 Collected 152 relevant facts at this layer
8.871 Encoding ...
9.191 Attempting to solve formula with 175538 clauses (460257 literals) and 320 assumptions
9.192 Unsolvable at layer 8 -- expanding.
9.192 Iteration 9.
9.193 New layer size: 643
9.193 Instantiating ...
18.334 Collected 210 relevant facts at this layer
18.334 Encoding ...
19.100 Attempting to solve formula with 488715 clauses (1293769 literals) and 640 assumptions
19.103 Unsolvable at layer 9 -- expanding.
19.103 Iteration 10.
19.104 New layer size: 1283
19.104 Instantiating ...
37.821 Collected 280 relevant facts at this layer
37.821 Encoding ...
39.542 Attempting to solve formula with 1300812 clauses (3469552 literals) and 1280 assumptions
39.574 Unsolvable at layer 10 -- expanding.
39.574 Iteration 11.
39.575 New layer size: 2558
39.575 Instantiating ...
39.625 Retroactively prune action (__REPEATED_removeblock l-2-0-3 stone)@(10,128): no children at offset 0
39.625 Retroactively prune action (__REPEATED_removeblock l-2-0-0 stone)@(10,128): no children at offset 0
39.625 Retroactively prune action (__REPEATED_removeblock l-2-0-2 stone)@(10,128): no children at offset 0
39.625 Retroactively prune action (removeblock l-2-0-4 stone)@(10,128): no children at offset 0
39.625 Retroactively prune action (__REPEATED_removeblock l-2-0-1 stone)@(10,128): no children at offset 0
39.625 Retroactively prune reduction (place-block-abstract-3 l-2-0-5 stone stone)@(10,128): no children at offset 0
59.182 Collected 360 relevant facts at this layer
59.183 Encoding ...
61.271 Attempting to solve formula with 2781009 clauses (7164905 literals) and 2555 assumptions
61.277 Unsolvable at layer 11 -- expanding.
61.277 Iteration 12.
61.283 New layer size: 5112
61.283 Instantiating ...
61.381 Retroactively prune action (removeblock l-3-0-4 stone)@(11,384): no children at offset 0
61.381 Retroactively prune action (__REPEATED_removeblock l-3-0-1 stone)@(11,384): no children at offset 0
61.381 Retroactively prune action (__REPEATED_removeblock l-3-0-2 stone)@(11,384): no children at offset 0
61.381 Retroactively prune action (__REPEATED_removeblock l-3-0-0 stone)@(11,384): no children at offset 0
61.381 Retroactively prune action (__REPEATED_removeblock l-3-0-3 stone)@(11,384): no children at offset 0
61.382 Retroactively prune reduction (place-block-abstract-3 l-3-0-5 stone stone)@(11,384): no children at offset 0
80.826 Collected 442 relevant facts at this layer
80.826 Encoding ...
83.951 Attempting to solve formula with 5093449 clauses (12726776 literals) and 3829 assumptions
83.982 Unsolvable at layer 12 -- expanding.
83.982 Iteration 13.
83.991 New layer size: 8940
83.991 Instantiating ...
84.130 Retroactively prune action (__REPEATED_removeblock l-4-0-0 stone)@(12,895): no children at offset 0
84.130 Retroactively prune action (__REPEATED_removeblock l-4-0-3 stone)@(12,895): no children at offset 0
84.130 Retroactively prune action (__REPEATED_removeblock l-4-0-1 stone)@(12,895): no children at offset 0
84.130 Retroactively prune action (__REPEATED_removeblock l-4-0-2 stone)@(12,895): no children at offset 0
84.130 Retroactively prune action (removeblock l-4-0-4 stone)@(12,895): no children at offset 0
84.131 Retroactively prune reduction (place-block-abstract-3 l-4-0-5 stone stone)@(12,895): no children at offset 0
103.043 Collected 514 relevant facts at this layer
103.043 Encoding ...
107.416 Attempting to solve formula with 7931405 clauses (19500920 literals) and 3819 assumptions
107.462 Unsolvable at layer 13 -- expanding.
107.462 Iteration 14.
107.475 New layer size: 12758
107.475 Instantiating ...
107.649 Retroactively prune action (__REPEATED_removeblock l-5-0-3 stone)@(13,1661): no children at offset 0
107.649 Retroactively prune action (removeblock l-5-0-4 stone)@(13,1661): no children at offset 0
107.649 Retroactively prune action (__REPEATED_removeblock l-5-0-0 stone)@(13,1661): no children at offset 0
107.649 Retroactively prune action (__REPEATED_removeblock l-5-0-1 stone)@(13,1661): no children at offset 0
107.649 Retroactively prune action (__REPEATED_removeblock l-5-0-2 stone)@(13,1661): no children at offset 0
107.650 Retroactively prune reduction (place-block-abstract-3 l-5-0-5 stone stone)@(13,1661): no children at offset 0
126.402 Collected 576 relevant facts at this layer
126.402 Encoding ...
132.347 Attempting to solve formula with 11173175 clauses (27183701 literals) and 3799 assumptions
132.387 Unsolvable at layer 14 -- expanding.
132.387 Iteration 15.
132.404 New layer size: 16556
132.404 Instantiating ...
132.607 Retroactively prune action (__REPEATED_removeblock l-6-0-3 stone)@(14,2427): no children at offset 0
132.607 Retroactively prune action (removeblock l-6-0-4 stone)@(14,2427): no children at offset 0
132.607 Retroactively prune action (__REPEATED_removeblock l-6-0-1 stone)@(14,2427): no children at offset 0
132.607 Retroactively prune action (__REPEATED_removeblock l-6-0-0 stone)@(14,2427): no children at offset 0
132.607 Retroactively prune action (__REPEATED_removeblock l-6-0-2 stone)@(14,2427): no children at offset 0
132.608 Retroactively prune reduction (place-block-abstract-3 l-6-0-5 stone stone)@(14,2427): no children at offset 0
151.220 Collected 628 relevant facts at this layer
151.220 Encoding ...
158.770 Attempting to solve formula with 14735690 clauses (35566541 literals) and 3759 assumptions
158.811 Unsolvable at layer 15 -- expanding.
158.811 Iteration 16.
158.832 New layer size: 20314
158.832 Instantiating ...
159.069 Retroactively prune action (__REPEATED_removeblock l-7-0-3 stone)@(15,3193): no children at offset 0
159.069 Retroactively prune action (__REPEATED_removeblock l-7-0-0 stone)@(15,3193): no children at offset 0
159.069 Retroactively prune action (removeblock l-7-0-4 stone)@(15,3193): no children at offset 0
159.069 Retroactively prune action (__REPEATED_removeblock l-7-0-2 stone)@(15,3193): no children at offset 0
159.069 Retroactively prune action (__REPEATED_removeblock l-7-0-1 stone)@(15,3193): no children at offset 0
159.070 Retroactively prune reduction (place-block-abstract-3 l-7-0-5 stone stone)@(15,3193): no children at offset 0
177.015 Collected 670 relevant facts at this layer
177.015 Encoding ...
186.176 Attempting to solve formula with 18504950 clauses (44356981 literals) and 3679 assumptions
186.217 Unsolvable at layer 16 -- expanding.
186.217 Iteration 17.
186.242 New layer size: 23992
186.242 Instantiating ...
186.522 Retroactively prune action (__REPEATED_removeblock l-8-0-3 stone)@(16,3959): no children at offset 0
186.522 Retroactively prune action (__REPEATED_removeblock l-8-0-2 stone)@(16,3959): no children at offset 0
186.522 Retroactively prune action (removeblock l-8-0-4 stone)@(16,3959): no children at offset 0
186.522 Retroactively prune action (__REPEATED_removeblock l-8-0-1 stone)@(16,3959): no children at offset 0
186.522 Retroactively prune action (__REPEATED_removeblock l-8-0-0 stone)@(16,3959): no children at offset 0
186.523 Retroactively prune reduction (place-block-abstract-3 l-8-0-5 stone stone)@(16,3959): no children at offset 0
202.207 Collected 702 relevant facts at this layer
202.208 Encoding ...
212.756 Attempting to solve formula with 22302215 clauses (53086421 literals) and 3519 assumptions
212.796 Unsolvable at layer 17 -- expanding.
212.796 Iteration 18.
212.824 New layer size: 27510
212.824 Instantiating ...
213.141 Retroactively prune action (removeblock l-9-0-4 stone)@(17,4725): no children at offset 0
213.141 Retroactively prune action (__REPEATED_removeblock l-9-0-2 stone)@(17,4725): no children at offset 0
213.141 Retroactively prune action (__REPEATED_removeblock l-9-0-3 stone)@(17,4725): no children at offset 0
213.141 Retroactively prune action (__REPEATED_removeblock l-9-0-0 stone)@(17,4725): no children at offset 0
213.142 Retroactively prune action (__REPEATED_removeblock l-9-0-1 stone)@(17,4725): no children at offset 0
213.143 Retroactively prune reduction (place-block-abstract-3 l-9-0-5 stone stone)@(17,4725): no children at offset 0
224.284 Collected 724 relevant facts at this layer
224.284 Encoding ...
236.542 Attempting to solve formula with 25820505 clauses (60937382 literals) and 3199 assumptions
236.582 Unsolvable at layer 18 -- expanding.
236.582 Iteration 19.
236.613 New layer size: 30708
236.613 Instantiating ...
236.953 Retroactively prune action (__REPEATED_removeblock l-1-2-8 stone)@(18,5491): no children at offset 0
236.953 Retroactively prune action (__REPEATED_removeblock l-1-5-8 stone)@(18,5491): no children at offset 0
236.953 Retroactively prune action (__REPEATED_removeblock l-1-1-8 stone)@(18,5491): no children at offset 0
236.953 Retroactively prune action (__REPEATED_removeblock l-1-7-8 stone)@(18,5491): no children at offset 0
236.953 Retroactively prune action (__REPEATED_removeblock l-1-4-8 stone)@(18,5491): no children at offset 0
236.953 Retroactively prune action (__REPEATED_removeblock l-1-3-8 stone)@(18,5491): no children at offset 0
236.953 Retroactively prune action (__REPEATED_removeblock l-1-6-8 stone)@(18,5491): no children at offset 0
236.953 Retroactively prune action (__REPEATED_removeblock l-1-8-8 stone)@(18,5491): no children at offset 0
236.988 Retroactively prune action (__REPEATED_removeblock l-2-7-8 stone)@(18,6259): no children at offset 0
236.988 Retroactively prune action (__REPEATED_removeblock l-2-1-8 stone)@(18,6259): no children at offset 0
236.988 Retroactively prune action (__REPEATED_removeblock l-2-8-8 stone)@(18,6259): no children at offset 0
236.988 Retroactively prune action (__REPEATED_removeblock l-2-6-8 stone)@(18,6259): no children at offset 0
236.988 Retroactively prune action (__REPEATED_removeblock l-2-4-8 stone)@(18,6259): no children at offset 0
236.988 Retroactively prune action (__REPEATED_removeblock l-2-5-8 stone)@(18,6259): no children at offset 0
236.988 Retroactively prune action (__REPEATED_removeblock l-2-2-8 stone)@(18,6259): no children at offset 0
236.988 Retroactively prune action (__REPEATED_removeblock l-2-3-8 stone)@(18,6259): no children at offset 0
237.024 Retroactively prune action (__REPEATED_removeblock l-3-7-8 stone)@(18,7027): no children at offset 0
237.024 Retroactively prune action (__REPEATED_removeblock l-3-5-8 stone)@(18,7027): no children at offset 0
237.024 Retroactively prune action (__REPEATED_removeblock l-3-8-8 stone)@(18,7027): no children at offset 0
237.024 Retroactively prune action (__REPEATED_removeblock l-3-1-8 stone)@(18,7027): no children at offset 0
237.024 Retroactively prune action (__REPEATED_removeblock l-3-2-8 stone)@(18,7027): no children at offset 0
237.024 Retroactively prune action (__REPEATED_removeblock l-3-3-8 stone)@(18,7027): no children at offset 0
237.024 Retroactively prune action (__REPEATED_removeblock l-3-6-8 stone)@(18,7027): no children at offset 0
237.024 Retroactively prune action (__REPEATED_removeblock l-3-4-8 stone)@(18,7027): no children at offset 0
237.059 Retroactively prune action (__REPEATED_removeblock l-4-2-8 stone)@(18,7795): no children at offset 0
237.059 Retroactively prune action (__REPEATED_removeblock l-4-5-8 stone)@(18,7795): no children at offset 0
237.059 Retroactively prune action (__REPEATED_removeblock l-4-3-8 stone)@(18,7795): no children at offset 0
237.060 Retroactively prune action (__REPEATED_removeblock l-4-6-8 stone)@(18,7795): no children at offset 0
237.060 Retroactively prune action (__REPEATED_removeblock l-4-8-8 stone)@(18,7795): no children at offset 0
237.060 Retroactively prune action (__REPEATED_removeblock l-4-1-8 stone)@(18,7795): no children at offset 0
237.060 Retroactively prune action (__REPEATED_removeblock l-4-4-8 stone)@(18,7795): no children at offset 0
237.060 Retroactively prune action (__REPEATED_removeblock l-4-7-8 stone)@(18,7795): no children at offset 0
237.098 Retroactively prune action (__REPEATED_removeblock l-5-5-8 stone)@(18,8563): no children at offset 0
237.098 Retroactively prune action (__REPEATED_removeblock l-5-7-8 stone)@(18,8563): no children at offset 0
237.098 Retroactively prune action (__REPEATED_removeblock l-5-6-8 stone)@(18,8563): no children at offset 0
237.098 Retroactively prune action (__REPEATED_removeblock l-5-1-8 stone)@(18,8563): no children at offset 0
237.098 Retroactively prune action (__REPEATED_removeblock l-5-4-8 stone)@(18,8563): no children at offset 0
237.098 Retroactively prune action (__REPEATED_removeblock l-5-8-8 stone)@(18,8563): no children at offset 0
237.098 Retroactively prune action (__REPEATED_removeblock l-5-2-8 stone)@(18,8563): no children at offset 0
237.098 Retroactively prune action (__REPEATED_removeblock l-5-3-8 stone)@(18,8563): no children at offset 0
237.136 Retroactively prune action (__REPEATED_removeblock l-6-6-8 stone)@(18,9331): no children at offset 0
237.136 Retroactively prune action (removeblock l-6-8-8 stone)@(18,9331): no children at offset 0
237.136 Retroactively prune action (__REPEATED_removeblock l-6-7-8 stone)@(18,9331): no children at offset 0
237.136 Retroactively prune action (__REPEATED_removeblock l-6-5-8 stone)@(18,9331): no children at offset 0
237.136 Retroactively prune action (__REPEATED_removeblock l-6-3-8 stone)@(18,9331): no children at offset 0
237.136 Retroactively prune action (__REPEATED_removeblock l-6-4-8 stone)@(18,9331): no children at offset 0
237.136 Retroactively prune action (__REPEATED_removeblock l-6-2-8 stone)@(18,9331): no children at offset 0
237.136 Retroactively prune action (__REPEATED_removeblock l-6-1-8 stone)@(18,9331): no children at offset 0
237.174 Retroactively prune action (__REPEATED_removeblock l-7-1-8 stone)@(18,10099): no children at offset 0
237.174 Retroactively prune action (__REPEATED_removeblock l-7-6-8 stone)@(18,10099): no children at offset 0
237.174 Retroactively prune action (__REPEATED_removeblock l-7-3-8 stone)@(18,10099): no children at offset 0
237.174 Retroactively prune action (__REPEATED_removeblock l-7-4-8 stone)@(18,10099): no children at offset 0
237.174 Retroactively prune action (__REPEATED_removeblock l-7-2-8 stone)@(18,10099): no children at offset 0
237.174 Retroactively prune action (__REPEATED_removeblock l-7-5-8 stone)@(18,10099): no children at offset 0
237.174 Retroactively prune action (removeblock l-7-7-8 stone)@(18,10099): no children at offset 0
237.176 Retroactively prune reduction (place-block-abstract-3 l-7-8-8 stone stone)@(18,10099): no children at offset 0
237.221 Retroactively prune action (removeblock l-8-6-8 stone)@(18,10611): no children at offset 0
237.221 Retroactively prune action (__REPEATED_removeblock l-8-3-8 stone)@(18,10611): no children at offset 0
237.221 Retroactively prune action (__REPEATED_removeblock l-8-1-8 stone)@(18,10611): no children at offset 0
237.221 Retroactively prune action (__REPEATED_removeblock l-8-5-8 stone)@(18,10611): no children at offset 0
237.221 Retroactively prune action (__REPEATED_removeblock l-8-4-8 stone)@(18,10611): no children at offset 0
237.221 Retroactively prune action (__REPEATED_removeblock l-8-2-8 stone)@(18,10611): no children at offset 0
237.222 Retroactively prune reduction (place-block-abstract-3 l-8-7-8 stone stone)@(18,10611): no children at offset 0
237.275 Retroactively prune action (__REPEATED_removeblock l-9-1-8 stone)@(18,10867): no children at offset 0
237.275 Retroactively prune action (__REPEATED_removeblock l-9-4-8 stone)@(18,10867): no children at offset 0
237.275 Retroactively prune action (__REPEATED_removeblock l-9-3-8 stone)@(18,10867): no children at offset 0
237.275 Retroactively prune action (__REPEATED_removeblock l-9-2-8 stone)@(18,10867): no children at offset 0
237.275 Retroactively prune action (removeblock l-9-5-8 stone)@(18,10867): no children at offset 0
237.276 Retroactively prune reduction (place-block-abstract-3 l-9-6-8 stone stone)@(18,10867): no children at offset 0
237.320 Retroactively prune action (__REPEATED_removeblock l-1-8-3 stone)@(18,10995): no children at offset 0
237.320 Retroactively prune action (__REPEATED_removeblock l-1-8-2 stone)@(18,10995): no children at offset 0
237.320 Retroactively prune action (__REPEATED_removeblock l-1-8-7 stone)@(18,10995): no children at offset 0
237.320 Retroactively prune action (__REPEATED_removeblock l-1-8-0 stone)@(18,10995): no children at offset 0
237.320 Retroactively prune action (__REPEATED_removeblock l-1-8-5 stone)@(18,10995): no children at offset 0
237.320 Retroactively prune action (__REPEATED_removeblock l-1-8-1 stone)@(18,10995): no children at offset 0
237.320 Retroactively prune action (__REPEATED_removeblock l-1-8-6 stone)@(18,10995): no children at offset 0
237.320 Retroactively prune action (__REPEATED_removeblock l-1-8-4 stone)@(18,10995): no children at offset 0
237.354 Retroactively prune action (__REPEATED_removeblock l-2-8-0 stone)@(18,11763): no children at offset 0
237.354 Retroactively prune action (__REPEATED_removeblock l-2-8-1 stone)@(18,11763): no children at offset 0
237.354 Retroactively prune action (__REPEATED_removeblock l-2-8-3 stone)@(18,11763): no children at offset 0
237.354 Retroactively prune action (__REPEATED_removeblock l-2-8-6 stone)@(18,11763): no children at offset 0
237.354 Retroactively prune action (__REPEATED_removeblock l-2-8-4 stone)@(18,11763): no children at offset 0
237.354 Retroactively prune action (__REPEATED_removeblock l-2-8-2 stone)@(18,11763): no children at offset 0
237.354 Retroactively prune action (__REPEATED_removeblock l-2-8-5 stone)@(18,11763): no children at offset 0
237.354 Retroactively prune action (__REPEATED_removeblock l-2-8-7 stone)@(18,11763): no children at offset 0
237.389 Retroactively prune action (__REPEATED_removeblock l-3-8-5 stone)@(18,12531): no children at offset 0
237.389 Retroactively prune action (__REPEATED_removeblock l-3-8-4 stone)@(18,12531): no children at offset 0
237.389 Retroactively prune action (__REPEATED_removeblock l-3-8-2 stone)@(18,12531): no children at offset 0
237.389 Retroactively prune action (__REPEATED_removeblock l-3-8-1 stone)@(18,12531): no children at offset 0
237.389 Retroactively prune action (__REPEATED_removeblock l-3-8-7 stone)@(18,12531): no children at offset 0
237.389 Retroactively prune action (__REPEATED_removeblock l-3-8-6 stone)@(18,12531): no children at offset 0
237.389 Retroactively prune action (__REPEATED_removeblock l-3-8-3 stone)@(18,12531): no children at offset 0
237.389 Retroactively prune action (__REPEATED_removeblock l-3-8-0 stone)@(18,12531): no children at offset 0
237.424 Retroactively prune action (__REPEATED_removeblock l-4-8-1 stone)@(18,13299): no children at offset 0
237.424 Retroactively prune action (__REPEATED_removeblock l-4-8-5 stone)@(18,13299): no children at offset 0
237.424 Retroactively prune action (__REPEATED_removeblock l-4-8-6 stone)@(18,13299): no children at offset 0
237.424 Retroactively prune action (__REPEATED_removeblock l-4-8-0 stone)@(18,13299): no children at offset 0
237.424 Retroactively prune action (__REPEATED_removeblock l-4-8-2 stone)@(18,13299): no children at offset 0
237.424 Retroactively prune action (__REPEATED_removeblock l-4-8-7 stone)@(18,13299): no children at offset 0
237.424 Retroactively prune action (__REPEATED_removeblock l-4-8-4 stone)@(18,13299): no children at offset 0
237.424 Retroactively prune action (__REPEATED_removeblock l-4-8-3 stone)@(18,13299): no children at offset 0
237.458 Retroactively prune action (__REPEATED_removeblock l-5-8-6 stone)@(18,14067): no children at offset 0
237.458 Retroactively prune action (__REPEATED_removeblock l-5-8-5 stone)@(18,14067): no children at offset 0
237.458 Retroactively prune action (__REPEATED_removeblock l-5-8-0 stone)@(18,14067): no children at offset 0
237.458 Retroactively prune action (__REPEATED_removeblock l-5-8-7 stone)@(18,14067): no children at offset 0
237.458 Retroactively prune action (__REPEATED_removeblock l-5-8-4 stone)@(18,14067): no children at offset 0
237.458 Retroactively prune action (__REPEATED_removeblock l-5-8-1 stone)@(18,14067): no children at offset 0
237.458 Retroactively prune action (__REPEATED_removeblock l-5-8-3 stone)@(18,14067): no children at offset 0
237.458 Retroactively prune action (__REPEATED_removeblock l-5-8-2 stone)@(18,14067): no children at offset 0
237.493 Retroactively prune action (__REPEATED_removeblock l-6-8-6 stone)@(18,14835): no children at offset 0
237.493 Retroactively prune action (__REPEATED_removeblock l-6-8-4 stone)@(18,14835): no children at offset 0
237.493 Retroactively prune action (__REPEATED_removeblock l-6-8-2 stone)@(18,14835): no children at offset 0
237.493 Retroactively prune action (__REPEATED_removeblock l-6-8-1 stone)@(18,14835): no children at offset 0
237.493 Retroactively prune action (removeblock l-6-8-0 stone)@(18,14835): no children at offset 0
237.493 Retroactively prune action (__REPEATED_removeblock l-6-8-7 stone)@(18,14835): no children at offset 0
237.493 Retroactively prune action (__REPEATED_removeblock l-6-8-3 stone)@(18,14835): no children at offset 0
237.493 Retroactively prune action (__REPEATED_removeblock l-6-8-5 stone)@(18,14835): no children at offset 0
237.529 Retroactively prune action (__REPEATED_removeblock l-7-8-6 stone)@(18,15603): no children at offset 0
237.529 Retroactively prune action (__REPEATED_removeblock l-7-8-5 stone)@(18,15603): no children at offset 0
237.529 Retroactively prune action (__REPEATED_removeblock l-7-8-3 stone)@(18,15603): no children at offset 0
237.529 Retroactively prune action (__REPEATED_removeblock l-7-8-2 stone)@(18,15603): no children at offset 0
237.529 Retroactively prune action (removeblock l-7-8-1 stone)@(18,15603): no children at offset 0
237.529 Retroactively prune action (__REPEATED_removeblock l-7-8-7 stone)@(18,15603): no children at offset 0
237.529 Retroactively prune action (__REPEATED_removeblock l-7-8-4 stone)@(18,15603): no children at offset 0
237.532 Retroactively prune reduction (place-block-abstract-3 l-7-8-0 stone stone)@(18,15603): no children at offset 0
237.576 Retroactively prune action (removeblock l-8-8-2 stone)@(18,16115): no children at offset 0
237.576 Retroactively prune action (__REPEATED_removeblock l-8-8-3 stone)@(18,16115): no children at offset 0
237.576 Retroactively prune action (__REPEATED_removeblock l-8-8-7 stone)@(18,16115): no children at offset 0
237.576 Retroactively prune action (__REPEATED_removeblock l-8-8-5 stone)@(18,16115): no children at offset 0
237.576 Retroactively prune action (__REPEATED_removeblock l-8-8-4 stone)@(18,16115): no children at offset 0
237.576 Retroactively prune action (__REPEATED_removeblock l-8-8-6 stone)@(18,16115): no children at offset 0
237.578 Retroactively prune reduction (place-block-abstract-3 l-8-8-1 stone stone)@(18,16115): no children at offset 0
237.628 Retroactively prune action (__REPEATED_removeblock l-9-8-5 stone)@(18,16371): no children at offset 0
237.628 Retroactively prune action (removeblock l-9-8-3 stone)@(18,16371): no children at offset 0
237.628 Retroactively prune action (__REPEATED_removeblock l-9-8-6 stone)@(18,16371): no children at offset 0
237.628 Retroactively prune action (__REPEATED_removeblock l-9-8-7 stone)@(18,16371): no children at offset 0
237.628 Retroactively prune action (__REPEATED_removeblock l-9-8-4 stone)@(18,16371): no children at offset 0
237.630 Retroactively prune reduction (place-block-abstract-3 l-9-8-2 stone stone)@(18,16371): no children at offset 0
237.675 Retroactively prune action (__REPEATED_removeblock l-1-1-0 stone)@(18,16499): no children at offset 0
237.675 Retroactively prune action (__REPEATED_removeblock l-1-5-0 stone)@(18,16499): no children at offset 0
237.675 Retroactively prune action (__REPEATED_removeblock l-1-4-0 stone)@(18,16499): no children at offset 0
237.675 Retroactively prune action (__REPEATED_removeblock l-1-3-0 stone)@(18,16499): no children at offset 0
237.675 Retroactively prune action (__REPEATED_removeblock l-1-2-0 stone)@(18,16499): no children at offset 0
237.675 Retroactively prune action (__REPEATED_removeblock l-1-6-0 stone)@(18,16499): no children at offset 0
237.675 Retroactively prune action (__REPEATED_removeblock l-1-7-0 stone)@(18,16499): no children at offset 0
237.710 Retroactively prune action (__REPEATED_removeblock l-2-2-0 stone)@(18,17267): no children at offset 0
237.710 Retroactively prune action (__REPEATED_removeblock l-2-4-0 stone)@(18,17267): no children at offset 0
237.710 Retroactively prune action (__REPEATED_removeblock l-2-1-0 stone)@(18,17267): no children at offset 0
237.710 Retroactively prune action (__REPEATED_removeblock l-2-3-0 stone)@(18,17267): no children at offset 0
237.710 Retroactively prune action (__REPEATED_removeblock l-2-5-0 stone)@(18,17267): no children at offset 0
237.710 Retroactively prune action (__REPEATED_removeblock l-2-6-0 stone)@(18,17267): no children at offset 0
237.710 Retroactively prune action (__REPEATED_removeblock l-2-7-0 stone)@(18,17267): no children at offset 0
237.745 Retroactively prune action (__REPEATED_removeblock l-3-4-0 stone)@(18,18035): no children at offset 0
237.745 Retroactively prune action (__REPEATED_removeblock l-3-3-0 stone)@(18,18035): no children at offset 0
237.745 Retroactively prune action (__REPEATED_removeblock l-3-5-0 stone)@(18,18035): no children at offset 0
237.745 Retroactively prune action (__REPEATED_removeblock l-3-2-0 stone)@(18,18035): no children at offset 0
237.745 Retroactively prune action (__REPEATED_removeblock l-3-6-0 stone)@(18,18035): no children at offset 0
237.745 Retroactively prune action (__REPEATED_removeblock l-3-1-0 stone)@(18,18035): no children at offset 0
237.745 Retroactively prune action (__REPEATED_removeblock l-3-7-0 stone)@(18,18035): no children at offset 0
237.781 Retroactively prune action (__REPEATED_removeblock l-4-7-0 stone)@(18,18803): no children at offset 0
237.781 Retroactively prune action (__REPEATED_removeblock l-4-6-0 stone)@(18,18803): no children at offset 0
237.781 Retroactively prune action (__REPEATED_removeblock l-4-3-0 stone)@(18,18803): no children at offset 0
237.781 Retroactively prune action (__REPEATED_removeblock l-4-1-0 stone)@(18,18803): no children at offset 0
237.781 Retroactively prune action (__REPEATED_removeblock l-4-4-0 stone)@(18,18803): no children at offset 0
237.781 Retroactively prune action (__REPEATED_removeblock l-4-2-0 stone)@(18,18803): no children at offset 0
237.781 Retroactively prune action (__REPEATED_removeblock l-4-5-0 stone)@(18,18803): no children at offset 0
237.816 Retroactively prune action (__REPEATED_removeblock l-5-2-0 stone)@(18,19571): no children at offset 0
237.816 Retroactively prune action (__REPEATED_removeblock l-5-3-0 stone)@(18,19571): no children at offset 0
237.816 Retroactively prune action (__REPEATED_removeblock l-5-1-0 stone)@(18,19571): no children at offset 0
237.816 Retroactively prune action (__REPEATED_removeblock l-5-4-0 stone)@(18,19571): no children at offset 0
237.816 Retroactively prune action (__REPEATED_removeblock l-5-6-0 stone)@(18,19571): no children at offset 0
237.816 Retroactively prune action (__REPEATED_removeblock l-5-5-0 stone)@(18,19571): no children at offset 0
237.816 Retroactively prune action (__REPEATED_removeblock l-5-7-0 stone)@(18,19571): no children at offset 0
237.850 Retroactively prune action (__REPEATED_removeblock l-6-6-0 stone)@(18,20339): no children at offset 0
237.850 Retroactively prune action (__REPEATED_removeblock l-6-2-0 stone)@(18,20339): no children at offset 0
237.850 Retroactively prune action (__REPEATED_removeblock l-6-5-0 stone)@(18,20339): no children at offset 0
237.850 Retroactively prune action (__REPEATED_removeblock l-6-1-0 stone)@(18,20339): no children at offset 0
237.850 Retroactively prune action (__REPEATED_removeblock l-6-7-0 stone)@(18,20339): no children at offset 0
237.850 Retroactively prune action (__REPEATED_removeblock l-6-4-0 stone)@(18,20339): no children at offset 0
237.850 Retroactively prune action (__REPEATED_removeblock l-6-3-0 stone)@(18,20339): no children at offset 0
237.892 Retroactively prune action (__REPEATED_removeblock l-7-7-0 stone)@(18,21107): no children at offset 0
237.892 Retroactively prune action (removeblock l-7-1-0 stone)@(18,21107): no children at offset 0
237.892 Retroactively prune action (__REPEATED_removeblock l-7-5-0 stone)@(18,21107): no children at offset 0
237.892 Retroactively prune action (__REPEATED_removeblock l-7-6-0 stone)@(18,21107): no children at offset 0
237.892 Retroactively prune action (__REPEATED_removeblock l-7-2-0 stone)@(18,21107): no children at offset 0
237.892 Retroactively prune action (__REPEATED_removeblock l-7-3-0 stone)@(18,21107): no children at offset 0
237.892 Retroactively prune action (__REPEATED_removeblock l-7-4-0 stone)@(18,21107): no children at offset 0
237.954 Retroactively prune action (__REPEATED_removeblock l-8-7-0 stone)@(18,21619): no children at offset 0
237.954 Retroactively prune action (__REPEATED_removeblock l-8-6-0 stone)@(18,21619): no children at offset 0
237.954 Retroactively prune action (removeblock l-8-2-0 stone)@(18,21619): no children at offset 0
237.954 Retroactively prune action (__REPEATED_removeblock l-8-5-0 stone)@(18,21619): no children at offset 0
237.954 Retroactively prune action (__REPEATED_removeblock l-8-4-0 stone)@(18,21619): no children at offset 0
237.954 Retroactively prune action (__REPEATED_removeblock l-8-3-0 stone)@(18,21619): no children at offset 0
237.957 Retroactively prune reduction (place-block-abstract-3 l-8-1-0 stone stone)@(18,21619): no children at offset 0
238.012 Retroactively prune action (__REPEATED_removeblock l-9-6-0 stone)@(18,21875): no children at offset 0
238.012 Retroactively prune action (__REPEATED_removeblock l-9-5-0 stone)@(18,21875): no children at offset 0
238.012 Retroactively prune action (removeblock l-9-3-0 stone)@(18,21875): no children at offset 0
238.012 Retroactively prune action (__REPEATED_removeblock l-9-7-0 stone)@(18,21875): no children at offset 0
238.012 Retroactively prune action (__REPEATED_removeblock l-9-4-0 stone)@(18,21875): no children at offset 0
238.015 Retroactively prune reduction (place-block-abstract-3 l-9-2-0 stone stone)@(18,21875): no children at offset 0
238.062 Retroactively prune action (__REPEATED_removeblock l-10-0-7 stone)@(18,22005): no children at offset 0
238.062 Retroactively prune action (__REPEATED_removeblock l-10-0-3 stone)@(18,22005): no children at offset 0
238.062 Retroactively prune action (__REPEATED_removeblock l-10-0-2 stone)@(18,22005): no children at offset 0
238.062 Retroactively prune action (__REPEATED_removeblock l-10-0-1 stone)@(18,22005): no children at offset 0
238.062 Retroactively prune action (__REPEATED_removeblock l-10-0-6 stone)@(18,22005): no children at offset 0
238.062 Retroactively prune action (__REPEATED_removeblock l-10-0-4 stone)@(18,22005): no children at offset 0
238.062 Retroactively prune action (__REPEATED_removeblock l-10-0-8 stone)@(18,22005): no children at offset 0
238.062 Retroactively prune action (__REPEATED_removeblock l-10-0-0 stone)@(18,22005): no children at offset 0
238.062 Retroactively prune action (__REPEATED_removeblock l-10-0-5 stone)@(18,22005): no children at offset 0
238.105 Retroactively prune action (__REPEATED_removeblock l-10-1-2 stone)@(18,22773): no children at offset 0
238.105 Retroactively prune action (__REPEATED_removeblock l-10-1-6 stone)@(18,22773): no children at offset 0
238.105 Retroactively prune action (__REPEATED_removeblock l-10-1-3 stone)@(18,22773): no children at offset 0
238.105 Retroactively prune action (__REPEATED_removeblock l-10-1-4 stone)@(18,22773): no children at offset 0
238.105 Retroactively prune action (__REPEATED_removeblock l-10-1-1 stone)@(18,22773): no children at offset 0
238.105 Retroactively prune action (__REPEATED_removeblock l-10-1-7 stone)@(18,22773): no children at offset 0
238.105 Retroactively prune action (__REPEATED_removeblock l-10-1-5 stone)@(18,22773): no children at offset 0
238.105 Retroactively prune action (__REPEATED_removeblock l-10-1-8 stone)@(18,22773): no children at offset 0
238.105 Retroactively prune action (__REPEATED_removeblock l-10-1-0 stone)@(18,22773): no children at offset 0
238.149 Retroactively prune action (__REPEATED_removeblock l-10-2-3 stone)@(18,23541): no children at offset 0
238.149 Retroactively prune action (__REPEATED_removeblock l-10-2-2 stone)@(18,23541): no children at offset 0
238.149 Retroactively prune action (__REPEATED_removeblock l-10-2-5 stone)@(18,23541): no children at offset 0
238.149 Retroactively prune action (__REPEATED_removeblock l-10-2-0 stone)@(18,23541): no children at offset 0
238.149 Retroactively prune action (__REPEATED_removeblock l-10-2-6 stone)@(18,23541): no children at offset 0
238.149 Retroactively prune action (__REPEATED_removeblock l-10-2-8 stone)@(18,23541): no children at offset 0
238.149 Retroactively prune action (__REPEATED_removeblock l-10-2-4 stone)@(18,23541): no children at offset 0
238.149 Retroactively prune action (__REPEATED_removeblock l-10-2-7 stone)@(18,23541): no children at offset 0
238.149 Retroactively prune action (__REPEATED_removeblock l-10-2-1 stone)@(18,23541): no children at offset 0
238.192 Retroactively prune action (__REPEATED_removeblock l-10-3-5 stone)@(18,24309): no children at offset 0
238.192 Retroactively prune action (__REPEATED_removeblock l-10-3-1 stone)@(18,24309): no children at offset 0
238.192 Retroactively prune action (__REPEATED_removeblock l-10-3-2 stone)@(18,24309): no children at offset 0
238.192 Retroactively prune action (__REPEATED_removeblock l-10-3-4 stone)@(18,24309): no children at offset 0
238.192 Retroactively prune action (__REPEATED_removeblock l-10-3-7 stone)@(18,24309): no children at offset 0
238.192 Retroactively prune action (__REPEATED_removeblock l-10-3-6 stone)@(18,24309): no children at offset 0
238.192 Retroactively prune action (__REPEATED_removeblock l-10-3-3 stone)@(18,24309): no children at offset 0
238.192 Retroactively prune action (__REPEATED_removeblock l-10-3-0 stone)@(18,24309): no children at offset 0
238.192 Retroactively prune action (__REPEATED_removeblock l-10-3-8 stone)@(18,24309): no children at offset 0
238.234 Retroactively prune action (__REPEATED_removeblock l-10-4-7 stone)@(18,25077): no children at offset 0
238.234 Retroactively prune action (__REPEATED_removeblock l-10-4-5 stone)@(18,25077): no children at offset 0
238.234 Retroactively prune action (__REPEATED_removeblock l-10-4-2 stone)@(18,25077): no children at offset 0
238.234 Retroactively prune action (__REPEATED_removeblock l-10-4-0 stone)@(18,25077): no children at offset 0
238.234 Retroactively prune action (__REPEATED_removeblock l-10-4-6 stone)@(18,25077): no children at offset 0
238.234 Retroactively prune action (__REPEATED_removeblock l-10-4-4 stone)@(18,25077): no children at offset 0
238.234 Retroactively prune action (__REPEATED_removeblock l-10-4-8 stone)@(18,25077): no children at offset 0
238.234 Retroactively prune action (__REPEATED_removeblock l-10-4-3 stone)@(18,25077): no children at offset 0
238.234 Retroactively prune action (__REPEATED_removeblock l-10-4-1 stone)@(18,25077): no children at offset 0
238.277 Retroactively prune action (__REPEATED_removeblock l-10-5-5 stone)@(18,25845): no children at offset 0
238.277 Retroactively prune action (__REPEATED_removeblock l-10-5-4 stone)@(18,25845): no children at offset 0
238.277 Retroactively prune action (__REPEATED_removeblock l-10-5-6 stone)@(18,25845): no children at offset 0
238.277 Retroactively prune action (__REPEATED_removeblock l-10-5-7 stone)@(18,25845): no children at offset 0
238.277 Retroactively prune action (__REPEATED_removeblock l-10-5-1 stone)@(18,25845): no children at offset 0
238.277 Retroactively prune action (__REPEATED_removeblock l-10-5-3 stone)@(18,25845): no children at offset 0
238.277 Retroactively prune action (__REPEATED_removeblock l-10-5-2 stone)@(18,25845): no children at offset 0
238.277 Retroactively prune action (__REPEATED_removeblock l-10-5-0 stone)@(18,25845): no children at offset 0
238.277 Retroactively prune action (removeblock l-10-5-8 stone)@(18,25845): no children at offset 0
238.320 Retroactively prune action (__REPEATED_removeblock l-10-6-2 stone)@(18,26613): no children at offset 0
238.320 Retroactively prune action (__REPEATED_removeblock l-10-6-0 stone)@(18,26613): no children at offset 0
238.320 Retroactively prune action (__REPEATED_removeblock l-10-6-4 stone)@(18,26613): no children at offset 0
238.320 Retroactively prune action (__REPEATED_removeblock l-10-6-1 stone)@(18,26613): no children at offset 0
238.320 Retroactively prune action (__REPEATED_removeblock l-10-6-5 stone)@(18,26613): no children at offset 0
238.320 Retroactively prune action (removeblock l-10-6-7 stone)@(18,26613): no children at offset 0
238.320 Retroactively prune action (__REPEATED_removeblock l-10-6-3 stone)@(18,26613): no children at offset 0
238.320 Retroactively prune action (__REPEATED_removeblock l-10-6-6 stone)@(18,26613): no children at offset 0
238.324 Retroactively prune reduction (place-block-abstract-3 l-10-6-8 stone stone)@(18,26613): no children at offset 0
238.374 Retroactively prune action (__REPEATED_removeblock l-10-7-2 stone)@(18,27125): no children at offset 0
238.374 Retroactively prune action (removeblock l-10-7-6 stone)@(18,27125): no children at offset 0
238.374 Retroactively prune action (__REPEATED_removeblock l-10-7-0 stone)@(18,27125): no children at offset 0
238.374 Retroactively prune action (__REPEATED_removeblock l-10-7-5 stone)@(18,27125): no children at offset 0
238.374 Retroactively prune action (__REPEATED_removeblock l-10-7-3 stone)@(18,27125): no children at offset 0
238.374 Retroactively prune action (__REPEATED_removeblock l-10-7-1 stone)@(18,27125): no children at offset 0
238.374 Retroactively prune action (__REPEATED_removeblock l-10-7-4 stone)@(18,27125): no children at offset 0
238.378 Retroactively prune reduction (place-block-abstract-3 l-10-7-7 stone stone)@(18,27125): no children at offset 0
238.433 Retroactively prune action (__REPEATED_removeblock l-10-8-2 stone)@(18,27381): no children at offset 0
238.433 Retroactively prune action (__REPEATED_removeblock l-10-8-4 stone)@(18,27381): no children at offset 0
238.433 Retroactively prune action (__REPEATED_removeblock l-10-8-0 stone)@(18,27381): no children at offset 0
238.433 Retroactively prune action (__REPEATED_removeblock l-10-8-3 stone)@(18,27381): no children at offset 0
238.433 Retroactively prune action (removeblock l-10-8-5 stone)@(18,27381): no children at offset 0
238.433 Retroactively prune action (__REPEATED_removeblock l-10-8-1 stone)@(18,27381): no children at offset 0
238.436 Retroactively prune reduction (place-block-abstract-3 l-10-8-6 stone stone)@(18,27381): no children at offset 0
238.485 Collected 736 relevant facts at this layer
238.485 Encoding ...
252.376 Attempting to solve formula with 28497250 clauses (66396331 literals) and 2556 assumptions
252.426 Unsolvable at layer 19 -- expanding.
252.426 Iteration 20.
252.460 New layer size: 33259
252.460 Instantiating ...
254.290 Collected 738 relevant facts at this layer
254.290 Encoding ...
260.996 Termination signal caught.
260.996 Total amount of clauses encoded: 29270292
260.996 - directframeaxioms : 23861588 cls
260.996 - atmostoneelement : 2876793 cls
260.996 - expansions : 989812 cls
260.996 - predecessors : 835034 cls
260.996 - actionconstraints : 339490 cls
260.996 - actioneffects : 193812 cls
260.996 - reductionconstraints : 169119 cls
260.996 - forbiddenoperations : 3904 cls
260.996 - truefacts : 738 cls
260.996 - axiomaticops : 2 cls
260.996 # instantiated positions: 184291
260.996 # instantiated actions: 798656
260.996 # instantiated reductions: 103374
260.996 # introduced pseudo-constants: 0
260.996 # retroactive prunings: 326
260.996 # retroactively pruned operations: 3904
260.996 # dominated operations: 0
260.996 # total invalid rigid preconditions found in getPFC: 0
260.996 # invalid rigid preconditions found in getPFC: 0
260.996 # invalid rigid preconditions found in getPFC in varrestrictions: 0
260.996 # total invalid fluent preconditions found in getPFC: 0
260.996 # invalid fluent preconditions found in getPFC: 0
260.996 # invalid fluent preconditions found in getPFC in varrestrictions: 0
260.996 # invalid fluent preconditions found in getPFC via postconditions: 0
260.996 # invalid subtasks found in getPFC: 0
260.996 # number effects in operation fact_frames: 120
260.996 Exiting happily.

RUNWATCH_RESULT MEMOUT RETVAL 0 TIME_SECS 262.003 MEMPEAK_KBS 16032104
