    _           _         _
   \ |         \ |       | |                       
   | |     __  | |      _| |______                
   | |     \/  | |     /_   ______\                
   | |      _  | |   __  | |  ___   ___   ___       
   | |___  | | | |  / .\ | | / , | |   \ / ·_\    
   \_____\ |_| |__\ \__/ |_| \___) |_|_| \___\  
[39mL i l o t a n e  version rls-glucose4
by Dominik Schreiber <dominik.schreiber@kit.edu> 2020-2021
using SAT solver glucose4

0.281 Parser finished.
0.282 Structures extracted.
0.284 19 operators and 15 methods created.
0.905 Mined 11 new reduction preconditions (+2.1%).
0.905 Iteration 0.
0.905 Creating initial layer of size 2
4.254 Attempting to solve formula with 1051 clauses (1575 literals) and 1 assumptions
4.254 Unsolvable at layer 0 -- expanding.
4.254 Iteration 1.
4.254 New layer size: 2
4.254 Instantiating ...
16.473 Collected 524 relevant facts at this layer
16.473 Encoding ...
16.959 Attempting to solve formula with 7264 clauses (18587 literals) and 1 assumptions
17.022 Unsolvable at layer 1 -- expanding.
17.022 Iteration 2.
17.023 New layer size: 3
17.023 Instantiating ...
87.008 Collected 1552 relevant facts at this layer
87.008 Encoding ...
87.517 Attempting to solve formula with 64684 clauses (185698 literals) and 1 assumptions
87.572 Unsolvable at layer 2 -- expanding.
87.572 Iteration 3.
87.572 New layer size: 6
87.572 Instantiating ...
127.376 Collected 252477 relevant facts at this layer
127.376 Encoding ...
132.433 Attempting to solve formula with 3195209 clauses (10768431 literals) and 3 assumptions
132.715 Unsolvable at layer 3 -- expanding.
132.715 Iteration 4.
132.715 New layer size: 11
132.715 Instantiating ...
213.034 Collected 252477 relevant facts at this layer
213.034 Encoding ...
225.429 Attempting to solve formula with 11255709 clauses (40158020 literals) and 5 assumptions
225.826 Unsolvable at layer 4 -- expanding.
225.826 Iteration 5.
225.826 New layer size: 22
225.826 Instantiating ...
393.127 Collected 252477 relevant facts at this layer
393.127 Encoding ...
422.815 Attempting to solve formula with 28685105 clauses (103711361 literals) and 11 assumptions
424.382 Unsolvable at layer 5 -- expanding.
424.382 Iteration 6.
424.382 New layer size: 43
424.382 Instantiating ...
769.380 Collected 252477 relevant facts at this layer
769.380 Encoding ...
799.262 Termination signal caught.
799.262 Total amount of clauses encoded: 45609590
799.262 - directframeaxioms : 19712312 cls
799.262 - qfactsemantics : 13690852 cls
799.262 - indirectframeaxioms : 10561134 cls
799.262 - reductionconstraints : 1240044 cls
799.262 - truefacts : 252477 cls
799.262 - actionconstraints : 74585 cls
799.262 - substitutionconstraints : 39594 cls
799.262 - qconstequality : 36038 cls
799.262 - atmostoneelement : 1391 cls
799.262 - expansions : 466 cls
799.262 - predecessors : 424 cls
799.262 - actioneffects : 271 cls
799.262 - axiomaticops : 2 cls
799.262 # instantiated positions: 88
799.262 # instantiated actions: 301
799.262 # instantiated reductions: 270
799.262 # introduced pseudo-constants: 110
799.262 # retroactive prunings: 0
799.262 # retroactively pruned operations: 0
799.262 # dominated operations: 3
799.262 # total invalid rigid preconditions found in getPFC: 0
799.262 # invalid rigid preconditions found in getPFC: 0
799.262 # invalid rigid preconditions found in getPFC in varrestrictions: 0
799.262 # total invalid fluent preconditions found in getPFC: 28
799.262 # invalid fluent preconditions found in getPFC: 22
799.262 # invalid fluent preconditions found in getPFC in varrestrictions: 6
799.262 # invalid fluent preconditions found in getPFC via postconditions: 0
799.262 # invalid subtasks found in getPFC: 0
799.262 # number effects in operation fact_frames: 213
799.262 # number of variables restricted: 1027265
799.262 # number of nodes variables restricted: 13583
799.262 Exiting happily.

RUNWATCH_RESULT MEMOUT RETVAL 0 TIME_SECS 800.063 MEMPEAK_KBS 16043724
