    _           _         _
   \ |         \ |       | |                       
   | |     __  | |      _| |______                
   | |     \/  | |     /_   ______\                
   | |      _  | |   __  | |  ___   ___   ___       
   | |___  | | | |  / .\ | | / , | |   \ / ·_\    
   \_____\ |_| |__\ \__/ |_| \___) |_|_| \___\  
[39mL i l o t a n e  version rls-glucose4
by Dominik Schreiber <dominik.schreiber@kit.edu> 2020-2021
using SAT solver glucose4

0.020 Parser finished.
0.020 Structures extracted.
0.021 72 operators and 56 methods created.
0.056 Mined 27 new reduction preconditions (+39.7%).
0.056 Iteration 0.
0.056 Creating initial layer of size 2
0.076 Attempting to solve formula with 3 clauses (3 literals) and 1 assumptions
0.076 Unsolvable at layer 0 -- expanding.
0.076 Iteration 1.
0.076 New layer size: 35
0.076 Instantiating ...
0.534 Collected 99 relevant facts at this layer
0.534 Encoding ...
0.587 Attempting to solve formula with 7202 clauses (20967 literals) and 34 assumptions
0.587 Unsolvable at layer 1 -- expanding.
0.587 Iteration 2.
0.587 New layer size: 69
0.587 Instantiating ...
1.751 Collected 859 relevant facts at this layer
1.751 Encoding ...
1.864 Attempting to solve formula with 91629 clauses (248264 literals) and 34 assumptions
1.864 Unsolvable at layer 2 -- expanding.
1.864 Iteration 3.
1.864 New layer size: 103
1.864 Instantiating ...
3.924 Collected 1370 relevant facts at this layer
3.924 Encoding ...
4.078 Attempting to solve formula with 179437 clauses (486739 literals) and 68 assumptions
4.078 Unsolvable at layer 3 -- expanding.
4.078 Iteration 4.
4.078 New layer size: 137
4.078 Instantiating ...
4.082 Retroactively prune reduction (_splitting_method_DO-AT-LOAD-AIRPLANE0_splitted_2 OBJ61 Q_3,0_AIRPLANE:0_e21ffab4873cefb6 POS6)@(3,0): no children at offset 0
4.083 Retroactively prune reduction (M15-ACHIEVE-AT0 Q_3,1_AIRPLANE:0_e21ffab4873cefb6 OBJ61 POS10)@(3,1): no children at offset 0
6.228 Collected 1393 relevant facts at this layer
6.228 Encoding ...
6.477 Attempting to solve formula with 293008 clauses (785629 literals) and 102 assumptions
6.477 Unsolvable at layer 4 -- expanding.
6.477 Iteration 5.
6.477 New layer size: 239
6.477 Instantiating ...
9.382 Collected 3232 relevant facts at this layer
9.382 Encoding ...
10.457 Attempting to solve formula with 1003111 clauses (3095000 literals) and 136 assumptions
10.457 Unsolvable at layer 5 -- expanding.
10.457 Iteration 6.
10.457 New layer size: 375
10.457 Instantiating ...
14.508 Collected 3232 relevant facts at this layer
14.508 Encoding ...
16.384 Attempting to solve formula with 2256337 clauses (7296391 literals) and 170 assumptions
16.386 Unsolvable at layer 6 -- expanding.
16.386 Iteration 7.
16.386 New layer size: 545
16.386 Instantiating ...
21.715 Collected 3232 relevant facts at this layer
21.715 Encoding ...
24.545 Attempting to solve formula with 3956716 clauses (13084062 literals) and 204 assumptions
29.684 Unsolvable at layer 7 -- expanding.
29.684 Iteration 8.
29.684 New layer size: 749
29.684 Instantiating ...
36.648 Collected 3232 relevant facts at this layer
36.648 Encoding ...
40.677 Attempting to solve formula with 6084247 clauses (20436484 literals) and 238 assumptions
40.945 Unsolvable at layer 8 -- expanding.
40.945 Iteration 9.
40.946 New layer size: 987
40.946 Instantiating ...
49.339 Collected 3232 relevant facts at this layer
49.339 Encoding ...
54.611 Attempting to solve formula with 8595002 clauses (29134566 literals) and 272 assumptions
54.781 Unsolvable at layer 9 -- expanding.
54.781 Iteration 10.
54.781 New layer size: 1259
54.781 Instantiating ...
64.844 Collected 3232 relevant facts at this layer
64.845 Encoding ...
71.485 Attempting to solve formula with 11487870 clauses (39171848 literals) and 306 assumptions
71.955 Unsolvable at layer 10 -- expanding.
71.955 Iteration 11.
71.956 New layer size: 1565
71.956 Instantiating ...
84.033 Collected 3232 relevant facts at this layer
84.033 Encoding ...
92.295 Attempting to solve formula with 14762975 clauses (50547456 literals) and 340 assumptions
93.092 Unsolvable at layer 11 -- expanding.
93.092 Iteration 12.
93.094 New layer size: 1905
93.094 Instantiating ...
106.975 Collected 3232 relevant facts at this layer
106.975 Encoding ...
117.048 Attempting to solve formula with 18420974 clauses (63262715 literals) and 374 assumptions
c
c Try to adapt solver strategies
c 
c Nothing extreme in this problem, continue with glucose default strategies.
c
1802.628 Termination signal caught.
1802.628 Total amount of clauses encoded: 18420974
1802.628 - directframeaxioms : 7470872 cls
1802.628 - qfactsemantics : 4445084 cls
1802.628 - indirectframeaxioms : 4331223 cls
1802.628 - reductionconstraints : 1593297 cls
1802.628 - atmostoneelement : 196723 cls
1802.628 - actionconstraints : 103590 cls
1802.628 - qconstequality : 76716 cls
1802.628 - substitutionconstraints : 75235 cls
1802.628 - expansions : 54820 cls
1802.628 - predecessors : 52891 cls
1802.628 - actioneffects : 11911 cls
1802.628 - qtypeconstraints : 5375 cls
1802.628 - truefacts : 3232 cls
1802.628 - forbiddenoperations : 3 cls
1802.628 - axiomaticops : 2 cls
1802.628 # instantiated positions: 7969
1802.628 # instantiated actions: 41002
1802.628 # instantiated reductions: 11890
1802.628 # introduced pseudo-constants: 6533
1802.628 # retroactive prunings: 4
1802.628 # retroactively pruned operations: 5
1802.628 # dominated operations: 0
1802.628 # total invalid rigid preconditions found in getPFC: 0
1802.628 # invalid rigid preconditions found in getPFC: 0
1802.628 # invalid rigid preconditions found in getPFC in varrestrictions: 0
1802.628 # total invalid fluent preconditions found in getPFC: 87
1802.628 # invalid fluent preconditions found in getPFC: 19
1802.628 # invalid fluent preconditions found in getPFC in varrestrictions: 68
1802.628 # invalid fluent preconditions found in getPFC via postconditions: 0
1802.628 # invalid subtasks found in getPFC: 0
1802.628 # number effects in operation fact_frames: 682
1802.628 # number of variables restricted: 451767
1802.628 # number of nodes variables restricted: 269571
1802.628 Exiting happily.

RUNWATCH_RESULT TIMEOUT RETVAL 0 TIME_SECS 1803.3 MEMPEAK_KBS 9363984
