    _           _         _
   \ |         \ |       | |                       
   | |     __  | |      _| |______                
   | |     \/  | |     /_   ______\                
   | |      _  | |   __  | |  ___   ___   ___       
   | |___  | | | |  / .\ | | / , | |   \ / ·_\    
   \_____\ |_| |__\ \__/ |_| \___) |_|_| \___\  
[39mL i l o t a n e  version rls-glucose4
by Dominik Schreiber <dominik.schreiber@kit.edu> 2020-2021
using SAT solver glucose4

0.017 Parser finished.
0.017 Structures extracted.
0.018 72 operators and 56 methods created.
0.198 Mined 27 new reduction preconditions (+39.7%).
0.198 Iteration 0.
0.198 Creating initial layer of size 2
0.255 Attempting to solve formula with 3 clauses (3 literals) and 1 assumptions
0.255 Unsolvable at layer 0 -- expanding.
0.255 Iteration 1.
0.255 New layer size: 31
0.255 Instantiating ...
0.631 Collected 87 relevant facts at this layer
0.631 Encoding ...
0.663 Attempting to solve formula with 5634 clauses (16339 literals) and 30 assumptions
0.663 Unsolvable at layer 1 -- expanding.
0.663 Iteration 2.
0.663 New layer size: 61
0.663 Instantiating ...
2.104 Collected 639 relevant facts at this layer
2.104 Encoding ...
2.186 Attempting to solve formula with 61153 clauses (165744 literals) and 30 assumptions
2.186 Unsolvable at layer 2 -- expanding.
2.186 Iteration 3.
2.186 New layer size: 91
2.186 Instantiating ...
5.452 Collected 1030 relevant facts at this layer
5.452 Encoding ...
5.564 Attempting to solve formula with 118633 clauses (322429 literals) and 60 assumptions
5.564 Unsolvable at layer 3 -- expanding.
5.564 Iteration 4.
5.564 New layer size: 121
5.564 Instantiating ...
5.567 Retroactively prune reduction (_splitting_method_DO-AT-LOAD-AIRPLANE0_splitted_2 OBJ72 Q_3,0_AIRPLANE:0_909d1b2ddde14ad5 POS7)@(3,0): no children at offset 0
5.584 Retroactively prune reduction (M15-ACHIEVE-AT0 Q_3,1_AIRPLANE:0_909d1b2ddde14ad5 OBJ72 POS1)@(3,1): no children at offset 0
10.204 Collected 1049 relevant facts at this layer
10.204 Encoding ...
10.378 Attempting to solve formula with 192863 clauses (519259 literals) and 90 assumptions
10.378 Unsolvable at layer 4 -- expanding.
10.378 Iteration 5.
10.379 New layer size: 211
10.379 Instantiating ...
16.489 Collected 2380 relevant facts at this layer
16.489 Encoding ...
17.245 Attempting to solve formula with 646472 clauses (1992243 literals) and 120 assumptions
17.245 Unsolvable at layer 5 -- expanding.
17.245 Iteration 6.
17.246 New layer size: 331
17.246 Instantiating ...
25.151 Collected 2380 relevant facts at this layer
25.151 Encoding ...
26.492 Attempting to solve formula with 1444967 clauses (4663664 literals) and 150 assumptions
26.493 Unsolvable at layer 6 -- expanding.
26.493 Iteration 7.
26.493 New layer size: 481
26.493 Instantiating ...
36.297 Collected 2380 relevant facts at this layer
36.297 Encoding ...
38.473 Attempting to solve formula with 2526655 clauses (8337799 literals) and 180 assumptions
45.818 Unsolvable at layer 7 -- expanding.
45.818 Iteration 8.
45.818 New layer size: 661
45.818 Instantiating ...
57.411 Collected 2380 relevant facts at this layer
57.411 Encoding ...
60.138 Attempting to solve formula with 3879140 clauses (13001480 literals) and 210 assumptions
103.967 Unsolvable at layer 8 -- expanding.
103.967 Iteration 9.
103.967 New layer size: 871
103.967 Instantiating ...
117.662 Collected 2380 relevant facts at this layer
117.662 Encoding ...
121.286 Attempting to solve formula with 5474902 clauses (18517374 literals) and 240 assumptions
c
c Try to adapt solver strategies
c 
c Nothing extreme in this problem, continue with glucose default strategies.
c
437.300 Unsolvable at layer 9 -- expanding.
437.300 Iteration 10.
437.301 New layer size: 1111
437.301 Instantiating ...
453.207 Collected 2380 relevant facts at this layer
453.207 Encoding ...
457.911 Attempting to solve formula with 7313313 clauses (24881436 literals) and 270 assumptions
1802.576 Termination signal caught.
1802.576 Total amount of clauses encoded: 7313313
1802.576 - directframeaxioms : 3221548 cls
1802.576 - indirectframeaxioms : 1655049 cls
1802.576 - qfactsemantics : 1614138 cls
1802.576 - reductionconstraints : 575306 cls
1802.576 - atmostoneelement : 95356 cls
1802.576 - actionconstraints : 34414 cls
1802.576 - substitutionconstraints : 27090 cls
1802.576 - qconstequality : 26790 cls
1802.576 - expansions : 26237 cls
1802.576 - predecessors : 25730 cls
1802.576 - actioneffects : 6439 cls
1802.576 - qtypeconstraints : 2831 cls
1802.576 - truefacts : 2380 cls
1802.576 - forbiddenoperations : 3 cls
1802.576 - axiomaticops : 2 cls
1802.576 # instantiated positions: 3971
1802.576 # instantiated actions: 19129
1802.576 # instantiated reductions: 6602
1802.576 # introduced pseudo-constants: 3519
1802.576 # retroactive prunings: 4
1802.576 # retroactively pruned operations: 5
1802.576 # dominated operations: 0
1802.576 # total invalid rigid preconditions found in getPFC: 0
1802.576 # invalid rigid preconditions found in getPFC: 0
1802.576 # invalid rigid preconditions found in getPFC in varrestrictions: 0
1802.576 # total invalid fluent preconditions found in getPFC: 164
1802.576 # invalid fluent preconditions found in getPFC: 164
1802.576 # invalid fluent preconditions found in getPFC in varrestrictions: 0
1802.576 # invalid fluent preconditions found in getPFC via postconditions: 0
1802.576 # invalid subtasks found in getPFC: 0
1802.576 # number effects in operation fact_frames: 658
1802.576 Exiting happily.

RUNWATCH_RESULT TIMEOUT RETVAL 0 TIME_SECS 1802.82 MEMPEAK_KBS 4552020
