    _           _         _
   \ |         \ |       | |                       
   | |     __  | |      _| |______                
   | |     \/  | |     /_   ______\                
   | |      _  | |   __  | |  ___   ___   ___       
   | |___  | | | |  / .\ | | / , | |   \ / ·_\    
   \_____\ |_| |__\ \__/ |_| \___) |_|_| \___\  
[39mL i l o t a n e  version rls-cadical
by Dominik Schreiber <dominik.schreiber@kit.edu> 2020-2021
using SAT solver cadical

0.011 Parser finished.
0.011 Structures extracted.
0.012 28 operators and 21 methods created.
0.018 Mined 76 new reduction preconditions (+262.1%).
0.018 Iteration 0.
0.018 Creating initial layer of size 2
0.028 Attempting to solve formula with 5 clauses (6 literals) and 1 assumptions
0.028 Unsolvable at layer 0 -- expanding.
0.028 Iteration 1.
0.028 New layer size: 2
0.028 Instantiating ...
0.040 Collected 1 relevant facts at this layer
0.040 Encoding ...
0.041 Attempting to solve formula with 15 clauses (27 literals) and 1 assumptions
0.041 Unsolvable at layer 1 -- expanding.
0.041 Iteration 2.
0.041 New layer size: 3
0.041 Instantiating ...
0.044 Retroactively prune reduction (m2 pc printer data)@(1,0): no children at offset 0
0.058 Collected 2 relevant facts at this layer
0.058 Encoding ...
0.063 Attempting to solve formula with 7677 clauses (15721 literals) and 2 assumptions
0.063 Unsolvable at layer 2 -- expanding.
0.063 Iteration 3.
0.063 New layer size: 4
0.063 Instantiating ...
0.078 Retroactively prune action (__SURROGATE*c6*connect_6* Q_2,0_Port:0_64c52e26f18bc70c Q_2,0_Port:1_64c52e26f18bc70c Q_3,0_PlugType:0_cfb3eca084d844bd female in male out) due to impossible effect (isOccupied Q_2,0_Port:1_64c52e26f18bc70c)
0.084 Retroactively prune action (__SURROGATE*c2*connect_2* Q_2,0_Port:0_64c52e26f18bc70c Q_2,0_Port:1_64c52e26f18bc70c Q_3,0_PlugType:0_cfb3eca084d844bd female in male out) due to impossible effect (isOccupied Q_2,0_Port:0_64c52e26f18bc70c)
0.089 Retroactively prune action (__SURROGATE*c5*connect_5* Q_2,0_Port:0_64c52e26f18bc70c Q_2,0_Port:1_64c52e26f18bc70c Q_3,0_PlugType:0_cfb3eca084d844bd female in male out) due to impossible effect (isOccupied Q_2,0_Port:1_64c52e26f18bc70c)
0.095 Retroactively prune action (__SURROGATE*c1*connect_1* Q_2,0_Port:0_64c52e26f18bc70c Q_2,0_Port:1_64c52e26f18bc70c Q_3,0_PlugType:0_cfb3eca084d844bd female in male out) due to impossible effect (isOccupied Q_2,0_Port:0_64c52e26f18bc70c)
0.135 Collected 2354 relevant facts at this layer
0.135 Encoding ...
0.215 Attempting to solve formula with 66455 clauses (213957 literals) and 2 assumptions
0.217 Unsolvable at layer 3 -- expanding.
0.217 Iteration 4.
0.217 New layer size: 5
0.217 Instantiating ...
0.250 Retroactively prune action (__SURROGATE*c5*connect_5* Q_3,1_Port:0_64c52e26f18bc70c Q_3,1_Port:1_64c52e26f18bc70c Q_4,1_PlugType:0_cfb3eca084d844bd female in male out) due to impossible effect (isOccupied Q_3,1_Port:1_64c52e26f18bc70c)
0.255 Retroactively prune action (__SURROGATE*c6*connect_6* Q_3,1_Port:0_64c52e26f18bc70c Q_3,1_Port:1_64c52e26f18bc70c Q_4,1_PlugType:0_cfb3eca084d844bd female in male out) due to impossible effect (isOccupied Q_3,1_Port:1_64c52e26f18bc70c)
0.265 Retroactively prune action (__SURROGATE*c2*connect_2* Q_3,1_Port:0_64c52e26f18bc70c Q_3,1_Port:1_64c52e26f18bc70c Q_4,1_PlugType:0_cfb3eca084d844bd female in male out) due to impossible effect (isOccupied Q_3,1_Port:0_64c52e26f18bc70c)
0.266 Retroactively prune action (__SURROGATE*c1*connect_1* Q_3,1_Port:0_64c52e26f18bc70c Q_3,1_Port:1_64c52e26f18bc70c Q_4,1_PlugType:0_cfb3eca084d844bd female in male out) due to impossible effect (isOccupied Q_3,1_Port:0_64c52e26f18bc70c)
0.311 Collected 2354 relevant facts at this layer
0.311 Encoding ...
0.407 Attempting to solve formula with 134212 clauses (460149 literals) and 3 assumptions
0.431 Unsolvable at layer 4 -- expanding.
0.431 Iteration 5.
0.431 New layer size: 6
0.431 Instantiating ...
0.503 Retroactively prune action (__SURROGATE*c6*connect_6* Q_4,2_Port:0_64c52e26f18bc70c Q_4,2_Port:1_64c52e26f18bc70c Q_5,2_PlugType:0_cfb3eca084d844bd female in male out) due to impossible effect (isOccupied Q_4,2_Port:1_64c52e26f18bc70c)
0.506 Retroactively prune action (__SURROGATE*c5*connect_5* Q_4,2_Port:0_64c52e26f18bc70c Q_4,2_Port:1_64c52e26f18bc70c Q_5,2_PlugType:0_cfb3eca084d844bd female in male out) due to impossible effect (isOccupied Q_4,2_Port:1_64c52e26f18bc70c)
0.510 Retroactively prune action (__SURROGATE*c2*connect_2* Q_4,2_Port:0_64c52e26f18bc70c Q_4,2_Port:1_64c52e26f18bc70c Q_5,2_PlugType:0_cfb3eca084d844bd female in male out) due to impossible effect (isOccupied Q_4,2_Port:0_64c52e26f18bc70c)
0.516 Retroactively prune action (__SURROGATE*c1*connect_1* Q_4,2_Port:0_64c52e26f18bc70c Q_4,2_Port:1_64c52e26f18bc70c Q_5,2_PlugType:0_cfb3eca084d844bd female in male out) due to impossible effect (isOccupied Q_4,2_Port:0_64c52e26f18bc70c)
0.578 Collected 2354 relevant facts at this layer
0.578 Encoding ...
0.723 Attempting to solve formula with 229439 clauses (816749 literals) and 4 assumptions
0.754 Unsolvable at layer 5 -- expanding.
0.754 Iteration 6.
0.754 New layer size: 7
0.754 Instantiating ...
0.857 Retroactively prune action (__SURROGATE*c6*connect_6* Q_5,3_Port:0_64c52e26f18bc70c Q_5,3_Port:1_64c52e26f18bc70c Q_6,3_PlugType:0_cfb3eca084d844bd female in male out) due to impossible effect (isOccupied Q_5,3_Port:1_64c52e26f18bc70c)
0.862 Retroactively prune action (__SURROGATE*c1*connect_1* Q_5,3_Port:0_64c52e26f18bc70c Q_5,3_Port:1_64c52e26f18bc70c Q_6,3_PlugType:0_cfb3eca084d844bd female in male out) due to impossible effect (isOccupied Q_5,3_Port:0_64c52e26f18bc70c)
0.872 Retroactively prune action (__SURROGATE*c2*connect_2* Q_5,3_Port:0_64c52e26f18bc70c Q_5,3_Port:1_64c52e26f18bc70c Q_6,3_PlugType:0_cfb3eca084d844bd female in male out) due to impossible effect (isOccupied Q_5,3_Port:0_64c52e26f18bc70c)
0.872 Retroactively prune action (__SURROGATE*c5*connect_5* Q_5,3_Port:0_64c52e26f18bc70c Q_5,3_Port:1_64c52e26f18bc70c Q_6,3_PlugType:0_cfb3eca084d844bd female in male out) due to impossible effect (isOccupied Q_5,3_Port:1_64c52e26f18bc70c)
0.926 Collected 2354 relevant facts at this layer
0.926 Encoding ...
1.105 Attempting to solve formula with 348760 clauses (1278767 literals) and 5 assumptions
1.206 Unsolvable at layer 6 -- expanding.
1.206 Iteration 7.
1.206 New layer size: 8
1.206 Instantiating ...
1.336 Retroactively prune action (__SURROGATE*c6*connect_6* Q_6,4_Port:0_64c52e26f18bc70c Q_6,4_Port:1_64c52e26f18bc70c Q_7,4_PlugType:0_cfb3eca084d844bd female in male out) due to impossible effect (isOccupied Q_6,4_Port:1_64c52e26f18bc70c)
1.336 Retroactively prune action (__SURROGATE*c1*connect_1* Q_6,4_Port:0_64c52e26f18bc70c Q_6,4_Port:1_64c52e26f18bc70c Q_7,4_PlugType:0_cfb3eca084d844bd female in male out) due to impossible effect (isOccupied Q_6,4_Port:0_64c52e26f18bc70c)
1.336 Retroactively prune action (__SURROGATE*c5*connect_5* Q_6,4_Port:0_64c52e26f18bc70c Q_6,4_Port:1_64c52e26f18bc70c Q_7,4_PlugType:0_cfb3eca084d844bd female in male out) due to impossible effect (isOccupied Q_6,4_Port:1_64c52e26f18bc70c)
1.352 Retroactively prune action (__SURROGATE*c2*connect_2* Q_6,4_Port:0_64c52e26f18bc70c Q_6,4_Port:1_64c52e26f18bc70c Q_7,4_PlugType:0_cfb3eca084d844bd female in male out) due to impossible effect (isOccupied Q_6,4_Port:0_64c52e26f18bc70c)
1.402 Collected 2354 relevant facts at this layer
1.402 Encoding ...
1.616 Attempting to solve formula with 494524 clauses (1847014 literals) and 6 assumptions
2.126 Unsolvable at layer 7 -- expanding.
2.126 Iteration 8.
2.126 New layer size: 9
2.126 Instantiating ...
2.316 Retroactively prune action (__SURROGATE*c6*connect_6* Q_7,5_Port:0_64c52e26f18bc70c Q_7,5_Port:1_64c52e26f18bc70c Q_8,5_PlugType:0_cfb3eca084d844bd female in male out) due to impossible effect (isOccupied Q_7,5_Port:1_64c52e26f18bc70c)
2.333 Retroactively prune action (__SURROGATE*c1*connect_1* Q_7,5_Port:0_64c52e26f18bc70c Q_7,5_Port:1_64c52e26f18bc70c Q_8,5_PlugType:0_cfb3eca084d844bd female in male out) due to impossible effect (isOccupied Q_7,5_Port:0_64c52e26f18bc70c)
2.333 Retroactively prune action (__SURROGATE*c5*connect_5* Q_7,5_Port:0_64c52e26f18bc70c Q_7,5_Port:1_64c52e26f18bc70c Q_8,5_PlugType:0_cfb3eca084d844bd female in male out) due to impossible effect (isOccupied Q_7,5_Port:1_64c52e26f18bc70c)
2.336 Retroactively prune action (__SURROGATE*c2*connect_2* Q_7,5_Port:0_64c52e26f18bc70c Q_7,5_Port:1_64c52e26f18bc70c Q_8,5_PlugType:0_cfb3eca084d844bd female in male out) due to impossible effect (isOccupied Q_7,5_Port:0_64c52e26f18bc70c)
2.384 Collected 2354 relevant facts at this layer
2.384 Encoding ...
2.652 Attempting to solve formula with 666643 clauses (2525382 literals) and 7 assumptions
3.549 Unsolvable at layer 8 -- expanding.
3.549 Iteration 9.
3.549 New layer size: 10
3.549 Instantiating ...
3.797 Retroactively prune action (__SURROGATE*c6*connect_6* Q_8,6_Port:0_64c52e26f18bc70c Q_8,6_Port:1_64c52e26f18bc70c Q_9,6_PlugType:0_cfb3eca084d844bd female in male out) due to impossible effect (isOccupied Q_8,6_Port:1_64c52e26f18bc70c)
3.805 Retroactively prune action (__SURROGATE*c1*connect_1* Q_8,6_Port:0_64c52e26f18bc70c Q_8,6_Port:1_64c52e26f18bc70c Q_9,6_PlugType:0_cfb3eca084d844bd female in male out) due to impossible effect (isOccupied Q_8,6_Port:0_64c52e26f18bc70c)
3.807 Retroactively prune action (__SURROGATE*c5*connect_5* Q_8,6_Port:0_64c52e26f18bc70c Q_8,6_Port:1_64c52e26f18bc70c Q_9,6_PlugType:0_cfb3eca084d844bd female in male out) due to impossible effect (isOccupied Q_8,6_Port:1_64c52e26f18bc70c)
3.810 Retroactively prune action (__SURROGATE*c2*connect_2* Q_8,6_Port:0_64c52e26f18bc70c Q_8,6_Port:1_64c52e26f18bc70c Q_9,6_PlugType:0_cfb3eca084d844bd female in male out) due to impossible effect (isOccupied Q_8,6_Port:0_64c52e26f18bc70c)
3.853 Collected 2354 relevant facts at this layer
3.853 Encoding ...
4.190 Attempting to solve formula with 861865 clauses (3305067 literals) and 8 assumptions
8.732 Unsolvable at layer 9 -- expanding.
8.732 Iteration 10.
8.732 New layer size: 11
8.732 Instantiating ...
9.030 Retroactively prune action (__SURROGATE*c5*connect_5* Q_9,7_Port:0_64c52e26f18bc70c Q_9,7_Port:1_64c52e26f18bc70c Q_10,7_PlugType:0_cfb3eca084d844bd female in male out) due to impossible effect (isOccupied Q_9,7_Port:1_64c52e26f18bc70c)
9.033 Retroactively prune action (__SURROGATE*c1*connect_1* Q_9,7_Port:0_64c52e26f18bc70c Q_9,7_Port:1_64c52e26f18bc70c Q_10,7_PlugType:0_cfb3eca084d844bd female in male out) due to impossible effect (isOccupied Q_9,7_Port:0_64c52e26f18bc70c)
9.036 Retroactively prune action (__SURROGATE*c2*connect_2* Q_9,7_Port:0_64c52e26f18bc70c Q_9,7_Port:1_64c52e26f18bc70c Q_10,7_PlugType:0_cfb3eca084d844bd female in male out) due to impossible effect (isOccupied Q_9,7_Port:0_64c52e26f18bc70c)
9.045 Retroactively prune action (__SURROGATE*c6*connect_6* Q_9,7_Port:0_64c52e26f18bc70c Q_9,7_Port:1_64c52e26f18bc70c Q_10,7_PlugType:0_cfb3eca084d844bd female in male out) due to impossible effect (isOccupied Q_9,7_Port:1_64c52e26f18bc70c)
9.098 Collected 2354 relevant facts at this layer
9.098 Encoding ...
9.472 Attempting to solve formula with 1081357 clauses (4186464 literals) and 9 assumptions
15.623 Unsolvable at layer 10 -- expanding.
15.623 Iteration 11.
15.623 New layer size: 12
15.623 Instantiating ...
15.964 Retroactively prune action (__SURROGATE*c1*connect_1* Q_10,8_Port:0_64c52e26f18bc70c Q_10,8_Port:1_64c52e26f18bc70c Q_11,8_PlugType:0_cfb3eca084d844bd female in male out) due to impossible effect (isOccupied Q_10,8_Port:0_64c52e26f18bc70c)
15.970 Retroactively prune action (__SURROGATE*c5*connect_5* Q_10,8_Port:0_64c52e26f18bc70c Q_10,8_Port:1_64c52e26f18bc70c Q_11,8_PlugType:0_cfb3eca084d844bd female in male out) due to impossible effect (isOccupied Q_10,8_Port:1_64c52e26f18bc70c)
15.972 Retroactively prune action (__SURROGATE*c6*connect_6* Q_10,8_Port:0_64c52e26f18bc70c Q_10,8_Port:1_64c52e26f18bc70c Q_11,8_PlugType:0_cfb3eca084d844bd female in male out) due to impossible effect (isOccupied Q_10,8_Port:1_64c52e26f18bc70c)
15.977 Retroactively prune action (__SURROGATE*c2*connect_2* Q_10,8_Port:0_64c52e26f18bc70c Q_10,8_Port:1_64c52e26f18bc70c Q_11,8_PlugType:0_cfb3eca084d844bd female in male out) due to impossible effect (isOccupied Q_10,8_Port:0_64c52e26f18bc70c)
16.020 Collected 2354 relevant facts at this layer
16.020 Encoding ...
16.426 Attempting to solve formula with 1328426 clauses (5178484 literals) and 10 assumptions
22.765 Unsolvable at layer 11 -- expanding.
22.765 Iteration 12.
22.765 New layer size: 13
22.765 Instantiating ...
23.181 Retroactively prune action (__SURROGATE*c1*connect_1* Q_11,9_Port:0_64c52e26f18bc70c Q_11,9_Port:1_64c52e26f18bc70c Q_12,9_PlugType:0_cfb3eca084d844bd female in male out) due to impossible effect (isOccupied Q_11,9_Port:0_64c52e26f18bc70c)
23.191 Retroactively prune action (__SURROGATE*c2*connect_2* Q_11,9_Port:0_64c52e26f18bc70c Q_11,9_Port:1_64c52e26f18bc70c Q_12,9_PlugType:0_cfb3eca084d844bd female in male out) due to impossible effect (isOccupied Q_11,9_Port:0_64c52e26f18bc70c)
23.191 Retroactively prune action (__SURROGATE*c5*connect_5* Q_11,9_Port:0_64c52e26f18bc70c Q_11,9_Port:1_64c52e26f18bc70c Q_12,9_PlugType:0_cfb3eca084d844bd female in male out) due to impossible effect (isOccupied Q_11,9_Port:1_64c52e26f18bc70c)
23.195 Retroactively prune action (__SURROGATE*c6*connect_6* Q_11,9_Port:0_64c52e26f18bc70c Q_11,9_Port:1_64c52e26f18bc70c Q_12,9_PlugType:0_cfb3eca084d844bd female in male out) due to impossible effect (isOccupied Q_11,9_Port:1_64c52e26f18bc70c)
23.245 Collected 2354 relevant facts at this layer
23.245 Encoding ...
23.720 Attempting to solve formula with 1599698 clauses (6276150 literals) and 11 assumptions
27.550 Unsolvable at layer 12 -- expanding.
27.550 Iteration 13.
27.550 New layer size: 14
27.550 Instantiating ...
28.032 Retroactively prune action (__SURROGATE*c5*connect_5* Q_12,10_Port:0_64c52e26f18bc70c Q_12,10_Port:1_64c52e26f18bc70c Q_13,10_PlugType:0_cfb3eca084d844bd female in male out) due to impossible effect (isOccupied Q_12,10_Port:1_64c52e26f18bc70c)
28.037 Retroactively prune action (__SURROGATE*c1*connect_1* Q_12,10_Port:0_64c52e26f18bc70c Q_12,10_Port:1_64c52e26f18bc70c Q_13,10_PlugType:0_cfb3eca084d844bd female in male out) due to impossible effect (isOccupied Q_12,10_Port:0_64c52e26f18bc70c)
28.050 Retroactively prune action (__SURROGATE*c2*connect_2* Q_12,10_Port:0_64c52e26f18bc70c Q_12,10_Port:1_64c52e26f18bc70c Q_13,10_PlugType:0_cfb3eca084d844bd female in male out) due to impossible effect (isOccupied Q_12,10_Port:0_64c52e26f18bc70c)
28.053 Retroactively prune action (__SURROGATE*c6*connect_6* Q_12,10_Port:0_64c52e26f18bc70c Q_12,10_Port:1_64c52e26f18bc70c Q_13,10_PlugType:0_cfb3eca084d844bd female in male out) due to impossible effect (isOccupied Q_12,10_Port:1_64c52e26f18bc70c)
28.102 Collected 2354 relevant facts at this layer
28.102 Encoding ...
28.638 Attempting to solve formula with 1897525 clauses (7480274 literals) and 12 assumptions
38.780 Unsolvable at layer 13 -- expanding.
38.780 Iteration 14.
38.780 New layer size: 15
38.780 Instantiating ...
39.272 Retroactively prune action (__SURROGATE*c5*connect_5* Q_13,11_Port:0_64c52e26f18bc70c Q_13,11_Port:1_64c52e26f18bc70c Q_14,11_PlugType:0_cfb3eca084d844bd female in male out) due to impossible effect (isOccupied Q_13,11_Port:1_64c52e26f18bc70c)
39.274 Retroactively prune action (__SURROGATE*c6*connect_6* Q_13,11_Port:0_64c52e26f18bc70c Q_13,11_Port:1_64c52e26f18bc70c Q_14,11_PlugType:0_cfb3eca084d844bd female in male out) due to impossible effect (isOccupied Q_13,11_Port:1_64c52e26f18bc70c)
39.276 Retroactively prune action (__SURROGATE*c2*connect_2* Q_13,11_Port:0_64c52e26f18bc70c Q_13,11_Port:1_64c52e26f18bc70c Q_14,11_PlugType:0_cfb3eca084d844bd female in male out) due to impossible effect (isOccupied Q_13,11_Port:0_64c52e26f18bc70c)
39.285 Retroactively prune action (__SURROGATE*c1*connect_1* Q_13,11_Port:0_64c52e26f18bc70c Q_13,11_Port:1_64c52e26f18bc70c Q_14,11_PlugType:0_cfb3eca084d844bd female in male out) due to impossible effect (isOccupied Q_13,11_Port:0_64c52e26f18bc70c)
39.320 Collected 2354 relevant facts at this layer
39.320 Encoding ...
39.867 Attempting to solve formula with 2218557 clauses (8785926 literals) and 13 assumptions
49.392 Unsolvable at layer 14 -- expanding.
49.392 Iteration 15.
49.392 New layer size: 16
49.392 Instantiating ...
49.972 Retroactively prune action (__SURROGATE*c5*connect_5* Q_14,12_Port:0_64c52e26f18bc70c Q_14,12_Port:1_64c52e26f18bc70c Q_15,12_PlugType:0_cfb3eca084d844bd female in male out) due to impossible effect (isOccupied Q_14,12_Port:1_64c52e26f18bc70c)
49.972 Retroactively prune action (__SURROGATE*c2*connect_2* Q_14,12_Port:0_64c52e26f18bc70c Q_14,12_Port:1_64c52e26f18bc70c Q_15,12_PlugType:0_cfb3eca084d844bd female in male out) due to impossible effect (isOccupied Q_14,12_Port:0_64c52e26f18bc70c)
49.972 Retroactively prune action (__SURROGATE*c1*connect_1* Q_14,12_Port:0_64c52e26f18bc70c Q_14,12_Port:1_64c52e26f18bc70c Q_15,12_PlugType:0_cfb3eca084d844bd female in male out) due to impossible effect (isOccupied Q_14,12_Port:0_64c52e26f18bc70c)
49.982 Retroactively prune action (__SURROGATE*c6*connect_6* Q_14,12_Port:0_64c52e26f18bc70c Q_14,12_Port:1_64c52e26f18bc70c Q_15,12_PlugType:0_cfb3eca084d844bd female in male out) due to impossible effect (isOccupied Q_14,12_Port:1_64c52e26f18bc70c)
50.025 Collected 2354 relevant facts at this layer
50.025 Encoding ...
50.631 Attempting to solve formula with 2567247 clauses (10202370 literals) and 14 assumptions
63.833 Unsolvable at layer 15 -- expanding.
63.833 Iteration 16.
63.833 New layer size: 17
63.833 Instantiating ...
64.535 Retroactively prune action (__SURROGATE*c6*connect_6* Q_15,13_Port:0_64c52e26f18bc70c Q_15,13_Port:1_64c52e26f18bc70c Q_16,13_PlugType:0_cfb3eca084d844bd female in male out) due to impossible effect (isOccupied Q_15,13_Port:1_64c52e26f18bc70c)
64.540 Retroactively prune action (__SURROGATE*c2*connect_2* Q_15,13_Port:0_64c52e26f18bc70c Q_15,13_Port:1_64c52e26f18bc70c Q_16,13_PlugType:0_cfb3eca084d844bd female in male out) due to impossible effect (isOccupied Q_15,13_Port:0_64c52e26f18bc70c)
64.540 Retroactively prune action (__SURROGATE*c1*connect_1* Q_15,13_Port:0_64c52e26f18bc70c Q_15,13_Port:1_64c52e26f18bc70c Q_16,13_PlugType:0_cfb3eca084d844bd female in male out) due to impossible effect (isOccupied Q_15,13_Port:0_64c52e26f18bc70c)
64.550 Retroactively prune action (__SURROGATE*c5*connect_5* Q_15,13_Port:0_64c52e26f18bc70c Q_15,13_Port:1_64c52e26f18bc70c Q_16,13_PlugType:0_cfb3eca084d844bd female in male out) due to impossible effect (isOccupied Q_15,13_Port:1_64c52e26f18bc70c)
64.591 Collected 2354 relevant facts at this layer
64.591 Encoding ...
65.249 Attempting to solve formula with 2944680 clauses (11733899 literals) and 15 assumptions
104.673 Unsolvable at layer 16 -- expanding.
104.673 Iteration 17.
104.673 New layer size: 18
104.673 Instantiating ...
105.383 Retroactively prune action (__SURROGATE*c5*connect_5* Q_16,14_Port:0_64c52e26f18bc70c Q_16,14_Port:1_64c52e26f18bc70c Q_17,14_PlugType:0_cfb3eca084d844bd female in male out) due to impossible effect (isOccupied Q_16,14_Port:1_64c52e26f18bc70c)
105.383 Retroactively prune action (__SURROGATE*c1*connect_1* Q_16,14_Port:0_64c52e26f18bc70c Q_16,14_Port:1_64c52e26f18bc70c Q_17,14_PlugType:0_cfb3eca084d844bd female in male out) due to impossible effect (isOccupied Q_16,14_Port:0_64c52e26f18bc70c)
105.386 Retroactively prune action (__SURROGATE*c6*connect_6* Q_16,14_Port:0_64c52e26f18bc70c Q_16,14_Port:1_64c52e26f18bc70c Q_17,14_PlugType:0_cfb3eca084d844bd female in male out) due to impossible effect (isOccupied Q_16,14_Port:1_64c52e26f18bc70c)
105.386 Retroactively prune action (__SURROGATE*c2*connect_2* Q_16,14_Port:0_64c52e26f18bc70c Q_16,14_Port:1_64c52e26f18bc70c Q_17,14_PlugType:0_cfb3eca084d844bd female in male out) due to impossible effect (isOccupied Q_16,14_Port:0_64c52e26f18bc70c)
105.440 Collected 2354 relevant facts at this layer
105.440 Encoding ...
106.099 Attempting to solve formula with 3345388 clauses (13367097 literals) and 16 assumptions
114.932 Unsolvable at layer 17 -- expanding.
114.932 Iteration 18.
114.932 New layer size: 19
114.932 Instantiating ...
115.788 Retroactively prune action (__SURROGATE*c2*connect_2* Q_17,15_Port:0_64c52e26f18bc70c Q_17,15_Port:1_64c52e26f18bc70c Q_18,15_PlugType:0_cfb3eca084d844bd female in male out) due to impossible effect (isOccupied Q_17,15_Port:0_64c52e26f18bc70c)
115.798 Retroactively prune action (__SURROGATE*c6*connect_6* Q_17,15_Port:0_64c52e26f18bc70c Q_17,15_Port:1_64c52e26f18bc70c Q_18,15_PlugType:0_cfb3eca084d844bd female in male out) due to impossible effect (isOccupied Q_17,15_Port:1_64c52e26f18bc70c)
115.804 Retroactively prune action (__SURROGATE*c1*connect_1* Q_17,15_Port:0_64c52e26f18bc70c Q_17,15_Port:1_64c52e26f18bc70c Q_18,15_PlugType:0_cfb3eca084d844bd female in male out) due to impossible effect (isOccupied Q_17,15_Port:0_64c52e26f18bc70c)
115.807 Retroactively prune action (__SURROGATE*c5*connect_5* Q_17,15_Port:0_64c52e26f18bc70c Q_17,15_Port:1_64c52e26f18bc70c Q_18,15_PlugType:0_cfb3eca084d844bd female in male out) due to impossible effect (isOccupied Q_17,15_Port:1_64c52e26f18bc70c)
115.859 Collected 2354 relevant facts at this layer
115.860 Encoding ...
116.602 Attempting to solve formula with 3771599 clauses (15106601 literals) and 17 assumptions
139.542 Unsolvable at layer 18 -- expanding.
139.542 Iteration 19.
139.542 New layer size: 20
139.542 Instantiating ...
140.484 Retroactively prune action (__SURROGATE*c5*connect_5* Q_18,16_Port:0_64c52e26f18bc70c Q_18,16_Port:1_64c52e26f18bc70c Q_19,16_PlugType:0_cfb3eca084d844bd female in male out) due to impossible effect (isOccupied Q_18,16_Port:1_64c52e26f18bc70c)
140.491 Retroactively prune action (__SURROGATE*c6*connect_6* Q_18,16_Port:0_64c52e26f18bc70c Q_18,16_Port:1_64c52e26f18bc70c Q_19,16_PlugType:0_cfb3eca084d844bd female in male out) due to impossible effect (isOccupied Q_18,16_Port:1_64c52e26f18bc70c)
140.497 Retroactively prune action (__SURROGATE*c2*connect_2* Q_18,16_Port:0_64c52e26f18bc70c Q_18,16_Port:1_64c52e26f18bc70c Q_19,16_PlugType:0_cfb3eca084d844bd female in male out) due to impossible effect (isOccupied Q_18,16_Port:0_64c52e26f18bc70c)
140.499 Retroactively prune action (__SURROGATE*c1*connect_1* Q_18,16_Port:0_64c52e26f18bc70c Q_18,16_Port:1_64c52e26f18bc70c Q_19,16_PlugType:0_cfb3eca084d844bd female in male out) due to impossible effect (isOccupied Q_18,16_Port:0_64c52e26f18bc70c)
140.545 Collected 2354 relevant facts at this layer
140.545 Encoding ...
141.347 Attempting to solve formula with 4221137 clauses (16947875 literals) and 18 assumptions
204.045 Unsolvable at layer 19 -- expanding.
204.045 Iteration 20.
204.045 New layer size: 21
204.045 Instantiating ...
204.858 Retroactively prune action (__SURROGATE*c5*connect_5* Q_19,17_Port:0_64c52e26f18bc70c Q_19,17_Port:1_64c52e26f18bc70c Q_20,17_PlugType:0_cfb3eca084d844bd female in male out) due to impossible effect (isOccupied Q_19,17_Port:1_64c52e26f18bc70c)
204.858 Retroactively prune action (__SURROGATE*c6*connect_6* Q_19,17_Port:0_64c52e26f18bc70c Q_19,17_Port:1_64c52e26f18bc70c Q_20,17_PlugType:0_cfb3eca084d844bd female in male out) due to impossible effect (isOccupied Q_19,17_Port:1_64c52e26f18bc70c)
204.858 Retroactively prune action (__SURROGATE*c1*connect_1* Q_19,17_Port:0_64c52e26f18bc70c Q_19,17_Port:1_64c52e26f18bc70c Q_20,17_PlugType:0_cfb3eca084d844bd female in male out) due to impossible effect (isOccupied Q_19,17_Port:0_64c52e26f18bc70c)
204.864 Retroactively prune action (__SURROGATE*c2*connect_2* Q_19,17_Port:0_64c52e26f18bc70c Q_19,17_Port:1_64c52e26f18bc70c Q_20,17_PlugType:0_cfb3eca084d844bd female in male out) due to impossible effect (isOccupied Q_19,17_Port:0_64c52e26f18bc70c)
204.909 Collected 2354 relevant facts at this layer
204.909 Encoding ...
205.693 Attempting to solve formula with 4695194 clauses (18891368 literals) and 19 assumptions
227.064 Unsolvable at layer 20 -- expanding.
227.064 Iteration 21.
227.064 New layer size: 22
227.064 Instantiating ...
228.038 Retroactively prune action (__SURROGATE*c5*connect_5* Q_20,18_Port:0_64c52e26f18bc70c Q_20,18_Port:1_64c52e26f18bc70c Q_21,18_PlugType:0_cfb3eca084d844bd female in male out) due to impossible effect (isOccupied Q_20,18_Port:1_64c52e26f18bc70c)
228.053 Retroactively prune action (__SURROGATE*c1*connect_1* Q_20,18_Port:0_64c52e26f18bc70c Q_20,18_Port:1_64c52e26f18bc70c Q_21,18_PlugType:0_cfb3eca084d844bd female in male out) due to impossible effect (isOccupied Q_20,18_Port:0_64c52e26f18bc70c)
228.053 Retroactively prune action (__SURROGATE*c2*connect_2* Q_20,18_Port:0_64c52e26f18bc70c Q_20,18_Port:1_64c52e26f18bc70c Q_21,18_PlugType:0_cfb3eca084d844bd female in male out) due to impossible effect (isOccupied Q_20,18_Port:0_64c52e26f18bc70c)
228.057 Retroactively prune action (__SURROGATE*c6*connect_6* Q_20,18_Port:0_64c52e26f18bc70c Q_20,18_Port:1_64c52e26f18bc70c Q_21,18_PlugType:0_cfb3eca084d844bd female in male out) due to impossible effect (isOccupied Q_20,18_Port:1_64c52e26f18bc70c)
228.104 Collected 2354 relevant facts at this layer
228.104 Encoding ...
228.974 Attempting to solve formula with 5194840 clauses (20941344 literals) and 20 assumptions
290.041 Unsolvable at layer 21 -- expanding.
290.041 Iteration 22.
290.041 New layer size: 23
290.041 Instantiating ...
290.973 Retroactively prune action (__SURROGATE*c5*connect_5* Q_21,19_Port:0_64c52e26f18bc70c Q_21,19_Port:1_64c52e26f18bc70c Q_22,19_PlugType:0_cfb3eca084d844bd female in male out) due to impossible effect (isOccupied Q_21,19_Port:1_64c52e26f18bc70c)
290.975 Retroactively prune action (__SURROGATE*c1*connect_1* Q_21,19_Port:0_64c52e26f18bc70c Q_21,19_Port:1_64c52e26f18bc70c Q_22,19_PlugType:0_cfb3eca084d844bd female in male out) due to impossible effect (isOccupied Q_21,19_Port:0_64c52e26f18bc70c)
290.975 Retroactively prune action (__SURROGATE*c6*connect_6* Q_21,19_Port:0_64c52e26f18bc70c Q_21,19_Port:1_64c52e26f18bc70c Q_22,19_PlugType:0_cfb3eca084d844bd female in male out) due to impossible effect (isOccupied Q_21,19_Port:1_64c52e26f18bc70c)
290.987 Retroactively prune action (__SURROGATE*c2*connect_2* Q_21,19_Port:0_64c52e26f18bc70c Q_21,19_Port:1_64c52e26f18bc70c Q_22,19_PlugType:0_cfb3eca084d844bd female in male out) due to impossible effect (isOccupied Q_21,19_Port:0_64c52e26f18bc70c)
291.023 Collected 2354 relevant facts at this layer
291.023 Encoding ...
291.893 Attempting to solve formula with 5722340 clauses (23102507 literals) and 21 assumptions
582.212 Unsolvable at layer 22 -- expanding.
582.212 Iteration 23.
582.212 New layer size: 24
582.212 Instantiating ...
583.452 Retroactively prune action (__SURROGATE*c2*connect_2* Q_22,20_Port:0_64c52e26f18bc70c Q_22,20_Port:1_64c52e26f18bc70c Q_23,20_PlugType:0_cfb3eca084d844bd female in male out) due to impossible effect (isOccupied Q_22,20_Port:0_64c52e26f18bc70c)
583.454 Retroactively prune action (__SURROGATE*c6*connect_6* Q_22,20_Port:0_64c52e26f18bc70c Q_22,20_Port:1_64c52e26f18bc70c Q_23,20_PlugType:0_cfb3eca084d844bd female in male out) due to impossible effect (isOccupied Q_22,20_Port:1_64c52e26f18bc70c)
583.462 Retroactively prune action (__SURROGATE*c1*connect_1* Q_22,20_Port:0_64c52e26f18bc70c Q_22,20_Port:1_64c52e26f18bc70c Q_23,20_PlugType:0_cfb3eca084d844bd female in male out) due to impossible effect (isOccupied Q_22,20_Port:0_64c52e26f18bc70c)
583.464 Retroactively prune action (__SURROGATE*c5*connect_5* Q_22,20_Port:0_64c52e26f18bc70c Q_22,20_Port:1_64c52e26f18bc70c Q_23,20_PlugType:0_cfb3eca084d844bd female in male out) due to impossible effect (isOccupied Q_22,20_Port:1_64c52e26f18bc70c)
583.503 Collected 2354 relevant facts at this layer
583.503 Encoding ...
584.449 Attempting to solve formula with 6276572 clauses (25374560 literals) and 22 assumptions
729.172 Unsolvable at layer 23 -- expanding.
729.172 Iteration 24.
729.172 New layer size: 25
729.172 Instantiating ...
730.348 Retroactively prune action (__SURROGATE*c5*connect_5* Q_23,21_Port:0_64c52e26f18bc70c Q_23,21_Port:1_64c52e26f18bc70c Q_24,21_PlugType:0_cfb3eca084d844bd female in male out) due to impossible effect (isOccupied Q_23,21_Port:1_64c52e26f18bc70c)
730.359 Retroactively prune action (__SURROGATE*c1*connect_1* Q_23,21_Port:0_64c52e26f18bc70c Q_23,21_Port:1_64c52e26f18bc70c Q_24,21_PlugType:0_cfb3eca084d844bd female in male out) due to impossible effect (isOccupied Q_23,21_Port:0_64c52e26f18bc70c)
730.365 Retroactively prune action (__SURROGATE*c6*connect_6* Q_23,21_Port:0_64c52e26f18bc70c Q_23,21_Port:1_64c52e26f18bc70c Q_24,21_PlugType:0_cfb3eca084d844bd female in male out) due to impossible effect (isOccupied Q_23,21_Port:1_64c52e26f18bc70c)
730.368 Retroactively prune action (__SURROGATE*c2*connect_2* Q_23,21_Port:0_64c52e26f18bc70c Q_23,21_Port:1_64c52e26f18bc70c Q_24,21_PlugType:0_cfb3eca084d844bd female in male out) due to impossible effect (isOccupied Q_23,21_Port:0_64c52e26f18bc70c)
730.416 Collected 2354 relevant facts at this layer
730.416 Encoding ...
731.392 Attempting to solve formula with 6854279 clauses (27748692 literals) and 23 assumptions
867.134 Unsolvable at layer 24 -- expanding.
867.134 Iteration 25.
867.134 New layer size: 26
867.134 Instantiating ...
868.509 Retroactively prune action (__SURROGATE*c1*connect_1* Q_24,22_Port:0_64c52e26f18bc70c Q_24,22_Port:1_64c52e26f18bc70c Q_25,22_PlugType:0_cfb3eca084d844bd female in male out) due to impossible effect (isOccupied Q_24,22_Port:0_64c52e26f18bc70c)
868.516 Retroactively prune action (__SURROGATE*c5*connect_5* Q_24,22_Port:0_64c52e26f18bc70c Q_24,22_Port:1_64c52e26f18bc70c Q_25,22_PlugType:0_cfb3eca084d844bd female in male out) due to impossible effect (isOccupied Q_24,22_Port:1_64c52e26f18bc70c)
868.516 Retroactively prune action (__SURROGATE*c6*connect_6* Q_24,22_Port:0_64c52e26f18bc70c Q_24,22_Port:1_64c52e26f18bc70c Q_25,22_PlugType:0_cfb3eca084d844bd female in male out) due to impossible effect (isOccupied Q_24,22_Port:1_64c52e26f18bc70c)
868.524 Retroactively prune action (__SURROGATE*c2*connect_2* Q_24,22_Port:0_64c52e26f18bc70c Q_24,22_Port:1_64c52e26f18bc70c Q_25,22_PlugType:0_cfb3eca084d844bd female in male out) due to impossible effect (isOccupied Q_24,22_Port:0_64c52e26f18bc70c)
868.566 Collected 2354 relevant facts at this layer
868.566 Encoding ...
869.598 Attempting to solve formula with 7458868 clauses (30229952 literals) and 24 assumptions
1276.681 Unsolvable at layer 25 -- expanding.
1276.681 Iteration 26.
1276.681 New layer size: 27
1276.681 Instantiating ...
1278.103 Retroactively prune action (__SURROGATE*c6*connect_6* Q_25,23_Port:0_64c52e26f18bc70c Q_25,23_Port:1_64c52e26f18bc70c Q_26,23_PlugType:0_cfb3eca084d844bd female in male out) due to impossible effect (isOccupied Q_25,23_Port:1_64c52e26f18bc70c)
1278.116 Retroactively prune action (__SURROGATE*c1*connect_1* Q_25,23_Port:0_64c52e26f18bc70c Q_25,23_Port:1_64c52e26f18bc70c Q_26,23_PlugType:0_cfb3eca084d844bd female in male out) due to impossible effect (isOccupied Q_25,23_Port:0_64c52e26f18bc70c)
1278.120 Retroactively prune action (__SURROGATE*c5*connect_5* Q_25,23_Port:0_64c52e26f18bc70c Q_25,23_Port:1_64c52e26f18bc70c Q_26,23_PlugType:0_cfb3eca084d844bd female in male out) due to impossible effect (isOccupied Q_25,23_Port:1_64c52e26f18bc70c)
1278.126 Retroactively prune action (__SURROGATE*c2*connect_2* Q_25,23_Port:0_64c52e26f18bc70c Q_25,23_Port:1_64c52e26f18bc70c Q_26,23_PlugType:0_cfb3eca084d844bd female in male out) due to impossible effect (isOccupied Q_25,23_Port:0_64c52e26f18bc70c)
1278.176 Collected 2354 relevant facts at this layer
1278.176 Encoding ...
1279.219 Attempting to solve formula with 8088056 clauses (32817658 literals) and 25 assumptions
1800.996 Termination signal caught.
1800.996 Total amount of clauses encoded: 8088056
1800.996 - indirectframeaxioms : 3948524 cls
1800.996 - qfactsemantics : 1588798 cls
1800.996 - directframeaxioms : 1530100 cls
1800.996 - reductionconstraints : 868640 cls
1800.996 - actionconstraints : 66283 cls
1800.996 - atmostoneelement : 45396 cls
1800.996 - substitutionconstraints : 22211 cls
1800.996 - predecessors : 5354 cls
1800.996 - expansions : 5225 cls
1800.996 - qconstequality : 4464 cls
1800.996 - truefacts : 2354 cls
1800.996 - actioneffects : 704 cls
1800.996 - axiomaticops : 2 cls
1800.996 - forbiddenoperations : 1 cls
1800.996 # instantiated positions: 378
1800.996 # instantiated actions: 4934
1800.996 # instantiated reductions: 517
1800.996 # introduced pseudo-constants: 750
1800.996 # retroactive prunings: 97
1800.996 # retroactively pruned operations: 97
1800.996 # dominated operations: 146
1800.996 Exiting happily.

RUNWATCH_RESULT TIMEOUT RETVAL 0 TIME_SECS 1801.07 MEMPEAK_KBS 1057428
