    _           _         _
   \ |         \ |       | |                       
   | |     __  | |      _| |______                
   | |     \/  | |     /_   ______\                
   | |      _  | |   __  | |  ___   ___   ___       
   | |___  | | | |  / .\ | | / , | |   \ / ·_\    
   \_____\ |_| |__\ \__/ |_| \___) |_|_| \___\  
[39mL i l o t a n e  version rls-glucose4
by Dominik Schreiber <dominik.schreiber@kit.edu> 2020-2021
using SAT solver glucose4

0.006 Parser finished.
0.006 Structures extracted.
0.006 11 operators and 14 methods created.
0.009 Mined 13 new reduction preconditions (+108.3%).
0.009 Iteration 0.
0.009 Creating initial layer of size 2
0.011 Attempting to solve formula with 63 clauses (93 literals) and 1 assumptions
0.011 Unsolvable at layer 0 -- expanding.
0.011 Iteration 1.
0.011 New layer size: 2
0.011 Instantiating ...
0.016 Collected 30 relevant facts at this layer
0.016 Encoding ...
0.016 Attempting to solve formula with 135 clauses (299 literals) and 1 assumptions
0.016 Unsolvable at layer 1 -- expanding.
0.016 Iteration 2.
0.016 New layer size: 3
0.016 Instantiating ...
0.022 Collected 52 relevant facts at this layer
0.022 Encoding ...
0.023 Attempting to solve formula with 1853 clauses (4397 literals) and 1 assumptions
0.023 Unsolvable at layer 2 -- expanding.
0.023 Iteration 3.
0.023 New layer size: 4
0.023 Instantiating ...
0.048 Collected 111 relevant facts at this layer
0.048 Encoding ...
0.049 Attempting to solve formula with 4874 clauses (11868 literals) and 1 assumptions
0.049 Unsolvable at layer 3 -- expanding.
0.049 Iteration 4.
0.049 New layer size: 5
0.049 Instantiating ...
0.074 Collected 111 relevant facts at this layer
0.074 Encoding ...
0.077 Attempting to solve formula with 8733 clauses (21714 literals) and 1 assumptions
0.077 Unsolvable at layer 4 -- expanding.
0.077 Iteration 5.
0.077 New layer size: 6
0.077 Instantiating ...
0.103 Collected 111 relevant facts at this layer
0.103 Encoding ...
0.106 Attempting to solve formula with 12724 clauses (32132 literals) and 1 assumptions
0.106 Unsolvable at layer 5 -- expanding.
0.106 Iteration 6.
0.106 New layer size: 7
0.106 Instantiating ...
0.133 Collected 111 relevant facts at this layer
0.133 Encoding ...
0.137 Attempting to solve formula with 16735 clauses (42590 literals) and 1 assumptions
0.137 Unsolvable at layer 6 -- expanding.
0.137 Iteration 7.
0.137 New layer size: 8
0.137 Instantiating ...
0.165 Collected 111 relevant facts at this layer
0.165 Encoding ...
0.169 Attempting to solve formula with 20766 clauses (53088 literals) and 1 assumptions
0.169 Unsolvable at layer 7 -- expanding.
0.169 Iteration 8.
0.169 New layer size: 9
0.169 Instantiating ...
0.199 Collected 111 relevant facts at this layer
0.199 Encoding ...
0.204 Attempting to solve formula with 24817 clauses (63626 literals) and 1 assumptions
0.204 Unsolvable at layer 8 -- expanding.
0.204 Iteration 9.
0.204 New layer size: 10
0.204 Instantiating ...
0.235 Collected 111 relevant facts at this layer
0.235 Encoding ...
0.239 Attempting to solve formula with 28888 clauses (74204 literals) and 1 assumptions
0.240 Unsolvable at layer 9 -- expanding.
0.241 Iteration 10.
0.241 New layer size: 11
0.241 Instantiating ...
0.273 Collected 111 relevant facts at this layer
0.273 Encoding ...
0.278 Attempting to solve formula with 32979 clauses (84822 literals) and 1 assumptions
0.279 Unsolvable at layer 10 -- expanding.
0.279 Iteration 11.
0.279 New layer size: 12
0.279 Instantiating ...
0.313 Collected 111 relevant facts at this layer
0.313 Encoding ...
0.319 Attempting to solve formula with 37090 clauses (95480 literals) and 1 assumptions
0.321 Unsolvable at layer 11 -- expanding.
0.321 Iteration 12.
0.321 New layer size: 13
0.321 Instantiating ...
0.355 Collected 111 relevant facts at this layer
0.355 Encoding ...
0.361 Attempting to solve formula with 41221 clauses (106178 literals) and 1 assumptions
0.364 Unsolvable at layer 12 -- expanding.
0.364 Iteration 13.
0.364 New layer size: 14
0.364 Instantiating ...
0.400 Collected 111 relevant facts at this layer
0.400 Encoding ...
0.407 Attempting to solve formula with 45372 clauses (116916 literals) and 1 assumptions
0.415 Unsolvable at layer 13 -- expanding.
0.415 Iteration 14.
0.415 New layer size: 15
0.415 Instantiating ...
0.453 Collected 111 relevant facts at this layer
0.453 Encoding ...
0.459 Attempting to solve formula with 49543 clauses (127694 literals) and 1 assumptions
0.476 Unsolvable at layer 14 -- expanding.
0.476 Iteration 15.
0.476 New layer size: 16
0.476 Instantiating ...
0.515 Collected 111 relevant facts at this layer
0.515 Encoding ...
0.523 Attempting to solve formula with 53734 clauses (138512 literals) and 1 assumptions
0.563 Unsolvable at layer 15 -- expanding.
0.563 Iteration 16.
0.563 New layer size: 17
0.563 Instantiating ...
0.601 Collected 111 relevant facts at this layer
0.601 Encoding ...
0.609 Attempting to solve formula with 57945 clauses (149370 literals) and 1 assumptions
0.675 Unsolvable at layer 16 -- expanding.
0.675 Iteration 17.
0.675 New layer size: 18
0.675 Instantiating ...
0.716 Collected 111 relevant facts at this layer
0.716 Encoding ...
0.724 Attempting to solve formula with 62176 clauses (160268 literals) and 1 assumptions
0.940 Unsolvable at layer 17 -- expanding.
0.940 Iteration 18.
0.940 New layer size: 19
0.940 Instantiating ...
0.981 Collected 111 relevant facts at this layer
0.981 Encoding ...
0.988 Attempting to solve formula with 66427 clauses (171206 literals) and 1 assumptions
1.598 Unsolvable at layer 18 -- expanding.
1.598 Iteration 19.
1.598 New layer size: 20
1.598 Instantiating ...
1.641 Collected 111 relevant facts at this layer
1.641 Encoding ...
1.650 Attempting to solve formula with 70698 clauses (182184 literals) and 1 assumptions
3.039 Unsolvable at layer 19 -- expanding.
3.039 Iteration 20.
3.039 New layer size: 21
3.039 Instantiating ...
3.086 Collected 111 relevant facts at this layer
3.086 Encoding ...
3.095 Attempting to solve formula with 74989 clauses (193202 literals) and 1 assumptions
c
c Try to adapt solver strategies
c 
c Nothing extreme in this problem, continue with glucose default strategies.
c
6.081 Unsolvable at layer 20 -- expanding.
6.081 Iteration 21.
6.081 New layer size: 22
6.081 Instantiating ...
6.130 Collected 111 relevant facts at this layer
6.130 Encoding ...
6.140 Attempting to solve formula with 79300 clauses (204260 literals) and 1 assumptions
14.173 Unsolvable at layer 21 -- expanding.
14.173 Iteration 22.
14.173 New layer size: 23
14.173 Instantiating ...
14.222 Collected 111 relevant facts at this layer
14.222 Encoding ...
14.232 Attempting to solve formula with 83631 clauses (215358 literals) and 1 assumptions
40.222 Unsolvable at layer 22 -- expanding.
40.222 Iteration 23.
40.222 New layer size: 24
40.222 Instantiating ...
40.274 Collected 111 relevant facts at this layer
40.274 Encoding ...
40.284 Attempting to solve formula with 87982 clauses (226496 literals) and 1 assumptions
125.181 Unsolvable at layer 23 -- expanding.
125.181 Iteration 24.
125.181 New layer size: 25
125.181 Instantiating ...
125.232 Collected 111 relevant facts at this layer
125.232 Encoding ...
125.243 Attempting to solve formula with 92353 clauses (237674 literals) and 1 assumptions
467.343 Unsolvable at layer 24 -- expanding.
467.343 Iteration 25.
467.343 New layer size: 26
467.343 Instantiating ...
467.401 Collected 111 relevant facts at this layer
467.401 Encoding ...
467.412 Attempting to solve formula with 96744 clauses (248892 literals) and 1 assumptions
1741.605 Unsolvable at layer 25 -- expanding.
1741.605 Iteration 26.
1741.605 New layer size: 27
1741.605 Instantiating ...
1741.665 Collected 111 relevant facts at this layer
1741.665 Encoding ...
1741.677 Attempting to solve formula with 101155 clauses (260150 literals) and 1 assumptions
1800.110 Termination signal caught.
1800.110 Total amount of clauses encoded: 101155
1800.110 - actionconstraints : 33409 cls
1800.110 - reductionconstraints : 27564 cls
1800.110 - directframeaxioms : 10808 cls
1800.110 - qfactsemantics : 9523 cls
1800.110 - indirectframeaxioms : 6397 cls
1800.110 - substitutionconstraints : 4478 cls
1800.110 - atmostoneelement : 3783 cls
1800.110 - expansions : 1863 cls
1800.110 - predecessors : 1801 cls
1800.110 - qconstequality : 1200 cls
1800.110 - actioneffects : 216 cls
1800.110 - truefacts : 111 cls
1800.110 - axiomaticops : 2 cls
1800.110 # instantiated positions: 378
1800.110 # instantiated actions: 1626
1800.110 # instantiated reductions: 176
1800.110 # introduced pseudo-constants: 150
1800.110 # retroactive prunings: 1
1800.110 # retroactively pruned operations: 1
1800.110 # dominated operations: 0
1800.110 # total invalid rigid preconditions found in getPFC: 0
1800.110 # invalid rigid preconditions found in getPFC: 0
1800.110 # invalid rigid preconditions found in getPFC in varrestrictions: 0
1800.110 # total invalid fluent preconditions found in getPFC: 4
1800.110 # invalid fluent preconditions found in getPFC: 4
1800.110 # invalid fluent preconditions found in getPFC in varrestrictions: 0
1800.110 # invalid fluent preconditions found in getPFC via postconditions: 0
1800.110 # invalid subtasks found in getPFC: 1
1800.110 # number effects in operation fact_frames: 110
1800.110 Exiting happily.

RUNWATCH_RESULT TIMEOUT RETVAL 0 TIME_SECS 1800.13 MEMPEAK_KBS 188252
