    _           _         _
   \ |         \ |       | |                       
   | |     __  | |      _| |______                
   | |     \/  | |     /_   ______\                
   | |      _  | |   __  | |  ___   ___   ___       
   | |___  | | | |  / .\ | | / , | |   \ / ·_\    
   \_____\ |_| |__\ \__/ |_| \___) |_|_| \___\  
[39mL i l o t a n e  version rls-glucose4
by Dominik Schreiber <dominik.schreiber@kit.edu> 2020-2021
using SAT solver glucose4

0.021 Parser finished.
0.021 Structures extracted.
0.023 72 operators and 56 methods created.
0.060 Mined 27 new reduction preconditions (+39.7%).
0.060 Iteration 0.
0.060 Creating initial layer of size 2
0.082 Attempting to solve formula with 3 clauses (3 literals) and 1 assumptions
0.082 Unsolvable at layer 0 -- expanding.
0.082 Iteration 1.
0.082 New layer size: 35
0.082 Instantiating ...
0.508 Collected 99 relevant facts at this layer
0.508 Encoding ...
0.563 Attempting to solve formula with 7202 clauses (20967 literals) and 34 assumptions
0.563 Unsolvable at layer 1 -- expanding.
0.563 Iteration 2.
0.563 New layer size: 69
0.563 Instantiating ...
1.469 Collected 859 relevant facts at this layer
1.469 Encoding ...
1.582 Attempting to solve formula with 91629 clauses (248264 literals) and 34 assumptions
1.582 Unsolvable at layer 2 -- expanding.
1.582 Iteration 3.
1.582 New layer size: 103
1.582 Instantiating ...
3.234 Collected 1370 relevant facts at this layer
3.234 Encoding ...
3.402 Attempting to solve formula with 179437 clauses (486739 literals) and 68 assumptions
3.402 Unsolvable at layer 3 -- expanding.
3.402 Iteration 4.
3.403 New layer size: 137
3.403 Instantiating ...
3.408 Retroactively prune reduction (_splitting_method_DO-AT-LOAD-AIRPLANE0_splitted_2 OBJ61 Q_3,0_AIRPLANE:0_e21ffab4873cefb6 POS6)@(3,0): no children at offset 0
3.408 Retroactively prune reduction (M15-ACHIEVE-AT0 Q_3,1_AIRPLANE:0_e21ffab4873cefb6 OBJ61 POS10)@(3,1): no children at offset 0
5.181 Collected 1393 relevant facts at this layer
5.181 Encoding ...
5.441 Attempting to solve formula with 293008 clauses (785629 literals) and 102 assumptions
5.441 Unsolvable at layer 4 -- expanding.
5.441 Iteration 5.
5.441 New layer size: 239
5.441 Instantiating ...
7.918 Collected 3232 relevant facts at this layer
7.918 Encoding ...
9.058 Attempting to solve formula with 1003399 clauses (3095729 literals) and 136 assumptions
9.059 Unsolvable at layer 5 -- expanding.
9.059 Iteration 6.
9.059 New layer size: 375
9.059 Instantiating ...
12.720 Collected 3232 relevant facts at this layer
12.720 Encoding ...
14.644 Attempting to solve formula with 2257201 clauses (7298641 literals) and 170 assumptions
14.647 Unsolvable at layer 6 -- expanding.
14.647 Iteration 7.
14.647 New layer size: 545
14.647 Instantiating ...
19.598 Collected 3232 relevant facts at this layer
19.598 Encoding ...
22.662 Attempting to solve formula with 3958084 clauses (13087464 literals) and 204 assumptions
27.089 Unsolvable at layer 7 -- expanding.
27.089 Iteration 8.
27.090 New layer size: 749
27.090 Instantiating ...
33.521 Collected 3232 relevant facts at this layer
33.521 Encoding ...
37.501 Attempting to solve formula with 6085687 clauses (20440030 literals) and 238 assumptions
37.632 Unsolvable at layer 8 -- expanding.
37.632 Iteration 9.
37.632 New layer size: 987
37.632 Instantiating ...
45.548 Collected 3232 relevant facts at this layer
45.548 Encoding ...
50.843 Attempting to solve formula with 8596442 clauses (29138112 literals) and 272 assumptions
51.501 Unsolvable at layer 9 -- expanding.
51.501 Iteration 10.
51.501 New layer size: 1259
51.501 Instantiating ...
61.081 Collected 3232 relevant facts at this layer
61.081 Encoding ...
67.701 Attempting to solve formula with 11489310 clauses (39175394 literals) and 306 assumptions
c
c Try to adapt solver strategies
c 
c Nothing extreme in this problem, continue with glucose default strategies.
c
355.872 Unsolvable at layer 10 -- expanding.
355.872 Iteration 11.
355.874 New layer size: 1565
355.874 Instantiating ...
368.211 Collected 3232 relevant facts at this layer
368.211 Encoding ...
376.468 Attempting to solve formula with 14764415 clauses (50551002 literals) and 340 assumptions
377.546 Unsolvable at layer 11 -- expanding.
377.546 Iteration 12.
377.549 New layer size: 1905
377.549 Instantiating ...
391.149 Collected 3232 relevant facts at this layer
391.149 Encoding ...
401.214 Attempting to solve formula with 18422414 clauses (63266261 literals) and 374 assumptions
1801.731 Termination signal caught.
1801.731 Total amount of clauses encoded: 18422414
1801.731 - directframeaxioms : 7472312 cls
1801.731 - qfactsemantics : 4445084 cls
1801.731 - indirectframeaxioms : 4331223 cls
1801.731 - reductionconstraints : 1593297 cls
1801.731 - atmostoneelement : 196723 cls
1801.731 - actionconstraints : 103590 cls
1801.731 - qconstequality : 76716 cls
1801.731 - substitutionconstraints : 75235 cls
1801.731 - expansions : 54820 cls
1801.731 - predecessors : 52891 cls
1801.731 - actioneffects : 11911 cls
1801.731 - qtypeconstraints : 5375 cls
1801.731 - truefacts : 3232 cls
1801.731 - forbiddenoperations : 3 cls
1801.731 - axiomaticops : 2 cls
1801.731 # instantiated positions: 7969
1801.731 # instantiated actions: 41002
1801.731 # instantiated reductions: 11890
1801.731 # introduced pseudo-constants: 6533
1801.731 # retroactive prunings: 4
1801.731 # retroactively pruned operations: 5
1801.731 # dominated operations: 0
1801.731 # total invalid rigid preconditions found in getPFC: 0
1801.731 # invalid rigid preconditions found in getPFC: 0
1801.731 # invalid rigid preconditions found in getPFC in varrestrictions: 0
1801.731 # total invalid fluent preconditions found in getPFC: 0
1801.731 # invalid fluent preconditions found in getPFC: 0
1801.731 # invalid fluent preconditions found in getPFC in varrestrictions: 0
1801.731 # invalid fluent preconditions found in getPFC via postconditions: 0
1801.731 # invalid subtasks found in getPFC: 0
1801.731 # number effects in operation fact_frames: 682
1801.731 # number of variables restricted: 342030
1801.731 # number of nodes variables restricted: 159834
1801.731 Exiting happily.

RUNWATCH_RESULT TIMEOUT RETVAL 0 TIME_SECS 1802.3 MEMPEAK_KBS 9428224
