    _           _         _
   \ |         \ |       | |                       
   | |     __  | |      _| |______                
   | |     \/  | |     /_   ______\                
   | |      _  | |   __  | |  ___   ___   ___       
   | |___  | | | |  / .\ | | / , | |   \ / ·_\    
   \_____\ |_| |__\ \__/ |_| \___) |_|_| \___\  
[39mL i l o t a n e  version rls-glucose4
by Dominik Schreiber <dominik.schreiber@kit.edu> 2020-2021
using SAT solver glucose4

0.013 Parser finished.
0.013 Structures extracted.
0.014 20 operators and 16 methods created.
0.216 Mined 11 new reduction preconditions (+11.0%).
0.216 Iteration 0.
0.216 Creating initial layer of size 2
0.252 Attempting to solve formula with 161 clauses (240 literals) and 1 assumptions
0.252 Unsolvable at layer 0 -- expanding.
0.252 Iteration 1.
0.252 New layer size: 7
0.252 Instantiating ...
5.550 Collected 5180 relevant facts at this layer
5.550 Encoding ...
5.657 Attempting to solve formula with 105458 clauses (327630 literals) and 6 assumptions
5.658 Unsolvable at layer 1 -- expanding.
5.658 Iteration 2.
5.658 New layer size: 13
5.658 Instantiating ...
19.281 Collected 5542 relevant facts at this layer
19.281 Encoding ...
19.597 Attempting to solve formula with 384356 clauses (1282866 literals) and 6 assumptions
19.597 Unsolvable at layer 2 -- expanding.
19.597 Iteration 3.
19.597 New layer size: 31
19.597 Instantiating ...
36.505 Collected 5606 relevant facts at this layer
36.505 Encoding ...
37.302 Attempting to solve formula with 972171 clauses (3298430 literals) and 12 assumptions
37.328 Unsolvable at layer 3 -- expanding.
37.328 Iteration 4.
37.328 New layer size: 55
37.328 Instantiating ...
67.034 Collected 5606 relevant facts at this layer
67.034 Encoding ...
68.362 Attempting to solve formula with 1891259 clauses (6454269 literals) and 18 assumptions
68.392 Unsolvable at layer 4 -- expanding.
68.392 Iteration 5.
68.392 New layer size: 97
68.392 Instantiating ...
116.085 Collected 5606 relevant facts at this layer
116.085 Encoding ...
118.375 Attempting to solve formula with 3436911 clauses (11769097 literals) and 30 assumptions
118.415 Unsolvable at layer 5 -- expanding.
118.415 Iteration 6.
118.415 New layer size: 163
118.415 Instantiating ...
196.546 Collected 5606 relevant facts at this layer
196.546 Encoding ...
200.382 Attempting to solve formula with 5935892 clauses (20366611 literals) and 48 assumptions
200.491 Unsolvable at layer 6 -- expanding.
200.491 Iteration 7.
200.491 New layer size: 271
200.491 Instantiating ...
326.120 Collected 5606 relevant facts at this layer
326.120 Encoding ...
332.760 Attempting to solve formula with 10014637 clauses (34405040 literals) and 78 assumptions
333.122 Unsolvable at layer 7 -- expanding.
333.122 Iteration 8.
333.123 New layer size: 445
333.123 Instantiating ...
538.630 Collected 5606 relevant facts at this layer
538.630 Encoding ...
550.204 Attempting to solve formula with 16626474 clauses (57167067 literals) and 126 assumptions
550.544 Unsolvable at layer 8 -- expanding.
550.544 Iteration 9.
550.545 New layer size: 727
550.545 Instantiating ...
888.216 Collected 5606 relevant facts at this layer
888.216 Encoding ...
909.348 Attempting to solve formula with 27351167 clauses (94093607 literals) and 204 assumptions
910.087 Unsolvable at layer 9 -- expanding.
910.087 Iteration 10.
910.087 New layer size: 1183
910.087 Instantiating ...
1472.726 Collected 5606 relevant facts at this layer
1472.726 Encoding ...
1507.904 Attempting to solve formula with 44721808 clauses (153908258 literals) and 330 assumptions
1510.287 Unsolvable at layer 10 -- expanding.
1510.287 Iteration 11.
1510.288 New layer size: 1921
1510.288 Instantiating ...
1801.475 Termination signal caught.
1801.475 Total amount of clauses encoded: 44721808
1801.477 - directframeaxioms : 18260374 cls
1801.477 - qfactsemantics : 11853476 cls
1801.477 - indirectframeaxioms : 9201982 cls
1801.477 - reductionconstraints : 4663014 cls
1801.477 - actionconstraints : 310956 cls
1801.477 - qconstequality : 178994 cls
1801.477 - substitutionconstraints : 141611 cls
1801.477 - atmostoneelement : 55682 cls
1801.477 - expansions : 21515 cls
1801.477 - predecessors : 18131 cls
1801.477 - actioneffects : 10465 cls
1801.477 - truefacts : 5606 cls
1801.477 - axiomaticops : 2 cls
1801.477 # instantiated positions: 3369
1801.477 # instantiated actions: 13850
1801.477 # instantiated reductions: 6578
1801.477 # introduced pseudo-constants: 3081
1801.477 # retroactive prunings: 0
1801.477 # retroactively pruned operations: 0
1801.477 # dominated operations: 2
1801.477 # total invalid rigid preconditions found in getPFC: 0
1801.477 # invalid rigid preconditions found in getPFC: 0
1801.477 # invalid rigid preconditions found in getPFC in varrestrictions: 0
1801.477 # total invalid fluent preconditions found in getPFC: 164
1801.477 # invalid fluent preconditions found in getPFC: 155
1801.477 # invalid fluent preconditions found in getPFC in varrestrictions: 9
1801.477 # invalid fluent preconditions found in getPFC via postconditions: 0
1801.477 # invalid subtasks found in getPFC: 0
1801.477 # number effects in operation fact_frames: 234
1801.477 # number of variables restricted: 36818520
1801.477 # number of nodes variables restricted: 3367801
1801.477 Exiting happily.

RUNWATCH_RESULT TIMEOUT RETVAL 0 TIME_SECS 1802.32 MEMPEAK_KBS 13000056
