    _           _         _
   \ |         \ |       | |                       
   | |     __  | |      _| |______                
   | |     \/  | |     /_   ______\                
   | |      _  | |   __  | |  ___   ___   ___       
   | |___  | | | |  / .\ | | / , | |   \ / ·_\    
   \_____\ |_| |__\ \__/ |_| \___) |_|_| \___\  
[39mL i l o t a n e  version rls-cadical
by Dominik Schreiber <dominik.schreiber@kit.edu> 2020-2021
using SAT solver cadical

0.005 Parser finished.
0.005 Structures extracted.
0.006 9 operators and 7 methods created.
0.009 Mined 12 new reduction preconditions (+inf%).
0.009 Iteration 0.
0.009 Creating initial layer of size 2
0.012 Attempting to solve formula with 3 clauses (3 literals) and 1 assumptions
0.012 Unsolvable at layer 0 -- expanding.
0.012 Iteration 1.
0.012 New layer size: 21
0.012 Instantiating ...
0.111 Collected 0 relevant facts at this layer
0.111 Encoding ...
0.115 Attempting to solve formula with 9105 clauses (18867 literals) and 20 assumptions
0.115 Unsolvable at layer 1 -- expanding.
0.115 Iteration 2.
0.115 New layer size: 81
0.115 Instantiating ...
0.311 Collected 364 relevant facts at this layer
0.311 Encoding ...
0.395 Attempting to solve formula with 106747 clauses (361339 literals) and 40 assumptions
0.452 Unsolvable at layer 2 -- expanding.
0.452 Iteration 3.
0.452 New layer size: 121
0.452 Instantiating ...
0.692 Collected 364 relevant facts at this layer
0.692 Encoding ...
0.845 Attempting to solve formula with 247360 clauses (885942 literals) and 40 assumptions
0.932 Unsolvable at layer 3 -- expanding.
0.932 Iteration 4.
0.932 New layer size: 161
0.932 Instantiating ...
1.229 Collected 364 relevant facts at this layer
1.229 Encoding ...
1.457 Attempting to solve formula with 421869 clauses (1564935 literals) and 40 assumptions
1.556 Unsolvable at layer 4 -- expanding.
1.556 Iteration 5.
1.556 New layer size: 201
1.556 Instantiating ...
1.901 Collected 364 relevant facts at this layer
1.901 Encoding ...
2.188 Attempting to solve formula with 635411 clauses (2423358 literals) and 40 assumptions
15.671 Unsolvable at layer 5 -- expanding.
15.671 Iteration 6.
15.671 New layer size: 241
15.671 Instantiating ...
16.087 Collected 364 relevant facts at this layer
16.087 Encoding ...
16.476 Attempting to solve formula with 886173 clauses (3459294 literals) and 40 assumptions
18.169 Found a solution at layer 6.
==>
40648 noop truck_1 city_loc_17
40873 drive truck_1 city_loc_17 city_loc_20
40875 drive truck_1 city_loc_20 city_loc_18
40879 drive truck_1 city_loc_18 city_loc_23
40881 pick_up truck_1 city_loc_23 package_14 capacity_2 capacity_3
40883 drive truck_1 city_loc_23 city_loc_18
41113 drive truck_1 city_loc_18 city_loc_20
41117 drive truck_1 city_loc_20 city_loc_17
41120 drive truck_1 city_loc_17 city_loc_16
41123 drop truck_1 city_loc_16 package_14 capacity_2 capacity_3
41132 drive truck_3 city_loc_24 city_loc_6
41355 drive truck_3 city_loc_6 city_loc_8
41358 drive truck_3 city_loc_8 city_loc_16
41361 drive truck_3 city_loc_16 city_loc_0
41363 pick_up truck_3 city_loc_0 package_11 capacity_2 capacity_3
41367 drive truck_3 city_loc_0 city_loc_22
41594 drive truck_3 city_loc_22 city_loc_27
41597 drive truck_3 city_loc_27 city_loc_27
41600 drive truck_3 city_loc_27 city_loc_22
41602 drop truck_3 city_loc_22 package_11 capacity_2 capacity_3
41612 drive truck_0 city_loc_3 city_loc_7
41839 drive truck_0 city_loc_7 city_loc_2
41842 pick_up truck_0 city_loc_2 package_18 capacity_2 capacity_3
41848 drive truck_0 city_loc_2 city_loc_0
42075 drive truck_0 city_loc_0 city_loc_16
42080 drive truck_0 city_loc_16 city_loc_22
42083 drive truck_0 city_loc_22 city_loc_11
42085 drop truck_0 city_loc_11 package_18 capacity_2 capacity_3
42095 drive truck_2 city_loc_13 city_loc_20
42316 drive truck_2 city_loc_20 city_loc_11
42320 drive truck_2 city_loc_11 city_loc_22
42323 drive truck_2 city_loc_22 city_loc_27
42325 pick_up truck_2 city_loc_27 package_7 capacity_2 capacity_3
42330 drive truck_2 city_loc_27 city_loc_17
42586 drive truck_2 city_loc_17 city_loc_26
42591 drive truck_2 city_loc_26 city_loc_13
42594 drive truck_2 city_loc_13 city_loc_3
42596 drop truck_2 city_loc_3 package_7 capacity_2 capacity_3
42606 drive truck_2 city_loc_3 city_loc_7
42834 drive truck_2 city_loc_7 city_loc_20
42836 pick_up truck_2 city_loc_20 package_1 capacity_2 capacity_3
42841 drive truck_2 city_loc_20 city_loc_18
43097 drive truck_2 city_loc_18 city_loc_5
43102 drive truck_2 city_loc_5 city_loc_4
43105 drive truck_2 city_loc_4 city_loc_25
43107 drop truck_2 city_loc_25 package_1 capacity_2 capacity_3
43110 drive truck_2 city_loc_25 city_loc_24
43342 drive truck_2 city_loc_24 city_loc_6
43345 drive truck_2 city_loc_6 city_loc_8
43347 pick_up truck_2 city_loc_8 package_5 capacity_2 capacity_3
43354 drive truck_2 city_loc_8 city_loc_26
43606 drive truck_2 city_loc_26 city_loc_3
43612 drive truck_2 city_loc_3 city_loc_7
43615 drive truck_2 city_loc_7 city_loc_4
43617 drop truck_2 city_loc_4 package_5 capacity_2 capacity_3
43623 noop truck_0 city_loc_11
43849 drive truck_0 city_loc_11 city_loc_20
43852 drive truck_0 city_loc_20 city_loc_7
43855 drive truck_0 city_loc_7 city_loc_12
43857 pick_up truck_0 city_loc_12 package_10 capacity_2 capacity_3
43864 drive truck_0 city_loc_12 city_loc_28
43902 drive truck_0 city_loc_28 city_loc_16
44088 drive truck_0 city_loc_16 city_loc_22
44094 drive truck_0 city_loc_22 city_loc_27
44097 drive truck_0 city_loc_27 city_loc_10
44099 drop truck_0 city_loc_10 package_10 capacity_2 capacity_3
44103 drive truck_0 city_loc_10 city_loc_27
44144 drive truck_0 city_loc_27 city_loc_17
44331 drive truck_0 city_loc_17 city_loc_20
44334 drive truck_0 city_loc_20 city_loc_7
44337 drive truck_0 city_loc_7 city_loc_12
44339 pick_up truck_0 city_loc_12 package_15 capacity_2 capacity_3
44345 drive truck_0 city_loc_12 city_loc_7
44384 drive truck_0 city_loc_7 city_loc_4
44571 drive truck_0 city_loc_4 city_loc_5
44576 drive truck_0 city_loc_5 city_loc_18
44578 drive truck_0 city_loc_18 city_loc_20
44581 drop truck_0 city_loc_20 package_15 capacity_2 capacity_3
44586 drive truck_0 city_loc_20 city_loc_18
44626 drive truck_0 city_loc_18 city_loc_20
44813 drive truck_0 city_loc_20 city_loc_7
44816 drive truck_0 city_loc_7 city_loc_4
44818 drive truck_0 city_loc_4 city_loc_14
44821 pick_up truck_0 city_loc_14 package_2 capacity_2 capacity_3
44831 drive truck_0 city_loc_14 city_loc_18
45092 drop truck_0 city_loc_18 package_2 capacity_2 capacity_3
45098 noop truck_0 city_loc_18
45137 drive truck_0 city_loc_18 city_loc_5
45324 drive truck_0 city_loc_5 city_loc_4
45327 drive truck_0 city_loc_4 city_loc_25
45330 drive truck_0 city_loc_25 city_loc_4
45332 pick_up truck_0 city_loc_4 package_19 capacity_2 capacity_3
45335 noop truck_0 city_loc_4
45591 drive truck_0 city_loc_4 city_loc_4
45596 drive truck_0 city_loc_4 city_loc_4
45600 drive truck_0 city_loc_4 city_loc_15
45602 drop truck_0 city_loc_15 package_19 capacity_2 capacity_3
45607 drive truck_0 city_loc_15 city_loc_4
45647 drive truck_0 city_loc_4 city_loc_4
45834 drive truck_0 city_loc_4 city_loc_7
45837 drive truck_0 city_loc_7 city_loc_20
45840 drive truck_0 city_loc_20 city_loc_18
45842 pick_up truck_0 city_loc_18 package_16 capacity_2 capacity_3
45844 drive truck_0 city_loc_18 city_loc_26
46111 drive truck_0 city_loc_26 city_loc_13
46113 drop truck_0 city_loc_13 package_16 capacity_2 capacity_3
46118 drive truck_0 city_loc_13 city_loc_9
46158 drive truck_0 city_loc_9 city_loc_26
46345 drive truck_0 city_loc_26 city_loc_9
46348 drive truck_0 city_loc_9 city_loc_21
46351 drive truck_0 city_loc_21 city_loc_24
46353 pick_up truck_0 city_loc_24 package_9 capacity_2 capacity_3
46361 drive truck_0 city_loc_24 city_loc_25
46398 drive truck_0 city_loc_25 city_loc_19
46585 drive truck_0 city_loc_19 city_loc_17
46590 drive truck_0 city_loc_17 city_loc_27
46593 drive truck_0 city_loc_27 city_loc_10
46595 drop truck_0 city_loc_10 package_9 capacity_2 capacity_3
46604 drive truck_0 city_loc_10 city_loc_27
46640 drive truck_0 city_loc_27 city_loc_17
46827 drive truck_0 city_loc_17 city_loc_26
46830 drive truck_0 city_loc_26 city_loc_14
46833 drive truck_0 city_loc_14 city_loc_26
46835 pick_up truck_0 city_loc_26 package_3 capacity_2 capacity_3
46844 drive truck_0 city_loc_26 city_loc_8
47102 drive truck_0 city_loc_8 city_loc_24
47105 drop truck_0 city_loc_24 package_3 capacity_2 capacity_3
47109 drive truck_3 city_loc_22 city_loc_11
47345 pick_up truck_3 city_loc_11 package_0 capacity_2 capacity_3
47353 noop truck_3 city_loc_11
47605 drive truck_3 city_loc_11 city_loc_20
47609 drive truck_3 city_loc_20 city_loc_7
47612 drive truck_3 city_loc_7 city_loc_4
47615 drop truck_3 city_loc_4 package_0 capacity_2 capacity_3
47619 drive truck_0 city_loc_24 city_loc_6
47660 drive truck_0 city_loc_6 city_loc_8
47847 drive truck_0 city_loc_8 city_loc_16
47850 drive truck_0 city_loc_16 city_loc_17
47853 drive truck_0 city_loc_17 city_loc_16
47855 pick_up truck_0 city_loc_16 package_12 capacity_2 capacity_3
47860 drive truck_0 city_loc_16 city_loc_28
48127 drop truck_0 city_loc_28 package_12 capacity_2 capacity_3
48138 drive truck_0 city_loc_28 city_loc_16
48172 drive truck_0 city_loc_16 city_loc_8
48358 drive truck_0 city_loc_8 city_loc_6
48361 drive truck_0 city_loc_6 city_loc_8
48365 drive truck_0 city_loc_8 city_loc_24
48367 pick_up truck_0 city_loc_24 package_13 capacity_2 capacity_3
48369 drive truck_0 city_loc_24 city_loc_21
48413 drive truck_0 city_loc_21 city_loc_26
48599 drive truck_0 city_loc_26 city_loc_17
48604 drive truck_0 city_loc_17 city_loc_27
48607 drive truck_0 city_loc_27 city_loc_10
48609 drop truck_0 city_loc_10 package_13 capacity_2 capacity_3
48612 drive truck_0 city_loc_10 city_loc_27
48654 drive truck_0 city_loc_27 city_loc_17
48841 drive truck_0 city_loc_17 city_loc_19
48843 drive truck_0 city_loc_19 city_loc_7
48847 drive truck_0 city_loc_7 city_loc_3
48849 pick_up truck_0 city_loc_3 package_8 capacity_2 capacity_3
48853 drive truck_0 city_loc_3 city_loc_26
49082 drive truck_0 city_loc_26 city_loc_17
49087 drive truck_0 city_loc_17 city_loc_27
49090 drive truck_0 city_loc_27 city_loc_10
49092 drop truck_0 city_loc_10 package_8 capacity_2 capacity_3
49096 drive truck_0 city_loc_10 city_loc_29
49332 pick_up truck_0 city_loc_29 package_17 capacity_2 capacity_3
49340 noop truck_0 city_loc_29
49378 drive truck_0 city_loc_29 city_loc_10
49564 drive truck_0 city_loc_10 city_loc_27
49570 drive truck_0 city_loc_27 city_loc_22
49572 drive truck_0 city_loc_22 city_loc_11
49575 drop truck_0 city_loc_11 package_17 capacity_2 capacity_3
49586 noop truck_0 city_loc_11
49620 drive truck_0 city_loc_11 city_loc_20
49807 drive truck_0 city_loc_20 city_loc_7
49810 drive truck_0 city_loc_7 city_loc_4
49813 drive truck_0 city_loc_4 city_loc_7
49815 pick_up truck_0 city_loc_7 package_6 capacity_2 capacity_3
49819 noop truck_0 city_loc_7
49888 drive truck_0 city_loc_7 city_loc_3
50075 drive truck_0 city_loc_3 city_loc_26
50080 drive truck_0 city_loc_26 city_loc_8
50083 drive truck_0 city_loc_8 city_loc_24
50085 drop truck_0 city_loc_24 package_6 capacity_2 capacity_3
50094 drive truck_0 city_loc_24 city_loc_25
50130 drive truck_0 city_loc_25 city_loc_19
50317 drive truck_0 city_loc_19 city_loc_7
50320 drive truck_0 city_loc_7 city_loc_4
50323 drive truck_0 city_loc_4 city_loc_7
50325 pick_up truck_0 city_loc_7 package_4 capacity_2 capacity_3
50333 drive truck_0 city_loc_7 city_loc_3
50370 drive truck_0 city_loc_3 city_loc_26
50557 drive truck_0 city_loc_26 city_loc_8
50561 drive truck_0 city_loc_8 city_loc_16
50564 drive truck_0 city_loc_16 city_loc_0
50567 drop truck_0 city_loc_0 package_4 capacity_2 capacity_3
root 5 43 81 119 157 195 233 271 309 347 385 423 461 499 537 575 613 651 689 727
5 deliver package_14 city_loc_16 -> m_deliver_ordering_0 769 40880 1358 41122
43 deliver package_11 city_loc_22 -> m_deliver_ordering_0 1627 41362 1891 41601
81 deliver package_18 city_loc_11 -> m_deliver_ordering_0 2159 41841 2423 42084
119 deliver package_7 city_loc_3 -> m_deliver_ordering_0 2690 42324 2954 42595
157 deliver package_1 city_loc_25 -> m_deliver_ordering_0 3223 42835 3487 43106
195 deliver package_5 city_loc_4 -> m_deliver_ordering_0 3754 43346 4018 43616
233 deliver package_10 city_loc_10 -> m_deliver_ordering_0 4288 43856 4552 44098
271 deliver package_15 city_loc_20 -> m_deliver_ordering_0 4818 44338 5082 44580
309 deliver package_2 city_loc_18 -> m_deliver_ordering_0 5352 44820 44830 45091
347 deliver package_19 city_loc_15 -> m_deliver_ordering_0 5885 45331 6149 45601
385 deliver package_16 city_loc_13 -> m_deliver_ordering_0 6415 45841 6679 46112
423 deliver package_9 city_loc_10 -> m_deliver_ordering_0 6947 46352 7211 46594
461 deliver package_3 city_loc_24 -> m_deliver_ordering_0 7477 46834 7741 47104
499 deliver package_0 city_loc_4 -> m_deliver_ordering_0 47108 47344 8273 47614
537 deliver package_12 city_loc_28 -> m_deliver_ordering_0 8543 47854 47859 48126
575 deliver package_13 city_loc_10 -> m_deliver_ordering_0 9073 48366 9337 48608
613 deliver package_8 city_loc_10 -> m_deliver_ordering_0 9603 48848 9867 49091
651 deliver package_17 city_loc_11 -> m_deliver_ordering_0 49095 49331 10397 49574
689 deliver package_6 city_loc_24 -> m_deliver_ordering_0 10664 49814 10928 50084
727 deliver package_4 city_loc_0 -> m_deliver_ordering_0 11196 50324 11460 50566
769 get_to truck_1 city_loc_23 -> m_drive_to_via_ordering_0 11767 40879
1358 get_to truck_1 city_loc_16 -> m_drive_to_via_ordering_0 11991 41120
1627 get_to truck_3 city_loc_0 -> m_drive_to_via_ordering_0 12230 41361
1891 get_to truck_3 city_loc_22 -> m_drive_to_via_ordering_0 12455 41600
2159 get_to truck_0 city_loc_2 -> m_drive_to_via_ordering_0 41611 41839
2423 get_to truck_0 city_loc_11 -> m_drive_to_via_ordering_0 12918 42083
2690 get_to truck_2 city_loc_27 -> m_drive_to_via_ordering_0 13155 42323
2954 get_to truck_2 city_loc_3 -> m_drive_to_via_ordering_0 13380 42594
3223 get_to truck_2 city_loc_20 -> m_drive_to_via_ordering_0 42605 42834
3487 get_to truck_2 city_loc_25 -> m_drive_to_via_ordering_0 13849 43105
3754 get_to truck_2 city_loc_8 -> m_drive_to_via_ordering_0 14087 43345
4018 get_to truck_2 city_loc_4 -> m_drive_to_via_ordering_0 14312 43615
4288 get_to truck_0 city_loc_12 -> m_drive_to_via_ordering_0 14554 43855
4552 get_to truck_0 city_loc_10 -> m_drive_to_via_ordering_0 14779 44097
4818 get_to truck_0 city_loc_12 -> m_drive_to_via_ordering_0 15011 44337
5082 get_to truck_0 city_loc_20 -> m_drive_to_via_ordering_0 15236 44578
5352 get_to truck_0 city_loc_14 -> m_drive_to_via_ordering_0 15477 44818
5885 get_to truck_0 city_loc_4 -> m_drive_to_via_ordering_0 15946 45330
6149 get_to truck_0 city_loc_15 -> m_drive_to_via_ordering_0 16171 45600
6415 get_to truck_0 city_loc_18 -> m_drive_to_via_ordering_0 16407 45840
6679 get_to truck_0 city_loc_13 -> m_drive_to_via_ordering_0 45843 46111
6947 get_to truck_0 city_loc_24 -> m_drive_to_via_ordering_0 16872 46351
7211 get_to truck_0 city_loc_10 -> m_drive_to_via_ordering_0 17097 46593
7477 get_to truck_0 city_loc_26 -> m_drive_to_via_ordering_0 17329 46833
7741 get_to truck_0 city_loc_24 -> m_drive_to_via_ordering_0 46843 47102
8273 get_to truck_3 city_loc_4 -> m_drive_to_via_ordering_0 18016 47612
8543 get_to truck_0 city_loc_16 -> m_drive_to_via_ordering_0 18258 47853
9073 get_to truck_0 city_loc_24 -> m_drive_to_via_ordering_0 18716 48365
9337 get_to truck_0 city_loc_10 -> m_drive_to_via_ordering_0 18941 48607
9603 get_to truck_0 city_loc_3 -> m_drive_to_via_ordering_0 19173 48847
9867 get_to truck_0 city_loc_10 -> m_drive_to_via_ordering_0 19398 49090
10397 get_to truck_0 city_loc_11 -> m_drive_to_via_ordering_0 19855 49572
10664 get_to truck_0 city_loc_7 -> m_drive_to_via_ordering_0 20092 49813
10928 get_to truck_0 city_loc_24 -> m_drive_to_via_ordering_0 20317 50083
11196 get_to truck_0 city_loc_7 -> m_drive_to_via_ordering_0 20554 50323
11460 get_to truck_0 city_loc_0 -> m_drive_to_via_ordering_0 20779 50564
11767 get_to truck_1 city_loc_18 -> m_drive_to_via_ordering_0 21022 40875
11991 get_to truck_1 city_loc_17 -> m_drive_to_via_ordering_0 21251 41117
12230 get_to truck_3 city_loc_16 -> m_drive_to_via_ordering_0 21508 41358
12455 get_to truck_3 city_loc_27 -> m_drive_to_via_ordering_0 21738 41597
12918 get_to truck_0 city_loc_22 -> m_drive_to_via_ordering_0 22223 42080
13155 get_to truck_2 city_loc_22 -> m_drive_to_via_ordering_0 22480 42320
13380 get_to truck_2 city_loc_13 -> m_drive_to_via_ordering_0 22709 42591
13849 get_to truck_2 city_loc_4 -> m_drive_to_via_ordering_0 23198 43102
14087 get_to truck_2 city_loc_6 -> m_drive_to_via_ordering_0 43109 43342
14312 get_to truck_2 city_loc_7 -> m_drive_to_via_ordering_0 23681 43612
14554 get_to truck_0 city_loc_7 -> m_drive_to_via_ordering_0 23938 43852
14779 get_to truck_0 city_loc_27 -> m_drive_to_via_ordering_0 24168 44094
15011 get_to truck_0 city_loc_7 -> m_drive_to_via_ordering_0 24412 44334
15236 get_to truck_0 city_loc_18 -> m_drive_to_via_ordering_0 24642 44576
15477 get_to truck_0 city_loc_4 -> m_drive_to_via_ordering_0 24899 44816
15946 get_to truck_0 city_loc_25 -> m_drive_to_via_ordering_0 25388 45327
16171 get_to truck_0 city_loc_4 -> m_drive_to_via_ordering_0 25618 45596
16407 get_to truck_0 city_loc_20 -> m_drive_to_via_ordering_0 25869 45837
16872 get_to truck_0 city_loc_21 -> m_drive_to_via_ordering_0 26355 46348
17097 get_to truck_0 city_loc_27 -> m_drive_to_via_ordering_0 26585 46590
17329 get_to truck_0 city_loc_14 -> m_drive_to_via_ordering_0 26829 46830
18016 get_to truck_3 city_loc_7 -> m_drive_to_via_ordering_0 27543 47609
18258 get_to truck_0 city_loc_17 -> m_drive_to_via_ordering_0 27800 47850
18716 get_to truck_0 city_loc_8 -> m_drive_to_via_ordering_0 28277 48361
18941 get_to truck_0 city_loc_27 -> m_drive_to_via_ordering_0 28507 48604
19173 get_to truck_0 city_loc_7 -> m_drive_to_via_ordering_0 28751 48843
19398 get_to truck_0 city_loc_27 -> m_drive_to_via_ordering_0 28981 49087
19855 get_to truck_0 city_loc_22 -> m_drive_to_via_ordering_0 29455 49570
20092 get_to truck_0 city_loc_4 -> m_drive_to_via_ordering_0 29712 49810
20317 get_to truck_0 city_loc_8 -> m_drive_to_via_ordering_0 29942 50080
20554 get_to truck_0 city_loc_4 -> m_drive_to_via_ordering_0 30197 50320
20779 get_to truck_0 city_loc_16 -> m_drive_to_via_ordering_0 30427 50561
21022 get_to truck_1 city_loc_20 -> m_drive_to_via_ordering_0 40647 40873
21251 get_to truck_1 city_loc_20 -> m_drive_to_via_ordering_0 40882 41113
21508 get_to truck_3 city_loc_8 -> m_drive_to_via_ordering_0 41131 41355
21738 get_to truck_3 city_loc_27 -> m_drive_to_via_ordering_0 41366 41594
22223 get_to truck_0 city_loc_16 -> m_drive_to_via_ordering_0 41847 42075
22480 get_to truck_2 city_loc_11 -> m_drive_to_via_ordering_0 42094 42316
22709 get_to truck_2 city_loc_26 -> m_drive_to_via_ordering_0 42329 42586
23198 get_to truck_2 city_loc_5 -> m_drive_to_via_ordering_0 42840 43097
23681 get_to truck_2 city_loc_3 -> m_drive_to_via_ordering_0 43353 43606
23938 get_to truck_0 city_loc_20 -> m_drive_to_via_ordering_0 43622 43849
24168 get_to truck_0 city_loc_22 -> m_drive_to_via_ordering_0 33895 44088
24412 get_to truck_0 city_loc_20 -> m_drive_to_via_ordering_0 34158 44331
24642 get_to truck_0 city_loc_5 -> m_drive_to_via_ordering_0 34392 44571
24899 get_to truck_0 city_loc_7 -> m_drive_to_via_ordering_0 34659 44813
25388 get_to truck_0 city_loc_4 -> m_drive_to_via_ordering_0 35159 45324
25618 get_to truck_0 city_loc_4 -> m_drive_to_via_ordering_0 45334 45591
25869 get_to truck_0 city_loc_7 -> m_drive_to_via_ordering_0 35658 45834
26355 get_to truck_0 city_loc_9 -> m_drive_to_via_ordering_0 36159 46345
26585 get_to truck_0 city_loc_17 -> m_drive_to_via_ordering_0 36393 46585
26829 get_to truck_0 city_loc_26 -> m_drive_to_via_ordering_0 36656 46827
27543 get_to truck_3 city_loc_20 -> m_drive_to_via_ordering_0 47352 47605
27800 get_to truck_0 city_loc_16 -> m_drive_to_via_ordering_0 37654 47847
28277 get_to truck_0 city_loc_6 -> m_drive_to_via_ordering_0 38153 48358
28507 get_to truck_0 city_loc_17 -> m_drive_to_via_ordering_0 38387 48599
28751 get_to truck_0 city_loc_19 -> m_drive_to_via_ordering_0 38650 48841
28981 get_to truck_0 city_loc_17 -> m_drive_to_via_ordering_0 48852 49082
29455 get_to truck_0 city_loc_27 -> m_drive_to_via_ordering_0 39383 49564
29712 get_to truck_0 city_loc_7 -> m_drive_to_via_ordering_0 39650 49807
29942 get_to truck_0 city_loc_26 -> m_drive_to_via_ordering_0 39884 50075
30197 get_to truck_0 city_loc_7 -> m_drive_to_via_ordering_0 40149 50317
30427 get_to truck_0 city_loc_8 -> m_drive_to_via_ordering_0 40383 50557
33895 get_to truck_0 city_loc_16 -> m_drive_to_via_ordering_0 43863 43902
34158 get_to truck_0 city_loc_17 -> m_drive_to_via_ordering_0 44102 44144
34392 get_to truck_0 city_loc_4 -> m_drive_to_via_ordering_0 44344 44384
34659 get_to truck_0 city_loc_20 -> m_drive_to_via_ordering_0 44585 44626
35159 get_to truck_0 city_loc_5 -> m_drive_to_via_ordering_0 45097 45137
35658 get_to truck_0 city_loc_4 -> m_drive_to_via_ordering_0 45606 45647
36159 get_to truck_0 city_loc_26 -> m_drive_to_via_ordering_0 46117 46158
36393 get_to truck_0 city_loc_19 -> m_drive_to_via_ordering_0 46360 46398
36656 get_to truck_0 city_loc_17 -> m_drive_to_via_ordering_0 46603 46640
37654 get_to truck_0 city_loc_8 -> m_drive_to_via_ordering_0 47618 47660
38153 get_to truck_0 city_loc_8 -> m_drive_to_via_ordering_0 48137 48172
38387 get_to truck_0 city_loc_26 -> m_drive_to_via_ordering_0 48368 48413
38650 get_to truck_0 city_loc_17 -> m_drive_to_via_ordering_0 48611 48654
39383 get_to truck_0 city_loc_10 -> m_drive_to_via_ordering_0 49339 49378
39650 get_to truck_0 city_loc_20 -> m_drive_to_via_ordering_0 49585 49620
39884 get_to truck_0 city_loc_3 -> m_drive_to_via_ordering_0 49818 49888
40149 get_to truck_0 city_loc_19 -> m_drive_to_via_ordering_0 50093 50130
40383 get_to truck_0 city_loc_26 -> m_drive_to_via_ordering_0 50332 50370
40647 get_to truck_1 city_loc_17 -> m_i_am_there_ordering_0 40648
40880 load truck_1 city_loc_23 package_14 -> m_load_ordering_0 40881
40882 get_to truck_1 city_loc_18 -> m_drive_to_ordering_0 40883
41122 unload truck_1 city_loc_16 package_14 -> m_unload_ordering_0 41123
41131 get_to truck_3 city_loc_6 -> m_drive_to_ordering_0 41132
41362 load truck_3 city_loc_0 package_11 -> m_load_ordering_0 41363
41366 get_to truck_3 city_loc_22 -> m_drive_to_ordering_0 41367
41601 unload truck_3 city_loc_22 package_11 -> m_unload_ordering_0 41602
41611 get_to truck_0 city_loc_7 -> m_drive_to_ordering_0 41612
41841 load truck_0 city_loc_2 package_18 -> m_load_ordering_0 41842
41847 get_to truck_0 city_loc_0 -> m_drive_to_ordering_0 41848
42084 unload truck_0 city_loc_11 package_18 -> m_unload_ordering_0 42085
42094 get_to truck_2 city_loc_20 -> m_drive_to_ordering_0 42095
42324 load truck_2 city_loc_27 package_7 -> m_load_ordering_0 42325
42329 get_to truck_2 city_loc_17 -> m_drive_to_ordering_0 42330
42595 unload truck_2 city_loc_3 package_7 -> m_unload_ordering_0 42596
42605 get_to truck_2 city_loc_7 -> m_drive_to_ordering_0 42606
42835 load truck_2 city_loc_20 package_1 -> m_load_ordering_0 42836
42840 get_to truck_2 city_loc_18 -> m_drive_to_ordering_0 42841
43106 unload truck_2 city_loc_25 package_1 -> m_unload_ordering_0 43107
43109 get_to truck_2 city_loc_24 -> m_drive_to_ordering_0 43110
43346 load truck_2 city_loc_8 package_5 -> m_load_ordering_0 43347
43353 get_to truck_2 city_loc_26 -> m_drive_to_ordering_0 43354
43616 unload truck_2 city_loc_4 package_5 -> m_unload_ordering_0 43617
43622 get_to truck_0 city_loc_11 -> m_i_am_there_ordering_0 43623
43856 load truck_0 city_loc_12 package_10 -> m_load_ordering_0 43857
43863 get_to truck_0 city_loc_28 -> m_drive_to_ordering_0 43864
44098 unload truck_0 city_loc_10 package_10 -> m_unload_ordering_0 44099
44102 get_to truck_0 city_loc_27 -> m_drive_to_ordering_0 44103
44338 load truck_0 city_loc_12 package_15 -> m_load_ordering_0 44339
44344 get_to truck_0 city_loc_7 -> m_drive_to_ordering_0 44345
44580 unload truck_0 city_loc_20 package_15 -> m_unload_ordering_0 44581
44585 get_to truck_0 city_loc_18 -> m_drive_to_ordering_0 44586
44820 load truck_0 city_loc_14 package_2 -> m_load_ordering_0 44821
44830 get_to truck_0 city_loc_18 -> m_drive_to_ordering_0 44831
45091 unload truck_0 city_loc_18 package_2 -> m_unload_ordering_0 45092
45097 get_to truck_0 city_loc_18 -> m_i_am_there_ordering_0 45098
45331 load truck_0 city_loc_4 package_19 -> m_load_ordering_0 45332
45334 get_to truck_0 city_loc_4 -> m_i_am_there_ordering_0 45335
45601 unload truck_0 city_loc_15 package_19 -> m_unload_ordering_0 45602
45606 get_to truck_0 city_loc_4 -> m_drive_to_ordering_0 45607
45841 load truck_0 city_loc_18 package_16 -> m_load_ordering_0 45842
45843 get_to truck_0 city_loc_26 -> m_drive_to_ordering_0 45844
46112 unload truck_0 city_loc_13 package_16 -> m_unload_ordering_0 46113
46117 get_to truck_0 city_loc_9 -> m_drive_to_ordering_0 46118
46352 load truck_0 city_loc_24 package_9 -> m_load_ordering_0 46353
46360 get_to truck_0 city_loc_25 -> m_drive_to_ordering_0 46361
46594 unload truck_0 city_loc_10 package_9 -> m_unload_ordering_0 46595
46603 get_to truck_0 city_loc_27 -> m_drive_to_ordering_0 46604
46834 load truck_0 city_loc_26 package_3 -> m_load_ordering_0 46835
46843 get_to truck_0 city_loc_8 -> m_drive_to_ordering_0 46844
47104 unload truck_0 city_loc_24 package_3 -> m_unload_ordering_0 47105
47108 get_to truck_3 city_loc_11 -> m_drive_to_ordering_0 47109
47344 load truck_3 city_loc_11 package_0 -> m_load_ordering_0 47345
47352 get_to truck_3 city_loc_11 -> m_i_am_there_ordering_0 47353
47614 unload truck_3 city_loc_4 package_0 -> m_unload_ordering_0 47615
47618 get_to truck_0 city_loc_6 -> m_drive_to_ordering_0 47619
47854 load truck_0 city_loc_16 package_12 -> m_load_ordering_0 47855
47859 get_to truck_0 city_loc_28 -> m_drive_to_ordering_0 47860
48126 unload truck_0 city_loc_28 package_12 -> m_unload_ordering_0 48127
48137 get_to truck_0 city_loc_16 -> m_drive_to_ordering_0 48138
48366 load truck_0 city_loc_24 package_13 -> m_load_ordering_0 48367
48368 get_to truck_0 city_loc_21 -> m_drive_to_ordering_0 48369
48608 unload truck_0 city_loc_10 package_13 -> m_unload_ordering_0 48609
48611 get_to truck_0 city_loc_27 -> m_drive_to_ordering_0 48612
48848 load truck_0 city_loc_3 package_8 -> m_load_ordering_0 48849
48852 get_to truck_0 city_loc_26 -> m_drive_to_ordering_0 48853
49091 unload truck_0 city_loc_10 package_8 -> m_unload_ordering_0 49092
49095 get_to truck_0 city_loc_29 -> m_drive_to_ordering_0 49096
49331 load truck_0 city_loc_29 package_17 -> m_load_ordering_0 49332
49339 get_to truck_0 city_loc_29 -> m_i_am_there_ordering_0 49340
49574 unload truck_0 city_loc_11 package_17 -> m_unload_ordering_0 49575
49585 get_to truck_0 city_loc_11 -> m_i_am_there_ordering_0 49586
49814 load truck_0 city_loc_7 package_6 -> m_load_ordering_0 49815
49818 get_to truck_0 city_loc_7 -> m_i_am_there_ordering_0 49819
50084 unload truck_0 city_loc_24 package_6 -> m_unload_ordering_0 50085
50093 get_to truck_0 city_loc_25 -> m_drive_to_ordering_0 50094
50324 load truck_0 city_loc_7 package_4 -> m_load_ordering_0 50325
50332 get_to truck_0 city_loc_3 -> m_drive_to_ordering_0 50333
50566 unload truck_0 city_loc_0 package_4 -> m_unload_ordering_0 50567
<==
18.187 End of solution plan. (counted length of 197)
18.187 Total amount of clauses encoded: 886173
18.187 - indirectframeaxioms : 431312 cls
18.187 - directframeaxioms : 132080 cls
18.187 - qfactsemantics : 117404 cls
18.187 - actionconstraints : 89452 cls
18.187 - reductionconstraints : 73974 cls
18.187 - qconstequality : 16650 cls
18.187 - substitutionconstraints : 13915 cls
18.187 - atmostoneelement : 5102 cls
18.187 - expansions : 2646 cls
18.187 - predecessors : 2392 cls
18.187 - actioneffects : 880 cls
18.187 - truefacts : 364 cls
18.187 - axiomaticops : 2 cls
18.187 # instantiated positions: 827
18.187 # instantiated actions: 2172
18.187 # instantiated reductions: 221
18.187 # introduced pseudo-constants: 409
18.187 # retroactive prunings: 0
18.187 # retroactively pruned operations: 0
18.187 # dominated operations: 16
18.187 # total invalid rigid preconditions found in getPFC: 0
18.187 # invalid rigid preconditions found in getPFC: 0
18.187 # invalid rigid preconditions found in getPFC in varrestrictions: 0
18.187 # total invalid fluent preconditions found in getPFC: 0
18.187 # invalid fluent preconditions found in getPFC: 0
18.187 # invalid fluent preconditions found in getPFC in varrestrictions: 0
18.187 # invalid fluent preconditions found in getPFC via postconditions: 0
18.187 # invalid operations found in getPFC via subtasks: 0
18.187 # invalid operations found in getPFC via postconditions: 0
18.187 # number effects in operation fact_frames: 148
18.187 # number of variables restricted: 9320
18.187 # number of nodes variables restricted: 9280
18.187 Exiting happily.

RUNWATCH_RESULT EXIT RETVAL 0 TIME_SECS 18.2109 MEMPEAK_KBS 313888
