    _           _         _
   \ |         \ |       | |                       
   | |     __  | |      _| |______                
   | |     \/  | |     /_   ______\                
   | |      _  | |   __  | |  ___   ___   ___       
   | |___  | | | |  / .\ | | / , | |   \ / ·_\    
   \_____\ |_| |__\ \__/ |_| \___) |_|_| \___\  
[39mL i l o t a n e  version rls-glucose4
by Dominik Schreiber <dominik.schreiber@kit.edu> 2020-2021
using SAT solver glucose4

0.040 Parser finished.
0.041 Structures extracted.
0.042 30 operators and 85 methods created.
0.116 Mined 125 new reduction preconditions (+inf%).
0.116 Iteration 0.
0.116 Creating initial layer of size 2
0.126 Attempting to solve formula with 355 clauses (531 literals) and 1 assumptions
0.126 Unsolvable at layer 0 -- expanding.
0.126 Iteration 1.
0.126 New layer size: 56
0.126 Instantiating ...
0.283 Collected 176 relevant facts at this layer
0.283 Encoding ...
0.299 Attempting to solve formula with 2172 clauses (4660 literals) and 55 assumptions
0.299 Unsolvable at layer 1 -- expanding.
0.299 Iteration 2.
0.299 New layer size: 56
0.299 Instantiating ...
0.430 Collected 176 relevant facts at this layer
0.430 Encoding ...
0.440 Attempting to solve formula with 2411 clauses (5095 literals) and 55 assumptions
0.440 Unsolvable at layer 2 -- expanding.
0.440 Iteration 3.
0.440 New layer size: 166
0.440 Instantiating ...
0.571 Collected 628 relevant facts at this layer
0.571 Encoding ...
0.642 Attempting to solve formula with 87296 clauses (236472 literals) and 165 assumptions
0.642 Unsolvable at layer 3 -- expanding.
0.642 Iteration 4.
0.642 New layer size: 166
0.642 Instantiating ...
0.647 Retroactively prune action (__SURROGATE*method3*do_grind* Q_1,1_surface:0_38acfba203dcc059 black Q_3,3_treatmentstatus:0_783e64800fac2a26 Q_3,3_surface:0_38acfba203dcc059 Q_3,3_acolour:0_5dc41c08f2d98de untreated p1 natural verysmooth) due to impossible effect !(treatment p1 Q_3,3_treatmentstatus:0_783e64800fac2a26)
0.647 Retroactively prune action (__SURROGATE*method3*do_grind* Q_1,1_surface:0_38acfba203dcc059 black Q_3,3_treatmentstatus:0_783e64800fac2a26 Q_1,1_surface:1_38acfba203dcc059 Q_3,3_acolour:0_5dc41c08f2d98de untreated p1 natural verysmooth) due to impossible effect !(treatment p1 Q_3,3_treatmentstatus:0_783e64800fac2a26)
0.652 Retroactively prune action (__SURROGATE*method3*do_grind* Q_1,3_surface:0_38acfba203dcc059 Q_3,9_acolour:0_5dc41c08f2d98de Q_3,9_treatmentstatus:0_783e64800fac2a26 Q_1,3_surface:1_38acfba203dcc059 Q_3,9_acolour:1_5dc41c08f2d98de untreated p3 natural verysmooth) due to impossible effect !(treatment p3 Q_3,9_treatmentstatus:0_783e64800fac2a26)
0.652 Retroactively prune action (__SURROGATE*method3*do_grind* Q_1,3_surface:0_38acfba203dcc059 Q_3,9_acolour:0_5dc41c08f2d98de Q_3,9_treatmentstatus:0_783e64800fac2a26 Q_3,9_surface:0_38acfba203dcc059 Q_3,9_acolour:1_5dc41c08f2d98de untreated p3 natural verysmooth) due to impossible effect !(treatment p3 Q_3,9_treatmentstatus:0_783e64800fac2a26)
0.676 Retroactively prune action (__SURROGATE*method3*do_grind* Q_1,14_surface:0_38acfba203dcc059 Q_3,42_acolour:0_5dc41c08f2d98de Q_3,42_treatmentstatus:0_783e64800fac2a26 Q_1,14_surface:1_38acfba203dcc059 Q_3,42_acolour:1_5dc41c08f2d98de untreated p14 natural verysmooth) due to impossible effect !(surface_condition p14 Q_1,14_surface:0_38acfba203dcc059)
0.676 Retroactively prune action (__SURROGATE*method3*do_grind* Q_1,14_surface:0_38acfba203dcc059 Q_3,42_acolour:0_5dc41c08f2d98de Q_3,42_treatmentstatus:0_783e64800fac2a26 Q_3,42_surface:0_38acfba203dcc059 Q_3,42_acolour:1_5dc41c08f2d98de untreated p14 natural verysmooth) due to impossible effect !(surface_condition p14 Q_1,14_surface:0_38acfba203dcc059)
0.691 Retroactively prune action (__SURROGATE*method3*do_grind* Q_1,20_surface:0_38acfba203dcc059 Q_3,60_acolour:0_5dc41c08f2d98de Q_3,60_treatmentstatus:0_783e64800fac2a26 Q_3,60_surface:0_38acfba203dcc059 Q_3,60_acolour:1_5dc41c08f2d98de untreated p20 natural verysmooth) due to impossible effect !(treatment p20 Q_3,60_treatmentstatus:0_783e64800fac2a26)
0.691 Retroactively prune action (__SURROGATE*method3*do_grind* Q_1,20_surface:0_38acfba203dcc059 Q_3,60_acolour:0_5dc41c08f2d98de Q_3,60_treatmentstatus:0_783e64800fac2a26 Q_1,20_surface:1_38acfba203dcc059 Q_3,60_acolour:1_5dc41c08f2d98de untreated p20 natural verysmooth) due to impossible effect !(treatment p20 Q_3,60_treatmentstatus:0_783e64800fac2a26)
0.704 Retroactively prune action (__SURROGATE*method3*do_grind* Q_1,25_surface:0_38acfba203dcc059 Q_3,75_acolour:0_5dc41c08f2d98de Q_3,75_treatmentstatus:0_783e64800fac2a26 Q_3,75_surface:0_38acfba203dcc059 Q_3,75_acolour:1_5dc41c08f2d98de untreated p25 natural verysmooth) due to impossible effect !(surface_condition p25 Q_1,25_surface:0_38acfba203dcc059)
0.704 Retroactively prune action (__SURROGATE*method3*do_grind* Q_1,25_surface:0_38acfba203dcc059 Q_3,75_acolour:0_5dc41c08f2d98de Q_3,75_treatmentstatus:0_783e64800fac2a26 Q_1,25_surface:1_38acfba203dcc059 Q_3,75_acolour:1_5dc41c08f2d98de untreated p25 natural verysmooth) due to impossible effect !(surface_condition p25 Q_1,25_surface:0_38acfba203dcc059)
0.737 Retroactively prune action (__SURROGATE*method3*do_grind* Q_1,38_surface:0_38acfba203dcc059 Q_3,114_acolour:0_5dc41c08f2d98de Q_3,114_treatmentstatus:0_783e64800fac2a26 Q_3,114_surface:0_38acfba203dcc059 Q_3,114_acolour:1_5dc41c08f2d98de untreated p38 natural verysmooth) due to impossible effect !(treatment p38 Q_3,114_treatmentstatus:0_783e64800fac2a26)
0.737 Retroactively prune action (__SURROGATE*method3*do_grind* Q_1,38_surface:0_38acfba203dcc059 Q_3,114_acolour:0_5dc41c08f2d98de Q_3,114_treatmentstatus:0_783e64800fac2a26 Q_1,38_surface:1_38acfba203dcc059 Q_3,114_acolour:1_5dc41c08f2d98de untreated p38 natural verysmooth) due to impossible effect !(treatment p38 Q_3,114_treatmentstatus:0_783e64800fac2a26)
0.748 Retroactively prune action (__SURROGATE*method3*do_grind* Q_1,41_surface:0_38acfba203dcc059 Q_3,123_acolour:0_5dc41c08f2d98de Q_3,123_treatmentstatus:0_783e64800fac2a26 Q_3,123_surface:0_38acfba203dcc059 Q_3,123_acolour:1_5dc41c08f2d98de untreated p41 natural verysmooth) due to impossible effect !(surface_condition p41 Q_1,41_surface:0_38acfba203dcc059)
0.748 Retroactively prune action (__SURROGATE*method3*do_grind* Q_1,41_surface:0_38acfba203dcc059 Q_3,123_acolour:0_5dc41c08f2d98de Q_3,123_treatmentstatus:0_783e64800fac2a26 Q_1,41_surface:1_38acfba203dcc059 Q_3,123_acolour:1_5dc41c08f2d98de untreated p41 natural verysmooth) due to impossible effect !(surface_condition p41 Q_1,41_surface:0_38acfba203dcc059)
0.761 Retroactively prune action (__SURROGATE*method3*do_grind* Q_1,45_surface:0_38acfba203dcc059 Q_3,135_acolour:0_5dc41c08f2d98de Q_3,135_treatmentstatus:0_783e64800fac2a26 Q_1,45_surface:1_38acfba203dcc059 Q_3,135_acolour:1_5dc41c08f2d98de untreated p45 natural verysmooth) due to impossible effect !(treatment p45 Q_3,135_treatmentstatus:0_783e64800fac2a26)
0.761 Retroactively prune action (__SURROGATE*method3*do_grind* Q_1,45_surface:0_38acfba203dcc059 Q_3,135_acolour:0_5dc41c08f2d98de Q_3,135_treatmentstatus:0_783e64800fac2a26 Q_3,135_surface:0_38acfba203dcc059 Q_3,135_acolour:1_5dc41c08f2d98de untreated p45 natural verysmooth) due to impossible effect !(treatment p45 Q_3,135_treatmentstatus:0_783e64800fac2a26)
0.767 Retroactively prune action (__SURROGATE*method3*do_grind* Q_1,46_surface:0_38acfba203dcc059 Q_3,138_acolour:0_5dc41c08f2d98de Q_3,138_treatmentstatus:0_783e64800fac2a26 Q_1,46_surface:1_38acfba203dcc059 Q_3,138_acolour:1_5dc41c08f2d98de untreated p46 natural verysmooth) due to impossible effect !(treatment p46 Q_3,138_treatmentstatus:0_783e64800fac2a26)
0.767 Retroactively prune action (__SURROGATE*method3*do_grind* Q_1,46_surface:0_38acfba203dcc059 Q_3,138_acolour:0_5dc41c08f2d98de Q_3,138_treatmentstatus:0_783e64800fac2a26 Q_3,138_surface:0_38acfba203dcc059 Q_3,138_acolour:1_5dc41c08f2d98de untreated p46 natural verysmooth) due to impossible effect !(treatment p46 Q_3,138_treatmentstatus:0_783e64800fac2a26)
0.778 Retroactively prune action (__SURROGATE*method3*do_grind* Q_1,49_surface:0_38acfba203dcc059 Q_3,147_acolour:0_5dc41c08f2d98de Q_3,147_treatmentstatus:0_783e64800fac2a26 Q_3,147_surface:0_38acfba203dcc059 Q_3,147_acolour:1_5dc41c08f2d98de untreated p49 natural verysmooth) due to impossible effect !(treatment p49 Q_3,147_treatmentstatus:0_783e64800fac2a26)
0.778 Retroactively prune action (__SURROGATE*method3*do_grind* Q_1,49_surface:0_38acfba203dcc059 Q_3,147_acolour:0_5dc41c08f2d98de Q_3,147_treatmentstatus:0_783e64800fac2a26 Q_1,49_surface:1_38acfba203dcc059 Q_3,147_acolour:1_5dc41c08f2d98de untreated p49 natural verysmooth) due to impossible effect !(treatment p49 Q_3,147_treatmentstatus:0_783e64800fac2a26)
0.792 Retroactively prune action (__SURROGATE*method3*do_grind* Q_1,53_surface:0_38acfba203dcc059 Q_3,159_acolour:0_5dc41c08f2d98de Q_3,159_treatmentstatus:0_783e64800fac2a26 Q_3,159_surface:0_38acfba203dcc059 Q_3,159_acolour:1_5dc41c08f2d98de untreated p53 natural verysmooth) due to impossible effect !(surface_condition p53 Q_1,53_surface:0_38acfba203dcc059)
0.792 Retroactively prune action (__SURROGATE*method3*do_grind* Q_1,53_surface:0_38acfba203dcc059 Q_3,159_acolour:0_5dc41c08f2d98de Q_3,159_treatmentstatus:0_783e64800fac2a26 Q_1,53_surface:1_38acfba203dcc059 Q_3,159_acolour:1_5dc41c08f2d98de untreated p53 natural verysmooth) due to impossible effect !(surface_condition p53 Q_1,53_surface:0_38acfba203dcc059)
0.801 Collected 831 relevant facts at this layer
0.801 Encoding ...
0.948 Attempting to solve formula with 203293 clauses (563106 literals) and 43 assumptions
0.951 Unsolvable at layer 4 -- expanding.
0.951 Iteration 5.
0.951 New layer size: 166
0.951 Instantiating ...
1.092 Collected 1268 relevant facts at this layer
1.092 Encoding ...
1.234 Attempting to solve formula with 246351 clauses (706805 literals) and 0 assumptions
c last restart ## conflicts  :  384 6034 
1.387 Found a solution at layer 5.
==>
29581 do_saw_small b11 p0 oak rough s6 s5 small natural untreated
30039 do_plane p0 rough natural untreated smooth untreated natural
30176 do_spray_varnish p0 spray_varnisher6 mauve smooth untreated untreated varnished natural
30178 do_plane p1 verysmooth black varnished smooth untreated natural
30184 do_grind_untreated p1 grinder2 smooth natural untreated untreated untreated untreated untreated verysmooth natural
30189 do_glaze p1 glazer12 white untreated untreated glazed natural
30191 do_saw_medium b3 p2 walnut rough s7 s6 s5 medium natural untreated
30224 do_grind_untreated p2 grinder3 rough natural untreated untreated untreated untreated untreated verysmooth natural
30358 do_glaze p2 glazer12 white untreated untreated glazed natural
30362 do_plane p3 verysmooth blue varnished smooth untreated natural
30366 do_glaze p3 glazer2 natural untreated untreated glazed natural
30375 do_saw_small b3 p4 walnut rough s7 s6 small natural untreated
30398 do_grind_untreated p4 grinder3 rough natural untreated untreated untreated untreated untreated verysmooth natural
30534 do_spray_varnish p4 spray_varnisher6 black verysmooth untreated untreated varnished natural
30536 do_saw_large b4 p5 teak rough s6 s4 s5 s3 large natural untreated
30578 do_plane p5 rough natural untreated smooth untreated natural
30713 do_immersion_varnish p5 immersion_varnisher9 black smooth untreated untreated varnished natural
30717 do_saw_large b8 p6 cherry smooth s3 s1 s2 s0 large natural untreated
30762 do_grind_untreated p6 grinder3 smooth natural untreated untreated untreated untreated untreated verysmooth natural
30894 do_spray_varnish p6 spray_varnisher3 blue verysmooth untreated untreated varnished natural
30898 do_saw_small b5 p7 teak smooth s4 s3 small natural untreated
30920 do_grind p7 smooth natural untreated untreated verysmooth natural
31055 do_spray_varnish p7 spray_varnisher13 green verysmooth untreated untreated varnished natural
31059 do_saw_medium b9 p8 beech rough s8 s7 s6 medium natural untreated
31091 do_plane_untreated p8 planer10 rough natural untreated untreated untreated smooth natural
31228 do_spray_varnish p8 spray_varnisher6 mauve smooth untreated untreated varnished natural
31230 do_saw_small b9 p9 beech rough s8 s7 small natural untreated
31253 do_plane p9 rough natural untreated smooth untreated natural
31389 do_glaze p9 glazer2 blue untreated untreated glazed natural
31391 do_saw_small b0 p10 pine rough s5 s4 small natural untreated
31413 do_plane_untreated p10 planer10 rough natural untreated untreated untreated smooth natural
31548 do_glaze p10 glazer2 mauve untreated untreated glazed natural
31552 do_saw_large b7 p11 cherry rough s6 s4 s5 s3 large natural untreated
31596 do_grind_untreated p11 grinder3 rough natural untreated untreated untreated untreated untreated verysmooth natural
31730 do_immersion_varnish p11 immersion_varnisher9 black verysmooth untreated untreated varnished natural
31734 do_saw_medium b1 p12 pine rough s6 s5 s4 medium natural untreated
31766 do_plane p12 rough natural untreated smooth untreated natural
31901 do_glaze p12 glazer2 natural untreated untreated glazed natural
31905 do_saw_small b6 p13 teak rough s2 s1 small natural untreated
31927 do_plane p13 rough natural untreated smooth untreated natural
32064 do_glaze p13 glazer2 red untreated untreated glazed natural
32066 do_plane p14 rough green glazed smooth untreated natural
32070 do_grind_untreated p14 grinder2 smooth natural untreated untreated untreated untreated untreated verysmooth natural
32075 do_spray_varnish p14 spray_varnisher6 mauve verysmooth untreated untreated varnished natural
32079 do_saw_small b12 p15 oak smooth s9 s8 small natural untreated
32104 do_grind_untreated p15 grinder3 smooth natural untreated untreated untreated untreated untreated verysmooth natural
32238 do_spray_varnish p15 spray_varnisher6 red verysmooth untreated untreated varnished natural
32241 do_saw_large b11 p16 oak rough s6 s4 s5 s3 large natural untreated
32283 do_plane_untreated p16 planer10 rough natural untreated untreated untreated smooth natural
32421 do_immersion_varnish p16 immersion_varnisher12 white smooth untreated untreated varnished natural
32423 do_saw_large b12 p17 oak smooth s9 s7 s8 s6 large natural untreated
32465 do_plane p17 smooth natural untreated smooth untreated natural
32601 do_immersion_varnish p17 immersion_varnisher12 red smooth untreated untreated varnished natural
32605 do_saw_small b4 p18 teak rough s6 s5 small natural untreated
32630 do_plane p18 rough natural untreated smooth untreated natural
32762 do_spray_varnish p18 spray_varnisher3 blue smooth untreated untreated varnished natural
32768 do_grind p19 smooth natural glazed untreated verysmooth natural
32771 do_grind_untreated p19 grinder3 verysmooth natural untreated untreated untreated untreated untreated verysmooth natural
32777 do_immersion_varnish p19 immersion_varnisher12 blue verysmooth untreated untreated varnished natural
32782 do_plane p20 verysmooth blue varnished smooth untreated natural
32787 do_spray_varnish p20 spray_varnisher6 white smooth untreated untreated varnished natural
32794 do_saw_small b11 p21 oak rough s3 s2 small natural untreated
32816 do_plane p21 rough natural untreated smooth untreated natural
32953 do_immersion_varnish p21 immersion_varnisher12 green smooth untreated untreated varnished natural
32956 do_saw_medium b14 p22 mahogany rough s3 s2 s1 medium natural untreated
32988 do_plane p22 rough natural untreated smooth untreated natural
33123 do_immersion_varnish p22 immersion_varnisher12 blue smooth untreated untreated varnished natural
33127 do_saw_small b6 p23 teak rough s1 s0 small natural untreated
33152 do_grind_untreated p23 grinder3 rough natural untreated untreated untreated untreated untreated verysmooth natural
33284 do_glaze p23 glazer2 red untreated untreated glazed natural
33288 do_saw_large b9 p24 beech rough s8 s6 s7 s5 large natural untreated
33333 do_grind_untreated p24 grinder3 rough natural untreated untreated untreated untreated untreated verysmooth natural
33468 do_glaze p24 glazer2 red untreated untreated glazed natural
33470 do_plane p25 rough red glazed smooth untreated natural
33473 do_immersion_varnish p25 immersion_varnisher12 red smooth untreated untreated varnished natural
33483 do_saw_large b13 p26 mahogany rough s7 s5 s6 s4 large natural untreated
33525 do_plane p26 rough natural untreated smooth untreated natural
33660 do_spray_varnish p26 spray_varnisher6 mauve smooth untreated untreated varnished natural
33664 do_saw_small b7 p27 cherry rough s6 s5 small natural untreated
33687 do_grind_untreated p27 grinder3 rough natural untreated untreated untreated untreated untreated verysmooth natural
33822 do_immersion_varnish p27 immersion_varnisher9 mauve verysmooth untreated untreated varnished natural
33826 do_saw_small b11 p28 oak rough s5 s4 small natural untreated
33849 do_grind_untreated p28 grinder3 rough natural untreated untreated untreated untreated untreated verysmooth natural
33983 do_immersion_varnish p28 immersion_varnisher12 natural verysmooth untreated untreated varnished natural
33987 do_saw_small b7 p29 cherry rough s5 s4 small natural untreated
34011 do_grind_untreated p29 grinder3 rough natural untreated untreated untreated untreated untreated verysmooth natural
34146 do_immersion_varnish p29 immersion_varnisher9 mauve verysmooth untreated untreated varnished natural
34148 do_saw_large b0 p30 pine rough s4 s2 s3 s1 large natural untreated
34193 do_plane p30 rough natural untreated smooth untreated natural
34326 do_glaze p30 glazer2 natural untreated untreated glazed natural
34330 do_saw_medium b13 p31 mahogany rough s7 s6 s5 medium natural untreated
34362 do_plane_untreated p31 planer10 rough natural untreated untreated untreated smooth natural
34498 do_glaze p31 glazer2 green untreated untreated glazed natural
34502 do_saw_medium b3 p32 walnut rough s7 s6 s5 medium natural untreated
34535 do_plane_untreated p32 planer10 rough natural untreated untreated untreated smooth natural
34669 do_spray_varnish p32 spray_varnisher3 natural smooth untreated untreated varnished natural
34673 do_saw_small b3 p33 walnut rough s5 s4 small natural untreated
34695 do_plane p33 rough natural untreated smooth untreated natural
34831 do_glaze p33 glazer2 green untreated untreated glazed natural
34834 do_saw_medium b4 p34 teak rough s5 s4 s3 medium natural untreated
34868 do_plane_untreated p34 planer10 rough natural untreated untreated untreated smooth natural
35002 do_spray_varnish p34 spray_varnisher3 blue smooth untreated untreated varnished natural
35006 do_saw_medium b12 p35 oak smooth s9 s8 s7 medium natural untreated
35039 do_plane_untreated p35 planer10 smooth natural untreated untreated untreated smooth natural
35174 do_glaze p35 glazer2 blue untreated untreated glazed natural
35178 do_saw_medium b11 p36 oak rough s3 s2 s1 medium natural untreated
35213 do_plane p36 rough natural untreated smooth untreated natural
35345 do_glaze p36 glazer6 black untreated untreated glazed natural
35349 do_saw_small b2 p37 walnut rough s3 s2 small natural untreated
35372 do_plane_untreated p37 planer10 rough natural untreated untreated untreated smooth natural
35508 do_spray_varnish p37 spray_varnisher3 natural smooth untreated untreated varnished natural
35511 do_plane p38 smooth green varnished smooth untreated natural
35514 do_grind_untreated p38 grinder3 smooth natural untreated untreated untreated untreated untreated verysmooth natural
35518 do_glaze p38 glazer2 mauve untreated untreated glazed natural
35523 do_saw_large b5 p39 teak smooth s3 s1 s2 s0 large natural untreated
35566 do_grind p39 smooth natural untreated untreated verysmooth natural
35703 do_spray_varnish p39 spray_varnisher6 black verysmooth untreated untreated varnished natural
35705 do_saw_small b0 p40 pine rough s1 s0 small natural untreated
35728 do_grind_untreated p40 grinder3 rough natural untreated untreated untreated untreated untreated verysmooth natural
35862 do_spray_varnish p40 spray_varnisher3 blue verysmooth untreated untreated varnished natural
35866 do_plane p41 rough blue colourfragments smooth untreated natural
35871 do_glaze p41 glazer2 natural untreated untreated glazed natural
35879 do_saw_medium b9 p42 beech rough s8 s7 s6 medium natural untreated
35914 do_grind_untreated p42 grinder3 rough natural untreated untreated untreated untreated untreated verysmooth natural
36047 do_spray_varnish p42 spray_varnisher13 green verysmooth untreated untreated varnished natural
36051 do_saw_medium b8 p43 cherry smooth s3 s2 s1 medium natural untreated
36083 do_plane p43 smooth natural untreated smooth untreated natural
36220 do_spray_varnish p43 spray_varnisher6 mauve smooth untreated untreated varnished natural
36222 do_saw_medium b3 p44 walnut rough s6 s5 s4 medium natural untreated
36254 do_plane p44 rough natural untreated smooth untreated natural
36389 do_spray_varnish p44 spray_varnisher6 mauve smooth untreated untreated varnished natural
36393 do_plane p45 smooth green varnished smooth untreated natural
36399 do_grind_untreated p45 grinder4 smooth natural untreated untreated untreated untreated untreated verysmooth natural
36403 do_spray_varnish p45 spray_varnisher6 mauve verysmooth untreated untreated varnished natural
36406 do_plane p46 smooth mauve varnished smooth untreated natural
36411 do_grind_untreated p46 grinder3 smooth natural untreated untreated untreated untreated untreated verysmooth natural
36415 do_immersion_varnish p46 immersion_varnisher12 blue verysmooth untreated untreated varnished natural
36419 do_saw_large b11 p47 oak rough s5 s3 s4 s2 large natural untreated
36462 do_plane p47 rough natural untreated smooth untreated natural
36596 do_spray_varnish p47 spray_varnisher6 black smooth untreated untreated varnished natural
36600 do_saw_small b2 p48 walnut rough s2 s1 small natural untreated
36622 do_plane_untreated p48 planer10 rough natural untreated untreated untreated smooth natural
36757 do_glaze p48 glazer2 green untreated untreated glazed natural
36762 do_plane p49 smooth natural varnished smooth untreated natural
36767 do_grind_untreated p49 grinder13 smooth natural untreated untreated untreated untreated untreated verysmooth natural
36769 do_spray_varnish p49 spray_varnisher3 blue verysmooth untreated untreated varnished natural
36774 do_saw_small b10 p50 beech rough s4 s3 small natural untreated
36797 do_plane_untreated p50 planer10 rough natural untreated untreated untreated smooth natural
36932 do_glaze p50 glazer2 mauve untreated untreated glazed natural
36936 do_saw_large b9 p51 beech rough s6 s4 s5 s3 large natural untreated
36981 do_plane_untreated p51 planer10 rough natural untreated untreated untreated smooth natural
37113 do_glaze p51 glazer2 mauve untreated untreated glazed natural
37117 do_saw_medium b6 p52 teak rough s2 s1 s0 medium natural untreated
37149 do_plane_untreated p52 planer10 rough natural untreated untreated untreated smooth natural
37284 do_immersion_varnish p52 immersion_varnisher12 green smooth untreated untreated varnished natural
37289 do_plane p53 rough natural colourfragments smooth untreated natural
37294 do_grind_untreated p53 grinder3 smooth natural untreated untreated untreated untreated untreated verysmooth natural
37297 do_glaze p53 glazer2 blue untreated untreated glazed natural
37301 do_saw_medium b11 p54 oak rough s4 s3 s2 medium natural untreated
37333 do_grind_untreated p54 grinder3 rough natural untreated untreated untreated untreated untreated verysmooth natural
37468 do_spray_varnish p54 spray_varnisher6 red verysmooth untreated untreated varnished natural
root 7030 7032 7035 7037 7040 7042 7044 7046 7048 7050 7052 7054 7056 7058 7060 7063 7065 7067 7069 7072 7075 7077 7079 7081 7083 7086 7088 7090 7092 7094 7096 7098 7100 7102 7104 7106 7108 7110 7112 7115 7117 7120 7122 7124 7126 7129 7131 7134 7136 7138 7141 7143 7145 7147 7150
7030 process p0 mauve rough smooth -> method14 22529 30038 30175
7032 process p1 white verysmooth verysmooth -> method16 30177 30184 30188
7035 process p2 white rough verysmooth -> method14 22958 30223 30357
7037 process p3 natural verysmooth smooth -> method12 30361 30365
7040 process p4 black rough verysmooth -> method14 23192 30397 30533
7042 process p5 black rough smooth -> method14 23310 30577 30712
7044 process p6 blue smooth verysmooth -> method14 23417 30761 30893
7046 process p7 green smooth verysmooth -> method14 23521 30919 31054
7048 process p8 mauve rough smooth -> method14 23624 31090 31227
7050 process p9 blue rough smooth -> method14 23730 31252 31388
7052 process p10 mauve rough smooth -> method14 23835 31412 31547
7054 process p11 black rough verysmooth -> method14 23939 31595 31729
7056 process p12 natural rough smooth -> method14 24044 31765 31900
7058 process p13 red rough smooth -> method14 24149 31926 32063
7060 process p14 mauve rough verysmooth -> method16 32065 32070 32074
7063 process p15 red smooth verysmooth -> method14 24374 32103 32237
7065 process p16 white rough smooth -> method14 24515 32282 32420
7067 process p17 red smooth smooth -> method14 24619 32464 32600
7069 process p18 blue rough smooth -> method14 24723 32629 32761
7072 process p19 blue smooth verysmooth -> method16 32767 32771 32776
7075 process p20 white verysmooth smooth -> method12 32781 32786
7077 process p21 green rough smooth -> method14 25119 32815 32952
7079 process p22 blue rough smooth -> method14 25273 32987 33122
7081 process p23 red rough verysmooth -> method14 25379 33151 33283
7083 process p24 red rough verysmooth -> method14 25483 33332 33467
7086 process p25 red rough smooth -> method12 33469 33472
7088 process p26 mauve rough smooth -> method14 25707 33524 33659
7090 process p27 mauve rough verysmooth -> method14 25873 33686 33821
7092 process p28 natural rough verysmooth -> method14 25977 33848 33982
7094 process p29 mauve rough verysmooth -> method14 26082 34010 34145
7096 process p30 natural rough smooth -> method14 26188 34192 34325
7098 process p31 green rough smooth -> method14 26293 34361 34497
7100 process p32 natural rough smooth -> method14 26399 34534 34668
7102 process p33 green rough smooth -> method14 26506 34694 34830
7104 process p34 blue rough smooth -> method14 26611 34867 35001
7106 process p35 blue smooth smooth -> method14 26717 35038 35173
7108 process p36 black rough smooth -> method14 26824 35212 35344
7110 process p37 natural rough smooth -> method14 26929 35371 35507
7112 process p38 mauve smooth verysmooth -> method16 35510 35514 35517
7115 process p39 black smooth verysmooth -> method14 27157 35565 35702
7117 process p40 blue rough verysmooth -> method14 27355 35727 35861
7120 process p41 natural rough smooth -> method12 35865 35870
7122 process p42 green rough verysmooth -> method14 27582 35913 36046
7124 process p43 mauve smooth smooth -> method14 27787 36082 36219
7126 process p44 mauve rough smooth -> method14 27892 36253 36388
7129 process p45 mauve smooth verysmooth -> method16 36392 36399 36402
7131 process p46 blue smooth verysmooth -> method16 36405 36411 36414
7134 process p47 black rough smooth -> method14 28347 36461 36595
7136 process p48 green rough smooth -> method14 28562 36621 36756
7138 process p49 blue smooth verysmooth -> method16 36761 36767 36768
7141 process p50 mauve rough smooth -> method14 28788 36796 36931
7143 process p51 mauve rough smooth -> method14 29009 36980 37112
7145 process p52 green rough smooth -> method14 29115 37148 37283
7147 process p53 blue rough verysmooth -> method16 37288 37294 37296
7150 process p54 red rough verysmooth -> method14 29345 37332 37467
22529 cut_and_saw b11 p0 oak rough -> method10 29580
22958 cut_and_saw b3 p2 walnut rough -> method10 30190
23192 cut_and_saw b3 p4 walnut rough -> method10 30374
23310 cut_and_saw b4 p5 teak rough -> method10 30535
23417 cut_and_saw b8 p6 cherry smooth -> method10 30716
23521 cut_and_saw b5 p7 teak smooth -> method10 30897
23624 cut_and_saw b9 p8 beech rough -> method10 31058
23730 cut_and_saw b9 p9 beech rough -> method10 31229
23835 cut_and_saw b0 p10 pine rough -> method10 31390
23939 cut_and_saw b7 p11 cherry rough -> method10 31551
24044 cut_and_saw b1 p12 pine rough -> method10 31733
24149 cut_and_saw b6 p13 teak rough -> method10 31904
24374 cut_and_saw b12 p15 oak smooth -> method10 32078
24515 cut_and_saw b11 p16 oak rough -> method10 32240
24619 cut_and_saw b12 p17 oak smooth -> method10 32422
24723 cut_and_saw b4 p18 teak rough -> method10 32604
25119 cut_and_saw b11 p21 oak rough -> method10 32793
25273 cut_and_saw b14 p22 mahogany rough -> method10 32955
25379 cut_and_saw b6 p23 teak rough -> method10 33126
25483 cut_and_saw b9 p24 beech rough -> method10 33287
25707 cut_and_saw b13 p26 mahogany rough -> method10 33482
25873 cut_and_saw b7 p27 cherry rough -> method10 33663
25977 cut_and_saw b11 p28 oak rough -> method10 33825
26082 cut_and_saw b7 p29 cherry rough -> method10 33986
26188 cut_and_saw b0 p30 pine rough -> method10 34147
26293 cut_and_saw b13 p31 mahogany rough -> method10 34329
26399 cut_and_saw b3 p32 walnut rough -> method10 34501
26506 cut_and_saw b3 p33 walnut rough -> method10 34672
26611 cut_and_saw b4 p34 teak rough -> method10 34833
26717 cut_and_saw b12 p35 oak smooth -> method10 35005
26824 cut_and_saw b11 p36 oak rough -> method10 35177
26929 cut_and_saw b2 p37 walnut rough -> method10 35348
27157 cut_and_saw b5 p39 teak smooth -> method10 35522
27355 cut_and_saw b0 p40 pine rough -> method10 35704
27582 cut_and_saw b9 p42 beech rough -> method10 35878
27787 cut_and_saw b8 p43 cherry smooth -> method10 36050
27892 cut_and_saw b3 p44 walnut rough -> method10 36221
28347 cut_and_saw b11 p47 oak rough -> method10 36418
28562 cut_and_saw b2 p48 walnut rough -> method10 36599
28788 cut_and_saw b10 p50 beech rough -> method10 36773
29009 cut_and_saw b9 p51 beech rough -> method10 36935
29115 cut_and_saw b6 p52 teak rough -> method10 37116
29345 cut_and_saw b11 p54 oak rough -> method10 37300
29580 do_saw b11 p0 oak rough -> method5 29581
30038 grindNplane p0 rough natural untreated smooth natural untreated -> method7 30039
30175 do_colour p0 mauve spray_varnisher11 untreated -> method1 30176
30177 grindNplane p1 verysmooth black varnished smooth natural untreated -> method7 30178
30188 do_colour p1 white glazer7 untreated -> method2 30189
30190 do_saw b3 p2 walnut rough -> method8 30191
30223 grindNplane p2 rough natural untreated verysmooth natural untreated -> method13 30224
30357 do_colour p2 white glazer12 untreated -> method2 30358
30361 grindNplane p3 verysmooth blue varnished smooth natural untreated -> method7 30362
30365 do_colour p3 natural glazer6 untreated -> method2 30366
30374 do_saw b3 p4 walnut rough -> method5 30375
30397 grindNplane p4 rough natural untreated verysmooth natural untreated -> method13 30398
30533 do_colour p4 black spray_varnisher11 untreated -> method1 30534
30535 do_saw b4 p5 teak rough -> method9 30536
30577 grindNplane p5 rough natural untreated smooth natural untreated -> method7 30578
30712 do_colour p5 black immersion_varnisher7 untreated -> method0 30713
30716 do_saw b8 p6 cherry smooth -> method9 30717
30761 grindNplane p6 smooth natural untreated verysmooth natural untreated -> method13 30762
30893 do_colour p6 blue spray_varnisher11 untreated -> method1 30894
30897 do_saw b5 p7 teak smooth -> method5 30898
30919 grindNplane p7 smooth natural untreated verysmooth natural untreated -> method3 30920
31054 do_colour p7 green spray_varnisher11 untreated -> method1 31055
31058 do_saw b9 p8 beech rough -> method8 31059
31090 grindNplane p8 rough natural untreated smooth natural untreated -> method15 31091
31227 do_colour p8 mauve spray_varnisher0 untreated -> method1 31228
31229 do_saw b9 p9 beech rough -> method5 31230
31252 grindNplane p9 rough natural untreated smooth natural untreated -> method7 31253
31388 do_colour p9 blue glazer1 untreated -> method2 31389
31390 do_saw b0 p10 pine rough -> method5 31391
31412 grindNplane p10 rough natural untreated smooth natural untreated -> method15 31413
31547 do_colour p10 mauve glazer1 untreated -> method2 31548
31551 do_saw b7 p11 cherry rough -> method9 31552
31595 grindNplane p11 rough natural untreated verysmooth natural untreated -> method13 31596
31729 do_colour p11 black immersion_varnisher9 untreated -> method0 31730
31733 do_saw b1 p12 pine rough -> method8 31734
31765 grindNplane p12 rough natural untreated smooth natural untreated -> method7 31766
31900 do_colour p12 natural glazer1 untreated -> method2 31901
31904 do_saw b6 p13 teak rough -> method5 31905
31926 grindNplane p13 rough natural untreated smooth natural untreated -> method7 31927
32063 do_colour p13 red glazer1 untreated -> method2 32064
32065 grindNplane p14 rough green glazed smooth natural untreated -> method7 32066
32074 do_colour p14 mauve spray_varnisher12 untreated -> method1 32075
32078 do_saw b12 p15 oak smooth -> method5 32079
32103 grindNplane p15 smooth natural untreated verysmooth natural untreated -> method13 32104
32237 do_colour p15 red spray_varnisher9 untreated -> method1 32238
32240 do_saw b11 p16 oak rough -> method9 32241
32282 grindNplane p16 rough natural untreated smooth natural untreated -> method15 32283
32420 do_colour p16 white immersion_varnisher7 untreated -> method0 32421
32422 do_saw b12 p17 oak smooth -> method9 32423
32464 grindNplane p17 smooth natural untreated smooth natural untreated -> method7 32465
32600 do_colour p17 red immersion_varnisher9 untreated -> method0 32601
32604 do_saw b4 p18 teak rough -> method5 32605
32629 grindNplane p18 rough natural untreated smooth natural untreated -> method7 32630
32761 do_colour p18 blue spray_varnisher11 untreated -> method1 32762
32767 grindNplane p19 smooth natural glazed verysmooth natural untreated -> method3 32768
32776 do_colour p19 blue immersion_varnisher9 untreated -> method0 32777
32781 grindNplane p20 verysmooth blue varnished smooth natural untreated -> method7 32782
32786 do_colour p20 white spray_varnisher10 untreated -> method1 32787
32793 do_saw b11 p21 oak rough -> method5 32794
32815 grindNplane p21 rough natural untreated smooth natural untreated -> method7 32816
32952 do_colour p21 green immersion_varnisher2 untreated -> method0 32953
32955 do_saw b14 p22 mahogany rough -> method8 32956
32987 grindNplane p22 rough natural untreated smooth natural untreated -> method7 32988
33122 do_colour p22 blue immersion_varnisher9 untreated -> method0 33123
33126 do_saw b6 p23 teak rough -> method5 33127
33151 grindNplane p23 rough natural untreated verysmooth natural untreated -> method13 33152
33283 do_colour p23 red glazer1 untreated -> method2 33284
33287 do_saw b9 p24 beech rough -> method9 33288
33332 grindNplane p24 rough natural untreated verysmooth natural untreated -> method13 33333
33467 do_colour p24 red glazer1 untreated -> method2 33468
33469 grindNplane p25 rough red glazed smooth natural untreated -> method7 33470
33472 do_colour p25 red immersion_varnisher9 untreated -> method0 33473
33482 do_saw b13 p26 mahogany rough -> method9 33483
33524 grindNplane p26 rough natural untreated smooth natural untreated -> method7 33525
33659 do_colour p26 mauve spray_varnisher11 untreated -> method1 33660
33663 do_saw b7 p27 cherry rough -> method5 33664
33686 grindNplane p27 rough natural untreated verysmooth natural untreated -> method13 33687
33821 do_colour p27 mauve immersion_varnisher9 untreated -> method0 33822
33825 do_saw b11 p28 oak rough -> method5 33826
33848 grindNplane p28 rough natural untreated verysmooth natural untreated -> method13 33849
33982 do_colour p28 natural immersion_varnisher9 untreated -> method0 33983
33986 do_saw b7 p29 cherry rough -> method5 33987
34010 grindNplane p29 rough natural untreated verysmooth natural untreated -> method13 34011
34145 do_colour p29 mauve immersion_varnisher10 untreated -> method0 34146
34147 do_saw b0 p30 pine rough -> method9 34148
34192 grindNplane p30 rough natural untreated smooth natural untreated -> method7 34193
34325 do_colour p30 natural glazer7 untreated -> method2 34326
34329 do_saw b13 p31 mahogany rough -> method8 34330
34361 grindNplane p31 rough natural untreated smooth natural untreated -> method15 34362
34497 do_colour p31 green glazer1 untreated -> method2 34498
34501 do_saw b3 p32 walnut rough -> method8 34502
34534 grindNplane p32 rough natural untreated smooth natural untreated -> method15 34535
34668 do_colour p32 natural spray_varnisher11 untreated -> method1 34669
34672 do_saw b3 p33 walnut rough -> method5 34673
34694 grindNplane p33 rough natural untreated smooth natural untreated -> method7 34695
34830 do_colour p33 green glazer1 untreated -> method2 34831
34833 do_saw b4 p34 teak rough -> method8 34834
34867 grindNplane p34 rough natural untreated smooth natural untreated -> method15 34868
35001 do_colour p34 blue spray_varnisher11 untreated -> method1 35002
35005 do_saw b12 p35 oak smooth -> method8 35006
35038 grindNplane p35 smooth natural untreated smooth natural untreated -> method15 35039
35173 do_colour p35 blue glazer1 untreated -> method2 35174
35177 do_saw b11 p36 oak rough -> method8 35178
35212 grindNplane p36 rough natural untreated smooth natural untreated -> method7 35213
35344 do_colour p36 black glazer1 untreated -> method2 35345
35348 do_saw b2 p37 walnut rough -> method5 35349
35371 grindNplane p37 rough natural untreated smooth natural untreated -> method15 35372
35507 do_colour p37 natural spray_varnisher11 untreated -> method1 35508
35510 grindNplane p38 smooth green varnished smooth natural untreated -> method7 35511
35517 do_colour p38 mauve glazer7 untreated -> method2 35518
35522 do_saw b5 p39 teak smooth -> method9 35523
35565 grindNplane p39 smooth natural untreated verysmooth natural untreated -> method3 35566
35702 do_colour p39 black spray_varnisher6 untreated -> method1 35703
35704 do_saw b0 p40 pine rough -> method5 35705
35727 grindNplane p40 rough natural untreated verysmooth natural untreated -> method13 35728
35861 do_colour p40 blue spray_varnisher11 untreated -> method1 35862
35865 grindNplane p41 rough blue colourfragments smooth natural untreated -> method7 35866
35870 do_colour p41 natural glazer1 untreated -> method2 35871
35878 do_saw b9 p42 beech rough -> method8 35879
35913 grindNplane p42 rough natural untreated verysmooth natural untreated -> method13 35914
36046 do_colour p42 green spray_varnisher11 untreated -> method1 36047
36050 do_saw b8 p43 cherry smooth -> method8 36051
36082 grindNplane p43 smooth natural untreated smooth natural untreated -> method7 36083
36219 do_colour p43 mauve spray_varnisher12 untreated -> method1 36220
36221 do_saw b3 p44 walnut rough -> method8 36222
36253 grindNplane p44 rough natural untreated smooth natural untreated -> method7 36254
36388 do_colour p44 mauve spray_varnisher0 untreated -> method1 36389
36392 grindNplane p45 smooth green varnished smooth natural untreated -> method7 36393
36402 do_colour p45 mauve spray_varnisher12 untreated -> method1 36403
36405 grindNplane p46 smooth mauve varnished smooth natural untreated -> method7 36406
36414 do_colour p46 blue immersion_varnisher11 untreated -> method0 36415
36418 do_saw b11 p47 oak rough -> method9 36419
36461 grindNplane p47 rough natural untreated smooth natural untreated -> method7 36462
36595 do_colour p47 black spray_varnisher11 untreated -> method1 36596
36599 do_saw b2 p48 walnut rough -> method5 36600
36621 grindNplane p48 rough natural untreated smooth natural untreated -> method15 36622
36756 do_colour p48 green glazer12 untreated -> method2 36757
36761 grindNplane p49 smooth natural varnished smooth natural untreated -> method7 36762
36768 do_colour p49 blue spray_varnisher14 untreated -> method1 36769
36773 do_saw b10 p50 beech rough -> method5 36774
36796 grindNplane p50 rough natural untreated smooth natural untreated -> method15 36797
36931 do_colour p50 mauve glazer1 untreated -> method2 36932
36935 do_saw b9 p51 beech rough -> method9 36936
36980 grindNplane p51 rough natural untreated smooth natural untreated -> method15 36981
37112 do_colour p51 mauve glazer7 untreated -> method2 37113
37116 do_saw b6 p52 teak rough -> method8 37117
37148 grindNplane p52 rough natural untreated smooth natural untreated -> method15 37149
37283 do_colour p52 green immersion_varnisher9 untreated -> method0 37284
37288 grindNplane p53 rough natural colourfragments smooth natural untreated -> method7 37289
37296 do_colour p53 blue glazer1 untreated -> method2 37297
37300 do_saw b11 p54 oak rough -> method8 37301
37332 grindNplane p54 rough natural untreated verysmooth natural untreated -> method13 37333
37467 do_colour p54 red spray_varnisher11 untreated -> method1 37468
<==
1.579 End of solution plan. (counted length of 161)
1.579 Total amount of clauses encoded: 246351
1.579 - reductionconstraints : 74429 cls
1.579 - directframeaxioms : 42842 cls
1.579 - actionconstraints : 38997 cls
1.579 - indirectframeaxioms : 33455 cls
1.579 - qtypeconstraints : 19956 cls
1.579 - qfactsemantics : 18341 cls
1.579 - substitutionconstraints : 11419 cls
1.579 - actioneffects : 2255 cls
1.579 - truefacts : 1268 cls
1.579 - predecessors : 1260 cls
1.579 - atmostoneelement : 1144 cls
1.579 - expansions : 983 cls
1.579 - axiomaticops : 2 cls
1.579 # instantiated positions: 611
1.579 # instantiated actions: 940
1.579 # instantiated reductions: 343
1.579 # introduced pseudo-constants: 1006
1.579 # retroactive prunings: 22
1.579 # retroactively pruned operations: 22
1.579 # dominated operations: 0
1.579 # total invalid rigid preconditions found in getPFC: 0
1.579 # invalid rigid preconditions found in getPFC: 0
1.579 # invalid rigid preconditions found in getPFC in varrestrictions: 0
1.579 # total invalid fluent preconditions found in getPFC: 86
1.579 # invalid fluent preconditions found in getPFC: 0
1.579 # invalid fluent preconditions found in getPFC in varrestrictions: 86
1.579 # invalid fluent preconditions found in getPFC via postconditions: 0
1.579 # invalid subtasks found in getPFC: 0
1.579 # number effects in operation fact_frames: 2192
1.579 # number of variables restricted: 3345
1.579 # number of nodes variables restricted: 1191
1.579 Exiting happily.

RUNWATCH_RESULT EXIT RETVAL 0 TIME_SECS 1.59961 MEMPEAK_KBS 87424
