    _           _         _
   \ |         \ |       | |                       
   | |     __  | |      _| |______                
   | |     \/  | |     /_   ______\                
   | |      _  | |   __  | |  ___   ___   ___       
   | |___  | | | |  / .\ | | / , | |   \ / ·_\    
   \_____\ |_| |__\ \__/ |_| \___) |_|_| \___\  
[39mL i l o t a n e  version rls-glucose4
by Dominik Schreiber <dominik.schreiber@kit.edu> 2020-2021
using SAT solver glucose4

0.077 Parser finished.
0.078 Structures extracted.
0.093 312 operators and 305 methods created.
0.735 Mined 582 new reduction preconditions (+90.1%).
0.735 Iteration 0.
0.735 Creating initial layer of size 2
0.761 Attempting to solve formula with 3 clauses (3 literals) and 1 assumptions
0.761 Unsolvable at layer 0 -- expanding.
0.761 Iteration 1.
0.761 New layer size: 5
0.761 Instantiating ...
0.873 Collected 6 relevant facts at this layer
0.873 Encoding ...
0.879 Attempting to solve formula with 97 clauses (221 literals) and 4 assumptions
0.879 Unsolvable at layer 1 -- expanding.
0.879 Iteration 2.
0.879 New layer size: 9
0.879 Instantiating ...
1.916 Collected 385 relevant facts at this layer
1.916 Encoding ...
1.938 Attempting to solve formula with 36875 clauses (96302 literals) and 4 assumptions
1.938 Unsolvable at layer 2 -- expanding.
1.938 Iteration 3.
1.938 New layer size: 13
1.938 Instantiating ...
4.055 Collected 792 relevant facts at this layer
4.055 Encoding ...
4.100 Attempting to solve formula with 101566 clauses (275269 literals) and 8 assumptions
4.100 Unsolvable at layer 3 -- expanding.
4.100 Iteration 4.
4.100 New layer size: 39
4.100 Instantiating ...
7.814 Collected 1128 relevant facts at this layer
7.814 Encoding ...
7.960 Attempting to solve formula with 237906 clauses (670942 literals) and 19 assumptions
7.961 Unsolvable at layer 4 -- expanding.
7.961 Iteration 5.
7.961 New layer size: 90
7.961 Instantiating ...
20.785 Collected 3360 relevant facts at this layer
20.785 Encoding ...
21.432 Attempting to solve formula with 900288 clauses (2567212 literals) and 35 assumptions
21.434 Unsolvable at layer 5 -- expanding.
21.434 Iteration 6.
21.434 New layer size: 157
21.434 Instantiating ...
21.450 Retroactively prune reduction (M217-ACHIEVE-HOME3 Q_2,0_CARD:0_c25770d952043a60 Q_5,0_CARD:0_8a9482db3a032ea0)@(5,0): no children at offset 0
57.757 Collected 3568 relevant facts at this layer
57.757 Encoding ...
59.182 Attempting to solve formula with 2498654 clauses (7143142 literals) and 62 assumptions
59.185 Unsolvable at layer 6 -- expanding.
59.185 Iteration 7.
59.185 New layer size: 292
59.185 Instantiating ...
130.820 Collected 3620 relevant facts at this layer
130.820 Encoding ...
134.182 Attempting to solve formula with 5793659 clauses (17178293 literals) and 120 assumptions
134.446 Unsolvable at layer 7 -- expanding.
134.446 Iteration 8.
134.446 New layer size: 586
134.446 Instantiating ...
296.881 Collected 8716 relevant facts at this layer
296.881 Encoding ...
308.988 Attempting to solve formula with 15873972 clauses (48491898 literals) and 234 assumptions
313.888 Unsolvable at layer 8 -- expanding.
313.888 Iteration 9.
313.888 New layer size: 1132
313.888 Instantiating ...
313.915 Retroactively prune reduction (M217-ACHIEVE-HOME3 Q_5,0_CARD:1_c25770d952043a60 Q_8,0_CARD:0_8a9482db3a032ea0)@(8,0): no children at offset 0
660.938 Collected 8716 relevant facts at this layer
660.938 Encoding ...
688.719 Attempting to solve formula with 39741890 clauses (123069584 literals) and 438 assumptions
690.924 Unsolvable at layer 9 -- expanding.
690.924 Iteration 10.
690.925 New layer size: 2103
690.925 Instantiating ...
690.951 Retroactively prune reduction (M217-ACHIEVE-HOME3 Q_5,0_CARD:0_c25770d952043a60 Q_9,0_CARD:0_8a9482db3a032ea0)@(9,0): no children at offset 0
1164.140 Termination signal caught.
1164.140 Total amount of clauses encoded: 39741891
1164.140 - directframeaxioms : 17003224 cls
1164.140 - reductionconstraints : 9266851 cls
1164.140 - qfactsemantics : 7214075 cls
1164.140 - indirectframeaxioms : 4746254 cls
1164.140 - substitutionconstraints : 707567 cls
1164.140 - atmostoneelement : 418683 cls
1164.140 - qconstequality : 207161 cls
1164.140 - expansions : 75367 cls
1164.140 - predecessors : 45172 cls
1164.140 - actionconstraints : 31705 cls
1164.140 - actioneffects : 17111 cls
1164.140 - truefacts : 8716 cls
1164.140 - forbiddenoperations : 3 cls
1164.140 - axiomaticops : 2 cls
1164.140 # instantiated positions: 4097
1164.140 # instantiated actions: 37163
1164.140 # instantiated reductions: 47143
1164.140 # introduced pseudo-constants: 13007
1164.140 # retroactive prunings: 13
1164.140 # retroactively pruned operations: 13
1164.140 # dominated operations: 5642
1164.140 # total invalid rigid preconditions found in getPFC: 645
1164.140 # invalid rigid preconditions found in getPFC: 0
1164.140 # invalid rigid preconditions found in getPFC in varrestrictions: 645
1164.140 # total invalid fluent preconditions found in getPFC: 58216
1164.140 # invalid fluent preconditions found in getPFC: 3062
1164.140 # invalid fluent preconditions found in getPFC in varrestrictions: 5
1164.140 # invalid fluent preconditions found in getPFC via postconditions: 55149
1164.140 # invalid operations found in getPFC via subtasks: 10
1164.140 # invalid operations found in getPFC via postconditions: 0
1164.140 # number effects in operation fact_frames: 11189
1164.140 # number of variables restricted: 1565906
1164.140 # number of nodes variables restricted: 550411
1164.140 Exiting happily.

RUNWATCH_RESULT MEMOUT RETVAL 0 TIME_SECS 1165.35 MEMPEAK_KBS 16025508
