    _           _         _
   \ |         \ |       | |                       
   | |     __  | |      _| |______                
   | |     \/  | |     /_   ______\                
   | |      _  | |   __  | |  ___   ___   ___       
   | |___  | | | |  / .\ | | / , | |   \ / ·_\    
   \_____\ |_| |__\ \__/ |_| \___) |_|_| \___\  
[39mL i l o t a n e  version rls-glucose4
by Dominik Schreiber <dominik.schreiber@kit.edu> 2020-2021
using SAT solver glucose4

0.004 Parser finished.
0.004 Structures extracted.
0.004 19 operators and 12 methods created.
0.026 Mined 0 new reduction preconditions (+0.0%).
0.026 Iteration 0.
0.026 Creating initial layer of size 2
0.031 Attempting to solve formula with 3 clauses (3 literals) and 1 assumptions
0.031 Unsolvable at layer 0 -- expanding.
0.031 Iteration 1.
0.031 New layer size: 2
0.031 Instantiating ...
0.036 Collected 0 relevant facts at this layer
0.036 Encoding ...
0.036 Attempting to solve formula with 8 clauses (12 literals) and 1 assumptions
0.036 Unsolvable at layer 1 -- expanding.
0.036 Iteration 2.
0.036 New layer size: 3
0.036 Instantiating ...
0.044 Collected 4 relevant facts at this layer
0.044 Encoding ...
0.044 Attempting to solve formula with 33 clauses (61 literals) and 1 assumptions
0.044 Unsolvable at layer 2 -- expanding.
0.044 Iteration 3.
0.044 New layer size: 5
0.044 Instantiating ...
0.064 Collected 57 relevant facts at this layer
0.064 Encoding ...
0.065 Attempting to solve formula with 446 clauses (1079 literals) and 3 assumptions
0.065 Unsolvable at layer 3 -- expanding.
0.065 Iteration 4.
0.065 New layer size: 9
0.065 Instantiating ...
0.096 Collected 100 relevant facts at this layer
0.096 Encoding ...
0.097 Attempting to solve formula with 1455 clauses (4036 literals) and 4 assumptions
0.097 Unsolvable at layer 4 -- expanding.
0.097 Iteration 5.
0.097 New layer size: 14
0.097 Instantiating ...
0.140 Collected 141 relevant facts at this layer
0.140 Encoding ...
0.142 Attempting to solve formula with 3742 clauses (10937 literals) and 6 assumptions
0.142 Unsolvable at layer 5 -- expanding.
0.142 Iteration 6.
0.142 New layer size: 25
0.142 Instantiating ...
0.220 Collected 181 relevant facts at this layer
0.220 Encoding ...
0.226 Attempting to solve formula with 9159 clauses (27352 literals) and 11 assumptions
0.226 Unsolvable at layer 6 -- expanding.
0.226 Iteration 7.
0.226 New layer size: 43
0.226 Instantiating ...
0.375 Collected 190 relevant facts at this layer
0.375 Encoding ...
0.386 Attempting to solve formula with 19044 clauses (56210 literals) and 21 assumptions
0.386 Unsolvable at layer 7 -- expanding.
0.386 Iteration 8.
0.386 New layer size: 77
0.386 Instantiating ...
0.659 Collected 197 relevant facts at this layer
0.659 Encoding ...
0.682 Attempting to solve formula with 37107 clauses (109874 literals) and 37 assumptions
0.682 Unsolvable at layer 8 -- expanding.
0.682 Iteration 9.
0.682 New layer size: 135
0.682 Instantiating ...
1.157 Collected 199 relevant facts at this layer
1.157 Encoding ...
1.197 Attempting to solve formula with 69758 clauses (206202 literals) and 64 assumptions
1.198 Unsolvable at layer 9 -- expanding.
1.198 Iteration 10.
1.198 New layer size: 237
1.198 Instantiating ...
2.045 Collected 199 relevant facts at this layer
2.045 Encoding ...
2.141 Attempting to solve formula with 129649 clauses (383806 literals) and 109 assumptions
2.141 Unsolvable at layer 10 -- expanding.
2.141 Iteration 11.
2.142 New layer size: 412
2.142 Instantiating ...
3.616 Collected 199 relevant facts at this layer
3.616 Encoding ...
3.754 Attempting to solve formula with 234845 clauses (695921 literals) and 190 assumptions
3.768 Unsolvable at layer 11 -- expanding.
3.768 Iteration 12.
3.768 New layer size: 717
3.768 Instantiating ...
6.376 Collected 199 relevant facts at this layer
6.376 Encoding ...
6.678 Attempting to solve formula with 420032 clauses (1246182 literals) and 330 assumptions
6.678 Unsolvable at layer 12 -- expanding.
6.678 Iteration 13.
6.680 New layer size: 1250
6.680 Instantiating ...
11.363 Collected 199 relevant facts at this layer
11.363 Encoding ...
11.869 Attempting to solve formula with 744557 clauses (2210746 literals) and 577 assumptions
11.871 Unsolvable at layer 13 -- expanding.
11.871 Iteration 14.
11.873 New layer size: 2178
11.873 Instantiating ...
20.262 Collected 199 relevant facts at this layer
20.263 Encoding ...
21.178 Attempting to solve formula with 1312469 clauses (3899748 literals) and 1006 assumptions
21.180 Unsolvable at layer 14 -- expanding.
21.180 Iteration 15.
21.184 New layer size: 3800
21.184 Instantiating ...
35.798 Collected 199 relevant facts at this layer
35.798 Encoding ...
37.379 Attempting to solve formula with 2304694 clauses (6851309 literals) and 1756 assumptions
37.383 Unsolvable at layer 15 -- expanding.
37.383 Iteration 16.
37.390 New layer size: 6624
37.390 Instantiating ...
62.603 Collected 199 relevant facts at this layer
62.603 Encoding ...
65.337 Attempting to solve formula with 4036515 clauses (12003021 literals) and 3059 assumptions
65.343 Unsolvable at layer 16 -- expanding.
65.343 Iteration 17.
65.355 New layer size: 11551
65.355 Instantiating ...
110.343 Collected 199 relevant facts at this layer
110.343 Encoding ...
115.192 Attempting to solve formula with 7057633 clauses (20992120 literals) and 5333 assumptions
115.202 Unsolvable at layer 17 -- expanding.
115.202 Iteration 18.
115.222 New layer size: 20136
115.222 Instantiating ...
194.706 Collected 199 relevant facts at this layer
194.706 Encoding ...
203.518 Attempting to solve formula with 12327503 clauses (36669763 literals) and 9299 assumptions
203.897 Unsolvable at layer 18 -- expanding.
203.897 Iteration 19.
203.934 New layer size: 35115
203.934 Instantiating ...
345.087 Collected 199 relevant facts at this layer
345.087 Encoding ...
363.634 Attempting to solve formula with 21519575 clauses (64016366 literals) and 16217 assumptions
363.673 Unsolvable at layer 19 -- expanding.
363.673 Iteration 20.
363.737 New layer size: 61227
363.737 Instantiating ...
612.844 Collected 199 relevant facts at this layer
612.844 Encoding ...
645.019 Termination signal caught.
645.019 Total amount of clauses encoded: 36357489
645.019 - directframeaxioms : 20996654 cls
645.019 - indirectframeaxioms : 5016875 cls
645.019 - qfactsemantics : 4241700 cls
645.019 - reductionconstraints : 2557550 cls
645.019 - substitutionconstraints : 714631 cls
645.019 - actionconstraints : 689249 cls
645.019 - atmostoneelement : 664418 cls
645.019 - expansions : 509798 cls
645.019 - predecessors : 438491 cls
645.019 - qconstequality : 420259 cls
645.019 - actioneffects : 107663 cls
645.019 - truefacts : 199 cls
645.019 - axiomaticops : 2 cls
645.019 # instantiated positions: 143561
645.019 # instantiated actions: 298797
645.019 # instantiated reductions: 154254
645.019 # introduced pseudo-constants: 138221
645.019 # retroactive prunings: 0
645.019 # retroactively pruned operations: 0
645.019 # dominated operations: 1181
645.019 # total invalid rigid preconditions found in getPFC: 881868
645.019 # invalid rigid preconditions found in getPFC: 81814
645.019 # invalid rigid preconditions found in getPFC in varrestrictions: 800054
645.019 # total invalid fluent preconditions found in getPFC: 121
645.019 # invalid fluent preconditions found in getPFC: 108
645.019 # invalid fluent preconditions found in getPFC in varrestrictions: 0
645.019 # invalid fluent preconditions found in getPFC via postconditions: 13
645.019 # invalid subtasks found in getPFC: 0
645.019 # number effects in operation fact_frames: 138
645.019 # number of variables restricted: 9093599
645.019 Exiting happily.

RUNWATCH_RESULT MEMOUT RETVAL 0 TIME_SECS 646.134 MEMPEAK_KBS 16037072
