    _           _         _
   \ |         \ |       | |                       
   | |     __  | |      _| |______                
   | |     \/  | |     /_   ______\                
   | |      _  | |   __  | |  ___   ___   ___       
   | |___  | | | |  / .\ | | / , | |   \ / ·_\    
   \_____\ |_| |__\ \__/ |_| \___) |_|_| \___\  
[39mL i l o t a n e  version rls-glucose4
by Dominik Schreiber <dominik.schreiber@kit.edu> 2020-2021
using SAT solver glucose4

0.013 Parser finished.
0.013 Structures extracted.
0.014 20 operators and 16 methods created.
0.809 Mined 11 new reduction preconditions (+11.0%).
0.809 Iteration 0.
0.809 Creating initial layer of size 2
28.352 Attempting to solve formula with 165 clauses (246 literals) and 1 assumptions
28.352 Unsolvable at layer 0 -- expanding.
28.352 Iteration 1.
28.352 New layer size: 5
28.352 Instantiating ...
51.958 Collected 5180 relevant facts at this layer
51.958 Encoding ...
52.026 Attempting to solve formula with 65797 clauses (199750 literals) and 4 assumptions
52.028 Unsolvable at layer 1 -- expanding.
52.028 Iteration 2.
52.028 New layer size: 9
52.028 Instantiating ...
103.611 Collected 5405 relevant facts at this layer
103.611 Encoding ...
103.814 Attempting to solve formula with 235598 clauses (780071 literals) and 4 assumptions
103.815 Unsolvable at layer 2 -- expanding.
103.815 Iteration 3.
103.815 New layer size: 21
103.815 Instantiating ...
170.350 Collected 5464 relevant facts at this layer
170.350 Encoding ...
170.820 Attempting to solve formula with 609198 clauses (2056429 literals) and 8 assumptions
170.841 Unsolvable at layer 3 -- expanding.
170.841 Iteration 4.
170.841 New layer size: 37
170.841 Instantiating ...
280.707 Collected 5464 relevant facts at this layer
280.707 Encoding ...
281.600 Attempting to solve formula with 1204532 clauses (4097210 literals) and 12 assumptions
281.624 Unsolvable at layer 4 -- expanding.
281.624 Iteration 5.
281.624 New layer size: 65
281.624 Instantiating ...
459.378 Collected 5464 relevant facts at this layer
459.378 Encoding ...
460.940 Attempting to solve formula with 2212289 clauses (7558438 literals) and 20 assumptions
461.033 Unsolvable at layer 5 -- expanding.
461.033 Iteration 6.
461.033 New layer size: 109
461.033 Instantiating ...
743.139 Collected 5464 relevant facts at this layer
743.139 Encoding ...
745.708 Attempting to solve formula with 3849747 clauses (13187775 literals) and 32 assumptions
745.894 Unsolvable at layer 6 -- expanding.
745.894 Iteration 7.
745.894 New layer size: 181
745.894 Instantiating ...
1170.635 Collected 5464 relevant facts at this layer
1170.635 Encoding ...
1174.631 Attempting to solve formula with 6529261 clauses (22405174 literals) and 52 assumptions
1174.844 Unsolvable at layer 7 -- expanding.
1174.844 Iteration 8.
1174.844 New layer size: 297
1174.844 Instantiating ...
1803.116 Termination signal caught.
1803.116 Total amount of clauses encoded: 6529261
1803.116 - directframeaxioms : 2678488 cls
1803.116 - qfactsemantics : 1712890 cls
1803.116 - indirectframeaxioms : 1312785 cls
1803.116 - reductionconstraints : 710303 cls
1803.116 - actionconstraints : 45822 cls
1803.116 - qconstequality : 26954 cls
1803.116 - substitutionconstraints : 21531 cls
1803.116 - atmostoneelement : 7861 cls
1803.116 - truefacts : 5464 cls
1803.116 - expansions : 3031 cls
1803.116 - predecessors : 2561 cls
1803.116 - actioneffects : 1569 cls
1803.116 - axiomaticops : 2 cls
1803.116 # instantiated positions: 696
1803.116 # instantiated actions: 2775
1803.116 # instantiated reductions: 1418
1803.116 # introduced pseudo-constants: 669
1803.116 # retroactive prunings: 0
1803.116 # retroactively pruned operations: 0
1803.116 # dominated operations: 2
1803.116 # total invalid rigid preconditions found in getPFC: 0
1803.116 # invalid rigid preconditions found in getPFC: 0
1803.116 # invalid rigid preconditions found in getPFC in varrestrictions: 0
1803.116 # total invalid fluent preconditions found in getPFC: 237
1803.116 # invalid fluent preconditions found in getPFC: 225
1803.116 # invalid fluent preconditions found in getPFC in varrestrictions: 12
1803.116 # invalid fluent preconditions found in getPFC via postconditions: 0
1803.116 # invalid subtasks found in getPFC: 0
1803.116 # number effects in operation fact_frames: 230
1803.116 Exiting happily.

RUNWATCH_RESULT TIMEOUT RETVAL 0 TIME_SECS 1803.33 MEMPEAK_KBS 2878108
