----------------------Tasks-----------------------
0 deliver package_17 city_loc_15
1 deliver package_9 city_loc_15
2 deliver package_5 city_loc_4
3 deliver package_1 city_loc_0
4 deliver package_16 city_loc_15
5 deliver package_13 city_loc_0
6 deliver package_0 city_loc_0
7 deliver package_15 city_loc_13
8 deliver package_12 city_loc_0
9 deliver package_2 city_loc_7
10 deliver package_6 city_loc_16
11 deliver package_3 city_loc_2
12 deliver package_10 city_loc_6
13 deliver package_7 city_loc_2
14 deliver package_11 city_loc_10
15 deliver package_18 city_loc_7
16 deliver package_14 city_loc_0
17 deliver package_8 city_loc_6
18 deliver package_4 city_loc_18
19 deliver package_19 city_loc_13
---------------------Planning---------------------
Interrupted

RUNWATCH_RESULT TIMEOUT RETVAL 256 TIME_SECS 1801 MEMPEAK_KBS 24056
