    _           _         _
   \ |         \ |       | |                       
   | |     __  | |      _| |______                
   | |     \/  | |     /_   ______\                
   | |      _  | |   __  | |  ___   ___   ___       
   | |___  | | | |  / .\ | | / , | |   \ / ·_\    
   \_____\ |_| |__\ \__/ |_| \___) |_|_| \___\  
[39mL i l o t a n e  version rls-cadical
by Dominik Schreiber <dominik.schreiber@kit.edu> 2020-2021
using SAT solver cadical

0.063 Parser finished.
0.064 Structures extracted.
0.079 312 operators and 305 methods created.
2.027 Mined 642 new reduction preconditions (+99.4%).
2.027 Iteration 0.
2.027 Creating initial layer of size 2
2.065 Attempting to solve formula with 3 clauses (3 literals) and 1 assumptions
2.065 Unsolvable at layer 0 -- expanding.
2.065 Iteration 1.
2.065 New layer size: 5
2.065 Instantiating ...
2.129 Collected 9 relevant facts at this layer
2.129 Encoding ...
2.134 Attempting to solve formula with 145 clauses (347 literals) and 4 assumptions
2.134 Unsolvable at layer 1 -- expanding.
2.134 Iteration 2.
2.134 New layer size: 9
2.134 Instantiating ...
2.651 Collected 309 relevant facts at this layer
2.651 Encoding ...
2.672 Attempting to solve formula with 41688 clauses (92208 literals) and 4 assumptions
2.672 Unsolvable at layer 2 -- expanding.
2.672 Iteration 3.
2.672 New layer size: 13
2.672 Instantiating ...
3.802 Collected 1195 relevant facts at this layer
3.802 Encoding ...
3.857 Attempting to solve formula with 125354 clauses (297376 literals) and 8 assumptions
3.857 Unsolvable at layer 3 -- expanding.
3.857 Iteration 4.
3.857 New layer size: 39
3.857 Instantiating ...
5.532 Collected 1552 relevant facts at this layer
5.532 Encoding ...
5.687 Attempting to solve formula with 287209 clauses (734010 literals) and 19 assumptions
5.690 Unsolvable at layer 4 -- expanding.
5.690 Iteration 5.
5.690 New layer size: 90
5.690 Instantiating ...
11.004 Collected 3476 relevant facts at this layer
11.004 Encoding ...
11.745 Attempting to solve formula with 954876 clauses (2578414 literals) and 35 assumptions
11.918 Unsolvable at layer 5 -- expanding.
11.918 Iteration 6.
11.918 New layer size: 157
11.918 Instantiating ...
11.927 Retroactively prune reduction (M244-ACHIEVE-COLSPACE5 Q_2,0_NUM:0_53e01aba6558c5c8 Q_5,0_NUM:0_f3c44c6a67b3f56c Q_5,0_NUM:1_1fadd46c595d837)@(5,0): no children at offset 0
11.928 Retroactively prune reduction (M235-ACHIEVE-CELLSPACE4 Q_2,0_NUM:0_53e01aba6558c5c8 Q_5,0_NUM:0_f3c44c6a67b3f56c Q_5,0_NUM:1_f3c44c6a67b3f56c Q_5,0_NUM:2_1fadd46c595d837)@(5,0): no children at offset 0
26.865 Collected 3476 relevant facts at this layer
26.865 Encoding ...
28.399 Attempting to solve formula with 2478315 clauses (6645286 literals) and 62 assumptions
28.779 Unsolvable at layer 6 -- expanding.
28.779 Iteration 7.
28.779 New layer size: 292
28.779 Instantiating ...
59.285 Collected 3476 relevant facts at this layer
59.285 Encoding ...
62.194 Attempting to solve formula with 5366253 clauses (14606800 literals) and 120 assumptions
62.491 Unsolvable at layer 7 -- expanding.
62.491 Iteration 8.
62.492 New layer size: 590
62.492 Instantiating ...
121.082 Collected 3476 relevant facts at this layer
121.082 Encoding ...
127.795 Attempting to solve formula with 11477075 clauses (32417398 literals) and 237 assumptions
130.046 Unsolvable at layer 8 -- expanding.
130.046 Iteration 9.
130.046 New layer size: 1149
130.046 Instantiating ...
130.064 Retroactively prune reduction (M235-ACHIEVE-CELLSPACE4 Q_5,0_NUM:0_53e01aba6558c5c8 Q_8,0_NUM:0_f3c44c6a67b3f56c Q_8,0_NUM:1_f3c44c6a67b3f56c Q_8,0_NUM:2_1fadd46c595d837)@(8,0): no children at offset 0
130.067 Retroactively prune reduction (M244-ACHIEVE-COLSPACE5 Q_5,0_NUM:0_1fadd46c595d837 Q_8,0_NUM:0_f3c44c6a67b3f56c Q_8,0_NUM:1_1fadd46c595d837)@(8,0): no children at offset 0
130.067 Retroactively prune reduction (M244-ACHIEVE-COLSPACE5 Q_5,0_NUM:0_53e01aba6558c5c8 Q_8,0_NUM:0_f3c44c6a67b3f56c Q_8,0_NUM:1_1fadd46c595d837)@(8,0): no children at offset 0
251.120 Collected 3476 relevant facts at this layer
251.120 Encoding ...
265.611 Attempting to solve formula with 24608713 clauses (71263299 literals) and 444 assumptions
288.768 Unsolvable at layer 9 -- expanding.
288.768 Iteration 10.
288.769 New layer size: 2133
288.769 Instantiating ...
288.788 Retroactively prune reduction (M235-ACHIEVE-CELLSPACE4 Q_6,0_NUM:0_53e01aba6558c5c8 Q_9,0_NUM:0_f3c44c6a67b3f56c Q_9,0_NUM:1_f3c44c6a67b3f56c Q_9,0_NUM:2_1fadd46c595d837)@(9,0): no children at offset 0
288.797 Retroactively prune reduction (M244-ACHIEVE-COLSPACE5 Q_6,0_NUM:0_53e01aba6558c5c8 Q_9,0_NUM:0_f3c44c6a67b3f56c Q_9,0_NUM:1_1fadd46c595d837)@(9,0): no children at offset 0
288.797 Retroactively prune reduction (M244-ACHIEVE-COLSPACE5 Q_6,0_NUM:0_1fadd46c595d837 Q_9,0_NUM:0_f3c44c6a67b3f56c Q_9,0_NUM:1_1fadd46c595d837)@(9,0): no children at offset 0
627.415 Collected 3476 relevant facts at this layer
627.415 Encoding ...
665.689 Attempting to solve formula with 50196902 clauses (146736733 literals) and 830 assumptions
1176.299 Unsolvable at layer 10 -- expanding.
1176.299 Iteration 11.
1176.300 New layer size: 4028
1176.300 Instantiating ...
1588.464 Termination signal caught.
1588.464 Total amount of clauses encoded: 50196902
1588.464 - reductionconstraints : 18651661 cls
1588.464 - directframeaxioms : 16563640 cls
1588.464 - qfactsemantics : 6972761 cls
1588.464 - indirectframeaxioms : 5362349 cls
1588.464 - substitutionconstraints : 1155996 cls
1588.464 - atmostoneelement : 867881 cls
1588.464 - qconstequality : 274233 cls
1588.464 - expansions : 155856 cls
1588.464 - predecessors : 92915 cls
1588.464 - actionconstraints : 63016 cls
1588.464 - actioneffects : 33108 cls
1588.464 - truefacts : 3476 cls
1588.464 - forbiddenoperations : 8 cls
1588.464 - axiomaticops : 2 cls
1588.464 # instantiated positions: 6926
1588.464 # instantiated actions: 64804
1588.464 # instantiated reductions: 82929
1588.464 # introduced pseudo-constants: 22277
1588.464 # retroactive prunings: 8
1588.464 # retroactively pruned operations: 8
1588.464 # dominated operations: 8063
1588.464 Exiting happily.

RUNWATCH_RESULT MEMOUT RETVAL 0 TIME_SECS 1589.62 MEMPEAK_KBS 16064496
