    _           _         _
   \ |         \ |       | |                       
   | |     __  | |      _| |______                
   | |     \/  | |     /_   ______\                
   | |      _  | |   __  | |  ___   ___   ___       
   | |___  | | | |  / .\ | | / , | |   \ / ·_\    
   \_____\ |_| |__\ \__/ |_| \___) |_|_| \___\  
[39mL i l o t a n e  version rls-glucose4
by Dominik Schreiber <dominik.schreiber@kit.edu> 2020-2021
using SAT solver glucose4

0.022 Parser finished.
0.023 Structures extracted.
0.023 9 operators and 7 methods created.
0.030 Mined 12 new reduction preconditions (+inf%).
0.030 Iteration 0.
0.030 Creating initial layer of size 2
0.062 Attempting to solve formula with 3 clauses (3 literals) and 1 assumptions
0.062 Unsolvable at layer 0 -- expanding.
0.062 Iteration 1.
0.062 New layer size: 101
0.062 Instantiating ...
0.211 Collected 0 relevant facts at this layer
0.211 Encoding ...
0.253 Attempting to solve formula with 59705 clauses (169707 literals) and 100 assumptions
0.254 Unsolvable at layer 1 -- expanding.
0.254 Iteration 2.
0.254 New layer size: 401
0.254 Instantiating ...
1.304 Collected 1592 relevant facts at this layer
1.304 Encoding ...
2.605 Attempting to solve formula with 1231487 clauses (4755955 literals) and 200 assumptions
2.753 Unsolvable at layer 2 -- expanding.
2.753 Iteration 3.
2.753 New layer size: 601
2.753 Instantiating ...
4.642 Collected 1592 relevant facts at this layer
4.642 Encoding ...
7.390 Attempting to solve formula with 3104560 clauses (12278306 literals) and 200 assumptions
7.401 Unsolvable at layer 3 -- expanding.
7.401 Iteration 4.
7.401 New layer size: 801
7.401 Instantiating ...
9.950 Collected 1592 relevant facts at this layer
9.950 Encoding ...
13.811 Attempting to solve formula with 5395664 clauses (21778959 literals) and 200 assumptions
61.266 Unsolvable at layer 4 -- expanding.
61.266 Iteration 5.
61.267 New layer size: 1001
61.267 Instantiating ...
64.847 Collected 1592 relevant facts at this layer
64.847 Encoding ...
69.435 Attempting to solve formula with 8160425 clauses (33545892 literals) and 200 assumptions
69.460 Unsolvable at layer 5 -- expanding.
69.460 Iteration 6.
69.460 New layer size: 1201
69.460 Instantiating ...
73.778 Collected 1592 relevant facts at this layer
73.778 Encoding ...
79.736 Attempting to solve formula with 11459676 clauses (47925140 literals) and 200 assumptions
79.816 Unsolvable at layer 6 -- expanding.
79.816 Iteration 7.
79.816 New layer size: 1401
79.816 Instantiating ...
85.159 Collected 1592 relevant facts at this layer
85.159 Encoding ...
92.486 Attempting to solve formula with 15305160 clauses (64970815 literals) and 200 assumptions
c
c Try to adapt solver strategies
c 
c Nothing extreme in this problem, continue with glucose default strategies.
c
1802.185 Termination signal caught.
1802.185 Total amount of clauses encoded: 15305160
1802.185 - indirectframeaxioms : 8970852 cls
1802.185 - directframeaxioms : 2480400 cls
1802.185 - qfactsemantics : 2088612 cls
1802.185 - actionconstraints : 692271 cls
1802.185 - reductionconstraints : 594590 cls
1802.185 - qconstequality : 216476 cls
1802.185 - substitutionconstraints : 177710 cls
1802.185 - atmostoneelement : 41434 cls
1802.185 - expansions : 19327 cls
1802.185 - predecessors : 16694 cls
1802.185 - actioneffects : 5200 cls
1802.185 - truefacts : 1592 cls
1802.185 - axiomaticops : 2 cls
1802.185 # instantiated positions: 5508
1802.185 # instantiated actions: 15394
1802.185 # instantiated reductions: 1301
1802.185 # introduced pseudo-constants: 2365
1802.185 # retroactive prunings: 0
1802.185 # retroactively pruned operations: 0
1802.185 # dominated operations: 82
1802.185 # total invalid rigid preconditions found in getPFC: 0
1802.185 # invalid rigid preconditions found in getPFC: 0
1802.185 # invalid rigid preconditions found in getPFC in varrestrictions: 0
1802.185 # total invalid fluent preconditions found in getPFC: 0
1802.185 # invalid fluent preconditions found in getPFC: 0
1802.185 # invalid fluent preconditions found in getPFC in varrestrictions: 0
1802.185 # invalid fluent preconditions found in getPFC via postconditions: 0
1802.185 # invalid subtasks found in getPFC: 0
1802.185 # number effects in operation fact_frames: 468
1802.185 Exiting happily.

RUNWATCH_RESULT TIMEOUT RETVAL 0 TIME_SECS 1802.46 MEMPEAK_KBS 3755148
