    _           _         _
   \ |         \ |       | |                       
   | |     __  | |      _| |______                
   | |     \/  | |     /_   ______\                
   | |      _  | |   __  | |  ___   ___   ___       
   | |___  | | | |  / .\ | | / , | |   \ / ·_\    
   \_____\ |_| |__\ \__/ |_| \___) |_|_| \___\  
[39mL i l o t a n e  version rls-glucose4
by Dominik Schreiber <dominik.schreiber@kit.edu> 2020-2021
using SAT solver glucose4

0.026 Parser finished.
0.026 Structures extracted.
0.027 18 operators and 15 methods created.
0.039 Mined 2 new reduction preconditions (+9.5%).
0.039 Iteration 0.
0.039 Creating initial layer of size 2
0.045 Attempting to solve formula with 3 clauses (3 literals) and 1 assumptions
0.045 Unsolvable at layer 0 -- expanding.
0.045 Iteration 1.
0.045 New layer size: 2
0.045 Instantiating ...
0.051 Collected 0 relevant facts at this layer
0.051 Encoding ...
0.052 Attempting to solve formula with 8 clauses (12 literals) and 1 assumptions
0.052 Unsolvable at layer 1 -- expanding.
0.052 Iteration 2.
0.052 New layer size: 7
0.052 Instantiating ...
0.075 Collected 0 relevant facts at this layer
0.075 Encoding ...
0.077 Attempting to solve formula with 28 clauses (46 literals) and 6 assumptions
0.077 Unsolvable at layer 2 -- expanding.
0.077 Iteration 3.
0.077 New layer size: 13
0.077 Instantiating ...
0.142 Collected 4 relevant facts at this layer
0.142 Encoding ...
0.144 Attempting to solve formula with 100 clauses (187 literals) and 10 assumptions
0.144 Unsolvable at layer 3 -- expanding.
0.144 Iteration 4.
0.144 New layer size: 23
0.144 Instantiating ...
0.278 Collected 14 relevant facts at this layer
0.278 Encoding ...
0.282 Attempting to solve formula with 708 clauses (1646 literals) and 20 assumptions
0.282 Unsolvable at layer 4 -- expanding.
0.282 Iteration 5.
0.282 New layer size: 43
0.282 Instantiating ...
0.444 Collected 34 relevant facts at this layer
0.444 Encoding ...
0.450 Attempting to solve formula with 3185 clauses (7447 literals) and 40 assumptions
0.450 Unsolvable at layer 5 -- expanding.
0.450 Iteration 6.
0.450 New layer size: 83
0.450 Instantiating ...
0.647 Collected 64 relevant facts at this layer
0.647 Encoding ...
0.657 Attempting to solve formula with 10193 clauses (23518 literals) and 80 assumptions
0.657 Unsolvable at layer 6 -- expanding.
0.657 Iteration 7.
0.657 New layer size: 163
0.657 Instantiating ...
0.894 Collected 102 relevant facts at this layer
0.894 Encoding ...
0.913 Attempting to solve formula with 26531 clauses (60507 literals) and 160 assumptions
0.913 Unsolvable at layer 7 -- expanding.
0.913 Iteration 8.
0.913 New layer size: 318
0.913 Instantiating ...
1.170 Collected 150 relevant facts at this layer
1.170 Encoding ...
1.208 Attempting to solve formula with 59794 clauses (135467 literals) and 315 assumptions
1.209 Unsolvable at layer 8 -- expanding.
1.209 Iteration 9.
1.209 New layer size: 632
1.209 Instantiating ...
1.469 Collected 202 relevant facts at this layer
1.469 Encoding ...
1.571 Attempting to solve formula with 117968 clauses (266406 literals) and 469 assumptions
1.572 Unsolvable at layer 9 -- expanding.
1.572 Iteration 10.
1.573 New layer size: 1100
1.573 Instantiating ...
1.617 Retroactively prune action (removeblock l-1-4-5 stone)@(9,125): no children at offset 0
1.617 Retroactively prune action (__REPEATED_removeblock l-1-1-5 stone)@(9,125): no children at offset 0
1.617 Retroactively prune action (__REPEATED_removeblock l-1-2-5 stone)@(9,125): no children at offset 0
1.617 Retroactively prune action (__REPEATED_removeblock l-1-3-5 stone)@(9,125): no children at offset 0
1.617 Retroactively prune reduction (place-block-abstract-3 l-1-5-5 stone stone)@(9,125): no children at offset 0
1.623 Retroactively prune action (removeblock l-2-3-5 stone)@(9,189): no children at offset 0
1.623 Retroactively prune action (__REPEATED_removeblock l-2-2-5 stone)@(9,189): no children at offset 0
1.623 Retroactively prune action (__REPEATED_removeblock l-2-1-5 stone)@(9,189): no children at offset 0
1.623 Retroactively prune reduction (place-block-abstract-3 l-2-4-5 stone stone)@(9,189): no children at offset 0
1.630 Retroactively prune action (removeblock l-3-2-5 stone)@(9,221): no children at offset 0
1.630 Retroactively prune action (__REPEATED_removeblock l-3-1-5 stone)@(9,221): no children at offset 0
1.631 Retroactively prune reduction (place-block-abstract-3 l-3-3-5 stone stone)@(9,221): no children at offset 0
1.638 Retroactively prune action (removeblock l-4-1-5 stone)@(9,237): no children at offset 0
1.638 Retroactively prune reduction (place-block-abstract-3 l-4-2-5 stone stone)@(9,237): no children at offset 0
1.646 Retroactively prune reduction (place-block-abstract-3 l-5-1-5 stone stone)@(9,245): no children at offset 0
1.661 Retroactively prune action (__REPEATED_removeblock l-1-5-4 stone)@(9,251): no children at offset 0
1.661 Retroactively prune action (removeblock l-1-5-1 stone)@(9,251): no children at offset 0
1.661 Retroactively prune action (__REPEATED_removeblock l-1-5-2 stone)@(9,251): no children at offset 0
1.661 Retroactively prune action (__REPEATED_removeblock l-1-5-3 stone)@(9,251): no children at offset 0
1.661 Retroactively prune reduction (place-block-abstract-3 l-1-5-0 stone stone)@(9,251): no children at offset 0
1.667 Retroactively prune action (removeblock l-2-5-2 stone)@(9,315): no children at offset 0
1.667 Retroactively prune action (__REPEATED_removeblock l-2-5-4 stone)@(9,315): no children at offset 0
1.667 Retroactively prune action (__REPEATED_removeblock l-2-5-3 stone)@(9,315): no children at offset 0
1.667 Retroactively prune reduction (place-block-abstract-3 l-2-5-1 stone stone)@(9,315): no children at offset 0
1.675 Retroactively prune action (removeblock l-3-5-3 stone)@(9,347): no children at offset 0
1.675 Retroactively prune action (__REPEATED_removeblock l-3-5-4 stone)@(9,347): no children at offset 0
1.675 Retroactively prune reduction (place-block-abstract-3 l-3-5-2 stone stone)@(9,347): no children at offset 0
1.682 Retroactively prune action (removeblock l-4-5-4 stone)@(9,363): no children at offset 0
1.682 Retroactively prune reduction (place-block-abstract-3 l-4-5-3 stone stone)@(9,363): no children at offset 0
1.690 Retroactively prune reduction (place-block-abstract-3 l-5-5-4 stone stone)@(9,371): no children at offset 0
1.704 Retroactively prune action (__REPEATED_removeblock l-1-2-0 stone)@(9,377): no children at offset 0
1.704 Retroactively prune action (removeblock l-1-1-0 stone)@(9,377): no children at offset 0
1.704 Retroactively prune action (__REPEATED_removeblock l-1-4-0 stone)@(9,377): no children at offset 0
1.704 Retroactively prune action (__REPEATED_removeblock l-1-3-0 stone)@(9,377): no children at offset 0
1.710 Retroactively prune action (removeblock l-2-2-0 stone)@(9,441): no children at offset 0
1.710 Retroactively prune action (__REPEATED_removeblock l-2-4-0 stone)@(9,441): no children at offset 0
1.710 Retroactively prune action (__REPEATED_removeblock l-2-3-0 stone)@(9,441): no children at offset 0
1.711 Retroactively prune reduction (place-block-abstract-3 l-2-1-0 stone stone)@(9,441): no children at offset 0
1.718 Retroactively prune action (__REPEATED_removeblock l-3-4-0 stone)@(9,473): no children at offset 0
1.718 Retroactively prune action (removeblock l-3-3-0 stone)@(9,473): no children at offset 0
1.718 Retroactively prune reduction (place-block-abstract-3 l-3-2-0 stone stone)@(9,473): no children at offset 0
1.725 Retroactively prune action (removeblock l-4-4-0 stone)@(9,489): no children at offset 0
1.726 Retroactively prune reduction (place-block-abstract-3 l-4-3-0 stone stone)@(9,489): no children at offset 0
1.733 Retroactively prune reduction (place-block-abstract-3 l-5-4-0 stone stone)@(9,497): no children at offset 0
1.747 Retroactively prune action (removeblock l-7-0-4 stone)@(9,505): no children at offset 0
1.747 Retroactively prune action (__REPEATED_removeblock l-7-0-1 stone)@(9,505): no children at offset 0
1.747 Retroactively prune action (__REPEATED_removeblock l-7-0-0 stone)@(9,505): no children at offset 0
1.747 Retroactively prune action (__REPEATED_removeblock l-7-0-3 stone)@(9,505): no children at offset 0
1.747 Retroactively prune action (__REPEATED_removeblock l-7-0-2 stone)@(9,505): no children at offset 0
1.748 Retroactively prune reduction (place-block-abstract-3 l-7-0-5 stone stone)@(9,505): no children at offset 0
1.754 Retroactively prune action (removeblock l-7-1-3 stone)@(9,569): no children at offset 0
1.754 Retroactively prune action (__REPEATED_removeblock l-7-1-2 stone)@(9,569): no children at offset 0
1.754 Retroactively prune action (__REPEATED_removeblock l-7-1-1 stone)@(9,569): no children at offset 0
1.754 Retroactively prune action (__REPEATED_removeblock l-7-1-0 stone)@(9,569): no children at offset 0
1.754 Retroactively prune reduction (place-block-abstract-3 l-7-1-4 stone stone)@(9,569): no children at offset 0
1.761 Retroactively prune action (__REPEATED_removeblock l-7-2-1 stone)@(9,601): no children at offset 0
1.761 Retroactively prune action (__REPEATED_removeblock l-7-2-0 stone)@(9,601): no children at offset 0
1.761 Retroactively prune action (removeblock l-7-2-2 stone)@(9,601): no children at offset 0
1.762 Retroactively prune reduction (place-block-abstract-3 l-7-2-3 stone stone)@(9,601): no children at offset 0
1.769 Retroactively prune action (removeblock l-7-3-1 stone)@(9,617): no children at offset 0
1.769 Retroactively prune action (__REPEATED_removeblock l-7-3-0 stone)@(9,617): no children at offset 0
1.769 Retroactively prune reduction (place-block-abstract-3 l-7-3-2 stone stone)@(9,617): no children at offset 0
1.777 Retroactively prune action (removeblock l-7-4-0 stone)@(9,625): no children at offset 0
1.777 Retroactively prune reduction (place-block-abstract-3 l-7-4-1 stone stone)@(9,625): no children at offset 0
1.785 Retroactively prune reduction (place-block-abstract-3 l-7-5-0 stone stone)@(9,629): no children at offset 0
1.792 Collected 244 relevant facts at this layer
1.792 Encoding ...
1.995 Attempting to solve formula with 190795 clauses (426535 literals) and 456 assumptions
1.995 Unsolvable at layer 10 -- expanding.
1.995 Iteration 11.
1.997 New layer size: 1551
1.997 Instantiating ...
2.218 Collected 276 relevant facts at this layer
2.218 Encoding ...
2.549 Attempting to solve formula with 269472 clauses (598448 literals) and 436 assumptions
2.549 Unsolvable at layer 11 -- expanding.
2.549 Iteration 12.
2.551 New layer size: 1982
2.551 Instantiating ...
2.740 Collected 298 relevant facts at this layer
2.740 Encoding ...
3.118 Attempting to solve formula with 352107 clauses (777561 literals) and 396 assumptions
3.124 Unsolvable at layer 12 -- expanding.
3.124 Iteration 13.
3.127 New layer size: 2373
3.127 Instantiating ...
3.297 Collected 310 relevant facts at this layer
3.297 Encoding ...
3.751 Attempting to solve formula with 434070 clauses (953738 literals) and 316 assumptions
3.752 Unsolvable at layer 13 -- expanding.
3.752 Iteration 14.
3.755 New layer size: 2684
3.755 Instantiating ...
3.910 Collected 312 relevant facts at this layer
3.910 Encoding ...
4.420 Attempting to solve formula with 507894 clauses (1110367 literals) and 156 assumptions
c last restart ## conflicts  :  68 8480 
4.740 Found a solution at layer 14.
==>
77531 placeblock l-1-0-0 stone
77762 placeblock l-1-0-1 stone
77875 placeblock l-1-0-2 stone
77938 placeblock l-1-0-3 stone
77964 placeblock l-1-0-4 stone
77978 placeblock l-1-0-5 stone
77993 placeblock l-2-0-0 stone
78212 placeblock l-2-0-1 stone
78330 placeblock l-2-0-2 stone
78396 placeblock l-2-0-3 stone
78418 placeblock l-2-0-4 stone
78434 placeblock l-2-0-5 stone
78446 placeblock l-3-0-0 stone
78673 placeblock l-3-0-3 stone
78702 placeblock l-3-0-4 stone
78714 placeblock l-3-0-5 stone
78734 placeblock l-3-0-2 stone
78793 placeblock l-3-0-1 stone
78904 placeblock l-4-0-2 stone
78954 placeblock l-4-0-3 stone
78978 placeblock l-4-0-5 stone
78995 placeblock l-4-0-4 stone
79007 placeblock l-4-0-1 stone
79135 placeblock l-4-0-0 stone
79363 placeblock l-5-0-0 stone
79707 placeblock l-5-0-1 stone
79890 placeblock l-5-0-2 stone
79990 placeblock l-5-0-5 stone
80014 placeblock l-5-0-4 stone
80034 placeblock l-5-0-3 stone
80079 placeblock l-6-0-0 stone
80389 placeblock l-6-0-1 stone
80561 placeblock l-6-0-5 stone
80592 placeblock l-6-0-4 stone
80612 placeblock l-6-0-3 stone
80646 placeblock l-6-0-2 stone
80732 removeblock l-1-0-5 stone
80843 placeblock l-1-0-5 stone
80968 placeblock l-1-1-5 stone
81081 placeblock l-1-2-5 stone
81136 placeblock l-1-5-5 stone
81155 placeblock l-1-4-5 stone
81167 placeblock l-1-3-5 stone
81198 removeblock l-2-0-5 stone
81302 placeblock l-2-0-5 stone
81428 placeblock l-2-2-5 stone
81488 placeblock l-2-3-5 stone
81510 placeblock l-2-5-5 stone
81529 placeblock l-2-4-5 stone
81546 placeblock l-2-1-5 stone
81663 removeblock l-3-0-5 stone
81770 placeblock l-3-0-5 stone
81880 placeblock l-3-1-5 stone
82000 placeblock l-3-2-5 stone
82064 placeblock l-3-3-5 stone
82091 placeblock l-3-4-5 stone
82103 placeblock l-3-5-5 stone
82121 removeblock l-4-0-5 stone
82228 placeblock l-4-0-5 stone
82343 placeblock l-4-2-5 stone
82407 placeblock l-4-3-5 stone
82430 placeblock l-4-5-5 stone
82449 placeblock l-4-4-5 stone
82469 placeblock l-4-1-5 stone
82923 placeblock l-5-1-5 stone
83111 placeblock l-5-3-5 stone
83166 placeblock l-5-4-5 stone
83185 placeblock l-5-5-5 stone
83209 placeblock l-5-2-5 stone
83300 placeblock l-6-5-5 stone
83308 placeblock l-6-4-5 stone
83326 placeblock l-6-3-5 stone
83360 placeblock l-6-2-5 stone
83447 placeblock l-6-1-5 stone
83618 removeblock l-6-0-5 stone
83790 placeblock l-6-0-5 stone
83959 removeblock l-1-5-5 stone
84071 placeblock l-1-5-5 stone
84191 placeblock l-1-5-0 stone
84203 placeblock l-1-5-1 stone
84217 placeblock l-1-5-2 stone
84250 placeblock l-1-5-3 stone
84305 placeblock l-1-5-4 stone
84423 placeblock l-2-5-2 stone
84448 placeblock l-2-5-1 stone
84459 placeblock l-2-5-0 stone
84471 placeblock l-2-5-3 stone
84533 placeblock l-2-5-4 stone
84646 removeblock l-2-5-5 stone
84775 placeblock l-2-5-5 stone
84886 removeblock l-3-5-5 stone
84996 placeblock l-3-5-5 stone
85112 placeblock l-3-5-3 stone
85166 placeblock l-3-5-0 stone
85187 placeblock l-3-5-1 stone
85202 placeblock l-3-5-2 stone
85225 placeblock l-3-5-4 stone
85342 placeblock l-4-5-3 stone
85394 placeblock l-4-5-2 stone
85426 placeblock l-4-5-0 stone
85434 placeblock l-4-5-1 stone
85453 placeblock l-4-5-4 stone
85807 placeblock l-5-5-1 stone
85811 placeblock l-5-5-0 stone
85830 placeblock l-5-5-2 stone
85877 placeblock l-5-5-3 stone
85959 placeblock l-5-5-4 stone
86146 removeblock l-5-5-5 stone
86343 placeblock l-5-5-5 stone
86529 placeblock l-6-5-2 stone
86551 placeblock l-6-5-0 stone
86566 placeblock l-6-5-1 stone
86584 placeblock l-6-5-3 stone
86666 placeblock l-6-5-4 stone
87185 removeblock l-1-5-0 stone
87300 placeblock l-1-5-0 stone
87419 placeblock l-1-3-0 stone
87480 placeblock l-1-2-0 stone
87509 placeblock l-1-1-0 stone
87541 placeblock l-1-4-0 stone
87648 placeblock l-2-4-0 stone
87767 placeblock l-2-3-0 stone
87838 placeblock l-2-1-0 stone
87854 placeblock l-2-2-0 stone
88118 placeblock l-3-4-0 stone
88232 placeblock l-3-3-0 stone
88303 placeblock l-3-1-0 stone
88315 placeblock l-3-2-0 stone
88581 placeblock l-4-4-0 stone
88693 placeblock l-4-3-0 stone
88756 placeblock l-4-2-0 stone
88792 placeblock l-4-1-0 stone
89049 removeblock l-5-0-0 stone
89053 placeblock l-5-0-0 stone
89068 placeblock l-5-1-0 stone
89091 placeblock l-5-2-0 stone
89126 placeblock l-5-3-0 stone
89215 placeblock l-5-4-0 stone
89403 removeblock l-5-5-0 stone
89598 placeblock l-5-5-0 stone
89783 placeblock l-6-2-0 stone
89830 placeblock l-6-1-0 stone
89843 placeblock l-6-3-0 stone
89932 placeblock l-6-4-0 stone
90442 removeblock l-1-2-0 stone
90444 removeblock l-2-2-0 stone
90450 placeblock l-7-0-1 stone
90555 placeblock l-7-0-3 stone
90590 placeblock l-7-0-4 stone
90603 placeblock l-7-0-5 stone
90620 placeblock l-7-0-2 stone
90682 placeblock l-7-0-0 stone
90911 placeblock l-7-1-0 stone
91140 placeblock l-7-1-1 stone
91258 placeblock l-7-1-3 stone
91285 placeblock l-7-1-4 stone
91303 placeblock l-7-1-5 stone
91315 placeblock l-7-1-2 stone
91375 placeblock l-7-2-0 stone
91600 placeblock l-7-2-1 stone
91715 placeblock l-7-2-2 stone
91777 placeblock l-7-2-3 stone
91805 placeblock l-7-2-5 stone
91814 placeblock l-7-2-4 stone
91828 placeblock l-7-3-0 stone
92059 placeblock l-7-3-3 stone
92081 placeblock l-7-3-5 stone
92101 placeblock l-7-3-4 stone
92116 placeblock l-7-3-2 stone
92173 placeblock l-7-3-1 stone
92287 placeblock l-7-4-0 stone
92635 placeblock l-7-4-1 stone
92825 placeblock l-7-4-2 stone
92916 placeblock l-7-4-4 stone
92943 placeblock l-7-4-5 stone
92962 placeblock l-7-4-3 stone
93008 placeblock l-7-5-0 stone
93323 placeblock l-7-5-3 stone
93370 placeblock l-7-5-4 stone
93390 placeblock l-7-5-5 stone
93410 placeblock l-7-5-2 stone
93488 placeblock l-7-5-1 stone
root 5
5 buildhouse l-1-0-0 l-1-0-5 l-1-5-5 l-1-5-0 l-1-2-0 l-7-0-0 n6 n6 n6 stone -> build-house-1 9 11 13 15 17 19
9 buildwall l-1-0-0 n6 n6 e stone -> build-wall-2 23 30
11 buildwall l-1-0-5 n6 n6 n stone -> build-wall-2 37 43
13 buildwall l-1-5-5 n6 n6 w stone -> build-wall-2 50 56
15 buildwall l-1-5-0 n6 n6 s stone -> build-wall-2 63 69
17 builddoor l-1-2-0 -> build-door-1 90441 90443
19 buildroof l-7-0-0 n6 n6 e n stone -> build-roof-2 88 92
23 buildrow l-1-0-0 n6 e stone -> build-row-2 77530 121
30 buildwall l-2-0-0 n6 n5 e stone -> build-wall-2 139 151
37 buildrow l-1-0-5 n6 n stone -> build-row-2 171 185
43 buildwall l-2-0-5 n6 n5 n stone -> build-wall-2 204 216
50 buildrow l-1-5-5 n6 w stone -> build-row-2 234 251
56 buildwall l-2-5-5 n6 n5 w stone -> build-wall-2 269 281
63 buildrow l-1-5-0 n6 s stone -> build-row-2 300 314
69 buildwall l-2-5-0 n6 n5 s stone -> build-wall-2 333 346
88 buildrow l-7-0-0 n6 e stone -> build-row-3 379 90681
92 buildroof l-7-1-0 n6 n5 e n stone -> build-roof-2 405 417
121 buildrow l-1-0-1 n5 e stone -> build-row-2 77761 499
139 buildrow l-2-0-0 n6 e stone -> build-row-2 77992 515
151 buildwall l-3-0-0 n6 n4 e stone -> build-wall-2 554 577
171 placeblockabstract l-1-0-5 stone -> place-block-abstract-3 80732 80843
185 buildrow l-1-1-5 n5 n stone -> build-row-2 80967 672
204 buildrow l-2-0-5 n6 n stone -> build-row-2 683 692
216 buildwall l-3-0-5 n6 n4 n stone -> build-wall-2 729 752
234 placeblockabstract l-1-5-5 stone -> place-block-abstract-3 83959 84071
251 buildrow l-1-5-4 n5 w stone -> build-row-3 837 84304
269 buildrow l-2-5-5 n6 w stone -> build-row-3 858 865
281 buildwall l-3-5-5 n6 n4 w stone -> build-wall-2 905 927
300 placeblockabstract l-1-5-0 stone -> place-block-abstract-3 87185 87300
314 buildrow l-1-4-0 n5 s stone -> build-row-3 1012 87540
333 buildrow l-2-5-0 n6 s stone -> build-row-3 1036 1046
346 buildwall l-3-5-0 n6 n4 s stone -> build-wall-2 1084 1106
379 buildrow l-7-0-1 n5 e stone -> build-row-2 90449 1182
405 buildrow l-7-1-0 n6 e stone -> build-row-2 90910 1224
417 buildroof l-7-2-0 n6 n4 e n stone -> build-roof-2 1260 1283
499 buildrow l-1-0-2 n4 e stone -> build-row-2 77874 1465
515 buildrow l-2-0-1 n5 e stone -> build-row-2 78211 1511
554 buildrow l-3-0-0 n6 e stone -> build-row-2 78445 1530
577 buildwall l-4-0-0 n6 n3 e stone -> build-wall-2 1598 1631
672 buildrow l-1-2-5 n4 n stone -> build-row-2 81080 1832
683 placeblockabstract l-2-0-5 stone -> place-block-abstract-3 81198 81302
692 buildrow l-2-1-5 n5 n stone -> build-row-3 1873 81545
729 buildrow l-3-0-5 n6 n stone -> build-row-2 1896 1905
752 buildwall l-4-0-5 n6 n3 n stone -> build-wall-2 1972 2004
837 buildrow l-1-5-3 n4 w stone -> build-row-3 2166 84249
858 buildrow l-2-5-4 n5 w stone -> build-row-3 2223 84532
865 placeblockabstract l-2-5-5 stone -> place-block-abstract-3 84646 84775
905 buildrow l-3-5-5 n6 w stone -> build-row-2 2269 2278
927 buildwall l-4-5-5 n6 n3 w stone -> build-wall-2 2345 2377
1012 buildrow l-1-3-0 n4 s stone -> build-row-2 87418 2553
1036 buildrow l-2-4-0 n5 s stone -> build-row-2 87647 2612
1046 placeblockabstract l-2-5-0 stone -> place-block-abstract-2
1084 buildrow l-3-5-0 n6 s stone -> build-row-3 2655 2661
1106 buildwall l-4-5-0 n6 n3 s stone -> build-wall-2 2730 2762
1182 buildrow l-7-0-2 n4 e stone -> build-row-3 2896 90619
1224 buildrow l-7-1-1 n5 e stone -> build-row-2 91139 3011
1260 buildrow l-7-2-0 n6 e stone -> build-row-2 91374 3027
1283 buildroof l-7-3-0 n6 n3 e n stone -> build-roof-2 3096 3129
1465 buildrow l-1-0-3 n3 e stone -> build-row-2 77937 3488
1511 buildrow l-2-0-2 n4 e stone -> build-row-2 78329 3594
1530 buildrow l-3-0-1 n5 e stone -> build-row-3 3633 78792
1598 buildrow l-4-0-0 n6 e stone -> build-row-3 3654 79134
1631 buildwall l-5-0-0 n6 n2 e stone -> build-wall-2 3767 3807
1832 buildrow l-1-3-5 n3 n stone -> build-row-3 4176 81166
1873 buildrow l-2-2-5 n4 n stone -> build-row-2 81427 4275
1896 placeblockabstract l-3-0-5 stone -> place-block-abstract-3 81663 81770
1905 buildrow l-3-1-5 n5 n stone -> build-row-2 81879 4357
1972 buildrow l-4-0-5 n6 n stone -> build-row-2 4367 4377
2004 buildwall l-5-0-5 n6 n2 n stone -> build-wall-2 4482 4522
2166 buildrow l-1-5-2 n3 w stone -> build-row-3 4798 84216
2223 buildrow l-2-5-3 n4 w stone -> build-row-3 4921 84470
2269 placeblockabstract l-3-5-5 stone -> place-block-abstract-3 84886 84996
2278 buildrow l-3-5-4 n5 w stone -> build-row-3 5059 85224
2345 buildrow l-4-5-5 n6 w stone -> build-row-3 5081 5092
2377 buildwall l-5-5-5 n6 n2 w stone -> build-wall-2 5197 5237
2553 buildrow l-1-2-0 n3 s stone -> build-row-2 87479 5544
2612 buildrow l-2-3-0 n4 s stone -> build-row-2 87766 5660
2655 buildrow l-3-4-0 n5 s stone -> build-row-2 88117 5752
2661 placeblockabstract l-3-5-0 stone -> place-block-abstract-2
2730 buildrow l-4-5-0 n6 s stone -> build-row-3 5789 5799
2762 buildwall l-5-5-0 n6 n2 s stone -> build-wall-2 5904 5944
2896 buildrow l-7-0-3 n3 e stone -> build-row-2 90554 6170
3011 buildrow l-7-1-2 n4 e stone -> build-row-3 6413 91314
3027 buildrow l-7-2-1 n5 e stone -> build-row-2 91599 6474
3096 buildrow l-7-3-0 n6 e stone -> build-row-2 91827 6491
3129 buildroof l-7-4-0 n6 n2 e n stone -> build-roof-2 6597 6637
3488 buildrow l-1-0-4 n2 e stone -> build-row-2 77963 7281
3594 buildrow l-2-0-3 n3 e stone -> build-row-2 78395 7516
3633 buildrow l-3-0-2 n4 e stone -> build-row-3 7583 78733
3654 buildrow l-4-0-1 n5 e stone -> build-row-3 7637 79006
3767 buildrow l-5-0-0 n6 e stone -> build-row-2 79362 7687
3807 buildwall l-6-0-0 n6 n1 e stone -> build-wall-1 7842
4176 buildrow l-1-4-5 n2 n stone -> build-row-3 8372 81154
4275 buildrow l-2-3-5 n3 n stone -> build-row-2 81487 8598
4357 buildrow l-3-2-5 n4 n stone -> build-row-2 81999 8779
4367 placeblockabstract l-4-0-5 stone -> place-block-abstract-3 82121 82228
4377 buildrow l-4-1-5 n5 n stone -> build-row-3 8818 82468
4482 buildrow l-5-0-5 n6 n stone -> build-row-2 8841 8851
4522 buildwall l-6-0-5 n6 n1 n stone -> build-wall-1 9004
4798 buildrow l-1-5-1 n2 w stone -> build-row-3 9353 84202
4921 buildrow l-2-5-2 n3 w stone -> build-row-2 84422 9601
5059 buildrow l-3-5-3 n4 w stone -> build-row-2 85111 9910
5081 buildrow l-4-5-4 n5 w stone -> build-row-3 9957 85452
5092 placeblockabstract l-4-5-5 stone -> place-block-abstract-2
5197 buildrow l-5-5-5 n6 w stone -> build-row-3 10003 10010
5237 buildwall l-6-5-5 n6 n1 w stone -> build-wall-1 10165
5544 buildrow l-1-1-0 n2 s stone -> build-row-2 87508 10613
5660 buildrow l-2-2-0 n3 s stone -> build-row-3 10842 87853
5752 buildrow l-3-3-0 n4 s stone -> build-row-2 88231 11025
5789 buildrow l-4-4-0 n5 s stone -> build-row-2 88580 11111
5799 placeblockabstract l-4-5-0 stone -> place-block-abstract-2
5904 buildrow l-5-5-0 n6 s stone -> build-row-3 11149 11156
5944 buildwall l-6-5-0 n6 n1 s stone -> build-wall-1 11309
6170 buildrow l-7-0-4 n2 e stone -> build-row-2 90589 11575
6413 buildrow l-7-1-3 n3 e stone -> build-row-2 91257 12059
6474 buildrow l-7-2-2 n4 e stone -> build-row-2 91714 12196
6491 buildrow l-7-3-1 n5 e stone -> build-row-3 12236 92172
6597 buildrow l-7-4-0 n6 e stone -> build-row-2 92286 12264
6637 buildroof l-7-5-0 n6 n1 e n stone -> build-roof-1 12416
7281 buildrow l-1-0-5 n1 e stone -> build-row-1 77977
7516 buildrow l-2-0-4 n2 e stone -> build-row-2 78417 13675
7583 buildrow l-3-0-3 n3 e stone -> build-row-2 78672 13815
7637 buildrow l-4-0-2 n4 e stone -> build-row-2 78903 13934
7687 buildrow l-5-0-1 n5 e stone -> build-row-2 79706 14063
7842 buildrow l-6-0-0 n6 e stone -> build-row-2 80078 14082
8372 buildrow l-1-5-5 n1 n stone -> build-row-1 81135
8598 buildrow l-2-4-5 n2 n stone -> build-row-3 15370 81528
8779 buildrow l-3-3-5 n3 n stone -> build-row-2 82063 15749
8818 buildrow l-4-2-5 n4 n stone -> build-row-2 82342 15837
8841 placeblockabstract l-5-0-5 stone -> place-block-abstract-2
8851 buildrow l-5-1-5 n5 n stone -> build-row-2 82922 15917
9004 buildrow l-6-0-5 n6 n stone -> build-row-3 15930 15940
9353 buildrow l-1-5-0 n1 w stone -> build-row-1 84190
9601 buildrow l-2-5-1 n2 w stone -> build-row-2 84447 16937
9910 buildrow l-3-5-2 n3 w stone -> build-row-3 17534 85201
9957 buildrow l-4-5-3 n4 w stone -> build-row-2 85341 17634
10003 buildrow l-5-5-4 n5 w stone -> build-row-3 17741 85958
10010 placeblockabstract l-5-5-5 stone -> place-block-abstract-3 86146 86343
10165 buildrow l-6-5-5 n6 w stone -> build-row-3 17786 17796
10613 buildrow l-1-0-0 n1 s stone -> build-row-1 18558
10842 buildrow l-2-1-0 n2 s stone -> build-row-3 18932 87837
11025 buildrow l-3-2-0 n3 s stone -> build-row-3 19324 88314
11111 buildrow l-4-3-0 n4 s stone -> build-row-2 88692 19521
11149 buildrow l-5-4-0 n5 s stone -> build-row-3 19594 89214
11156 placeblockabstract l-5-5-0 stone -> place-block-abstract-3 89403 89598
11309 buildrow l-6-5-0 n6 s stone -> build-row-3 19641 19651
11575 buildrow l-7-0-5 n1 e stone -> build-row-1 90602
12059 buildrow l-7-1-4 n2 e stone -> build-row-2 91284 20988
12196 buildrow l-7-2-3 n3 e stone -> build-row-2 91776 21275
12236 buildrow l-7-3-2 n4 e stone -> build-row-3 21348 92115
12264 buildrow l-7-4-1 n5 e stone -> build-row-2 92634 21433
12416 buildrow l-7-5-0 n6 e stone -> build-row-2 93007 21452
13675 buildrow l-2-0-5 n1 e stone -> build-row-1 78433
13815 buildrow l-3-0-4 n2 e stone -> build-row-2 78701 23398
13934 buildrow l-4-0-3 n3 e stone -> build-row-2 78953 23630
14063 buildrow l-5-0-2 n4 e stone -> build-row-2 79889 23918
14082 buildrow l-6-0-1 n5 e stone -> build-row-2 80388 23964
15370 buildrow l-2-5-5 n1 n stone -> build-row-1 81509
15749 buildrow l-3-4-5 n2 n stone -> build-row-2 82090 25845
15837 buildrow l-4-3-5 n3 n stone -> build-row-2 82406 26025
15917 buildrow l-5-2-5 n4 n stone -> build-row-3 26191 83208
15930 buildrow l-6-1-5 n5 n stone -> build-row-3 26217 83446
15940 placeblockabstract l-6-0-5 stone -> place-block-abstract-3 83618 83790
16937 buildrow l-2-5-0 n1 w stone -> build-row-1 84458
17534 buildrow l-3-5-1 n2 w stone -> build-row-3 27973 85186
17634 buildrow l-4-5-2 n3 w stone -> build-row-2 85393 28187
17741 buildrow l-5-5-3 n4 w stone -> build-row-3 28392 85876
17786 buildrow l-6-5-4 n5 w stone -> build-row-3 28503 86665
17796 placeblockabstract l-6-5-5 stone -> place-block-abstract-2
18558 placeblockabstract l-1-0-0 stone -> place-block-abstract-2
18932 buildrow l-2-0-0 n1 s stone -> build-row-1 29546
19324 buildrow l-3-1-0 n2 s stone -> build-row-3 30142 88302
19521 buildrow l-4-2-0 n3 s stone -> build-row-2 88755 30539
19594 buildrow l-5-3-0 n4 s stone -> build-row-3 30682 89125
19641 buildrow l-6-4-0 n5 s stone -> build-row-3 30793 89931
19651 placeblockabstract l-6-5-0 stone -> place-block-abstract-2
20988 buildrow l-7-1-5 n1 e stone -> build-row-1 91302
21275 buildrow l-7-2-4 n2 e stone -> build-row-3 32664 91813
21348 buildrow l-7-3-3 n3 e stone -> build-row-2 92058 32805
21433 buildrow l-7-4-2 n4 e stone -> build-row-2 92824 32997
21452 buildrow l-7-5-1 n5 e stone -> build-row-3 33028 93487
23398 buildrow l-3-0-5 n1 e stone -> build-row-1 78713
23630 buildrow l-4-0-4 n2 e stone -> build-row-3 34995 78994
23918 buildrow l-5-0-3 n3 e stone -> build-row-3 35586 80033
23964 buildrow l-6-0-2 n4 e stone -> build-row-3 35693 80645
25845 buildrow l-3-5-5 n1 n stone -> build-row-1 82102
26025 buildrow l-4-4-5 n2 n stone -> build-row-3 37891 82448
26191 buildrow l-5-3-5 n3 n stone -> build-row-2 83110 38230
26217 buildrow l-6-2-5 n4 n stone -> build-row-3 38277 83359
27973 buildrow l-3-5-0 n1 w stone -> build-row-1 85165
28187 buildrow l-4-5-1 n2 w stone -> build-row-3 40318 85433
28392 buildrow l-5-5-2 n3 w stone -> build-row-3 40707 85829
28503 buildrow l-6-5-3 n4 w stone -> build-row-3 40946 86583
29546 placeblockabstract l-2-0-0 stone -> place-block-abstract-2
30142 buildrow l-3-0-0 n1 s stone -> build-row-1 42505
30539 buildrow l-4-1-0 n2 s stone -> build-row-3 43130 88791
30682 buildrow l-5-2-0 n3 s stone -> build-row-3 43397 89090
30793 buildrow l-6-3-0 n4 s stone -> build-row-3 43637 89842
32664 buildrow l-7-2-5 n1 e stone -> build-row-1 91804
32805 buildrow l-7-3-4 n2 e stone -> build-row-3 45836 92100
32997 buildrow l-7-4-3 n3 e stone -> build-row-3 46223 92961
33028 buildrow l-7-5-2 n4 e stone -> build-row-3 46296 93409
34995 buildrow l-4-0-5 n1 e stone -> build-row-1 78977
35586 buildrow l-5-0-4 n2 e stone -> build-row-3 49065 80013
35693 buildrow l-6-0-3 n3 e stone -> build-row-3 49300 80611
37891 buildrow l-4-5-5 n1 n stone -> build-row-1 82429
38230 buildrow l-5-4-5 n2 n stone -> build-row-2 83165 52056
38277 buildrow l-6-3-5 n3 n stone -> build-row-3 52132 83325
40318 buildrow l-4-5-0 n1 w stone -> build-row-1 85425
40707 buildrow l-5-5-1 n2 w stone -> build-row-2 85806 54686
40946 buildrow l-6-5-2 n3 w stone -> build-row-2 86528 55157
42505 placeblockabstract l-3-0-0 stone -> place-block-abstract-2
43130 buildrow l-4-0-0 n1 s stone -> build-row-1 57339
43397 buildrow l-5-1-0 n2 s stone -> build-row-3 57723 89067
43637 buildrow l-6-2-0 n3 s stone -> build-row-2 89782 58197
45836 buildrow l-7-3-5 n1 e stone -> build-row-1 92080
46223 buildrow l-7-4-4 n2 e stone -> build-row-2 92915 61122
46296 buildrow l-7-5-3 n3 e stone -> build-row-2 93322 61285
49065 buildrow l-5-0-5 n1 e stone -> build-row-1 79989
49300 buildrow l-6-0-4 n2 e stone -> build-row-3 64491 80591
52056 buildrow l-5-5-5 n1 n stone -> build-row-1 83184
52132 buildrow l-6-4-5 n2 n stone -> build-row-3 67374 83307
54686 buildrow l-5-5-0 n1 w stone -> build-row-1 85810
55157 buildrow l-6-5-1 n2 w stone -> build-row-3 70634 86565
57339 placeblockabstract l-4-0-0 stone -> place-block-abstract-2
57723 buildrow l-5-0-0 n1 s stone -> build-row-1 73213
58197 buildrow l-6-1-0 n2 s stone -> build-row-3 73898 89829
61122 buildrow l-7-4-5 n1 e stone -> build-row-1 92942
61285 buildrow l-7-5-4 n2 e stone -> build-row-2 93369 77352
64491 buildrow l-6-0-5 n1 e stone -> build-row-1 80560
67374 buildrow l-6-5-5 n1 n stone -> build-row-1 83299
70634 buildrow l-6-5-0 n1 w stone -> build-row-1 86550
73213 placeblockabstract l-5-0-0 stone -> place-block-abstract-3 89049 89053
73898 buildrow l-6-0-0 n1 s stone -> build-row-1 89813
77352 buildrow l-7-5-5 n1 e stone -> build-row-1 93389
77530 placeblockabstract l-1-0-0 stone -> place-block-abstract-1 77531
77761 placeblockabstract l-1-0-1 stone -> place-block-abstract-1 77762
77874 placeblockabstract l-1-0-2 stone -> place-block-abstract-1 77875
77937 placeblockabstract l-1-0-3 stone -> place-block-abstract-1 77938
77963 placeblockabstract l-1-0-4 stone -> place-block-abstract-1 77964
77977 placeblockabstract l-1-0-5 stone -> place-block-abstract-1 77978
77992 placeblockabstract l-2-0-0 stone -> place-block-abstract-1 77993
78211 placeblockabstract l-2-0-1 stone -> place-block-abstract-1 78212
78329 placeblockabstract l-2-0-2 stone -> place-block-abstract-1 78330
78395 placeblockabstract l-2-0-3 stone -> place-block-abstract-1 78396
78417 placeblockabstract l-2-0-4 stone -> place-block-abstract-1 78418
78433 placeblockabstract l-2-0-5 stone -> place-block-abstract-1 78434
78445 placeblockabstract l-3-0-0 stone -> place-block-abstract-1 78446
78672 placeblockabstract l-3-0-3 stone -> place-block-abstract-1 78673
78701 placeblockabstract l-3-0-4 stone -> place-block-abstract-1 78702
78713 placeblockabstract l-3-0-5 stone -> place-block-abstract-1 78714
78733 placeblockabstract l-3-0-2 stone -> place-block-abstract-1 78734
78792 placeblockabstract l-3-0-1 stone -> place-block-abstract-1 78793
78903 placeblockabstract l-4-0-2 stone -> place-block-abstract-1 78904
78953 placeblockabstract l-4-0-3 stone -> place-block-abstract-1 78954
78977 placeblockabstract l-4-0-5 stone -> place-block-abstract-1 78978
78994 placeblockabstract l-4-0-4 stone -> place-block-abstract-1 78995
79006 placeblockabstract l-4-0-1 stone -> place-block-abstract-1 79007
79134 placeblockabstract l-4-0-0 stone -> place-block-abstract-1 79135
79362 placeblockabstract l-5-0-0 stone -> place-block-abstract-1 79363
79706 placeblockabstract l-5-0-1 stone -> place-block-abstract-1 79707
79889 placeblockabstract l-5-0-2 stone -> place-block-abstract-1 79890
79989 placeblockabstract l-5-0-5 stone -> place-block-abstract-1 79990
80013 placeblockabstract l-5-0-4 stone -> place-block-abstract-1 80014
80033 placeblockabstract l-5-0-3 stone -> place-block-abstract-1 80034
80078 placeblockabstract l-6-0-0 stone -> place-block-abstract-1 80079
80388 placeblockabstract l-6-0-1 stone -> place-block-abstract-1 80389
80560 placeblockabstract l-6-0-5 stone -> place-block-abstract-1 80561
80591 placeblockabstract l-6-0-4 stone -> place-block-abstract-1 80592
80611 placeblockabstract l-6-0-3 stone -> place-block-abstract-1 80612
80645 placeblockabstract l-6-0-2 stone -> place-block-abstract-1 80646
80967 placeblockabstract l-1-1-5 stone -> place-block-abstract-1 80968
81080 placeblockabstract l-1-2-5 stone -> place-block-abstract-1 81081
81135 placeblockabstract l-1-5-5 stone -> place-block-abstract-1 81136
81154 placeblockabstract l-1-4-5 stone -> place-block-abstract-1 81155
81166 placeblockabstract l-1-3-5 stone -> place-block-abstract-1 81167
81427 placeblockabstract l-2-2-5 stone -> place-block-abstract-1 81428
81487 placeblockabstract l-2-3-5 stone -> place-block-abstract-1 81488
81509 placeblockabstract l-2-5-5 stone -> place-block-abstract-1 81510
81528 placeblockabstract l-2-4-5 stone -> place-block-abstract-1 81529
81545 placeblockabstract l-2-1-5 stone -> place-block-abstract-1 81546
81879 placeblockabstract l-3-1-5 stone -> place-block-abstract-1 81880
81999 placeblockabstract l-3-2-5 stone -> place-block-abstract-1 82000
82063 placeblockabstract l-3-3-5 stone -> place-block-abstract-1 82064
82090 placeblockabstract l-3-4-5 stone -> place-block-abstract-1 82091
82102 placeblockabstract l-3-5-5 stone -> place-block-abstract-1 82103
82342 placeblockabstract l-4-2-5 stone -> place-block-abstract-1 82343
82406 placeblockabstract l-4-3-5 stone -> place-block-abstract-1 82407
82429 placeblockabstract l-4-5-5 stone -> place-block-abstract-1 82430
82448 placeblockabstract l-4-4-5 stone -> place-block-abstract-1 82449
82468 placeblockabstract l-4-1-5 stone -> place-block-abstract-1 82469
82922 placeblockabstract l-5-1-5 stone -> place-block-abstract-1 82923
83110 placeblockabstract l-5-3-5 stone -> place-block-abstract-1 83111
83165 placeblockabstract l-5-4-5 stone -> place-block-abstract-1 83166
83184 placeblockabstract l-5-5-5 stone -> place-block-abstract-1 83185
83208 placeblockabstract l-5-2-5 stone -> place-block-abstract-1 83209
83299 placeblockabstract l-6-5-5 stone -> place-block-abstract-1 83300
83307 placeblockabstract l-6-4-5 stone -> place-block-abstract-1 83308
83325 placeblockabstract l-6-3-5 stone -> place-block-abstract-1 83326
83359 placeblockabstract l-6-2-5 stone -> place-block-abstract-1 83360
83446 placeblockabstract l-6-1-5 stone -> place-block-abstract-1 83447
84190 placeblockabstract l-1-5-0 stone -> place-block-abstract-1 84191
84202 placeblockabstract l-1-5-1 stone -> place-block-abstract-1 84203
84216 placeblockabstract l-1-5-2 stone -> place-block-abstract-1 84217
84249 placeblockabstract l-1-5-3 stone -> place-block-abstract-1 84250
84304 placeblockabstract l-1-5-4 stone -> place-block-abstract-1 84305
84422 placeblockabstract l-2-5-2 stone -> place-block-abstract-1 84423
84447 placeblockabstract l-2-5-1 stone -> place-block-abstract-1 84448
84458 placeblockabstract l-2-5-0 stone -> place-block-abstract-1 84459
84470 placeblockabstract l-2-5-3 stone -> place-block-abstract-1 84471
84532 placeblockabstract l-2-5-4 stone -> place-block-abstract-1 84533
85111 placeblockabstract l-3-5-3 stone -> place-block-abstract-1 85112
85165 placeblockabstract l-3-5-0 stone -> place-block-abstract-1 85166
85186 placeblockabstract l-3-5-1 stone -> place-block-abstract-1 85187
85201 placeblockabstract l-3-5-2 stone -> place-block-abstract-1 85202
85224 placeblockabstract l-3-5-4 stone -> place-block-abstract-1 85225
85341 placeblockabstract l-4-5-3 stone -> place-block-abstract-1 85342
85393 placeblockabstract l-4-5-2 stone -> place-block-abstract-1 85394
85425 placeblockabstract l-4-5-0 stone -> place-block-abstract-1 85426
85433 placeblockabstract l-4-5-1 stone -> place-block-abstract-1 85434
85452 placeblockabstract l-4-5-4 stone -> place-block-abstract-1 85453
85806 placeblockabstract l-5-5-1 stone -> place-block-abstract-1 85807
85810 placeblockabstract l-5-5-0 stone -> place-block-abstract-1 85811
85829 placeblockabstract l-5-5-2 stone -> place-block-abstract-1 85830
85876 placeblockabstract l-5-5-3 stone -> place-block-abstract-1 85877
85958 placeblockabstract l-5-5-4 stone -> place-block-abstract-1 85959
86528 placeblockabstract l-6-5-2 stone -> place-block-abstract-1 86529
86550 placeblockabstract l-6-5-0 stone -> place-block-abstract-1 86551
86565 placeblockabstract l-6-5-1 stone -> place-block-abstract-1 86566
86583 placeblockabstract l-6-5-3 stone -> place-block-abstract-1 86584
86665 placeblockabstract l-6-5-4 stone -> place-block-abstract-1 86666
87418 placeblockabstract l-1-3-0 stone -> place-block-abstract-1 87419
87479 placeblockabstract l-1-2-0 stone -> place-block-abstract-1 87480
87508 placeblockabstract l-1-1-0 stone -> place-block-abstract-1 87509
87540 placeblockabstract l-1-4-0 stone -> place-block-abstract-1 87541
87647 placeblockabstract l-2-4-0 stone -> place-block-abstract-1 87648
87766 placeblockabstract l-2-3-0 stone -> place-block-abstract-1 87767
87837 placeblockabstract l-2-1-0 stone -> place-block-abstract-1 87838
87853 placeblockabstract l-2-2-0 stone -> place-block-abstract-1 87854
88117 placeblockabstract l-3-4-0 stone -> place-block-abstract-1 88118
88231 placeblockabstract l-3-3-0 stone -> place-block-abstract-1 88232
88302 placeblockabstract l-3-1-0 stone -> place-block-abstract-1 88303
88314 placeblockabstract l-3-2-0 stone -> place-block-abstract-1 88315
88580 placeblockabstract l-4-4-0 stone -> place-block-abstract-1 88581
88692 placeblockabstract l-4-3-0 stone -> place-block-abstract-1 88693
88755 placeblockabstract l-4-2-0 stone -> place-block-abstract-1 88756
88791 placeblockabstract l-4-1-0 stone -> place-block-abstract-1 88792
89067 placeblockabstract l-5-1-0 stone -> place-block-abstract-1 89068
89090 placeblockabstract l-5-2-0 stone -> place-block-abstract-1 89091
89125 placeblockabstract l-5-3-0 stone -> place-block-abstract-1 89126
89214 placeblockabstract l-5-4-0 stone -> place-block-abstract-1 89215
89782 placeblockabstract l-6-2-0 stone -> place-block-abstract-1 89783
89813 placeblockabstract l-6-0-0 stone -> place-block-abstract-2
89829 placeblockabstract l-6-1-0 stone -> place-block-abstract-1 89830
89842 placeblockabstract l-6-3-0 stone -> place-block-abstract-1 89843
89931 placeblockabstract l-6-4-0 stone -> place-block-abstract-1 89932
90441 removeblockabstract l-1-2-0 -> remove-block-abstract-2 90442
90443 removeblockabstract l-2-2-0 -> remove-block-abstract-2 90444
90449 placeblockabstract l-7-0-1 stone -> place-block-abstract-1 90450
90554 placeblockabstract l-7-0-3 stone -> place-block-abstract-1 90555
90589 placeblockabstract l-7-0-4 stone -> place-block-abstract-1 90590
90602 placeblockabstract l-7-0-5 stone -> place-block-abstract-1 90603
90619 placeblockabstract l-7-0-2 stone -> place-block-abstract-1 90620
90681 placeblockabstract l-7-0-0 stone -> place-block-abstract-1 90682
90910 placeblockabstract l-7-1-0 stone -> place-block-abstract-1 90911
91139 placeblockabstract l-7-1-1 stone -> place-block-abstract-1 91140
91257 placeblockabstract l-7-1-3 stone -> place-block-abstract-1 91258
91284 placeblockabstract l-7-1-4 stone -> place-block-abstract-1 91285
91302 placeblockabstract l-7-1-5 stone -> place-block-abstract-1 91303
91314 placeblockabstract l-7-1-2 stone -> place-block-abstract-1 91315
91374 placeblockabstract l-7-2-0 stone -> place-block-abstract-1 91375
91599 placeblockabstract l-7-2-1 stone -> place-block-abstract-1 91600
91714 placeblockabstract l-7-2-2 stone -> place-block-abstract-1 91715
91776 placeblockabstract l-7-2-3 stone -> place-block-abstract-1 91777
91804 placeblockabstract l-7-2-5 stone -> place-block-abstract-1 91805
91813 placeblockabstract l-7-2-4 stone -> place-block-abstract-1 91814
91827 placeblockabstract l-7-3-0 stone -> place-block-abstract-1 91828
92058 placeblockabstract l-7-3-3 stone -> place-block-abstract-1 92059
92080 placeblockabstract l-7-3-5 stone -> place-block-abstract-1 92081
92100 placeblockabstract l-7-3-4 stone -> place-block-abstract-1 92101
92115 placeblockabstract l-7-3-2 stone -> place-block-abstract-1 92116
92172 placeblockabstract l-7-3-1 stone -> place-block-abstract-1 92173
92286 placeblockabstract l-7-4-0 stone -> place-block-abstract-1 92287
92634 placeblockabstract l-7-4-1 stone -> place-block-abstract-1 92635
92824 placeblockabstract l-7-4-2 stone -> place-block-abstract-1 92825
92915 placeblockabstract l-7-4-4 stone -> place-block-abstract-1 92916
92942 placeblockabstract l-7-4-5 stone -> place-block-abstract-1 92943
92961 placeblockabstract l-7-4-3 stone -> place-block-abstract-1 92962
93007 placeblockabstract l-7-5-0 stone -> place-block-abstract-1 93008
93322 placeblockabstract l-7-5-3 stone -> place-block-abstract-1 93323
93369 placeblockabstract l-7-5-4 stone -> place-block-abstract-1 93370
93389 placeblockabstract l-7-5-5 stone -> place-block-abstract-1 93390
93409 placeblockabstract l-7-5-2 stone -> place-block-abstract-1 93410
93487 placeblockabstract l-7-5-1 stone -> place-block-abstract-1 93488
<==
4.936 End of solution plan. (counted length of 182)
4.936 Total amount of clauses encoded: 507894
4.936 - atmostoneelement : 176044 cls
4.936 - directframeaxioms : 154780 cls
4.936 - expansions : 65744 cls
4.936 - predecessors : 54573 cls
4.936 - actionconstraints : 26587 cls
4.936 - actioneffects : 15856 cls
4.936 - reductionconstraints : 13741 cls
4.936 - truefacts : 312 cls
4.936 - forbiddenoperations : 255 cls
4.936 - axiomaticops : 2 cls
4.936 # instantiated positions: 10975
4.936 # instantiated actions: 46268
4.936 # instantiated reductions: 8313
4.936 # introduced pseudo-constants: 0
4.936 # retroactive prunings: 65
4.936 # retroactively pruned operations: 255
4.936 # dominated operations: 0
4.936 # total invalid rigid preconditions found in getPFC: 10516
4.936 # invalid rigid preconditions found in getPFC: 7636
4.936 # invalid rigid preconditions found in getPFC in varrestrictions: 2880
4.936 # total invalid fluent preconditions found in getPFC: 1146
4.936 # invalid fluent preconditions found in getPFC: 573
4.936 # invalid fluent preconditions found in getPFC in varrestrictions: 573
4.936 # invalid fluent preconditions found in getPFC via postconditions: 0
4.936 # invalid subtasks found in getPFC: 0
4.936 # number effects in operation fact_frames: 120
4.936 # number of variables restricted: 34634
4.936 Exiting happily.

RUNWATCH_RESULT EXIT RETVAL 0 TIME_SECS 5.00287 MEMPEAK_KBS 652376
