    _           _         _
   \ |         \ |       | |                       
   | |     __  | |      _| |______                
   | |     \/  | |     /_   ______\                
   | |      _  | |   __  | |  ___   ___   ___       
   | |___  | | | |  / .\ | | / , | |   \ / ·_\    
   \_____\ |_| |__\ \__/ |_| \___) |_|_| \___\  
[39mL i l o t a n e  version rls-glucose4
by Dominik Schreiber <dominik.schreiber@kit.edu> 2020-2021
using SAT solver glucose4

0.013 Parser finished.
0.013 Structures extracted.
0.015 72 operators and 56 methods created.
0.191 Mined 27 new reduction preconditions (+39.7%).
0.191 Iteration 0.
0.191 Creating initial layer of size 2
0.798 Attempting to solve formula with 3 clauses (3 literals) and 1 assumptions
0.798 Unsolvable at layer 0 -- expanding.
0.798 Iteration 1.
0.798 New layer size: 24
0.798 Instantiating ...
1.222 Collected 66 relevant facts at this layer
1.222 Encoding ...
1.240 Attempting to solve formula with 3352 clauses (9626 literals) and 23 assumptions
1.240 Unsolvable at layer 1 -- expanding.
1.240 Iteration 2.
1.240 New layer size: 47
1.240 Instantiating ...
4.764 Collected 397 relevant facts at this layer
4.764 Encoding ...
4.802 Attempting to solve formula with 30645 clauses (82494 literals) and 23 assumptions
4.802 Unsolvable at layer 2 -- expanding.
4.802 Iteration 3.
4.802 New layer size: 70
4.802 Instantiating ...
15.702 Collected 628 relevant facts at this layer
15.703 Encoding ...
15.759 Attempting to solve formula with 59018 clauses (159563 literals) and 46 assumptions
15.759 Unsolvable at layer 3 -- expanding.
15.759 Iteration 4.
15.759 New layer size: 93
15.759 Instantiating ...
15.761 Retroactively prune reduction (_splitting_method_DO-AT-LOAD-AIRPLANE0_splitted_2 OBJ72 Q_3,0_AIRPLANE:0_57226dfe68ce3bd3 POS7)@(3,0): no children at offset 0
15.985 Retroactively prune reduction (M15-ACHIEVE-AT0 Q_3,1_AIRPLANE:0_57226dfe68ce3bd3 OBJ72 APT8)@(3,1): no children at offset 0
34.916 Collected 643 relevant facts at this layer
34.916 Encoding ...
34.995 Attempting to solve formula with 96368 clauses (258686 literals) and 69 assumptions
34.995 Unsolvable at layer 4 -- expanding.
34.995 Iteration 5.
34.995 New layer size: 162
34.995 Instantiating ...
62.747 Collected 1453 relevant facts at this layer
62.747 Encoding ...
63.061 Attempting to solve formula with 314147 clauses (963111 literals) and 92 assumptions
63.061 Unsolvable at layer 5 -- expanding.
63.061 Iteration 6.
63.061 New layer size: 254
63.061 Instantiating ...
99.592 Collected 1453 relevant facts at this layer
99.592 Encoding ...
100.167 Attempting to solve formula with 697985 clauses (2242417 literals) and 115 assumptions
100.168 Unsolvable at layer 6 -- expanding.
100.168 Iteration 7.
100.168 New layer size: 369
100.168 Instantiating ...
146.140 Collected 1453 relevant facts at this layer
146.140 Encoding ...
146.998 Attempting to solve formula with 1221386 clauses (4012791 literals) and 138 assumptions
147.344 Unsolvable at layer 7 -- expanding.
147.344 Iteration 8.
147.344 New layer size: 507
147.344 Instantiating ...
202.168 Collected 1453 relevant facts at this layer
202.168 Encoding ...
203.254 Attempting to solve formula with 1878476 clauses (6267740 literals) and 161 assumptions
203.505 Unsolvable at layer 8 -- expanding.
203.505 Iteration 9.
203.506 New layer size: 668
203.506 Instantiating ...
267.848 Collected 1453 relevant facts at this layer
267.848 Encoding ...
269.225 Attempting to solve formula with 2656272 clauses (8942039 literals) and 184 assumptions
269.448 Unsolvable at layer 9 -- expanding.
269.448 Iteration 10.
269.448 New layer size: 852
269.448 Instantiating ...
343.483 Collected 1453 relevant facts at this layer
343.483 Encoding ...
345.455 Attempting to solve formula with 3554410 clauses (12033105 literals) and 207 assumptions
356.046 Unsolvable at layer 10 -- expanding.
356.046 Iteration 11.
356.046 New layer size: 1059
356.046 Instantiating ...
439.104 Collected 1453 relevant facts at this layer
439.104 Encoding ...
441.584 Attempting to solve formula with 4573112 clauses (15540881 literals) and 230 assumptions
442.667 Unsolvable at layer 11 -- expanding.
442.667 Iteration 12.
442.667 New layer size: 1289
442.667 Instantiating ...
535.720 Collected 1453 relevant facts at this layer
535.720 Encoding ...
538.670 Attempting to solve formula with 5712838 clauses (19466287 literals) and 253 assumptions
c
c Try to adapt solver strategies
c 
c Nothing extreme in this problem, continue with glucose default strategies.
c
1800.036 Termination signal caught.
1800.036 Total amount of clauses encoded: 5712838
1800.036 - directframeaxioms : 2263302 cls
1800.036 - qfactsemantics : 1339495 cls
1800.036 - indirectframeaxioms : 1303225 cls
1800.036 - reductionconstraints : 480255 cls
1800.036 - atmostoneelement : 132318 cls
1800.036 - actionconstraints : 38874 cls
1800.036 - expansions : 36923 cls
1800.036 - predecessors : 35632 cls
1800.036 - substitutionconstraints : 35201 cls
1800.036 - qconstequality : 34512 cls
1800.036 - actioneffects : 8028 cls
1800.036 - qtypeconstraints : 3615 cls
1800.036 - truefacts : 1453 cls
1800.036 - forbiddenoperations : 3 cls
1800.036 - axiomaticops : 2 cls
1800.036 # instantiated positions: 5395
1800.036 # instantiated actions: 27615
1800.036 # instantiated reductions: 8018
1800.036 # introduced pseudo-constants: 4410
1800.036 # retroactive prunings: 4
1800.036 # retroactively pruned operations: 5
1800.036 # dominated operations: 0
1800.036 # total invalid rigid preconditions found in getPFC: 0
1800.036 # invalid rigid preconditions found in getPFC: 0
1800.036 # invalid rigid preconditions found in getPFC in varrestrictions: 0
1800.036 # total invalid fluent preconditions found in getPFC: 136
1800.036 # invalid fluent preconditions found in getPFC: 44
1800.036 # invalid fluent preconditions found in getPFC in varrestrictions: 92
1800.036 # invalid fluent preconditions found in getPFC via postconditions: 0
1800.036 # invalid subtasks found in getPFC: 0
1800.036 # number effects in operation fact_frames: 616
1800.036 Exiting happily.

RUNWATCH_RESULT TIMEOUT RETVAL 0 TIME_SECS 1800.15 MEMPEAK_KBS 1901476
