    _           _         _
   \ |         \ |       | |                       
   | |     __  | |      _| |______                
   | |     \/  | |     /_   ______\                
   | |      _  | |   __  | |  ___   ___   ___       
   | |___  | | | |  / .\ | | / , | |   \ / ·_\    
   \_____\ |_| |__\ \__/ |_| \___) |_|_| \___\  
[39mL i l o t a n e  version rls-glucose4
by Dominik Schreiber <dominik.schreiber@kit.edu> 2020-2021
using SAT solver glucose4

0.009 Parser finished.
0.010 Structures extracted.
0.010 19 operators and 15 methods created.
0.016 Mined 11 new reduction preconditions (+12.4%).
0.016 Iteration 0.
0.016 Creating initial layer of size 2
0.035 Attempting to solve formula with 141 clauses (210 literals) and 1 assumptions
0.035 Unsolvable at layer 0 -- expanding.
0.035 Iteration 1.
0.035 New layer size: 2
0.035 Instantiating ...
0.065 Collected 69 relevant facts at this layer
0.065 Encoding ...
0.069 Attempting to solve formula with 784 clauses (1899 literals) and 1 assumptions
0.069 Unsolvable at layer 1 -- expanding.
0.069 Iteration 2.
0.069 New layer size: 3
0.069 Instantiating ...
0.152 Collected 202 relevant facts at this layer
0.152 Encoding ...
0.157 Attempting to solve formula with 7056 clauses (18884 literals) and 1 assumptions
0.158 Unsolvable at layer 2 -- expanding.
0.158 Iteration 3.
0.158 New layer size: 6
0.158 Instantiating ...
0.345 Collected 3892 relevant facts at this layer
0.345 Encoding ...
0.401 Attempting to solve formula with 65927 clauses (209031 literals) and 3 assumptions
0.405 Unsolvable at layer 3 -- expanding.
0.405 Iteration 4.
0.405 New layer size: 11
0.405 Instantiating ...
0.807 Collected 3892 relevant facts at this layer
0.807 Encoding ...
0.948 Attempting to solve formula with 209561 clauses (712483 literals) and 5 assumptions
0.952 Unsolvable at layer 4 -- expanding.
0.952 Iteration 5.
0.952 New layer size: 22
0.952 Instantiating ...
1.805 Collected 3892 relevant facts at this layer
1.805 Encoding ...
2.162 Attempting to solve formula with 517525 clauses (1798065 literals) and 11 assumptions
2.180 Unsolvable at layer 5 -- expanding.
2.180 Iteration 6.
2.180 New layer size: 43
2.180 Instantiating ...
3.952 Collected 3892 relevant facts at this layer
3.952 Encoding ...
4.719 Attempting to solve formula with 1163374 clauses (4085062 literals) and 21 assumptions
4.768 Unsolvable at layer 6 -- expanding.
4.768 Iteration 7.
4.768 New layer size: 86
4.768 Instantiating ...
8.393 Collected 3892 relevant facts at this layer
8.393 Encoding ...
9.974 Attempting to solve formula with 2473483 clauses (8725963 literals) and 43 assumptions
10.148 Unsolvable at layer 7 -- expanding.
10.149 Iteration 8.
10.149 New layer size: 171
10.149 Instantiating ...
17.481 Collected 3892 relevant facts at this layer
17.481 Encoding ...
20.694 Attempting to solve formula with 5123620 clauses (18123592 literals) and 85 assumptions
20.982 Unsolvable at layer 8 -- expanding.
20.982 Iteration 9.
20.982 New layer size: 342
20.982 Instantiating ...
35.917 Collected 3892 relevant facts at this layer
35.917 Encoding ...
42.260 Attempting to solve formula with 10442305 clauses (36985757 literals) and 171 assumptions
43.293 Unsolvable at layer 9 -- expanding.
43.293 Iteration 10.
43.293 New layer size: 683
43.293 Instantiating ...
73.784 Collected 3892 relevant facts at this layer
73.784 Encoding ...
86.270 Attempting to solve formula with 21109594 clauses (74825914 literals) and 341 assumptions
89.271 Unsolvable at layer 10 -- expanding.
89.271 Iteration 11.
89.271 New layer size: 1366
89.271 Instantiating ...
150.537 Collected 3892 relevant facts at this layer
150.537 Encoding ...
176.199 Attempting to solve formula with 42462583 clauses (150573135 literals) and 683 assumptions
182.315 Unsolvable at layer 11 -- expanding.
182.315 Iteration 12.
182.316 New layer size: 2731
182.316 Instantiating ...
252.007 Termination signal caught.
252.007 Total amount of clauses encoded: 42462583
252.007 - directframeaxioms : 15812104 cls
252.007 - qfactsemantics : 12009375 cls
252.007 - indirectframeaxioms : 9112550 cls
252.007 - reductionconstraints : 4728208 cls
252.007 - actionconstraints : 305295 cls
252.007 - substitutionconstraints : 185952 cls
252.007 - qconstequality : 184218 cls
252.007 - atmostoneelement : 67069 cls
252.007 - expansions : 22262 cls
252.007 - predecessors : 19721 cls
252.007 - actioneffects : 11935 cls
252.007 - truefacts : 3892 cls
252.007 - axiomaticops : 2 cls
252.007 # instantiated positions: 4205
252.007 # instantiated actions: 16749
252.007 # instantiated reductions: 13626
252.007 # introduced pseudo-constants: 5247
252.007 # retroactive prunings: 0
252.007 # retroactively pruned operations: 0
252.007 # dominated operations: 3
252.007 # total invalid rigid preconditions found in getPFC: 0
252.007 # invalid rigid preconditions found in getPFC: 0
252.007 # invalid rigid preconditions found in getPFC in varrestrictions: 0
252.007 # total invalid fluent preconditions found in getPFC: 0
252.007 # invalid fluent preconditions found in getPFC: 0
252.007 # invalid fluent preconditions found in getPFC in varrestrictions: 0
252.007 # invalid fluent preconditions found in getPFC via postconditions: 0
252.007 # invalid subtasks found in getPFC: 0
252.007 # number effects in operation fact_frames: 213
252.007 Exiting happily.

RUNWATCH_RESULT MEMOUT RETVAL 0 TIME_SECS 252.825 MEMPEAK_KBS 16124568
