    _           _         _
   \ |         \ |       | |                       
   | |     __  | |      _| |______                
   | |     \/  | |     /_   ______\                
   | |      _  | |   __  | |  ___   ___   ___       
   | |___  | | | |  / .\ | | / , | |   \ / ·_\    
   \_____\ |_| |__\ \__/ |_| \___) |_|_| \___\  
[39mL i l o t a n e  version rls-glucose4
by Dominik Schreiber <dominik.schreiber@kit.edu> 2020-2021
using SAT solver glucose4

0.007 Parser finished.
0.007 Structures extracted.
0.008 19 operators and 11 methods created.
0.017 Mined 6 new reduction preconditions (+33.3%).
0.017 Iteration 0.
0.017 Creating initial layer of size 2
0.024 Attempting to solve formula with 95 clauses (141 literals) and 1 assumptions
0.024 Unsolvable at layer 0 -- expanding.
0.024 Iteration 1.
0.024 New layer size: 55
0.024 Instantiating ...
0.095 Collected 58 relevant facts at this layer
0.095 Encoding ...
0.100 Attempting to solve formula with 678 clauses (1445 literals) and 54 assumptions
0.100 Unsolvable at layer 1 -- expanding.
0.100 Iteration 2.
0.100 New layer size: 205
0.100 Instantiating ...
0.231 Collected 198 relevant facts at this layer
0.231 Encoding ...
0.276 Attempting to solve formula with 38890 clauses (100883 literals) and 181 assumptions
0.276 Unsolvable at layer 2 -- expanding.
0.276 Iteration 3.
0.276 New layer size: 475
0.276 Instantiating ...
0.423 Collected 241 relevant facts at this layer
0.423 Encoding ...
0.530 Attempting to solve formula with 126962 clauses (306287 literals) and 85 assumptions
0.532 Unsolvable at layer 3 -- expanding.
0.532 Iteration 4.
0.533 New layer size: 645
0.533 Instantiating ...
0.683 Collected 241 relevant facts at this layer
0.683 Encoding ...
0.818 Attempting to solve formula with 206270 clauses (493514 literals) and 80 assumptions
0.818 Unsolvable at layer 4 -- expanding.
0.818 Iteration 5.
0.819 New layer size: 805
0.819 Instantiating ...
0.981 Collected 241 relevant facts at this layer
0.981 Encoding ...
1.145 Attempting to solve formula with 287217 clauses (687389 literals) and 79 assumptions
1.146 Unsolvable at layer 5 -- expanding.
1.146 Iteration 6.
1.146 New layer size: 963
1.146 Instantiating ...
1.328 Collected 241 relevant facts at this layer
1.328 Encoding ...
1.527 Attempting to solve formula with 373222 clauses (896150 literals) and 79 assumptions
1.527 Unsolvable at layer 6 -- expanding.
1.527 Iteration 7.
1.528 New layer size: 1121
1.528 Instantiating ...
1.531 Retroactively prune action (__REPEATED___SURROGATE*m6_do_clear*nop* b14)@(6,13): no children at offset 0
1.531 Retroactively prune action (__REPEATED___SURROGATE*m6_do_clear*nop* b43)@(6,13): no children at offset 0
1.531 Retroactively prune action (__REPEATED___SURROGATE*m6_do_clear*nop* b9)@(6,13): no children at offset 0
1.533 Retroactively prune action (__REPEATED___SURROGATE*m6_do_clear*nop* b44)@(6,22): no children at offset 0
1.533 Retroactively prune action (__REPEATED___SURROGATE*m6_do_clear*nop* b11)@(6,22): no children at offset 0
1.533 Retroactively prune action (__REPEATED___SURROGATE*m6_do_clear*nop* b28)@(6,22): no children at offset 0
1.533 Retroactively prune action (__REPEATED___SURROGATE*m6_do_clear*nop* b6)@(6,22): no children at offset 0
1.733 Collected 241 relevant facts at this layer
1.733 Encoding ...
1.963 Attempting to solve formula with 467274 clauses (1127683 literals) and 78 assumptions
1.966 Unsolvable at layer 7 -- expanding.
1.966 Iteration 8.
1.968 New layer size: 1277
1.968 Instantiating ...
2.210 Collected 241 relevant facts at this layer
2.210 Encoding ...
2.525 Attempting to solve formula with 572003 clauses (1389767 literals) and 75 assumptions
2.537 Unsolvable at layer 8 -- expanding.
2.537 Iteration 9.
2.538 New layer size: 1427
2.538 Instantiating ...
2.813 Collected 241 relevant facts at this layer
2.813 Encoding ...
3.119 Attempting to solve formula with 692191 clauses (1696113 literals) and 74 assumptions
3.128 Unsolvable at layer 9 -- expanding.
3.128 Iteration 10.
3.130 New layer size: 1575
3.130 Instantiating ...
3.459 Collected 241 relevant facts at this layer
3.459 Encoding ...
3.874 Attempting to solve formula with 831230 clauses (2056360 literals) and 73 assumptions
3.884 Unsolvable at layer 10 -- expanding.
3.884 Iteration 11.
3.885 New layer size: 1721
3.885 Instantiating ...
4.268 Collected 241 relevant facts at this layer
4.268 Encoding ...
4.667 Attempting to solve formula with 988880 clauses (2473303 literals) and 73 assumptions
4.681 Unsolvable at layer 11 -- expanding.
4.681 Iteration 12.
4.683 New layer size: 1867
4.683 Instantiating ...
5.139 Collected 241 relevant facts at this layer
5.139 Encoding ...
5.649 Attempting to solve formula with 1164630 clauses (2944494 literals) and 72 assumptions
5.666 Unsolvable at layer 12 -- expanding.
5.666 Iteration 13.
5.668 New layer size: 2011
5.668 Instantiating ...
5.674 Retroactively prune action (__REPEATED___SURROGATE*m6_do_clear*nop* b34)@(12,100): no children at offset 0
5.674 Retroactively prune action (__REPEATED___SURROGATE*m6_do_clear*nop* b17)@(12,100): no children at offset 0
5.674 Retroactively prune action (__REPEATED___SURROGATE*m6_do_clear*nop* b41)@(12,100): no children at offset 0
5.674 Retroactively prune action (__REPEATED___SURROGATE*m6_do_clear*nop* b8)@(12,100): no children at offset 0
5.674 Retroactively prune action (__REPEATED___SURROGATE*m6_do_clear*nop* b20)@(12,100): no children at offset 0
5.674 Retroactively prune action (__REPEATED___SURROGATE*m6_do_clear*nop* b23)@(12,100): no children at offset 0
5.678 Retroactively prune action (__REPEATED_pick-up b17)@(12,128): no children at offset 0
5.678 Retroactively prune action (__REPEATED___SURROGATE*m6_do_clear*nop* b18)@(12,130): no children at offset 0
5.678 Retroactively prune action (__REPEATED___SURROGATE*m6_do_clear*nop* b48)@(12,130): no children at offset 0
5.678 Retroactively prune action (__REPEATED___SURROGATE*m6_do_clear*nop* b38)@(12,130): no children at offset 0
5.678 Retroactively prune action (__REPEATED___SURROGATE*m6_do_clear*nop* b21)@(12,130): no children at offset 0
5.678 Retroactively prune action (__REPEATED___SURROGATE*m6_do_clear*nop* b19)@(12,130): no children at offset 0
6.200 Collected 241 relevant facts at this layer
6.200 Encoding ...
6.715 Attempting to solve formula with 1357689 clauses (3464783 literals) and 71 assumptions
c last restart ## conflicts  :  5 27945 
7.080 Found a solution at layer 13.
==>
270969 nop
270971 unstack b30 b47
270973 put-down b30
270975 unstack b47 b31
270977 put-down b47
270979 unstack b31 b7
270981 put-down b31
270983 unstack b7 b29
270985 put-down b7
270987 unstack b29 b32
270989 put-down b29
270991 unstack b32 b2
270993 put-down b32
270995 nop
271001 nop
271003 unstack b50 b43
271005 put-down b50
271007 unstack b43 b14
271009 put-down b43
271011 unstack b14 b9
271013 put-down b14
271015 unstack b9 b45
271019 put-down b9
271023 nop
271067 unstack b2 b15
271070 put-down b2
271072 unstack b15 b28
271074 put-down b15
271076 unstack b28 b44
271078 put-down b28
271080 unstack b44 b6
271082 put-down b44
271084 unstack b6 b11
271086 put-down b6
271089 unstack b11 b12
271091 put-down b11
271105 nop
271186 unstack b12 b42
271189 put-down b12
271192 nop
271244 nop
271266 nop
271272 pick-up b15
271274 stack b15 b9
271276 nop
271278 unstack b26 b20
271280 put-down b26
271282 unstack b20 b23
271284 put-down b20
271286 unstack b23 b34
271288 put-down b23
271290 unstack b34 b41
271292 put-down b34
271294 unstack b41 b8
271296 put-down b41
271298 unstack b8 b17
271300 put-down b8
271303 nop
271346 nop
271352 unstack b17 b25
271354 stack b17 b2
271362 nop
271619 unstack b45 b21
271621 put-down b45
271623 unstack b21 b48
271625 put-down b21
271627 unstack b48 b19
271629 put-down b48
271631 unstack b19 b38
271633 put-down b19
271635 unstack b38 b18
271637 put-down b38
271639 nop
271698 nop
271703 unstack b18 b33
271706 stack b18 b15
271710 nop
271729 nop
272027 nop
272033 pick-up b23
272036 stack b23 b18
272038 nop
272052 unstack b25 b16
272253 put-down b25
272261 unstack b16 b10
272264 put-down b16
272267 unstack b10 b5
272270 put-down b10
272273 unstack b5 b35
272275 put-down b5
272279 unstack b35 b40
272282 put-down b35
272285 unstack b40 b3
272288 put-down b40
272291 unstack b3 b37
272293 put-down b3
272297 unstack b37 b39
272300 put-down b37
272303 unstack b39 b22
272306 put-down b39
272309 unstack b22 b36
272312 put-down b22
272315 unstack b36 b27
272318 put-down b36
272322 nop
272364 nop
272370 pick-up b27
272372 stack b27 b17
272374 nop
272394 nop
272702 nop
272709 pick-up b31
272711 stack b31 b11
272719 nop
273040 nop
273342 nop
273348 pick-up b33
273350 stack b33 b12
273363 nop
273660 nop
273976 nop
273981 pick-up b37
273984 stack b37 b33
273987 nop
274302 nop
274319 nop
274324 pick-up b45
274327 stack b45 b31
274340 nop
274660 unstack b42 b1
274662 put-down b42
274669 nop
274954 nop
274960 unstack b1 b49
274963 stack b1 b27
274970 nop
275291 nop
275305 nop
275311 pick-up b19
275314 stack b19 b23
275317 nop
275336 nop
275676 nop
275683 pick-up b20
275685 stack b20 b45
275689 nop
276030 nop
276373 nop
276378 pick-up b25
276381 stack b25 b1
276390 nop
276728 nop
277038 nop
277043 pick-up b29
277046 stack b29 b37
277048 nop
277050 nop
277386 nop
277391 pick-up b30
277394 stack b30 b19
277407 nop
277764 nop
277773 nop
277778 pick-up b42
277781 stack b42 b20
277784 nop
278215 nop
278643 nop
278649 unstack b49 b24
278651 stack b49 b25
278653 nop
279110 nop
279493 nop
279499 pick-up b10
279502 stack b10 b29
279510 nop
279995 nop
280445 nop
280453 pick-up b16
280456 stack b16 b10
280464 nop
280886 nop
281316 nop
281322 pick-up b39
281325 stack b39 b42
281328 nop
281339 nop
281823 nop
281829 pick-up b47
281831 stack b47 b49
281842 nop
282246 nop
282677 nop
282684 pick-up b8
282686 stack b8 b39
282690 nop
283151 nop
283159 nop
283166 pick-up b32
283168 stack b32 b47
283171 nop
283612 nop
284098 nop
284103 pick-up b35
284106 stack b35 b32
284111 nop
284530 nop
284952 nop
284959 pick-up b40
284961 stack b40 b8
284963 nop
285434 nop
285849 nop
285856 pick-up b5
285858 stack b5 b40
285867 nop
286363 nop
286813 nop
286820 unstack b24 b46
286822 stack b24 b35
286833 nop
287302 nop
287776 nop
287782 pick-up b48
287784 stack b48 b5
287786 nop
288277 nop
288794 nop
288800 pick-up b6
288802 stack b6 b24
288804 nop
289309 nop
289796 nop
289803 pick-up b34
289805 stack b34 b48
289813 nop
290308 nop
290792 nop
290799 pick-up b41
290801 stack b41 b6
290803 nop
290806 nop
291318 nop
291324 pick-up b50
291327 stack b50 b34
291329 nop
291331 nop
291334 nop
291340 pick-up b26
291342 stack b26 b50
291348 nop
291871 nop
291873 nop
291879 pick-up b22
291882 stack b22 b26
291895 nop
292413 nop
292941 nop
292948 pick-up b3
292950 stack b3 b22
292953 nop
293419 nop
293947 nop
293952 pick-up b38
293955 stack b38 b3
293962 nop
294495 nop
294968 nop
294973 pick-up b21
294976 stack b21 b38
294981 nop
295473 nop
296015 nop
296022 pick-up b43
296024 stack b43 b21
296028 nop
296547 unstack b46 b4
296549 put-down b46
296553 nop
297049 nop
297054 pick-up b4
297056 stack b4 b43
297058 nop
297613 nop
298144 nop
298151 pick-up b46
298155 stack b46 b4
298158 nop
298680 nop
299230 nop
299237 pick-up b14
299239 stack b14 b46
299241 nop
299250 nop
299774 nop
299780 pick-up b13
299782 stack b13 b14
299794 nop
300356 nop
300359 nop
300364 pick-up b28
300367 stack b28 b13
300377 nop
300950 nop
301516 nop
301523 pick-up b36
301525 stack b36 b28
301530 nop
302111 nop
302678 nop
302685 pick-up b44
302687 stack b44 b36
302700 nop
303269 nop
303844 nop
303850 pick-up b7
303852 stack b7 b44
root 97 270994 129 138 155 164 271104 191 207 215 232 250 269 289 310 332 355 379 404 430 457 485 514 544 575 607 641 675 709 744 780 817 855 894 934 975 1017 1060 1104 1149 1195 1242 1290 1339 1389 1440 1492 1546 1600 1654 1709 1765 1822 1880
97 do_clear b2 -> m7_do_clear 1953 270991 270993
129 do_clear b9 -> m7_do_clear 2270 271011 271013
138 do_on_table b9 -> m2_do_on_table 271015 271019
155 do_clear b11 -> m7_do_clear 2450 271084 271086
164 do_on_table b11 -> m2_do_on_table 271089 271091
191 do_on_table b12 -> m2_do_on_table 271186 271189
207 do_put_on b15 b9 -> m1_do_put_on 271191 271243 271265 3117
215 do_put_on b17 b2 -> m1_do_put_on 3174 271302 271345 3533
232 do_put_on b18 b15 -> m1_do_put_on 3590 271638 271697 3950
250 do_put_on b23 b18 -> m1_do_put_on 271709 271728 272026 4371
269 do_put_on b27 b17 -> m1_do_put_on 4428 272321 272363 4792
289 do_put_on b31 b11 -> m1_do_put_on 272373 272393 272701 5173
310 do_put_on b33 b12 -> m1_do_put_on 272718 273039 273341 5600
332 do_put_on b37 b33 -> m1_do_put_on 273362 273659 273975 5986
355 do_put_on b45 b31 -> m1_do_put_on 273986 274301 274318 6419
379 do_put_on b1 b27 -> m1_do_put_on 6476 274668 274953 6855
404 do_put_on b19 b23 -> m1_do_put_on 274969 275290 275304 7291
430 do_put_on b20 b45 -> m1_do_put_on 275316 275335 275675 7732
457 do_put_on b25 b1 -> m1_do_put_on 275688 276029 276372 8173
485 do_put_on b29 b37 -> m1_do_put_on 276389 276727 277037 8617
514 do_put_on b30 b19 -> m1_do_put_on 277047 277049 277385 8896
544 do_put_on b42 b20 -> m1_do_put_on 277406 277763 277772 9345
575 do_put_on b49 b25 -> m1_do_put_on 277783 278214 278642 9795
607 do_put_on b10 b29 -> m1_do_put_on 278652 279109 279492 10247
641 do_put_on b16 b10 -> m1_do_put_on 279509 279994 280444 10704
675 do_put_on b39 b42 -> m1_do_put_on 280463 280885 281315 11157
709 do_put_on b47 b49 -> m1_do_put_on 281327 281338 281822 11613
744 do_put_on b8 b39 -> m1_do_put_on 281841 282245 282676 12071
780 do_put_on b32 b47 -> m1_do_put_on 282689 283150 283158 12531
817 do_put_on b35 b32 -> m1_do_put_on 283170 283611 284097 12995
855 do_put_on b40 b8 -> m1_do_put_on 284110 284529 284951 13459
894 do_put_on b5 b40 -> m1_do_put_on 284962 285433 285848 13926
934 do_put_on b24 b35 -> m1_do_put_on 285866 286362 286812 14393
975 do_put_on b48 b5 -> m1_do_put_on 286832 287301 287775 14863
1017 do_put_on b6 b24 -> m1_do_put_on 287785 288276 288793 15335
1060 do_put_on b34 b48 -> m1_do_put_on 288803 289308 289795 15810
1104 do_put_on b41 b6 -> m1_do_put_on 289812 290307 290791 16285
1149 do_put_on b50 b34 -> m1_do_put_on 290802 290805 291317 16582
1195 do_put_on b26 b50 -> m1_do_put_on 291328 291330 291333 16693
1242 do_put_on b22 b26 -> m1_do_put_on 291347 291870 291872 16991
1290 do_put_on b3 b22 -> m1_do_put_on 291894 292412 292940 17474
1339 do_put_on b38 b3 -> m1_do_put_on 292952 293418 293946 17961
1389 do_put_on b21 b38 -> m1_do_put_on 293961 294494 294967 18449
1440 do_put_on b43 b21 -> m1_do_put_on 294980 295472 296014 18938
1492 do_put_on b4 b43 -> m1_do_put_on 18996 296552 297048 19430
1546 do_put_on b46 b4 -> m1_do_put_on 297057 297612 298143 19885
1600 do_put_on b14 b46 -> m1_do_put_on 298157 298679 299229 20378
1654 do_put_on b13 b14 -> m1_do_put_on 299240 299249 299773 20682
1709 do_put_on b28 b13 -> m1_do_put_on 299793 300355 300358 20944
1765 do_put_on b36 b28 -> m1_do_put_on 300376 300949 301515 21447
1822 do_put_on b44 b36 -> m1_do_put_on 301529 302110 302677 21954
1880 do_put_on b7 b44 -> m1_do_put_on 302699 303268 303843 22461
1953 do_clear b32 -> m7_do_clear 22568 270987 270989
2270 do_clear b14 -> m7_do_clear 22829 271007 271009
2450 do_clear b6 -> m7_do_clear 23051 271080 271082
3117 do_move b15 b9 -> m4_do_move 271272 271274
3174 do_clear b17 -> m7_do_clear 23931 271298 271300
3533 do_move b17 b2 -> m5_do_move 271352 271354
3590 do_clear b18 -> m7_do_clear 24373 271635 271637
3950 do_move b18 b15 -> m5_do_move 271703 271706
4371 do_move b23 b18 -> m4_do_move 272033 272036
4428 do_clear b27 -> m7_do_clear 25283 272315 272318
4792 do_move b27 b17 -> m4_do_move 272370 272372
5173 do_move b31 b11 -> m4_do_move 272709 272711
5600 do_move b33 b12 -> m4_do_move 273348 273350
5986 do_move b37 b33 -> m4_do_move 273981 273984
6419 do_move b45 b31 -> m4_do_move 274324 274327
6476 do_clear b1 -> m7_do_clear 274339 274660 274662
6855 do_move b1 b27 -> m5_do_move 274960 274963
7291 do_move b19 b23 -> m4_do_move 275311 275314
7732 do_move b20 b45 -> m4_do_move 275683 275685
8173 do_move b25 b1 -> m4_do_move 276378 276381
8617 do_move b29 b37 -> m4_do_move 277043 277046
8896 do_move b30 b19 -> m4_do_move 277391 277394
9345 do_move b42 b20 -> m4_do_move 277778 277781
9795 do_move b49 b25 -> m5_do_move 278649 278651
10247 do_move b10 b29 -> m4_do_move 279499 279502
10704 do_move b16 b10 -> m4_do_move 280453 280456
11157 do_move b39 b42 -> m4_do_move 281322 281325
11613 do_move b47 b49 -> m4_do_move 281829 281831
12071 do_move b8 b39 -> m4_do_move 282684 282686
12531 do_move b32 b47 -> m4_do_move 283166 283168
12995 do_move b35 b32 -> m4_do_move 284103 284106
13459 do_move b40 b8 -> m4_do_move 284959 284961
13926 do_move b5 b40 -> m4_do_move 285856 285858
14393 do_move b24 b35 -> m5_do_move 286820 286822
14863 do_move b48 b5 -> m4_do_move 287782 287784
15335 do_move b6 b24 -> m4_do_move 288800 288802
15810 do_move b34 b48 -> m4_do_move 289803 289805
16285 do_move b41 b6 -> m4_do_move 290799 290801
16582 do_move b50 b34 -> m4_do_move 291324 291327
16693 do_move b26 b50 -> m4_do_move 291340 291342
16991 do_move b22 b26 -> m4_do_move 291879 291882
17474 do_move b3 b22 -> m4_do_move 292948 292950
17961 do_move b38 b3 -> m4_do_move 293952 293955
18449 do_move b21 b38 -> m4_do_move 294973 294976
18938 do_move b43 b21 -> m4_do_move 296022 296024
18996 do_clear b4 -> m7_do_clear 296027 296547 296549
19430 do_move b4 b43 -> m4_do_move 297054 297056
19885 do_move b46 b4 -> m4_do_move 298151 298155
20378 do_move b14 b46 -> m4_do_move 299237 299239
20682 do_move b13 b14 -> m4_do_move 299780 299782
20944 do_move b28 b13 -> m4_do_move 300364 300367
21447 do_move b36 b28 -> m4_do_move 301523 301525
21954 do_move b44 b36 -> m4_do_move 302685 302687
22461 do_move b7 b44 -> m4_do_move 303850 303852
22568 do_clear b29 -> m7_do_clear 43835 270983 270985
22829 do_clear b43 -> m7_do_clear 271000 271003 271005
23051 do_clear b44 -> m7_do_clear 44091 271076 271078
23931 do_clear b8 -> m7_do_clear 44987 271294 271296
24373 do_clear b38 -> m7_do_clear 45430 271631 271633
25283 do_clear b36 -> m7_do_clear 46140 272309 272312
43835 do_clear b7 -> m7_do_clear 64276 270979 270981
44091 do_clear b28 -> m7_do_clear 64532 271072 271074
44987 do_clear b41 -> m7_do_clear 65262 271290 271292
45430 do_clear b19 -> m7_do_clear 65719 271627 271629
46140 do_clear b22 -> m7_do_clear 66448 272303 272306
64276 do_clear b31 -> m7_do_clear 85565 270975 270977
64532 do_clear b15 -> m7_do_clear 271022 271067 271070
65262 do_clear b34 -> m7_do_clear 86572 271286 271288
65719 do_clear b48 -> m7_do_clear 87043 271623 271625
66448 do_clear b39 -> m7_do_clear 87793 272297 272300
85565 do_clear b47 -> m7_do_clear 270968 270971 270973
86572 do_clear b23 -> m7_do_clear 108785 271282 271284
87043 do_clear b21 -> m7_do_clear 271361 271619 271621
87793 do_clear b37 -> m7_do_clear 110041 272291 272293
108785 do_clear b20 -> m7_do_clear 271275 271278 271280
110041 do_clear b3 -> m7_do_clear 133176 272285 272288
133176 do_clear b40 -> m7_do_clear 157473 272279 272282
157473 do_clear b35 -> m7_do_clear 183341 272273 272275
183341 do_clear b5 -> m7_do_clear 211138 272267 272270
211138 do_clear b10 -> m7_do_clear 240775 272261 272264
240775 do_clear b16 -> m7_do_clear 272037 272052 272253
270968 do_clear b30 -> m6_do_clear 270969
270994 do_on_table b2 -> m3_do_on_table 270995
271000 do_clear b50 -> m6_do_clear 271001
271022 do_clear b2 -> m6_do_clear 271023
271104 do_clear b12 -> m6_do_clear 271105
271191 do_clear b15 -> m6_do_clear 271192
271243 do_clear b9 -> m6_do_clear 271244
271265 do_on_table b9 -> m3_do_on_table 271266
271275 do_clear b26 -> m6_do_clear 271276
271302 do_clear b2 -> m6_do_clear 271303
271345 do_on_table b2 -> m3_do_on_table 271346
271361 do_clear b45 -> m6_do_clear 271362
271638 do_clear b15 -> m6_do_clear 271639
271697 do_on_table b15 -> m3_do_on_table 271698
271709 do_clear b23 -> m6_do_clear 271710
271728 do_clear b18 -> m6_do_clear 271729
272026 do_on_table b18 -> m3_do_on_table 272027
272037 do_clear b25 -> m6_do_clear 272038
272321 do_clear b17 -> m6_do_clear 272322
272363 do_on_table b17 -> m3_do_on_table 272364
272373 do_clear b31 -> m6_do_clear 272374
272393 do_clear b11 -> m6_do_clear 272394
272701 do_on_table b11 -> m3_do_on_table 272702
272718 do_clear b33 -> m6_do_clear 272719
273039 do_clear b12 -> m6_do_clear 273040
273341 do_on_table b12 -> m3_do_on_table 273342
273362 do_clear b37 -> m6_do_clear 273363
273659 do_clear b33 -> m6_do_clear 273660
273975 do_on_table b33 -> m3_do_on_table 273976
273986 do_clear b45 -> m6_do_clear 273987
274301 do_clear b31 -> m6_do_clear 274302
274318 do_on_table b31 -> m3_do_on_table 274319
274339 do_clear b42 -> m6_do_clear 274340
274668 do_clear b27 -> m6_do_clear 274669
274953 do_on_table b27 -> m3_do_on_table 274954
274969 do_clear b19 -> m6_do_clear 274970
275290 do_clear b23 -> m6_do_clear 275291
275304 do_on_table b23 -> m3_do_on_table 275305
275316 do_clear b20 -> m6_do_clear 275317
275335 do_clear b45 -> m6_do_clear 275336
275675 do_on_table b45 -> m3_do_on_table 275676
275688 do_clear b25 -> m6_do_clear 275689
276029 do_clear b1 -> m6_do_clear 276030
276372 do_on_table b1 -> m3_do_on_table 276373
276389 do_clear b29 -> m6_do_clear 276390
276727 do_clear b37 -> m6_do_clear 276728
277037 do_on_table b37 -> m3_do_on_table 277038
277047 do_clear b30 -> m6_do_clear 277048
277049 do_clear b19 -> m6_do_clear 277050
277385 do_on_table b19 -> m3_do_on_table 277386
277406 do_clear b42 -> m6_do_clear 277407
277763 do_clear b20 -> m6_do_clear 277764
277772 do_on_table b20 -> m3_do_on_table 277773
277783 do_clear b49 -> m6_do_clear 277784
278214 do_clear b25 -> m6_do_clear 278215
278642 do_on_table b25 -> m3_do_on_table 278643
278652 do_clear b10 -> m6_do_clear 278653
279109 do_clear b29 -> m6_do_clear 279110
279492 do_on_table b29 -> m3_do_on_table 279493
279509 do_clear b16 -> m6_do_clear 279510
279994 do_clear b10 -> m6_do_clear 279995
280444 do_on_table b10 -> m3_do_on_table 280445
280463 do_clear b39 -> m6_do_clear 280464
280885 do_clear b42 -> m6_do_clear 280886
281315 do_on_table b42 -> m3_do_on_table 281316
281327 do_clear b47 -> m6_do_clear 281328
281338 do_clear b49 -> m6_do_clear 281339
281822 do_on_table b49 -> m3_do_on_table 281823
281841 do_clear b8 -> m6_do_clear 281842
282245 do_clear b39 -> m6_do_clear 282246
282676 do_on_table b39 -> m3_do_on_table 282677
282689 do_clear b32 -> m6_do_clear 282690
283150 do_clear b47 -> m6_do_clear 283151
283158 do_on_table b47 -> m3_do_on_table 283159
283170 do_clear b35 -> m6_do_clear 283171
283611 do_clear b32 -> m6_do_clear 283612
284097 do_on_table b32 -> m3_do_on_table 284098
284110 do_clear b40 -> m6_do_clear 284111
284529 do_clear b8 -> m6_do_clear 284530
284951 do_on_table b8 -> m3_do_on_table 284952
284962 do_clear b5 -> m6_do_clear 284963
285433 do_clear b40 -> m6_do_clear 285434
285848 do_on_table b40 -> m3_do_on_table 285849
285866 do_clear b24 -> m6_do_clear 285867
286362 do_clear b35 -> m6_do_clear 286363
286812 do_on_table b35 -> m3_do_on_table 286813
286832 do_clear b48 -> m6_do_clear 286833
287301 do_clear b5 -> m6_do_clear 287302
287775 do_on_table b5 -> m3_do_on_table 287776
287785 do_clear b6 -> m6_do_clear 287786
288276 do_clear b24 -> m6_do_clear 288277
288793 do_on_table b24 -> m3_do_on_table 288794
288803 do_clear b34 -> m6_do_clear 288804
289308 do_clear b48 -> m6_do_clear 289309
289795 do_on_table b48 -> m3_do_on_table 289796
289812 do_clear b41 -> m6_do_clear 289813
290307 do_clear b6 -> m6_do_clear 290308
290791 do_on_table b6 -> m3_do_on_table 290792
290802 do_clear b50 -> m6_do_clear 290803
290805 do_clear b34 -> m6_do_clear 290806
291317 do_on_table b34 -> m3_do_on_table 291318
291328 do_clear b26 -> m6_do_clear 291329
291330 do_clear b50 -> m6_do_clear 291331
291333 do_on_table b50 -> m3_do_on_table 291334
291347 do_clear b22 -> m6_do_clear 291348
291870 do_clear b26 -> m6_do_clear 291871
291872 do_on_table b26 -> m3_do_on_table 291873
291894 do_clear b3 -> m6_do_clear 291895
292412 do_clear b22 -> m6_do_clear 292413
292940 do_on_table b22 -> m3_do_on_table 292941
292952 do_clear b38 -> m6_do_clear 292953
293418 do_clear b3 -> m6_do_clear 293419
293946 do_on_table b3 -> m3_do_on_table 293947
293961 do_clear b21 -> m6_do_clear 293962
294494 do_clear b38 -> m6_do_clear 294495
294967 do_on_table b38 -> m3_do_on_table 294968
294980 do_clear b43 -> m6_do_clear 294981
295472 do_clear b21 -> m6_do_clear 295473
296014 do_on_table b21 -> m3_do_on_table 296015
296027 do_clear b46 -> m6_do_clear 296028
296552 do_clear b43 -> m6_do_clear 296553
297048 do_on_table b43 -> m3_do_on_table 297049
297057 do_clear b46 -> m6_do_clear 297058
297612 do_clear b4 -> m6_do_clear 297613
298143 do_on_table b4 -> m3_do_on_table 298144
298157 do_clear b14 -> m6_do_clear 298158
298679 do_clear b46 -> m6_do_clear 298680
299229 do_on_table b46 -> m3_do_on_table 299230
299240 do_clear b13 -> m6_do_clear 299241
299249 do_clear b14 -> m6_do_clear 299250
299773 do_on_table b14 -> m3_do_on_table 299774
299793 do_clear b28 -> m6_do_clear 299794
300355 do_clear b13 -> m6_do_clear 300356
300358 do_on_table b13 -> m3_do_on_table 300359
300376 do_clear b36 -> m6_do_clear 300377
300949 do_clear b28 -> m6_do_clear 300950
301515 do_on_table b28 -> m3_do_on_table 301516
301529 do_clear b44 -> m6_do_clear 301530
302110 do_clear b36 -> m6_do_clear 302111
302677 do_on_table b36 -> m3_do_on_table 302678
302699 do_clear b7 -> m6_do_clear 302700
303268 do_clear b44 -> m6_do_clear 303269
303843 do_on_table b44 -> m3_do_on_table 303844
<==
7.201 End of solution plan. (counted length of 317)
7.201 Total amount of clauses encoded: 1357689
7.201 - directframeaxioms : 844100 cls
7.201 - reductionconstraints : 153784 cls
7.201 - qfactsemantics : 115809 cls
7.201 - indirectframeaxioms : 74065 cls
7.201 - expansions : 39554 cls
7.201 - atmostoneelement : 38537 cls
7.201 - predecessors : 32394 cls
7.201 - substitutionconstraints : 20927 cls
7.201 - qconstequality : 18235 cls
7.201 - actionconstraints : 10856 cls
7.201 - actioneffects : 8823 cls
7.201 - forbiddenoperations : 362 cls
7.201 - truefacts : 241 cls
7.201 - axiomaticops : 2 cls
7.201 # instantiated positions: 14148
7.201 # instantiated actions: 31278
7.201 # instantiated reductions: 1117
7.201 # introduced pseudo-constants: 722
7.201 # retroactive prunings: 19
7.201 # retroactively pruned operations: 362
7.201 # dominated operations: 53
7.201 # total invalid rigid preconditions found in getPFC: 0
7.201 # invalid rigid preconditions found in getPFC: 0
7.201 # invalid rigid preconditions found in getPFC in varrestrictions: 0
7.201 # total invalid fluent preconditions found in getPFC: 0
7.201 # invalid fluent preconditions found in getPFC: 0
7.201 # invalid fluent preconditions found in getPFC in varrestrictions: 0
7.201 # invalid fluent preconditions found in getPFC via postconditions: 0
7.201 # invalid operations found in getPFC via subtasks: 0
7.201 # invalid operations found in getPFC via postconditions: 0
7.201 # number effects in operation fact_frames: 863
7.201 # number of variables restricted: 0
7.201 # number of nodes variables restricted: 0
7.201 Exiting happily.

RUNWATCH_RESULT EXIT RETVAL 0 TIME_SECS 7.27642 MEMPEAK_KBS 1112932
