    _           _         _
   \ |         \ |       | |                       
   | |     __  | |      _| |______                
   | |     \/  | |     /_   ______\                
   | |      _  | |   __  | |  ___   ___   ___       
   | |___  | | | |  / .\ | | / , | |   \ / ·_\    
   \_____\ |_| |__\ \__/ |_| \___) |_|_| \___\  
[39mL i l o t a n e  version rls-glucose4
by Dominik Schreiber <dominik.schreiber@kit.edu> 2020-2021
using SAT solver glucose4

0.005 Parser finished.
0.005 Structures extracted.
0.005 20 operators and 16 methods created.
0.075 Mined 11 new reduction preconditions (+20.0%).
0.075 Iteration 0.
0.076 Creating initial layer of size 2
0.098 Attempting to solve formula with 59 clauses (87 literals) and 1 assumptions
0.098 Unsolvable at layer 0 -- expanding.
0.098 Iteration 1.
0.098 New layer size: 3
0.098 Instantiating ...
0.275 Collected 725 relevant facts at this layer
0.275 Encoding ...
0.279 Attempting to solve formula with 5667 clauses (13756 literals) and 2 assumptions
0.279 Unsolvable at layer 1 -- expanding.
0.279 Iteration 2.
0.279 New layer size: 5
0.279 Instantiating ...
0.739 Collected 756 relevant facts at this layer
0.739 Encoding ...
0.748 Attempting to solve formula with 19490 clauses (52664 literals) and 2 assumptions
0.748 Unsolvable at layer 2 -- expanding.
0.748 Iteration 3.
0.748 New layer size: 11
0.748 Instantiating ...
1.441 Collected 777 relevant facts at this layer
1.441 Encoding ...
1.465 Attempting to solve formula with 52703 clauses (151116 literals) and 4 assumptions
1.466 Unsolvable at layer 3 -- expanding.
1.466 Iteration 4.
1.466 New layer size: 19
1.466 Instantiating ...
2.609 Collected 777 relevant facts at this layer
2.609 Encoding ...
2.657 Attempting to solve formula with 107911 clauses (315471 literals) and 6 assumptions
2.660 Unsolvable at layer 4 -- expanding.
2.661 Iteration 5.
2.661 New layer size: 33
2.661 Instantiating ...
4.503 Collected 777 relevant facts at this layer
4.503 Encoding ...
4.584 Attempting to solve formula with 201784 clauses (597781 literals) and 10 assumptions
4.595 Unsolvable at layer 5 -- expanding.
4.595 Iteration 6.
4.595 New layer size: 55
4.595 Instantiating ...
7.608 Collected 777 relevant facts at this layer
7.608 Encoding ...
7.759 Attempting to solve formula with 355376 clauses (1060810 literals) and 16 assumptions
7.776 Unsolvable at layer 6 -- expanding.
7.776 Iteration 7.
7.777 New layer size: 91
7.777 Instantiating ...
12.647 Collected 777 relevant facts at this layer
12.647 Encoding ...
12.924 Attempting to solve formula with 607320 clauses (1822317 literals) and 26 assumptions
12.936 Unsolvable at layer 7 -- expanding.
12.936 Iteration 8.
12.936 New layer size: 149
12.936 Instantiating ...
20.806 Collected 777 relevant facts at this layer
20.806 Encoding ...
21.246 Attempting to solve formula with 1017334 clauses (3063018 literals) and 42 assumptions
21.290 Unsolvable at layer 8 -- expanding.
21.290 Iteration 9.
21.290 New layer size: 243
21.290 Instantiating ...
34.032 Collected 777 relevant facts at this layer
34.032 Encoding ...
34.701 Attempting to solve formula with 1683770 clauses (5081391 literals) and 68 assumptions
34.770 Unsolvable at layer 9 -- expanding.
34.770 Iteration 10.
34.770 New layer size: 395
34.770 Instantiating ...
55.463 Collected 777 relevant facts at this layer
55.463 Encoding ...
56.567 Attempting to solve formula with 2764698 clauses (8356630 literals) and 110 assumptions
56.726 Unsolvable at layer 10 -- expanding.
56.726 Iteration 11.
56.726 New layer size: 641
56.726 Instantiating ...
90.165 Collected 777 relevant facts at this layer
90.165 Encoding ...
91.958 Attempting to solve formula with 4516540 clauses (13666407 literals) and 178 assumptions
92.399 Unsolvable at layer 11 -- expanding.
92.399 Iteration 12.
92.399 New layer size: 1039
92.399 Instantiating ...
146.703 Collected 777 relevant facts at this layer
146.703 Encoding ...
149.557 Attempting to solve formula with 7353788 clauses (22267588 literals) and 288 assumptions
149.900 Unsolvable at layer 12 -- expanding.
149.900 Iteration 13.
149.900 New layer size: 1683
149.900 Instantiating ...
237.748 Collected 777 relevant facts at this layer
237.749 Encoding ...
242.774 Attempting to solve formula with 11947356 clauses (36194711 literals) and 466 assumptions
244.076 Unsolvable at layer 13 -- expanding.
244.076 Iteration 14.
244.077 New layer size: 2725
244.077 Instantiating ...
386.387 Collected 777 relevant facts at this layer
386.387 Encoding ...
394.917 Attempting to solve formula with 19382650 clauses (58739180 literals) and 754 assumptions
399.223 Unsolvable at layer 14 -- expanding.
399.223 Iteration 15.
399.226 New layer size: 4411
399.226 Instantiating ...
629.678 Collected 777 relevant facts at this layer
629.678 Encoding ...
643.852 Attempting to solve formula with 31415990 clauses (95226937 literals) and 1220 assumptions
652.424 Unsolvable at layer 15 -- expanding.
652.424 Iteration 16.
652.429 New layer size: 7139
652.429 Instantiating ...
1026.560 Collected 777 relevant facts at this layer
1026.560 Encoding ...
1050.412 Attempting to solve formula with 50889102 clauses (154275328 literals) and 1974 assumptions
1081.272 Unsolvable at layer 16 -- expanding.
1081.272 Iteration 17.
1081.280 New layer size: 11553
1081.280 Instantiating ...
1575.091 Termination signal caught.
1575.091 Total amount of clauses encoded: 50889102
1575.091 - directframeaxioms : 15472702 cls
1575.091 - reductionconstraints : 14981157 cls
1575.091 - qfactsemantics : 10226817 cls
1575.091 - indirectframeaxioms : 7838692 cls
1575.091 - actionconstraints : 1004721 cls
1575.091 - qconstequality : 387252 cls
1575.091 - atmostoneelement : 346592 cls
1575.091 - substitutionconstraints : 320011 cls
1575.091 - expansions : 133911 cls
1575.091 - predecessors : 112995 cls
1575.091 - actioneffects : 63473 cls
1575.091 - truefacts : 777 cls
1575.091 - axiomaticops : 2 cls
1575.091 # instantiated positions: 28131
1575.091 # instantiated actions: 117194
1575.091 # instantiated reductions: 53368
1575.091 # introduced pseudo-constants: 23161
1575.091 # retroactive prunings: 0
1575.091 # retroactively pruned operations: 0
1575.091 # dominated operations: 2
1575.091 # total invalid rigid preconditions found in getPFC: 0
1575.091 # invalid rigid preconditions found in getPFC: 0
1575.091 # invalid rigid preconditions found in getPFC in varrestrictions: 0
1575.091 # total invalid fluent preconditions found in getPFC: 16
1575.091 # invalid fluent preconditions found in getPFC: 16
1575.091 # invalid fluent preconditions found in getPFC in varrestrictions: 0
1575.091 # invalid fluent preconditions found in getPFC via postconditions: 0
1575.091 # invalid subtasks found in getPFC: 0
1575.091 # number effects in operation fact_frames: 226
1575.091 Exiting happily.

RUNWATCH_RESULT MEMOUT RETVAL 0 TIME_SECS 1575.92 MEMPEAK_KBS 16026772
