    _           _         _
   \ |         \ |       | |                       
   | |     __  | |      _| |______                
   | |     \/  | |     /_   ______\                
   | |      _  | |   __  | |  ___   ___   ___       
   | |___  | | | |  / .\ | | / , | |   \ / ·_\    
   \_____\ |_| |__\ \__/ |_| \___) |_|_| \___\  
[39mL i l o t a n e  version rls-glucose4
by Dominik Schreiber <dominik.schreiber@kit.edu> 2020-2021
using SAT solver glucose4

6.524 Parser finished.
6.567 Structures extracted.
6.570 18 operators and 15 methods created.
8.221 Mined 2 new reduction preconditions (+9.5%).
8.221 Iteration 0.
8.221 Creating initial layer of size 2
9.891 Attempting to solve formula with 3 clauses (3 literals) and 1 assumptions
9.891 Unsolvable at layer 0 -- expanding.
9.891 Iteration 1.
9.891 New layer size: 2
9.891 Instantiating ...
11.677 Collected 0 relevant facts at this layer
11.677 Encoding ...
11.870 Attempting to solve formula with 8 clauses (12 literals) and 1 assumptions
11.870 Unsolvable at layer 1 -- expanding.
11.870 Iteration 2.
11.903 New layer size: 7
11.903 Instantiating ...
17.891 Collected 0 relevant facts at this layer
17.891 Encoding ...
18.512 Attempting to solve formula with 28 clauses (46 literals) and 6 assumptions
18.512 Unsolvable at layer 2 -- expanding.
18.512 Iteration 3.
18.536 New layer size: 13
18.536 Instantiating ...
34.203 Collected 4 relevant facts at this layer
34.203 Encoding ...
35.384 Attempting to solve formula with 100 clauses (187 literals) and 10 assumptions
35.384 Unsolvable at layer 3 -- expanding.
35.384 Iteration 4.
35.384 New layer size: 23
35.384 Instantiating ...
69.409 Collected 14 relevant facts at this layer
69.409 Encoding ...
71.586 Attempting to solve formula with 708 clauses (1646 literals) and 20 assumptions
71.586 Unsolvable at layer 4 -- expanding.
71.586 Iteration 5.
71.586 New layer size: 43
71.586 Instantiating ...
141.758 Collected 34 relevant facts at this layer
141.758 Encoding ...
145.698 Attempting to solve formula with 4119 clauses (10195 literals) and 40 assumptions
145.698 Unsolvable at layer 5 -- expanding.
145.698 Iteration 6.
145.698 New layer size: 83
145.698 Instantiating ...
285.353 Collected 64 relevant facts at this layer
285.353 Encoding ...
293.433 Attempting to solve formula with 17196 clauses (43728 literals) and 80 assumptions
293.434 Unsolvable at layer 6 -- expanding.
293.434 Iteration 7.
293.434 New layer size: 163
293.434 Instantiating ...
294.743 Retroactively prune action (removeblock l-2-0-0 stone)@(6,8): no children at offset 0
294.756 Retroactively prune reduction (place-block-abstract-3 l-2-0-1 stone stone)@(6,8): no children at offset 0
438.365 Collected 104 relevant facts at this layer
438.365 Encoding ...
446.667 Attempting to solve formula with 47824 clauses (118351 literals) and 160 assumptions
446.667 Unsolvable at layer 7 -- expanding.
446.667 Iteration 8.
446.667 New layer size: 323
446.667 Instantiating ...
448.512 Retroactively prune action (removeblock l-3-0-0 stone)@(7,24): no children at offset 0
448.525 Retroactively prune reduction (place-block-abstract-3 l-3-0-1 stone stone)@(7,24): no children at offset 0
590.900 Collected 152 relevant facts at this layer
590.900 Encoding ...
599.130 Attempting to solve formula with 108548 clauses (261910 literals) and 320 assumptions
599.131 Unsolvable at layer 8 -- expanding.
599.131 Iteration 9.
599.131 New layer size: 643
599.131 Instantiating ...
601.838 Retroactively prune action (removeblock l-4-0-0 stone)@(8,56): no children at offset 0
601.852 Retroactively prune reduction (place-block-abstract-3 l-4-0-1 stone stone)@(8,56): no children at offset 0
750.265 Collected 210 relevant facts at this layer
750.265 Encoding ...
758.745 Attempting to solve formula with 221366 clauses (523054 literals) and 640 assumptions
758.746 Unsolvable at layer 9 -- expanding.
758.746 Iteration 10.
758.746 New layer size: 1283
758.746 Instantiating ...
763.212 Retroactively prune action (removeblock l-5-0-0 stone)@(9,120): no children at offset 0
763.226 Retroactively prune reduction (place-block-abstract-3 l-5-0-1 stone stone)@(9,120): no children at offset 0
915.864 Collected 280 relevant facts at this layer
915.864 Encoding ...
924.506 Attempting to solve formula with 426437 clauses (990933 literals) and 1280 assumptions
924.508 Unsolvable at layer 10 -- expanding.
924.508 Iteration 11.
924.508 New layer size: 2558
924.508 Instantiating ...
929.154 Retroactively prune action (removeblock l-6-0-0 stone)@(10,248): no children at offset 0
929.168 Retroactively prune reduction (place-block-abstract-3 l-6-0-1 stone stone)@(10,248): no children at offset 0
1081.900 Collected 360 relevant facts at this layer
1081.900 Encoding ...
1090.587 Attempting to solve formula with 785100 clauses (1803096 literals) and 2555 assumptions
1090.601 Unsolvable at layer 11 -- expanding.
1090.601 Iteration 12.
1090.602 New layer size: 5112
1090.602 Instantiating ...
1095.181 Retroactively prune action (removeblock l-7-0-0 stone)@(11,504): no children at offset 0
1095.194 Retroactively prune reduction (place-block-abstract-3 l-7-0-1 stone stone)@(11,504): no children at offset 0
1234.220 Collected 442 relevant facts at this layer
1234.220 Encoding ...
1242.714 Attempting to solve formula with 1360748 clauses (3102380 literals) and 3829 assumptions
1242.722 Unsolvable at layer 12 -- expanding.
1242.722 Iteration 13.
1242.724 New layer size: 8940
1242.724 Instantiating ...
1247.166 Retroactively prune action (removeblock l-8-0-0 stone)@(12,1015): no children at offset 0
1247.179 Retroactively prune reduction (place-block-abstract-3 l-8-0-1 stone stone)@(12,1015): no children at offset 0
1365.027 Collected 514 relevant facts at this layer
1365.027 Encoding ...
1373.800 Attempting to solve formula with 2112024 clauses (4784561 literals) and 3819 assumptions
1373.809 Unsolvable at layer 13 -- expanding.
1373.809 Iteration 14.
1373.812 New layer size: 12758
1373.812 Instantiating ...
1378.187 Retroactively prune action (removeblock l-9-0-0 stone)@(13,1781): no children at offset 0
1378.200 Retroactively prune reduction (place-block-abstract-3 l-9-0-1 stone stone)@(13,1781): no children at offset 0
1461.505 Collected 576 relevant facts at this layer
1461.505 Encoding ...
1470.092 Attempting to solve formula with 2954026 clauses (6637603 literals) and 3799 assumptions
1470.100 Unsolvable at layer 14 -- expanding.
1470.100 Iteration 15.
1470.104 New layer size: 16556
1470.104 Instantiating ...
1474.738 Retroactively prune action (__REPEATED_removeblock l-1-1-8 stone)@(14,2547): no children at offset 0
1474.738 Retroactively prune action (__REPEATED_removeblock l-1-4-8 stone)@(14,2547): no children at offset 0
1474.738 Retroactively prune action (__REPEATED_removeblock l-1-3-8 stone)@(14,2547): no children at offset 0
1474.738 Retroactively prune action (__REPEATED_removeblock l-1-5-8 stone)@(14,2547): no children at offset 0
1474.738 Retroactively prune action (__REPEATED_removeblock l-1-8-8 stone)@(14,2547): no children at offset 0
1474.738 Retroactively prune action (__REPEATED_removeblock l-1-6-8 stone)@(14,2547): no children at offset 0
1474.738 Retroactively prune action (__REPEATED_removeblock l-1-7-8 stone)@(14,2547): no children at offset 0
1474.738 Retroactively prune action (__REPEATED_removeblock l-1-2-8 stone)@(14,2547): no children at offset 0
1474.772 Retroactively prune action (__REPEATED_removeblock l-2-6-8 stone)@(14,3315): no children at offset 0
1474.773 Retroactively prune action (__REPEATED_removeblock l-2-5-8 stone)@(14,3315): no children at offset 0
1474.773 Retroactively prune action (__REPEATED_removeblock l-2-1-8 stone)@(14,3315): no children at offset 0
1474.773 Retroactively prune action (removeblock l-2-8-8 stone)@(14,3315): no children at offset 0
1474.773 Retroactively prune action (__REPEATED_removeblock l-2-7-8 stone)@(14,3315): no children at offset 0
1474.773 Retroactively prune action (__REPEATED_removeblock l-2-4-8 stone)@(14,3315): no children at offset 0
1474.773 Retroactively prune action (__REPEATED_removeblock l-2-2-8 stone)@(14,3315): no children at offset 0
1474.773 Retroactively prune action (__REPEATED_removeblock l-2-3-8 stone)@(14,3315): no children at offset 0
1474.808 Retroactively prune action (__REPEATED_removeblock l-3-3-8 stone)@(14,4083): no children at offset 0
1474.808 Retroactively prune action (__REPEATED_removeblock l-3-4-8 stone)@(14,4083): no children at offset 0
1474.808 Retroactively prune action (removeblock l-3-7-8 stone)@(14,4083): no children at offset 0
1474.808 Retroactively prune action (__REPEATED_removeblock l-3-1-8 stone)@(14,4083): no children at offset 0
1474.808 Retroactively prune action (__REPEATED_removeblock l-3-6-8 stone)@(14,4083): no children at offset 0
1474.808 Retroactively prune action (__REPEATED_removeblock l-3-2-8 stone)@(14,4083): no children at offset 0
1474.808 Retroactively prune action (__REPEATED_removeblock l-3-5-8 stone)@(14,4083): no children at offset 0
1474.809 Retroactively prune reduction (place-block-abstract-3 l-3-8-8 stone stone)@(14,4083): no children at offset 0
1474.857 Retroactively prune action (__REPEATED_removeblock l-4-1-8 stone)@(14,4595): no children at offset 0
1474.857 Retroactively prune action (__REPEATED_removeblock l-4-2-8 stone)@(14,4595): no children at offset 0
1474.857 Retroactively prune action (__REPEATED_removeblock l-4-5-8 stone)@(14,4595): no children at offset 0
1474.857 Retroactively prune action (__REPEATED_removeblock l-4-4-8 stone)@(14,4595): no children at offset 0
1474.857 Retroactively prune action (__REPEATED_removeblock l-4-3-8 stone)@(14,4595): no children at offset 0
1474.857 Retroactively prune action (removeblock l-4-6-8 stone)@(14,4595): no children at offset 0
1474.858 Retroactively prune reduction (place-block-abstract-3 l-4-7-8 stone stone)@(14,4595): no children at offset 0
1474.914 Retroactively prune action (__REPEATED_removeblock l-5-1-8 stone)@(14,4851): no children at offset 0
1474.914 Retroactively prune action (__REPEATED_removeblock l-5-3-8 stone)@(14,4851): no children at offset 0
1474.914 Retroactively prune action (__REPEATED_removeblock l-5-2-8 stone)@(14,4851): no children at offset 0
1474.914 Retroactively prune action (__REPEATED_removeblock l-5-4-8 stone)@(14,4851): no children at offset 0
1474.914 Retroactively prune action (removeblock l-5-5-8 stone)@(14,4851): no children at offset 0
1474.915 Retroactively prune reduction (place-block-abstract-3 l-5-6-8 stone stone)@(14,4851): no children at offset 0
1474.992 Retroactively prune action (__REPEATED_removeblock l-6-1-8 stone)@(14,4979): no children at offset 0
1474.992 Retroactively prune action (removeblock l-6-4-8 stone)@(14,4979): no children at offset 0
1474.992 Retroactively prune action (__REPEATED_removeblock l-6-2-8 stone)@(14,4979): no children at offset 0
1474.992 Retroactively prune action (__REPEATED_removeblock l-6-3-8 stone)@(14,4979): no children at offset 0
1475.008 Retroactively prune reduction (place-block-abstract-3 l-6-5-8 stone stone)@(14,4979): no children at offset 0
1476.720 Retroactively prune action (__REPEATED_removeblock l-7-1-8 stone)@(14,5043): no children at offset 0
1476.720 Retroactively prune action (removeblock l-7-3-8 stone)@(14,5043): no children at offset 0
1476.720 Retroactively prune action (__REPEATED_removeblock l-7-2-8 stone)@(14,5043): no children at offset 0
1476.736 Retroactively prune reduction (place-block-abstract-3 l-7-4-8 stone stone)@(14,5043): no children at offset 0
1477.646 Retroactively prune action (__REPEATED_removeblock l-8-1-8 stone)@(14,5075): no children at offset 0
1477.646 Retroactively prune action (removeblock l-8-2-8 stone)@(14,5075): no children at offset 0
1477.664 Retroactively prune reduction (place-block-abstract-3 l-8-3-8 stone stone)@(14,5075): no children at offset 0
1478.169 Retroactively prune action (removeblock l-9-1-8 stone)@(14,5091): no children at offset 0
1478.186 Retroactively prune reduction (place-block-abstract-3 l-9-2-8 stone stone)@(14,5091): no children at offset 0
1478.505 Retroactively prune action (__REPEATED_removeblock l-1-8-2 stone)@(14,5099): no children at offset 0
1478.505 Retroactively prune action (__REPEATED_removeblock l-1-8-0 stone)@(14,5099): no children at offset 0
1478.505 Retroactively prune action (__REPEATED_removeblock l-1-8-3 stone)@(14,5099): no children at offset 0
1478.505 Retroactively prune action (__REPEATED_removeblock l-1-8-6 stone)@(14,5099): no children at offset 0
1478.505 Retroactively prune action (__REPEATED_removeblock l-1-8-5 stone)@(14,5099): no children at offset 0
1478.505 Retroactively prune action (__REPEATED_removeblock l-1-8-4 stone)@(14,5099): no children at offset 0
1478.505 Retroactively prune action (__REPEATED_removeblock l-1-8-1 stone)@(14,5099): no children at offset 0
1478.505 Retroactively prune action (__REPEATED_removeblock l-1-8-7 stone)@(14,5099): no children at offset 0
1478.542 Retroactively prune action (__REPEATED_removeblock l-2-8-4 stone)@(14,5867): no children at offset 0
1478.542 Retroactively prune action (__REPEATED_removeblock l-2-8-1 stone)@(14,5867): no children at offset 0
1478.542 Retroactively prune action (__REPEATED_removeblock l-2-8-6 stone)@(14,5867): no children at offset 0
1478.542 Retroactively prune action (__REPEATED_removeblock l-2-8-3 stone)@(14,5867): no children at offset 0
1478.542 Retroactively prune action (removeblock l-2-8-0 stone)@(14,5867): no children at offset 0
1478.542 Retroactively prune action (__REPEATED_removeblock l-2-8-5 stone)@(14,5867): no children at offset 0
1478.542 Retroactively prune action (__REPEATED_removeblock l-2-8-7 stone)@(14,5867): no children at offset 0
1478.542 Retroactively prune action (__REPEATED_removeblock l-2-8-2 stone)@(14,5867): no children at offset 0
1478.579 Retroactively prune action (removeblock l-3-8-1 stone)@(14,6635): no children at offset 0
1478.579 Retroactively prune action (__REPEATED_removeblock l-3-8-4 stone)@(14,6635): no children at offset 0
1478.579 Retroactively prune action (__REPEATED_removeblock l-3-8-2 stone)@(14,6635): no children at offset 0
1478.579 Retroactively prune action (__REPEATED_removeblock l-3-8-3 stone)@(14,6635): no children at offset 0
1478.579 Retroactively prune action (__REPEATED_removeblock l-3-8-5 stone)@(14,6635): no children at offset 0
1478.579 Retroactively prune action (__REPEATED_removeblock l-3-8-6 stone)@(14,6635): no children at offset 0
1478.579 Retroactively prune action (__REPEATED_removeblock l-3-8-7 stone)@(14,6635): no children at offset 0
1478.580 Retroactively prune reduction (place-block-abstract-3 l-3-8-0 stone stone)@(14,6635): no children at offset 0
1478.627 Retroactively prune action (__REPEATED_removeblock l-4-8-7 stone)@(14,7147): no children at offset 0
1478.627 Retroactively prune action (__REPEATED_removeblock l-4-8-3 stone)@(14,7147): no children at offset 0
1478.627 Retroactively prune action (__REPEATED_removeblock l-4-8-6 stone)@(14,7147): no children at offset 0
1478.627 Retroactively prune action (__REPEATED_removeblock l-4-8-5 stone)@(14,7147): no children at offset 0
1478.627 Retroactively prune action (__REPEATED_removeblock l-4-8-4 stone)@(14,7147): no children at offset 0
1478.627 Retroactively prune action (removeblock l-4-8-2 stone)@(14,7147): no children at offset 0
1478.628 Retroactively prune reduction (place-block-abstract-3 l-4-8-1 stone stone)@(14,7147): no children at offset 0
1478.685 Retroactively prune action (__REPEATED_removeblock l-5-8-4 stone)@(14,7403): no children at offset 0
1478.685 Retroactively prune action (__REPEATED_removeblock l-5-8-5 stone)@(14,7403): no children at offset 0
1478.685 Retroactively prune action (removeblock l-5-8-3 stone)@(14,7403): no children at offset 0
1478.685 Retroactively prune action (__REPEATED_removeblock l-5-8-6 stone)@(14,7403): no children at offset 0
1478.685 Retroactively prune action (__REPEATED_removeblock l-5-8-7 stone)@(14,7403): no children at offset 0
1478.686 Retroactively prune reduction (place-block-abstract-3 l-5-8-2 stone stone)@(14,7403): no children at offset 0
1478.764 Retroactively prune action (__REPEATED_removeblock l-6-8-6 stone)@(14,7531): no children at offset 0
1478.764 Retroactively prune action (__REPEATED_removeblock l-6-8-5 stone)@(14,7531): no children at offset 0
1478.764 Retroactively prune action (__REPEATED_removeblock l-6-8-7 stone)@(14,7531): no children at offset 0
1478.764 Retroactively prune action (removeblock l-6-8-4 stone)@(14,7531): no children at offset 0
1478.781 Retroactively prune reduction (place-block-abstract-3 l-6-8-3 stone stone)@(14,7531): no children at offset 0
1480.444 Retroactively prune action (__REPEATED_removeblock l-7-8-7 stone)@(14,7595): no children at offset 0
1480.444 Retroactively prune action (__REPEATED_removeblock l-7-8-6 stone)@(14,7595): no children at offset 0
1480.444 Retroactively prune action (removeblock l-7-8-5 stone)@(14,7595): no children at offset 0
1480.460 Retroactively prune reduction (place-block-abstract-3 l-7-8-4 stone stone)@(14,7595): no children at offset 0
1481.326 Retroactively prune action (removeblock l-8-8-6 stone)@(14,7627): no children at offset 0
1481.326 Retroactively prune action (__REPEATED_removeblock l-8-8-7 stone)@(14,7627): no children at offset 0
1481.343 Retroactively prune reduction (place-block-abstract-3 l-8-8-5 stone stone)@(14,7627): no children at offset 0
1481.816 Retroactively prune action (removeblock l-9-8-7 stone)@(14,7643): no children at offset 0
1481.832 Retroactively prune reduction (place-block-abstract-3 l-9-8-6 stone stone)@(14,7643): no children at offset 0
1482.127 Retroactively prune action (__REPEATED_removeblock l-1-6-0 stone)@(14,7651): no children at offset 0
1482.127 Retroactively prune action (__REPEATED_removeblock l-1-2-0 stone)@(14,7651): no children at offset 0
1482.127 Retroactively prune action (__REPEATED_removeblock l-1-5-0 stone)@(14,7651): no children at offset 0
1482.127 Retroactively prune action (__REPEATED_removeblock l-1-3-0 stone)@(14,7651): no children at offset 0
1482.127 Retroactively prune action (__REPEATED_removeblock l-1-7-0 stone)@(14,7651): no children at offset 0
1482.127 Retroactively prune action (__REPEATED_removeblock l-1-4-0 stone)@(14,7651): no children at offset 0
1482.127 Retroactively prune action (__REPEATED_removeblock l-1-1-0 stone)@(14,7651): no children at offset 0
1482.164 Retroactively prune action (__REPEATED_removeblock l-2-4-0 stone)@(14,8419): no children at offset 0
1482.164 Retroactively prune action (__REPEATED_removeblock l-2-7-0 stone)@(14,8419): no children at offset 0
1482.164 Retroactively prune action (__REPEATED_removeblock l-2-3-0 stone)@(14,8419): no children at offset 0
1482.164 Retroactively prune action (__REPEATED_removeblock l-2-5-0 stone)@(14,8419): no children at offset 0
1482.164 Retroactively prune action (__REPEATED_removeblock l-2-2-0 stone)@(14,8419): no children at offset 0
1482.164 Retroactively prune action (__REPEATED_removeblock l-2-1-0 stone)@(14,8419): no children at offset 0
1482.164 Retroactively prune action (__REPEATED_removeblock l-2-6-0 stone)@(14,8419): no children at offset 0
1482.201 Retroactively prune action (removeblock l-3-1-0 stone)@(14,9187): no children at offset 0
1482.201 Retroactively prune action (__REPEATED_removeblock l-3-7-0 stone)@(14,9187): no children at offset 0
1482.201 Retroactively prune action (__REPEATED_removeblock l-3-2-0 stone)@(14,9187): no children at offset 0
1482.201 Retroactively prune action (__REPEATED_removeblock l-3-6-0 stone)@(14,9187): no children at offset 0
1482.201 Retroactively prune action (__REPEATED_removeblock l-3-4-0 stone)@(14,9187): no children at offset 0
1482.201 Retroactively prune action (__REPEATED_removeblock l-3-3-0 stone)@(14,9187): no children at offset 0
1482.201 Retroactively prune action (__REPEATED_removeblock l-3-5-0 stone)@(14,9187): no children at offset 0
1482.253 Retroactively prune action (__REPEATED_removeblock l-4-6-0 stone)@(14,9699): no children at offset 0
1482.253 Retroactively prune action (__REPEATED_removeblock l-4-3-0 stone)@(14,9699): no children at offset 0
1482.253 Retroactively prune action (removeblock l-4-2-0 stone)@(14,9699): no children at offset 0
1482.253 Retroactively prune action (__REPEATED_removeblock l-4-5-0 stone)@(14,9699): no children at offset 0
1482.253 Retroactively prune action (__REPEATED_removeblock l-4-7-0 stone)@(14,9699): no children at offset 0
1482.253 Retroactively prune action (__REPEATED_removeblock l-4-4-0 stone)@(14,9699): no children at offset 0
1482.254 Retroactively prune reduction (place-block-abstract-3 l-4-1-0 stone stone)@(14,9699): no children at offset 0
1482.311 Retroactively prune action (__REPEATED_removeblock l-5-6-0 stone)@(14,9955): no children at offset 0
1482.311 Retroactively prune action (__REPEATED_removeblock l-5-4-0 stone)@(14,9955): no children at offset 0
1482.311 Retroactively prune action (__REPEATED_removeblock l-5-5-0 stone)@(14,9955): no children at offset 0
1482.311 Retroactively prune action (__REPEATED_removeblock l-5-7-0 stone)@(14,9955): no children at offset 0
1482.311 Retroactively prune action (removeblock l-5-3-0 stone)@(14,9955): no children at offset 0
1482.312 Retroactively prune reduction (place-block-abstract-3 l-5-2-0 stone stone)@(14,9955): no children at offset 0
1482.388 Retroactively prune action (removeblock l-6-4-0 stone)@(14,10083): no children at offset 0
1482.388 Retroactively prune action (__REPEATED_removeblock l-6-5-0 stone)@(14,10083): no children at offset 0
1482.388 Retroactively prune action (__REPEATED_removeblock l-6-6-0 stone)@(14,10083): no children at offset 0
1482.388 Retroactively prune action (__REPEATED_removeblock l-6-7-0 stone)@(14,10083): no children at offset 0
1482.404 Retroactively prune reduction (place-block-abstract-3 l-6-3-0 stone stone)@(14,10083): no children at offset 0
1484.070 Retroactively prune action (__REPEATED_removeblock l-7-6-0 stone)@(14,10147): no children at offset 0
1484.071 Retroactively prune action (removeblock l-7-5-0 stone)@(14,10147): no children at offset 0
1484.071 Retroactively prune action (__REPEATED_removeblock l-7-7-0 stone)@(14,10147): no children at offset 0
1484.086 Retroactively prune reduction (place-block-abstract-3 l-7-4-0 stone stone)@(14,10147): no children at offset 0
1484.933 Retroactively prune action (__REPEATED_removeblock l-8-7-0 stone)@(14,10179): no children at offset 0
1484.933 Retroactively prune action (removeblock l-8-6-0 stone)@(14,10179): no children at offset 0
1484.948 Retroactively prune reduction (place-block-abstract-3 l-8-5-0 stone stone)@(14,10179): no children at offset 0
1485.417 Retroactively prune action (removeblock l-9-7-0 stone)@(14,10195): no children at offset 0
1485.432 Retroactively prune reduction (place-block-abstract-3 l-9-6-0 stone stone)@(14,10195): no children at offset 0
1485.732 Retroactively prune action (__REPEATED_removeblock l-10-0-7 stone)@(14,10205): no children at offset 0
1485.732 Retroactively prune action (__REPEATED_removeblock l-10-0-5 stone)@(14,10205): no children at offset 0
1485.732 Retroactively prune action (__REPEATED_removeblock l-10-0-6 stone)@(14,10205): no children at offset 0
1485.732 Retroactively prune action (__REPEATED_removeblock l-10-0-8 stone)@(14,10205): no children at offset 0
1485.732 Retroactively prune action (__REPEATED_removeblock l-10-0-4 stone)@(14,10205): no children at offset 0
1485.732 Retroactively prune action (__REPEATED_removeblock l-10-0-2 stone)@(14,10205): no children at offset 0
1485.732 Retroactively prune action (__REPEATED_removeblock l-10-0-0 stone)@(14,10205): no children at offset 0
1485.732 Retroactively prune action (__REPEATED_removeblock l-10-0-3 stone)@(14,10205): no children at offset 0
1485.732 Retroactively prune action (__REPEATED_removeblock l-10-0-1 stone)@(14,10205): no children at offset 0
1485.772 Retroactively prune action (__REPEATED_removeblock l-10-1-5 stone)@(14,10973): no children at offset 0
1485.772 Retroactively prune action (__REPEATED_removeblock l-10-1-3 stone)@(14,10973): no children at offset 0
1485.772 Retroactively prune action (__REPEATED_removeblock l-10-1-2 stone)@(14,10973): no children at offset 0
1485.772 Retroactively prune action (__REPEATED_removeblock l-10-1-4 stone)@(14,10973): no children at offset 0
1485.772 Retroactively prune action (removeblock l-10-1-8 stone)@(14,10973): no children at offset 0
1485.772 Retroactively prune action (__REPEATED_removeblock l-10-1-7 stone)@(14,10973): no children at offset 0
1485.772 Retroactively prune action (__REPEATED_removeblock l-10-1-0 stone)@(14,10973): no children at offset 0
1485.772 Retroactively prune action (__REPEATED_removeblock l-10-1-1 stone)@(14,10973): no children at offset 0
1485.772 Retroactively prune action (__REPEATED_removeblock l-10-1-6 stone)@(14,10973): no children at offset 0
1485.808 Retroactively prune action (__REPEATED_removeblock l-10-2-5 stone)@(14,11741): no children at offset 0
1485.809 Retroactively prune action (__REPEATED_removeblock l-10-2-6 stone)@(14,11741): no children at offset 0
1485.809 Retroactively prune action (__REPEATED_removeblock l-10-2-0 stone)@(14,11741): no children at offset 0
1485.809 Retroactively prune action (__REPEATED_removeblock l-10-2-2 stone)@(14,11741): no children at offset 0
1485.809 Retroactively prune action (removeblock l-10-2-7 stone)@(14,11741): no children at offset 0
1485.809 Retroactively prune action (__REPEATED_removeblock l-10-2-3 stone)@(14,11741): no children at offset 0
1485.809 Retroactively prune action (__REPEATED_removeblock l-10-2-1 stone)@(14,11741): no children at offset 0
1485.809 Retroactively prune action (__REPEATED_removeblock l-10-2-4 stone)@(14,11741): no children at offset 0
1485.810 Retroactively prune reduction (place-block-abstract-3 l-10-2-8 stone stone)@(14,11741): no children at offset 0
1485.858 Retroactively prune action (__REPEATED_removeblock l-10-3-4 stone)@(14,12253): no children at offset 0
1485.858 Retroactively prune action (__REPEATED_removeblock l-10-3-1 stone)@(14,12253): no children at offset 0
1485.858 Retroactively prune action (__REPEATED_removeblock l-10-3-5 stone)@(14,12253): no children at offset 0
1485.858 Retroactively prune action (__REPEATED_removeblock l-10-3-0 stone)@(14,12253): no children at offset 0
1485.858 Retroactively prune action (removeblock l-10-3-6 stone)@(14,12253): no children at offset 0
1485.858 Retroactively prune action (__REPEATED_removeblock l-10-3-3 stone)@(14,12253): no children at offset 0
1485.858 Retroactively prune action (__REPEATED_removeblock l-10-3-2 stone)@(14,12253): no children at offset 0
1485.860 Retroactively prune reduction (place-block-abstract-3 l-10-3-7 stone stone)@(14,12253): no children at offset 0
1485.920 Retroactively prune action (__REPEATED_removeblock l-10-4-4 stone)@(14,12509): no children at offset 0
1485.920 Retroactively prune action (removeblock l-10-4-5 stone)@(14,12509): no children at offset 0
1485.920 Retroactively prune action (__REPEATED_removeblock l-10-4-3 stone)@(14,12509): no children at offset 0
1485.920 Retroactively prune action (__REPEATED_removeblock l-10-4-2 stone)@(14,12509): no children at offset 0
1485.920 Retroactively prune action (__REPEATED_removeblock l-10-4-0 stone)@(14,12509): no children at offset 0
1485.920 Retroactively prune action (__REPEATED_removeblock l-10-4-1 stone)@(14,12509): no children at offset 0
1485.922 Retroactively prune reduction (place-block-abstract-3 l-10-4-6 stone stone)@(14,12509): no children at offset 0
1486.001 Retroactively prune action (__REPEATED_removeblock l-10-5-3 stone)@(14,12637): no children at offset 0
1486.001 Retroactively prune action (__REPEATED_removeblock l-10-5-2 stone)@(14,12637): no children at offset 0
1486.001 Retroactively prune action (__REPEATED_removeblock l-10-5-1 stone)@(14,12637): no children at offset 0
1486.001 Retroactively prune action (removeblock l-10-5-4 stone)@(14,12637): no children at offset 0
1486.001 Retroactively prune action (__REPEATED_removeblock l-10-5-0 stone)@(14,12637): no children at offset 0
1486.016 Retroactively prune reduction (place-block-abstract-3 l-10-5-5 stone stone)@(14,12637): no children at offset 0
1487.683 Retroactively prune action (__REPEATED_removeblock l-10-6-1 stone)@(14,12701): no children at offset 0
1487.683 Retroactively prune action (__REPEATED_removeblock l-10-6-0 stone)@(14,12701): no children at offset 0
1487.683 Retroactively prune action (removeblock l-10-6-3 stone)@(14,12701): no children at offset 0
1487.683 Retroactively prune action (__REPEATED_removeblock l-10-6-2 stone)@(14,12701): no children at offset 0
1487.699 Retroactively prune reduction (place-block-abstract-3 l-10-6-4 stone stone)@(14,12701): no children at offset 0
1488.569 Retroactively prune action (__REPEATED_removeblock l-10-7-1 stone)@(14,12733): no children at offset 0
1488.569 Retroactively prune action (removeblock l-10-7-2 stone)@(14,12733): no children at offset 0
1488.569 Retroactively prune action (__REPEATED_removeblock l-10-7-0 stone)@(14,12733): no children at offset 0
1488.584 Retroactively prune reduction (place-block-abstract-3 l-10-7-3 stone stone)@(14,12733): no children at offset 0
1489.073 Retroactively prune action (__REPEATED_removeblock l-10-8-0 stone)@(14,12749): no children at offset 0
1489.073 Retroactively prune action (removeblock l-10-8-1 stone)@(14,12749): no children at offset 0
1489.088 Retroactively prune reduction (place-block-abstract-3 l-10-8-2 stone stone)@(14,12749): no children at offset 0
1489.450 Collected 628 relevant facts at this layer
1489.450 Encoding ...
1496.073 Attempting to solve formula with 3848179 clauses (8556865 literals) and 3756 assumptions
1496.083 Unsolvable at layer 15 -- expanding.
1496.083 Iteration 16.
1496.103 New layer size: 20307
1496.103 Instantiating ...
1513.771 Collected 670 relevant facts at this layer
1513.771 Encoding ...
1522.311 Attempting to solve formula with 4788911 clauses (10569164 literals) and 3676 assumptions
1522.321 Unsolvable at layer 16 -- expanding.
1522.321 Iteration 17.
1522.344 New layer size: 23978
1522.344 Instantiating ...
1537.495 Collected 702 relevant facts at this layer
1537.495 Encoding ...
1547.683 Attempting to solve formula with 5764989 clauses (12648555 literals) and 3516 assumptions
1547.693 Unsolvable at layer 17 -- expanding.
1547.693 Iteration 18.
1547.720 New layer size: 27489
1547.720 Instantiating ...
1558.633 Collected 724 relevant facts at this layer
1558.633 Encoding ...
1570.500 Attempting to solve formula with 6753562 clauses (14745779 literals) and 3196 assumptions
1570.510 Unsolvable at layer 18 -- expanding.
1570.510 Iteration 19.
1570.540 New layer size: 30680
1570.540 Instantiating ...
1573.331 Collected 736 relevant facts at this layer
1573.331 Encoding ...
1586.537 Attempting to solve formula with 7714612 clauses (16773298 literals) and 2556 assumptions
1586.548 Unsolvable at layer 19 -- expanding.
1586.548 Iteration 20.
1586.580 New layer size: 33231
1586.580 Instantiating ...
1589.155 Collected 738 relevant facts at this layer
1589.155 Encoding ...
1594.995 Termination signal caught.
1594.995 Total amount of clauses encoded: 8071772
1594.995 - atmostoneelement : 2807646 cls
1594.995 - directframeaxioms : 2772372 cls
1594.995 - expansions : 971376 cls
1594.995 - predecessors : 817953 cls
1594.995 - actionconstraints : 337962 cls
1594.995 - actioneffects : 193348 cls
1594.995 - reductionconstraints : 168719 cls
1594.995 - forbiddenoperations : 1656 cls
1594.995 - truefacts : 738 cls
1594.995 - axiomaticops : 2 cls
1594.995 # instantiated positions: 184193
1594.995 # instantiated actions: 796310
1594.995 # instantiated reductions: 103174
1594.995 # introduced pseudo-constants: 0
1594.995 # retroactive prunings: 226
1594.995 # retroactively pruned operations: 1656
1594.995 # dominated operations: 0
1594.995 # total invalid rigid preconditions found in getPFC: 163028
1594.995 # invalid rigid preconditions found in getPFC: 119252
1594.995 # invalid rigid preconditions found in getPFC in varrestrictions: 43776
1594.995 # total invalid fluent preconditions found in getPFC: 3438
1594.995 # invalid fluent preconditions found in getPFC: 1719
1594.995 # invalid fluent preconditions found in getPFC in varrestrictions: 1719
1594.995 # invalid fluent preconditions found in getPFC via postconditions: 0
1594.995 # invalid subtasks found in getPFC: 0
1594.995 # number effects in operation fact_frames: 120
1594.995 # number of variables restricted: 506368
1594.995 Exiting happily.

RUNWATCH_RESULT MEMOUT RETVAL 0 TIME_SECS 1596.47 MEMPEAK_KBS 16004196
