    _           _         _
   \ |         \ |       | |                       
   | |     __  | |      _| |______                
   | |     \/  | |     /_   ______\                
   | |      _  | |   __  | |  ___   ___   ___       
   | |___  | | | |  / .\ | | / , | |   \ / ·_\    
   \_____\ |_| |__\ \__/ |_| \___) |_|_| \___\  
[39mL i l o t a n e  version rls-glucose4
by Dominik Schreiber <dominik.schreiber@kit.edu> 2020-2021
using SAT solver glucose4

0.063 Parser finished.
0.064 Structures extracted.
0.078 312 operators and 305 methods created.
1.848 Mined 582 new reduction preconditions (+90.1%).
1.848 Iteration 0.
1.848 Creating initial layer of size 2
2.036 Attempting to solve formula with 3 clauses (3 literals) and 1 assumptions
2.036 Unsolvable at layer 0 -- expanding.
2.036 Iteration 1.
2.036 New layer size: 5
2.036 Instantiating ...
2.630 Collected 9 relevant facts at this layer
2.630 Encoding ...
2.637 Attempting to solve formula with 145 clauses (347 literals) and 4 assumptions
2.637 Unsolvable at layer 1 -- expanding.
2.637 Iteration 2.
2.637 New layer size: 9
2.637 Instantiating ...
6.477 Collected 279 relevant facts at this layer
6.477 Encoding ...
6.499 Attempting to solve formula with 44470 clauses (97683 literals) and 4 assumptions
6.499 Unsolvable at layer 2 -- expanding.
6.499 Iteration 3.
6.499 New layer size: 13
6.499 Instantiating ...
13.116 Collected 559 relevant facts at this layer
13.116 Encoding ...
13.160 Attempting to solve formula with 121071 clauses (275201 literals) and 8 assumptions
13.161 Unsolvable at layer 3 -- expanding.
13.161 Iteration 4.
13.161 New layer size: 39
13.161 Instantiating ...
22.784 Collected 1004 relevant facts at this layer
22.784 Encoding ...
22.921 Attempting to solve formula with 260902 clauses (642464 literals) and 19 assumptions
22.924 Unsolvable at layer 4 -- expanding.
22.924 Iteration 5.
22.924 New layer size: 90
22.924 Instantiating ...
46.512 Collected 2396 relevant facts at this layer
46.512 Encoding ...
47.006 Attempting to solve formula with 837405 clauses (2150859 literals) and 35 assumptions
47.128 Unsolvable at layer 5 -- expanding.
47.128 Iteration 6.
47.128 New layer size: 157
47.128 Instantiating ...
107.154 Collected 2396 relevant facts at this layer
107.154 Encoding ...
108.230 Attempting to solve formula with 2257293 clauses (5774832 literals) and 62 assumptions
108.351 Unsolvable at layer 6 -- expanding.
108.351 Iteration 7.
108.351 New layer size: 292
108.351 Instantiating ...
222.648 Collected 3292 relevant facts at this layer
222.648 Encoding ...
224.964 Attempting to solve formula with 5248985 clauses (13894890 literals) and 120 assumptions
225.255 Unsolvable at layer 7 -- expanding.
225.255 Iteration 8.
225.255 New layer size: 590
225.255 Instantiating ...
426.559 Collected 4332 relevant facts at this layer
426.559 Encoding ...
433.639 Attempting to solve formula with 12354932 clauses (34580667 literals) and 237 assumptions
435.096 Unsolvable at layer 8 -- expanding.
435.096 Iteration 9.
435.096 New layer size: 1149
435.096 Instantiating ...
854.794 Collected 4332 relevant facts at this layer
854.794 Encoding ...
871.016 Attempting to solve formula with 28080965 clauses (80990094 literals) and 444 assumptions
877.480 Unsolvable at layer 9 -- expanding.
877.480 Iteration 10.
877.481 New layer size: 2133
877.481 Instantiating ...
1774.564 Collected 4332 relevant facts at this layer
1774.564 Encoding ...
1800.005 Termination signal caught.
1800.005 Total amount of clauses encoded: 50763880
1800.005 - reductionconstraints : 19036039 cls
1800.005 - directframeaxioms : 16886546 cls
1800.005 - qfactsemantics : 7201795 cls
1800.005 - indirectframeaxioms : 5226807 cls
1800.005 - substitutionconstraints : 1066505 cls
1800.005 - atmostoneelement : 760519 cls
1800.005 - qconstequality : 278501 cls
1800.005 - expansions : 136506 cls
1800.005 - predecessors : 81055 cls
1800.005 - actionconstraints : 55840 cls
1800.005 - actioneffects : 29433 cls
1800.005 - truefacts : 4332 cls
1800.005 - axiomaticops : 2 cls
1800.005 # instantiated positions: 4478
1800.005 # instantiated actions: 41533
1800.005 # instantiated reductions: 51857
1800.005 # introduced pseudo-constants: 14917
1800.005 # retroactive prunings: 17
1800.005 # retroactively pruned operations: 17
1800.005 # dominated operations: 5760
1800.005 # total invalid rigid preconditions found in getPFC: 91558
1800.005 # invalid rigid preconditions found in getPFC: 0
1800.005 # invalid rigid preconditions found in getPFC in varrestrictions: 91558
1800.005 # total invalid fluent preconditions found in getPFC: 3206841
1800.005 # invalid fluent preconditions found in getPFC: 36844
1800.005 # invalid fluent preconditions found in getPFC in varrestrictions: 0
1800.005 # invalid fluent preconditions found in getPFC via postconditions: 3169997
1800.005 # invalid subtasks found in getPFC: 17
1800.005 # number effects in operation fact_frames: 14208
1800.005 Exiting happily.

RUNWATCH_RESULT TIMEOUT RETVAL 0 TIME_SECS 1800.72 MEMPEAK_KBS 11807160
