    _           _         _
   \ |         \ |       | |                       
   | |     __  | |      _| |______                
   | |     \/  | |     /_   ______\                
   | |      _  | |   __  | |  ___   ___   ___       
   | |___  | | | |  / .\ | | / , | |   \ / ·_\    
   \_____\ |_| |__\ \__/ |_| \___) |_|_| \___\  
[39mL i l o t a n e  version rls-glucose4
by Dominik Schreiber <dominik.schreiber@kit.edu> 2020-2021
using SAT solver glucose4

0.008 Parser finished.
0.008 Structures extracted.
0.008 20 operators and 16 methods created.
0.027 Mined 11 new reduction preconditions (+15.7%).
0.027 Iteration 0.
0.027 Creating initial layer of size 2
0.041 Attempting to solve formula with 93 clauses (138 literals) and 1 assumptions
0.041 Unsolvable at layer 0 -- expanding.
0.041 Iteration 1.
0.041 New layer size: 3
0.041 Instantiating ...
0.088 Collected 1760 relevant facts at this layer
0.088 Encoding ...
0.098 Attempting to solve formula with 14090 clauses (33866 literals) and 2 assumptions
0.099 Unsolvable at layer 1 -- expanding.
0.099 Iteration 2.
0.099 New layer size: 5
0.099 Instantiating ...
0.190 Collected 1806 relevant facts at this layer
0.190 Encoding ...
0.213 Attempting to solve formula with 47949 clauses (127997 literals) and 2 assumptions
0.213 Unsolvable at layer 2 -- expanding.
0.213 Iteration 3.
0.213 New layer size: 11
0.213 Instantiating ...
0.374 Collected 1842 relevant facts at this layer
0.374 Encoding ...
0.438 Attempting to solve formula with 127786 clauses (362484 literals) and 4 assumptions
0.441 Unsolvable at layer 3 -- expanding.
0.441 Iteration 4.
0.441 New layer size: 19
0.441 Instantiating ...
0.732 Collected 1842 relevant facts at this layer
0.732 Encoding ...
0.857 Attempting to solve formula with 261120 clauses (756185 literals) and 6 assumptions
0.862 Unsolvable at layer 4 -- expanding.
0.863 Iteration 5.
0.863 New layer size: 33
0.863 Instantiating ...
1.352 Collected 1842 relevant facts at this layer
1.352 Encoding ...
1.569 Attempting to solve formula with 487706 clauses (1432570 literals) and 10 assumptions
1.596 Unsolvable at layer 5 -- expanding.
1.596 Iteration 6.
1.596 New layer size: 55
1.596 Instantiating ...
2.449 Collected 1842 relevant facts at this layer
2.449 Encoding ...
2.883 Attempting to solve formula with 858973 clauses (2544269 literals) and 16 assumptions
2.954 Unsolvable at layer 6 -- expanding.
2.954 Iteration 7.
2.954 New layer size: 91
2.954 Instantiating ...
4.356 Collected 1842 relevant facts at this layer
4.356 Encoding ...
5.091 Attempting to solve formula with 1468104 clauses (4373563 literals) and 26 assumptions
5.243 Unsolvable at layer 7 -- expanding.
5.243 Iteration 8.
5.243 New layer size: 149
5.243 Instantiating ...
7.550 Collected 1842 relevant facts at this layer
7.550 Encoding ...
8.610 Attempting to solve formula with 2459779 clauses (7355763 literals) and 42 assumptions
8.845 Unsolvable at layer 8 -- expanding.
8.845 Iteration 9.
8.845 New layer size: 243
8.845 Instantiating ...
12.763 Collected 1842 relevant facts at this layer
12.763 Encoding ...
14.681 Attempting to solve formula with 4071862 clauses (12208464 literals) and 68 assumptions
15.024 Unsolvable at layer 9 -- expanding.
15.024 Iteration 10.
15.024 New layer size: 395
15.024 Instantiating ...
21.636 Collected 1842 relevant facts at this layer
21.636 Encoding ...
24.605 Attempting to solve formula with 6686897 clauses (20084572 literals) and 110 assumptions
25.366 Unsolvable at layer 10 -- expanding.
25.366 Iteration 11.
25.366 New layer size: 641
25.366 Instantiating ...
36.021 Collected 1842 relevant facts at this layer
36.021 Encoding ...
41.173 Attempting to solve formula with 10925292 clauses (32854588 literals) and 178 assumptions
43.694 Unsolvable at layer 11 -- expanding.
43.694 Iteration 12.
43.694 New layer size: 1039
43.694 Instantiating ...
61.584 Collected 1842 relevant facts at this layer
61.584 Encoding ...
69.652 Attempting to solve formula with 17789999 clauses (53541919 literals) and 288 assumptions
75.413 Unsolvable at layer 12 -- expanding.
75.413 Iteration 13.
75.414 New layer size: 1683
75.414 Instantiating ...
104.251 Collected 1842 relevant facts at this layer
104.251 Encoding ...
117.925 Attempting to solve formula with 28904378 clauses (87040473 literals) and 466 assumptions
131.742 Unsolvable at layer 13 -- expanding.
131.742 Iteration 14.
131.744 New layer size: 2725
131.744 Instantiating ...
177.352 Collected 1842 relevant facts at this layer
177.352 Encoding ...
199.353 Attempting to solve formula with 46894741 clauses (141267565 literals) and 754 assumptions
231.068 Unsolvable at layer 14 -- expanding.
231.068 Iteration 15.
231.070 New layer size: 4411
231.070 Instantiating ...
295.013 Termination signal caught.
295.013 Total amount of clauses encoded: 46894741
295.013 - reductionconstraints : 14704990 cls
295.013 - directframeaxioms : 14135234 cls
295.013 - qfactsemantics : 9293316 cls
295.013 - indirectframeaxioms : 7116653 cls
295.013 - actionconstraints : 966610 cls
295.013 - qconstequality : 236402 cls
295.013 - substitutionconstraints : 189928 cls
295.013 - atmostoneelement : 131720 cls
295.013 - expansions : 50899 cls
295.013 - predecessors : 42936 cls
295.013 - actioneffects : 24209 cls
295.013 - truefacts : 1842 cls
295.013 - axiomaticops : 2 cls
295.013 # instantiated positions: 10938
295.013 # instantiated actions: 45467
295.013 # instantiated reductions: 20797
295.013 # introduced pseudo-constants: 9062
295.013 # retroactive prunings: 0
295.013 # retroactively pruned operations: 0
295.013 # dominated operations: 2
295.013 # total invalid rigid preconditions found in getPFC: 0
295.013 # invalid rigid preconditions found in getPFC: 0
295.013 # invalid rigid preconditions found in getPFC in varrestrictions: 0
295.013 # total invalid fluent preconditions found in getPFC: 0
295.013 # invalid fluent preconditions found in getPFC: 0
295.013 # invalid fluent preconditions found in getPFC in varrestrictions: 0
295.013 # invalid fluent preconditions found in getPFC via postconditions: 0
295.013 # invalid subtasks found in getPFC: 0
295.013 # number effects in operation fact_frames: 226
295.013 # number of variables restricted: 0
295.013 # number of nodes variables restricted: 0
295.013 Exiting happily.

RUNWATCH_RESULT MEMOUT RETVAL 0 TIME_SECS 296.126 MEMPEAK_KBS 16072184
