    _           _         _
   \ |         \ |       | |                       
   | |     __  | |      _| |______                
   | |     \/  | |     /_   ______\                
   | |      _  | |   __  | |  ___   ___   ___       
   | |___  | | | |  / .\ | | / , | |   \ / ·_\    
   \_____\ |_| |__\ \__/ |_| \___) |_|_| \___\  
[39mL i l o t a n e  version rls-cadical
by Dominik Schreiber <dominik.schreiber@kit.edu> 2020-2021
using SAT solver cadical

0.004 Parser finished.
0.004 Structures extracted.
0.005 19 operators and 12 methods created.
0.013 Mined 0 new reduction preconditions (+0.0%).
0.013 Iteration 0.
0.013 Creating initial layer of size 2
0.014 Attempting to solve formula with 3 clauses (3 literals) and 1 assumptions
0.014 Unsolvable at layer 0 -- expanding.
0.014 Iteration 1.
0.014 New layer size: 2
0.014 Instantiating ...
0.016 Collected 0 relevant facts at this layer
0.016 Encoding ...
0.016 Attempting to solve formula with 8 clauses (12 literals) and 1 assumptions
0.016 Unsolvable at layer 1 -- expanding.
0.016 Iteration 2.
0.016 New layer size: 3
0.016 Instantiating ...
0.019 Collected 4 relevant facts at this layer
0.019 Encoding ...
0.019 Attempting to solve formula with 33 clauses (61 literals) and 1 assumptions
0.019 Unsolvable at layer 2 -- expanding.
0.019 Iteration 3.
0.019 New layer size: 5
0.019 Instantiating ...
0.029 Collected 31 relevant facts at this layer
0.029 Encoding ...
0.029 Attempting to solve formula with 261 clauses (631 literals) and 3 assumptions
0.030 Unsolvable at layer 3 -- expanding.
0.030 Iteration 4.
0.030 New layer size: 9
0.030 Instantiating ...
0.046 Collected 52 relevant facts at this layer
0.046 Encoding ...
0.047 Attempting to solve formula with 833 clauses (2280 literals) and 4 assumptions
0.047 Unsolvable at layer 4 -- expanding.
0.047 Iteration 5.
0.047 New layer size: 14
0.047 Instantiating ...
0.075 Collected 76 relevant facts at this layer
0.075 Encoding ...
0.077 Attempting to solve formula with 2123 clauses (6097 literals) and 6 assumptions
0.077 Unsolvable at layer 5 -- expanding.
0.077 Iteration 6.
0.077 New layer size: 25
0.077 Instantiating ...
0.123 Collected 79 relevant facts at this layer
0.123 Encoding ...
0.127 Attempting to solve formula with 4887 clauses (14239 literals) and 11 assumptions
0.127 Unsolvable at layer 6 -- expanding.
0.127 Iteration 7.
0.127 New layer size: 43
0.127 Instantiating ...
0.216 Collected 83 relevant facts at this layer
0.216 Encoding ...
0.222 Attempting to solve formula with 9741 clauses (28161 literals) and 21 assumptions
0.222 Unsolvable at layer 7 -- expanding.
0.222 Iteration 8.
0.222 New layer size: 76
0.222 Instantiating ...
0.373 Collected 83 relevant facts at this layer
0.373 Encoding ...
0.385 Attempting to solve formula with 18106 clauses (52452 literals) and 35 assumptions
0.385 Unsolvable at layer 8 -- expanding.
0.385 Iteration 9.
0.385 New layer size: 127
0.385 Instantiating ...
0.633 Collected 83 relevant facts at this layer
0.634 Encoding ...
0.654 Attempting to solve formula with 32129 clauses (93337 literals) and 56 assumptions
0.654 Unsolvable at layer 9 -- expanding.
0.654 Iteration 10.
0.654 New layer size: 217
0.654 Instantiating ...
1.067 Collected 83 relevant facts at this layer
1.067 Encoding ...
1.105 Attempting to solve formula with 57328 clauses (166971 literals) and 98 assumptions
1.109 Unsolvable at layer 10 -- expanding.
1.109 Iteration 11.
1.109 New layer size: 369
1.109 Instantiating ...
1.837 Collected 83 relevant facts at this layer
1.838 Encoding ...
1.897 Attempting to solve formula with 100395 clauses (292021 literals) and 164 assumptions
1.904 Unsolvable at layer 11 -- expanding.
1.904 Iteration 12.
1.905 New layer size: 625
1.905 Instantiating ...
3.113 Collected 83 relevant facts at this layer
3.113 Encoding ...
3.218 Attempting to solve formula with 173192 clauses (505059 literals) and 275 assumptions
3.252 Unsolvable at layer 12 -- expanding.
3.252 Iteration 13.
3.253 New layer size: 1052
3.253 Instantiating ...
5.285 Collected 83 relevant facts at this layer
5.285 Encoding ...
5.459 Attempting to solve formula with 295554 clauses (863646 literals) and 460 assumptions
5.570 Unsolvable at layer 13 -- expanding.
5.570 Iteration 14.
5.572 New layer size: 1774
5.572 Instantiating ...
8.979 Collected 83 relevant facts at this layer
8.979 Encoding ...
9.293 Attempting to solve formula with 503957 clauses (1473736 literals) and 784 assumptions
10.030 Unsolvable at layer 14 -- expanding.
10.030 Iteration 15.
10.031 New layer size: 2988
10.031 Instantiating ...
17.064 Collected 83 relevant facts at this layer
17.064 Encoding ...
17.590 Attempting to solve formula with 853707 clauses (2497155 literals) and 1301 assumptions
24.411 Unsolvable at layer 15 -- expanding.
24.411 Iteration 16.
24.412 New layer size: 5014
24.412 Instantiating ...
38.544 Collected 83 relevant facts at this layer
38.544 Encoding ...
39.567 Attempting to solve formula with 1439583 clauses (4214532 literals) and 2190 assumptions
47.749 Found a solution at layer 16.
==>
186502 produce-without-demands resource_0 factory_0 location_0
193549 pickup resource_0 location_0
193552 move location_0 location_1
193555 move location_1 location_2
193557 move location_2 location_3
193597 drop resource_0 location_3
193601 produce-without-demands resource_0 factory_0 location_0
194990 move location_3 location_2
194994 move location_2 location_1
194997 move location_1 location_0
195028 pickup resource_0 location_0
195031 move location_0 location_1
195033 move location_1 location_2
195037 move location_2 location_1
195040 move location_1 location_2
195067 drop resource_0 location_2
195070 construct factory_1 resource_0 location_2
197857 produce-without-demands resource_0 factory_0 location_0
202032 move location_2 location_1
202035 move location_1 location_0
202072 pickup resource_0 location_0
202075 move location_0 location_1
202077 move location_1 location_2
202114 drop resource_0 location_2
202117 produce resource_1 resource_0 factory_1 location_2
202166 pickup resource_1 location_2
202169 move location_2 location_3
202171 move location_3 location_2
202175 move location_2 location_3
202178 move location_3 location_2
202180 move location_2 location_1
202184 move location_1 location_2
202187 move location_2 location_3
202214 drop resource_1 location_3
202216 fuse resource_f_3_0 resource_0 resource_1 location_3
202220 produce-without-demands resource_0 factory_0 location_0
203085 move location_3 location_2
203088 move location_2 location_1
203091 move location_1 location_0
203119 pickup resource_0 location_0
203122 move location_0 location_1
203124 move location_1 location_0
203128 move location_0 location_1
203155 drop resource_0 location_1
203161 produce-without-demands resource_0 factory_0 location_0
204031 move location_1 location_0
204034 move location_0 location_1
204037 move location_1 location_0
204065 pickup resource_0 location_0
204068 move location_0 location_1
204071 move location_1 location_0
204073 move location_0 location_1
204101 drop resource_0 location_1
204105 fuse resource_f_2_0 resource_0 resource_0 location_1
204929 produce-without-demands resource_0 factory_0 location_0
205720 move location_1 location_0
205752 pickup resource_0 location_0
205755 move location_0 location_1
205759 move location_1 location_2
205787 drop resource_0 location_2
205790 produce resource_1 resource_0 factory_1 location_2
205793 move location_2 location_1
205796 move location_1 location_2
205829 pickup resource_1 location_2
205833 move location_2 location_3
205836 move location_3 location_2
205838 move location_2 location_1
205869 drop resource_1 location_1
205873 fuse resource_f_2_1 resource_f_2_0 resource_1 location_1
205876 construct factory_2 resource_f_2_1 location_1
207173 produce-without-demands resource_0 factory_0 location_0
208564 move location_1 location_2
208568 move location_2 location_1
208571 move location_1 location_0
208602 pickup resource_0 location_0
208605 move location_0 location_1
208641 drop resource_0 location_1
208937 produce-without-demands resource_0 factory_0 location_0
210367 pickup resource_0 location_1
210370 move location_1 location_2
210372 move location_2 location_3
210376 move location_3 location_2
210379 move location_2 location_1
210406 drop resource_0 location_1
210409 fuse resource_f_2_0 resource_0 resource_0 location_1
216070 produce-without-demands resource_0 factory_0 location_0
217516 move location_1 location_0
217550 pickup resource_0 location_0
217552 move location_0 location_1
217556 move location_1 location_2
217587 drop resource_0 location_2
217590 produce resource_1 resource_0 factory_1 location_2
217593 move location_2 location_3
217596 move location_3 location_2
217633 pickup resource_1 location_2
217636 move location_2 location_1
217675 drop resource_1 location_1
217680 fuse resource_f_2_1 resource_f_2_0 resource_1 location_1
217771 produce resource_2 resource_f_2_1 factory_2 location_1
217823 pickup resource_2 location_1
217826 move location_1 location_2
217829 move location_2 location_3
217876 drop resource_2 location_3
217878 fuse resource_f_3_1 resource_f_3_0 resource_2 location_3
217880 construct factory_3 resource_f_3_1 location_3
229024 produce-without-demands resource_0 factory_0 location_0
240920 move location_3 last_location
240923 move last_location location_3
240925 move location_3 last_location
240928 move last_location location_3
240932 move location_3 location_2
240935 move location_2 location_1
240938 move location_1 location_0
240968 pickup resource_0 location_0
240971 move location_0 location_1
240975 move location_1 location_2
240977 move location_2 location_3
240981 move location_3 location_2
240984 move location_2 location_3
240987 move location_3 last_location
240989 move last_location location_3
241021 drop resource_0 location_3
248041 produce-without-demands resource_0 factory_0 location_0
255306 move location_3 last_location
255310 move last_location location_3
255313 move location_3 location_2
255316 move location_2 location_1
255319 move location_1 location_0
255350 pickup resource_0 location_0
255354 move location_0 location_1
255356 move location_1 location_2
255397 drop resource_0 location_2
255400 produce resource_1 resource_0 factory_1 location_2
255402 move location_2 location_1
255406 move location_1 location_0
255409 move location_0 location_1
255412 move location_1 location_0
255414 move location_0 location_1
255418 move location_1 location_0
255420 move location_0 location_1
255424 move location_1 location_2
255451 pickup resource_1 location_2
255454 move location_2 location_3
255458 move location_3 last_location
255461 move last_location location_3
255464 move location_3 location_2
255467 move location_2 location_3
255470 move location_3 last_location
255473 move last_location location_3
255503 drop resource_1 location_3
255507 fuse resource_f_3_0 resource_0 resource_1 location_3
295985 produce-without-demands resource_0 factory_0 location_0
298392 move location_3 last_location
298396 move last_location location_3
298398 move location_3 location_2
298402 move location_2 location_1
298404 move location_1 location_0
298432 pickup resource_0 location_0
298436 move location_0 location_1
298475 drop resource_0 location_1
299037 produce-without-demands resource_0 factory_0 location_0
301434 move location_1 location_2
301437 move location_2 location_3
301439 move location_3 location_2
301442 move location_2 location_1
301445 move location_1 location_0
301474 pickup resource_0 location_0
301477 move location_0 location_1
301517 drop resource_0 location_1
301519 fuse resource_f_2_0 resource_0 resource_0 location_1
311133 produce-without-demands resource_0 factory_0 location_0
313628 move location_1 location_0
313665 pickup resource_0 location_0
313668 move location_0 location_1
313671 move location_1 location_0
313673 move location_0 location_1
313677 move location_1 location_2
313704 drop resource_0 location_2
313708 produce resource_1 resource_0 factory_1 location_2
313710 move location_2 location_1
313713 move location_1 location_2
313717 move location_2 location_3
313720 move location_3 location_2
313722 move location_2 location_1
313726 move location_1 location_2
313754 pickup resource_1 location_2
313757 move location_2 location_1
313759 move location_1 location_0
313763 move location_0 location_1
313766 move location_1 location_0
313769 move location_0 location_1
313799 drop resource_1 location_1
313803 fuse resource_f_2_1 resource_f_2_0 resource_1 location_1
313902 produce resource_2 resource_f_2_1 factory_2 location_1
313905 move location_1 location_2
313908 move location_2 location_3
313911 move location_3 location_2
313914 move location_2 location_1
313957 pickup resource_2 location_1
313959 move location_1 location_2
313963 move location_2 location_3
313965 move location_3 last_location
313969 move last_location location_3
313971 move location_3 last_location
313975 move last_location location_3
314011 drop resource_2 location_3
314015 fuse resource_f_3_1 resource_f_3_0 resource_2 location_3
314131 produce resource_3 resource_f_3_1 factory_3 location_3
314195 pickup resource_3 location_3
314197 move location_3 last_location
314257 drop resource_3 last_location
314259 construct last_factory resource_3 last_location
root 5
5 construct_factory last_factory last_location -> m_construct_factory 9 314259
9 get_resource resource_3 last_location -> m_get_resource 158 62 110
62 produce_resource resource_3 -> m_get_and_produce_resource 183 314131
110 deliver_resource resource_3 last_location -> m_deliver_resource 270 314195 310 314257
158 construct_factory factory_3 location_3 -> m_construct_factory 342 217880
183 get_resource resource_f_3_1 location_3 -> m_get_resources_and_fuse 450 472 314015
270 goto location_3 -> m_already_there
310 goto last_location -> m_goto 314197 715
342 get_resource resource_f_3_1 location_3 -> m_get_resources_and_fuse 743 748 217878
450 get_resource resource_f_3_0 location_3 -> m_get_resources_and_fuse 914 924 255507
472 get_resource resource_2 location_3 -> m_get_resource 2036 1064 1159
715 goto last_location -> m_already_there
743 get_resource resource_f_3_0 location_3 -> m_get_resources_and_fuse 1440 1446 202216
748 get_resource resource_2 location_3 -> m_get_resource 2834 1500 1595
914 get_resource resource_0 location_3 -> m_get_resource 3002 229023 1798
924 get_resource resource_1 location_3 -> m_get_resource 3331 1899 1941
1064 produce_resource resource_2 -> m_get_and_produce_resource 2248 313902
1159 deliver_resource resource_2 location_3 -> m_deliver_resource 2344 313957 2373 314011
1440 get_resource resource_0 location_3 -> m_get_resource 4442 186501 2614
1446 get_resource resource_1 location_3 -> m_get_resource 4591 2707 2744
1500 produce_resource resource_2 -> m_get_and_produce_resource 2842 217771
1595 deliver_resource resource_2 location_3 -> m_deliver_resource 2934 217823 2962 217876
1798 deliver_resource resource_0 location_3 -> m_deliver_resource 3273 240968 3300 241021
1899 produce_resource resource_1 -> m_get_and_produce_resource 3341 255400
1941 deliver_resource resource_1 location_3 -> m_deliver_resource 3437 255451 3464 255503
2036 construct_factory factory_2 location_1 -> m_factory_already_constructed
2248 get_resource resource_f_2_1 location_1 -> m_get_resources_and_fuse 4006 4020 313803
2344 goto location_1 -> m_goto 313905 4232
2373 goto location_3 -> m_goto 313959 4264
2614 deliver_resource resource_0 location_3 -> m_deliver_resource 4537 193549 4562 193597
2707 produce_resource resource_1 -> m_get_and_produce_resource 4600 202117
2744 deliver_resource resource_1 location_3 -> m_deliver_resource 4692 202166 4716 202214
2834 construct_factory factory_2 location_1 -> m_construct_factory 4752 205876
2842 get_resource resource_f_2_1 location_1 -> m_get_resources_and_fuse 4841 4859 217680
2934 goto location_1 -> m_already_there
2962 goto location_3 -> m_goto 217826 5090
3002 construct_factory factory_0 location_0 -> m_factory_already_constructed
3273 goto location_0 -> m_goto 240920 5597
3300 goto location_3 -> m_goto 240971 5628
3331 construct_factory factory_1 location_2 -> m_factory_already_constructed
3341 get_resource resource_0 location_2 -> m_get_resource 9895 248040 5800
3437 goto location_2 -> m_goto 255402 5903
3464 goto location_3 -> m_goto 255454 5934
4006 get_resource resource_f_2_0 location_1 -> m_get_resources_and_fuse 6839 6850 301519
4020 get_resource resource_1 location_1 -> m_get_resource 12363 7001 7104
4232 goto location_1 -> m_goto 313908 7329
4264 goto location_3 -> m_goto 313963 7364
4442 construct_factory factory_0 location_0 -> m_factory_already_constructed
4537 goto location_0 -> m_already_there
4562 goto location_3 -> m_goto 193552 7799
4591 construct_factory factory_1 location_2 -> m_construct_factory 7824 195070
4600 get_resource resource_0 location_2 -> m_get_resource 13725 197856 7963
4692 goto location_2 -> m_already_there
4716 goto location_3 -> m_goto 202169 8092
4752 get_resource resource_f_2_1 location_1 -> m_get_resources_and_fuse 8120 8125 205873
4841 get_resource resource_f_2_0 location_1 -> m_get_resources_and_fuse 8246 8255 210409
4859 get_resource resource_1 location_1 -> m_get_resource 14814 8398 8495
5090 goto location_3 -> m_goto 217829 8749
5597 goto location_0 -> m_goto 240923 9708
5628 goto location_3 -> m_goto 240975 9741
5800 deliver_resource resource_0 location_2 -> m_deliver_resource 10251 255350 10318 255397
5903 goto location_2 -> m_goto 255406 10380
5934 goto location_3 -> m_goto 255458 10414
6839 get_resource resource_0 location_1 -> m_get_resource 20873 295984 12111
6850 get_resource resource_0 location_1 -> m_get_resource 21219 299036 12261
7001 produce_resource resource_1 -> m_get_and_produce_resource 12585 313708
7104 deliver_resource resource_1 location_1 -> m_deliver_resource 12688 313754 12717 313799
7329 goto location_1 -> m_goto 313911 12874
7364 goto location_3 -> m_goto 313965 12911
7799 goto location_3 -> m_goto 193555 13577
7824 get_resource resource_0 location_2 -> m_get_resource 23399 193600 13630
7963 deliver_resource resource_0 location_2 -> m_deliver_resource 14077 202072 14142 202114
8092 goto location_3 -> m_goto 202171 14238
8120 get_resource resource_f_2_0 location_1 -> m_get_resources_and_fuse 14267 14272 204105
8125 get_resource resource_1 location_1 -> m_get_resource 24754 14314 14353
8246 get_resource resource_0 location_1 -> m_get_resource 24927 207172 14566
8255 get_resource resource_0 location_1 -> m_get_resource 25273 208936 14714
8398 produce_resource resource_1 -> m_get_and_produce_resource 15031 217590
8495 deliver_resource resource_1 location_1 -> m_deliver_resource 15134 217633 15162 217675
8749 goto location_3 -> m_already_there
9708 goto location_0 -> m_goto 240925 16990
9741 goto location_3 -> m_goto 240977 17028
9895 construct_factory factory_0 location_0 -> m_factory_already_constructed
10251 goto location_0 -> m_goto 255306 17991
10318 goto location_2 -> m_goto 255354 18062
10380 goto location_2 -> m_goto 255409 18103
10414 goto location_3 -> m_goto 255461 18140
12111 deliver_resource resource_0 location_1 -> m_deliver_resource 21160 298432 21187 298475
12261 deliver_resource resource_0 location_1 -> m_deliver_resource 21329 301474 21357 301517
12363 construct_factory factory_1 location_2 -> m_factory_already_constructed
12585 get_resource resource_0 location_2 -> m_get_resource 37486 311132 22027
12688 goto location_2 -> m_goto 313710 22133
12717 goto location_1 -> m_goto 313757 22164
12874 goto location_1 -> m_goto 313914 22276
12911 goto location_3 -> m_goto 313969 22317
13577 goto location_3 -> m_goto 193557 23373
13630 deliver_resource resource_0 location_2 -> m_deliver_resource 23503 195028 23531 195067
13725 construct_factory factory_0 location_0 -> m_factory_already_constructed
14077 goto location_0 -> m_goto 202032 24335
14142 goto location_2 -> m_goto 202075 24406
14238 goto location_3 -> m_goto 202175 24482
14267 get_resource resource_0 location_1 -> m_get_resource 41589 202219 24538
14272 get_resource resource_0 location_1 -> m_get_resource 41752 203160 24658
14314 produce_resource resource_1 -> m_get_and_produce_resource 24760 205790
14353 deliver_resource resource_1 location_1 -> m_deliver_resource 24860 205829 24887 205869
14566 deliver_resource resource_0 location_1 -> m_deliver_resource 25215 208602 25242 208641
14714 deliver_resource resource_0 location_1 -> m_deliver_resource 25383 210367 25411 210406
14814 construct_factory factory_1 location_2 -> m_factory_already_constructed
15031 get_resource resource_0 location_2 -> m_get_resource 44006 216069 26081
15134 goto location_2 -> m_goto 217593 26188
15162 goto location_1 -> m_goto 217636 26218
16990 goto location_0 -> m_goto 240928 29100
17028 goto location_3 -> m_goto 240981 29140
17991 goto location_0 -> m_goto 255310 30788
18062 goto location_2 -> m_goto 255356 30823
18103 goto location_2 -> m_goto 255412 30866
18140 goto location_3 -> m_goto 255464 30906
20873 construct_factory factory_0 location_0 -> m_factory_already_constructed
21160 goto location_0 -> m_goto 298392 36218
21187 goto location_1 -> m_goto 298436 36249
21219 construct_factory factory_0 location_0 -> m_factory_already_constructed
21329 goto location_0 -> m_goto 301434 36532
21357 goto location_1 -> m_goto 301477 36563
22027 deliver_resource resource_0 location_2 -> m_deliver_resource 37849 313665 37915 313704
22133 goto location_2 -> m_goto 313713 37977
22164 goto location_1 -> m_goto 313759 38010
22276 goto location_1 -> m_already_there
22317 goto location_3 -> m_goto 313971 38174
23373 goto location_3 -> m_already_there
23399 construct_factory factory_0 location_0 -> m_factory_already_constructed
23503 goto location_0 -> m_goto 194990 40057
23531 goto location_2 -> m_goto 195031 40088
24335 goto location_0 -> m_goto 202035 41445
24406 goto location_2 -> m_goto 202077 41480
24482 goto location_3 -> m_goto 202178 41562
24538 deliver_resource resource_0 location_1 -> m_deliver_resource 41694 203119 41721 203155
24658 deliver_resource resource_0 location_1 -> m_deliver_resource 41858 204065 41885 204101
24754 construct_factory factory_1 location_2 -> m_factory_already_constructed
24760 get_resource resource_0 location_2 -> m_get_resource 71278 204928 42067
24860 goto location_2 -> m_goto 205793 42173
24887 goto location_1 -> m_goto 205833 42204
24927 construct_factory factory_0 location_0 -> m_factory_already_constructed
25215 goto location_0 -> m_goto 208564 42736
25242 goto location_1 -> m_goto 208605 42767
25273 construct_factory factory_0 location_0 -> m_factory_already_constructed
25383 goto location_1 -> m_already_there
25411 goto location_1 -> m_goto 210370 43080
26081 deliver_resource resource_0 location_2 -> m_deliver_resource 44366 217550 44433 217587
26188 goto location_2 -> m_goto 217596 44495
26218 goto location_1 -> m_already_there
29100 goto location_0 -> m_goto 240932 49520
29140 goto location_3 -> m_goto 240984 49563
30788 goto location_0 -> m_goto 255313 52477
30823 goto location_2 -> m_already_there
30866 goto location_2 -> m_goto 255414 52561
30906 goto location_3 -> m_goto 255467 52604
36218 goto location_0 -> m_goto 298396 61502
36249 goto location_1 -> m_already_there
36532 goto location_0 -> m_goto 301437 62180
36563 goto location_1 -> m_already_there
37486 construct_factory factory_0 location_0 -> m_factory_already_constructed
37849 goto location_0 -> m_goto 313628 64562
37915 goto location_2 -> m_goto 313668 64634
37977 goto location_2 -> m_goto 313717 64673
38010 goto location_1 -> m_goto 313763 64711
38174 goto location_3 -> m_goto 313975 64886
40057 goto location_0 -> m_goto 194994 68026
40088 goto location_2 -> m_goto 195033 68060
41445 goto location_0 -> m_already_there
41480 goto location_2 -> m_already_there
41562 goto location_3 -> m_goto 202180 70545
41589 construct_factory factory_0 location_0 -> m_factory_already_constructed
41694 goto location_0 -> m_goto 203085 70802
41721 goto location_1 -> m_goto 203122 70834
41752 construct_factory factory_0 location_0 -> m_factory_already_constructed
41858 goto location_0 -> m_goto 204031 71091
41885 goto location_1 -> m_goto 204068 71122
42067 deliver_resource resource_0 location_2 -> m_deliver_resource 71635 205752 71700 205787
42173 goto location_2 -> m_goto 205796 71762
42204 goto location_1 -> m_goto 205836 71797
42736 goto location_0 -> m_goto 208568 72765
42767 goto location_1 -> m_already_there
43080 goto location_1 -> m_goto 210372 73476
44006 construct_factory factory_0 location_0 -> m_factory_already_constructed
44366 goto location_0 -> m_goto 217516 75825
44433 goto location_2 -> m_goto 217552 75896
44495 goto location_2 -> m_already_there
49520 goto location_0 -> m_goto 240935 84425
49563 goto location_3 -> m_goto 240987 84472
52477 goto location_0 -> m_goto 255316 89636
52561 goto location_2 -> m_goto 255418 89726
52604 goto location_3 -> m_goto 255470 89772
61502 goto location_0 -> m_goto 298398 104795
62180 goto location_0 -> m_goto 301439 105908
64562 goto location_0 -> m_already_there
64634 goto location_2 -> m_goto 313671 110039
64673 goto location_2 -> m_goto 313720 110082
64711 goto location_1 -> m_goto 313766 110122
64886 goto location_3 -> m_already_there
68026 goto location_0 -> m_goto 194997 115725
68060 goto location_2 -> m_goto 195037 115762
70545 goto location_3 -> m_goto 202184 120110
70802 goto location_0 -> m_goto 203088 120628
70834 goto location_1 -> m_goto 203124 120662
71091 goto location_0 -> m_goto 204034 121178
71122 goto location_1 -> m_goto 204071 121213
71278 construct_factory factory_0 location_0 -> m_factory_already_constructed
71635 goto location_0 -> m_goto 205720 122173
71700 goto location_2 -> m_goto 205755 122244
71762 goto location_2 -> m_already_there
71797 goto location_1 -> m_goto 205838 122320
72765 goto location_0 -> m_goto 208571 123958
73476 goto location_1 -> m_goto 210376 125107
75825 goto location_0 -> m_already_there
75896 goto location_2 -> m_goto 217556 129200
84425 goto location_0 -> m_goto 240938 142953
84472 goto location_3 -> m_goto 240989 143001
89636 goto location_0 -> m_goto 255319 151480
89726 goto location_2 -> m_goto 255420 151575
89772 goto location_3 -> m_goto 255473 151623
104795 goto location_0 -> m_goto 298402 176963
105908 goto location_0 -> m_goto 301442 178729
110039 goto location_2 -> m_goto 313673 185948
110082 goto location_2 -> m_goto 313722 185994
110122 goto location_1 -> m_goto 313769 186037
115725 goto location_0 -> m_already_there
115762 goto location_2 -> m_goto 195040 195044
120110 goto location_3 -> m_goto 202187 202191
120628 goto location_0 -> m_goto 203091 203095
120662 goto location_1 -> m_goto 203128 203132
121178 goto location_0 -> m_goto 204037 204042
121213 goto location_1 -> m_goto 204073 204078
122173 goto location_0 -> m_already_there
122244 goto location_2 -> m_goto 205759 205763
122320 goto location_1 -> m_already_there
123958 goto location_0 -> m_already_there
125107 goto location_1 -> m_goto 210379 210383
129200 goto location_2 -> m_already_there
142953 goto location_0 -> m_already_there
143001 goto location_3 -> m_already_there
151480 goto location_0 -> m_already_there
151575 goto location_2 -> m_goto 255424 255428
151623 goto location_3 -> m_already_there
176963 goto location_0 -> m_goto 298404 298410
178729 goto location_0 -> m_goto 301445 301450
185948 goto location_2 -> m_goto 313677 313681
185994 goto location_2 -> m_goto 313726 313731
186037 goto location_1 -> m_already_there
186501 produce_resource resource_0 -> m_produce_resource 186502
193600 produce_resource resource_0 -> m_produce_resource 193601
195044 goto location_2 -> m_already_there
197856 produce_resource resource_0 -> m_produce_resource 197857
202191 goto location_3 -> m_already_there
202219 produce_resource resource_0 -> m_produce_resource 202220
203095 goto location_0 -> m_already_there
203132 goto location_1 -> m_already_there
203160 produce_resource resource_0 -> m_produce_resource 203161
204042 goto location_0 -> m_already_there
204078 goto location_1 -> m_already_there
204928 produce_resource resource_0 -> m_produce_resource 204929
205763 goto location_2 -> m_already_there
207172 produce_resource resource_0 -> m_produce_resource 207173
208936 produce_resource resource_0 -> m_produce_resource 208937
210383 goto location_1 -> m_already_there
216069 produce_resource resource_0 -> m_produce_resource 216070
229023 produce_resource resource_0 -> m_produce_resource 229024
248040 produce_resource resource_0 -> m_produce_resource 248041
255428 goto location_2 -> m_already_there
295984 produce_resource resource_0 -> m_produce_resource 295985
298410 goto location_0 -> m_already_there
299036 produce_resource resource_0 -> m_produce_resource 299037
301450 goto location_0 -> m_already_there
311132 produce_resource resource_0 -> m_produce_resource 311133
313681 goto location_2 -> m_already_there
313731 goto location_2 -> m_already_there
<==
47.924 End of solution plan. (counted length of 212)
47.924 Total amount of clauses encoded: 1439583
47.924 - directframeaxioms : 722750 cls
47.924 - indirectframeaxioms : 189987 cls
47.924 - qfactsemantics : 176189 cls
47.924 - reductionconstraints : 110594 cls
47.924 - atmostoneelement : 50170 cls
47.924 - expansions : 42406 cls
47.924 - substitutionconstraints : 41159 cls
47.924 - actionconstraints : 37480 cls
47.924 - predecessors : 36942 cls
47.924 - qconstequality : 23026 cls
47.924 - actioneffects : 8795 cls
47.924 - truefacts : 83 cls
47.924 - axiomaticops : 2 cls
47.924 # instantiated positions: 12344
47.924 # instantiated actions: 25042
47.924 # instantiated reductions: 11902
47.924 # introduced pseudo-constants: 10378
47.924 # retroactive prunings: 0
47.924 # retroactively pruned operations: 0
47.924 # dominated operations: 85
47.924 # total invalid rigid preconditions found in getPFC: 34087
47.924 # invalid rigid preconditions found in getPFC: 4682
47.924 # invalid rigid preconditions found in getPFC in varrestrictions: 29405
47.924 # total invalid fluent preconditions found in getPFC: 57
47.924 # invalid fluent preconditions found in getPFC: 55
47.924 # invalid fluent preconditions found in getPFC in varrestrictions: 0
47.924 # invalid fluent preconditions found in getPFC via postconditions: 2
47.924 # invalid operations found in getPFC via subtasks: 0
47.924 # invalid operations found in getPFC via postconditions: 0
47.924 # number effects in operation fact_frames: 138
47.924 # number of variables restricted: 410306
47.924 # number of nodes variables restricted: 211271
47.924 Exiting happily.

RUNWATCH_RESULT EXIT RETVAL 0 TIME_SECS 47.9727 MEMPEAK_KBS 553292
