    _           _         _
   \ |         \ |       | |                       
   | |     __  | |      _| |______                
   | |     \/  | |     /_   ______\                
   | |      _  | |   __  | |  ___   ___   ___       
   | |___  | | | |  / .\ | | / , | |   \ / ·_\    
   \_____\ |_| |__\ \__/ |_| \___) |_|_| \___\  
[39mL i l o t a n e  version rls-glucose4
by Dominik Schreiber <dominik.schreiber@kit.edu> 2020-2021
using SAT solver glucose4

0.013 Parser finished.
0.013 Structures extracted.
0.014 20 operators and 16 methods created.
0.229 Mined 11 new reduction preconditions (+10.5%).
0.229 Iteration 0.
0.229 Creating initial layer of size 2
0.311 Attempting to solve formula with 167 clauses (249 literals) and 1 assumptions
0.311 Unsolvable at layer 0 -- expanding.
0.311 Iteration 1.
0.311 New layer size: 7
0.311 Instantiating ...
2.058 Collected 5925 relevant facts at this layer
2.058 Encoding ...
2.171 Attempting to solve formula with 118907 clauses (369871 literals) and 6 assumptions
2.173 Unsolvable at layer 1 -- expanding.
2.173 Iteration 2.
2.173 New layer size: 13
2.173 Instantiating ...
5.624 Collected 6312 relevant facts at this layer
5.624 Encoding ...
5.923 Attempting to solve formula with 434546 clauses (1453102 literals) and 6 assumptions
5.923 Unsolvable at layer 2 -- expanding.
5.923 Iteration 3.
5.923 New layer size: 31
5.923 Instantiating ...
11.472 Collected 6381 relevant facts at this layer
11.472 Encoding ...
12.339 Attempting to solve formula with 1100367 clauses (3739593 literals) and 12 assumptions
12.467 Unsolvable at layer 3 -- expanding.
12.467 Iteration 4.
12.467 New layer size: 55
12.467 Instantiating ...
21.719 Collected 6381 relevant facts at this layer
21.719 Encoding ...
23.080 Attempting to solve formula with 2140601 clauses (7316797 literals) and 18 assumptions
23.118 Unsolvable at layer 4 -- expanding.
23.118 Iteration 5.
23.118 New layer size: 97
23.118 Instantiating ...
38.457 Collected 6381 relevant facts at this layer
38.457 Encoding ...
40.826 Attempting to solve formula with 3890486 clauses (13342253 literals) and 30 assumptions
40.940 Unsolvable at layer 5 -- expanding.
40.940 Iteration 6.
40.940 New layer size: 163
40.940 Instantiating ...
65.959 Collected 6381 relevant facts at this layer
65.959 Encoding ...
69.904 Attempting to solve formula with 6719908 clauses (23090454 literals) and 48 assumptions
70.207 Unsolvable at layer 6 -- expanding.
70.207 Iteration 7.
70.207 New layer size: 271
70.207 Instantiating ...
110.542 Collected 6381 relevant facts at this layer
110.542 Encoding ...
117.509 Attempting to solve formula with 11338058 clauses (39007939 literals) and 78 assumptions
117.724 Unsolvable at layer 7 -- expanding.
117.724 Iteration 8.
117.725 New layer size: 445
117.725 Instantiating ...
184.077 Collected 6381 relevant facts at this layer
184.077 Encoding ...
195.178 Attempting to solve formula with 18824472 clauses (64817450 literals) and 126 assumptions
196.397 Unsolvable at layer 8 -- expanding.
196.397 Iteration 9.
196.397 New layer size: 727
196.397 Instantiating ...
306.585 Collected 6381 relevant facts at this layer
306.585 Encoding ...
327.604 Attempting to solve formula with 30967878 clauses (106688271 literals) and 204 assumptions
336.269 Unsolvable at layer 9 -- expanding.
336.269 Iteration 10.
336.270 New layer size: 1183
336.270 Instantiating ...
521.250 Collected 6381 relevant facts at this layer
521.250 Encoding ...
556.536 Attempting to solve formula with 50636540 clauses (174512428 literals) and 330 assumptions
579.437 Unsolvable at layer 10 -- expanding.
579.437 Iteration 11.
579.440 New layer size: 1921
579.440 Instantiating ...
762.176 Termination signal caught.
762.176 Total amount of clauses encoded: 50636540
762.176 - directframeaxioms : 20838442 cls
762.176 - qfactsemantics : 13528051 cls
762.176 - indirectframeaxioms : 10492464 cls
762.176 - reductionconstraints : 4983406 cls
762.176 - actionconstraints : 331542 cls
762.176 - qconstequality : 192896 cls
762.176 - substitutionconstraints : 157418 cls
762.176 - atmostoneelement : 55793 cls
762.176 - expansions : 21532 cls
762.176 - predecessors : 18146 cls
762.176 - actioneffects : 10467 cls
762.176 - truefacts : 6381 cls
762.176 - axiomaticops : 2 cls
762.176 # instantiated positions: 4161
762.176 # instantiated actions: 17165
762.176 # instantiated reductions: 8086
762.176 # introduced pseudo-constants: 3834
762.176 # retroactive prunings: 0
762.176 # retroactively pruned operations: 0
762.176 # dominated operations: 7
762.176 # total invalid rigid preconditions found in getPFC: 0
762.176 # invalid rigid preconditions found in getPFC: 0
762.176 # invalid rigid preconditions found in getPFC in varrestrictions: 0
762.176 # total invalid fluent preconditions found in getPFC: 15
762.176 # invalid fluent preconditions found in getPFC: 15
762.176 # invalid fluent preconditions found in getPFC in varrestrictions: 0
762.176 # invalid fluent preconditions found in getPFC via postconditions: 0
762.176 # invalid subtasks found in getPFC: 0
762.176 # number effects in operation fact_frames: 234
762.176 Exiting happily.

RUNWATCH_RESULT MEMOUT RETVAL 0 TIME_SECS 763.249 MEMPEAK_KBS 16055108
