    _           _         _
   \ |         \ |       | |                       
   | |     __  | |      _| |______                
   | |     \/  | |     /_   ______\                
   | |      _  | |   __  | |  ___   ___   ___       
   | |___  | | | |  / .\ | | / , | |   \ / ·_\    
   \_____\ |_| |__\ \__/ |_| \___) |_|_| \___\  
[39mL i l o t a n e  version rls-glucose4
by Dominik Schreiber <dominik.schreiber@kit.edu> 2020-2021
using SAT solver glucose4

0.016 Parser finished.
0.016 Structures extracted.
0.017 20 operators and 16 methods created.
0.060 Mined 11 new reduction preconditions (+9.2%).
0.060 Iteration 0.
0.060 Creating initial layer of size 2
0.114 Attempting to solve formula with 207 clauses (309 literals) and 1 assumptions
0.114 Unsolvable at layer 0 -- expanding.
0.114 Iteration 1.
0.114 New layer size: 5
0.114 Instantiating ...
0.666 Collected 8460 relevant facts at this layer
0.666 Encoding ...
0.777 Attempting to solve formula with 102656 clauses (312951 literals) and 4 assumptions
0.779 Unsolvable at layer 1 -- expanding.
0.779 Iteration 2.
0.779 New layer size: 9
0.779 Instantiating ...
1.979 Collected 8744 relevant facts at this layer
1.979 Encoding ...
2.327 Attempting to solve formula with 369585 clauses (1232230 literals) and 4 assumptions
2.327 Unsolvable at layer 2 -- expanding.
2.327 Iteration 3.
2.327 New layer size: 21
2.327 Instantiating ...
4.567 Collected 8824 relevant facts at this layer
4.567 Encoding ...
5.312 Attempting to solve formula with 958424 clauses (3254405 literals) and 8 assumptions
5.355 Unsolvable at layer 3 -- expanding.
5.355 Iteration 4.
5.355 New layer size: 37
5.355 Instantiating ...
9.185 Collected 8824 relevant facts at this layer
9.185 Encoding ...
10.492 Attempting to solve formula with 1897904 clauses (6492771 literals) and 12 assumptions
10.524 Unsolvable at layer 4 -- expanding.
10.524 Iteration 5.
10.524 New layer size: 65
10.524 Instantiating ...
17.027 Collected 8824 relevant facts at this layer
17.027 Encoding ...
19.464 Attempting to solve formula with 3489534 clauses (11988361 literals) and 20 assumptions
19.638 Unsolvable at layer 5 -- expanding.
19.638 Iteration 6.
19.638 New layer size: 109
19.638 Instantiating ...
30.347 Collected 8824 relevant facts at this layer
30.347 Encoding ...
34.896 Attempting to solve formula with 6077113 clauses (20931932 literals) and 32 assumptions
35.045 Unsolvable at layer 6 -- expanding.
35.045 Iteration 7.
35.045 New layer size: 181
35.045 Instantiating ...
53.392 Collected 8824 relevant facts at this layer
53.392 Encoding ...
60.410 Attempting to solve formula with 10312660 clauses (35579877 literals) and 52 assumptions
60.651 Unsolvable at layer 7 -- expanding.
60.651 Iteration 8.
60.651 New layer size: 297
60.651 Instantiating ...
90.139 Collected 8824 relevant facts at this layer
90.139 Encoding ...
101.211 Attempting to solve formula with 17192123 clauses (59380174 literals) and 84 assumptions
102.387 Unsolvable at layer 8 -- expanding.
102.387 Iteration 9.
102.387 New layer size: 485
102.387 Instantiating ...
152.637 Collected 8824 relevant facts at this layer
152.637 Encoding ...
172.167 Attempting to solve formula with 28363470 clauses (98037197 literals) and 136 assumptions
173.110 Unsolvable at layer 9 -- expanding.
173.110 Iteration 10.
173.110 New layer size: 789
173.110 Instantiating ...
259.057 Collected 8824 relevant facts at this layer
259.057 Encoding ...
293.902 Attempting to solve formula with 46470617 clauses (160703298 literals) and 220 assumptions
303.056 Unsolvable at layer 10 -- expanding.
303.056 Iteration 11.
303.056 New layer size: 1281
303.056 Instantiating ...
417.113 Termination signal caught.
417.113 Total amount of clauses encoded: 46470617
417.113 - directframeaxioms : 19484538 cls
417.113 - qfactsemantics : 12656234 cls
417.113 - indirectframeaxioms : 9737918 cls
417.113 - reductionconstraints : 3978041 cls
417.113 - actionconstraints : 260679 cls
417.113 - qconstequality : 153424 cls
417.113 - substitutionconstraints : 120454 cls
417.113 - atmostoneelement : 37102 cls
417.113 - expansions : 14339 cls
417.113 - predecessors : 12085 cls
417.113 - truefacts : 8824 cls
417.113 - actioneffects : 6977 cls
417.113 - axiomaticops : 2 cls
417.113 # instantiated positions: 2975
417.113 # instantiated actions: 12259
417.113 # instantiated reductions: 5764
417.113 # introduced pseudo-constants: 2681
417.113 # retroactive prunings: 0
417.113 # retroactively pruned operations: 0
417.113 # dominated operations: 2
417.113 # total invalid rigid preconditions found in getPFC: 0
417.113 # invalid rigid preconditions found in getPFC: 0
417.113 # invalid rigid preconditions found in getPFC in varrestrictions: 0
417.113 # total invalid fluent preconditions found in getPFC: 0
417.113 # invalid fluent preconditions found in getPFC: 0
417.113 # invalid fluent preconditions found in getPFC in varrestrictions: 0
417.113 # invalid fluent preconditions found in getPFC via postconditions: 0
417.113 # invalid subtasks found in getPFC: 0
417.113 # number effects in operation fact_frames: 230
417.113 # number of variables restricted: 0
417.113 # number of nodes variables restricted: 0
417.113 Exiting happily.

RUNWATCH_RESULT MEMOUT RETVAL 0 TIME_SECS 418.08 MEMPEAK_KBS 16035252
