    _           _         _
   \ |         \ |       | |                       
   | |     __  | |      _| |______                
   | |     \/  | |     /_   ______\                
   | |      _  | |   __  | |  ___   ___   ___       
   | |___  | | | |  / .\ | | / , | |   \ / ·_\    
   \_____\ |_| |__\ \__/ |_| \___) |_|_| \___\  
[39mL i l o t a n e  version rls-glucose4
by Dominik Schreiber <dominik.schreiber@kit.edu> 2020-2021
using SAT solver glucose4

0.012 Parser finished.
0.012 Structures extracted.
0.012 11 operators and 14 methods created.
0.015 Mined 13 new reduction preconditions (+108.3%).
0.015 Iteration 0.
0.015 Creating initial layer of size 2
0.029 Attempting to solve formula with 143 clauses (213 literals) and 1 assumptions
0.029 Unsolvable at layer 0 -- expanding.
0.029 Iteration 1.
0.029 New layer size: 2
0.029 Instantiating ...
0.049 Collected 70 relevant facts at this layer
0.049 Encoding ...
0.050 Attempting to solve formula with 295 clauses (659 literals) and 1 assumptions
0.050 Unsolvable at layer 1 -- expanding.
0.050 Iteration 2.
0.050 New layer size: 3
0.050 Instantiating ...
0.083 Collected 121 relevant facts at this layer
0.083 Encoding ...
0.086 Attempting to solve formula with 6221 clauses (14463 literals) and 1 assumptions
0.087 Unsolvable at layer 2 -- expanding.
0.087 Iteration 3.
0.087 New layer size: 4
0.087 Instantiating ...
0.141 Collected 260 relevant facts at this layer
0.141 Encoding ...
0.147 Attempting to solve formula with 15355 clauses (36901 literals) and 1 assumptions
0.147 Unsolvable at layer 3 -- expanding.
0.147 Iteration 4.
0.147 New layer size: 5
0.147 Instantiating ...
0.204 Collected 260 relevant facts at this layer
0.204 Encoding ...
0.211 Attempting to solve formula with 26308 clauses (65026 literals) and 1 assumptions
0.212 Unsolvable at layer 4 -- expanding.
0.212 Iteration 5.
0.212 New layer size: 6
0.212 Instantiating ...
0.279 Collected 260 relevant facts at this layer
0.279 Encoding ...
0.288 Attempting to solve formula with 37556 clauses (94492 literals) and 1 assumptions
0.289 Unsolvable at layer 5 -- expanding.
0.289 Iteration 6.
0.289 New layer size: 7
0.289 Instantiating ...
0.363 Collected 260 relevant facts at this layer
0.363 Encoding ...
0.373 Attempting to solve formula with 48824 clauses (123998 literals) and 1 assumptions
0.374 Unsolvable at layer 6 -- expanding.
0.374 Iteration 7.
0.374 New layer size: 8
0.374 Instantiating ...
0.455 Collected 260 relevant facts at this layer
0.455 Encoding ...
0.467 Attempting to solve formula with 60112 clauses (153544 literals) and 1 assumptions
0.468 Unsolvable at layer 7 -- expanding.
0.468 Iteration 8.
0.468 New layer size: 9
0.468 Instantiating ...
0.551 Collected 260 relevant facts at this layer
0.551 Encoding ...
0.563 Attempting to solve formula with 71420 clauses (183130 literals) and 1 assumptions
0.564 Unsolvable at layer 8 -- expanding.
0.564 Iteration 9.
0.564 New layer size: 10
0.564 Instantiating ...
0.654 Collected 260 relevant facts at this layer
0.654 Encoding ...
0.667 Attempting to solve formula with 82748 clauses (212756 literals) and 1 assumptions
0.668 Unsolvable at layer 9 -- expanding.
0.668 Iteration 10.
0.669 New layer size: 11
0.669 Instantiating ...
0.764 Collected 260 relevant facts at this layer
0.764 Encoding ...
0.778 Attempting to solve formula with 94096 clauses (242422 literals) and 1 assumptions
0.781 Unsolvable at layer 10 -- expanding.
0.781 Iteration 11.
0.781 New layer size: 12
0.781 Instantiating ...
0.886 Collected 260 relevant facts at this layer
0.886 Encoding ...
0.902 Attempting to solve formula with 105464 clauses (272128 literals) and 1 assumptions
0.907 Unsolvable at layer 11 -- expanding.
0.907 Iteration 12.
0.907 New layer size: 13
0.907 Instantiating ...
1.014 Collected 260 relevant facts at this layer
1.014 Encoding ...
1.030 Attempting to solve formula with 116852 clauses (301874 literals) and 1 assumptions
1.038 Unsolvable at layer 12 -- expanding.
1.038 Iteration 13.
1.038 New layer size: 14
1.038 Instantiating ...
1.154 Collected 260 relevant facts at this layer
1.154 Encoding ...
1.170 Attempting to solve formula with 128260 clauses (331660 literals) and 1 assumptions
1.187 Unsolvable at layer 13 -- expanding.
1.187 Iteration 14.
1.187 New layer size: 15
1.187 Instantiating ...
1.308 Collected 260 relevant facts at this layer
1.308 Encoding ...
1.327 Attempting to solve formula with 139688 clauses (361486 literals) and 1 assumptions
1.365 Unsolvable at layer 14 -- expanding.
1.365 Iteration 15.
1.365 New layer size: 16
1.365 Instantiating ...
1.498 Collected 260 relevant facts at this layer
1.498 Encoding ...
1.520 Attempting to solve formula with 151136 clauses (391352 literals) and 1 assumptions
1.599 Unsolvable at layer 15 -- expanding.
1.599 Iteration 16.
1.599 New layer size: 17
1.599 Instantiating ...
1.733 Collected 260 relevant facts at this layer
1.733 Encoding ...
1.753 Attempting to solve formula with 162604 clauses (421258 literals) and 1 assumptions
1.848 Unsolvable at layer 16 -- expanding.
1.848 Iteration 17.
1.848 New layer size: 18
1.848 Instantiating ...
1.990 Collected 260 relevant facts at this layer
1.990 Encoding ...
2.025 Attempting to solve formula with 174092 clauses (451204 literals) and 1 assumptions
2.326 Unsolvable at layer 17 -- expanding.
2.326 Iteration 18.
2.326 New layer size: 19
2.326 Instantiating ...
2.484 Collected 260 relevant facts at this layer
2.484 Encoding ...
2.512 Attempting to solve formula with 185600 clauses (481190 literals) and 1 assumptions
3.285 Unsolvable at layer 18 -- expanding.
3.285 Iteration 19.
3.285 New layer size: 20
3.285 Instantiating ...
3.438 Collected 260 relevant facts at this layer
3.438 Encoding ...
3.461 Attempting to solve formula with 197128 clauses (511216 literals) and 1 assumptions
5.388 Unsolvable at layer 19 -- expanding.
5.388 Iteration 20.
5.388 New layer size: 21
5.388 Instantiating ...
5.564 Collected 260 relevant facts at this layer
5.564 Encoding ...
5.589 Attempting to solve formula with 208676 clauses (541282 literals) and 1 assumptions
c
c Try to adapt solver strategies
c 
c Nothing extreme in this problem, continue with glucose default strategies.
c
10.221 Unsolvable at layer 20 -- expanding.
10.222 Iteration 21.
10.222 New layer size: 22
10.222 Instantiating ...
10.411 Collected 260 relevant facts at this layer
10.411 Encoding ...
10.436 Attempting to solve formula with 220244 clauses (571388 literals) and 1 assumptions
25.741 Unsolvable at layer 21 -- expanding.
25.742 Iteration 22.
25.742 New layer size: 23
25.742 Instantiating ...
25.944 Collected 260 relevant facts at this layer
25.944 Encoding ...
25.976 Attempting to solve formula with 231832 clauses (601534 literals) and 1 assumptions
73.240 Unsolvable at layer 22 -- expanding.
73.240 Iteration 23.
73.240 New layer size: 24
73.240 Instantiating ...
73.431 Collected 260 relevant facts at this layer
73.431 Encoding ...
73.459 Attempting to solve formula with 243440 clauses (631720 literals) and 1 assumptions
249.442 Unsolvable at layer 23 -- expanding.
249.442 Iteration 24.
249.442 New layer size: 25
249.442 Instantiating ...
249.637 Collected 260 relevant facts at this layer
249.637 Encoding ...
249.665 Attempting to solve formula with 255068 clauses (661946 literals) and 1 assumptions
1186.392 Unsolvable at layer 24 -- expanding.
1186.392 Iteration 25.
1186.392 New layer size: 26
1186.392 Instantiating ...
1186.598 Collected 260 relevant facts at this layer
1186.598 Encoding ...
1186.629 Attempting to solve formula with 266716 clauses (692212 literals) and 1 assumptions
1800.055 Termination signal caught.
1800.055 Total amount of clauses encoded: 266716
1800.055 - actionconstraints : 130332 cls
1800.055 - reductionconstraints : 56472 cls
1800.055 - directframeaxioms : 24268 cls
1800.055 - qfactsemantics : 21387 cls
1800.055 - indirectframeaxioms : 14359 cls
1800.055 - substitutionconstraints : 9929 cls
1800.055 - atmostoneelement : 3511 cls
1800.055 - qconstequality : 2592 cls
1800.055 - expansions : 1728 cls
1800.055 - predecessors : 1669 cls
1800.055 - truefacts : 260 cls
1800.055 - actioneffects : 207 cls
1800.055 - axiomaticops : 2 cls
1800.055 # instantiated positions: 351
1800.055 # instantiated actions: 1501
1800.055 # instantiated reductions: 169
1800.055 # introduced pseudo-constants: 144
1800.055 # retroactive prunings: 1
1800.055 # retroactively pruned operations: 1
1800.055 # dominated operations: 0
1800.055 # total invalid rigid preconditions found in getPFC: 0
1800.055 # invalid rigid preconditions found in getPFC: 0
1800.055 # invalid rigid preconditions found in getPFC in varrestrictions: 0
1800.056 # total invalid fluent preconditions found in getPFC: 3
1800.056 # invalid fluent preconditions found in getPFC: 1
1800.056 # invalid fluent preconditions found in getPFC in varrestrictions: 2
1800.056 # invalid fluent preconditions found in getPFC via postconditions: 0
1800.056 # invalid subtasks found in getPFC: 1
1800.056 # number effects in operation fact_frames: 110
1800.056 Exiting happily.

RUNWATCH_RESULT TIMEOUT RETVAL 0 TIME_SECS 1800.08 MEMPEAK_KBS 259044
