    _           _         _
   \ |         \ |       | |                       
   | |     __  | |      _| |______                
   | |     \/  | |     /_   ______\                
   | |      _  | |   __  | |  ___   ___   ___       
   | |___  | | | |  / .\ | | / , | |   \ / ·_\    
   \_____\ |_| |__\ \__/ |_| \___) |_|_| \___\  
[39mL i l o t a n e  version rls-glucose4
by Dominik Schreiber <dominik.schreiber@kit.edu> 2020-2021
using SAT solver glucose4

0.015 Parser finished.
0.015 Structures extracted.
0.016 20 operators and 16 methods created.
0.055 Mined 11 new reduction preconditions (+10.0%).
0.055 Iteration 0.
0.055 Creating initial layer of size 2
0.108 Attempting to solve formula with 187 clauses (279 literals) and 1 assumptions
0.108 Unsolvable at layer 0 -- expanding.
0.108 Iteration 1.
0.108 New layer size: 9
0.108 Instantiating ...
2.297 Collected 6720 relevant facts at this layer
2.297 Encoding ...
2.487 Attempting to solve formula with 183342 clauses (577069 literals) and 8 assumptions
2.490 Unsolvable at layer 1 -- expanding.
2.490 Iteration 2.
2.490 New layer size: 17
2.490 Instantiating ...
6.822 Collected 7297 relevant facts at this layer
6.822 Encoding ...
7.413 Attempting to solve formula with 677972 clauses (2278539 literals) and 8 assumptions
7.413 Unsolvable at layer 2 -- expanding.
7.413 Iteration 3.
7.413 New layer size: 41
7.413 Instantiating ...
13.424 Collected 7368 relevant facts at this layer
13.424 Encoding ...
14.810 Attempting to solve formula with 1701766 clauses (5804815 literals) and 16 assumptions
14.952 Unsolvable at layer 3 -- expanding.
14.952 Iteration 4.
14.952 New layer size: 73
14.952 Instantiating ...
25.064 Collected 7368 relevant facts at this layer
25.064 Encoding ...
27.481 Attempting to solve formula with 3288450 clauses (11274648 literals) and 24 assumptions
27.564 Unsolvable at layer 4 -- expanding.
27.564 Iteration 5.
27.564 New layer size: 129
27.564 Instantiating ...
44.279 Collected 7368 relevant facts at this layer
44.279 Encoding ...
48.362 Attempting to solve formula with 5950337 clauses (20460528 literals) and 40 assumptions
48.600 Unsolvable at layer 5 -- expanding.
48.600 Iteration 6.
48.600 New layer size: 217
48.600 Instantiating ...
75.870 Collected 7368 relevant facts at this layer
75.870 Encoding ...
83.104 Attempting to solve formula with 10243777 clauses (35282247 literals) and 64 assumptions
83.652 Unsolvable at layer 6 -- expanding.
83.652 Iteration 7.
83.652 New layer size: 361
83.652 Instantiating ...
128.802 Collected 7368 relevant facts at this layer
128.802 Encoding ...
140.273 Attempting to solve formula with 17243521 clauses (59454194 literals) and 104 assumptions
141.151 Unsolvable at layer 7 -- expanding.
141.151 Iteration 8.
141.151 New layer size: 593
141.151 Instantiating ...
217.011 Collected 7368 relevant facts at this layer
217.011 Encoding ...
237.380 Attempting to solve formula with 28581121 clauses (98612205 literals) and 168 assumptions
244.584 Unsolvable at layer 8 -- expanding.
244.584 Iteration 9.
244.584 New layer size: 969
244.584 Instantiating ...
367.823 Collected 7368 relevant facts at this layer
367.823 Encoding ...
403.558 Attempting to solve formula with 46962881 clauses (162106508 literals) and 272 assumptions
407.563 Unsolvable at layer 9 -- expanding.
407.563 Iteration 10.
407.564 New layer size: 1577
407.564 Instantiating ...
552.190 Termination signal caught.
552.190 Total amount of clauses encoded: 46962881
552.190 - directframeaxioms : 19492266 cls
552.190 - qfactsemantics : 12608059 cls
552.190 - indirectframeaxioms : 9811631 cls
552.190 - reductionconstraints : 4367944 cls
552.190 - actionconstraints : 292886 cls
552.190 - qconstequality : 168040 cls
552.190 - substitutionconstraints : 129172 cls
552.190 - atmostoneelement : 44991 cls
552.190 - expansions : 17353 cls
552.190 - predecessors : 14622 cls
552.190 - actioneffects : 8547 cls
552.190 - truefacts : 7368 cls
552.190 - axiomaticops : 2 cls
552.190 # instantiated positions: 3506
552.190 # instantiated actions: 14382
552.190 # instantiated reductions: 6905
552.190 # introduced pseudo-constants: 3316
552.190 # retroactive prunings: 0
552.190 # retroactively pruned operations: 0
552.190 # dominated operations: 6
552.190 # total invalid rigid preconditions found in getPFC: 0
552.190 # invalid rigid preconditions found in getPFC: 0
552.190 # invalid rigid preconditions found in getPFC in varrestrictions: 0
552.190 # total invalid fluent preconditions found in getPFC: 17
552.190 # invalid fluent preconditions found in getPFC: 15
552.190 # invalid fluent preconditions found in getPFC in varrestrictions: 2
552.190 # invalid fluent preconditions found in getPFC via postconditions: 0
552.190 # invalid subtasks found in getPFC: 0
552.190 # number effects in operation fact_frames: 238
552.190 # number of variables restricted: 6562757
552.190 # number of nodes variables restricted: 500600
552.190 Exiting happily.

RUNWATCH_RESULT MEMOUT RETVAL 0 TIME_SECS 553.065 MEMPEAK_KBS 16047052
