    _           _         _
   \ |         \ |       | |                       
   | |     __  | |      _| |______                
   | |     \/  | |     /_   ______\                
   | |      _  | |   __  | |  ___   ___   ___       
   | |___  | | | |  / .\ | | / , | |   \ / ·_\    
   \_____\ |_| |__\ \__/ |_| \___) |_|_| \___\  
[39mL i l o t a n e  version rls-glucose4
by Dominik Schreiber <dominik.schreiber@kit.edu> 2020-2021
using SAT solver glucose4

0.005 Parser finished.
0.005 Structures extracted.
0.006 19 operators and 12 methods created.
0.011 Mined 0 new reduction preconditions (+0.0%).
0.011 Iteration 0.
0.011 Creating initial layer of size 2
0.015 Attempting to solve formula with 3 clauses (3 literals) and 1 assumptions
0.015 Unsolvable at layer 0 -- expanding.
0.015 Iteration 1.
0.015 New layer size: 2
0.015 Instantiating ...
0.018 Collected 0 relevant facts at this layer
0.018 Encoding ...
0.018 Attempting to solve formula with 8 clauses (12 literals) and 1 assumptions
0.018 Unsolvable at layer 1 -- expanding.
0.018 Iteration 2.
0.018 New layer size: 3
0.018 Instantiating ...
0.021 Collected 4 relevant facts at this layer
0.021 Encoding ...
0.022 Attempting to solve formula with 33 clauses (61 literals) and 1 assumptions
0.022 Unsolvable at layer 2 -- expanding.
0.022 Iteration 3.
0.022 New layer size: 5
0.022 Instantiating ...
0.032 Collected 241 relevant facts at this layer
0.032 Encoding ...
0.034 Attempting to solve formula with 1786 clauses (4231 literals) and 3 assumptions
0.034 Unsolvable at layer 3 -- expanding.
0.034 Iteration 4.
0.034 New layer size: 9
0.034 Instantiating ...
0.045 Collected 452 relevant facts at this layer
0.045 Encoding ...
0.049 Attempting to solve formula with 5965 clauses (16551 literals) and 4 assumptions
0.049 Unsolvable at layer 4 -- expanding.
0.049 Iteration 5.
0.049 New layer size: 14
0.049 Instantiating ...
0.069 Collected 751 relevant facts at this layer
0.069 Encoding ...
0.081 Attempting to solve formula with 16628 clauses (49236 literals) and 6 assumptions
0.081 Unsolvable at layer 5 -- expanding.
0.081 Iteration 6.
0.081 New layer size: 25
0.081 Instantiating ...
0.118 Collected 959 relevant facts at this layer
0.118 Encoding ...
0.147 Attempting to solve formula with 44435 clauses (133938 literals) and 11 assumptions
0.147 Unsolvable at layer 6 -- expanding.
0.147 Iteration 7.
0.147 New layer size: 43
0.147 Instantiating ...
0.220 Collected 1123 relevant facts at this layer
0.220 Encoding ...
0.277 Attempting to solve formula with 100647 clauses (299980 literals) and 21 assumptions
0.277 Unsolvable at layer 7 -- expanding.
0.277 Iteration 8.
0.277 New layer size: 77
0.277 Instantiating ...
0.406 Collected 1138 relevant facts at this layer
0.406 Encoding ...
0.513 Attempting to solve formula with 206078 clauses (612700 literals) and 37 assumptions
0.513 Unsolvable at layer 8 -- expanding.
0.513 Iteration 9.
0.513 New layer size: 135
0.513 Instantiating ...
0.747 Collected 1148 relevant facts at this layer
0.747 Encoding ...
0.944 Attempting to solve formula with 394820 clauses (1173935 literals) and 64 assumptions
0.944 Unsolvable at layer 9 -- expanding.
0.944 Iteration 10.
0.944 New layer size: 240
0.944 Instantiating ...
1.358 Collected 1148 relevant facts at this layer
1.358 Encoding ...
1.727 Attempting to solve formula with 732691 clauses (2191227 literals) and 114 assumptions
1.727 Unsolvable at layer 10 -- expanding.
1.727 Iteration 11.
1.727 New layer size: 424
1.727 Instantiating ...
2.476 Collected 1148 relevant facts at this layer
2.476 Encoding ...
3.148 Attempting to solve formula with 1336646 clauses (4003894 literals) and 199 assumptions
3.169 Unsolvable at layer 11 -- expanding.
3.169 Iteration 12.
3.169 New layer size: 746
3.169 Instantiating ...
4.527 Collected 1148 relevant facts at this layer
4.527 Encoding ...
5.717 Attempting to solve formula with 2401043 clauses (7218352 literals) and 354 assumptions
5.860 Unsolvable at layer 12 -- expanding.
5.860 Iteration 13.
5.861 New layer size: 1320
5.861 Instantiating ...
8.353 Collected 1148 relevant facts at this layer
8.353 Encoding ...
10.456 Attempting to solve formula with 4294673 clauses (12942033 literals) and 622 assumptions
10.564 Unsolvable at layer 13 -- expanding.
10.564 Iteration 14.
10.565 New layer size: 2331
10.565 Instantiating ...
14.954 Collected 1148 relevant facts at this layer
14.954 Encoding ...
18.811 Attempting to solve formula with 7636474 clauses (23073196 literals) and 1102 assumptions
18.819 Unsolvable at layer 14 -- expanding.
18.819 Iteration 15.
18.820 New layer size: 4125
18.820 Instantiating ...
26.445 Collected 1148 relevant facts at this layer
26.445 Encoding ...
32.897 Attempting to solve formula with 13556856 clauses (41028306 literals) and 1944 assumptions
33.314 Unsolvable at layer 15 -- expanding.
33.314 Iteration 16.
33.318 New layer size: 7283
33.318 Instantiating ...
46.980 Collected 1148 relevant facts at this layer
46.980 Encoding ...
58.726 Attempting to solve formula with 24004825 clauses (72747708 literals) and 3435 assumptions
59.087 Unsolvable at layer 16 -- expanding.
59.087 Iteration 17.
59.094 New layer size: 12871
59.094 Instantiating ...
83.400 Collected 1148 relevant facts at this layer
83.400 Encoding ...
104.088 Attempting to solve formula with 42480759 clauses (128889586 literals) and 6066 assumptions
104.115 Unsolvable at layer 17 -- expanding.
104.115 Iteration 18.
104.128 New layer size: 22739
104.128 Instantiating ...
131.000 Termination signal caught.
131.000 Total amount of clauses encoded: 42480759
131.000 - directframeaxioms : 26925412 cls
131.000 - indirectframeaxioms : 6491266 cls
131.000 - qfactsemantics : 4676835 cls
131.000 - reductionconstraints : 2835499 cls
131.000 - actionconstraints : 581023 cls
131.000 - substitutionconstraints : 360341 cls
131.000 - qconstequality : 189111 cls
131.000 - atmostoneelement : 177739 cls
131.000 - expansions : 116876 cls
131.000 - predecessors : 99721 cls
131.000 - actioneffects : 25786 cls
131.000 - truefacts : 1148 cls
131.000 - axiomaticops : 2 cls
131.000 # instantiated positions: 44233
131.000 # instantiated actions: 95512
131.000 # instantiated reductions: 53664
131.000 # introduced pseudo-constants: 47319
131.000 # retroactive prunings: 0
131.000 # retroactively pruned operations: 0
131.000 # dominated operations: 341
131.000 Exiting happily.

RUNWATCH_RESULT MEMOUT RETVAL 0 TIME_SECS 131.98 MEMPEAK_KBS 16125356
