    _           _         _
   \ |         \ |       | |                       
   | |     __  | |      _| |______                
   | |     \/  | |     /_   ______\                
   | |      _  | |   __  | |  ___   ___   ___       
   | |___  | | | |  / .\ | | / , | |   \ / ·_\    
   \_____\ |_| |__\ \__/ |_| \___) |_|_| \___\  
[39mL i l o t a n e  version rls-glucose4
by Dominik Schreiber <dominik.schreiber@kit.edu> 2020-2021
using SAT solver glucose4

0.011 Parser finished.
0.011 Structures extracted.
0.012 28 operators and 21 methods created.
0.023 Mined 76 new reduction preconditions (+262.1%).
0.023 Iteration 0.
0.023 Creating initial layer of size 2
0.039 Attempting to solve formula with 5 clauses (6 literals) and 1 assumptions
0.039 Unsolvable at layer 0 -- expanding.
0.039 Iteration 1.
0.039 New layer size: 2
0.039 Instantiating ...
0.061 Collected 1 relevant facts at this layer
0.061 Encoding ...
0.063 Attempting to solve formula with 10 clauses (15 literals) and 1 assumptions
0.063 Unsolvable at layer 1 -- expanding.
0.063 Iteration 2.
0.063 New layer size: 3
0.063 Instantiating ...
0.093 Collected 1 relevant facts at this layer
0.093 Encoding ...
0.095 Attempting to solve formula with 759 clauses (2151 literals) and 2 assumptions
0.096 Unsolvable at layer 2 -- expanding.
0.096 Iteration 3.
0.096 New layer size: 4
0.096 Instantiating ...
0.109 Retroactively prune action (__SURROGATE*c6*connect_6* Q_2,0_Port:0_a13655a7ac7a5167 Q_2,0_Port:1_a13655a7ac7a5167 Q_3,0_PlugType:0_700182228cb09ca1 female in male out) due to impossible effect (isOccupied Q_2,0_Port:1_a13655a7ac7a5167)
0.118 Retroactively prune action (__SURROGATE*c5*connect_5* Q_2,0_Port:0_a13655a7ac7a5167 Q_2,0_Port:1_a13655a7ac7a5167 Q_3,0_PlugType:0_700182228cb09ca1 female in male out) due to impossible effect (isOccupied Q_2,0_Port:1_a13655a7ac7a5167)
0.124 Retroactively prune action (__SURROGATE*c2*connect_2* Q_2,0_Port:0_a13655a7ac7a5167 Q_2,0_Port:1_a13655a7ac7a5167 Q_3,0_PlugType:0_700182228cb09ca1 female in male out) due to impossible effect (isOccupied Q_2,0_Port:0_a13655a7ac7a5167)
0.127 Retroactively prune action (__SURROGATE*c1*connect_1* Q_2,0_Port:0_a13655a7ac7a5167 Q_2,0_Port:1_a13655a7ac7a5167 Q_3,0_PlugType:0_700182228cb09ca1 female in male out) due to impossible effect (isOccupied Q_2,0_Port:0_a13655a7ac7a5167)
0.179 Collected 2758 relevant facts at this layer
0.179 Encoding ...
0.242 Attempting to solve formula with 44118 clauses (160256 literals) and 2 assumptions
0.243 Unsolvable at layer 3 -- expanding.
0.243 Iteration 4.
0.243 New layer size: 5
0.243 Instantiating ...
0.289 Retroactively prune action (__SURROGATE*c5*connect_5* Q_3,1_Port:0_a13655a7ac7a5167 Q_3,1_Port:1_a13655a7ac7a5167 Q_4,1_PlugType:0_700182228cb09ca1 female in male out) due to impossible effect (isOccupied Q_3,1_Port:1_a13655a7ac7a5167)
0.298 Retroactively prune action (__SURROGATE*c6*connect_6* Q_3,1_Port:0_a13655a7ac7a5167 Q_3,1_Port:1_a13655a7ac7a5167 Q_4,1_PlugType:0_700182228cb09ca1 female in male out) due to impossible effect (isOccupied Q_3,1_Port:1_a13655a7ac7a5167)
0.301 Retroactively prune action (__SURROGATE*c1*connect_1* Q_3,1_Port:0_a13655a7ac7a5167 Q_3,1_Port:1_a13655a7ac7a5167 Q_4,1_PlugType:0_700182228cb09ca1 female in male out) due to impossible effect (isOccupied Q_3,1_Port:0_a13655a7ac7a5167)
0.301 Retroactively prune action (__SURROGATE*c2*connect_2* Q_3,1_Port:0_a13655a7ac7a5167 Q_3,1_Port:1_a13655a7ac7a5167 Q_4,1_PlugType:0_700182228cb09ca1 female in male out) due to impossible effect (isOccupied Q_3,1_Port:0_a13655a7ac7a5167)
0.377 Collected 2758 relevant facts at this layer
0.377 Encoding ...
0.471 Attempting to solve formula with 110724 clauses (419494 literals) and 2 assumptions
0.477 Unsolvable at layer 4 -- expanding.
0.477 Iteration 5.
0.477 New layer size: 6
0.477 Instantiating ...
0.583 Retroactively prune action (__SURROGATE*c6*connect_6* Q_4,2_Port:0_a13655a7ac7a5167 Q_4,2_Port:1_a13655a7ac7a5167 Q_5,2_PlugType:0_700182228cb09ca1 female in male out) due to impossible effect (isOccupied Q_4,2_Port:1_a13655a7ac7a5167)
0.584 Retroactively prune action (__SURROGATE*c1*connect_1* Q_4,2_Port:0_a13655a7ac7a5167 Q_4,2_Port:1_a13655a7ac7a5167 Q_5,2_PlugType:0_700182228cb09ca1 female in male out) due to impossible effect (isOccupied Q_4,2_Port:0_a13655a7ac7a5167)
0.584 Retroactively prune action (__SURROGATE*c2*connect_2* Q_4,2_Port:0_a13655a7ac7a5167 Q_4,2_Port:1_a13655a7ac7a5167 Q_5,2_PlugType:0_700182228cb09ca1 female in male out) due to impossible effect (isOccupied Q_4,2_Port:0_a13655a7ac7a5167)
0.599 Retroactively prune action (__SURROGATE*c5*connect_5* Q_4,2_Port:0_a13655a7ac7a5167 Q_4,2_Port:1_a13655a7ac7a5167 Q_5,2_PlugType:0_700182228cb09ca1 female in male out) due to impossible effect (isOccupied Q_4,2_Port:1_a13655a7ac7a5167)
0.671 Collected 2758 relevant facts at this layer
0.671 Encoding ...
0.807 Attempting to solve formula with 186543 clauses (723571 literals) and 3 assumptions
0.812 Unsolvable at layer 5 -- expanding.
0.812 Iteration 6.
0.812 New layer size: 7
0.812 Instantiating ...
0.938 Retroactively prune action (__SURROGATE*c2*connect_2* Q_5,3_Port:0_a13655a7ac7a5167 Q_5,3_Port:1_a13655a7ac7a5167 Q_6,3_PlugType:0_700182228cb09ca1 female in male out) due to impossible effect (isOccupied Q_5,3_Port:0_a13655a7ac7a5167)
0.943 Retroactively prune action (__SURROGATE*c6*connect_6* Q_5,3_Port:0_a13655a7ac7a5167 Q_5,3_Port:1_a13655a7ac7a5167 Q_6,3_PlugType:0_700182228cb09ca1 female in male out) due to impossible effect (isOccupied Q_5,3_Port:1_a13655a7ac7a5167)
0.943 Retroactively prune action (__SURROGATE*c5*connect_5* Q_5,3_Port:0_a13655a7ac7a5167 Q_5,3_Port:1_a13655a7ac7a5167 Q_6,3_PlugType:0_700182228cb09ca1 female in male out) due to impossible effect (isOccupied Q_5,3_Port:1_a13655a7ac7a5167)
0.958 Retroactively prune action (__SURROGATE*c1*connect_1* Q_5,3_Port:0_a13655a7ac7a5167 Q_5,3_Port:1_a13655a7ac7a5167 Q_6,3_PlugType:0_700182228cb09ca1 female in male out) due to impossible effect (isOccupied Q_5,3_Port:0_a13655a7ac7a5167)
1.035 Collected 2758 relevant facts at this layer
1.035 Encoding ...
1.212 Attempting to solve formula with 291567 clauses (1157129 literals) and 4 assumptions
1.261 Unsolvable at layer 6 -- expanding.
1.261 Iteration 7.
1.261 New layer size: 8
1.261 Instantiating ...
1.440 Retroactively prune action (__SURROGATE*c5*connect_5* Q_6,4_Port:0_a13655a7ac7a5167 Q_6,4_Port:1_a13655a7ac7a5167 Q_7,4_PlugType:0_700182228cb09ca1 female in male out) due to impossible effect (isOccupied Q_6,4_Port:1_a13655a7ac7a5167)
1.446 Retroactively prune action (__SURROGATE*c6*connect_6* Q_6,4_Port:0_a13655a7ac7a5167 Q_6,4_Port:1_a13655a7ac7a5167 Q_7,4_PlugType:0_700182228cb09ca1 female in male out) due to impossible effect (isOccupied Q_6,4_Port:1_a13655a7ac7a5167)
1.456 Retroactively prune action (__SURROGATE*c2*connect_2* Q_6,4_Port:0_a13655a7ac7a5167 Q_6,4_Port:1_a13655a7ac7a5167 Q_7,4_PlugType:0_700182228cb09ca1 female in male out) due to impossible effect (isOccupied Q_6,4_Port:0_a13655a7ac7a5167)
1.460 Retroactively prune action (__SURROGATE*c1*connect_1* Q_6,4_Port:0_a13655a7ac7a5167 Q_6,4_Port:1_a13655a7ac7a5167 Q_7,4_PlugType:0_700182228cb09ca1 female in male out) due to impossible effect (isOccupied Q_6,4_Port:0_a13655a7ac7a5167)
1.551 Collected 2758 relevant facts at this layer
1.551 Encoding ...
1.781 Attempting to solve formula with 430856 clauses (1742705 literals) and 5 assumptions
2.076 Unsolvable at layer 7 -- expanding.
2.076 Iteration 8.
2.076 New layer size: 9
2.076 Instantiating ...
2.336 Retroactively prune action (__SURROGATE*c1*connect_1* Q_7,5_Port:0_a13655a7ac7a5167 Q_7,5_Port:1_a13655a7ac7a5167 Q_8,5_PlugType:0_700182228cb09ca1 female in male out) due to impossible effect (isOccupied Q_7,5_Port:0_a13655a7ac7a5167)
2.363 Retroactively prune action (__SURROGATE*c6*connect_6* Q_7,5_Port:0_a13655a7ac7a5167 Q_7,5_Port:1_a13655a7ac7a5167 Q_8,5_PlugType:0_700182228cb09ca1 female in male out) due to impossible effect (isOccupied Q_7,5_Port:1_a13655a7ac7a5167)
2.371 Retroactively prune action (__SURROGATE*c5*connect_5* Q_7,5_Port:0_a13655a7ac7a5167 Q_7,5_Port:1_a13655a7ac7a5167 Q_8,5_PlugType:0_700182228cb09ca1 female in male out) due to impossible effect (isOccupied Q_7,5_Port:1_a13655a7ac7a5167)
2.375 Retroactively prune action (__SURROGATE*c2*connect_2* Q_7,5_Port:0_a13655a7ac7a5167 Q_7,5_Port:1_a13655a7ac7a5167 Q_8,5_PlugType:0_700182228cb09ca1 female in male out) due to impossible effect (isOccupied Q_7,5_Port:0_a13655a7ac7a5167)
2.454 Collected 2758 relevant facts at this layer
2.454 Encoding ...
2.732 Attempting to solve formula with 597570 clauses (2446762 literals) and 6 assumptions
3.635 Unsolvable at layer 8 -- expanding.
3.636 Iteration 9.
3.636 New layer size: 10
3.636 Instantiating ...
3.912 Retroactively prune action (__SURROGATE*c1*connect_1* Q_8,6_Port:0_a13655a7ac7a5167 Q_8,6_Port:1_a13655a7ac7a5167 Q_9,6_PlugType:0_700182228cb09ca1 female in male out) due to impossible effect (isOccupied Q_8,6_Port:0_a13655a7ac7a5167)
3.916 Retroactively prune action (__SURROGATE*c2*connect_2* Q_8,6_Port:0_a13655a7ac7a5167 Q_8,6_Port:1_a13655a7ac7a5167 Q_9,6_PlugType:0_700182228cb09ca1 female in male out) due to impossible effect (isOccupied Q_8,6_Port:0_a13655a7ac7a5167)
3.943 Retroactively prune action (__SURROGATE*c6*connect_6* Q_8,6_Port:0_a13655a7ac7a5167 Q_8,6_Port:1_a13655a7ac7a5167 Q_9,6_PlugType:0_700182228cb09ca1 female in male out) due to impossible effect (isOccupied Q_8,6_Port:1_a13655a7ac7a5167)
3.944 Retroactively prune action (__SURROGATE*c5*connect_5* Q_8,6_Port:0_a13655a7ac7a5167 Q_8,6_Port:1_a13655a7ac7a5167 Q_9,6_PlugType:0_700182228cb09ca1 female in male out) due to impossible effect (isOccupied Q_8,6_Port:1_a13655a7ac7a5167)
4.028 Collected 2758 relevant facts at this layer
4.028 Encoding ...
4.427 Attempting to solve formula with 798000 clauses (3301677 literals) and 7 assumptions
6.479 Unsolvable at layer 9 -- expanding.
6.479 Iteration 10.
6.479 New layer size: 11
6.479 Instantiating ...
6.832 Retroactively prune action (__SURROGATE*c6*connect_6* Q_9,7_Port:0_a13655a7ac7a5167 Q_9,7_Port:1_a13655a7ac7a5167 Q_10,7_PlugType:0_700182228cb09ca1 female in male out) due to impossible effect (isOccupied Q_9,7_Port:1_a13655a7ac7a5167)
6.851 Retroactively prune action (__SURROGATE*c1*connect_1* Q_9,7_Port:0_a13655a7ac7a5167 Q_9,7_Port:1_a13655a7ac7a5167 Q_10,7_PlugType:0_700182228cb09ca1 female in male out) due to impossible effect (isOccupied Q_9,7_Port:0_a13655a7ac7a5167)
6.851 Retroactively prune action (__SURROGATE*c2*connect_2* Q_9,7_Port:0_a13655a7ac7a5167 Q_9,7_Port:1_a13655a7ac7a5167 Q_10,7_PlugType:0_700182228cb09ca1 female in male out) due to impossible effect (isOccupied Q_9,7_Port:0_a13655a7ac7a5167)
6.851 Retroactively prune action (__SURROGATE*c5*connect_5* Q_9,7_Port:0_a13655a7ac7a5167 Q_9,7_Port:1_a13655a7ac7a5167 Q_10,7_PlugType:0_700182228cb09ca1 female in male out) due to impossible effect (isOccupied Q_9,7_Port:1_a13655a7ac7a5167)
6.952 Collected 2758 relevant facts at this layer
6.952 Encoding ...
7.384 Attempting to solve formula with 1034546 clauses (4319241 literals) and 8 assumptions
12.489 Unsolvable at layer 10 -- expanding.
12.489 Iteration 11.
12.489 New layer size: 12
12.489 Instantiating ...
12.931 Retroactively prune action (__SURROGATE*c2*connect_2* Q_10,8_Port:0_a13655a7ac7a5167 Q_10,8_Port:1_a13655a7ac7a5167 Q_11,8_PlugType:0_700182228cb09ca1 female in male out) due to impossible effect (isOccupied Q_10,8_Port:0_a13655a7ac7a5167)
12.946 Retroactively prune action (__SURROGATE*c1*connect_1* Q_10,8_Port:0_a13655a7ac7a5167 Q_10,8_Port:1_a13655a7ac7a5167 Q_11,8_PlugType:0_700182228cb09ca1 female in male out) due to impossible effect (isOccupied Q_10,8_Port:0_a13655a7ac7a5167)
12.954 Retroactively prune action (__SURROGATE*c6*connect_6* Q_10,8_Port:0_a13655a7ac7a5167 Q_10,8_Port:1_a13655a7ac7a5167 Q_11,8_PlugType:0_700182228cb09ca1 female in male out) due to impossible effect (isOccupied Q_10,8_Port:1_a13655a7ac7a5167)
12.961 Retroactively prune action (__SURROGATE*c5*connect_5* Q_10,8_Port:0_a13655a7ac7a5167 Q_10,8_Port:1_a13655a7ac7a5167 Q_11,8_PlugType:0_700182228cb09ca1 female in male out) due to impossible effect (isOccupied Q_10,8_Port:1_a13655a7ac7a5167)
13.042 Collected 2758 relevant facts at this layer
13.042 Encoding ...
13.459 Attempting to solve formula with 1308584 clauses (5505839 literals) and 9 assumptions
31.585 Unsolvable at layer 11 -- expanding.
31.585 Iteration 12.
31.585 New layer size: 13
31.585 Instantiating ...
32.079 Retroactively prune action (__SURROGATE*c2*connect_2* Q_11,9_Port:0_a13655a7ac7a5167 Q_11,9_Port:1_a13655a7ac7a5167 Q_12,9_PlugType:0_700182228cb09ca1 female in male out) due to impossible effect (isOccupied Q_11,9_Port:0_a13655a7ac7a5167)
32.087 Retroactively prune action (__SURROGATE*c1*connect_1* Q_11,9_Port:0_a13655a7ac7a5167 Q_11,9_Port:1_a13655a7ac7a5167 Q_12,9_PlugType:0_700182228cb09ca1 female in male out) due to impossible effect (isOccupied Q_11,9_Port:0_a13655a7ac7a5167)
32.087 Retroactively prune action (__SURROGATE*c6*connect_6* Q_11,9_Port:0_a13655a7ac7a5167 Q_11,9_Port:1_a13655a7ac7a5167 Q_12,9_PlugType:0_700182228cb09ca1 female in male out) due to impossible effect (isOccupied Q_11,9_Port:1_a13655a7ac7a5167)
32.099 Retroactively prune action (__SURROGATE*c5*connect_5* Q_11,9_Port:0_a13655a7ac7a5167 Q_11,9_Port:1_a13655a7ac7a5167 Q_12,9_PlugType:0_700182228cb09ca1 female in male out) due to impossible effect (isOccupied Q_11,9_Port:1_a13655a7ac7a5167)
32.176 Collected 2758 relevant facts at this layer
32.176 Encoding ...
32.624 Attempting to solve formula with 1601600 clauses (6770750 literals) and 10 assumptions
64.175 Unsolvable at layer 12 -- expanding.
64.175 Iteration 13.
64.175 New layer size: 14
64.175 Instantiating ...
64.740 Retroactively prune action (__SURROGATE*c1*connect_1* Q_12,10_Port:0_a13655a7ac7a5167 Q_12,10_Port:1_a13655a7ac7a5167 Q_13,10_PlugType:0_700182228cb09ca1 female in male out) due to impossible effect (isOccupied Q_12,10_Port:0_a13655a7ac7a5167)
64.740 Retroactively prune action (__SURROGATE*c5*connect_5* Q_12,10_Port:0_a13655a7ac7a5167 Q_12,10_Port:1_a13655a7ac7a5167 Q_13,10_PlugType:0_700182228cb09ca1 female in male out) due to impossible effect (isOccupied Q_12,10_Port:1_a13655a7ac7a5167)
64.747 Retroactively prune action (__SURROGATE*c2*connect_2* Q_12,10_Port:0_a13655a7ac7a5167 Q_12,10_Port:1_a13655a7ac7a5167 Q_13,10_PlugType:0_700182228cb09ca1 female in male out) due to impossible effect (isOccupied Q_12,10_Port:0_a13655a7ac7a5167)
64.759 Retroactively prune action (__SURROGATE*c6*connect_6* Q_12,10_Port:0_a13655a7ac7a5167 Q_12,10_Port:1_a13655a7ac7a5167 Q_13,10_PlugType:0_700182228cb09ca1 female in male out) due to impossible effect (isOccupied Q_12,10_Port:1_a13655a7ac7a5167)
64.834 Collected 2758 relevant facts at this layer
64.834 Encoding ...
65.339 Attempting to solve formula with 1933332 clauses (8210421 literals) and 11 assumptions
90.490 Unsolvable at layer 13 -- expanding.
90.490 Iteration 14.
90.490 New layer size: 15
90.490 Instantiating ...
91.132 Retroactively prune action (__SURROGATE*c5*connect_5* Q_13,11_Port:0_a13655a7ac7a5167 Q_13,11_Port:1_a13655a7ac7a5167 Q_14,11_PlugType:0_700182228cb09ca1 female in male out) due to impossible effect (isOccupied Q_13,11_Port:1_a13655a7ac7a5167)
91.167 Retroactively prune action (__SURROGATE*c6*connect_6* Q_13,11_Port:0_a13655a7ac7a5167 Q_13,11_Port:1_a13655a7ac7a5167 Q_14,11_PlugType:0_700182228cb09ca1 female in male out) due to impossible effect (isOccupied Q_13,11_Port:1_a13655a7ac7a5167)
91.176 Retroactively prune action (__SURROGATE*c1*connect_1* Q_13,11_Port:0_a13655a7ac7a5167 Q_13,11_Port:1_a13655a7ac7a5167 Q_14,11_PlugType:0_700182228cb09ca1 female in male out) due to impossible effect (isOccupied Q_13,11_Port:0_a13655a7ac7a5167)
91.194 Retroactively prune action (__SURROGATE*c2*connect_2* Q_13,11_Port:0_a13655a7ac7a5167 Q_13,11_Port:1_a13655a7ac7a5167 Q_14,11_PlugType:0_700182228cb09ca1 female in male out) due to impossible effect (isOccupied Q_13,11_Port:0_a13655a7ac7a5167)
91.268 Collected 2758 relevant facts at this layer
91.268 Encoding ...
91.840 Attempting to solve formula with 2301352 clauses (9813661 literals) and 12 assumptions
116.014 Unsolvable at layer 14 -- expanding.
116.014 Iteration 15.
116.014 New layer size: 16
116.014 Instantiating ...
116.734 Retroactively prune action (__SURROGATE*c1*connect_1* Q_14,12_Port:0_a13655a7ac7a5167 Q_14,12_Port:1_a13655a7ac7a5167 Q_15,12_PlugType:0_700182228cb09ca1 female in male out) due to impossible effect (isOccupied Q_14,12_Port:0_a13655a7ac7a5167)
116.752 Retroactively prune action (__SURROGATE*c2*connect_2* Q_14,12_Port:0_a13655a7ac7a5167 Q_14,12_Port:1_a13655a7ac7a5167 Q_15,12_PlugType:0_700182228cb09ca1 female in male out) due to impossible effect (isOccupied Q_14,12_Port:0_a13655a7ac7a5167)
116.762 Retroactively prune action (__SURROGATE*c5*connect_5* Q_14,12_Port:0_a13655a7ac7a5167 Q_14,12_Port:1_a13655a7ac7a5167 Q_15,12_PlugType:0_700182228cb09ca1 female in male out) due to impossible effect (isOccupied Q_14,12_Port:1_a13655a7ac7a5167)
116.769 Retroactively prune action (__SURROGATE*c6*connect_6* Q_14,12_Port:0_a13655a7ac7a5167 Q_14,12_Port:1_a13655a7ac7a5167 Q_15,12_PlugType:0_700182228cb09ca1 female in male out) due to impossible effect (isOccupied Q_14,12_Port:1_a13655a7ac7a5167)
116.856 Collected 2758 relevant facts at this layer
116.856 Encoding ...
117.468 Attempting to solve formula with 2694349 clauses (11523032 literals) and 13 assumptions
133.277 Unsolvable at layer 15 -- expanding.
133.277 Iteration 16.
133.277 New layer size: 17
133.277 Instantiating ...
134.041 Retroactively prune action (__SURROGATE*c2*connect_2* Q_15,13_Port:0_a13655a7ac7a5167 Q_15,13_Port:1_a13655a7ac7a5167 Q_16,13_PlugType:0_700182228cb09ca1 female in male out) due to impossible effect (isOccupied Q_15,13_Port:0_a13655a7ac7a5167)
134.042 Retroactively prune action (__SURROGATE*c1*connect_1* Q_15,13_Port:0_a13655a7ac7a5167 Q_15,13_Port:1_a13655a7ac7a5167 Q_16,13_PlugType:0_700182228cb09ca1 female in male out) due to impossible effect (isOccupied Q_15,13_Port:0_a13655a7ac7a5167)
134.042 Retroactively prune action (__SURROGATE*c5*connect_5* Q_15,13_Port:0_a13655a7ac7a5167 Q_15,13_Port:1_a13655a7ac7a5167 Q_16,13_PlugType:0_700182228cb09ca1 female in male out) due to impossible effect (isOccupied Q_15,13_Port:1_a13655a7ac7a5167)
134.042 Retroactively prune action (__SURROGATE*c6*connect_6* Q_15,13_Port:0_a13655a7ac7a5167 Q_15,13_Port:1_a13655a7ac7a5167 Q_16,13_PlugType:0_700182228cb09ca1 female in male out) due to impossible effect (isOccupied Q_15,13_Port:1_a13655a7ac7a5167)
134.132 Collected 2758 relevant facts at this layer
134.132 Encoding ...
134.766 Attempting to solve formula with 3112959 clauses (13341993 literals) and 14 assumptions
c
c Try to adapt solver strategies
c 
c Nothing extreme in this problem, continue with glucose default strategies.
c
204.358 Unsolvable at layer 16 -- expanding.
204.358 Iteration 17.
204.358 New layer size: 18
204.358 Instantiating ...
205.238 Retroactively prune action (__SURROGATE*c6*connect_6* Q_16,14_Port:0_a13655a7ac7a5167 Q_16,14_Port:1_a13655a7ac7a5167 Q_17,14_PlugType:0_700182228cb09ca1 female in male out) due to impossible effect (isOccupied Q_16,14_Port:1_a13655a7ac7a5167)
205.250 Retroactively prune action (__SURROGATE*c1*connect_1* Q_16,14_Port:0_a13655a7ac7a5167 Q_16,14_Port:1_a13655a7ac7a5167 Q_17,14_PlugType:0_700182228cb09ca1 female in male out) due to impossible effect (isOccupied Q_16,14_Port:0_a13655a7ac7a5167)
205.260 Retroactively prune action (__SURROGATE*c5*connect_5* Q_16,14_Port:0_a13655a7ac7a5167 Q_16,14_Port:1_a13655a7ac7a5167 Q_17,14_PlugType:0_700182228cb09ca1 female in male out) due to impossible effect (isOccupied Q_16,14_Port:1_a13655a7ac7a5167)
205.269 Retroactively prune action (__SURROGATE*c2*connect_2* Q_16,14_Port:0_a13655a7ac7a5167 Q_16,14_Port:1_a13655a7ac7a5167 Q_17,14_PlugType:0_700182228cb09ca1 female in male out) due to impossible effect (isOccupied Q_16,14_Port:0_a13655a7ac7a5167)
205.346 Collected 2758 relevant facts at this layer
205.346 Encoding ...
206.033 Attempting to solve formula with 3559324 clauses (15280699 literals) and 15 assumptions
290.610 Unsolvable at layer 17 -- expanding.
290.610 Iteration 18.
290.610 New layer size: 19
290.610 Instantiating ...
291.583 Retroactively prune action (__SURROGATE*c6*connect_6* Q_17,15_Port:0_a13655a7ac7a5167 Q_17,15_Port:1_a13655a7ac7a5167 Q_18,15_PlugType:0_700182228cb09ca1 female in male out) due to impossible effect (isOccupied Q_17,15_Port:1_a13655a7ac7a5167)
291.594 Retroactively prune action (__SURROGATE*c1*connect_1* Q_17,15_Port:0_a13655a7ac7a5167 Q_17,15_Port:1_a13655a7ac7a5167 Q_18,15_PlugType:0_700182228cb09ca1 female in male out) due to impossible effect (isOccupied Q_17,15_Port:0_a13655a7ac7a5167)
291.597 Retroactively prune action (__SURROGATE*c2*connect_2* Q_17,15_Port:0_a13655a7ac7a5167 Q_17,15_Port:1_a13655a7ac7a5167 Q_18,15_PlugType:0_700182228cb09ca1 female in male out) due to impossible effect (isOccupied Q_17,15_Port:0_a13655a7ac7a5167)
291.601 Retroactively prune action (__SURROGATE*c5*connect_5* Q_17,15_Port:0_a13655a7ac7a5167 Q_17,15_Port:1_a13655a7ac7a5167 Q_18,15_PlugType:0_700182228cb09ca1 female in male out) due to impossible effect (isOccupied Q_17,15_Port:1_a13655a7ac7a5167)
291.685 Collected 2758 relevant facts at this layer
291.685 Encoding ...
292.399 Attempting to solve formula with 4040027 clauses (17372789 literals) and 16 assumptions
378.719 Unsolvable at layer 18 -- expanding.
378.719 Iteration 19.
378.719 New layer size: 20
378.719 Instantiating ...
379.714 Retroactively prune action (__SURROGATE*c6*connect_6* Q_18,16_Port:0_a13655a7ac7a5167 Q_18,16_Port:1_a13655a7ac7a5167 Q_19,16_PlugType:0_700182228cb09ca1 female in male out) due to impossible effect (isOccupied Q_18,16_Port:1_a13655a7ac7a5167)
379.718 Retroactively prune action (__SURROGATE*c1*connect_1* Q_18,16_Port:0_a13655a7ac7a5167 Q_18,16_Port:1_a13655a7ac7a5167 Q_19,16_PlugType:0_700182228cb09ca1 female in male out) due to impossible effect (isOccupied Q_18,16_Port:0_a13655a7ac7a5167)
379.744 Retroactively prune action (__SURROGATE*c2*connect_2* Q_18,16_Port:0_a13655a7ac7a5167 Q_18,16_Port:1_a13655a7ac7a5167 Q_19,16_PlugType:0_700182228cb09ca1 female in male out) due to impossible effect (isOccupied Q_18,16_Port:0_a13655a7ac7a5167)
379.751 Retroactively prune action (__SURROGATE*c5*connect_5* Q_18,16_Port:0_a13655a7ac7a5167 Q_18,16_Port:1_a13655a7ac7a5167 Q_19,16_PlugType:0_700182228cb09ca1 female in male out) due to impossible effect (isOccupied Q_18,16_Port:1_a13655a7ac7a5167)
379.826 Collected 2758 relevant facts at this layer
379.826 Encoding ...
380.595 Attempting to solve formula with 4555454 clauses (19620981 literals) and 17 assumptions
532.196 Unsolvable at layer 19 -- expanding.
532.196 Iteration 20.
532.196 New layer size: 21
532.196 Instantiating ...
533.236 Retroactively prune action (__SURROGATE*c6*connect_6* Q_19,17_Port:0_a13655a7ac7a5167 Q_19,17_Port:1_a13655a7ac7a5167 Q_20,17_PlugType:0_700182228cb09ca1 female in male out) due to impossible effect (isOccupied Q_19,17_Port:1_a13655a7ac7a5167)
533.247 Retroactively prune action (__SURROGATE*c2*connect_2* Q_19,17_Port:0_a13655a7ac7a5167 Q_19,17_Port:1_a13655a7ac7a5167 Q_20,17_PlugType:0_700182228cb09ca1 female in male out) due to impossible effect (isOccupied Q_19,17_Port:0_a13655a7ac7a5167)
533.259 Retroactively prune action (__SURROGATE*c1*connect_1* Q_19,17_Port:0_a13655a7ac7a5167 Q_19,17_Port:1_a13655a7ac7a5167 Q_20,17_PlugType:0_700182228cb09ca1 female in male out) due to impossible effect (isOccupied Q_19,17_Port:0_a13655a7ac7a5167)
533.266 Retroactively prune action (__SURROGATE*c5*connect_5* Q_19,17_Port:0_a13655a7ac7a5167 Q_19,17_Port:1_a13655a7ac7a5167 Q_20,17_PlugType:0_700182228cb09ca1 female in male out) due to impossible effect (isOccupied Q_19,17_Port:1_a13655a7ac7a5167)
533.337 Collected 2758 relevant facts at this layer
533.337 Encoding ...
534.122 Attempting to solve formula with 5103678 clauses (22014545 literals) and 18 assumptions
747.067 Unsolvable at layer 20 -- expanding.
747.067 Iteration 21.
747.067 New layer size: 22
747.067 Instantiating ...
748.050 Retroactively prune action (__SURROGATE*c6*connect_6* Q_20,18_Port:0_a13655a7ac7a5167 Q_20,18_Port:1_a13655a7ac7a5167 Q_21,18_PlugType:0_700182228cb09ca1 female in male out) due to impossible effect (isOccupied Q_20,18_Port:1_a13655a7ac7a5167)
748.067 Retroactively prune action (__SURROGATE*c5*connect_5* Q_20,18_Port:0_a13655a7ac7a5167 Q_20,18_Port:1_a13655a7ac7a5167 Q_21,18_PlugType:0_700182228cb09ca1 female in male out) due to impossible effect (isOccupied Q_20,18_Port:1_a13655a7ac7a5167)
748.067 Retroactively prune action (__SURROGATE*c1*connect_1* Q_20,18_Port:0_a13655a7ac7a5167 Q_20,18_Port:1_a13655a7ac7a5167 Q_21,18_PlugType:0_700182228cb09ca1 female in male out) due to impossible effect (isOccupied Q_20,18_Port:0_a13655a7ac7a5167)
748.067 Retroactively prune action (__SURROGATE*c2*connect_2* Q_20,18_Port:0_a13655a7ac7a5167 Q_20,18_Port:1_a13655a7ac7a5167 Q_21,18_PlugType:0_700182228cb09ca1 female in male out) due to impossible effect (isOccupied Q_20,18_Port:0_a13655a7ac7a5167)
748.137 Collected 2758 relevant facts at this layer
748.137 Encoding ...
748.928 Attempting to solve formula with 5678184 clauses (24518657 literals) and 19 assumptions
1133.081 Unsolvable at layer 21 -- expanding.
1133.081 Iteration 22.
1133.081 New layer size: 23
1133.081 Instantiating ...
1134.078 Retroactively prune action (__SURROGATE*c5*connect_5* Q_21,19_Port:0_a13655a7ac7a5167 Q_21,19_Port:1_a13655a7ac7a5167 Q_22,19_PlugType:0_700182228cb09ca1 female in male out) due to impossible effect (isOccupied Q_21,19_Port:1_a13655a7ac7a5167)
1134.103 Retroactively prune action (__SURROGATE*c6*connect_6* Q_21,19_Port:0_a13655a7ac7a5167 Q_21,19_Port:1_a13655a7ac7a5167 Q_22,19_PlugType:0_700182228cb09ca1 female in male out) due to impossible effect (isOccupied Q_21,19_Port:1_a13655a7ac7a5167)
1134.107 Retroactively prune action (__SURROGATE*c2*connect_2* Q_21,19_Port:0_a13655a7ac7a5167 Q_21,19_Port:1_a13655a7ac7a5167 Q_22,19_PlugType:0_700182228cb09ca1 female in male out) due to impossible effect (isOccupied Q_21,19_Port:0_a13655a7ac7a5167)
1134.110 Retroactively prune action (__SURROGATE*c1*connect_1* Q_21,19_Port:0_a13655a7ac7a5167 Q_21,19_Port:1_a13655a7ac7a5167 Q_22,19_PlugType:0_700182228cb09ca1 female in male out) due to impossible effect (isOccupied Q_21,19_Port:0_a13655a7ac7a5167)
1134.174 Collected 2758 relevant facts at this layer
1134.174 Encoding ...
1135.017 Attempting to solve formula with 6302530 clauses (27253312 literals) and 20 assumptions
1463.301 Unsolvable at layer 22 -- expanding.
1463.301 Iteration 23.
1463.301 New layer size: 24
1463.301 Instantiating ...
1464.304 Retroactively prune action (__SURROGATE*c5*connect_5* Q_22,20_Port:0_a13655a7ac7a5167 Q_22,20_Port:1_a13655a7ac7a5167 Q_23,20_PlugType:0_700182228cb09ca1 female in male out) due to impossible effect (isOccupied Q_22,20_Port:1_a13655a7ac7a5167)
1464.314 Retroactively prune action (__SURROGATE*c6*connect_6* Q_22,20_Port:0_a13655a7ac7a5167 Q_22,20_Port:1_a13655a7ac7a5167 Q_23,20_PlugType:0_700182228cb09ca1 female in male out) due to impossible effect (isOccupied Q_22,20_Port:1_a13655a7ac7a5167)
1464.317 Retroactively prune action (__SURROGATE*c1*connect_1* Q_22,20_Port:0_a13655a7ac7a5167 Q_22,20_Port:1_a13655a7ac7a5167 Q_23,20_PlugType:0_700182228cb09ca1 female in male out) due to impossible effect (isOccupied Q_22,20_Port:0_a13655a7ac7a5167)
1464.319 Retroactively prune action (__SURROGATE*c2*connect_2* Q_22,20_Port:0_a13655a7ac7a5167 Q_22,20_Port:1_a13655a7ac7a5167 Q_23,20_PlugType:0_700182228cb09ca1 female in male out) due to impossible effect (isOccupied Q_22,20_Port:0_a13655a7ac7a5167)
1464.392 Collected 2758 relevant facts at this layer
1464.392 Encoding ...
1465.203 Attempting to solve formula with 6938931 clauses (30028946 literals) and 21 assumptions
1801.106 Termination signal caught.
1801.106 Total amount of clauses encoded: 6938931
1801.106 - indirectframeaxioms : 3971200 cls
1801.106 - qfactsemantics : 1362464 cls
1801.106 - directframeaxioms : 1285220 cls
1801.106 - reductionconstraints : 234887 cls
1801.106 - atmostoneelement : 26337 cls
1801.106 - actionconstraints : 25796 cls
1801.106 - substitutionconstraints : 18550 cls
1801.106 - qconstequality : 4040 cls
1801.106 - predecessors : 3596 cls
1801.106 - expansions : 3522 cls
1801.106 - truefacts : 2758 cls
1801.106 - actioneffects : 559 cls
1801.106 - axiomaticops : 2 cls
1801.106 # instantiated positions: 300
1801.106 # instantiated actions: 3282
1801.106 # instantiated reductions: 399
1801.107 # introduced pseudo-constants: 549
1801.107 # retroactive prunings: 86
1801.107 # retroactively pruned operations: 86
1801.107 # dominated operations: 121
1801.107 # total invalid rigid preconditions found in getPFC: 0
1801.107 # invalid rigid preconditions found in getPFC: 0
1801.107 # invalid rigid preconditions found in getPFC in varrestrictions: 0
1801.107 # total invalid fluent preconditions found in getPFC: 18
1801.107 # invalid fluent preconditions found in getPFC: 18
1801.107 # invalid fluent preconditions found in getPFC in varrestrictions: 0
1801.107 # invalid fluent preconditions found in getPFC via postconditions: 0
1801.107 # invalid subtasks found in getPFC: 2
1801.107 # number effects in operation fact_frames: 170
1801.107 # number of variables restricted: 33692
1801.107 Exiting happily.

RUNWATCH_RESULT TIMEOUT RETVAL 0 TIME_SECS 1801.19 MEMPEAK_KBS 1156440
