pandaPIparser is configured as follows
  Colors in output: true
  Mode: parsing mode
  Parameter splitting: true
  Conditional effects: exponential encoding
  Disjunctive preconditions as HTN: false
  Replace goal with action: false
  Output: pandaPI format
TUUP sort_for_b1
TUUP sort_for_b10
TUUP sort_for_b2
TUUP sort_for_b3
TUUP sort_for_b4
TUUP sort_for_b5
TUUP sort_for_b6
TUUP sort_for_b7
TUUP sort_for_b8
TUUP sort_for_b9
General Options
  Print timings: false
  Quiet mode: false
Inference Options
  H2 mutexes: false
  FAM groups: false
Transformation Options
  Add zero-cost no-op to empty methods: true
  Remove duplicate actions: true
  Remove useless literals: true
  Expand abstract tasks with one method: true
  Remove empty method preconditions: true
  Two regularisation: false
  Compile negative SAS variables: false
Runtime Optimisations
  Hierarchy Typing: true
  Future Caching: false
  Static Precondition Checking: false
Output Options
  Panda planner format: true
  HDDL: false
  SAS for Fast Downward (without hierarchy): false
Output Formatting Options
  Output only SAS+ variables: false
  SAS+ delete mode: as input
Reading input from /home/schnell/lilotane/sotaevaluation//PandaGBFS_runwatchtime_timeout1800_2021-11-16_21:14:14/runwatch_log/802/802.parsed.
Writing output to /home/schnell/lilotane/sotaevaluation//PandaGBFS_runwatchtime_timeout1800_2021-11-16_21:14:14/runwatch_log/802/802.sas.
Writing output to standard output.
Parsing done.
Conditional Effects expanded
done.
Starting Hierarchy Typing
Total 0.603ms
Contains 0.063ms
Restrict 0.089ms
MPrep 0.082ms
Finished Hierarchy Typing
Running PG.
Process actions without preconditions
Done.
 ---> Disabling potentially consistent extension checking for action:           6 (unstack)
 ---> Disabling potentially consistent extension checking for action:           5 (stack)
Returning from runGpg().
PG done. Postprocessing
PG postprocessing done.
Calculated [1197] grounded tasks and [194] reachable facts.
Running TDG.
Process actions without preconditions
Done.
Returning from runGpg().
TDG done.
Calculated [1400] grounded tasks and [1179] grounded decomposition methods.
Performing DFS.
DFS done.
After DFS: 830 tasks, 803 methods.
Grounded PG:
Input was [721, 830], output was [291, 108].
Grounded TDG:
Input was [803, 291], output was [369, 291].
Grounded PG:
Input was [287, 108], output was [275, 104].
Grounded TDG:
Input was [365, 275], output was [353, 275].
Grounded PG:
Input was [274, 104], output was [274, 103].
Simplifying instance.
Removing useless facts/literals
Removing method precondition actions whose precondition is empty
Expanding abstract tasks with only one method
Starting duplicate elimination.
Data structure build.
0 duplicates found.
Duplicates replaced in methods.
Further Mutex Groups: 0 strict 0 non strict
Writing instance to output.
Final Statistics: F 95 S 0 SC 0 SM 0 NSM 0 I 0 P 171 S 102 A 87 M 337
Exiting.
Random seed: 42
Time limit: 1800 seconds
Reading input from /home/schnell/lilotane/sotaevaluation//PandaGBFS_runwatchtime_timeout1800_2021-11-16_21:14:14/runwatch_log/802/802.sas.
- State has 95 bits divided into 95 mutex groups.
- Domain contains 273 actions.
- Domain contains 360 tasks.
- Domain contains 337 methods.
- The initial state contains 24 set bits.
- The initial task is "__top[]".
- State-based goal contains 13 bits.
- Instance is totally-ordered: yes
- Instance has unique paths: yes
- Instance is parallel sequences: yes
Calculate SCCs...
- Number of SCCs: 356
- The problem is cyclic
- Number of cyclic SCCs: 4
- Number of cyclic SCCs of size 1: 0
Selected Planning Algorithm: progression searchParsing heuristics ...
Number of specified heuristics: 1
- the option "store cuts" of the RC heuristic can only be used with the inner heuristic LM-Cut. It will be disabled.
- Calculating minimal implied costs and distances (0 ms)
Heuristic #0 = hhRC2(add;distance;correct count)
Search config:
 - type: path cost
 - weight: 1
 - suboptimal: false
Visited List configured
- mode: total order
- hashs to use: state task task-sequence
- memory information: topological ordering
- Visited list allows deletion of search nodes: true
Search Configuration
- Using JAIR 2020 progression algorithm
- Search is stopped after first solution is found.
- A* Search
- Distance G is "modification depth"
Search Results
- Search time 0.406 seconds
- Visited list time 0.021058 seconds
- Visited list inserts 4550
- Visited list pruned 554
- Visited list contains 3996
- Visited list hash collisions 554
- Visited list used hash buckets 3996
- Generated 20521 search nodes
  Calculated heuristic for 17866 nodes
  One modifications 1653
  Effectless actions 1002
- including 1653 one modification actions
- including 0 one modification methods
- and       1002 progressions of effectless actions
- Generated 44004 nodes per second
- Final fringe contains 364 nodes
- Status: Solved
- Found solution of length 155
- Total costs of actions: 43
==>
7 mark_done[b4]
46 __method_precondition_unstack-block[b1,b10]
97 unstack[b1,b10,arm1]
111 __method_precondition_release-table[b1,arm1]
116 putdown[b1,arm1]
249 __method_precondition_unstack-block[b10,b6]
265 unstack[b10,b6,arm1]
280 __method_precondition_release-table-done[b10,arm1]
281 delete_goal_on_table[b10]
282 mark_done[b10]
285 putdown[b10,arm1]
308 __method_precondition_unstack-block[b6,b2]
317 unstack[b6,b2,arm1]
333 __method_precondition_release-table-done[b6,arm1]
334 delete_goal_on_table[b6]
335 mark_done[b6]
339 putdown[b6,arm1]
597 __method_precondition_unstack-block[b8,b9]
937 unstack[b8,b9,arm1]
949 __method_precondition_release-table[b8,arm1]
953 putdown[b8,arm1]
1569 __method_precondition_unstack-block[b9,b5]
1723 unstack[b9,b5,arm1]
1735 __method_precondition_release-table[b9,arm1]
1741 putdown[b9,arm1]
2655 __method_precondition_unstack-block[b5,b3]
2817 unstack[b5,b3,arm1]
2844 __method_precondition_release-stack[b5,b10,arm1]
2845 delete_goal_on[b5,b10]
2846 mark_done[b5]
2852 stack[b5,b10,arm1]
3120 __method_precondition_unstack-block[b2,b7]
3422 unstack[b2,b7,arm1]
3436 __method_precondition_release-table-done[b2,arm1]
3437 delete_goal_on_table[b2]
3438 mark_done[b2]
3445 putdown[b2,arm1]
4541 __method_precondition_unstack-block[b3,b4]
4680 unstack[b3,b4,arm1]
4708 __method_precondition_release-stack[b3,b6,arm1]
4709 delete_goal_on[b3,b6]
4710 mark_done[b3]
4716 stack[b3,b6,arm1]
5712 __method_precondition_pickup-ready-block[b7,b5]
6675 pickup[b7,arm1]
6700 __method_precondition_release-stack[b7,b5,arm1]
6701 delete_goal_on[b7,b5]
6702 mark_done[b7]
6708 stack[b7,b5,arm1]
9624 __method_precondition_pickup-ready-block[b9,b3]
10180 pickup[b9,arm1]
10757 __method_precondition_release-stack[b9,b3,arm1]
10758 delete_goal_on[b9,b3]
10759 mark_done[b9]
10765 stack[b9,b3,arm1]
14233 __method_precondition_pickup-ready-block[b8,b4]
14748 pickup[b8,arm1]
14848 __method_precondition_release-stack[b8,b4,arm1]
14849 delete_goal_on[b8,b4]
14850 mark_done[b8]
14852 stack[b8,b4,arm1]
19786 __method_precondition_pickup-ready-block[b1,b7]
20456 pickup[b1,arm1]
20478 __method_precondition_release-stack[b1,b7,arm1]
20479 delete_goal_on[b1,b7]
20480 mark_done[b1]
20488 stack[b1,b7,arm1]
20492 __method_precondition_set_done[]
20498 __method_precondition_set_done[]
20504 __method_precondition_set_done[]
20510 __method_precondition_set_done[]
root 0
20509 achieve-goals[arm4] -> set_done 20510
20503 achieve-goals[arm3] -> set_done 20504
20497 achieve-goals[arm2] -> set_done 20498
20491 achieve-goals[arm1] -> set_done 20492
20487 stack_abstract[b1,b7] -> newMethod15 20488
20477 release-stack_splitted_5[arm1] -> _splitting_method_release-stack_splitted_5 20478 20479 20480 20487
20461 release[arm1] -> release-stack 20477 20491
20455 acquire_abstract[b1,arm1] -> newMethod13 20456
19785 pickup-ready-block_splitted_3[arm1] -> <_splitting_method_pickup-ready-block_splitted_3;_splitting_method_pickup-ready-block_splitted_3_splitted_9[b1];_splitting_method__splitting_method_pickup-ready-block_splitted_3_splitted_9;0;-1,1> 19786 20455
14859 achieve-goals[arm1] -> pickup-ready-block 19785 20461
14851 stack_abstract[b8,b4] -> newMethod15 14852
14847 release-stack_splitted_5[arm1] -> _splitting_method_release-stack_splitted_5 14848 14849 14850 14851
14753 release[arm1] -> release-stack 14847 14859
14747 acquire_abstract[b8,arm1] -> newMethod13 14748
14232 pickup-ready-block_splitted_3[arm1] -> <_splitting_method_pickup-ready-block_splitted_3;_splitting_method_pickup-ready-block_splitted_3_splitted_9[b8];_splitting_method__splitting_method_pickup-ready-block_splitted_3_splitted_9;0;-1,1> 14233 14747
10772 achieve-goals[arm1] -> pickup-ready-block 14232 14753
10764 stack_abstract[b9,b3] -> newMethod15 10765
10756 release-stack_splitted_5[arm1] -> _splitting_method_release-stack_splitted_5 10757 10758 10759 10764
10185 release[arm1] -> release-stack 10756 10772
10179 acquire_abstract[b9,arm1] -> newMethod13 10180
9623 pickup-ready-block_splitted_3[arm1] -> <_splitting_method_pickup-ready-block_splitted_3;_splitting_method_pickup-ready-block_splitted_3_splitted_9[b9];_splitting_method__splitting_method_pickup-ready-block_splitted_3_splitted_9;0;-1,1> 9624 10179
6712 achieve-goals[arm1] -> pickup-ready-block 9623 10185
6707 stack_abstract[b7,b5] -> newMethod15 6708
6699 release-stack_splitted_5[arm1] -> _splitting_method_release-stack_splitted_5 6700 6701 6702 6707
6679 release[arm1] -> release-stack 6699 6712
6674 acquire_abstract[b7,arm1] -> newMethod13 6675
5711 pickup-ready-block_splitted_3[arm1] -> <_splitting_method_pickup-ready-block_splitted_3;_splitting_method_pickup-ready-block_splitted_3_splitted_9[b7];_splitting_method__splitting_method_pickup-ready-block_splitted_3_splitted_9;0;-1,1> 5712 6674
4721 achieve-goals[arm1] -> pickup-ready-block 5711 6679
4715 stack_abstract[b3,b6] -> newMethod15 4716
4707 release-stack_splitted_5[arm1] -> _splitting_method_release-stack_splitted_5 4708 4709 4710 4715
4683 release[arm1] -> release-stack 4707 4721
4679 acquire_abstract[b3,arm1] -> newMethod16 4680
4540 _splitting_method_unstack-block_splitted_4_splitted_10[b3] -> _splitting_method__splitting_method_unstack-block_splitted_4_splitted_10 4541
4535 unstack-block_splitted_4[arm1] -> _splitting_method_unstack-block_splitted_4 4540 4679
3450 achieve-goals[arm1] -> unstack-block 4535 4683
3444 putdown_abstract[b2] -> newMethod14 3445
3435 release-table-done_splitted_6[arm1] -> _splitting_method_release-table-done_splitted_6 3436 3437 3438 3444
3424 release[arm1] -> release-table-done 3435 3450
3421 acquire_abstract[b2,arm1] -> newMethod16 3422
3119 unstack-block_splitted_4[arm1] -> <_splitting_method_unstack-block_splitted_4;_splitting_method_unstack-block_splitted_4_splitted_10[b2];_splitting_method__splitting_method_unstack-block_splitted_4_splitted_10;0;-1,1> 3120 3421
2859 achieve-goals[arm1] -> unstack-block 3119 3424
2851 stack_abstract[b5,b10] -> newMethod15 2852
2843 release-stack_splitted_5[arm1] -> _splitting_method_release-stack_splitted_5 2844 2845 2846 2851
2820 release[arm1] -> release-stack 2843 2859
2816 acquire_abstract[b5,arm1] -> newMethod16 2817
2654 _splitting_method_unstack-block_splitted_4_splitted_10[b5] -> _splitting_method__splitting_method_unstack-block_splitted_4_splitted_10 2655
2481 unstack-block_splitted_4[arm1] -> _splitting_method_unstack-block_splitted_4 2654 2816
1747 achieve-goals[arm1] -> unstack-block 2481 2820
1740 putdown_abstract[b9] -> newMethod14 1741
1734 release-table_splitted_7[arm1] -> _splitting_method_release-table_splitted_7 1735 1740
1725 release[arm1] -> release-table 1734 1747
1722 acquire_abstract[b9,arm1] -> newMethod16 1723
1568 _splitting_method_unstack-block_splitted_4_splitted_10[b9] -> _splitting_method__splitting_method_unstack-block_splitted_4_splitted_10 1569
1321 unstack-block_splitted_4[arm1] -> _splitting_method_unstack-block_splitted_4 1568 1722
960 achieve-goals[arm1] -> unstack-block 1321 1725
952 putdown_abstract[b8] -> newMethod14 953
948 release-table_splitted_7[arm1] -> _splitting_method_release-table_splitted_7 949 952
938 release[arm1] -> release-table 948 960
936 acquire_abstract[b8,arm1] -> newMethod16 937
596 _splitting_method_unstack-block_splitted_4_splitted_10[b8] -> _splitting_method__splitting_method_unstack-block_splitted_4_splitted_10 597
394 unstack-block_splitted_4[arm1] -> _splitting_method_unstack-block_splitted_4 596 936
345 achieve-goals[arm1] -> unstack-block 394 938
338 putdown_abstract[b6] -> newMethod14 339
332 release-table-done_splitted_6[arm1] -> _splitting_method_release-table-done_splitted_6 333 334 335 338
319 release[arm1] -> release-table-done 332 345
316 acquire_abstract[b6,arm1] -> newMethod16 317
307 unstack-block_splitted_4[arm1] -> <_splitting_method_unstack-block_splitted_4;_splitting_method_unstack-block_splitted_4_splitted_10[b6];_splitting_method__splitting_method_unstack-block_splitted_4_splitted_10;0;-1,1> 308 316
293 achieve-goals[arm1] -> unstack-block 307 319
284 putdown_abstract[b10] -> newMethod14 285
279 release-table-done_splitted_6[arm1] -> _splitting_method_release-table-done_splitted_6 280 281 282 284
267 release[arm1] -> release-table-done 279 293
264 acquire_abstract[b10,arm1] -> newMethod16 265
248 unstack-block_splitted_4[arm1] -> <_splitting_method_unstack-block_splitted_4;_splitting_method_unstack-block_splitted_4_splitted_10[b10];_splitting_method__splitting_method_unstack-block_splitted_4_splitted_10;0;-1,1> 249 264
121 achieve-goals[arm1] -> unstack-block 248 267
115 putdown_abstract[b1] -> newMethod14 116
110 release-table_splitted_7[arm1] -> _splitting_method_release-table_splitted_7 111 115
99 release[arm1] -> release-table 110 121
96 acquire_abstract[b1,arm1] -> newMethod16 97
45 _splitting_method_unstack-block_splitted_4_splitted_10[b1] -> _splitting_method__splitting_method_unstack-block_splitted_4_splitted_10 46
39 unstack-block_splitted_4[arm1] -> _splitting_method_unstack-block_splitted_4 45 96
15 achieve-goals[arm1] -> unstack-block 39 99
6 mark-done-table_splitted_1[] -> _splitting_method_mark-done-table_splitted_1 7
2 achieve-goals[arm1] -> mark-done-table 6 15
0 __top[] -> __top_method 2 20497 20503 20509
<==

RUNWATCH_RESULT EXIT RETVAL 0 TIME_SECS 0.55687 MEMPEAK_KBS 932
