pandaPIparser is configured as follows
  Colors in output: true
  Mode: parsing mode
  Parameter splitting: true
  Conditional effects: exponential encoding
  Disjunctive preconditions as HTN: false
  Replace goal with action: false
  Output: pandaPI format
TUUP sort_for_b1
TUUP sort_for_b10
TUUP sort_for_b11
TUUP sort_for_b12
TUUP sort_for_b13
TUUP sort_for_b14
TUUP sort_for_b15
TUUP sort_for_b16
TUUP sort_for_b17
TUUP sort_for_b18
TUUP sort_for_b19
TUUP sort_for_b2
TUUP sort_for_b20
TUUP sort_for_b21
TUUP sort_for_b22
TUUP sort_for_b23
TUUP sort_for_b24
TUUP sort_for_b25
TUUP sort_for_b26
TUUP sort_for_b27
TUUP sort_for_b28
TUUP sort_for_b29
TUUP sort_for_b3
TUUP sort_for_b30
TUUP sort_for_b31
TUUP sort_for_b32
TUUP sort_for_b33
TUUP sort_for_b34
TUUP sort_for_b35
TUUP sort_for_b36
TUUP sort_for_b37
TUUP sort_for_b38
TUUP sort_for_b39
TUUP sort_for_b4
TUUP sort_for_b40
TUUP sort_for_b41
TUUP sort_for_b42
TUUP sort_for_b43
TUUP sort_for_b44
TUUP sort_for_b45
TUUP sort_for_b46
TUUP sort_for_b47
TUUP sort_for_b48
TUUP sort_for_b49
TUUP sort_for_b5
TUUP sort_for_b50
TUUP sort_for_b51
TUUP sort_for_b52
TUUP sort_for_b53
TUUP sort_for_b54
TUUP sort_for_b55
TUUP sort_for_b56
TUUP sort_for_b57
TUUP sort_for_b58
TUUP sort_for_b59
TUUP sort_for_b6
TUUP sort_for_b60
TUUP sort_for_b61
TUUP sort_for_b62
TUUP sort_for_b63
TUUP sort_for_b64
TUUP sort_for_b65
TUUP sort_for_b66
TUUP sort_for_b67
TUUP sort_for_b68
TUUP sort_for_b69
TUUP sort_for_b7
TUUP sort_for_b70
TUUP sort_for_b71
TUUP sort_for_b72
TUUP sort_for_b73
TUUP sort_for_b74
TUUP sort_for_b75
TUUP sort_for_b8
TUUP sort_for_b9
General Options
  Print timings: false
  Quiet mode: false
Inference Options
  H2 mutexes: false
  FAM groups: false
Transformation Options
  Add zero-cost no-op to empty methods: true
  Remove duplicate actions: true
  Remove useless literals: true
  Expand abstract tasks with one method: true
  Remove empty method preconditions: true
  Two regularisation: false
  Compile negative SAS variables: false
Runtime Optimisations
  Hierarchy Typing: true
  Future Caching: false
  Static Precondition Checking: false
Output Options
  Panda planner format: true
  HDDL: false
  SAS for Fast Downward (without hierarchy): false
Output Formatting Options
  Output only SAS+ variables: false
  SAS+ delete mode: as input
Reading input from /home/schnell/lilotane/sotaevaluation//PandaSAT_runwatchtime_timeout1800_2021-11-16_15:47:18/runwatch_log/860/860.parsed.
Writing output to /home/schnell/lilotane/sotaevaluation//PandaSAT_runwatchtime_timeout1800_2021-11-16_15:47:18/runwatch_log/860/860.sas.
Writing output to standard output.
Parsing done.
Conditional Effects expanded
done.
Starting Hierarchy Typing
Total 1.96ms
Contains 0.099ms
Restrict 0.287ms
MPrep 0.275ms
Finished Hierarchy Typing
Running PG.
Process actions without preconditions
Done.
 ---> Disabling potentially consistent extension checking for action:           6 (unstack)
 ---> Disabling potentially consistent extension checking for action:           3 (pickup)
 ---> Disabling potentially consistent extension checking for action:           5 (stack)
 ---> Disabling potentially consistent extension checking for action:           10 (__method_precondition_unstack-block)
Returning from runGpg().
PG done. Postprocessing
PG postprocessing done.
Calculated [57742] grounded tasks and [6304] reachable facts.
Running TDG.
Process actions without preconditions
Done.
 ---> Disabling potentially consistent extension checking for action:           20 (_splitting_method_release-table_splitted_7)
 ---> Disabling potentially consistent extension checking for action:           16 (_splitting_method_release-stack_splitted_5)
 ---> Disabling potentially consistent extension checking for action:           7 (_splitting_method_pickup-ready-block_splitted_3)
 ---> Disabling potentially consistent extension checking for action:           10 (_splitting_method_unstack-block_splitted_4)
Returning from runGpg().
TDG done.
Calculated [63980] grounded tasks and [52629] grounded decomposition methods.
Performing DFS.
DFS done.
After DFS: 30560 tasks, 30393 methods.
Grounded PG:
Input was [29881, 30560], output was [2406, 809].
Grounded TDG:
Input was [30393, 2406], output was [2918, 2406].
Simplifying instance.
Removing useless facts/literals
Removing method precondition actions whose precondition is empty
Expanding abstract tasks with only one method
Starting duplicate elimination.
Data structure build.
0 duplicates found.
Duplicates replaced in methods.
Further Mutex Groups: 0 strict 0 non strict
Writing instance to output.
Final Statistics: F 743 S 0 SC 0 SM 0 NSM 0 I 0 P 1534 S 872 A 527 M 2766
Exiting.
Random seed: 42
Time limit: 1800 seconds
Reading input from /home/schnell/lilotane/sotaevaluation//PandaSAT_runwatchtime_timeout1800_2021-11-16_15:47:18/runwatch_log/860/860.sas.
- State has 743 bits divided into 743 mutex groups.
- Domain contains 2406 actions.
- Domain contains 2933 tasks.
- Domain contains 2766 methods.
- The initial state contains 165 set bits.
- The initial task is "__top[]".
- State-based goal contains 84 bits.
- Instance is totally-ordered: yes
- Instance has unique paths: yes
- Instance is parallel sequences: yes
Calculate SCCs...
- Number of SCCs: 2929
- The problem is cyclic
- Number of cyclic SCCs: 4
- Number of cyclic SCCs of size 1: 0

Extracting invariants from parsed model
Extracted 0 invariants.
Starting resolution.
After resolution we have 0 invariants, taking 0.008ms.

Computing invariants [Rintanen]
Initial candidates build (826959)
Round 1: 826959 invariants remaining
Round 2: 449534 invariants remaining
Round 3: 275947 invariants remaining
Round 4: 161595 invariants remaining
Round 5: 80242 invariants remaining
Round 6: 26299 invariants remaining
Round 7: 17040 invariants remaining
Round 8: 17037 invariants remaining
Found 17037 invariants in 144.609ms
Calculate SCCs...
- Number of SCCs: 2929
- The problem is cyclic
- Number of cyclic SCCs: 4
- Number of cyclic SCCs of size 1: 0
Hallo


Instance is totally ordered: yes
[33mStarting SAT-based planner[m
Using SAT solver: cryptominisat-5.8.0
Encode Mutexes:    yes
Block Compression: yes
Pruning:           ff




[33mGenerating formula for depth 1[m
Computing PDT took: 0.037 ms
Computed PDT. Extracting leafs ... 4 leafs
Clear pruning tables ... done.
[34mPruning round [m1 Phase: 1
FF Pruning: removed 0 of 0
Pruning: 5 of 5
Leaf Primitive Pruning: 0 of 0
Initial abstract task is pruned: [31mUNSAT[m


[33mGenerating formula for depth 2[m
Computing PDT took: 0.052 ms
Computed PDT. Extracting leafs ... 8 leafs
Clear pruning tables ... done.
[34mPruning round [m1 Phase: 1
FF Pruning: removed 4 of 4
[34mPruning round [m2 Phase: 1
FF Pruning: removed 0 of 0
Pruning: 33 of 33
Leaf Primitive Pruning: 4 of 4
Initial abstract task is pruned: [31mUNSAT[m


[33mGenerating formula for depth 3[m
Computing PDT took: 1.73 ms
Computed PDT. Extracting leafs ... 16 leafs
Clear pruning tables ... done.
[34mPruning round [m1 Phase: 1
FF Pruning: removed 300 of 604
[34mPruning round [m2 Phase: 1
FF Pruning: removed 0 of 304
Pruning: 1524 of 1537
Leaf Primitive Pruning: 944 of 948
Pruning gave 0 new invariants
Assigning variable IDs for PDT ... done. 47 new variables.
Decomposition Clauses generated.
Pruned clauses.
Block compression leads to 1 timesteps.
Decomp formula generated
State atoms
State formula
Matching
Invar time: 3.77ms SM: 0 M: 0 I: 0 SI: 17037
[34mFormula: [m71 decomposition 2614 state 17037 mutex
Formula has 1533 vars and 19722 clauses.
Formula time: 6.859ms
Starting solver
Solver time: 0.045ms
Solver state: [31mUNSAT[m


[33mGenerating formula for depth 4[m
Computing PDT took: 5.893 ms
Computed PDT. Extracting leafs ... 32 leafs
Clear pruning tables ... done.
[34mPruning round [m1 Phase: 1
FF Pruning: removed 600 of 1204
[34mPruning round [m2 Phase: 1
FF Pruning: removed 0 of 604
Pruning: 6692 of 6709
Leaf Primitive Pruning: 4048 of 4052
Pruning gave 0 new invariants
Assigning variable IDs for PDT ... done. 41 new variables.
Decomposition Clauses generated.
Pruned clauses.
Block compression leads to 1 timesteps.
Decomp formula generated
State atoms
State formula
Matching
Invar time: 3.631ms SM: 0 M: 0 I: 0 SI: 17037
[34mFormula: [m95 decomposition 2614 state 17037 mutex
Formula has 3060 vars and 39468 clauses.
Formula time: 11.663ms
Starting solver
Solver time: 0.026ms
Solver state: [31mUNSAT[m


[33mGenerating formula for depth 5[m
Computing PDT took: 8.334 ms
Computed PDT. Extracting leafs ... 48 leafs
Clear pruning tables ... done.
[34mPruning round [m1 Phase: 1
FF Pruning: removed 4639 of 6564
[34mPruning round [m2 Phase: 1
FF Pruning: removed 0 of 1925
Pruning: 12738 of 14137
Leaf Primitive Pruning: 8556 of 9412
Pruning gave 0 new invariants
Assigning variable IDs for PDT ... done. 2247 new variables.
Decomposition Clauses generated.
Pruned clauses.
Block compression leads to 17 timesteps.
Decomp formula generated
State atoms
State formula
Matching
Invar time: 46.403ms SM: 0 M: 0 I: 0 SI: 17037
[34mFormula: [m36372 decomposition 29725 state 289629 mutex
Formula has 18681 vars and 395194 clauses.
Formula time: 75.292ms
Starting solver
Solver time: 0.034ms
Solver state: [31mUNSAT[m


[33mGenerating formula for depth 6[m
Computing PDT took: 8.691 ms
Computed PDT. Extracting leafs ... 64 leafs
Clear pruning tables ... done.
[34mPruning round [m1 Phase: 1
FF Pruning: removed 7421 of 11924
[34mPruning round [m2 Phase: 1
FF Pruning: removed 0 of 4503
Pruning: 16778 of 21565
Leaf Primitive Pruning: 11651 of 14772
Pruning gave 0 new invariants
Assigning variable IDs for PDT ... done. 6302 new variables.
Decomposition Clauses generated.
Pruned clauses.
Block compression leads to 23 timesteps.
Decomp formula generated
State atoms
State formula
Matching
Invar time: 68.776ms SM: 0 M: 0 I: 0 SI: 17037
[34mFormula: [m255260 decomposition 48035 state 391851 mutex
Formula has 42824 vars and 1090340 clauses.
Formula time: 149.749ms
Starting solver
Solver time: 0.038ms
Solver state: [31mUNSAT[m


[33mGenerating formula for depth 7[m
Computing PDT took: 8.792 ms
Computed PDT. Extracting leafs ... 80 leafs
Clear pruning tables ... done.
[34mPruning round [m1 Phase: 1
FF Pruning: removed 9315 of 17284
[34mPruning round [m2 Phase: 1
FF Pruning: removed 0 of 7969
Pruning: 19235 of 28993
Leaf Primitive Pruning: 13650 of 20132
Pruning gave 0 new invariants
Assigning variable IDs for PDT ... done. 10951 new variables.
Decomposition Clauses generated.
Pruned clauses.
Block compression leads to 32 timesteps.
Decomp formula generated
State atoms
State formula
Matching
Invar time: 104.971ms SM: 0 M: 0 I: 0 SI: 17037
[34mFormula: [m482134 decomposition 75782 state 545184 mutex
Formula has 78357 vars and 2193440 clauses.
Formula time: 244.112ms
Starting solver
Solver time: 0.146ms
Solver state: [31mUNSAT[m


[33mGenerating formula for depth 8[m
Computing PDT took: 8.621 ms
Computed PDT. Extracting leafs ... 96 leafs
Clear pruning tables ... done.
[34mPruning round [m1 Phase: 1
FF Pruning: removed 10709 of 22644
[34mPruning round [m2 Phase: 1
FF Pruning: removed 0 of 11935
Pruning: 20878 of 36421
Leaf Primitive Pruning: 15069 of 25492
Pruning gave 0 new invariants
Assigning variable IDs for PDT ... done. 15361 new variables.
Decomposition Clauses generated.
Pruned clauses.
Block compression leads to 40 timesteps.
Decomp formula generated
State atoms
State formula
Matching
Invar time: 121.492ms SM: 0 M: 0 I: 0 SI: 17037
[34mFormula: [m750185 decomposition 104698 state 681480 mutex
Formula has 124319 vars and 3729803 clauses.
Formula time: 322.123ms
Starting solver
Solver time: 0.223ms
Solver state: [31mUNSAT[m


[33mGenerating formula for depth 9[m
Computing PDT took: 8.612 ms
Computed PDT. Extracting leafs ... 112 leafs
Clear pruning tables ... done.
[34mPruning round [m1 Phase: 1
FF Pruning: removed 11630 of 28004
[34mPruning round [m2 Phase: 1
FF Pruning: removed 0 of 16374
Pruning: 21779 of 43849
Leaf Primitive Pruning: 15955 of 30852
Pruning gave 0 new invariants
Assigning variable IDs for PDT ... done. 20191 new variables.
Decomposition Clauses generated.
Pruned clauses.
Block compression leads to 48 timesteps.
Decomp formula generated
State atoms
State formula
Matching
Invar time: 151.828ms SM: 0 M: 0 I: 0 SI: 17037
[34mFormula: [m999973 decomposition 136131 state 817776 mutex
Formula has 181146 vars and 5683683 clauses.
Formula time: 417.036ms
Starting solver
Solver time: 0.083ms
Solver state: [31mUNSAT[m


[33mGenerating formula for depth 10[m
Computing PDT took: 8.567 ms
Computed PDT. Extracting leafs ... 128 leafs
Clear pruning tables ... done.
[34mPruning round [m1 Phase: 1
FF Pruning: removed 12332 of 33364
[34mPruning round [m2 Phase: 1
FF Pruning: removed 0 of 21032
Pruning: 22406 of 51277
Leaf Primitive Pruning: 16619 of 36212
Pruning gave 0 new invariants
Assigning variable IDs for PDT ... done. 24775 new variables.
Decomposition Clauses generated.
Pruned clauses.
Block compression leads to 56 timesteps.
Decomp formula generated
State atoms
State formula
Matching
Invar time: 144.301ms SM: 0 M: 0 I: 0 SI: 17037
[34mFormula: [m1194837 decomposition 168793 state 954072 mutex
Formula has 248612 vars and 8001385 clauses.
Formula time: 465.332ms
Starting solver
Solver time: 0.404ms
Solver state: [31mUNSAT[m


[33mGenerating formula for depth 11[m
Computing PDT took: 8.557 ms
Computed PDT. Extracting leafs ... 144 leafs
Clear pruning tables ... done.
[34mPruning round [m1 Phase: 1
FF Pruning: removed 13027 of 38724
[34mPruning round [m2 Phase: 1
FF Pruning: removed 0 of 25697
Pruning: 23043 of 58705
Leaf Primitive Pruning: 17284 of 41572
Pruning gave 0 new invariants
Assigning variable IDs for PDT ... done. 29082 new variables.
Decomposition Clauses generated.
Pruned clauses.
Block compression leads to 64 timesteps.
Decomp formula generated
State atoms
State formula
Matching
Invar time: 167.137ms SM: 0 M: 0 I: 0 SI: 17037
[34mFormula: [m1417140 decomposition 201498 state 1090368 mutex
Formula has 326433 vars and 10710391 clauses.
Formula time: 553.268ms
Starting solver
Solver time: 0.162ms
Solver state: [31mUNSAT[m


[33mGenerating formula for depth 12[m
Computing PDT took: 8.727 ms
Computed PDT. Extracting leafs ... 160 leafs
Clear pruning tables ... done.
[34mPruning round [m1 Phase: 1
FF Pruning: removed 13762 of 44084
[34mPruning round [m2 Phase: 1
FF Pruning: removed 0 of 30322
Pruning: 23740 of 66133
Leaf Primitive Pruning: 17999 of 46932
Pruning gave 0 new invariants
Assigning variable IDs for PDT ... done. 33299 new variables.
Decomposition Clauses generated.
Pruned clauses.
Block compression leads to 72 timesteps.
Decomp formula generated
State atoms
State formula
Matching
Invar time: 206.082ms SM: 0 M: 0 I: 0 SI: 17037
[34mFormula: [m1666433 decomposition 233965 state 1226664 mutex
Formula has 414508 vars and 13837453 clauses.
Formula time: 672.349ms
Starting solver
Solver time: 0.140ms
Solver state: [31mUNSAT[m


[33mGenerating formula for depth 13[m
Computing PDT took: 8.688 ms
Computed PDT. Extracting leafs ... 176 leafs
Clear pruning tables ... done.
[34mPruning round [m1 Phase: 1
FF Pruning: removed 14481 of 49444
[34mPruning round [m2 Phase: 1
FF Pruning: removed 0 of 34963
Pruning: 24426 of 73561
Leaf Primitive Pruning: 18702 of 52292
Pruning gave 0 new invariants
Assigning variable IDs for PDT ... done. 37603 new variables.
Decomposition Clauses generated.
Pruned clauses.
Block compression leads to 80 timesteps.
Decomp formula generated
State atoms
State formula
Matching
Invar time: 223.035ms SM: 0 M: 0 I: 0 SI: 17037
[34mFormula: [m1888801 decomposition 266554 state 1362960 mutex
Formula has 512932 vars and 17355768 clauses.
Formula time: 743.452ms
Starting solver
Solver time: 0.193ms
Solver state: [31mUNSAT[m


[33mGenerating formula for depth 14[m
Computing PDT took: 8.700 ms
Computed PDT. Extracting leafs ... 192 leafs
Clear pruning tables ... done.
[34mPruning round [m1 Phase: 1
FF Pruning: removed 15255 of 54804
[34mPruning round [m2 Phase: 1
FF Pruning: removed 0 of 39549
Pruning: 25178 of 80989
Leaf Primitive Pruning: 19464 of 57652
Pruning gave 0 new invariants
Assigning variable IDs for PDT ... done. 41775 new variables.
Decomposition Clauses generated.
Pruned clauses.
Block compression leads to 88 timesteps.
Decomp formula generated
State atoms
State formula
Matching
Invar time: 219.059ms SM: 0 M: 0 I: 0 SI: 17037
[34mFormula: [m2139650 decomposition 298794 state 1499256 mutex
Formula has 621564 vars and 21293468 clauses.
Formula time: 851.603ms
Starting solver
Solver time: 0.238ms
Solver state: [31mUNSAT[m


[33mGenerating formula for depth 15[m
Computing PDT took: 8.388 ms
Computed PDT. Extracting leafs ... 208 leafs
Clear pruning tables ... done.
[34mPruning round [m1 Phase: 1
FF Pruning: removed 16047 of 60164
[34mPruning round [m2 Phase: 1
FF Pruning: removed 0 of 44117
Pruning: 25958 of 88417
Leaf Primitive Pruning: 20250 of 63012
Pruning gave 0 new invariants
Assigning variable IDs for PDT ... done. 45967 new variables.
Decomposition Clauses generated.
Pruned clauses.
Block compression leads to 96 timesteps.
Decomp formula generated
State atoms
State formula
Matching
Invar time: 264.428ms SM: 0 M: 0 I: 0 SI: 17037
[34mFormula: [m2359730 decomposition 330958 state 1635552 mutex
Formula has 740433 vars and 25619708 clauses.
Formula time: 994.600ms
Starting solver
Solver time: 0.282ms
Solver state: [31mUNSAT[m


[33mGenerating formula for depth 16[m
Computing PDT took: 8.994 ms
Computed PDT. Extracting leafs ... 224 leafs
Clear pruning tables ... done.
[34mPruning round [m1 Phase: 1
FF Pruning: removed 16856 of 65524
[34mPruning round [m2 Phase: 1
FF Pruning: removed 0 of 48668
Pruning: 26756 of 95845
Leaf Primitive Pruning: 21053 of 68372
Pruning gave 0 new invariants
Assigning variable IDs for PDT ... done. 50152 new variables.
Decomposition Clauses generated.
Pruned clauses.
Block compression leads to 104 timesteps.
Decomp formula generated
State atoms
State formula
Matching
Invar time: 298.880ms SM: 0 M: 0 I: 0 SI: 17037
[34mFormula: [m2519024 decomposition 362985 state 1771848 mutex
Formula has 869550 vars and 30273565 clauses.
Formula time: 1071.853ms
Starting solver
Solver time: 0.384ms
Solver state: [31mUNSAT[m


[33mGenerating formula for depth 17[m
Computing PDT took: 8.980 ms
Computed PDT. Extracting leafs ... 240 leafs
Clear pruning tables ... done.
[34mPruning round [m1 Phase: 1
FF Pruning: removed 17600 of 70884
[34mPruning round [m2 Phase: 1
FF Pruning: removed 0 of 53284
Pruning: 27482 of 103273
Leaf Primitive Pruning: 21789 of 73732
Pruning gave 0 new invariants
Assigning variable IDs for PDT ... done. 54492 new variables.
Decomposition Clauses generated.
Pruned clauses.
Block compression leads to 112 timesteps.
Decomp formula generated
State atoms
State formula
Matching
Invar time: 306.580ms SM: 0 M: 0 I: 0 SI: 17037
[34mFormula: [m2711664 decomposition 395423 state 1908144 mutex
Formula has 1009061 vars and 35288796 clauses.
Formula time: 1146.448ms
Starting solver
Solver time: 0.263ms
Solver state: [31mUNSAT[m


[33mGenerating formula for depth 18[m
Computing PDT took: 8.507 ms
Computed PDT. Extracting leafs ... 256 leafs
Clear pruning tables ... done.
[34mPruning round [m1 Phase: 1
FF Pruning: removed 18330 of 76244
[34mPruning round [m2 Phase: 1
FF Pruning: removed 0 of 57914
Pruning: 28201 of 110701
Leaf Primitive Pruning: 22513 of 79092
Pruning gave 0 new invariants
Assigning variable IDs for PDT ... done. 58781 new variables.
Decomposition Clauses generated.
Pruned clauses.
Block compression leads to 120 timesteps.
Decomp formula generated
State atoms
State formula
Matching
Invar time: 345.707ms SM: 0 M: 0 I: 0 SI: 17037
[34mFormula: [m2903022 decomposition 427955 state 2044440 mutex
Formula has 1158915 vars and 40664213 clauses.
Formula time: 1290.023ms
Starting solver
Solver time: 0.344ms
Solver state: [31mUNSAT[m


[33mGenerating formula for depth 19[m
Computing PDT took: 8.410 ms
Computed PDT. Extracting leafs ... 272 leafs
Clear pruning tables ... done.
[34mPruning round [m1 Phase: 1
FF Pruning: removed 19035 of 81604
[34mPruning round [m2 Phase: 1
FF Pruning: removed 0 of 62569
Pruning: 28894 of 118129
Leaf Primitive Pruning: 23212 of 84452
Pruning gave 0 new invariants
Assigning variable IDs for PDT ... done. 63114 new variables.
Decomposition Clauses generated.
Pruned clauses.
Block compression leads to 128 timesteps.
Decomp formula generated
State atoms
State formula
Matching
Invar time: 366.750ms SM: 0 M: 0 I: 0 SI: 17037
[34mFormula: [m3126549 decomposition 460634 state 2180736 mutex
Formula has 1319147 vars and 46432132 clauses.
Formula time: 1374.018ms
Starting solver
Solver time: 0.349ms
Solver state: [31mUNSAT[m


[33mGenerating formula for depth 20[m
Computing PDT took: 8.700 ms
Computed PDT. Extracting leafs ... 288 leafs
Clear pruning tables ... done.
[34mPruning round [m1 Phase: 1
FF Pruning: removed 19722 of 86964
[34mPruning round [m2 Phase: 1
FF Pruning: removed 0 of 67242
Pruning: 29573 of 125557
Leaf Primitive Pruning: 23895 of 89812
Pruning gave 0 new invariants
Assigning variable IDs for PDT ... done. 67453 new variables.
Decomposition Clauses generated.
Pruned clauses.
Block compression leads to 136 timesteps.
Decomp formula generated
State atoms
State formula
Matching
Invar time: 407.623ms SM: 0 M: 0 I: 0 SI: 17037
[34mFormula: [m3319079 decomposition 493427 state 2317032 mutex
Formula has 1489772 vars and 52561670 clauses.
Formula time: 1600.778ms
Starting solver
Solver time: 0.409ms
Solver state: [31mUNSAT[m


[33mGenerating formula for depth 21[m
Computing PDT took: 8.506 ms
Computed PDT. Extracting leafs ... 304 leafs
Clear pruning tables ... done.
[34mPruning round [m1 Phase: 1
FF Pruning: removed 20484 of 92324
[34mPruning round [m2 Phase: 1
FF Pruning: removed 0 of 71840
Pruning: 30328 of 132985
Leaf Primitive Pruning: 24653 of 95172
Pruning gave 0 new invariants
Assigning variable IDs for PDT ... done. 71627 new variables.
Decomposition Clauses generated.
Pruned clauses.
Block compression leads to 144 timesteps.
Decomp formula generated
State atoms
State formula
Matching
Invar time: 369.830ms SM: 0 M: 0 I: 0 SI: 17037
[34mFormula: [m3510480 decomposition 525767 state 2453328 mutex
Formula has 1670625 vars and 59051245 clauses.
Formula time: 1515.082ms
Starting solver
Solver time: 0.480ms
Solver state: [31mUNSAT[m


[33mGenerating formula for depth 22[m
Computing PDT took: 8.508 ms
Computed PDT. Extracting leafs ... 320 leafs
Clear pruning tables ... done.
[34mPruning round [m1 Phase: 1
FF Pruning: removed 21235 of 97684
[34mPruning round [m2 Phase: 1
FF Pruning: removed 0 of 76449
Pruning: 31071 of 140413
Leaf Primitive Pruning: 25400 of 100532
Pruning gave 0 new invariants
Assigning variable IDs for PDT ... done. 75900 new variables.
Decomposition Clauses generated.
Pruned clauses.
Block compression leads to 152 timesteps.
Decomp formula generated
State atoms
State formula
Matching
Invar time: 397.290ms SM: 0 M: 0 I: 0 SI: 17037
[34mFormula: [m3702060 decomposition 558172 state 2589624 mutex
Formula has 1861805 vars and 65901101 clauses.
Formula time: 1681.617ms
Starting solver
Solver time: 0.658ms
Solver state: [31mUNSAT[m


[33mGenerating formula for depth 23[m
Computing PDT took: 8.709 ms
Computed PDT. Extracting leafs ... 336 leafs
Clear pruning tables ... done.
[34mPruning round [m1 Phase: 1
FF Pruning: removed 21975 of 103044
[34mPruning round [m2 Phase: 1
FF Pruning: removed 0 of 81069
Pruning: 31803 of 147841
Leaf Primitive Pruning: 26136 of 105892
Pruning gave 0 new invariants
Assigning variable IDs for PDT ... done. 80183 new variables.
Decomposition Clauses generated.
Pruned clauses.
Block compression leads to 160 timesteps.
Decomp formula generated
State atoms
State formula
Matching
Invar time: 430.038ms SM: 0 M: 0 I: 0 SI: 17037
[34mFormula: [m3893893 decomposition 590642 state 2725920 mutex
Formula has 2063322 vars and 73111556 clauses.
Formula time: 1811.639ms
Starting solver
Solver time: 0.772ms
Solver state: [31mUNSAT[m


[33mGenerating formula for depth 24[m
Computing PDT took: 8.764 ms
Computed PDT. Extracting leafs ... 352 leafs
Clear pruning tables ... done.
[34mPruning round [m1 Phase: 1
FF Pruning: removed 22709 of 108404
[34mPruning round [m2 Phase: 1
FF Pruning: removed 0 of 85695
Pruning: 32533 of 155269
Leaf Primitive Pruning: 26868 of 111252
Pruning gave 0 new invariants
Assigning variable IDs for PDT ... done. 84463 new variables.
Decomposition Clauses generated.
Pruned clauses.
Block compression leads to 168 timesteps.
Decomp formula generated
State atoms
State formula
Matching
Invar time: 445.173ms SM: 0 M: 0 I: 0 SI: 17037
[34mFormula: [m4083299 decomposition 623154 state 2862216 mutex
Formula has 2275173 vars and 80680225 clauses.
Formula time: 2019.813ms
Starting solver
Solver time: 0.613ms
Solver state: [31mUNSAT[m


[33mGenerating formula for depth 25[m
Computing PDT took: 8.559 ms
Computed PDT. Extracting leafs ... 368 leafs
Clear pruning tables ... done.
[34mPruning round [m1 Phase: 1
FF Pruning: removed 23557 of 113764
[34mPruning round [m2 Phase: 1
FF Pruning: removed 0 of 90207
Pruning: 33382 of 162697
Leaf Primitive Pruning: 27716 of 116612
Pruning gave 0 new invariants
Assigning variable IDs for PDT ... done. 88508 new variables.
Decomposition Clauses generated.
Pruned clauses.
Block compression leads to 176 timesteps.
Decomp formula generated
State atoms
State formula
Matching
Invar time: 464.836ms SM: 0 M: 0 I: 0 SI: 17037
[34mFormula: [m4269172 decomposition 654986 state 2998512 mutex
Formula has 2497123 vars and 88602895 clauses.
Formula time: 1962.327ms
Starting solver
Solver time: 0.696ms
Solver state: [31mUNSAT[m


[33mGenerating formula for depth 26[m
Computing PDT took: 8.731 ms
Computed PDT. Extracting leafs ... 384 leafs
Clear pruning tables ... done.
[34mPruning round [m1 Phase: 1
FF Pruning: removed 24403 of 119124
[34mPruning round [m2 Phase: 1
FF Pruning: removed 0 of 94721
Pruning: 34228 of 170125
Leaf Primitive Pruning: 28562 of 121972
Pruning gave 0 new invariants
Assigning variable IDs for PDT ... done. 92677 new variables.
Decomposition Clauses generated.
Pruned clauses.
Block compression leads to 184 timesteps.
Decomp formula generated
State atoms
State formula
Matching
Invar time: 571.264ms SM: 0 M: 0 I: 0 SI: 17037
[34mFormula: [m4454869 decomposition 686828 state 3134808 mutex
Formula has 2729296 vars and 96879400 clauses.
Formula time: 2155.920ms
Starting solver
Solver time: 0.803ms
Solver state: [31mUNSAT[m


[33mGenerating formula for depth 27[m
Computing PDT took: 8.472 ms
Computed PDT. Extracting leafs ... 400 leafs
Clear pruning tables ... done.
[34mPruning round [m1 Phase: 1
FF Pruning: removed 25249 of 124484
[34mPruning round [m2 Phase: 1
FF Pruning: removed 0 of 99235
Pruning: 35074 of 177553
Leaf Primitive Pruning: 29408 of 127332
Pruning gave 0 new invariants
Assigning variable IDs for PDT ... done. 96843 new variables.
Decomposition Clauses generated.
Pruned clauses.
Block compression leads to 192 timesteps.
Decomp formula generated
State atoms
State formula
Matching
Invar time: 486.319ms SM: 0 M: 0 I: 0 SI: 17037
[34mFormula: [m4640566 decomposition 718670 state 3271104 mutex
Formula has 2971689 vars and 105509740 clauses.
Formula time: 2248.334ms
Starting solver
Solver time: 0.900ms
Solver state: [31mUNSAT[m


[33mGenerating formula for depth 28[m
Computing PDT took: 8.548 ms
Computed PDT. Extracting leafs ... 416 leafs
Clear pruning tables ... done.
[34mPruning round [m1 Phase: 1
FF Pruning: removed 26095 of 129844
[34mPruning round [m2 Phase: 1
FF Pruning: removed 0 of 103749
Pruning: 35920 of 184981
Leaf Primitive Pruning: 30254 of 132692
Pruning gave 0 new invariants
Assigning variable IDs for PDT ... done. 101009 new variables.
Decomposition Clauses generated.
Pruned clauses.
Block compression leads to 200 timesteps.
Decomp formula generated
State atoms
State formula
Matching
Invar time: 523.840ms SM: 0 M: 0 I: 0 SI: 17037
[34mFormula: [m4826263 decomposition 750512 state 3407400 mutex
Formula has 3224302 vars and 114493915 clauses.
Formula time: 2303.335ms
Starting solver
Solver time: 1.010ms
Solver state: [31mUNSAT[m


[33mGenerating formula for depth 29[m
Computing PDT took: 8.627 ms
Computed PDT. Extracting leafs ... 432 leafs
Clear pruning tables ... done.
[34mPruning round [m1 Phase: 1
FF Pruning: removed 26941 of 135204
[34mPruning round [m2 Phase: 1
FF Pruning: removed 0 of 108263
Pruning: 36766 of 192409
Leaf Primitive Pruning: 31100 of 138052
Pruning gave 0 new invariants
Assigning variable IDs for PDT ... done. 105175 new variables.
Decomposition Clauses generated.
Pruned clauses.
Block compression leads to 208 timesteps.
Decomp formula generated
State atoms
State formula
Matching
Invar time: 692.710ms SM: 0 M: 0 I: 0 SI: 17037
[34mFormula: [m5011960 decomposition 782354 state 3543696 mutex
Formula has 3487135 vars and 123831925 clauses.
Formula time: 2622.950ms
Starting solver
Solver time: 1.208ms
Solver state: [31mUNSAT[m


[33mGenerating formula for depth 30[m
Computing PDT took: 8.819 ms
Computed PDT. Extracting leafs ... 448 leafs
Clear pruning tables ... done.
[34mPruning round [m1 Phase: 1
FF Pruning: removed 27787 of 140564
[34mPruning round [m2 Phase: 1
FF Pruning: removed 0 of 112777
Pruning: 37612 of 199837
Leaf Primitive Pruning: 31946 of 143412
Pruning gave 0 new invariants
Assigning variable IDs for PDT ... done. 109341 new variables.
Decomposition Clauses generated.
Pruned clauses.
Block compression leads to 216 timesteps.
Decomp formula generated
State atoms
State formula
Matching
Invar time: 529.360ms SM: 0 M: 0 I: 0 SI: 17037
[34mFormula: [m5197657 decomposition 814196 state 3679992 mutex
Formula has 3760188 vars and 133523770 clauses.
Formula time: 2581.170ms
Starting solver
Solver time: 0.960ms
Solver state: [31mUNSAT[m


[33mGenerating formula for depth 31[m
Computing PDT took: 8.485 ms
Computed PDT. Extracting leafs ... 464 leafs
Clear pruning tables ... done.
[34mPruning round [m1 Phase: 1
FF Pruning: removed 28633 of 145924
[34mPruning round [m2 Phase: 1
FF Pruning: removed 0 of 117291
Pruning: 38458 of 207265
Leaf Primitive Pruning: 32792 of 148772
Pruning gave 0 new invariants
Assigning variable IDs for PDT ... done. 113507 new variables.
Decomposition Clauses generated.
Pruned clauses.
Block compression leads to 224 timesteps.
Decomp formula generated
State atoms
State formula
Matching
Invar time: 602.139ms SM: 0 M: 0 I: 0 SI: 17037
[34mFormula: [m5383354 decomposition 846038 state 3816288 mutex
Formula has 4043461 vars and 143569450 clauses.
Formula time: 2770.075ms
Starting solver
Solver time: 1.120ms
Solver state: [31mUNSAT[m


[33mGenerating formula for depth 32[m
Computing PDT took: 8.556 ms
Computed PDT. Extracting leafs ... 480 leafs
Clear pruning tables ... done.
[34mPruning round [m1 Phase: 1
FF Pruning: removed 29479 of 151284
[34mPruning round [m2 Phase: 1
FF Pruning: removed 0 of 121805
Pruning: 39304 of 214693
Leaf Primitive Pruning: 33638 of 154132
Pruning gave 0 new invariants
Assigning variable IDs for PDT ... done. 117673 new variables.
Decomposition Clauses generated.
Pruned clauses.
Block compression leads to 232 timesteps.
Decomp formula generated
State atoms
State formula
Matching
Invar time: 633.734ms SM: 0 M: 0 I: 0 SI: 17037
[34mFormula: [m5569051 decomposition 877880 state 3952584 mutex
Formula has 4336954 vars and 153968965 clauses.
Formula time: 2997.192ms
Starting solver
Solver time: 1.137ms
Solver state: [31mUNSAT[m


[33mGenerating formula for depth 33[m
Computing PDT took: 8.467 ms
Computed PDT. Extracting leafs ... 496 leafs
Clear pruning tables ... done.
[34mPruning round [m1 Phase: 1
FF Pruning: removed 30325 of 156644
[34mPruning round [m2 Phase: 1
FF Pruning: removed 0 of 126319
Pruning: 40150 of 222121
Leaf Primitive Pruning: 34484 of 159492
Pruning gave 0 new invariants
Assigning variable IDs for PDT ... done. 121839 new variables.
Decomposition Clauses generated.
Pruned clauses.
Block compression leads to 240 timesteps.
Decomp formula generated
State atoms
State formula
Matching
Invar time: 671.705ms SM: 0 M: 0 I: 0 SI: 17037
[34mFormula: [m5754748 decomposition 909722 state 4088880 mutex
Formula has 4640667 vars and 164722315 clauses.
Formula time: 3178.801ms
Starting solver
Solver time: 1.491ms
Solver state: [31mUNSAT[m


[33mGenerating formula for depth 34[m
Computing PDT took: 8.540 ms
Computed PDT. Extracting leafs ... 512 leafs
Clear pruning tables ... done.
[34mPruning round [m1 Phase: 1
FF Pruning: removed 31171 of 162004
[34mPruning round [m2 Phase: 1
FF Pruning: removed 0 of 130833
Pruning: 40996 of 229549
Leaf Primitive Pruning: 35330 of 164852
Pruning gave 0 new invariants
Assigning variable IDs for PDT ... done. 126005 new variables.
Decomposition Clauses generated.
Pruned clauses.
Block compression leads to 248 timesteps.
Decomp formula generated
State atoms
State formula
Matching
Invar time: 1462.279ms SM: 0 M: 0 I: 0 SI: 17037
[34mFormula: [m5940445 decomposition 941564 state 4225176 mutex
Formula has 4954600 vars and 175829500 clauses.
Formula time: 4116.601ms
Starting solver
Solver time: 22.789ms
Solver state: [31mUNSAT[m


[33mGenerating formula for depth 35[m
Computing PDT took: 8.681 ms
Computed PDT. Extracting leafs ... 528 leafs
Clear pruning tables ... done.
[34mPruning round [m1 Phase: 1
FF Pruning: removed 32017 of 167364
[34mPruning round [m2 Phase: 1
FF Pruning: removed 0 of 135347
Pruning: 41842 of 236977
Leaf Primitive Pruning: 36176 of 170212
Pruning gave 0 new invariants
Assigning variable IDs for PDT ... done. 130171 new variables.
Decomposition Clauses generated.
Pruned clauses.
Block compression leads to 256 timesteps.
Decomp formula generated
State atoms
State formula
Matching
Invar time: 1659.192ms SM: 0 M: 0 I: 0 SI: 17037
[34mFormula: [m6126142 decomposition 973406 state 4361472 mutex
Formula has 5278753 vars and 187290520 clauses.
Formula time: 4405.440ms
Starting solver
Solver time: 36.308ms
Solver state: [31mUNSAT[m


[33mGenerating formula for depth 36[m
Computing PDT took: 8.893 ms
Computed PDT. Extracting leafs ... 544 leafs
Clear pruning tables ... done.
[34mPruning round [m1 Phase: 1
FF Pruning: removed 32863 of 172724
[34mPruning round [m2 Phase: 1
FF Pruning: removed 0 of 139861
Pruning: 42688 of 244405
Leaf Primitive Pruning: 37022 of 175572
Pruning gave 0 new invariants
Assigning variable IDs for PDT ... done. 134337 new variables.
Decomposition Clauses generated.
Pruned clauses.
Block compression leads to 264 timesteps.
Decomp formula generated
State atoms
State formula
Matching
Invar time: 1625.570ms SM: 0 M: 0 I: 0 SI: 17037
[34mFormula: [m6311839 decomposition 1005248 state 4497768 mutex
Formula has 5613126 vars and 199105375 clauses.
Formula time: 4505.851ms
Starting solver
Solver time: 45.882ms
Solver state: [31mUNSAT[m


[33mGenerating formula for depth 37[m
Computing PDT took: 8.898 ms
Computed PDT. Extracting leafs ... 560 leafs
Clear pruning tables ... done.
[34mPruning round [m1 Phase: 1
FF Pruning: removed 33709 of 178084
[34mPruning round [m2 Phase: 1
FF Pruning: removed 0 of 144375
Pruning: 43534 of 251833
Leaf Primitive Pruning: 37868 of 180932
Pruning gave 0 new invariants
Assigning variable IDs for PDT ... done. 138503 new variables.
Decomposition Clauses generated.
Pruned clauses.
Block compression leads to 272 timesteps.
Decomp formula generated
State atoms
State formula
Matching
Invar time: 1710.547ms SM: 0 M: 0 I: 0 SI: 17037
[34mFormula: [m6497536 decomposition 1037090 state 4634064 mutex
Formula has 5957719 vars and 211274065 clauses.
Formula time: 4766.479ms
Starting solver
Solver time: 43.173ms
Solver state: [31mUNSAT[m


[33mGenerating formula for depth 38[m
Computing PDT took: 8.681 ms
Computed PDT. Extracting leafs ... 576 leafs
Clear pruning tables ... done.
[34mPruning round [m1 Phase: 1
FF Pruning: removed 34555 of 183444
[34mPruning round [m2 Phase: 1
FF Pruning: removed 0 of 148889
Pruning: 44380 of 259261
Leaf Primitive Pruning: 38714 of 186292
Pruning gave 0 new invariants
Assigning variable IDs for PDT ... done. 142669 new variables.
Decomposition Clauses generated.
Pruned clauses.
Block compression leads to 280 timesteps.
Decomp formula generated
State atoms
State formula
Matching
Invar time: 1704.538ms SM: 0 M: 0 I: 0 SI: 17037
[34mFormula: [m6683233 decomposition 1068932 state 4770360 mutex
Formula has 6312532 vars and 223796590 clauses.
Formula time: 4869.288ms
Starting solver
Solver time: 162.365ms
Solver state: [31mUNSAT[m


[33mGenerating formula for depth 39[m
Computing PDT took: 8.589 ms
Computed PDT. Extracting leafs ... 592 leafs
Clear pruning tables ... done.
[34mPruning round [m1 Phase: 1
FF Pruning: removed 35401 of 188804
[34mPruning round [m2 Phase: 1
FF Pruning: removed 0 of 153403
Pruning: 45226 of 266689
Leaf Primitive Pruning: 39560 of 191652
Pruning gave 0 new invariants
Assigning variable IDs for PDT ... done. 146835 new variables.
Decomposition Clauses generated.
Pruned clauses.
Block compression leads to 288 timesteps.
Decomp formula generated
State atoms
State formula
Matching
Invar time: 1711.211ms SM: 0 M: 0 I: 0 SI: 17037
[34mFormula: [m6868930 decomposition 1100774 state 4906656 mutex
Formula has 6677565 vars and 236672950 clauses.
Formula time: 5053.793ms
Starting solver
Solver time: 400.973ms
Solver state: [31mUNSAT[m


[33mGenerating formula for depth 40[m
Computing PDT took: 8.671 ms
Computed PDT. Extracting leafs ... 608 leafs
Clear pruning tables ... done.
[34mPruning round [m1 Phase: 1
FF Pruning: removed 36247 of 194164
[34mPruning round [m2 Phase: 1
FF Pruning: removed 0 of 157917
Pruning: 46072 of 274117
Leaf Primitive Pruning: 40406 of 197012
Pruning gave 0 new invariants
Assigning variable IDs for PDT ... done. 151001 new variables.
Decomposition Clauses generated.
Pruned clauses.
Block compression leads to 296 timesteps.
Decomp formula generated
State atoms
State formula
Matching
Invar time: 1881.511ms SM: 0 M: 0 I: 0 SI: 17037
[34mFormula: [m7054627 decomposition 1132616 state 5042952 mutex
Formula has 7052818 vars and 249903145 clauses.
Formula time: 5352.234ms
Starting solver
Solver time: 288.330ms
Solver state: [31mUNSAT[m


[33mGenerating formula for depth 41[m
Computing PDT took: 9.032 ms
Computed PDT. Extracting leafs ... 624 leafs
Clear pruning tables ... done.
[34mPruning round [m1 Phase: 1
FF Pruning: removed 37093 of 199524
[34mPruning round [m2 Phase: 1
FF Pruning: removed 0 of 162431
Pruning: 46918 of 281545
Leaf Primitive Pruning: 41252 of 202372
Pruning gave 0 new invariants
Assigning variable IDs for PDT ... done. 155167 new variables.
Decomposition Clauses generated.
Pruned clauses.
Block compression leads to 304 timesteps.
Decomp formula generated
State atoms
State formula
Matching
Invar time: 1796.560ms SM: 0 M: 0 I: 0 SI: 17037
[34mFormula: [m7240324 decomposition 1164458 state 5179248 mutex
Formula has 7438291 vars and 263487175 clauses.
Formula time: 5449.100ms
Starting solver
Solver time: 1019.629ms
Solver state: [31mUNSAT[m


[33mGenerating formula for depth 42[m
Computing PDT took: 8.681 ms
Computed PDT. Extracting leafs ... 640 leafs
Clear pruning tables ... done.
[34mPruning round [m1 Phase: 1
FF Pruning: removed 37939 of 204884
[34mPruning round [m2 Phase: 1
FF Pruning: removed 0 of 166945
Pruning: 47764 of 288973
Leaf Primitive Pruning: 42098 of 207732
Pruning gave 0 new invariants
Assigning variable IDs for PDT ... done. 159333 new variables.
Decomposition Clauses generated.
Pruned clauses.
Block compression leads to 312 timesteps.
Decomp formula generated
State atoms
State formula
Matching
Invar time: 2018.691ms SM: 0 M: 0 I: 0 SI: 17037
[34mFormula: [m7426021 decomposition 1196300 state 5315544 mutex
Formula has 7833984 vars and 277425040 clauses.
Formula time: 5777.788ms
Starting solver
Solver time: 1316.573ms
Solver state: [31mUNSAT[m


[33mGenerating formula for depth 43[m
Computing PDT took: 8.738 ms
Computed PDT. Extracting leafs ... 656 leafs
Clear pruning tables ... done.
[34mPruning round [m1 Phase: 1
FF Pruning: removed 38785 of 210244
[34mPruning round [m2 Phase: 1
FF Pruning: removed 0 of 171459
Pruning: 48610 of 296401
Leaf Primitive Pruning: 42944 of 213092
Pruning gave 0 new invariants
Assigning variable IDs for PDT ... done. 163499 new variables.
Decomposition Clauses generated.
Pruned clauses.
Block compression leads to 320 timesteps.
Decomp formula generated
State atoms
State formula
Matching
Invar time: 2064.767ms SM: 0 M: 0 I: 0 SI: 17037
[34mFormula: [m7611718 decomposition 1228142 state 5451840 mutex
Formula has 8239897 vars and 291716740 clauses.
Formula time: 6128.343ms
Starting solver
Solver time: 1128.380ms
Solver state: [31mUNSAT[m


[33mGenerating formula for depth 44[m
Computing PDT took: 8.950 ms
Computed PDT. Extracting leafs ... 672 leafs
Clear pruning tables ... done.
[34mPruning round [m1 Phase: 1
FF Pruning: removed 39631 of 215604
[34mPruning round [m2 Phase: 1
FF Pruning: removed 0 of 175973
Pruning: 49456 of 303829
Leaf Primitive Pruning: 43790 of 218452
Pruning gave 0 new invariants
Assigning variable IDs for PDT ... done. 167665 new variables.
Decomposition Clauses generated.
Pruned clauses.
Block compression leads to 328 timesteps.
Decomp formula generated
State atoms
State formula
Matching
Invar time: 2094.197ms SM: 0 M: 0 I: 0 SI: 17037
[34mFormula: [m7797415 decomposition 1259984 state 5588136 mutex
Formula has 8656030 vars and 306362275 clauses.
Formula time: 6220.820ms
Starting solver
Solver time: 1173.590ms
Solver state: [31mUNSAT[m


[33mGenerating formula for depth 45[m
Computing PDT took: 9.225 ms
Computed PDT. Extracting leafs ... 688 leafs
Clear pruning tables ... done.
[34mPruning round [m1 Phase: 1
FF Pruning: removed 40477 of 220964
[34mPruning round [m2 Phase: 1
FF Pruning: removed 0 of 180487
Pruning: 50302 of 311257
Leaf Primitive Pruning: 44636 of 223812
Pruning gave 0 new invariants
Assigning variable IDs for PDT ... done. 171831 new variables.
Decomposition Clauses generated.
Pruned clauses.
Block compression leads to 336 timesteps.
Decomp formula generated
State atoms
State formula
Matching
Invar time: 1807.872ms SM: 0 M: 0 I: 0 SI: 17037
[34mFormula: [m7983112 decomposition 1291826 state 5724432 mutex
Formula has 9082383 vars and 321361645 clauses.
Formula time: 6100.237ms
Starting solver
Solver time: 1259.111ms
Solver state: [31mUNSAT[m


[33mGenerating formula for depth 46[m
Computing PDT took: 8.891 ms
Computed PDT. Extracting leafs ... 704 leafs
Clear pruning tables ... done.
[34mPruning round [m1 Phase: 1
FF Pruning: removed 41323 of 226324
[34mPruning round [m2 Phase: 1
FF Pruning: removed 0 of 185001
Pruning: 51148 of 318685
Leaf Primitive Pruning: 45482 of 229172
Pruning gave 0 new invariants
Assigning variable IDs for PDT ... done. 175997 new variables.
Decomposition Clauses generated.
Pruned clauses.
Block compression leads to 344 timesteps.
Decomp formula generated
State atoms
State formula
Matching
Invar time: 2386.748ms SM: 0 M: 0 I: 0 SI: 17037
[34mFormula: [m8168809 decomposition 1323668 state 5860728 mutex
Formula has 9518956 vars and 336714850 clauses.
Formula time: 7029.999ms
Starting solver
Solver time: 2143.718ms
Solver state: [31mUNSAT[m


[33mGenerating formula for depth 47[m
Computing PDT took: 9.454 ms
Computed PDT. Extracting leafs ... 720 leafs
Clear pruning tables ... done.
[34mPruning round [m1 Phase: 1
FF Pruning: removed 42169 of 231684
[34mPruning round [m2 Phase: 1
FF Pruning: removed 0 of 189515
Pruning: 51994 of 326113
Leaf Primitive Pruning: 46328 of 234532
Pruning gave 0 new invariants
Assigning variable IDs for PDT ... done. 180163 new variables.
Decomposition Clauses generated.
Pruned clauses.
Block compression leads to 352 timesteps.
Decomp formula generated
State atoms
State formula
Matching
Invar time: 2385.900ms SM: 0 M: 0 I: 0 SI: 17037
[34mFormula: [m8354506 decomposition 1355510 state 5997024 mutex
Formula has 9965749 vars and 352421890 clauses.
Formula time: 7355.506ms
Starting solver
Solver time: 1205.206ms
Solver state: [31mUNSAT[m


[33mGenerating formula for depth 48[m
Computing PDT took: 9.184 ms
Computed PDT. Extracting leafs ... 736 leafs
Clear pruning tables ... done.
[34mPruning round [m1 Phase: 1
FF Pruning: removed 43015 of 237044
[34mPruning round [m2 Phase: 1
FF Pruning: removed 0 of 194029
Pruning: 52840 of 333541
Leaf Primitive Pruning: 47174 of 239892
Pruning gave 0 new invariants
Assigning variable IDs for PDT ... done. 184329 new variables.
Decomposition Clauses generated.
Pruned clauses.
Block compression leads to 360 timesteps.
Decomp formula generated
State atoms
State formula
Matching
Invar time: 2048.633ms SM: 0 M: 0 I: 0 SI: 17037
[34mFormula: [m8540203 decomposition 1387352 state 6133320 mutex
Formula has 10422762 vars and 368482765 clauses.
Formula time: 6907.881ms
Starting solver
Solver time: 4335.098ms
Solver state: [31mUNSAT[m


[33mGenerating formula for depth 49[m
Computing PDT took: 8.823 ms
Computed PDT. Extracting leafs ... 752 leafs
Clear pruning tables ... done.
[34mPruning round [m1 Phase: 1
FF Pruning: removed 43861 of 242404
[34mPruning round [m2 Phase: 1
FF Pruning: removed 0 of 198543
Pruning: 53686 of 340969
Leaf Primitive Pruning: 48020 of 245252
Pruning gave 0 new invariants
Assigning variable IDs for PDT ... done. 188495 new variables.
Decomposition Clauses generated.
Pruned clauses.
Block compression leads to 368 timesteps.
Decomp formula generated
State atoms
State formula
Matching
Invar time: 2365.536ms SM: 0 M: 0 I: 0 SI: 17037
[34mFormula: [m8725900 decomposition 1419194 state 6269616 mutex
Formula has 10889995 vars and 384897475 clauses.
Formula time: 7673.054ms
Starting solver
Solver time: 4481.576ms
Solver state: [31mUNSAT[m


[33mGenerating formula for depth 50[m
Computing PDT took: 9.409 ms
Computed PDT. Extracting leafs ... 768 leafs
Clear pruning tables ... done.
[34mPruning round [m1 Phase: 1
FF Pruning: removed 44707 of 247764
[34mPruning round [m2 Phase: 1
FF Pruning: removed 0 of 203057
Pruning: 54532 of 348397
Leaf Primitive Pruning: 48866 of 250612
Pruning gave 0 new invariants
Assigning variable IDs for PDT ... done. 192661 new variables.
Decomposition Clauses generated.
Pruned clauses.
Block compression leads to 376 timesteps.
Decomp formula generated
State atoms
State formula
Matching
Invar time: 2184.230ms SM: 0 M: 0 I: 0 SI: 17037
[34mFormula: [m8911597 decomposition 1451036 state 6405912 mutex
Formula has 11367448 vars and 401666020 clauses.
Formula time: 7604.487ms
Starting solver
Solver time: 11269.585ms
Solver state: [31mUNSAT[m


[33mGenerating formula for depth 51[m
Computing PDT took: 8.584 ms
Computed PDT. Extracting leafs ... 784 leafs
Clear pruning tables ... done.
[34mPruning round [m1 Phase: 1
FF Pruning: removed 45553 of 253124
[34mPruning round [m2 Phase: 1
FF Pruning: removed 0 of 207571
Pruning: 55378 of 355825
Leaf Primitive Pruning: 49712 of 255972
Pruning gave 0 new invariants
Assigning variable IDs for PDT ... done. 196827 new variables.
Decomposition Clauses generated.
Pruned clauses.
Block compression leads to 384 timesteps.
Decomp formula generated
State atoms
State formula
Matching
Invar time: 2353.732ms SM: 0 M: 0 I: 0 SI: 17037
[34mFormula: [m9097294 decomposition 1482878 state 6542208 mutex
Formula has 11855121 vars and 418788400 clauses.
Formula time: 7849.007ms
Starting solver
Solver time: 5614.341ms
Solver state: [31mUNSAT[m


[33mGenerating formula for depth 52[m
Computing PDT took: 8.949 ms
Computed PDT. Extracting leafs ... 800 leafs
Clear pruning tables ... done.
[34mPruning round [m1 Phase: 1
FF Pruning: removed 46399 of 258484
[34mPruning round [m2 Phase: 1
FF Pruning: removed 0 of 212085
Pruning: 56224 of 363253
Leaf Primitive Pruning: 50558 of 261332
Pruning gave 0 new invariants
Assigning variable IDs for PDT ... done. 200993 new variables.
Decomposition Clauses generated.
Pruned clauses.
Block compression leads to 392 timesteps.
Decomp formula generated
State atoms
State formula
Matching
Invar time: 2604.820ms SM: 0 M: 0 I: 0 SI: 17037
[34mFormula: [m9282991 decomposition 1514720 state 6678504 mutex
Formula has 12353014 vars and 436264615 clauses.
Formula time: 8400.938ms
Starting solver
Solver time: 5695.277ms
Solver state: [31mUNSAT[m


[33mGenerating formula for depth 53[m
Computing PDT took: 8.909 ms
Computed PDT. Extracting leafs ... 816 leafs
Clear pruning tables ... done.
[34mPruning round [m1 Phase: 1
FF Pruning: removed 47245 of 263844
[34mPruning round [m2 Phase: 1
FF Pruning: removed 0 of 216599
Pruning: 57070 of 370681
Leaf Primitive Pruning: 51404 of 266692
Pruning gave 0 new invariants
Assigning variable IDs for PDT ... done. 205159 new variables.
Decomposition Clauses generated.
Pruned clauses.
Block compression leads to 400 timesteps.
Decomp formula generated
State atoms
State formula
Matching
Invar time: 2406.459ms SM: 0 M: 0 I: 0 SI: 17037
[34mFormula: [m9468688 decomposition 1546562 state 6814800 mutex
Formula has 12861127 vars and 454094665 clauses.
Formula time: 8391.910ms
Starting solver
Solver time: 4201.955ms
Solver state: [31mUNSAT[m


[33mGenerating formula for depth 54[m
Computing PDT took: 8.540 ms
Computed PDT. Extracting leafs ... 832 leafs
Clear pruning tables ... done.
[34mPruning round [m1 Phase: 1
FF Pruning: removed 48091 of 269204
[34mPruning round [m2 Phase: 1
FF Pruning: removed 0 of 221113
Pruning: 57916 of 378109
Leaf Primitive Pruning: 52250 of 272052
Pruning gave 0 new invariants
Assigning variable IDs for PDT ... done. 209325 new variables.
Decomposition Clauses generated.
Pruned clauses.
Block compression leads to 408 timesteps.
Decomp formula generated
State atoms
State formula
Matching
Invar time: 2438.202ms SM: 0 M: 0 I: 0 SI: 17037
[34mFormula: [m9654385 decomposition 1578404 state 6951096 mutex
Formula has 13379460 vars and 472278550 clauses.
Formula time: 8506.985ms
Starting solver
Solver time: 6146.514ms
Solver state: [31mUNSAT[m


[33mGenerating formula for depth 55[m
Computing PDT took: 8.779 ms
Computed PDT. Extracting leafs ... 848 leafs
Clear pruning tables ... done.
[34mPruning round [m1 Phase: 1
FF Pruning: removed 48937 of 274564
[34mPruning round [m2 Phase: 1
FF Pruning: removed 0 of 225627
Pruning: 58762 of 385537
Leaf Primitive Pruning: 53096 of 277412
Pruning gave 0 new invariants
Assigning variable IDs for PDT ... done. 213491 new variables.
Decomposition Clauses generated.
Pruned clauses.
Block compression leads to 416 timesteps.
Decomp formula generated
State atoms
State formula
Matching
Invar time: 2431.990ms SM: 0 M: 0 I: 0 SI: 17037
[34mFormula: [m9840082 decomposition 1610246 state 7087392 mutex
Formula has 13908013 vars and 490816270 clauses.
Formula time: 8735.088ms
Starting solver
Solver time: 21089.252ms
Solver state: [31mUNSAT[m


[33mGenerating formula for depth 56[m
Computing PDT took: 8.737 ms
Computed PDT. Extracting leafs ... 864 leafs
Clear pruning tables ... done.
[34mPruning round [m1 Phase: 1
FF Pruning: removed 49783 of 279924
[34mPruning round [m2 Phase: 1
FF Pruning: removed 0 of 230141
Pruning: 59608 of 392965
Leaf Primitive Pruning: 53942 of 282772
Pruning gave 0 new invariants
Assigning variable IDs for PDT ... done. 217657 new variables.
Decomposition Clauses generated.
Pruned clauses.
Block compression leads to 424 timesteps.
Decomp formula generated
State atoms
State formula
Matching
Invar time: 2452.974ms SM: 0 M: 0 I: 0 SI: 17037
[34mFormula: [m10025779 decomposition 1642088 state 7223688 mutex
Formula has 14446786 vars and 509707825 clauses.
Formula time: 8879.192ms
Starting solver
Solver time: 13292.446ms
Solver state: [31mUNSAT[m


[33mGenerating formula for depth 57[m
Computing PDT took: 8.673 ms
Computed PDT. Extracting leafs ... 880 leafs
Clear pruning tables ... done.
[34mPruning round [m1 Phase: 1
FF Pruning: removed 50629 of 285284
[34mPruning round [m2 Phase: 1
FF Pruning: removed 0 of 234655
Pruning: 60454 of 400393
Leaf Primitive Pruning: 54788 of 288132
Pruning gave 0 new invariants
Assigning variable IDs for PDT ... done. 221823 new variables.
Decomposition Clauses generated.
Pruned clauses.
Block compression leads to 432 timesteps.
Decomp formula generated
State atoms
State formula
Matching
Invar time: 2480.456ms SM: 0 M: 0 I: 0 SI: 17037
[34mFormula: [m10211476 decomposition 1673930 state 7359984 mutex
Formula has 14995779 vars and 528953215 clauses.
Formula time: 9101.490ms
Starting solver
Solver time: 11064.140ms
Solver state: [31mUNSAT[m


[33mGenerating formula for depth 58[m
Computing PDT took: 8.630 ms
Computed PDT. Extracting leafs ... 896 leafs
Clear pruning tables ... done.
[34mPruning round [m1 Phase: 1
FF Pruning: removed 51475 of 290644
[34mPruning round [m2 Phase: 1
FF Pruning: removed 0 of 239169
Pruning: 61300 of 407821
Leaf Primitive Pruning: 55634 of 293492
Pruning gave 0 new invariants
Assigning variable IDs for PDT ... done. 225989 new variables.
Decomposition Clauses generated.
Pruned clauses.
Block compression leads to 440 timesteps.
Decomp formula generated
State atoms
State formula
Matching
Invar time: 2658.182ms SM: 0 M: 0 I: 0 SI: 17037
[34mFormula: [m10397173 decomposition 1705772 state 7496280 mutex
Formula has 15554992 vars and 548552440 clauses.
Formula time: 9385.209ms
Starting solver
Solver time: 11020.646ms
Solver state: [31mUNSAT[m


[33mGenerating formula for depth 59[m
Computing PDT took: 8.896 ms
Computed PDT. Extracting leafs ... 912 leafs
Clear pruning tables ... done.
[34mPruning round [m1 Phase: 1
FF Pruning: removed 52321 of 296004
[34mPruning round [m2 Phase: 1
FF Pruning: removed 0 of 243683
Pruning: 62146 of 415249
Leaf Primitive Pruning: 56480 of 298852
Pruning gave 0 new invariants
Assigning variable IDs for PDT ... done. 230155 new variables.
Decomposition Clauses generated.
Pruned clauses.
Block compression leads to 448 timesteps.
Decomp formula generated
State atoms
State formula
Matching
Invar time: 2370.998ms SM: 0 M: 0 I: 0 SI: 17037
[34mFormula: [m10582870 decomposition 1737614 state 7632576 mutex
Formula has 16124425 vars and 568505500 clauses.
Formula time: 9391.190ms
Starting solver
Solver time: 13573.950ms
Solver state: [31mUNSAT[m


[33mGenerating formula for depth 60[m
Computing PDT took: 8.771 ms
Computed PDT. Extracting leafs ... 928 leafs
Clear pruning tables ... done.
[34mPruning round [m1 Phase: 1
FF Pruning: removed 53167 of 301364
[34mPruning round [m2 Phase: 1
FF Pruning: removed 0 of 248197
Pruning: 62992 of 422677
Leaf Primitive Pruning: 57326 of 304212
Pruning gave 0 new invariants
Assigning variable IDs for PDT ... done. 234321 new variables.
Decomposition Clauses generated.
Pruned clauses.
Block compression leads to 456 timesteps.
Decomp formula generated
State atoms
State formula
Matching
Invar time: 2782.735ms SM: 0 M: 0 I: 0 SI: 17037
[34mFormula: [m10768567 decomposition 1769456 state 7768872 mutex
Formula has 16704078 vars and 588812395 clauses.
Formula time: 9925.330ms
Starting solver
Solver time: 21975.702ms
Solver state: [31mUNSAT[m


[33mGenerating formula for depth 61[m
Computing PDT took: 8.745 ms
Computed PDT. Extracting leafs ... 944 leafs
Clear pruning tables ... done.
[34mPruning round [m1 Phase: 1
FF Pruning: removed 54013 of 306724
[34mPruning round [m2 Phase: 1
FF Pruning: removed 0 of 252711
Pruning: 63838 of 430105
Leaf Primitive Pruning: 58172 of 309572
Pruning gave 0 new invariants
Assigning variable IDs for PDT ... done. 238487 new variables.
Decomposition Clauses generated.
Pruned clauses.
Block compression leads to 464 timesteps.
Decomp formula generated
State atoms
State formula
Matching
Invar time: 2614.132ms SM: 0 M: 0 I: 0 SI: 17037
[34mFormula: [m10954264 decomposition 1801298 state 7905168 mutex
Formula has 17293951 vars and 609473125 clauses.
Formula time: 9991.167ms
Starting solver
Solver time: 24401.046ms
Solver state: [31mUNSAT[m


[33mGenerating formula for depth 62[m
Computing PDT took: 9.003 ms
Computed PDT. Extracting leafs ... 960 leafs
Clear pruning tables ... done.
[34mPruning round [m1 Phase: 1
FF Pruning: removed 54859 of 312084
[34mPruning round [m2 Phase: 1
FF Pruning: removed 0 of 257225
Pruning: 64684 of 437533
Leaf Primitive Pruning: 59018 of 314932
Pruning gave 0 new invariants
Assigning variable IDs for PDT ... done. 242653 new variables.
Decomposition Clauses generated.
Pruned clauses.
Block compression leads to 472 timesteps.
Decomp formula generated
State atoms
State formula
Matching
Invar time: 2842.728ms SM: 0 M: 0 I: 0 SI: 17037
[34mFormula: [m11139961 decomposition 1833140 state 8041464 mutex
Formula has 17894044 vars and 630487690 clauses.
Formula time: 10755.404ms
Starting solver
Solver time: 33560.666ms
Solver state: [31mUNSAT[m


[33mGenerating formula for depth 63[m
Computing PDT took: 8.660 ms
Computed PDT. Extracting leafs ... 976 leafs
Clear pruning tables ... done.
[34mPruning round [m1 Phase: 1
FF Pruning: removed 55705 of 317444
[34mPruning round [m2 Phase: 1
FF Pruning: removed 0 of 261739
Pruning: 65530 of 444961
Leaf Primitive Pruning: 59864 of 320292
Pruning gave 0 new invariants
Assigning variable IDs for PDT ... done. 246819 new variables.
Decomposition Clauses generated.
Pruned clauses.
Block compression leads to 480 timesteps.
Decomp formula generated
State atoms
State formula
Matching
Invar time: 2802.353ms SM: 0 M: 0 I: 0 SI: 17037
[34mFormula: [m11325658 decomposition 1864982 state 8177760 mutex
Formula has 18504357 vars and 651856090 clauses.
Formula time: 10620.494ms
Starting solver
Solver time: 50404.809ms
Solver state: [31mUNSAT[m


[33mGenerating formula for depth 64[m
Computing PDT took: 9.158 ms
Computed PDT. Extracting leafs ... 992 leafs
Clear pruning tables ... done.
[34mPruning round [m1 Phase: 1
FF Pruning: removed 56551 of 322804
[34mPruning round [m2 Phase: 1
FF Pruning: removed 0 of 266253
Pruning: 66376 of 452389
Leaf Primitive Pruning: 60710 of 325652
Pruning gave 0 new invariants
Assigning variable IDs for PDT ... done. 250985 new variables.
Decomposition Clauses generated.
Pruned clauses.
Block compression leads to 488 timesteps.
Decomp formula generated
State atoms
State formula
Matching
Invar time: 2972.309ms SM: 0 M: 0 I: 0 SI: 17037
[34mFormula: [m11511355 decomposition 1896824 state 8314056 mutex
Formula has 19124890 vars and 673578325 clauses.
Formula time: 11345.045ms
Starting solver
Solver time: 35661.198ms
Solver state: [31mUNSAT[m


[33mGenerating formula for depth 65[m
Computing PDT took: 8.665 ms
Computed PDT. Extracting leafs ... 1008 leafs
Clear pruning tables ... done.
[34mPruning round [m1 Phase: 1
FF Pruning: removed 57397 of 328164
[34mPruning round [m2 Phase: 1
FF Pruning: removed 0 of 270767
Pruning: 67222 of 459817
Leaf Primitive Pruning: 61556 of 331012
Pruning gave 0 new invariants
Assigning variable IDs for PDT ... done. 255151 new variables.
Decomposition Clauses generated.
Pruned clauses.
Block compression leads to 496 timesteps.
Decomp formula generated
State atoms
State formula
Matching
Invar time: 2878.972ms SM: 0 M: 0 I: 0 SI: 17037
[34mFormula: [m11697052 decomposition 1928666 state 8450352 mutex
Formula has 19755643 vars and 695654395 clauses.
Formula time: 11301.863ms
Starting solver
Solver time: 28069.228ms
Solver state: [31mUNSAT[m


[33mGenerating formula for depth 66[m
Computing PDT took: 9.288 ms
Computed PDT. Extracting leafs ... 1024 leafs
Clear pruning tables ... done.
[34mPruning round [m1 Phase: 1
FF Pruning: removed 58243 of 333524
[34mPruning round [m2 Phase: 1
FF Pruning: removed 0 of 275281
Pruning: 68068 of 467245
Leaf Primitive Pruning: 62402 of 336372
Pruning gave 0 new invariants
Assigning variable IDs for PDT ... done. 259317 new variables.
Decomposition Clauses generated.
Pruned clauses.
Block compression leads to 504 timesteps.
Decomp formula generated
State atoms
State formula
Matching
Invar time: 3264.852ms SM: 0 M: 0 I: 0 SI: 17037
[34mFormula: [m11882749 decomposition 1960508 state 8586648 mutex
Formula has 20396616 vars and 718084300 clauses.
Formula time: 12085.823ms
Starting solver
Solver time: 34472.345ms
Solver state: [31mUNSAT[m


[33mGenerating formula for depth 67[m
Computing PDT took: 9.171 ms
Computed PDT. Extracting leafs ... 1040 leafs
Clear pruning tables ... done.
[34mPruning round [m1 Phase: 1
FF Pruning: removed 59089 of 338884
[34mPruning round [m2 Phase: 1
FF Pruning: removed 0 of 279795
Pruning: 68914 of 474673
Leaf Primitive Pruning: 63248 of 341732
Pruning gave 0 new invariants
Assigning variable IDs for PDT ... done. 263483 new variables.
Decomposition Clauses generated.
Pruned clauses.
Block compression leads to 512 timesteps.
Decomp formula generated
State atoms
State formula
Matching
Invar time: 3051.695ms SM: 0 M: 0 I: 0 SI: 17037
[34mFormula: [m12068446 decomposition 1992350 state 8722944 mutex
Formula has 21047809 vars and 740868040 clauses.
Formula time: 12156.907ms
Starting solver
Solver time: 38811.499ms
Solver state: [31mUNSAT[m


[33mGenerating formula for depth 68[m
Computing PDT took: 8.859 ms
Computed PDT. Extracting leafs ... 1056 leafs
Clear pruning tables ... done.
[34mPruning round [m1 Phase: 1
FF Pruning: removed 59935 of 344244
[34mPruning round [m2 Phase: 1
FF Pruning: removed 0 of 284309
Pruning: 69760 of 482101
Leaf Primitive Pruning: 64094 of 347092
Pruning gave 0 new invariants
Assigning variable IDs for PDT ... done. 267649 new variables.
Decomposition Clauses generated.
Pruned clauses.
Block compression leads to 520 timesteps.
Decomp formula generated
State atoms
State formula
Matching
Invar time: 3120.629ms SM: 0 M: 0 I: 0 SI: 17037
[34mFormula: [m12254143 decomposition 2024192 state 8859240 mutex
Formula has 21709222 vars and 764005615 clauses.
Formula time: 12914.756ms
Starting solver
Solver time: 28442.109ms
Solver state: [31mUNSAT[m


[33mGenerating formula for depth 69[m
Computing PDT took: 8.899 ms
Computed PDT. Extracting leafs ... 1072 leafs
Clear pruning tables ... done.
[34mPruning round [m1 Phase: 1
FF Pruning: removed 60781 of 349604
[34mPruning round [m2 Phase: 1
FF Pruning: removed 0 of 288823
Pruning: 70606 of 489529
Leaf Primitive Pruning: 64940 of 352452
Pruning gave 0 new invariants
Assigning variable IDs for PDT ... done. 271815 new variables.
Decomposition Clauses generated.
Pruned clauses.
Block compression leads to 528 timesteps.
Decomp formula generated
State atoms
State formula
Matching
Invar time: 3393.229ms SM: 0 M: 0 I: 0 SI: 17037
[34mFormula: [m12439840 decomposition 2056034 state 8995536 mutex
Formula has 22380855 vars and 787497025 clauses.
Formula time: 12628.232ms
Starting solver
Solver time: 41811.998ms
Solver state: [31mUNSAT[m


[33mGenerating formula for depth 70[m
Computing PDT took: 9.553 ms
Computed PDT. Extracting leafs ... 1088 leafs
Clear pruning tables ... done.
[34mPruning round [m1 Phase: 1
FF Pruning: removed 61627 of 354964
[34mPruning round [m2 Phase: 1
FF Pruning: removed 0 of 293337
Pruning: 71452 of 496957
Leaf Primitive Pruning: 65786 of 357812
Pruning gave 0 new invariants
Assigning variable IDs for PDT ... done. 275981 new variables.
Decomposition Clauses generated.
Pruned clauses.
Block compression leads to 536 timesteps.
Decomp formula generated
State atoms
State formula
Matching
Invar time: 3106.186ms SM: 0 M: 0 I: 0 SI: 17037
[34mFormula: [m12625537 decomposition 2087876 state 9131832 mutex
Formula has 23062708 vars and 811342270 clauses.
Formula time: 12570.639ms
Starting solver
Solver time: 45692.541ms
Solver state: [31mUNSAT[m


[33mGenerating formula for depth 71[m
Computing PDT took: 8.849 ms
Computed PDT. Extracting leafs ... 1104 leafs
Clear pruning tables ... done.
[34mPruning round [m1 Phase: 1
FF Pruning: removed 62473 of 360324
[34mPruning round [m2 Phase: 1
FF Pruning: removed 0 of 297851
Pruning: 72298 of 504385
Leaf Primitive Pruning: 66632 of 363172
Pruning gave 0 new invariants
Assigning variable IDs for PDT ... done. 280147 new variables.
Decomposition Clauses generated.
Pruned clauses.
Block compression leads to 544 timesteps.
Decomp formula generated
State atoms
State formula
Matching
Invar time: 3637.321ms SM: 0 M: 0 I: 0 SI: 17037
[34mFormula: [m12811234 decomposition 2119718 state 9268128 mutex
Formula has 23754781 vars and 835541350 clauses.
Formula time: 15325.602ms
Starting solver
Solver time: 98151.995ms
Solver state: [31mUNSAT[m


[33mGenerating formula for depth 72[m
Computing PDT took: 9.033 ms
Computed PDT. Extracting leafs ... 1120 leafs
Clear pruning tables ... done.
[34mPruning round [m1 Phase: 1
FF Pruning: removed 63319 of 365684
[34mPruning round [m2 Phase: 1
FF Pruning: removed 0 of 302365
Pruning: 73144 of 511813
Leaf Primitive Pruning: 67478 of 368532
Pruning gave 0 new invariants
Assigning variable IDs for PDT ... done. 284313 new variables.
Decomposition Clauses generated.
Pruned clauses.
Block compression leads to 552 timesteps.
Decomp formula generated
State atoms
State formula
Matching
Invar time: 3043.884ms SM: 0 M: 0 I: 0 SI: 17037
[34mFormula: [m12996931 decomposition 2151560 state 9404424 mutex
Formula has 24457074 vars and 860094265 clauses.
Formula time: 17816.319ms
Starting solver
Solver time: 113481.689ms
Solver state: [31mUNSAT[m


[33mGenerating formula for depth 73[m
Computing PDT took: 8.881 ms
Computed PDT. Extracting leafs ... 1136 leafs
Clear pruning tables ... done.
[34mPruning round [m1 Phase: 1
FF Pruning: removed 64165 of 371044
[34mPruning round [m2 Phase: 1
FF Pruning: removed 0 of 306879
Pruning: 73990 of 519241
Leaf Primitive Pruning: 68324 of 373892
Pruning gave 0 new invariants
Assigning variable IDs for PDT ... done. 288479 new variables.
Decomposition Clauses generated.
Pruned clauses.
Block compression leads to 560 timesteps.
Decomp formula generated
State atoms
State formula
Matching
Invar time: 2827.037ms SM: 0 M: 0 I: 0 SI: 17037
[34mFormula: [m13182628 decomposition 2183402 state 9540720 mutex
Formula has 25169587 vars and 885001015 clauses.
Formula time: 20880.373ms
Starting solver
Solver time: 49014.701ms
Solver state: [31mUNSAT[m


[33mGenerating formula for depth 74[m
Computing PDT took: 8.665 ms
Computed PDT. Extracting leafs ... 1152 leafs
Clear pruning tables ... done.
[34mPruning round [m1 Phase: 1
FF Pruning: removed 65011 of 376404
[34mPruning round [m2 Phase: 1
FF Pruning: removed 0 of 311393
Pruning: 74836 of 526669
Leaf Primitive Pruning: 69170 of 379252
Pruning gave 0 new invariants
Assigning variable IDs for PDT ... done. 292645 new variables.
Decomposition Clauses generated.
Pruned clauses.
Block compression leads to 568 timesteps.
Decomp formula generated
State atoms
State formula
Matching
Invar time: 3229.563ms SM: 0 M: 0 I: 0 SI: 17037
[34mFormula: [m13368325 decomposition 2215244 state 9677016 mutex
Formula has 25892320 vars and 910261600 clauses.
Formula time: 18872.303ms
Starting solver
Solver time: 109281.272ms
Solver state: [31mUNSAT[m


[33mGenerating formula for depth 75[m
Computing PDT took: 8.545 ms
Computed PDT. Extracting leafs ... 1168 leafs
Clear pruning tables ... done.
[34mPruning round [m1 Phase: 1
FF Pruning: removed 65857 of 381764
[34mPruning round [m2 Phase: 1
FF Pruning: removed 0 of 315907
Pruning: 75682 of 534097
Leaf Primitive Pruning: 70016 of 384612
Pruning gave 0 new invariants
Assigning variable IDs for PDT ... done. 296811 new variables.
Decomposition Clauses generated.
Pruned clauses.
Block compression leads to 576 timesteps.
Decomp formula generated
State atoms
State formula
Matching
Invar time: 3213.153ms SM: 0 M: 0 I: 0 SI: 17037
[34mFormula: [m13554022 decomposition 2247086 state 9813312 mutex
Formula has 26625273 vars and 935876020 clauses.
Formula time: 15980.790ms
Starting solver
Solver time: 65569.813ms
Solver state: [31mUNSAT[m


[33mGenerating formula for depth 76[m
Computing PDT took: 8.849 ms
Computed PDT. Extracting leafs ... 1184 leafs
Clear pruning tables ... done.
[34mPruning round [m1 Phase: 1
FF Pruning: removed 66703 of 387124
[34mPruning round [m2 Phase: 1
FF Pruning: removed 0 of 320421
Pruning: 76528 of 541525
Leaf Primitive Pruning: 70862 of 389972
Pruning gave 0 new invariants
Assigning variable IDs for PDT ... done. 300977 new variables.
Decomposition Clauses generated.
Pruned clauses.
Block compression leads to 584 timesteps.
Decomp formula generated
State atoms
State formula
Matching
Invar time: 3273.307ms SM: 0 M: 0 I: 0 SI: 17037
[34mFormula: [m13739719 decomposition 2278928 state 9949608 mutex
Formula has 27368446 vars and 961844275 clauses.
Formula time: 17928.709ms
Starting solver
Solver time: 59474.822ms
Solver state: [31mUNSAT[m


[33mGenerating formula for depth 77[m
Computing PDT took: 8.868 ms
Computed PDT. Extracting leafs ... 1200 leafs
Clear pruning tables ... done.
[34mPruning round [m1 Phase: 1
FF Pruning: removed 67549 of 392484
[34mPruning round [m2 Phase: 1
FF Pruning: removed 0 of 324935
Pruning: 77374 of 548953
Leaf Primitive Pruning: 71708 of 395332
Pruning gave 0 new invariants
Assigning variable IDs for PDT ... done. 305143 new variables.
Decomposition Clauses generated.
Pruned clauses.
Block compression leads to 592 timesteps.
Decomp formula generated
State atoms
State formula
Matching
Invar time: 3793.950ms SM: 0 M: 0 I: 0 SI: 17037
[34mFormula: [m13925416 decomposition 2310770 state 10085904 mutex
Formula has 28121839 vars and 988166365 clauses.
Formula time: 16612.021ms
Starting solver
Solver time: 96252.116ms
Solver state: [31mUNSAT[m


[33mGenerating formula for depth 78[m
Computing PDT took: 9.033 ms
Computed PDT. Extracting leafs ... 1216 leafs
Clear pruning tables ... done.
[34mPruning round [m1 Phase: 1
FF Pruning: removed 68395 of 397844
[34mPruning round [m2 Phase: 1
FF Pruning: removed 0 of 329449
Pruning: 78220 of 556381
Leaf Primitive Pruning: 72554 of 400692
Pruning gave 0 new invariants
Assigning variable IDs for PDT ... done. 309309 new variables.
Decomposition Clauses generated.
Pruned clauses.
Block compression leads to 600 timesteps.
Decomp formula generated
State atoms
State formula
Matching
Invar time: 3307.967ms SM: 0 M: 0 I: 0 SI: 17037
[34mFormula: [m14111113 decomposition 2342612 state 10222200 mutex
Formula has 28885452 vars and 1014842290 clauses.
Formula time: 14951.497ms
Starting solver
Solver time: 113969.266ms
Solver state: [31mUNSAT[m


[33mGenerating formula for depth 79[m
Computing PDT took: 10.096 ms
Computed PDT. Extracting leafs ... 1232 leafs
Clear pruning tables ... done.
[34mPruning round [m1 Phase: 1
FF Pruning: removed 69241 of 403204
[34mPruning round [m2 Phase: 1
FF Pruning: removed 0 of 333963
Pruning: 79066 of 563809
Leaf Primitive Pruning: 73400 of 406052
Pruning gave 0 new invariants
Assigning variable IDs for PDT ... done. 313475 new variables.
Decomposition Clauses generated.
Pruned clauses.
Block compression leads to 608 timesteps.
Decomp formula generated
State atoms
State formula
Matching
Invar time: 3821.557ms SM: 0 M: 0 I: 0 SI: 17037
[34mFormula: [m14296810 decomposition 2374454 state 10358496 mutex
Formula has 29659285 vars and 1041872050 clauses.
Formula time: 16569.548ms
Starting solver
Caught SIGTERM signal!

RUNWATCH_RESULT TIMEOUT RETVAL 33280 TIME_SECS 1800.62 MEMPEAK_KBS 3708
