----------------------Tasks-----------------------
0 achieve_at obj63 pos1
1 achieve_at obj21 apt6
2 achieve_at obj62 apt3
3 achieve_at obj43 apt6
4 achieve_at obj73 apt4
5 achieve_at obj52 pos6
6 achieve_at obj51 apt8
7 achieve_at obj61 pos4
8 achieve_at obj31 apt7
9 achieve_at obj82 apt3
10 achieve_at obj53 apt3
11 achieve_at obj71 apt6
12 achieve_at obj22 apt5
13 achieve_at obj42 apt2
14 achieve_at obj32 pos7
15 achieve_at obj83 pos3
16 achieve_at obj12 pos3
17 achieve_at obj13 pos4
18 achieve_at obj23 apt8
19 achieve_at obj81 pos5
20 achieve_at obj41 pos8
21 achieve_at obj72 apt4
22 achieve_at obj33 apt5
23 achieve_at obj11 apt3
---------------------Planning---------------------
Interrupted
Total time: 1800.8346984386444s

RUNWATCH_RESULT TIMEOUT RETVAL 0 TIME_SECS 1801.01 MEMPEAK_KBS 92008
