    _           _         _
   \ |         \ |       | |                       
   | |     __  | |      _| |______                
   | |     \/  | |     /_   ______\                
   | |      _  | |   __  | |  ___   ___   ___       
   | |___  | | | |  / .\ | | / , | |   \ / ·_\    
   \_____\ |_| |__\ \__/ |_| \___) |_|_| \___\  
[39mL i l o t a n e  version rls-glucose4
by Dominik Schreiber <dominik.schreiber@kit.edu> 2020-2021
using SAT solver glucose4

0.004 Parser finished.
0.005 Structures extracted.
0.005 54 operators and 26 methods created.
0.014 Mined 7 new reduction preconditions (+18.9%).
0.014 Iteration 0.
0.014 Creating initial layer of size 2
0.014 Attempting to solve formula with 3 clauses (3 literals) and 1 assumptions
0.014 Unsolvable at layer 0 -- expanding.
0.014 Iteration 1.
0.014 New layer size: 2
0.014 Instantiating ...
0.015 Collected 0 relevant facts at this layer
0.015 Encoding ...
0.015 Attempting to solve formula with 8 clauses (12 literals) and 1 assumptions
0.015 Unsolvable at layer 1 -- expanding.
0.015 Iteration 2.
0.015 New layer size: 3
0.015 Instantiating ...
0.015 Collected 1 relevant facts at this layer
0.015 Encoding ...
0.015 Attempting to solve formula with 19 clauses (33 literals) and 1 assumptions
0.015 Unsolvable at layer 2 -- expanding.
0.015 Iteration 3.
0.015 New layer size: 4
0.015 Instantiating ...
0.015 Collected 2 relevant facts at this layer
0.015 Encoding ...
0.015 Attempting to solve formula with 31 clauses (55 literals) and 1 assumptions
0.016 Unsolvable at layer 3 -- expanding.
0.016 Iteration 4.
0.016 New layer size: 9
0.016 Instantiating ...
0.016 Collected 6 relevant facts at this layer
0.016 Encoding ...
0.016 Attempting to solve formula with 70 clauses (131 literals) and 2 assumptions
0.016 Unsolvable at layer 4 -- expanding.
0.016 Iteration 5.
0.016 New layer size: 11
0.016 Instantiating ...
0.017 Collected 8 relevant facts at this layer
0.017 Encoding ...
0.017 Attempting to solve formula with 136 clauses (273 literals) and 2 assumptions
0.017 Unsolvable at layer 5 -- expanding.
0.017 Iteration 6.
0.017 New layer size: 13
0.017 Instantiating ...
0.018 Retroactively prune action (DOWN Q_5,2_FLOOR:0_6c54521cd91c9bb0 F0) due to impossible effect !(LIFT-AT Q_5,2_FLOOR:0_6c54521cd91c9bb0)
0.019 Collected 8 relevant facts at this layer
0.019 Encoding ...
0.019 Attempting to solve formula with 218 clauses (450 literals) and 2 assumptions
0.019 Unsolvable at layer 6 -- expanding.
0.019 Iteration 7.
0.019 New layer size: 17
0.019 Instantiating ...
0.020 Collected 8 relevant facts at this layer
0.020 Encoding ...
0.021 Attempting to solve formula with 326 clauses (697 literals) and 1 assumptions
c last restart ## conflicts  :  0 60 
0.021 Found a solution at layer 7.
==>
129 i-LOCK-LIFT-AT F0
131 i-UNLOCK-LIFT-AT F0
134 BOARD F0 P0
141 i-LOCK-BOARDED P0
143 UP F0 F1
162 i-LOCK-LIFT-AT F1
164 i-UNLOCK-LIFT-AT F1
166 i-UNLOCK-BOARDED P0
168 DEPART F1 P0
174 i-LOCK-SERVED P0
root 5
5 ACHIEVE-SERVED P0 -> M22-ACHIEVE-SERVED 9 174
9 ACHIEVE-SERVED2 P0 -> M24-ACHIEVE-SERVED2 17 20
17 DO-SERVED-DEPART2 F1 P0 -> M8-DO-SERVED-DEPART2 27 33 163 165 168
20 ACHIEVE-SERVED2 P0 -> M23-ACHIEVE-SERVED2
27 ACHIEVE-BOARDED P0 -> M17-ACHIEVE-BOARDED 56 141
33 ACHIEVE-LIFT-AT F1 -> M11-ACHIEVE-LIFT-AT 67 162
56 ACHIEVE-BOARDED1 P0 -> M19-ACHIEVE-BOARDED1 92 94
67 ACHIEVE-LIFT-AT0 F1 -> M13-ACHIEVE-LIFT-AT0 143 104
92 DO-BOARDED-BOARD1 F0 P0 -> M7-DO-BOARDED-BOARD1 128 130 134
94 ACHIEVE-BOARDED1 P0 -> M18-ACHIEVE-BOARDED1
104 ACHIEVE-LIFT-AT0 F1 -> M12-ACHIEVE-LIFT-AT0
128 ACHIEVE-LIFT-AT F0 -> M10-ACHIEVE-LIFT-AT 129
130 IFUNLOCK-LIFT-AT F0 -> IFUNLOCK5-LIFT-AT 131
163 IFUNLOCK-LIFT-AT F1 -> IFUNLOCK5-LIFT-AT 164
165 IFUNLOCK-BOARDED P0 -> IFUNLOCK1-BOARDED 166
<==
0.021 End of solution plan. (counted length of 10)
0.021 Total amount of clauses encoded: 326
0.021 - predecessors : 68 cls
0.021 - expansions : 65 cls
0.021 - directframeaxioms : 56 cls
0.021 - reductionconstraints : 52 cls
0.021 - atmostoneelement : 23 cls
0.021 - actioneffects : 16 cls
0.021 - actionconstraints : 13 cls
0.021 - qfactsemantics : 10 cls
0.021 - substitutionconstraints : 9 cls
0.021 - truefacts : 8 cls
0.021 - indirectframeaxioms : 3 cls
0.021 - axiomaticops : 2 cls
0.021 - forbiddenoperations : 1 cls
0.021 # instantiated positions: 60
0.021 # instantiated actions: 55
0.021 # instantiated reductions: 19
0.021 # introduced pseudo-constants: 3
0.021 # retroactive prunings: 3
0.021 # retroactively pruned operations: 4
0.021 # dominated operations: 0
0.021 # total invalid rigid preconditions found in getPFC: 0
0.021 # invalid rigid preconditions found in getPFC: 0
0.021 # invalid rigid preconditions found in getPFC in varrestrictions: 0
0.021 # total invalid fluent preconditions found in getPFC: 80
0.021 # invalid fluent preconditions found in getPFC: 37
0.021 # invalid fluent preconditions found in getPFC in varrestrictions: 0
0.021 # invalid fluent preconditions found in getPFC via postconditions: 43
0.021 # invalid subtasks found in getPFC: 0
0.021 # number effects in operation fact_frames: 178
0.021 # number of variables restricted: 156
0.021 # number of nodes variables restricted: 38
0.021 Exiting happily.

RUNWATCH_RESULT EXIT RETVAL 0 TIME_SECS 0.0273438 MEMPEAK_KBS 864
