    _           _         _
   \ |         \ |       | |                       
   | |     __  | |      _| |______                
   | |     \/  | |     /_   ______\                
   | |      _  | |   __  | |  ___   ___   ___       
   | |___  | | | |  / .\ | | / , | |   \ / ·_\    
   \_____\ |_| |__\ \__/ |_| \___) |_|_| \___\  
[39mL i l o t a n e  version rls-glucose4
by Dominik Schreiber <dominik.schreiber@kit.edu> 2020-2021
using SAT solver glucose4

0.010 Parser finished.
0.010 Structures extracted.
0.011 54 operators and 26 methods created.
0.060 Mined 7 new reduction preconditions (+18.9%).
0.060 Iteration 0.
0.061 Creating initial layer of size 2
0.091 Attempting to solve formula with 3 clauses (3 literals) and 1 assumptions
0.091 Unsolvable at layer 0 -- expanding.
0.091 Iteration 1.
0.091 New layer size: 20
0.091 Instantiating ...
0.262 Collected 0 relevant facts at this layer
0.262 Encoding ...
0.262 Attempting to solve formula with 62 clauses (102 literals) and 19 assumptions
0.263 Unsolvable at layer 1 -- expanding.
0.263 Iteration 2.
0.263 New layer size: 39
0.263 Instantiating ...
0.435 Collected 19 relevant facts at this layer
0.435 Encoding ...
0.436 Attempting to solve formula with 235 clauses (429 literals) and 19 assumptions
0.436 Unsolvable at layer 2 -- expanding.
0.436 Iteration 3.
0.436 New layer size: 58
0.436 Instantiating ...
0.762 Collected 38 relevant facts at this layer
0.762 Encoding ...
0.763 Attempting to solve formula with 427 clauses (775 literals) and 19 assumptions
0.763 Unsolvable at layer 3 -- expanding.
0.763 Iteration 4.
0.764 New layer size: 153
0.764 Instantiating ...
1.300 Collected 108 relevant facts at this layer
1.300 Encoding ...
1.308 Attempting to solve formula with 1886 clauses (4345 literals) and 38 assumptions
1.308 Unsolvable at layer 4 -- expanding.
1.308 Iteration 5.
1.309 New layer size: 191
1.309 Instantiating ...
2.246 Collected 130 relevant facts at this layer
2.246 Encoding ...
2.286 Attempting to solve formula with 73825 clauses (180562 literals) and 38 assumptions
2.286 Unsolvable at layer 5 -- expanding.
2.286 Iteration 6.
2.286 New layer size: 229
2.286 Instantiating ...
3.392 Collected 130 relevant facts at this layer
3.392 Encoding ...
3.451 Attempting to solve formula with 173829 clauses (455153 literals) and 38 assumptions
3.451 Unsolvable at layer 6 -- expanding.
3.451 Iteration 7.
3.451 New layer size: 305
3.451 Instantiating ...
4.588 Collected 138 relevant facts at this layer
4.588 Encoding ...
4.681 Attempting to solve formula with 277100 clauses (737651 literals) and 38 assumptions
4.681 Unsolvable at layer 7 -- expanding.
4.681 Iteration 8.
4.681 New layer size: 343
4.681 Instantiating ...
6.228 Collected 138 relevant facts at this layer
6.228 Encoding ...
6.335 Attempting to solve formula with 455655 clauses (1201183 literals) and 38 assumptions
6.335 Unsolvable at layer 8 -- expanding.
6.335 Iteration 9.
6.335 New layer size: 381
6.335 Instantiating ...
7.949 Collected 138 relevant facts at this layer
7.949 Encoding ...
8.113 Attempting to solve formula with 660127 clauses (1758688 literals) and 38 assumptions
c last restart ## conflicts  :  313 8650 
11.122 Found a solution at layer 9.
==>
21301 UP F0 F34
21463 i-LOCK-LIFT-AT F34
21465 i-UNLOCK-LIFT-AT F34
21467 BOARD F34 P18
21473 i-LOCK-BOARDED P18
21475 DOWN F34 F1
21480 DOWN F1 F0
21484 UP F0 F3
21488 UP F3 F13
21655 i-LOCK-LIFT-AT F13
21658 i-UNLOCK-LIFT-AT F13
21660 i-UNLOCK-BOARDED P18
21662 DEPART F13 P18
21668 i-LOCK-SERVED P18
21671 DOWN F13 F5
21838 i-LOCK-LIFT-AT F5
21841 i-UNLOCK-LIFT-AT F5
21843 BOARD F5 P17
21849 i-LOCK-BOARDED P17
21852 UP F5 F36
21857 DOWN F36 F12
21860 UP F12 F27
21864 UP F27 F33
22031 i-LOCK-LIFT-AT F33
22034 i-UNLOCK-LIFT-AT F33
22036 i-UNLOCK-BOARDED P17
22038 DEPART F33 P17
22044 i-LOCK-SERVED P17
22046 DOWN F33 F6
22215 i-LOCK-LIFT-AT F6
22217 i-UNLOCK-LIFT-AT F6
22219 BOARD F6 P16
22225 i-LOCK-BOARDED P16
22229 UP F6 F12
22232 DOWN F12 F0
22236 UP F0 F2
22240 UP F2 F23
22407 i-LOCK-LIFT-AT F23
22410 i-UNLOCK-LIFT-AT F23
22412 i-UNLOCK-BOARDED P16
22414 DEPART F23 P16
22420 i-LOCK-SERVED P16
22424 DOWN F23 F4
22591 i-LOCK-LIFT-AT F4
22593 i-UNLOCK-LIFT-AT F4
22595 BOARD F4 P15
22601 i-LOCK-BOARDED P15
22603 UP F4 F10
22610 UP F10 F14
22613 DOWN F14 F0
22616 UP F0 F36
22783 i-LOCK-LIFT-AT F36
22786 i-UNLOCK-LIFT-AT F36
22788 i-UNLOCK-BOARDED P15
22790 DEPART F36 P15
22796 i-LOCK-SERVED P15
22798 DOWN F36 F1
22966 i-LOCK-LIFT-AT F1
22969 i-UNLOCK-LIFT-AT F1
22971 BOARD F1 P14
22977 i-LOCK-BOARDED P14
22981 UP F1 F32
22985 DOWN F32 F2
22989 UP F2 F4
22995 UP F4 F25
23159 i-LOCK-LIFT-AT F25
23162 i-UNLOCK-LIFT-AT F25
23164 i-UNLOCK-BOARDED P14
23166 DEPART F25 P14
23172 i-LOCK-SERVED P14
23175 DOWN F25 F7
23342 i-LOCK-LIFT-AT F7
23345 i-UNLOCK-LIFT-AT F7
23347 BOARD F7 P13
23353 i-LOCK-BOARDED P13
23355 UP F7 F36
23362 DOWN F36 F32
23364 UP F32 F33
23369 DOWN F33 F5
23535 i-LOCK-LIFT-AT F5
23538 i-UNLOCK-LIFT-AT F5
23540 i-UNLOCK-BOARDED P13
23542 DEPART F5 P13
23548 i-LOCK-SERVED P13
23551 UP F5 F12
23718 i-LOCK-LIFT-AT F12
23721 i-UNLOCK-LIFT-AT F12
23723 BOARD F12 P12
23729 i-LOCK-BOARDED P12
23731 DOWN F12 F0
23737 UP F0 F1
23740 DOWN F1 F0
23744 UP F0 F6
23912 i-LOCK-LIFT-AT F6
23914 i-UNLOCK-LIFT-AT F6
23916 i-UNLOCK-BOARDED P12
23918 DEPART F6 P12
23924 i-LOCK-SERVED P12
23927 UP F6 F31
24094 i-LOCK-LIFT-AT F31
24097 i-UNLOCK-LIFT-AT F31
24099 BOARD F31 P11
24105 i-LOCK-BOARDED P11
24109 UP F31 F35
24114 DOWN F35 F31
24117 DOWN F31 F6
24120 UP F6 F26
24287 i-LOCK-LIFT-AT F26
24290 i-UNLOCK-LIFT-AT F26
24292 i-UNLOCK-BOARDED P11
24294 DEPART F26 P11
24300 i-LOCK-SERVED P11
24302 UP F26 F34
24470 i-LOCK-LIFT-AT F34
24473 i-UNLOCK-LIFT-AT F34
24475 BOARD F34 P10
24481 i-LOCK-BOARDED P10
24485 UP F34 F36
24489 DOWN F36 F24
24493 UP F24 F30
24496 DOWN F30 F27
24663 i-LOCK-LIFT-AT F27
24666 i-UNLOCK-LIFT-AT F27
24668 i-UNLOCK-BOARDED P10
24670 DEPART F27 P10
24676 i-LOCK-SERVED P10
24679 UP F27 F28
24846 i-LOCK-LIFT-AT F28
24849 i-UNLOCK-LIFT-AT F28
24851 BOARD F28 P9
24857 i-LOCK-BOARDED P9
24859 DOWN F28 F10
24865 UP F10 F30
24868 UP F30 F37
24873 DOWN F37 F29
25039 i-LOCK-LIFT-AT F29
25042 i-UNLOCK-LIFT-AT F29
25044 i-UNLOCK-BOARDED P9
25046 DEPART F29 P9
25052 i-LOCK-SERVED P9
25056 UP F29 F36
25222 i-LOCK-LIFT-AT F36
25225 i-UNLOCK-LIFT-AT F36
25227 BOARD F36 P8
25233 i-LOCK-BOARDED P8
25238 DOWN F36 F10
25240 UP F10 F14
25244 UP F14 F16
25248 UP F16 F24
25415 i-LOCK-LIFT-AT F24
25418 i-UNLOCK-LIFT-AT F24
25420 i-UNLOCK-BOARDED P8
25422 DEPART F24 P8
25428 i-LOCK-SERVED P8
25433 DOWN F24 F10
25598 i-LOCK-LIFT-AT F10
25601 i-UNLOCK-LIFT-AT F10
25603 BOARD F10 P7
25609 i-LOCK-BOARDED P7
25614 DOWN F10 F1
25616 UP F1 F36
25621 DOWN F36 F21
25624 UP F21 F26
25791 i-LOCK-LIFT-AT F26
25794 i-UNLOCK-LIFT-AT F26
25796 i-UNLOCK-BOARDED P7
25798 DEPART F26 P7
25804 i-LOCK-SERVED P7
25807 UP F26 F29
25974 i-LOCK-LIFT-AT F29
25977 i-UNLOCK-LIFT-AT F29
25979 BOARD F29 P6
25985 i-LOCK-BOARDED P6
25988 DOWN F29 F3
25992 UP F3 F34
25997 DOWN F34 F27
26003 DOWN F27 F1
26167 i-LOCK-LIFT-AT F1
26170 i-UNLOCK-LIFT-AT F1
26172 i-UNLOCK-BOARDED P6
26174 DEPART F1 P6
26180 i-LOCK-SERVED P6
26183 UP F1 F9
26350 i-LOCK-LIFT-AT F9
26353 i-UNLOCK-LIFT-AT F9
26355 BOARD F9 P5
26361 i-LOCK-BOARDED P5
26363 UP F9 F30
26368 DOWN F30 F3
26372 UP F3 F10
26379 UP F10 F20
26544 i-LOCK-LIFT-AT F20
26546 i-UNLOCK-LIFT-AT F20
26548 i-UNLOCK-BOARDED P5
26550 DEPART F20 P5
26556 i-LOCK-SERVED P5
26560 DOWN F20 F7
26726 i-LOCK-LIFT-AT F7
26729 i-UNLOCK-LIFT-AT F7
26731 BOARD F7 P4
26737 i-LOCK-BOARDED P4
26739 DOWN F7 F2
26746 UP F2 F24
26748 UP F24 F35
26752 DOWN F35 F20
26920 i-LOCK-LIFT-AT F20
26922 i-UNLOCK-LIFT-AT F20
26924 i-UNLOCK-BOARDED P4
26926 DEPART F20 P4
26932 i-LOCK-SERVED P4
26935 UP F20 F30
27102 i-LOCK-LIFT-AT F30
27105 i-UNLOCK-LIFT-AT F30
27107 BOARD F30 P3
27113 i-LOCK-BOARDED P3
27115 DOWN F30 F14
27120 UP F14 F25
27125 DOWN F25 F15
27128 UP F15 F21
27295 i-LOCK-LIFT-AT F21
27298 i-UNLOCK-LIFT-AT F21
27300 i-UNLOCK-BOARDED P3
27302 DEPART F21 P3
27308 i-LOCK-SERVED P3
27311 UP F21 F27
27478 i-LOCK-LIFT-AT F27
27481 i-UNLOCK-LIFT-AT F27
27483 BOARD F27 P2
27489 i-LOCK-BOARDED P2
27491 DOWN F27 F10
27671 i-LOCK-LIFT-AT F10
27674 i-UNLOCK-LIFT-AT F10
27676 i-UNLOCK-BOARDED P2
27678 DEPART F10 P2
27684 i-LOCK-SERVED P2
27687 DOWN F10 F3
27854 i-LOCK-LIFT-AT F3
27857 i-UNLOCK-LIFT-AT F3
27859 BOARD F3 P1
27865 i-LOCK-BOARDED P1
27868 DOWN F3 F2
27872 UP F2 F9
27876 UP F9 F29
28047 i-LOCK-LIFT-AT F29
28050 i-UNLOCK-LIFT-AT F29
28052 i-UNLOCK-BOARDED P1
28054 DEPART F29 P1
28060 i-LOCK-SERVED P1
28063 DOWN F29 F21
28230 i-LOCK-LIFT-AT F21
28233 i-UNLOCK-LIFT-AT F21
28235 BOARD F21 P0
28241 i-LOCK-BOARDED P0
28245 DOWN F21 F1
28248 UP F1 F34
28423 i-LOCK-LIFT-AT F34
28426 i-UNLOCK-LIFT-AT F34
28428 i-UNLOCK-BOARDED P0
28430 DEPART F34 P0
28436 i-LOCK-SERVED P0
root 5 7 9 11 13 15 17 19 21 23 25 27 29 31 33 35 37 39 41
5 ACHIEVE-SERVED P18 -> M22-ACHIEVE-SERVED 45 21668
7 ACHIEVE-SERVED P17 -> M22-ACHIEVE-SERVED 68 22044
9 ACHIEVE-SERVED P16 -> M22-ACHIEVE-SERVED 73 22420
11 ACHIEVE-SERVED P15 -> M22-ACHIEVE-SERVED 78 22796
13 ACHIEVE-SERVED P14 -> M22-ACHIEVE-SERVED 83 23172
15 ACHIEVE-SERVED P13 -> M22-ACHIEVE-SERVED 88 23548
17 ACHIEVE-SERVED P12 -> M22-ACHIEVE-SERVED 93 23924
19 ACHIEVE-SERVED P11 -> M22-ACHIEVE-SERVED 98 24300
21 ACHIEVE-SERVED P10 -> M22-ACHIEVE-SERVED 103 24676
23 ACHIEVE-SERVED P9 -> M22-ACHIEVE-SERVED 108 25052
25 ACHIEVE-SERVED P8 -> M22-ACHIEVE-SERVED 113 25428
27 ACHIEVE-SERVED P7 -> M22-ACHIEVE-SERVED 118 25804
29 ACHIEVE-SERVED P6 -> M22-ACHIEVE-SERVED 123 26180
31 ACHIEVE-SERVED P5 -> M22-ACHIEVE-SERVED 128 26556
33 ACHIEVE-SERVED P4 -> M22-ACHIEVE-SERVED 133 26932
35 ACHIEVE-SERVED P3 -> M22-ACHIEVE-SERVED 138 27308
37 ACHIEVE-SERVED P2 -> M22-ACHIEVE-SERVED 143 27684
39 ACHIEVE-SERVED P1 -> M22-ACHIEVE-SERVED 148 28060
41 ACHIEVE-SERVED P0 -> M22-ACHIEVE-SERVED 153 28436
45 ACHIEVE-SERVED2 P18 -> M24-ACHIEVE-SERVED2 161 182
68 ACHIEVE-SERVED2 P17 -> M24-ACHIEVE-SERVED2 187 189
73 ACHIEVE-SERVED2 P16 -> M24-ACHIEVE-SERVED2 194 196
78 ACHIEVE-SERVED2 P15 -> M24-ACHIEVE-SERVED2 201 203
83 ACHIEVE-SERVED2 P14 -> M24-ACHIEVE-SERVED2 208 210
88 ACHIEVE-SERVED2 P13 -> M24-ACHIEVE-SERVED2 215 217
93 ACHIEVE-SERVED2 P12 -> M24-ACHIEVE-SERVED2 222 224
98 ACHIEVE-SERVED2 P11 -> M24-ACHIEVE-SERVED2 229 231
103 ACHIEVE-SERVED2 P10 -> M24-ACHIEVE-SERVED2 236 238
108 ACHIEVE-SERVED2 P9 -> M24-ACHIEVE-SERVED2 243 245
113 ACHIEVE-SERVED2 P8 -> M24-ACHIEVE-SERVED2 250 252
118 ACHIEVE-SERVED2 P7 -> M24-ACHIEVE-SERVED2 257 259
123 ACHIEVE-SERVED2 P6 -> M24-ACHIEVE-SERVED2 264 266
128 ACHIEVE-SERVED2 P5 -> M24-ACHIEVE-SERVED2 271 273
133 ACHIEVE-SERVED2 P4 -> M24-ACHIEVE-SERVED2 278 280
138 ACHIEVE-SERVED2 P3 -> M24-ACHIEVE-SERVED2 285 287
143 ACHIEVE-SERVED2 P2 -> M24-ACHIEVE-SERVED2 292 294
148 ACHIEVE-SERVED2 P1 -> M24-ACHIEVE-SERVED2 299 301
153 ACHIEVE-SERVED2 P0 -> M24-ACHIEVE-SERVED2 306 308
161 DO-SERVED-DEPART2 F13 P18 -> M8-DO-SERVED-DEPART2 315 388 21657 21659 21662
182 ACHIEVE-SERVED2 P18 -> M23-ACHIEVE-SERVED2
187 DO-SERVED-DEPART2 F33 P17 -> M8-DO-SERVED-DEPART2 440 443 22033 22035 22038
189 ACHIEVE-SERVED2 P17 -> M23-ACHIEVE-SERVED2
194 DO-SERVED-DEPART2 F23 P16 -> M8-DO-SERVED-DEPART2 495 498 22409 22411 22414
196 ACHIEVE-SERVED2 P16 -> M23-ACHIEVE-SERVED2
201 DO-SERVED-DEPART2 F36 P15 -> M8-DO-SERVED-DEPART2 550 553 22785 22787 22790
203 ACHIEVE-SERVED2 P15 -> M23-ACHIEVE-SERVED2
208 DO-SERVED-DEPART2 F25 P14 -> M8-DO-SERVED-DEPART2 605 608 23161 23163 23166
210 ACHIEVE-SERVED2 P14 -> M23-ACHIEVE-SERVED2
215 DO-SERVED-DEPART2 F5 P13 -> M8-DO-SERVED-DEPART2 660 663 23537 23539 23542
217 ACHIEVE-SERVED2 P13 -> M23-ACHIEVE-SERVED2
222 DO-SERVED-DEPART2 F6 P12 -> M8-DO-SERVED-DEPART2 715 718 23913 23915 23918
224 ACHIEVE-SERVED2 P12 -> M23-ACHIEVE-SERVED2
229 DO-SERVED-DEPART2 F26 P11 -> M8-DO-SERVED-DEPART2 770 773 24289 24291 24294
231 ACHIEVE-SERVED2 P11 -> M23-ACHIEVE-SERVED2
236 DO-SERVED-DEPART2 F27 P10 -> M8-DO-SERVED-DEPART2 825 828 24665 24667 24670
238 ACHIEVE-SERVED2 P10 -> M23-ACHIEVE-SERVED2
243 DO-SERVED-DEPART2 F29 P9 -> M8-DO-SERVED-DEPART2 880 883 25041 25043 25046
245 ACHIEVE-SERVED2 P9 -> M23-ACHIEVE-SERVED2
250 DO-SERVED-DEPART2 F24 P8 -> M8-DO-SERVED-DEPART2 935 938 25417 25419 25422
252 ACHIEVE-SERVED2 P8 -> M23-ACHIEVE-SERVED2
257 DO-SERVED-DEPART2 F26 P7 -> M8-DO-SERVED-DEPART2 990 993 25793 25795 25798
259 ACHIEVE-SERVED2 P7 -> M23-ACHIEVE-SERVED2
264 DO-SERVED-DEPART2 F1 P6 -> M8-DO-SERVED-DEPART2 1045 1048 26169 26171 26174
266 ACHIEVE-SERVED2 P6 -> M23-ACHIEVE-SERVED2
271 DO-SERVED-DEPART2 F20 P5 -> M8-DO-SERVED-DEPART2 1100 1103 26545 26547 26550
273 ACHIEVE-SERVED2 P5 -> M23-ACHIEVE-SERVED2
278 DO-SERVED-DEPART2 F20 P4 -> M8-DO-SERVED-DEPART2 1155 1158 26921 26923 26926
280 ACHIEVE-SERVED2 P4 -> M23-ACHIEVE-SERVED2
285 DO-SERVED-DEPART2 F21 P3 -> M8-DO-SERVED-DEPART2 1210 1213 27297 27299 27302
287 ACHIEVE-SERVED2 P3 -> M23-ACHIEVE-SERVED2
292 DO-SERVED-DEPART2 F10 P2 -> M8-DO-SERVED-DEPART2 1265 1268 27673 27675 27678
294 ACHIEVE-SERVED2 P2 -> M23-ACHIEVE-SERVED2
299 DO-SERVED-DEPART2 F29 P1 -> M8-DO-SERVED-DEPART2 1320 1323 28049 28051 28054
301 ACHIEVE-SERVED2 P1 -> M23-ACHIEVE-SERVED2
306 DO-SERVED-DEPART2 F34 P0 -> M8-DO-SERVED-DEPART2 1375 1378 28425 28427 28430
308 ACHIEVE-SERVED2 P0 -> M23-ACHIEVE-SERVED2
315 ACHIEVE-BOARDED P18 -> M17-ACHIEVE-BOARDED 1432 21473
388 ACHIEVE-LIFT-AT F13 -> M11-ACHIEVE-LIFT-AT 1500 21655
440 ACHIEVE-BOARDED P17 -> M17-ACHIEVE-BOARDED 1669 21849
443 ACHIEVE-LIFT-AT F33 -> M11-ACHIEVE-LIFT-AT 1714 22031
495 ACHIEVE-BOARDED P16 -> M17-ACHIEVE-BOARDED 1884 22225
498 ACHIEVE-LIFT-AT F23 -> M11-ACHIEVE-LIFT-AT 1928 22407
550 ACHIEVE-BOARDED P15 -> M17-ACHIEVE-BOARDED 2099 22601
553 ACHIEVE-LIFT-AT F36 -> M11-ACHIEVE-LIFT-AT 2144 22783
605 ACHIEVE-BOARDED P14 -> M17-ACHIEVE-BOARDED 2314 22977
608 ACHIEVE-LIFT-AT F25 -> M11-ACHIEVE-LIFT-AT 2358 23159
660 ACHIEVE-BOARDED P13 -> M17-ACHIEVE-BOARDED 2529 23353
663 ACHIEVE-LIFT-AT F5 -> M11-ACHIEVE-LIFT-AT 2573 23535
715 ACHIEVE-BOARDED P12 -> M17-ACHIEVE-BOARDED 2744 23729
718 ACHIEVE-LIFT-AT F6 -> M11-ACHIEVE-LIFT-AT 2790 23912
770 ACHIEVE-BOARDED P11 -> M17-ACHIEVE-BOARDED 2959 24105
773 ACHIEVE-LIFT-AT F26 -> M11-ACHIEVE-LIFT-AT 3005 24287
825 ACHIEVE-BOARDED P10 -> M17-ACHIEVE-BOARDED 3174 24481
828 ACHIEVE-LIFT-AT F27 -> M11-ACHIEVE-LIFT-AT 3219 24663
880 ACHIEVE-BOARDED P9 -> M17-ACHIEVE-BOARDED 3389 24857
883 ACHIEVE-LIFT-AT F29 -> M11-ACHIEVE-LIFT-AT 3433 25039
935 ACHIEVE-BOARDED P8 -> M17-ACHIEVE-BOARDED 3604 25233
938 ACHIEVE-LIFT-AT F24 -> M11-ACHIEVE-LIFT-AT 3650 25415
990 ACHIEVE-BOARDED P7 -> M17-ACHIEVE-BOARDED 3819 25609
993 ACHIEVE-LIFT-AT F26 -> M11-ACHIEVE-LIFT-AT 3864 25791
1045 ACHIEVE-BOARDED P6 -> M17-ACHIEVE-BOARDED 4034 25985
1048 ACHIEVE-LIFT-AT F1 -> M11-ACHIEVE-LIFT-AT 4078 26167
1100 ACHIEVE-BOARDED P5 -> M17-ACHIEVE-BOARDED 4249 26361
1103 ACHIEVE-LIFT-AT F20 -> M11-ACHIEVE-LIFT-AT 4295 26544
1155 ACHIEVE-BOARDED P4 -> M17-ACHIEVE-BOARDED 4464 26737
1158 ACHIEVE-LIFT-AT F20 -> M11-ACHIEVE-LIFT-AT 4510 26920
1210 ACHIEVE-BOARDED P3 -> M17-ACHIEVE-BOARDED 4679 27113
1213 ACHIEVE-LIFT-AT F21 -> M11-ACHIEVE-LIFT-AT 4723 27295
1265 ACHIEVE-BOARDED P2 -> M17-ACHIEVE-BOARDED 4894 27489
1268 ACHIEVE-LIFT-AT F10 -> M11-ACHIEVE-LIFT-AT 4938 27671
1320 ACHIEVE-BOARDED P1 -> M17-ACHIEVE-BOARDED 5109 27865
1323 ACHIEVE-LIFT-AT F29 -> M11-ACHIEVE-LIFT-AT 5153 28047
1375 ACHIEVE-BOARDED P0 -> M17-ACHIEVE-BOARDED 5324 28241
1378 ACHIEVE-LIFT-AT F34 -> M11-ACHIEVE-LIFT-AT 5368 28423
1432 ACHIEVE-BOARDED1 P18 -> M19-ACHIEVE-BOARDED1 5541 5543
1500 ACHIEVE-LIFT-AT0 F13 -> M14-ACHIEVE-LIFT-AT0 21475 5592
1669 ACHIEVE-BOARDED1 P17 -> M19-ACHIEVE-BOARDED1 5769 5771
1714 ACHIEVE-LIFT-AT0 F33 -> M13-ACHIEVE-LIFT-AT0 21852 5820
1884 ACHIEVE-BOARDED1 P16 -> M19-ACHIEVE-BOARDED1 5997 5999
1928 ACHIEVE-LIFT-AT0 F23 -> M13-ACHIEVE-LIFT-AT0 22229 6049
2099 ACHIEVE-BOARDED1 P15 -> M19-ACHIEVE-BOARDED1 6225 6227
2144 ACHIEVE-LIFT-AT0 F36 -> M13-ACHIEVE-LIFT-AT0 22603 6276
2314 ACHIEVE-BOARDED1 P14 -> M19-ACHIEVE-BOARDED1 6453 6455
2358 ACHIEVE-LIFT-AT0 F25 -> M13-ACHIEVE-LIFT-AT0 22981 6506
2529 ACHIEVE-BOARDED1 P13 -> M19-ACHIEVE-BOARDED1 6681 6683
2573 ACHIEVE-LIFT-AT0 F5 -> M13-ACHIEVE-LIFT-AT0 23355 6732
2744 ACHIEVE-BOARDED1 P12 -> M19-ACHIEVE-BOARDED1 6909 6911
2790 ACHIEVE-LIFT-AT0 F6 -> M14-ACHIEVE-LIFT-AT0 23731 6961
2959 ACHIEVE-BOARDED1 P11 -> M19-ACHIEVE-BOARDED1 7137 7139
3005 ACHIEVE-LIFT-AT0 F26 -> M13-ACHIEVE-LIFT-AT0 24109 7189
3174 ACHIEVE-BOARDED1 P10 -> M19-ACHIEVE-BOARDED1 7365 7367
3219 ACHIEVE-LIFT-AT0 F27 -> M13-ACHIEVE-LIFT-AT0 24485 7416
3389 ACHIEVE-BOARDED1 P9 -> M19-ACHIEVE-BOARDED1 7593 7595
3433 ACHIEVE-LIFT-AT0 F29 -> M14-ACHIEVE-LIFT-AT0 24859 7646
3604 ACHIEVE-BOARDED1 P8 -> M19-ACHIEVE-BOARDED1 7821 7823
3650 ACHIEVE-LIFT-AT0 F24 -> M14-ACHIEVE-LIFT-AT0 25238 7872
3819 ACHIEVE-BOARDED1 P7 -> M19-ACHIEVE-BOARDED1 8049 8051
3864 ACHIEVE-LIFT-AT0 F26 -> M14-ACHIEVE-LIFT-AT0 25614 8101
4034 ACHIEVE-BOARDED1 P6 -> M19-ACHIEVE-BOARDED1 8277 8279
4078 ACHIEVE-LIFT-AT0 F1 -> M14-ACHIEVE-LIFT-AT0 25988 8328
4249 ACHIEVE-BOARDED1 P5 -> M19-ACHIEVE-BOARDED1 8505 8507
4295 ACHIEVE-LIFT-AT0 F20 -> M13-ACHIEVE-LIFT-AT0 26363 8558
4464 ACHIEVE-BOARDED1 P4 -> M19-ACHIEVE-BOARDED1 8733 8735
4510 ACHIEVE-LIFT-AT0 F20 -> M14-ACHIEVE-LIFT-AT0 26739 8786
4679 ACHIEVE-BOARDED1 P3 -> M19-ACHIEVE-BOARDED1 8961 8963
4723 ACHIEVE-LIFT-AT0 F21 -> M14-ACHIEVE-LIFT-AT0 27115 9012
4894 ACHIEVE-BOARDED1 P2 -> M19-ACHIEVE-BOARDED1 9189 9191
4938 ACHIEVE-LIFT-AT0 F10 -> M14-ACHIEVE-LIFT-AT0 27491 9242
5109 ACHIEVE-BOARDED1 P1 -> M19-ACHIEVE-BOARDED1 9417 9419
5153 ACHIEVE-LIFT-AT0 F29 -> M14-ACHIEVE-LIFT-AT0 27868 9470
5324 ACHIEVE-BOARDED1 P0 -> M19-ACHIEVE-BOARDED1 9645 9647
5368 ACHIEVE-LIFT-AT0 F34 -> M14-ACHIEVE-LIFT-AT0 28245 9696
5541 DO-BOARDED-BOARD1 F34 P18 -> M7-DO-BOARDED-BOARD1 9875 21464 21467
5543 ACHIEVE-BOARDED1 P18 -> M18-ACHIEVE-BOARDED1
5592 ACHIEVE-LIFT-AT0 F13 -> M14-ACHIEVE-LIFT-AT0 21480 9948
5769 DO-BOARDED-BOARD1 F5 P17 -> M7-DO-BOARDED-BOARD1 10123 21840 21843
5771 ACHIEVE-BOARDED1 P17 -> M18-ACHIEVE-BOARDED1
5820 ACHIEVE-LIFT-AT0 F33 -> M14-ACHIEVE-LIFT-AT0 21857 10186
5997 DO-BOARDED-BOARD1 F6 P16 -> M7-DO-BOARDED-BOARD1 10363 22216 22219
5999 ACHIEVE-BOARDED1 P16 -> M18-ACHIEVE-BOARDED1
6049 ACHIEVE-LIFT-AT0 F23 -> M14-ACHIEVE-LIFT-AT0 22232 10426
6225 DO-BOARDED-BOARD1 F4 P15 -> M7-DO-BOARDED-BOARD1 10603 22592 22595
6227 ACHIEVE-BOARDED1 P15 -> M18-ACHIEVE-BOARDED1
6276 ACHIEVE-LIFT-AT0 F36 -> M13-ACHIEVE-LIFT-AT0 22610 10668
6453 DO-BOARDED-BOARD1 F1 P14 -> M7-DO-BOARDED-BOARD1 10843 22968 22971
6455 ACHIEVE-BOARDED1 P14 -> M18-ACHIEVE-BOARDED1
6506 ACHIEVE-LIFT-AT0 F25 -> M14-ACHIEVE-LIFT-AT0 22985 10908
6681 DO-BOARDED-BOARD1 F7 P13 -> M7-DO-BOARDED-BOARD1 11083 23344 23347
6683 ACHIEVE-BOARDED1 P13 -> M18-ACHIEVE-BOARDED1
6732 ACHIEVE-LIFT-AT0 F5 -> M14-ACHIEVE-LIFT-AT0 23362 11146
6909 DO-BOARDED-BOARD1 F12 P12 -> M7-DO-BOARDED-BOARD1 11323 23720 23723
6911 ACHIEVE-BOARDED1 P12 -> M18-ACHIEVE-BOARDED1
6961 ACHIEVE-LIFT-AT0 F6 -> M13-ACHIEVE-LIFT-AT0 23737 11387
7137 DO-BOARDED-BOARD1 F31 P11 -> M7-DO-BOARDED-BOARD1 11563 24096 24099
7139 ACHIEVE-BOARDED1 P11 -> M18-ACHIEVE-BOARDED1
7189 ACHIEVE-LIFT-AT0 F26 -> M14-ACHIEVE-LIFT-AT0 24114 11628
7365 DO-BOARDED-BOARD1 F34 P10 -> M7-DO-BOARDED-BOARD1 11803 24472 24475
7367 ACHIEVE-BOARDED1 P10 -> M18-ACHIEVE-BOARDED1
7416 ACHIEVE-LIFT-AT0 F27 -> M14-ACHIEVE-LIFT-AT0 24489 11867
7593 DO-BOARDED-BOARD1 F28 P9 -> M7-DO-BOARDED-BOARD1 12043 24848 24851
7595 ACHIEVE-BOARDED1 P9 -> M18-ACHIEVE-BOARDED1
7646 ACHIEVE-LIFT-AT0 F29 -> M13-ACHIEVE-LIFT-AT0 24865 12108
7821 DO-BOARDED-BOARD1 F36 P8 -> M7-DO-BOARDED-BOARD1 12283 25224 25227
7823 ACHIEVE-BOARDED1 P8 -> M18-ACHIEVE-BOARDED1
7872 ACHIEVE-LIFT-AT0 F24 -> M13-ACHIEVE-LIFT-AT0 25240 12346
8049 DO-BOARDED-BOARD1 F10 P7 -> M7-DO-BOARDED-BOARD1 12523 25600 25603
8051 ACHIEVE-BOARDED1 P7 -> M18-ACHIEVE-BOARDED1
8101 ACHIEVE-LIFT-AT0 F26 -> M13-ACHIEVE-LIFT-AT0 25616 12587
8277 DO-BOARDED-BOARD1 F29 P6 -> M7-DO-BOARDED-BOARD1 12763 25976 25979
8279 ACHIEVE-BOARDED1 P6 -> M18-ACHIEVE-BOARDED1
8328 ACHIEVE-LIFT-AT0 F1 -> M13-ACHIEVE-LIFT-AT0 25992 12828
8505 DO-BOARDED-BOARD1 F9 P5 -> M7-DO-BOARDED-BOARD1 13003 26352 26355
8507 ACHIEVE-BOARDED1 P5 -> M18-ACHIEVE-BOARDED1
8558 ACHIEVE-LIFT-AT0 F20 -> M14-ACHIEVE-LIFT-AT0 26368 13067
8733 DO-BOARDED-BOARD1 F7 P4 -> M7-DO-BOARDED-BOARD1 13243 26728 26731
8735 ACHIEVE-BOARDED1 P4 -> M18-ACHIEVE-BOARDED1
8786 ACHIEVE-LIFT-AT0 F20 -> M13-ACHIEVE-LIFT-AT0 26746 13308
8961 DO-BOARDED-BOARD1 F30 P3 -> M7-DO-BOARDED-BOARD1 13483 27104 27107
8963 ACHIEVE-BOARDED1 P3 -> M18-ACHIEVE-BOARDED1
9012 ACHIEVE-LIFT-AT0 F21 -> M13-ACHIEVE-LIFT-AT0 27120 13546
9189 DO-BOARDED-BOARD1 F27 P2 -> M7-DO-BOARDED-BOARD1 13723 27480 27483
9191 ACHIEVE-BOARDED1 P2 -> M18-ACHIEVE-BOARDED1
9242 ACHIEVE-LIFT-AT0 F10 -> M12-ACHIEVE-LIFT-AT0
9417 DO-BOARDED-BOARD1 F3 P1 -> M7-DO-BOARDED-BOARD1 13963 27856 27859
9419 ACHIEVE-BOARDED1 P1 -> M18-ACHIEVE-BOARDED1
9470 ACHIEVE-LIFT-AT0 F29 -> M13-ACHIEVE-LIFT-AT0 27872 14028
9645 DO-BOARDED-BOARD1 F21 P0 -> M7-DO-BOARDED-BOARD1 14203 28232 28235
9647 ACHIEVE-BOARDED1 P0 -> M18-ACHIEVE-BOARDED1
9696 ACHIEVE-LIFT-AT0 F34 -> M13-ACHIEVE-LIFT-AT0 28248 14267
9875 ACHIEVE-LIFT-AT F34 -> M11-ACHIEVE-LIFT-AT 14444 21463
9948 ACHIEVE-LIFT-AT0 F13 -> M13-ACHIEVE-LIFT-AT0 21484 14624
10123 ACHIEVE-LIFT-AT F5 -> M11-ACHIEVE-LIFT-AT 14801 21838
10186 ACHIEVE-LIFT-AT0 F33 -> M13-ACHIEVE-LIFT-AT0 21860 14987
10363 ACHIEVE-LIFT-AT F6 -> M11-ACHIEVE-LIFT-AT 15162 22215
10426 ACHIEVE-LIFT-AT0 F23 -> M13-ACHIEVE-LIFT-AT0 22236 15348
10603 ACHIEVE-LIFT-AT F4 -> M11-ACHIEVE-LIFT-AT 15523 22591
10668 ACHIEVE-LIFT-AT0 F36 -> M14-ACHIEVE-LIFT-AT0 22613 15709
10843 ACHIEVE-LIFT-AT F1 -> M11-ACHIEVE-LIFT-AT 15886 22966
10908 ACHIEVE-LIFT-AT0 F25 -> M13-ACHIEVE-LIFT-AT0 22989 16070
11083 ACHIEVE-LIFT-AT F7 -> M11-ACHIEVE-LIFT-AT 16246 23342
11146 ACHIEVE-LIFT-AT0 F5 -> M13-ACHIEVE-LIFT-AT0 23364 16429
11323 ACHIEVE-LIFT-AT F12 -> M11-ACHIEVE-LIFT-AT 16607 23718
11387 ACHIEVE-LIFT-AT0 F6 -> M14-ACHIEVE-LIFT-AT0 23740 16790
11563 ACHIEVE-LIFT-AT F31 -> M11-ACHIEVE-LIFT-AT 16969 24094
11628 ACHIEVE-LIFT-AT0 F26 -> M14-ACHIEVE-LIFT-AT0 24117 17152
11803 ACHIEVE-LIFT-AT F34 -> M11-ACHIEVE-LIFT-AT 17329 24470
11867 ACHIEVE-LIFT-AT0 F27 -> M13-ACHIEVE-LIFT-AT0 24493 17514
12043 ACHIEVE-LIFT-AT F28 -> M11-ACHIEVE-LIFT-AT 17689 24846
12108 ACHIEVE-LIFT-AT0 F29 -> M13-ACHIEVE-LIFT-AT0 24868 17873
12283 ACHIEVE-LIFT-AT F36 -> M11-ACHIEVE-LIFT-AT 18050 25222
12346 ACHIEVE-LIFT-AT0 F24 -> M13-ACHIEVE-LIFT-AT0 25244 18235
12523 ACHIEVE-LIFT-AT F10 -> M11-ACHIEVE-LIFT-AT 18411 25598
12587 ACHIEVE-LIFT-AT0 F26 -> M14-ACHIEVE-LIFT-AT0 25621 18596
12763 ACHIEVE-LIFT-AT F29 -> M11-ACHIEVE-LIFT-AT 18772 25974
12828 ACHIEVE-LIFT-AT0 F1 -> M14-ACHIEVE-LIFT-AT0 25997 18958
13003 ACHIEVE-LIFT-AT F9 -> M11-ACHIEVE-LIFT-AT 19134 26350
13067 ACHIEVE-LIFT-AT0 F20 -> M13-ACHIEVE-LIFT-AT0 26372 19318
13243 ACHIEVE-LIFT-AT F7 -> M11-ACHIEVE-LIFT-AT 19496 26726
13308 ACHIEVE-LIFT-AT0 F20 -> M13-ACHIEVE-LIFT-AT0 26748 19680
13483 ACHIEVE-LIFT-AT F30 -> M11-ACHIEVE-LIFT-AT 19857 27102
13546 ACHIEVE-LIFT-AT0 F21 -> M14-ACHIEVE-LIFT-AT0 27125 20040
13723 ACHIEVE-LIFT-AT F27 -> M11-ACHIEVE-LIFT-AT 20217 27478
13963 ACHIEVE-LIFT-AT F3 -> M11-ACHIEVE-LIFT-AT 20577 27854
14028 ACHIEVE-LIFT-AT0 F29 -> M13-ACHIEVE-LIFT-AT0 27876 20761
14203 ACHIEVE-LIFT-AT F21 -> M11-ACHIEVE-LIFT-AT 20940 28230
14267 ACHIEVE-LIFT-AT0 F34 -> M12-ACHIEVE-LIFT-AT0
14444 ACHIEVE-LIFT-AT0 F34 -> M13-ACHIEVE-LIFT-AT0 21301 21303
14624 ACHIEVE-LIFT-AT0 F13 -> M13-ACHIEVE-LIFT-AT0 21488 21496
14801 ACHIEVE-LIFT-AT0 F5 -> M14-ACHIEVE-LIFT-AT0 21671 21677
14987 ACHIEVE-LIFT-AT0 F33 -> M13-ACHIEVE-LIFT-AT0 21864 21870
15162 ACHIEVE-LIFT-AT0 F6 -> M14-ACHIEVE-LIFT-AT0 22046 22054
15348 ACHIEVE-LIFT-AT0 F23 -> M13-ACHIEVE-LIFT-AT0 22240 22247
15523 ACHIEVE-LIFT-AT0 F4 -> M14-ACHIEVE-LIFT-AT0 22424 22429
15709 ACHIEVE-LIFT-AT0 F36 -> M13-ACHIEVE-LIFT-AT0 22616 22622
15886 ACHIEVE-LIFT-AT0 F1 -> M14-ACHIEVE-LIFT-AT0 22798 22804
16070 ACHIEVE-LIFT-AT0 F25 -> M13-ACHIEVE-LIFT-AT0 22995 22999
16246 ACHIEVE-LIFT-AT0 F7 -> M14-ACHIEVE-LIFT-AT0 23175 23182
16429 ACHIEVE-LIFT-AT0 F5 -> M14-ACHIEVE-LIFT-AT0 23369 23374
16607 ACHIEVE-LIFT-AT0 F12 -> M13-ACHIEVE-LIFT-AT0 23551 23558
16790 ACHIEVE-LIFT-AT0 F6 -> M13-ACHIEVE-LIFT-AT0 23744 23751
16969 ACHIEVE-LIFT-AT0 F31 -> M13-ACHIEVE-LIFT-AT0 23927 23933
17152 ACHIEVE-LIFT-AT0 F26 -> M13-ACHIEVE-LIFT-AT0 24120 24126
17329 ACHIEVE-LIFT-AT0 F34 -> M13-ACHIEVE-LIFT-AT0 24302 24308
17514 ACHIEVE-LIFT-AT0 F27 -> M14-ACHIEVE-LIFT-AT0 24496 24502
17689 ACHIEVE-LIFT-AT0 F28 -> M13-ACHIEVE-LIFT-AT0 24679 24685
17873 ACHIEVE-LIFT-AT0 F29 -> M14-ACHIEVE-LIFT-AT0 24873 24878
18050 ACHIEVE-LIFT-AT0 F36 -> M13-ACHIEVE-LIFT-AT0 25056 25061
18235 ACHIEVE-LIFT-AT0 F24 -> M13-ACHIEVE-LIFT-AT0 25248 25255
18411 ACHIEVE-LIFT-AT0 F10 -> M14-ACHIEVE-LIFT-AT0 25433 25437
18596 ACHIEVE-LIFT-AT0 F26 -> M13-ACHIEVE-LIFT-AT0 25624 25630
18772 ACHIEVE-LIFT-AT0 F29 -> M13-ACHIEVE-LIFT-AT0 25807 25812
18958 ACHIEVE-LIFT-AT0 F1 -> M14-ACHIEVE-LIFT-AT0 26003 26006
19134 ACHIEVE-LIFT-AT0 F9 -> M13-ACHIEVE-LIFT-AT0 26183 26188
19318 ACHIEVE-LIFT-AT0 F20 -> M13-ACHIEVE-LIFT-AT0 26379 26382
19496 ACHIEVE-LIFT-AT0 F7 -> M14-ACHIEVE-LIFT-AT0 26560 26566
19680 ACHIEVE-LIFT-AT0 F20 -> M14-ACHIEVE-LIFT-AT0 26752 26758
19857 ACHIEVE-LIFT-AT0 F30 -> M13-ACHIEVE-LIFT-AT0 26935 26940
20040 ACHIEVE-LIFT-AT0 F21 -> M13-ACHIEVE-LIFT-AT0 27128 27136
20217 ACHIEVE-LIFT-AT0 F27 -> M13-ACHIEVE-LIFT-AT0 27311 27318
20577 ACHIEVE-LIFT-AT0 F3 -> M14-ACHIEVE-LIFT-AT0 27687 27693
20761 ACHIEVE-LIFT-AT0 F29 -> M12-ACHIEVE-LIFT-AT0
20940 ACHIEVE-LIFT-AT0 F21 -> M14-ACHIEVE-LIFT-AT0 28063 28070
21303 ACHIEVE-LIFT-AT0 F34 -> M12-ACHIEVE-LIFT-AT0
21464 IFUNLOCK-LIFT-AT F34 -> IFUNLOCK5-LIFT-AT 21465
21496 ACHIEVE-LIFT-AT0 F13 -> M12-ACHIEVE-LIFT-AT0
21657 IFUNLOCK-LIFT-AT F13 -> IFUNLOCK5-LIFT-AT 21658
21659 IFUNLOCK-BOARDED P18 -> IFUNLOCK1-BOARDED 21660
21677 ACHIEVE-LIFT-AT0 F5 -> M12-ACHIEVE-LIFT-AT0
21840 IFUNLOCK-LIFT-AT F5 -> IFUNLOCK5-LIFT-AT 21841
21870 ACHIEVE-LIFT-AT0 F33 -> M12-ACHIEVE-LIFT-AT0
22033 IFUNLOCK-LIFT-AT F33 -> IFUNLOCK5-LIFT-AT 22034
22035 IFUNLOCK-BOARDED P17 -> IFUNLOCK1-BOARDED 22036
22054 ACHIEVE-LIFT-AT0 F6 -> M12-ACHIEVE-LIFT-AT0
22216 IFUNLOCK-LIFT-AT F6 -> IFUNLOCK5-LIFT-AT 22217
22247 ACHIEVE-LIFT-AT0 F23 -> M12-ACHIEVE-LIFT-AT0
22409 IFUNLOCK-LIFT-AT F23 -> IFUNLOCK5-LIFT-AT 22410
22411 IFUNLOCK-BOARDED P16 -> IFUNLOCK1-BOARDED 22412
22429 ACHIEVE-LIFT-AT0 F4 -> M12-ACHIEVE-LIFT-AT0
22592 IFUNLOCK-LIFT-AT F4 -> IFUNLOCK5-LIFT-AT 22593
22622 ACHIEVE-LIFT-AT0 F36 -> M12-ACHIEVE-LIFT-AT0
22785 IFUNLOCK-LIFT-AT F36 -> IFUNLOCK5-LIFT-AT 22786
22787 IFUNLOCK-BOARDED P15 -> IFUNLOCK1-BOARDED 22788
22804 ACHIEVE-LIFT-AT0 F1 -> M12-ACHIEVE-LIFT-AT0
22968 IFUNLOCK-LIFT-AT F1 -> IFUNLOCK5-LIFT-AT 22969
22999 ACHIEVE-LIFT-AT0 F25 -> M12-ACHIEVE-LIFT-AT0
23161 IFUNLOCK-LIFT-AT F25 -> IFUNLOCK5-LIFT-AT 23162
23163 IFUNLOCK-BOARDED P14 -> IFUNLOCK1-BOARDED 23164
23182 ACHIEVE-LIFT-AT0 F7 -> M12-ACHIEVE-LIFT-AT0
23344 IFUNLOCK-LIFT-AT F7 -> IFUNLOCK5-LIFT-AT 23345
23374 ACHIEVE-LIFT-AT0 F5 -> M12-ACHIEVE-LIFT-AT0
23537 IFUNLOCK-LIFT-AT F5 -> IFUNLOCK5-LIFT-AT 23538
23539 IFUNLOCK-BOARDED P13 -> IFUNLOCK1-BOARDED 23540
23558 ACHIEVE-LIFT-AT0 F12 -> M12-ACHIEVE-LIFT-AT0
23720 IFUNLOCK-LIFT-AT F12 -> IFUNLOCK5-LIFT-AT 23721
23751 ACHIEVE-LIFT-AT0 F6 -> M12-ACHIEVE-LIFT-AT0
23913 IFUNLOCK-LIFT-AT F6 -> IFUNLOCK5-LIFT-AT 23914
23915 IFUNLOCK-BOARDED P12 -> IFUNLOCK1-BOARDED 23916
23933 ACHIEVE-LIFT-AT0 F31 -> M12-ACHIEVE-LIFT-AT0
24096 IFUNLOCK-LIFT-AT F31 -> IFUNLOCK5-LIFT-AT 24097
24126 ACHIEVE-LIFT-AT0 F26 -> M12-ACHIEVE-LIFT-AT0
24289 IFUNLOCK-LIFT-AT F26 -> IFUNLOCK5-LIFT-AT 24290
24291 IFUNLOCK-BOARDED P11 -> IFUNLOCK1-BOARDED 24292
24308 ACHIEVE-LIFT-AT0 F34 -> M12-ACHIEVE-LIFT-AT0
24472 IFUNLOCK-LIFT-AT F34 -> IFUNLOCK5-LIFT-AT 24473
24502 ACHIEVE-LIFT-AT0 F27 -> M12-ACHIEVE-LIFT-AT0
24665 IFUNLOCK-LIFT-AT F27 -> IFUNLOCK5-LIFT-AT 24666
24667 IFUNLOCK-BOARDED P10 -> IFUNLOCK1-BOARDED 24668
24685 ACHIEVE-LIFT-AT0 F28 -> M12-ACHIEVE-LIFT-AT0
24848 IFUNLOCK-LIFT-AT F28 -> IFUNLOCK5-LIFT-AT 24849
24878 ACHIEVE-LIFT-AT0 F29 -> M12-ACHIEVE-LIFT-AT0
25041 IFUNLOCK-LIFT-AT F29 -> IFUNLOCK5-LIFT-AT 25042
25043 IFUNLOCK-BOARDED P9 -> IFUNLOCK1-BOARDED 25044
25061 ACHIEVE-LIFT-AT0 F36 -> M12-ACHIEVE-LIFT-AT0
25224 IFUNLOCK-LIFT-AT F36 -> IFUNLOCK5-LIFT-AT 25225
25255 ACHIEVE-LIFT-AT0 F24 -> M12-ACHIEVE-LIFT-AT0
25417 IFUNLOCK-LIFT-AT F24 -> IFUNLOCK5-LIFT-AT 25418
25419 IFUNLOCK-BOARDED P8 -> IFUNLOCK1-BOARDED 25420
25437 ACHIEVE-LIFT-AT0 F10 -> M12-ACHIEVE-LIFT-AT0
25600 IFUNLOCK-LIFT-AT F10 -> IFUNLOCK5-LIFT-AT 25601
25630 ACHIEVE-LIFT-AT0 F26 -> M12-ACHIEVE-LIFT-AT0
25793 IFUNLOCK-LIFT-AT F26 -> IFUNLOCK5-LIFT-AT 25794
25795 IFUNLOCK-BOARDED P7 -> IFUNLOCK1-BOARDED 25796
25812 ACHIEVE-LIFT-AT0 F29 -> M12-ACHIEVE-LIFT-AT0
25976 IFUNLOCK-LIFT-AT F29 -> IFUNLOCK5-LIFT-AT 25977
26006 ACHIEVE-LIFT-AT0 F1 -> M12-ACHIEVE-LIFT-AT0
26169 IFUNLOCK-LIFT-AT F1 -> IFUNLOCK5-LIFT-AT 26170
26171 IFUNLOCK-BOARDED P6 -> IFUNLOCK1-BOARDED 26172
26188 ACHIEVE-LIFT-AT0 F9 -> M12-ACHIEVE-LIFT-AT0
26352 IFUNLOCK-LIFT-AT F9 -> IFUNLOCK5-LIFT-AT 26353
26382 ACHIEVE-LIFT-AT0 F20 -> M12-ACHIEVE-LIFT-AT0
26545 IFUNLOCK-LIFT-AT F20 -> IFUNLOCK5-LIFT-AT 26546
26547 IFUNLOCK-BOARDED P5 -> IFUNLOCK1-BOARDED 26548
26566 ACHIEVE-LIFT-AT0 F7 -> M12-ACHIEVE-LIFT-AT0
26728 IFUNLOCK-LIFT-AT F7 -> IFUNLOCK5-LIFT-AT 26729
26758 ACHIEVE-LIFT-AT0 F20 -> M12-ACHIEVE-LIFT-AT0
26921 IFUNLOCK-LIFT-AT F20 -> IFUNLOCK5-LIFT-AT 26922
26923 IFUNLOCK-BOARDED P4 -> IFUNLOCK1-BOARDED 26924
26940 ACHIEVE-LIFT-AT0 F30 -> M12-ACHIEVE-LIFT-AT0
27104 IFUNLOCK-LIFT-AT F30 -> IFUNLOCK5-LIFT-AT 27105
27136 ACHIEVE-LIFT-AT0 F21 -> M12-ACHIEVE-LIFT-AT0
27297 IFUNLOCK-LIFT-AT F21 -> IFUNLOCK5-LIFT-AT 27298
27299 IFUNLOCK-BOARDED P3 -> IFUNLOCK1-BOARDED 27300
27318 ACHIEVE-LIFT-AT0 F27 -> M12-ACHIEVE-LIFT-AT0
27480 IFUNLOCK-LIFT-AT F27 -> IFUNLOCK5-LIFT-AT 27481
27673 IFUNLOCK-LIFT-AT F10 -> IFUNLOCK5-LIFT-AT 27674
27675 IFUNLOCK-BOARDED P2 -> IFUNLOCK1-BOARDED 27676
27693 ACHIEVE-LIFT-AT0 F3 -> M12-ACHIEVE-LIFT-AT0
27856 IFUNLOCK-LIFT-AT F3 -> IFUNLOCK5-LIFT-AT 27857
28049 IFUNLOCK-LIFT-AT F29 -> IFUNLOCK5-LIFT-AT 28050
28051 IFUNLOCK-BOARDED P1 -> IFUNLOCK1-BOARDED 28052
28070 ACHIEVE-LIFT-AT0 F21 -> M12-ACHIEVE-LIFT-AT0
28232 IFUNLOCK-LIFT-AT F21 -> IFUNLOCK5-LIFT-AT 28233
28425 IFUNLOCK-LIFT-AT F34 -> IFUNLOCK5-LIFT-AT 28426
28427 IFUNLOCK-BOARDED P0 -> IFUNLOCK1-BOARDED 28428
<==
11.147 End of solution plan. (counted length of 260)
11.147 Total amount of clauses encoded: 660127
11.147 - reductionconstraints : 366163 cls
11.147 - substitutionconstraints : 208187 cls
11.147 - directframeaxioms : 25662 cls
11.147 - qconstequality : 21280 cls
11.147 - qfactsemantics : 15713 cls
11.147 - indirectframeaxioms : 14112 cls
11.147 - predecessors : 2775 cls
11.147 - expansions : 2700 cls
11.147 - atmostoneelement : 2036 cls
11.147 - actionconstraints : 752 cls
11.147 - actioneffects : 607 cls
11.147 - truefacts : 138 cls
11.147 - axiomaticops : 2 cls
11.147 # instantiated positions: 1720
11.147 # instantiated actions: 2263
11.147 # instantiated reductions: 589
11.147 # introduced pseudo-constants: 399
11.147 # retroactive prunings: 38
11.147 # retroactively pruned operations: 38
11.147 # dominated operations: 0
11.147 # total invalid rigid preconditions found in getPFC: 0
11.147 # invalid rigid preconditions found in getPFC: 0
11.147 # invalid rigid preconditions found in getPFC in varrestrictions: 0
11.147 # total invalid fluent preconditions found in getPFC: 906
11.147 # invalid fluent preconditions found in getPFC: 754
11.147 # invalid fluent preconditions found in getPFC in varrestrictions: 0
11.147 # invalid fluent preconditions found in getPFC via postconditions: 152
11.147 # invalid subtasks found in getPFC: 0
11.147 # number effects in operation fact_frames: 322
11.147 Exiting happily.

RUNWATCH_RESULT EXIT RETVAL 0 TIME_SECS 11.1648 MEMPEAK_KBS 122432
