    _           _         _
   \ |         \ |       | |                       
   | |     __  | |      _| |______                
   | |     \/  | |     /_   ______\                
   | |      _  | |   __  | |  ___   ___   ___       
   | |___  | | | |  / .\ | | / , | |   \ / ·_\    
   \_____\ |_| |__\ \__/ |_| \___) |_|_| \___\  
[39mL i l o t a n e  version rls-glucose4
by Dominik Schreiber <dominik.schreiber@kit.edu> 2020-2021
using SAT solver glucose4

0.028 Parser finished.
0.029 Structures extracted.
0.030 84 operators and 82 methods created.
0.047 Mined 85 new reduction preconditions (+8500.0%).
0.047 Iteration 0.
0.047 Creating initial layer of size 2
0.056 Attempting to solve formula with 5 clauses (6 literals) and 1 assumptions
0.056 Unsolvable at layer 0 -- expanding.
0.056 Iteration 1.
0.056 New layer size: 2
0.056 Instantiating ...
0.089 Collected 1 relevant facts at this layer
0.089 Encoding ...
0.090 Attempting to solve formula with 673 clauses (1435 literals) and 1 assumptions
0.090 Unsolvable at layer 1 -- expanding.
0.090 Iteration 2.
0.090 New layer size: 2
0.090 Instantiating ...
0.123 Collected 1 relevant facts at this layer
0.123 Encoding ...
0.124 Attempting to solve formula with 785 clauses (1724 literals) and 1 assumptions
0.124 Unsolvable at layer 2 -- expanding.
0.124 Iteration 3.
0.124 New layer size: 7
0.124 Instantiating ...
0.126 Retroactively prune reduction (m_provide_medical_attention_in_hospital Q_2,0_hospital:0_17231b7876708f94 Q_1,0_person:0_a401269cac233a1b)@(2,0): no children at offset 0
0.126 Retroactively prune reduction (m_provide_medical_attention_simple_on_site Q_1,0_person:0_a401269cac233a1b)@(2,0): no children at offset 0
0.184 Collected 49 relevant facts at this layer
0.184 Encoding ...
0.189 Attempting to solve formula with 2083 clauses (5132 literals) and 4 assumptions
0.189 Unsolvable at layer 3 -- expanding.
0.189 Iteration 4.
0.189 New layer size: 27
0.189 Instantiating ...
0.404 Collected 277 relevant facts at this layer
0.404 Encoding ...
0.432 Attempting to solve formula with 21581 clauses (62104 literals) and 21 assumptions
0.433 Unsolvable at layer 4 -- expanding.
0.433 Iteration 5.
0.433 New layer size: 70
0.433 Instantiating ...
0.823 Collected 430 relevant facts at this layer
0.824 Encoding ...
0.892 Attempting to solve formula with 80905 clauses (234638 literals) and 36 assumptions
0.896 Unsolvable at layer 5 -- expanding.
0.896 Iteration 6.
0.896 New layer size: 176
0.896 Instantiating ...
1.635 Collected 533 relevant facts at this layer
1.635 Encoding ...
1.826 Attempting to solve formula with 235023 clauses (697765 literals) and 93 assumptions
1.837 Unsolvable at layer 6 -- expanding.
1.837 Iteration 7.
1.837 New layer size: 312
1.837 Instantiating ...
2.825 Collected 588 relevant facts at this layer
2.825 Encoding ...
3.181 Attempting to solve formula with 492345 clauses (1458612 literals) and 120 assumptions
3.212 Unsolvable at layer 7 -- expanding.
3.212 Iteration 8.
3.213 New layer size: 499
3.213 Instantiating ...
4.508 Collected 588 relevant facts at this layer
4.508 Encoding ...
5.061 Attempting to solve formula with 854900 clauses (2553142 literals) and 121 assumptions
c last restart ## conflicts  :  29 9953 
5.238 Found a solution at layer 8.
==>
109189 SHOP_methodm_shut_off_water_precondition henrietta_dump henrietta roch_water
109200 call roch_water
112975 SHOP_methodm_get_to_as_cargo_precondition wcrew1 henrietta_dump brighton_high wtruck1
117636 SHOP_methodm_get_to_already_there_precondition wtruck1 brighton_high
117658 SHOP_methodm_get_in_ambulatory_person_precondition wcrew1 brighton_high wtruck1
119965 climb_in wcrew1 wtruck1 brighton_high
120737 SHOP_methodm_get_to_vehicle_gets_driven_precondition wtruck1 henrietta_dump brighton_high tdriver1
120743 SHOP_methodm_drive_to_precondition wtruck1 brighton_high tdriver1
120758 navegate_vehicle tdriver1 wtruck1 henrietta_dump brighton_high
121794 SHOP_methodm_get_out_unload_precondition wtruck1 henrietta_dump emt1 wcrew1
121805 SHOP_methodm_get_to_person_drives_themself_precondition emt1 henrietta_dump amb1 park_ridge
121810 SHOP_methodm_drive_to_precondition amb1 park_ridge emt1
121830 navegate_vehicle emt1 amb1 henrietta_dump park_ridge
122599 unload emt1 wcrew1 wtruck1 henrietta_dump
123387 SHOP_methodm_get_to_as_cargo_precondition pcrew1 henrietta_dump brighton_high wtruck1
123389 SHOP_methodm_get_to_vehicle_gets_driven_precondition wtruck1 brighton_high henrietta_dump wcrew1
123396 SHOP_methodm_drive_to_precondition wtruck1 henrietta_dump wcrew1
123400 navegate_vehicle wcrew1 wtruck1 brighton_high henrietta_dump
123518 SHOP_methodm_get_in_ambulatory_person_precondition pcrew1 brighton_high wtruck1
124156 climb_in pcrew1 wtruck1 brighton_high
126596 SHOP_methodm_get_to_vehicle_gets_driven_precondition wtruck1 henrietta_dump brighton_high wcrew1
126604 SHOP_methodm_drive_to_precondition wtruck1 brighton_high wcrew1
126623 p_1Navegate_vehicle
128998 climb_out pcrew1 wtruck1 henrietta_dump
133613 place_cones pcrew1
140548 SHOP_methodm_get_to_vehicle_gets_driven_precondition backhoe1 henrietta_dump brighton_dump ccrew1
140552 SHOP_methodm_drive_to_precondition backhoe1 brighton_dump ccrew1
140555 navegate_vehicle ccrew1 backhoe1 henrietta_dump brighton_dump
140558 dig backhoe1 henrietta_dump
140561 replace_pipe wcrew1 henrietta_dump texaco1
140566 SHOP_methodm_get_to_already_there_precondition backhoe1 henrietta_dump
140575 fill_in backhoe1 henrietta_dump
140579 SHOP_methodm_get_to_as_cargo_precondition tcrew1 henrietta_dump strong plow2
140585 SHOP_methodm_get_to_already_there_precondition plow2 strong
140711 SHOP_methodm_get_in_ambulatory_person_precondition tcrew1 strong plow2
141347 p_2Climb_in
143790 SHOP_methodm_get_to_vehicle_gets_driven_precondition plow2 henrietta_dump strong pdriver1
143798 SHOP_methodm_drive_to_precondition plow2 strong pdriver1
143820 p_3Navegate_vehicle
146190 p_4Climb_out
150806 pickup_cones tcrew1
150809 SHOP_methodm_turn_on_water_precondition henrietta_dump henrietta roch_water
157757 call roch_water
root 11
11 tlt -> m_tlt_fix_water_main 58
58 fix_water_main henrietta_dump texaco1 -> m_fix_water_main 96 163 228
96 shut_off_water henrietta_dump texaco1 -> m_shut_off_water 109189 109200
163 repair_pipe henrietta_dump texaco1 -> m_repair_pipe 1940 2202 2518 140561 3079 3082
228 turn_on_water henrietta_dump texaco1 -> m_turn_on_water 150809 157757
1940 get_to wcrew1 henrietta_dump -> m_get_to_as_cargo 112975 117635 10139 10560 11024
2202 set_up_cones henrietta_dump texaco1 -> m_set_up_cones 11930 133613
2518 open_hole henrietta_dump texaco1 -> m_open_hole 13855 140558
3079 close_hole henrietta_dump texaco1 -> m_close_hole 140565 140575
3082 take_down_cones henrietta_dump texaco1 -> m_take_down_cones 14825 150806
10139 get_in wcrew1 wtruck1 -> m_get_in_ambulatory_person 117658 119964
10560 get_to wtruck1 henrietta_dump -> m_get_to_vehicle_gets_driven 120737 34696
11024 get_out wcrew1 wtruck1 -> m_get_out_unload 121794 35303 122599
11930 get_to pcrew1 henrietta_dump -> m_get_to_as_cargo 123387 36684 36716 37137 37701
13855 get_to backhoe1 henrietta_dump -> m_get_to_vehicle_gets_driven 140548 40229
14825 get_to tcrew1 henrietta_dump -> m_get_to_as_cargo 140579 140584 40352 40774 41339
34696 drive_to tdriver1 wtruck1 henrietta_dump -> m_drive_to 120743 120757
35303 get_to emt1 henrietta_dump -> m_get_to_person_drives_themself 121805 76099
36684 get_to wtruck1 brighton_high -> m_get_to_vehicle_gets_driven 123389 80834
36716 get_in pcrew1 wtruck1 -> m_get_in_ambulatory_person 123518 124155
37137 get_to wtruck1 henrietta_dump -> m_get_to_vehicle_gets_driven 126596 82165
37701 get_out pcrew1 wtruck1 -> m_get_out_ambulatory_person 128997
40229 drive_to ccrew1 backhoe1 henrietta_dump -> m_drive_to 140552 140554
40352 get_in tcrew1 plow2 -> m_get_in_ambulatory_person 140711 141346
40774 get_to plow2 henrietta_dump -> m_get_to_vehicle_gets_driven 143790 90525
41339 get_out tcrew1 plow2 -> m_get_out_ambulatory_person 146189
76099 drive_to emt1 amb1 henrietta_dump -> m_drive_to 121810 121829
80834 drive_to wcrew1 wtruck1 brighton_high -> m_drive_to 123396 123399
82165 drive_to wcrew1 wtruck1 henrietta_dump -> m_drive_to 126604 126622
90525 drive_to pdriver1 plow2 henrietta_dump -> m_drive_to 143798 143819
117635 get_to wtruck1 brighton_high -> m_get_to_already_there 117636
119964 cclimb_in wcrew1 wtruck1 brighton_high -> regular_1 119965
120757 cnavegate_vehicle tdriver1 wtruck1 henrietta_dump brighton_high -> regular_2 120758
121829 cnavegate_vehicle emt1 amb1 henrietta_dump park_ridge -> regular_2 121830
123399 cnavegate_vehicle wcrew1 wtruck1 brighton_high henrietta_dump -> regular_2 123400
124155 cclimb_in pcrew1 wtruck1 brighton_high -> regular_1 124156
126622 cnavegate_vehicle wcrew1 wtruck1 henrietta_dump brighton_high -> prefix_1 126623
128997 cclimb_out pcrew1 wtruck1 henrietta_dump -> regular_3 128998
140554 cnavegate_vehicle ccrew1 backhoe1 henrietta_dump brighton_dump -> regular_2 140555
140565 get_to backhoe1 henrietta_dump -> m_get_to_already_there 140566
140584 get_to plow2 strong -> m_get_to_already_there 140585
141346 cclimb_in tcrew1 plow2 strong -> prefix_2 141347
143819 cnavegate_vehicle pdriver1 plow2 henrietta_dump strong -> prefix_3 143820
146189 cclimb_out tcrew1 plow2 henrietta_dump -> prefix_4 146190
<==
5.255 End of solution plan. (counted length of 43)
5.255 Total amount of clauses encoded: 854900
5.255 - directframeaxioms : 561642 cls
5.255 - qfactsemantics : 132849 cls
5.255 - indirectframeaxioms : 70276 cls
5.255 - reductionconstraints : 47692 cls
5.255 - actionconstraints : 13868 cls
5.255 - atmostoneelement : 7296 cls
5.255 - expansions : 4892 cls
5.255 - predecessors : 4118 cls
5.255 - qtypeconstraints : 3858 cls
5.255 - qconstequality : 3274 cls
5.255 - substitutionconstraints : 3234 cls
5.255 - actioneffects : 1308 cls
5.255 - truefacts : 588 cls
5.255 - forbiddenoperations : 3 cls
5.255 - axiomaticops : 2 cls
5.255 # instantiated positions: 1096
5.255 # instantiated actions: 3284
5.255 # instantiated reductions: 835
5.255 # introduced pseudo-constants: 711
5.255 # retroactive prunings: 5
5.255 # retroactively pruned operations: 6
5.255 # dominated operations: 87
5.255 # total invalid rigid preconditions found in getPFC: 3
5.255 # invalid rigid preconditions found in getPFC: 2
5.255 # invalid rigid preconditions found in getPFC in varrestrictions: 1
5.255 # total invalid fluent preconditions found in getPFC: 0
5.255 # invalid fluent preconditions found in getPFC: 0
5.255 # invalid fluent preconditions found in getPFC in varrestrictions: 0
5.255 # invalid fluent preconditions found in getPFC via postconditions: 0
5.255 # invalid subtasks found in getPFC: 3
5.255 # number effects in operation fact_frames: 1025
5.255 Exiting happily.

RUNWATCH_RESULT EXIT RETVAL 0 TIME_SECS 5.31236 MEMPEAK_KBS 440808
