    _           _         _
   \ |         \ |       | |                       
   | |     __  | |      _| |______                
   | |     \/  | |     /_   ______\                
   | |      _  | |   __  | |  ___   ___   ___       
   | |___  | | | |  / .\ | | / , | |   \ / ·_\    
   \_____\ |_| |__\ \__/ |_| \___) |_|_| \___\  
[39mL i l o t a n e  version rls-glucose4
by Dominik Schreiber <dominik.schreiber@kit.edu> 2020-2021
using SAT solver glucose4

0.015 Parser finished.
0.015 Structures extracted.
0.017 72 operators and 56 methods created.
0.190 Mined 27 new reduction preconditions (+39.7%).
0.190 Iteration 0.
0.190 Creating initial layer of size 2
0.236 Attempting to solve formula with 3 clauses (3 literals) and 1 assumptions
0.236 Unsolvable at layer 0 -- expanding.
0.236 Iteration 1.
0.236 New layer size: 27
0.236 Instantiating ...
0.526 Collected 75 relevant facts at this layer
0.526 Encoding ...
0.550 Attempting to solve formula with 4258 clauses (12287 literals) and 26 assumptions
0.550 Unsolvable at layer 1 -- expanding.
0.550 Iteration 2.
0.550 New layer size: 53
0.550 Instantiating ...
1.694 Collected 501 relevant facts at this layer
1.694 Encoding ...
1.741 Attempting to solve formula with 42671 clauses (115188 literals) and 26 assumptions
1.741 Unsolvable at layer 2 -- expanding.
1.741 Iteration 3.
1.741 New layer size: 79
1.741 Instantiating ...
4.381 Collected 814 relevant facts at this layer
4.381 Encoding ...
4.446 Attempting to solve formula with 82723 clauses (224038 literals) and 52 assumptions
4.446 Unsolvable at layer 3 -- expanding.
4.446 Iteration 4.
4.446 New layer size: 105
4.446 Instantiating ...
4.449 Retroactively prune reduction (_splitting_method_DO-AT-LOAD-AIRPLANE0_splitted_2 OBJ82 Q_3,0_AIRPLANE:0_8f66cca5f7e84d39 POS8)@(3,0): no children at offset 0
4.464 Retroactively prune reduction (M15-ACHIEVE-AT0 Q_3,1_AIRPLANE:0_8f66cca5f7e84d39 OBJ82 POS5)@(3,1): no children at offset 0
8.200 Collected 831 relevant facts at this layer
8.200 Encoding ...
8.307 Attempting to solve formula with 135015 clauses (362601 literals) and 78 assumptions
8.307 Unsolvable at layer 4 -- expanding.
8.307 Iteration 5.
8.307 New layer size: 183
8.307 Instantiating ...
13.270 Collected 1904 relevant facts at this layer
13.270 Encoding ...
13.714 Attempting to solve formula with 457993 clauses (1410890 literals) and 104 assumptions
13.714 Unsolvable at layer 5 -- expanding.
13.714 Iteration 6.
13.715 New layer size: 287
13.715 Instantiating ...
20.070 Collected 1904 relevant facts at this layer
20.070 Encoding ...
20.856 Attempting to solve formula with 1028577 clauses (3317896 literals) and 130 assumptions
20.856 Unsolvable at layer 6 -- expanding.
20.856 Iteration 7.
20.857 New layer size: 417
20.857 Instantiating ...
28.802 Collected 1904 relevant facts at this layer
28.802 Encoding ...
30.057 Attempting to solve formula with 1802530 clauses (5943914 literals) and 156 assumptions
31.615 Unsolvable at layer 7 -- expanding.
31.615 Iteration 8.
31.615 New layer size: 573
31.615 Instantiating ...
41.115 Collected 1904 relevant facts at this layer
41.115 Encoding ...
42.840 Attempting to solve formula with 2771198 clauses (9280040 literals) and 182 assumptions
43.030 Unsolvable at layer 8 -- expanding.
43.030 Iteration 9.
43.030 New layer size: 755
43.030 Instantiating ...
54.057 Collected 1904 relevant facts at this layer
54.057 Encoding ...
56.055 Attempting to solve formula with 3914924 clauses (13228212 literals) and 208 assumptions
56.248 Unsolvable at layer 9 -- expanding.
56.248 Iteration 10.
56.249 New layer size: 963
56.249 Instantiating ...
68.746 Collected 1904 relevant facts at this layer
68.746 Encoding ...
71.388 Attempting to solve formula with 5233292 clauses (17785387 literals) and 234 assumptions
71.529 Unsolvable at layer 10 -- expanding.
71.529 Iteration 11.
71.529 New layer size: 1197
71.529 Instantiating ...
85.643 Collected 1904 relevant facts at this layer
85.643 Encoding ...
88.897 Attempting to solve formula with 6726407 clauses (22950938 literals) and 260 assumptions
89.062 Unsolvable at layer 11 -- expanding.
89.062 Iteration 12.
89.062 New layer size: 1457
89.062 Instantiating ...
104.945 Collected 1904 relevant facts at this layer
104.945 Encoding ...
108.819 Attempting to solve formula with 8394806 clauses (28725931 literals) and 286 assumptions
c
c Try to adapt solver strategies
c 
c Nothing extreme in this problem, continue with glucose default strategies.
c
1801.127 Termination signal caught.
1801.127 Total amount of clauses encoded: 8394806
1801.127 - directframeaxioms : 3382026 cls
1801.127 - qfactsemantics : 1998350 cls
1801.127 - indirectframeaxioms : 1941318 cls
1801.127 - reductionconstraints : 686469 cls
1801.127 - atmostoneelement : 149883 cls
1801.127 - actionconstraints : 51374 cls
1801.127 - substitutionconstraints : 44223 cls
1801.127 - qconstequality : 43929 cls
1801.127 - expansions : 41804 cls
1801.127 - predecessors : 40339 cls
1801.127 - actioneffects : 9087 cls
1801.127 - qtypeconstraints : 4095 cls
1801.127 - truefacts : 1904 cls
1801.127 - forbiddenoperations : 3 cls
1801.127 - axiomaticops : 2 cls
1801.127 # instantiated positions: 6097
1801.127 # instantiated actions: 31266
1801.127 # instantiated reductions: 9074
1801.127 # introduced pseudo-constants: 4989
1801.127 # retroactive prunings: 4
1801.127 # retroactively pruned operations: 5
1801.127 # dominated operations: 0
1801.127 # total invalid rigid preconditions found in getPFC: 0
1801.127 # invalid rigid preconditions found in getPFC: 0
1801.127 # invalid rigid preconditions found in getPFC in varrestrictions: 0
1801.127 # total invalid fluent preconditions found in getPFC: 148
1801.127 # invalid fluent preconditions found in getPFC: 148
1801.127 # invalid fluent preconditions found in getPFC in varrestrictions: 0
1801.127 # invalid fluent preconditions found in getPFC via postconditions: 0
1801.127 # invalid subtasks found in getPFC: 0
1801.127 # number effects in operation fact_frames: 634
1801.127 Exiting happily.

RUNWATCH_RESULT TIMEOUT RETVAL 0 TIME_SECS 1801.26 MEMPEAK_KBS 2644988
