    _           _         _
   \ |         \ |       | |                       
   | |     __  | |      _| |______                
   | |     \/  | |     /_   ______\                
   | |      _  | |   __  | |  ___   ___   ___       
   | |___  | | | |  / .\ | | / , | |   \ / ·_\    
   \_____\ |_| |__\ \__/ |_| \___) |_|_| \___\  
[39mL i l o t a n e  version rls-glucose4
by Dominik Schreiber <dominik.schreiber@kit.edu> 2020-2021
using SAT solver glucose4

0.004 Parser finished.
0.004 Structures extracted.
0.005 19 operators and 12 methods created.
0.080 Mined 0 new reduction preconditions (+0.0%).
0.080 Iteration 0.
0.080 Creating initial layer of size 2
0.111 Attempting to solve formula with 3 clauses (3 literals) and 1 assumptions
0.111 Unsolvable at layer 0 -- expanding.
0.111 Iteration 1.
0.111 New layer size: 2
0.111 Instantiating ...
0.143 Collected 0 relevant facts at this layer
0.143 Encoding ...
0.143 Attempting to solve formula with 8 clauses (12 literals) and 1 assumptions
0.143 Unsolvable at layer 1 -- expanding.
0.143 Iteration 2.
0.143 New layer size: 3
0.143 Instantiating ...
0.245 Collected 4 relevant facts at this layer
0.245 Encoding ...
0.245 Attempting to solve formula with 33 clauses (61 literals) and 1 assumptions
0.245 Unsolvable at layer 2 -- expanding.
0.245 Iteration 3.
0.245 New layer size: 5
0.245 Instantiating ...
0.358 Collected 91 relevant facts at this layer
0.358 Encoding ...
0.359 Attempting to solve formula with 691 clauses (1663 literals) and 3 assumptions
0.359 Unsolvable at layer 3 -- expanding.
0.359 Iteration 4.
0.359 New layer size: 9
0.359 Instantiating ...
0.532 Collected 164 relevant facts at this layer
0.532 Encoding ...
0.534 Attempting to solve formula with 2282 clauses (6348 literals) and 4 assumptions
0.534 Unsolvable at layer 4 -- expanding.
0.534 Iteration 5.
0.534 New layer size: 14
0.534 Instantiating ...
0.801 Collected 253 relevant facts at this layer
0.801 Encoding ...
0.806 Attempting to solve formula with 6139 clauses (18118 literals) and 6 assumptions
0.806 Unsolvable at layer 5 -- expanding.
0.806 Iteration 6.
0.806 New layer size: 25
0.806 Instantiating ...
1.280 Collected 332 relevant facts at this layer
1.280 Encoding ...
1.291 Attempting to solve formula with 15978 clauses (47970 literals) and 11 assumptions
1.291 Unsolvable at layer 6 -- expanding.
1.291 Iteration 7.
1.291 New layer size: 43
1.291 Instantiating ...
2.178 Collected 374 relevant facts at this layer
2.178 Encoding ...
2.203 Attempting to solve formula with 35335 clauses (104999 literals) and 21 assumptions
2.203 Unsolvable at layer 7 -- expanding.
2.203 Iteration 8.
2.203 New layer size: 77
2.203 Instantiating ...
3.785 Collected 385 relevant facts at this layer
3.785 Encoding ...
3.827 Attempting to solve formula with 71624 clauses (212135 literals) and 37 assumptions
3.827 Unsolvable at layer 8 -- expanding.
3.827 Iteration 9.
3.827 New layer size: 135
3.827 Instantiating ...
6.803 Collected 389 relevant facts at this layer
6.803 Encoding ...
6.897 Attempting to solve formula with 135781 clauses (401827 literals) and 64 assumptions
6.898 Unsolvable at layer 9 -- expanding.
6.898 Iteration 10.
6.898 New layer size: 240
6.898 Instantiating ...
11.970 Collected 389 relevant facts at this layer
11.970 Encoding ...
12.140 Attempting to solve formula with 250950 clauses (746494 literals) and 113 assumptions
12.140 Unsolvable at layer 10 -- expanding.
12.140 Iteration 11.
12.140 New layer size: 421
12.140 Instantiating ...
21.126 Collected 389 relevant facts at this layer
21.126 Encoding ...
21.463 Attempting to solve formula with 456738 clauses (1359487 literals) and 197 assumptions
21.463 Unsolvable at layer 11 -- expanding.
21.463 Iteration 12.
21.463 New layer size: 739
21.463 Instantiating ...
37.222 Collected 389 relevant facts at this layer
37.222 Encoding ...
37.734 Attempting to solve formula with 819729 clauses (2444726 literals) and 348 assumptions
37.857 Unsolvable at layer 12 -- expanding.
37.857 Iteration 13.
37.859 New layer size: 1299
37.859 Instantiating ...
65.856 Collected 389 relevant facts at this layer
65.856 Encoding ...
66.740 Attempting to solve formula with 1458382 clauses (4354737 literals) and 609 assumptions
66.852 Unsolvable at layer 13 -- expanding.
66.852 Iteration 14.
66.854 New layer size: 2287
66.854 Instantiating ...
116.897 Collected 389 relevant facts at this layer
116.897 Encoding ...
118.598 Attempting to solve formula with 2588427 clauses (7740658 literals) and 1072 assumptions
118.599 Unsolvable at layer 14 -- expanding.
118.599 Iteration 15.
118.604 New layer size: 4020
118.604 Instantiating ...
207.879 Collected 389 relevant facts at this layer
207.879 Encoding ...
210.841 Attempting to solve formula with 4580589 clauses (13712487 literals) and 1878 assumptions
210.845 Unsolvable at layer 15 -- expanding.
210.845 Iteration 16.
210.851 New layer size: 7059
210.852 Instantiating ...
367.942 Collected 389 relevant facts at this layer
367.942 Encoding ...
373.109 Attempting to solve formula with 8086422 clauses (24234345 literals) and 3302 assumptions
373.115 Unsolvable at layer 16 -- expanding.
373.115 Iteration 17.
373.127 New layer size: 12395
373.127 Instantiating ...
649.487 Collected 389 relevant facts at this layer
649.487 Encoding ...
659.177 Attempting to solve formula with 14249043 clauses (42741047 literals) and 5787 assumptions
659.188 Unsolvable at layer 17 -- expanding.
659.188 Iteration 18.
659.209 New layer size: 21761
659.209 Instantiating ...
1146.864 Collected 389 relevant facts at this layer
1146.864 Encoding ...
1164.367 Attempting to solve formula with 25077752 clauses (75280104 literals) and 10167 assumptions
1165.473 Unsolvable at layer 18 -- expanding.
1165.473 Iteration 19.
1165.511 New layer size: 38220
1165.511 Instantiating ...
1801.012 Termination signal caught.
1801.012 Total amount of clauses encoded: 25077752
1801.012 - directframeaxioms : 15265328 cls
1801.012 - indirectframeaxioms : 3647670 cls
1801.012 - qfactsemantics : 2794608 cls
1801.012 - reductionconstraints : 1675791 cls
1801.012 - actionconstraints : 407905 cls
1801.012 - substitutionconstraints : 369556 cls
1801.012 - atmostoneelement : 299915 cls
1801.012 - qconstequality : 204759 cls
1801.012 - expansions : 198718 cls
1801.012 - predecessors : 169437 cls
1801.012 - actioneffects : 43674 cls
1801.012 - truefacts : 389 cls
1801.012 - axiomaticops : 2 cls
1801.012 # instantiated positions: 78432
1801.012 # instantiated actions: 169695
1801.012 # instantiated reductions: 93816
1801.012 # introduced pseudo-constants: 81822
1801.012 # retroactive prunings: 0
1801.012 # retroactively pruned operations: 0
1801.012 # dominated operations: 423
1801.012 # total invalid rigid preconditions found in getPFC: 1474424
1801.012 # invalid rigid preconditions found in getPFC: 289443
1801.012 # invalid rigid preconditions found in getPFC in varrestrictions: 1184981
1801.012 # total invalid fluent preconditions found in getPFC: 203
1801.012 # invalid fluent preconditions found in getPFC: 140
1801.012 # invalid fluent preconditions found in getPFC in varrestrictions: 35
1801.012 # invalid fluent preconditions found in getPFC via postconditions: 28
1801.012 # invalid subtasks found in getPFC: 0
1801.012 # number effects in operation fact_frames: 138
1801.012 # number of variables restricted: 16373714
1801.012 Exiting happily.

RUNWATCH_RESULT TIMEOUT RETVAL 0 TIME_SECS 1801.78 MEMPEAK_KBS 10021920
