    _           _         _
   \ |         \ |       | |                       
   | |     __  | |      _| |______                
   | |     \/  | |     /_   ______\                
   | |      _  | |   __  | |  ___   ___   ___       
   | |___  | | | |  / .\ | | / , | |   \ / ·_\    
   \_____\ |_| |__\ \__/ |_| \___) |_|_| \___\  
[39mL i l o t a n e  version rls-glucose4
by Dominik Schreiber <dominik.schreiber@kit.edu> 2020-2021
using SAT solver glucose4

0.007 Parser finished.
0.007 Structures extracted.
0.008 19 operators and 12 methods created.
0.015 Mined 0 new reduction preconditions (+0.0%).
0.015 Iteration 0.
0.015 Creating initial layer of size 2
0.038 Attempting to solve formula with 3 clauses (3 literals) and 1 assumptions
0.038 Unsolvable at layer 0 -- expanding.
0.038 Iteration 1.
0.038 New layer size: 2
0.038 Instantiating ...
0.061 Collected 0 relevant facts at this layer
0.061 Encoding ...
0.063 Attempting to solve formula with 8 clauses (12 literals) and 1 assumptions
0.063 Unsolvable at layer 1 -- expanding.
0.063 Iteration 2.
0.063 New layer size: 3
0.063 Instantiating ...
0.096 Collected 4 relevant facts at this layer
0.096 Encoding ...
0.098 Attempting to solve formula with 33 clauses (61 literals) and 1 assumptions
0.098 Unsolvable at layer 2 -- expanding.
0.098 Iteration 3.
0.098 New layer size: 5
0.098 Instantiating ...
0.144 Collected 381 relevant facts at this layer
0.144 Encoding ...
0.148 Attempting to solve formula with 2816 clauses (6623 literals) and 3 assumptions
0.148 Unsolvable at layer 3 -- expanding.
0.148 Iteration 4.
0.148 New layer size: 9
0.148 Instantiating ...
0.206 Collected 724 relevant facts at this layer
0.206 Encoding ...
0.215 Attempting to solve formula with 9401 clauses (26028 literals) and 4 assumptions
0.215 Unsolvable at layer 4 -- expanding.
0.215 Iteration 5.
0.215 New layer size: 14
0.215 Instantiating ...
0.301 Collected 1160 relevant facts at this layer
0.301 Encoding ...
0.323 Attempting to solve formula with 25750 clauses (76006 literals) and 6 assumptions
0.323 Unsolvable at layer 5 -- expanding.
0.323 Iteration 6.
0.323 New layer size: 25
0.323 Instantiating ...
0.492 Collected 1576 relevant facts at this layer
0.492 Encoding ...
0.547 Attempting to solve formula with 70062 clauses (210864 literals) and 11 assumptions
0.547 Unsolvable at layer 6 -- expanding.
0.547 Iteration 7.
0.547 New layer size: 43
0.547 Instantiating ...
0.860 Collected 1873 relevant facts at this layer
0.860 Encoding ...
0.972 Attempting to solve formula with 157265 clauses (467810 literals) and 21 assumptions
0.972 Unsolvable at layer 7 -- expanding.
0.972 Iteration 8.
0.972 New layer size: 77
0.972 Instantiating ...
1.562 Collected 2166 relevant facts at this layer
1.562 Encoding ...
1.794 Attempting to solve formula with 336982 clauses (1001180 literals) and 37 assumptions
1.794 Unsolvable at layer 8 -- expanding.
1.794 Iteration 9.
1.794 New layer size: 135
1.794 Instantiating ...
2.871 Collected 2182 relevant facts at this layer
2.871 Encoding ...
3.351 Attempting to solve formula with 671643 clauses (1988181 literals) and 64 assumptions
3.362 Unsolvable at layer 9 -- expanding.
3.362 Iteration 10.
3.362 New layer size: 240
3.362 Instantiating ...
5.247 Collected 2197 relevant facts at this layer
5.247 Encoding ...
6.057 Attempting to solve formula with 1276809 clauses (3783866 literals) and 115 assumptions
6.057 Unsolvable at layer 10 -- expanding.
6.057 Iteration 11.
6.057 New layer size: 427
6.057 Instantiating ...
9.678 Collected 2197 relevant facts at this layer
9.678 Encoding ...
11.293 Attempting to solve formula with 2354774 clauses (6981332 literals) and 202 assumptions
11.294 Unsolvable at layer 11 -- expanding.
11.294 Iteration 12.
11.294 New layer size: 753
11.294 Instantiating ...
17.621 Collected 2197 relevant facts at this layer
17.621 Encoding ...
20.423 Attempting to solve formula with 4264610 clauses (12692063 literals) and 355 assumptions
20.425 Unsolvable at layer 12 -- expanding.
20.425 Iteration 13.
20.425 New layer size: 1331
20.425 Instantiating ...
31.764 Collected 2197 relevant facts at this layer
31.764 Encoding ...
36.986 Attempting to solve formula with 7664663 clauses (22869481 literals) and 628 assumptions
38.025 Unsolvable at layer 13 -- expanding.
38.025 Iteration 14.
38.027 New layer size: 2351
38.027 Instantiating ...
58.134 Collected 2197 relevant facts at this layer
58.134 Encoding ...
66.778 Attempting to solve formula with 13686083 clauses (40916110 literals) and 1111 assumptions
67.084 Unsolvable at layer 14 -- expanding.
67.084 Iteration 15.
67.085 New layer size: 4165
67.085 Instantiating ...
101.828 Collected 2197 relevant facts at this layer
101.828 Encoding ...
117.641 Attempting to solve formula with 24378588 clauses (72997079 literals) and 1970 assumptions
117.647 Unsolvable at layer 15 -- expanding.
117.647 Iteration 16.
117.655 New layer size: 7376
117.655 Instantiating ...
180.886 Collected 2197 relevant facts at this layer
180.886 Encoding ...
209.655 Attempting to solve formula with 43346241 clauses (129945323 literals) and 3488 assumptions
210.617 Unsolvable at layer 16 -- expanding.
210.617 Iteration 17.
210.631 New layer size: 13067
210.631 Instantiating ...
308.995 Termination signal caught.
308.995 Total amount of clauses encoded: 43346241
308.995 - directframeaxioms : 29018072 cls
308.995 - indirectframeaxioms : 6159752 cls
308.995 - qfactsemantics : 4361183 cls
308.995 - reductionconstraints : 2650465 cls
308.995 - actionconstraints : 508062 cls
308.995 - substitutionconstraints : 263328 cls
308.995 - qconstequality : 142687 cls
308.995 - atmostoneelement : 101713 cls
308.995 - expansions : 67062 cls
308.995 - predecessors : 57017 cls
308.995 - actioneffects : 14701 cls
308.995 - truefacts : 2197 cls
308.995 - axiomaticops : 2 cls
308.995 # instantiated positions: 27803
308.995 # instantiated actions: 59840
308.995 # instantiated reductions: 34239
308.995 # introduced pseudo-constants: 30428
308.995 # retroactive prunings: 0
308.995 # retroactively pruned operations: 0
308.995 # dominated operations: 629
308.995 # total invalid rigid preconditions found in getPFC: 16508
308.995 # invalid rigid preconditions found in getPFC: 6243
308.995 # invalid rigid preconditions found in getPFC in varrestrictions: 10265
308.995 # total invalid fluent preconditions found in getPFC: 26
308.995 # invalid fluent preconditions found in getPFC: 26
308.995 # invalid fluent preconditions found in getPFC in varrestrictions: 0
308.995 # invalid fluent preconditions found in getPFC via postconditions: 0
308.995 # invalid subtasks found in getPFC: 0
308.995 # number effects in operation fact_frames: 138
308.995 # number of variables restricted: 933157
308.995 # number of nodes variables restricted: 496547
308.995 Exiting happily.

RUNWATCH_RESULT MEMOUT RETVAL 0 TIME_SECS 310.021 MEMPEAK_KBS 16013372
