    _           _         _
   \ |         \ |       | |                       
   | |     __  | |      _| |______                
   | |     \/  | |     /_   ______\                
   | |      _  | |   __  | |  ___   ___   ___       
   | |___  | | | |  / .\ | | / , | |   \ / ·_\    
   \_____\ |_| |__\ \__/ |_| \___) |_|_| \___\  
[39mL i l o t a n e  version rls-glucose4
by Dominik Schreiber <dominik.schreiber@kit.edu> 2020-2021
using SAT solver glucose4

0.008 Parser finished.
0.008 Structures extracted.
0.008 19 operators and 12 methods created.
0.016 Mined 0 new reduction preconditions (+0.0%).
0.016 Iteration 0.
0.016 Creating initial layer of size 2
0.059 Attempting to solve formula with 3 clauses (3 literals) and 1 assumptions
0.059 Unsolvable at layer 0 -- expanding.
0.059 Iteration 1.
0.059 New layer size: 2
0.059 Instantiating ...
0.093 Collected 0 relevant facts at this layer
0.093 Encoding ...
0.095 Attempting to solve formula with 8 clauses (12 literals) and 1 assumptions
0.095 Unsolvable at layer 1 -- expanding.
0.095 Iteration 2.
0.095 New layer size: 3
0.095 Instantiating ...
0.150 Collected 4 relevant facts at this layer
0.150 Encoding ...
0.152 Attempting to solve formula with 33 clauses (61 literals) and 1 assumptions
0.153 Unsolvable at layer 2 -- expanding.
0.153 Iteration 3.
0.153 New layer size: 5
0.153 Instantiating ...
0.219 Collected 507 relevant facts at this layer
0.220 Encoding ...
0.225 Attempting to solve formula with 3746 clauses (8774 literals) and 3 assumptions
0.225 Unsolvable at layer 3 -- expanding.
0.225 Iteration 4.
0.225 New layer size: 9
0.225 Instantiating ...
0.306 Collected 970 relevant facts at this layer
0.306 Encoding ...
0.319 Attempting to solve formula with 12530 clauses (34623 literals) and 4 assumptions
0.319 Unsolvable at layer 4 -- expanding.
0.319 Iteration 5.
0.319 New layer size: 14
0.319 Instantiating ...
0.443 Collected 1585 relevant facts at this layer
0.443 Encoding ...
0.476 Attempting to solve formula with 34833 clauses (102996 literals) and 6 assumptions
0.476 Unsolvable at layer 5 -- expanding.
0.476 Iteration 6.
0.476 New layer size: 25
0.476 Instantiating ...
0.713 Collected 2067 relevant facts at this layer
0.713 Encoding ...
0.793 Attempting to solve formula with 94006 clauses (283786 literals) and 11 assumptions
0.793 Unsolvable at layer 6 -- expanding.
0.793 Iteration 7.
0.793 New layer size: 43
0.793 Instantiating ...
1.230 Collected 2501 relevant facts at this layer
1.230 Encoding ...
1.415 Attempting to solve formula with 215978 clauses (644492 literals) and 21 assumptions
1.415 Unsolvable at layer 7 -- expanding.
1.415 Iteration 8.
1.416 New layer size: 77
1.416 Instantiating ...
2.245 Collected 2943 relevant facts at this layer
2.245 Encoding ...
2.654 Attempting to solve formula with 463310 clauses (1380477 literals) and 37 assumptions
2.654 Unsolvable at layer 8 -- expanding.
2.654 Iteration 9.
2.654 New layer size: 135
2.654 Instantiating ...
4.122 Collected 2964 relevant facts at this layer
4.122 Encoding ...
4.760 Attempting to solve formula with 917925 clauses (2724831 literals) and 64 assumptions
4.771 Unsolvable at layer 9 -- expanding.
4.771 Iteration 10.
4.771 New layer size: 240
4.771 Instantiating ...
7.448 Collected 2986 relevant facts at this layer
7.448 Encoding ...
8.773 Attempting to solve formula with 1744432 clauses (5183138 literals) and 114 assumptions
8.773 Unsolvable at layer 10 -- expanding.
8.773 Iteration 11.
8.773 New layer size: 427
8.773 Instantiating ...
13.758 Collected 2986 relevant facts at this layer
13.758 Encoding ...
16.059 Attempting to solve formula with 3226861 clauses (9584845 literals) and 204 assumptions
16.060 Unsolvable at layer 11 -- expanding.
16.060 Iteration 12.
16.061 New layer size: 757
16.061 Instantiating ...
24.763 Collected 2986 relevant facts at this layer
24.763 Encoding ...
28.802 Attempting to solve formula with 5856542 clauses (17440510 literals) and 359 assumptions
28.805 Unsolvable at layer 12 -- expanding.
28.805 Iteration 13.
28.807 New layer size: 1339
28.807 Instantiating ...
44.293 Collected 2986 relevant facts at this layer
44.293 Encoding ...
51.823 Attempting to solve formula with 10505650 clauses (31362615 literals) and 636 assumptions
53.556 Unsolvable at layer 13 -- expanding.
53.557 Iteration 14.
53.559 New layer size: 2372
53.559 Instantiating ...
80.878 Collected 2986 relevant facts at this layer
80.878 Encoding ...
93.498 Attempting to solve formula with 18759400 clauses (56141994 literals) and 1119 assumptions
94.224 Unsolvable at layer 14 -- expanding.
94.224 Iteration 15.
94.229 New layer size: 4200
94.229 Instantiating ...
143.093 Collected 2986 relevant facts at this layer
143.093 Encoding ...
166.908 Attempting to solve formula with 33381191 clauses (100108345 literals) and 1989 assumptions
166.917 Unsolvable at layer 15 -- expanding.
166.917 Iteration 16.
166.925 New layer size: 7442
166.925 Instantiating ...
227.044 Termination signal caught.
227.044 Total amount of clauses encoded: 33381191
227.044 - directframeaxioms : 22449446 cls
227.044 - indirectframeaxioms : 4756063 cls
227.044 - qfactsemantics : 3351275 cls
227.044 - reductionconstraints : 2031353 cls
227.044 - actionconstraints : 382262 cls
227.044 - substitutionconstraints : 172717 cls
227.044 - qconstequality : 100051 cls
227.044 - atmostoneelement : 56831 cls
227.044 - expansions : 37713 cls
227.044 - predecessors : 32181 cls
227.044 - actioneffects : 8311 cls
227.044 - truefacts : 2986 cls
227.044 - axiomaticops : 2 cls
227.044 # instantiated positions: 14823
227.044 # instantiated actions: 31667
227.044 # instantiated reductions: 18134
227.044 # introduced pseudo-constants: 16111
227.044 # retroactive prunings: 0
227.044 # retroactively pruned operations: 0
227.044 # dominated operations: 320
227.044 # total invalid rigid preconditions found in getPFC: 9647
227.044 # invalid rigid preconditions found in getPFC: 2911
227.044 # invalid rigid preconditions found in getPFC in varrestrictions: 6736
227.044 # total invalid fluent preconditions found in getPFC: 29
227.044 # invalid fluent preconditions found in getPFC: 29
227.044 # invalid fluent preconditions found in getPFC in varrestrictions: 0
227.044 # invalid fluent preconditions found in getPFC via postconditions: 0
227.044 # invalid subtasks found in getPFC: 0
227.044 # number effects in operation fact_frames: 138
227.044 # number of variables restricted: 499122
227.044 # number of nodes variables restricted: 266644
227.044 Exiting happily.

RUNWATCH_RESULT MEMOUT RETVAL 0 TIME_SECS 228.123 MEMPEAK_KBS 16088940
