    _           _         _
   \ |         \ |       | |                       
   | |     __  | |      _| |______                
   | |     \/  | |     /_   ______\                
   | |      _  | |   __  | |  ___   ___   ___       
   | |___  | | | |  / .\ | | / , | |   \ / ·_\    
   \_____\ |_| |__\ \__/ |_| \___) |_|_| \___\  
[39mL i l o t a n e  version rls-glucose4
by Dominik Schreiber <dominik.schreiber@kit.edu> 2020-2021
using SAT solver glucose4

0.020 Parser finished.
0.021 Structures extracted.
0.022 96 operators and 89 methods created.
0.070 Mined 119 new reduction preconditions (+11900.0%).
0.070 Iteration 0.
0.070 Creating initial layer of size 2
0.077 Attempting to solve formula with 5 clauses (6 literals) and 1 assumptions
0.077 Unsolvable at layer 0 -- expanding.
0.077 Iteration 1.
0.077 New layer size: 2
0.077 Instantiating ...
0.125 Collected 1 relevant facts at this layer
0.125 Encoding ...
0.126 Attempting to solve formula with 424 clauses (906 literals) and 1 assumptions
0.126 Unsolvable at layer 1 -- expanding.
0.126 Iteration 2.
0.126 New layer size: 2
0.126 Instantiating ...
0.183 Collected 1 relevant facts at this layer
0.183 Encoding ...
0.184 Attempting to solve formula with 490 clauses (1071 literals) and 1 assumptions
0.184 Unsolvable at layer 2 -- expanding.
0.184 Iteration 3.
0.184 New layer size: 5
0.184 Instantiating ...
0.232 Collected 37 relevant facts at this layer
0.232 Encoding ...
0.236 Attempting to solve formula with 1185 clauses (2858 literals) and 4 assumptions
0.236 Unsolvable at layer 3 -- expanding.
0.236 Iteration 4.
0.236 New layer size: 19
0.236 Instantiating ...
0.365 Collected 317 relevant facts at this layer
0.365 Encoding ...
0.382 Attempting to solve formula with 13187 clauses (37174 literals) and 14 assumptions
0.382 Unsolvable at layer 4 -- expanding.
0.382 Iteration 5.
0.382 New layer size: 58
0.382 Instantiating ...
0.385 Retroactively prune reduction (m_drive_to Q_1,0_point:0_c66f0ff6ac4ecb60 pcrew1 van1 henrietta_dump)@(4,1): no children at offset 1
0.691 Collected 424 relevant facts at this layer
0.691 Encoding ...
0.741 Attempting to solve formula with 58583 clauses (169644 literals) and 34 assumptions
0.744 Unsolvable at layer 5 -- expanding.
0.744 Iteration 6.
0.744 New layer size: 140
0.744 Instantiating ...
0.746 Retroactively prune reduction (m_drive_to henrietta_dump Q_4,1_adult:0_7a969ad69fbf5bd3 Q_3,0_vehicle:0_f0d821ce8842e5b Q_5,2_point:0_cca65752e6c4c1e2)@(5,2): no children at offset 1
0.746 Retroactively prune action (__SURROGATE*regular_1*climb_in* pcrew1 Q_4,2_point:0_c66f0ff6ac4ecb60 Q_3,0_vehicle:0_f0d821ce8842e5b)@(5,4): no children at offset 0
1.227 Collected 572 relevant facts at this layer
1.227 Encoding ...
1.350 Attempting to solve formula with 172047 clauses (507375 literals) and 56 assumptions
1.356 Unsolvable at layer 6 -- expanding.
1.356 Iteration 7.
1.356 New layer size: 280
1.356 Instantiating ...
1.359 Retroactively prune reduction (m_drive_to Q_4,2_point:0_c66f0ff6ac4ecb60 emt1 amb1 texaco1)@(6,8): no children at offset 1
2.235 Collected 584 relevant facts at this layer
2.235 Encoding ...
2.524 Attempting to solve formula with 401693 clauses (1192103 literals) and 120 assumptions
2.540 Unsolvable at layer 7 -- expanding.
2.540 Iteration 8.
2.540 New layer size: 474
2.540 Instantiating ...
3.739 Collected 584 relevant facts at this layer
3.739 Encoding ...
4.156 Attempting to solve formula with 767937 clauses (2267556 literals) and 161 assumptions
4.193 Unsolvable at layer 8 -- expanding.
4.193 Iteration 9.
4.193 New layer size: 761
4.193 Instantiating ...
5.800 Collected 584 relevant facts at this layer
5.800 Encoding ...
6.438 Attempting to solve formula with 1305903 clauses (3866195 literals) and 215 assumptions
c last restart ## conflicts  :  3 15502 
6.590 Found a solution at layer 9.
==>
165704 SHOP_methodm_clear_road_tree_precondition strong airport tree_133716
170451 SHOP_methodm_get_to_person_drives_themself_precondition wcrew1 strong wtruck1 texaco1
177332 SHOP_methodm_drive_to_precondition wtruck1 texaco1 wcrew1
177338 p_1Navegate_vehicle
181106 p_2Place_cones
201635 SHOP_methodm_clear_tree_precondition tree_133716 strong
222150 SHOP_methodm_get_to_as_cargo_precondition tcrew1 strong mendon_pond pvan2
222153 SHOP_methodm_get_to_vehicle_gets_driven_precondition pvan2 mendon_pond airport pu2
222158 SHOP_methodm_drive_to_precondition pvan2 airport pu2
222165 p_3Navegate_vehicle
222170 SHOP_methodm_get_in_ambulatory_person_precondition tcrew1 mendon_pond pvan2
222941 p_4Climb_in
223679 SHOP_methodm_get_to_vehicle_gets_driven_precondition pvan2 strong mendon_pond pu2
223686 SHOP_methodm_drive_to_precondition pvan2 mendon_pond pu2
223693 p_5Navegate_vehicle
224437 p_6Climb_out
225930 p_7Cut_tree
246595 SHOP_methodm_get_to_as_cargo_precondition tree_133716 henrietta_dump strong dtruck1
246601 SHOP_methodm_get_to_vehicle_gets_driven_precondition dtruck1 strong texaco1 tdriver1
246603 SHOP_methodm_drive_to_precondition dtruck1 texaco1 tdriver1
246606 p_8Navegate_vehicle
246610 SHOP_methodm_get_in_load_in_precondition tree_133716 strong dtruck1 ccrew1
246613 SHOP_methodm_get_to_person_drives_themself_precondition ccrew1 strong backhoe1 mendon_pond
246621 SHOP_methodm_drive_to_precondition backhoe1 mendon_pond ccrew1
246642 p_9Navegate_vehicle
250043 load ccrew1 tree_133716 dtruck1 strong
250048 SHOP_methodm_get_to_vehicle_gets_driven_precondition dtruck1 henrietta_dump strong tdriver1
250052 SHOP_methodm_drive_to_precondition dtruck1 strong tdriver1
250055 navegate_vehicle tdriver1 dtruck1 henrietta_dump strong
250058 SHOP_methodm_get_out_unload_precondition dtruck1 henrietta_dump ccrew1 tree_133716
250062 SHOP_methodm_get_to_person_drives_themself_precondition ccrew1 henrietta_dump backhoe1 strong
250068 SHOP_methodm_drive_to_precondition backhoe1 strong ccrew1
250090 navegate_vehicle ccrew1 backhoe1 henrietta_dump strong
253491 unload ccrew1 tree_133716 dtruck1 henrietta_dump
259249 SHOP_methodm_get_to_as_cargo_precondition ht1 strong brighton_dump backhoe1
259254 SHOP_methodm_get_to_vehicle_gets_driven_precondition backhoe1 brighton_dump henrietta_dump ccrew1
259262 SHOP_methodm_drive_to_precondition backhoe1 henrietta_dump ccrew1
259269 navegate_vehicle ccrew1 backhoe1 brighton_dump henrietta_dump
259274 SHOP_methodm_get_in_load_in_precondition ht1 brighton_dump backhoe1 emt1
260051 SHOP_methodm_get_to_person_drives_themself_precondition emt1 brighton_dump amb1 texaco1
260056 SHOP_methodm_drive_to_precondition amb1 texaco1 emt1
260061 navegate_vehicle emt1 amb1 brighton_dump texaco1
260789 load emt1 ht1 backhoe1 brighton_dump
260793 SHOP_methodm_get_to_vehicle_gets_driven_precondition backhoe1 strong brighton_dump ccrew1
260800 SHOP_methodm_drive_to_precondition backhoe1 brighton_dump ccrew1
260811 navegate_vehicle ccrew1 backhoe1 strong brighton_dump
261560 SHOP_methodm_get_out_unload_precondition backhoe1 strong emt1 ht1
261567 SHOP_methodm_get_to_as_cargo_precondition emt1 strong brighton_dump backhoe1
261574 SHOP_methodm_get_to_vehicle_gets_driven_precondition backhoe1 brighton_dump strong ccrew1
261577 SHOP_methodm_drive_to_precondition backhoe1 strong ccrew1
261580 navegate_vehicle ccrew1 backhoe1 brighton_dump strong
261617 SHOP_methodm_get_in_ambulatory_person_precondition emt1 brighton_dump backhoe1
262251 climb_in emt1 backhoe1 brighton_dump
262257 SHOP_methodm_get_to_vehicle_gets_driven_precondition backhoe1 strong brighton_dump ccrew1
262261 SHOP_methodm_drive_to_precondition backhoe1 brighton_dump ccrew1
262263 navegate_vehicle ccrew1 backhoe1 strong brighton_dump
262286 climb_out emt1 backhoe1 strong
262311 unload emt1 ht1 backhoe1 strong
263064 pickup_cones ht1
root 9
9 tlt -> m_tlt_clear_road_tree 58
58 clear_road_tree strong airport -> m_clear_road_tree 165704 127 185 243
127 set_up_cones strong airport -> m_set_up_cones 1982 181105
185 clear_tree tree_133716 -> m_clear_tree 201635 3004 225929 3690
243 take_down_cones strong airport -> m_take_down_cones 4362 263064
1982 get_to wcrew1 strong -> m_get_to_person_drives_themself 170451 7386
3004 get_to tcrew1 strong -> m_get_to_as_cargo 222150 12067 12085 12372 12826
3690 remove_blockage tree_133716 -> m_remove_blockage_carry_away 14312
4362 get_to ht1 strong -> m_get_to_as_cargo 259249 15411 15444 15874 16330
7386 drive_to wcrew1 wtruck1 strong -> m_drive_to 177332 177337
12067 get_to pvan2 mendon_pond -> m_get_to_vehicle_gets_driven 222153 30442
12085 get_in tcrew1 pvan2 -> m_get_in_ambulatory_person 222170 222940
12372 get_to pvan2 strong -> m_get_to_vehicle_gets_driven 223679 31704
12826 get_out tcrew1 pvan2 -> m_get_out_ambulatory_person 224436
14312 get_to tree_133716 henrietta_dump -> m_get_to_as_cargo 246595 37080 37084 37381 37957
15411 get_to backhoe1 brighton_dump -> m_get_to_vehicle_gets_driven 259254 40865
15444 get_in ht1 backhoe1 -> m_get_in_load_in 259274 40915 260789
15874 get_to backhoe1 strong -> m_get_to_vehicle_gets_driven 260793 42177
16330 get_out ht1 backhoe1 -> m_get_out_unload 261560 42819 262311
30442 drive_to pu2 pvan2 mendon_pond -> m_drive_to 222158 222164
31704 drive_to pu2 pvan2 strong -> m_drive_to 223686 223692
37080 get_to dtruck1 strong -> m_get_to_vehicle_gets_driven 246601 83839
37084 get_in tree_133716 dtruck1 -> m_get_in_load_in 246610 83862 250043
37381 get_to dtruck1 henrietta_dump -> m_get_to_vehicle_gets_driven 250048 84503
37957 get_out tree_133716 dtruck1 -> m_get_out_unload 250058 84526 253491
40865 drive_to ccrew1 backhoe1 brighton_dump -> m_drive_to 259262 259268
40915 get_to emt1 brighton_dump -> m_get_to_person_drives_themself 260051 89386
42177 drive_to ccrew1 backhoe1 strong -> m_drive_to 260800 260810
42819 get_to emt1 strong -> m_get_to_as_cargo 261567 94269 94302 94742 95358
83839 drive_to tdriver1 dtruck1 strong -> m_drive_to 246603 246605
83862 get_to ccrew1 strong -> m_get_to_person_drives_themself 246613 145065
84503 drive_to tdriver1 dtruck1 henrietta_dump -> m_drive_to 250052 250054
84526 get_to ccrew1 henrietta_dump -> m_get_to_person_drives_themself 250062 147394
89386 drive_to emt1 amb1 brighton_dump -> m_drive_to 260056 260060
94269 get_to backhoe1 brighton_dump -> m_get_to_vehicle_gets_driven 261574 164154
94302 get_in emt1 backhoe1 -> m_get_in_ambulatory_person 261617 262250
94742 get_to backhoe1 strong -> m_get_to_vehicle_gets_driven 262257 164833
95358 get_out emt1 backhoe1 -> m_get_out_ambulatory_person 262285
145065 drive_to ccrew1 backhoe1 strong -> m_drive_to 246621 246641
147394 drive_to ccrew1 backhoe1 henrietta_dump -> m_drive_to 250068 250089
164154 drive_to ccrew1 backhoe1 brighton_dump -> m_drive_to 261577 261579
164833 drive_to ccrew1 backhoe1 strong -> m_drive_to 262261 262262
177337 cnavegate_vehicle wcrew1 wtruck1 strong texaco1 -> prefix_1 177338
181105 cplace_cones wcrew1 -> prefix_2 181106
222164 cnavegate_vehicle pu2 pvan2 mendon_pond airport -> prefix_3 222165
222940 cclimb_in tcrew1 pvan2 mendon_pond -> prefix_4 222941
223692 cnavegate_vehicle pu2 pvan2 strong mendon_pond -> prefix_5 223693
224436 cclimb_out tcrew1 pvan2 strong -> prefix_6 224437
225929 ccut_tree tcrew1 tree_133716 -> prefix_7 225930
246605 cnavegate_vehicle tdriver1 dtruck1 strong texaco1 -> prefix_8 246606
246641 cnavegate_vehicle ccrew1 backhoe1 strong mendon_pond -> prefix_9 246642
250054 cnavegate_vehicle tdriver1 dtruck1 henrietta_dump strong -> regular_5 250055
250089 cnavegate_vehicle ccrew1 backhoe1 henrietta_dump strong -> regular_5 250090
259268 cnavegate_vehicle ccrew1 backhoe1 brighton_dump henrietta_dump -> regular_5 259269
260060 cnavegate_vehicle emt1 amb1 brighton_dump texaco1 -> regular_5 260061
260810 cnavegate_vehicle ccrew1 backhoe1 strong brighton_dump -> regular_5 260811
261579 cnavegate_vehicle ccrew1 backhoe1 brighton_dump strong -> regular_5 261580
262250 cclimb_in emt1 backhoe1 brighton_dump -> regular_1 262251
262262 cnavegate_vehicle ccrew1 backhoe1 strong brighton_dump -> regular_5 262263
262285 cclimb_out emt1 backhoe1 strong -> regular_3 262286
<==
6.618 End of solution plan. (counted length of 59)
6.618 Total amount of clauses encoded: 1305903
6.618 - directframeaxioms : 873754 cls
6.618 - qfactsemantics : 192584 cls
6.618 - indirectframeaxioms : 101887 cls
6.618 - reductionconstraints : 70693 cls
6.618 - actionconstraints : 19546 cls
6.618 - atmostoneelement : 11299 cls
6.618 - qtypeconstraints : 10423 cls
6.618 - expansions : 7359 cls
6.618 - predecessors : 6380 cls
6.618 - substitutionconstraints : 4461 cls
6.618 - qconstequality : 4334 cls
6.618 - actioneffects : 2559 cls
6.618 - truefacts : 584 cls
6.618 - forbiddenoperations : 38 cls
6.618 - axiomaticops : 2 cls
6.618 # instantiated positions: 1742
6.618 # instantiated actions: 5157
6.618 # instantiated reductions: 1242
6.618 # introduced pseudo-constants: 1058
6.618 # retroactive prunings: 7
6.618 # retroactively pruned operations: 47
6.618 # dominated operations: 127
6.618 # total invalid rigid preconditions found in getPFC: 926
6.618 # invalid rigid preconditions found in getPFC: 5
6.618 # invalid rigid preconditions found in getPFC in varrestrictions: 921
6.618 # total invalid fluent preconditions found in getPFC: 407
6.618 # invalid fluent preconditions found in getPFC: 407
6.618 # invalid fluent preconditions found in getPFC in varrestrictions: 0
6.618 # invalid fluent preconditions found in getPFC via postconditions: 0
6.618 # invalid subtasks found in getPFC: 3
6.618 # number effects in operation fact_frames: 1497
6.618 # number of variables restricted: 10742
6.618 # number of nodes variables restricted: 4728
6.618 Exiting happily.

RUNWATCH_RESULT EXIT RETVAL 0 TIME_SECS 6.66748 MEMPEAK_KBS 651492
