    _           _         _
   \ |         \ |       | |                       
   | |     __  | |      _| |______                
   | |     \/  | |     /_   ______\                
   | |      _  | |   __  | |  ___   ___   ___       
   | |___  | | | |  / .\ | | / , | |   \ / ·_\    
   \_____\ |_| |__\ \__/ |_| \___) |_|_| \___\  
[39mL i l o t a n e  version rls-glucose4
by Dominik Schreiber <dominik.schreiber@kit.edu> 2020-2021
using SAT solver glucose4

0.077 Parser finished.
0.079 Structures extracted.
0.093 312 operators and 305 methods created.
0.924 Mined 582 new reduction preconditions (+90.1%).
0.924 Iteration 0.
0.924 Creating initial layer of size 2
1.008 Attempting to solve formula with 3 clauses (3 literals) and 1 assumptions
1.008 Unsolvable at layer 0 -- expanding.
1.008 Iteration 1.
1.008 New layer size: 5
1.008 Instantiating ...
1.326 Collected 9 relevant facts at this layer
1.326 Encoding ...
1.341 Attempting to solve formula with 145 clauses (347 literals) and 4 assumptions
1.341 Unsolvable at layer 1 -- expanding.
1.341 Iteration 2.
1.341 New layer size: 9
1.341 Instantiating ...
3.921 Collected 419 relevant facts at this layer
3.921 Encoding ...
3.963 Attempting to solve formula with 40044 clauses (104395 literals) and 4 assumptions
3.964 Unsolvable at layer 2 -- expanding.
3.964 Iteration 3.
3.964 New layer size: 13
3.964 Instantiating ...
9.440 Collected 859 relevant facts at this layer
9.440 Encoding ...
9.518 Attempting to solve formula with 108662 clauses (294409 literals) and 8 assumptions
9.518 Unsolvable at layer 3 -- expanding.
9.518 Iteration 4.
9.518 New layer size: 41
9.518 Instantiating ...
18.558 Collected 1591 relevant facts at this layer
18.558 Encoding ...
18.815 Attempting to solve formula with 274433 clauses (779978 literals) and 20 assumptions
18.816 Unsolvable at layer 4 -- expanding.
18.816 Iteration 5.
18.816 New layer size: 93
18.816 Instantiating ...
44.532 Collected 4760 relevant facts at this layer
44.532 Encoding ...
45.488 Attempting to solve formula with 1111646 clauses (3190371 literals) and 36 assumptions
45.525 Unsolvable at layer 5 -- expanding.
45.525 Iteration 6.
45.525 New layer size: 161
45.525 Instantiating ...
113.574 Collected 4816 relevant facts at this layer
113.574 Encoding ...
115.540 Attempting to solve formula with 3079128 clauses (8837941 literals) and 64 assumptions
115.589 Unsolvable at layer 6 -- expanding.
115.589 Iteration 7.
115.589 New layer size: 299
115.589 Instantiating ...
253.226 Collected 7312 relevant facts at this layer
253.226 Encoding ...
258.226 Attempting to solve formula with 7678973 clauses (22774894 literals) and 123 assumptions
258.574 Unsolvable at layer 7 -- expanding.
258.574 Iteration 8.
258.574 New layer size: 600
258.574 Instantiating ...
517.165 Collected 10052 relevant facts at this layer
517.165 Encoding ...
531.980 Attempting to solve formula with 19942519 clauses (61675146 literals) and 239 assumptions
533.106 Unsolvable at layer 8 -- expanding.
533.106 Iteration 9.
533.106 New layer size: 1155
533.106 Instantiating ...
1119.104 Collected 10052 relevant facts at this layer
1119.104 Encoding ...
1155.456 Attempting to solve formula with 47069093 clauses (148989221 literals) and 446 assumptions
1158.628 Unsolvable at layer 9 -- expanding.
1158.628 Iteration 10.
1158.629 New layer size: 2139
1158.629 Instantiating ...
1801.381 Termination signal caught.
1801.381 Total amount of clauses encoded: 47069093
1801.381 - directframeaxioms : 21976146 cls
1801.381 - reductionconstraints : 10034398 cls
1801.381 - qfactsemantics : 8190593 cls
1801.381 - indirectframeaxioms : 5319405 cls
1801.381 - substitutionconstraints : 727548 cls
1801.381 - atmostoneelement : 423311 cls
1801.381 - qconstequality : 217334 cls
1801.381 - expansions : 75915 cls
1801.381 - predecessors : 45295 cls
1801.381 - actionconstraints : 32027 cls
1801.381 - actioneffects : 17067 cls
1801.381 - truefacts : 10052 cls
1801.381 - axiomaticops : 2 cls
1801.381 # instantiated positions: 3431
1801.381 # instantiated actions: 30013
1801.381 # instantiated reductions: 37229
1801.381 # introduced pseudo-constants: 11296
1801.381 # retroactive prunings: 9
1801.381 # retroactively pruned operations: 9
1801.381 # dominated operations: 4482
1801.381 # total invalid rigid preconditions found in getPFC: 18706
1801.381 # invalid rigid preconditions found in getPFC: 3
1801.381 # invalid rigid preconditions found in getPFC in varrestrictions: 18703
1801.381 # total invalid fluent preconditions found in getPFC: 453799
1801.381 # invalid fluent preconditions found in getPFC: 4715
1801.381 # invalid fluent preconditions found in getPFC in varrestrictions: 9
1801.381 # invalid fluent preconditions found in getPFC via postconditions: 449075
1801.381 # invalid subtasks found in getPFC: 9
1801.381 # number effects in operation fact_frames: 14208
1801.381 # number of variables restricted: 4661221
1801.381 Exiting happily.

RUNWATCH_RESULT TIMEOUT RETVAL 0 TIME_SECS 1802.3 MEMPEAK_KBS 13621976
