    _           _         _
   \ |         \ |       | |                       
   | |     __  | |      _| |______                
   | |     \/  | |     /_   ______\                
   | |      _  | |   __  | |  ___   ___   ___       
   | |___  | | | |  / .\ | | / , | |   \ / ·_\    
   \_____\ |_| |__\ \__/ |_| \___) |_|_| \___\  
[39mL i l o t a n e  version rls-glucose4
by Dominik Schreiber <dominik.schreiber@kit.edu> 2020-2021
using SAT solver glucose4

0.069 Parser finished.
0.069 Structures extracted.
0.070 11 operators and 14 methods created.
0.094 Mined 13 new reduction preconditions (+108.3%).
0.094 Iteration 0.
0.094 Creating initial layer of size 2
0.258 Attempting to solve formula with 403 clauses (603 literals) and 1 assumptions
0.258 Unsolvable at layer 0 -- expanding.
0.258 Iteration 1.
0.258 New layer size: 2
0.258 Instantiating ...
0.767 Collected 200 relevant facts at this layer
0.767 Encoding ...
0.782 Attempting to solve formula with 3726 clauses (10467 literals) and 1 assumptions
0.783 Unsolvable at layer 1 -- expanding.
0.783 Iteration 2.
0.783 New layer size: 3
0.783 Instantiating ...
1.804 Collected 751 relevant facts at this layer
1.804 Encoding ...
1.831 Attempting to solve formula with 21036 clauses (62019 literals) and 1 assumptions
1.832 Unsolvable at layer 2 -- expanding.
1.832 Iteration 3.
1.832 New layer size: 4
1.832 Instantiating ...
2.951 Collected 751 relevant facts at this layer
2.951 Encoding ...
2.991 Attempting to solve formula with 43011 clauses (130400 literals) and 1 assumptions
2.991 Unsolvable at layer 3 -- expanding.
2.991 Iteration 4.
2.991 New layer size: 5
2.991 Instantiating ...
4.158 Collected 751 relevant facts at this layer
4.158 Encoding ...
4.197 Attempting to solve formula with 65806 clauses (202600 literals) and 1 assumptions
4.198 Unsolvable at layer 4 -- expanding.
4.198 Iteration 5.
4.198 New layer size: 6
4.198 Instantiating ...
5.478 Collected 751 relevant facts at this layer
5.478 Encoding ...
5.531 Attempting to solve formula with 88621 clauses (274840 literals) and 1 assumptions
5.532 Unsolvable at layer 5 -- expanding.
5.532 Iteration 6.
5.532 New layer size: 7
5.532 Instantiating ...
6.894 Collected 751 relevant facts at this layer
6.894 Encoding ...
6.952 Attempting to solve formula with 111456 clauses (347120 literals) and 1 assumptions
6.955 Unsolvable at layer 6 -- expanding.
6.955 Iteration 7.
6.955 New layer size: 8
6.955 Instantiating ...
8.423 Collected 751 relevant facts at this layer
8.423 Encoding ...
8.482 Attempting to solve formula with 134264 clauses (419397 literals) and 1 assumptions
8.486 Unsolvable at layer 7 -- expanding.
8.486 Iteration 8.
8.486 New layer size: 9
8.486 Instantiating ...
9.987 Collected 751 relevant facts at this layer
9.987 Encoding ...
10.045 Attempting to solve formula with 157092 clauses (491714 literals) and 1 assumptions
10.050 Unsolvable at layer 8 -- expanding.
10.050 Iteration 9.
10.050 New layer size: 10
10.050 Instantiating ...
11.644 Collected 751 relevant facts at this layer
11.644 Encoding ...
11.709 Attempting to solve formula with 179987 clauses (564114 literals) and 1 assumptions
11.713 Unsolvable at layer 9 -- expanding.
11.713 Iteration 10.
11.713 New layer size: 11
11.713 Instantiating ...
13.381 Collected 751 relevant facts at this layer
13.381 Encoding ...
13.451 Attempting to solve formula with 202855 clauses (636511 literals) and 1 assumptions
13.460 Unsolvable at layer 10 -- expanding.
13.460 Iteration 11.
13.460 New layer size: 12
13.460 Instantiating ...
15.178 Collected 751 relevant facts at this layer
15.178 Encoding ...
15.248 Attempting to solve formula with 225790 clauses (708991 literals) and 1 assumptions
15.260 Unsolvable at layer 11 -- expanding.
15.260 Iteration 12.
15.260 New layer size: 13
15.260 Instantiating ...
17.092 Collected 751 relevant facts at this layer
17.092 Encoding ...
17.172 Attempting to solve formula with 248745 clauses (781511 literals) and 1 assumptions
17.194 Unsolvable at layer 12 -- expanding.
17.194 Iteration 13.
17.194 New layer size: 14
17.194 Instantiating ...
19.113 Collected 751 relevant facts at this layer
19.113 Encoding ...
19.187 Attempting to solve formula with 271720 clauses (854071 literals) and 1 assumptions
19.227 Unsolvable at layer 13 -- expanding.
19.227 Iteration 14.
19.227 New layer size: 15
19.227 Instantiating ...
21.209 Collected 751 relevant facts at this layer
21.209 Encoding ...
21.286 Attempting to solve formula with 294715 clauses (926671 literals) and 1 assumptions
21.358 Unsolvable at layer 14 -- expanding.
21.358 Iteration 15.
21.358 New layer size: 16
21.358 Instantiating ...
23.499 Collected 751 relevant facts at this layer
23.499 Encoding ...
23.585 Attempting to solve formula with 317730 clauses (999311 literals) and 1 assumptions
23.750 Unsolvable at layer 15 -- expanding.
23.750 Iteration 16.
23.750 New layer size: 17
23.750 Instantiating ...
25.880 Collected 751 relevant facts at this layer
25.880 Encoding ...
25.963 Attempting to solve formula with 340765 clauses (1071991 literals) and 1 assumptions
26.222 Unsolvable at layer 16 -- expanding.
26.222 Iteration 17.
26.222 New layer size: 18
26.222 Instantiating ...
28.490 Collected 751 relevant facts at this layer
28.490 Encoding ...
28.593 Attempting to solve formula with 363820 clauses (1144711 literals) and 1 assumptions
28.894 Unsolvable at layer 17 -- expanding.
28.894 Iteration 18.
28.894 New layer size: 19
28.894 Instantiating ...
31.226 Collected 751 relevant facts at this layer
31.226 Encoding ...
31.322 Attempting to solve formula with 386848 clauses (1217428 literals) and 1 assumptions
32.037 Unsolvable at layer 18 -- expanding.
32.037 Iteration 19.
32.037 New layer size: 20
32.037 Instantiating ...
34.393 Collected 751 relevant facts at this layer
34.393 Encoding ...
34.480 Attempting to solve formula with 409943 clauses (1290228 literals) and 1 assumptions
36.385 Unsolvable at layer 19 -- expanding.
36.385 Iteration 20.
36.385 New layer size: 21
36.385 Instantiating ...
38.932 Collected 751 relevant facts at this layer
38.932 Encoding ...
39.030 Attempting to solve formula with 433058 clauses (1363068 literals) and 1 assumptions
43.662 Unsolvable at layer 20 -- expanding.
43.662 Iteration 21.
43.663 New layer size: 22
43.663 Instantiating ...
46.227 Collected 751 relevant facts at this layer
46.227 Encoding ...
46.369 Attempting to solve formula with 456146 clauses (1435905 literals) and 1 assumptions
c
c Try to adapt solver strategies
c 
c Nothing extreme in this problem, continue with glucose default strategies.
c
55.384 Unsolvable at layer 21 -- expanding.
55.384 Iteration 22.
55.384 New layer size: 23
55.384 Instantiating ...
58.045 Collected 751 relevant facts at this layer
58.045 Encoding ...
58.183 Attempting to solve formula with 479254 clauses (1508782 literals) and 1 assumptions
81.455 Unsolvable at layer 22 -- expanding.
81.455 Iteration 23.
81.455 New layer size: 24
81.455 Instantiating ...
84.173 Collected 751 relevant facts at this layer
84.173 Encoding ...
84.276 Attempting to solve formula with 502429 clauses (1581742 literals) and 1 assumptions
147.102 Unsolvable at layer 23 -- expanding.
147.102 Iteration 24.
147.103 New layer size: 25
147.103 Instantiating ...
149.933 Collected 751 relevant facts at this layer
149.933 Encoding ...
150.046 Attempting to solve formula with 525577 clauses (1654699 literals) and 1 assumptions
292.560 Unsolvable at layer 24 -- expanding.
292.560 Iteration 25.
292.560 New layer size: 26
292.560 Instantiating ...
295.439 Collected 751 relevant facts at this layer
295.439 Encoding ...
295.551 Attempting to solve formula with 548792 clauses (1727739 literals) and 1 assumptions
649.276 Unsolvable at layer 25 -- expanding.
649.276 Iteration 26.
649.276 New layer size: 27
649.276 Instantiating ...
652.201 Collected 751 relevant facts at this layer
652.201 Encoding ...
652.317 Attempting to solve formula with 572027 clauses (1800819 literals) and 1 assumptions
1569.484 Unsolvable at layer 26 -- expanding.
1569.484 Iteration 27.
1569.484 New layer size: 28
1569.484 Instantiating ...
1572.543 Collected 751 relevant facts at this layer
1572.543 Encoding ...
1572.660 Attempting to solve formula with 595235 clauses (1873896 literals) and 1 assumptions
1801.073 Termination signal caught.
1801.073 Total amount of clauses encoded: 595235
1801.073 - actionconstraints : 213236 cls
1801.073 - reductionconstraints : 139044 cls
1801.073 - directframeaxioms : 78110 cls
1801.073 - qfactsemantics : 69436 cls
1801.073 - indirectframeaxioms : 46560 cls
1801.073 - substitutionconstraints : 31669 cls
1801.073 - qconstequality : 7878 cls
1801.073 - atmostoneelement : 4265 cls
1801.073 - expansions : 2060 cls
1801.073 - predecessors : 1993 cls
1801.073 - truefacts : 751 cls
1801.073 - actioneffects : 231 cls
1801.073 - axiomaticops : 2 cls
1801.073 # instantiated positions: 406
1801.073 # instantiated actions: 1807
1801.073 # instantiated reductions: 187
1801.073 # introduced pseudo-constants: 158
1801.073 # retroactive prunings: 0
1801.073 # retroactively pruned operations: 0
1801.073 # dominated operations: 0
1801.073 # total invalid rigid preconditions found in getPFC: 0
1801.073 # invalid rigid preconditions found in getPFC: 0
1801.073 # invalid rigid preconditions found in getPFC in varrestrictions: 0
1801.073 # total invalid fluent preconditions found in getPFC: 0
1801.073 # invalid fluent preconditions found in getPFC: 0
1801.073 # invalid fluent preconditions found in getPFC in varrestrictions: 0
1801.073 # invalid fluent preconditions found in getPFC via postconditions: 0
1801.073 # invalid subtasks found in getPFC: 0
1801.073 # number effects in operation fact_frames: 110
1801.073 Exiting happily.

RUNWATCH_RESULT TIMEOUT RETVAL 0 TIME_SECS 1801.11 MEMPEAK_KBS 405804
