    _           _         _
   \ |         \ |       | |                       
   | |     __  | |      _| |______                
   | |     \/  | |     /_   ______\                
   | |      _  | |   __  | |  ___   ___   ___       
   | |___  | | | |  / .\ | | / , | |   \ / ·_\    
   \_____\ |_| |__\ \__/ |_| \___) |_|_| \___\  
[39mL i l o t a n e  version rls-glucose4
by Dominik Schreiber <dominik.schreiber@kit.edu> 2020-2021
using SAT solver glucose4

1.457 Parser finished.
1.463 Structures extracted.
1.465 18 operators and 15 methods created.
1.949 Mined 2 new reduction preconditions (+9.5%).
1.949 Iteration 0.
1.949 Creating initial layer of size 2
2.293 Attempting to solve formula with 3 clauses (3 literals) and 1 assumptions
2.294 Unsolvable at layer 0 -- expanding.
2.294 Iteration 1.
2.294 New layer size: 2
2.294 Instantiating ...
2.662 Collected 0 relevant facts at this layer
2.662 Encoding ...
2.706 Attempting to solve formula with 8 clauses (12 literals) and 1 assumptions
2.706 Unsolvable at layer 1 -- expanding.
2.706 Iteration 2.
2.714 New layer size: 7
2.714 Instantiating ...
3.922 Collected 0 relevant facts at this layer
3.922 Encoding ...
4.015 Attempting to solve formula with 28 clauses (46 literals) and 6 assumptions
4.015 Unsolvable at layer 2 -- expanding.
4.015 Iteration 3.
4.021 New layer size: 13
4.021 Instantiating ...
7.184 Collected 4 relevant facts at this layer
7.184 Encoding ...
7.384 Attempting to solve formula with 100 clauses (187 literals) and 10 assumptions
7.384 Unsolvable at layer 3 -- expanding.
7.384 Iteration 4.
7.384 New layer size: 23
7.384 Instantiating ...
14.453 Collected 14 relevant facts at this layer
14.453 Encoding ...
14.843 Attempting to solve formula with 708 clauses (1646 literals) and 20 assumptions
14.843 Unsolvable at layer 4 -- expanding.
14.843 Iteration 5.
14.843 New layer size: 43
14.843 Instantiating ...
29.659 Collected 34 relevant facts at this layer
29.659 Encoding ...
30.446 Attempting to solve formula with 4119 clauses (10195 literals) and 40 assumptions
30.446 Unsolvable at layer 5 -- expanding.
30.446 Iteration 6.
30.446 New layer size: 83
30.446 Instantiating ...
60.358 Collected 64 relevant facts at this layer
60.359 Encoding ...
61.634 Attempting to solve formula with 17196 clauses (43728 literals) and 80 assumptions
61.634 Unsolvable at layer 6 -- expanding.
61.634 Iteration 7.
61.634 New layer size: 163
61.634 Instantiating ...
122.644 Collected 104 relevant facts at this layer
122.644 Encoding ...
125.285 Attempting to solve formula with 58544 clauses (151564 literals) and 160 assumptions
125.286 Unsolvable at layer 7 -- expanding.
125.286 Iteration 8.
125.286 New layer size: 323
125.286 Instantiating ...
254.356 Collected 154 relevant facts at this layer
254.356 Encoding ...
260.627 Attempting to solve formula with 176780 clauses (463669 literals) and 320 assumptions
260.629 Unsolvable at layer 8 -- expanding.
260.629 Iteration 9.
260.629 New layer size: 643
260.629 Instantiating ...
525.552 Collected 214 relevant facts at this layer
525.552 Encoding ...
537.847 Attempting to solve formula with 494999 clauses (1311043 literals) and 640 assumptions
537.852 Unsolvable at layer 9 -- expanding.
537.852 Iteration 10.
537.852 New layer size: 1283
537.852 Instantiating ...
1053.651 Collected 284 relevant facts at this layer
1053.651 Encoding ...
1078.495 Attempting to solve formula with 1317256 clauses (3514766 literals) and 1280 assumptions
1078.527 Unsolvable at layer 10 -- expanding.
1078.527 Iteration 11.
1078.528 New layer size: 2563
1078.528 Instantiating ...
1714.002 Termination signal caught.
1714.002 Total amount of clauses encoded: 1317256
1714.002 - directframeaxioms : 1128968 cls
1714.002 - atmostoneelement : 99561 cls
1714.002 - predecessors : 22562 cls
1714.002 - expansions : 21425 cls
1714.002 - actionconstraints : 19852 cls
1714.002 - reductionconstraints : 14882 cls
1714.002 - actioneffects : 9720 cls
1714.002 - truefacts : 284 cls
1714.002 - axiomaticops : 2 cls
1714.002 # instantiated positions: 4152
1714.002 # instantiated actions: 20984
1714.002 # instantiated reductions: 16251
1714.002 # introduced pseudo-constants: 0
1714.002 # retroactive prunings: 0
1714.002 # retroactively pruned operations: 0
1714.002 # dominated operations: 0
1714.002 # total invalid rigid preconditions found in getPFC: 106764
1714.002 # invalid rigid preconditions found in getPFC: 106764
1714.002 # invalid rigid preconditions found in getPFC in varrestrictions: 0
1714.002 # total invalid fluent preconditions found in getPFC: 246
1714.002 # invalid fluent preconditions found in getPFC: 123
1714.002 # invalid fluent preconditions found in getPFC in varrestrictions: 123
1714.002 # invalid fluent preconditions found in getPFC via postconditions: 0
1714.002 # invalid subtasks found in getPFC: 0
1714.002 # number effects in operation fact_frames: 120
1714.002 # number of variables restricted: 533043
1714.002 Exiting happily.

RUNWATCH_RESULT MEMOUT RETVAL 0 TIME_SECS 1715.17 MEMPEAK_KBS 16001612
