    _           _         _
   \ |         \ |       | |                       
   | |     __  | |      _| |______                
   | |     \/  | |     /_   ______\                
   | |      _  | |   __  | |  ___   ___   ___       
   | |___  | | | |  / .\ | | / , | |   \ / ·_\    
   \_____\ |_| |__\ \__/ |_| \___) |_|_| \___\  
[39mL i l o t a n e  version rls-glucose4
by Dominik Schreiber <dominik.schreiber@kit.edu> 2020-2021
using SAT solver glucose4

0.013 Parser finished.
0.013 Structures extracted.
0.014 20 operators and 16 methods created.
0.053 Mined 11 new reduction preconditions (+11.0%).
0.053 Iteration 0.
0.053 Creating initial layer of size 2
0.090 Attempting to solve formula with 151 clauses (225 literals) and 1 assumptions
0.091 Unsolvable at layer 0 -- expanding.
0.091 Iteration 1.
0.091 New layer size: 8
0.091 Instantiating ...
0.562 Collected 5180 relevant facts at this layer
0.562 Encoding ...
0.675 Attempting to solve formula with 125081 clauses (390980 literals) and 7 assumptions
0.676 Unsolvable at layer 1 -- expanding.
0.676 Iteration 2.
0.676 New layer size: 15
0.676 Instantiating ...
1.613 Collected 5614 relevant facts at this layer
1.613 Encoding ...
1.961 Attempting to solve formula with 458732 clauses (1534163 literals) and 7 assumptions
1.962 Unsolvable at layer 2 -- expanding.
1.962 Iteration 3.
1.962 New layer size: 36
1.962 Instantiating ...
3.759 Collected 5677 relevant facts at this layer
3.759 Encoding ...
4.744 Attempting to solve formula with 1157138 clauses (3932045 literals) and 14 assumptions
4.826 Unsolvable at layer 3 -- expanding.
4.826 Iteration 4.
4.826 New layer size: 64
4.826 Instantiating ...
7.894 Collected 5677 relevant facts at this layer
7.894 Encoding ...
9.468 Attempting to solve formula with 2240189 clauses (7652991 literals) and 21 assumptions
9.530 Unsolvable at layer 4 -- expanding.
9.530 Iteration 5.
9.530 New layer size: 113
9.530 Instantiating ...
14.752 Collected 5677 relevant facts at this layer
14.752 Encoding ...
17.637 Attempting to solve formula with 4059209 clauses (13910300 literals) and 35 assumptions
17.808 Unsolvable at layer 5 -- expanding.
17.808 Iteration 6.
17.809 New layer size: 190
17.809 Instantiating ...
26.471 Collected 5677 relevant facts at this layer
26.471 Encoding ...
31.081 Attempting to solve formula with 6995737 clauses (24015880 literals) and 56 assumptions
31.278 Unsolvable at layer 6 -- expanding.
31.278 Iteration 7.
31.278 New layer size: 316
31.278 Instantiating ...
45.891 Collected 5677 relevant facts at this layer
45.891 Encoding ...
53.888 Attempting to solve formula with 11785338 clauses (40504614 literals) and 91 assumptions
54.348 Unsolvable at layer 7 -- expanding.
54.348 Iteration 8.
54.348 New layer size: 519
54.348 Instantiating ...
78.062 Collected 5677 relevant facts at this layer
78.062 Encoding ...
90.401 Attempting to solve formula with 19545519 clauses (67224770 literals) and 147 assumptions
91.810 Unsolvable at layer 8 -- expanding.
91.810 Iteration 9.
91.811 New layer size: 848
91.811 Instantiating ...
130.981 Collected 5677 relevant facts at this layer
130.981 Encoding ...
152.001 Attempting to solve formula with 32129353 clauses (110559502 literals) and 238 assumptions
155.060 Unsolvable at layer 9 -- expanding.
155.060 Iteration 10.
155.060 New layer size: 1380
155.060 Instantiating ...
218.841 Collected 5677 relevant facts at this layer
218.841 Encoding ...
253.797 Attempting to solve formula with 52507420 clauses (180740232 literals) and 385 assumptions
256.344 Unsolvable at layer 10 -- expanding.
256.344 Iteration 11.
256.345 New layer size: 2241
256.345 Instantiating ...
320.022 Termination signal caught.
320.022 Total amount of clauses encoded: 52507420
320.022 - directframeaxioms : 21446976 cls
320.022 - qfactsemantics : 13903592 cls
320.022 - indirectframeaxioms : 10835023 cls
320.022 - reductionconstraints : 5440067 cls
320.022 - actionconstraints : 364623 cls
320.022 - qconstequality : 209840 cls
320.022 - substitutionconstraints : 178076 cls
320.022 - atmostoneelement : 65065 cls
320.022 - expansions : 25112 cls
320.022 - predecessors : 21160 cls
320.022 - actioneffects : 12207 cls
320.022 - truefacts : 5677 cls
320.022 - axiomaticops : 2 cls
320.022 # instantiated positions: 4825
320.022 # instantiated actions: 19895
320.022 # instantiated reductions: 9379
320.022 # introduced pseudo-constants: 4474
320.022 # retroactive prunings: 0
320.022 # retroactively pruned operations: 0
320.022 # dominated operations: 7
320.022 Exiting happily.

RUNWATCH_RESULT MEMOUT RETVAL 0 TIME_SECS 320.883 MEMPEAK_KBS 16086804
