    _           _         _
   \ |         \ |       | |                       
   | |     __  | |      _| |______                
   | |     \/  | |     /_   ______\                
   | |      _  | |   __  | |  ___   ___   ___       
   | |___  | | | |  / .\ | | / , | |   \ / ·_\    
   \_____\ |_| |__\ \__/ |_| \___) |_|_| \___\  
[39mL i l o t a n e  version rls-cadical
by Dominik Schreiber <dominik.schreiber@kit.edu> 2020-2021
using SAT solver cadical

0.004 Parser finished.
0.004 Structures extracted.
0.004 9 operators and 7 methods created.
0.008 Mined 12 new reduction preconditions (+inf%).
0.008 Iteration 0.
0.008 Creating initial layer of size 2
0.009 Attempting to solve formula with 3 clauses (3 literals) and 1 assumptions
0.009 Unsolvable at layer 0 -- expanding.
0.009 Iteration 1.
0.009 New layer size: 12
0.009 Instantiating ...
0.041 Collected 0 relevant facts at this layer
0.041 Encoding ...
0.042 Attempting to solve formula with 797 clauses (1712 literals) and 11 assumptions
0.042 Unsolvable at layer 1 -- expanding.
0.042 Iteration 2.
0.042 New layer size: 45
0.042 Instantiating ...
0.113 Collected 76 relevant facts at this layer
0.113 Encoding ...
0.124 Attempting to solve formula with 10706 clauses (35391 literals) and 22 assumptions
0.127 Unsolvable at layer 2 -- expanding.
0.127 Iteration 3.
0.127 New layer size: 67
0.127 Instantiating ...
0.205 Collected 76 relevant facts at this layer
0.205 Encoding ...
0.220 Attempting to solve formula with 22737 clauses (78709 literals) and 22 assumptions
0.225 Unsolvable at layer 3 -- expanding.
0.225 Iteration 4.
0.226 New layer size: 89
0.226 Instantiating ...
0.310 Collected 76 relevant facts at this layer
0.310 Encoding ...
0.333 Attempting to solve formula with 37903 clauses (135061 literals) and 22 assumptions
0.354 Unsolvable at layer 4 -- expanding.
0.354 Iteration 5.
0.354 New layer size: 111
0.354 Instantiating ...
0.447 Collected 76 relevant facts at this layer
0.447 Encoding ...
0.475 Attempting to solve formula with 56400 clauses (205176 literals) and 22 assumptions
0.487 Found a solution at layer 5.
==>
4341 drive truck_1 city_loc_1 city_loc_4
4362 drive truck_1 city_loc_4 city_loc_7
4393 drive truck_1 city_loc_7 city_loc_4
4395 drive truck_1 city_loc_4 city_loc_2
4398 pick_up truck_1 city_loc_2 package_6 capacity_2 capacity_3
4400 noop truck_1 city_loc_2
4464 drive truck_1 city_loc_2 city_loc_10
4469 drive truck_1 city_loc_10 city_loc_11
4472 drop truck_1 city_loc_11 package_6 capacity_2 capacity_3
4477 noop truck_1 city_loc_11
4533 pick_up truck_1 city_loc_11 package_2 capacity_2 capacity_3
4539 drive truck_1 city_loc_11 city_loc_10
4558 drive truck_1 city_loc_10 city_loc_2
4588 drive truck_1 city_loc_2 city_loc_9
4593 drive truck_1 city_loc_9 city_loc_10
4596 drop truck_1 city_loc_10 package_2 capacity_2 capacity_3
4600 drive truck_0 city_loc_11 city_loc_10
4621 drive truck_0 city_loc_10 city_loc_2
4651 drive truck_0 city_loc_2 city_loc_4
4654 drive truck_0 city_loc_4 city_loc_3
4657 pick_up truck_0 city_loc_3 package_5 capacity_2 capacity_3
4664 drive truck_0 city_loc_3 city_loc_4
4691 drive truck_0 city_loc_4 city_loc_0
4721 drive truck_0 city_loc_0 city_loc_8
4726 drive truck_0 city_loc_8 city_loc_5
4729 drop truck_0 city_loc_5 package_5 capacity_2 capacity_3
4737 drive truck_0 city_loc_5 city_loc_8
4754 drive truck_0 city_loc_8 city_loc_10
4784 drive truck_0 city_loc_10 city_loc_2
4787 drive truck_0 city_loc_2 city_loc_4
4790 pick_up truck_0 city_loc_4 package_7 capacity_2 capacity_3
4792 drive truck_0 city_loc_4 city_loc_7
4815 drive truck_0 city_loc_7 city_loc_4
4846 drive truck_0 city_loc_4 city_loc_2
4850 drive truck_0 city_loc_2 city_loc_10
4853 drop truck_0 city_loc_10 package_7 capacity_2 capacity_3
4862 noop truck_0 city_loc_10
4914 pick_up truck_0 city_loc_10 package_1 capacity_2 capacity_3
4921 drive truck_0 city_loc_10 city_loc_2
4981 drive truck_0 city_loc_2 city_loc_4
4985 drive truck_0 city_loc_4 city_loc_3
4988 drop truck_0 city_loc_3 package_1 capacity_2 capacity_3
4991 drive truck_0 city_loc_3 city_loc_4
5013 drive truck_0 city_loc_4 city_loc_2
5043 drive truck_0 city_loc_2 city_loc_10
5046 drive truck_0 city_loc_10 city_loc_2
5049 pick_up truck_0 city_loc_2 package_8 capacity_2 capacity_3
5051 drive truck_0 city_loc_2 city_loc_4
5085 drive truck_0 city_loc_4 city_loc_2
5115 drive truck_0 city_loc_2 city_loc_4
5120 drive truck_0 city_loc_4 city_loc_7
5123 drop truck_0 city_loc_7 package_8 capacity_2 capacity_3
5129 drive truck_0 city_loc_7 city_loc_4
5148 drive truck_0 city_loc_4 city_loc_0
5178 drive truck_0 city_loc_0 city_loc_8
5181 drive truck_0 city_loc_8 city_loc_0
5184 pick_up truck_0 city_loc_0 package_4 capacity_2 capacity_3
5186 noop truck_0 city_loc_0
5248 drive truck_0 city_loc_0 city_loc_8
5253 drive truck_0 city_loc_8 city_loc_5
5256 drop truck_0 city_loc_5 package_4 capacity_2 capacity_3
5259 drive truck_0 city_loc_5 city_loc_8
5311 drive truck_0 city_loc_8 city_loc_5
5314 drive truck_0 city_loc_5 city_loc_8
5317 pick_up truck_0 city_loc_8 package_0 capacity_2 capacity_3
5325 noop truck_0 city_loc_8
5384 drive truck_0 city_loc_8 city_loc_10
5389 drive truck_0 city_loc_10 city_loc_11
5392 drop truck_0 city_loc_11 package_0 capacity_2 capacity_3
5398 drive truck_0 city_loc_11 city_loc_10
5417 drive truck_0 city_loc_10 city_loc_2
5447 drive truck_0 city_loc_2 city_loc_9
5450 drive truck_0 city_loc_9 city_loc_10
5453 pick_up truck_0 city_loc_10 package_9 capacity_2 capacity_3
5457 drive truck_0 city_loc_10 city_loc_8
5527 drop truck_0 city_loc_8 package_9 capacity_2 capacity_3
5535 noop truck_0 city_loc_8
5552 drive truck_0 city_loc_8 city_loc_0
5582 drive truck_0 city_loc_0 city_loc_4
5585 drive truck_0 city_loc_4 city_loc_1
5588 pick_up truck_0 city_loc_1 package_10 capacity_2 capacity_3
5594 noop truck_0 city_loc_1
5644 drive truck_0 city_loc_1 city_loc_4
5649 drive truck_0 city_loc_4 city_loc_0
5652 drop truck_0 city_loc_0 package_10 capacity_2 capacity_3
5657 noop truck_1 city_loc_10
5677 drive truck_1 city_loc_10 city_loc_2
5707 drive truck_1 city_loc_2 city_loc_4
5711 drive truck_1 city_loc_4 city_loc_1
5713 pick_up truck_1 city_loc_1 package_3 capacity_2 capacity_3
5721 drive truck_1 city_loc_1 city_loc_4
5747 drive truck_1 city_loc_4 city_loc_0
5778 drive truck_1 city_loc_0 city_loc_8
5783 drive truck_1 city_loc_8 city_loc_5
5785 drop truck_1 city_loc_5 package_3 capacity_2 capacity_3
root 5 21 37 53 69 85 101 117 133 149 165
5 deliver package_6 city_loc_11 -> m_deliver_ordering_0 185 4397 312 4471
21 deliver package_2 city_loc_10 -> m_deliver_ordering_0 4476 4532 452 4595
37 deliver package_5 city_loc_5 -> m_deliver_ordering_0 527 4656 597 4728
53 deliver package_7 city_loc_10 -> m_deliver_ordering_0 667 4789 737 4852
69 deliver package_1 city_loc_3 -> m_deliver_ordering_0 4861 4913 882 4987
85 deliver package_8 city_loc_7 -> m_deliver_ordering_0 952 5048 1022 5122
101 deliver package_4 city_loc_5 -> m_deliver_ordering_0 1092 5183 1162 5255
117 deliver package_0 city_loc_11 -> m_deliver_ordering_0 1232 5316 1302 5391
133 deliver package_9 city_loc_8 -> m_deliver_ordering_0 1372 5452 5456 5526
149 deliver package_10 city_loc_0 -> m_deliver_ordering_0 1515 5587 1585 5651
165 deliver package_3 city_loc_5 -> m_deliver_ordering_0 1658 5712 1728 5784
185 get_to truck_1 city_loc_2 -> m_drive_to_via_ordering_0 1817 4395
312 get_to truck_1 city_loc_11 -> m_drive_to_via_ordering_0 1867 4469
452 get_to truck_1 city_loc_10 -> m_drive_to_via_ordering_0 1975 4593
527 get_to truck_0 city_loc_3 -> m_drive_to_via_ordering_0 2034 4654
597 get_to truck_0 city_loc_5 -> m_drive_to_via_ordering_0 2085 4726
667 get_to truck_0 city_loc_4 -> m_drive_to_via_ordering_0 2140 4787
737 get_to truck_0 city_loc_10 -> m_drive_to_via_ordering_0 2191 4850
882 get_to truck_0 city_loc_3 -> m_drive_to_via_ordering_0 2301 4985
952 get_to truck_0 city_loc_2 -> m_drive_to_via_ordering_0 2358 5046
1022 get_to truck_0 city_loc_7 -> m_drive_to_via_ordering_0 2409 5120
1092 get_to truck_0 city_loc_0 -> m_drive_to_via_ordering_0 2466 5181
1162 get_to truck_0 city_loc_5 -> m_drive_to_via_ordering_0 2517 5253
1232 get_to truck_0 city_loc_8 -> m_drive_to_via_ordering_0 2572 5314
1302 get_to truck_0 city_loc_11 -> m_drive_to_via_ordering_0 2623 5389
1372 get_to truck_0 city_loc_10 -> m_drive_to_via_ordering_0 2680 5450
1515 get_to truck_0 city_loc_1 -> m_drive_to_via_ordering_0 2790 5585
1585 get_to truck_0 city_loc_0 -> m_drive_to_via_ordering_0 2841 5649
1658 get_to truck_1 city_loc_1 -> m_drive_to_via_ordering_0 2901 5711
1728 get_to truck_1 city_loc_5 -> m_drive_to_via_ordering_0 2952 5783
1817 get_to truck_1 city_loc_4 -> m_drive_to_via_ordering_0 3011 4393
1867 get_to truck_1 city_loc_10 -> m_drive_to_via_ordering_0 4399 4464
1975 get_to truck_1 city_loc_9 -> m_drive_to_via_ordering_0 3186 4588
2034 get_to truck_0 city_loc_4 -> m_drive_to_via_ordering_0 3256 4651
2085 get_to truck_0 city_loc_8 -> m_drive_to_via_ordering_0 3312 4721
2140 get_to truck_0 city_loc_2 -> m_drive_to_via_ordering_0 3376 4784
2191 get_to truck_0 city_loc_2 -> m_drive_to_via_ordering_0 3432 4846
2301 get_to truck_0 city_loc_4 -> m_drive_to_via_ordering_0 4920 4981
2358 get_to truck_0 city_loc_10 -> m_drive_to_via_ordering_0 3620 5043
2409 get_to truck_0 city_loc_4 -> m_drive_to_via_ordering_0 3676 5115
2466 get_to truck_0 city_loc_8 -> m_drive_to_via_ordering_0 3738 5178
2517 get_to truck_0 city_loc_8 -> m_drive_to_via_ordering_0 5185 5248
2572 get_to truck_0 city_loc_5 -> m_drive_to_via_ordering_0 5258 5311
2623 get_to truck_0 city_loc_10 -> m_drive_to_via_ordering_0 5324 5384
2680 get_to truck_0 city_loc_9 -> m_drive_to_via_ordering_0 3978 5447
2790 get_to truck_0 city_loc_4 -> m_drive_to_via_ordering_0 4102 5582
2841 get_to truck_0 city_loc_4 -> m_drive_to_via_ordering_0 5593 5644
2901 get_to truck_1 city_loc_4 -> m_drive_to_via_ordering_0 4224 5707
2952 get_to truck_1 city_loc_8 -> m_drive_to_via_ordering_0 4280 5778
3011 get_to truck_1 city_loc_7 -> m_drive_to_via_ordering_0 4340 4362
3186 get_to truck_1 city_loc_2 -> m_drive_to_via_ordering_0 4538 4558
3256 get_to truck_0 city_loc_2 -> m_drive_to_via_ordering_0 4599 4621
3312 get_to truck_0 city_loc_0 -> m_drive_to_via_ordering_0 4663 4691
3376 get_to truck_0 city_loc_10 -> m_drive_to_via_ordering_0 4736 4754
3432 get_to truck_0 city_loc_4 -> m_drive_to_via_ordering_0 4791 4815
3620 get_to truck_0 city_loc_2 -> m_drive_to_via_ordering_0 4990 5013
3676 get_to truck_0 city_loc_2 -> m_drive_to_via_ordering_0 5050 5085
3738 get_to truck_0 city_loc_0 -> m_drive_to_via_ordering_0 5128 5148
3978 get_to truck_0 city_loc_2 -> m_drive_to_via_ordering_0 5397 5417
4102 get_to truck_0 city_loc_0 -> m_drive_to_via_ordering_0 5534 5552
4224 get_to truck_1 city_loc_2 -> m_drive_to_via_ordering_0 5656 5677
4280 get_to truck_1 city_loc_0 -> m_drive_to_via_ordering_0 5720 5747
4340 get_to truck_1 city_loc_4 -> m_drive_to_ordering_0 4341
4397 load truck_1 city_loc_2 package_6 -> m_load_ordering_0 4398
4399 get_to truck_1 city_loc_2 -> m_i_am_there_ordering_0 4400
4471 unload truck_1 city_loc_11 package_6 -> m_unload_ordering_0 4472
4476 get_to truck_1 city_loc_11 -> m_i_am_there_ordering_0 4477
4532 load truck_1 city_loc_11 package_2 -> m_load_ordering_0 4533
4538 get_to truck_1 city_loc_10 -> m_drive_to_ordering_0 4539
4595 unload truck_1 city_loc_10 package_2 -> m_unload_ordering_0 4596
4599 get_to truck_0 city_loc_10 -> m_drive_to_ordering_0 4600
4656 load truck_0 city_loc_3 package_5 -> m_load_ordering_0 4657
4663 get_to truck_0 city_loc_4 -> m_drive_to_ordering_0 4664
4728 unload truck_0 city_loc_5 package_5 -> m_unload_ordering_0 4729
4736 get_to truck_0 city_loc_8 -> m_drive_to_ordering_0 4737
4789 load truck_0 city_loc_4 package_7 -> m_load_ordering_0 4790
4791 get_to truck_0 city_loc_7 -> m_drive_to_ordering_0 4792
4852 unload truck_0 city_loc_10 package_7 -> m_unload_ordering_0 4853
4861 get_to truck_0 city_loc_10 -> m_i_am_there_ordering_0 4862
4913 load truck_0 city_loc_10 package_1 -> m_load_ordering_0 4914
4920 get_to truck_0 city_loc_2 -> m_drive_to_ordering_0 4921
4987 unload truck_0 city_loc_3 package_1 -> m_unload_ordering_0 4988
4990 get_to truck_0 city_loc_4 -> m_drive_to_ordering_0 4991
5048 load truck_0 city_loc_2 package_8 -> m_load_ordering_0 5049
5050 get_to truck_0 city_loc_4 -> m_drive_to_ordering_0 5051
5122 unload truck_0 city_loc_7 package_8 -> m_unload_ordering_0 5123
5128 get_to truck_0 city_loc_4 -> m_drive_to_ordering_0 5129
5183 load truck_0 city_loc_0 package_4 -> m_load_ordering_0 5184
5185 get_to truck_0 city_loc_0 -> m_i_am_there_ordering_0 5186
5255 unload truck_0 city_loc_5 package_4 -> m_unload_ordering_0 5256
5258 get_to truck_0 city_loc_8 -> m_drive_to_ordering_0 5259
5316 load truck_0 city_loc_8 package_0 -> m_load_ordering_0 5317
5324 get_to truck_0 city_loc_8 -> m_i_am_there_ordering_0 5325
5391 unload truck_0 city_loc_11 package_0 -> m_unload_ordering_0 5392
5397 get_to truck_0 city_loc_10 -> m_drive_to_ordering_0 5398
5452 load truck_0 city_loc_10 package_9 -> m_load_ordering_0 5453
5456 get_to truck_0 city_loc_8 -> m_drive_to_ordering_0 5457
5526 unload truck_0 city_loc_8 package_9 -> m_unload_ordering_0 5527
5534 get_to truck_0 city_loc_8 -> m_i_am_there_ordering_0 5535
5587 load truck_0 city_loc_1 package_10 -> m_load_ordering_0 5588
5593 get_to truck_0 city_loc_1 -> m_i_am_there_ordering_0 5594
5651 unload truck_0 city_loc_0 package_10 -> m_unload_ordering_0 5652
5656 get_to truck_1 city_loc_10 -> m_i_am_there_ordering_0 5657
5712 load truck_1 city_loc_1 package_3 -> m_load_ordering_0 5713
5720 get_to truck_1 city_loc_4 -> m_drive_to_ordering_0 5721
5784 unload truck_1 city_loc_5 package_3 -> m_unload_ordering_0 5785
<==
0.493 End of solution plan. (counted length of 95)
0.493 Total amount of clauses encoded: 56400
0.493 - indirectframeaxioms : 21187 cls
0.493 - directframeaxioms : 7876 cls
0.493 - qfactsemantics : 6889 cls
0.493 - actionconstraints : 6854 cls
0.493 - reductionconstraints : 4820 cls
0.493 - qconstequality : 2543 cls
0.493 - substitutionconstraints : 2343 cls
0.493 - atmostoneelement : 1600 cls
0.493 - expansions : 927 cls
0.493 - predecessors : 887 cls
0.493 - actioneffects : 396 cls
0.493 - truefacts : 76 cls
0.493 - axiomaticops : 2 cls
0.493 # instantiated positions: 325
0.493 # instantiated actions: 788
0.493 # instantiated reductions: 100
0.493 # introduced pseudo-constants: 188
0.493 # retroactive prunings: 0
0.493 # retroactively pruned operations: 0
0.493 # dominated operations: 9
0.493 # total invalid rigid preconditions found in getPFC: 0
0.493 # invalid rigid preconditions found in getPFC: 0
0.493 # invalid rigid preconditions found in getPFC in varrestrictions: 0
0.493 # total invalid fluent preconditions found in getPFC: 0
0.493 # invalid fluent preconditions found in getPFC: 0
0.493 # invalid fluent preconditions found in getPFC in varrestrictions: 0
0.493 # invalid fluent preconditions found in getPFC via postconditions: 0
0.493 # invalid operations found in getPFC via subtasks: 0
0.493 # invalid operations found in getPFC via postconditions: 0
0.493 # number effects in operation fact_frames: 112
0.493 # number of variables restricted: 4202
0.493 # number of nodes variables restricted: 4180
0.493 Exiting happily.

RUNWATCH_RESULT EXIT RETVAL 0 TIME_SECS 0.501953 MEMPEAK_KBS 680
