    _           _         _
   \ |         \ |       | |                       
   | |     __  | |      _| |______                
   | |     \/  | |     /_   ______\                
   | |      _  | |   __  | |  ___   ___   ___       
   | |___  | | | |  / .\ | | / , | |   \ / ·_\    
   \_____\ |_| |__\ \__/ |_| \___) |_|_| \___\  
[39mL i l o t a n e  version rls-glucose4
by Dominik Schreiber <dominik.schreiber@kit.edu> 2020-2021
using SAT solver glucose4

0.004 Parser finished.
0.004 Structures extracted.
0.004 8 operators and 6 methods created.
0.028 Mined 7 new reduction preconditions (+26.9%).
0.028 Iteration 0.
0.028 Creating initial layer of size 2
1.021 Attempting to solve formula with 3 clauses (3 literals) and 1 assumptions
1.021 Unsolvable at layer 0 -- expanding.
1.021 Iteration 1.
1.021 New layer size: 2
1.021 Instantiating ...
1.899 Collected 0 relevant facts at this layer
1.899 Encoding ...
1.899 Attempting to solve formula with 258 clauses (613 literals) and 1 assumptions
1.899 Unsolvable at layer 1 -- expanding.
1.899 Iteration 2.
1.899 New layer size: 4
1.899 Instantiating ...
2.879 Collected 67 relevant facts at this layer
2.879 Encoding ...
2.880 Attempting to solve formula with 1769 clauses (4602 literals) and 2 assumptions
2.880 Unsolvable at layer 2 -- expanding.
2.880 Iteration 3.
2.881 New layer size: 7
2.881 Instantiating ...
4.449 Collected 278 relevant facts at this layer
4.449 Encoding ...
4.453 Attempting to solve formula with 6078 clauses (16693 literals) and 3 assumptions
4.453 Unsolvable at layer 3 -- expanding.
4.453 Iteration 4.
4.453 New layer size: 11
4.453 Instantiating ...
6.143 Collected 278 relevant facts at this layer
6.143 Encoding ...
6.151 Attempting to solve formula with 13179 clauses (38624 literals) and 4 assumptions
6.151 Unsolvable at layer 4 -- expanding.
6.151 Iteration 5.
6.151 New layer size: 16
6.151 Instantiating ...
8.084 Collected 278 relevant facts at this layer
8.084 Encoding ...
8.096 Attempting to solve formula with 23025 clauses (69807 literals) and 5 assumptions
8.097 Unsolvable at layer 5 -- expanding.
8.097 Iteration 6.
8.097 New layer size: 22
8.097 Instantiating ...
10.276 Collected 278 relevant facts at this layer
10.276 Encoding ...
10.293 Attempting to solve formula with 35428 clauses (109340 literals) and 6 assumptions
10.294 Unsolvable at layer 6 -- expanding.
10.294 Iteration 7.
10.294 New layer size: 29
10.294 Instantiating ...
12.724 Collected 278 relevant facts at this layer
12.724 Encoding ...
12.746 Attempting to solve formula with 50405 clauses (157298 literals) and 7 assumptions
12.754 Unsolvable at layer 7 -- expanding.
12.754 Iteration 8.
12.754 New layer size: 37
12.754 Instantiating ...
15.438 Collected 278 relevant facts at this layer
15.438 Encoding ...
15.468 Attempting to solve formula with 67951 clauses (213667 literals) and 8 assumptions
15.477 Unsolvable at layer 8 -- expanding.
15.477 Iteration 9.
15.477 New layer size: 46
15.477 Instantiating ...
18.439 Collected 278 relevant facts at this layer
18.439 Encoding ...
18.482 Attempting to solve formula with 88021 clauses (278249 literals) and 9 assumptions
c last restart ## conflicts  :  19 1068 
18.505 Found a solution at layer 9.
==>
7249 move-long viper px1y0 px2y0 px2y1 px2y2
7254 move-long viper px0y0 px1y0 px2y0 px2y1
7258 move-long viper px0y1 px0y0 px1y0 px2y0
7262 move-long viper px1y1 px0y1 px0y0 px1y0
7435 strike viper px1y1 px1y2
7438 move-long viper px2y2 px1y2 px0y1 px0y0
7443 move-long viper px2y1 px2y2 px1y1 px0y1
7445 move-long viper px2y0 px2y1 px1y2 px1y1
7449 move-long viper px1y0 px2y0 px2y2 px1y2
7453 move-long viper px0y0 px1y0 px2y1 px2y2
7458 move-long viper px0y1 px0y0 px2y0 px2y1
7620 strike viper px0y1 px0y2
7624 move-long viper px1y2 px0y2 px1y0 px2y0
7629 move-long viper px1y1 px1y2 px0y0 px1y0
7633 move-long viper px2y1 px1y1 px0y1 px0y0
7635 move-long viper px2y2 px2y1 px0y2 px0y1
7803 strike viper px2y2 px3y2
7980 strike viper px3y2 px4y2
8155 strike viper px4y2 px4y1
8325 strike viper px4y1 px3y1
8490 strike viper px3y1 px3y0
8548 strike viper px3y0 px4y0
root 5
5 hunt -> hunt_all 39 7435 216
39 move viper px2y0 px1y1 -> move-long-snake 7249 623
216 hunt -> hunt_all 911 7620 1239
623 move viper px1y0 px1y1 -> move-long-snake 7254 1583
911 move viper px1y2 px0y1 -> move-long-snake 7438 1722
1239 hunt -> hunt_all 1885 7803 2214
1583 move viper px0y0 px1y1 -> move-long-snake 7258 2352
1722 move viper px2y2 px0y1 -> move-long-snake 7443 2503
1885 move viper px0y2 px2y2 -> move-long-snake 7624 2670
2214 hunt -> hunt_all 2831 7980 3161
2352 move viper px0y1 px1y1 -> move-long-snake 7262 3302
2503 move viper px2y1 px0y1 -> move-long-snake 7445 3466
2670 move viper px1y2 px2y2 -> move-long-snake 7629 3637
2831 move viper px3y2 px3y2 -> move-base
3161 hunt -> hunt_all 3965 8155 4294
3302 move viper px1y1 px1y1 -> move-base
3466 move viper px2y0 px0y1 -> move-long-snake 7449 4615
3637 move viper px1y1 px2y2 -> move-long-snake 7633 4789
3965 move viper px4y2 px4y2 -> move-base
4294 hunt -> hunt_all 5288 8325 5616
4615 move viper px1y0 px0y1 -> move-long-snake 7453 5948
4789 move viper px2y1 px2y2 -> move-long-snake 7635 6125
5288 move viper px4y1 px4y1 -> move-base
5616 hunt -> hunt_all 6797 8490 7125
5948 move viper px0y0 px0y1 -> move-long-snake 7458 7463
6125 move viper px2y2 px2y2 -> move-base
6797 move viper px3y1 px3y1 -> move-base
7125 hunt -> hunt_all 8496 8548 8825
7463 move viper px0y1 px0y1 -> move-base
8496 move viper px3y0 px3y0 -> move-base
8825 hunt -> hunt_done
<==
18.508 End of solution plan. (counted length of 22)
18.508 Total amount of clauses encoded: 88021
18.508 - directframeaxioms : 28844 cls
18.508 - reductionconstraints : 18321 cls
18.508 - qfactsemantics : 14399 cls
18.508 - indirectframeaxioms : 10156 cls
18.508 - substitutionconstraints : 7053 cls
18.508 - qconstequality : 6570 cls
18.508 - atmostoneelement : 604 cls
18.508 - expansions : 534 cls
18.508 - predecessors : 517 cls
18.508 - actioneffects : 446 cls
18.508 - actionconstraints : 297 cls
18.508 - truefacts : 278 cls
18.508 - axiomaticops : 2 cls
18.508 # instantiated positions: 175
18.508 # instantiated actions: 393
18.508 # instantiated reductions: 125
18.508 # introduced pseudo-constants: 134
18.508 # retroactive prunings: 0
18.508 # retroactively pruned operations: 0
18.508 # dominated operations: 0
18.508 # total invalid rigid preconditions found in getPFC: 0
18.508 # invalid rigid preconditions found in getPFC: 0
18.508 # invalid rigid preconditions found in getPFC in varrestrictions: 0
18.508 # total invalid fluent preconditions found in getPFC: 2
18.508 # invalid fluent preconditions found in getPFC: 2
18.508 # invalid fluent preconditions found in getPFC in varrestrictions: 0
18.508 # invalid fluent preconditions found in getPFC via postconditions: 0
18.508 # invalid subtasks found in getPFC: 0
18.508 # number effects in operation fact_frames: 106
18.508 Exiting happily.

RUNWATCH_RESULT EXIT RETVAL 0 TIME_SECS 18.5186 MEMPEAK_KBS 38228
