    _           _         _
   \ |         \ |       | |                       
   | |     __  | |      _| |______                
   | |     \/  | |     /_   ______\                
   | |      _  | |   __  | |  ___   ___   ___       
   | |___  | | | |  / .\ | | / , | |   \ / ·_\    
   \_____\ |_| |__\ \__/ |_| \___) |_|_| \___\  
[39mL i l o t a n e  version rls-glucose4
by Dominik Schreiber <dominik.schreiber@kit.edu> 2020-2021
using SAT solver glucose4

0.004 Parser finished.
0.004 Structures extracted.
0.005 19 operators and 12 methods created.
0.046 Mined 0 new reduction preconditions (+0.0%).
0.046 Iteration 0.
0.046 Creating initial layer of size 2
0.052 Attempting to solve formula with 3 clauses (3 literals) and 1 assumptions
0.052 Unsolvable at layer 0 -- expanding.
0.052 Iteration 1.
0.052 New layer size: 2
0.052 Instantiating ...
0.058 Collected 0 relevant facts at this layer
0.058 Encoding ...
0.058 Attempting to solve formula with 8 clauses (12 literals) and 1 assumptions
0.058 Unsolvable at layer 1 -- expanding.
0.058 Iteration 2.
0.058 New layer size: 3
0.058 Instantiating ...
0.083 Collected 4 relevant facts at this layer
0.083 Encoding ...
0.083 Attempting to solve formula with 33 clauses (61 literals) and 1 assumptions
0.083 Unsolvable at layer 2 -- expanding.
0.083 Iteration 3.
0.083 New layer size: 5
0.083 Instantiating ...
0.144 Collected 43 relevant facts at this layer
0.144 Encoding ...
0.145 Attempting to solve formula with 346 clauses (838 literals) and 3 assumptions
0.145 Unsolvable at layer 3 -- expanding.
0.145 Iteration 4.
0.145 New layer size: 9
0.145 Instantiating ...
0.226 Collected 74 relevant facts at this layer
0.226 Encoding ...
0.227 Attempting to solve formula with 1121 clauses (3096 literals) and 4 assumptions
0.227 Unsolvable at layer 4 -- expanding.
0.227 Iteration 5.
0.227 New layer size: 14
0.227 Instantiating ...
0.359 Collected 103 relevant facts at this layer
0.359 Encoding ...
0.362 Attempting to solve formula with 2862 clauses (8317 literals) and 6 assumptions
0.362 Unsolvable at layer 5 -- expanding.
0.362 Iteration 6.
0.362 New layer size: 25
0.362 Instantiating ...
0.565 Collected 125 relevant facts at this layer
0.565 Encoding ...
0.570 Attempting to solve formula with 6814 clauses (20179 literals) and 11 assumptions
0.570 Unsolvable at layer 6 -- expanding.
0.570 Iteration 7.
0.570 New layer size: 43
0.570 Instantiating ...
0.982 Collected 133 relevant facts at this layer
0.982 Encoding ...
0.992 Attempting to solve formula with 14382 clauses (42063 literals) and 21 assumptions
0.992 Unsolvable at layer 7 -- expanding.
0.992 Iteration 8.
0.992 New layer size: 77
0.992 Instantiating ...
1.725 Collected 137 relevant facts at this layer
1.725 Encoding ...
1.743 Attempting to solve formula with 28355 clauses (82642 literals) and 36 assumptions
1.743 Unsolvable at layer 8 -- expanding.
1.743 Iteration 9.
1.743 New layer size: 134
1.743 Instantiating ...
3.082 Collected 139 relevant facts at this layer
3.082 Encoding ...
3.116 Attempting to solve formula with 52351 clauses (152900 literals) and 63 assumptions
3.117 Unsolvable at layer 9 -- expanding.
3.117 Iteration 10.
3.117 New layer size: 234
3.117 Instantiating ...
5.347 Collected 139 relevant facts at this layer
5.347 Encoding ...
5.407 Attempting to solve formula with 96126 clauses (281433 literals) and 106 assumptions
5.407 Unsolvable at layer 10 -- expanding.
5.407 Iteration 11.
5.407 New layer size: 403
5.407 Instantiating ...
9.348 Collected 139 relevant facts at this layer
9.348 Encoding ...
9.474 Attempting to solve formula with 171746 clauses (503485 literals) and 186 assumptions
9.489 Unsolvable at layer 11 -- expanding.
9.489 Iteration 12.
9.489 New layer size: 702
9.489 Instantiating ...
16.224 Collected 139 relevant facts at this layer
16.224 Encoding ...
16.460 Attempting to solve formula with 303853 clauses (891202 literals) and 322 assumptions
16.488 Unsolvable at layer 12 -- expanding.
16.488 Iteration 13.
16.488 New layer size: 1217
16.488 Instantiating ...
28.353 Collected 139 relevant facts at this layer
28.353 Encoding ...
28.799 Attempting to solve formula with 532212 clauses (1562022 literals) and 562 assumptions
28.800 Unsolvable at layer 13 -- expanding.
28.800 Iteration 14.
28.802 New layer size: 2121
28.802 Instantiating ...
49.353 Collected 139 relevant facts at this layer
49.353 Encoding ...
50.023 Attempting to solve formula with 932002 clauses (2737153 literals) and 975 assumptions
50.024 Unsolvable at layer 14 -- expanding.
50.024 Iteration 15.
50.028 New layer size: 3678
50.028 Instantiating ...
85.796 Collected 139 relevant facts at this layer
85.796 Encoding ...
86.976 Attempting to solve formula with 1623548 clauses (4771016 literals) and 1688 assumptions
87.064 Unsolvable at layer 15 -- expanding.
87.064 Iteration 16.
87.071 New layer size: 6381
87.071 Instantiating ...
149.125 Collected 139 relevant facts at this layer
149.125 Encoding ...
151.069 Attempting to solve formula with 2825839 clauses (8309237 literals) and 2926 assumptions
154.866 Unsolvable at layer 16 -- expanding.
154.866 Iteration 17.
154.878 New layer size: 11059
154.878 Instantiating ...
262.083 Collected 139 relevant facts at this layer
262.083 Encoding ...
265.685 Attempting to solve formula with 4908375 clauses (14437034 literals) and 5069 assumptions
267.456 Unsolvable at layer 17 -- expanding.
267.456 Iteration 18.
267.475 New layer size: 19177
267.475 Instantiating ...
455.157 Collected 139 relevant facts at this layer
455.157 Encoding ...
461.936 Attempting to solve formula with 8521893 clauses (25071054 literals) and 8788 assumptions
471.297 Unsolvable at layer 18 -- expanding.
471.297 Iteration 19.
471.332 New layer size: 33247
471.332 Instantiating ...
798.315 Collected 139 relevant facts at this layer
798.315 Encoding ...
811.063 Attempting to solve formula with 14785242 clauses (43501346 literals) and 15239 assumptions
815.355 Unsolvable at layer 19 -- expanding.
815.355 Iteration 20.
815.414 New layer size: 57651
815.414 Instantiating ...
1376.825 Collected 139 relevant facts at this layer
1376.825 Encoding ...
1401.521 Attempting to solve formula with 25647110 clauses (75462765 literals) and 26421 assumptions
1801.875 Termination signal caught.
1801.875 Total amount of clauses encoded: 25647110
1801.875 - directframeaxioms : 14582780 cls
1801.875 - indirectframeaxioms : 3263527 cls
1801.875 - qfactsemantics : 2909277 cls
1801.875 - reductionconstraints : 1795962 cls
1801.875 - atmostoneelement : 626561 cls
1801.875 - substitutionconstraints : 568894 cls
1801.875 - actionconstraints : 543417 cls
1801.875 - expansions : 491859 cls
1801.875 - predecessors : 423953 cls
1801.875 - qconstequality : 337405 cls
1801.875 - actioneffects : 103334 cls
1801.875 - truefacts : 139 cls
1801.875 - axiomaticops : 2 cls
1801.875 # instantiated positions: 136183
1801.875 # instantiated actions: 281478
1801.875 # instantiated reductions: 142477
1801.875 # introduced pseudo-constants: 123582
1801.875 # retroactive prunings: 0
1801.875 # retroactively pruned operations: 0
1801.875 # dominated operations: 906
1801.875 # total invalid rigid preconditions found in getPFC: 100763
1801.875 # invalid rigid preconditions found in getPFC: 58355
1801.875 # invalid rigid preconditions found in getPFC in varrestrictions: 42408
1801.875 # total invalid fluent preconditions found in getPFC: 172
1801.875 # invalid fluent preconditions found in getPFC: 169
1801.875 # invalid fluent preconditions found in getPFC in varrestrictions: 0
1801.875 # invalid fluent preconditions found in getPFC via postconditions: 3
1801.875 # invalid subtasks found in getPFC: 0
1801.875 # number effects in operation fact_frames: 138
1801.875 Exiting happily.

RUNWATCH_RESULT TIMEOUT RETVAL 0 TIME_SECS 1802.55 MEMPEAK_KBS 8997908
