    _           _         _
   \ |         \ |       | |                       
   | |     __  | |      _| |______                
   | |     \/  | |     /_   ______\                
   | |      _  | |   __  | |  ___   ___   ___       
   | |___  | | | |  / .\ | | / , | |   \ / ·_\    
   \_____\ |_| |__\ \__/ |_| \___) |_|_| \___\  
[39mL i l o t a n e  version rls-glucose4
by Dominik Schreiber <dominik.schreiber@kit.edu> 2020-2021
using SAT solver glucose4

0.974 Parser finished.
0.974 Structures extracted.
0.975 25 operators and 25 methods created.
1.054 Mined 5 new reduction preconditions (+10.2%).
1.054 Iteration 0.
1.054 Creating initial layer of size 2
1.065 Attempting to solve formula with 3 clauses (3 literals) and 1 assumptions
1.065 Unsolvable at layer 0 -- expanding.
1.065 Iteration 1.
1.065 New layer size: 2
1.065 Instantiating ...
1.085 Collected 0 relevant facts at this layer
1.085 Encoding ...
1.086 Attempting to solve formula with 8 clauses (12 literals) and 1 assumptions
1.086 Unsolvable at layer 1 -- expanding.
1.086 Iteration 2.
1.086 New layer size: 7
1.086 Instantiating ...
1.147 Collected 0 relevant facts at this layer
1.147 Encoding ...
1.149 Attempting to solve formula with 28 clauses (46 literals) and 6 assumptions
1.149 Unsolvable at layer 2 -- expanding.
1.149 Iteration 3.
1.149 New layer size: 13
1.149 Instantiating ...
1.290 Collected 256 relevant facts at this layer
1.290 Encoding ...
1.299 Attempting to solve formula with 11123 clauses (31754 literals) and 12 assumptions
1.299 Unsolvable at layer 3 -- expanding.
1.299 Iteration 4.
1.299 New layer size: 25
1.299 Instantiating ...
1.758 Collected 266 relevant facts at this layer
1.758 Encoding ...
1.792 Attempting to solve formula with 86163 clauses (247777 literals) and 22 assumptions
1.793 Unsolvable at layer 4 -- expanding.
1.793 Iteration 5.
1.793 New layer size: 45
1.793 Instantiating ...
3.022 Collected 485 relevant facts at this layer
3.022 Encoding ...
3.213 Attempting to solve formula with 415233 clauses (1206127 literals) and 42 assumptions
3.214 Unsolvable at layer 5 -- expanding.
3.214 Iteration 6.
3.214 New layer size: 87
3.214 Instantiating ...
7.148 Collected 499 relevant facts at this layer
7.148 Encoding ...
7.771 Attempting to solve formula with 1435173 clauses (4218231 literals) and 84 assumptions
7.772 Unsolvable at layer 6 -- expanding.
7.772 Iteration 7.
7.772 New layer size: 166
7.772 Instantiating ...
20.647 Collected 518 relevant facts at this layer
20.647 Encoding ...
22.477 Attempting to solve formula with 4331778 clauses (12943349 literals) and 163 assumptions
22.479 Unsolvable at layer 7 -- expanding.
22.479 Iteration 8.
22.479 New layer size: 329
22.479 Instantiating ...
29.706 Retroactively prune action (removeblock l-1-2-4 stone)@(7,31): no children at offset 0
29.706 Retroactively prune action (__REPEATED_removeblock l-1-1-4 stone)@(7,31): no children at offset 0
29.831 Retroactively prune reduction (place-block-abstract-3 l-1-3-4 stone stone Q_7,31_location:0_5b16449a5ded56be)@(7,31): no children at offset 0
34.244 Retroactively prune action (removeblock l-2-1-4 stone)@(7,47): no children at offset 0
34.327 Retroactively prune reduction (place-block-abstract-3 l-2-2-4 stone stone Q_7,47_location:0_5b16449a5ded56be)@(7,47): no children at offset 0
35.957 Retroactively prune reduction (place-block-abstract-3 l-3-1-4 stone stone Q_7,55_location:0_5b16449a5ded56be)@(7,55): no children at offset 0
36.512 Retroactively prune action (__REPEATED_removeblock l-1-4-3 stone)@(7,62): no children at offset 0
36.512 Retroactively prune action (removeblock l-1-4-2 stone)@(7,62): no children at offset 0
36.637 Retroactively prune reduction (place-block-abstract-3 l-1-4-1 stone stone Q_7,62_location:0_5b16449a5ded56be)@(7,62): no children at offset 0
41.043 Retroactively prune action (removeblock l-2-4-3 stone)@(7,78): no children at offset 0
41.127 Retroactively prune reduction (place-block-abstract-3 l-2-4-2 stone stone Q_7,78_location:0_5b16449a5ded56be)@(7,78): no children at offset 0
42.753 Retroactively prune reduction (place-block-abstract-3 l-3-4-3 stone stone Q_7,86_location:0_5b16449a5ded56be)@(7,86): no children at offset 0
43.301 Retroactively prune action (__REPEATED_removeblock l-1-3-0 stone)@(7,93): no children at offset 0
43.301 Retroactively prune action (removeblock l-1-2-0 stone)@(7,93): no children at offset 0
43.425 Retroactively prune reduction (place-block-abstract-3 l-1-1-0 stone stone Q_7,93_location:0_5b16449a5ded56be)@(7,93): no children at offset 0
47.823 Retroactively prune action (removeblock l-2-3-0 stone)@(7,109): no children at offset 0
47.907 Retroactively prune reduction (place-block-abstract-3 l-2-2-0 stone stone Q_7,109_location:0_5b16449a5ded56be)@(7,109): no children at offset 0
49.534 Retroactively prune reduction (place-block-abstract-3 l-3-3-0 stone stone Q_7,117_location:0_5b16449a5ded56be)@(7,117): no children at offset 0
51.900 Retroactively prune action (removeblock l-6-0-2 stone)@(7,134): no children at offset 0
51.901 Retroactively prune action (__REPEATED_removeblock l-6-0-0 stone)@(7,134): no children at offset 0
51.901 Retroactively prune action (__REPEATED_removeblock l-6-0-1 stone)@(7,134): no children at offset 0
52.025 Retroactively prune reduction (place-block-abstract-3 l-6-0-3 stone stone Q_7,134_location:0_5b16449a5ded56be)@(7,134): no children at offset 0
56.422 Retroactively prune action (__REPEATED_removeblock l-6-1-0 stone)@(7,150): no children at offset 0
56.422 Retroactively prune action (removeblock l-6-1-1 stone)@(7,150): no children at offset 0
56.505 Retroactively prune reduction (place-block-abstract-3 l-6-1-2 stone stone Q_7,150_location:0_5b16449a5ded56be)@(7,150): no children at offset 0
58.083 Retroactively prune action (removeblock l-6-2-0 stone)@(7,158): no children at offset 0
58.125 Retroactively prune reduction (place-block-abstract-3 l-6-2-1 stone stone Q_7,158_location:0_5b16449a5ded56be)@(7,158): no children at offset 0
58.536 Retroactively prune reduction (place-block-abstract-3 l-6-3-0 stone stone Q_7,162_location:0_5b16449a5ded56be)@(7,162): no children at offset 0
58.672 Collected 539 relevant facts at this layer
58.672 Encoding ...
63.101 Attempting to solve formula with 11376145 clauses (34667748 literals) and 326 assumptions
63.108 Unsolvable at layer 8 -- expanding.
63.108 Iteration 9.
63.108 New layer size: 655
63.108 Instantiating ...
160.169 Collected 555 relevant facts at this layer
160.169 Encoding ...
171.801 Attempting to solve formula with 27097248 clauses (84457244 literals) and 652 assumptions
171.814 Unsolvable at layer 9 -- expanding.
171.814 Iteration 10.
171.814 New layer size: 1257
171.814 Instantiating ...
413.742 Collected 566 relevant facts at this layer
413.742 Encoding ...
442.830 Attempting to solve formula with 61556384 clauses (195894224 literals) and 1254 assumptions
442.851 Unsolvable at layer 10 -- expanding.
442.851 Iteration 11.
442.852 New layer size: 2381
442.852 Instantiating ...
993.814 Collected 572 relevant facts at this layer
993.814 Encoding ...
1067.025 Attempting to solve formula with 134774350 clauses (436083244 literals) and 2378 assumptions
1067.125 Unsolvable at layer 11 -- expanding.
1067.125 Iteration 12.
1067.129 New layer size: 4549
1067.129 Instantiating ...
1555.032 Termination signal caught.
1555.032 Total amount of clauses encoded: 134774350
1555.032 - reductionconstraints : 69246917 cls
1555.032 - actionconstraints : 25860752 cls
1555.032 - substitutionconstraints : 21889438 cls
1555.032 - indirectframeaxioms : 6121606 cls
1555.032 - qfactsemantics : 4218114 cls
1555.032 - qconstequality : 4056486 cls
1555.032 - directframeaxioms : 2566832 cls
1555.032 - atmostoneelement : 634090 cls
1555.032 - expansions : 72115 cls
1555.032 - predecessors : 71469 cls
1555.032 - actioneffects : 35885 cls
1555.032 - truefacts : 572 cls
1555.032 - forbiddenoperations : 72 cls
1555.032 - axiomaticops : 2 cls
1555.032 # instantiated positions: 6746
1555.032 # instantiated actions: 57181
1555.032 # instantiated reductions: 40110
1555.032 # introduced pseudo-constants: 16314
1555.032 # retroactive prunings: 28
1555.032 # retroactively pruned operations: 72
1555.032 # dominated operations: 9
1555.032 # total invalid rigid preconditions found in getPFC: 3595
1555.032 # invalid rigid preconditions found in getPFC: 2635
1555.032 # invalid rigid preconditions found in getPFC in varrestrictions: 960
1555.032 # total invalid fluent preconditions found in getPFC: 2156
1555.032 # invalid fluent preconditions found in getPFC: 1078
1555.032 # invalid fluent preconditions found in getPFC in varrestrictions: 1078
1555.032 # invalid fluent preconditions found in getPFC via postconditions: 0
1555.032 # invalid subtasks found in getPFC: 0
1555.032 # number effects in operation fact_frames: 175
1555.032 # number of variables restricted: 3952070
1555.032 Exiting happily.

RUNWATCH_RESULT MEMOUT RETVAL 0 TIME_SECS 1556.21 MEMPEAK_KBS 16005044
