    _           _         _
   \ |         \ |       | |                       
   | |     __  | |      _| |______                
   | |     \/  | |     /_   ______\                
   | |      _  | |   __  | |  ___   ___   ___       
   | |___  | | | |  / .\ | | / , | |   \ / ·_\    
   \_____\ |_| |__\ \__/ |_| \___) |_|_| \___\  
[39mL i l o t a n e  version rls-glucose4
by Dominik Schreiber <dominik.schreiber@kit.edu> 2020-2021
using SAT solver glucose4

0.008 Parser finished.
0.008 Structures extracted.
0.009 28 operators and 21 methods created.
0.019 Mined 76 new reduction preconditions (+262.1%).
0.019 Iteration 0.
0.019 Creating initial layer of size 2
0.029 Attempting to solve formula with 5 clauses (6 literals) and 1 assumptions
0.029 Unsolvable at layer 0 -- expanding.
0.029 Iteration 1.
0.029 New layer size: 2
0.029 Instantiating ...
0.067 Collected 1 relevant facts at this layer
0.067 Encoding ...
0.067 Attempting to solve formula with 10 clauses (15 literals) and 1 assumptions
0.067 Unsolvable at layer 1 -- expanding.
0.067 Iteration 2.
0.067 New layer size: 3
0.067 Instantiating ...
0.079 Collected 1 relevant facts at this layer
0.079 Encoding ...
0.080 Attempting to solve formula with 405 clauses (843 literals) and 2 assumptions
0.080 Unsolvable at layer 2 -- expanding.
0.080 Iteration 3.
0.080 New layer size: 4
0.080 Instantiating ...
0.083 Retroactively prune action (__SURROGATE*c2*connect_2* Q_2,0_Port:0_851e3d13c276e7f6 Q_2,0_Port:1_851e3d13c276e7f6 Q_3,0_PlugType:0_4468412b99fcb8bb female in male out) due to impossible effect (isOccupied Q_2,0_Port:0_851e3d13c276e7f6)
0.085 Retroactively prune action (__SURROGATE*c5*connect_5* Q_2,0_Port:0_851e3d13c276e7f6 Q_2,0_Port:1_851e3d13c276e7f6 Q_3,0_PlugType:0_4468412b99fcb8bb female in male out) due to impossible effect (isOccupied Q_2,0_Port:1_851e3d13c276e7f6)
0.085 Retroactively prune action (__SURROGATE*c1*connect_1* Q_2,0_Port:0_851e3d13c276e7f6 Q_2,0_Port:1_851e3d13c276e7f6 Q_3,0_PlugType:0_4468412b99fcb8bb female in male out) due to impossible effect (isOccupied Q_2,0_Port:0_851e3d13c276e7f6)
0.086 Retroactively prune action (__SURROGATE*c6*connect_6* Q_2,0_Port:0_851e3d13c276e7f6 Q_2,0_Port:1_851e3d13c276e7f6 Q_3,0_PlugType:0_4468412b99fcb8bb female in male out) due to impossible effect (isOccupied Q_2,0_Port:1_851e3d13c276e7f6)
0.108 Collected 422 relevant facts at this layer
0.108 Encoding ...
0.117 Attempting to solve formula with 8116 clauses (26874 literals) and 2 assumptions
0.117 Unsolvable at layer 3 -- expanding.
0.117 Iteration 4.
0.117 New layer size: 5
0.117 Instantiating ...
0.125 Retroactively prune action (__SURROGATE*c6*connect_6* Q_3,1_Port:0_851e3d13c276e7f6 Q_3,1_Port:1_851e3d13c276e7f6 Q_4,1_PlugType:0_4468412b99fcb8bb female in male out) due to impossible effect (isOccupied Q_3,1_Port:1_851e3d13c276e7f6)
0.125 Retroactively prune action (__SURROGATE*c5*connect_5* Q_3,1_Port:0_851e3d13c276e7f6 Q_3,1_Port:1_851e3d13c276e7f6 Q_4,1_PlugType:0_4468412b99fcb8bb female in male out) due to impossible effect (isOccupied Q_3,1_Port:1_851e3d13c276e7f6)
0.125 Retroactively prune action (__SURROGATE*c2*connect_2* Q_3,1_Port:0_851e3d13c276e7f6 Q_3,1_Port:1_851e3d13c276e7f6 Q_4,1_PlugType:0_4468412b99fcb8bb female in male out) due to impossible effect (isOccupied Q_3,1_Port:0_851e3d13c276e7f6)
0.125 Retroactively prune action (__SURROGATE*c1*connect_1* Q_3,1_Port:0_851e3d13c276e7f6 Q_3,1_Port:1_851e3d13c276e7f6 Q_4,1_PlugType:0_4468412b99fcb8bb female in male out) due to impossible effect (isOccupied Q_3,1_Port:0_851e3d13c276e7f6)
0.154 Collected 422 relevant facts at this layer
0.154 Encoding ...
0.167 Attempting to solve formula with 19317 clauses (66533 literals) and 2 assumptions
0.168 Unsolvable at layer 4 -- expanding.
0.168 Iteration 5.
0.168 New layer size: 6
0.168 Instantiating ...
0.181 Retroactively prune action (__SURROGATE*c5*connect_5* Q_4,2_Port:0_851e3d13c276e7f6 Q_4,2_Port:1_851e3d13c276e7f6 Q_5,2_PlugType:0_4468412b99fcb8bb female in male out) due to impossible effect (isOccupied Q_4,2_Port:1_851e3d13c276e7f6)
0.182 Retroactively prune action (__SURROGATE*c6*connect_6* Q_4,2_Port:0_851e3d13c276e7f6 Q_4,2_Port:1_851e3d13c276e7f6 Q_5,2_PlugType:0_4468412b99fcb8bb female in male out) due to impossible effect (isOccupied Q_4,2_Port:1_851e3d13c276e7f6)
0.182 Retroactively prune action (__SURROGATE*c1*connect_1* Q_4,2_Port:0_851e3d13c276e7f6 Q_4,2_Port:1_851e3d13c276e7f6 Q_5,2_PlugType:0_4468412b99fcb8bb female in male out) due to impossible effect (isOccupied Q_4,2_Port:0_851e3d13c276e7f6)
0.183 Retroactively prune action (__SURROGATE*c2*connect_2* Q_4,2_Port:0_851e3d13c276e7f6 Q_4,2_Port:1_851e3d13c276e7f6 Q_5,2_PlugType:0_4468412b99fcb8bb female in male out) due to impossible effect (isOccupied Q_4,2_Port:0_851e3d13c276e7f6)
0.214 Collected 422 relevant facts at this layer
0.214 Encoding ...
0.231 Attempting to solve formula with 31829 clauses (111466 literals) and 3 assumptions
0.231 Unsolvable at layer 5 -- expanding.
0.231 Iteration 6.
0.231 New layer size: 7
0.231 Instantiating ...
0.251 Retroactively prune action (__SURROGATE*c6*connect_6* Q_5,3_Port:0_851e3d13c276e7f6 Q_5,3_Port:1_851e3d13c276e7f6 Q_6,3_PlugType:0_4468412b99fcb8bb female in male out) due to impossible effect (isOccupied Q_5,3_Port:1_851e3d13c276e7f6)
0.251 Retroactively prune action (__SURROGATE*c5*connect_5* Q_5,3_Port:0_851e3d13c276e7f6 Q_5,3_Port:1_851e3d13c276e7f6 Q_6,3_PlugType:0_4468412b99fcb8bb female in male out) due to impossible effect (isOccupied Q_5,3_Port:1_851e3d13c276e7f6)
0.253 Retroactively prune action (__SURROGATE*c1*connect_1* Q_5,3_Port:0_851e3d13c276e7f6 Q_5,3_Port:1_851e3d13c276e7f6 Q_6,3_PlugType:0_4468412b99fcb8bb female in male out) due to impossible effect (isOccupied Q_5,3_Port:0_851e3d13c276e7f6)
0.254 Retroactively prune action (__SURROGATE*c2*connect_2* Q_5,3_Port:0_851e3d13c276e7f6 Q_5,3_Port:1_851e3d13c276e7f6 Q_6,3_PlugType:0_4468412b99fcb8bb female in male out) due to impossible effect (isOccupied Q_5,3_Port:0_851e3d13c276e7f6)
0.285 Collected 422 relevant facts at this layer
0.285 Encoding ...
0.309 Attempting to solve formula with 49132 clauses (175641 literals) and 4 assumptions
0.313 Unsolvable at layer 6 -- expanding.
0.313 Iteration 7.
0.313 New layer size: 8
0.313 Instantiating ...
0.340 Retroactively prune action (__SURROGATE*c6*connect_6* Q_6,4_Port:0_851e3d13c276e7f6 Q_6,4_Port:1_851e3d13c276e7f6 Q_7,4_PlugType:0_4468412b99fcb8bb female in male out) due to impossible effect (isOccupied Q_6,4_Port:1_851e3d13c276e7f6)
0.341 Retroactively prune action (__SURROGATE*c5*connect_5* Q_6,4_Port:0_851e3d13c276e7f6 Q_6,4_Port:1_851e3d13c276e7f6 Q_7,4_PlugType:0_4468412b99fcb8bb female in male out) due to impossible effect (isOccupied Q_6,4_Port:1_851e3d13c276e7f6)
0.342 Retroactively prune action (__SURROGATE*c2*connect_2* Q_6,4_Port:0_851e3d13c276e7f6 Q_6,4_Port:1_851e3d13c276e7f6 Q_7,4_PlugType:0_4468412b99fcb8bb female in male out) due to impossible effect (isOccupied Q_6,4_Port:0_851e3d13c276e7f6)
0.343 Retroactively prune action (__SURROGATE*c1*connect_1* Q_6,4_Port:0_851e3d13c276e7f6 Q_6,4_Port:1_851e3d13c276e7f6 Q_7,4_PlugType:0_4468412b99fcb8bb female in male out) due to impossible effect (isOccupied Q_6,4_Port:0_851e3d13c276e7f6)
0.371 Collected 422 relevant facts at this layer
0.371 Encoding ...
0.399 Attempting to solve formula with 70131 clauses (256662 literals) and 5 assumptions
0.419 Unsolvable at layer 7 -- expanding.
0.419 Iteration 8.
0.419 New layer size: 9
0.419 Instantiating ...
0.452 Retroactively prune action (__SURROGATE*c2*connect_2* Q_7,5_Port:0_851e3d13c276e7f6 Q_7,5_Port:1_851e3d13c276e7f6 Q_8,5_PlugType:0_4468412b99fcb8bb female in male out) due to impossible effect (isOccupied Q_7,5_Port:0_851e3d13c276e7f6)
0.454 Retroactively prune action (__SURROGATE*c6*connect_6* Q_7,5_Port:0_851e3d13c276e7f6 Q_7,5_Port:1_851e3d13c276e7f6 Q_8,5_PlugType:0_4468412b99fcb8bb female in male out) due to impossible effect (isOccupied Q_7,5_Port:1_851e3d13c276e7f6)
0.455 Retroactively prune action (__SURROGATE*c1*connect_1* Q_7,5_Port:0_851e3d13c276e7f6 Q_7,5_Port:1_851e3d13c276e7f6 Q_8,5_PlugType:0_4468412b99fcb8bb female in male out) due to impossible effect (isOccupied Q_7,5_Port:0_851e3d13c276e7f6)
0.455 Retroactively prune action (__SURROGATE*c5*connect_5* Q_7,5_Port:0_851e3d13c276e7f6 Q_7,5_Port:1_851e3d13c276e7f6 Q_8,5_PlugType:0_4468412b99fcb8bb female in male out) due to impossible effect (isOccupied Q_7,5_Port:1_851e3d13c276e7f6)
0.485 Collected 422 relevant facts at this layer
0.485 Encoding ...
0.520 Attempting to solve formula with 95787 clauses (356330 literals) and 6 assumptions
0.550 Unsolvable at layer 8 -- expanding.
0.550 Iteration 9.
0.550 New layer size: 10
0.550 Instantiating ...
0.590 Retroactively prune action (__SURROGATE*c2*connect_2* Q_8,6_Port:0_851e3d13c276e7f6 Q_8,6_Port:1_851e3d13c276e7f6 Q_9,6_PlugType:0_4468412b99fcb8bb female in male out) due to impossible effect (isOccupied Q_8,6_Port:0_851e3d13c276e7f6)
0.591 Retroactively prune action (__SURROGATE*c1*connect_1* Q_8,6_Port:0_851e3d13c276e7f6 Q_8,6_Port:1_851e3d13c276e7f6 Q_9,6_PlugType:0_4468412b99fcb8bb female in male out) due to impossible effect (isOccupied Q_8,6_Port:0_851e3d13c276e7f6)
0.591 Retroactively prune action (__SURROGATE*c5*connect_5* Q_8,6_Port:0_851e3d13c276e7f6 Q_8,6_Port:1_851e3d13c276e7f6 Q_9,6_PlugType:0_4468412b99fcb8bb female in male out) due to impossible effect (isOccupied Q_8,6_Port:1_851e3d13c276e7f6)
0.591 Retroactively prune action (__SURROGATE*c6*connect_6* Q_8,6_Port:0_851e3d13c276e7f6 Q_8,6_Port:1_851e3d13c276e7f6 Q_9,6_PlugType:0_4468412b99fcb8bb female in male out) due to impossible effect (isOccupied Q_8,6_Port:1_851e3d13c276e7f6)
0.621 Collected 422 relevant facts at this layer
0.621 Encoding ...
0.664 Attempting to solve formula with 125915 clauses (474534 literals) and 7 assumptions
0.751 Unsolvable at layer 9 -- expanding.
0.751 Iteration 10.
0.751 New layer size: 11
0.751 Instantiating ...
0.798 Retroactively prune action (__SURROGATE*c5*connect_5* Q_9,7_Port:0_851e3d13c276e7f6 Q_9,7_Port:1_851e3d13c276e7f6 Q_10,7_PlugType:0_4468412b99fcb8bb female in male out) due to impossible effect (isOccupied Q_9,7_Port:1_851e3d13c276e7f6)
0.798 Retroactively prune action (__SURROGATE*c1*connect_1* Q_9,7_Port:0_851e3d13c276e7f6 Q_9,7_Port:1_851e3d13c276e7f6 Q_10,7_PlugType:0_4468412b99fcb8bb female in male out) due to impossible effect (isOccupied Q_9,7_Port:0_851e3d13c276e7f6)
0.798 Retroactively prune action (__SURROGATE*c6*connect_6* Q_9,7_Port:0_851e3d13c276e7f6 Q_9,7_Port:1_851e3d13c276e7f6 Q_10,7_PlugType:0_4468412b99fcb8bb female in male out) due to impossible effect (isOccupied Q_9,7_Port:1_851e3d13c276e7f6)
0.800 Retroactively prune action (__SURROGATE*c2*connect_2* Q_9,7_Port:0_851e3d13c276e7f6 Q_9,7_Port:1_851e3d13c276e7f6 Q_10,7_PlugType:0_4468412b99fcb8bb female in male out) due to impossible effect (isOccupied Q_9,7_Port:0_851e3d13c276e7f6)
0.829 Collected 422 relevant facts at this layer
0.829 Encoding ...
0.873 Attempting to solve formula with 160691 clauses (611958 literals) and 8 assumptions
1.088 Unsolvable at layer 10 -- expanding.
1.088 Iteration 11.
1.088 New layer size: 12
1.088 Instantiating ...
1.144 Retroactively prune action (__SURROGATE*c2*connect_2* Q_10,8_Port:0_851e3d13c276e7f6 Q_10,8_Port:1_851e3d13c276e7f6 Q_11,8_PlugType:0_4468412b99fcb8bb female in male out) due to impossible effect (isOccupied Q_10,8_Port:0_851e3d13c276e7f6)
1.144 Retroactively prune action (__SURROGATE*c1*connect_1* Q_10,8_Port:0_851e3d13c276e7f6 Q_10,8_Port:1_851e3d13c276e7f6 Q_11,8_PlugType:0_4468412b99fcb8bb female in male out) due to impossible effect (isOccupied Q_10,8_Port:0_851e3d13c276e7f6)
1.148 Retroactively prune action (__SURROGATE*c5*connect_5* Q_10,8_Port:0_851e3d13c276e7f6 Q_10,8_Port:1_851e3d13c276e7f6 Q_11,8_PlugType:0_4468412b99fcb8bb female in male out) due to impossible effect (isOccupied Q_10,8_Port:1_851e3d13c276e7f6)
1.148 Retroactively prune action (__SURROGATE*c6*connect_6* Q_10,8_Port:0_851e3d13c276e7f6 Q_10,8_Port:1_851e3d13c276e7f6 Q_11,8_PlugType:0_4468412b99fcb8bb female in male out) due to impossible effect (isOccupied Q_10,8_Port:1_851e3d13c276e7f6)
1.176 Collected 422 relevant facts at this layer
1.176 Encoding ...
1.231 Attempting to solve formula with 199602 clauses (767176 literals) and 9 assumptions
1.669 Unsolvable at layer 11 -- expanding.
1.669 Iteration 12.
1.669 New layer size: 13
1.669 Instantiating ...
1.733 Retroactively prune action (__SURROGATE*c2*connect_2* Q_11,9_Port:0_851e3d13c276e7f6 Q_11,9_Port:1_851e3d13c276e7f6 Q_12,9_PlugType:0_4468412b99fcb8bb female in male out) due to impossible effect (isOccupied Q_11,9_Port:0_851e3d13c276e7f6)
1.733 Retroactively prune action (__SURROGATE*c6*connect_6* Q_11,9_Port:0_851e3d13c276e7f6 Q_11,9_Port:1_851e3d13c276e7f6 Q_12,9_PlugType:0_4468412b99fcb8bb female in male out) due to impossible effect (isOccupied Q_11,9_Port:1_851e3d13c276e7f6)
1.734 Retroactively prune action (__SURROGATE*c5*connect_5* Q_11,9_Port:0_851e3d13c276e7f6 Q_11,9_Port:1_851e3d13c276e7f6 Q_12,9_PlugType:0_4468412b99fcb8bb female in male out) due to impossible effect (isOccupied Q_11,9_Port:1_851e3d13c276e7f6)
1.734 Retroactively prune action (__SURROGATE*c1*connect_1* Q_11,9_Port:0_851e3d13c276e7f6 Q_11,9_Port:1_851e3d13c276e7f6 Q_12,9_PlugType:0_4468412b99fcb8bb female in male out) due to impossible effect (isOccupied Q_11,9_Port:0_851e3d13c276e7f6)
1.761 Collected 422 relevant facts at this layer
1.761 Encoding ...
1.817 Attempting to solve formula with 243251 clauses (941206 literals) and 10 assumptions
2.184 Unsolvable at layer 12 -- expanding.
2.184 Iteration 13.
2.184 New layer size: 14
2.184 Instantiating ...
2.269 Retroactively prune action (__SURROGATE*c1*connect_1* Q_12,10_Port:0_851e3d13c276e7f6 Q_12,10_Port:1_851e3d13c276e7f6 Q_13,10_PlugType:0_4468412b99fcb8bb female in male out) due to impossible effect (isOccupied Q_12,10_Port:0_851e3d13c276e7f6)
2.269 Retroactively prune action (__SURROGATE*c6*connect_6* Q_12,10_Port:0_851e3d13c276e7f6 Q_12,10_Port:1_851e3d13c276e7f6 Q_13,10_PlugType:0_4468412b99fcb8bb female in male out) due to impossible effect (isOccupied Q_12,10_Port:1_851e3d13c276e7f6)
2.269 Retroactively prune action (__SURROGATE*c5*connect_5* Q_12,10_Port:0_851e3d13c276e7f6 Q_12,10_Port:1_851e3d13c276e7f6 Q_13,10_PlugType:0_4468412b99fcb8bb female in male out) due to impossible effect (isOccupied Q_12,10_Port:1_851e3d13c276e7f6)
2.272 Retroactively prune action (__SURROGATE*c2*connect_2* Q_12,10_Port:0_851e3d13c276e7f6 Q_12,10_Port:1_851e3d13c276e7f6 Q_13,10_PlugType:0_4468412b99fcb8bb female in male out) due to impossible effect (isOccupied Q_12,10_Port:0_851e3d13c276e7f6)
2.300 Collected 422 relevant facts at this layer
2.300 Encoding ...
2.365 Attempting to solve formula with 291222 clauses (1133742 literals) and 11 assumptions
3.214 Unsolvable at layer 13 -- expanding.
3.214 Iteration 14.
3.214 New layer size: 15
3.214 Instantiating ...
3.293 Retroactively prune action (__SURROGATE*c6*connect_6* Q_13,11_Port:0_851e3d13c276e7f6 Q_13,11_Port:1_851e3d13c276e7f6 Q_14,11_PlugType:0_4468412b99fcb8bb female in male out) due to impossible effect (isOccupied Q_13,11_Port:1_851e3d13c276e7f6)
3.295 Retroactively prune action (__SURROGATE*c1*connect_1* Q_13,11_Port:0_851e3d13c276e7f6 Q_13,11_Port:1_851e3d13c276e7f6 Q_14,11_PlugType:0_4468412b99fcb8bb female in male out) due to impossible effect (isOccupied Q_13,11_Port:0_851e3d13c276e7f6)
3.296 Retroactively prune action (__SURROGATE*c2*connect_2* Q_13,11_Port:0_851e3d13c276e7f6 Q_13,11_Port:1_851e3d13c276e7f6 Q_14,11_PlugType:0_4468412b99fcb8bb female in male out) due to impossible effect (isOccupied Q_13,11_Port:0_851e3d13c276e7f6)
3.297 Retroactively prune action (__SURROGATE*c5*connect_5* Q_13,11_Port:0_851e3d13c276e7f6 Q_13,11_Port:1_851e3d13c276e7f6 Q_14,11_PlugType:0_4468412b99fcb8bb female in male out) due to impossible effect (isOccupied Q_13,11_Port:1_851e3d13c276e7f6)
3.327 Collected 422 relevant facts at this layer
3.327 Encoding ...
3.394 Attempting to solve formula with 343948 clauses (1345126 literals) and 12 assumptions
3.959 Unsolvable at layer 14 -- expanding.
3.959 Iteration 15.
3.959 New layer size: 16
3.959 Instantiating ...
4.048 Retroactively prune action (__SURROGATE*c1*connect_1* Q_14,12_Port:0_851e3d13c276e7f6 Q_14,12_Port:1_851e3d13c276e7f6 Q_15,12_PlugType:0_4468412b99fcb8bb female in male out) due to impossible effect (isOccupied Q_14,12_Port:0_851e3d13c276e7f6)
4.049 Retroactively prune action (__SURROGATE*c5*connect_5* Q_14,12_Port:0_851e3d13c276e7f6 Q_14,12_Port:1_851e3d13c276e7f6 Q_15,12_PlugType:0_4468412b99fcb8bb female in male out) due to impossible effect (isOccupied Q_14,12_Port:1_851e3d13c276e7f6)
4.050 Retroactively prune action (__SURROGATE*c2*connect_2* Q_14,12_Port:0_851e3d13c276e7f6 Q_14,12_Port:1_851e3d13c276e7f6 Q_15,12_PlugType:0_4468412b99fcb8bb female in male out) due to impossible effect (isOccupied Q_14,12_Port:0_851e3d13c276e7f6)
4.052 Retroactively prune action (__SURROGATE*c6*connect_6* Q_14,12_Port:0_851e3d13c276e7f6 Q_14,12_Port:1_851e3d13c276e7f6 Q_15,12_PlugType:0_4468412b99fcb8bb female in male out) due to impossible effect (isOccupied Q_14,12_Port:1_851e3d13c276e7f6)
4.081 Collected 422 relevant facts at this layer
4.081 Encoding ...
4.154 Attempting to solve formula with 401426 clauses (1575936 literals) and 13 assumptions
5.077 Unsolvable at layer 15 -- expanding.
5.077 Iteration 16.
5.077 New layer size: 17
5.077 Instantiating ...
5.176 Retroactively prune action (__SURROGATE*c5*connect_5* Q_15,13_Port:0_851e3d13c276e7f6 Q_15,13_Port:1_851e3d13c276e7f6 Q_16,13_PlugType:0_4468412b99fcb8bb female in male out) due to impossible effect (isOccupied Q_15,13_Port:1_851e3d13c276e7f6)
5.176 Retroactively prune action (__SURROGATE*c1*connect_1* Q_15,13_Port:0_851e3d13c276e7f6 Q_15,13_Port:1_851e3d13c276e7f6 Q_16,13_PlugType:0_4468412b99fcb8bb female in male out) due to impossible effect (isOccupied Q_15,13_Port:0_851e3d13c276e7f6)
5.176 Retroactively prune action (__SURROGATE*c6*connect_6* Q_15,13_Port:0_851e3d13c276e7f6 Q_15,13_Port:1_851e3d13c276e7f6 Q_16,13_PlugType:0_4468412b99fcb8bb female in male out) due to impossible effect (isOccupied Q_15,13_Port:1_851e3d13c276e7f6)
5.177 Retroactively prune action (__SURROGATE*c2*connect_2* Q_15,13_Port:0_851e3d13c276e7f6 Q_15,13_Port:1_851e3d13c276e7f6 Q_16,13_PlugType:0_4468412b99fcb8bb female in male out) due to impossible effect (isOccupied Q_15,13_Port:0_851e3d13c276e7f6)
5.207 Collected 422 relevant facts at this layer
5.207 Encoding ...
5.286 Attempting to solve formula with 463522 clauses (1825584 literals) and 14 assumptions
10.230 Unsolvable at layer 16 -- expanding.
10.230 Iteration 17.
10.230 New layer size: 18
10.230 Instantiating ...
10.356 Retroactively prune action (__SURROGATE*c1*connect_1* Q_16,14_Port:0_851e3d13c276e7f6 Q_16,14_Port:1_851e3d13c276e7f6 Q_17,14_PlugType:0_4468412b99fcb8bb female in male out) due to impossible effect (isOccupied Q_16,14_Port:0_851e3d13c276e7f6)
10.357 Retroactively prune action (__SURROGATE*c2*connect_2* Q_16,14_Port:0_851e3d13c276e7f6 Q_16,14_Port:1_851e3d13c276e7f6 Q_17,14_PlugType:0_4468412b99fcb8bb female in male out) due to impossible effect (isOccupied Q_16,14_Port:0_851e3d13c276e7f6)
10.358 Retroactively prune action (__SURROGATE*c5*connect_5* Q_16,14_Port:0_851e3d13c276e7f6 Q_16,14_Port:1_851e3d13c276e7f6 Q_17,14_PlugType:0_4468412b99fcb8bb female in male out) due to impossible effect (isOccupied Q_16,14_Port:1_851e3d13c276e7f6)
10.358 Retroactively prune action (__SURROGATE*c6*connect_6* Q_16,14_Port:0_851e3d13c276e7f6 Q_16,14_Port:1_851e3d13c276e7f6 Q_17,14_PlugType:0_4468412b99fcb8bb female in male out) due to impossible effect (isOccupied Q_16,14_Port:1_851e3d13c276e7f6)
10.388 Collected 422 relevant facts at this layer
10.388 Encoding ...
10.473 Attempting to solve formula with 529705 clauses (2092618 literals) and 15 assumptions
12.935 Unsolvable at layer 17 -- expanding.
12.935 Iteration 18.
12.935 New layer size: 19
12.935 Instantiating ...
13.069 Retroactively prune action (__SURROGATE*c1*connect_1* Q_17,15_Port:0_851e3d13c276e7f6 Q_17,15_Port:1_851e3d13c276e7f6 Q_18,15_PlugType:0_4468412b99fcb8bb female in male out) due to impossible effect (isOccupied Q_17,15_Port:0_851e3d13c276e7f6)
13.069 Retroactively prune action (__SURROGATE*c5*connect_5* Q_17,15_Port:0_851e3d13c276e7f6 Q_17,15_Port:1_851e3d13c276e7f6 Q_18,15_PlugType:0_4468412b99fcb8bb female in male out) due to impossible effect (isOccupied Q_17,15_Port:1_851e3d13c276e7f6)
13.071 Retroactively prune action (__SURROGATE*c6*connect_6* Q_17,15_Port:0_851e3d13c276e7f6 Q_17,15_Port:1_851e3d13c276e7f6 Q_18,15_PlugType:0_4468412b99fcb8bb female in male out) due to impossible effect (isOccupied Q_17,15_Port:1_851e3d13c276e7f6)
13.073 Retroactively prune action (__SURROGATE*c2*connect_2* Q_17,15_Port:0_851e3d13c276e7f6 Q_17,15_Port:1_851e3d13c276e7f6 Q_18,15_PlugType:0_4468412b99fcb8bb female in male out) due to impossible effect (isOccupied Q_17,15_Port:0_851e3d13c276e7f6)
13.103 Collected 422 relevant facts at this layer
13.103 Encoding ...
13.196 Attempting to solve formula with 600908 clauses (2379355 literals) and 16 assumptions
15.771 Unsolvable at layer 18 -- expanding.
15.771 Iteration 19.
15.771 New layer size: 20
15.771 Instantiating ...
15.901 Retroactively prune action (__SURROGATE*c5*connect_5* Q_18,16_Port:0_851e3d13c276e7f6 Q_18,16_Port:1_851e3d13c276e7f6 Q_19,16_PlugType:0_4468412b99fcb8bb female in male out) due to impossible effect (isOccupied Q_18,16_Port:1_851e3d13c276e7f6)
15.901 Retroactively prune action (__SURROGATE*c1*connect_1* Q_18,16_Port:0_851e3d13c276e7f6 Q_18,16_Port:1_851e3d13c276e7f6 Q_19,16_PlugType:0_4468412b99fcb8bb female in male out) due to impossible effect (isOccupied Q_18,16_Port:0_851e3d13c276e7f6)
15.901 Retroactively prune action (__SURROGATE*c2*connect_2* Q_18,16_Port:0_851e3d13c276e7f6 Q_18,16_Port:1_851e3d13c276e7f6 Q_19,16_PlugType:0_4468412b99fcb8bb female in male out) due to impossible effect (isOccupied Q_18,16_Port:0_851e3d13c276e7f6)
15.902 Retroactively prune action (__SURROGATE*c6*connect_6* Q_18,16_Port:0_851e3d13c276e7f6 Q_18,16_Port:1_851e3d13c276e7f6 Q_19,16_PlugType:0_4468412b99fcb8bb female in male out) due to impossible effect (isOccupied Q_18,16_Port:1_851e3d13c276e7f6)
15.932 Collected 422 relevant facts at this layer
15.932 Encoding ...
16.056 Attempting to solve formula with 676967 clauses (2685735 literals) and 17 assumptions
c
c Try to adapt solver strategies
c 
c Nothing extreme in this problem, continue with glucose default strategies.
c
34.450 Unsolvable at layer 19 -- expanding.
34.450 Iteration 20.
34.450 New layer size: 21
34.450 Instantiating ...
34.601 Retroactively prune action (__SURROGATE*c6*connect_6* Q_19,17_Port:0_851e3d13c276e7f6 Q_19,17_Port:1_851e3d13c276e7f6 Q_20,17_PlugType:0_4468412b99fcb8bb female in male out) due to impossible effect (isOccupied Q_19,17_Port:1_851e3d13c276e7f6)
34.603 Retroactively prune action (__SURROGATE*c5*connect_5* Q_19,17_Port:0_851e3d13c276e7f6 Q_19,17_Port:1_851e3d13c276e7f6 Q_20,17_PlugType:0_4468412b99fcb8bb female in male out) due to impossible effect (isOccupied Q_19,17_Port:1_851e3d13c276e7f6)
34.603 Retroactively prune action (__SURROGATE*c1*connect_1* Q_19,17_Port:0_851e3d13c276e7f6 Q_19,17_Port:1_851e3d13c276e7f6 Q_20,17_PlugType:0_4468412b99fcb8bb female in male out) due to impossible effect (isOccupied Q_19,17_Port:0_851e3d13c276e7f6)
34.604 Retroactively prune action (__SURROGATE*c2*connect_2* Q_19,17_Port:0_851e3d13c276e7f6 Q_19,17_Port:1_851e3d13c276e7f6 Q_20,17_PlugType:0_4468412b99fcb8bb female in male out) due to impossible effect (isOccupied Q_19,17_Port:0_851e3d13c276e7f6)
34.634 Collected 422 relevant facts at this layer
34.634 Encoding ...
34.735 Attempting to solve formula with 757735 clauses (3011139 literals) and 18 assumptions
124.703 Unsolvable at layer 20 -- expanding.
124.703 Iteration 21.
124.703 New layer size: 22
124.703 Instantiating ...
124.862 Retroactively prune action (__SURROGATE*c1*connect_1* Q_20,18_Port:0_851e3d13c276e7f6 Q_20,18_Port:1_851e3d13c276e7f6 Q_21,18_PlugType:0_4468412b99fcb8bb female in male out) due to impossible effect (isOccupied Q_20,18_Port:0_851e3d13c276e7f6)
124.863 Retroactively prune action (__SURROGATE*c2*connect_2* Q_20,18_Port:0_851e3d13c276e7f6 Q_20,18_Port:1_851e3d13c276e7f6 Q_21,18_PlugType:0_4468412b99fcb8bb female in male out) due to impossible effect (isOccupied Q_20,18_Port:0_851e3d13c276e7f6)
124.863 Retroactively prune action (__SURROGATE*c6*connect_6* Q_20,18_Port:0_851e3d13c276e7f6 Q_20,18_Port:1_851e3d13c276e7f6 Q_21,18_PlugType:0_4468412b99fcb8bb female in male out) due to impossible effect (isOccupied Q_20,18_Port:1_851e3d13c276e7f6)
124.863 Retroactively prune action (__SURROGATE*c5*connect_5* Q_20,18_Port:0_851e3d13c276e7f6 Q_20,18_Port:1_851e3d13c276e7f6 Q_21,18_PlugType:0_4468412b99fcb8bb female in male out) due to impossible effect (isOccupied Q_20,18_Port:1_851e3d13c276e7f6)
124.895 Collected 422 relevant facts at this layer
124.895 Encoding ...
125.001 Attempting to solve formula with 843612 clauses (3356435 literals) and 19 assumptions
344.875 Unsolvable at layer 21 -- expanding.
344.875 Iteration 22.
344.875 New layer size: 23
344.875 Instantiating ...
345.036 Retroactively prune action (__SURROGATE*c1*connect_1* Q_21,19_Port:0_851e3d13c276e7f6 Q_21,19_Port:1_851e3d13c276e7f6 Q_22,19_PlugType:0_4468412b99fcb8bb female in male out) due to impossible effect (isOccupied Q_21,19_Port:0_851e3d13c276e7f6)
345.037 Retroactively prune action (__SURROGATE*c2*connect_2* Q_21,19_Port:0_851e3d13c276e7f6 Q_21,19_Port:1_851e3d13c276e7f6 Q_22,19_PlugType:0_4468412b99fcb8bb female in male out) due to impossible effect (isOccupied Q_21,19_Port:0_851e3d13c276e7f6)
345.038 Retroactively prune action (__SURROGATE*c6*connect_6* Q_21,19_Port:0_851e3d13c276e7f6 Q_21,19_Port:1_851e3d13c276e7f6 Q_22,19_PlugType:0_4468412b99fcb8bb female in male out) due to impossible effect (isOccupied Q_21,19_Port:1_851e3d13c276e7f6)
345.038 Retroactively prune action (__SURROGATE*c5*connect_5* Q_21,19_Port:0_851e3d13c276e7f6 Q_21,19_Port:1_851e3d13c276e7f6 Q_22,19_PlugType:0_4468412b99fcb8bb female in male out) due to impossible effect (isOccupied Q_21,19_Port:1_851e3d13c276e7f6)
345.065 Collected 422 relevant facts at this layer
345.065 Encoding ...
345.177 Attempting to solve formula with 933508 clauses (3719241 literals) and 20 assumptions
c last restart ## conflicts  :  331 5209 
355.780 Found a solution at layer 22.
==>
21093 connect_4 cableWithPlugType1-b adapterFromPlugType1ToPlugType2-aPlugType1 plugType1
21096 connect_4 cableWithPlugType3-b adapterFromPlugType3ToPlugType4-aPlugType3 plugType3
21122 connect_7 adapterFromPlugType1ToPlugType2-bPlugType2 cableWithPlugType2-a plugType2
21170 connect_4 cableWithPlugType2-b adapterFromPlugType2ToPlugType3-aPlugType2 plugType2
21247 connect_3 cableWithPlugType4-b adapterFromPlugType4ToPlugType5-aPlugType4 plugType4
21305 connect_8 adapterFromPlugType3ToPlugType4-bPlugType4 cableWithPlugType4-a plugType4
21378 connect_3 cableWithPlugType5-b printer-aPlugType5 plugType5
21445 connect_8 adapterFromPlugType2ToPlugType3-bPlugType3 cableWithPlugType3-a plugType3
21498 connect_7 adapterFromPlugType4ToPlugType5-bPlugType5 cableWithPlugType5-a plugType5
21571 connect_8 pc-bPlugType1 cableWithPlugType1-a plugType1
21633 guard
21686 ok
root 7
7 ConnectDevices pc printer data -> m1 21092 53
53 ConnectDevices pc printer data -> m1 21095 960
960 ConnectDevices pc printer data -> m1 21121 1967
1967 ConnectDevices pc printer data -> m1 21169 2605
2605 ConnectDevices pc printer data -> m1 21246 3297
3297 ConnectDevices pc printer data -> m1 21304 4041
4041 ConnectDevices pc printer data -> m1 21377 4838
4838 ConnectDevices pc printer data -> m1 21444 5692
5692 ConnectDevices pc printer data -> m1 21497 6599
6599 ConnectDevices pc printer data -> m1 21570 7571
7571 ConnectDevices pc printer data -> m3 21633 8592
8592 ValidateDeviceConnection pc printer data -> vDC_to_vPC_1 9603
9603 ValidatePortConnection pc-bPlugType1 printer-aPlugType5 data -> vPC_to_vPC 10693
10693 ValidatePortConnection cableWithPlugType1-b printer-aPlugType5 data -> vPC_to_vPC 11846
11846 ValidatePortConnection adapterFromPlugType1ToPlugType2-bPlugType2 printer-aPlugType5 data -> vPC_to_vPC 13062
13062 ValidatePortConnection cableWithPlugType2-b printer-aPlugType5 data -> vPC_to_vPC 14341
14341 ValidatePortConnection adapterFromPlugType2ToPlugType3-bPlugType3 printer-aPlugType5 data -> vPC_to_vPC 15680
15680 ValidatePortConnection cableWithPlugType3-b printer-aPlugType5 data -> vPC_to_vPC 17084
17084 ValidatePortConnection adapterFromPlugType3ToPlugType4-bPlugType4 printer-aPlugType5 data -> vPC_to_vPC 18555
18555 ValidatePortConnection cableWithPlugType4-b printer-aPlugType5 data -> vPC_to_vPC 20092
20092 ValidatePortConnection adapterFromPlugType4ToPlugType5-bPlugType5 printer-aPlugType5 data -> vPC_to_vPC 21685
21092 connect cableWithPlugType1-b adapterFromPlugType1ToPlugType2-aPlugType1 -> c4 21093
21095 connect cableWithPlugType3-b adapterFromPlugType3ToPlugType4-aPlugType3 -> c4 21096
21121 connect adapterFromPlugType1ToPlugType2-bPlugType2 cableWithPlugType2-a -> c7 21122
21169 connect cableWithPlugType2-b adapterFromPlugType2ToPlugType3-aPlugType2 -> c4 21170
21246 connect cableWithPlugType4-b adapterFromPlugType4ToPlugType5-aPlugType4 -> c3 21247
21304 connect adapterFromPlugType3ToPlugType4-bPlugType4 cableWithPlugType4-a -> c8 21305
21377 connect cableWithPlugType5-b printer-aPlugType5 -> c3 21378
21444 connect adapterFromPlugType2ToPlugType3-bPlugType3 cableWithPlugType3-a -> c8 21445
21497 connect adapterFromPlugType4ToPlugType5-bPlugType5 cableWithPlugType5-a -> c7 21498
21570 connect pc-bPlugType1 cableWithPlugType1-a -> c8 21571
21685 ValidatePortConnection cableWithPlugType5-b printer-aPlugType5 data -> finish 21686
<==
355.784 End of solution plan. (counted length of 12)
355.784 Total amount of clauses encoded: 933508
355.784 - indirectframeaxioms : 433548 cls
355.784 - directframeaxioms : 178920 cls
355.784 - qfactsemantics : 173922 cls
355.784 - reductionconstraints : 96482 cls
355.784 - atmostoneelement : 23215 cls
355.784 - actionconstraints : 11855 cls
355.784 - substitutionconstraints : 6794 cls
355.784 - predecessors : 3239 cls
355.784 - expansions : 3178 cls
355.784 - qconstequality : 1406 cls
355.784 - actioneffects : 525 cls
355.784 - truefacts : 422 cls
355.784 - axiomaticops : 2 cls
355.784 # instantiated positions: 276
355.784 # instantiated actions: 2948
355.784 # instantiated reductions: 372
355.784 # introduced pseudo-constants: 503
355.784 # retroactive prunings: 82
355.784 # retroactively pruned operations: 82
355.784 # dominated operations: 117
355.784 # total invalid rigid preconditions found in getPFC: 0
355.784 # invalid rigid preconditions found in getPFC: 0
355.784 # invalid rigid preconditions found in getPFC in varrestrictions: 0
355.784 # total invalid fluent preconditions found in getPFC: 18
355.784 # invalid fluent preconditions found in getPFC: 17
355.784 # invalid fluent preconditions found in getPFC in varrestrictions: 1
355.784 # invalid fluent preconditions found in getPFC via postconditions: 0
355.784 # invalid subtasks found in getPFC: 2
355.784 # number effects in operation fact_frames: 170
355.784 # number of variables restricted: 35489
355.784 Exiting happily.

RUNWATCH_RESULT EXIT RETVAL 0 TIME_SECS 355.803 MEMPEAK_KBS 189628
