    _           _         _
   \ |         \ |       | |                       
   | |     __  | |      _| |______                
   | |     \/  | |     /_   ______\                
   | |      _  | |   __  | |  ___   ___   ___       
   | |___  | | | |  / .\ | | / , | |   \ / ·_\    
   \_____\ |_| |__\ \__/ |_| \___) |_|_| \___\  
[39mL i l o t a n e  version rls-glucose4
by Dominik Schreiber <dominik.schreiber@kit.edu> 2020-2021
using SAT solver glucose4

0.022 Parser finished.
0.023 Structures extracted.
0.024 96 operators and 89 methods created.
0.287 Mined 119 new reduction preconditions (+11900.0%).
0.287 Iteration 0.
0.287 Creating initial layer of size 2
0.302 Attempting to solve formula with 5 clauses (6 literals) and 1 assumptions
0.303 Unsolvable at layer 0 -- expanding.
0.303 Iteration 1.
0.303 New layer size: 2
0.303 Instantiating ...
0.743 Collected 1 relevant facts at this layer
0.743 Encoding ...
0.744 Attempting to solve formula with 424 clauses (906 literals) and 1 assumptions
0.744 Unsolvable at layer 1 -- expanding.
0.744 Iteration 2.
0.744 New layer size: 2
0.744 Instantiating ...
1.098 Collected 1 relevant facts at this layer
1.098 Encoding ...
1.099 Attempting to solve formula with 490 clauses (1071 literals) and 1 assumptions
1.099 Unsolvable at layer 2 -- expanding.
1.099 Iteration 3.
1.099 New layer size: 5
1.099 Instantiating ...
1.268 Collected 37 relevant facts at this layer
1.268 Encoding ...
1.272 Attempting to solve formula with 1185 clauses (2858 literals) and 4 assumptions
1.272 Unsolvable at layer 3 -- expanding.
1.272 Iteration 4.
1.272 New layer size: 19
1.272 Instantiating ...
1.574 Collected 317 relevant facts at this layer
1.574 Encoding ...
1.590 Attempting to solve formula with 12823 clauses (36215 literals) and 14 assumptions
1.591 Unsolvable at layer 4 -- expanding.
1.591 Iteration 5.
1.591 New layer size: 58
1.591 Instantiating ...
1.594 Retroactively prune reduction (m_drive_to Q_1,0_point:0_c66f0ff6ac4ecb60 pcrew1 van1 henrietta_dump)@(4,1): no children at offset 1
2.179 Collected 424 relevant facts at this layer
2.179 Encoding ...
2.242 Attempting to solve formula with 57285 clauses (165721 literals) and 34 assumptions
2.245 Unsolvable at layer 5 -- expanding.
2.245 Iteration 6.
2.245 New layer size: 140
2.245 Instantiating ...
2.247 Retroactively prune reduction (m_drive_to henrietta_dump Q_4,1_adult:0_7a969ad69fbf5bd3 Q_3,0_vehicle:0_f0d821ce8842e5b Q_5,2_point:0_cca65752e6c4c1e2)@(5,2): no children at offset 1
3.057 Collected 572 relevant facts at this layer
3.057 Encoding ...
3.184 Attempting to solve formula with 168114 clauses (495840 literals) and 56 assumptions
3.190 Unsolvable at layer 6 -- expanding.
3.190 Iteration 7.
3.190 New layer size: 280
3.190 Instantiating ...
3.193 Retroactively prune reduction (m_drive_to Q_4,2_point:0_c66f0ff6ac4ecb60 emt1 amb1 texaco1)@(6,8): no children at offset 1
4.839 Collected 584 relevant facts at this layer
4.839 Encoding ...
5.102 Attempting to solve formula with 390311 clauses (1156779 literals) and 119 assumptions
5.118 Unsolvable at layer 7 -- expanding.
5.118 Iteration 8.
5.119 New layer size: 473
5.119 Instantiating ...
6.931 Collected 584 relevant facts at this layer
6.931 Encoding ...
7.422 Attempting to solve formula with 743305 clauses (2185419 literals) and 161 assumptions
7.444 Unsolvable at layer 8 -- expanding.
7.444 Iteration 9.
7.444 New layer size: 760
7.444 Instantiating ...
10.225 Collected 584 relevant facts at this layer
10.225 Encoding ...
10.883 Attempting to solve formula with 1263883 clauses (3729435 literals) and 215 assumptions
c last restart ## conflicts  :  57 15619 
11.046 Found a solution at layer 9.
==>
160182 SHOP_methodm_clear_road_tree_precondition strong airport tree_133716
164251 SHOP_methodm_get_to_person_drives_themself_precondition wcrew1 strong wtruck1 texaco1
171134 SHOP_methodm_drive_to_precondition wtruck1 texaco1 wcrew1
171139 p_1Navegate_vehicle
174919 p_2Place_cones
194292 SHOP_methodm_clear_tree_precondition tree_133716 strong
213653 SHOP_methodm_get_to_as_cargo_precondition tcrew1 strong mendon_pond pvan2
213656 SHOP_methodm_get_to_vehicle_gets_driven_precondition pvan2 mendon_pond airport pu2
213661 SHOP_methodm_drive_to_precondition pvan2 airport pu2
213666 p_3Navegate_vehicle
213672 SHOP_methodm_get_in_ambulatory_person_precondition tcrew1 mendon_pond pvan2
214450 p_4Climb_in
215188 SHOP_methodm_get_to_vehicle_gets_driven_precondition pvan2 strong mendon_pond pu2
215197 SHOP_methodm_drive_to_precondition pvan2 mendon_pond pu2
215206 p_5Navegate_vehicle
215940 p_6Climb_out
217432 p_7Cut_tree
237170 SHOP_methodm_get_to_as_cargo_precondition tree_133716 brighton_dump strong dtruck1
237176 SHOP_methodm_get_to_vehicle_gets_driven_precondition dtruck1 strong texaco1 tdriver1
237178 SHOP_methodm_drive_to_precondition dtruck1 texaco1 tdriver1
237182 p_8Navegate_vehicle
237185 SHOP_methodm_get_in_load_in_precondition tree_133716 strong dtruck1 ccrew1
237192 SHOP_methodm_get_to_person_drives_themself_precondition ccrew1 strong backhoe1 mendon_pond
237197 SHOP_methodm_drive_to_precondition backhoe1 mendon_pond ccrew1
237213 p_9Navegate_vehicle
240613 load ccrew1 tree_133716 dtruck1 strong
240618 SHOP_methodm_get_to_vehicle_gets_driven_precondition dtruck1 brighton_dump strong tdriver1
240622 SHOP_methodm_drive_to_precondition dtruck1 strong tdriver1
240625 navegate_vehicle tdriver1 dtruck1 brighton_dump strong
240629 SHOP_methodm_get_out_unload_precondition dtruck1 brighton_dump ccrew1 tree_133716
240631 SHOP_methodm_get_to_person_drives_themself_precondition ccrew1 brighton_dump backhoe1 strong
240638 SHOP_methodm_drive_to_precondition backhoe1 strong ccrew1
240660 navegate_vehicle ccrew1 backhoe1 brighton_dump strong
244061 unload ccrew1 tree_133716 dtruck1 brighton_dump
249675 SHOP_methodm_get_to_person_drives_themself_precondition ccrew1 strong backhoe1 brighton_dump
249681 SHOP_methodm_drive_to_precondition backhoe1 brighton_dump ccrew1
249686 navegate_vehicle ccrew1 backhoe1 strong brighton_dump
253472 pickup_cones ccrew1
root 9
9 tlt -> m_tlt_clear_road_tree 58
58 clear_road_tree strong airport -> m_clear_road_tree 160182 127 185 243
127 set_up_cones strong airport -> m_set_up_cones 1836 174918
185 clear_tree tree_133716 -> m_clear_tree 194292 2858 217431 3544
243 take_down_cones strong airport -> m_take_down_cones 4218 253472
1836 get_to wcrew1 strong -> m_get_to_person_drives_themself 164251 7235
2858 get_to tcrew1 strong -> m_get_to_as_cargo 213653 11808 11826 12113 12567
3544 remove_blockage tree_133716 -> m_remove_blockage_carry_away 14053
4218 get_to ccrew1 strong -> m_get_to_person_drives_themself 249675 15153
7235 drive_to wcrew1 wtruck1 strong -> m_drive_to 171134 171138
11808 get_to pvan2 mendon_pond -> m_get_to_vehicle_gets_driven 213656 29448
11826 get_in tcrew1 pvan2 -> m_get_in_ambulatory_person 213672 214449
12113 get_to pvan2 strong -> m_get_to_vehicle_gets_driven 215188 30711
12567 get_out tcrew1 pvan2 -> m_get_out_ambulatory_person 215939
14053 get_to tree_133716 brighton_dump -> m_get_to_as_cargo 237170 36086 36090 36387 36963
15153 drive_to ccrew1 backhoe1 strong -> m_drive_to 249681 249685
29448 drive_to pu2 pvan2 mendon_pond -> m_drive_to 213661 213665
30711 drive_to pu2 pvan2 strong -> m_drive_to 215197 215205
36086 get_to dtruck1 strong -> m_get_to_vehicle_gets_driven 237176 80965
36090 get_in tree_133716 dtruck1 -> m_get_in_load_in 237185 80986 240613
36387 get_to dtruck1 brighton_dump -> m_get_to_vehicle_gets_driven 240618 81629
36963 get_out tree_133716 dtruck1 -> m_get_out_unload 240629 81650 244061
80965 drive_to tdriver1 dtruck1 strong -> m_drive_to 237178 237181
80986 get_to ccrew1 strong -> m_get_to_person_drives_themself 237192 140490
81629 drive_to tdriver1 dtruck1 brighton_dump -> m_drive_to 240622 240624
81650 get_to ccrew1 brighton_dump -> m_get_to_person_drives_themself 240631 142711
140490 drive_to ccrew1 backhoe1 strong -> m_drive_to 237197 237212
142711 drive_to ccrew1 backhoe1 brighton_dump -> m_drive_to 240638 240659
171138 cnavegate_vehicle wcrew1 wtruck1 strong texaco1 -> prefix_1 171139
174918 cplace_cones wcrew1 -> prefix_2 174919
213665 cnavegate_vehicle pu2 pvan2 mendon_pond airport -> prefix_3 213666
214449 cclimb_in tcrew1 pvan2 mendon_pond -> prefix_4 214450
215205 cnavegate_vehicle pu2 pvan2 strong mendon_pond -> prefix_5 215206
215939 cclimb_out tcrew1 pvan2 strong -> prefix_6 215940
217431 ccut_tree tcrew1 tree_133716 -> prefix_7 217432
237181 cnavegate_vehicle tdriver1 dtruck1 strong texaco1 -> prefix_8 237182
237212 cnavegate_vehicle ccrew1 backhoe1 strong mendon_pond -> prefix_9 237213
240624 cnavegate_vehicle tdriver1 dtruck1 brighton_dump strong -> regular_5 240625
240659 cnavegate_vehicle ccrew1 backhoe1 brighton_dump strong -> regular_5 240660
249685 cnavegate_vehicle ccrew1 backhoe1 strong brighton_dump -> regular_5 249686
<==
11.076 End of solution plan. (counted length of 38)
11.076 Total amount of clauses encoded: 1263883
11.076 - directframeaxioms : 836436 cls
11.076 - qfactsemantics : 190054 cls
11.076 - indirectframeaxioms : 100654 cls
11.076 - reductionconstraints : 70247 cls
11.076 - actionconstraints : 19573 cls
11.076 - atmostoneelement : 11161 cls
11.076 - qtypeconstraints : 10297 cls
11.076 - expansions : 7313 cls
11.076 - predecessors : 6333 cls
11.076 - substitutionconstraints : 4382 cls
11.076 - qconstequality : 4296 cls
11.076 - actioneffects : 2515 cls
11.076 - truefacts : 584 cls
11.076 - forbiddenoperations : 36 cls
11.076 - axiomaticops : 2 cls
11.076 # instantiated positions: 1740
11.076 # instantiated actions: 5122
11.076 # instantiated reductions: 1231
11.076 # introduced pseudo-constants: 1050
11.076 # retroactive prunings: 9
11.076 # retroactively pruned operations: 48
11.076 # dominated operations: 127
11.076 # total invalid rigid preconditions found in getPFC: 6297
11.076 # invalid rigid preconditions found in getPFC: 10
11.076 # invalid rigid preconditions found in getPFC in varrestrictions: 6287
11.076 # total invalid fluent preconditions found in getPFC: 2260
11.076 # invalid fluent preconditions found in getPFC: 2259
11.076 # invalid fluent preconditions found in getPFC in varrestrictions: 0
11.076 # invalid fluent preconditions found in getPFC via postconditions: 1
11.076 # invalid subtasks found in getPFC: 6
11.076 # number effects in operation fact_frames: 1497
11.076 Exiting happily.

RUNWATCH_RESULT EXIT RETVAL 0 TIME_SECS 11.1377 MEMPEAK_KBS 628752
