    _           _         _
   \ |         \ |       | |                       
   | |     __  | |      _| |______                
   | |     \/  | |     /_   ______\                
   | |      _  | |   __  | |  ___   ___   ___       
   | |___  | | | |  / .\ | | / , | |   \ / ·_\    
   \_____\ |_| |__\ \__/ |_| \___) |_|_| \___\  
[39mL i l o t a n e  version rls-glucose4
by Dominik Schreiber <dominik.schreiber@kit.edu> 2020-2021
using SAT solver glucose4

1.030 Parser finished.
1.030 Structures extracted.
1.032 38 operators and 17 methods created.
1.076 Mined 30 new reduction preconditions (+96.8%).
1.076 Iteration 0.
1.076 Creating initial layer of size 2
1.105 Attempting to solve formula with 159 clauses (237 literals) and 1 assumptions
1.105 Unsolvable at layer 0 -- expanding.
1.105 Iteration 1.
1.105 New layer size: 79
1.105 Instantiating ...
2.062 Collected 78 relevant facts at this layer
2.062 Encoding ...
2.139 Attempting to solve formula with 64008 clauses (145133 literals) and 78 assumptions
2.140 Unsolvable at layer 1 -- expanding.
2.140 Iteration 2.
2.140 New layer size: 313
2.140 Instantiating ...
5.456 Collected 4598 relevant facts at this layer
5.456 Encoding ...
7.832 Attempting to solve formula with 1616632 clauses (5111116 literals) and 180 assumptions
7.832 Unsolvable at layer 2 -- expanding.
7.832 Iteration 3.
7.832 New layer size: 571
7.832 Instantiating ...
28.986 Collected 4728 relevant facts at this layer
28.986 Encoding ...
34.669 Attempting to solve formula with 6290154 clauses (20812543 literals) and 180 assumptions
36.389 Unsolvable at layer 3 -- expanding.
36.389 Iteration 4.
36.389 New layer size: 1009
36.389 Instantiating ...
109.259 Collected 4728 relevant facts at this layer
109.259 Encoding ...
126.990 Attempting to solve formula with 16483864 clauses (61851801 literals) and 180 assumptions
154.146 Unsolvable at layer 4 -- expanding.
154.146 Iteration 5.
154.147 New layer size: 1549
154.147 Instantiating ...
268.286 Collected 4728 relevant facts at this layer
268.286 Encoding ...
300.175 Attempting to solve formula with 30982346 clauses (122107253 literals) and 180 assumptions
c
c Try to adapt solver strategies
c 
c Nothing extreme in this problem, continue with glucose default strategies.
c
1802.708 Termination signal caught.
1802.708 Total amount of clauses encoded: 30982346
1802.708 - directframeaxioms : 9906440 cls
1802.708 - indirectframeaxioms : 8162426 cls
1802.708 - qfactsemantics : 6928202 cls
1802.708 - substitutionconstraints : 4751134 cls
1802.708 - reductionconstraints : 998600 cls
1802.708 - qconstequality : 197146 cls
1802.708 - expansions : 8637 cls
1802.708 - predecessors : 8148 cls
1802.708 - atmostoneelement : 7102 cls
1802.708 - actionconstraints : 6987 cls
1802.708 - truefacts : 4728 cls
1802.708 - actioneffects : 2794 cls
1802.708 - axiomaticops : 2 cls
1802.708 # instantiated positions: 3522
1802.708 # instantiated actions: 7350
1802.708 # instantiated reductions: 799
1802.708 # introduced pseudo-constants: 1056
1802.708 # retroactive prunings: 0
1802.708 # retroactively pruned operations: 0
1802.708 # dominated operations: 0
1802.708 # total invalid rigid preconditions found in getPFC: 49
1802.708 # invalid rigid preconditions found in getPFC: 0
1802.708 # invalid rigid preconditions found in getPFC in varrestrictions: 49
1802.708 # total invalid fluent preconditions found in getPFC: 4
1802.708 # invalid fluent preconditions found in getPFC: 4
1802.708 # invalid fluent preconditions found in getPFC in varrestrictions: 0
1802.708 # invalid fluent preconditions found in getPFC via postconditions: 0
1802.708 # invalid subtasks found in getPFC: 0
1802.708 # number effects in operation fact_frames: 428
1802.708 Exiting happily.

RUNWATCH_RESULT TIMEOUT RETVAL 0 TIME_SECS 1803.5 MEMPEAK_KBS 11285196
