    _           _         _
   \ |         \ |       | |                       
   | |     __  | |      _| |______                
   | |     \/  | |     /_   ______\                
   | |      _  | |   __  | |  ___   ___   ___       
   | |___  | | | |  / .\ | | / , | |   \ / ·_\    
   \_____\ |_| |__\ \__/ |_| \___) |_|_| \___\  
[39mL i l o t a n e  version rls-cadical
by Dominik Schreiber <dominik.schreiber@kit.edu> 2020-2021
using SAT solver cadical

0.007 Parser finished.
0.007 Structures extracted.
0.008 37 operators and 24 methods created.
0.009 Mined 2 new reduction preconditions (+4.3%).
0.009 Iteration 0.
0.009 Creating initial layer of size 2
0.011 Attempting to solve formula with 3 clauses (3 literals) and 1 assumptions
0.011 Unsolvable at layer 0 -- expanding.
0.011 Iteration 1.
0.011 New layer size: 5
0.011 Instantiating ...
0.013 Collected 3 relevant facts at this layer
0.013 Encoding ...
0.014 Attempting to solve formula with 53 clauses (120 literals) and 4 assumptions
0.014 Unsolvable at layer 1 -- expanding.
0.014 Iteration 2.
0.014 New layer size: 17
0.014 Instantiating ...
0.018 Collected 54 relevant facts at this layer
0.018 Encoding ...
0.019 Attempting to solve formula with 1021 clauses (2536 literals) and 12 assumptions
0.019 Unsolvable at layer 2 -- expanding.
0.019 Iteration 3.
0.019 New layer size: 49
0.019 Instantiating ...
0.031 Collected 80 relevant facts at this layer
0.031 Encoding ...
0.037 Attempting to solve formula with 5709 clauses (15320 literals) and 23 assumptions
0.037 Unsolvable at layer 3 -- expanding.
0.037 Iteration 4.
0.037 New layer size: 98
0.037 Instantiating ...
0.053 Collected 92 relevant facts at this layer
0.053 Encoding ...
0.064 Attempting to solve formula with 13348 clauses (36521 literals) and 19 assumptions
0.064 Unsolvable at layer 4 -- expanding.
0.064 Iteration 5.
0.064 New layer size: 144
0.064 Instantiating ...
0.084 Collected 104 relevant facts at this layer
0.084 Encoding ...
0.101 Attempting to solve formula with 22123 clauses (61719 literals) and 15 assumptions
0.101 Unsolvable at layer 5 -- expanding.
0.101 Iteration 6.
0.102 New layer size: 181
0.102 Instantiating ...
0.123 Collected 104 relevant facts at this layer
0.123 Encoding ...
0.143 Attempting to solve formula with 31577 clauses (90826 literals) and 7 assumptions
0.510 Found a solution at layer 6.
==>
6246 grasp right shot4
6254 fill-shot shot4 ingredient5 right left dispenser5
6261 drop right shot4
6265 grasp left shot4
6267 pour-shot-to-clean-shaker shot4 ingredient5 shaker1 left level1 level1
6434 grasp right shot3
6458 drop left shot4
6464 fill-shot shot3 ingredient1 right left dispenser1
6471 drop right shot3
6475 grasp left shot3
6478 pour-shot-to-used-shaker shot3 ingredient1 shaker1 left level1 level1
6485 grasp right shaker1
6488 drop left shot3
6490 shake cocktail1 ingredient5 ingredient1 shaker1 right left
6499 grasp left shot3
6502 drop right shaker1
6507 clean-shot shot3 ingredient1 left right
6519 grasp right shaker1
6521 pour-shaker-to-shot cocktail1 shot3 right shaker1 level1 level1
6536 empty-shaker right shaker1 cocktail1 level1 level1
6539 drop left shot3
6543 clean-shaker shaker1 right left
6739 grasp left shot2
6764 drop right shaker1
6771 fill-shot shot2 ingredient5 left right dispenser5
6785 pour-shot-to-clean-shaker shot2 ingredient5 shaker1 left level1 level1
6832 clean-shot shot2 ingredient5 left right
6951 drop left shot2
6983 grasp right shot2
7014 fill-shot shot2 ingredient3 right left dispenser3
7021 drop right shot2
7025 grasp left shot2
7028 pour-shot-to-used-shaker shot2 ingredient3 shaker1 left level1 level1
7038 grasp right shaker1
7041 drop left shot2
7044 shake cocktail2 ingredient5 ingredient3 shaker1 right left
7047 drop right shaker1
7053 grasp right shot2
7061 clean-shot shot2 ingredient3 right left
7073 grasp left shaker1
7076 pour-shaker-to-shot cocktail2 shot2 left shaker1 level1 level1
7091 empty-shaker left shaker1 cocktail2 level1 level1
7094 drop right shot2
7098 clean-shaker shaker1 left right
7259 drop left shaker1
7306 grasp left shot1
7338 fill-shot shot1 ingredient4 left right dispenser4
7346 drop left shot1
7349 grasp right shot1
7353 pour-shot-to-clean-shaker shot1 ingredient4 shaker1 right level1 level1
7399 clean-shot shot1 ingredient4 right left
7603 fill-shot shot1 ingredient5 right left dispenser5
7617 pour-shot-to-used-shaker shot1 ingredient5 shaker1 right level1 level1
7621 drop right shot1
7627 grasp right shaker1
7633 shake cocktail3 ingredient4 ingredient5 shaker1 right left
7636 drop right shaker1
7642 grasp right shot4
7650 clean-shot shot4 ingredient5 right left
7662 grasp left shaker1
7665 pour-shaker-to-shot cocktail3 shot4 left shaker1 level1 level1
7679 empty-shaker left shaker1 cocktail3 level1 level1
7683 drop right shot4
7687 clean-shaker shaker1 left right
7907 grasp right shot5
7931 drop left shaker1
7939 fill-shot shot5 ingredient2 right left dispenser2
7946 drop right shot5
7950 grasp left shot5
7953 pour-shot-to-clean-shaker shot5 ingredient2 shaker1 left level1 level1
7999 clean-shot shot5 ingredient2 left right
8153 drop left shot5
8184 grasp right shot5
8216 fill-shot shot5 ingredient4 right left dispenser4
8230 pour-shot-to-used-shaker shot5 ingredient4 shaker1 right level1 level1
8233 drop right shot5
8240 grasp right shaker1
8245 shake cocktail4 ingredient2 ingredient4 shaker1 right left
8249 drop right shaker1
8255 grasp right shot1
8262 clean-shot shot1 ingredient5 right left
8275 grasp left shaker1
8278 pour-shaker-to-shot cocktail4 shot1 left shaker1 level1 level1
root 5 11 17 22
5 AchieveContainsShotCocktail shot3 cocktail1 -> MakeAndPourCocktail 33 90 814 6520
11 AchieveContainsShotCocktail shot2 cocktail2 -> MakeAndPourCocktail 159 176 1211 7075
17 AchieveContainsShotCocktail shot4 cocktail3 -> MakeAndPourCocktail 258 274 1634 7664
22 AchieveContainsShotCocktail shot1 cocktail4 -> MakeAndPourCocktail 366 381 2068 8277
33 AchieveContainsShakerCocktail shaker1 cocktail1 -> MakeCocktail 491 519 532 586 6487 6490
90 AchieveCleanShot shot3 -> CleanEmptyShot 696 6501 6507
159 AchieveContainsShakerCocktail shaker1 cocktail2 -> MakeCocktail 840 852 896 965 7040 7044
176 AchieveCleanShot shot2 -> CleanEmptyShot 1089 1099 7061
258 AchieveContainsShakerCocktail shaker1 cocktail3 -> MakeCocktail 1238 1253 1299 1379 1448 7633
274 AchieveCleanShot shot4 -> CleanEmptyShot 1509 1519 7650
366 AchieveContainsShakerCocktail shaker1 cocktail4 -> MakeCocktail 1660 1676 1721 1807 1880 8245
381 AchieveCleanShot shot1 -> CleanEmptyShot 1941 1951 8262
491 AchieveCleanShaker shaker1 -> CleanShakerNull
519 AchieveContainsShakerIngredient shaker1 ingredient5 -> AddIngredientToEmptyShaker 2109 2116 6267
532 AchieveContainsShakerIngredient shaker1 ingredient1 -> AddIngredientToUsedShaker 2175 2188 6478
586 AchieveHolding right shaker1 -> PickUp 2260 2278 6485
696 AchieveHolding left shot3 -> PickUp 2312 2326 6499
814 AchieveHolding right shaker1 -> PickUp 2381 2395 6519
840 AchieveCleanShaker shaker1 -> CleanFullShaker 2441 6536 6538 6543
852 AchieveContainsShakerIngredient shaker1 ingredient5 -> AddIngredientToEmptyShaker 2557 2567 6785
896 AchieveContainsShakerIngredient shaker1 ingredient3 -> AddIngredientToUsedShaker 2647 2662 7028
965 AchieveHolding right shaker1 -> PickUp 2752 2774 7038
1089 AchieveHolding right shot2 -> PickUp 7046 2839 7053
1099 AchieveHandEmpty left -> HandEmptyNull
1211 AchieveHolding left shaker1 -> PickUp 2895 2909 7073
1238 AchieveCleanShaker shaker1 -> CleanFullShaker 2955 7091 7093 7098
1253 AchieveContainsShakerIngredient shaker1 ingredient4 -> AddIngredientToEmptyShaker 3074 3081 7353
1299 AchieveContainsShakerIngredient shaker1 ingredient5 -> AddIngredientToUsedShaker 3181 3198 7617
1379 AchieveHolding right shaker1 -> PickUp 7620 3319 7627
1448 AchieveHandEmpty left -> HandEmptyNull
1509 AchieveHolding right shot4 -> PickUp 7635 3384 7642
1519 AchieveHandEmpty left -> HandEmptyNull
1634 AchieveHolding left shaker1 -> PickUp 3440 3454 7662
1660 AchieveCleanShaker shaker1 -> CleanFullShaker 3501 7679 7682 7687
1676 AchieveContainsShakerIngredient shaker1 ingredient2 -> AddIngredientToEmptyShaker 3620 3627 7953
1721 AchieveContainsShakerIngredient shaker1 ingredient4 -> AddIngredientToUsedShaker 3734 3754 8230
1807 AchieveHolding right shaker1 -> PickUp 8232 3884 8240
1880 AchieveHandEmpty left -> HandEmptyNull
1941 AchieveHolding right shot1 -> PickUp 8248 3949 8255
1951 AchieveHandEmpty left -> HandEmptyNull
2068 AchieveHolding left shaker1 -> PickUp 4005 4019 8275
2109 AchieveContainsShotIngredient shot4 ingredient5 -> AddIngredientToShot 4079 4081 4084 6254
2116 AchieveHolding left shot4 -> PickUp 4137 6260 6265
2175 AchieveContainsShotIngredient shot3 ingredient1 -> AddIngredientToShot 4210 4222 6457 6464
2188 AchieveHolding left shot3 -> PickUp 4319 6470 6475
2260 AchieveHandEmpty right -> HandEmptyNull
2278 AchieveOnTable shaker1 -> OnTableNull
2312 AchieveHandEmpty left -> HandEmptyNull
2326 AchieveOnTable shot3 -> OnTableNull
2381 AchieveHandEmpty right -> HandEmptyNull
2395 AchieveOnTable shaker1 -> OnTableNull
2441 AchieveHolding right shaker1 -> HoldingNull
2557 AchieveContainsShotIngredient shot2 ingredient5 -> AddIngredientToShot 4514 4528 6763 6771
2567 AchieveHolding left shot2 -> HoldingNull
2647 AchieveContainsShotIngredient shot2 ingredient3 -> AddIngredientToShot 4731 4746 4804 7014
2662 AchieveHolding left shot2 -> PickUp 4868 7020 7025
2752 AchieveHandEmpty right -> HandEmptyNull
2774 AchieveOnTable shaker1 -> OnTableNull
2839 AchieveOnTable shot2 -> OnTableNull
2895 AchieveHandEmpty left -> HandEmptyNull
2909 AchieveOnTable shaker1 -> OnTableNull
2955 AchieveHolding left shaker1 -> HoldingNull
3074 AchieveContainsShotIngredient shot1 ingredient4 -> AddIngredientToShot 5073 5091 5160 7338
3081 AchieveHolding right shot1 -> PickUp 5224 7345 7349
3181 AchieveContainsShotIngredient shot1 ingredient5 -> AddIngredientToShot 5309 5326 5406 7603
3198 AchieveHolding right shot1 -> HoldingNull
3319 AchieveOnTable shaker1 -> OnTableNull
3384 AchieveOnTable shot4 -> OnTableNull
3440 AchieveHandEmpty left -> HandEmptyNull
3454 AchieveOnTable shaker1 -> OnTableNull
3501 AchieveHolding left shaker1 -> HoldingNull
3620 AchieveContainsShotIngredient shot5 ingredient2 -> AddIngredientToShot 5673 5694 7930 7939
3627 AchieveHolding left shot5 -> PickUp 5839 7945 7950
3734 AchieveContainsShotIngredient shot5 ingredient4 -> AddIngredientToShot 5924 5945 6036 8216
3754 AchieveHolding right shot5 -> HoldingNull
3884 AchieveOnTable shaker1 -> OnTableNull
3949 AchieveOnTable shot1 -> OnTableNull
4005 AchieveHandEmpty left -> HandEmptyNull
4019 AchieveOnTable shaker1 -> OnTableNull
4079 AchieveCleanShot shot4 -> CleanShotNull
4081 AchieveHolding right shot4 -> PickUp 6240 6244 6246
4084 AchieveHandEmpty left -> HandEmptyNull
4137 AchieveHandEmpty left -> HandEmptyNull
4210 AchieveCleanShot shot3 -> CleanShotNull
4222 AchieveHolding right shot3 -> PickUp 6393 6408 6434
4319 AchieveHandEmpty left -> HandEmptyNull
4514 AchieveCleanShot shot2 -> CleanShotNull
4528 AchieveHolding left shot2 -> PickUp 6694 6710 6739
4731 AchieveCleanShot shot2 -> CleanEmptyShot 6790 6797 6832
4746 AchieveHolding right shot2 -> PickUp 6937 6950 6983
4804 AchieveHandEmpty left -> HandEmptyNull
4868 AchieveHandEmpty left -> HandEmptyNull
5073 AchieveCleanShot shot1 -> CleanShotNull
5091 AchieveHolding left shot1 -> PickUp 7258 7277 7306
5160 AchieveHandEmpty right -> HandEmptyNull
5224 AchieveHandEmpty right -> HandEmptyNull
5309 AchieveCleanShot shot1 -> CleanEmptyShot 7358 7364 7399
5326 AchieveHolding right shot1 -> HoldingNull
5406 AchieveHandEmpty left -> HandEmptyNull
5673 AchieveCleanShot shot5 -> CleanShotNull
5694 AchieveHolding right shot5 -> PickUp 7862 7878 7907
5839 AchieveHandEmpty left -> HandEmptyNull
5924 AchieveCleanShot shot5 -> CleanEmptyShot 7959 7965 7999
5945 AchieveHolding right shot5 -> PickUp 8139 8152 8184
6036 AchieveHandEmpty left -> HandEmptyNull
6240 AchieveHandEmpty right -> HandEmptyNull
6244 AchieveOnTable shot4 -> OnTableNull
6260 AchieveOnTable shot4 -> PutDown 6261
6393 AchieveHandEmpty right -> HandEmptyNull
6408 AchieveOnTable shot3 -> OnTableNull
6457 AchieveHandEmpty left -> EmptyHand 6458
6470 AchieveOnTable shot3 -> PutDown 6471
6487 AchieveHandEmpty left -> EmptyHand 6488
6501 AchieveHandEmpty right -> EmptyHand 6502
6520 DoPourShakerToShot shaker1 shot3 cocktail1 -> pour_shaker_to_shot_action 6521
6538 AchieveHandEmpty left -> EmptyHand 6539
6694 AchieveHandEmpty left -> HandEmptyNull
6710 AchieveOnTable shot2 -> OnTableNull
6763 AchieveHandEmpty right -> EmptyHand 6764
6790 AchieveHolding left shot2 -> HoldingNull
6797 AchieveHandEmpty right -> HandEmptyNull
6937 AchieveHandEmpty right -> HandEmptyNull
6950 AchieveOnTable shot2 -> PutDown 6951
7020 AchieveOnTable shot2 -> PutDown 7021
7040 AchieveHandEmpty left -> EmptyHand 7041
7046 AchieveHandEmpty right -> EmptyHand 7047
7075 DoPourShakerToShot shaker1 shot2 cocktail2 -> pour_shaker_to_shot_action 7076
7093 AchieveHandEmpty right -> EmptyHand 7094
7258 AchieveHandEmpty left -> EmptyHand 7259
7277 AchieveOnTable shot1 -> OnTableNull
7345 AchieveOnTable shot1 -> PutDown 7346
7358 AchieveHolding right shot1 -> HoldingNull
7364 AchieveHandEmpty left -> HandEmptyNull
7620 AchieveHandEmpty right -> EmptyHand 7621
7635 AchieveHandEmpty right -> EmptyHand 7636
7664 DoPourShakerToShot shaker1 shot4 cocktail3 -> pour_shaker_to_shot_action 7665
7682 AchieveHandEmpty right -> EmptyHand 7683
7862 AchieveHandEmpty right -> HandEmptyNull
7878 AchieveOnTable shot5 -> OnTableNull
7930 AchieveHandEmpty left -> EmptyHand 7931
7945 AchieveOnTable shot5 -> PutDown 7946
7959 AchieveHolding left shot5 -> HoldingNull
7965 AchieveHandEmpty right -> HandEmptyNull
8139 AchieveHandEmpty right -> HandEmptyNull
8152 AchieveOnTable shot5 -> PutDown 8153
8232 AchieveHandEmpty right -> EmptyHand 8233
8248 AchieveHandEmpty right -> EmptyHand 8249
8277 DoPourShakerToShot shaker1 shot1 cocktail4 -> pour_shaker_to_shot_action 8278
<==
0.519 End of solution plan. (counted length of 83)
0.519 Total amount of clauses encoded: 31577
0.519 - directframeaxioms : 13242 cls
0.519 - qfactsemantics : 5846 cls
0.519 - indirectframeaxioms : 4382 cls
0.519 - actionconstraints : 1749 cls
0.519 - expansions : 1361 cls
0.519 - predecessors : 1297 cls
0.519 - atmostoneelement : 1266 cls
0.519 - reductionconstraints : 1203 cls
0.519 - actioneffects : 655 cls
0.519 - substitutionconstraints : 394 cls
0.519 - truefacts : 104 cls
0.519 - qconstequality : 76 cls
0.519 - axiomaticops : 2 cls
0.519 # instantiated positions: 495
0.519 # instantiated actions: 1036
0.519 # instantiated reductions: 265
0.519 # introduced pseudo-constants: 285
0.519 # retroactive prunings: 0
0.519 # retroactively pruned operations: 0
0.519 # dominated operations: 0
0.519 Exiting happily (no cleaning up).

RUNWATCH_RESULT EXIT RETVAL 0 TIME_SECS 0.528564 MEMPEAK_KBS 672
