    _           _         _
   \ |         \ |       | |                       
   | |     __  | |      _| |______                
   | |     \/  | |     /_   ______\                
   | |      _  | |   __  | |  ___   ___   ___       
   | |___  | | | |  / .\ | | / , | |   \ / ·_\    
   \_____\ |_| |__\ \__/ |_| \___) |_|_| \___\  
[39mL i l o t a n e  version rls-glucose4
by Dominik Schreiber <dominik.schreiber@kit.edu> 2020-2021
using SAT solver glucose4

0.005 Parser finished.
0.005 Structures extracted.
0.005 19 operators and 12 methods created.
0.008 Mined 0 new reduction preconditions (+0.0%).
0.008 Iteration 0.
0.008 Creating initial layer of size 2
0.009 Attempting to solve formula with 3 clauses (3 literals) and 1 assumptions
0.009 Unsolvable at layer 0 -- expanding.
0.009 Iteration 1.
0.009 New layer size: 2
0.009 Instantiating ...
0.010 Collected 0 relevant facts at this layer
0.010 Encoding ...
0.010 Attempting to solve formula with 8 clauses (12 literals) and 1 assumptions
0.010 Unsolvable at layer 1 -- expanding.
0.010 Iteration 2.
0.010 New layer size: 3
0.010 Instantiating ...
0.010 Collected 4 relevant facts at this layer
0.010 Encoding ...
0.010 Attempting to solve formula with 33 clauses (61 literals) and 1 assumptions
0.010 Unsolvable at layer 2 -- expanding.
0.010 Iteration 3.
0.011 New layer size: 5
0.011 Instantiating ...
0.013 Collected 57 relevant facts at this layer
0.013 Encoding ...
0.013 Attempting to solve formula with 446 clauses (1079 literals) and 3 assumptions
0.013 Unsolvable at layer 3 -- expanding.
0.013 Iteration 4.
0.013 New layer size: 9
0.013 Instantiating ...
0.016 Collected 100 relevant facts at this layer
0.016 Encoding ...
0.018 Attempting to solve formula with 1457 clauses (4042 literals) and 4 assumptions
0.018 Unsolvable at layer 4 -- expanding.
0.018 Iteration 5.
0.018 New layer size: 14
0.018 Instantiating ...
0.024 Collected 141 relevant facts at this layer
0.024 Encoding ...
0.027 Attempting to solve formula with 3752 clauses (10965 literals) and 6 assumptions
0.027 Unsolvable at layer 5 -- expanding.
0.027 Iteration 6.
0.027 New layer size: 25
0.027 Instantiating ...
0.038 Collected 181 relevant facts at this layer
0.038 Encoding ...
0.045 Attempting to solve formula with 9519 clauses (28381 literals) and 11 assumptions
0.045 Unsolvable at layer 6 -- expanding.
0.045 Iteration 7.
0.045 New layer size: 43
0.045 Instantiating ...
0.066 Collected 190 relevant facts at this layer
0.066 Encoding ...
0.079 Attempting to solve formula with 20309 clauses (59794 literals) and 21 assumptions
0.079 Unsolvable at layer 7 -- expanding.
0.079 Iteration 8.
0.079 New layer size: 77
0.079 Instantiating ...
0.117 Collected 197 relevant facts at this layer
0.117 Encoding ...
0.142 Attempting to solve formula with 40511 clauses (118988 literals) and 37 assumptions
0.142 Unsolvable at layer 8 -- expanding.
0.142 Iteration 9.
0.142 New layer size: 135
0.142 Instantiating ...
0.208 Collected 199 relevant facts at this layer
0.208 Encoding ...
0.253 Attempting to solve formula with 75444 clauses (221625 literals) and 64 assumptions
0.254 Unsolvable at layer 9 -- expanding.
0.254 Iteration 10.
0.254 New layer size: 237
0.254 Instantiating ...
0.372 Collected 199 relevant facts at this layer
0.372 Encoding ...
0.452 Attempting to solve formula with 138602 clauses (408083 literals) and 109 assumptions
0.452 Unsolvable at layer 10 -- expanding.
0.452 Iteration 11.
0.453 New layer size: 412
0.453 Instantiating ...
0.653 Collected 199 relevant facts at this layer
0.654 Encoding ...
0.793 Attempting to solve formula with 247219 clauses (730752 literals) and 190 assumptions
0.819 Unsolvable at layer 11 -- expanding.
0.819 Iteration 12.
0.819 New layer size: 717
0.819 Instantiating ...
1.170 Collected 199 relevant facts at this layer
1.170 Encoding ...
1.416 Attempting to solve formula with 437400 clauses (1296818 literals) and 330 assumptions
1.426 Unsolvable at layer 12 -- expanding.
1.426 Iteration 13.
1.428 New layer size: 1250
1.428 Instantiating ...
2.063 Collected 199 relevant facts at this layer
2.063 Encoding ...
2.597 Attempting to solve formula with 768767 clauses (2283942 literals) and 577 assumptions
2.599 Unsolvable at layer 13 -- expanding.
2.599 Iteration 14.
2.601 New layer size: 2178
2.601 Instantiating ...
3.694 Collected 199 relevant facts at this layer
3.694 Encoding ...
4.597 Attempting to solve formula with 1347438 clauses (4007810 literals) and 1006 assumptions
4.601 Unsolvable at layer 14 -- expanding.
4.601 Iteration 15.
4.605 New layer size: 3800
4.605 Instantiating ...
6.613 Collected 199 relevant facts at this layer
6.614 Encoding ...
8.179 Attempting to solve formula with 2357351 clauses (7017591 literals) and 1756 assumptions
8.186 Unsolvable at layer 15 -- expanding.
8.186 Iteration 16.
8.193 New layer size: 6624
8.193 Instantiating ...
11.656 Collected 199 relevant facts at this layer
11.656 Encoding ...
14.328 Attempting to solve formula with 4118588 clauses (12266161 literals) and 3059 assumptions
14.513 Unsolvable at layer 16 -- expanding.
14.513 Iteration 17.
14.525 New layer size: 11551
14.525 Instantiating ...
20.442 Collected 199 relevant facts at this layer
20.442 Encoding ...
25.434 Attempting to solve formula with 7190487 clauses (21423688 literals) and 5333 assumptions
25.865 Unsolvable at layer 17 -- expanding.
25.865 Iteration 18.
25.886 New layer size: 20136
25.886 Instantiating ...
36.051 Collected 199 relevant facts at this layer
36.051 Encoding ...
44.540 Attempting to solve formula with 12547337 clauses (37391398 literals) and 9299 assumptions
44.914 Unsolvable at layer 18 -- expanding.
44.914 Iteration 19.
44.949 New layer size: 35115
44.949 Instantiating ...
62.907 Collected 199 relevant facts at this layer
62.907 Encoding ...
79.030 Attempting to solve formula with 21889948 clauses (65241200 literals) and 16217 assumptions
79.779 Unsolvable at layer 19 -- expanding.
79.779 Iteration 20.
79.841 New layer size: 61227
79.841 Instantiating ...
111.195 Collected 199 relevant facts at this layer
111.195 Encoding ...
140.589 Attempting to solve formula with 38178449 clauses (113794767 literals) and 28278 assumptions
141.501 Unsolvable at layer 20 -- expanding.
141.501 Iteration 21.
141.608 New layer size: 106761
141.608 Instantiating ...
141.996 Termination signal caught.
141.996 Total amount of clauses encoded: 38178449
141.996 - directframeaxioms : 22310196 cls
141.996 - indirectframeaxioms : 5183348 cls
141.996 - qfactsemantics : 4381702 cls
141.996 - reductionconstraints : 2641456 cls
141.996 - substitutionconstraints : 738100 cls
141.996 - actionconstraints : 711851 cls
141.996 - atmostoneelement : 686382 cls
141.996 - expansions : 526774 cls
141.996 - predecessors : 453087 cls
141.996 - qconstequality : 434158 cls
141.996 - actioneffects : 111194 cls
141.996 - truefacts : 199 cls
141.996 - axiomaticops : 2 cls
141.996 # instantiated positions: 144177
141.996 # instantiated actions: 300127
141.996 # instantiated reductions: 154959
141.996 # introduced pseudo-constants: 138848
141.996 # retroactive prunings: 0
141.996 # retroactively pruned operations: 0
141.996 # dominated operations: 1188
141.996 # total invalid rigid preconditions found in getPFC: 0
141.996 # invalid rigid preconditions found in getPFC: 0
141.996 # invalid rigid preconditions found in getPFC in varrestrictions: 0
141.996 # total invalid fluent preconditions found in getPFC: 0
141.996 # invalid fluent preconditions found in getPFC: 0
141.996 # invalid fluent preconditions found in getPFC in varrestrictions: 0
141.996 # invalid fluent preconditions found in getPFC via postconditions: 0
141.996 # invalid operations found in getPFC via subtasks: 0
141.996 # invalid operations found in getPFC via postconditions: 0
141.996 # number effects in operation fact_frames: 151
141.996 # number of variables restricted: 0
141.996 # number of nodes variables restricted: 0
141.996 Exiting happily.

RUNWATCH_RESULT MEMOUT RETVAL 0 TIME_SECS 143.09 MEMPEAK_KBS 16099268
