    _           _         _
   \ |         \ |       | |                       
   | |     __  | |      _| |______                
   | |     \/  | |     /_   ______\                
   | |      _  | |   __  | |  ___   ___   ___       
   | |___  | | | |  / .\ | | / , | |   \ / ·_\    
   \_____\ |_| |__\ \__/ |_| \___) |_|_| \___\  
[39mL i l o t a n e  version rls-glucose4
by Dominik Schreiber <dominik.schreiber@kit.edu> 2020-2021
using SAT solver glucose4

1.908 Parser finished.
1.909 Structures extracted.
1.909 25 operators and 25 methods created.
2.057 Mined 5 new reduction preconditions (+10.2%).
2.057 Iteration 0.
2.057 Creating initial layer of size 2
2.080 Attempting to solve formula with 3 clauses (3 literals) and 1 assumptions
2.080 Unsolvable at layer 0 -- expanding.
2.080 Iteration 1.
2.080 New layer size: 2
2.080 Instantiating ...
2.119 Collected 0 relevant facts at this layer
2.119 Encoding ...
2.120 Attempting to solve formula with 8 clauses (12 literals) and 1 assumptions
2.120 Unsolvable at layer 1 -- expanding.
2.120 Iteration 2.
2.120 New layer size: 7
2.120 Instantiating ...
2.207 Collected 0 relevant facts at this layer
2.207 Encoding ...
2.209 Attempting to solve formula with 28 clauses (46 literals) and 6 assumptions
2.209 Unsolvable at layer 2 -- expanding.
2.209 Iteration 3.
2.209 New layer size: 13
2.209 Instantiating ...
2.394 Collected 396 relevant facts at this layer
2.394 Encoding ...
2.406 Attempting to solve formula with 18912 clauses (54317 literals) and 12 assumptions
2.406 Unsolvable at layer 3 -- expanding.
2.406 Iteration 4.
2.406 New layer size: 25
2.406 Instantiating ...
3.115 Collected 406 relevant facts at this layer
3.115 Encoding ...
3.181 Attempting to solve formula with 146386 clauses (422957 literals) and 22 assumptions
3.181 Unsolvable at layer 4 -- expanding.
3.181 Iteration 5.
3.181 New layer size: 45
3.181 Instantiating ...
5.075 Collected 752 relevant facts at this layer
5.075 Encoding ...
5.323 Attempting to solve formula with 702442 clauses (2055336 literals) and 42 assumptions
5.323 Unsolvable at layer 5 -- expanding.
5.323 Iteration 6.
5.323 New layer size: 86
5.323 Instantiating ...
11.977 Collected 766 relevant facts at this layer
11.977 Encoding ...
12.834 Attempting to solve formula with 2432119 clauses (7187626 literals) and 83 assumptions
12.836 Unsolvable at layer 6 -- expanding.
12.836 Iteration 7.
12.836 New layer size: 169
12.836 Instantiating ...
35.608 Collected 783 relevant facts at this layer
35.608 Encoding ...
38.189 Attempting to solve formula with 7135485 clauses (21424408 literals) and 166 assumptions
38.191 Unsolvable at layer 7 -- expanding.
38.191 Iteration 8.
38.191 New layer size: 331
38.191 Instantiating ...
105.586 Collected 801 relevant facts at this layer
105.586 Encoding ...
111.888 Attempting to solve formula with 18307750 clauses (56053731 literals) and 328 assumptions
111.894 Unsolvable at layer 8 -- expanding.
111.894 Iteration 9.
111.894 New layer size: 647
111.894 Instantiating ...
149.287 Retroactively prune action (__REPEATED_removeblock l-1-1-4 stone)@(8,63): no children at offset 0
149.287 Retroactively prune action (removeblock l-1-3-4 stone)@(8,63): no children at offset 0
149.287 Retroactively prune action (__REPEATED_removeblock l-1-2-4 stone)@(8,63): no children at offset 0
170.568 Retroactively prune action (__REPEATED_removeblock l-2-1-4 stone)@(8,95): no children at offset 0
170.568 Retroactively prune action (removeblock l-2-2-4 stone)@(8,95): no children at offset 0
170.836 Retroactively prune reduction (place-block-abstract-3 l-2-3-4 stone stone Q_8,95_location:0_a6c0357e48a97586)@(8,95): no children at offset 0
178.877 Retroactively prune action (removeblock l-3-1-4 stone)@(8,111): no children at offset 0
179.059 Retroactively prune reduction (place-block-abstract-3 l-3-2-4 stone stone Q_8,111_location:0_a6c0357e48a97586)@(8,111): no children at offset 0
181.712 Retroactively prune reduction (place-block-abstract-3 l-4-1-4 stone stone Q_8,119_location:0_a6c0357e48a97586)@(8,119): no children at offset 0
182.589 Retroactively prune action (__REPEATED_removeblock l-1-3-3 stone)@(8,126): no children at offset 0
182.589 Retroactively prune action (__REPEATED_removeblock l-1-3-2 stone)@(8,126): no children at offset 0
182.589 Retroactively prune action (removeblock l-1-3-1 stone)@(8,126): no children at offset 0
182.949 Retroactively prune reduction (place-block-abstract-3 l-1-3-0 stone stone Q_8,126_location:0_a6c0357e48a97586)@(8,126): no children at offset 0
206.073 Retroactively prune action (removeblock l-2-3-2 stone)@(8,158): no children at offset 0
206.073 Retroactively prune action (__REPEATED_removeblock l-2-3-3 stone)@(8,158): no children at offset 0
206.345 Retroactively prune reduction (place-block-abstract-3 l-2-3-1 stone stone Q_8,158_location:0_a6c0357e48a97586)@(8,158): no children at offset 0
214.805 Retroactively prune action (removeblock l-3-3-3 stone)@(8,174): no children at offset 0
214.985 Retroactively prune reduction (place-block-abstract-3 l-3-3-2 stone stone Q_8,174_location:0_a6c0357e48a97586)@(8,174): no children at offset 0
217.902 Retroactively prune reduction (place-block-abstract-3 l-4-3-3 stone stone Q_8,182_location:0_a6c0357e48a97586)@(8,182): no children at offset 0
218.754 Retroactively prune action (__REPEATED_removeblock l-1-2-0 stone)@(8,189): no children at offset 0
218.754 Retroactively prune action (__REPEATED_removeblock l-1-1-0 stone)@(8,189): no children at offset 0
239.788 Retroactively prune action (removeblock l-2-1-0 stone)@(8,221): no children at offset 0
239.788 Retroactively prune action (__REPEATED_removeblock l-2-2-0 stone)@(8,221): no children at offset 0
248.099 Retroactively prune action (removeblock l-3-2-0 stone)@(8,237): no children at offset 0
248.282 Retroactively prune reduction (place-block-abstract-3 l-3-1-0 stone stone Q_8,237_location:0_a6c0357e48a97586)@(8,237): no children at offset 0
250.942 Retroactively prune reduction (place-block-abstract-3 l-4-2-0 stone stone Q_8,245_location:0_a6c0357e48a97586)@(8,245): no children at offset 0
259.181 Retroactively prune action (removeblock l-7-0-3 stone)@(8,270): no children at offset 0
259.181 Retroactively prune action (__REPEATED_removeblock l-7-0-1 stone)@(8,270): no children at offset 0
259.181 Retroactively prune action (__REPEATED_removeblock l-7-0-2 stone)@(8,270): no children at offset 0
259.181 Retroactively prune action (__REPEATED_removeblock l-7-0-0 stone)@(8,270): no children at offset 0
259.539 Retroactively prune reduction (place-block-abstract-3 l-7-0-4 stone stone Q_8,270_location:0_a6c0357e48a97586)@(8,270): no children at offset 0
282.683 Retroactively prune action (__REPEATED_removeblock l-7-1-1 stone)@(8,302): no children at offset 0
282.683 Retroactively prune action (removeblock l-7-1-2 stone)@(8,302): no children at offset 0
282.683 Retroactively prune action (__REPEATED_removeblock l-7-1-0 stone)@(8,302): no children at offset 0
282.952 Retroactively prune reduction (place-block-abstract-3 l-7-1-3 stone stone Q_8,302_location:0_a6c0357e48a97586)@(8,302): no children at offset 0
291.410 Retroactively prune action (removeblock l-7-2-1 stone)@(8,318): no children at offset 0
291.410 Retroactively prune action (__REPEATED_removeblock l-7-2-0 stone)@(8,318): no children at offset 0
291.590 Retroactively prune reduction (place-block-abstract-3 l-7-2-2 stone stone Q_8,318_location:0_a6c0357e48a97586)@(8,318): no children at offset 0
294.427 Retroactively prune action (removeblock l-7-3-0 stone)@(8,326): no children at offset 0
294.522 Retroactively prune reduction (place-block-abstract-3 l-7-3-1 stone stone Q_8,326_location:0_a6c0357e48a97586)@(8,326): no children at offset 0
295.185 Collected 818 relevant facts at this layer
295.185 Encoding ...
309.829 Attempting to solve formula with 43006670 clauses (134489663 literals) and 644 assumptions
309.842 Unsolvable at layer 9 -- expanding.
309.842 Iteration 10.
309.843 New layer size: 1229
309.843 Instantiating ...
761.349 Collected 830 relevant facts at this layer
761.349 Encoding ...
796.460 Attempting to solve formula with 96647843 clauses (307970570 literals) and 1226 assumptions
796.484 Unsolvable at layer 10 -- expanding.
796.484 Iteration 11.
796.485 New layer size: 2325
796.485 Instantiating ...
1657.525 Termination signal caught.
1657.525 Total amount of clauses encoded: 96647843
1657.525 - reductionconstraints : 51899286 cls
1657.525 - actionconstraints : 20196313 cls
1657.525 - substitutionconstraints : 13464215 cls
1657.525 - indirectframeaxioms : 3203922 cls
1657.525 - qfactsemantics : 2847552 cls
1657.525 - qconstequality : 2670566 cls
1657.525 - directframeaxioms : 2004406 cls
1657.525 - atmostoneelement : 276039 cls
1657.525 - predecessors : 34035 cls
1657.525 - expansions : 33375 cls
1657.525 - actioneffects : 17164 cls
1657.525 - truefacts : 830 cls
1657.525 - forbiddenoperations : 138 cls
1657.525 - axiomaticops : 2 cls
1657.525 # instantiated positions: 4511
1657.525 # instantiated actions: 35028
1657.525 # instantiated reductions: 24871
1657.525 # introduced pseudo-constants: 10449
1657.525 # retroactive prunings: 40
1657.525 # retroactively pruned operations: 138
1657.525 # dominated operations: 3
1657.525 # total invalid rigid preconditions found in getPFC: 3177
1657.525 # invalid rigid preconditions found in getPFC: 2307
1657.525 # invalid rigid preconditions found in getPFC in varrestrictions: 870
1657.525 # total invalid fluent preconditions found in getPFC: 1720
1657.525 # invalid fluent preconditions found in getPFC: 860
1657.525 # invalid fluent preconditions found in getPFC in varrestrictions: 860
1657.525 # invalid fluent preconditions found in getPFC via postconditions: 0
1657.525 # invalid subtasks found in getPFC: 0
1657.525 # number effects in operation fact_frames: 175
1657.525 # number of variables restricted: 2362336
1657.525 Exiting happily.

RUNWATCH_RESULT MEMOUT RETVAL 0 TIME_SECS 1658.71 MEMPEAK_KBS 16009556
