    _           _         _
   \ |         \ |       | |                       
   | |     __  | |      _| |______                
   | |     \/  | |     /_   ______\                
   | |      _  | |   __  | |  ___   ___   ___       
   | |___  | | | |  / .\ | | / , | |   \ / ·_\    
   \_____\ |_| |__\ \__/ |_| \___) |_|_| \___\  
[39mL i l o t a n e  version rls-glucose4
by Dominik Schreiber <dominik.schreiber@kit.edu> 2020-2021
using SAT solver glucose4

0.004 Parser finished.
0.004 Structures extracted.
0.004 20 operators and 16 methods created.
0.013 Mined 11 new reduction preconditions (+31.4%).
0.013 Iteration 0.
0.013 Creating initial layer of size 2
0.014 Attempting to solve formula with 17 clauses (24 literals) and 1 assumptions
0.014 Unsolvable at layer 0 -- expanding.
0.014 Iteration 1.
0.014 New layer size: 5
0.014 Instantiating ...
0.063 Collected 45 relevant facts at this layer
0.063 Encoding ...
0.064 Attempting to solve formula with 880 clauses (2330 literals) and 4 assumptions
0.064 Unsolvable at layer 1 -- expanding.
0.064 Iteration 2.
0.064 New layer size: 9
0.064 Instantiating ...
0.161 Collected 65 relevant facts at this layer
0.161 Encoding ...
0.164 Attempting to solve formula with 3297 clauses (9340 literals) and 4 assumptions
0.164 Unsolvable at layer 2 -- expanding.
0.164 Iteration 3.
0.164 New layer size: 21
0.164 Instantiating ...
0.323 Collected 69 relevant facts at this layer
0.323 Encoding ...
0.330 Attempting to solve formula with 9243 clauses (27398 literals) and 8 assumptions
0.330 Unsolvable at layer 3 -- expanding.
0.330 Iteration 4.
0.330 New layer size: 37
0.330 Instantiating ...
0.598 Collected 69 relevant facts at this layer
0.598 Encoding ...
0.608 Attempting to solve formula with 18407 clauses (54853 literals) and 12 assumptions
0.609 Unsolvable at layer 4 -- expanding.
0.609 Iteration 5.
0.609 New layer size: 65
0.609 Instantiating ...
1.040 Collected 69 relevant facts at this layer
1.041 Encoding ...
1.060 Attempting to solve formula with 34009 clauses (101815 literals) and 20 assumptions
1.061 Unsolvable at layer 5 -- expanding.
1.061 Iteration 6.
1.061 New layer size: 109
1.061 Instantiating ...
1.762 Collected 69 relevant facts at this layer
1.762 Encoding ...
1.794 Attempting to solve formula with 59148 clauses (177242 literals) and 32 assumptions
1.795 Unsolvable at layer 6 -- expanding.
1.795 Iteration 7.
1.795 New layer size: 181
1.795 Instantiating ...
2.940 Collected 69 relevant facts at this layer
2.940 Encoding ...
2.998 Attempting to solve formula with 100255 clauses (300613 literals) and 52 assumptions
3.000 Unsolvable at layer 7 -- expanding.
3.000 Iteration 8.
3.000 New layer size: 297
3.000 Instantiating ...
4.842 Collected 69 relevant facts at this layer
4.843 Encoding ...
4.958 Attempting to solve formula with 166866 clauses (500390 literals) and 84 assumptions
4.962 Unsolvable at layer 8 -- expanding.
4.962 Iteration 9.
4.962 New layer size: 485
4.962 Instantiating ...
7.965 Collected 69 relevant facts at this layer
7.965 Encoding ...
8.136 Attempting to solve formula with 274949 clauses (824517 literals) and 136 assumptions
8.139 Unsolvable at layer 9 -- expanding.
8.139 Iteration 10.
8.140 New layer size: 789
8.140 Instantiating ...
13.059 Collected 69 relevant facts at this layer
13.059 Encoding ...
13.340 Attempting to solve formula with 450008 clauses (1349400 literals) and 220 assumptions
13.346 Unsolvable at layer 10 -- expanding.
13.346 Iteration 11.
13.347 New layer size: 1281
13.347 Instantiating ...
21.264 Collected 69 relevant facts at this layer
21.264 Encoding ...
21.765 Attempting to solve formula with 733515 clauses (2199389 literals) and 356 assumptions
21.781 Unsolvable at layer 11 -- expanding.
21.781 Iteration 12.
21.782 New layer size: 2077
21.782 Instantiating ...
34.531 Collected 69 relevant facts at this layer
34.531 Encoding ...
35.247 Attempting to solve formula with 1192446 clauses (3575240 literals) and 576 assumptions
35.307 Unsolvable at layer 12 -- expanding.
35.307 Iteration 13.
35.307 New layer size: 3365
35.308 Instantiating ...
56.154 Collected 69 relevant facts at this layer
56.154 Encoding ...
57.363 Attempting to solve formula with 1935249 clauses (5802059 literals) and 932 assumptions
57.439 Unsolvable at layer 13 -- expanding.
57.439 Iteration 14.
57.444 New layer size: 5449
57.444 Instantiating ...
90.966 Collected 69 relevant facts at this layer
90.966 Encoding ...
93.059 Attempting to solve formula with 3137348 clauses (9405708 literals) and 1508 assumptions
93.210 Unsolvable at layer 14 -- expanding.
93.210 Iteration 15.
93.219 New layer size: 8821
93.219 Instantiating ...
147.472 Collected 69 relevant facts at this layer
147.472 Encoding ...
150.713 Attempting to solve formula with 5082615 clauses (15237155 literals) and 2440 assumptions
c last restart ## conflicts  :  27 211328 
152.755 Found a solution at layer 15.
==>
527671 unstack b5 b3 arm1
527677 putdown b5 arm1
527688 unstack b3 b2 arm1
527698 delete_goal_on_table b3
527704 mark_done b3
545076 putdown b3 arm1
545081 unstack b2 b1 arm1
545088 putdown b2 arm1
545099 unstack b1 b4 arm1
545106 delete_goal_on_table b1
545115 mark_done b1
547632 putdown b1 arm1
547636 pickup b5 arm1
547644 delete_goal_on b5 b1
547649 mark_done b5
548596 stack b5 b1 arm1
548600 pickup b4 arm1
548609 delete_goal_on b4 b5
548613 mark_done b4
548954 stack b4 b5 arm1
548957 pickup b2 arm1
548967 delete_goal_on b2 b4
548977 mark_done b2
549066 stack b2 b4 arm1
root 19 73 143 210
19 achieve-goals arm1 -> unstack-block 527670 346
73 achieve-goals arm2 -> set_done
143 achieve-goals arm3 -> set_done
210 achieve-goals arm4 -> set_done
346 release arm1 -> release-table 527676 747
747 achieve-goals arm1 -> unstack-block 527687 1843
1843 release arm1 -> release-table-done 527698 527704 545075 3479
3479 achieve-goals arm1 -> unstack-block 545080 6218
6218 release arm1 -> release-table 545087 10536
10536 achieve-goals arm1 -> unstack-block 545098 17710
17710 release arm1 -> release-table-done 545106 545115 547631 29407
29407 achieve-goals arm1 -> pickup-ready-block 547635 48281
48281 release arm1 -> release-stack 547644 547649 548595 78930
78930 achieve-goals arm1 -> pickup-ready-block 548599 128510
128510 release arm1 -> release-stack 548609 548613 548953 208824
208824 achieve-goals arm1 -> pickup-ready-block 548956 338785
338785 release arm1 -> release-stack 548967 548977 549065 549126
527670 acquire_abstract b5 arm1 -> newMethod16 527671
527676 putdown_abstract b5 -> newMethod14 527677
527687 acquire_abstract b3 arm1 -> newMethod16 527688
545075 putdown_abstract b3 -> newMethod14 545076
545080 acquire_abstract b2 arm1 -> newMethod16 545081
545087 putdown_abstract b2 -> newMethod14 545088
545098 acquire_abstract b1 arm1 -> newMethod16 545099
547631 putdown_abstract b1 -> newMethod14 547632
547635 acquire_abstract b5 arm1 -> newMethod13 547636
548595 stack_abstract b5 b1 -> newMethod15 548596
548599 acquire_abstract b4 arm1 -> newMethod13 548600
548953 stack_abstract b4 b5 -> newMethod15 548954
548956 acquire_abstract b2 arm1 -> newMethod13 548957
549065 stack_abstract b2 b4 -> newMethod15 549066
549126 achieve-goals arm1 -> set_done
<==
153.060 End of solution plan. (counted length of 24)
153.060 Total amount of clauses encoded: 5082615
153.060 - directframeaxioms : 1439760 cls
153.060 - qfactsemantics : 929713 cls
153.060 - reductionconstraints : 855127 cls
153.060 - indirectframeaxioms : 758602 cls
153.060 - atmostoneelement : 427625 cls
153.060 - expansions : 165218 cls
153.060 - predecessors : 139391 cls
153.060 - actionconstraints : 115685 cls
153.060 - qconstequality : 95690 cls
153.060 - actioneffects : 78413 cls
153.060 - substitutionconstraints : 77320 cls
153.060 - truefacts : 69 cls
153.060 - axiomaticops : 2 cls
153.060 # instantiated positions: 22992
153.060 # instantiated actions: 95643
153.060 # instantiated reductions: 43749
153.060 # introduced pseudo-constants: 20385
153.060 # retroactive prunings: 0
153.060 # retroactively pruned operations: 0
153.060 # dominated operations: 2
153.060 # total invalid rigid preconditions found in getPFC: 0
153.060 # invalid rigid preconditions found in getPFC: 0
153.060 # invalid rigid preconditions found in getPFC in varrestrictions: 0
153.060 # total invalid fluent preconditions found in getPFC: 71
153.060 # invalid fluent preconditions found in getPFC: 64
153.060 # invalid fluent preconditions found in getPFC in varrestrictions: 7
153.060 # invalid fluent preconditions found in getPFC via postconditions: 0
153.060 # invalid subtasks found in getPFC: 0
153.060 # number effects in operation fact_frames: 230
153.060 # number of variables restricted: 6784226
153.060 # number of nodes variables restricted: 3445105
153.060 Exiting happily.

RUNWATCH_RESULT EXIT RETVAL 0 TIME_SECS 153.191 MEMPEAK_KBS 1777856
