pandaPIparser is configured as follows
  Colors in output: true
  Mode: parsing mode
  Parameter splitting: true
  Conditional effects: exponential encoding
  Disjunctive preconditions as HTN: false
  Replace goal with action: false
  Output: pandaPI format
TUUP sort_for_tree_133716
General Options
  Print timings: false
  Quiet mode: false
Inference Options
  H2 mutexes: false
  FAM groups: false
Transformation Options
  Add zero-cost no-op to empty methods: true
  Remove duplicate actions: true
  Remove useless literals: true
  Expand abstract tasks with one method: true
  Remove empty method preconditions: true
  Two regularisation: false
  Compile negative SAS variables: false
Runtime Optimisations
  Hierarchy Typing: true
  Future Caching: false
  Static Precondition Checking: false
Output Options
  Panda planner format: true
  HDDL: false
  SAS for Fast Downward (without hierarchy): false
Output Formatting Options
  Output only SAS+ variables: false
  SAS+ delete mode: as input
Reading input from /home/schnell/lilotane/sotaevaluation//PandaSAT_runwatchtime_timeout1800_2021-11-16_15:47:18/runwatch_log/67/67.parsed.
Writing output to /home/schnell/lilotane/sotaevaluation//PandaSAT_runwatchtime_timeout1800_2021-11-16_15:47:18/runwatch_log/67/67.sas.
Writing output to standard output.
Parsing done.
Conditional Effects expanded
done.
Starting Hierarchy Typing
Total 2.299ms
Contains 0.192ms
Restrict 0.324ms
MPrep 0.402ms
Finished Hierarchy Typing
Running PG.
Process actions without preconditions
Done.
 ---> Disabling potentially consistent extension checking for action:           73 (SHOP_methodm_get_out_unload_precondition)
 ---> Disabling potentially consistent extension checking for action:           66 (SHOP_methodm_get_to_person_drives_themself_precondition)
 ---> Disabling potentially consistent extension checking for action:           67 (SHOP_methodm_get_to_vehicle_gets_driven_precondition)
 ---> Disabling potentially consistent extension checking for action:           68 (SHOP_methodm_get_to_as_cargo_precondition)
 ---> Disabling potentially consistent extension checking for action:           69 (SHOP_methodm_get_to_with_ambulance_precondition)
 ---> Disabling potentially consistent extension checking for action:           5 (climb_out)
 ---> Disabling potentially consistent extension checking for action:           71 (SHOP_methodm_get_in_ambulatory_person_precondition)
 ---> Disabling potentially consistent extension checking for action:           3 (navegate_vehicle)
 ---> Disabling potentially consistent extension checking for action:           70 (SHOP_methodm_drive_to_precondition)
 ---> Disabling potentially consistent extension checking for action:           4 (climb_in)
Returning from runGpg().
PG done. Postprocessing
PG postprocessing done.
Calculated [128856] grounded tasks and [2605] reachable facts.
Running TDG.
Process actions without preconditions
Done.
 ---> Disabling potentially consistent extension checking for action:           43 (m_get_in_ambulatory_person)
 ---> Disabling potentially consistent extension checking for action:           52 (_splitting_method_m_get_to_as_cargo_splitted_7)
 ---> Disabling potentially consistent extension checking for action:           46 (m_get_out_unload)
 ---> Disabling potentially consistent extension checking for action:           44 (m_get_in_load_in)
 ---> Disabling potentially consistent extension checking for action:           54 (_splitting_method_m_get_to_with_ambulance_splitted_8)
 ---> Disabling potentially consistent extension checking for action:           37 (m_emt_treat)
 ---> Disabling potentially consistent extension checking for action:           95 (_splitting_method_m_tow_to_splitted_17)
 ---> Disabling potentially consistent extension checking for action:           49 (m_get_to_person_drives_themself)
 ---> Disabling potentially consistent extension checking for action:           51 (m_get_to_vehicle_gets_driven)
 ---> Disabling potentially consistent extension checking for action:           53 (m_get_to_as_cargo)
 ---> Disabling potentially consistent extension checking for action:           55 (m_get_to_with_ambulance)
 ---> Disabling potentially consistent extension checking for action:           66 (m_provide_temp_heat_local_electricity)
 ---> Disabling potentially consistent extension checking for action:           39 (m_fix_water_main)
Returning from runGpg().
TDG done.
Calculated [159011] grounded tasks and [138589] grounded decomposition methods.
Performing DFS.
DFS done.
After DFS: 85844 tasks, 73347 methods.
Grounded PG:
Input was [63746, 85844], output was [63746, 2550].
Simplifying instance.
Removing useless facts/literals
Removing method precondition actions whose precondition is empty
Expanding abstract tasks with only one method
Starting duplicate elimination.
Data structure build.
0 duplicates found.
Duplicates replaced in methods.
Further Mutex Groups: 0 strict 0 non strict
Writing instance to output.
Final Statistics: F 958 S 0 SC 0 SM 0 NSM 0 I 0 P 63746 S 0 A 4080 M 55329
Exiting.
Random seed: 42
Time limit: 1800 seconds
Reading input from /home/schnell/lilotane/sotaevaluation//PandaSAT_runwatchtime_timeout1800_2021-11-16_15:47:18/runwatch_log/67/67.sas.
- State has 958 bits divided into 958 mutex groups.
- Domain contains 63746 actions.
- Domain contains 67826 tasks.
- Domain contains 55329 methods.
- The initial state contains 354 set bits.
- The initial task is "__top[]".
- State-based goal contains 1 bits.
- Instance is totally-ordered: yes
- Instance has unique paths: yes
- Instance is parallel sequences: yes
Calculate SCCs...
- Number of SCCs: 67814
- The problem is cyclic
- Number of cyclic SCCs: 1
- Number of cyclic SCCs of size 1: 0

Extracting invariants from parsed model
Extracted 0 invariants.
Starting resolution.
After resolution we have 0 invariants, taking 0.014ms.

Computing invariants [Rintanen]
Initial candidates build (1375209)
Round 1: 1375209 invariants remaining
  1374444 / 1375209 remaining after 20000 of 63746
  1374180 / 1375209 remaining after 30000 of 63746
  1374142 / 1375209 remaining after 40000 of 63746
  1374114 / 1375209 remaining after 45000 of 63746
  1374114 / 1375209 remaining after 50000 of 63746
Round 2: 537857 invariants remaining
  537345 / 537857 remaining after 5000 of 63746
  537241 / 537857 remaining after 10000 of 63746
  537213 / 537857 remaining after 15000 of 63746
  537082 / 537857 remaining after 20000 of 63746
  536990 / 537857 remaining after 25000 of 63746
  536951 / 537857 remaining after 30000 of 63746
  536927 / 537857 remaining after 35000 of 63746
  536873 / 537857 remaining after 40000 of 63746
  536823 / 537857 remaining after 45000 of 63746
  536823 / 537857 remaining after 50000 of 63746
  536761 / 537857 remaining after 55000 of 63746
  536703 / 537857 remaining after 60000 of 63746
Round 3: 32632 invariants remaining
  32557 / 32632 remaining after 5000 of 63746
  32538 / 32632 remaining after 10000 of 63746
  32538 / 32632 remaining after 15000 of 63746
  32497 / 32632 remaining after 20000 of 63746
  32497 / 32632 remaining after 25000 of 63746
  32497 / 32632 remaining after 30000 of 63746
  32497 / 32632 remaining after 35000 of 63746
  32496 / 32632 remaining after 40000 of 63746
  32495 / 32632 remaining after 45000 of 63746
  32495 / 32632 remaining after 50000 of 63746
  32493 / 32632 remaining after 55000 of 63746
  32492 / 32632 remaining after 60000 of 63746
Round 4: 26160 invariants remaining
  26115 / 26160 remaining after 5000 of 63746
  26115 / 26160 remaining after 10000 of 63746
  26115 / 26160 remaining after 15000 of 63746
  26091 / 26160 remaining after 20000 of 63746
  26090 / 26160 remaining after 25000 of 63746
  26090 / 26160 remaining after 30000 of 63746
  26090 / 26160 remaining after 35000 of 63746
  26090 / 26160 remaining after 40000 of 63746
  26090 / 26160 remaining after 45000 of 63746
  26090 / 26160 remaining after 50000 of 63746
  26076 / 26160 remaining after 55000 of 63746
  26076 / 26160 remaining after 60000 of 63746
Round 5: 22267 invariants remaining
  22241 / 22267 remaining after 5000 of 63746
  22241 / 22267 remaining after 10000 of 63746
  22241 / 22267 remaining after 15000 of 63746
  22241 / 22267 remaining after 20000 of 63746
  22216 / 22267 remaining after 25000 of 63746
  22216 / 22267 remaining after 30000 of 63746
  22216 / 22267 remaining after 35000 of 63746
  22216 / 22267 remaining after 40000 of 63746
  22216 / 22267 remaining after 45000 of 63746
  22216 / 22267 remaining after 50000 of 63746
  22205 / 22267 remaining after 55000 of 63746
  22205 / 22267 remaining after 60000 of 63746
Round 6: 16655 invariants remaining
  16605 / 16655 remaining after 5000 of 63746
  16598 / 16655 remaining after 10000 of 63746
  16598 / 16655 remaining after 15000 of 63746
  16597 / 16655 remaining after 20000 of 63746
  16575 / 16655 remaining after 25000 of 63746
  16575 / 16655 remaining after 30000 of 63746
  16575 / 16655 remaining after 35000 of 63746
  16575 / 16655 remaining after 40000 of 63746
  16575 / 16655 remaining after 45000 of 63746
  16575 / 16655 remaining after 50000 of 63746
  16564 / 16655 remaining after 55000 of 63746
  16564 / 16655 remaining after 60000 of 63746
Round 7: 14552 invariants remaining
  14552 / 14552 remaining after 5000 of 63746
  14547 / 14552 remaining after 10000 of 63746
  14547 / 14552 remaining after 15000 of 63746
  14547 / 14552 remaining after 20000 of 63746
  14547 / 14552 remaining after 25000 of 63746
  14547 / 14552 remaining after 30000 of 63746
  14547 / 14552 remaining after 35000 of 63746
  14547 / 14552 remaining after 40000 of 63746
  14547 / 14552 remaining after 45000 of 63746
  14547 / 14552 remaining after 50000 of 63746
  14547 / 14552 remaining after 55000 of 63746
  14547 / 14552 remaining after 60000 of 63746
Round 8: 14532 invariants remaining
  14532 / 14532 remaining after 5000 of 63746
Found 14532 invariants in 1612.4ms
Calculate SCCs...
- Number of SCCs: 67814
- The problem is cyclic
- Number of cyclic SCCs: 1
- Number of cyclic SCCs of size 1: 0
Hallo


Instance is totally ordered: yes
[33mStarting SAT-based planner[m
Using SAT solver: cryptominisat-5.8.0
Encode Mutexes:    yes
Block Compression: yes
Pruning:           ff




[33mGenerating formula for depth 1[m
Computing PDT took: 0.028 ms
Computed PDT. Extracting leafs ... 1 leafs
Clear pruning tables ... done.
[34mPruning round [m1 Phase: 1
FF Pruning: removed 0 of 0
Pruning: 2 of 2
Leaf Primitive Pruning: 0 of 0
Initial abstract task is pruned: [31mUNSAT[m


[33mGenerating formula for depth 2[m
Computing PDT took: 1.45 ms
Computed PDT. Extracting leafs ... 12 leafs
Clear pruning tables ... done.
[34mPruning round [m1 Phase: 1
FF Pruning: removed 0 of 0
Pruning: 629 of 629
Leaf Primitive Pruning: 212 of 212
Initial abstract task is pruned: [31mUNSAT[m


[33mGenerating formula for depth 3[m
Computing PDT took: 4.96 ms
Computed PDT. Extracting leafs ... 35 leafs
Clear pruning tables ... done.
[34mPruning round [m1 Phase: 1
FF Pruning: removed 33 of 90
[34mPruning round [m2 Phase: 1
FF Pruning: removed 0 of 57
Pruning: 2267 of 2281
Leaf Primitive Pruning: 605 of 614
Pruning gave 0 new invariants
Assigning variable IDs for PDT ... done. 65 new variables.
Decomposition Clauses generated.
Pruned clauses.
Block compression leads to 1 timesteps.
Decomp formula generated
State atoms
State formula
Matching
Invar time: 2.96ms SM: 0 M: 0 I: 0 SI: 14532
[34mFormula: [m88 decomposition 2880 state 14532 mutex
Formula has 1981 vars and 17500 clauses.
Formula time: 10.609ms
Starting solver
Solver time: 0.041ms
Solver state: [31mUNSAT[m


[33mGenerating formula for depth 4[m
Computing PDT took: 25.898 ms
Computed PDT. Extracting leafs ... 90 leafs
Clear pruning tables ... done.
[34mPruning round [m1 Phase: 1
FF Pruning: removed 1699 of 2756
[34mPruning round [m2 Phase: 1
FF Pruning: removed 0 of 1057
Pruning: 15504 of 17193
Leaf Primitive Pruning: 7727 of 8664
Pruning gave 0 new invariants
Assigning variable IDs for PDT ... done. 3135 new variables.
Decomposition Clauses generated.
Pruned clauses.
Block compression leads to 6 timesteps.
Decomp formula generated
State atoms
State formula
Matching
Invar time: 13.787ms SM: 0 M: 0 I: 0 SI: 14532
[34mFormula: [m109276 decomposition 16308 state 87192 mutex
Formula has 11831 vars and 230276 clauses.
Formula time: 72.797ms
Starting solver
Solver time: 0.035ms
Solver state: [31mUNSAT[m


[33mGenerating formula for depth 5[m
Computing PDT took: 161.200 ms
Computed PDT. Extracting leafs ... 197 leafs
Clear pruning tables ... done.
[34mPruning round [m1 Phase: 1
FF Pruning: removed 10869 of 24854
[34mPruning round [m2 Phase: 1
FF Pruning: removed 0 of 13985
Pruning: 100664 of 118180
Leaf Primitive Pruning: 81191 of 93874
Pruning gave 0 new invariants
Assigning variable IDs for PDT ... done. 29386 new variables.
Decomposition Clauses generated.
Pruned clauses.
Block compression leads to 12 timesteps.
Decomp formula generated
State atoms
State formula
Matching
Invar time: 29.700ms SM: 0 M: 0 I: 0 SI: 14532
[34mFormula: [m479496 decomposition 86771 state 174384 mutex
Formula has 53865 vars and 970927 clauses.
Formula time: 347.294ms
Starting solver
Solver time: 0.065ms
Solver state: [31mUNSAT[m


[33mGenerating formula for depth 6[m
Computing PDT took: 232.191 ms
Computed PDT. Extracting leafs ... 385 leafs
Clear pruning tables ... done.
[34mPruning round [m1 Phase: 1
FF Pruning: removed 32322 of 152821
[34mPruning round [m2 Phase: 1
FF Pruning: removed 0 of 120499
Pruning: 136061 of 308277
Leaf Primitive Pruning: 91276 of 202050
Pruning gave 0 new invariants
Assigning variable IDs for PDT ... done. 260689 new variables.
Decomposition Clauses generated.
Pruned clauses.
Block compression leads to 36 timesteps.
Decomp formula generated
State atoms
State formula
Matching
Invar time: 76.677ms SM: 0 M: 0 I: 0 SI: 14532
[34mFormula: [m3546742 decomposition 543975 state 523152 mutex
Formula has 351040 vars and 5584796 clauses.
Formula time: 1350.342ms
Starting solver
Solver time: 0.682ms
Solver state: [31mUNSAT[m


[33mGenerating formula for depth 7[m
Computing PDT took: 512.817 ms
Computed PDT. Extracting leafs ... 649 leafs
Clear pruning tables ... done.
[34mPruning round [m1 Phase: 1
FF Pruning: removed 35691 of 312856
[34mPruning round [m2 Phase: 1
FF Pruning: removed 0 of 277165
Pruning: 291386 of 662919
Leaf Primitive Pruning: 200364 of 434816
Pruning gave 0 new invariants
Assigning variable IDs for PDT ... done. 421507 new variables.
Decomposition Clauses generated.
Pruned clauses.
Block compression leads to 90 timesteps.
Decomp formula generated
State atoms
State formula
Matching
Invar time: 229.646ms SM: 0 M: 0 I: 0 SI: 14532
[34mFormula: [m7732996 decomposition 1243885 state 1307880 mutex
Formula has 861969 vars and 15869557 clauses.
Formula time: 2949.814ms
Starting solver
Solver time: 1.258ms
Solver state: [31mUNSAT[m


[33mGenerating formula for depth 8[m
Computing PDT took: 731.254 ms
Computed PDT. Extracting leafs ... 989 leafs
Clear pruning tables ... done.
[34mPruning round [m1 Phase: 1
FF Pruning: removed 35401 of 648269
[34mPruning round [m2 Phase: 1
FF Pruning: removed 0 of 612868
Pruning: 389198 of 1211282
Leaf Primitive Pruning: 251065 of 772733
Pruning gave 0 new invariants
Assigning variable IDs for PDT ... done. 949411 new variables.
Decomposition Clauses generated.
Pruned clauses.
Block compression leads to 177 timesteps.
Decomp formula generated
State atoms
State formula
Matching
Invar time: 952.237ms SM: 0 M: 0 I: 0 SI: 14532
[34mFormula: [m17173325 decomposition 2700373 state 2572164 mutex
Formula has 1986695 vars and 38315419 clauses.
Formula time: 6489.025ms
Starting solver
Solver time: 167.861ms
Solver state: [31mUNSAT[m


[33mGenerating formula for depth 9[m
Computing PDT took: 766.704 ms
Computed PDT. Extracting leafs ... 1407 leafs
Clear pruning tables ... done.
[34mPruning round [m1 Phase: 1
FF Pruning: removed 35740 of 1038709
[34mPruning round [m2 Phase: 1
FF Pruning: removed 0 of 1002969
Pruning: 406950 of 1881771
Leaf Primitive Pruning: 220099 of 1113949
Pruning gave 0 new invariants
Assigning variable IDs for PDT ... done. 1513696 new variables.
Decomposition Clauses generated.
Pruned clauses.
Block compression leads to 291 timesteps.
Decomp formula generated
State atoms
State formula
Matching
Invar time: 1611.280ms SM: 0 M: 0 I: 0 SI: 14532
[34mFormula: [m30228440 decomposition 4661796 state 4228812 mutex
Formula has 3788249 vars and 77434467 clauses.
Formula time: 10512.587ms
Starting solver
Solver time: 1517.963ms
Solver state: [32mSAT[m
==>
0 SHOP_methodm_clear_road_tree_precondition[strong,airport,tree_133716]
1 SHOP_methodm_get_to_person_drives_themself_precondition[wcrew1,strong,wtruck1,texaco1]
2 SHOP_methodm_drive_to_precondition[wtruck1,texaco1,wcrew1]
3 p_1Navegate_vehicle[]
4 p_2Place_cones[]
5 SHOP_methodm_clear_tree_precondition[tree_133716,strong]
6 SHOP_methodm_get_to_as_cargo_precondition[tcrew1,strong,mendon_pond,pvan2]
7 SHOP_methodm_get_to_vehicle_gets_driven_precondition[pvan2,mendon_pond,airport,pu2]
8 SHOP_methodm_drive_to_precondition[pvan2,airport,pu2]
9 p_3Navegate_vehicle[]
10 SHOP_methodm_get_in_ambulatory_person_precondition[tcrew1,mendon_pond,pvan2]
11 p_4Climb_in[]
12 SHOP_methodm_get_to_vehicle_gets_driven_precondition[pvan2,strong,mendon_pond,pu2]
13 SHOP_methodm_drive_to_precondition[pvan2,mendon_pond,pu2]
14 p_5Navegate_vehicle[]
15 p_6Climb_out[]
16 cut_tree[tcrew1,tree_133716]
17 SHOP_methodm_get_to_as_cargo_precondition[tree_133716,henrietta_dump,strong,dtruck1]
18 SHOP_methodm_get_to_vehicle_gets_driven_precondition[dtruck1,strong,texaco1,tdriver1]
19 SHOP_methodm_drive_to_precondition[dtruck1,texaco1,tdriver1]
20 navegate_vehicle[tdriver1,dtruck1,strong,texaco1]
21 SHOP_methodm_get_in_load_in_precondition[tree_133716,strong,dtruck1,ccrew1]
22 SHOP_methodm_get_to_as_cargo_precondition[ccrew1,strong,mendon_pond,van1]
23 SHOP_methodm_get_to_vehicle_gets_driven_precondition[van1,mendon_pond,henrietta_dump,pcrew1]
24 SHOP_methodm_drive_to_precondition[van1,henrietta_dump,pcrew1]
25 navegate_vehicle[pcrew1,van1,mendon_pond,henrietta_dump]
26 SHOP_methodm_get_in_load_in_precondition[ccrew1,mendon_pond,van1,emt1]
27 SHOP_methodm_get_to_person_drives_themself_precondition[emt1,mendon_pond,amb1,texaco1]
28 SHOP_methodm_drive_to_precondition[amb1,texaco1,emt1]
29 navegate_vehicle[emt1,amb1,mendon_pond,texaco1]
30 load[emt1,ccrew1,van1,mendon_pond]
31 SHOP_methodm_get_to_vehicle_gets_driven_precondition[van1,strong,mendon_pond,pcrew1]
32 SHOP_methodm_drive_to_precondition[van1,mendon_pond,pcrew1]
33 navegate_vehicle[pcrew1,van1,strong,mendon_pond]
34 SHOP_methodm_get_out_unload_precondition[van1,strong,emt1,ccrew1]
35 SHOP_methodm_get_to_person_drives_themself_precondition[emt1,strong,amb1,mendon_pond]
36 SHOP_methodm_drive_to_precondition[amb1,mendon_pond,emt1]
37 navegate_vehicle[emt1,amb1,strong,mendon_pond]
38 unload[emt1,ccrew1,van1,strong]
39 p_7Load[]
40 SHOP_methodm_get_to_vehicle_gets_driven_precondition[dtruck1,henrietta_dump,strong,tdriver1]
41 SHOP_methodm_drive_to_precondition[dtruck1,strong,tdriver1]
42 p_8Navegate_vehicle[]
43 SHOP_methodm_get_out_unload_precondition[dtruck1,henrietta_dump,wcrew1,tree_133716]
44 SHOP_methodm_get_to_as_cargo_precondition[wcrew1,henrietta_dump,strong,ttruck1]
45 SHOP_methodm_get_to_vehicle_gets_driven_precondition[ttruck1,strong,mendon_pond,ttdriver1]
46 SHOP_methodm_drive_to_precondition[ttruck1,mendon_pond,ttdriver1]
47 navegate_vehicle[ttdriver1,ttruck1,strong,mendon_pond]
48 SHOP_methodm_get_in_ambulatory_person_precondition[wcrew1,strong,ttruck1]
49 p_9Climb_in[]
50 SHOP_methodm_get_to_vehicle_gets_driven_precondition[ttruck1,henrietta_dump,strong,ttdriver1]
51 SHOP_methodm_drive_to_precondition[ttruck1,strong,ttdriver1]
52 p_10Navegate_vehicle[]
53 p_11Climb_out[]
54 p_12Unload[]
55 SHOP_methodm_get_to_as_cargo_precondition[wcrew1,strong,henrietta_dump,pvan1]
56 SHOP_methodm_get_to_already_there_precondition[pvan1,henrietta_dump]
57 SHOP_methodm_get_in_load_in_precondition[wcrew1,henrietta_dump,pvan1,emt1]
58 SHOP_methodm_get_to_as_cargo_precondition[emt1,henrietta_dump,strong,pvan2]
59 SHOP_methodm_get_to_already_there_precondition[pvan2,strong]
60 SHOP_methodm_get_in_ambulatory_person_precondition[emt1,strong,pvan2]
61 climb_in[emt1,pvan2,strong]
62 SHOP_methodm_get_to_vehicle_gets_driven_precondition[pvan2,henrietta_dump,strong,pu2]
63 SHOP_methodm_drive_to_precondition[pvan2,strong,pu2]
64 navegate_vehicle[pu2,pvan2,henrietta_dump,strong]
65 climb_out[emt1,pvan2,henrietta_dump]
66 load[emt1,wcrew1,pvan1,henrietta_dump]
67 SHOP_methodm_get_to_vehicle_gets_driven_precondition[pvan1,strong,henrietta_dump,pu2]
68 SHOP_methodm_drive_to_precondition[pvan1,henrietta_dump,pu2]
69 navegate_vehicle[pu2,pvan1,strong,henrietta_dump]
70 SHOP_methodm_get_out_unload_precondition[pvan1,strong,emt1,wcrew1]
71 SHOP_methodm_get_to_as_cargo_precondition[emt1,strong,henrietta_dump,van1]
72 SHOP_methodm_get_to_vehicle_gets_driven_precondition[van1,henrietta_dump,strong,pcrew1]
73 SHOP_methodm_drive_to_precondition[van1,strong,pcrew1]
74 navegate_vehicle[pcrew1,van1,henrietta_dump,strong]
75 SHOP_methodm_get_in_ambulatory_person_precondition[emt1,henrietta_dump,van1]
76 climb_in[emt1,van1,henrietta_dump]
77 SHOP_methodm_get_to_vehicle_gets_driven_precondition[van1,strong,henrietta_dump,pcrew1]
78 SHOP_methodm_drive_to_precondition[van1,henrietta_dump,pcrew1]
79 p_13Navegate_vehicle[]
80 climb_out[emt1,van1,strong]
81 unload[emt1,wcrew1,pvan1,strong]
82 pickup_cones[wcrew1]
root 83
83 __top[] -> __top_method 84
84 tlt[] -> <m_tlt_clear_road_tree;clear_road_tree[strong,airport];<m_clear_road_tree;clear_tree[tree_133716];m_clear_tree;2;0,1,-1,-2,-3,3>;0;-1,-2,-3,-4,-5,-6> 0 85 91 16 106 149
85 set_up_cones[strong,airport] -> m_set_up_cones 86 90
86 get_to[wcrew1,strong] -> m_get_to_person_drives_themself 87 88
87 m_get_to_person_drives_themself_splitted_5[wcrew1,strong,wtruck1] -> _splitting_method_m_get_to_person_drives_themself_splitted_5 1
88 drive_to[wcrew1,wtruck1,strong] -> m_drive_to 2 89
89 cnavegate_vehicle[wcrew1,wtruck1,strong,texaco1] -> prefix_1 3
90 cplace_cones[wcrew1] -> prefix_2 4
91 m_clear_tree_splitted_3[tcrew1,tree_133716] -> _splitting_method_m_clear_tree_splitted_3 5 92
92 get_to[tcrew1,strong] -> m_get_to_as_cargo 93 98 100 104
93 m_get_to_as_cargo_splitted_7[pvan2,tcrew1,strong] -> _splitting_method_m_get_to_as_cargo_splitted_7 6 94
94 get_to[pvan2,mendon_pond] -> m_get_to_vehicle_gets_driven 95 96
95 m_get_to_vehicle_gets_driven_splitted_6[pvan2,mendon_pond,pu2] -> _splitting_method_m_get_to_vehicle_gets_driven_splitted_6 7
96 drive_to[pu2,pvan2,mendon_pond] -> m_drive_to 8 97
97 cnavegate_vehicle[pu2,pvan2,mendon_pond,airport] -> prefix_3 9
98 get_in[tcrew1,pvan2] -> m_get_in_ambulatory_person 10 99
99 cclimb_in[tcrew1,pvan2,mendon_pond] -> prefix_4 11
100 get_to[pvan2,strong] -> m_get_to_vehicle_gets_driven 101 102
101 m_get_to_vehicle_gets_driven_splitted_6[pvan2,strong,pu2] -> _splitting_method_m_get_to_vehicle_gets_driven_splitted_6 12
102 drive_to[pu2,pvan2,strong] -> m_drive_to 13 103
103 cnavegate_vehicle[pu2,pvan2,strong,mendon_pond] -> prefix_5 14
104 get_out[tcrew1,pvan2] -> m_get_out_ambulatory_person 105
105 cclimb_out[tcrew1,pvan2,strong] -> prefix_6 15
106 remove_blockage[tree_133716] -> m_remove_blockage_carry_away 107
107 get_to[tree_133716,henrietta_dump] -> m_get_to_as_cargo 108 112 130 134
108 m_get_to_as_cargo_splitted_7[dtruck1,tree_133716,henrietta_dump] -> _splitting_method_m_get_to_as_cargo_splitted_7 17 109
109 get_to[dtruck1,strong] -> m_get_to_vehicle_gets_driven 110 111
110 m_get_to_vehicle_gets_driven_splitted_6[dtruck1,strong,tdriver1] -> _splitting_method_m_get_to_vehicle_gets_driven_splitted_6 18
111 drive_to[tdriver1,dtruck1,strong] -> <m_drive_to;cnavegate_vehicle[tdriver1,dtruck1,strong,texaco1];regular_4;1;0,-1> 19 20
112 get_in[tree_133716,dtruck1] -> m_get_in_load_in 21 113 129
113 get_to[ccrew1,strong] -> m_get_to_as_cargo 114 118 122 125
114 m_get_to_as_cargo_splitted_7[van1,ccrew1,strong] -> _splitting_method_m_get_to_as_cargo_splitted_7 22 115
115 get_to[van1,mendon_pond] -> m_get_to_vehicle_gets_driven 116 117
116 m_get_to_vehicle_gets_driven_splitted_6[van1,mendon_pond,pcrew1] -> _splitting_method_m_get_to_vehicle_gets_driven_splitted_6 23
117 drive_to[pcrew1,van1,mendon_pond] -> <m_drive_to;cnavegate_vehicle[pcrew1,van1,mendon_pond,henrietta_dump];regular_4;1;0,-1> 24 25
118 get_in[ccrew1,van1] -> <m_get_in_load_in;cload[emt1,ccrew1,van1,mendon_pond];regular_5;2;0,1,-1> 26 119 30
119 get_to[emt1,mendon_pond] -> m_get_to_person_drives_themself 120 121
120 m_get_to_person_drives_themself_splitted_5[emt1,mendon_pond,amb1] -> _splitting_method_m_get_to_person_drives_themself_splitted_5 27
121 drive_to[emt1,amb1,mendon_pond] -> <m_drive_to;cnavegate_vehicle[emt1,amb1,mendon_pond,texaco1];regular_4;1;0,-1> 28 29
122 get_to[van1,strong] -> m_get_to_vehicle_gets_driven 123 124
123 m_get_to_vehicle_gets_driven_splitted_6[van1,strong,pcrew1] -> _splitting_method_m_get_to_vehicle_gets_driven_splitted_6 31
124 drive_to[pcrew1,van1,strong] -> <m_drive_to;cnavegate_vehicle[pcrew1,van1,strong,mendon_pond];regular_4;1;0,-1> 32 33
125 get_out[ccrew1,van1] -> <m_get_out_unload;cunload[emt1,ccrew1,van1,strong];regular_6;2;0,1,-1> 34 126 38
126 get_to[emt1,strong] -> m_get_to_person_drives_themself 127 128
127 m_get_to_person_drives_themself_splitted_5[emt1,strong,amb1] -> _splitting_method_m_get_to_person_drives_themself_splitted_5 35
128 drive_to[emt1,amb1,strong] -> <m_drive_to;cnavegate_vehicle[emt1,amb1,strong,mendon_pond];regular_4;1;0,-1> 36 37
129 cload[ccrew1,tree_133716,dtruck1,strong] -> prefix_7 39
130 get_to[dtruck1,henrietta_dump] -> m_get_to_vehicle_gets_driven 131 132
131 m_get_to_vehicle_gets_driven_splitted_6[dtruck1,henrietta_dump,tdriver1] -> _splitting_method_m_get_to_vehicle_gets_driven_splitted_6 40
132 drive_to[tdriver1,dtruck1,henrietta_dump] -> m_drive_to 41 133
133 cnavegate_vehicle[tdriver1,dtruck1,henrietta_dump,strong] -> prefix_8 42
134 get_out[tree_133716,dtruck1] -> m_get_out_unload 43 135 148
135 get_to[wcrew1,henrietta_dump] -> m_get_to_as_cargo 136 140 142 146
136 m_get_to_as_cargo_splitted_7[ttruck1,wcrew1,henrietta_dump] -> _splitting_method_m_get_to_as_cargo_splitted_7 44 137
137 get_to[ttruck1,strong] -> m_get_to_vehicle_gets_driven 138 139
138 m_get_to_vehicle_gets_driven_splitted_6[ttruck1,strong,ttdriver1] -> _splitting_method_m_get_to_vehicle_gets_driven_splitted_6 45
139 drive_to[ttdriver1,ttruck1,strong] -> <m_drive_to;cnavegate_vehicle[ttdriver1,ttruck1,strong,mendon_pond];regular_4;1;0,-1> 46 47
140 get_in[wcrew1,ttruck1] -> m_get_in_ambulatory_person 48 141
141 cclimb_in[wcrew1,ttruck1,strong] -> prefix_9 49
142 get_to[ttruck1,henrietta_dump] -> m_get_to_vehicle_gets_driven 143 144
143 m_get_to_vehicle_gets_driven_splitted_6[ttruck1,henrietta_dump,ttdriver1] -> _splitting_method_m_get_to_vehicle_gets_driven_splitted_6 50
144 drive_to[ttdriver1,ttruck1,henrietta_dump] -> m_drive_to 51 145
145 cnavegate_vehicle[ttdriver1,ttruck1,henrietta_dump,strong] -> prefix_10 52
146 get_out[wcrew1,ttruck1] -> m_get_out_ambulatory_person 147
147 cclimb_out[wcrew1,ttruck1,henrietta_dump] -> prefix_11 53
148 cunload[wcrew1,tree_133716,dtruck1,henrietta_dump] -> prefix_12 54
149 take_down_cones[strong,airport] -> m_take_down_cones 150 82
150 get_to[wcrew1,strong] -> m_get_to_as_cargo 151 153 162 165
151 m_get_to_as_cargo_splitted_7[pvan1,wcrew1,strong] -> _splitting_method_m_get_to_as_cargo_splitted_7 55 152
152 get_to[pvan1,henrietta_dump] -> m_get_to_already_there 56
153 get_in[wcrew1,pvan1] -> <m_get_in_load_in;cload[emt1,wcrew1,pvan1,henrietta_dump];regular_5;2;0,1,-1> 57 154 66
154 get_to[emt1,henrietta_dump] -> m_get_to_as_cargo 155 157 158 161
155 m_get_to_as_cargo_splitted_7[pvan2,emt1,henrietta_dump] -> _splitting_method_m_get_to_as_cargo_splitted_7 58 156
156 get_to[pvan2,strong] -> m_get_to_already_there 59
157 get_in[emt1,pvan2] -> <m_get_in_ambulatory_person;cclimb_in[emt1,pvan2,strong];regular_1;1;0,-1> 60 61
158 get_to[pvan2,henrietta_dump] -> m_get_to_vehicle_gets_driven 159 160
159 m_get_to_vehicle_gets_driven_splitted_6[pvan2,henrietta_dump,pu2] -> _splitting_method_m_get_to_vehicle_gets_driven_splitted_6 62
160 drive_to[pu2,pvan2,henrietta_dump] -> <m_drive_to;cnavegate_vehicle[pu2,pvan2,henrietta_dump,strong];regular_4;1;0,-1> 63 64
161 get_out[emt1,pvan2] -> <m_get_out_ambulatory_person;cclimb_out[emt1,pvan2,henrietta_dump];regular_2;0;-1> 65
162 get_to[pvan1,strong] -> m_get_to_vehicle_gets_driven 163 164
163 m_get_to_vehicle_gets_driven_splitted_6[pvan1,strong,pu2] -> _splitting_method_m_get_to_vehicle_gets_driven_splitted_6 67
164 drive_to[pu2,pvan1,strong] -> <m_drive_to;cnavegate_vehicle[pu2,pvan1,strong,henrietta_dump];regular_4;1;0,-1> 68 69
165 get_out[wcrew1,pvan1] -> <m_get_out_unload;cunload[emt1,wcrew1,pvan1,strong];regular_6;2;0,1,-1> 70 166 81
166 get_to[emt1,strong] -> m_get_to_as_cargo 167 171 172 176
167 m_get_to_as_cargo_splitted_7[van1,emt1,strong] -> _splitting_method_m_get_to_as_cargo_splitted_7 71 168
168 get_to[van1,henrietta_dump] -> m_get_to_vehicle_gets_driven 169 170
169 m_get_to_vehicle_gets_driven_splitted_6[van1,henrietta_dump,pcrew1] -> _splitting_method_m_get_to_vehicle_gets_driven_splitted_6 72
170 drive_to[pcrew1,van1,henrietta_dump] -> <m_drive_to;cnavegate_vehicle[pcrew1,van1,henrietta_dump,strong];regular_4;1;0,-1> 73 74
171 get_in[emt1,van1] -> <m_get_in_ambulatory_person;cclimb_in[emt1,van1,henrietta_dump];regular_1;1;0,-1> 75 76
172 get_to[van1,strong] -> m_get_to_vehicle_gets_driven 173 174
173 m_get_to_vehicle_gets_driven_splitted_6[van1,strong,pcrew1] -> _splitting_method_m_get_to_vehicle_gets_driven_splitted_6 77
174 drive_to[pcrew1,van1,strong] -> m_drive_to 78 175
175 cnavegate_vehicle[pcrew1,van1,strong,henrietta_dump] -> prefix_13 79
176 get_out[emt1,van1] -> <m_get_out_ambulatory_person;cclimb_out[emt1,van1,strong];regular_2;0;-1> 80
<==

RUNWATCH_RESULT EXIT RETVAL 0 TIME_SECS 48.7886 MEMPEAK_KBS 3848
