    _           _         _
   \ |         \ |       | |                       
   | |     __  | |      _| |______                
   | |     \/  | |     /_   ______\                
   | |      _  | |   __  | |  ___   ___   ___       
   | |___  | | | |  / .\ | | / , | |   \ / ·_\    
   \_____\ |_| |__\ \__/ |_| \___) |_|_| \___\  
[39mL i l o t a n e  version rls-glucose4
by Dominik Schreiber <dominik.schreiber@kit.edu> 2020-2021
using SAT solver glucose4

0.018 Parser finished.
0.018 Structures extracted.
0.019 19 operators and 15 methods created.
0.062 Mined 11 new reduction preconditions (+8.9%).
0.062 Iteration 0.
0.062 Creating initial layer of size 2
0.144 Attempting to solve formula with 203 clauses (303 literals) and 1 assumptions
0.144 Unsolvable at layer 0 -- expanding.
0.144 Iteration 1.
0.144 New layer size: 2
0.144 Instantiating ...
0.419 Collected 100 relevant facts at this layer
0.419 Encoding ...
0.428 Attempting to solve formula with 1095 clauses (2778 literals) and 1 assumptions
0.428 Unsolvable at layer 1 -- expanding.
0.428 Iteration 2.
0.429 New layer size: 3
0.429 Instantiating ...
0.458 Retroactively prune action (__SURROGATE*newMethod9*pickup* Q_1,0_BLOCK:0_dfc09d10d62ab950) due to impossible effect !(on-table Q_1,0_BLOCK:0_dfc09d10d62ab950)
1.643 Collected 301 relevant facts at this layer
1.643 Encoding ...
1.658 Attempting to solve formula with 10146 clauses (29079 literals) and 1 assumptions
1.659 Unsolvable at layer 2 -- expanding.
1.659 Iteration 3.
1.659 New layer size: 6
1.659 Instantiating ...
2.763 Collected 9496 relevant facts at this layer
2.763 Encoding ...
2.932 Attempting to solve formula with 144491 clauses (473510 literals) and 3 assumptions
2.942 Unsolvable at layer 3 -- expanding.
2.942 Iteration 4.
2.942 New layer size: 11
2.942 Instantiating ...
5.222 Collected 9496 relevant facts at this layer
5.222 Encoding ...
5.701 Attempting to solve formula with 478345 clauses (1662605 literals) and 5 assumptions
5.724 Unsolvable at layer 4 -- expanding.
5.724 Iteration 5.
5.724 New layer size: 22
5.724 Instantiating ...
10.568 Collected 9496 relevant facts at this layer
10.568 Encoding ...
11.636 Attempting to solve formula with 1195842 clauses (4222683 literals) and 11 assumptions
11.648 Unsolvable at layer 5 -- expanding.
11.648 Iteration 6.
11.648 New layer size: 43
11.648 Instantiating ...
21.341 Collected 9496 relevant facts at this layer
21.341 Encoding ...
23.690 Attempting to solve formula with 2709114 clauses (9640404 literals) and 21 assumptions
23.716 Unsolvable at layer 6 -- expanding.
23.716 Iteration 7.
23.716 New layer size: 86
23.716 Instantiating ...
43.801 Collected 9496 relevant facts at this layer
43.801 Encoding ...
48.399 Attempting to solve formula with 5782744 clauses (20643821 literals) and 43 assumptions
48.519 Unsolvable at layer 7 -- expanding.
48.519 Iteration 8.
48.519 New layer size: 171
48.519 Instantiating ...
89.714 Collected 9496 relevant facts at this layer
89.715 Encoding ...
99.276 Attempting to solve formula with 12008280 clauses (42948214 literals) and 85 assumptions
99.716 Unsolvable at layer 8 -- expanding.
99.716 Iteration 9.
99.716 New layer size: 342
99.716 Instantiating ...
182.651 Collected 9496 relevant facts at this layer
182.651 Encoding ...
201.908 Attempting to solve formula with 24506438 clauses (87724975 literals) and 171 assumptions
202.418 Unsolvable at layer 9 -- expanding.
202.418 Iteration 10.
202.418 New layer size: 683
202.418 Instantiating ...
370.572 Collected 9496 relevant facts at this layer
370.572 Encoding ...
412.809 Attempting to solve formula with 49581030 clauses (177576056 literals) and 341 assumptions
413.647 Unsolvable at layer 10 -- expanding.
413.647 Iteration 11.
413.648 New layer size: 1366
413.648 Instantiating ...
636.146 Termination signal caught.
636.146 Total amount of clauses encoded: 49581030
636.146 - directframeaxioms : 19198462 cls
636.146 - qfactsemantics : 14444575 cls
636.146 - indirectframeaxioms : 11068340 cls
636.146 - reductionconstraints : 4231837 cls
636.146 - actionconstraints : 263829 cls
636.146 - substitutionconstraints : 158430 cls
636.146 - qconstequality : 145840 cls
636.146 - atmostoneelement : 33366 cls
636.146 - expansions : 11079 cls
636.146 - predecessors : 9818 cls
636.146 - truefacts : 9496 cls
636.146 - actioneffects : 5956 cls
636.146 - axiomaticops : 2 cls
636.146 # instantiated positions: 2240
636.146 # instantiated actions: 8886
636.146 # instantiated reductions: 7244
636.146 # introduced pseudo-constants: 2791
636.146 # retroactive prunings: 1
636.146 # retroactively pruned operations: 1
636.146 # dominated operations: 3
636.146 # total invalid rigid preconditions found in getPFC: 0
636.146 # invalid rigid preconditions found in getPFC: 0
636.146 # invalid rigid preconditions found in getPFC in varrestrictions: 0
636.146 # total invalid fluent preconditions found in getPFC: 18443
636.146 # invalid fluent preconditions found in getPFC: 51
636.146 # invalid fluent preconditions found in getPFC in varrestrictions: 6
636.146 # invalid fluent preconditions found in getPFC via postconditions: 18386
636.146 # invalid operations found in getPFC via subtasks: 0
636.146 # invalid operations found in getPFC via postconditions: 0
636.146 # number effects in operation fact_frames: 213
636.146 # number of variables restricted: 6497052
636.146 # number of nodes variables restricted: 427738
636.146 Exiting happily.

RUNWATCH_RESULT MEMOUT RETVAL 0 TIME_SECS 637.146 MEMPEAK_KBS 16027940
