    _           _         _
   \ |         \ |       | |                       
   | |     __  | |      _| |______                
   | |     \/  | |     /_   ______\                
   | |      _  | |   __  | |  ___   ___   ___       
   | |___  | | | |  / .\ | | / , | |   \ / ·_\    
   \_____\ |_| |__\ \__/ |_| \___) |_|_| \___\  
[39mL i l o t a n e  version rls-glucose4
by Dominik Schreiber <dominik.schreiber@kit.edu> 2020-2021
using SAT solver glucose4

0.341 Parser finished.
0.341 Structures extracted.
0.342 38 operators and 17 methods created.
0.365 Mined 30 new reduction preconditions (+96.8%).
0.365 Iteration 0.
0.365 Creating initial layer of size 2
0.376 Attempting to solve formula with 93 clauses (138 literals) and 1 assumptions
0.376 Unsolvable at layer 0 -- expanding.
0.376 Iteration 1.
0.376 New layer size: 46
0.376 Instantiating ...
0.720 Collected 45 relevant facts at this layer
0.720 Encoding ...
0.742 Attempting to solve formula with 24892 clauses (56641 literals) and 45 assumptions
0.743 Unsolvable at layer 1 -- expanding.
0.743 Iteration 2.
0.743 New layer size: 181
0.743 Instantiating ...
1.724 Collected 2277 relevant facts at this layer
1.724 Encoding ...
2.280 Attempting to solve formula with 533570 clauses (1676099 literals) and 102 assumptions
2.280 Unsolvable at layer 2 -- expanding.
2.280 Iteration 3.
2.281 New layer size: 328
2.281 Instantiating ...
5.957 Collected 2372 relevant facts at this layer
5.957 Encoding ...
7.312 Attempting to solve formula with 1983016 clauses (6578385 literals) and 102 assumptions
7.561 Unsolvable at layer 3 -- expanding.
7.561 Iteration 4.
7.561 New layer size: 577
7.561 Instantiating ...
19.239 Collected 2372 relevant facts at this layer
19.239 Encoding ...
23.170 Attempting to solve formula with 5128622 clauses (19239532 literals) and 102 assumptions
29.875 Unsolvable at layer 4 -- expanding.
29.875 Iteration 5.
29.876 New layer size: 883
29.876 Instantiating ...
47.669 Collected 2372 relevant facts at this layer
47.669 Encoding ...
54.065 Attempting to solve formula with 9563042 clauses (37655961 literals) and 102 assumptions
86.395 Unsolvable at layer 5 -- expanding.
86.395 Iteration 6.
86.396 New layer size: 1189
86.396 Instantiating ...
110.328 Collected 2372 relevant facts at this layer
110.328 Encoding ...
118.458 Attempting to solve formula with 14003375 clauses (56092927 literals) and 102 assumptions
c
c Try to adapt solver strategies
c 
c Nothing extreme in this problem, continue with glucose default strategies.
c
1800.085 Termination signal caught.
1800.085 Total amount of clauses encoded: 14003375
1800.085 - directframeaxioms : 4113940 cls
1800.085 - indirectframeaxioms : 4098724 cls
1800.085 - qfactsemantics : 3012590 cls
1800.085 - substitutionconstraints : 2168059 cls
1800.085 - reductionconstraints : 447964 cls
1800.085 - qconstequality : 129790 cls
1800.085 - expansions : 8393 cls
1800.085 - predecessors : 7706 cls
1800.085 - atmostoneelement : 6998 cls
1800.085 - actionconstraints : 4625 cls
1800.085 - truefacts : 2372 cls
1800.085 - actioneffects : 2212 cls
1800.085 - axiomaticops : 2 cls
1800.085 # instantiated positions: 3205
1800.085 # instantiated actions: 7151
1800.085 # instantiated reductions: 556
1800.085 # introduced pseudo-constants: 702
1800.085 # retroactive prunings: 0
1800.085 # retroactively pruned operations: 0
1800.085 # dominated operations: 0
1800.085 # total invalid rigid preconditions found in getPFC: 30
1800.085 # invalid rigid preconditions found in getPFC: 0
1800.085 # invalid rigid preconditions found in getPFC in varrestrictions: 30
1800.085 # total invalid fluent preconditions found in getPFC: 4
1800.085 # invalid fluent preconditions found in getPFC: 4
1800.085 # invalid fluent preconditions found in getPFC in varrestrictions: 0
1800.085 # invalid fluent preconditions found in getPFC via postconditions: 0
1800.085 # invalid subtasks found in getPFC: 0
1800.085 # number effects in operation fact_frames: 320
1800.085 # number of variables restricted: 3963
1800.085 Exiting happily.

RUNWATCH_RESULT TIMEOUT RETVAL 0 TIME_SECS 1800.41 MEMPEAK_KBS 6131208
