    _           _         _
   \ |         \ |       | |                       
   | |     __  | |      _| |______                
   | |     \/  | |     /_   ______\                
   | |      _  | |   __  | |  ___   ___   ___       
   | |___  | | | |  / .\ | | / , | |   \ / ·_\    
   \_____\ |_| |__\ \__/ |_| \___) |_|_| \___\  
[39mL i l o t a n e  version rls-glucose4
by Dominik Schreiber <dominik.schreiber@kit.edu> 2020-2021
using SAT solver glucose4

0.457 Parser finished.
0.459 Structures extracted.
0.460 18 operators and 15 methods created.
0.597 Mined 2 new reduction preconditions (+9.5%).
0.597 Iteration 0.
0.597 Creating initial layer of size 2
ROBIN_HOOD OVERFLOW
0.691 Attempting to solve formula with 3 clauses (3 literals) and 1 assumptions
0.691 Unsolvable at layer 0 -- expanding.
0.691 Iteration 1.
0.691 New layer size: 2
0.691 Instantiating ...
ROBIN_HOOD OVERFLOW
0.790 Collected 0 relevant facts at this layer
0.790 Encoding ...
0.800 Attempting to solve formula with 8 clauses (12 literals) and 1 assumptions
0.800 Unsolvable at layer 1 -- expanding.
0.800 Iteration 2.
0.801 New layer size: 7
0.801 Instantiating ...
ROBIN_HOOD OVERFLOW
ROBIN_HOOD OVERFLOW
ROBIN_HOOD OVERFLOW
ROBIN_HOOD OVERFLOW
ROBIN_HOOD OVERFLOW
1.186 Collected 0 relevant facts at this layer
1.186 Encoding ...
1.211 Attempting to solve formula with 28 clauses (46 literals) and 6 assumptions
1.211 Unsolvable at layer 2 -- expanding.
1.211 Iteration 3.
1.213 New layer size: 13
1.213 Instantiating ...
ROBIN_HOOD OVERFLOW
ROBIN_HOOD OVERFLOW
ROBIN_HOOD OVERFLOW
ROBIN_HOOD OVERFLOW
ROBIN_HOOD OVERFLOW
ROBIN_HOOD OVERFLOW
ROBIN_HOOD OVERFLOW
ROBIN_HOOD OVERFLOW
ROBIN_HOOD OVERFLOW
ROBIN_HOOD OVERFLOW
ROBIN_HOOD OVERFLOW
ROBIN_HOOD OVERFLOW
ROBIN_HOOD OVERFLOW
ROBIN_HOOD OVERFLOW
ROBIN_HOOD OVERFLOW
2.214 Collected 4 relevant facts at this layer
2.214 Encoding ...
2.285 Attempting to solve formula with 100 clauses (187 literals) and 10 assumptions
2.285 Unsolvable at layer 3 -- expanding.
2.285 Iteration 4.
2.285 New layer size: 23
2.285 Instantiating ...
ROBIN_HOOD OVERFLOW
ROBIN_HOOD OVERFLOW
ROBIN_HOOD OVERFLOW
ROBIN_HOOD OVERFLOW
ROBIN_HOOD OVERFLOW
ROBIN_HOOD OVERFLOW
ROBIN_HOOD OVERFLOW
ROBIN_HOOD OVERFLOW
ROBIN_HOOD OVERFLOW
ROBIN_HOOD OVERFLOW
ROBIN_HOOD OVERFLOW
ROBIN_HOOD OVERFLOW
ROBIN_HOOD OVERFLOW
ROBIN_HOOD OVERFLOW
ROBIN_HOOD OVERFLOW
3.273 Collected 14 relevant facts at this layer
3.273 Encoding ...
3.325 Attempting to solve formula with 544 clauses (1184 literals) and 20 assumptions
3.325 Unsolvable at layer 4 -- expanding.
3.325 Iteration 5.
3.325 New layer size: 43
3.325 Instantiating ...
ROBIN_HOOD OVERFLOW
ROBIN_HOOD OVERFLOW
ROBIN_HOOD OVERFLOW
ROBIN_HOOD OVERFLOW
ROBIN_HOOD OVERFLOW
ROBIN_HOOD OVERFLOW
ROBIN_HOOD OVERFLOW
ROBIN_HOOD OVERFLOW
ROBIN_HOOD OVERFLOW
ROBIN_HOOD OVERFLOW
ROBIN_HOOD OVERFLOW
ROBIN_HOOD OVERFLOW
ROBIN_HOOD OVERFLOW
ROBIN_HOOD OVERFLOW
ROBIN_HOOD OVERFLOW
4.353 Collected 34 relevant facts at this layer
4.353 Encoding ...
4.428 Attempting to solve formula with 2393 clauses (5356 literals) and 40 assumptions
4.428 Unsolvable at layer 5 -- expanding.
4.428 Iteration 6.
4.428 New layer size: 83
4.428 Instantiating ...
ROBIN_HOOD OVERFLOW
ROBIN_HOOD OVERFLOW
ROBIN_HOOD OVERFLOW
ROBIN_HOOD OVERFLOW
ROBIN_HOOD OVERFLOW
ROBIN_HOOD OVERFLOW
ROBIN_HOOD OVERFLOW
ROBIN_HOOD OVERFLOW
ROBIN_HOOD OVERFLOW
ROBIN_HOOD OVERFLOW
ROBIN_HOOD OVERFLOW
ROBIN_HOOD OVERFLOW
ROBIN_HOOD OVERFLOW
ROBIN_HOOD OVERFLOW
ROBIN_HOOD OVERFLOW
5.498 Collected 62 relevant facts at this layer
5.498 Encoding ...
5.559 Attempting to solve formula with 7871 clauses (17664 literals) and 80 assumptions
5.559 Unsolvable at layer 6 -- expanding.
5.559 Iteration 7.
5.559 New layer size: 158
5.559 Instantiating ...
ROBIN_HOOD OVERFLOW
ROBIN_HOOD OVERFLOW
ROBIN_HOOD OVERFLOW
ROBIN_HOOD OVERFLOW
ROBIN_HOOD OVERFLOW
ROBIN_HOOD OVERFLOW
ROBIN_HOOD OVERFLOW
ROBIN_HOOD OVERFLOW
ROBIN_HOOD OVERFLOW
ROBIN_HOOD OVERFLOW
6.302 Collected 100 relevant facts at this layer
6.302 Encoding ...
6.352 Attempting to solve formula with 20518 clauses (46196 literals) and 155 assumptions
6.352 Unsolvable at layer 7 -- expanding.
6.352 Iteration 8.
6.352 New layer size: 312
6.352 Instantiating ...
6.427 Retroactively prune action (removeblock l-1-2-4 stone)@(7,31): no children at offset 0
6.428 Retroactively prune action (__REPEATED_removeblock l-1-1-4 stone)@(7,31): no children at offset 0
6.428 Retroactively prune reduction (place-block-abstract-3 l-1-3-4 stone stone)@(7,31): no children at offset 0
6.431 Retroactively prune action (removeblock l-2-1-4 stone)@(7,47): no children at offset 0
6.431 Retroactively prune reduction (place-block-abstract-3 l-2-2-4 stone stone)@(7,47): no children at offset 0
6.435 Retroactively prune reduction (place-block-abstract-3 l-3-1-4 stone stone)@(7,55): no children at offset 0
6.451 Retroactively prune action (__REPEATED_removeblock l-1-4-3 stone)@(7,62): no children at offset 0
6.451 Retroactively prune action (removeblock l-1-4-2 stone)@(7,62): no children at offset 0
6.451 Retroactively prune reduction (place-block-abstract-3 l-1-4-1 stone stone)@(7,62): no children at offset 0
6.454 Retroactively prune action (removeblock l-2-4-3 stone)@(7,78): no children at offset 0
6.454 Retroactively prune reduction (place-block-abstract-3 l-2-4-2 stone stone)@(7,78): no children at offset 0
6.458 Retroactively prune reduction (place-block-abstract-3 l-3-4-3 stone stone)@(7,86): no children at offset 0
6.473 Retroactively prune action (__REPEATED_removeblock l-1-3-0 stone)@(7,93): no children at offset 0
6.473 Retroactively prune action (removeblock l-1-2-0 stone)@(7,93): no children at offset 0
6.473 Retroactively prune reduction (place-block-abstract-3 l-1-1-0 stone stone)@(7,93): no children at offset 0
6.476 Retroactively prune action (removeblock l-2-3-0 stone)@(7,109): no children at offset 0
6.476 Retroactively prune reduction (place-block-abstract-3 l-2-2-0 stone stone)@(7,109): no children at offset 0
6.480 Retroactively prune reduction (place-block-abstract-3 l-3-3-0 stone stone)@(7,117): no children at offset 0
6.495 Retroactively prune action (__REPEATED_removeblock l-6-0-1 stone)@(7,126): no children at offset 0
6.495 Retroactively prune action (removeblock l-6-0-2 stone)@(7,126): no children at offset 0
6.495 Retroactively prune action (__REPEATED_removeblock l-6-0-0 stone)@(7,126): no children at offset 0
6.496 Retroactively prune reduction (place-block-abstract-3 l-6-0-3 stone stone)@(7,126): no children at offset 0
6.499 Retroactively prune action (removeblock l-6-1-1 stone)@(7,142): no children at offset 0
6.499 Retroactively prune action (__REPEATED_removeblock l-6-1-0 stone)@(7,142): no children at offset 0
6.499 Retroactively prune reduction (place-block-abstract-3 l-6-1-2 stone stone)@(7,142): no children at offset 0
6.502 Retroactively prune action (removeblock l-6-2-0 stone)@(7,150): no children at offset 0
6.503 Retroactively prune reduction (place-block-abstract-3 l-6-2-1 stone stone)@(7,150): no children at offset 0
6.510 Retroactively prune reduction (place-block-abstract-3 l-6-3-0 stone stone)@(7,154): no children at offset 0
6.518 Collected 142 relevant facts at this layer
6.518 Encoding ...
6.567 Attempting to solve formula with 42955 clauses (96598 literals) and 226 assumptions
6.567 Unsolvable at layer 8 -- expanding.
6.567 Iteration 9.
6.568 New layer size: 533
6.568 Instantiating ...
6.715 Collected 174 relevant facts at this layer
6.715 Encoding ...
6.817 Attempting to solve formula with 72468 clauses (162848 literals) and 216 assumptions
6.818 Unsolvable at layer 9 -- expanding.
6.818 Iteration 10.
6.818 New layer size: 744
6.818 Instantiating ...
6.965 Collected 196 relevant facts at this layer
6.965 Encoding ...
7.096 Attempting to solve formula with 104558 clauses (233990 literals) and 196 assumptions
7.096 Unsolvable at layer 10 -- expanding.
7.096 Iteration 11.
7.097 New layer size: 935
7.097 Instantiating ...
7.206 Collected 208 relevant facts at this layer
7.206 Encoding ...
7.377 Attempting to solve formula with 137097 clauses (305209 literals) and 156 assumptions
7.377 Unsolvable at layer 11 -- expanding.
7.377 Iteration 12.
7.378 New layer size: 1086
7.378 Instantiating ...
7.480 Collected 210 relevant facts at this layer
7.480 Encoding ...
7.684 Attempting to solve formula with 166659 clauses (368691 literals) and 76 assumptions
c last restart ## conflicts  :  65 2952 
7.749 Found a solution at layer 12.
==>
26278 placeblock l-1-0-0 stone
26382 placeblock l-1-0-1 stone
26442 placeblock l-1-0-2 stone
26476 placeblock l-1-0-3 stone
26491 placeblock l-1-0-4 stone
26502 placeblock l-2-0-4 stone
26509 placeblock l-2-0-3 stone
26520 placeblock l-2-0-2 stone
26550 placeblock l-2-0-1 stone
26605 placeblock l-2-0-0 stone
26719 placeblock l-3-0-2 stone
26741 placeblock l-3-0-4 stone
26753 placeblock l-3-0-3 stone
26769 placeblock l-3-0-1 stone
26822 placeblock l-3-0-0 stone
26940 placeblock l-4-0-0 stone
27094 placeblock l-4-0-1 stone
27184 placeblock l-4-0-2 stone
27236 placeblock l-4-0-3 stone
27261 placeblock l-4-0-4 stone
27277 placeblock l-5-0-0 stone
27420 placeblock l-5-0-1 stone
27506 placeblock l-5-0-2 stone
27545 placeblock l-5-0-3 stone
27565 placeblock l-5-0-4 stone
27585 removeblock l-1-0-4 stone
27632 placeblock l-1-0-4 stone
27697 placeblock l-1-3-4 stone
27711 placeblock l-1-4-4 stone
27728 placeblock l-1-2-4 stone
27755 placeblock l-1-1-4 stone
27915 placeblock l-2-2-4 stone
27949 placeblock l-2-4-4 stone
27959 placeblock l-2-3-4 stone
27977 placeblock l-2-1-4 stone
28032 removeblock l-3-0-4 stone
28082 placeblock l-3-0-4 stone
28136 placeblock l-3-1-4 stone
28194 placeblock l-3-4-4 stone
28214 placeblock l-3-3-4 stone
28229 placeblock l-3-2-4 stone
28252 removeblock l-4-0-4 stone
28326 placeblock l-4-0-4 stone
28416 placeblock l-4-1-4 stone
28504 placeblock l-4-3-4 stone
28530 placeblock l-4-4-4 stone
28552 placeblock l-4-2-4 stone
28600 removeblock l-5-0-4 stone
28654 placeblock l-5-0-4 stone
28740 placeblock l-5-1-4 stone
28829 placeblock l-5-3-4 stone
28853 placeblock l-5-4-4 stone
28867 placeblock l-5-2-4 stone
29014 placeblock l-1-4-2 stone
29048 placeblock l-1-4-0 stone
29064 placeblock l-1-4-1 stone
29077 placeblock l-1-4-3 stone
29134 removeblock l-2-4-4 stone
29186 placeblock l-2-4-4 stone
29244 placeblock l-2-4-3 stone
29304 placeblock l-2-4-2 stone
29330 placeblock l-2-4-0 stone
29341 placeblock l-2-4-1 stone
29358 placeblock l-3-4-1 stone
29365 placeblock l-3-4-0 stone
29374 placeblock l-3-4-2 stone
29400 placeblock l-3-4-3 stone
29734 placeblock l-4-4-3 stone
29827 placeblock l-4-4-2 stone
29881 placeblock l-4-4-0 stone
29901 placeblock l-4-4-1 stone
29924 removeblock l-5-4-4 stone
29978 placeblock l-5-4-4 stone
30069 placeblock l-5-4-3 stone
30152 placeblock l-5-4-0 stone
30173 placeblock l-5-4-1 stone
30192 placeblock l-5-4-2 stone
30235 placeblock l-1-3-0 stone
30285 placeblock l-1-1-0 stone
30305 removeblock l-1-0-0 stone
30308 placeblock l-1-0-0 stone
30317 placeblock l-1-2-0 stone
30350 removeblock l-1-4-0 stone
30401 placeblock l-1-4-0 stone
30568 placeblock l-2-3-0 stone
30635 placeblock l-2-2-0 stone
30659 placeblock l-2-1-0 stone
30689 removeblock l-3-4-0 stone
30740 placeblock l-3-4-0 stone
30802 placeblock l-3-3-0 stone
30870 placeblock l-3-1-0 stone
30887 placeblock l-3-2-0 stone
30914 placeblock l-4-3-0 stone
30995 placeblock l-4-2-0 stone
31067 placeblock l-4-1-0 stone
31091 removeblock l-4-4-0 stone
31183 placeblock l-4-4-0 stone
31422 placeblock l-5-3-0 stone
31506 placeblock l-5-1-0 stone
31545 placeblock l-5-2-0 stone
31584 removeblock l-1-2-0 stone
31588 removeblock l-2-2-0 stone
31594 placeblock l-6-0-0 stone
31695 placeblock l-6-0-4 stone
31714 placeblock l-6-0-3 stone
31729 placeblock l-6-0-2 stone
31758 placeblock l-6-0-1 stone
31817 placeblock l-6-1-0 stone
31921 placeblock l-6-1-4 stone
31938 placeblock l-6-1-3 stone
31949 placeblock l-6-1-2 stone
31975 placeblock l-6-1-1 stone
32033 placeblock l-6-2-0 stone
32145 placeblock l-6-2-3 stone
32156 placeblock l-6-2-4 stone
32170 placeblock l-6-2-2 stone
32195 placeblock l-6-2-1 stone
32256 placeblock l-6-3-0 stone
32413 placeblock l-6-3-1 stone
32504 placeblock l-6-3-3 stone
32527 placeblock l-6-3-4 stone
32554 placeblock l-6-3-2 stone
32592 placeblock l-6-4-0 stone
32734 placeblock l-6-4-1 stone
32823 placeblock l-6-4-2 stone
32864 placeblock l-6-4-4 stone
32883 placeblock l-6-4-3 stone
root 5
5 buildhouse l-1-0-0 l-1-0-4 l-1-4-4 l-1-4-0 l-1-2-0 l-6-0-0 n5 n5 n5 stone -> build-house-1 9 11 13 15 17 19
9 buildwall l-1-0-0 n5 n5 e stone -> build-wall-2 23 30
11 buildwall l-1-0-4 n5 n5 n stone -> build-wall-2 37 43
13 buildwall l-1-4-4 n5 n5 w stone -> build-wall-2 50 56
15 buildwall l-1-4-0 n5 n5 s stone -> build-wall-2 63 69
17 builddoor l-1-2-0 -> build-door-1 31583 31587
19 buildroof l-6-0-0 n5 n5 e n stone -> build-roof-2 88 92
23 buildrow l-1-0-0 n5 e stone -> build-row-2 26277 119
30 buildwall l-2-0-0 n5 n4 e stone -> build-wall-2 128 135
37 buildrow l-1-0-4 n5 n stone -> build-row-2 152 170
43 buildwall l-2-0-4 n5 n4 n stone -> build-wall-2 178 184
50 buildrow l-1-4-4 n5 w stone -> build-row-2 202 217
56 buildwall l-2-4-4 n5 n4 w stone -> build-wall-2 227 233
63 buildrow l-1-4-0 n5 s stone -> build-row-3 252 269
69 buildwall l-2-4-0 n5 n4 s stone -> build-wall-2 277 284
88 buildrow l-6-0-0 n5 e stone -> build-row-2 31593 325
92 buildroof l-6-1-0 n5 n4 e n stone -> build-roof-2 331 335
119 buildrow l-1-0-1 n4 e stone -> build-row-2 26381 417
128 buildrow l-2-0-0 n5 e stone -> build-row-3 427 26604
135 buildwall l-3-0-0 n5 n3 e stone -> build-wall-2 442 449
152 placeblockabstract l-1-0-4 stone -> place-block-abstract-3 27585 27632
170 buildrow l-1-1-4 n4 n stone -> build-row-3 532 27754
178 buildrow l-2-0-4 n5 n stone -> build-row-2 554 564
184 buildwall l-3-0-4 n5 n3 n stone -> build-wall-2 571 578
202 placeblockabstract l-1-4-4 stone -> place-block-abstract-2
217 buildrow l-1-4-3 n4 w stone -> build-row-3 663 29076
227 buildrow l-2-4-4 n5 w stone -> build-row-2 686 692
233 buildwall l-3-4-4 n5 n3 w stone -> build-wall-2 701 707
252 buildrow l-1-3-0 n4 s stone -> build-row-2 30234 777
269 placeblockabstract l-1-4-0 stone -> place-block-abstract-3 30350 30401
277 buildrow l-2-4-0 n5 s stone -> build-row-2 816 827
284 buildwall l-3-4-0 n5 n3 s stone -> build-wall-2 835 842
325 buildrow l-6-0-1 n4 e stone -> build-row-3 930 31757
331 buildrow l-6-1-0 n5 e stone -> build-row-2 31816 957
335 buildroof l-6-2-0 n5 n3 e n stone -> build-roof-2 965 969
417 buildrow l-1-0-2 n3 e stone -> build-row-2 26441 1148
427 buildrow l-2-0-1 n4 e stone -> build-row-3 1164 26549
442 buildrow l-3-0-0 n5 e stone -> build-row-3 1207 26821
449 buildwall l-4-0-0 n5 n2 e stone -> build-wall-2 1222 1229
532 buildrow l-1-2-4 n3 n stone -> build-row-3 1385 27727
554 placeblockabstract l-2-0-4 stone -> place-block-abstract-2
564 buildrow l-2-1-4 n4 n stone -> build-row-3 1467 27976
571 buildrow l-3-0-4 n5 n stone -> build-row-2 1489 1499
578 buildwall l-4-0-4 n5 n2 n stone -> build-wall-2 1506 1512
663 buildrow l-1-4-2 n3 w stone -> build-row-2 29013 1678
686 placeblockabstract l-2-4-4 stone -> place-block-abstract-3 29134 29186
692 buildrow l-2-4-3 n4 w stone -> build-row-2 29243 1759
701 buildrow l-3-4-4 n5 w stone -> build-row-3 1771 1782
707 buildwall l-4-4-4 n5 n2 w stone -> build-wall-2 1789 1795
777 buildrow l-1-2-0 n3 s stone -> build-row-3 1922 30316
816 placeblockabstract l-2-4-0 stone -> place-block-abstract-2
827 buildrow l-2-3-0 n4 s stone -> build-row-2 30567 2037
835 buildrow l-3-4-0 n5 s stone -> build-row-2 2051 2060
842 buildwall l-4-4-0 n5 n2 s stone -> build-wall-2 2067 2074
930 buildrow l-6-0-2 n3 e stone -> build-row-3 2234 31728
957 buildrow l-6-1-1 n4 e stone -> build-row-3 2307 31974
965 buildrow l-6-2-0 n5 e stone -> build-row-2 32032 2335
969 buildroof l-6-3-0 n5 n2 e n stone -> build-roof-2 2343 2347
1148 buildrow l-1-0-3 n2 e stone -> build-row-2 26475 2686
1164 buildrow l-2-0-2 n3 e stone -> build-row-3 2700 26519
1207 buildrow l-3-0-1 n4 e stone -> build-row-3 2807 26768
1222 buildrow l-4-0-0 n5 e stone -> build-row-2 26939 2857
1229 buildwall l-5-0-0 n5 n1 e stone -> build-wall-1 2866
1385 buildrow l-1-3-4 n2 n stone -> build-row-2 27696 3044
1467 buildrow l-2-2-4 n3 n stone -> build-row-2 27914 3221
1489 placeblockabstract l-3-0-4 stone -> place-block-abstract-3 28032 28082
1499 buildrow l-3-1-4 n4 n stone -> build-row-2 28135 3300
1506 buildrow l-4-0-4 n5 n stone -> build-row-2 3314 3320
1512 buildwall l-5-0-4 n5 n1 n stone -> build-wall-1 3330
1678 buildrow l-1-4-1 n2 w stone -> build-row-3 3529 29063
1759 buildrow l-2-4-2 n3 w stone -> build-row-2 29303 3711
1771 buildrow l-3-4-3 n4 w stone -> build-row-3 3730 29399
1782 placeblockabstract l-3-4-4 stone -> place-block-abstract-2
1789 buildrow l-4-4-4 n5 w stone -> build-row-2 3778 3784
1795 buildwall l-5-4-4 n5 n1 w stone -> build-wall-1 3792
1922 buildrow l-1-1-0 n2 s stone -> build-row-2 30284 3911
2037 buildrow l-2-2-0 n3 s stone -> build-row-2 30634 4168
2051 placeblockabstract l-3-4-0 stone -> place-block-abstract-3 30689 30740
2060 buildrow l-3-3-0 n4 s stone -> build-row-2 30801 4221
2067 buildrow l-4-4-0 n5 s stone -> build-row-3 4231 4240
2074 buildwall l-5-4-0 n5 n1 s stone -> build-wall-1 4247
2234 buildrow l-6-0-3 n2 e stone -> build-row-3 4414 31713
2307 buildrow l-6-1-2 n3 e stone -> build-row-3 4576 31948
2335 buildrow l-6-2-1 n4 e stone -> build-row-3 4654 32194
2343 buildrow l-6-3-0 n5 e stone -> build-row-2 32255 4679
2347 buildroof l-6-4-0 n5 n1 e n stone -> build-roof-1 4686
2686 buildrow l-1-0-4 n1 e stone -> build-row-1 26490
2700 buildrow l-2-0-3 n2 e stone -> build-row-3 5085 26508
2807 buildrow l-3-0-2 n3 e stone -> build-row-2 26718 5311
2857 buildrow l-4-0-1 n4 e stone -> build-row-2 27093 5442
2866 buildrow l-5-0-0 n5 e stone -> build-row-2 27276 5459
3044 buildrow l-1-4-4 n1 n stone -> build-row-1 27710
3221 buildrow l-2-3-4 n2 n stone -> build-row-3 5944 27958
3300 buildrow l-3-2-4 n3 n stone -> build-row-3 6115 28228
3314 placeblockabstract l-4-0-4 stone -> place-block-abstract-3 28252 28326
3320 buildrow l-4-1-4 n4 n stone -> build-row-2 28415 6174
3330 buildrow l-5-0-4 n5 n stone -> build-row-2 6186 6195
3529 buildrow l-1-4-0 n1 w stone -> build-row-1 29047
3711 buildrow l-2-4-1 n2 w stone -> build-row-3 6735 29340
3730 buildrow l-3-4-2 n3 w stone -> build-row-3 6762 29373
3778 placeblockabstract l-4-4-4 stone -> place-block-abstract-2
3784 buildrow l-4-4-3 n4 w stone -> build-row-2 29733 6910
3792 buildrow l-5-4-4 n5 w stone -> build-row-2 6920 6930
3911 buildrow l-1-0-0 n1 s stone -> build-row-1 7047
4168 buildrow l-2-1-0 n2 s stone -> build-row-2 30658 7481
4221 buildrow l-3-2-0 n3 s stone -> build-row-3 7586 30886
4231 buildrow l-4-3-0 n4 s stone -> build-row-2 30913 7619
4240 placeblockabstract l-4-4-0 stone -> place-block-abstract-3 31091 31183
4247 buildrow l-5-4-0 n5 s stone -> build-row-2 7657 7664
4414 buildrow l-6-0-4 n1 e stone -> build-row-1 31694
4576 buildrow l-6-1-3 n2 e stone -> build-row-3 8108 31937
4654 buildrow l-6-2-2 n3 e stone -> build-row-3 8262 32169
4679 buildrow l-6-3-1 n4 e stone -> build-row-2 32412 8344
4686 buildrow l-6-4-0 n5 e stone -> build-row-2 32591 8360
5085 buildrow l-2-0-4 n1 e stone -> build-row-1 26501
5311 buildrow l-3-0-3 n2 e stone -> build-row-3 9076 26752
5442 buildrow l-4-0-2 n3 e stone -> build-row-2 27183 9364
5459 buildrow l-5-0-1 n4 e stone -> build-row-2 27419 9408
5944 buildrow l-2-4-4 n1 n stone -> build-row-1 27948
6115 buildrow l-3-3-4 n2 n stone -> build-row-3 10253 28213
6174 buildrow l-4-2-4 n3 n stone -> build-row-3 10394 28551
6186 placeblockabstract l-5-0-4 stone -> place-block-abstract-3 28600 28654
6195 buildrow l-5-1-4 n4 n stone -> build-row-2 28739 10454
6735 buildrow l-2-4-0 n1 w stone -> build-row-1 29329
6762 buildrow l-3-4-1 n2 w stone -> build-row-2 29357 11133
6910 buildrow l-4-4-2 n3 w stone -> build-row-2 29826 11446
6920 placeblockabstract l-5-4-4 stone -> place-block-abstract-3 29924 29978
6930 buildrow l-5-4-3 n4 w stone -> build-row-2 30068 11498
7047 placeblockabstract l-1-0-0 stone -> place-block-abstract-3 30305 30308
7481 buildrow l-2-0-0 n1 s stone -> build-row-1 12172
7586 buildrow l-3-1-0 n2 s stone -> build-row-3 12358 30869
7619 buildrow l-4-2-0 n3 s stone -> build-row-2 30994 12451
7657 placeblockabstract l-5-4-0 stone -> place-block-abstract-2
7664 buildrow l-5-3-0 n4 s stone -> build-row-2 31421 12559
8108 buildrow l-6-1-4 n1 e stone -> build-row-1 31920
8262 buildrow l-6-2-3 n2 e stone -> build-row-2 32144 13340
8344 buildrow l-6-3-2 n3 e stone -> build-row-3 13511 32553
8360 buildrow l-6-4-1 n4 e stone -> build-row-2 32733 13565
9076 buildrow l-3-0-4 n1 e stone -> build-row-1 26740
9364 buildrow l-4-0-3 n2 e stone -> build-row-2 27235 14670
9408 buildrow l-5-0-2 n3 e stone -> build-row-2 27505 14777
10253 buildrow l-3-4-4 n1 n stone -> build-row-1 28193
10394 buildrow l-4-3-4 n2 n stone -> build-row-2 28503 15856
10454 buildrow l-5-2-4 n3 n stone -> build-row-3 15985 28866
11133 buildrow l-3-4-0 n1 w stone -> build-row-1 29364
11446 buildrow l-4-4-1 n2 w stone -> build-row-3 17092 29900
11498 buildrow l-5-4-2 n3 w stone -> build-row-3 17203 30191
12172 placeblockabstract l-2-0-0 stone -> place-block-abstract-2
12358 buildrow l-3-0-0 n1 s stone -> build-row-1 18055
12451 buildrow l-4-1-0 n2 s stone -> build-row-3 18214 31066
12559 buildrow l-5-2-0 n3 s stone -> build-row-3 18442 31544
13340 buildrow l-6-2-4 n1 e stone -> build-row-1 32155
13511 buildrow l-6-3-3 n2 e stone -> build-row-2 32503 19511
13565 buildrow l-6-4-2 n3 e stone -> build-row-2 32822 19637
14670 buildrow l-4-0-4 n1 e stone -> build-row-1 27260
14777 buildrow l-5-0-3 n2 e stone -> build-row-2 27544 20956
15856 buildrow l-4-4-4 n1 n stone -> build-row-1 28529
15985 buildrow l-5-3-4 n2 n stone -> build-row-2 28828 22253
17092 buildrow l-4-4-0 n1 w stone -> build-row-1 29880
17203 buildrow l-5-4-1 n2 w stone -> build-row-3 23571 30172
18055 placeblockabstract l-3-0-0 stone -> place-block-abstract-2
18214 buildrow l-4-0-0 n1 s stone -> build-row-1 24548
18442 buildrow l-5-1-0 n2 s stone -> build-row-2 31505 24932
19511 buildrow l-6-3-4 n1 e stone -> build-row-1 32526
19637 buildrow l-6-4-3 n2 e stone -> build-row-3 26257 32882
20956 buildrow l-5-0-4 n1 e stone -> build-row-1 27564
22253 buildrow l-5-4-4 n1 n stone -> build-row-1 28852
23571 buildrow l-5-4-0 n1 w stone -> build-row-1 30151
24548 placeblockabstract l-4-0-0 stone -> place-block-abstract-2
24932 buildrow l-5-0-0 n1 s stone -> build-row-1 31532
26257 buildrow l-6-4-4 n1 e stone -> build-row-1 32863
26277 placeblockabstract l-1-0-0 stone -> place-block-abstract-1 26278
26381 placeblockabstract l-1-0-1 stone -> place-block-abstract-1 26382
26441 placeblockabstract l-1-0-2 stone -> place-block-abstract-1 26442
26475 placeblockabstract l-1-0-3 stone -> place-block-abstract-1 26476
26490 placeblockabstract l-1-0-4 stone -> place-block-abstract-1 26491
26501 placeblockabstract l-2-0-4 stone -> place-block-abstract-1 26502
26508 placeblockabstract l-2-0-3 stone -> place-block-abstract-1 26509
26519 placeblockabstract l-2-0-2 stone -> place-block-abstract-1 26520
26549 placeblockabstract l-2-0-1 stone -> place-block-abstract-1 26550
26604 placeblockabstract l-2-0-0 stone -> place-block-abstract-1 26605
26718 placeblockabstract l-3-0-2 stone -> place-block-abstract-1 26719
26740 placeblockabstract l-3-0-4 stone -> place-block-abstract-1 26741
26752 placeblockabstract l-3-0-3 stone -> place-block-abstract-1 26753
26768 placeblockabstract l-3-0-1 stone -> place-block-abstract-1 26769
26821 placeblockabstract l-3-0-0 stone -> place-block-abstract-1 26822
26939 placeblockabstract l-4-0-0 stone -> place-block-abstract-1 26940
27093 placeblockabstract l-4-0-1 stone -> place-block-abstract-1 27094
27183 placeblockabstract l-4-0-2 stone -> place-block-abstract-1 27184
27235 placeblockabstract l-4-0-3 stone -> place-block-abstract-1 27236
27260 placeblockabstract l-4-0-4 stone -> place-block-abstract-1 27261
27276 placeblockabstract l-5-0-0 stone -> place-block-abstract-1 27277
27419 placeblockabstract l-5-0-1 stone -> place-block-abstract-1 27420
27505 placeblockabstract l-5-0-2 stone -> place-block-abstract-1 27506
27544 placeblockabstract l-5-0-3 stone -> place-block-abstract-1 27545
27564 placeblockabstract l-5-0-4 stone -> place-block-abstract-1 27565
27696 placeblockabstract l-1-3-4 stone -> place-block-abstract-1 27697
27710 placeblockabstract l-1-4-4 stone -> place-block-abstract-1 27711
27727 placeblockabstract l-1-2-4 stone -> place-block-abstract-1 27728
27754 placeblockabstract l-1-1-4 stone -> place-block-abstract-1 27755
27914 placeblockabstract l-2-2-4 stone -> place-block-abstract-1 27915
27948 placeblockabstract l-2-4-4 stone -> place-block-abstract-1 27949
27958 placeblockabstract l-2-3-4 stone -> place-block-abstract-1 27959
27976 placeblockabstract l-2-1-4 stone -> place-block-abstract-1 27977
28135 placeblockabstract l-3-1-4 stone -> place-block-abstract-1 28136
28193 placeblockabstract l-3-4-4 stone -> place-block-abstract-1 28194
28213 placeblockabstract l-3-3-4 stone -> place-block-abstract-1 28214
28228 placeblockabstract l-3-2-4 stone -> place-block-abstract-1 28229
28415 placeblockabstract l-4-1-4 stone -> place-block-abstract-1 28416
28503 placeblockabstract l-4-3-4 stone -> place-block-abstract-1 28504
28529 placeblockabstract l-4-4-4 stone -> place-block-abstract-1 28530
28551 placeblockabstract l-4-2-4 stone -> place-block-abstract-1 28552
28739 placeblockabstract l-5-1-4 stone -> place-block-abstract-1 28740
28828 placeblockabstract l-5-3-4 stone -> place-block-abstract-1 28829
28852 placeblockabstract l-5-4-4 stone -> place-block-abstract-1 28853
28866 placeblockabstract l-5-2-4 stone -> place-block-abstract-1 28867
29013 placeblockabstract l-1-4-2 stone -> place-block-abstract-1 29014
29047 placeblockabstract l-1-4-0 stone -> place-block-abstract-1 29048
29063 placeblockabstract l-1-4-1 stone -> place-block-abstract-1 29064
29076 placeblockabstract l-1-4-3 stone -> place-block-abstract-1 29077
29243 placeblockabstract l-2-4-3 stone -> place-block-abstract-1 29244
29303 placeblockabstract l-2-4-2 stone -> place-block-abstract-1 29304
29329 placeblockabstract l-2-4-0 stone -> place-block-abstract-1 29330
29340 placeblockabstract l-2-4-1 stone -> place-block-abstract-1 29341
29357 placeblockabstract l-3-4-1 stone -> place-block-abstract-1 29358
29364 placeblockabstract l-3-4-0 stone -> place-block-abstract-1 29365
29373 placeblockabstract l-3-4-2 stone -> place-block-abstract-1 29374
29399 placeblockabstract l-3-4-3 stone -> place-block-abstract-1 29400
29733 placeblockabstract l-4-4-3 stone -> place-block-abstract-1 29734
29826 placeblockabstract l-4-4-2 stone -> place-block-abstract-1 29827
29880 placeblockabstract l-4-4-0 stone -> place-block-abstract-1 29881
29900 placeblockabstract l-4-4-1 stone -> place-block-abstract-1 29901
30068 placeblockabstract l-5-4-3 stone -> place-block-abstract-1 30069
30151 placeblockabstract l-5-4-0 stone -> place-block-abstract-1 30152
30172 placeblockabstract l-5-4-1 stone -> place-block-abstract-1 30173
30191 placeblockabstract l-5-4-2 stone -> place-block-abstract-1 30192
30234 placeblockabstract l-1-3-0 stone -> place-block-abstract-1 30235
30284 placeblockabstract l-1-1-0 stone -> place-block-abstract-1 30285
30316 placeblockabstract l-1-2-0 stone -> place-block-abstract-1 30317
30567 placeblockabstract l-2-3-0 stone -> place-block-abstract-1 30568
30634 placeblockabstract l-2-2-0 stone -> place-block-abstract-1 30635
30658 placeblockabstract l-2-1-0 stone -> place-block-abstract-1 30659
30801 placeblockabstract l-3-3-0 stone -> place-block-abstract-1 30802
30869 placeblockabstract l-3-1-0 stone -> place-block-abstract-1 30870
30886 placeblockabstract l-3-2-0 stone -> place-block-abstract-1 30887
30913 placeblockabstract l-4-3-0 stone -> place-block-abstract-1 30914
30994 placeblockabstract l-4-2-0 stone -> place-block-abstract-1 30995
31066 placeblockabstract l-4-1-0 stone -> place-block-abstract-1 31067
31421 placeblockabstract l-5-3-0 stone -> place-block-abstract-1 31422
31505 placeblockabstract l-5-1-0 stone -> place-block-abstract-1 31506
31532 placeblockabstract l-5-0-0 stone -> place-block-abstract-2
31544 placeblockabstract l-5-2-0 stone -> place-block-abstract-1 31545
31583 removeblockabstract l-1-2-0 -> remove-block-abstract-2 31584
31587 removeblockabstract l-2-2-0 -> remove-block-abstract-2 31588
31593 placeblockabstract l-6-0-0 stone -> place-block-abstract-1 31594
31694 placeblockabstract l-6-0-4 stone -> place-block-abstract-1 31695
31713 placeblockabstract l-6-0-3 stone -> place-block-abstract-1 31714
31728 placeblockabstract l-6-0-2 stone -> place-block-abstract-1 31729
31757 placeblockabstract l-6-0-1 stone -> place-block-abstract-1 31758
31816 placeblockabstract l-6-1-0 stone -> place-block-abstract-1 31817
31920 placeblockabstract l-6-1-4 stone -> place-block-abstract-1 31921
31937 placeblockabstract l-6-1-3 stone -> place-block-abstract-1 31938
31948 placeblockabstract l-6-1-2 stone -> place-block-abstract-1 31949
31974 placeblockabstract l-6-1-1 stone -> place-block-abstract-1 31975
32032 placeblockabstract l-6-2-0 stone -> place-block-abstract-1 32033
32144 placeblockabstract l-6-2-3 stone -> place-block-abstract-1 32145
32155 placeblockabstract l-6-2-4 stone -> place-block-abstract-1 32156
32169 placeblockabstract l-6-2-2 stone -> place-block-abstract-1 32170
32194 placeblockabstract l-6-2-1 stone -> place-block-abstract-1 32195
32255 placeblockabstract l-6-3-0 stone -> place-block-abstract-1 32256
32412 placeblockabstract l-6-3-1 stone -> place-block-abstract-1 32413
32503 placeblockabstract l-6-3-3 stone -> place-block-abstract-1 32504
32526 placeblockabstract l-6-3-4 stone -> place-block-abstract-1 32527
32553 placeblockabstract l-6-3-2 stone -> place-block-abstract-1 32554
32591 placeblockabstract l-6-4-0 stone -> place-block-abstract-1 32592
32733 placeblockabstract l-6-4-1 stone -> place-block-abstract-1 32734
32822 placeblockabstract l-6-4-2 stone -> place-block-abstract-1 32823
32863 placeblockabstract l-6-4-4 stone -> place-block-abstract-1 32864
32882 placeblockabstract l-6-4-3 stone -> place-block-abstract-1 32883
<==
7.800 End of solution plan. (counted length of 127)
7.800 Total amount of clauses encoded: 166659
7.800 - atmostoneelement : 58753 cls
7.800 - directframeaxioms : 43392 cls
7.800 - expansions : 23122 cls
7.800 - predecessors : 19289 cls
7.800 - actionconstraints : 10132 cls
7.800 - actioneffects : 6240 cls
7.800 - reductionconstraints : 5447 cls
7.800 - truefacts : 210 cls
7.800 - forbiddenoperations : 72 cls
7.800 - axiomaticops : 2 cls
7.800 # instantiated positions: 3940
7.800 # instantiated actions: 15968
7.800 # instantiated reductions: 3326
7.800 # introduced pseudo-constants: 0
7.800 # retroactive prunings: 28
7.800 # retroactively pruned operations: 72
7.800 # dominated operations: 0
7.800 # total invalid rigid preconditions found in getPFC: 4220
7.800 # invalid rigid preconditions found in getPFC: 3020
7.800 # invalid rigid preconditions found in getPFC in varrestrictions: 1200
7.800 # total invalid fluent preconditions found in getPFC: 972
7.800 # invalid fluent preconditions found in getPFC: 486
7.800 # invalid fluent preconditions found in getPFC in varrestrictions: 486
7.800 # invalid fluent preconditions found in getPFC via postconditions: 0
7.800 # invalid subtasks found in getPFC: 0
7.800 # number effects in operation fact_frames: 148
7.800 # number of variables restricted: 11921
7.800 # number of nodes variables restricted: 5911
7.800 Exiting happily.

RUNWATCH_RESULT EXIT RETVAL 0 TIME_SECS 7.88184 MEMPEAK_KBS 202024
