    _           _         _
   \ |         \ |       | |                       
   | |     __  | |      _| |______                
   | |     \/  | |     /_   ______\                
   | |      _  | |   __  | |  ___   ___   ___       
   | |___  | | | |  / .\ | | / , | |   \ / ·_\    
   \_____\ |_| |__\ \__/ |_| \___) |_|_| \___\  
[39mL i l o t a n e  version rls-glucose4
by Dominik Schreiber <dominik.schreiber@kit.edu> 2020-2021
using SAT solver glucose4

0.018 Parser finished.
0.018 Structures extracted.
0.019 20 operators and 16 methods created.
0.175 Mined 11 new reduction preconditions (+8.8%).
0.175 Iteration 0.
0.175 Creating initial layer of size 2
1.750 Attempting to solve formula with 209 clauses (312 literals) and 1 assumptions
1.750 Unsolvable at layer 0 -- expanding.
1.750 Iteration 1.
1.750 New layer size: 7
1.750 Instantiating ...
6.742 Collected 9405 relevant facts at this layer
6.742 Encoding ...
6.935 Attempting to solve formula with 180906 clauses (564999 literals) and 6 assumptions
6.939 Unsolvable at layer 1 -- expanding.
6.939 Iteration 2.
6.939 New layer size: 13
6.939 Instantiating ...
19.084 Collected 9897 relevant facts at this layer
19.084 Encoding ...
19.692 Attempting to solve formula with 666007 clauses (2240363 literals) and 6 assumptions
19.692 Unsolvable at layer 2 -- expanding.
19.692 Iteration 3.
19.692 New layer size: 31
19.692 Instantiating ...
32.253 Collected 9981 relevant facts at this layer
32.253 Encoding ...
33.721 Attempting to solve formula with 1689243 clauses (5769132 literals) and 12 assumptions
33.778 Unsolvable at layer 3 -- expanding.
33.778 Iteration 4.
33.779 New layer size: 55
33.779 Instantiating ...
54.258 Collected 9981 relevant facts at this layer
54.258 Encoding ...
56.869 Attempting to solve formula with 3288551 clauses (11295566 literals) and 18 assumptions
56.929 Unsolvable at layer 4 -- expanding.
56.929 Iteration 5.
56.929 New layer size: 97
56.929 Instantiating ...
90.267 Collected 9981 relevant facts at this layer
90.267 Encoding ...
94.651 Attempting to solve formula with 5979187 clauses (20603356 literals) and 30 assumptions
94.816 Unsolvable at layer 5 -- expanding.
94.816 Iteration 6.
94.816 New layer size: 163
94.816 Instantiating ...
150.803 Collected 9981 relevant facts at this layer
150.803 Encoding ...
157.932 Attempting to solve formula with 10332186 clauses (35671483 literals) and 48 assumptions
158.405 Unsolvable at layer 6 -- expanding.
158.405 Iteration 7.
158.405 New layer size: 271
158.405 Instantiating ...
247.426 Collected 9981 relevant facts at this layer
247.426 Encoding ...
260.208 Attempting to solve formula with 17438721 clauses (60280362 literals) and 78 assumptions
260.723 Unsolvable at layer 7 -- expanding.
260.723 Iteration 8.
260.723 New layer size: 445
260.723 Instantiating ...
406.504 Collected 9981 relevant facts at this layer
406.504 Encoding ...
428.937 Attempting to solve formula with 28961154 clauses (100190327 literals) and 126 assumptions
430.722 Unsolvable at layer 8 -- expanding.
430.722 Iteration 9.
430.722 New layer size: 727
430.722 Instantiating ...
667.514 Collected 9981 relevant facts at this layer
667.514 Encoding ...
704.319 Attempting to solve formula with 47653021 clauses (164942130 literals) and 204 assumptions
708.038 Unsolvable at layer 9 -- expanding.
708.038 Iteration 10.
708.039 New layer size: 1183
708.039 Instantiating ...
1013.712 Termination signal caught.
1013.712 Total amount of clauses encoded: 47653021
1013.713 - directframeaxioms : 20108560 cls
1013.713 - qfactsemantics : 13025007 cls
1013.713 - indirectframeaxioms : 10058142 cls
1013.713 - reductionconstraints : 3860698 cls
1013.713 - actionconstraints : 254248 cls
1013.713 - qconstequality : 148844 cls
1013.713 - substitutionconstraints : 123517 cls
1013.713 - atmostoneelement : 33657 cls
1013.713 - expansions : 13001 cls
1013.713 - predecessors : 10955 cls
1013.713 - truefacts : 9981 cls
1013.713 - actioneffects : 6409 cls
1013.713 - axiomaticops : 2 cls
1013.713 # instantiated positions: 2709
1013.713 # instantiated actions: 11098
1013.713 # instantiated reductions: 5324
1013.713 # introduced pseudo-constants: 2528
1013.713 # retroactive prunings: 0
1013.713 # retroactively pruned operations: 0
1013.713 # dominated operations: 2
1013.713 # total invalid rigid preconditions found in getPFC: 0
1013.713 # invalid rigid preconditions found in getPFC: 0
1013.713 # invalid rigid preconditions found in getPFC in varrestrictions: 0
1013.713 # total invalid fluent preconditions found in getPFC: 84
1013.713 # invalid fluent preconditions found in getPFC: 73
1013.713 # invalid fluent preconditions found in getPFC in varrestrictions: 11
1013.713 # invalid fluent preconditions found in getPFC via postconditions: 0
1013.713 # invalid subtasks found in getPFC: 0
1013.713 # number effects in operation fact_frames: 234
1013.713 Exiting happily.

RUNWATCH_RESULT MEMOUT RETVAL 0 TIME_SECS 1014.72 MEMPEAK_KBS 16061884
