    _           _         _
   \ |         \ |       | |                       
   | |     __  | |      _| |______                
   | |     \/  | |     /_   ______\                
   | |      _  | |   __  | |  ___   ___   ___       
   | |___  | | | |  / .\ | | / , | |   \ / ·_\    
   \_____\ |_| |__\ \__/ |_| \___) |_|_| \___\  
[39mL i l o t a n e  version rls-glucose4
by Dominik Schreiber <dominik.schreiber@kit.edu> 2020-2021
using SAT solver glucose4

0.050 Parser finished.
0.051 Structures extracted.
0.066 312 operators and 305 methods created.
1.801 Mined 582 new reduction preconditions (+90.1%).
1.801 Iteration 0.
1.801 Creating initial layer of size 2
2.014 Attempting to solve formula with 3 clauses (3 literals) and 1 assumptions
2.014 Unsolvable at layer 0 -- expanding.
2.014 Iteration 1.
2.014 New layer size: 5
2.014 Instantiating ...
2.386 Collected 9 relevant facts at this layer
2.386 Encoding ...
2.387 Attempting to solve formula with 145 clauses (347 literals) and 4 assumptions
2.387 Unsolvable at layer 1 -- expanding.
2.387 Iteration 2.
2.387 New layer size: 9
2.387 Instantiating ...
5.662 Collected 111 relevant facts at this layer
5.662 Encoding ...
5.670 Attempting to solve formula with 17498 clauses (40519 literals) and 4 assumptions
5.670 Unsolvable at layer 2 -- expanding.
5.670 Iteration 3.
5.670 New layer size: 13
5.670 Instantiating ...
17.776 Collected 199 relevant facts at this layer
17.776 Encoding ...
17.795 Attempting to solve formula with 48197 clauses (116177 literals) and 8 assumptions
17.795 Unsolvable at layer 3 -- expanding.
17.795 Iteration 4.
17.795 New layer size: 41
17.795 Instantiating ...
39.263 Collected 355 relevant facts at this layer
39.263 Encoding ...
39.323 Attempting to solve formula with 109788 clauses (284535 literals) and 20 assumptions
39.327 Unsolvable at layer 4 -- expanding.
39.327 Iteration 5.
39.327 New layer size: 93
39.327 Instantiating ...
90.264 Collected 548 relevant facts at this layer
90.264 Encoding ...
90.443 Attempting to solve formula with 299743 clauses (789050 literals) and 36 assumptions
90.467 Unsolvable at layer 5 -- expanding.
90.467 Iteration 6.
90.467 New layer size: 161
90.467 Instantiating ...
233.893 Collected 548 relevant facts at this layer
233.893 Encoding ...
234.258 Attempting to solve formula with 739611 clauses (1926653 literals) and 64 assumptions
234.302 Unsolvable at layer 6 -- expanding.
234.302 Iteration 7.
234.302 New layer size: 295
234.302 Instantiating ...
543.169 Collected 580 relevant facts at this layer
543.169 Encoding ...
543.952 Attempting to solve formula with 1584438 clauses (4170754 literals) and 122 assumptions
544.133 Unsolvable at layer 7 -- expanding.
544.133 Iteration 8.
544.133 New layer size: 595
544.133 Instantiating ...
1105.603 Collected 636 relevant facts at this layer
1105.603 Encoding ...
1107.433 Attempting to solve formula with 3300147 clauses (8928688 literals) and 239 assumptions
1108.344 Unsolvable at layer 8 -- expanding.
1108.344 Iteration 9.
1108.345 New layer size: 1155
1108.345 Instantiating ...
1803.975 Termination signal caught.
1803.975 Total amount of clauses encoded: 3300147
1803.975 - reductionconstraints : 1526281 cls
1803.975 - directframeaxioms : 760358 cls
1803.975 - qfactsemantics : 296031 cls
1803.975 - substitutionconstraints : 232659 cls
1803.975 - atmostoneelement : 203661 cls
1803.975 - indirectframeaxioms : 165773 cls
1803.975 - expansions : 35425 cls
1803.975 - qconstequality : 34370 cls
1803.975 - predecessors : 21845 cls
1803.975 - actionconstraints : 15154 cls
1803.975 - actioneffects : 7952 cls
1803.975 - truefacts : 636 cls
1803.975 - axiomaticops : 2 cls
1803.975 # instantiated positions: 1953
1803.975 # instantiated actions: 16604
1803.975 # instantiated reductions: 20224
1803.975 # introduced pseudo-constants: 6179
1803.975 # retroactive prunings: 9
1803.975 # retroactively pruned operations: 9
1803.975 # dominated operations: 2303
1803.975 # total invalid rigid preconditions found in getPFC: 92599
1803.975 # invalid rigid preconditions found in getPFC: 1381
1803.975 # invalid rigid preconditions found in getPFC in varrestrictions: 91218
1803.975 # total invalid fluent preconditions found in getPFC: 1167416
1803.975 # invalid fluent preconditions found in getPFC: 14816
1803.975 # invalid fluent preconditions found in getPFC in varrestrictions: 47
1803.975 # invalid fluent preconditions found in getPFC via postconditions: 1152553
1803.975 # invalid subtasks found in getPFC: 9
1803.975 # number effects in operation fact_frames: 14208
1803.975 Exiting happily.

RUNWATCH_RESULT TIMEOUT RETVAL 0 TIME_SECS 1804.07 MEMPEAK_KBS 1087532
