    _           _         _
   \ |         \ |       | |                       
   | |     __  | |      _| |______                
   | |     \/  | |     /_   ______\                
   | |      _  | |   __  | |  ___   ___   ___       
   | |___  | | | |  / .\ | | / , | |   \ / ·_\    
   \_____\ |_| |__\ \__/ |_| \___) |_|_| \___\  
[39mL i l o t a n e  version rls-glucose4
by Dominik Schreiber <dominik.schreiber@kit.edu> 2020-2021
using SAT solver glucose4

0.018 Parser finished.
0.018 Structures extracted.
0.018 11 operators and 14 methods created.
0.026 Mined 13 new reduction preconditions (+108.3%).
0.026 Iteration 0.
0.026 Creating initial layer of size 2
0.047 Attempting to solve formula with 183 clauses (273 literals) and 1 assumptions
0.048 Unsolvable at layer 0 -- expanding.
0.048 Iteration 1.
0.048 New layer size: 2
0.048 Instantiating ...
0.083 Collected 90 relevant facts at this layer
0.083 Encoding ...
0.086 Attempting to solve formula with 371 clauses (788 literals) and 1 assumptions
0.086 Unsolvable at layer 1 -- expanding.
0.086 Iteration 2.
0.086 New layer size: 3
0.086 Instantiating ...
0.186 Collected 136 relevant facts at this layer
0.186 Encoding ...
0.190 Attempting to solve formula with 6202 clauses (14402 literals) and 1 assumptions
0.190 Unsolvable at layer 2 -- expanding.
0.190 Iteration 3.
0.190 New layer size: 4
0.190 Instantiating ...
0.347 Collected 333 relevant facts at this layer
0.347 Encoding ...
0.355 Attempting to solve formula with 19917 clauses (47121 literals) and 1 assumptions
0.355 Unsolvable at layer 3 -- expanding.
0.355 Iteration 4.
0.355 New layer size: 5
0.355 Instantiating ...
0.521 Collected 333 relevant facts at this layer
0.521 Encoding ...
0.532 Attempting to solve formula with 36182 clauses (87619 literals) and 1 assumptions
0.532 Unsolvable at layer 4 -- expanding.
0.532 Iteration 5.
0.532 New layer size: 6
0.532 Instantiating ...
0.708 Collected 333 relevant facts at this layer
0.708 Encoding ...
0.720 Attempting to solve formula with 52818 clauses (129819 literals) and 1 assumptions
0.721 Unsolvable at layer 5 -- expanding.
0.721 Iteration 6.
0.721 New layer size: 7
0.721 Instantiating ...
0.907 Collected 333 relevant facts at this layer
0.907 Encoding ...
0.921 Attempting to solve formula with 69474 clauses (172059 literals) and 1 assumptions
0.922 Unsolvable at layer 6 -- expanding.
0.922 Iteration 7.
0.922 New layer size: 8
0.922 Instantiating ...
1.120 Collected 333 relevant facts at this layer
1.120 Encoding ...
1.135 Attempting to solve formula with 86150 clauses (214339 literals) and 1 assumptions
1.136 Unsolvable at layer 7 -- expanding.
1.136 Iteration 8.
1.136 New layer size: 9
1.136 Instantiating ...
1.343 Collected 333 relevant facts at this layer
1.343 Encoding ...
1.362 Attempting to solve formula with 102846 clauses (256659 literals) and 1 assumptions
1.363 Unsolvable at layer 8 -- expanding.
1.363 Iteration 9.
1.363 New layer size: 10
1.363 Instantiating ...
1.580 Collected 333 relevant facts at this layer
1.580 Encoding ...
1.598 Attempting to solve formula with 119562 clauses (299019 literals) and 1 assumptions
1.601 Unsolvable at layer 9 -- expanding.
1.601 Iteration 10.
1.601 New layer size: 11
1.601 Instantiating ...
1.830 Collected 333 relevant facts at this layer
1.830 Encoding ...
1.850 Attempting to solve formula with 136298 clauses (341419 literals) and 1 assumptions
1.852 Unsolvable at layer 10 -- expanding.
1.852 Iteration 11.
1.852 New layer size: 12
1.852 Instantiating ...
2.102 Collected 333 relevant facts at this layer
2.102 Encoding ...
2.130 Attempting to solve formula with 153054 clauses (383859 literals) and 1 assumptions
2.135 Unsolvable at layer 11 -- expanding.
2.135 Iteration 12.
2.135 New layer size: 13
2.135 Instantiating ...
2.385 Collected 333 relevant facts at this layer
2.385 Encoding ...
2.411 Attempting to solve formula with 169830 clauses (426339 literals) and 1 assumptions
2.420 Unsolvable at layer 12 -- expanding.
2.420 Iteration 13.
2.420 New layer size: 14
2.420 Instantiating ...
2.676 Collected 333 relevant facts at this layer
2.676 Encoding ...
2.699 Attempting to solve formula with 186626 clauses (468859 literals) and 1 assumptions
2.719 Unsolvable at layer 13 -- expanding.
2.719 Iteration 14.
2.719 New layer size: 15
2.719 Instantiating ...
2.988 Collected 333 relevant facts at this layer
2.989 Encoding ...
3.013 Attempting to solve formula with 203442 clauses (511419 literals) and 1 assumptions
3.071 Unsolvable at layer 14 -- expanding.
3.071 Iteration 15.
3.071 New layer size: 16
3.071 Instantiating ...
3.350 Collected 333 relevant facts at this layer
3.350 Encoding ...
3.376 Attempting to solve formula with 220278 clauses (554019 literals) and 1 assumptions
3.440 Unsolvable at layer 15 -- expanding.
3.440 Iteration 16.
3.440 New layer size: 17
3.440 Instantiating ...
3.734 Collected 333 relevant facts at this layer
3.734 Encoding ...
3.761 Attempting to solve formula with 237134 clauses (596659 literals) and 1 assumptions
3.856 Unsolvable at layer 16 -- expanding.
3.856 Iteration 17.
3.856 New layer size: 18
3.856 Instantiating ...
4.155 Collected 333 relevant facts at this layer
4.155 Encoding ...
4.183 Attempting to solve formula with 254010 clauses (639339 literals) and 1 assumptions
4.328 Unsolvable at layer 17 -- expanding.
4.328 Iteration 18.
4.328 New layer size: 19
4.328 Instantiating ...
4.643 Collected 333 relevant facts at this layer
4.643 Encoding ...
4.672 Attempting to solve formula with 270906 clauses (682059 literals) and 1 assumptions
4.830 Unsolvable at layer 18 -- expanding.
4.831 Iteration 19.
4.831 New layer size: 20
4.831 Instantiating ...
5.169 Collected 333 relevant facts at this layer
5.169 Encoding ...
5.213 Attempting to solve formula with 287822 clauses (724819 literals) and 1 assumptions
5.520 Unsolvable at layer 19 -- expanding.
5.520 Iteration 20.
5.520 New layer size: 21
5.520 Instantiating ...
5.855 Collected 333 relevant facts at this layer
5.855 Encoding ...
5.890 Attempting to solve formula with 304758 clauses (767619 literals) and 1 assumptions
7.015 Unsolvable at layer 20 -- expanding.
7.015 Iteration 21.
7.015 New layer size: 22
7.015 Instantiating ...
7.375 Collected 333 relevant facts at this layer
7.375 Encoding ...
7.411 Attempting to solve formula with 321714 clauses (810459 literals) and 1 assumptions
9.280 Unsolvable at layer 21 -- expanding.
9.280 Iteration 22.
9.280 New layer size: 23
9.280 Instantiating ...
9.649 Collected 333 relevant facts at this layer
9.649 Encoding ...
9.685 Attempting to solve formula with 338690 clauses (853339 literals) and 1 assumptions
11.275 Unsolvable at layer 22 -- expanding.
11.275 Iteration 23.
11.275 New layer size: 24
11.275 Instantiating ...
11.649 Collected 333 relevant facts at this layer
11.649 Encoding ...
11.686 Attempting to solve formula with 355686 clauses (896259 literals) and 1 assumptions
c
c Try to adapt solver strategies
c 
c Nothing extreme in this problem, continue with glucose default strategies.
c
14.087 Unsolvable at layer 23 -- expanding.
14.087 Iteration 24.
14.087 New layer size: 25
14.087 Instantiating ...
14.478 Collected 333 relevant facts at this layer
14.478 Encoding ...
14.516 Attempting to solve formula with 372702 clauses (939219 literals) and 1 assumptions
20.058 Unsolvable at layer 24 -- expanding.
20.058 Iteration 25.
20.058 New layer size: 26
20.058 Instantiating ...
20.462 Collected 333 relevant facts at this layer
20.462 Encoding ...
20.502 Attempting to solve formula with 389738 clauses (982219 literals) and 1 assumptions
29.197 Unsolvable at layer 25 -- expanding.
29.197 Iteration 26.
29.197 New layer size: 27
29.197 Instantiating ...
29.621 Collected 333 relevant facts at this layer
29.621 Encoding ...
29.663 Attempting to solve formula with 406794 clauses (1025259 literals) and 1 assumptions
56.473 Unsolvable at layer 26 -- expanding.
56.473 Iteration 27.
56.473 New layer size: 28
56.473 Instantiating ...
56.915 Collected 333 relevant facts at this layer
56.915 Encoding ...
56.959 Attempting to solve formula with 423870 clauses (1068339 literals) and 1 assumptions
128.027 Unsolvable at layer 27 -- expanding.
128.027 Iteration 28.
128.027 New layer size: 29
128.027 Instantiating ...
128.461 Collected 333 relevant facts at this layer
128.461 Encoding ...
128.505 Attempting to solve formula with 440966 clauses (1111459 literals) and 1 assumptions
181.428 Unsolvable at layer 28 -- expanding.
181.428 Iteration 29.
181.428 New layer size: 30
181.428 Instantiating ...
181.895 Collected 333 relevant facts at this layer
181.895 Encoding ...
181.942 Attempting to solve formula with 458082 clauses (1154619 literals) and 1 assumptions
217.758 Unsolvable at layer 29 -- expanding.
217.758 Iteration 30.
217.758 New layer size: 31
217.758 Instantiating ...
218.197 Collected 333 relevant facts at this layer
218.197 Encoding ...
218.242 Attempting to solve formula with 475218 clauses (1197819 literals) and 1 assumptions
236.757 Unsolvable at layer 30 -- expanding.
236.757 Iteration 31.
236.757 New layer size: 32
236.757 Instantiating ...
237.221 Collected 333 relevant facts at this layer
237.221 Encoding ...
237.270 Attempting to solve formula with 492374 clauses (1241059 literals) and 1 assumptions
254.954 Unsolvable at layer 31 -- expanding.
254.954 Iteration 32.
254.954 New layer size: 33
254.954 Instantiating ...
255.406 Collected 333 relevant facts at this layer
255.406 Encoding ...
255.479 Attempting to solve formula with 509550 clauses (1284339 literals) and 1 assumptions
304.373 Unsolvable at layer 32 -- expanding.
304.373 Iteration 33.
304.373 New layer size: 34
304.373 Instantiating ...
304.861 Collected 333 relevant facts at this layer
304.861 Encoding ...
304.911 Attempting to solve formula with 526746 clauses (1327659 literals) and 1 assumptions
327.754 Unsolvable at layer 33 -- expanding.
327.754 Iteration 34.
327.754 New layer size: 35
327.754 Instantiating ...
328.228 Collected 333 relevant facts at this layer
328.228 Encoding ...
328.278 Attempting to solve formula with 543962 clauses (1371019 literals) and 1 assumptions
358.810 Unsolvable at layer 34 -- expanding.
358.810 Iteration 35.
358.810 New layer size: 36
358.810 Instantiating ...
359.321 Collected 333 relevant facts at this layer
359.321 Encoding ...
359.374 Attempting to solve formula with 561198 clauses (1414419 literals) and 1 assumptions
392.819 Unsolvable at layer 35 -- expanding.
392.819 Iteration 36.
392.819 New layer size: 37
392.819 Instantiating ...
393.317 Collected 333 relevant facts at this layer
393.317 Encoding ...
393.370 Attempting to solve formula with 578454 clauses (1457859 literals) and 1 assumptions
430.026 Unsolvable at layer 36 -- expanding.
430.026 Iteration 37.
430.026 New layer size: 38
430.026 Instantiating ...
430.562 Collected 333 relevant facts at this layer
430.562 Encoding ...
430.618 Attempting to solve formula with 595730 clauses (1501339 literals) and 1 assumptions
556.020 Unsolvable at layer 37 -- expanding.
556.020 Iteration 38.
556.020 New layer size: 39
556.020 Instantiating ...
556.560 Collected 333 relevant facts at this layer
556.560 Encoding ...
556.622 Attempting to solve formula with 613026 clauses (1544859 literals) and 1 assumptions
726.232 Unsolvable at layer 38 -- expanding.
726.232 Iteration 39.
726.232 New layer size: 40
726.232 Instantiating ...
726.789 Collected 333 relevant facts at this layer
726.789 Encoding ...
726.848 Attempting to solve formula with 630342 clauses (1588419 literals) and 1 assumptions
958.960 Unsolvable at layer 39 -- expanding.
958.960 Iteration 40.
958.960 New layer size: 41
958.960 Instantiating ...
959.536 Collected 333 relevant facts at this layer
959.536 Encoding ...
959.596 Attempting to solve formula with 647678 clauses (1632019 literals) and 1 assumptions
1801.402 Termination signal caught.
1801.402 Total amount of clauses encoded: 647678
1801.402 - actionconstraints : 340845 cls
1801.402 - reductionconstraints : 135944 cls
1801.402 - directframeaxioms : 50986 cls
1801.402 - qfactsemantics : 45696 cls
1801.402 - indirectframeaxioms : 30779 cls
1801.402 - substitutionconstraints : 20437 cls
1801.402 - atmostoneelement : 8561 cls
1801.402 - qconstequality : 5382 cls
1801.402 - expansions : 4238 cls
1801.402 - predecessors : 4134 cls
1801.402 - actioneffects : 341 cls
1801.402 - truefacts : 333 cls
1801.402 - axiomaticops : 2 cls
1801.402 # instantiated positions: 861
1801.402 # instantiated actions: 3862
1801.402 # instantiated reductions: 273
1801.402 # introduced pseudo-constants: 234
1801.402 # retroactive prunings: 2
1801.402 # retroactively pruned operations: 2
1801.402 # dominated operations: 0
1801.402 # total invalid rigid preconditions found in getPFC: 1
1801.402 # invalid rigid preconditions found in getPFC: 1
1801.402 # invalid rigid preconditions found in getPFC in varrestrictions: 0
1801.402 # total invalid fluent preconditions found in getPFC: 2
1801.402 # invalid fluent preconditions found in getPFC: 1
1801.402 # invalid fluent preconditions found in getPFC in varrestrictions: 1
1801.402 # invalid fluent preconditions found in getPFC via postconditions: 0
1801.402 # invalid subtasks found in getPFC: 2
1801.402 # number effects in operation fact_frames: 110
1801.402 # number of variables restricted: 30094
1801.402 # number of nodes variables restricted: 19678
1801.402 Exiting happily.

RUNWATCH_RESULT TIMEOUT RETVAL 0 TIME_SECS 1801.43 MEMPEAK_KBS 319572
