    _           _         _
   \ |         \ |       | |                       
   | |     __  | |      _| |______                
   | |     \/  | |     /_   ______\                
   | |      _  | |   __  | |  ___   ___   ___       
   | |___  | | | |  / .\ | | / , | |   \ / ·_\    
   \_____\ |_| |__\ \__/ |_| \___) |_|_| \___\  
[39mL i l o t a n e  version rls-glucose4
by Dominik Schreiber <dominik.schreiber@kit.edu> 2020-2021
using SAT solver glucose4

6.940 Parser finished.
6.989 Structures extracted.
6.993 18 operators and 15 methods created.
8.777 Mined 2 new reduction preconditions (+9.5%).
8.777 Iteration 0.
8.777 Creating initial layer of size 2
10.830 Attempting to solve formula with 3 clauses (3 literals) and 1 assumptions
10.830 Unsolvable at layer 0 -- expanding.
10.830 Iteration 1.
10.830 New layer size: 2
10.830 Instantiating ...
12.929 Collected 0 relevant facts at this layer
12.929 Encoding ...
13.164 Attempting to solve formula with 8 clauses (12 literals) and 1 assumptions
13.164 Unsolvable at layer 1 -- expanding.
13.164 Iteration 2.
13.200 New layer size: 7
13.200 Instantiating ...
18.993 Collected 0 relevant facts at this layer
18.993 Encoding ...
19.565 Attempting to solve formula with 28 clauses (46 literals) and 6 assumptions
19.565 Unsolvable at layer 2 -- expanding.
19.565 Iteration 3.
19.591 New layer size: 13
19.591 Instantiating ...
35.298 Collected 4 relevant facts at this layer
35.298 Encoding ...
36.477 Attempting to solve formula with 100 clauses (187 literals) and 10 assumptions
36.477 Unsolvable at layer 3 -- expanding.
36.477 Iteration 4.
36.477 New layer size: 23
36.477 Instantiating ...
70.885 Collected 14 relevant facts at this layer
70.885 Encoding ...
73.120 Attempting to solve formula with 708 clauses (1646 literals) and 20 assumptions
73.120 Unsolvable at layer 4 -- expanding.
73.120 Iteration 5.
73.120 New layer size: 43
73.120 Instantiating ...
144.998 Collected 34 relevant facts at this layer
144.998 Encoding ...
149.466 Attempting to solve formula with 4119 clauses (10195 literals) and 40 assumptions
149.467 Unsolvable at layer 5 -- expanding.
149.467 Iteration 6.
149.467 New layer size: 83
149.467 Instantiating ...
296.269 Collected 64 relevant facts at this layer
296.269 Encoding ...
305.066 Attempting to solve formula with 17196 clauses (43728 literals) and 80 assumptions
305.066 Unsolvable at layer 6 -- expanding.
305.066 Iteration 7.
305.066 New layer size: 163
305.066 Instantiating ...
597.538 Collected 104 relevant facts at this layer
597.538 Encoding ...
614.699 Attempting to solve formula with 58544 clauses (151564 literals) and 160 assumptions
614.700 Unsolvable at layer 7 -- expanding.
614.700 Iteration 8.
614.700 New layer size: 323
614.700 Instantiating ...
616.251 Retroactively prune action (removeblock l-2-0-1 stone)@(7,16): no children at offset 0
616.251 Retroactively prune action (__REPEATED_removeblock l-2-0-0 stone)@(7,16): no children at offset 0
616.264 Retroactively prune reduction (place-block-abstract-3 l-2-0-2 stone stone)@(7,16): no children at offset 0
909.648 Collected 152 relevant facts at this layer
909.648 Encoding ...
926.784 Attempting to solve formula with 145136 clauses (364384 literals) and 320 assumptions
926.785 Unsolvable at layer 8 -- expanding.
926.785 Iteration 9.
926.785 New layer size: 643
926.785 Instantiating ...
929.247 Retroactively prune action (__REPEATED_removeblock l-3-0-0 stone)@(8,48): no children at offset 0
929.247 Retroactively prune action (removeblock l-3-0-1 stone)@(8,48): no children at offset 0
929.260 Retroactively prune reduction (place-block-abstract-3 l-3-0-2 stone stone)@(8,48): no children at offset 0
1225.828 Collected 210 relevant facts at this layer
1225.828 Encoding ...
1242.821 Attempting to solve formula with 304424 clauses (742987 literals) and 640 assumptions
1242.822 Unsolvable at layer 9 -- expanding.
1242.822 Iteration 10.
1242.822 New layer size: 1283
1242.822 Instantiating ...
1246.939 Retroactively prune action (__REPEATED_removeblock l-4-0-0 stone)@(9,112): no children at offset 0
1246.939 Retroactively prune action (removeblock l-4-0-1 stone)@(9,112): no children at offset 0
1246.952 Retroactively prune reduction (place-block-abstract-3 l-4-0-2 stone stone)@(9,112): no children at offset 0
1543.569 Collected 280 relevant facts at this layer
1543.569 Encoding ...
1560.632 Attempting to solve formula with 583125 clauses (1391557 literals) and 1280 assumptions
1560.643 Unsolvable at layer 10 -- expanding.
1560.643 Iteration 11.
1560.644 New layer size: 2558
1560.644 Instantiating ...
1564.813 Retroactively prune action (__REPEATED_removeblock l-5-0-0 stone)@(10,240): no children at offset 0
1564.813 Retroactively prune action (removeblock l-5-0-1 stone)@(10,240): no children at offset 0
1564.827 Retroactively prune reduction (place-block-abstract-3 l-5-0-2 stone stone)@(10,240): no children at offset 0
1801.235 Termination signal caught.
1801.235 Total amount of clauses encoded: 583134
1801.235 - directframeaxioms : 395684 cls
1801.235 - atmostoneelement : 98947 cls
1801.235 - predecessors : 22503 cls
1801.235 - expansions : 21341 cls
1801.235 - actionconstraints : 19787 cls
1801.235 - reductionconstraints : 14858 cls
1801.235 - actioneffects : 9696 cls
1801.235 - truefacts : 280 cls
1801.235 - forbiddenoperations : 36 cls
1801.235 - axiomaticops : 2 cls
1801.235 # instantiated positions: 5112
1801.235 # instantiated actions: 26105
1801.235 # instantiated reductions: 18790
1801.235 # introduced pseudo-constants: 0
1801.235 # retroactive prunings: 12
1801.235 # retroactively pruned operations: 36
1801.235 # dominated operations: 0
1801.235 # total invalid rigid preconditions found in getPFC: 56898
1801.235 # invalid rigid preconditions found in getPFC: 43842
1801.235 # invalid rigid preconditions found in getPFC in varrestrictions: 13056
1801.235 # total invalid fluent preconditions found in getPFC: 572
1801.235 # invalid fluent preconditions found in getPFC: 286
1801.235 # invalid fluent preconditions found in getPFC in varrestrictions: 286
1801.235 # invalid fluent preconditions found in getPFC via postconditions: 0
1801.235 # invalid operations found in getPFC via subtasks: 0
1801.235 # invalid operations found in getPFC via postconditions: 0
1801.235 # number effects in operation fact_frames: 120
1801.235 # number of variables restricted: 188419
1801.235 # number of nodes variables restricted: 100825
1801.235 Exiting happily.

RUNWATCH_RESULT TIMEOUT RETVAL 0 TIME_SECS 1802.23 MEMPEAK_KBS 6756160
