    _           _         _
   \ |         \ |       | |                       
   | |     __  | |      _| |______                
   | |     \/  | |     /_   ______\                
   | |      _  | |   __  | |  ___   ___   ___       
   | |___  | | | |  / .\ | | / , | |   \ / ·_\    
   \_____\ |_| |__\ \__/ |_| \___) |_|_| \___\  
[39mL i l o t a n e  version rls-glucose4
by Dominik Schreiber <dominik.schreiber@kit.edu> 2020-2021
using SAT solver glucose4

0.010 Parser finished.
0.010 Structures extracted.
0.010 20 operators and 16 methods created.
0.037 Mined 11 new reduction preconditions (+12.9%).
0.037 Iteration 0.
0.037 Creating initial layer of size 2
0.229 Attempting to solve formula with 127 clauses (189 literals) and 1 assumptions
0.229 Unsolvable at layer 0 -- expanding.
0.229 Iteration 1.
0.229 New layer size: 7
0.229 Instantiating ...
1.144 Collected 3245 relevant facts at this layer
1.144 Encoding ...
1.208 Attempting to solve formula with 69145 clauses (211563 literals) and 6 assumptions
1.209 Unsolvable at layer 1 -- expanding.
1.209 Iteration 2.
1.209 New layer size: 13
1.209 Instantiating ...
3.163 Collected 3534 relevant facts at this layer
3.163 Encoding ...
3.380 Attempting to solve formula with 250616 clauses (823934 literals) and 6 assumptions
3.380 Unsolvable at layer 2 -- expanding.
3.380 Iteration 3.
3.380 New layer size: 31
3.380 Instantiating ...
6.020 Collected 3581 relevant facts at this layer
6.020 Encoding ...
6.625 Attempting to solve formula with 630407 clauses (2118925 literals) and 12 assumptions
6.681 Unsolvable at layer 3 -- expanding.
6.681 Iteration 4.
6.681 New layer size: 55
6.681 Instantiating ...
11.065 Collected 3581 relevant facts at this layer
11.065 Encoding ...
12.052 Attempting to solve formula with 1221137 clauses (4136086 literals) and 18 assumptions
12.107 Unsolvable at layer 4 -- expanding.
12.107 Iteration 5.
12.107 New layer size: 97
12.107 Instantiating ...
19.368 Collected 3581 relevant facts at this layer
19.368 Encoding ...
21.003 Attempting to solve formula with 2214214 clauses (7534313 literals) and 30 assumptions
21.079 Unsolvable at layer 5 -- expanding.
21.079 Iteration 6.
21.079 New layer size: 163
21.079 Instantiating ...
33.062 Collected 3581 relevant facts at this layer
33.062 Encoding ...
35.786 Attempting to solve formula with 3817786 clauses (13025633 literals) and 48 assumptions
35.937 Unsolvable at layer 6 -- expanding.
35.937 Iteration 7.
35.937 New layer size: 271
35.937 Instantiating ...
55.582 Collected 3581 relevant facts at this layer
55.582 Encoding ...
59.968 Attempting to solve formula with 6433906 clauses (21990057 literals) and 78 assumptions
60.554 Unsolvable at layer 7 -- expanding.
60.554 Iteration 8.
60.554 New layer size: 445
60.554 Instantiating ...
92.396 Collected 3581 relevant facts at this layer
92.396 Encoding ...
99.863 Attempting to solve formula with 10673068 clauses (36520675 literals) and 126 assumptions
100.746 Unsolvable at layer 8 -- expanding.
100.746 Iteration 9.
100.746 New layer size: 727
100.746 Instantiating ...
152.997 Collected 3581 relevant facts at this layer
152.997 Encoding ...
164.921 Attempting to solve formula with 17547820 clauses (60090591 literals) and 204 assumptions
167.486 Unsolvable at layer 9 -- expanding.
167.486 Iteration 10.
167.486 New layer size: 1183
167.486 Instantiating ...
253.212 Collected 3581 relevant facts at this layer
253.212 Encoding ...
274.492 Attempting to solve formula with 28681204 clauses (98265999 literals) and 330 assumptions
280.018 Unsolvable at layer 10 -- expanding.
280.018 Iteration 11.
280.019 New layer size: 1921
280.019 Instantiating ...
421.236 Collected 3581 relevant facts at this layer
421.236 Encoding ...
458.348 Attempting to solve formula with 46708810 clauses (160086197 literals) and 534 assumptions
470.098 Unsolvable at layer 11 -- expanding.
470.098 Iteration 12.
470.101 New layer size: 3115
470.101 Instantiating ...
595.135 Termination signal caught.
595.136 Total amount of clauses encoded: 46708810
595.136 - directframeaxioms : 18796754 cls
595.136 - qfactsemantics : 12215611 cls
595.136 - indirectframeaxioms : 9530475 cls
595.136 - reductionconstraints : 5217223 cls
595.136 - actionconstraints : 360177 cls
595.136 - qconstequality : 229633 cls
595.136 - substitutionconstraints : 181609 cls
595.136 - atmostoneelement : 91561 cls
595.136 - expansions : 35353 cls
595.136 - predecessors : 29800 cls
595.136 - actioneffects : 17031 cls
595.136 - truefacts : 3581 cls
595.136 - axiomaticops : 2 cls
595.136 # instantiated positions: 6379
595.136 # instantiated actions: 26381
595.136 # instantiated reductions: 12314
595.136 # introduced pseudo-constants: 5813
595.136 # retroactive prunings: 0
595.136 # retroactively pruned operations: 0
595.136 # dominated operations: 8
595.136 # total invalid rigid preconditions found in getPFC: 0
595.136 # invalid rigid preconditions found in getPFC: 0
595.136 # invalid rigid preconditions found in getPFC in varrestrictions: 0
595.136 # total invalid fluent preconditions found in getPFC: 24
595.136 # invalid fluent preconditions found in getPFC: 17
595.136 # invalid fluent preconditions found in getPFC in varrestrictions: 7
595.136 # invalid fluent preconditions found in getPFC via postconditions: 0
595.136 # invalid subtasks found in getPFC: 0
595.136 # number effects in operation fact_frames: 234
595.136 # number of variables restricted: 8405353
595.136 Exiting happily.

RUNWATCH_RESULT MEMOUT RETVAL 0 TIME_SECS 596.166 MEMPEAK_KBS 16018388
