    _           _         _
   \ |         \ |       | |                       
   | |     __  | |      _| |______                
   | |     \/  | |     /_   ______\                
   | |      _  | |   __  | |  ___   ___   ___       
   | |___  | | | |  / .\ | | / , | |   \ / ·_\    
   \_____\ |_| |__\ \__/ |_| \___) |_|_| \___\  
[39mL i l o t a n e  version rls-glucose4
by Dominik Schreiber <dominik.schreiber@kit.edu> 2020-2021
using SAT solver glucose4

0.018 Parser finished.
0.019 Structures extracted.
0.019 20 operators and 16 methods created.
0.066 Mined 11 new reduction preconditions (+8.5%).
0.066 Iteration 0.
0.066 Creating initial layer of size 2
0.443 Attempting to solve formula with 217 clauses (324 literals) and 1 assumptions
0.443 Unsolvable at layer 0 -- expanding.
0.443 Iteration 1.
0.443 New layer size: 5
0.443 Instantiating ...
2.169 Collected 10400 relevant facts at this layer
2.169 Encoding ...
2.305 Attempting to solve formula with 123973 clauses (378677 literals) and 4 assumptions
2.308 Unsolvable at layer 1 -- expanding.
2.308 Iteration 2.
2.308 New layer size: 9
2.308 Instantiating ...
6.256 Collected 10714 relevant facts at this layer
6.256 Encoding ...
6.668 Attempting to solve formula with 447387 clauses (1495978 literals) and 4 assumptions
6.669 Unsolvable at layer 2 -- expanding.
6.669 Iteration 3.
6.670 New layer size: 21
6.670 Instantiating ...
11.713 Collected 10804 relevant facts at this layer
11.713 Encoding ...
12.771 Attempting to solve formula with 1164980 clauses (3965932 literals) and 8 assumptions
12.811 Unsolvable at layer 3 -- expanding.
12.811 Iteration 4.
12.811 New layer size: 37
12.811 Instantiating ...
21.178 Collected 10804 relevant facts at this layer
21.178 Encoding ...
22.867 Attempting to solve formula with 2305880 clauses (7906920 literals) and 12 assumptions
22.912 Unsolvable at layer 4 -- expanding.
22.912 Iteration 5.
22.912 New layer size: 65
22.912 Instantiating ...
37.206 Collected 10804 relevant facts at this layer
37.206 Encoding ...
40.159 Attempting to solve formula with 4239420 clauses (14596537 literals) and 20 assumptions
40.215 Unsolvable at layer 5 -- expanding.
40.215 Iteration 6.
40.215 New layer size: 109
40.215 Instantiating ...
63.499 Collected 10804 relevant facts at this layer
63.499 Encoding ...
68.484 Attempting to solve formula with 7383573 clauses (25485999 literals) and 32 assumptions
68.654 Unsolvable at layer 6 -- expanding.
68.654 Iteration 7.
68.654 New layer size: 181
68.654 Instantiating ...
106.242 Collected 10804 relevant facts at this layer
106.242 Encoding ...
114.571 Attempting to solve formula with 12530814 clauses (43322935 literals) and 52 assumptions
115.054 Unsolvable at layer 7 -- expanding.
115.054 Iteration 8.
115.054 New layer size: 297
115.054 Instantiating ...
175.340 Collected 10804 relevant facts at this layer
175.340 Encoding ...
188.650 Attempting to solve formula with 20891755 clauses (72307187 literals) and 84 assumptions
189.980 Unsolvable at layer 8 -- expanding.
189.980 Iteration 9.
189.980 New layer size: 485
189.980 Instantiating ...
290.818 Collected 10804 relevant facts at this layer
290.818 Encoding ...
314.740 Attempting to solve formula with 34469484 clauses (119386229 literals) and 136 assumptions
315.503 Unsolvable at layer 9 -- expanding.
315.503 Iteration 10.
315.503 New layer size: 789
315.503 Instantiating ...
504.958 Collected 10804 relevant facts at this layer
504.958 Encoding ...
558.169 Attempting to solve formula with 56477701 clauses (195707377 literals) and 220 assumptions
561.988 Unsolvable at layer 10 -- expanding.
561.988 Iteration 11.
561.989 New layer size: 1281
561.989 Instantiating ...
747.583 Termination signal caught.
747.583 Total amount of clauses encoded: 56477701
747.583 - directframeaxioms : 23907878 cls
747.583 - qfactsemantics : 15524644 cls
747.583 - indirectframeaxioms : 11940130 cls
747.583 - reductionconstraints : 4421099 cls
747.583 - actionconstraints : 289167 cls
747.583 - qconstequality : 170474 cls
747.583 - substitutionconstraints : 143039 cls
747.583 - atmostoneelement : 37084 cls
747.583 - expansions : 14331 cls
747.583 - predecessors : 12076 cls
747.583 - truefacts : 10804 cls
747.583 - actioneffects : 6973 cls
747.583 - axiomaticops : 2 cls
747.583 # instantiated positions: 2733
747.583 # instantiated actions: 11235
747.583 # instantiated reductions: 5306
747.583 # introduced pseudo-constants: 2455
747.583 # retroactive prunings: 0
747.583 # retroactively pruned operations: 0
747.583 # dominated operations: 2
747.583 # total invalid rigid preconditions found in getPFC: 0
747.583 # invalid rigid preconditions found in getPFC: 0
747.583 # invalid rigid preconditions found in getPFC in varrestrictions: 0
747.583 # total invalid fluent preconditions found in getPFC: 88
747.583 # invalid fluent preconditions found in getPFC: 84
747.583 # invalid fluent preconditions found in getPFC in varrestrictions: 4
747.583 # invalid fluent preconditions found in getPFC via postconditions: 0
747.583 # invalid subtasks found in getPFC: 0
747.583 # number effects in operation fact_frames: 230
747.583 # number of variables restricted: 6176850
747.583 Exiting happily.

RUNWATCH_RESULT MEMOUT RETVAL 0 TIME_SECS 748.706 MEMPEAK_KBS 16008604
