    _           _         _
   \ |         \ |       | |                       
   | |     __  | |      _| |______                
   | |     \/  | |     /_   ______\                
   | |      _  | |   __  | |  ___   ___   ___       
   | |___  | | | |  / .\ | | / , | |   \ / ·_\    
   \_____\ |_| |__\ \__/ |_| \___) |_|_| \___\  
[39mL i l o t a n e  version rls-glucose4
by Dominik Schreiber <dominik.schreiber@kit.edu> 2020-2021
using SAT solver glucose4

0.059 Parser finished.
0.060 Structures extracted.
0.074 312 operators and 305 methods created.
0.895 Mined 582 new reduction preconditions (+90.1%).
0.895 Iteration 0.
0.895 Creating initial layer of size 2
0.930 Attempting to solve formula with 3 clauses (3 literals) and 1 assumptions
0.930 Unsolvable at layer 0 -- expanding.
0.930 Iteration 1.
0.930 New layer size: 5
0.930 Instantiating ...
1.048 Collected 9 relevant facts at this layer
1.048 Encoding ...
1.054 Attempting to solve formula with 145 clauses (347 literals) and 4 assumptions
1.054 Unsolvable at layer 1 -- expanding.
1.054 Iteration 2.
1.054 New layer size: 9
1.054 Instantiating ...
1.937 Collected 251 relevant facts at this layer
1.937 Encoding ...
1.954 Attempting to solve formula with 37904 clauses (83919 literals) and 4 assumptions
1.954 Unsolvable at layer 2 -- expanding.
1.954 Iteration 3.
1.954 New layer size: 13
1.954 Instantiating ...
3.553 Collected 499 relevant facts at this layer
3.554 Encoding ...
3.589 Attempting to solve formula with 103346 clauses (237328 literals) and 8 assumptions
3.590 Unsolvable at layer 3 -- expanding.
3.590 Iteration 4.
3.590 New layer size: 39
3.590 Instantiating ...
6.130 Collected 920 relevant facts at this layer
6.130 Encoding ...
6.259 Attempting to solve formula with 228512 clauses (569658 literals) and 19 assumptions
6.260 Unsolvable at layer 4 -- expanding.
6.260 Iteration 5.
6.260 New layer size: 90
6.260 Instantiating ...
14.718 Collected 1976 relevant facts at this layer
14.718 Encoding ...
15.139 Attempting to solve formula with 719736 clauses (1858525 literals) and 35 assumptions
15.157 Unsolvable at layer 5 -- expanding.
15.157 Iteration 6.
15.157 New layer size: 157
15.157 Instantiating ...
37.623 Collected 2008 relevant facts at this layer
37.623 Encoding ...
38.546 Attempting to solve formula with 1903919 clauses (4899628 literals) and 62 assumptions
38.598 Unsolvable at layer 6 -- expanding.
38.598 Iteration 7.
38.598 New layer size: 292
38.598 Instantiating ...
82.142 Collected 2680 relevant facts at this layer
82.142 Encoding ...
84.229 Attempting to solve formula with 4381244 clauses (11649353 literals) and 120 assumptions
84.544 Unsolvable at layer 7 -- expanding.
84.544 Iteration 8.
84.544 New layer size: 586
84.544 Instantiating ...
165.372 Collected 3476 relevant facts at this layer
165.372 Encoding ...
171.043 Attempting to solve formula with 10171905 clauses (28465027 literals) and 234 assumptions
171.998 Unsolvable at layer 8 -- expanding.
171.998 Iteration 9.
172.000 New layer size: 1132
172.000 Instantiating ...
341.891 Collected 3476 relevant facts at this layer
341.891 Encoding ...
354.985 Attempting to solve formula with 22732651 clauses (65381789 literals) and 438 assumptions
359.433 Unsolvable at layer 9 -- expanding.
359.433 Iteration 10.
359.434 New layer size: 2103
359.434 Instantiating ...
694.829 Collected 3476 relevant facts at this layer
694.829 Encoding ...
721.675 Attempting to solve formula with 47269623 clauses (137608177 literals) and 818 assumptions
744.689 Unsolvable at layer 10 -- expanding.
744.689 Iteration 11.
744.691 New layer size: 3968
744.691 Instantiating ...
1249.868 Termination signal caught.
1249.868 Total amount of clauses encoded: 47269623
1249.868 - reductionconstraints : 17791331 cls
1249.868 - directframeaxioms : 15494972 cls
1249.868 - qfactsemantics : 6582212 cls
1249.868 - indirectframeaxioms : 4783481 cls
1249.868 - substitutionconstraints : 1134629 cls
1249.868 - atmostoneelement : 846508 cls
1249.868 - qconstequality : 293252 cls
1249.868 - expansions : 153885 cls
1249.868 - predecessors : 91109 cls
1249.868 - actionconstraints : 62083 cls
1249.868 - actioneffects : 32683 cls
1249.868 - truefacts : 3476 cls
1249.868 - axiomaticops : 2 cls
1249.868 # instantiated positions: 7296
1249.868 # instantiated actions: 68215
1249.868 # instantiated reductions: 86227
1249.868 # introduced pseudo-constants: 24392
1249.868 # retroactive prunings: 22
1249.868 # retroactively pruned operations: 22
1249.868 # dominated operations: 10009
1249.868 # total invalid rigid preconditions found in getPFC: 21737
1249.868 # invalid rigid preconditions found in getPFC: 1
1249.868 # invalid rigid preconditions found in getPFC in varrestrictions: 21736
1249.868 # total invalid fluent preconditions found in getPFC: 581632
1249.868 # invalid fluent preconditions found in getPFC: 9028
1249.868 # invalid fluent preconditions found in getPFC in varrestrictions: 9
1249.868 # invalid fluent preconditions found in getPFC via postconditions: 572595
1249.868 # invalid subtasks found in getPFC: 22
1249.868 # number effects in operation fact_frames: 14208
1249.868 # number of variables restricted: 6440917
1249.868 Exiting happily.

RUNWATCH_RESULT MEMOUT RETVAL 0 TIME_SECS 1250.91 MEMPEAK_KBS 16010992
