    _           _         _
   \ |         \ |       | |                       
   | |     __  | |      _| |______                
   | |     \/  | |     /_   ______\                
   | |      _  | |   __  | |  ___   ___   ___       
   | |___  | | | |  / .\ | | / , | |   \ / ·_\    
   \_____\ |_| |__\ \__/ |_| \___) |_|_| \___\  
[39mL i l o t a n e  version rls-glucose4
by Dominik Schreiber <dominik.schreiber@kit.edu> 2020-2021
using SAT solver glucose4

0.005 Parser finished.
0.005 Structures extracted.
0.006 54 operators and 26 methods created.
0.015 Mined 7 new reduction preconditions (+18.9%).
0.015 Iteration 0.
0.015 Creating initial layer of size 2
0.015 Attempting to solve formula with 3 clauses (3 literals) and 1 assumptions
0.015 Unsolvable at layer 0 -- expanding.
0.015 Iteration 1.
0.015 New layer size: 5
0.015 Instantiating ...
0.018 Collected 0 relevant facts at this layer
0.018 Encoding ...
0.018 Attempting to solve formula with 17 clauses (27 literals) and 4 assumptions
0.018 Unsolvable at layer 1 -- expanding.
0.018 Iteration 2.
0.018 New layer size: 9
0.018 Instantiating ...
0.019 Collected 4 relevant facts at this layer
0.019 Encoding ...
0.019 Attempting to solve formula with 55 clauses (99 literals) and 4 assumptions
0.019 Unsolvable at layer 2 -- expanding.
0.019 Iteration 3.
0.019 New layer size: 13
0.019 Instantiating ...
0.021 Collected 8 relevant facts at this layer
0.021 Encoding ...
0.022 Attempting to solve formula with 125 clauses (239 literals) and 8 assumptions
0.022 Unsolvable at layer 3 -- expanding.
0.022 Iteration 4.
0.022 New layer size: 33
0.022 Instantiating ...
0.035 Collected 28 relevant facts at this layer
0.035 Encoding ...
0.036 Attempting to solve formula with 727 clauses (1735 literals) and 16 assumptions
0.036 Unsolvable at layer 4 -- expanding.
0.036 Iteration 5.
0.036 New layer size: 61
0.036 Instantiating ...
0.066 Collected 40 relevant facts at this layer
0.066 Encoding ...
0.069 Attempting to solve formula with 3105 clauses (7665 literals) and 24 assumptions
0.069 Unsolvable at layer 5 -- expanding.
0.069 Iteration 6.
0.070 New layer size: 97
0.070 Instantiating ...
0.120 Collected 40 relevant facts at this layer
0.120 Encoding ...
0.126 Attempting to solve formula with 7705 clauses (19847 literals) and 36 assumptions
0.126 Unsolvable at layer 6 -- expanding.
0.126 Iteration 7.
0.126 New layer size: 149
0.126 Instantiating ...
0.202 Collected 43 relevant facts at this layer
0.203 Encoding ...
0.212 Attempting to solve formula with 15102 clauses (39557 literals) and 52 assumptions
0.213 Unsolvable at layer 7 -- expanding.
0.213 Iteration 8.
0.213 New layer size: 221
0.213 Instantiating ...
0.337 Collected 43 relevant facts at this layer
0.337 Encoding ...
0.351 Attempting to solve formula with 26422 clauses (69366 literals) and 72 assumptions
0.351 Unsolvable at layer 8 -- expanding.
0.351 Iteration 9.
0.351 New layer size: 317
0.351 Instantiating ...
0.537 Collected 43 relevant facts at this layer
0.537 Encoding ...
0.558 Attempting to solve formula with 42995 clauses (113388 literals) and 96 assumptions
c last restart ## conflicts  :  7 2450 
0.560 Found a solution at layer 9.
==>
5934 UP F0 F6
5977 i-LOCK-LIFT-AT F6
5979 i-UNLOCK-LIFT-AT F6
5981 BOARD F6 P3
6077 i-LOCK-BOARDED P3
6082 DOWN F6 F5
6087 DOWN F5 F4
6090 UP F4 F7
6141 i-LOCK-LIFT-AT F7
6143 i-UNLOCK-LIFT-AT F7
6146 i-UNLOCK-BOARDED P3
6148 DEPART F7 P3
6716 i-LOCK-SERVED P3
6718 DOWN F7 F1
6768 i-LOCK-LIFT-AT F1
6772 i-UNLOCK-LIFT-AT F1
6774 BOARD F1 P2
6870 i-LOCK-BOARDED P2
6876 UP F1 F5
6879 UP F5 F7
6883 DOWN F7 F6
6933 i-LOCK-LIFT-AT F6
6937 i-UNLOCK-LIFT-AT F6
6939 i-UNLOCK-BOARDED P2
6941 DEPART F6 P2
7509 i-LOCK-SERVED P2
7511 DOWN F6 F4
7562 i-LOCK-LIFT-AT F4
7564 i-UNLOCK-LIFT-AT F4
7567 BOARD F4 P1
7663 i-LOCK-BOARDED P1
7669 DOWN F4 F2
7727 i-LOCK-LIFT-AT F2
7730 i-UNLOCK-LIFT-AT F2
7732 i-UNLOCK-BOARDED P1
7734 DEPART F2 P1
8302 i-LOCK-SERVED P1
8304 UP F2 F3
8355 i-LOCK-LIFT-AT F3
8357 i-UNLOCK-LIFT-AT F3
8360 BOARD F3 P0
8456 i-LOCK-BOARDED P0
8460 DOWN F3 F1
8466 UP F1 F4
8470 DOWN F4 F0
8519 i-LOCK-LIFT-AT F0
8523 i-UNLOCK-LIFT-AT F0
8525 i-UNLOCK-BOARDED P0
8527 DEPART F0 P0
9095 i-LOCK-SERVED P0
root 5 7 9 11
5 ACHIEVE-SERVED P3 -> M22-ACHIEVE-SERVED 15 6716
7 ACHIEVE-SERVED P2 -> M22-ACHIEVE-SERVED 23 7509
9 ACHIEVE-SERVED P1 -> M22-ACHIEVE-SERVED 28 8302
11 ACHIEVE-SERVED P0 -> M22-ACHIEVE-SERVED 33 9095
15 ACHIEVE-SERVED2 P3 -> M24-ACHIEVE-SERVED2 41 47
23 ACHIEVE-SERVED2 P2 -> M24-ACHIEVE-SERVED2 54 56
28 ACHIEVE-SERVED2 P1 -> M24-ACHIEVE-SERVED2 63 65
33 ACHIEVE-SERVED2 P0 -> M24-ACHIEVE-SERVED2 72 75
41 DO-SERVED-DEPART2 F7 P3 -> M8-DO-SERVED-DEPART2 83 107 6142 6145 6148
47 ACHIEVE-SERVED2 P3 -> M23-ACHIEVE-SERVED2
54 DO-SERVED-DEPART2 F6 P2 -> M8-DO-SERVED-DEPART2 178 182 6936 6938 6941
56 ACHIEVE-SERVED2 P2 -> M23-ACHIEVE-SERVED2
63 DO-SERVED-DEPART2 F2 P1 -> M8-DO-SERVED-DEPART2 253 257 7729 7731 7734
65 ACHIEVE-SERVED2 P1 -> M23-ACHIEVE-SERVED2
72 DO-SERVED-DEPART2 F0 P0 -> M8-DO-SERVED-DEPART2 328 332 8522 8524 8527
75 ACHIEVE-SERVED2 P0 -> M23-ACHIEVE-SERVED2
83 ACHIEVE-BOARDED P3 -> M17-ACHIEVE-BOARDED 405 6077
107 ACHIEVE-LIFT-AT F7 -> M11-ACHIEVE-LIFT-AT 445 6141
178 ACHIEVE-BOARDED P2 -> M17-ACHIEVE-BOARDED 593 6870
182 ACHIEVE-LIFT-AT F6 -> M11-ACHIEVE-LIFT-AT 621 6933
253 ACHIEVE-BOARDED P1 -> M17-ACHIEVE-BOARDED 769 7663
257 ACHIEVE-LIFT-AT F2 -> M11-ACHIEVE-LIFT-AT 796 7727
328 ACHIEVE-BOARDED P0 -> M17-ACHIEVE-BOARDED 945 8456
332 ACHIEVE-LIFT-AT F0 -> M11-ACHIEVE-LIFT-AT 972 8519
405 ACHIEVE-BOARDED1 P3 -> M19-ACHIEVE-BOARDED1 1123 1126
445 ACHIEVE-LIFT-AT0 F7 -> M14-ACHIEVE-LIFT-AT0 6082 1149
593 ACHIEVE-BOARDED1 P2 -> M19-ACHIEVE-BOARDED1 1379 1381
621 ACHIEVE-LIFT-AT0 F6 -> M13-ACHIEVE-LIFT-AT0 6876 1405
769 ACHIEVE-BOARDED1 P1 -> M19-ACHIEVE-BOARDED1 1635 1638
796 ACHIEVE-LIFT-AT0 F2 -> M14-ACHIEVE-LIFT-AT0 7669 1661
945 ACHIEVE-BOARDED1 P0 -> M19-ACHIEVE-BOARDED1 1891 1894
972 ACHIEVE-LIFT-AT0 F0 -> M14-ACHIEVE-LIFT-AT0 8460 1917
1123 DO-BOARDED-BOARD1 F6 P3 -> M7-DO-BOARDED-BOARD1 2149 5978 5981
1126 ACHIEVE-BOARDED1 P3 -> M18-ACHIEVE-BOARDED1
1149 ACHIEVE-LIFT-AT0 F7 -> M14-ACHIEVE-LIFT-AT0 6087 2205
1379 DO-BOARDED-BOARD1 F1 P2 -> M7-DO-BOARDED-BOARD1 2541 6771 6774
1381 ACHIEVE-BOARDED1 P2 -> M18-ACHIEVE-BOARDED1
1405 ACHIEVE-LIFT-AT0 F6 -> M13-ACHIEVE-LIFT-AT0 6879 2597
1635 DO-BOARDED-BOARD1 F4 P1 -> M7-DO-BOARDED-BOARD1 2933 7563 7567
1638 ACHIEVE-BOARDED1 P1 -> M18-ACHIEVE-BOARDED1
1661 ACHIEVE-LIFT-AT0 F2 -> M12-ACHIEVE-LIFT-AT0
1891 DO-BOARDED-BOARD1 F3 P0 -> M7-DO-BOARDED-BOARD1 3325 8356 8360
1894 ACHIEVE-BOARDED1 P0 -> M18-ACHIEVE-BOARDED1
1917 ACHIEVE-LIFT-AT0 F0 -> M13-ACHIEVE-LIFT-AT0 8466 3379
2149 ACHIEVE-LIFT-AT F6 -> M11-ACHIEVE-LIFT-AT 3718 5977
2205 ACHIEVE-LIFT-AT0 F7 -> M13-ACHIEVE-LIFT-AT0 6090 3817
2541 ACHIEVE-LIFT-AT F1 -> M11-ACHIEVE-LIFT-AT 4266 6768
2597 ACHIEVE-LIFT-AT0 F6 -> M14-ACHIEVE-LIFT-AT0 6883 4373
2933 ACHIEVE-LIFT-AT F4 -> M11-ACHIEVE-LIFT-AT 4824 7562
3325 ACHIEVE-LIFT-AT F3 -> M11-ACHIEVE-LIFT-AT 5379 8355
3379 ACHIEVE-LIFT-AT0 F0 -> M14-ACHIEVE-LIFT-AT0 8470 5485
3718 ACHIEVE-LIFT-AT0 F6 -> M13-ACHIEVE-LIFT-AT0 5934 5937
3817 ACHIEVE-LIFT-AT0 F7 -> M12-ACHIEVE-LIFT-AT0
4266 ACHIEVE-LIFT-AT0 F1 -> M14-ACHIEVE-LIFT-AT0 6718 6725
4373 ACHIEVE-LIFT-AT0 F6 -> M12-ACHIEVE-LIFT-AT0
4824 ACHIEVE-LIFT-AT0 F4 -> M14-ACHIEVE-LIFT-AT0 7511 7520
5379 ACHIEVE-LIFT-AT0 F3 -> M13-ACHIEVE-LIFT-AT0 8304 8313
5485 ACHIEVE-LIFT-AT0 F0 -> M12-ACHIEVE-LIFT-AT0
5937 ACHIEVE-LIFT-AT0 F6 -> M12-ACHIEVE-LIFT-AT0
5978 IFUNLOCK-LIFT-AT F6 -> IFUNLOCK5-LIFT-AT 5979
6142 IFUNLOCK-LIFT-AT F7 -> IFUNLOCK5-LIFT-AT 6143
6145 IFUNLOCK-BOARDED P3 -> IFUNLOCK1-BOARDED 6146
6725 ACHIEVE-LIFT-AT0 F1 -> M12-ACHIEVE-LIFT-AT0
6771 IFUNLOCK-LIFT-AT F1 -> IFUNLOCK5-LIFT-AT 6772
6936 IFUNLOCK-LIFT-AT F6 -> IFUNLOCK5-LIFT-AT 6937
6938 IFUNLOCK-BOARDED P2 -> IFUNLOCK1-BOARDED 6939
7520 ACHIEVE-LIFT-AT0 F4 -> M12-ACHIEVE-LIFT-AT0
7563 IFUNLOCK-LIFT-AT F4 -> IFUNLOCK5-LIFT-AT 7564
7729 IFUNLOCK-LIFT-AT F2 -> IFUNLOCK5-LIFT-AT 7730
7731 IFUNLOCK-BOARDED P1 -> IFUNLOCK1-BOARDED 7732
8313 ACHIEVE-LIFT-AT0 F3 -> M12-ACHIEVE-LIFT-AT0
8356 IFUNLOCK-LIFT-AT F3 -> IFUNLOCK5-LIFT-AT 8357
8522 IFUNLOCK-LIFT-AT F0 -> IFUNLOCK5-LIFT-AT 8523
8524 IFUNLOCK-BOARDED P0 -> IFUNLOCK1-BOARDED 8525
<==
0.564 End of solution plan. (counted length of 50)
0.564 Total amount of clauses encoded: 42995
0.564 - directframeaxioms : 13484 cls
0.564 - reductionconstraints : 9049 cls
0.564 - substitutionconstraints : 4844 cls
0.564 - atmostoneelement : 3155 cls
0.564 - expansions : 2584 cls
0.564 - predecessors : 2551 cls
0.564 - qfactsemantics : 2146 cls
0.564 - qconstequality : 1936 cls
0.564 - actionconstraints : 1354 cls
0.564 - indirectframeaxioms : 1270 cls
0.564 - actioneffects : 577 cls
0.564 - truefacts : 43 cls
0.564 - axiomaticops : 2 cls
0.564 # instantiated positions: 906
0.564 # instantiated actions: 2004
0.564 # instantiated reductions: 548
0.564 # introduced pseudo-constants: 228
0.564 # retroactive prunings: 0
0.564 # retroactively pruned operations: 0
0.564 # dominated operations: 0
0.564 # total invalid rigid preconditions found in getPFC: 0
0.564 # invalid rigid preconditions found in getPFC: 0
0.564 # invalid rigid preconditions found in getPFC in varrestrictions: 0
0.564 # total invalid fluent preconditions found in getPFC: 20
0.564 # invalid fluent preconditions found in getPFC: 20
0.564 # invalid fluent preconditions found in getPFC in varrestrictions: 0
0.564 # invalid fluent preconditions found in getPFC via postconditions: 0
0.564 # invalid subtasks found in getPFC: 0
0.564 # number effects in operation fact_frames: 209
0.564 # number of variables restricted: 25444
0.564 # number of nodes variables restricted: 13015
0.564 Exiting happily.

RUNWATCH_RESULT EXIT RETVAL 0 TIME_SECS 0.571289 MEMPEAK_KBS 812
