    _           _         _
   \ |         \ |       | |                       
   | |     __  | |      _| |______                
   | |     \/  | |     /_   ______\                
   | |      _  | |   __  | |  ___   ___   ___       
   | |___  | | | |  / .\ | | / , | |   \ / ·_\    
   \_____\ |_| |__\ \__/ |_| \___) |_|_| \___\  
[39mL i l o t a n e  version rls-glucose4
by Dominik Schreiber <dominik.schreiber@kit.edu> 2020-2021
using SAT solver glucose4

0.012 Parser finished.
0.012 Structures extracted.
0.013 54 operators and 26 methods created.
0.025 Mined 7 new reduction preconditions (+18.9%).
0.025 Iteration 0.
0.025 Creating initial layer of size 2
0.027 Attempting to solve formula with 3 clauses (3 literals) and 1 assumptions
0.027 Unsolvable at layer 0 -- expanding.
0.027 Iteration 1.
0.027 New layer size: 22
0.027 Instantiating ...
0.043 Collected 0 relevant facts at this layer
0.043 Encoding ...
0.044 Attempting to solve formula with 68 clauses (112 literals) and 21 assumptions
0.044 Unsolvable at layer 1 -- expanding.
0.044 Iteration 2.
0.044 New layer size: 43
0.044 Instantiating ...
0.055 Collected 21 relevant facts at this layer
0.055 Encoding ...
0.056 Attempting to solve formula with 259 clauses (473 literals) and 21 assumptions
0.056 Unsolvable at layer 2 -- expanding.
0.056 Iteration 3.
0.056 New layer size: 64
0.056 Instantiating ...
0.076 Collected 42 relevant facts at this layer
0.076 Encoding ...
0.079 Attempting to solve formula with 618 clauses (1191 literals) and 42 assumptions
0.079 Unsolvable at layer 3 -- expanding.
0.079 Iteration 4.
0.079 New layer size: 169
0.079 Instantiating ...
0.210 Collected 129 relevant facts at this layer
0.210 Encoding ...
0.224 Attempting to solve formula with 6986 clauses (18712 literals) and 84 assumptions
0.224 Unsolvable at layer 4 -- expanding.
0.224 Iteration 5.
0.225 New layer size: 316
0.225 Instantiating ...
0.601 Collected 204 relevant facts at this layer
0.601 Encoding ...
0.678 Attempting to solve formula with 125839 clauses (315338 literals) and 126 assumptions
0.678 Unsolvable at layer 5 -- expanding.
0.678 Iteration 6.
0.679 New layer size: 505
0.679 Instantiating ...
1.366 Collected 204 relevant facts at this layer
1.366 Encoding ...
1.536 Attempting to solve formula with 399373 clauses (1028822 literals) and 189 assumptions
1.536 Unsolvable at layer 6 -- expanding.
1.536 Iteration 7.
1.537 New layer size: 778
1.537 Instantiating ...
2.671 Collected 214 relevant facts at this layer
2.671 Encoding ...
2.995 Attempting to solve formula with 832054 clauses (2171692 literals) and 273 assumptions
3.008 Unsolvable at layer 7 -- expanding.
3.008 Iteration 8.
3.009 New layer size: 1156
3.009 Instantiating ...
4.826 Collected 214 relevant facts at this layer
4.826 Encoding ...
5.298 Attempting to solve formula with 1525780 clauses (3987628 literals) and 378 assumptions
5.299 Unsolvable at layer 8 -- expanding.
5.299 Iteration 9.
5.300 New layer size: 1660
5.300 Instantiating ...
8.160 Collected 214 relevant facts at this layer
8.160 Encoding ...
9.064 Attempting to solve formula with 2605390 clauses (6825669 literals) and 504 assumptions
c
c Try to adapt solver strategies
c 
c Adjusting for high successive conflicts.
c
c Activating Chanseok Strategy: moved 7384 clauses to the permanent set.
c last restart ## conflicts  :  359 42691 
117.832 Found a solution at layer 9.
==>
96323 UP F0 F23
96502 i-LOCK-LIFT-AT F23
96504 i-UNLOCK-LIFT-AT F23
96506 BOARD F23 P20
96806 i-LOCK-BOARDED P20
96808 UP F23 F39
96816 DOWN F39 F12
97005 i-LOCK-LIFT-AT F12
97009 i-UNLOCK-LIFT-AT F12
97011 i-UNLOCK-BOARDED P20
97013 DEPART F12 P20
98723 i-LOCK-SERVED P20
98725 UP F12 F34
98912 i-LOCK-LIFT-AT F34
98915 i-UNLOCK-LIFT-AT F34
98917 BOARD F34 P19
99217 i-LOCK-BOARDED P19
99223 UP F34 F41
99226 DOWN F41 F29
99231 DOWN F29 F18
99235 DOWN F18 F13
99417 i-LOCK-LIFT-AT F13
99419 i-UNLOCK-LIFT-AT F13
99422 i-UNLOCK-BOARDED P19
99424 DEPART F13 P19
101134 i-LOCK-SERVED P19
101137 UP F13 F27
101322 i-LOCK-LIFT-AT F27
101326 i-UNLOCK-LIFT-AT F27
101328 BOARD F27 P18
101628 i-LOCK-BOARDED P18
101631 DOWN F27 F19
101638 UP F19 F39
101828 i-LOCK-LIFT-AT F39
101831 i-UNLOCK-LIFT-AT F39
101833 i-UNLOCK-BOARDED P18
101835 DEPART F39 P18
103545 i-LOCK-SERVED P18
103551 DOWN F39 F4
103733 i-LOCK-LIFT-AT F4
103736 i-UNLOCK-LIFT-AT F4
103739 BOARD F4 P17
104039 i-LOCK-BOARDED P17
104043 DOWN F4 F1
104047 UP F1 F41
104051 DOWN F41 F36
104057 DOWN F36 F6
104239 i-LOCK-LIFT-AT F6
104241 i-UNLOCK-LIFT-AT F6
104244 i-UNLOCK-BOARDED P17
104246 DEPART F6 P17
105956 i-LOCK-SERVED P17
105959 UP F6 F40
106144 i-LOCK-LIFT-AT F40
106147 i-UNLOCK-LIFT-AT F40
106150 BOARD F40 P16
106450 i-LOCK-BOARDED P16
106452 UP F40 F41
106460 DOWN F41 F25
106463 DOWN F25 F0
106466 UP F0 F21
106649 i-LOCK-LIFT-AT F21
106652 i-UNLOCK-LIFT-AT F21
106655 i-UNLOCK-BOARDED P16
106657 DEPART F21 P16
108367 i-LOCK-SERVED P16
108370 UP F21 F23
108556 i-LOCK-LIFT-AT F23
108559 i-UNLOCK-LIFT-AT F23
108561 BOARD F23 P15
108861 i-LOCK-BOARDED P15
108865 DOWN F23 F22
108869 UP F22 F28
108875 UP F28 F39
108878 DOWN F39 F34
109061 i-LOCK-LIFT-AT F34
109064 i-UNLOCK-LIFT-AT F34
109066 i-UNLOCK-BOARDED P15
109068 DEPART F34 P15
110778 i-LOCK-SERVED P15
110783 UP F34 F41
110966 i-LOCK-LIFT-AT F41
110970 i-UNLOCK-LIFT-AT F41
110972 BOARD F41 P14
111272 i-LOCK-BOARDED P14
111275 DOWN F41 F2
111282 UP F2 F19
111284 UP F19 F25
111288 UP F25 F35
111472 i-LOCK-LIFT-AT F35
111475 i-UNLOCK-LIFT-AT F35
111477 i-UNLOCK-BOARDED P14
111479 DEPART F35 P14
113189 i-LOCK-SERVED P14
113191 DOWN F35 F4
113377 i-LOCK-LIFT-AT F4
113380 i-UNLOCK-LIFT-AT F4
113383 BOARD F4 P13
113683 i-LOCK-BOARDED P13
113686 UP F4 F39
113693 UP F39 F41
113695 DOWN F41 F1
113701 DOWN F1 F0
113882 i-LOCK-LIFT-AT F0
113886 i-UNLOCK-LIFT-AT F0
113888 i-UNLOCK-BOARDED P13
113890 DEPART F0 P13
115600 i-LOCK-SERVED P13
115602 UP F0 F40
115788 i-LOCK-LIFT-AT F40
115791 i-UNLOCK-LIFT-AT F40
115794 BOARD F40 P12
116094 i-LOCK-BOARDED P12
116096 DOWN F40 F3
116103 UP F3 F28
116107 UP F28 F37
116112 DOWN F37 F10
116294 i-LOCK-LIFT-AT F10
116297 i-UNLOCK-LIFT-AT F10
116299 i-UNLOCK-BOARDED P12
116301 DEPART F10 P12
118011 i-LOCK-SERVED P12
118013 UP F10 F36
118199 i-LOCK-LIFT-AT F36
118202 i-UNLOCK-LIFT-AT F36
118205 BOARD F36 P11
118505 i-LOCK-BOARDED P11
118511 DOWN F36 F11
118513 UP F11 F19
118519 DOWN F19 F9
118521 UP F9 F41
118704 i-LOCK-LIFT-AT F41
118708 i-UNLOCK-LIFT-AT F41
118710 i-UNLOCK-BOARDED P11
118712 DEPART F41 P11
120422 i-LOCK-SERVED P11
120425 DOWN F41 F22
120610 i-LOCK-LIFT-AT F22
120614 i-UNLOCK-LIFT-AT F22
120616 BOARD F22 P10
120916 i-LOCK-BOARDED P10
120920 UP F22 F34
120926 DOWN F34 F22
120930 UP F22 F38
120934 DOWN F38 F35
121116 i-LOCK-LIFT-AT F35
121119 i-UNLOCK-LIFT-AT F35
121121 i-UNLOCK-BOARDED P10
121123 DEPART F35 P10
122833 i-LOCK-SERVED P10
122837 DOWN F35 F32
123022 i-LOCK-LIFT-AT F32
123025 i-UNLOCK-LIFT-AT F32
123027 BOARD F32 P9
123327 i-LOCK-BOARDED P9
123333 DOWN F32 F25
123335 DOWN F25 F12
123339 UP F12 F31
123343 DOWN F31 F30
123527 i-LOCK-LIFT-AT F30
123529 i-UNLOCK-LIFT-AT F30
123532 i-UNLOCK-BOARDED P9
123534 DEPART F30 P9
125244 i-LOCK-SERVED P9
125247 DOWN F30 F20
125432 i-LOCK-LIFT-AT F20
125435 i-UNLOCK-LIFT-AT F20
125438 BOARD F20 P8
125738 i-LOCK-BOARDED P8
125742 UP F20 F25
125747 UP F25 F30
125750 DOWN F30 F1
125937 i-LOCK-LIFT-AT F1
125941 i-UNLOCK-LIFT-AT F1
125943 i-UNLOCK-BOARDED P8
125945 DEPART F1 P8
127655 i-LOCK-SERVED P8
127659 UP F1 F22
127843 i-LOCK-LIFT-AT F22
127847 i-UNLOCK-LIFT-AT F22
127849 BOARD F22 P7
128149 i-LOCK-BOARDED P7
128154 DOWN F22 F2
128158 UP F2 F10
128163 DOWN F10 F7
128167 DOWN F7 F1
128348 i-LOCK-LIFT-AT F1
128352 i-UNLOCK-LIFT-AT F1
128354 i-UNLOCK-BOARDED P7
128356 DEPART F1 P7
130066 i-LOCK-SERVED P7
130069 UP F1 F28
130255 i-LOCK-LIFT-AT F28
130258 i-UNLOCK-LIFT-AT F28
130260 BOARD F28 P6
130560 i-LOCK-BOARDED P6
130563 DOWN F28 F7
130569 DOWN F7 F0
130573 UP F0 F36
130759 i-LOCK-LIFT-AT F36
130762 i-UNLOCK-LIFT-AT F36
130765 i-UNLOCK-BOARDED P6
130767 DEPART F36 P6
132477 i-LOCK-SERVED P6
132479 DOWN F36 F19
132666 i-LOCK-LIFT-AT F19
132668 i-UNLOCK-LIFT-AT F19
132671 BOARD F19 P5
132971 i-LOCK-BOARDED P5
132974 DOWN F19 F0
132979 UP F0 F3
132983 DOWN F3 F2
132990 UP F2 F12
133170 i-LOCK-LIFT-AT F12
133174 i-UNLOCK-LIFT-AT F12
133176 i-UNLOCK-BOARDED P5
133178 DEPART F12 P5
134888 i-LOCK-SERVED P5
134890 UP F12 F27
135076 i-LOCK-LIFT-AT F27
135080 i-UNLOCK-LIFT-AT F27
135082 BOARD F27 P4
135382 i-LOCK-BOARDED P4
135388 DOWN F27 F0
135391 UP F0 F32
135395 UP F32 F41
135398 DOWN F41 F26
135581 i-LOCK-LIFT-AT F26
135585 i-UNLOCK-LIFT-AT F26
135587 i-UNLOCK-BOARDED P4
135589 DEPART F26 P4
137299 i-LOCK-SERVED P4
137302 UP F26 F35
137488 i-LOCK-LIFT-AT F35
137491 i-UNLOCK-LIFT-AT F35
137493 BOARD F35 P3
137793 i-LOCK-BOARDED P3
137795 UP F35 F39
137801 DOWN F39 F28
137805 UP F28 F37
137811 DOWN F37 F30
137993 i-LOCK-LIFT-AT F30
137995 i-UNLOCK-LIFT-AT F30
137998 i-UNLOCK-BOARDED P3
138000 DEPART F30 P3
139710 i-LOCK-SERVED P3
139713 DOWN F30 F9
139898 i-LOCK-LIFT-AT F9
139901 i-UNLOCK-LIFT-AT F9
139904 BOARD F9 P2
140204 i-LOCK-BOARDED P2
140207 DOWN F9 F8
140214 DOWN F8 F7
140216 DOWN F7 F6
140404 i-LOCK-LIFT-AT F6
140406 i-UNLOCK-LIFT-AT F6
140409 i-UNLOCK-BOARDED P2
140411 DEPART F6 P2
142121 i-LOCK-SERVED P2
142125 DOWN F6 F0
142309 i-LOCK-LIFT-AT F0
142313 i-UNLOCK-LIFT-AT F0
142315 BOARD F0 P1
142615 i-LOCK-BOARDED P1
142618 UP F0 F37
142625 UP F37 F41
142627 DOWN F41 F13
142815 i-LOCK-LIFT-AT F13
142817 i-UNLOCK-LIFT-AT F13
142820 i-UNLOCK-BOARDED P1
142822 DEPART F13 P1
144532 i-LOCK-SERVED P1
144535 UP F13 F35
144721 i-LOCK-LIFT-AT F35
144724 i-UNLOCK-LIFT-AT F35
144726 BOARD F35 P0
145026 i-LOCK-BOARDED P0
145029 DOWN F35 F17
145034 UP F17 F21
145040 DOWN F21 F5
145225 i-LOCK-LIFT-AT F5
145229 i-UNLOCK-LIFT-AT F5
145231 i-UNLOCK-BOARDED P0
145233 DEPART F5 P0
146943 i-LOCK-SERVED P0
root 5 7 9 11 13 15 17 19 21 23 25 27 29 31 33 35 37 39 41 43 45
5 ACHIEVE-SERVED P20 -> M22-ACHIEVE-SERVED 49 98723
7 ACHIEVE-SERVED P19 -> M22-ACHIEVE-SERVED 74 101134
9 ACHIEVE-SERVED P18 -> M22-ACHIEVE-SERVED 79 103545
11 ACHIEVE-SERVED P17 -> M22-ACHIEVE-SERVED 84 105956
13 ACHIEVE-SERVED P16 -> M22-ACHIEVE-SERVED 89 108367
15 ACHIEVE-SERVED P15 -> M22-ACHIEVE-SERVED 94 110778
17 ACHIEVE-SERVED P14 -> M22-ACHIEVE-SERVED 99 113189
19 ACHIEVE-SERVED P13 -> M22-ACHIEVE-SERVED 104 115600
21 ACHIEVE-SERVED P12 -> M22-ACHIEVE-SERVED 109 118011
23 ACHIEVE-SERVED P11 -> M22-ACHIEVE-SERVED 114 120422
25 ACHIEVE-SERVED P10 -> M22-ACHIEVE-SERVED 119 122833
27 ACHIEVE-SERVED P9 -> M22-ACHIEVE-SERVED 124 125244
29 ACHIEVE-SERVED P8 -> M22-ACHIEVE-SERVED 129 127655
31 ACHIEVE-SERVED P7 -> M22-ACHIEVE-SERVED 134 130066
33 ACHIEVE-SERVED P6 -> M22-ACHIEVE-SERVED 139 132477
35 ACHIEVE-SERVED P5 -> M22-ACHIEVE-SERVED 144 134888
37 ACHIEVE-SERVED P4 -> M22-ACHIEVE-SERVED 149 137299
39 ACHIEVE-SERVED P3 -> M22-ACHIEVE-SERVED 154 139710
41 ACHIEVE-SERVED P2 -> M22-ACHIEVE-SERVED 159 142121
43 ACHIEVE-SERVED P1 -> M22-ACHIEVE-SERVED 164 144532
45 ACHIEVE-SERVED P0 -> M22-ACHIEVE-SERVED 169 146943
49 ACHIEVE-SERVED2 P20 -> M24-ACHIEVE-SERVED2 177 200
74 ACHIEVE-SERVED2 P19 -> M24-ACHIEVE-SERVED2 207 209
79 ACHIEVE-SERVED2 P18 -> M24-ACHIEVE-SERVED2 216 218
84 ACHIEVE-SERVED2 P17 -> M24-ACHIEVE-SERVED2 225 228
89 ACHIEVE-SERVED2 P16 -> M24-ACHIEVE-SERVED2 234 237
94 ACHIEVE-SERVED2 P15 -> M24-ACHIEVE-SERVED2 243 246
99 ACHIEVE-SERVED2 P14 -> M24-ACHIEVE-SERVED2 252 255
104 ACHIEVE-SERVED2 P13 -> M24-ACHIEVE-SERVED2 261 263
109 ACHIEVE-SERVED2 P12 -> M24-ACHIEVE-SERVED2 270 273
114 ACHIEVE-SERVED2 P11 -> M24-ACHIEVE-SERVED2 279 281
119 ACHIEVE-SERVED2 P10 -> M24-ACHIEVE-SERVED2 288 290
124 ACHIEVE-SERVED2 P9 -> M24-ACHIEVE-SERVED2 297 299
129 ACHIEVE-SERVED2 P8 -> M24-ACHIEVE-SERVED2 306 309
134 ACHIEVE-SERVED2 P7 -> M24-ACHIEVE-SERVED2 315 317
139 ACHIEVE-SERVED2 P6 -> M24-ACHIEVE-SERVED2 324 327
144 ACHIEVE-SERVED2 P5 -> M24-ACHIEVE-SERVED2 333 336
149 ACHIEVE-SERVED2 P4 -> M24-ACHIEVE-SERVED2 342 345
154 ACHIEVE-SERVED2 P3 -> M24-ACHIEVE-SERVED2 351 353
159 ACHIEVE-SERVED2 P2 -> M24-ACHIEVE-SERVED2 360 362
164 ACHIEVE-SERVED2 P1 -> M24-ACHIEVE-SERVED2 369 371
169 ACHIEVE-SERVED2 P0 -> M24-ACHIEVE-SERVED2 378 380
177 DO-SERVED-DEPART2 F12 P20 -> M8-DO-SERVED-DEPART2 389 480 97008 97010 97013
200 ACHIEVE-SERVED2 P20 -> M23-ACHIEVE-SERVED2
207 DO-SERVED-DEPART2 F13 P19 -> M8-DO-SERVED-DEPART2 661 665 99418 99421 99424
209 ACHIEVE-SERVED2 P19 -> M23-ACHIEVE-SERVED2
216 DO-SERVED-DEPART2 F39 P18 -> M8-DO-SERVED-DEPART2 846 850 101830 101832 101835
218 ACHIEVE-SERVED2 P18 -> M23-ACHIEVE-SERVED2
225 DO-SERVED-DEPART2 F6 P17 -> M8-DO-SERVED-DEPART2 1031 1035 104240 104243 104246
228 ACHIEVE-SERVED2 P17 -> M23-ACHIEVE-SERVED2
234 DO-SERVED-DEPART2 F21 P16 -> M8-DO-SERVED-DEPART2 1216 1220 106651 106654 106657
237 ACHIEVE-SERVED2 P16 -> M23-ACHIEVE-SERVED2
243 DO-SERVED-DEPART2 F34 P15 -> M8-DO-SERVED-DEPART2 1401 1405 109063 109065 109068
246 ACHIEVE-SERVED2 P15 -> M23-ACHIEVE-SERVED2
252 DO-SERVED-DEPART2 F35 P14 -> M8-DO-SERVED-DEPART2 1586 1590 111474 111476 111479
255 ACHIEVE-SERVED2 P14 -> M23-ACHIEVE-SERVED2
261 DO-SERVED-DEPART2 F0 P13 -> M8-DO-SERVED-DEPART2 1771 1775 113885 113887 113890
263 ACHIEVE-SERVED2 P13 -> M23-ACHIEVE-SERVED2
270 DO-SERVED-DEPART2 F10 P12 -> M8-DO-SERVED-DEPART2 1956 1960 116296 116298 116301
273 ACHIEVE-SERVED2 P12 -> M23-ACHIEVE-SERVED2
279 DO-SERVED-DEPART2 F41 P11 -> M8-DO-SERVED-DEPART2 2141 2145 118707 118709 118712
281 ACHIEVE-SERVED2 P11 -> M23-ACHIEVE-SERVED2
288 DO-SERVED-DEPART2 F35 P10 -> M8-DO-SERVED-DEPART2 2326 2330 121118 121120 121123
290 ACHIEVE-SERVED2 P10 -> M23-ACHIEVE-SERVED2
297 DO-SERVED-DEPART2 F30 P9 -> M8-DO-SERVED-DEPART2 2511 2515 123528 123531 123534
299 ACHIEVE-SERVED2 P9 -> M23-ACHIEVE-SERVED2
306 DO-SERVED-DEPART2 F1 P8 -> M8-DO-SERVED-DEPART2 2696 2700 125940 125942 125945
309 ACHIEVE-SERVED2 P8 -> M23-ACHIEVE-SERVED2
315 DO-SERVED-DEPART2 F1 P7 -> M8-DO-SERVED-DEPART2 2881 2885 128351 128353 128356
317 ACHIEVE-SERVED2 P7 -> M23-ACHIEVE-SERVED2
324 DO-SERVED-DEPART2 F36 P6 -> M8-DO-SERVED-DEPART2 3066 3070 130761 130764 130767
327 ACHIEVE-SERVED2 P6 -> M23-ACHIEVE-SERVED2
333 DO-SERVED-DEPART2 F12 P5 -> M8-DO-SERVED-DEPART2 3251 3255 133173 133175 133178
336 ACHIEVE-SERVED2 P5 -> M23-ACHIEVE-SERVED2
342 DO-SERVED-DEPART2 F26 P4 -> M8-DO-SERVED-DEPART2 3436 3440 135584 135586 135589
345 ACHIEVE-SERVED2 P4 -> M23-ACHIEVE-SERVED2
351 DO-SERVED-DEPART2 F30 P3 -> M8-DO-SERVED-DEPART2 3621 3625 137994 137997 138000
353 ACHIEVE-SERVED2 P3 -> M23-ACHIEVE-SERVED2
360 DO-SERVED-DEPART2 F6 P2 -> M8-DO-SERVED-DEPART2 3806 3810 140405 140408 140411
362 ACHIEVE-SERVED2 P2 -> M23-ACHIEVE-SERVED2
369 DO-SERVED-DEPART2 F13 P1 -> M8-DO-SERVED-DEPART2 3991 3995 142816 142819 142822
371 ACHIEVE-SERVED2 P1 -> M23-ACHIEVE-SERVED2
378 DO-SERVED-DEPART2 F5 P0 -> M8-DO-SERVED-DEPART2 4176 4180 145228 145230 145233
380 ACHIEVE-SERVED2 P0 -> M23-ACHIEVE-SERVED2
389 ACHIEVE-BOARDED P20 -> M17-ACHIEVE-BOARDED 4363 96806
480 ACHIEVE-LIFT-AT F12 -> M11-ACHIEVE-LIFT-AT 4544 97005
661 ACHIEVE-BOARDED P19 -> M17-ACHIEVE-BOARDED 5067 99217
665 ACHIEVE-LIFT-AT F13 -> M11-ACHIEVE-LIFT-AT 5175 99417
846 ACHIEVE-BOARDED P18 -> M17-ACHIEVE-BOARDED 5696 101628
850 ACHIEVE-LIFT-AT F39 -> M11-ACHIEVE-LIFT-AT 5802 101828
1031 ACHIEVE-BOARDED P17 -> M17-ACHIEVE-BOARDED 6325 104039
1035 ACHIEVE-LIFT-AT F6 -> M11-ACHIEVE-LIFT-AT 6433 104239
1216 ACHIEVE-BOARDED P16 -> M17-ACHIEVE-BOARDED 6954 106450
1220 ACHIEVE-LIFT-AT F21 -> M11-ACHIEVE-LIFT-AT 7061 106649
1401 ACHIEVE-BOARDED P15 -> M17-ACHIEVE-BOARDED 7583 108861
1405 ACHIEVE-LIFT-AT F34 -> M11-ACHIEVE-LIFT-AT 7690 109061
1586 ACHIEVE-BOARDED P14 -> M17-ACHIEVE-BOARDED 8212 111272
1590 ACHIEVE-LIFT-AT F35 -> M11-ACHIEVE-LIFT-AT 8318 111472
1771 ACHIEVE-BOARDED P13 -> M17-ACHIEVE-BOARDED 8841 113683
1775 ACHIEVE-LIFT-AT F0 -> M11-ACHIEVE-LIFT-AT 8947 113882
1956 ACHIEVE-BOARDED P12 -> M17-ACHIEVE-BOARDED 9470 116094
1960 ACHIEVE-LIFT-AT F10 -> M11-ACHIEVE-LIFT-AT 9576 116294
2141 ACHIEVE-BOARDED P11 -> M17-ACHIEVE-BOARDED 10099 118505
2145 ACHIEVE-LIFT-AT F41 -> M11-ACHIEVE-LIFT-AT 10206 118704
2326 ACHIEVE-BOARDED P10 -> M17-ACHIEVE-BOARDED 10728 120916
2330 ACHIEVE-LIFT-AT F35 -> M11-ACHIEVE-LIFT-AT 10835 121116
2511 ACHIEVE-BOARDED P9 -> M17-ACHIEVE-BOARDED 11357 123327
2515 ACHIEVE-LIFT-AT F30 -> M11-ACHIEVE-LIFT-AT 11465 123527
2696 ACHIEVE-BOARDED P8 -> M17-ACHIEVE-BOARDED 11986 125738
2700 ACHIEVE-LIFT-AT F1 -> M11-ACHIEVE-LIFT-AT 12094 125937
2881 ACHIEVE-BOARDED P7 -> M17-ACHIEVE-BOARDED 12615 128149
2885 ACHIEVE-LIFT-AT F1 -> M11-ACHIEVE-LIFT-AT 12723 128348
3066 ACHIEVE-BOARDED P6 -> M17-ACHIEVE-BOARDED 13244 130560
3070 ACHIEVE-LIFT-AT F36 -> M11-ACHIEVE-LIFT-AT 13351 130759
3251 ACHIEVE-BOARDED P5 -> M17-ACHIEVE-BOARDED 13873 132971
3255 ACHIEVE-LIFT-AT F12 -> M11-ACHIEVE-LIFT-AT 13980 133170
3436 ACHIEVE-BOARDED P4 -> M17-ACHIEVE-BOARDED 14502 135382
3440 ACHIEVE-LIFT-AT F26 -> M11-ACHIEVE-LIFT-AT 14608 135581
3621 ACHIEVE-BOARDED P3 -> M17-ACHIEVE-BOARDED 15131 137793
3625 ACHIEVE-LIFT-AT F30 -> M11-ACHIEVE-LIFT-AT 15239 137993
3806 ACHIEVE-BOARDED P2 -> M17-ACHIEVE-BOARDED 15760 140204
3810 ACHIEVE-LIFT-AT F6 -> M11-ACHIEVE-LIFT-AT 15867 140404
3991 ACHIEVE-BOARDED P1 -> M17-ACHIEVE-BOARDED 16389 142615
3995 ACHIEVE-LIFT-AT F13 -> M11-ACHIEVE-LIFT-AT 16496 142815
4176 ACHIEVE-BOARDED P0 -> M17-ACHIEVE-BOARDED 17018 145026
4180 ACHIEVE-LIFT-AT F5 -> M11-ACHIEVE-LIFT-AT 17124 145225
4363 ACHIEVE-BOARDED1 P20 -> M19-ACHIEVE-BOARDED1 17649 17651
4544 ACHIEVE-LIFT-AT0 F12 -> M13-ACHIEVE-LIFT-AT0 96808 17708
5067 ACHIEVE-BOARDED1 P19 -> M19-ACHIEVE-BOARDED1 18482 18484
5175 ACHIEVE-LIFT-AT0 F13 -> M13-ACHIEVE-LIFT-AT0 99223 18542
5696 ACHIEVE-BOARDED1 P18 -> M19-ACHIEVE-BOARDED1 19316 19319
5802 ACHIEVE-LIFT-AT0 F39 -> M14-ACHIEVE-LIFT-AT0 101631 19374
6325 ACHIEVE-BOARDED1 P17 -> M19-ACHIEVE-BOARDED1 20149 20152
6433 ACHIEVE-LIFT-AT0 F6 -> M14-ACHIEVE-LIFT-AT0 104043 20207
6954 ACHIEVE-BOARDED1 P16 -> M19-ACHIEVE-BOARDED1 20982 20984
7061 ACHIEVE-LIFT-AT0 F21 -> M13-ACHIEVE-LIFT-AT0 106452 21040
7583 ACHIEVE-BOARDED1 P15 -> M19-ACHIEVE-BOARDED1 21815 21818
7690 ACHIEVE-LIFT-AT0 F34 -> M14-ACHIEVE-LIFT-AT0 108865 21874
8212 ACHIEVE-BOARDED1 P14 -> M19-ACHIEVE-BOARDED1 22648 22651
8318 ACHIEVE-LIFT-AT0 F35 -> M14-ACHIEVE-LIFT-AT0 111275 22707
8841 ACHIEVE-BOARDED1 P13 -> M19-ACHIEVE-BOARDED1 23482 23484
8947 ACHIEVE-LIFT-AT0 F0 -> M13-ACHIEVE-LIFT-AT0 113686 23540
9470 ACHIEVE-BOARDED1 P12 -> M19-ACHIEVE-BOARDED1 24315 24318
9576 ACHIEVE-LIFT-AT0 F10 -> M14-ACHIEVE-LIFT-AT0 116096 24373
10099 ACHIEVE-BOARDED1 P11 -> M19-ACHIEVE-BOARDED1 25148 25151
10206 ACHIEVE-LIFT-AT0 F41 -> M14-ACHIEVE-LIFT-AT0 118511 25207
10728 ACHIEVE-BOARDED1 P10 -> M19-ACHIEVE-BOARDED1 25982 25984
10835 ACHIEVE-LIFT-AT0 F35 -> M13-ACHIEVE-LIFT-AT0 120920 26040
11357 ACHIEVE-BOARDED1 P9 -> M19-ACHIEVE-BOARDED1 26815 26818
11465 ACHIEVE-LIFT-AT0 F30 -> M14-ACHIEVE-LIFT-AT0 123333 26873
11986 ACHIEVE-BOARDED1 P8 -> M19-ACHIEVE-BOARDED1 27648 27651
12094 ACHIEVE-LIFT-AT0 F1 -> M13-ACHIEVE-LIFT-AT0 125742 27706
12615 ACHIEVE-BOARDED1 P7 -> M19-ACHIEVE-BOARDED1 28481 28484
12723 ACHIEVE-LIFT-AT0 F1 -> M14-ACHIEVE-LIFT-AT0 128154 28540
13244 ACHIEVE-BOARDED1 P6 -> M19-ACHIEVE-BOARDED1 29314 29317
13351 ACHIEVE-LIFT-AT0 F36 -> M14-ACHIEVE-LIFT-AT0 130563 29373
13873 ACHIEVE-BOARDED1 P5 -> M19-ACHIEVE-BOARDED1 30147 30149
13980 ACHIEVE-LIFT-AT0 F12 -> M14-ACHIEVE-LIFT-AT0 132974 30206
14502 ACHIEVE-BOARDED1 P4 -> M19-ACHIEVE-BOARDED1 30980 30983
14608 ACHIEVE-LIFT-AT0 F26 -> M14-ACHIEVE-LIFT-AT0 135388 31039
15131 ACHIEVE-BOARDED1 P3 -> M19-ACHIEVE-BOARDED1 31813 31815
15239 ACHIEVE-LIFT-AT0 F30 -> M13-ACHIEVE-LIFT-AT0 137795 31874
15760 ACHIEVE-BOARDED1 P2 -> M19-ACHIEVE-BOARDED1 32647 32649
15867 ACHIEVE-LIFT-AT0 F6 -> M14-ACHIEVE-LIFT-AT0 140207 32706
16389 ACHIEVE-BOARDED1 P1 -> M19-ACHIEVE-BOARDED1 33480 33483
16496 ACHIEVE-LIFT-AT0 F13 -> M13-ACHIEVE-LIFT-AT0 142618 33540
17018 ACHIEVE-BOARDED1 P0 -> M19-ACHIEVE-BOARDED1 34314 34317
17124 ACHIEVE-LIFT-AT0 F5 -> M14-ACHIEVE-LIFT-AT0 145029 34373
17649 DO-BOARDED-BOARD1 F23 P20 -> M7-DO-BOARDED-BOARD1 35150 96503 96506
17651 ACHIEVE-BOARDED1 P20 -> M18-ACHIEVE-BOARDED1
17708 ACHIEVE-LIFT-AT0 F12 -> M14-ACHIEVE-LIFT-AT0 96816 35287
18482 DO-BOARDED-BOARD1 F34 P19 -> M7-DO-BOARDED-BOARD1 36372 98914 98917
18484 ACHIEVE-BOARDED1 P19 -> M18-ACHIEVE-BOARDED1
18542 ACHIEVE-LIFT-AT0 F13 -> M14-ACHIEVE-LIFT-AT0 99226 36503
19316 DO-BOARDED-BOARD1 F27 P18 -> M7-DO-BOARDED-BOARD1 37587 101325 101328
19319 ACHIEVE-BOARDED1 P18 -> M18-ACHIEVE-BOARDED1
19374 ACHIEVE-LIFT-AT0 F39 -> M13-ACHIEVE-LIFT-AT0 101638 37717
20149 DO-BOARDED-BOARD1 F4 P17 -> M7-DO-BOARDED-BOARD1 38802 103735 103739
20152 ACHIEVE-BOARDED1 P17 -> M18-ACHIEVE-BOARDED1
20207 ACHIEVE-LIFT-AT0 F6 -> M13-ACHIEVE-LIFT-AT0 104047 38933
20982 DO-BOARDED-BOARD1 F40 P16 -> M7-DO-BOARDED-BOARD1 40017 106146 106150
20984 ACHIEVE-BOARDED1 P16 -> M18-ACHIEVE-BOARDED1
21040 ACHIEVE-LIFT-AT0 F21 -> M14-ACHIEVE-LIFT-AT0 106460 40146
21815 DO-BOARDED-BOARD1 F23 P15 -> M7-DO-BOARDED-BOARD1 41232 108558 108561
21818 ACHIEVE-BOARDED1 P15 -> M18-ACHIEVE-BOARDED1
21874 ACHIEVE-LIFT-AT0 F34 -> M13-ACHIEVE-LIFT-AT0 108869 41362
22648 DO-BOARDED-BOARD1 F41 P14 -> M7-DO-BOARDED-BOARD1 42447 110969 110972
22651 ACHIEVE-BOARDED1 P14 -> M18-ACHIEVE-BOARDED1
22707 ACHIEVE-LIFT-AT0 F35 -> M13-ACHIEVE-LIFT-AT0 111282 42576
23482 DO-BOARDED-BOARD1 F4 P13 -> M7-DO-BOARDED-BOARD1 43662 113379 113383
23484 ACHIEVE-BOARDED1 P13 -> M18-ACHIEVE-BOARDED1
23540 ACHIEVE-LIFT-AT0 F0 -> M13-ACHIEVE-LIFT-AT0 113693 43792
24315 DO-BOARDED-BOARD1 F40 P12 -> M7-DO-BOARDED-BOARD1 44877 115790 115794
24318 ACHIEVE-BOARDED1 P12 -> M18-ACHIEVE-BOARDED1
24373 ACHIEVE-LIFT-AT0 F10 -> M13-ACHIEVE-LIFT-AT0 116103 45007
25148 DO-BOARDED-BOARD1 F36 P11 -> M7-DO-BOARDED-BOARD1 46092 118201 118205
25151 ACHIEVE-BOARDED1 P11 -> M18-ACHIEVE-BOARDED1
25207 ACHIEVE-LIFT-AT0 F41 -> M13-ACHIEVE-LIFT-AT0 118513 46221
25982 DO-BOARDED-BOARD1 F22 P10 -> M7-DO-BOARDED-BOARD1 47307 120613 120616
25984 ACHIEVE-BOARDED1 P10 -> M18-ACHIEVE-BOARDED1
26040 ACHIEVE-LIFT-AT0 F35 -> M14-ACHIEVE-LIFT-AT0 120926 47437
26815 DO-BOARDED-BOARD1 F32 P9 -> M7-DO-BOARDED-BOARD1 48522 123024 123027
26818 ACHIEVE-BOARDED1 P9 -> M18-ACHIEVE-BOARDED1
26873 ACHIEVE-LIFT-AT0 F30 -> M14-ACHIEVE-LIFT-AT0 123335 48652
27648 DO-BOARDED-BOARD1 F20 P8 -> M7-DO-BOARDED-BOARD1 49737 125434 125438
27651 ACHIEVE-BOARDED1 P8 -> M18-ACHIEVE-BOARDED1
27706 ACHIEVE-LIFT-AT0 F1 -> M13-ACHIEVE-LIFT-AT0 125747 49866
28481 DO-BOARDED-BOARD1 F22 P7 -> M7-DO-BOARDED-BOARD1 50952 127846 127849
28484 ACHIEVE-BOARDED1 P7 -> M18-ACHIEVE-BOARDED1
28540 ACHIEVE-LIFT-AT0 F1 -> M13-ACHIEVE-LIFT-AT0 128158 51082
29314 DO-BOARDED-BOARD1 F28 P6 -> M7-DO-BOARDED-BOARD1 52167 130257 130260
29317 ACHIEVE-BOARDED1 P6 -> M18-ACHIEVE-BOARDED1
29373 ACHIEVE-LIFT-AT0 F36 -> M14-ACHIEVE-LIFT-AT0 130569 52296
30147 DO-BOARDED-BOARD1 F19 P5 -> M7-DO-BOARDED-BOARD1 53382 132667 132671
30149 ACHIEVE-BOARDED1 P5 -> M18-ACHIEVE-BOARDED1
30206 ACHIEVE-LIFT-AT0 F12 -> M13-ACHIEVE-LIFT-AT0 132979 53511
30980 DO-BOARDED-BOARD1 F27 P4 -> M7-DO-BOARDED-BOARD1 54597 135079 135082
30983 ACHIEVE-BOARDED1 P4 -> M18-ACHIEVE-BOARDED1
31039 ACHIEVE-LIFT-AT0 F26 -> M13-ACHIEVE-LIFT-AT0 135391 54726
31813 DO-BOARDED-BOARD1 F35 P3 -> M7-DO-BOARDED-BOARD1 55812 137490 137493
31815 ACHIEVE-BOARDED1 P3 -> M18-ACHIEVE-BOARDED1
31874 ACHIEVE-LIFT-AT0 F30 -> M14-ACHIEVE-LIFT-AT0 137801 55943
32647 DO-BOARDED-BOARD1 F9 P2 -> M7-DO-BOARDED-BOARD1 57027 139900 139904
32649 ACHIEVE-BOARDED1 P2 -> M18-ACHIEVE-BOARDED1
32706 ACHIEVE-LIFT-AT0 F6 -> M14-ACHIEVE-LIFT-AT0 140214 57158
33480 DO-BOARDED-BOARD1 F0 P1 -> M7-DO-BOARDED-BOARD1 58242 142312 142315
33483 ACHIEVE-BOARDED1 P1 -> M18-ACHIEVE-BOARDED1
33540 ACHIEVE-LIFT-AT0 F13 -> M13-ACHIEVE-LIFT-AT0 142625 58372
34314 DO-BOARDED-BOARD1 F35 P0 -> M7-DO-BOARDED-BOARD1 59457 144723 144726
34317 ACHIEVE-BOARDED1 P0 -> M18-ACHIEVE-BOARDED1
34373 ACHIEVE-LIFT-AT0 F5 -> M13-ACHIEVE-LIFT-AT0 145034 59587
35150 ACHIEVE-LIFT-AT F23 -> M11-ACHIEVE-LIFT-AT 60673 96502
35287 ACHIEVE-LIFT-AT0 F12 -> M12-ACHIEVE-LIFT-AT0
36372 ACHIEVE-LIFT-AT F34 -> M11-ACHIEVE-LIFT-AT 62365 98912
36503 ACHIEVE-LIFT-AT0 F13 -> M14-ACHIEVE-LIFT-AT0 99231 62676
37587 ACHIEVE-LIFT-AT F27 -> M11-ACHIEVE-LIFT-AT 64061 101322
37717 ACHIEVE-LIFT-AT0 F39 -> M12-ACHIEVE-LIFT-AT0
38802 ACHIEVE-LIFT-AT F4 -> M11-ACHIEVE-LIFT-AT 65759 103733
38933 ACHIEVE-LIFT-AT0 F6 -> M14-ACHIEVE-LIFT-AT0 104051 66072
40017 ACHIEVE-LIFT-AT F40 -> M11-ACHIEVE-LIFT-AT 67459 106144
40146 ACHIEVE-LIFT-AT0 F21 -> M14-ACHIEVE-LIFT-AT0 106463 67769
41232 ACHIEVE-LIFT-AT F23 -> M11-ACHIEVE-LIFT-AT 69157 108556
41362 ACHIEVE-LIFT-AT0 F34 -> M13-ACHIEVE-LIFT-AT0 108875 69468
42447 ACHIEVE-LIFT-AT F41 -> M11-ACHIEVE-LIFT-AT 70853 110966
42576 ACHIEVE-LIFT-AT0 F35 -> M13-ACHIEVE-LIFT-AT0 111284 71165
43662 ACHIEVE-LIFT-AT F4 -> M11-ACHIEVE-LIFT-AT 72551 113377
43792 ACHIEVE-LIFT-AT0 F0 -> M14-ACHIEVE-LIFT-AT0 113695 72862
44877 ACHIEVE-LIFT-AT F40 -> M11-ACHIEVE-LIFT-AT 74249 115788
45007 ACHIEVE-LIFT-AT0 F10 -> M13-ACHIEVE-LIFT-AT0 116107 74561
46092 ACHIEVE-LIFT-AT F36 -> M11-ACHIEVE-LIFT-AT 75949 118199
46221 ACHIEVE-LIFT-AT0 F41 -> M14-ACHIEVE-LIFT-AT0 118519 76258
47307 ACHIEVE-LIFT-AT F22 -> M11-ACHIEVE-LIFT-AT 77645 120610
47437 ACHIEVE-LIFT-AT0 F35 -> M13-ACHIEVE-LIFT-AT0 120930 77956
48522 ACHIEVE-LIFT-AT F32 -> M11-ACHIEVE-LIFT-AT 79343 123022
48652 ACHIEVE-LIFT-AT0 F30 -> M13-ACHIEVE-LIFT-AT0 123339 79654
49737 ACHIEVE-LIFT-AT F20 -> M11-ACHIEVE-LIFT-AT 81042 125432
49866 ACHIEVE-LIFT-AT0 F1 -> M14-ACHIEVE-LIFT-AT0 125750 81354
50952 ACHIEVE-LIFT-AT F22 -> M11-ACHIEVE-LIFT-AT 82739 127843
51082 ACHIEVE-LIFT-AT0 F1 -> M14-ACHIEVE-LIFT-AT0 128163 83051
52167 ACHIEVE-LIFT-AT F28 -> M11-ACHIEVE-LIFT-AT 84439 130255
52296 ACHIEVE-LIFT-AT0 F36 -> M13-ACHIEVE-LIFT-AT0 130573 84750
53382 ACHIEVE-LIFT-AT F19 -> M11-ACHIEVE-LIFT-AT 86135 132666
53511 ACHIEVE-LIFT-AT0 F12 -> M14-ACHIEVE-LIFT-AT0 132983 86446
54597 ACHIEVE-LIFT-AT F27 -> M11-ACHIEVE-LIFT-AT 87835 135076
54726 ACHIEVE-LIFT-AT0 F26 -> M13-ACHIEVE-LIFT-AT0 135395 88145
55812 ACHIEVE-LIFT-AT F35 -> M11-ACHIEVE-LIFT-AT 89532 137488
55943 ACHIEVE-LIFT-AT0 F30 -> M13-ACHIEVE-LIFT-AT0 137805 89842
57027 ACHIEVE-LIFT-AT F9 -> M11-ACHIEVE-LIFT-AT 91231 139898
57158 ACHIEVE-LIFT-AT0 F6 -> M14-ACHIEVE-LIFT-AT0 140216 91540
58242 ACHIEVE-LIFT-AT F0 -> M11-ACHIEVE-LIFT-AT 92927 142309
58372 ACHIEVE-LIFT-AT0 F13 -> M14-ACHIEVE-LIFT-AT0 142627 93238
59457 ACHIEVE-LIFT-AT F35 -> M11-ACHIEVE-LIFT-AT 94625 144721
59587 ACHIEVE-LIFT-AT0 F5 -> M14-ACHIEVE-LIFT-AT0 145040 94937
60673 ACHIEVE-LIFT-AT0 F23 -> M13-ACHIEVE-LIFT-AT0 96323 96327
62365 ACHIEVE-LIFT-AT0 F34 -> M13-ACHIEVE-LIFT-AT0 98725 98732
62676 ACHIEVE-LIFT-AT0 F13 -> M14-ACHIEVE-LIFT-AT0 99235 99239
64061 ACHIEVE-LIFT-AT0 F27 -> M13-ACHIEVE-LIFT-AT0 101137 101144
65759 ACHIEVE-LIFT-AT0 F4 -> M14-ACHIEVE-LIFT-AT0 103551 103556
66072 ACHIEVE-LIFT-AT0 F6 -> M14-ACHIEVE-LIFT-AT0 104057 104061
67459 ACHIEVE-LIFT-AT0 F40 -> M13-ACHIEVE-LIFT-AT0 105959 105965
67769 ACHIEVE-LIFT-AT0 F21 -> M13-ACHIEVE-LIFT-AT0 106466 106472
69157 ACHIEVE-LIFT-AT0 F23 -> M13-ACHIEVE-LIFT-AT0 108370 108377
69468 ACHIEVE-LIFT-AT0 F34 -> M14-ACHIEVE-LIFT-AT0 108878 108883
70853 ACHIEVE-LIFT-AT0 F41 -> M13-ACHIEVE-LIFT-AT0 110783 110787
71165 ACHIEVE-LIFT-AT0 F35 -> M13-ACHIEVE-LIFT-AT0 111288 111296
72551 ACHIEVE-LIFT-AT0 F4 -> M14-ACHIEVE-LIFT-AT0 113191 113200
72862 ACHIEVE-LIFT-AT0 F0 -> M14-ACHIEVE-LIFT-AT0 113701 113707
74249 ACHIEVE-LIFT-AT0 F40 -> M13-ACHIEVE-LIFT-AT0 115602 115611
74561 ACHIEVE-LIFT-AT0 F10 -> M14-ACHIEVE-LIFT-AT0 116112 116118
75949 ACHIEVE-LIFT-AT0 F36 -> M13-ACHIEVE-LIFT-AT0 118013 118021
76258 ACHIEVE-LIFT-AT0 F41 -> M13-ACHIEVE-LIFT-AT0 118521 118529
77645 ACHIEVE-LIFT-AT0 F22 -> M14-ACHIEVE-LIFT-AT0 120425 120432
77956 ACHIEVE-LIFT-AT0 F35 -> M14-ACHIEVE-LIFT-AT0 120934 120940
79343 ACHIEVE-LIFT-AT0 F32 -> M14-ACHIEVE-LIFT-AT0 122837 122843
79654 ACHIEVE-LIFT-AT0 F30 -> M14-ACHIEVE-LIFT-AT0 123343 123350
81042 ACHIEVE-LIFT-AT0 F20 -> M14-ACHIEVE-LIFT-AT0 125247 125255
81354 ACHIEVE-LIFT-AT0 F1 -> M12-ACHIEVE-LIFT-AT0
82739 ACHIEVE-LIFT-AT0 F22 -> M13-ACHIEVE-LIFT-AT0 127659 127665
83051 ACHIEVE-LIFT-AT0 F1 -> M14-ACHIEVE-LIFT-AT0 128167 128172
84439 ACHIEVE-LIFT-AT0 F28 -> M13-ACHIEVE-LIFT-AT0 130069 130076
84750 ACHIEVE-LIFT-AT0 F36 -> M12-ACHIEVE-LIFT-AT0
86135 ACHIEVE-LIFT-AT0 F19 -> M14-ACHIEVE-LIFT-AT0 132479 132488
86446 ACHIEVE-LIFT-AT0 F12 -> M13-ACHIEVE-LIFT-AT0 132990 132994
87835 ACHIEVE-LIFT-AT0 F27 -> M13-ACHIEVE-LIFT-AT0 134890 134898
88145 ACHIEVE-LIFT-AT0 F26 -> M14-ACHIEVE-LIFT-AT0 135398 135404
89532 ACHIEVE-LIFT-AT0 F35 -> M13-ACHIEVE-LIFT-AT0 137302 137310
89842 ACHIEVE-LIFT-AT0 F30 -> M14-ACHIEVE-LIFT-AT0 137811 137815
91231 ACHIEVE-LIFT-AT0 F9 -> M14-ACHIEVE-LIFT-AT0 139713 139719
91540 ACHIEVE-LIFT-AT0 F6 -> M12-ACHIEVE-LIFT-AT0
92927 ACHIEVE-LIFT-AT0 F0 -> M14-ACHIEVE-LIFT-AT0 142125 142132
93238 ACHIEVE-LIFT-AT0 F13 -> M12-ACHIEVE-LIFT-AT0
94625 ACHIEVE-LIFT-AT0 F35 -> M13-ACHIEVE-LIFT-AT0 144535 144543
94937 ACHIEVE-LIFT-AT0 F5 -> M12-ACHIEVE-LIFT-AT0
96327 ACHIEVE-LIFT-AT0 F23 -> M12-ACHIEVE-LIFT-AT0
96503 IFUNLOCK-LIFT-AT F23 -> IFUNLOCK5-LIFT-AT 96504
97008 IFUNLOCK-LIFT-AT F12 -> IFUNLOCK5-LIFT-AT 97009
97010 IFUNLOCK-BOARDED P20 -> IFUNLOCK1-BOARDED 97011
98732 ACHIEVE-LIFT-AT0 F34 -> M12-ACHIEVE-LIFT-AT0
98914 IFUNLOCK-LIFT-AT F34 -> IFUNLOCK5-LIFT-AT 98915
99239 ACHIEVE-LIFT-AT0 F13 -> M12-ACHIEVE-LIFT-AT0
99418 IFUNLOCK-LIFT-AT F13 -> IFUNLOCK5-LIFT-AT 99419
99421 IFUNLOCK-BOARDED P19 -> IFUNLOCK1-BOARDED 99422
101144 ACHIEVE-LIFT-AT0 F27 -> M12-ACHIEVE-LIFT-AT0
101325 IFUNLOCK-LIFT-AT F27 -> IFUNLOCK5-LIFT-AT 101326
101830 IFUNLOCK-LIFT-AT F39 -> IFUNLOCK5-LIFT-AT 101831
101832 IFUNLOCK-BOARDED P18 -> IFUNLOCK1-BOARDED 101833
103556 ACHIEVE-LIFT-AT0 F4 -> M12-ACHIEVE-LIFT-AT0
103735 IFUNLOCK-LIFT-AT F4 -> IFUNLOCK5-LIFT-AT 103736
104061 ACHIEVE-LIFT-AT0 F6 -> M12-ACHIEVE-LIFT-AT0
104240 IFUNLOCK-LIFT-AT F6 -> IFUNLOCK5-LIFT-AT 104241
104243 IFUNLOCK-BOARDED P17 -> IFUNLOCK1-BOARDED 104244
105965 ACHIEVE-LIFT-AT0 F40 -> M12-ACHIEVE-LIFT-AT0
106146 IFUNLOCK-LIFT-AT F40 -> IFUNLOCK5-LIFT-AT 106147
106472 ACHIEVE-LIFT-AT0 F21 -> M12-ACHIEVE-LIFT-AT0
106651 IFUNLOCK-LIFT-AT F21 -> IFUNLOCK5-LIFT-AT 106652
106654 IFUNLOCK-BOARDED P16 -> IFUNLOCK1-BOARDED 106655
108377 ACHIEVE-LIFT-AT0 F23 -> M12-ACHIEVE-LIFT-AT0
108558 IFUNLOCK-LIFT-AT F23 -> IFUNLOCK5-LIFT-AT 108559
108883 ACHIEVE-LIFT-AT0 F34 -> M12-ACHIEVE-LIFT-AT0
109063 IFUNLOCK-LIFT-AT F34 -> IFUNLOCK5-LIFT-AT 109064
109065 IFUNLOCK-BOARDED P15 -> IFUNLOCK1-BOARDED 109066
110787 ACHIEVE-LIFT-AT0 F41 -> M12-ACHIEVE-LIFT-AT0
110969 IFUNLOCK-LIFT-AT F41 -> IFUNLOCK5-LIFT-AT 110970
111296 ACHIEVE-LIFT-AT0 F35 -> M12-ACHIEVE-LIFT-AT0
111474 IFUNLOCK-LIFT-AT F35 -> IFUNLOCK5-LIFT-AT 111475
111476 IFUNLOCK-BOARDED P14 -> IFUNLOCK1-BOARDED 111477
113200 ACHIEVE-LIFT-AT0 F4 -> M12-ACHIEVE-LIFT-AT0
113379 IFUNLOCK-LIFT-AT F4 -> IFUNLOCK5-LIFT-AT 113380
113707 ACHIEVE-LIFT-AT0 F0 -> M12-ACHIEVE-LIFT-AT0
113885 IFUNLOCK-LIFT-AT F0 -> IFUNLOCK5-LIFT-AT 113886
113887 IFUNLOCK-BOARDED P13 -> IFUNLOCK1-BOARDED 113888
115611 ACHIEVE-LIFT-AT0 F40 -> M12-ACHIEVE-LIFT-AT0
115790 IFUNLOCK-LIFT-AT F40 -> IFUNLOCK5-LIFT-AT 115791
116118 ACHIEVE-LIFT-AT0 F10 -> M12-ACHIEVE-LIFT-AT0
116296 IFUNLOCK-LIFT-AT F10 -> IFUNLOCK5-LIFT-AT 116297
116298 IFUNLOCK-BOARDED P12 -> IFUNLOCK1-BOARDED 116299
118021 ACHIEVE-LIFT-AT0 F36 -> M12-ACHIEVE-LIFT-AT0
118201 IFUNLOCK-LIFT-AT F36 -> IFUNLOCK5-LIFT-AT 118202
118529 ACHIEVE-LIFT-AT0 F41 -> M12-ACHIEVE-LIFT-AT0
118707 IFUNLOCK-LIFT-AT F41 -> IFUNLOCK5-LIFT-AT 118708
118709 IFUNLOCK-BOARDED P11 -> IFUNLOCK1-BOARDED 118710
120432 ACHIEVE-LIFT-AT0 F22 -> M12-ACHIEVE-LIFT-AT0
120613 IFUNLOCK-LIFT-AT F22 -> IFUNLOCK5-LIFT-AT 120614
120940 ACHIEVE-LIFT-AT0 F35 -> M12-ACHIEVE-LIFT-AT0
121118 IFUNLOCK-LIFT-AT F35 -> IFUNLOCK5-LIFT-AT 121119
121120 IFUNLOCK-BOARDED P10 -> IFUNLOCK1-BOARDED 121121
122843 ACHIEVE-LIFT-AT0 F32 -> M12-ACHIEVE-LIFT-AT0
123024 IFUNLOCK-LIFT-AT F32 -> IFUNLOCK5-LIFT-AT 123025
123350 ACHIEVE-LIFT-AT0 F30 -> M12-ACHIEVE-LIFT-AT0
123528 IFUNLOCK-LIFT-AT F30 -> IFUNLOCK5-LIFT-AT 123529
123531 IFUNLOCK-BOARDED P9 -> IFUNLOCK1-BOARDED 123532
125255 ACHIEVE-LIFT-AT0 F20 -> M12-ACHIEVE-LIFT-AT0
125434 IFUNLOCK-LIFT-AT F20 -> IFUNLOCK5-LIFT-AT 125435
125940 IFUNLOCK-LIFT-AT F1 -> IFUNLOCK5-LIFT-AT 125941
125942 IFUNLOCK-BOARDED P8 -> IFUNLOCK1-BOARDED 125943
127665 ACHIEVE-LIFT-AT0 F22 -> M12-ACHIEVE-LIFT-AT0
127846 IFUNLOCK-LIFT-AT F22 -> IFUNLOCK5-LIFT-AT 127847
128172 ACHIEVE-LIFT-AT0 F1 -> M12-ACHIEVE-LIFT-AT0
128351 IFUNLOCK-LIFT-AT F1 -> IFUNLOCK5-LIFT-AT 128352
128353 IFUNLOCK-BOARDED P7 -> IFUNLOCK1-BOARDED 128354
130076 ACHIEVE-LIFT-AT0 F28 -> M12-ACHIEVE-LIFT-AT0
130257 IFUNLOCK-LIFT-AT F28 -> IFUNLOCK5-LIFT-AT 130258
130761 IFUNLOCK-LIFT-AT F36 -> IFUNLOCK5-LIFT-AT 130762
130764 IFUNLOCK-BOARDED P6 -> IFUNLOCK1-BOARDED 130765
132488 ACHIEVE-LIFT-AT0 F19 -> M12-ACHIEVE-LIFT-AT0
132667 IFUNLOCK-LIFT-AT F19 -> IFUNLOCK5-LIFT-AT 132668
132994 ACHIEVE-LIFT-AT0 F12 -> M12-ACHIEVE-LIFT-AT0
133173 IFUNLOCK-LIFT-AT F12 -> IFUNLOCK5-LIFT-AT 133174
133175 IFUNLOCK-BOARDED P5 -> IFUNLOCK1-BOARDED 133176
134898 ACHIEVE-LIFT-AT0 F27 -> M12-ACHIEVE-LIFT-AT0
135079 IFUNLOCK-LIFT-AT F27 -> IFUNLOCK5-LIFT-AT 135080
135404 ACHIEVE-LIFT-AT0 F26 -> M12-ACHIEVE-LIFT-AT0
135584 IFUNLOCK-LIFT-AT F26 -> IFUNLOCK5-LIFT-AT 135585
135586 IFUNLOCK-BOARDED P4 -> IFUNLOCK1-BOARDED 135587
137310 ACHIEVE-LIFT-AT0 F35 -> M12-ACHIEVE-LIFT-AT0
137490 IFUNLOCK-LIFT-AT F35 -> IFUNLOCK5-LIFT-AT 137491
137815 ACHIEVE-LIFT-AT0 F30 -> M12-ACHIEVE-LIFT-AT0
137994 IFUNLOCK-LIFT-AT F30 -> IFUNLOCK5-LIFT-AT 137995
137997 IFUNLOCK-BOARDED P3 -> IFUNLOCK1-BOARDED 137998
139719 ACHIEVE-LIFT-AT0 F9 -> M12-ACHIEVE-LIFT-AT0
139900 IFUNLOCK-LIFT-AT F9 -> IFUNLOCK5-LIFT-AT 139901
140405 IFUNLOCK-LIFT-AT F6 -> IFUNLOCK5-LIFT-AT 140406
140408 IFUNLOCK-BOARDED P2 -> IFUNLOCK1-BOARDED 140409
142132 ACHIEVE-LIFT-AT0 F0 -> M12-ACHIEVE-LIFT-AT0
142312 IFUNLOCK-LIFT-AT F0 -> IFUNLOCK5-LIFT-AT 142313
142816 IFUNLOCK-LIFT-AT F13 -> IFUNLOCK5-LIFT-AT 142817
142819 IFUNLOCK-BOARDED P1 -> IFUNLOCK1-BOARDED 142820
144543 ACHIEVE-LIFT-AT0 F35 -> M12-ACHIEVE-LIFT-AT0
144723 IFUNLOCK-LIFT-AT F35 -> IFUNLOCK5-LIFT-AT 144724
145228 IFUNLOCK-LIFT-AT F5 -> IFUNLOCK5-LIFT-AT 145229
145230 IFUNLOCK-BOARDED P0 -> IFUNLOCK1-BOARDED 145231
<==
117.912 End of solution plan. (counted length of 285)
117.912 Total amount of clauses encoded: 2605390
117.912 - reductionconstraints : 1349873 cls
117.912 - substitutionconstraints : 746617 cls
117.912 - directframeaxioms : 297436 cls
117.912 - qfactsemantics : 61952 cls
117.912 - qconstequality : 57288 cls
117.912 - indirectframeaxioms : 38114 cls
117.912 - atmostoneelement : 16687 cls
117.912 - expansions : 13583 cls
117.912 - predecessors : 13414 cls
117.912 - actionconstraints : 7168 cls
117.912 - actioneffects : 3042 cls
117.912 - truefacts : 214 cls
117.912 - axiomaticops : 2 cls
117.912 # instantiated positions: 4714
117.912 # instantiated actions: 10538
117.912 # instantiated reductions: 2877
117.912 # introduced pseudo-constants: 1197
117.912 # retroactive prunings: 0
117.912 # retroactively pruned operations: 0
117.912 # dominated operations: 0
117.912 # total invalid rigid preconditions found in getPFC: 0
117.912 # invalid rigid preconditions found in getPFC: 0
117.912 # invalid rigid preconditions found in getPFC in varrestrictions: 0
117.912 # total invalid fluent preconditions found in getPFC: 54
117.912 # invalid fluent preconditions found in getPFC: 54
117.912 # invalid fluent preconditions found in getPFC in varrestrictions: 0
117.912 # invalid fluent preconditions found in getPFC via postconditions: 0
117.912 # invalid subtasks found in getPFC: 0
117.912 # number effects in operation fact_frames: 362
117.912 # number of variables restricted: 133360
117.912 # number of nodes variables restricted: 68231
117.912 Exiting happily.

RUNWATCH_RESULT EXIT RETVAL 0 TIME_SECS 117.958 MEMPEAK_KBS 555596
