    _           _         _
   \ |         \ |       | |                       
   | |     __  | |      _| |______                
   | |     \/  | |     /_   ______\                
   | |      _  | |   __  | |  ___   ___   ___       
   | |___  | | | |  / .\ | | / , | |   \ / ·_\    
   \_____\ |_| |__\ \__/ |_| \___) |_|_| \___\  
[39mL i l o t a n e  version rls-glucose4
by Dominik Schreiber <dominik.schreiber@kit.edu> 2020-2021
using SAT solver glucose4

0.006 Parser finished.
0.006 Structures extracted.
0.007 19 operators and 15 methods created.
0.012 Mined 11 new reduction preconditions (+17.2%).
0.012 Iteration 0.
0.012 Creating initial layer of size 2
0.021 Attempting to solve formula with 79 clauses (117 literals) and 1 assumptions
0.021 Unsolvable at layer 0 -- expanding.
0.021 Iteration 1.
0.021 New layer size: 2
0.021 Instantiating ...
0.035 Collected 38 relevant facts at this layer
0.035 Encoding ...
0.036 Attempting to solve formula with 721 clauses (1449 literals) and 1 assumptions
0.036 Unsolvable at layer 1 -- expanding.
0.036 Iteration 2.
0.036 New layer size: 3
0.036 Instantiating ...
0.071 Collected 115 relevant facts at this layer
0.071 Encoding ...
0.074 Attempting to solve formula with 6619 clauses (14418 literals) and 1 assumptions
0.074 Unsolvable at layer 2 -- expanding.
0.074 Iteration 3.
0.074 New layer size: 6
0.074 Instantiating ...
0.146 Collected 1398 relevant facts at this layer
0.146 Encoding ...
0.167 Attempting to solve formula with 38086 clauses (102745 literals) and 3 assumptions
0.169 Unsolvable at layer 3 -- expanding.
0.169 Iteration 4.
0.169 New layer size: 11
0.169 Instantiating ...
0.328 Collected 1398 relevant facts at this layer
0.328 Encoding ...
0.381 Attempting to solve formula with 110662 clauses (322163 literals) and 5 assumptions
0.382 Unsolvable at layer 4 -- expanding.
0.382 Iteration 5.
0.382 New layer size: 22
0.382 Instantiating ...
0.718 Collected 1398 relevant facts at this layer
0.718 Encoding ...
0.850 Attempting to solve formula with 263725 clauses (788615 literals) and 11 assumptions
0.857 Unsolvable at layer 5 -- expanding.
0.857 Iteration 6.
0.857 New layer size: 43
0.857 Instantiating ...
1.526 Collected 1398 relevant facts at this layer
1.526 Encoding ...
1.785 Attempting to solve formula with 579442 clauses (1759084 literals) and 21 assumptions
1.811 Unsolvable at layer 6 -- expanding.
1.811 Iteration 7.
1.811 New layer size: 86
1.811 Instantiating ...
3.242 Collected 1398 relevant facts at this layer
3.242 Encoding ...
3.824 Attempting to solve formula with 1218145 clauses (3724603 literals) and 43 assumptions
3.907 Unsolvable at layer 7 -- expanding.
3.907 Iteration 8.
3.907 New layer size: 171
3.907 Instantiating ...
6.757 Collected 1398 relevant facts at this layer
6.757 Encoding ...
8.045 Attempting to solve formula with 2505262 clauses (7693520 literals) and 85 assumptions
8.348 Unsolvable at layer 8 -- expanding.
8.348 Iteration 9.
8.348 New layer size: 342
8.348 Instantiating ...
14.201 Collected 1398 relevant facts at this layer
14.201 Encoding ...
16.861 Attempting to solve formula with 5086765 clauses (15655935 literals) and 171 assumptions
17.252 Unsolvable at layer 9 -- expanding.
17.252 Iteration 10.
17.252 New layer size: 683
17.252 Instantiating ...
29.178 Collected 1398 relevant facts at this layer
29.178 Encoding ...
34.386 Attempting to solve formula with 10259482 clauses (31618644 literals) and 341 assumptions
35.886 Unsolvable at layer 10 -- expanding.
35.886 Iteration 11.
35.886 New layer size: 1366
35.886 Instantiating ...
60.255 Collected 1398 relevant facts at this layer
60.255 Encoding ...
70.664 Attempting to solve formula with 20612185 clauses (63568643 literals) and 683 assumptions
77.112 Unsolvable at layer 11 -- expanding.
77.112 Iteration 12.
77.113 New layer size: 2731
77.113 Instantiating ...
131.127 Collected 1398 relevant facts at this layer
131.127 Encoding ...
153.476 Attempting to solve formula with 41327302 clauses (127506520 literals) and 1365 assumptions
166.612 Unsolvable at layer 12 -- expanding.
166.612 Iteration 13.
166.614 New layer size: 5462
166.614 Instantiating ...
250.999 Termination signal caught.
250.999 Total amount of clauses encoded: 41327302
250.999 - reductionconstraints : 13168364 cls
250.999 - directframeaxioms : 11373776 cls
250.999 - qfactsemantics : 8738226 cls
250.999 - indirectframeaxioms : 6523558 cls
250.999 - actionconstraints : 829914 cls
250.999 - substitutionconstraints : 233651 cls
250.999 - qconstequality : 215785 cls
250.999 - atmostoneelement : 134574 cls
250.999 - expansions : 44638 cls
250.999 - predecessors : 39533 cls
250.999 - actioneffects : 23883 cls
250.999 - truefacts : 1398 cls
250.999 - axiomaticops : 2 cls
250.999 # instantiated positions: 9398
250.999 # instantiated actions: 37536
250.999 # instantiated reductions: 30498
250.999 # introduced pseudo-constants: 11748
250.999 # retroactive prunings: 0
250.999 # retroactively pruned operations: 0
250.999 # dominated operations: 11
250.999 # total invalid rigid preconditions found in getPFC: 0
250.999 # invalid rigid preconditions found in getPFC: 0
250.999 # invalid rigid preconditions found in getPFC in varrestrictions: 0
250.999 # total invalid fluent preconditions found in getPFC: 0
250.999 # invalid fluent preconditions found in getPFC: 0
250.999 # invalid fluent preconditions found in getPFC in varrestrictions: 0
250.999 # invalid fluent preconditions found in getPFC via postconditions: 0
250.999 # invalid subtasks found in getPFC: 0
250.999 # number effects in operation fact_frames: 205
250.999 Exiting happily.

RUNWATCH_RESULT MEMOUT RETVAL 0 TIME_SECS 252.064 MEMPEAK_KBS 16012056
