    _           _         _
   \ |         \ |       | |                       
   | |     __  | |      _| |______                
   | |     \/  | |     /_   ______\                
   | |      _  | |   __  | |  ___   ___   ___       
   | |___  | | | |  / .\ | | / , | |   \ / ·_\    
   \_____\ |_| |__\ \__/ |_| \___) |_|_| \___\  
[39mL i l o t a n e  version rls-glucose4
by Dominik Schreiber <dominik.schreiber@kit.edu> 2020-2021
using SAT solver glucose4

0.150 Parser finished.
0.150 Structures extracted.
0.151 11 operators and 14 methods created.
0.176 Mined 13 new reduction preconditions (+108.3%).
0.176 Iteration 0.
0.176 Creating initial layer of size 2
0.839 Attempting to solve formula with 603 clauses (903 literals) and 1 assumptions
0.840 Unsolvable at layer 0 -- expanding.
0.840 Iteration 1.
0.840 New layer size: 2
0.840 Instantiating ...
1.842 Collected 300 relevant facts at this layer
1.842 Encoding ...
1.880 Attempting to solve formula with 1211 clauses (2555 literals) and 1 assumptions
1.880 Unsolvable at layer 1 -- expanding.
1.880 Iteration 2.
1.884 New layer size: 3
1.884 Instantiating ...
4.722 Collected 451 relevant facts at this layer
4.722 Encoding ...
4.771 Attempting to solve formula with 12845 clauses (37191 literals) and 1 assumptions
4.776 Unsolvable at layer 2 -- expanding.
4.776 Iteration 3.
4.776 New layer size: 4
4.776 Instantiating ...
8.879 Collected 1140 relevant facts at this layer
8.879 Encoding ...
8.965 Attempting to solve formula with 41089 clauses (122180 literals) and 1 assumptions
8.965 Unsolvable at layer 3 -- expanding.
8.965 Iteration 4.
8.965 New layer size: 5
8.965 Instantiating ...
13.358 Collected 1140 relevant facts at this layer
13.358 Encoding ...
13.451 Attempting to solve formula with 76417 clauses (231834 literals) and 1 assumptions
13.453 Unsolvable at layer 4 -- expanding.
13.453 Iteration 5.
13.453 New layer size: 6
13.453 Instantiating ...
18.080 Collected 1140 relevant facts at this layer
18.080 Encoding ...
18.191 Attempting to solve formula with 112970 clauses (347236 literals) and 1 assumptions
18.193 Unsolvable at layer 5 -- expanding.
18.193 Iteration 6.
18.193 New layer size: 7
18.193 Instantiating ...
23.050 Collected 1140 relevant facts at this layer
23.050 Encoding ...
23.168 Attempting to solve formula with 149543 clauses (462678 literals) and 1 assumptions
23.172 Unsolvable at layer 6 -- expanding.
23.172 Iteration 7.
23.172 New layer size: 8
23.172 Instantiating ...
28.295 Collected 1140 relevant facts at this layer
28.295 Encoding ...
28.417 Attempting to solve formula with 186136 clauses (578160 literals) and 1 assumptions
28.421 Unsolvable at layer 7 -- expanding.
28.421 Iteration 8.
28.421 New layer size: 9
28.421 Instantiating ...
33.744 Collected 1140 relevant facts at this layer
33.744 Encoding ...
33.872 Attempting to solve formula with 222689 clauses (693650 literals) and 1 assumptions
33.875 Unsolvable at layer 8 -- expanding.
33.875 Iteration 9.
33.875 New layer size: 10
33.875 Instantiating ...
39.443 Collected 1140 relevant facts at this layer
39.443 Encoding ...
39.583 Attempting to solve formula with 259262 clauses (809180 literals) and 1 assumptions
39.591 Unsolvable at layer 9 -- expanding.
39.591 Iteration 10.
39.591 New layer size: 11
39.591 Instantiating ...
45.303 Collected 1140 relevant facts at this layer
45.303 Encoding ...
45.433 Attempting to solve formula with 295915 clauses (924782 literals) and 1 assumptions
45.440 Unsolvable at layer 10 -- expanding.
45.440 Iteration 11.
45.440 New layer size: 12
45.440 Instantiating ...
51.485 Collected 1140 relevant facts at this layer
51.485 Encoding ...
51.633 Attempting to solve formula with 332588 clauses (1040424 literals) and 1 assumptions
51.647 Unsolvable at layer 11 -- expanding.
51.647 Iteration 12.
51.647 New layer size: 13
51.647 Instantiating ...
57.854 Collected 1140 relevant facts at this layer
57.854 Encoding ...
57.994 Attempting to solve formula with 369281 clauses (1156106 literals) and 1 assumptions
58.014 Unsolvable at layer 12 -- expanding.
58.014 Iteration 13.
58.014 New layer size: 14
58.014 Instantiating ...
64.556 Collected 1140 relevant facts at this layer
64.556 Encoding ...
64.716 Attempting to solve formula with 405934 clauses (1271796 literals) and 1 assumptions
64.757 Unsolvable at layer 13 -- expanding.
64.757 Iteration 14.
64.757 New layer size: 15
64.757 Instantiating ...
71.442 Collected 1140 relevant facts at this layer
71.442 Encoding ...
71.593 Attempting to solve formula with 442667 clauses (1387558 literals) and 1 assumptions
71.664 Unsolvable at layer 14 -- expanding.
71.664 Iteration 15.
71.664 New layer size: 16
71.664 Instantiating ...
78.677 Collected 1140 relevant facts at this layer
78.677 Encoding ...
78.849 Attempting to solve formula with 479420 clauses (1503360 literals) and 1 assumptions
79.015 Unsolvable at layer 15 -- expanding.
79.015 Iteration 16.
79.015 New layer size: 17
79.015 Instantiating ...
86.198 Collected 1140 relevant facts at this layer
86.198 Encoding ...
86.362 Attempting to solve formula with 516193 clauses (1619202 literals) and 1 assumptions
86.658 Unsolvable at layer 16 -- expanding.
86.658 Iteration 17.
86.658 New layer size: 18
86.658 Instantiating ...
94.143 Collected 1140 relevant facts at this layer
94.143 Encoding ...
94.341 Attempting to solve formula with 552986 clauses (1735084 literals) and 1 assumptions
95.227 Unsolvable at layer 17 -- expanding.
95.227 Iteration 18.
95.227 New layer size: 19
95.227 Instantiating ...
102.950 Collected 1140 relevant facts at this layer
102.950 Encoding ...
103.126 Attempting to solve formula with 589799 clauses (1851006 literals) and 1 assumptions
104.903 Unsolvable at layer 18 -- expanding.
104.903 Iteration 19.
104.903 New layer size: 20
104.903 Instantiating ...
112.862 Collected 1140 relevant facts at this layer
112.862 Encoding ...
113.050 Attempting to solve formula with 626632 clauses (1966968 literals) and 1 assumptions
116.982 Unsolvable at layer 19 -- expanding.
116.982 Iteration 20.
116.982 New layer size: 21
116.982 Instantiating ...
125.111 Collected 1140 relevant facts at this layer
125.111 Encoding ...
125.300 Attempting to solve formula with 663485 clauses (2082970 literals) and 1 assumptions
133.840 Unsolvable at layer 20 -- expanding.
133.840 Iteration 21.
133.840 New layer size: 22
133.840 Instantiating ...
142.273 Collected 1140 relevant facts at this layer
142.273 Encoding ...
142.478 Attempting to solve formula with 700358 clauses (2199012 literals) and 1 assumptions
c
c Try to adapt solver strategies
c 
c Nothing extreme in this problem, continue with glucose default strategies.
c
162.331 Unsolvable at layer 21 -- expanding.
162.331 Iteration 22.
162.331 New layer size: 23
162.331 Instantiating ...
170.982 Collected 1140 relevant facts at this layer
170.982 Encoding ...
171.180 Attempting to solve formula with 737251 clauses (2315094 literals) and 1 assumptions
217.919 Unsolvable at layer 22 -- expanding.
217.919 Iteration 23.
217.919 New layer size: 24
217.919 Instantiating ...
226.979 Collected 1140 relevant facts at this layer
226.979 Encoding ...
227.197 Attempting to solve formula with 774164 clauses (2431216 literals) and 1 assumptions
330.805 Unsolvable at layer 23 -- expanding.
330.805 Iteration 24.
330.805 New layer size: 25
330.805 Instantiating ...
340.186 Collected 1140 relevant facts at this layer
340.186 Encoding ...
340.413 Attempting to solve formula with 811097 clauses (2547378 literals) and 1 assumptions
594.055 Unsolvable at layer 24 -- expanding.
594.055 Iteration 25.
594.055 New layer size: 26
594.055 Instantiating ...
603.666 Collected 1140 relevant facts at this layer
603.666 Encoding ...
603.942 Attempting to solve formula with 848050 clauses (2663580 literals) and 1 assumptions
1420.314 Unsolvable at layer 25 -- expanding.
1420.314 Iteration 26.
1420.314 New layer size: 27
1420.314 Instantiating ...
1430.076 Collected 1140 relevant facts at this layer
1430.076 Encoding ...
1430.315 Attempting to solve formula with 885023 clauses (2779822 literals) and 1 assumptions
1801.010 Termination signal caught.
1801.010 Total amount of clauses encoded: 885023
1801.010 - actionconstraints : 333730 cls
1801.010 - reductionconstraints : 214351 cls
1801.010 - directframeaxioms : 110646 cls
1801.010 - qfactsemantics : 97462 cls
1801.010 - indirectframeaxioms : 64992 cls
1801.010 - substitutionconstraints : 43817 cls
1801.010 - qconstequality : 11325 cls
1801.010 - atmostoneelement : 3731 cls
1801.010 - expansions : 1837 cls
1801.010 - predecessors : 1775 cls
1801.010 - truefacts : 1140 cls
1801.010 - actioneffects : 215 cls
1801.010 - axiomaticops : 2 cls
1801.010 # instantiated positions: 378
1801.010 # instantiated actions: 1601
1801.010 # instantiated reductions: 175
1801.010 # introduced pseudo-constants: 150
1801.010 # retroactive prunings: 2
1801.010 # retroactively pruned operations: 2
1801.010 # dominated operations: 0
1801.010 # total invalid rigid preconditions found in getPFC: 2
1801.010 # invalid rigid preconditions found in getPFC: 2
1801.010 # invalid rigid preconditions found in getPFC in varrestrictions: 0
1801.010 # total invalid fluent preconditions found in getPFC: 2
1801.010 # invalid fluent preconditions found in getPFC: 1
1801.010 # invalid fluent preconditions found in getPFC in varrestrictions: 1
1801.010 # invalid fluent preconditions found in getPFC via postconditions: 0
1801.010 # invalid subtasks found in getPFC: 2
1801.010 # number effects in operation fact_frames: 110
1801.010 Exiting happily.

RUNWATCH_RESULT TIMEOUT RETVAL 0 TIME_SECS 1801.06 MEMPEAK_KBS 558156
