    _           _         _
   \ |         \ |       | |                       
   | |     __  | |      _| |______                
   | |     \/  | |     /_   ______\                
   | |      _  | |   __  | |  ___   ___   ___       
   | |___  | | | |  / .\ | | / , | |   \ / ·_\    
   \_____\ |_| |__\ \__/ |_| \___) |_|_| \___\  
[39mL i l o t a n e  version rls-glucose4
by Dominik Schreiber <dominik.schreiber@kit.edu> 2020-2021
using SAT solver glucose4

0.017 Parser finished.
0.017 Structures extracted.
0.018 20 operators and 16 methods created.
0.065 Mined 11 new reduction preconditions (+9.2%).
0.065 Iteration 0.
0.065 Creating initial layer of size 2
0.439 Attempting to solve formula with 201 clauses (300 literals) and 1 assumptions
0.439 Unsolvable at layer 0 -- expanding.
0.439 Iteration 1.
0.439 New layer size: 10
0.439 Instantiating ...
3.540 Collected 8460 relevant facts at this layer
3.540 Encoding ...
3.807 Attempting to solve formula with 256762 clauses (812532 literals) and 9 assumptions
3.812 Unsolvable at layer 1 -- expanding.
3.812 Iteration 2.
3.812 New layer size: 19
3.812 Instantiating ...
9.947 Collected 9198 relevant facts at this layer
9.947 Encoding ...
10.840 Attempting to solve formula with 956543 clauses (3227121 literals) and 9 assumptions
10.841 Unsolvable at layer 2 -- expanding.
10.841 Iteration 3.
10.841 New layer size: 46
10.841 Instantiating ...
19.914 Collected 9279 relevant facts at this layer
19.914 Encoding ...
22.004 Attempting to solve formula with 2398903 clauses (8207860 literals) and 18 assumptions
22.063 Unsolvable at layer 3 -- expanding.
22.063 Iteration 4.
22.063 New layer size: 82
22.063 Instantiating ...
37.417 Collected 9279 relevant facts at this layer
37.417 Encoding ...
41.010 Attempting to solve formula with 4624832 clauses (15900315 literals) and 27 assumptions
41.119 Unsolvable at layer 4 -- expanding.
41.119 Iteration 5.
41.119 New layer size: 145
41.119 Instantiating ...
66.484 Collected 9279 relevant facts at this layer
66.484 Encoding ...
73.063 Attempting to solve formula with 8355597 clauses (28804848 literals) and 45 assumptions
73.181 Unsolvable at layer 5 -- expanding.
73.181 Iteration 6.
73.182 New layer size: 244
73.182 Instantiating ...
114.724 Collected 9279 relevant facts at this layer
114.724 Encoding ...
125.018 Attempting to solve formula with 14369025 clauses (49612017 literals) and 72 assumptions
125.639 Unsolvable at layer 6 -- expanding.
125.639 Iteration 7.
125.639 New layer size: 406
125.639 Instantiating ...
190.587 Collected 9279 relevant facts at this layer
190.587 Encoding ...
207.917 Attempting to solve formula with 24169790 clauses (83532939 literals) and 117 assumptions
208.270 Unsolvable at layer 7 -- expanding.
208.270 Iteration 8.
208.270 New layer size: 667
208.270 Instantiating ...
315.681 Collected 9279 relevant facts at this layer
315.681 Encoding ...
346.330 Attempting to solve formula with 40040554 clauses (138470247 literals) and 189 assumptions
347.391 Unsolvable at layer 8 -- expanding.
347.391 Iteration 9.
347.392 New layer size: 1090
347.392 Instantiating ...
514.126 Termination signal caught.
514.126 Total amount of clauses encoded: 40040554
514.126 - directframeaxioms : 16841086 cls
514.126 - qfactsemantics : 10862861 cls
514.126 - indirectframeaxioms : 8436165 cls
514.126 - reductionconstraints : 3372873 cls
514.126 - actionconstraints : 225948 cls
514.126 - qconstequality : 128898 cls
514.126 - substitutionconstraints : 105917 cls
514.126 - atmostoneelement : 30202 cls
514.126 - expansions : 11651 cls
514.126 - predecessors : 9821 cls
514.126 - truefacts : 9279 cls
514.126 - actioneffects : 5851 cls
514.126 - axiomaticops : 2 cls
514.126 # instantiated positions: 2658
514.126 # instantiated actions: 10820
514.126 # instantiated reductions: 5313
514.126 # introduced pseudo-constants: 2562
514.126 # retroactive prunings: 0
514.126 # retroactively pruned operations: 0
514.126 # dominated operations: 2
514.126 # total invalid rigid preconditions found in getPFC: 0
514.126 # invalid rigid preconditions found in getPFC: 0
514.126 # invalid rigid preconditions found in getPFC in varrestrictions: 0
514.126 # total invalid fluent preconditions found in getPFC: 75
514.126 # invalid fluent preconditions found in getPFC: 71
514.126 # invalid fluent preconditions found in getPFC in varrestrictions: 4
514.126 # invalid fluent preconditions found in getPFC via postconditions: 0
514.126 # invalid subtasks found in getPFC: 0
514.126 # number effects in operation fact_frames: 240
514.126 Exiting happily.

RUNWATCH_RESULT MEMOUT RETVAL 0 TIME_SECS 515.279 MEMPEAK_KBS 16013644
