    _           _         _
   \ |         \ |       | |                       
   | |     __  | |      _| |______                
   | |     \/  | |     /_   ______\                
   | |      _  | |   __  | |  ___   ___   ___       
   | |___  | | | |  / .\ | | / , | |   \ / ·_\    
   \_____\ |_| |__\ \__/ |_| \___) |_|_| \___\  
[39mL i l o t a n e  version rls-glucose4
by Dominik Schreiber <dominik.schreiber@kit.edu> 2020-2021
using SAT solver glucose4

0.011 Parser finished.
0.011 Structures extracted.
0.012 28 operators and 21 methods created.
0.023 Mined 76 new reduction preconditions (+262.1%).
0.023 Iteration 0.
0.023 Creating initial layer of size 2
0.040 Attempting to solve formula with 5 clauses (6 literals) and 1 assumptions
0.040 Unsolvable at layer 0 -- expanding.
0.040 Iteration 1.
0.040 New layer size: 2
0.040 Instantiating ...
0.058 Collected 1 relevant facts at this layer
0.058 Encoding ...
0.059 Attempting to solve formula with 10 clauses (15 literals) and 1 assumptions
0.060 Unsolvable at layer 1 -- expanding.
0.060 Iteration 2.
0.060 New layer size: 3
0.060 Instantiating ...
0.092 Collected 1 relevant facts at this layer
0.092 Encoding ...
0.094 Attempting to solve formula with 815 clauses (2313 literals) and 2 assumptions
0.094 Unsolvable at layer 2 -- expanding.
0.094 Iteration 3.
0.094 New layer size: 4
0.094 Instantiating ...
0.106 Retroactively prune action (__SURROGATE*c1*connect_1* Q_2,0_Port:0_7754705bdd094132 Q_2,0_Port:1_7754705bdd094132 Q_3,0_PlugType:0_8775bec61f551b69 female in male out) due to impossible effect (isOccupied Q_2,0_Port:0_7754705bdd094132)
0.128 Retroactively prune action (__SURROGATE*c2*connect_2* Q_2,0_Port:0_7754705bdd094132 Q_2,0_Port:1_7754705bdd094132 Q_3,0_PlugType:0_8775bec61f551b69 female in male out) due to impossible effect (isOccupied Q_2,0_Port:0_7754705bdd094132)
0.136 Retroactively prune action (__SURROGATE*c6*connect_6* Q_2,0_Port:0_7754705bdd094132 Q_2,0_Port:1_7754705bdd094132 Q_3,0_PlugType:0_8775bec61f551b69 female in male out) due to impossible effect (isOccupied Q_2,0_Port:1_7754705bdd094132)
0.144 Retroactively prune action (__SURROGATE*c5*connect_5* Q_2,0_Port:0_7754705bdd094132 Q_2,0_Port:1_7754705bdd094132 Q_3,0_PlugType:0_8775bec61f551b69 female in male out) due to impossible effect (isOccupied Q_2,0_Port:1_7754705bdd094132)
0.195 Collected 3194 relevant facts at this layer
0.195 Encoding ...
0.277 Attempting to solve formula with 53907 clauses (200353 literals) and 2 assumptions
0.278 Unsolvable at layer 3 -- expanding.
0.278 Iteration 4.
0.278 New layer size: 5
0.278 Instantiating ...
0.315 Retroactively prune action (__SURROGATE*c2*connect_2* Q_3,1_Port:0_7754705bdd094132 Q_3,1_Port:1_7754705bdd094132 Q_4,1_PlugType:0_8775bec61f551b69 female in male out) due to impossible effect (isOccupied Q_3,1_Port:0_7754705bdd094132)
0.315 Retroactively prune action (__SURROGATE*c1*connect_1* Q_3,1_Port:0_7754705bdd094132 Q_3,1_Port:1_7754705bdd094132 Q_4,1_PlugType:0_8775bec61f551b69 female in male out) due to impossible effect (isOccupied Q_3,1_Port:0_7754705bdd094132)
0.315 Retroactively prune action (__SURROGATE*c6*connect_6* Q_3,1_Port:0_7754705bdd094132 Q_3,1_Port:1_7754705bdd094132 Q_4,1_PlugType:0_8775bec61f551b69 female in male out) due to impossible effect (isOccupied Q_3,1_Port:1_7754705bdd094132)
0.330 Retroactively prune action (__SURROGATE*c5*connect_5* Q_3,1_Port:0_7754705bdd094132 Q_3,1_Port:1_7754705bdd094132 Q_4,1_PlugType:0_8775bec61f551b69 female in male out) due to impossible effect (isOccupied Q_3,1_Port:1_7754705bdd094132)
0.402 Collected 3194 relevant facts at this layer
0.402 Encoding ...
0.498 Attempting to solve formula with 126672 clauses (481376 literals) and 2 assumptions
0.504 Unsolvable at layer 4 -- expanding.
0.504 Iteration 5.
0.504 New layer size: 6
0.504 Instantiating ...
0.585 Retroactively prune action (__SURROGATE*c2*connect_2* Q_4,2_Port:0_7754705bdd094132 Q_4,2_Port:1_7754705bdd094132 Q_5,2_PlugType:0_8775bec61f551b69 female in male out) due to impossible effect (isOccupied Q_4,2_Port:0_7754705bdd094132)
0.598 Retroactively prune action (__SURROGATE*c5*connect_5* Q_4,2_Port:0_7754705bdd094132 Q_4,2_Port:1_7754705bdd094132 Q_5,2_PlugType:0_8775bec61f551b69 female in male out) due to impossible effect (isOccupied Q_4,2_Port:1_7754705bdd094132)
0.602 Retroactively prune action (__SURROGATE*c6*connect_6* Q_4,2_Port:0_7754705bdd094132 Q_4,2_Port:1_7754705bdd094132 Q_5,2_PlugType:0_8775bec61f551b69 female in male out) due to impossible effect (isOccupied Q_4,2_Port:1_7754705bdd094132)
0.631 Retroactively prune action (__SURROGATE*c1*connect_1* Q_4,2_Port:0_7754705bdd094132 Q_4,2_Port:1_7754705bdd094132 Q_5,2_PlugType:0_8775bec61f551b69 female in male out) due to impossible effect (isOccupied Q_4,2_Port:0_7754705bdd094132)
0.704 Collected 3194 relevant facts at this layer
0.704 Encoding ...
0.851 Attempting to solve formula with 214635 clauses (838762 literals) and 3 assumptions
0.857 Unsolvable at layer 5 -- expanding.
0.857 Iteration 6.
0.857 New layer size: 7
0.857 Instantiating ...
0.993 Retroactively prune action (__SURROGATE*c1*connect_1* Q_5,3_Port:0_7754705bdd094132 Q_5,3_Port:1_7754705bdd094132 Q_6,3_PlugType:0_8775bec61f551b69 female in male out) due to impossible effect (isOccupied Q_5,3_Port:0_7754705bdd094132)
0.998 Retroactively prune action (__SURROGATE*c6*connect_6* Q_5,3_Port:0_7754705bdd094132 Q_5,3_Port:1_7754705bdd094132 Q_6,3_PlugType:0_8775bec61f551b69 female in male out) due to impossible effect (isOccupied Q_5,3_Port:1_7754705bdd094132)
1.023 Retroactively prune action (__SURROGATE*c2*connect_2* Q_5,3_Port:0_7754705bdd094132 Q_5,3_Port:1_7754705bdd094132 Q_6,3_PlugType:0_8775bec61f551b69 female in male out) due to impossible effect (isOccupied Q_5,3_Port:0_7754705bdd094132)
1.023 Retroactively prune action (__SURROGATE*c5*connect_5* Q_5,3_Port:0_7754705bdd094132 Q_5,3_Port:1_7754705bdd094132 Q_6,3_PlugType:0_8775bec61f551b69 female in male out) due to impossible effect (isOccupied Q_5,3_Port:1_7754705bdd094132)
1.097 Collected 3194 relevant facts at this layer
1.097 Encoding ...
1.295 Attempting to solve formula with 341927 clauses (1370188 literals) and 4 assumptions
1.357 Unsolvable at layer 6 -- expanding.
1.357 Iteration 7.
1.357 New layer size: 8
1.357 Instantiating ...
1.550 Retroactively prune action (__SURROGATE*c5*connect_5* Q_6,4_Port:0_7754705bdd094132 Q_6,4_Port:1_7754705bdd094132 Q_7,4_PlugType:0_8775bec61f551b69 female in male out) due to impossible effect (isOccupied Q_6,4_Port:1_7754705bdd094132)
1.554 Retroactively prune action (__SURROGATE*c2*connect_2* Q_6,4_Port:0_7754705bdd094132 Q_6,4_Port:1_7754705bdd094132 Q_7,4_PlugType:0_8775bec61f551b69 female in male out) due to impossible effect (isOccupied Q_6,4_Port:0_7754705bdd094132)
1.563 Retroactively prune action (__SURROGATE*c6*connect_6* Q_6,4_Port:0_7754705bdd094132 Q_6,4_Port:1_7754705bdd094132 Q_7,4_PlugType:0_8775bec61f551b69 female in male out) due to impossible effect (isOccupied Q_6,4_Port:1_7754705bdd094132)
1.568 Retroactively prune action (__SURROGATE*c1*connect_1* Q_6,4_Port:0_7754705bdd094132 Q_6,4_Port:1_7754705bdd094132 Q_7,4_PlugType:0_8775bec61f551b69 female in male out) due to impossible effect (isOccupied Q_6,4_Port:0_7754705bdd094132)
1.656 Collected 3194 relevant facts at this layer
1.656 Encoding ...
1.896 Attempting to solve formula with 498862 clauses (2029454 literals) and 5 assumptions
2.250 Unsolvable at layer 7 -- expanding.
2.250 Iteration 8.
2.250 New layer size: 9
2.250 Instantiating ...
2.518 Retroactively prune action (__SURROGATE*c5*connect_5* Q_7,5_Port:0_7754705bdd094132 Q_7,5_Port:1_7754705bdd094132 Q_8,5_PlugType:0_8775bec61f551b69 female in male out) due to impossible effect (isOccupied Q_7,5_Port:1_7754705bdd094132)
2.543 Retroactively prune action (__SURROGATE*c6*connect_6* Q_7,5_Port:0_7754705bdd094132 Q_7,5_Port:1_7754705bdd094132 Q_8,5_PlugType:0_8775bec61f551b69 female in male out) due to impossible effect (isOccupied Q_7,5_Port:1_7754705bdd094132)
2.556 Retroactively prune action (__SURROGATE*c2*connect_2* Q_7,5_Port:0_7754705bdd094132 Q_7,5_Port:1_7754705bdd094132 Q_8,5_PlugType:0_8775bec61f551b69 female in male out) due to impossible effect (isOccupied Q_7,5_Port:0_7754705bdd094132)
2.568 Retroactively prune action (__SURROGATE*c1*connect_1* Q_7,5_Port:0_7754705bdd094132 Q_7,5_Port:1_7754705bdd094132 Q_8,5_PlugType:0_8775bec61f551b69 female in male out) due to impossible effect (isOccupied Q_7,5_Port:0_7754705bdd094132)
2.645 Collected 3194 relevant facts at this layer
2.645 Encoding ...
2.946 Attempting to solve formula with 687163 clauses (2824453 literals) and 6 assumptions
4.028 Unsolvable at layer 8 -- expanding.
4.028 Iteration 9.
4.028 New layer size: 10
4.028 Instantiating ...
4.334 Retroactively prune action (__SURROGATE*c2*connect_2* Q_8,6_Port:0_7754705bdd094132 Q_8,6_Port:1_7754705bdd094132 Q_9,6_PlugType:0_8775bec61f551b69 female in male out) due to impossible effect (isOccupied Q_8,6_Port:0_7754705bdd094132)
4.366 Retroactively prune action (__SURROGATE*c6*connect_6* Q_8,6_Port:0_7754705bdd094132 Q_8,6_Port:1_7754705bdd094132 Q_9,6_PlugType:0_8775bec61f551b69 female in male out) due to impossible effect (isOccupied Q_8,6_Port:1_7754705bdd094132)
4.366 Retroactively prune action (__SURROGATE*c5*connect_5* Q_8,6_Port:0_7754705bdd094132 Q_8,6_Port:1_7754705bdd094132 Q_9,6_PlugType:0_8775bec61f551b69 female in male out) due to impossible effect (isOccupied Q_8,6_Port:1_7754705bdd094132)
4.371 Retroactively prune action (__SURROGATE*c1*connect_1* Q_8,6_Port:0_7754705bdd094132 Q_8,6_Port:1_7754705bdd094132 Q_9,6_PlugType:0_8775bec61f551b69 female in male out) due to impossible effect (isOccupied Q_8,6_Port:0_7754705bdd094132)
4.456 Collected 3194 relevant facts at this layer
4.456 Encoding ...
4.875 Attempting to solve formula with 926159 clauses (3852554 literals) and 7 assumptions
8.540 Unsolvable at layer 9 -- expanding.
8.540 Iteration 10.
8.540 New layer size: 11
8.540 Instantiating ...
8.997 Retroactively prune action (__SURROGATE*c2*connect_2* Q_9,7_Port:0_7754705bdd094132 Q_9,7_Port:1_7754705bdd094132 Q_10,7_PlugType:0_8775bec61f551b69 female in male out) due to impossible effect (isOccupied Q_9,7_Port:0_7754705bdd094132)
8.997 Retroactively prune action (__SURROGATE*c1*connect_1* Q_9,7_Port:0_7754705bdd094132 Q_9,7_Port:1_7754705bdd094132 Q_10,7_PlugType:0_8775bec61f551b69 female in male out) due to impossible effect (isOccupied Q_9,7_Port:0_7754705bdd094132)
8.997 Retroactively prune action (__SURROGATE*c5*connect_5* Q_9,7_Port:0_7754705bdd094132 Q_9,7_Port:1_7754705bdd094132 Q_10,7_PlugType:0_8775bec61f551b69 female in male out) due to impossible effect (isOccupied Q_9,7_Port:1_7754705bdd094132)
9.005 Retroactively prune action (__SURROGATE*c6*connect_6* Q_9,7_Port:0_7754705bdd094132 Q_9,7_Port:1_7754705bdd094132 Q_10,7_PlugType:0_8775bec61f551b69 female in male out) due to impossible effect (isOccupied Q_9,7_Port:1_7754705bdd094132)
9.086 Collected 3194 relevant facts at this layer
9.086 Encoding ...
9.489 Attempting to solve formula with 1195214 clauses (5009889 literals) and 8 assumptions
16.559 Unsolvable at layer 10 -- expanding.
16.559 Iteration 11.
16.559 New layer size: 12
16.559 Instantiating ...
17.105 Retroactively prune action (__SURROGATE*c1*connect_1* Q_10,8_Port:0_7754705bdd094132 Q_10,8_Port:1_7754705bdd094132 Q_11,8_PlugType:0_8775bec61f551b69 female in male out) due to impossible effect (isOccupied Q_10,8_Port:0_7754705bdd094132)
17.109 Retroactively prune action (__SURROGATE*c2*connect_2* Q_10,8_Port:0_7754705bdd094132 Q_10,8_Port:1_7754705bdd094132 Q_11,8_PlugType:0_8775bec61f551b69 female in male out) due to impossible effect (isOccupied Q_10,8_Port:0_7754705bdd094132)
17.113 Retroactively prune action (__SURROGATE*c5*connect_5* Q_10,8_Port:0_7754705bdd094132 Q_10,8_Port:1_7754705bdd094132 Q_11,8_PlugType:0_8775bec61f551b69 female in male out) due to impossible effect (isOccupied Q_10,8_Port:1_7754705bdd094132)
17.117 Retroactively prune action (__SURROGATE*c6*connect_6* Q_10,8_Port:0_7754705bdd094132 Q_10,8_Port:1_7754705bdd094132 Q_11,8_PlugType:0_8775bec61f551b69 female in male out) due to impossible effect (isOccupied Q_10,8_Port:1_7754705bdd094132)
17.210 Collected 3194 relevant facts at this layer
17.210 Encoding ...
17.691 Attempting to solve formula with 1508223 clauses (6365798 literals) and 9 assumptions
38.389 Unsolvable at layer 11 -- expanding.
38.389 Iteration 12.
38.389 New layer size: 13
38.389 Instantiating ...
38.936 Retroactively prune action (__SURROGATE*c5*connect_5* Q_11,9_Port:0_7754705bdd094132 Q_11,9_Port:1_7754705bdd094132 Q_12,9_PlugType:0_8775bec61f551b69 female in male out) due to impossible effect (isOccupied Q_11,9_Port:1_7754705bdd094132)
38.946 Retroactively prune action (__SURROGATE*c1*connect_1* Q_11,9_Port:0_7754705bdd094132 Q_11,9_Port:1_7754705bdd094132 Q_12,9_PlugType:0_8775bec61f551b69 female in male out) due to impossible effect (isOccupied Q_11,9_Port:0_7754705bdd094132)
38.946 Retroactively prune action (__SURROGATE*c6*connect_6* Q_11,9_Port:0_7754705bdd094132 Q_11,9_Port:1_7754705bdd094132 Q_12,9_PlugType:0_8775bec61f551b69 female in male out) due to impossible effect (isOccupied Q_11,9_Port:1_7754705bdd094132)
38.946 Retroactively prune action (__SURROGATE*c2*connect_2* Q_11,9_Port:0_7754705bdd094132 Q_11,9_Port:1_7754705bdd094132 Q_12,9_PlugType:0_8775bec61f551b69 female in male out) due to impossible effect (isOccupied Q_11,9_Port:0_7754705bdd094132)
39.047 Collected 3194 relevant facts at this layer
39.047 Encoding ...
39.546 Attempting to solve formula with 1851282 clauses (7851013 literals) and 10 assumptions
82.649 Unsolvable at layer 12 -- expanding.
82.649 Iteration 13.
82.649 New layer size: 14
82.649 Instantiating ...
83.299 Retroactively prune action (__SURROGATE*c6*connect_6* Q_12,10_Port:0_7754705bdd094132 Q_12,10_Port:1_7754705bdd094132 Q_13,10_PlugType:0_8775bec61f551b69 female in male out) due to impossible effect (isOccupied Q_12,10_Port:1_7754705bdd094132)
83.299 Retroactively prune action (__SURROGATE*c5*connect_5* Q_12,10_Port:0_7754705bdd094132 Q_12,10_Port:1_7754705bdd094132 Q_13,10_PlugType:0_8775bec61f551b69 female in male out) due to impossible effect (isOccupied Q_12,10_Port:1_7754705bdd094132)
83.304 Retroactively prune action (__SURROGATE*c2*connect_2* Q_12,10_Port:0_7754705bdd094132 Q_12,10_Port:1_7754705bdd094132 Q_13,10_PlugType:0_8775bec61f551b69 female in male out) due to impossible effect (isOccupied Q_12,10_Port:0_7754705bdd094132)
83.308 Retroactively prune action (__SURROGATE*c1*connect_1* Q_12,10_Port:0_7754705bdd094132 Q_12,10_Port:1_7754705bdd094132 Q_13,10_PlugType:0_8775bec61f551b69 female in male out) due to impossible effect (isOccupied Q_12,10_Port:0_7754705bdd094132)
83.424 Collected 3194 relevant facts at this layer
83.424 Encoding ...
83.981 Attempting to solve formula with 2228032 clauses (9485254 literals) and 11 assumptions
109.860 Unsolvable at layer 13 -- expanding.
109.860 Iteration 14.
109.860 New layer size: 15
109.860 Instantiating ...
110.565 Retroactively prune action (__SURROGATE*c5*connect_5* Q_13,11_Port:0_7754705bdd094132 Q_13,11_Port:1_7754705bdd094132 Q_14,11_PlugType:0_8775bec61f551b69 female in male out) due to impossible effect (isOccupied Q_13,11_Port:1_7754705bdd094132)
110.574 Retroactively prune action (__SURROGATE*c1*connect_1* Q_13,11_Port:0_7754705bdd094132 Q_13,11_Port:1_7754705bdd094132 Q_14,11_PlugType:0_8775bec61f551b69 female in male out) due to impossible effect (isOccupied Q_13,11_Port:0_7754705bdd094132)
110.578 Retroactively prune action (__SURROGATE*c6*connect_6* Q_13,11_Port:0_7754705bdd094132 Q_13,11_Port:1_7754705bdd094132 Q_14,11_PlugType:0_8775bec61f551b69 female in male out) due to impossible effect (isOccupied Q_13,11_Port:1_7754705bdd094132)
110.586 Retroactively prune action (__SURROGATE*c2*connect_2* Q_13,11_Port:0_7754705bdd094132 Q_13,11_Port:1_7754705bdd094132 Q_14,11_PlugType:0_8775bec61f551b69 female in male out) due to impossible effect (isOccupied Q_13,11_Port:0_7754705bdd094132)
110.697 Collected 3194 relevant facts at this layer
110.697 Encoding ...
111.294 Attempting to solve formula with 2634497 clauses (11246630 literals) and 12 assumptions
138.375 Unsolvable at layer 14 -- expanding.
138.375 Iteration 15.
138.375 New layer size: 16
138.375 Instantiating ...
139.056 Retroactively prune action (__SURROGATE*c1*connect_1* Q_14,12_Port:0_7754705bdd094132 Q_14,12_Port:1_7754705bdd094132 Q_15,12_PlugType:0_8775bec61f551b69 female in male out) due to impossible effect (isOccupied Q_14,12_Port:0_7754705bdd094132)
139.061 Retroactively prune action (__SURROGATE*c5*connect_5* Q_14,12_Port:0_7754705bdd094132 Q_14,12_Port:1_7754705bdd094132 Q_15,12_PlugType:0_8775bec61f551b69 female in male out) due to impossible effect (isOccupied Q_14,12_Port:1_7754705bdd094132)
139.070 Retroactively prune action (__SURROGATE*c2*connect_2* Q_14,12_Port:0_7754705bdd094132 Q_14,12_Port:1_7754705bdd094132 Q_15,12_PlugType:0_8775bec61f551b69 female in male out) due to impossible effect (isOccupied Q_14,12_Port:0_7754705bdd094132)
139.087 Retroactively prune action (__SURROGATE*c6*connect_6* Q_14,12_Port:0_7754705bdd094132 Q_14,12_Port:1_7754705bdd094132 Q_15,12_PlugType:0_8775bec61f551b69 female in male out) due to impossible effect (isOccupied Q_14,12_Port:1_7754705bdd094132)
139.168 Collected 3194 relevant facts at this layer
139.168 Encoding ...
139.791 Attempting to solve formula with 3069962 clauses (13131757 literals) and 13 assumptions
155.674 Unsolvable at layer 15 -- expanding.
155.674 Iteration 16.
155.674 New layer size: 17
155.674 Instantiating ...
156.382 Retroactively prune action (__SURROGATE*c1*connect_1* Q_15,13_Port:0_7754705bdd094132 Q_15,13_Port:1_7754705bdd094132 Q_16,13_PlugType:0_8775bec61f551b69 female in male out) due to impossible effect (isOccupied Q_15,13_Port:0_7754705bdd094132)
156.410 Retroactively prune action (__SURROGATE*c6*connect_6* Q_15,13_Port:0_7754705bdd094132 Q_15,13_Port:1_7754705bdd094132 Q_16,13_PlugType:0_8775bec61f551b69 female in male out) due to impossible effect (isOccupied Q_15,13_Port:1_7754705bdd094132)
156.414 Retroactively prune action (__SURROGATE*c5*connect_5* Q_15,13_Port:0_7754705bdd094132 Q_15,13_Port:1_7754705bdd094132 Q_16,13_PlugType:0_8775bec61f551b69 female in male out) due to impossible effect (isOccupied Q_15,13_Port:1_7754705bdd094132)
156.414 Retroactively prune action (__SURROGATE*c2*connect_2* Q_15,13_Port:0_7754705bdd094132 Q_15,13_Port:1_7754705bdd094132 Q_16,13_PlugType:0_8775bec61f551b69 female in male out) due to impossible effect (isOccupied Q_15,13_Port:0_7754705bdd094132)
156.489 Collected 3194 relevant facts at this layer
156.489 Encoding ...
157.173 Attempting to solve formula with 3562797 clauses (15280827 literals) and 14 assumptions
c
c Try to adapt solver strategies
c 
c Nothing extreme in this problem, continue with glucose default strategies.
c
215.100 Unsolvable at layer 16 -- expanding.
215.100 Iteration 17.
215.101 New layer size: 18
215.101 Instantiating ...
216.010 Retroactively prune action (__SURROGATE*c1*connect_1* Q_16,14_Port:0_7754705bdd094132 Q_16,14_Port:1_7754705bdd094132 Q_17,14_PlugType:0_8775bec61f551b69 female in male out) due to impossible effect (isOccupied Q_16,14_Port:0_7754705bdd094132)
216.026 Retroactively prune action (__SURROGATE*c6*connect_6* Q_16,14_Port:0_7754705bdd094132 Q_16,14_Port:1_7754705bdd094132 Q_17,14_PlugType:0_8775bec61f551b69 female in male out) due to impossible effect (isOccupied Q_16,14_Port:1_7754705bdd094132)
216.031 Retroactively prune action (__SURROGATE*c2*connect_2* Q_16,14_Port:0_7754705bdd094132 Q_16,14_Port:1_7754705bdd094132 Q_17,14_PlugType:0_8775bec61f551b69 female in male out) due to impossible effect (isOccupied Q_16,14_Port:0_7754705bdd094132)
216.048 Retroactively prune action (__SURROGATE*c5*connect_5* Q_16,14_Port:0_7754705bdd094132 Q_16,14_Port:1_7754705bdd094132 Q_17,14_PlugType:0_8775bec61f551b69 female in male out) due to impossible effect (isOccupied Q_16,14_Port:1_7754705bdd094132)
216.141 Collected 3194 relevant facts at this layer
216.141 Encoding ...
216.868 Attempting to solve formula with 4074184 clauses (17500086 literals) and 15 assumptions
340.251 Unsolvable at layer 17 -- expanding.
340.251 Iteration 18.
340.251 New layer size: 19
340.251 Instantiating ...
341.232 Retroactively prune action (__SURROGATE*c5*connect_5* Q_17,15_Port:0_7754705bdd094132 Q_17,15_Port:1_7754705bdd094132 Q_18,15_PlugType:0_8775bec61f551b69 female in male out) due to impossible effect (isOccupied Q_17,15_Port:1_7754705bdd094132)
341.232 Retroactively prune action (__SURROGATE*c6*connect_6* Q_17,15_Port:0_7754705bdd094132 Q_17,15_Port:1_7754705bdd094132 Q_18,15_PlugType:0_8775bec61f551b69 female in male out) due to impossible effect (isOccupied Q_17,15_Port:1_7754705bdd094132)
341.236 Retroactively prune action (__SURROGATE*c1*connect_1* Q_17,15_Port:0_7754705bdd094132 Q_17,15_Port:1_7754705bdd094132 Q_18,15_PlugType:0_8775bec61f551b69 female in male out) due to impossible effect (isOccupied Q_17,15_Port:0_7754705bdd094132)
341.240 Retroactively prune action (__SURROGATE*c2*connect_2* Q_17,15_Port:0_7754705bdd094132 Q_17,15_Port:1_7754705bdd094132 Q_18,15_PlugType:0_8775bec61f551b69 female in male out) due to impossible effect (isOccupied Q_17,15_Port:0_7754705bdd094132)
341.345 Collected 3194 relevant facts at this layer
341.345 Encoding ...
342.125 Attempting to solve formula with 4631811 clauses (19930374 literals) and 16 assumptions
385.549 Unsolvable at layer 18 -- expanding.
385.549 Iteration 19.
385.549 New layer size: 20
385.549 Instantiating ...
386.658 Retroactively prune action (__SURROGATE*c1*connect_1* Q_18,16_Port:0_7754705bdd094132 Q_18,16_Port:1_7754705bdd094132 Q_19,16_PlugType:0_8775bec61f551b69 female in male out) due to impossible effect (isOccupied Q_18,16_Port:0_7754705bdd094132)
386.674 Retroactively prune action (__SURROGATE*c6*connect_6* Q_18,16_Port:0_7754705bdd094132 Q_18,16_Port:1_7754705bdd094132 Q_19,16_PlugType:0_8775bec61f551b69 female in male out) due to impossible effect (isOccupied Q_18,16_Port:1_7754705bdd094132)
386.678 Retroactively prune action (__SURROGATE*c2*connect_2* Q_18,16_Port:0_7754705bdd094132 Q_18,16_Port:1_7754705bdd094132 Q_19,16_PlugType:0_8775bec61f551b69 female in male out) due to impossible effect (isOccupied Q_18,16_Port:0_7754705bdd094132)
386.682 Retroactively prune action (__SURROGATE*c5*connect_5* Q_18,16_Port:0_7754705bdd094132 Q_18,16_Port:1_7754705bdd094132 Q_19,16_PlugType:0_8775bec61f551b69 female in male out) due to impossible effect (isOccupied Q_18,16_Port:1_7754705bdd094132)
386.759 Collected 3194 relevant facts at this layer
386.759 Encoding ...
387.645 Attempting to solve formula with 5254353 clauses (22662735 literals) and 17 assumptions
557.075 Unsolvable at layer 19 -- expanding.
557.075 Iteration 20.
557.075 New layer size: 21
557.075 Instantiating ...
558.294 Retroactively prune action (__SURROGATE*c5*connect_5* Q_19,17_Port:0_7754705bdd094132 Q_19,17_Port:1_7754705bdd094132 Q_20,17_PlugType:0_8775bec61f551b69 female in male out) due to impossible effect (isOccupied Q_19,17_Port:1_7754705bdd094132)
558.305 Retroactively prune action (__SURROGATE*c6*connect_6* Q_19,17_Port:0_7754705bdd094132 Q_19,17_Port:1_7754705bdd094132 Q_20,17_PlugType:0_8775bec61f551b69 female in male out) due to impossible effect (isOccupied Q_19,17_Port:1_7754705bdd094132)
558.313 Retroactively prune action (__SURROGATE*c2*connect_2* Q_19,17_Port:0_7754705bdd094132 Q_19,17_Port:1_7754705bdd094132 Q_20,17_PlugType:0_8775bec61f551b69 female in male out) due to impossible effect (isOccupied Q_19,17_Port:0_7754705bdd094132)
558.313 Retroactively prune action (__SURROGATE*c1*connect_1* Q_19,17_Port:0_7754705bdd094132 Q_19,17_Port:1_7754705bdd094132 Q_20,17_PlugType:0_8775bec61f551b69 female in male out) due to impossible effect (isOccupied Q_19,17_Port:0_7754705bdd094132)
558.408 Collected 3194 relevant facts at this layer
558.408 Encoding ...
559.310 Attempting to solve formula with 5881365 clauses (25395836 literals) and 18 assumptions
1109.449 Unsolvable at layer 20 -- expanding.
1109.449 Iteration 21.
1109.449 New layer size: 22
1109.449 Instantiating ...
1110.993 Retroactively prune action (__SURROGATE*c1*connect_1* Q_20,18_Port:0_7754705bdd094132 Q_20,18_Port:1_7754705bdd094132 Q_21,18_PlugType:0_8775bec61f551b69 female in male out) due to impossible effect (isOccupied Q_20,18_Port:0_7754705bdd094132)
1110.993 Retroactively prune action (__SURROGATE*c5*connect_5* Q_20,18_Port:0_7754705bdd094132 Q_20,18_Port:1_7754705bdd094132 Q_21,18_PlugType:0_8775bec61f551b69 female in male out) due to impossible effect (isOccupied Q_20,18_Port:1_7754705bdd094132)
1110.993 Retroactively prune action (__SURROGATE*c2*connect_2* Q_20,18_Port:0_7754705bdd094132 Q_20,18_Port:1_7754705bdd094132 Q_21,18_PlugType:0_8775bec61f551b69 female in male out) due to impossible effect (isOccupied Q_20,18_Port:0_7754705bdd094132)
1111.022 Retroactively prune action (__SURROGATE*c6*connect_6* Q_20,18_Port:0_7754705bdd094132 Q_20,18_Port:1_7754705bdd094132 Q_21,18_PlugType:0_8775bec61f551b69 female in male out) due to impossible effect (isOccupied Q_20,18_Port:1_7754705bdd094132)
1111.123 Collected 3194 relevant facts at this layer
1111.123 Encoding ...
1112.113 Attempting to solve formula with 6537473 clauses (28252914 literals) and 19 assumptions
1802.345 Termination signal caught.
1802.345 Total amount of clauses encoded: 6537473
1802.345 - indirectframeaxioms : 3706188 cls
1802.345 - qfactsemantics : 1316112 cls
1802.345 - directframeaxioms : 1226488 cls
1802.345 - reductionconstraints : 214027 cls
1802.345 - actionconstraints : 24977 cls
1802.345 - atmostoneelement : 19693 cls
1802.345 - substitutionconstraints : 16712 cls
1802.345 - qconstequality : 3924 cls
1802.345 - truefacts : 3194 cls
1802.345 - predecessors : 2858 cls
1802.345 - expansions : 2812 cls
1802.345 - actioneffects : 486 cls
1802.345 - axiomaticops : 2 cls
1802.345 # instantiated positions: 253
1802.345 # instantiated actions: 2595
1802.345 # instantiated reductions: 340
1802.345 # introduced pseudo-constants: 459
1802.345 # retroactive prunings: 78
1802.345 # retroactively pruned operations: 78
1802.345 # dominated operations: 108
1802.345 # total invalid rigid preconditions found in getPFC: 0
1802.345 # invalid rigid preconditions found in getPFC: 0
1802.345 # invalid rigid preconditions found in getPFC in varrestrictions: 0
1802.345 # total invalid fluent preconditions found in getPFC: 18
1802.345 # invalid fluent preconditions found in getPFC: 18
1802.345 # invalid fluent preconditions found in getPFC in varrestrictions: 0
1802.345 # invalid fluent preconditions found in getPFC via postconditions: 0
1802.345 # invalid subtasks found in getPFC: 2
1802.345 # number effects in operation fact_frames: 170
1802.345 # number of variables restricted: 24541
1802.345 Exiting happily.

RUNWATCH_RESULT TIMEOUT RETVAL 0 TIME_SECS 1802.43 MEMPEAK_KBS 1161560
