    _           _         _
   \ |         \ |       | |                       
   | |     __  | |      _| |______                
   | |     \/  | |     /_   ______\                
   | |      _  | |   __  | |  ___   ___   ___       
   | |___  | | | |  / .\ | | / , | |   \ / ·_\    
   \_____\ |_| |__\ \__/ |_| \___) |_|_| \___\  
[39mL i l o t a n e  version rls-glucose4
by Dominik Schreiber <dominik.schreiber@kit.edu> 2020-2021
using SAT solver glucose4

0.081 Parser finished.
0.082 Structures extracted.
0.096 312 operators and 305 methods created.
1.937 Mined 582 new reduction preconditions (+90.1%).
1.937 Iteration 0.
1.937 Creating initial layer of size 2
2.019 Attempting to solve formula with 3 clauses (3 literals) and 1 assumptions
2.019 Unsolvable at layer 0 -- expanding.
2.019 Iteration 1.
2.019 New layer size: 5
2.019 Instantiating ...
2.399 Collected 9 relevant facts at this layer
2.399 Encoding ...
2.414 Attempting to solve formula with 145 clauses (347 literals) and 4 assumptions
2.415 Unsolvable at layer 1 -- expanding.
2.415 Iteration 2.
2.415 New layer size: 9
2.415 Instantiating ...
5.696 Collected 419 relevant facts at this layer
5.696 Encoding ...
5.738 Attempting to solve formula with 40058 clauses (104427 literals) and 4 assumptions
5.738 Unsolvable at layer 2 -- expanding.
5.738 Iteration 3.
5.738 New layer size: 13
5.738 Instantiating ...
12.786 Collected 859 relevant facts at this layer
12.786 Encoding ...
12.867 Attempting to solve formula with 108873 clauses (294925 literals) and 8 assumptions
12.867 Unsolvable at layer 3 -- expanding.
12.867 Iteration 4.
12.867 New layer size: 41
12.867 Instantiating ...
24.928 Collected 1591 relevant facts at this layer
24.928 Encoding ...
25.174 Attempting to solve formula with 274523 clauses (780185 literals) and 20 assumptions
25.176 Unsolvable at layer 4 -- expanding.
25.176 Iteration 5.
25.176 New layer size: 93
25.176 Instantiating ...
61.098 Collected 4760 relevant facts at this layer
61.098 Encoding ...
62.026 Attempting to solve formula with 1113194 clauses (3194364 literals) and 36 assumptions
62.062 Unsolvable at layer 5 -- expanding.
62.062 Iteration 6.
62.062 New layer size: 161
62.062 Instantiating ...
159.484 Collected 4816 relevant facts at this layer
159.484 Encoding ...
161.444 Attempting to solve formula with 3080723 clauses (8841521 literals) and 64 assumptions
161.495 Unsolvable at layer 6 -- expanding.
161.495 Iteration 7.
161.495 New layer size: 299
161.495 Instantiating ...
362.412 Collected 7312 relevant facts at this layer
362.412 Encoding ...
367.652 Attempting to solve formula with 7684022 clauses (22791034 literals) and 123 assumptions
368.024 Unsolvable at layer 7 -- expanding.
368.024 Iteration 8.
368.024 New layer size: 600
368.024 Instantiating ...
739.282 Collected 10052 relevant facts at this layer
739.282 Encoding ...
754.370 Attempting to solve formula with 19934895 clauses (61645150 literals) and 239 assumptions
756.392 Unsolvable at layer 8 -- expanding.
756.392 Iteration 9.
756.392 New layer size: 1155
756.392 Instantiating ...
1524.922 Collected 10052 relevant facts at this layer
1524.922 Encoding ...
1559.717 Attempting to solve formula with 47058002 clauses (148955636 literals) and 446 assumptions
1562.073 Unsolvable at layer 9 -- expanding.
1562.073 Iteration 10.
1562.074 New layer size: 2139
1562.074 Instantiating ...
1801.018 Termination signal caught.
1801.018 Total amount of clauses encoded: 47058002
1801.018 - directframeaxioms : 21976022 cls
1801.018 - reductionconstraints : 10033332 cls
1801.018 - qfactsemantics : 8170332 cls
1801.018 - indirectframeaxioms : 5330588 cls
1801.018 - substitutionconstraints : 727392 cls
1801.018 - atmostoneelement : 424158 cls
1801.018 - qconstequality : 215627 cls
1801.018 - expansions : 75806 cls
1801.018 - predecessors : 45368 cls
1801.018 - actionconstraints : 32179 cls
1801.018 - actioneffects : 17144 cls
1801.018 - truefacts : 10052 cls
1801.018 - axiomaticops : 2 cls
1801.018 # instantiated positions: 2751
1801.018 # instantiated actions: 23618
1801.018 # instantiated reductions: 28680
1801.018 # introduced pseudo-constants: 8952
1801.018 # retroactive prunings: 3
1801.018 # retroactively pruned operations: 3
1801.018 # dominated operations: 3400
1801.018 # total invalid rigid preconditions found in getPFC: 63660
1801.018 # invalid rigid preconditions found in getPFC: 63660
1801.018 # invalid rigid preconditions found in getPFC in varrestrictions: 0
1801.018 # total invalid fluent preconditions found in getPFC: 1728442
1801.018 # invalid fluent preconditions found in getPFC: 20581
1801.018 # invalid fluent preconditions found in getPFC in varrestrictions: 0
1801.018 # invalid fluent preconditions found in getPFC via postconditions: 1707861
1801.018 # invalid subtasks found in getPFC: 3
1801.018 # number effects in operation fact_frames: 14208
1801.018 Exiting happily.

RUNWATCH_RESULT TIMEOUT RETVAL 0 TIME_SECS 1801.86 MEMPEAK_KBS 10574984
