    _           _         _
   \ |         \ |       | |                       
   | |     __  | |      _| |______                
   | |     \/  | |     /_   ______\                
   | |      _  | |   __  | |  ___   ___   ___       
   | |___  | | | |  / .\ | | / , | |   \ / ·_\    
   \_____\ |_| |__\ \__/ |_| \___) |_|_| \___\  
[39mL i l o t a n e  version rls-glucose4
by Dominik Schreiber <dominik.schreiber@kit.edu> 2020-2021
using SAT solver glucose4

0.063 Parser finished.
0.064 Structures extracted.
0.079 312 operators and 305 methods created.
1.842 Mined 582 new reduction preconditions (+90.1%).
1.842 Iteration 0.
1.842 Creating initial layer of size 2
1.896 Attempting to solve formula with 3 clauses (3 literals) and 1 assumptions
1.896 Unsolvable at layer 0 -- expanding.
1.896 Iteration 1.
1.896 New layer size: 5
1.896 Instantiating ...
2.105 Collected 9 relevant facts at this layer
2.105 Encoding ...
2.111 Attempting to solve formula with 145 clauses (347 literals) and 4 assumptions
2.111 Unsolvable at layer 1 -- expanding.
2.111 Iteration 2.
2.111 New layer size: 9
2.111 Instantiating ...
3.803 Collected 251 relevant facts at this layer
3.803 Encoding ...
3.821 Attempting to solve formula with 37920 clauses (83955 literals) and 4 assumptions
3.822 Unsolvable at layer 2 -- expanding.
3.822 Iteration 3.
3.822 New layer size: 13
3.822 Instantiating ...
7.401 Collected 499 relevant facts at this layer
7.401 Encoding ...
7.446 Attempting to solve formula with 103469 clauses (237607 literals) and 8 assumptions
7.448 Unsolvable at layer 3 -- expanding.
7.448 Iteration 4.
7.448 New layer size: 39
7.448 Instantiating ...
13.933 Collected 920 relevant facts at this layer
13.933 Encoding ...
14.057 Attempting to solve formula with 228585 clauses (569816 literals) and 19 assumptions
14.058 Unsolvable at layer 4 -- expanding.
14.058 Iteration 5.
14.058 New layer size: 90
14.058 Instantiating ...
33.423 Collected 1976 relevant facts at this layer
33.423 Encoding ...
33.838 Attempting to solve formula with 720721 clauses (1860855 literals) and 35 assumptions
33.856 Unsolvable at layer 5 -- expanding.
33.856 Iteration 6.
33.856 New layer size: 157
33.856 Instantiating ...
84.538 Collected 2008 relevant facts at this layer
84.538 Encoding ...
85.444 Attempting to solve formula with 1905699 clauses (4903979 literals) and 62 assumptions
85.507 Unsolvable at layer 6 -- expanding.
85.507 Iteration 7.
85.507 New layer size: 292
85.507 Instantiating ...
186.287 Collected 2680 relevant facts at this layer
186.287 Encoding ...
188.450 Attempting to solve formula with 4386788 clauses (11669734 literals) and 120 assumptions
188.771 Unsolvable at layer 7 -- expanding.
188.772 Iteration 8.
188.772 New layer size: 586
188.772 Instantiating ...
374.153 Collected 3476 relevant facts at this layer
374.153 Encoding ...
380.091 Attempting to solve formula with 10176742 clauses (28490765 literals) and 234 assumptions
381.378 Unsolvable at layer 8 -- expanding.
381.378 Iteration 9.
381.378 New layer size: 1132
381.378 Instantiating ...
767.915 Collected 3476 relevant facts at this layer
767.915 Encoding ...
781.435 Attempting to solve formula with 22732440 clauses (65397287 literals) and 438 assumptions
785.836 Unsolvable at layer 9 -- expanding.
785.836 Iteration 10.
785.837 New layer size: 2103
785.837 Instantiating ...
1583.929 Collected 3476 relevant facts at this layer
1583.929 Encoding ...
1610.908 Attempting to solve formula with 47259191 clauses (137601782 literals) and 818 assumptions
1642.036 Unsolvable at layer 10 -- expanding.
1642.036 Iteration 11.
1642.039 New layer size: 3968
1642.039 Instantiating ...
1802.204 Termination signal caught.
1802.204 Total amount of clauses encoded: 47259191
1802.204 - reductionconstraints : 17774816 cls
1802.204 - directframeaxioms : 15495240 cls
1802.204 - qfactsemantics : 6576931 cls
1802.204 - indirectframeaxioms : 4792792 cls
1802.204 - substitutionconstraints : 1136539 cls
1802.204 - atmostoneelement : 848542 cls
1802.204 - qconstequality : 290723 cls
1802.204 - expansions : 154179 cls
1802.204 - predecessors : 91101 cls
1802.204 - actionconstraints : 62126 cls
1802.204 - actioneffects : 32724 cls
1802.204 - truefacts : 3476 cls
1802.204 - axiomaticops : 2 cls
1802.204 # instantiated positions: 4804
1802.204 # instantiated actions: 44057
1802.204 # instantiated reductions: 55465
1802.204 # introduced pseudo-constants: 15960
1802.204 # retroactive prunings: 12
1802.204 # retroactively pruned operations: 12
1802.204 # dominated operations: 6392
1802.204 # total invalid rigid preconditions found in getPFC: 86206
1802.204 # invalid rigid preconditions found in getPFC: 86206
1802.204 # invalid rigid preconditions found in getPFC in varrestrictions: 0
1802.204 # total invalid fluent preconditions found in getPFC: 3454135
1802.204 # invalid fluent preconditions found in getPFC: 38523
1802.204 # invalid fluent preconditions found in getPFC in varrestrictions: 0
1802.204 # invalid fluent preconditions found in getPFC via postconditions: 3415612
1802.204 # invalid subtasks found in getPFC: 12
1802.204 # number effects in operation fact_frames: 14208
1802.204 Exiting happily.

RUNWATCH_RESULT TIMEOUT RETVAL 0 TIME_SECS 1802.99 MEMPEAK_KBS 10508636
