    _           _         _
   \ |         \ |       | |                       
   | |     __  | |      _| |______                
   | |     \/  | |     /_   ______\                
   | |      _  | |   __  | |  ___   ___   ___       
   | |___  | | | |  / .\ | | / , | |   \ / ·_\    
   \_____\ |_| |__\ \__/ |_| \___) |_|_| \___\  
[39mL i l o t a n e  version rls-glucose4
by Dominik Schreiber <dominik.schreiber@kit.edu> 2020-2021
using SAT solver glucose4

0.345 Parser finished.
0.347 Structures extracted.
0.349 10 operators and 3 methods created.
0.585 Mined 8 new reduction preconditions (+80.0%).
0.585 Iteration 0.
0.585 Creating initial layer of size 2
0.672 Attempting to solve formula with 1003 clauses (1503 literals) and 1 assumptions
0.672 Unsolvable at layer 0 -- expanding.
0.672 Iteration 1.
0.672 New layer size: 501
0.672 Instantiating ...
10.179 Collected 2000 relevant facts at this layer
10.179 Encoding ...
14.845 Attempting to solve formula with 8617349 clauses (24841348 literals) and 500 assumptions
14.970 Unsolvable at layer 1 -- expanding.
14.970 Iteration 2.
14.970 New layer size: 2501
14.970 Instantiating ...
68.044 Termination signal caught.
68.044 Total amount of clauses encoded: 8617349
68.044 - reductionconstraints : 7725998 cls
68.044 - qfactsemantics : 747300 cls
68.044 - substitutionconstraints : 140547 cls
68.044 - truefacts : 2000 cls
68.044 - predecessors : 501 cls
68.044 - actionconstraints : 500 cls
68.044 - axiomaticops : 2 cls
68.044 # instantiated positions: 2005
68.044 # instantiated actions: 1504
68.044 # instantiated reductions: 501
68.044 # introduced pseudo-constants: 2000
68.044 # retroactive prunings: 0
68.044 # retroactively pruned operations: 0
68.044 # dominated operations: 0
68.044 # total invalid rigid preconditions found in getPFC: 0
68.044 # invalid rigid preconditions found in getPFC: 0
68.044 # invalid rigid preconditions found in getPFC in varrestrictions: 0
68.044 # total invalid fluent preconditions found in getPFC: 0
68.044 # invalid fluent preconditions found in getPFC: 0
68.044 # invalid fluent preconditions found in getPFC in varrestrictions: 0
68.044 # invalid fluent preconditions found in getPFC via postconditions: 0
68.044 # invalid subtasks found in getPFC: 0
68.044 # number effects in operation fact_frames: 563
68.044 Exiting happily.

RUNWATCH_RESULT MEMOUT RETVAL 0 TIME_SECS 68.9548 MEMPEAK_KBS 16274300
