    _           _         _
   \ |         \ |       | |                       
   | |     __  | |      _| |______                
   | |     \/  | |     /_   ______\                
   | |      _  | |   __  | |  ___   ___   ___       
   | |___  | | | |  / .\ | | / , | |   \ / ·_\    
   \_____\ |_| |__\ \__/ |_| \___) |_|_| \___\  
[39mL i l o t a n e  version rls-cadical
by Dominik Schreiber <dominik.schreiber@kit.edu> 2020-2021
using SAT solver cadical

0.007 Parser finished.
0.007 Structures extracted.
0.008 8 operators and 6 methods created.
0.015 Mined 7 new reduction preconditions (+11.9%).
0.015 Iteration 0.
0.015 Creating initial layer of size 2
0.039 Attempting to solve formula with 3 clauses (3 literals) and 1 assumptions
0.039 Unsolvable at layer 0 -- expanding.
0.039 Iteration 1.
0.039 New layer size: 2
0.039 Instantiating ...
0.064 Collected 0 relevant facts at this layer
0.064 Encoding ...
0.066 Attempting to solve formula with 2364 clauses (5078 literals) and 1 assumptions
0.066 Unsolvable at layer 1 -- expanding.
0.066 Iteration 2.
0.066 New layer size: 4
0.066 Instantiating ...
0.119 Collected 214 relevant facts at this layer
0.119 Encoding ...
0.126 Attempting to solve formula with 11816 clauses (27237 literals) and 2 assumptions
0.126 Unsolvable at layer 2 -- expanding.
0.126 Iteration 3.
0.126 New layer size: 7
0.126 Instantiating ...
0.245 Collected 2450 relevant facts at this layer
0.245 Encoding ...
0.284 Attempting to solve formula with 46748 clauses (119735 literals) and 3 assumptions
0.285 Unsolvable at layer 3 -- expanding.
0.285 Iteration 4.
0.285 New layer size: 11
0.285 Instantiating ...
0.461 Collected 2450 relevant facts at this layer
0.461 Encoding ...
0.520 Attempting to solve formula with 97258 clauses (265791 literals) and 4 assumptions
0.525 Unsolvable at layer 4 -- expanding.
0.525 Iteration 5.
0.525 New layer size: 16
0.525 Instantiating ...
0.771 Collected 2450 relevant facts at this layer
0.771 Encoding ...
0.858 Attempting to solve formula with 164240 clauses (463258 literals) and 5 assumptions
0.889 Unsolvable at layer 5 -- expanding.
0.889 Iteration 6.
0.889 New layer size: 22
0.889 Instantiating ...
1.210 Collected 2450 relevant facts at this layer
1.210 Encoding ...
1.326 Attempting to solve formula with 247467 clauses (711178 literals) and 6 assumptions
1.383 Unsolvable at layer 6 -- expanding.
1.383 Iteration 7.
1.383 New layer size: 29
1.383 Instantiating ...
1.800 Collected 2450 relevant facts at this layer
1.800 Encoding ...
1.969 Attempting to solve formula with 346578 clauses (1007859 literals) and 7 assumptions
2.056 Unsolvable at layer 7 -- expanding.
2.056 Iteration 8.
2.056 New layer size: 37
2.056 Instantiating ...
2.566 Collected 2450 relevant facts at this layer
2.566 Encoding ...
2.759 Attempting to solve formula with 461606 clauses (1353427 literals) and 8 assumptions
2.809 Unsolvable at layer 8 -- expanding.
2.809 Iteration 9.
2.809 New layer size: 46
2.809 Instantiating ...
3.405 Collected 2450 relevant facts at this layer
3.405 Encoding ...
3.649 Attempting to solve formula with 592526 clauses (1747738 literals) and 9 assumptions
3.698 Unsolvable at layer 9 -- expanding.
3.698 Iteration 10.
3.698 New layer size: 56
3.698 Instantiating ...
4.424 Collected 2450 relevant facts at this layer
4.424 Encoding ...
4.729 Attempting to solve formula with 739347 clauses (2190810 literals) and 10 assumptions
4.770 Unsolvable at layer 10 -- expanding.
4.770 Iteration 11.
4.770 New layer size: 67
4.770 Instantiating ...
5.636 Collected 2450 relevant facts at this layer
5.636 Encoding ...
5.977 Attempting to solve formula with 902078 clauses (2682661 literals) and 11 assumptions
6.015 Unsolvable at layer 11 -- expanding.
6.015 Iteration 12.
6.015 New layer size: 79
6.015 Instantiating ...
6.965 Collected 2450 relevant facts at this layer
6.965 Encoding ...
7.348 Attempting to solve formula with 1080728 clauses (3223309 literals) and 12 assumptions
7.416 Unsolvable at layer 12 -- expanding.
7.416 Iteration 13.
7.416 New layer size: 92
7.416 Instantiating ...
8.452 Collected 2450 relevant facts at this layer
8.452 Encoding ...
8.887 Attempting to solve formula with 1275306 clauses (3812772 literals) and 13 assumptions
9.556 Unsolvable at layer 13 -- expanding.
9.556 Iteration 14.
9.556 New layer size: 106
9.556 Instantiating ...
10.958 Collected 2450 relevant facts at this layer
10.958 Encoding ...
11.590 Attempting to solve formula with 1485821 clauses (4451068 literals) and 14 assumptions
11.626 Found a solution at layer 14.
==>
73231 move-long viper px5y4 px5y5 px0y2 px0y1
73234 move-long viper px5y3 px5y4 px0y3 px0y2
73755 strike viper px5y3 px6y3
73758 move-long viper px6y2 px6y3 px0y4 px0y3
73762 move-long viper px5y2 px6y2 px1y4 px0y4
73765 move-long viper px4y2 px5y2 px1y5 px1y4
73769 move-long viper px4y3 px4y2 px2y5 px1y5
73773 move-long viper px4y4 px4y3 px3y5 px2y5
73777 move-long viper px4y5 px4y4 px3y4 px3y5
73781 move-long viper px3y5 px4y5 px3y3 px3y4
73785 move-long viper px3y4 px3y5 px3y2 px3y3
73790 move-long viper px3y3 px3y4 px3y1 px3y2
73793 move-long viper px3y2 px3y3 px4y1 px3y1
73799 move-long viper px2y2 px3y2 px4y0 px4y1
74278 strike viper px2y2 px1y2
root 5
5 hunt -> hunt_all 106 73755 682
106 move viper px5y5 px5y3 -> move-long-snake 73231 3507
682 hunt -> hunt_all 5962 74278 8568
3507 move viper px5y4 px5y3 -> move-long-snake 73234 11184
5962 move viper px6y3 px2y2 -> move-long-snake 73758 11637
8568 hunt -> hunt_done
11184 move viper px5y3 px5y3 -> move-base
11637 move viper px6y2 px2y2 -> move-long-snake 73762 15583
15583 move viper px5y2 px2y2 -> move-long-snake 73765 20029
20029 move viper px4y2 px2y2 -> move-long-snake 73769 24973
24973 move viper px4y3 px2y2 -> move-long-snake 73773 30415
30415 move viper px4y4 px2y2 -> move-long-snake 73777 36363
36363 move viper px4y5 px2y2 -> move-long-snake 73781 42819
42819 move viper px3y5 px2y2 -> move-long-snake 73785 49788
49788 move viper px3y4 px2y2 -> move-long-snake 73790 57272
57272 move viper px3y3 px2y2 -> move-long-snake 73793 65276
65276 move viper px3y2 px2y2 -> move-long-snake 73799 73804
73804 move viper px2y2 px2y2 -> move-base
<==
11.638 End of solution plan. (counted length of 15)
11.638 Total amount of clauses encoded: 1485821
11.639 - directframeaxioms : 553314 cls
11.639 - reductionconstraints : 456995 cls
11.639 - qfactsemantics : 252785 cls
11.639 - indirectframeaxioms : 98873 cls
11.639 - qconstequality : 57744 cls
11.639 - substitutionconstraints : 56090 cls
11.639 - truefacts : 2450 cls
11.639 - atmostoneelement : 1999 cls
11.639 - expansions : 1819 cls
11.639 - predecessors : 1752 cls
11.639 - actioneffects : 1216 cls
11.639 - actionconstraints : 782 cls
11.639 - axiomaticops : 2 cls
11.639 # instantiated positions: 575
11.639 # instantiated actions: 1453
11.639 # instantiated reductions: 300
11.639 # introduced pseudo-constants: 314
11.639 # retroactive prunings: 0
11.639 # retroactively pruned operations: 0
11.639 # dominated operations: 0
11.639 # total invalid rigid preconditions found in getPFC: 0
11.639 # invalid rigid preconditions found in getPFC: 0
11.639 # invalid rigid preconditions found in getPFC in varrestrictions: 0
11.639 # total invalid fluent preconditions found in getPFC: 2
11.639 # invalid fluent preconditions found in getPFC: 2
11.639 # invalid fluent preconditions found in getPFC in varrestrictions: 0
11.639 # invalid fluent preconditions found in getPFC via postconditions: 0
11.639 # invalid operations found in getPFC via subtasks: 0
11.639 # invalid operations found in getPFC via postconditions: 0
11.639 # number effects in operation fact_frames: 106
11.639 # number of variables restricted: 24348
11.639 # number of nodes variables restricted: 12111
11.639 Exiting happily.

RUNWATCH_RESULT EXIT RETVAL 0 TIME_SECS 11.6992 MEMPEAK_KBS 626928
