    _           _         _
   \ |         \ |       | |                       
   | |     __  | |      _| |______                
   | |     \/  | |     /_   ______\                
   | |      _  | |   __  | |  ___   ___   ___       
   | |___  | | | |  / .\ | | / , | |   \ / ·_\    
   \_____\ |_| |__\ \__/ |_| \___) |_|_| \___\  
[39mL i l o t a n e  version rls-glucose4
by Dominik Schreiber <dominik.schreiber@kit.edu> 2020-2021
using SAT solver glucose4

0.073 Parser finished.
0.074 Structures extracted.
0.088 312 operators and 305 methods created.
1.818 Mined 582 new reduction preconditions (+90.1%).
1.818 Iteration 0.
1.818 Creating initial layer of size 2
2.293 Attempting to solve formula with 3 clauses (3 literals) and 1 assumptions
2.293 Unsolvable at layer 0 -- expanding.
2.293 Iteration 1.
2.293 New layer size: 5
2.293 Instantiating ...
2.854 Collected 9 relevant facts at this layer
2.854 Encoding ...
2.868 Attempting to solve formula with 145 clauses (347 literals) and 4 assumptions
2.868 Unsolvable at layer 1 -- expanding.
2.868 Iteration 2.
2.868 New layer size: 9
2.868 Instantiating ...
8.428 Collected 391 relevant facts at this layer
8.428 Encoding ...
8.466 Attempting to solve formula with 37241 clauses (97159 literals) and 4 assumptions
8.467 Unsolvable at layer 2 -- expanding.
8.467 Iteration 3.
8.467 New layer size: 13
8.467 Instantiating ...
24.240 Collected 799 relevant facts at this layer
24.240 Encoding ...
24.313 Attempting to solve formula with 101950 clauses (276220 literals) and 8 assumptions
24.313 Unsolvable at layer 3 -- expanding.
24.313 Iteration 4.
24.313 New layer size: 41
24.313 Instantiating ...
51.729 Collected 1479 relevant facts at this layer
51.729 Encoding ...
51.980 Attempting to solve formula with 257390 clauses (731095 literals) and 20 assumptions
51.982 Unsolvable at layer 4 -- expanding.
51.982 Iteration 5.
51.982 New layer size: 93
51.982 Instantiating ...
135.169 Collected 4216 relevant facts at this layer
135.169 Encoding ...
136.105 Attempting to solve formula with 1015447 clauses (2910436 literals) and 36 assumptions
136.141 Unsolvable at layer 5 -- expanding.
136.141 Iteration 6.
136.141 New layer size: 161
136.141 Instantiating ...
346.483 Collected 4268 relevant facts at this layer
346.483 Encoding ...
348.371 Attempting to solve formula with 2787796 clauses (7995185 literals) and 64 assumptions
348.421 Unsolvable at layer 6 -- expanding.
348.421 Iteration 7.
348.421 New layer size: 299
348.421 Instantiating ...
759.982 Collected 6380 relevant facts at this layer
759.982 Encoding ...
764.753 Attempting to solve formula with 6891372 clauses (20410896 literals) and 123 assumptions
765.231 Unsolvable at layer 7 -- expanding.
765.231 Iteration 8.
765.231 New layer size: 600
765.231 Instantiating ...
1511.896 Collected 8716 relevant facts at this layer
1511.896 Encoding ...
1525.571 Attempting to solve formula with 17705898 clauses (54637502 literals) and 239 assumptions
1528.415 Unsolvable at layer 8 -- expanding.
1528.415 Iteration 9.
1528.416 New layer size: 1155
1528.416 Instantiating ...
1801.542 Termination signal caught.
1801.542 Total amount of clauses encoded: 17705898
1801.542 - directframeaxioms : 8309254 cls
1801.542 - reductionconstraints : 4452799 cls
1801.542 - qfactsemantics : 2792406 cls
1801.542 - indirectframeaxioms : 1429703 cls
1801.542 - substitutionconstraints : 340173 cls
1801.542 - atmostoneelement : 205589 cls
1801.542 - qconstequality : 86112 cls
1801.542 - expansions : 35709 cls
1801.542 - predecessors : 22096 cls
1801.542 - actionconstraints : 15308 cls
1801.542 - truefacts : 8716 cls
1801.542 - actioneffects : 8031 cls
1801.542 - axiomaticops : 2 cls
1801.542 # instantiated positions: 1440
1801.542 # instantiated actions: 11436
1801.542 # instantiated reductions: 14340
1801.542 # introduced pseudo-constants: 4368
1801.542 # retroactive prunings: 9
1801.542 # retroactively pruned operations: 9
1801.542 # dominated operations: 1602
1801.542 # total invalid rigid preconditions found in getPFC: 45372
1801.542 # invalid rigid preconditions found in getPFC: 5
1801.542 # invalid rigid preconditions found in getPFC in varrestrictions: 45367
1801.542 # total invalid fluent preconditions found in getPFC: 854257
1801.542 # invalid fluent preconditions found in getPFC: 11006
1801.542 # invalid fluent preconditions found in getPFC in varrestrictions: 9
1801.542 # invalid fluent preconditions found in getPFC via postconditions: 843242
1801.542 # invalid subtasks found in getPFC: 9
1801.542 # number effects in operation fact_frames: 14208
1801.542 Exiting happily.

RUNWATCH_RESULT TIMEOUT RETVAL 0 TIME_SECS 1801.85 MEMPEAK_KBS 4382484
