    _           _         _
   \ |         \ |       | |                       
   | |     __  | |      _| |______                
   | |     \/  | |     /_   ______\                
   | |      _  | |   __  | |  ___   ___   ___       
   | |___  | | | |  / .\ | | / , | |   \ / ·_\    
   \_____\ |_| |__\ \__/ |_| \___) |_|_| \___\  
[39mL i l o t a n e  version rls-glucose4
by Dominik Schreiber <dominik.schreiber@kit.edu> 2020-2021
using SAT solver glucose4

0.067 Parser finished.
0.068 Structures extracted.
0.080 312 operators and 305 methods created.
1.643 Mined 582 new reduction preconditions (+90.1%).
1.643 Iteration 0.
1.643 Creating initial layer of size 2
2.100 Attempting to solve formula with 3 clauses (3 literals) and 1 assumptions
2.100 Unsolvable at layer 0 -- expanding.
2.100 Iteration 1.
2.100 New layer size: 5
2.100 Instantiating ...
2.748 Collected 9 relevant facts at this layer
2.748 Encoding ...
2.763 Attempting to solve formula with 145 clauses (347 literals) and 4 assumptions
2.763 Unsolvable at layer 1 -- expanding.
2.763 Iteration 2.
2.763 New layer size: 9
2.763 Instantiating ...
8.705 Collected 419 relevant facts at this layer
8.706 Encoding ...
8.745 Attempting to solve formula with 40044 clauses (104395 literals) and 4 assumptions
8.746 Unsolvable at layer 2 -- expanding.
8.746 Iteration 3.
8.746 New layer size: 13
8.746 Instantiating ...
23.086 Collected 859 relevant facts at this layer
23.086 Encoding ...
23.157 Attempting to solve formula with 108662 clauses (294409 literals) and 8 assumptions
23.157 Unsolvable at layer 3 -- expanding.
23.157 Iteration 4.
23.157 New layer size: 41
23.157 Instantiating ...
47.213 Collected 1591 relevant facts at this layer
47.213 Encoding ...
47.429 Attempting to solve formula with 274433 clauses (779978 literals) and 20 assumptions
47.431 Unsolvable at layer 4 -- expanding.
47.431 Iteration 5.
47.431 New layer size: 93
47.431 Instantiating ...
107.568 Collected 4760 relevant facts at this layer
107.568 Encoding ...
108.432 Attempting to solve formula with 1111646 clauses (3190371 literals) and 36 assumptions
108.469 Unsolvable at layer 5 -- expanding.
108.469 Iteration 6.
108.469 New layer size: 161
108.469 Instantiating ...
271.993 Collected 4816 relevant facts at this layer
271.993 Encoding ...
273.801 Attempting to solve formula with 3079128 clauses (8837941 literals) and 64 assumptions
273.846 Unsolvable at layer 6 -- expanding.
273.846 Iteration 7.
273.846 New layer size: 299
273.846 Instantiating ...
626.307 Collected 7312 relevant facts at this layer
626.307 Encoding ...
631.065 Attempting to solve formula with 7678973 clauses (22774894 literals) and 123 assumptions
631.418 Unsolvable at layer 7 -- expanding.
631.418 Iteration 8.
631.418 New layer size: 600
631.418 Instantiating ...
1274.631 Collected 10052 relevant facts at this layer
1274.631 Encoding ...
1287.667 Attempting to solve formula with 19942519 clauses (61675146 literals) and 239 assumptions
1288.677 Unsolvable at layer 8 -- expanding.
1288.677 Iteration 9.
1288.677 New layer size: 1155
1288.677 Instantiating ...
1801.012 Termination signal caught.
1801.012 Total amount of clauses encoded: 19942519
1801.012 - directframeaxioms : 9516742 cls
1801.012 - reductionconstraints : 4859221 cls
1801.012 - qfactsemantics : 3192610 cls
1801.012 - indirectframeaxioms : 1630638 cls
1801.012 - substitutionconstraints : 353941 cls
1801.012 - atmostoneelement : 206070 cls
1801.012 - qconstequality : 91905 cls
1801.012 - expansions : 35799 cls
1801.012 - predecessors : 22127 cls
1801.012 - actionconstraints : 15347 cls
1801.012 - truefacts : 10052 cls
1801.012 - actioneffects : 8065 cls
1801.012 - axiomaticops : 2 cls
1801.012 # instantiated positions: 1716
1801.012 # instantiated actions: 14173
1801.012 # instantiated reductions: 17412
1801.012 # introduced pseudo-constants: 5521
1801.012 # retroactive prunings: 9
1801.012 # retroactively pruned operations: 9
1801.012 # dominated operations: 2079
1801.012 # total invalid rigid preconditions found in getPFC: 49409
1801.012 # invalid rigid preconditions found in getPFC: 5
1801.012 # invalid rigid preconditions found in getPFC in varrestrictions: 49404
1801.012 # total invalid fluent preconditions found in getPFC: 1041468
1801.012 # invalid fluent preconditions found in getPFC: 12957
1801.012 # invalid fluent preconditions found in getPFC in varrestrictions: 9
1801.012 # invalid fluent preconditions found in getPFC via postconditions: 1028502
1801.012 # invalid subtasks found in getPFC: 9
1801.012 # number effects in operation fact_frames: 14208
1801.012 Exiting happily.

RUNWATCH_RESULT TIMEOUT RETVAL 0 TIME_SECS 1801.46 MEMPEAK_KBS 6139608
