pandaPIparser is configured as follows
  Colors in output: true
  Mode: parsing mode
  Parameter splitting: true
  Conditional effects: exponential encoding
  Disjunctive preconditions as HTN: false
  Replace goal with action: false
  Output: pandaPI format
General Options
  Print timings: false
  Quiet mode: false
Inference Options
  H2 mutexes: false
  FAM groups: false
Transformation Options
  Add zero-cost no-op to empty methods: true
  Remove duplicate actions: true
  Remove useless literals: true
  Expand abstract tasks with one method: true
  Remove empty method preconditions: true
  Two regularisation: false
  Compile negative SAS variables: false
Runtime Optimisations
  Hierarchy Typing: true
  Future Caching: false
  Static Precondition Checking: false
Output Options
  Panda planner format: true
  HDDL: false
  SAS for Fast Downward (without hierarchy): false
Output Formatting Options
  Output only SAS+ variables: false
  SAS+ delete mode: as input
Reading input from /home/schnell/lilotane/sotaevaluation//PandaGBFS_runwatchtime_timeout1800_2021-11-16_21:14:14/runwatch_log/318/318.parsed.
Writing output to /home/schnell/lilotane/sotaevaluation//PandaGBFS_runwatchtime_timeout1800_2021-11-16_21:14:14/runwatch_log/318/318.sas.
Writing output to standard output.
Parsing done.
Conditional Effects expanded
done.
Starting Hierarchy Typing
Total 0.081ms
Contains 0.005ms
Restrict 0.009ms
MPrep 0.022ms
Finished Hierarchy Typing
Running PG.
Process actions without preconditions
Done.
Returning from runGpg().
PG done. Postprocessing
PG postprocessing done.
Calculated [8] grounded tasks and [25] reachable facts.
Running TDG.
Process actions without preconditions
Done.
Returning from runGpg().
TDG done.
Calculated [16] grounded tasks and [13] grounded decomposition methods.
Performing DFS.
DFS done.
After DFS: 16 tasks, 13 methods.
Grounded PG:
Input was [8, 16], output was [8, 25].
Simplifying instance.
Removing useless facts/literals
Removing method precondition actions whose precondition is empty
Expanding abstract tasks with only one method
Starting duplicate elimination.
Data structure build.
0 duplicates found.
Duplicates replaced in methods.
Further Mutex Groups: 0 strict 0 non strict
Writing instance to output.
Final Statistics: F 10 S 0 SC 0 SM 0 NSM 0 I 0 P 8 S 0 A 4 M 9
Exiting.
Random seed: 42
Time limit: 1800 seconds
Reading input from /home/schnell/lilotane/sotaevaluation//PandaGBFS_runwatchtime_timeout1800_2021-11-16_21:14:14/runwatch_log/318/318.sas.
- State has 10 bits divided into 10 mutex groups.
- Domain contains 8 actions.
- Domain contains 12 tasks.
- Domain contains 9 methods.
- The initial state contains 5 set bits.
- The initial task is "__top[]".
- State-based goal contains 2 bits.
- Instance is totally-ordered: yes
- Instance has unique paths: yes
- Instance is parallel sequences: yes
Calculate SCCs...
- Number of SCCs: 12
- The problem is acyclic
Selected Planning Algorithm: progression searchParsing heuristics ...
Number of specified heuristics: 1
- the option "store cuts" of the RC heuristic can only be used with the inner heuristic LM-Cut. It will be disabled.
- Calculating minimal implied costs and distances (0 ms)
Heuristic #0 = hhRC2(add;distance;correct count)
Search config:
 - type: path cost
 - weight: 1
 - suboptimal: false
Visited List configured
- mode: total order
- hashs to use: state task task-sequence
- memory information: topological ordering
- Visited list allows deletion of search nodes: true
Search Configuration
- Using JAIR 2020 progression algorithm
- Search is stopped after first solution is found.
- A* Search
- Distance G is "modification depth"
Search Results
- Search time 0 seconds
- Visited list time 1.5e-05 seconds
- Visited list inserts 4
- Visited list pruned 0
- Visited list contains 4
- Visited list hash collisions 0
- Visited list used hash buckets 4
- Generated 13 search nodes
  Calculated heuristic for 8 nodes
  One modifications 5
  Effectless actions 0
- including 5 one modification actions
- including 0 one modification methods
- and       0 progressions of effectless actions
- Generated -2147483648 nodes per second
- Final fringe contains 0 nodes
- Status: Solved
- Found solution of length 6
- Total costs of actions: 3
==>
1 do_plane[p2,verysmooth,natural,varnished,smooth,untreated,natural]
2 do_plane[p0,smooth,red,varnished,smooth,untreated,natural]
11 do_spray_varnish[p2,spray_varnisher0,red,smooth,untreated,untreated,varnished,natural]
root 0
10 do_colour[p2,red,spray_varnisher0,untreated] -> method1 11
8 __top_method_splitted_1[untreated] -> _splitting_method___top_method_splitted_1 10
0 __top[] -> <<__top_method;grindNplane[p2,verysmooth,natural,varnished,smooth,natural,untreated];method7;0;-1,1,2>;grindNplane[p0,smooth,red,varnished,smooth,natural,untreated];method7;1;0,-1,2> 1 2 8
<==

RUNWATCH_RESULT EXIT RETVAL 0 TIME_SECS 0.135254 MEMPEAK_KBS 932
