    _           _         _
   \ |         \ |       | |                       
   | |     __  | |      _| |______                
   | |     \/  | |     /_   ______\                
   | |      _  | |   __  | |  ___   ___   ___       
   | |___  | | | |  / .\ | | / , | |   \ / ·_\    
   \_____\ |_| |__\ \__/ |_| \___) |_|_| \___\  
[39mL i l o t a n e  version rls-glucose4
by Dominik Schreiber <dominik.schreiber@kit.edu> 2020-2021
using SAT solver glucose4

0.016 Parser finished.
0.017 Structures extracted.
0.018 20 operators and 16 methods created.
0.063 Mined 11 new reduction preconditions (+9.2%).
0.063 Iteration 0.
0.063 Creating initial layer of size 2
0.421 Attempting to solve formula with 201 clauses (300 literals) and 1 assumptions
0.421 Unsolvable at layer 0 -- expanding.
0.421 Iteration 1.
0.421 New layer size: 10
0.421 Instantiating ...
3.327 Collected 8460 relevant facts at this layer
3.327 Encoding ...
3.585 Attempting to solve formula with 256762 clauses (812532 literals) and 9 assumptions
3.590 Unsolvable at layer 1 -- expanding.
3.590 Iteration 2.
3.590 New layer size: 19
3.590 Instantiating ...
9.396 Collected 9198 relevant facts at this layer
9.396 Encoding ...
10.304 Attempting to solve formula with 956543 clauses (3227121 literals) and 9 assumptions
10.306 Unsolvable at layer 2 -- expanding.
10.306 Iteration 3.
10.306 New layer size: 46
10.306 Instantiating ...
18.782 Collected 9279 relevant facts at this layer
18.782 Encoding ...
20.943 Attempting to solve formula with 2398903 clauses (8207860 literals) and 18 assumptions
21.002 Unsolvable at layer 3 -- expanding.
21.002 Iteration 4.
21.002 New layer size: 82
21.002 Instantiating ...
35.295 Collected 9279 relevant facts at this layer
35.295 Encoding ...
39.036 Attempting to solve formula with 4624832 clauses (15900315 literals) and 27 assumptions
39.122 Unsolvable at layer 4 -- expanding.
39.122 Iteration 5.
39.122 New layer size: 145
39.122 Instantiating ...
63.006 Collected 9279 relevant facts at this layer
63.006 Encoding ...
69.698 Attempting to solve formula with 8355597 clauses (28804848 literals) and 45 assumptions
69.810 Unsolvable at layer 5 -- expanding.
69.810 Iteration 6.
69.810 New layer size: 244
69.810 Instantiating ...
109.529 Collected 9279 relevant facts at this layer
109.529 Encoding ...
120.102 Attempting to solve formula with 14369025 clauses (49612017 literals) and 72 assumptions
120.691 Unsolvable at layer 6 -- expanding.
120.691 Iteration 7.
120.691 New layer size: 406
120.691 Instantiating ...
186.274 Collected 9279 relevant facts at this layer
186.274 Encoding ...
203.722 Attempting to solve formula with 24169790 clauses (83532939 literals) and 117 assumptions
204.146 Unsolvable at layer 7 -- expanding.
204.146 Iteration 8.
204.146 New layer size: 667
204.146 Instantiating ...
312.311 Collected 9279 relevant facts at this layer
312.311 Encoding ...
344.327 Attempting to solve formula with 40040554 clauses (138470247 literals) and 189 assumptions
345.413 Unsolvable at layer 8 -- expanding.
345.413 Iteration 9.
345.414 New layer size: 1090
345.414 Instantiating ...
515.092 Termination signal caught.
515.092 Total amount of clauses encoded: 40040554
515.092 - directframeaxioms : 16841086 cls
515.092 - qfactsemantics : 10862861 cls
515.092 - indirectframeaxioms : 8436165 cls
515.092 - reductionconstraints : 3372873 cls
515.092 - actionconstraints : 225948 cls
515.092 - qconstequality : 128898 cls
515.092 - substitutionconstraints : 105917 cls
515.092 - atmostoneelement : 30202 cls
515.092 - expansions : 11651 cls
515.092 - predecessors : 9821 cls
515.092 - truefacts : 9279 cls
515.092 - actioneffects : 5851 cls
515.092 - axiomaticops : 2 cls
515.092 # instantiated positions: 2659
515.092 # instantiated actions: 10823
515.092 # instantiated reductions: 5313
515.092 # introduced pseudo-constants: 2563
515.092 # retroactive prunings: 0
515.092 # retroactively pruned operations: 0
515.092 # dominated operations: 2
515.092 # total invalid rigid preconditions found in getPFC: 0
515.092 # invalid rigid preconditions found in getPFC: 0
515.092 # invalid rigid preconditions found in getPFC in varrestrictions: 0
515.092 # total invalid fluent preconditions found in getPFC: 75
515.092 # invalid fluent preconditions found in getPFC: 71
515.092 # invalid fluent preconditions found in getPFC in varrestrictions: 4
515.092 # invalid fluent preconditions found in getPFC via postconditions: 0
515.092 # invalid subtasks found in getPFC: 0
515.092 # number effects in operation fact_frames: 240
515.092 # number of variables restricted: 5625036
515.092 Exiting happily.

RUNWATCH_RESULT MEMOUT RETVAL 0 TIME_SECS 516.035 MEMPEAK_KBS 16023540
