    _           _         _
   \ |         \ |       | |                       
   | |     __  | |      _| |______                
   | |     \/  | |     /_   ______\                
   | |      _  | |   __  | |  ___   ___   ___       
   | |___  | | | |  / .\ | | / , | |   \ / ·_\    
   \_____\ |_| |__\ \__/ |_| \___) |_|_| \___\  
[39mL i l o t a n e  version rls-glucose4
by Dominik Schreiber <dominik.schreiber@kit.edu> 2020-2021
using SAT solver glucose4

0.016 Parser finished.
0.016 Structures extracted.
0.017 20 operators and 16 methods created.
0.061 Mined 11 new reduction preconditions (+9.6%).
0.061 Iteration 0.
0.061 Creating initial layer of size 2
0.354 Attempting to solve formula with 195 clauses (291 literals) and 1 assumptions
0.354 Unsolvable at layer 0 -- expanding.
0.354 Iteration 1.
0.354 New layer size: 10
0.354 Instantiating ...
2.701 Collected 7565 relevant facts at this layer
2.701 Encoding ...
2.936 Attempting to solve formula with 231856 clauses (732758 literals) and 9 assumptions
2.940 Unsolvable at layer 1 -- expanding.
2.940 Iteration 2.
2.940 New layer size: 19
2.940 Instantiating ...
7.822 Collected 8262 relevant facts at this layer
7.822 Encoding ...
8.640 Attempting to solve formula with 862156 clauses (2904141 literals) and 9 assumptions
8.640 Unsolvable at layer 2 -- expanding.
8.640 Iteration 3.
8.640 New layer size: 46
8.640 Instantiating ...
15.603 Collected 8339 relevant facts at this layer
15.603 Encoding ...
17.579 Attempting to solve formula with 2162848 clauses (7391110 literals) and 18 assumptions
17.782 Unsolvable at layer 3 -- expanding.
17.782 Iteration 4.
17.782 New layer size: 82
17.782 Instantiating ...
29.322 Collected 8339 relevant facts at this layer
29.322 Encoding ...
32.569 Attempting to solve formula with 4168841 clauses (14315227 literals) and 27 assumptions
32.642 Unsolvable at layer 4 -- expanding.
32.642 Iteration 5.
32.642 New layer size: 145
32.642 Instantiating ...
52.519 Collected 8339 relevant facts at this layer
52.519 Encoding ...
58.133 Attempting to solve formula with 7531522 clauses (25933074 literals) and 45 assumptions
58.470 Unsolvable at layer 5 -- expanding.
58.470 Iteration 6.
58.470 New layer size: 244
58.470 Instantiating ...
91.388 Collected 8339 relevant facts at this layer
91.388 Encoding ...
100.502 Attempting to solve formula with 12950815 clauses (44662324 literals) and 72 assumptions
100.927 Unsolvable at layer 6 -- expanding.
100.927 Iteration 7.
100.927 New layer size: 406
100.927 Instantiating ...
153.776 Collected 8339 relevant facts at this layer
153.776 Encoding ...
169.482 Attempting to solve formula with 21782914 clauses (75194886 literals) and 117 assumptions
170.117 Unsolvable at layer 7 -- expanding.
170.117 Iteration 8.
170.117 New layer size: 667
170.117 Instantiating ...
256.001 Collected 8339 relevant facts at this layer
256.001 Encoding ...
282.289 Attempting to solve formula with 36084430 clauses (124642160 literals) and 189 assumptions
285.661 Unsolvable at layer 8 -- expanding.
285.661 Iteration 9.
285.662 New layer size: 1090
285.662 Instantiating ...
432.596 Collected 8339 relevant facts at this layer
432.596 Encoding ...
462.010 Termination signal caught.
462.010 Total amount of clauses encoded: 50110537
462.010 - directframeaxioms : 20933230 cls
462.010 - qfactsemantics : 13544971 cls
462.011 - indirectframeaxioms : 10515460 cls
462.011 - reductionconstraints : 4425204 cls
462.011 - actionconstraints : 296805 cls
462.011 - qconstequality : 170682 cls
462.011 - substitutionconstraints : 134341 cls
462.011 - atmostoneelement : 42881 cls
462.011 - expansions : 16527 cls
462.011 - predecessors : 13930 cls
462.011 - truefacts : 8339 cls
462.011 - actioneffects : 8165 cls
462.011 - axiomaticops : 2 cls
462.011 # instantiated positions: 2710
462.011 # instantiated actions: 11035
462.011 # instantiated reductions: 5415
462.011 # introduced pseudo-constants: 2619
462.011 # retroactive prunings: 0
462.011 # retroactively pruned operations: 0
462.011 # dominated operations: 5
462.011 # total invalid rigid preconditions found in getPFC: 0
462.011 # invalid rigid preconditions found in getPFC: 0
462.011 # invalid rigid preconditions found in getPFC in varrestrictions: 0
462.011 # total invalid fluent preconditions found in getPFC: 15
462.011 # invalid fluent preconditions found in getPFC: 6
462.011 # invalid fluent preconditions found in getPFC in varrestrictions: 9
462.011 # invalid fluent preconditions found in getPFC via postconditions: 0
462.011 # invalid subtasks found in getPFC: 0
462.011 # number effects in operation fact_frames: 240
462.011 # number of variables restricted: 5441589
462.011 Exiting happily.

RUNWATCH_RESULT MEMOUT RETVAL 0 TIME_SECS 462.821 MEMPEAK_KBS 16019220
