    _           _         _
   \ |         \ |       | |                       
   | |     __  | |      _| |______                
   | |     \/  | |     /_   ______\                
   | |      _  | |   __  | |  ___   ___   ___       
   | |___  | | | |  / .\ | | / , | |   \ / ·_\    
   \_____\ |_| |__\ \__/ |_| \___) |_|_| \___\  
[39mL i l o t a n e  version rls-glucose4
by Dominik Schreiber <dominik.schreiber@kit.edu> 2020-2021
using SAT solver glucose4

0.006 Parser finished.
0.006 Structures extracted.
0.007 19 operators and 12 methods created.
0.013 Mined 0 new reduction preconditions (+0.0%).
0.013 Iteration 0.
0.013 Creating initial layer of size 2
0.019 Attempting to solve formula with 3 clauses (3 literals) and 1 assumptions
0.019 Unsolvable at layer 0 -- expanding.
0.019 Iteration 1.
0.019 New layer size: 2
0.019 Instantiating ...
0.023 Collected 0 relevant facts at this layer
0.023 Encoding ...
0.023 Attempting to solve formula with 8 clauses (12 literals) and 1 assumptions
0.024 Unsolvable at layer 1 -- expanding.
0.024 Iteration 2.
0.024 New layer size: 3
0.024 Instantiating ...
0.027 Collected 4 relevant facts at this layer
0.027 Encoding ...
0.028 Attempting to solve formula with 33 clauses (61 literals) and 1 assumptions
0.028 Unsolvable at layer 2 -- expanding.
0.028 Iteration 3.
0.028 New layer size: 5
0.028 Instantiating ...
0.042 Collected 273 relevant facts at this layer
0.042 Encoding ...
0.045 Attempting to solve formula with 2021 clauses (4778 literals) and 3 assumptions
0.045 Unsolvable at layer 3 -- expanding.
0.045 Iteration 4.
0.045 New layer size: 9
0.045 Instantiating ...
0.061 Collected 514 relevant facts at this layer
0.061 Encoding ...
0.067 Attempting to solve formula with 6740 clauses (18697 literals) and 4 assumptions
0.067 Unsolvable at layer 4 -- expanding.
0.067 Iteration 5.
0.067 New layer size: 14
0.067 Instantiating ...
0.095 Collected 801 relevant facts at this layer
0.095 Encoding ...
0.110 Attempting to solve formula with 18273 clauses (53976 literals) and 6 assumptions
0.110 Unsolvable at layer 5 -- expanding.
0.110 Iteration 6.
0.110 New layer size: 25
0.110 Instantiating ...
0.164 Collected 1071 relevant facts at this layer
0.164 Encoding ...
0.202 Attempting to solve formula with 49050 clauses (147773 literals) and 11 assumptions
0.202 Unsolvable at layer 6 -- expanding.
0.202 Iteration 7.
0.202 New layer size: 43
0.202 Instantiating ...
0.304 Collected 1287 relevant facts at this layer
0.304 Encoding ...
0.382 Attempting to solve formula with 112043 clauses (333565 literals) and 21 assumptions
0.382 Unsolvable at layer 7 -- expanding.
0.382 Iteration 8.
0.382 New layer size: 77
0.382 Instantiating ...
0.560 Collected 1323 relevant facts at this layer
0.560 Encoding ...
0.710 Attempting to solve formula with 232158 clauses (689222 literals) and 37 assumptions
0.710 Unsolvable at layer 8 -- expanding.
0.710 Iteration 9.
0.710 New layer size: 135
0.710 Instantiating ...
1.027 Collected 1338 relevant facts at this layer
1.027 Encoding ...
1.296 Attempting to solve formula with 446565 clauses (1323260 literals) and 64 assumptions
1.296 Unsolvable at layer 9 -- expanding.
1.296 Iteration 10.
1.296 New layer size: 240
1.296 Instantiating ...
1.872 Collected 1340 relevant facts at this layer
1.872 Encoding ...
2.438 Attempting to solve formula with 828803 clauses (2465419 literals) and 114 assumptions
2.438 Unsolvable at layer 10 -- expanding.
2.438 Iteration 11.
2.438 New layer size: 424
2.438 Instantiating ...
3.508 Collected 1340 relevant facts at this layer
3.508 Encoding ...
4.390 Attempting to solve formula with 1515327 clauses (4511780 literals) and 199 assumptions
4.422 Unsolvable at layer 11 -- expanding.
4.422 Iteration 12.
4.423 New layer size: 746
4.423 Instantiating ...
6.323 Collected 1340 relevant facts at this layer
6.323 Encoding ...
7.925 Attempting to solve formula with 2725138 clauses (8145632 literals) and 353 assumptions
8.049 Unsolvable at layer 12 -- expanding.
8.049 Iteration 13.
8.050 New layer size: 1317
8.050 Instantiating ...
11.399 Collected 1340 relevant facts at this layer
11.399 Encoding ...
14.147 Attempting to solve formula with 4867869 clauses (14577466 literals) and 620 assumptions
14.246 Unsolvable at layer 13 -- expanding.
14.246 Iteration 14.
14.247 New layer size: 2323
14.247 Instantiating ...
20.189 Collected 1340 relevant facts at this layer
20.189 Encoding ...
25.295 Attempting to solve formula with 8631853 clauses (25911608 literals) and 1094 assumptions
25.428 Unsolvable at layer 14 -- expanding.
25.428 Iteration 15.
25.428 New layer size: 4100
25.428 Instantiating ...
36.028 Collected 1340 relevant facts at this layer
36.028 Encoding ...
45.122 Attempting to solve formula with 15283583 clauses (45956600 literals) and 1925 assumptions
45.448 Unsolvable at layer 15 -- expanding.
45.448 Iteration 16.
45.455 New layer size: 7233
45.455 Instantiating ...
64.216 Collected 1340 relevant facts at this layer
64.216 Encoding ...
79.713 Attempting to solve formula with 27028731 clauses (81393205 literals) and 3406 assumptions
80.226 Unsolvable at layer 16 -- expanding.
80.226 Iteration 17.
80.238 New layer size: 12767
80.238 Instantiating ...
113.303 Collected 1340 relevant facts at this layer
113.303 Encoding ...
142.502 Attempting to solve formula with 47782910 clauses (144025718 literals) and 6003 assumptions
144.176 Unsolvable at layer 17 -- expanding.
144.176 Iteration 18.
144.196 New layer size: 22519
144.196 Instantiating ...
177.997 Termination signal caught.
177.997 Total amount of clauses encoded: 47782910
177.997 - directframeaxioms : 30959920 cls
177.997 - indirectframeaxioms : 7000783 cls
177.997 - qfactsemantics : 5098044 cls
177.997 - reductionconstraints : 3116087 cls
177.997 - actionconstraints : 615309 cls
177.997 - substitutionconstraints : 369863 cls
177.997 - qconstequality : 217017 cls
177.997 - atmostoneelement : 167412 cls
177.997 - expansions : 114511 cls
177.997 - predecessors : 97653 cls
177.997 - actioneffects : 24969 cls
177.997 - truefacts : 1340 cls
177.997 - axiomaticops : 2 cls
177.997 # instantiated positions: 42495
177.997 # instantiated actions: 90658
177.997 # instantiated reductions: 50546
177.997 # introduced pseudo-constants: 45230
177.997 # retroactive prunings: 0
177.997 # retroactively pruned operations: 0
177.997 # dominated operations: 669
177.997 Exiting happily.

RUNWATCH_RESULT MEMOUT RETVAL 0 TIME_SECS 179.237 MEMPEAK_KBS 16209892
