    _           _         _
   \ |         \ |       | |                       
   | |     __  | |      _| |______                
   | |     \/  | |     /_   ______\                
   | |      _  | |   __  | |  ___   ___   ___       
   | |___  | | | |  / .\ | | / , | |   \ / ·_\    
   \_____\ |_| |__\ \__/ |_| \___) |_|_| \___\  
[39mL i l o t a n e  version rls-glucose4
by Dominik Schreiber <dominik.schreiber@kit.edu> 2020-2021
using SAT solver glucose4

0.019 Parser finished.
0.020 Structures extracted.
0.021 77 operators and 77 methods created.
0.269 Mined 89 new reduction preconditions (+8900.0%).
0.269 Iteration 0.
0.269 Creating initial layer of size 2
0.283 Attempting to solve formula with 5 clauses (6 literals) and 1 assumptions
0.283 Unsolvable at layer 0 -- expanding.
0.283 Iteration 1.
0.283 New layer size: 2
0.283 Instantiating ...
0.358 Collected 1 relevant facts at this layer
0.358 Encoding ...
0.359 Attempting to solve formula with 303 clauses (642 literals) and 1 assumptions
0.359 Unsolvable at layer 1 -- expanding.
0.359 Iteration 2.
0.359 New layer size: 2
0.359 Instantiating ...
0.429 Collected 1 relevant facts at this layer
0.429 Encoding ...
0.430 Attempting to solve formula with 372 clauses (815 literals) and 1 assumptions
0.430 Unsolvable at layer 2 -- expanding.
0.430 Iteration 3.
0.430 New layer size: 4
0.430 Instantiating ...
0.520 Collected 25 relevant facts at this layer
0.520 Encoding ...
0.522 Attempting to solve formula with 731 clauses (1738 literals) and 3 assumptions
0.523 Unsolvable at layer 3 -- expanding.
0.523 Iteration 4.
0.523 New layer size: 16
0.523 Instantiating ...
0.707 Collected 252 relevant facts at this layer
0.707 Encoding ...
0.719 Attempting to solve formula with 7633 clauses (21511 literals) and 10 assumptions
0.719 Unsolvable at layer 4 -- expanding.
0.719 Iteration 5.
0.719 New layer size: 40
0.719 Instantiating ...
0.721 Retroactively prune reduction (m_drive_to Q_1,0_point:0_5660e0f10b3214b pcrew1 van1 henrietta_dump)@(4,1): no children at offset 1
1.054 Collected 405 relevant facts at this layer
1.054 Encoding ...
1.087 Attempting to solve formula with 34353 clauses (100122 literals) and 20 assumptions
1.089 Unsolvable at layer 5 -- expanding.
1.089 Iteration 6.
1.089 New layer size: 88
1.089 Instantiating ...
1.092 Retroactively prune reduction (m_drive_to henrietta_dump Q_4,1_person:0_13c1d4c94a4cce93 Q_3,0_vehicle:0_b40d82602ffeaa66 Q_5,2_point:0_e46b2233ce43403e)@(5,2): no children at offset 1
1.518 Collected 508 relevant facts at this layer
1.518 Encoding ...
1.594 Attempting to solve formula with 98943 clauses (291955 literals) and 35 assumptions
1.597 Unsolvable at layer 6 -- expanding.
1.597 Iteration 7.
1.597 New layer size: 162
1.597 Instantiating ...
2.537 Collected 563 relevant facts at this layer
2.537 Encoding ...
2.721 Attempting to solve formula with 218209 clauses (662481 literals) and 61 assumptions
2.740 Unsolvable at layer 7 -- expanding.
2.740 Iteration 8.
2.740 New layer size: 255
2.740 Instantiating ...
3.680 Collected 563 relevant facts at this layer
3.680 Encoding ...
3.914 Attempting to solve formula with 389970 clauses (1190042 literals) and 62 assumptions
3.959 Unsolvable at layer 8 -- expanding.
3.959 Iteration 9.
3.959 New layer size: 414
3.959 Instantiating ...
5.285 Collected 563 relevant facts at this layer
5.285 Encoding ...
5.689 Attempting to solve formula with 641650 clauses (1953395 literals) and 105 assumptions
c last restart ## conflicts  :  63 7856 
5.807 Found a solution at layer 9.
==>
76538 SHOP_methodm_provide_temp_heat_local_electricity_precondition pu1 airport
85146 SHOP_methodm_get_to_as_cargo_precondition gen1 texaco1 twelve_corners amb1
85154 SHOP_methodm_get_to_vehicle_gets_driven_precondition amb1 twelve_corners henrietta_dump emt1
85156 SHOP_methodm_drive_to_precondition amb1 henrietta_dump emt1
85161 p_1Navegate_vehicle
85164 SHOP_methodm_get_in_load_in_precondition gen1 twelve_corners amb1 ccrew1
85170 SHOP_methodm_get_to_person_drives_themself_precondition ccrew1 twelve_corners backhoe1 pittsford_plaza
85172 SHOP_methodm_drive_to_precondition backhoe1 pittsford_plaza ccrew1
85191 navegate_vehicle ccrew1 backhoe1 twelve_corners pittsford_plaza
88472 load ccrew1 gen1 amb1 twelve_corners
88475 SHOP_methodm_get_to_vehicle_gets_driven_precondition amb1 texaco1 twelve_corners emt1
88480 SHOP_methodm_drive_to_precondition amb1 twelve_corners emt1
88482 navegate_vehicle emt1 amb1 texaco1 twelve_corners
88486 SHOP_methodm_get_out_unload_precondition amb1 texaco1 ccrew1 gen1
88490 SHOP_methodm_get_to_person_drives_themself_precondition ccrew1 texaco1 backhoe1 twelve_corners
88497 SHOP_methodm_drive_to_precondition backhoe1 twelve_corners ccrew1
88515 navegate_vehicle ccrew1 backhoe1 texaco1 twelve_corners
91798 unload ccrew1 gen1 amb1 texaco1
91803 pay texaco1
91806 pump_gas_into texaco1 gen1
95463 SHOP_methodm_get_to_as_cargo_precondition gen1 airport texaco1 wtruck1
95468 SHOP_methodm_get_to_vehicle_gets_driven_precondition wtruck1 texaco1 marketplace wcrew1
95471 SHOP_methodm_drive_to_precondition wtruck1 marketplace wcrew1
95474 navegate_vehicle wcrew1 wtruck1 texaco1 marketplace
95478 SHOP_methodm_get_in_load_in_precondition gen1 texaco1 wtruck1 pcrew1
95485 SHOP_methodm_get_to_as_cargo_precondition pcrew1 texaco1 henrietta_dump backhoe1
95488 SHOP_methodm_get_to_vehicle_gets_driven_precondition backhoe1 henrietta_dump texaco1 ccrew1
95492 SHOP_methodm_drive_to_precondition backhoe1 texaco1 ccrew1
95496 navegate_vehicle ccrew1 backhoe1 henrietta_dump texaco1
95613 SHOP_methodm_get_in_ambulatory_person_precondition pcrew1 henrietta_dump backhoe1
96221 climb_in pcrew1 backhoe1 henrietta_dump
98276 SHOP_methodm_get_to_vehicle_gets_driven_precondition backhoe1 texaco1 henrietta_dump ccrew1
98284 SHOP_methodm_drive_to_precondition backhoe1 henrietta_dump ccrew1
98301 navegate_vehicle ccrew1 backhoe1 texaco1 henrietta_dump
100282 climb_out pcrew1 backhoe1 texaco1
104125 load pcrew1 gen1 wtruck1 texaco1
104127 SHOP_methodm_get_to_vehicle_gets_driven_precondition wtruck1 airport texaco1 wcrew1
104131 SHOP_methodm_drive_to_precondition wtruck1 texaco1 wcrew1
104134 navegate_vehicle wcrew1 wtruck1 airport texaco1
104137 SHOP_methodm_get_out_unload_precondition wtruck1 airport ccrew1 gen1
104144 SHOP_methodm_get_to_with_ambulance_precondition ccrew1 airport texaco1 amb1
104146 SHOP_methodm_get_to_already_there_precondition amb1 texaco1
104271 SHOP_methodm_emt_treat_precondition ccrew1 texaco1
104282 SHOP_methodm_get_to_already_there_precondition emt1 texaco1
104313 treat emt1 ccrew1 texaco1
106935 SHOP_methodm_get_in_ambulatory_person_precondition ccrew1 texaco1 amb1
106939 climb_in ccrew1 amb1 texaco1
108943 SHOP_methodm_get_to_vehicle_gets_driven_precondition amb1 airport texaco1 emt1
108949 SHOP_methodm_drive_to_precondition amb1 texaco1 emt1
108967 navegate_vehicle emt1 amb1 airport texaco1
110865 SHOP_methodm_get_out_unload_precondition amb1 airport emt1 ccrew1
110870 SHOP_methodm_get_to_already_there_precondition emt1 airport
112778 unload emt1 ccrew1 amb1 airport
112783 unload ccrew1 gen1 wtruck1 airport
112785 hook_up gen1 airport
112788 turn_on gen1
112791 turn_on_heat airport
root 9
9 tlt -> m_tlt_provide_temp_heat 45
45 provide_temp_heat pu1 -> m_provide_temp_heat_local_electricity 76538 103 112791
103 generate_temp_electricity airport -> m_generate_temp_electricity 1539 1798 112785 112788
1539 make_full_fuel gen1 -> m_make_full_fuel_at_service_station 5233 5264
1798 get_to gen1 airport -> m_get_to_as_cargo 95463 7515 7530 7920 8340
5233 get_to gen1 texaco1 -> m_get_to_as_cargo 85146 18486 18501 18923 19446
5264 add_fuel texaco1 gen1 -> m_add_fuel 91803 91806
7515 get_to wtruck1 texaco1 -> m_get_to_vehicle_gets_driven 95468 22946
7530 get_in gen1 wtruck1 -> m_get_in_load_in 95478 23028 104125
7920 get_to wtruck1 airport -> m_get_to_vehicle_gets_driven 104127 23617
8340 get_out gen1 wtruck1 -> m_get_out_unload 104137 23676 112783
18486 get_to amb1 twelve_corners -> m_get_to_vehicle_gets_driven 85154 30855
18501 get_in gen1 amb1 -> m_get_in_load_in 85164 30878 88472
18923 get_to amb1 texaco1 -> m_get_to_vehicle_gets_driven 88475 31498
19446 get_out gen1 amb1 -> m_get_out_unload 88486 31520 91798
22946 drive_to wcrew1 wtruck1 texaco1 -> m_drive_to 95471 95473
23028 get_to pcrew1 texaco1 -> m_get_to_as_cargo 95485 40591 40622 41041 100281
23617 drive_to wcrew1 wtruck1 airport -> m_drive_to 104131 104133
23676 get_to ccrew1 airport -> m_get_to_with_ambulance 104144 104145 42935 43352 43948 44530
30855 drive_to emt1 amb1 twelve_corners -> m_drive_to 85156 85160
30878 get_to ccrew1 twelve_corners -> m_get_to_person_drives_themself 85170 53512
31498 drive_to emt1 amb1 texaco1 -> m_drive_to 88480 88481
31520 get_to ccrew1 texaco1 -> m_get_to_person_drives_themself 88490 55768
40591 get_to backhoe1 henrietta_dump -> m_get_to_vehicle_gets_driven 95488 63244
40622 get_in pcrew1 backhoe1 -> m_get_in_ambulatory_person 95613 96221
41041 get_to backhoe1 texaco1 -> m_get_to_vehicle_gets_driven 98276 64480
42935 stabilize ccrew1 -> m_stabilize 66587
43352 get_in ccrew1 amb1 -> m_get_in_ambulatory_person 106935 106939
43948 get_to amb1 airport -> m_get_to_vehicle_gets_driven 108943 68430
44530 get_out ccrew1 amb1 -> m_get_out_unload 110865 110869 112778
53512 drive_to ccrew1 backhoe1 twelve_corners -> m_drive_to 85172 85190
55768 drive_to ccrew1 backhoe1 texaco1 -> m_drive_to 88497 88514
63244 drive_to ccrew1 backhoe1 henrietta_dump -> m_drive_to 95492 95495
64480 drive_to ccrew1 backhoe1 texaco1 -> m_drive_to 98284 98300
66587 emt_treat ccrew1 -> m_emt_treat 104271 104281 104313
68430 drive_to emt1 amb1 airport -> m_drive_to 108949 108966
85160 cnavegate_vehicle emt1 amb1 twelve_corners henrietta_dump -> prefix_1 85161
85190 cnavegate_vehicle ccrew1 backhoe1 twelve_corners pittsford_plaza -> regular_1 85191
88481 cnavegate_vehicle emt1 amb1 texaco1 twelve_corners -> regular_1 88482
88514 cnavegate_vehicle ccrew1 backhoe1 texaco1 twelve_corners -> regular_1 88515
95473 cnavegate_vehicle wcrew1 wtruck1 texaco1 marketplace -> regular_1 95474
95495 cnavegate_vehicle ccrew1 backhoe1 henrietta_dump texaco1 -> regular_1 95496
98300 cnavegate_vehicle ccrew1 backhoe1 texaco1 henrietta_dump -> regular_1 98301
100281 get_out pcrew1 backhoe1 -> m_get_out_ambulatory_person 100282
104133 cnavegate_vehicle wcrew1 wtruck1 airport texaco1 -> regular_1 104134
104145 get_to amb1 texaco1 -> m_get_to_already_there 104146
104281 get_to emt1 texaco1 -> m_get_to_already_there 104282
108966 cnavegate_vehicle emt1 amb1 airport texaco1 -> regular_1 108967
110869 get_to emt1 airport -> m_get_to_already_there 110870
<==
5.822 End of solution plan. (counted length of 57)
5.822 Total amount of clauses encoded: 641650
5.822 - directframeaxioms : 405104 cls
5.822 - qfactsemantics : 106226 cls
5.822 - indirectframeaxioms : 61936 cls
5.822 - reductionconstraints : 32473 cls
5.822 - actionconstraints : 14939 cls
5.822 - atmostoneelement : 5091 cls
5.822 - expansions : 3946 cls
5.822 - predecessors : 3375 cls
5.822 - substitutionconstraints : 2737 cls
5.822 - qconstequality : 2382 cls
5.822 - qtypeconstraints : 1927 cls
5.822 - actioneffects : 943 cls
5.822 - truefacts : 563 cls
5.822 - forbiddenoperations : 6 cls
5.822 - axiomaticops : 2 cls
5.822 # instantiated positions: 984
5.822 # instantiated actions: 2790
5.822 # instantiated reductions: 591
5.822 # introduced pseudo-constants: 569
5.822 # retroactive prunings: 6
5.822 # retroactively pruned operations: 14
5.822 # dominated operations: 74
5.822 # total invalid rigid preconditions found in getPFC: 1182
5.822 # invalid rigid preconditions found in getPFC: 371
5.822 # invalid rigid preconditions found in getPFC in varrestrictions: 811
5.822 # total invalid fluent preconditions found in getPFC: 40
5.822 # invalid fluent preconditions found in getPFC: 40
5.822 # invalid fluent preconditions found in getPFC in varrestrictions: 0
5.822 # invalid fluent preconditions found in getPFC via postconditions: 0
5.822 # invalid subtasks found in getPFC: 4
5.822 # number effects in operation fact_frames: 625
5.822 Exiting happily.

RUNWATCH_RESULT EXIT RETVAL 0 TIME_SECS 5.86328 MEMPEAK_KBS 335960
