    _           _         _
   \ |         \ |       | |                       
   | |     __  | |      _| |______                
   | |     \/  | |     /_   ______\                
   | |      _  | |   __  | |  ___   ___   ___       
   | |___  | | | |  / .\ | | / , | |   \ / ·_\    
   \_____\ |_| |__\ \__/ |_| \___) |_|_| \___\  
[39mL i l o t a n e  version rls-glucose4
by Dominik Schreiber <dominik.schreiber@kit.edu> 2020-2021
using SAT solver glucose4

0.055 Parser finished.
0.056 Structures extracted.
0.070 312 operators and 305 methods created.
0.871 Mined 582 new reduction preconditions (+90.1%).
0.872 Iteration 0.
0.872 Creating initial layer of size 2
0.879 Attempting to solve formula with 3 clauses (3 literals) and 1 assumptions
0.879 Unsolvable at layer 0 -- expanding.
0.879 Iteration 1.
0.879 New layer size: 5
0.879 Instantiating ...
0.913 Collected 9 relevant facts at this layer
0.913 Encoding ...
0.916 Attempting to solve formula with 145 clauses (347 literals) and 4 assumptions
0.916 Unsolvable at layer 1 -- expanding.
0.916 Iteration 2.
0.916 New layer size: 9
0.916 Instantiating ...
1.146 Collected 167 relevant facts at this layer
1.146 Encoding ...
1.157 Attempting to solve formula with 23012 clauses (52389 literals) and 4 assumptions
1.157 Unsolvable at layer 2 -- expanding.
1.157 Iteration 3.
1.157 New layer size: 13
1.157 Instantiating ...
1.601 Collected 319 relevant facts at this layer
1.601 Encoding ...
1.622 Attempting to solve formula with 63650 clauses (150862 literals) and 8 assumptions
1.622 Unsolvable at layer 3 -- expanding.
1.622 Iteration 4.
1.622 New layer size: 41
1.622 Instantiating ...
2.593 Collected 583 relevant facts at this layer
2.593 Encoding ...
2.668 Attempting to solve formula with 148128 clauses (380885 literals) and 20 assumptions
2.669 Unsolvable at layer 4 -- expanding.
2.669 Iteration 5.
2.669 New layer size: 93
2.669 Instantiating ...
6.828 Collected 1016 relevant facts at this layer
6.828 Encoding ...
7.086 Attempting to solve formula with 437413 clauses (1146804 literals) and 36 assumptions
7.097 Unsolvable at layer 5 -- expanding.
7.097 Iteration 6.
7.097 New layer size: 161
7.097 Instantiating ...
16.884 Collected 1036 relevant facts at this layer
16.884 Encoding ...
17.424 Attempting to solve formula with 1106384 clauses (2882353 literals) and 64 assumptions
17.469 Unsolvable at layer 6 -- expanding.
17.469 Iteration 7.
17.469 New layer size: 299
17.469 Instantiating ...
35.413 Collected 1228 relevant facts at this layer
35.413 Encoding ...
36.549 Attempting to solve formula with 2436521 clauses (6479303 literals) and 123 assumptions
36.782 Unsolvable at layer 7 -- expanding.
36.782 Iteration 8.
36.782 New layer size: 600
36.782 Instantiating ...
71.024 Collected 1484 relevant facts at this layer
71.024 Encoding ...
73.716 Attempting to solve formula with 5351050 clauses (14796453 literals) and 239 assumptions
74.211 Unsolvable at layer 8 -- expanding.
74.211 Iteration 9.
74.211 New layer size: 1155
74.211 Instantiating ...
145.684 Collected 1484 relevant facts at this layer
145.684 Encoding ...
151.436 Attempting to solve formula with 11549373 clauses (32688949 literals) and 446 assumptions
154.639 Unsolvable at layer 9 -- expanding.
154.639 Iteration 10.
154.640 New layer size: 2139
154.640 Instantiating ...
303.755 Collected 1484 relevant facts at this layer
303.755 Encoding ...
315.888 Attempting to solve formula with 23672770 clauses (67721654 literals) and 831 assumptions
c last restart ## conflicts  :  428 212551 
1015.386 Found a solution at layer 10.
==>
1293968 i-LOCK-CLEAR C3
1300836 i-UNLOCK-CLEAR D2
1305929 i-UNLOCK-BOTTOMCOL D2
1305933 i-UNLOCK-CLEAR C3
1305939 MOVE-B D2 C3 N1 N2
1305954 i-UNLOCK-CLEAR D3
1307953 i-UNLOCK-ON D3 C2
1309662 SENDTONEWCOL D3 C2 N2 N1
1311470 i-UNLOCK-CLEAR C2
1311698 i-UNLOCK-ON C2 CA
1313216 SENDTONEWCOL C2 CA N1 N0
1322432 i-LOCK-COLSPACE N0
1337999 i-UNLOCK-CLEAR S3
1343635 i-UNLOCK-ON S3 C4
1345570 SENDTOFREE S3 C4 N4 N3
1350638 i-UNLOCK-CLEAR CA
1352665 i-UNLOCK-ON CA SA
1354429 SENDTOFREE CA SA N3 N2
1356234 i-UNLOCK-CLEAR SA
1356471 i-UNLOCK-BOTTOMCOL SA
1357994 i-UNLOCK-COLSPACE N0
1359508 SENDTOFREE-B SA N2 N1 N0 N1
1367236 i-LOCK-CELLSPACE N1
1367250 i-LOCK-COLSPACE N1
1374670 i-LOCK-CLEAR H2
1379700 i-UNLOCK-COLSPACE N1
1379705 i-UNLOCK-CLEAR H2
1379710 SENDTONEWCOL H2 S4 N1 N0
1395208 i-LOCK-CLEAR S4
1395213 i-UNLOCK-CELLSPACE N1
1395223 i-UNLOCK-COLSPACE N0
1395227 i-UNLOCK-CLEAR S4
1395230 SENDTOFREE-B S4 N1 N0 N0 N1
1395290 i-LOCK-HOME S0
1401060 i-LOCK-INCELL SA
1403012 i-UNLOCK-INCELL SA
1404721 i-UNLOCK-HOME S0
1404746 HOMEFROMFREECELL SA S N1 S0 N0 N0 N1
1430841 i-LOCK-CELLSPACE N1
1446723 i-UNLOCK-CLEAR C4
1448754 i-UNLOCK-ON C4 S2
1450520 SENDTONEWCOL C4 S2 N1 N0
1452342 i-UNLOCK-CLEAR S2
1452583 i-UNLOCK-BOTTOMCOL S2
1454104 i-UNLOCK-HOME SA
1455644 SENDTOHOME-B S2 S N2 SA N1 N0 N1
1458300 i-LOCK-CLEAR D3
1458340 i-UNLOCK-CLEAR C2
1459850 i-UNLOCK-BOTTOMCOL C2
1461358 i-UNLOCK-CLEAR D3
1461524 MOVE-B C2 D3 N1 N2
1463504 i-LOCK-COLSPACE N2
1463529 i-UNLOCK-COLSPACE N2
1479017 i-UNLOCK-CELLSPACE N1
1479029 NEWCOLFROMFREECELL S4 N2 N1 N1 N2
1479113 i-UNLOCK-CLEAR H4
1479513 i-UNLOCK-ON H4 DA
1481132 SENDTONEWCOL H4 DA N1 N0
1497480 i-LOCK-COLSPACE N0
1504798 i-LOCK-HOME S2
1505062 i-LOCK-INCELL S3
1506601 i-UNLOCK-INCELL S3
1508131 i-UNLOCK-HOME S2
1508809 HOMEFROMFREECELL S3 S N3 S2 N2 N2 N3
1515996 i-LOCK-CELLSPACE N3
1516021 i-LOCK-CLEAR S4
1526029 i-UNLOCK-CELLSPACE N3
1526037 i-UNLOCK-COLSPACE N0
1526046 i-UNLOCK-CLEAR S4
1526050 SENDTOFREE-B S4 N3 N2 N0 N1
1526066 i-LOCK-CELLSPACE N2
1536035 i-LOCK-COLSPACE N1
1541263 i-UNLOCK-COLSPACE N1
1546168 i-UNLOCK-CELLSPACE N2
1546176 NEWCOLFROMFREECELL S4 N1 N0 N2 N3
1546202 i-LOCK-COLSPACE N0
1550161 i-LOCK-CELLSPACE N3
1552095 i-LOCK-CLEAR S4
1553814 i-UNLOCK-CELLSPACE N3
1553820 i-UNLOCK-COLSPACE N0
1553828 i-UNLOCK-CLEAR S4
1553832 SENDTOFREE-B S4 N3 N2 N0 N1
1553859 i-UNLOCK-HOME S3
1557661 i-UNLOCK-CELLSPACE N2
1559398 HOMEFROMFREECELL S4 S N4 S3 N3 N2 N3
1567737 i-LOCK-HOME S4
1567812 i-UNLOCK-CLEAR DA
1576437 i-UNLOCK-BOTTOMCOL DA
1578668 i-UNLOCK-HOME D0
1580435 SENDTOHOME-B DA D N1 D0 N0 N1 N2
1602224 i-UNLOCK-CLEAR D2
1604473 i-UNLOCK-ON D2 C3
1606313 SENDTONEWCOL D2 C3 N2 N1
1610126 i-UNLOCK-CLEAR D4
1610547 i-UNLOCK-ON D4 HA
1612093 SENDTONEWCOL D4 HA N1 N0
1626477 i-LOCK-COLSPACE N0
1650096 i-UNLOCK-CLEAR C4
1655710 i-UNLOCK-BOTTOMCOL C4
1657642 i-UNLOCK-COLSPACE N0
1657657 SENDTOFREE-B C4 N3 N2 N0 N1
1662722 i-LOCK-CLEAR D2
1664751 i-LOCK-INCELL CA
1666520 i-UNLOCK-INCELL CA
1666527 i-UNLOCK-CLEAR D2
1666541 COLFROMFREECELL CA D2 N2 N3
1668320 i-UNLOCK-INCELL C4
1668566 i-UNLOCK-COLSPACE N1
1670102 NEWCOLFROMFREECELL C4 N1 N0 N3 N4
1679502 i-LOCK-CELLSPACE N4
1679522 i-LOCK-CLEAR H4
1707485 i-UNLOCK-CELLSPACE N4
1707496 i-UNLOCK-COLSPACE N0
1707501 i-UNLOCK-CLEAR H4
1707503 SENDTOFREE-B H4 N4 N3 N0 N1
1707557 i-UNLOCK-CLEAR D4
1713324 i-UNLOCK-BOTTOMCOL D4
1715245 i-UNLOCK-COLSPACE N1
1716927 SENDTOFREE-B D4 N3 N2 N1 N2
1726698 i-UNLOCK-CLEAR C3
1727052 i-UNLOCK-ON C3 H3
1728601 SENDTOFREE C3 H3 N2 N1
1742982 i-LOCK-CELLSPACE N1
1758918 i-UNLOCK-CLEAR HA
1760927 i-UNLOCK-BOTTOMCOL HA
1762696 i-UNLOCK-HOME H0
1762712 SENDTOHOME-B HA H N1 H0 N0 N2 N3
1764510 i-UNLOCK-CLEAR H2
1764759 i-UNLOCK-BOTTOMCOL H2
1766276 i-UNLOCK-HOME HA
1767814 SENDTOHOME-B H2 H N2 HA N1 N3 N4
1775683 i-LOCK-COLSPACE N4
1775700 i-UNLOCK-COLSPACE N4
1791199 i-UNLOCK-CELLSPACE N1
1791208 NEWCOLFROMFREECELL H4 N4 N3 N1 N2
1791295 i-UNLOCK-CLEAR H3
1791710 i-UNLOCK-BOTTOMCOL H3
1793299 i-UNLOCK-HOME H2
1794896 SENDTOHOME-B H3 H N3 H2 N2 N3 N4
1809615 i-LOCK-COLSPACE N4
1816972 i-LOCK-CELLSPACE N2
1828159 i-LOCK-CLEAR H4
1838184 i-UNLOCK-CELLSPACE N2
1838188 i-UNLOCK-COLSPACE N4
1838200 i-UNLOCK-CLEAR H4
1838202 SENDTOFREE-B H4 N2 N1 N4 N5
1838218 i-UNLOCK-HOME H3
1848209 i-UNLOCK-CELLSPACE N1
1853422 HOMEFROMFREECELL H4 H N4 H3 N3 N1 N2
1879930 i-LOCK-HOME H4
1879965 i-UNLOCK-INCELL C3
1888667 i-UNLOCK-COLSPACE N5
1890882 NEWCOLFROMFREECELL C3 N5 N4 N2 N3
1914498 i-UNLOCK-CLEAR C2
1916704 i-UNLOCK-ON C2 D3
1918550 SENDTOFREE C2 D3 N3 N2
1922410 i-UNLOCK-CLEAR C3
1922778 i-UNLOCK-BOTTOMCOL C3
1924348 i-UNLOCK-COLSPACE N4
1925902 SENDTOFREE-B C3 N2 N1 N4 N5
1938788 i-LOCK-CELLSPACE N1
1962363 i-LOCK-CLEAR C4
1969963 i-UNLOCK-CLEAR D3
1974982 i-UNLOCK-BOTTOMCOL D3
1974993 i-UNLOCK-CLEAR C4
1974998 MOVE-B D3 C4 N5 N6
1975009 i-UNLOCK-CLEAR CA
1977037 i-UNLOCK-ON CA D2
1978804 SENDTONEWCOL CA D2 N6 N5
1980621 i-UNLOCK-CLEAR D3
1980858 i-UNLOCK-ON D3 C4
1982391 SENDTONEWCOL D3 C4 N5 N4
1991779 i-LOCK-COLSPACE N4
1991790 i-UNLOCK-COLSPACE N4
2019754 i-UNLOCK-CELLSPACE N1
2019761 NEWCOLFROMFREECELL D4 N4 N3 N1 N2
2019832 i-UNLOCK-CLEAR D2
2025589 i-UNLOCK-BOTTOMCOL D2
2027542 i-UNLOCK-HOME DA
2029230 SENDTOHOME-B D2 D N2 DA N1 N3 N4
2038997 i-UNLOCK-CLEAR CA
2039364 i-UNLOCK-BOTTOMCOL CA
2040923 i-UNLOCK-HOME C0
2042482 SENDTOHOME-B CA C N1 C0 N0 N4 N5
2055336 i-LOCK-COLSPACE N5
2071251 i-LOCK-HOME CA
2073285 i-LOCK-INCELL C2
2075048 i-UNLOCK-INCELL C2
2075063 i-UNLOCK-HOME CA
2075075 HOMEFROMFREECELL C2 C N2 CA N1 N2 N3
2076855 i-LOCK-CLEAR D4
2077101 i-LOCK-INCELL C3
2078641 i-UNLOCK-INCELL C3
2080168 i-UNLOCK-CLEAR D4
2080851 COLFROMFREECELL C3 D4 N3 N4
2088033 i-LOCK-CELLSPACE N4
2088050 i-LOCK-HOME C2
2090042 i-LOCK-CLEAR C3
2091744 i-UNLOCK-HOME C2
2091753 i-UNLOCK-CLEAR C3
2091761 SENDTOHOME C3 D4 C N3 C2 N2
2103543 i-LOCK-CLEAR D4
2103548 i-UNLOCK-CELLSPACE N4
2103559 i-UNLOCK-COLSPACE N5
2103564 i-UNLOCK-CLEAR D4
2103568 SENDTOFREE-B D4 N4 N3 N5 N6
2103647 i-LOCK-CELLSPACE N3
2129350 i-UNLOCK-CLEAR D3
2129597 i-UNLOCK-BOTTOMCOL D3
2131130 i-UNLOCK-HOME D2
2132665 SENDTOHOME-B D3 D N3 D2 N2 N6 N7
2140530 i-LOCK-COLSPACE N7
2140538 i-UNLOCK-COLSPACE N7
2150562 i-UNLOCK-CELLSPACE N3
2150570 NEWCOLFROMFREECELL D4 N7 N6 N3 N4
2150612 i-LOCK-COLSPACE N6
2160589 i-LOCK-CELLSPACE N4
2165812 i-LOCK-CLEAR D4
2170717 i-UNLOCK-CELLSPACE N4
2170725 i-UNLOCK-COLSPACE N6
2170730 i-UNLOCK-CLEAR D4
2170734 SENDTOFREE-B D4 N4 N3 N6 N7
2170743 i-UNLOCK-HOME D3
2174706 i-UNLOCK-CELLSPACE N3
2176628 HOMEFROMFREECELL D4 D N4 D3 N3 N3 N4
2192312 i-LOCK-HOME D4
2192384 i-LOCK-COLSPACE N7
2274720 i-LOCK-CELLSPACE N4
2304152 i-LOCK-CLEAR C4
2332111 i-UNLOCK-CELLSPACE N4
2332121 i-UNLOCK-COLSPACE N7
2332124 i-UNLOCK-CLEAR C4
2332128 SENDTOFREE-B C4 N4 N3 N7 N8
2332209 i-LOCK-CELLSPACE N3
2383570 i-LOCK-COLSPACE N8
2400384 i-UNLOCK-COLSPACE N8
2415880 i-UNLOCK-CELLSPACE N3
2415893 NEWCOLFROMFREECELL C4 N8 N7 N3 N4
2415951 i-LOCK-COLSPACE N7
2441676 i-LOCK-CELLSPACE N4
2452887 i-LOCK-CLEAR C4
2462902 i-UNLOCK-CELLSPACE N4
2462915 i-UNLOCK-COLSPACE N7
2462918 i-UNLOCK-CLEAR C4
2462922 SENDTOFREE-B C4 N4 N3 N7 N8
2462954 i-LOCK-CELLSPACE N3
2472928 i-LOCK-COLSPACE N8
2478149 i-UNLOCK-COLSPACE N8
2483054 i-UNLOCK-CELLSPACE N3
2483064 NEWCOLFROMFREECELL C4 N8 N7 N3 N4
2483096 i-LOCK-COLSPACE N7
2487050 i-LOCK-CELLSPACE N4
2488971 i-LOCK-CLEAR C4
2490697 i-UNLOCK-CELLSPACE N4
2490703 i-UNLOCK-COLSPACE N7
2490714 i-UNLOCK-CLEAR C4
2490718 SENDTOFREE-B C4 N4 N3 N7 N8
2490741 i-UNLOCK-HOME C3
2494543 i-UNLOCK-CELLSPACE N3
2496291 HOMEFROMFREECELL C4 C N4 C3 N3 N3 N4
2504655 i-LOCK-HOME C4
root 5 20 33 47
5 ACHIEVE-HOME S4 -> M114-ACHIEVE-HOME 74 1567737
20 ACHIEVE-HOME H4 -> M114-ACHIEVE-HOME 519 1879930
33 ACHIEVE-HOME D4 -> M114-ACHIEVE-HOME 868 2192312
47 ACHIEVE-HOME C4 -> M114-ACHIEVE-HOME 1230 2504655
74 ACHIEVE-HOME0 S4 -> M107-ACHIEVE-HOME0 1572 1774
519 ACHIEVE-HOME0 H4 -> M107-ACHIEVE-HOME0 2420 2546
868 ACHIEVE-HOME0 D4 -> M110-ACHIEVE-HOME0 3198 3315
1230 ACHIEVE-HOME0 C4 -> M107-ACHIEVE-HOME0 3982 4100
1572 DO-BOTTOMCOL-SENDTOFREE-B0 S4 N1 N0 N0 N1 -> M19-DO-BOTTOMCOL-SENDTOFREE-B0 4755 5028 5632 1395212 1395222 1395226 1395230
1774 ACHIEVE-HOME0 S4 -> M110-ACHIEVE-HOME0 7034 7158
2420 DO-BOTTOMCOL-SENDTOFREE-B0 H4 N4 N3 N0 N1 -> M19-DO-BOTTOMCOL-SENDTOFREE-B0 8205 8245 1679521 1707484 1707495 1707500 1707503
2546 ACHIEVE-HOME0 H4 -> M110-ACHIEVE-HOME0 10391 10531
3198 DO-INCELL-NEWCOLFROMFREECELL0 D4 N4 N3 N1 N2 -> M22-DO-INCELL-NEWCOLFROMFREECELL0 11558 11600 1991789 2019753 2019761
3315 ACHIEVE-HOME0 D4 -> M107-ACHIEVE-HOME0 13742 13867
3982 DO-BOTTOMCOL-SENDTOFREE-B0 C4 N4 N3 N7 N8 -> M19-DO-BOTTOMCOL-SENDTOFREE-B0 2192383 2274719 2304151 2332110 2332120 2332123 2332128
4100 ACHIEVE-HOME0 C4 -> M110-ACHIEVE-HOME0 17086 17194
4755 ACHIEVE-COLSPACE N0 -> M238-ACHIEVE-COLSPACE 18255 1322432
5028 ACHIEVE-CELLSPACE N1 -> M229-ACHIEVE-CELLSPACE 20971 1367236
5632 ACHIEVE-CLEAR S4 -> M158-ACHIEVE-CLEAR 22203 1395208
7034 DO-INCELL-NEWCOLFROMFREECELL0 S4 N2 N1 N1 N2 -> M22-DO-INCELL-NEWCOLFROMFREECELL0 23417 23453 1463528 1479016 1479029
7158 ACHIEVE-HOME0 S4 -> M107-ACHIEVE-HOME0 26878 26996
8205 ACHIEVE-COLSPACE N0 -> M238-ACHIEVE-COLSPACE 28666 1626477
8245 ACHIEVE-CELLSPACE N4 -> M229-ACHIEVE-CELLSPACE 31537 1679502
10391 DO-INCELL-NEWCOLFROMFREECELL0 H4 N4 N3 N1 N2 -> M22-DO-INCELL-NEWCOLFROMFREECELL0 34021 34057 1775699 1791198 1791208
10531 ACHIEVE-HOME0 H4 -> M107-ACHIEVE-HOME0 37469 37596
11558 ACHIEVE-CELLSPACE N1 -> M229-ACHIEVE-CELLSPACE 39289 1938788
11600 ACHIEVE-COLSPACE N4 -> M238-ACHIEVE-COLSPACE 42131 1991779
13742 DO-BOTTOMCOL-SENDTOFREE-B0 D4 N4 N3 N5 N6 -> M19-DO-BOTTOMCOL-SENDTOFREE-B0 44625 44666 45719 2103547 2103558 2103563 2103568
13867 ACHIEVE-HOME0 D4 -> M110-ACHIEVE-HOME0 48084 48219
17086 DO-INCELL-NEWCOLFROMFREECELL0 C4 N8 N7 N3 N4 -> M22-DO-INCELL-NEWCOLFROMFREECELL0 2332208 2383569 2400383 2415879 2415893
17194 ACHIEVE-HOME0 C4 -> M107-ACHIEVE-HOME0 58729 58850
18255 ACHIEVE-COLSPACE5 N0 -> M240-ACHIEVE-COLSPACE5 60494 60641
20971 ACHIEVE-CELLSPACE4 N1 -> M231-ACHIEVE-CELLSPACE4 131437 63328
22203 ACHIEVE-CLEAR2 S4 -> M154-ACHIEVE-CLEAR2 64596 64660
23417 ACHIEVE-CELLSPACE N1 -> M229-ACHIEVE-CELLSPACE 65969 1430841
23453 ACHIEVE-COLSPACE N2 -> M238-ACHIEVE-COLSPACE 68851 1463504
26878 DO-BOTTOMCOL-SENDTOFREE-B0 S4 N3 N2 N0 N1 -> M19-DO-BOTTOMCOL-SENDTOFREE-B0 71366 71400 1516020 1526028 1526036 1526045 1526050
26996 ACHIEVE-HOME0 S4 -> M110-ACHIEVE-HOME0 74886 75016
28666 ACHIEVE-COLSPACE5 N0 -> M243-ACHIEVE-COLSPACE5 159630 76647
31537 ACHIEVE-CELLSPACE4 N4 -> M232-ACHIEVE-CELLSPACE4 168710 79541
34021 ACHIEVE-CELLSPACE N1 -> M229-ACHIEVE-CELLSPACE 82218 1742982
34057 ACHIEVE-COLSPACE N4 -> M238-ACHIEVE-COLSPACE 85090 1775683
37469 DO-BOTTOMCOL-SENDTOFREE-B0 H4 N2 N1 N4 N5 -> M19-DO-BOTTOMCOL-SENDTOFREE-B0 87612 1816971 1828158 1838183 1838187 1838199 1838202
37596 ACHIEVE-HOME0 H4 -> M111-ACHIEVE-HOME0 91158 91296
39289 ACHIEVE-CELLSPACE4 N1 -> M235-ACHIEVE-CELLSPACE4 196978 92909
42131 ACHIEVE-COLSPACE5 N4 -> M240-ACHIEVE-COLSPACE5 95626 95818
44625 ACHIEVE-COLSPACE N5 -> M238-ACHIEVE-COLSPACE 98492 2055336
44666 ACHIEVE-CELLSPACE N4 -> M229-ACHIEVE-CELLSPACE 101369 2088033
45719 ACHIEVE-CLEAR D4 -> M158-ACHIEVE-CLEAR 102669 2103543
48084 DO-INCELL-NEWCOLFROMFREECELL0 D4 N7 N6 N3 N4 -> M22-DO-INCELL-NEWCOLFROMFREECELL0 2103646 103933 2140537 2150561 2150570
48219 ACHIEVE-HOME0 D4 -> M107-ACHIEVE-HOME0 107442 107573
58729 DO-BOTTOMCOL-SENDTOFREE-B0 C4 N4 N3 N7 N8 -> M19-DO-BOTTOMCOL-SENDTOFREE-B0 2415950 2441675 2452886 2462901 2462914 2462917 2462922
58850 ACHIEVE-HOME0 C4 -> M110-ACHIEVE-HOME0 123722 123853
60494 DO-COLSPACE-MOVE-B5 D2 C3 N1 N2 -> M61-DO-COLSPACE-MOVE-B5 1293967 1300835 1305928 1305932 1305939
60641 ACHIEVE-COLSPACE5 N0 -> M242-ACHIEVE-COLSPACE5 277249 128076
63328 ACHIEVE-CELLSPACE4 N1 -> M231-ACHIEVE-CELLSPACE4 293775 134345
64596 DO-ON-SENDTONEWCOL2 H2 S4 N1 N0 -> M33-DO-ON-SENDTONEWCOL2 1367249 1374669 1379699 1379704 1379710
64660 ACHIEVE-CLEAR2 S4 -> M159-ACHIEVE-CLEAR2
65969 ACHIEVE-CELLSPACE4 N1 -> M233-ACHIEVE-CELLSPACE4 309517 140721
68851 ACHIEVE-COLSPACE5 N2 -> M242-ACHIEVE-COLSPACE5 319974 144169
71366 ACHIEVE-COLSPACE N0 -> M238-ACHIEVE-COLSPACE 147578 1497480
71400 ACHIEVE-CELLSPACE N3 -> M229-ACHIEVE-CELLSPACE 150843 1515996
74886 DO-INCELL-NEWCOLFROMFREECELL0 S4 N1 N0 N2 N3 -> M22-DO-INCELL-NEWCOLFROMFREECELL0 1526065 1536034 1541262 1546167 1546176
75016 ACHIEVE-HOME0 S4 -> M107-ACHIEVE-HOME0 157869 157992
76647 ACHIEVE-COLSPACE5 N0 -> M242-ACHIEVE-COLSPACE5 364370 165069
79541 ACHIEVE-CELLSPACE4 N4 -> M234-ACHIEVE-CELLSPACE4 385727 171661
82218 ACHIEVE-CELLSPACE4 N1 -> M232-ACHIEVE-CELLSPACE4 401593 178040
85090 ACHIEVE-COLSPACE5 N4 -> M243-ACHIEVE-COLSPACE5 412022 181543
87612 ACHIEVE-COLSPACE N4 -> M238-ACHIEVE-COLSPACE 184914 1809615
91158 DO-INCELL-HOMEFROMFREECELL0 H4 H N4 H3 N3 N1 N2 -> M23-DO-INCELL-HOMEFROMFREECELL0 1838217 1848208 1853422
91296 ACHIEVE-HOME0 H4 -> M115-ACHIEVE-HOME0
92909 ACHIEVE-CELLSPACE4 N1 -> M231-ACHIEVE-CELLSPACE4 456455 202406
95626 DO-COLSPACE-MOVE-B5 D3 C4 N5 N6 -> M61-DO-COLSPACE-MOVE-B5 1962362 1969962 1974981 1974992 1974998
95818 ACHIEVE-COLSPACE5 N4 -> M242-ACHIEVE-COLSPACE5 477799 209005
98492 ACHIEVE-COLSPACE5 N5 -> M243-ACHIEVE-COLSPACE5 493668 215420
101369 ACHIEVE-CELLSPACE4 N4 -> M233-ACHIEVE-CELLSPACE4 504094 218861
102669 ACHIEVE-CLEAR2 D4 -> M155-ACHIEVE-CLEAR2 509567 220606
103933 ACHIEVE-COLSPACE N7 -> M238-ACHIEVE-COLSPACE 225538 2140530
107442 DO-BOTTOMCOL-SENDTOFREE-B0 D4 N4 N3 N6 N7 -> M19-DO-BOTTOMCOL-SENDTOFREE-B0 2150611 2160588 2165811 2170716 2170724 2170729 2170734
107573 ACHIEVE-HOME0 D4 -> M111-ACHIEVE-HOME0 232535 232664
123722 DO-INCELL-NEWCOLFROMFREECELL0 C4 N8 N7 N3 N4 -> M22-DO-INCELL-NEWCOLFROMFREECELL0 2462953 2472927 2478148 2483053 2483064
123853 ACHIEVE-HOME0 C4 -> M107-ACHIEVE-HOME0 269891 270011
128076 ACHIEVE-COLSPACE5 N0 -> M242-ACHIEVE-COLSPACE5 640574 280697
131437 DO-CELLSPACE-SENDTOFREE4 S3 C4 N4 N3 -> M56-DO-CELLSPACE-SENDTOFREE4 1337998 1343634 1345570
134345 ACHIEVE-CELLSPACE4 N1 -> M232-ACHIEVE-CELLSPACE4 667295 297200
140721 ACHIEVE-CELLSPACE4 N1 -> M230-ACHIEVE-CELLSPACE4
144169 ACHIEVE-COLSPACE5 N2 -> M243-ACHIEVE-COLSPACE5 719711 323462
147578 ACHIEVE-COLSPACE5 N0 -> M242-ACHIEVE-COLSPACE5 735039 330993
150843 ACHIEVE-CELLSPACE4 N3 -> M233-ACHIEVE-CELLSPACE4 744957 335053
157869 DO-BOTTOMCOL-SENDTOFREE-B0 S4 N3 N2 N0 N1 -> M19-DO-BOTTOMCOL-SENDTOFREE-B0 1546201 1550160 1552094 1553813 1553819 1553827 1553832
157992 ACHIEVE-HOME0 S4 -> M111-ACHIEVE-HOME0 351179 351309
159630 DO-COLSPACE-SENDTOHOME-B5 DA D N1 D0 N0 N1 N2 -> M64-DO-COLSPACE-SENDTOHOME-B5 1567811 1576436 1578667 1580435
165069 ACHIEVE-COLSPACE5 N0 -> M242-ACHIEVE-COLSPACE5 804630 370133
168710 DO-CELLSPACE-SENDTOFREE-B4 C4 N3 N2 N0 N1 -> M57-DO-CELLSPACE-SENDTOFREE-B4 1650095 1655709 1657641 1657657
171661 ACHIEVE-CELLSPACE4 N4 -> M235-ACHIEVE-CELLSPACE4 839607 389218
178040 ACHIEVE-CELLSPACE4 N1 -> M231-ACHIEVE-CELLSPACE4 871285 407719
181543 ACHIEVE-COLSPACE5 N4 -> M243-ACHIEVE-COLSPACE5 892100 415496
184914 ACHIEVE-COLSPACE5 N4 -> M243-ACHIEVE-COLSPACE5 907426 423065
196978 DO-CELLSPACE-NEWCOLFROMFREECELL4 C3 N5 N4 N2 N3 -> M60-DO-CELLSPACE-NEWCOLFROMFREECELL4 1879964 1888666 1890882
202406 ACHIEVE-CELLSPACE4 N1 -> M232-ACHIEVE-CELLSPACE4 977060 462210
209005 ACHIEVE-COLSPACE5 N4 -> M242-ACHIEVE-COLSPACE5 1012078 481297
215420 ACHIEVE-COLSPACE5 N5 -> M243-ACHIEVE-COLSPACE5 1043726 499816
218861 ACHIEVE-CELLSPACE4 N4 -> M234-ACHIEVE-CELLSPACE4 1064539 507566
220606 ACHIEVE-CLEAR2 D4 -> M159-ACHIEVE-CLEAR2
225538 ACHIEVE-COLSPACE5 N7 -> M243-ACHIEVE-COLSPACE5 1089796 519170
232535 DO-INCELL-HOMEFROMFREECELL0 D4 D N4 D3 N3 N3 N4 -> M23-DO-INCELL-HOMEFROMFREECELL0 2170742 2174705 2176628
232664 ACHIEVE-HOME0 D4 -> M115-ACHIEVE-HOME0
269891 DO-BOTTOMCOL-SENDTOFREE-B0 C4 N4 N3 N7 N8 -> M19-DO-BOTTOMCOL-SENDTOFREE-B0 2483095 2487049 2488970 2490696 2490702 2490713 2490718
270011 ACHIEVE-HOME0 C4 -> M111-ACHIEVE-HOME0 627310 627432
277249 DO-COLSPACE-SENDTONEWCOL5 D3 C2 N2 N1 -> M63-DO-COLSPACE-SENDTONEWCOL5 1305953 1307952 1309662
280697 ACHIEVE-COLSPACE5 N0 -> M239-ACHIEVE-COLSPACE5
293775 DO-CELLSPACE-SENDTOFREE4 CA SA N3 N2 -> M56-DO-CELLSPACE-SENDTOFREE4 1350637 1352664 1354429
297200 ACHIEVE-CELLSPACE4 N1 -> M230-ACHIEVE-CELLSPACE4
309517 DO-CELLSPACE-HOMEFROMFREECELL4 SA S N1 S0 N0 N0 N1 -> M58-DO-CELLSPACE-HOMEFROMFREECELL4 1395289 1401059 1403011 1404720 1404746
319974 DO-COLSPACE-SENDTONEWCOL5 C4 S2 N1 N0 -> M63-DO-COLSPACE-SENDTONEWCOL5 1446722 1448753 1450520
323462 ACHIEVE-COLSPACE5 N2 -> M240-ACHIEVE-COLSPACE5 722980 723204
330993 ACHIEVE-COLSPACE5 N0 -> M239-ACHIEVE-COLSPACE5
335053 ACHIEVE-CELLSPACE4 N3 -> M230-ACHIEVE-CELLSPACE4
351179 DO-INCELL-HOMEFROMFREECELL0 S4 S N4 S3 N3 N2 N3 -> M23-DO-INCELL-HOMEFROMFREECELL0 1553858 1557660 1559398
351309 ACHIEVE-HOME0 S4 -> M115-ACHIEVE-HOME0
364370 DO-COLSPACE-SENDTONEWCOL5 D2 C3 N2 N1 -> M63-DO-COLSPACE-SENDTONEWCOL5 1602223 1604472 1606313
370133 ACHIEVE-COLSPACE5 N0 -> M239-ACHIEVE-COLSPACE5
385727 DO-CELLSPACE-COLFROMFREECELL4 CA D2 N2 N3 -> M59-DO-CELLSPACE-COLFROMFREECELL4 1662721 1664750 1666519 1666526 1666541
389218 ACHIEVE-CELLSPACE4 N4 -> M230-ACHIEVE-CELLSPACE4
401593 DO-CELLSPACE-SENDTOFREE-B4 D4 N3 N2 N1 N2 -> M57-DO-CELLSPACE-SENDTOFREE-B4 1707556 1713323 1715244 1716927
407719 ACHIEVE-CELLSPACE4 N1 -> M230-ACHIEVE-CELLSPACE4
412022 DO-COLSPACE-SENDTOHOME-B5 HA H N1 H0 N0 N2 N3 -> M64-DO-COLSPACE-SENDTOHOME-B5 1758917 1760926 1762695 1762712
415496 ACHIEVE-COLSPACE5 N4 -> M239-ACHIEVE-COLSPACE5
423065 ACHIEVE-COLSPACE5 N4 -> M239-ACHIEVE-COLSPACE5
456455 DO-CELLSPACE-SENDTOFREE4 C2 D3 N3 N2 -> M56-DO-CELLSPACE-SENDTOFREE4 1914497 1916703 1918550
462210 ACHIEVE-CELLSPACE4 N1 -> M230-ACHIEVE-CELLSPACE4
477799 DO-COLSPACE-SENDTONEWCOL5 CA D2 N6 N5 -> M63-DO-COLSPACE-SENDTONEWCOL5 1975008 1977036 1978804
481297 ACHIEVE-COLSPACE5 N4 -> M239-ACHIEVE-COLSPACE5
493668 DO-COLSPACE-SENDTOHOME-B5 D2 D N2 DA N1 N3 N4 -> M64-DO-COLSPACE-SENDTOHOME-B5 2019831 2025588 2027541 2029230
499816 ACHIEVE-COLSPACE5 N5 -> M239-ACHIEVE-COLSPACE5
504094 DO-CELLSPACE-HOMEFROMFREECELL4 C2 C N2 CA N1 N2 N3 -> M58-DO-CELLSPACE-HOMEFROMFREECELL4 2071250 2073284 2075047 2075062 2075075
507566 ACHIEVE-CELLSPACE4 N4 -> M230-ACHIEVE-CELLSPACE4
509567 DO-ON-SENDTOHOME2 C3 D4 C N3 C2 N2 -> M34-DO-ON-SENDTOHOME2 2088049 2090041 2091743 2091752 2091761
519170 ACHIEVE-COLSPACE5 N7 -> M239-ACHIEVE-COLSPACE5
627310 DO-INCELL-HOMEFROMFREECELL0 C4 C N4 C3 N3 N3 N4 -> M23-DO-INCELL-HOMEFROMFREECELL0 2490740 2494542 2496291
627432 ACHIEVE-HOME0 C4 -> M115-ACHIEVE-HOME0
640574 DO-COLSPACE-SENDTONEWCOL5 C2 CA N1 N0 -> M63-DO-COLSPACE-SENDTONEWCOL5 1311469 1311697 1313216
667295 DO-CELLSPACE-SENDTOFREE-B4 SA N2 N1 N0 N1 -> M57-DO-CELLSPACE-SENDTOFREE-B4 1356233 1356470 1357993 1359508
719711 DO-COLSPACE-SENDTOHOME-B5 S2 S N2 SA N1 N0 N1 -> M64-DO-COLSPACE-SENDTOHOME-B5 1452341 1452582 1454103 1455644
722980 DO-COLSPACE-MOVE-B5 C2 D3 N1 N2 -> M61-DO-COLSPACE-MOVE-B5 1458299 1458339 1459849 1461357 1461524
723204 ACHIEVE-COLSPACE5 N2 -> M239-ACHIEVE-COLSPACE5
735039 DO-COLSPACE-SENDTONEWCOL5 H4 DA N1 N0 -> M63-DO-COLSPACE-SENDTONEWCOL5 1479112 1479512 1481132
744957 DO-CELLSPACE-HOMEFROMFREECELL4 S3 S N3 S2 N2 N2 N3 -> M58-DO-CELLSPACE-HOMEFROMFREECELL4 1504797 1505061 1506600 1508130 1508809
804630 DO-COLSPACE-SENDTONEWCOL5 D4 HA N1 N0 -> M63-DO-COLSPACE-SENDTONEWCOL5 1610125 1610546 1612093
839607 DO-CELLSPACE-NEWCOLFROMFREECELL4 C4 N1 N0 N3 N4 -> M60-DO-CELLSPACE-NEWCOLFROMFREECELL4 1668319 1668565 1670102
871285 DO-CELLSPACE-SENDTOFREE4 C3 H3 N2 N1 -> M56-DO-CELLSPACE-SENDTOFREE4 1726697 1727051 1728601
892100 DO-COLSPACE-SENDTOHOME-B5 H2 H N2 HA N1 N3 N4 -> M64-DO-COLSPACE-SENDTOHOME-B5 1764509 1764758 1766275 1767814
907426 DO-COLSPACE-SENDTOHOME-B5 H3 H N3 H2 N2 N3 N4 -> M64-DO-COLSPACE-SENDTOHOME-B5 1791294 1791709 1793298 1794896
977060 DO-CELLSPACE-SENDTOFREE-B4 C3 N2 N1 N4 N5 -> M57-DO-CELLSPACE-SENDTOFREE-B4 1922409 1922777 1924347 1925902
1012078 DO-COLSPACE-SENDTONEWCOL5 D3 C4 N5 N4 -> M63-DO-COLSPACE-SENDTONEWCOL5 1980620 1980857 1982391
1043726 DO-COLSPACE-SENDTOHOME-B5 CA C N1 C0 N0 N4 N5 -> M64-DO-COLSPACE-SENDTOHOME-B5 2038996 2039363 2040922 2042482
1064539 DO-CELLSPACE-COLFROMFREECELL4 C3 D4 N3 N4 -> M59-DO-CELLSPACE-COLFROMFREECELL4 2076854 2077100 2078640 2080167 2080851
1089796 DO-COLSPACE-SENDTOHOME-B5 D3 D N3 D2 N2 N6 N7 -> M64-DO-COLSPACE-SENDTOHOME-B5 2129349 2129596 2131129 2132665
1293967 ACHIEVE-CLEAR C3 -> M157-ACHIEVE-CLEAR 1293968
1300835 IFUNLOCK-CLEAR D2 -> IFUNLOCK-5CLEAR 1300836
1305928 IFUNLOCK-BOTTOMCOL D2 -> IFUNLOCK-13BOTTOMCOL 1305929
1305932 IFUNLOCK-CLEAR C3 -> IFUNLOCK-5CLEAR 1305933
1305953 IFUNLOCK-CLEAR D3 -> IFUNLOCK-5CLEAR 1305954
1307952 IFUNLOCK-ON D3 C2 -> IFUNLOCK-1ON 1307953
1311469 IFUNLOCK-CLEAR C2 -> IFUNLOCK-5CLEAR 1311470
1311697 IFUNLOCK-ON C2 CA -> IFUNLOCK-1ON 1311698
1337998 IFUNLOCK-CLEAR S3 -> IFUNLOCK-5CLEAR 1337999
1343634 IFUNLOCK-ON S3 C4 -> IFUNLOCK-1ON 1343635
1350637 IFUNLOCK-CLEAR CA -> IFUNLOCK-5CLEAR 1350638
1352664 IFUNLOCK-ON CA SA -> IFUNLOCK-1ON 1352665
1356233 IFUNLOCK-CLEAR SA -> IFUNLOCK-5CLEAR 1356234
1356470 IFUNLOCK-BOTTOMCOL SA -> IFUNLOCK-13BOTTOMCOL 1356471
1357993 IFUNLOCK-COLSPACE N0 -> IFUNLOCK-9COLSPACE 1357994
1367249 ACHIEVE-COLSPACE N1 -> M237-ACHIEVE-COLSPACE 1367250
1374669 ACHIEVE-CLEAR H2 -> M157-ACHIEVE-CLEAR 1374670
1379699 IFUNLOCK-COLSPACE N1 -> IFUNLOCK-9COLSPACE 1379700
1379704 IFUNLOCK-CLEAR H2 -> IFUNLOCK-5CLEAR 1379705
1395212 IFUNLOCK-CELLSPACE N1 -> IFUNLOCK-7CELLSPACE 1395213
1395222 IFUNLOCK-COLSPACE N0 -> IFUNLOCK-9COLSPACE 1395223
1395226 IFUNLOCK-CLEAR S4 -> IFUNLOCK-5CLEAR 1395227
1395289 ACHIEVE-HOME S0 -> M113-ACHIEVE-HOME 1395290
1401059 ACHIEVE-INCELL SA -> M99-ACHIEVE-INCELL 1401060
1403011 IFUNLOCK-INCELL SA -> IFUNLOCK-3INCELL 1403012
1404720 IFUNLOCK-HOME S0 -> IFUNLOCK-11HOME 1404721
1446722 IFUNLOCK-CLEAR C4 -> IFUNLOCK-5CLEAR 1446723
1448753 IFUNLOCK-ON C4 S2 -> IFUNLOCK-1ON 1448754
1452341 IFUNLOCK-CLEAR S2 -> IFUNLOCK-5CLEAR 1452342
1452582 IFUNLOCK-BOTTOMCOL S2 -> IFUNLOCK-13BOTTOMCOL 1452583
1454103 IFUNLOCK-HOME SA -> IFUNLOCK-11HOME 1454104
1458299 ACHIEVE-CLEAR D3 -> M157-ACHIEVE-CLEAR 1458300
1458339 IFUNLOCK-CLEAR C2 -> IFUNLOCK-5CLEAR 1458340
1459849 IFUNLOCK-BOTTOMCOL C2 -> IFUNLOCK-13BOTTOMCOL 1459850
1461357 IFUNLOCK-CLEAR D3 -> IFUNLOCK-5CLEAR 1461358
1463528 IFUNLOCK-COLSPACE N2 -> IFUNLOCK-9COLSPACE 1463529
1479016 IFUNLOCK-CELLSPACE N1 -> IFUNLOCK-7CELLSPACE 1479017
1479112 IFUNLOCK-CLEAR H4 -> IFUNLOCK-5CLEAR 1479113
1479512 IFUNLOCK-ON H4 DA -> IFUNLOCK-1ON 1479513
1504797 ACHIEVE-HOME S2 -> M113-ACHIEVE-HOME 1504798
1505061 ACHIEVE-INCELL S3 -> M99-ACHIEVE-INCELL 1505062
1506600 IFUNLOCK-INCELL S3 -> IFUNLOCK-3INCELL 1506601
1508130 IFUNLOCK-HOME S2 -> IFUNLOCK-11HOME 1508131
1516020 ACHIEVE-CLEAR S4 -> M157-ACHIEVE-CLEAR 1516021
1526028 IFUNLOCK-CELLSPACE N3 -> IFUNLOCK-7CELLSPACE 1526029
1526036 IFUNLOCK-COLSPACE N0 -> IFUNLOCK-9COLSPACE 1526037
1526045 IFUNLOCK-CLEAR S4 -> IFUNLOCK-5CLEAR 1526046
1526065 ACHIEVE-CELLSPACE N2 -> M228-ACHIEVE-CELLSPACE 1526066
1536034 ACHIEVE-COLSPACE N1 -> M237-ACHIEVE-COLSPACE 1536035
1541262 IFUNLOCK-COLSPACE N1 -> IFUNLOCK-9COLSPACE 1541263
1546167 IFUNLOCK-CELLSPACE N2 -> IFUNLOCK-7CELLSPACE 1546168
1546201 ACHIEVE-COLSPACE N0 -> M237-ACHIEVE-COLSPACE 1546202
1550160 ACHIEVE-CELLSPACE N3 -> M228-ACHIEVE-CELLSPACE 1550161
1552094 ACHIEVE-CLEAR S4 -> M157-ACHIEVE-CLEAR 1552095
1553813 IFUNLOCK-CELLSPACE N3 -> IFUNLOCK-7CELLSPACE 1553814
1553819 IFUNLOCK-COLSPACE N0 -> IFUNLOCK-9COLSPACE 1553820
1553827 IFUNLOCK-CLEAR S4 -> IFUNLOCK-5CLEAR 1553828
1553858 IFUNLOCK-HOME S3 -> IFUNLOCK-11HOME 1553859
1557660 IFUNLOCK-CELLSPACE N2 -> IFUNLOCK-7CELLSPACE 1557661
1567811 IFUNLOCK-CLEAR DA -> IFUNLOCK-5CLEAR 1567812
1576436 IFUNLOCK-BOTTOMCOL DA -> IFUNLOCK-13BOTTOMCOL 1576437
1578667 IFUNLOCK-HOME D0 -> IFUNLOCK-11HOME 1578668
1602223 IFUNLOCK-CLEAR D2 -> IFUNLOCK-5CLEAR 1602224
1604472 IFUNLOCK-ON D2 C3 -> IFUNLOCK-1ON 1604473
1610125 IFUNLOCK-CLEAR D4 -> IFUNLOCK-5CLEAR 1610126
1610546 IFUNLOCK-ON D4 HA -> IFUNLOCK-1ON 1610547
1650095 IFUNLOCK-CLEAR C4 -> IFUNLOCK-5CLEAR 1650096
1655709 IFUNLOCK-BOTTOMCOL C4 -> IFUNLOCK-13BOTTOMCOL 1655710
1657641 IFUNLOCK-COLSPACE N0 -> IFUNLOCK-9COLSPACE 1657642
1662721 ACHIEVE-CLEAR D2 -> M157-ACHIEVE-CLEAR 1662722
1664750 ACHIEVE-INCELL CA -> M99-ACHIEVE-INCELL 1664751
1666519 IFUNLOCK-INCELL CA -> IFUNLOCK-3INCELL 1666520
1666526 IFUNLOCK-CLEAR D2 -> IFUNLOCK-5CLEAR 1666527
1668319 IFUNLOCK-INCELL C4 -> IFUNLOCK-3INCELL 1668320
1668565 IFUNLOCK-COLSPACE N1 -> IFUNLOCK-9COLSPACE 1668566
1679521 ACHIEVE-CLEAR H4 -> M157-ACHIEVE-CLEAR 1679522
1707484 IFUNLOCK-CELLSPACE N4 -> IFUNLOCK-7CELLSPACE 1707485
1707495 IFUNLOCK-COLSPACE N0 -> IFUNLOCK-9COLSPACE 1707496
1707500 IFUNLOCK-CLEAR H4 -> IFUNLOCK-5CLEAR 1707501
1707556 IFUNLOCK-CLEAR D4 -> IFUNLOCK-5CLEAR 1707557
1713323 IFUNLOCK-BOTTOMCOL D4 -> IFUNLOCK-13BOTTOMCOL 1713324
1715244 IFUNLOCK-COLSPACE N1 -> IFUNLOCK-9COLSPACE 1715245
1726697 IFUNLOCK-CLEAR C3 -> IFUNLOCK-5CLEAR 1726698
1727051 IFUNLOCK-ON C3 H3 -> IFUNLOCK-1ON 1727052
1758917 IFUNLOCK-CLEAR HA -> IFUNLOCK-5CLEAR 1758918
1760926 IFUNLOCK-BOTTOMCOL HA -> IFUNLOCK-13BOTTOMCOL 1760927
1762695 IFUNLOCK-HOME H0 -> IFUNLOCK-11HOME 1762696
1764509 IFUNLOCK-CLEAR H2 -> IFUNLOCK-5CLEAR 1764510
1764758 IFUNLOCK-BOTTOMCOL H2 -> IFUNLOCK-13BOTTOMCOL 1764759
1766275 IFUNLOCK-HOME HA -> IFUNLOCK-11HOME 1766276
1775699 IFUNLOCK-COLSPACE N4 -> IFUNLOCK-9COLSPACE 1775700
1791198 IFUNLOCK-CELLSPACE N1 -> IFUNLOCK-7CELLSPACE 1791199
1791294 IFUNLOCK-CLEAR H3 -> IFUNLOCK-5CLEAR 1791295
1791709 IFUNLOCK-BOTTOMCOL H3 -> IFUNLOCK-13BOTTOMCOL 1791710
1793298 IFUNLOCK-HOME H2 -> IFUNLOCK-11HOME 1793299
1816971 ACHIEVE-CELLSPACE N2 -> M228-ACHIEVE-CELLSPACE 1816972
1828158 ACHIEVE-CLEAR H4 -> M157-ACHIEVE-CLEAR 1828159
1838183 IFUNLOCK-CELLSPACE N2 -> IFUNLOCK-7CELLSPACE 1838184
1838187 IFUNLOCK-COLSPACE N4 -> IFUNLOCK-9COLSPACE 1838188
1838199 IFUNLOCK-CLEAR H4 -> IFUNLOCK-5CLEAR 1838200
1838217 IFUNLOCK-HOME H3 -> IFUNLOCK-11HOME 1838218
1848208 IFUNLOCK-CELLSPACE N1 -> IFUNLOCK-7CELLSPACE 1848209
1879964 IFUNLOCK-INCELL C3 -> IFUNLOCK-3INCELL 1879965
1888666 IFUNLOCK-COLSPACE N5 -> IFUNLOCK-9COLSPACE 1888667
1914497 IFUNLOCK-CLEAR C2 -> IFUNLOCK-5CLEAR 1914498
1916703 IFUNLOCK-ON C2 D3 -> IFUNLOCK-1ON 1916704
1922409 IFUNLOCK-CLEAR C3 -> IFUNLOCK-5CLEAR 1922410
1922777 IFUNLOCK-BOTTOMCOL C3 -> IFUNLOCK-13BOTTOMCOL 1922778
1924347 IFUNLOCK-COLSPACE N4 -> IFUNLOCK-9COLSPACE 1924348
1962362 ACHIEVE-CLEAR C4 -> M157-ACHIEVE-CLEAR 1962363
1969962 IFUNLOCK-CLEAR D3 -> IFUNLOCK-5CLEAR 1969963
1974981 IFUNLOCK-BOTTOMCOL D3 -> IFUNLOCK-13BOTTOMCOL 1974982
1974992 IFUNLOCK-CLEAR C4 -> IFUNLOCK-5CLEAR 1974993
1975008 IFUNLOCK-CLEAR CA -> IFUNLOCK-5CLEAR 1975009
1977036 IFUNLOCK-ON CA D2 -> IFUNLOCK-1ON 1977037
1980620 IFUNLOCK-CLEAR D3 -> IFUNLOCK-5CLEAR 1980621
1980857 IFUNLOCK-ON D3 C4 -> IFUNLOCK-1ON 1980858
1991789 IFUNLOCK-COLSPACE N4 -> IFUNLOCK-9COLSPACE 1991790
2019753 IFUNLOCK-CELLSPACE N1 -> IFUNLOCK-7CELLSPACE 2019754
2019831 IFUNLOCK-CLEAR D2 -> IFUNLOCK-5CLEAR 2019832
2025588 IFUNLOCK-BOTTOMCOL D2 -> IFUNLOCK-13BOTTOMCOL 2025589
2027541 IFUNLOCK-HOME DA -> IFUNLOCK-11HOME 2027542
2038996 IFUNLOCK-CLEAR CA -> IFUNLOCK-5CLEAR 2038997
2039363 IFUNLOCK-BOTTOMCOL CA -> IFUNLOCK-13BOTTOMCOL 2039364
2040922 IFUNLOCK-HOME C0 -> IFUNLOCK-11HOME 2040923
2071250 ACHIEVE-HOME CA -> M113-ACHIEVE-HOME 2071251
2073284 ACHIEVE-INCELL C2 -> M99-ACHIEVE-INCELL 2073285
2075047 IFUNLOCK-INCELL C2 -> IFUNLOCK-3INCELL 2075048
2075062 IFUNLOCK-HOME CA -> IFUNLOCK-11HOME 2075063
2076854 ACHIEVE-CLEAR D4 -> M157-ACHIEVE-CLEAR 2076855
2077100 ACHIEVE-INCELL C3 -> M99-ACHIEVE-INCELL 2077101
2078640 IFUNLOCK-INCELL C3 -> IFUNLOCK-3INCELL 2078641
2080167 IFUNLOCK-CLEAR D4 -> IFUNLOCK-5CLEAR 2080168
2088049 ACHIEVE-HOME C2 -> M113-ACHIEVE-HOME 2088050
2090041 ACHIEVE-CLEAR C3 -> M157-ACHIEVE-CLEAR 2090042
2091743 IFUNLOCK-HOME C2 -> IFUNLOCK-11HOME 2091744
2091752 IFUNLOCK-CLEAR C3 -> IFUNLOCK-5CLEAR 2091753
2103547 IFUNLOCK-CELLSPACE N4 -> IFUNLOCK-7CELLSPACE 2103548
2103558 IFUNLOCK-COLSPACE N5 -> IFUNLOCK-9COLSPACE 2103559
2103563 IFUNLOCK-CLEAR D4 -> IFUNLOCK-5CLEAR 2103564
2103646 ACHIEVE-CELLSPACE N3 -> M228-ACHIEVE-CELLSPACE 2103647
2129349 IFUNLOCK-CLEAR D3 -> IFUNLOCK-5CLEAR 2129350
2129596 IFUNLOCK-BOTTOMCOL D3 -> IFUNLOCK-13BOTTOMCOL 2129597
2131129 IFUNLOCK-HOME D2 -> IFUNLOCK-11HOME 2131130
2140537 IFUNLOCK-COLSPACE N7 -> IFUNLOCK-9COLSPACE 2140538
2150561 IFUNLOCK-CELLSPACE N3 -> IFUNLOCK-7CELLSPACE 2150562
2150611 ACHIEVE-COLSPACE N6 -> M237-ACHIEVE-COLSPACE 2150612
2160588 ACHIEVE-CELLSPACE N4 -> M228-ACHIEVE-CELLSPACE 2160589
2165811 ACHIEVE-CLEAR D4 -> M157-ACHIEVE-CLEAR 2165812
2170716 IFUNLOCK-CELLSPACE N4 -> IFUNLOCK-7CELLSPACE 2170717
2170724 IFUNLOCK-COLSPACE N6 -> IFUNLOCK-9COLSPACE 2170725
2170729 IFUNLOCK-CLEAR D4 -> IFUNLOCK-5CLEAR 2170730
2170742 IFUNLOCK-HOME D3 -> IFUNLOCK-11HOME 2170743
2174705 IFUNLOCK-CELLSPACE N3 -> IFUNLOCK-7CELLSPACE 2174706
2192383 ACHIEVE-COLSPACE N7 -> M237-ACHIEVE-COLSPACE 2192384
2274719 ACHIEVE-CELLSPACE N4 -> M228-ACHIEVE-CELLSPACE 2274720
2304151 ACHIEVE-CLEAR C4 -> M157-ACHIEVE-CLEAR 2304152
2332110 IFUNLOCK-CELLSPACE N4 -> IFUNLOCK-7CELLSPACE 2332111
2332120 IFUNLOCK-COLSPACE N7 -> IFUNLOCK-9COLSPACE 2332121
2332123 IFUNLOCK-CLEAR C4 -> IFUNLOCK-5CLEAR 2332124
2332208 ACHIEVE-CELLSPACE N3 -> M228-ACHIEVE-CELLSPACE 2332209
2383569 ACHIEVE-COLSPACE N8 -> M237-ACHIEVE-COLSPACE 2383570
2400383 IFUNLOCK-COLSPACE N8 -> IFUNLOCK-9COLSPACE 2400384
2415879 IFUNLOCK-CELLSPACE N3 -> IFUNLOCK-7CELLSPACE 2415880
2415950 ACHIEVE-COLSPACE N7 -> M237-ACHIEVE-COLSPACE 2415951
2441675 ACHIEVE-CELLSPACE N4 -> M228-ACHIEVE-CELLSPACE 2441676
2452886 ACHIEVE-CLEAR C4 -> M157-ACHIEVE-CLEAR 2452887
2462901 IFUNLOCK-CELLSPACE N4 -> IFUNLOCK-7CELLSPACE 2462902
2462914 IFUNLOCK-COLSPACE N7 -> IFUNLOCK-9COLSPACE 2462915
2462917 IFUNLOCK-CLEAR C4 -> IFUNLOCK-5CLEAR 2462918
2462953 ACHIEVE-CELLSPACE N3 -> M228-ACHIEVE-CELLSPACE 2462954
2472927 ACHIEVE-COLSPACE N8 -> M237-ACHIEVE-COLSPACE 2472928
2478148 IFUNLOCK-COLSPACE N8 -> IFUNLOCK-9COLSPACE 2478149
2483053 IFUNLOCK-CELLSPACE N3 -> IFUNLOCK-7CELLSPACE 2483054
2483095 ACHIEVE-COLSPACE N7 -> M237-ACHIEVE-COLSPACE 2483096
2487049 ACHIEVE-CELLSPACE N4 -> M228-ACHIEVE-CELLSPACE 2487050
2488970 ACHIEVE-CLEAR C4 -> M157-ACHIEVE-CLEAR 2488971
2490696 IFUNLOCK-CELLSPACE N4 -> IFUNLOCK-7CELLSPACE 2490697
2490702 IFUNLOCK-COLSPACE N7 -> IFUNLOCK-9COLSPACE 2490703
2490713 IFUNLOCK-CLEAR C4 -> IFUNLOCK-5CLEAR 2490714
2490740 IFUNLOCK-HOME C3 -> IFUNLOCK-11HOME 2490741
2494542 IFUNLOCK-CELLSPACE N3 -> IFUNLOCK-7CELLSPACE 2494543
<==
1015.665 End of solution plan. (counted length of 261)
1015.665 Total amount of clauses encoded: 23672770
1015.665 - reductionconstraints : 9444725 cls
1015.665 - directframeaxioms : 6879442 cls
1015.665 - qfactsemantics : 2932063 cls
1015.665 - indirectframeaxioms : 2087074 cls
1015.665 - substitutionconstraints : 930235 cls
1015.665 - atmostoneelement : 846252 cls
1015.665 - qconstequality : 213350 cls
1015.665 - expansions : 153274 cls
1015.665 - predecessors : 90578 cls
1015.665 - actionconstraints : 61767 cls
1015.665 - actioneffects : 32524 cls
1015.665 - truefacts : 1484 cls
1015.665 - axiomaticops : 2 cls
1015.665 # instantiated positions: 4516
1015.665 # instantiated actions: 40453
1015.665 # instantiated reductions: 50126
1015.665 # introduced pseudo-constants: 14890
1015.665 # retroactive prunings: 5
1015.665 # retroactively pruned operations: 5
1015.665 # dominated operations: 5785
1015.665 # total invalid rigid preconditions found in getPFC: 2816
1015.665 # invalid rigid preconditions found in getPFC: 2
1015.665 # invalid rigid preconditions found in getPFC in varrestrictions: 2814
1015.665 # total invalid fluent preconditions found in getPFC: 2684
1015.665 # invalid fluent preconditions found in getPFC: 2681
1015.665 # invalid fluent preconditions found in getPFC in varrestrictions: 3
1015.665 # invalid fluent preconditions found in getPFC via postconditions: 0
1015.665 # invalid subtasks found in getPFC: 5
1015.665 # number effects in operation fact_frames: 14255
1015.665 # number of variables restricted: 2086577
1015.665 # number of nodes variables restricted: 791651
1015.665 Exiting happily.

RUNWATCH_RESULT EXIT RETVAL 0 TIME_SECS 1016.04 MEMPEAK_KBS 5494536
