    _           _         _
   \ |         \ |       | |                       
   | |     __  | |      _| |______                
   | |     \/  | |     /_   ______\                
   | |      _  | |   __  | |  ___   ___   ___       
   | |___  | | | |  / .\ | | / , | |   \ / ·_\    
   \_____\ |_| |__\ \__/ |_| \___) |_|_| \___\  
[39mL i l o t a n e  version rls-glucose4
by Dominik Schreiber <dominik.schreiber@kit.edu> 2020-2021
using SAT solver glucose4

0.005 Parser finished.
0.005 Structures extracted.
0.005 11 operators and 14 methods created.
0.018 Mined 13 new reduction preconditions (+108.3%).
0.018 Iteration 0.
0.018 Creating initial layer of size 2
0.020 Attempting to solve formula with 63 clauses (93 literals) and 1 assumptions
0.020 Unsolvable at layer 0 -- expanding.
0.020 Iteration 1.
0.020 New layer size: 2
0.020 Instantiating ...
0.232 Collected 30 relevant facts at this layer
0.232 Encoding ...
0.232 Attempting to solve formula with 135 clauses (299 literals) and 1 assumptions
0.232 Unsolvable at layer 1 -- expanding.
0.232 Iteration 2.
0.232 New layer size: 3
0.232 Instantiating ...
0.938 Collected 52 relevant facts at this layer
0.938 Encoding ...
0.939 Attempting to solve formula with 1853 clauses (4397 literals) and 1 assumptions
0.939 Unsolvable at layer 2 -- expanding.
0.939 Iteration 3.
0.939 New layer size: 4
0.939 Instantiating ...
2.741 Collected 111 relevant facts at this layer
2.741 Encoding ...
2.743 Attempting to solve formula with 4874 clauses (11868 literals) and 1 assumptions
2.743 Unsolvable at layer 3 -- expanding.
2.743 Iteration 4.
2.743 New layer size: 5
2.743 Instantiating ...
4.447 Collected 111 relevant facts at this layer
4.447 Encoding ...
4.450 Attempting to solve formula with 8733 clauses (21714 literals) and 1 assumptions
4.450 Unsolvable at layer 4 -- expanding.
4.450 Iteration 5.
4.450 New layer size: 6
4.450 Instantiating ...
6.156 Collected 111 relevant facts at this layer
6.156 Encoding ...
6.160 Attempting to solve formula with 12724 clauses (32132 literals) and 1 assumptions
6.160 Unsolvable at layer 5 -- expanding.
6.160 Iteration 6.
6.160 New layer size: 7
6.160 Instantiating ...
7.870 Collected 111 relevant facts at this layer
7.870 Encoding ...
7.875 Attempting to solve formula with 16735 clauses (42590 literals) and 1 assumptions
7.875 Unsolvable at layer 6 -- expanding.
7.875 Iteration 7.
7.875 New layer size: 8
7.875 Instantiating ...
9.585 Collected 111 relevant facts at this layer
9.585 Encoding ...
9.590 Attempting to solve formula with 20766 clauses (53088 literals) and 1 assumptions
9.590 Unsolvable at layer 7 -- expanding.
9.590 Iteration 8.
9.590 New layer size: 9
9.590 Instantiating ...
11.306 Collected 111 relevant facts at this layer
11.306 Encoding ...
11.312 Attempting to solve formula with 24817 clauses (63626 literals) and 1 assumptions
11.313 Unsolvable at layer 8 -- expanding.
11.313 Iteration 9.
11.313 New layer size: 10
11.313 Instantiating ...
13.023 Collected 111 relevant facts at this layer
13.023 Encoding ...
13.029 Attempting to solve formula with 28888 clauses (74204 literals) and 1 assumptions
13.030 Unsolvable at layer 9 -- expanding.
13.030 Iteration 10.
13.030 New layer size: 11
13.030 Instantiating ...
14.741 Collected 111 relevant facts at this layer
14.741 Encoding ...
14.747 Attempting to solve formula with 32979 clauses (84822 literals) and 1 assumptions
14.748 Unsolvable at layer 10 -- expanding.
14.748 Iteration 11.
14.748 New layer size: 12
14.748 Instantiating ...
16.459 Collected 111 relevant facts at this layer
16.459 Encoding ...
16.467 Attempting to solve formula with 37090 clauses (95480 literals) and 1 assumptions
16.470 Unsolvable at layer 11 -- expanding.
16.470 Iteration 12.
16.470 New layer size: 13
16.470 Instantiating ...
18.180 Collected 111 relevant facts at this layer
18.180 Encoding ...
18.186 Attempting to solve formula with 41221 clauses (106178 literals) and 1 assumptions
18.190 Unsolvable at layer 12 -- expanding.
18.190 Iteration 13.
18.190 New layer size: 14
18.190 Instantiating ...
19.905 Collected 111 relevant facts at this layer
19.905 Encoding ...
19.912 Attempting to solve formula with 45372 clauses (116916 literals) and 1 assumptions
19.920 Unsolvable at layer 13 -- expanding.
19.920 Iteration 14.
19.920 New layer size: 15
19.920 Instantiating ...
21.645 Collected 111 relevant facts at this layer
21.645 Encoding ...
21.655 Attempting to solve formula with 49543 clauses (127694 literals) and 1 assumptions
21.673 Unsolvable at layer 14 -- expanding.
21.673 Iteration 15.
21.673 New layer size: 16
21.673 Instantiating ...
23.396 Collected 111 relevant facts at this layer
23.396 Encoding ...
23.405 Attempting to solve formula with 53734 clauses (138512 literals) and 1 assumptions
23.445 Unsolvable at layer 15 -- expanding.
23.445 Iteration 16.
23.445 New layer size: 17
23.445 Instantiating ...
25.169 Collected 111 relevant facts at this layer
25.169 Encoding ...
25.177 Attempting to solve formula with 57945 clauses (149370 literals) and 1 assumptions
25.243 Unsolvable at layer 16 -- expanding.
25.243 Iteration 17.
25.243 New layer size: 18
25.243 Instantiating ...
26.966 Collected 111 relevant facts at this layer
26.966 Encoding ...
26.979 Attempting to solve formula with 62176 clauses (160268 literals) and 1 assumptions
27.196 Unsolvable at layer 17 -- expanding.
27.196 Iteration 18.
27.196 New layer size: 19
27.196 Instantiating ...
28.915 Collected 111 relevant facts at this layer
28.915 Encoding ...
28.924 Attempting to solve formula with 66427 clauses (171206 literals) and 1 assumptions
29.529 Unsolvable at layer 18 -- expanding.
29.529 Iteration 19.
29.529 New layer size: 20
29.529 Instantiating ...
31.250 Collected 111 relevant facts at this layer
31.250 Encoding ...
31.259 Attempting to solve formula with 70698 clauses (182184 literals) and 1 assumptions
32.627 Unsolvable at layer 19 -- expanding.
32.627 Iteration 20.
32.627 New layer size: 21
32.627 Instantiating ...
34.349 Collected 111 relevant facts at this layer
34.349 Encoding ...
34.364 Attempting to solve formula with 74989 clauses (193202 literals) and 1 assumptions
c
c Try to adapt solver strategies
c 
c Nothing extreme in this problem, continue with glucose default strategies.
c
37.319 Unsolvable at layer 20 -- expanding.
37.319 Iteration 21.
37.319 New layer size: 22
37.319 Instantiating ...
39.043 Collected 111 relevant facts at this layer
39.043 Encoding ...
39.052 Attempting to solve formula with 79300 clauses (204260 literals) and 1 assumptions
47.025 Unsolvable at layer 21 -- expanding.
47.025 Iteration 22.
47.025 New layer size: 23
47.025 Instantiating ...
48.751 Collected 111 relevant facts at this layer
48.751 Encoding ...
48.761 Attempting to solve formula with 83631 clauses (215358 literals) and 1 assumptions
74.568 Unsolvable at layer 22 -- expanding.
74.568 Iteration 23.
74.568 New layer size: 24
74.568 Instantiating ...
76.311 Collected 111 relevant facts at this layer
76.311 Encoding ...
76.322 Attempting to solve formula with 87982 clauses (226496 literals) and 1 assumptions
161.169 Unsolvable at layer 23 -- expanding.
161.169 Iteration 24.
161.169 New layer size: 25
161.169 Instantiating ...
162.902 Collected 111 relevant facts at this layer
162.902 Encoding ...
162.913 Attempting to solve formula with 92353 clauses (237674 literals) and 1 assumptions
493.530 Unsolvable at layer 24 -- expanding.
493.530 Iteration 25.
493.530 New layer size: 26
493.530 Instantiating ...
495.268 Collected 111 relevant facts at this layer
495.268 Encoding ...
495.280 Attempting to solve formula with 96744 clauses (248892 literals) and 1 assumptions
1741.793 Unsolvable at layer 25 -- expanding.
1741.793 Iteration 26.
1741.793 New layer size: 27
1741.793 Instantiating ...
1743.528 Collected 111 relevant facts at this layer
1743.528 Encoding ...
1743.541 Attempting to solve formula with 101155 clauses (260150 literals) and 1 assumptions
1800.267 Termination signal caught.
1800.267 Total amount of clauses encoded: 101155
1800.267 - actionconstraints : 33409 cls
1800.267 - reductionconstraints : 27564 cls
1800.267 - directframeaxioms : 10808 cls
1800.267 - qfactsemantics : 9523 cls
1800.267 - indirectframeaxioms : 6397 cls
1800.267 - substitutionconstraints : 4478 cls
1800.267 - atmostoneelement : 3783 cls
1800.267 - expansions : 1863 cls
1800.267 - predecessors : 1801 cls
1800.267 - qconstequality : 1200 cls
1800.267 - actioneffects : 216 cls
1800.267 - truefacts : 111 cls
1800.267 - axiomaticops : 2 cls
1800.267 # instantiated positions: 378
1800.267 # instantiated actions: 1626
1800.267 # instantiated reductions: 176
1800.267 # introduced pseudo-constants: 150
1800.267 # retroactive prunings: 1
1800.267 # retroactively pruned operations: 1
1800.267 # dominated operations: 0
1800.267 # total invalid rigid preconditions found in getPFC: 0
1800.267 # invalid rigid preconditions found in getPFC: 0
1800.267 # invalid rigid preconditions found in getPFC in varrestrictions: 0
1800.267 # total invalid fluent preconditions found in getPFC: 7
1800.267 # invalid fluent preconditions found in getPFC: 7
1800.267 # invalid fluent preconditions found in getPFC in varrestrictions: 0
1800.267 # invalid fluent preconditions found in getPFC via postconditions: 0
1800.267 # invalid subtasks found in getPFC: 1
1800.267 # number effects in operation fact_frames: 110
1800.267 # number of variables restricted: 61765
1800.267 # number of nodes variables restricted: 27395
1800.267 Exiting happily.

RUNWATCH_RESULT TIMEOUT RETVAL 0 TIME_SECS 1800.28 MEMPEAK_KBS 189952
